[INFO] Scanning for projects...
[WARNING] 
[WARNING] Some problems were encountered while building the effective model for com.google.code.gson:gson:jar:2.8.1-SNAPSHOT
[WARNING] 'build.plugins.plugin.version' for org.apache.maven.plugins:maven-jar-plugin is missing. @ com.google.code.gson:gson:[unknown-version], /tmp/icst-2019/september-2018/dataset/gson_parent/gson/pom.xml, line 46, column 15
[WARNING] 
[WARNING] It is highly recommended to fix these problems because they threaten the stability of your build.
[WARNING] 
[WARNING] For this reason, future Maven versions might no longer support building such malformed projects.
[WARNING] 
[INFO] 
[INFO] ---------------------< com.google.code.gson:gson >----------------------
[INFO] Building Gson 2.8.1-SNAPSHOT
[INFO] --------------------------------[ jar ]---------------------------------
[INFO] 
[INFO] --- dspot-maven:1.1.1-SNAPSHOT:amplify-unit-tests (default-cli) @ gson ---
Downloading from stamp-maven-repository-mvn-repo: https://stamp-project.github.io/stamp-maven-repository/eu/stamp-project/dspot/1.1.1-SNAPSHOT/maven-metadata.xml
Downloading from stamp-maven-repository-mvn-repo: https://stamp-project.github.io/stamp-maven-repository/fr/inria/gforge/spoon/spoon-core/7.1.0-SNAPSHOT/maven-metadata.xml
Downloading from stamp-maven-repository-mvn-repo: https://stamp-project.github.io/stamp-maven-repository/org/eclipse/platform/org.eclipse.core.resources/maven-metadata.xml
Downloading from stamp-maven-repository-mvn-repo: https://stamp-project.github.io/stamp-maven-repository/org/eclipse/platform/org.eclipse.core.expressions/maven-metadata.xml
Downloading from stamp-maven-repository-mvn-repo: https://stamp-project.github.io/stamp-maven-repository/org/eclipse/platform/org.eclipse.core.runtime/maven-metadata.xml
Downloading from stamp-maven-repository-mvn-repo: https://stamp-project.github.io/stamp-maven-repository/org/eclipse/platform/org.eclipse.osgi/maven-metadata.xml
Downloading from stamp-maven-repository-mvn-repo: https://stamp-project.github.io/stamp-maven-repository/org/eclipse/platform/org.eclipse.equinox.common/maven-metadata.xml
Downloading from stamp-maven-repository-mvn-repo: https://stamp-project.github.io/stamp-maven-repository/org/eclipse/platform/org.eclipse.core.jobs/maven-metadata.xml
Downloading from stamp-maven-repository-mvn-repo: https://stamp-project.github.io/stamp-maven-repository/org/eclipse/platform/org.eclipse.equinox.registry/maven-metadata.xml
Downloading from stamp-maven-repository-mvn-repo: https://stamp-project.github.io/stamp-maven-repository/org/eclipse/platform/org.eclipse.equinox.preferences/maven-metadata.xml
Downloading from stamp-maven-repository-mvn-repo: https://stamp-project.github.io/stamp-maven-repository/org/eclipse/platform/org.eclipse.core.contenttype/maven-metadata.xml
Downloading from stamp-maven-repository-mvn-repo: https://stamp-project.github.io/stamp-maven-repository/org/eclipse/platform/org.eclipse.equinox.app/maven-metadata.xml
Downloading from stamp-maven-repository-mvn-repo: https://stamp-project.github.io/stamp-maven-repository/org/eclipse/platform/org.eclipse.core.filesystem/maven-metadata.xml
Downloading from stamp-maven-repository-mvn-repo: https://stamp-project.github.io/stamp-maven-repository/org/eclipse/platform/org.eclipse.text/maven-metadata.xml
Downloading from stamp-maven-repository-mvn-repo: https://stamp-project.github.io/stamp-maven-repository/org/eclipse/platform/org.eclipse.core.commands/maven-metadata.xml
[INFO] Path to runner Classes: /home/spirals/danglot/.m2/repository/eu/stamp-project/test-runner/1.1.0/test-runner-1.1.0-jar-with-dependencies.jar
[INFO] /home/spirals/danglot/.m2/repository/org/jacoco/org.jacoco.core/0.7.9/org.jacoco.core-0.7.9.jar
[INFO] /home/spirals/danglot/.m2/repository/org/ow2/asm/asm-debug-all/5.2/asm-debug-all-5.2.jar
[INFO] /home/spirals/danglot/.m2/repository/eu/stamp-project/test-runner/1.1.0/test-runner-1.1.0-jar-with-dependencies.jar
[WARNING] automaticBuilderName: unknown automatic builder specified in configuration, going to default.
[INFO] Default: provided Maven automatic builder.
[INFO] run maven clean test -DskipTests dependency:build-classpath -Dmdep.outputFile=target/dspot/classpath
[WARN] Maven will be executed in interactive mode, but no input stream has been configured for this MavenInvoker instance.
[INFO] Scanning for projects...
[WARNING] 
[WARNING] Some problems were encountered while building the effective model for com.google.code.gson:gson:jar:2.8.1-SNAPSHOT
[WARNING] 'build.plugins.plugin.version' for org.apache.maven.plugins:maven-jar-plugin is missing. @ com.google.code.gson:gson:[unknown-version], /tmp/icst-2019/september-2018/dataset/gson_parent/gson/pom.xml, line 46, column 15
[WARNING] 
[WARNING] It is highly recommended to fix these problems because they threaten the stability of your build.
[WARNING] 
[WARNING] For this reason, future Maven versions might no longer support building such malformed projects.
[WARNING] 
[INFO] 
[INFO] ---------------------< com.google.code.gson:gson >----------------------
[INFO] Building Gson 2.8.1-SNAPSHOT
[INFO] --------------------------------[ jar ]---------------------------------
[INFO] 
[INFO] --- maven-clean-plugin:2.5:clean (default-clean) @ gson ---
[INFO] 
[INFO] --- maven-enforcer-plugin:1.0:enforce (enforce-maven) @ gson ---
[INFO] Skipping Rule Enforcement.
[INFO] 
[INFO] --- maven-resources-plugin:2.6:resources (default-resources) @ gson ---
[INFO] Using 'UTF-8' encoding to copy filtered resources.
[INFO] skip non existing resourceDirectory /tmp/icst-2019/september-2018/dataset/gson_parent/gson/src/main/resources
[INFO] 
[INFO] --- maven-compiler-plugin:3.0:compile (default-compile) @ gson ---
[INFO] Changes detected - recompiling the module!
[INFO] Compiling 67 source files to /tmp/icst-2019/september-2018/dataset/gson_parent/gson/target/classes
[INFO] 
[INFO] --- bnd-maven-plugin:3.1.0:bnd-process (default) @ gson ---
[WARNING] Export com.google.gson,  has 1,  private references [com.google.gson.internal], 
[INFO] 
[INFO] --- maven-resources-plugin:2.6:testResources (default-testResources) @ gson ---
[INFO] Using 'UTF-8' encoding to copy filtered resources.
[INFO] skip non existing resourceDirectory /tmp/icst-2019/september-2018/dataset/gson_parent/gson/src/test/resources
[INFO] 
[INFO] --- maven-compiler-plugin:3.0:testCompile (default-testCompile) @ gson ---
[INFO] Changes detected - recompiling the module!
[INFO] Compiling 96 source files to /tmp/icst-2019/september-2018/dataset/gson_parent/gson/target/test-classes
[WARNING] /tmp/icst-2019/september-2018/dataset/gson_parent/gson/src/test/java/com/google/gson/stream/JsonReaderPathTest.java: Some input files use or override a deprecated API.
[WARNING] /tmp/icst-2019/september-2018/dataset/gson_parent/gson/src/test/java/com/google/gson/stream/JsonReaderPathTest.java: Recompile with -Xlint:deprecation for details.
[INFO] 
[INFO] --- maven-surefire-plugin:2.12.4:test (default-test) @ gson ---
[INFO] Tests are skipped.
[INFO] 
[INFO] --- maven-dependency-plugin:2.8:build-classpath (default-cli) @ gson ---
[INFO] Wrote classpath file '/tmp/icst-2019/september-2018/dataset/gson_parent/gson/target/dspot/classpath'.
[INFO] ------------------------------------------------------------------------
[INFO] BUILD SUCCESS
[INFO] ------------------------------------------------------------------------
[INFO] Total time: 6.624 s
[INFO] Finished at: 2018-09-23T13:33:29+02:00
[INFO] ------------------------------------------------------------------------
[ERROR] 2018-09-23 13:33:32 JDTCommentBuilder - // Note that the above example is taken from AdaptAnnotationTest. is not added into the AST
spoon.reflect.declaration.ParentNotInitializedException: parent not initialized for class spoon.support.reflect.code.CtCommentImpl (/tmp/icst-2019/september-2018/dataset/gson_parent/gson/src/main/java/com/google/gson/annotations/JsonAdapter.java:93)
	at spoon.support.reflect.declaration.CtElementImpl.getParent(CtElementImpl.java:384)
	at spoon.support.compiler.jdt.JDTCommentBuilder.insertCommentInAST(JDTCommentBuilder.java:484)
	at spoon.support.compiler.jdt.JDTCommentBuilder.buildComment(JDTCommentBuilder.java:156)
	at spoon.support.compiler.jdt.JDTCommentBuilder.build(JDTCommentBuilder.java:112)
	at spoon.support.compiler.jdt.JDTBasedSpoonCompiler.buildModel(JDTBasedSpoonCompiler.java:477)
	at spoon.support.compiler.jdt.JDTBasedSpoonCompiler.buildUnitsAndModel(JDTBasedSpoonCompiler.java:390)
	at spoon.support.compiler.jdt.JDTBasedSpoonCompiler.buildSources(JDTBasedSpoonCompiler.java:339)
	at spoon.support.compiler.jdt.JDTBasedSpoonCompiler.build(JDTBasedSpoonCompiler.java:122)
	at spoon.support.compiler.jdt.JDTBasedSpoonCompiler.build(JDTBasedSpoonCompiler.java:105)
	at spoon.Launcher.buildModel(Launcher.java:768)
	at eu.stamp_project.utils.compilation.DSpotCompiler.getSpoonModelOf(DSpotCompiler.java:102)
	at eu.stamp_project.utils.compilation.DSpotCompiler.createDSpotCompiler(DSpotCompiler.java:35)
	at eu.stamp_project.dspot.DSpot.<init>(DSpot.java:89)
	at eu.stamp_project.Main.run(Main.java:49)
	at eu.stamp_project.DSpotMojo.execute(DSpotMojo.java:263)
	at org.apache.maven.plugin.DefaultBuildPluginManager.executeMojo(DefaultBuildPluginManager.java:137)
	at org.apache.maven.lifecycle.internal.MojoExecutor.execute(MojoExecutor.java:208)
	at org.apache.maven.lifecycle.internal.MojoExecutor.execute(MojoExecutor.java:154)
	at org.apache.maven.lifecycle.internal.MojoExecutor.execute(MojoExecutor.java:146)
	at org.apache.maven.lifecycle.internal.LifecycleModuleBuilder.buildProject(LifecycleModuleBuilder.java:117)
	at org.apache.maven.lifecycle.internal.LifecycleModuleBuilder.buildProject(LifecycleModuleBuilder.java:81)
	at org.apache.maven.lifecycle.internal.builder.singlethreaded.SingleThreadedBuilder.build(SingleThreadedBuilder.java:56)
	at org.apache.maven.lifecycle.internal.LifecycleStarter.execute(LifecycleStarter.java:128)
	at org.apache.maven.DefaultMaven.doExecute(DefaultMaven.java:305)
	at org.apache.maven.DefaultMaven.doExecute(DefaultMaven.java:192)
	at org.apache.maven.DefaultMaven.execute(DefaultMaven.java:105)
	at org.apache.maven.cli.MavenCli.execute(MavenCli.java:954)
	at org.apache.maven.cli.MavenCli.doMain(MavenCli.java:288)
	at org.apache.maven.cli.MavenCli.main(MavenCli.java:192)
	at sun.reflect.NativeMethodAccessorImpl.invoke0(Native Method)
	at sun.reflect.NativeMethodAccessorImpl.invoke(NativeMethodAccessorImpl.java:62)
	at sun.reflect.DelegatingMethodAccessorImpl.invoke(DelegatingMethodAccessorImpl.java:43)
	at java.lang.reflect.Method.invoke(Method.java:498)
	at org.codehaus.plexus.classworlds.launcher.Launcher.launchEnhanced(Launcher.java:289)
	at org.codehaus.plexus.classworlds.launcher.Launcher.launch(Launcher.java:229)
	at org.codehaus.plexus.classworlds.launcher.Launcher.mainWithExitCode(Launcher.java:415)
	at org.codehaus.plexus.classworlds.launcher.Launcher.main(Launcher.java:356)
[ERROR] 2018-09-23 13:33:33 JDTCommentBuilder - // Field tag only annotation is not added into the AST
spoon.reflect.declaration.ParentNotInitializedException: parent not initialized for class spoon.support.reflect.code.CtCommentImpl (/tmp/icst-2019/september-2018/dataset/gson_parent/gson/src/test/java/com/google/gson/functional/ExclusionStrategyFunctionalTest.java:167)
	at spoon.support.reflect.declaration.CtElementImpl.getParent(CtElementImpl.java:384)
	at spoon.support.compiler.jdt.JDTCommentBuilder.insertCommentInAST(JDTCommentBuilder.java:484)
	at spoon.support.compiler.jdt.JDTCommentBuilder.buildComment(JDTCommentBuilder.java:156)
	at spoon.support.compiler.jdt.JDTCommentBuilder.build(JDTCommentBuilder.java:112)
	at spoon.support.compiler.jdt.JDTBasedSpoonCompiler.buildModel(JDTBasedSpoonCompiler.java:477)
	at spoon.support.compiler.jdt.JDTBasedSpoonCompiler.buildUnitsAndModel(JDTBasedSpoonCompiler.java:390)
	at spoon.support.compiler.jdt.JDTBasedSpoonCompiler.buildSources(JDTBasedSpoonCompiler.java:339)
	at spoon.support.compiler.jdt.JDTBasedSpoonCompiler.build(JDTBasedSpoonCompiler.java:122)
	at spoon.support.compiler.jdt.JDTBasedSpoonCompiler.build(JDTBasedSpoonCompiler.java:105)
	at spoon.Launcher.buildModel(Launcher.java:768)
	at eu.stamp_project.utils.compilation.DSpotCompiler.getSpoonModelOf(DSpotCompiler.java:102)
	at eu.stamp_project.utils.compilation.DSpotCompiler.createDSpotCompiler(DSpotCompiler.java:35)
	at eu.stamp_project.dspot.DSpot.<init>(DSpot.java:89)
	at eu.stamp_project.Main.run(Main.java:49)
	at eu.stamp_project.DSpotMojo.execute(DSpotMojo.java:263)
	at org.apache.maven.plugin.DefaultBuildPluginManager.executeMojo(DefaultBuildPluginManager.java:137)
	at org.apache.maven.lifecycle.internal.MojoExecutor.execute(MojoExecutor.java:208)
	at org.apache.maven.lifecycle.internal.MojoExecutor.execute(MojoExecutor.java:154)
	at org.apache.maven.lifecycle.internal.MojoExecutor.execute(MojoExecutor.java:146)
	at org.apache.maven.lifecycle.internal.LifecycleModuleBuilder.buildProject(LifecycleModuleBuilder.java:117)
	at org.apache.maven.lifecycle.internal.LifecycleModuleBuilder.buildProject(LifecycleModuleBuilder.java:81)
	at org.apache.maven.lifecycle.internal.builder.singlethreaded.SingleThreadedBuilder.build(SingleThreadedBuilder.java:56)
	at org.apache.maven.lifecycle.internal.LifecycleStarter.execute(LifecycleStarter.java:128)
	at org.apache.maven.DefaultMaven.doExecute(DefaultMaven.java:305)
	at org.apache.maven.DefaultMaven.doExecute(DefaultMaven.java:192)
	at org.apache.maven.DefaultMaven.execute(DefaultMaven.java:105)
	at org.apache.maven.cli.MavenCli.execute(MavenCli.java:954)
	at org.apache.maven.cli.MavenCli.doMain(MavenCli.java:288)
	at org.apache.maven.cli.MavenCli.main(MavenCli.java:192)
	at sun.reflect.NativeMethodAccessorImpl.invoke0(Native Method)
	at sun.reflect.NativeMethodAccessorImpl.invoke(NativeMethodAccessorImpl.java:62)
	at sun.reflect.DelegatingMethodAccessorImpl.invoke(DelegatingMethodAccessorImpl.java:43)
	at java.lang.reflect.Method.invoke(Method.java:498)
	at org.codehaus.plexus.classworlds.launcher.Launcher.launchEnhanced(Launcher.java:289)
	at org.codehaus.plexus.classworlds.launcher.Launcher.launch(Launcher.java:229)
	at org.codehaus.plexus.classworlds.launcher.Launcher.mainWithExitCode(Launcher.java:415)
	at org.codehaus.plexus.classworlds.launcher.Launcher.main(Launcher.java:356)
[INFO] run maven clean test -DskipTests dependency:build-classpath -Dmdep.outputFile=target/dspot/classpath
[WARN] Maven will be executed in interactive mode, but no input stream has been configured for this MavenInvoker instance.
[INFO] Scanning for projects...
[WARNING] 
[WARNING] Some problems were encountered while building the effective model for com.google.code.gson:gson:jar:2.8.1-SNAPSHOT
[WARNING] 'build.plugins.plugin.version' for org.apache.maven.plugins:maven-jar-plugin is missing. @ com.google.code.gson:gson:[unknown-version], /tmp/icst-2019/september-2018/dataset/gson/gson/pom.xml, line 46, column 15
[WARNING] 
[WARNING] It is highly recommended to fix these problems because they threaten the stability of your build.
[WARNING] 
[WARNING] For this reason, future Maven versions might no longer support building such malformed projects.
[WARNING] 
[INFO] 
[INFO] ---------------------< com.google.code.gson:gson >----------------------
[INFO] Building Gson 2.8.1-SNAPSHOT
[INFO] --------------------------------[ jar ]---------------------------------
[INFO] 
[INFO] --- maven-clean-plugin:2.5:clean (default-clean) @ gson ---
[INFO] 
[INFO] --- maven-enforcer-plugin:1.0:enforce (enforce-maven) @ gson ---
[INFO] Skipping Rule Enforcement.
[INFO] 
[INFO] --- maven-resources-plugin:2.6:resources (default-resources) @ gson ---
[INFO] Using 'UTF-8' encoding to copy filtered resources.
[INFO] skip non existing resourceDirectory /tmp/icst-2019/september-2018/dataset/gson/gson/src/main/resources
[INFO] 
[INFO] --- maven-compiler-plugin:3.0:compile (default-compile) @ gson ---
[INFO] Changes detected - recompiling the module!
[INFO] Compiling 67 source files to /tmp/icst-2019/september-2018/dataset/gson/gson/target/classes
[INFO] 
[INFO] --- bnd-maven-plugin:3.1.0:bnd-process (default) @ gson ---
[WARNING] Export com.google.gson,  has 1,  private references [com.google.gson.internal], 
[INFO] 
[INFO] --- maven-resources-plugin:2.6:testResources (default-testResources) @ gson ---
[INFO] Using 'UTF-8' encoding to copy filtered resources.
[INFO] skip non existing resourceDirectory /tmp/icst-2019/september-2018/dataset/gson/gson/src/test/resources
[INFO] 
[INFO] --- maven-compiler-plugin:3.0:testCompile (default-testCompile) @ gson ---
[INFO] Changes detected - recompiling the module!
[INFO] Compiling 97 source files to /tmp/icst-2019/september-2018/dataset/gson/gson/target/test-classes
[WARNING] /tmp/icst-2019/september-2018/dataset/gson/gson/src/test/java/com/google/gson/common/MoreAsserts.java: Some input files use or override a deprecated API.
[WARNING] /tmp/icst-2019/september-2018/dataset/gson/gson/src/test/java/com/google/gson/common/MoreAsserts.java: Recompile with -Xlint:deprecation for details.
[INFO] 
[INFO] --- maven-surefire-plugin:2.12.4:test (default-test) @ gson ---
[INFO] Tests are skipped.
[INFO] 
[INFO] --- maven-dependency-plugin:2.8:build-classpath (default-cli) @ gson ---
[INFO] Wrote classpath file '/tmp/icst-2019/september-2018/dataset/gson/gson/target/dspot/classpath'.
[INFO] ------------------------------------------------------------------------
[INFO] BUILD SUCCESS
[INFO] ------------------------------------------------------------------------
[INFO] Total time: 6.952 s
[INFO] Finished at: 2018-09-23T13:33:42+02:00
[INFO] ------------------------------------------------------------------------
[INFO] Amplification of com.google.gson.functional.PrimitiveTest (99 test(s))
[INFO] Assertion amplification of com.google.gson.functional.PrimitiveTest (99 test(s))
[ERROR] Error(s) during compilation:
[ERROR] Pb(102) The method assertEquals(Object, Object) is ambiguous for the type Assert
[ERROR] Pb(102) The method assertEquals(Object, Object) is ambiguous for the type Assert
[ERROR] Pb(102) The method assertEquals(Object, Object) is ambiguous for the type Assert
[ERROR] Pb(102) The method assertEquals(Object, Object) is ambiguous for the type Assert
[INFO] Run: java -classpath /tmp/icst-2019/september-2018/dataset/gson_parent/gson/target/test-classes:/tmp/icst-2019/september-2018/dataset/gson_parent/gson/target/classes/:/home/spirals/danglot/.m2/repository/junit/junit/4.12/junit-4.12.jar:/home/spirals/danglot/.m2/repository/org/hamcrest/hamcrest-core/1.3/hamcrest-core-1.3.jar:/tmp/icst-2019/september-2018/dataset/gson_parent/gson/target/dspot/dependencies/:/home/spirals/danglot/.m2/repository/eu/stamp-project/test-runner/1.1.0/test-runner-1.1.0-jar-with-dependencies.jar eu.stamp_project.testrunner.runner.test.TestRunner com.google.gson.functional.PrimitiveTest testDeserializingDecimalPointValueZeroSucceeds:testDeserializeJsonArrayAsDoublePrimitive:testNumberAsStringDeserialization:testBooleanDeserialization:testFloatInfinitySerialization:testNumberDeserialization:testLongAsStringSerialization:testPrimitiveIntegerAutoboxedSerialization:testBigIntegerInASingleElementArraySerialization:testDeserializeJsonArrayAsByteWrapper:testNegativeInfinitySerialization:testDoubleInfinityDeserialization:testDeserializeJsonArrayAsLongWrapper:testSmallValueForBigIntegerDeserialization:testDeserializeJsonObjectAsBigInteger:testUnquotedStringDeserializationFails:testQuotedStringSerializationAndDeserialization:testDeserializeJsonObjectAsBooleanPrimitive:testPrimitiveDoubleAutoboxedSerialization:testDeserializeJsonObjectAsBytePrimitive:testSmallValueForBigDecimalSerialization:testDeserializingBigIntegerAsInteger:testLongAsStringDeserialization:testShortSerialization:testNegativeInfinitySerializationNotSupportedByDefault:testByteSerialization:testDeserializePrimitiveWrapperAsObjectField:testPrimitiveDoubleAutoboxedInASingleElementArraySerialization:testNegativeInfinityFloatSerialization:testHtmlCharacterSerialization:testPrimitiveBooleanAutoboxedSerialization:testReallyLongValuesSerialization:testFloatInfinitySerializationNotSupportedByDefault:testReallyLongValuesDeserialization:testPrimitiveDoubleAutoboxedDeserialization:testBigDecimalPreservePrecisionSerialization:testSmallValueForBigDecimalDeserialization:testByteDeserialization:testDoubleInfinitySerialization:testBigDecimalInASingleElementArraySerialization:testPrimitiveIntegerAutoboxedDeserialization:testDeserializeJsonObjectAsInteger:testBigDecimalSerialization:testDeserializeJsonArrayAsBooleanWrapper:testDeserializeJsonArrayAsShortWrapper:testBigDecimalDeserialization:testDoubleArrayDeserialization:testBigDecimalPreservePrecisionDeserialization:testPrimitiveClassLiteral:testLargeDoubleDeserialization:testBigDecimalInfinityDeserializationNotSupported:testBigDecimalNaNDeserializationNotSupported:testBigDecimalAsStringRepresentationDeserialization:testDoubleNoFractAsStringRepresentationDeserialization:testDeserializeJsonObjectAsDoubleWrapper:testFloatNaNDeserialization:testDeserializeJsonObjectAsShortPrimitive:testDeserializeJsonArrayAsNumber:testBigIntegerSerialization:testDoubleAsStringRepresentationDeserialization:testDoubleNaNDeserialization:testDoubleNaNSerializationNotSupportedByDefault:testDeserializeJsonObjectAsLongPrimitive:testStringsAsBooleans:testDeserializingBigIntegerAsLong:testNegativeInfinityDeserialization:testDeserializeJsonArrayAsBigDecimal:testDeserializingNonZeroDecimalPointValuesAsIntegerFails:testFloatInfinityDeserialization:testMoreSpecificSerialization:testFloatNaNSerializationNotSupportedByDefault:testNumberSerialization:testDeserializeJsonObjectAsBigDecimal:testBigDecimalNoFractAsStringRepresentationDeserialization:testBigDecimalNegativeInfinityDeserializationNotSupported:testDeserializingBigIntegerAsBigDecimal:testDoubleNaNSerialization:testNegativeInfinityFloatSerializationNotSupportedByDefault:testPrimitiveIntegerAutoboxedInASingleElementArraySerialization:testPrimitiveLongAutoboxedDeserialization:testBadValueForBigIntegerDeserialization:testDeserializingBigDecimalAsIntegerFails:testDeserializingBigDecimalAsBigIntegerFails:testFloatNaNSerialization:testNegativeInfinityFloatDeserialization:testPrimitiveLongAutoboxedInASingleElementArraySerialization:testDeserializingBigDecimalAsDouble:testPrimitiveBooleanAutoboxedInASingleElementArraySerialization:testPrimitiveLongAutoboxedSerialization:testDoubleInfinitySerializationNotSupportedByDefault:testSmallValueForBigIntegerSerialization:testBigIntegerDeserialization:testDeserializeJsonObjectAsFloatPrimitive:testDeserializeJsonObjectAsNumber:testDeserializingBigDecimalAsFloat:testDeserializeJsonArrayAsFloatWrapper:testDeserializeJsonArrayAsBigInteger:testDeserializeJsonArrayAsInt
File saved to the following path: /tmp/icst-2019/september-2018/dataset/gson_parent/gson/target/dspot/TestListener.ser
Loading /tmp/icst-2019/september-2018/dataset/gson_parent/gson/target/dspot/TestListener.ser
[INFO] Test has been run: testDeserializeJsonArrayAsBigDecimal,testDeserializingBigIntegerAsLong,testLongAsStringDeserialization,testBigDecimalPreservePrecisionSerialization,testSmallValueForBigDecimalDeserialization,testFloatNaNSerializationNotSupportedByDefault,testDeserializeJsonArrayAsLongWrapper,testDeserializeJsonArrayAsShortWrapper,testDeserializeJsonObjectAsDoubleWrapper,testNumberDeserialization,testMoreSpecificSerialization,testUnquotedStringDeserializationFails,testDeserializingBigIntegerAsBigDecimal,testQuotedStringSerializationAndDeserialization,testDeserializingBigDecimalAsIntegerFails,testDeserializeJsonArrayAsBigInteger,testBigDecimalNaNDeserializationNotSupported,testDeserializingBigDecimalAsBigIntegerFails,testDeserializeJsonArrayAsFloatWrapper,testDeserializeJsonArrayAsInt,testReallyLongValuesDeserialization,testNegativeInfinityFloatSerializationNotSupportedByDefault,testBigDecimalInASingleElementArraySerialization,testNumberAsStringDeserialization,testDeserializeJsonObjectAsInteger,testDeserializingBigIntegerAsInteger,testSmallValueForBigIntegerDeserialization,testNegativeInfinityFloatDeserialization,testBadValueForBigIntegerDeserialization,testHtmlCharacterSerialization,testDoubleNaNSerializationNotSupportedByDefault,testPrimitiveBooleanAutoboxedInASingleElementArraySerialization,testDeserializeJsonObjectAsFloatPrimitive,testPrimitiveBooleanAutoboxedSerialization,testBigDecimalDeserialization,testPrimitiveLongAutoboxedDeserialization,testDoubleInfinitySerializationNotSupportedByDefault,testNegativeInfinityDeserialization,testSmallValueForBigIntegerSerialization,testNegativeInfinitySerializationNotSupportedByDefault,testBigDecimalNegativeInfinityDeserializationNotSupported,testDeserializeJsonArrayAsDoublePrimitive,testSmallValueForBigDecimalSerialization,testNumberSerialization,testBigDecimalAsStringRepresentationDeserialization,testDeserializeJsonArrayAsByteWrapper,testBigDecimalInfinityDeserializationNotSupported,testFloatNaNSerialization,testDeserializeJsonObjectAsBooleanPrimitive,testByteDeserialization,testPrimitiveIntegerAutoboxedDeserialization,testDeserializeJsonArrayAsBooleanWrapper,testBigIntegerDeserialization,testBigDecimalNoFractAsStringRepresentationDeserialization,testReallyLongValuesSerialization,testDeserializeJsonObjectAsBytePrimitive,testPrimitiveDoubleAutoboxedSerialization,testDeserializeJsonObjectAsBigDecimal,testNegativeInfinitySerialization,testFloatInfinitySerialization,testFloatNaNDeserialization,testDoubleNaNDeserialization,testBigIntegerInASingleElementArraySerialization,testStringsAsBooleans,testBigIntegerSerialization,testDeserializingDecimalPointValueZeroSucceeds,testLongAsStringSerialization,testDeserializeJsonObjectAsBigInteger,testDeserializePrimitiveWrapperAsObjectField,testPrimitiveClassLiteral,testBigDecimalSerialization,testByteSerialization,testNegativeInfinityFloatSerialization,testPrimitiveIntegerAutoboxedSerialization,testShortSerialization,testPrimitiveIntegerAutoboxedInASingleElementArraySerialization,testFloatInfinitySerializationNotSupportedByDefault,testDoubleInfinityDeserialization,testBigDecimalPreservePrecisionDeserialization,testDeserializeJsonArrayAsNumber,testDoubleNaNSerialization,testBooleanDeserialization,testPrimitiveLongAutoboxedInASingleElementArraySerialization,testDeserializingNonZeroDecimalPointValuesAsIntegerFails,testFloatInfinityDeserialization,testDeserializeJsonObjectAsNumber,testDoubleInfinitySerialization,testPrimitiveDoubleAutoboxedInASingleElementArraySerialization,testDeserializeJsonObjectAsShortPrimitive,testPrimitiveLongAutoboxedSerialization,testDeserializeJsonObjectAsLongPrimitive,testDeserializingBigDecimalAsFloat(com.google.gson.functional.PrimitiveTest): Use assertEquals(expected, actual, delta) to compare floating-point numbers,testLargeDoubleDeserialization(com.google.gson.functional.PrimitiveTest): Use assertEquals(expected, actual, delta) to compare floating-point numbers,testDoubleNoFractAsStringRepresentationDeserialization(com.google.gson.functional.PrimitiveTest): Use assertEquals(expected, actual, delta) to compare floating-point numbers,testDeserializingBigDecimalAsDouble(com.google.gson.functional.PrimitiveTest): Use assertEquals(expected, actual, delta) to compare floating-point numbers,testPrimitiveDoubleAutoboxedDeserialization(com.google.gson.functional.PrimitiveTest): Use assertEquals(expected, actual, delta) to compare floating-point numbers,testDoubleArrayDeserialization(com.google.gson.functional.PrimitiveTest): Use assertEquals(expected, actual, delta) to compare floating-point numbers,testDoubleAsStringRepresentationDeserialization(com.google.gson.functional.PrimitiveTest): Use assertEquals(expected, actual, delta) to compare floating-point numbers
[INFO] Run tests. (91)
[ERROR] Error(s) during compilation:
[ERROR] Pb(55) Duplicate local variable BigDecimal_3
[ERROR] Pb(55) Duplicate local variable BigInteger_0
[ERROR] Pb(102) The method assertEquals(Object, Object) is ambiguous for the type Assert
[ERROR] Pb(102) The method assertEquals(Object, Object) is ambiguous for the type Assert
[ERROR] Pb(102) The method assertEquals(Object, Object) is ambiguous for the type Assert
[ERROR] Pb(102) The method assertEquals(Object, Object) is ambiguous for the type Assert
[INFO] Run: java -classpath /tmp/icst-2019/september-2018/dataset/gson_parent/gson/target/test-classes:/tmp/icst-2019/september-2018/dataset/gson_parent/gson/target/classes/:/home/spirals/danglot/.m2/repository/junit/junit/4.12/junit-4.12.jar:/home/spirals/danglot/.m2/repository/org/hamcrest/hamcrest-core/1.3/hamcrest-core-1.3.jar:/tmp/icst-2019/september-2018/dataset/gson_parent/gson/target/dspot/dependencies/:/home/spirals/danglot/.m2/repository/eu/stamp-project/test-runner/1.1.0/test-runner-1.1.0-jar-with-dependencies.jar eu.stamp_project.testrunner.runner.test.TestRunner com.google.gson.functional.PrimitiveTest testDeserializingDecimalPointValueZeroSucceeds:testDeserializeJsonArrayAsDoublePrimitive:testNumberAsStringDeserialization:testBooleanDeserialization:testFloatInfinitySerialization:testNumberDeserialization:testLongAsStringSerialization:testPrimitiveIntegerAutoboxedSerialization:testDeserializeJsonArrayAsByteWrapper:testNegativeInfinitySerialization:testDoubleInfinityDeserialization:testDeserializeJsonArrayAsLongWrapper:testSmallValueForBigIntegerDeserialization:testDeserializeJsonObjectAsBigInteger:testUnquotedStringDeserializationFails:testQuotedStringSerializationAndDeserialization:testDeserializeJsonObjectAsBooleanPrimitive:testPrimitiveDoubleAutoboxedSerialization:testDeserializeJsonObjectAsBytePrimitive:testSmallValueForBigDecimalSerialization:testDeserializingBigIntegerAsInteger:testLongAsStringDeserialization:testShortSerialization:testNegativeInfinitySerializationNotSupportedByDefault:testByteSerialization:testDeserializePrimitiveWrapperAsObjectField:testPrimitiveDoubleAutoboxedInASingleElementArraySerialization:testNegativeInfinityFloatSerialization:testHtmlCharacterSerialization:testPrimitiveBooleanAutoboxedSerialization:testReallyLongValuesSerialization:testFloatInfinitySerializationNotSupportedByDefault:testReallyLongValuesDeserialization:testBigDecimalPreservePrecisionSerialization:testSmallValueForBigDecimalDeserialization:testByteDeserialization:testDoubleInfinitySerialization:testPrimitiveIntegerAutoboxedDeserialization:testDeserializeJsonObjectAsInteger:testBigDecimalSerialization:testDeserializeJsonArrayAsBooleanWrapper:testDeserializeJsonArrayAsShortWrapper:testBigDecimalDeserialization:testBigDecimalPreservePrecisionDeserialization:testPrimitiveClassLiteral:testBigDecimalInfinityDeserializationNotSupported:testBigDecimalNaNDeserializationNotSupported:testBigDecimalAsStringRepresentationDeserialization:testDeserializeJsonObjectAsDoubleWrapper:testFloatNaNDeserialization:testDeserializeJsonObjectAsShortPrimitive:testDeserializeJsonArrayAsNumber:testBigIntegerSerialization:testDoubleNaNDeserialization:testDoubleNaNSerializationNotSupportedByDefault:testDeserializeJsonObjectAsLongPrimitive:testStringsAsBooleans:testDeserializingBigIntegerAsLong:testNegativeInfinityDeserialization:testDeserializeJsonArrayAsBigDecimal:testDeserializingNonZeroDecimalPointValuesAsIntegerFails:testFloatInfinityDeserialization:testMoreSpecificSerialization:testFloatNaNSerializationNotSupportedByDefault:testNumberSerialization:testDeserializeJsonObjectAsBigDecimal:testBigDecimalNoFractAsStringRepresentationDeserialization:testBigDecimalNegativeInfinityDeserializationNotSupported:testDeserializingBigIntegerAsBigDecimal:testDoubleNaNSerialization:testNegativeInfinityFloatSerializationNotSupportedByDefault:testPrimitiveIntegerAutoboxedInASingleElementArraySerialization:testPrimitiveLongAutoboxedDeserialization:testBadValueForBigIntegerDeserialization:testDeserializingBigDecimalAsIntegerFails:testDeserializingBigDecimalAsBigIntegerFails:testFloatNaNSerialization:testNegativeInfinityFloatDeserialization:testPrimitiveLongAutoboxedInASingleElementArraySerialization:testPrimitiveBooleanAutoboxedInASingleElementArraySerialization:testPrimitiveLongAutoboxedSerialization:testDoubleInfinitySerializationNotSupportedByDefault:testSmallValueForBigIntegerSerialization:testBigIntegerDeserialization:testDeserializeJsonObjectAsFloatPrimitive:testDeserializeJsonObjectAsNumber:testDeserializeJsonArrayAsFloatWrapper:testDeserializeJsonArrayAsBigInteger:testDeserializeJsonArrayAsInt
File saved to the following path: /tmp/icst-2019/september-2018/dataset/gson_parent/gson/target/dspot/TestListener.ser
Loading /tmp/icst-2019/september-2018/dataset/gson_parent/gson/target/dspot/TestListener.ser
[INFO] Test has been run: testDeserializeJsonArrayAsBigDecimal,testDeserializingBigIntegerAsLong,testLongAsStringDeserialization,testBigDecimalPreservePrecisionSerialization,testSmallValueForBigDecimalDeserialization,testFloatNaNSerializationNotSupportedByDefault,testDeserializeJsonArrayAsLongWrapper,testDeserializeJsonArrayAsShortWrapper,testDeserializeJsonObjectAsDoubleWrapper,testNumberDeserialization,testMoreSpecificSerialization,testUnquotedStringDeserializationFails,testDeserializingBigIntegerAsBigDecimal,testQuotedStringSerializationAndDeserialization,testDeserializingBigDecimalAsIntegerFails,testDeserializeJsonArrayAsBigInteger,testBigDecimalNaNDeserializationNotSupported,testDeserializingBigDecimalAsBigIntegerFails,testDeserializeJsonArrayAsFloatWrapper,testDeserializeJsonArrayAsInt,testReallyLongValuesDeserialization,testNegativeInfinityFloatSerializationNotSupportedByDefault,testNumberAsStringDeserialization,testDeserializeJsonObjectAsInteger,testDeserializingBigIntegerAsInteger,testSmallValueForBigIntegerDeserialization,testNegativeInfinityFloatDeserialization,testBadValueForBigIntegerDeserialization,testHtmlCharacterSerialization,testDoubleNaNSerializationNotSupportedByDefault,testPrimitiveBooleanAutoboxedInASingleElementArraySerialization,testDeserializeJsonObjectAsFloatPrimitive,testPrimitiveBooleanAutoboxedSerialization,testBigDecimalDeserialization,testPrimitiveLongAutoboxedDeserialization,testDoubleInfinitySerializationNotSupportedByDefault,testNegativeInfinityDeserialization,testSmallValueForBigIntegerSerialization,testNegativeInfinitySerializationNotSupportedByDefault,testBigDecimalNegativeInfinityDeserializationNotSupported,testDeserializeJsonArrayAsDoublePrimitive,testSmallValueForBigDecimalSerialization,testNumberSerialization,testBigDecimalAsStringRepresentationDeserialization,testDeserializeJsonArrayAsByteWrapper,testBigDecimalInfinityDeserializationNotSupported,testFloatNaNSerialization,testDeserializeJsonObjectAsBooleanPrimitive,testByteDeserialization,testPrimitiveIntegerAutoboxedDeserialization,testDeserializeJsonArrayAsBooleanWrapper,testBigIntegerDeserialization,testBigDecimalNoFractAsStringRepresentationDeserialization,testReallyLongValuesSerialization,testDeserializeJsonObjectAsBytePrimitive,testPrimitiveDoubleAutoboxedSerialization,testDeserializeJsonObjectAsBigDecimal,testNegativeInfinitySerialization,testFloatInfinitySerialization,testFloatNaNDeserialization,testDoubleNaNDeserialization,testStringsAsBooleans,testBigIntegerSerialization,testDeserializingDecimalPointValueZeroSucceeds,testLongAsStringSerialization,testDeserializeJsonObjectAsBigInteger,testDeserializePrimitiveWrapperAsObjectField,testPrimitiveClassLiteral,testBigDecimalSerialization,testByteSerialization,testNegativeInfinityFloatSerialization,testPrimitiveIntegerAutoboxedSerialization,testShortSerialization,testPrimitiveIntegerAutoboxedInASingleElementArraySerialization,testFloatInfinitySerializationNotSupportedByDefault,testDoubleInfinityDeserialization,testBigDecimalPreservePrecisionDeserialization,testDeserializeJsonArrayAsNumber,testDoubleNaNSerialization,testBooleanDeserialization,testPrimitiveLongAutoboxedInASingleElementArraySerialization,testDeserializingNonZeroDecimalPointValuesAsIntegerFails,testFloatInfinityDeserialization,testDeserializeJsonObjectAsNumber,testDoubleInfinitySerialization,testPrimitiveDoubleAutoboxedInASingleElementArraySerialization,testDeserializeJsonObjectAsShortPrimitive,testPrimitiveLongAutoboxedSerialization,testDeserializeJsonObjectAsLongPrimitive
[INFO] 89 test pass, generating assertion...
[INFO] Add observations points in passing tests.
[INFO] Instrumentation...
  1% | ]/  2% |= ]-  3% |= ]\  4% |== ]|  5% |== ]/  6% |=== ]-  7% |=== ]\  8% |==== ]| 10% |===== ]/ 11% |===== ]- 12% |====== ]\ 13% |====== ]| 14% |======= ]/ 15% |======= ]- 16% |======== ]\ 17% |======== ]| 19% |========= ]/ 20% |========== ]- 21% |========== ]\ 22% |=========== ]| 23% |=========== ]/ 24% |============ ]- 25% |============ ]\ 26% |============= ]| 28% |============== ]/ 29% |============== ]- 30% |=============== ]\ 31% |=============== ]| 32% |================ ]/ 33% |================ ]- 34% |================= ]\ 35% |================= ]| 37% |================== ]/ 38% |=================== ]- 39% |=================== ]\ 40% |==================== ]| 41% |==================== ]/ 42% |===================== ]- 43% |===================== ]\ 44% |====================== ]| 46% |======================= ]/ 47% |======================= ]- 48% |======================== ]\ 49% |======================== ]| 50% |========================= ]/ 51% |========================= ]- 52% |========================== ]\ 53% |========================== ]| 55% |=========================== ]/ 56% |============================ ]- 57% |============================ ]\ 58% |============================= ]| 59% |============================= ]/ 60% |============================== ]- 61% |============================== ]\ 62% |=============================== ]| 64% |================================ ]/ 65% |================================ ]- 66% |================================= ]\ 67% |================================= ]| 68% |================================== ]/ 69% |================================== ]- 70% |=================================== ]\ 71% |=================================== ]| 73% |==================================== ]/ 74% |===================================== ]- 75% |===================================== ]\ 76% |====================================== ]| 77% |====================================== ]/ 78% |======================================= ]- 79% |======================================= ]\ 80% |======================================== ]| 82% |========================================= ]/ 83% |========================================= ]- 84% |========================================== ]\ 85% |========================================== ]| 86% |=========================================== ]/ 87% |=========================================== ]- 88% |============================================ ]\ 89% |============================================ ]| 91% |============================================= ]/ 92% |============================================== ]- 93% |============================================== ]\ 94% |=============================================== ]| 95% |=============================================== ]/ 96% |================================================ ]- 97% |================================================ ]\ 98% |================================================= ]|100% |================================================== ]/
[INFO] Run instrumented tests. (267)
[INFO] Run: java -classpath /tmp/icst-2019/september-2018/dataset/gson_parent/gson/target/test-classes:/tmp/icst-2019/september-2018/dataset/gson_parent/gson/target/classes/:/home/spirals/danglot/.m2/repository/junit/junit/4.12/junit-4.12.jar:/home/spirals/danglot/.m2/repository/org/hamcrest/hamcrest-core/1.3/hamcrest-core-1.3.jar:/tmp/icst-2019/september-2018/dataset/gson_parent/gson/target/dspot/dependencies/:/home/spirals/danglot/.m2/repository/eu/stamp-project/test-runner/1.1.0/test-runner-1.1.0-jar-with-dependencies.jar eu.stamp_project.testrunner.runner.test.TestRunner com.google.gson.functional.PrimitiveTest testDeserializingDecimalPointValueZeroSucceeds_withlog0:testDeserializeJsonArrayAsDoublePrimitive_withlog0:testNumberAsStringDeserialization_withlog0:testBooleanDeserialization_withlog0:testFloatInfinitySerialization_withlog0:testNumberDeserialization_withlog0:testLongAsStringSerialization_withlog0:testPrimitiveIntegerAutoboxedSerialization_withlog0:testDeserializeJsonArrayAsByteWrapper_withlog0:testNegativeInfinitySerialization_withlog0:testDoubleInfinityDeserialization_withlog0:testDeserializeJsonArrayAsLongWrapper_withlog0:testSmallValueForBigIntegerDeserialization_withlog0:testDeserializeJsonObjectAsBigInteger_withlog0:testUnquotedStringDeserializationFails_withlog0:testQuotedStringSerializationAndDeserialization_withlog0:testDeserializeJsonObjectAsBooleanPrimitive_withlog0:testPrimitiveDoubleAutoboxedSerialization_withlog0:testDeserializeJsonObjectAsBytePrimitive_withlog0:testSmallValueForBigDecimalSerialization_withlog0:testDeserializingBigIntegerAsInteger_withlog0:testLongAsStringDeserialization_withlog0:testShortSerialization_withlog0:testNegativeInfinitySerializationNotSupportedByDefault_withlog0:testByteSerialization_withlog0:testDeserializePrimitiveWrapperAsObjectField_withlog0:testPrimitiveDoubleAutoboxedInASingleElementArraySerialization_withlog0:testNegativeInfinityFloatSerialization_withlog0:testHtmlCharacterSerialization_withlog0:testPrimitiveBooleanAutoboxedSerialization_withlog0:testReallyLongValuesSerialization_withlog0:testFloatInfinitySerializationNotSupportedByDefault_withlog0:testReallyLongValuesDeserialization_withlog0:testBigDecimalPreservePrecisionSerialization_withlog0:testSmallValueForBigDecimalDeserialization_withlog0:testByteDeserialization_withlog0:testDoubleInfinitySerialization_withlog0:testPrimitiveIntegerAutoboxedDeserialization_withlog0:testDeserializeJsonObjectAsInteger_withlog0:testBigDecimalSerialization_withlog0:testDeserializeJsonArrayAsBooleanWrapper_withlog0:testDeserializeJsonArrayAsShortWrapper_withlog0:testBigDecimalDeserialization_withlog0:testBigDecimalPreservePrecisionDeserialization_withlog0:testPrimitiveClassLiteral_withlog0:testBigDecimalInfinityDeserializationNotSupported_withlog0:testBigDecimalNaNDeserializationNotSupported_withlog0:testBigDecimalAsStringRepresentationDeserialization_withlog0:testDeserializeJsonObjectAsDoubleWrapper_withlog0:testFloatNaNDeserialization_withlog0:testDeserializeJsonObjectAsShortPrimitive_withlog0:testDeserializeJsonArrayAsNumber_withlog0:testBigIntegerSerialization_withlog0:testDoubleNaNDeserialization_withlog0:testDoubleNaNSerializationNotSupportedByDefault_withlog0:testDeserializeJsonObjectAsLongPrimitive_withlog0:testStringsAsBooleans_withlog0:testDeserializingBigIntegerAsLong_withlog0:testNegativeInfinityDeserialization_withlog0:testDeserializeJsonArrayAsBigDecimal_withlog0:testDeserializingNonZeroDecimalPointValuesAsIntegerFails_withlog0:testFloatInfinityDeserialization_withlog0:testMoreSpecificSerialization_withlog0:testFloatNaNSerializationNotSupportedByDefault_withlog0:testNumberSerialization_withlog0:testDeserializeJsonObjectAsBigDecimal_withlog0:testBigDecimalNoFractAsStringRepresentationDeserialization_withlog0:testBigDecimalNegativeInfinityDeserializationNotSupported_withlog0:testDeserializingBigIntegerAsBigDecimal_withlog0:testDoubleNaNSerialization_withlog0:testNegativeInfinityFloatSerializationNotSupportedByDefault_withlog0:testPrimitiveIntegerAutoboxedInASingleElementArraySerialization_withlog0:testPrimitiveLongAutoboxedDeserialization_withlog0:testBadValueForBigIntegerDeserialization_withlog0:testDeserializingBigDecimalAsIntegerFails_withlog0:testDeserializingBigDecimalAsBigIntegerFails_withlog0:testFloatNaNSerialization_withlog0:testNegativeInfinityFloatDeserialization_withlog0:testPrimitiveLongAutoboxedInASingleElementArraySerialization_withlog0:testPrimitiveBooleanAutoboxedInASingleElementArraySerialization_withlog0:testPrimitiveLongAutoboxedSerialization_withlog0:testDoubleInfinitySerializationNotSupportedByDefault_withlog0:testSmallValueForBigIntegerSerialization_withlog0:testBigIntegerDeserialization_withlog0:testDeserializeJsonObjectAsFloatPrimitive_withlog0:testDeserializeJsonObjectAsNumber_withlog0:testDeserializeJsonArrayAsFloatWrapper_withlog0:testDeserializeJsonArrayAsBigInteger_withlog0:testDeserializeJsonArrayAsInt_withlog0:testDeserializingDecimalPointValueZeroSucceeds_withlog1:testDeserializeJsonArrayAsDoublePrimitive_withlog1:testNumberAsStringDeserialization_withlog1:testBooleanDeserialization_withlog1:testFloatInfinitySerialization_withlog1:testNumberDeserialization_withlog1:testLongAsStringSerialization_withlog1:testPrimitiveIntegerAutoboxedSerialization_withlog1:testDeserializeJsonArrayAsByteWrapper_withlog1:testNegativeInfinitySerialization_withlog1:testDoubleInfinityDeserialization_withlog1:testDeserializeJsonArrayAsLongWrapper_withlog1:testSmallValueForBigIntegerDeserialization_withlog1:testDeserializeJsonObjectAsBigInteger_withlog1:testUnquotedStringDeserializationFails_withlog1:testQuotedStringSerializationAndDeserialization_withlog1:testDeserializeJsonObjectAsBooleanPrimitive_withlog1:testPrimitiveDoubleAutoboxedSerialization_withlog1:testDeserializeJsonObjectAsBytePrimitive_withlog1:testSmallValueForBigDecimalSerialization_withlog1:testDeserializingBigIntegerAsInteger_withlog1:testLongAsStringDeserialization_withlog1:testShortSerialization_withlog1:testNegativeInfinitySerializationNotSupportedByDefault_withlog1:testByteSerialization_withlog1:testDeserializePrimitiveWrapperAsObjectField_withlog1:testPrimitiveDoubleAutoboxedInASingleElementArraySerialization_withlog1:testNegativeInfinityFloatSerialization_withlog1:testHtmlCharacterSerialization_withlog1:testPrimitiveBooleanAutoboxedSerialization_withlog1:testReallyLongValuesSerialization_withlog1:testFloatInfinitySerializationNotSupportedByDefault_withlog1:testReallyLongValuesDeserialization_withlog1:testBigDecimalPreservePrecisionSerialization_withlog1:testSmallValueForBigDecimalDeserialization_withlog1:testByteDeserialization_withlog1:testDoubleInfinitySerialization_withlog1:testPrimitiveIntegerAutoboxedDeserialization_withlog1:testDeserializeJsonObjectAsInteger_withlog1:testBigDecimalSerialization_withlog1:testDeserializeJsonArrayAsBooleanWrapper_withlog1:testDeserializeJsonArrayAsShortWrapper_withlog1:testBigDecimalDeserialization_withlog1:testBigDecimalPreservePrecisionDeserialization_withlog1:testPrimitiveClassLiteral_withlog1:testBigDecimalInfinityDeserializationNotSupported_withlog1:testBigDecimalNaNDeserializationNotSupported_withlog1:testBigDecimalAsStringRepresentationDeserialization_withlog1:testDeserializeJsonObjectAsDoubleWrapper_withlog1:testFloatNaNDeserialization_withlog1:testDeserializeJsonObjectAsShortPrimitive_withlog1:testDeserializeJsonArrayAsNumber_withlog1:testBigIntegerSerialization_withlog1:testDoubleNaNDeserialization_withlog1:testDoubleNaNSerializationNotSupportedByDefault_withlog1:testDeserializeJsonObjectAsLongPrimitive_withlog1:testStringsAsBooleans_withlog1:testDeserializingBigIntegerAsLong_withlog1:testNegativeInfinityDeserialization_withlog1:testDeserializeJsonArrayAsBigDecimal_withlog1:testDeserializingNonZeroDecimalPointValuesAsIntegerFails_withlog1:testFloatInfinityDeserialization_withlog1:testMoreSpecificSerialization_withlog1:testFloatNaNSerializationNotSupportedByDefault_withlog1:testNumberSerialization_withlog1:testDeserializeJsonObjectAsBigDecimal_withlog1:testBigDecimalNoFractAsStringRepresentationDeserialization_withlog1:testBigDecimalNegativeInfinityDeserializationNotSupported_withlog1:testDeserializingBigIntegerAsBigDecimal_withlog1:testDoubleNaNSerialization_withlog1:testNegativeInfinityFloatSerializationNotSupportedByDefault_withlog1:testPrimitiveIntegerAutoboxedInASingleElementArraySerialization_withlog1:testPrimitiveLongAutoboxedDeserialization_withlog1:testBadValueForBigIntegerDeserialization_withlog1:testDeserializingBigDecimalAsIntegerFails_withlog1:testDeserializingBigDecimalAsBigIntegerFails_withlog1:testFloatNaNSerialization_withlog1:testNegativeInfinityFloatDeserialization_withlog1:testPrimitiveLongAutoboxedInASingleElementArraySerialization_withlog1:testPrimitiveBooleanAutoboxedInASingleElementArraySerialization_withlog1:testPrimitiveLongAutoboxedSerialization_withlog1:testDoubleInfinitySerializationNotSupportedByDefault_withlog1:testSmallValueForBigIntegerSerialization_withlog1:testBigIntegerDeserialization_withlog1:testDeserializeJsonObjectAsFloatPrimitive_withlog1:testDeserializeJsonObjectAsNumber_withlog1:testDeserializeJsonArrayAsFloatWrapper_withlog1:testDeserializeJsonArrayAsBigInteger_withlog1:testDeserializeJsonArrayAsInt_withlog1:testDeserializingDecimalPointValueZeroSucceeds_withlog2:testDeserializeJsonArrayAsDoublePrimitive_withlog2:testNumberAsStringDeserialization_withlog2:testBooleanDeserialization_withlog2:testFloatInfinitySerialization_withlog2:testNumberDeserialization_withlog2:testLongAsStringSerialization_withlog2:testPrimitiveIntegerAutoboxedSerialization_withlog2:testDeserializeJsonArrayAsByteWrapper_withlog2:testNegativeInfinitySerialization_withlog2:testDoubleInfinityDeserialization_withlog2:testDeserializeJsonArrayAsLongWrapper_withlog2:testSmallValueForBigIntegerDeserialization_withlog2:testDeserializeJsonObjectAsBigInteger_withlog2:testUnquotedStringDeserializationFails_withlog2:testQuotedStringSerializationAndDeserialization_withlog2:testDeserializeJsonObjectAsBooleanPrimitive_withlog2:testPrimitiveDoubleAutoboxedSerialization_withlog2:testDeserializeJsonObjectAsBytePrimitive_withlog2:testSmallValueForBigDecimalSerialization_withlog2:testDeserializingBigIntegerAsInteger_withlog2:testLongAsStringDeserialization_withlog2:testShortSerialization_withlog2:testNegativeInfinitySerializationNotSupportedByDefault_withlog2:testByteSerialization_withlog2:testDeserializePrimitiveWrapperAsObjectField_withlog2:testPrimitiveDoubleAutoboxedInASingleElementArraySerialization_withlog2:testNegativeInfinityFloatSerialization_withlog2:testHtmlCharacterSerialization_withlog2:testPrimitiveBooleanAutoboxedSerialization_withlog2:testReallyLongValuesSerialization_withlog2:testFloatInfinitySerializationNotSupportedByDefault_withlog2:testReallyLongValuesDeserialization_withlog2:testBigDecimalPreservePrecisionSerialization_withlog2:testSmallValueForBigDecimalDeserialization_withlog2:testByteDeserialization_withlog2:testDoubleInfinitySerialization_withlog2:testPrimitiveIntegerAutoboxedDeserialization_withlog2:testDeserializeJsonObjectAsInteger_withlog2:testBigDecimalSerialization_withlog2:testDeserializeJsonArrayAsBooleanWrapper_withlog2:testDeserializeJsonArrayAsShortWrapper_withlog2:testBigDecimalDeserialization_withlog2:testBigDecimalPreservePrecisionDeserialization_withlog2:testPrimitiveClassLiteral_withlog2:testBigDecimalInfinityDeserializationNotSupported_withlog2:testBigDecimalNaNDeserializationNotSupported_withlog2:testBigDecimalAsStringRepresentationDeserialization_withlog2:testDeserializeJsonObjectAsDoubleWrapper_withlog2:testFloatNaNDeserialization_withlog2:testDeserializeJsonObjectAsShortPrimitive_withlog2:testDeserializeJsonArrayAsNumber_withlog2:testBigIntegerSerialization_withlog2:testDoubleNaNDeserialization_withlog2:testDoubleNaNSerializationNotSupportedByDefault_withlog2:testDeserializeJsonObjectAsLongPrimitive_withlog2:testStringsAsBooleans_withlog2:testDeserializingBigIntegerAsLong_withlog2:testNegativeInfinityDeserialization_withlog2:testDeserializeJsonArrayAsBigDecimal_withlog2:testDeserializingNonZeroDecimalPointValuesAsIntegerFails_withlog2:testFloatInfinityDeserialization_withlog2:testMoreSpecificSerialization_withlog2:testFloatNaNSerializationNotSupportedByDefault_withlog2:testNumberSerialization_withlog2:testDeserializeJsonObjectAsBigDecimal_withlog2:testBigDecimalNoFractAsStringRepresentationDeserialization_withlog2:testBigDecimalNegativeInfinityDeserializationNotSupported_withlog2:testDeserializingBigIntegerAsBigDecimal_withlog2:testDoubleNaNSerialization_withlog2:testNegativeInfinityFloatSerializationNotSupportedByDefault_withlog2:testPrimitiveIntegerAutoboxedInASingleElementArraySerialization_withlog2:testPrimitiveLongAutoboxedDeserialization_withlog2:testBadValueForBigIntegerDeserialization_withlog2:testDeserializingBigDecimalAsIntegerFails_withlog2:testDeserializingBigDecimalAsBigIntegerFails_withlog2:testFloatNaNSerialization_withlog2:testNegativeInfinityFloatDeserialization_withlog2:testPrimitiveLongAutoboxedInASingleElementArraySerialization_withlog2:testPrimitiveBooleanAutoboxedInASingleElementArraySerialization_withlog2:testPrimitiveLongAutoboxedSerialization_withlog2:testDoubleInfinitySerializationNotSupportedByDefault_withlog2:testSmallValueForBigIntegerSerialization_withlog2:testBigIntegerDeserialization_withlog2:testDeserializeJsonObjectAsFloatPrimitive_withlog2:testDeserializeJsonObjectAsNumber_withlog2:testDeserializeJsonArrayAsFloatWrapper_withlog2:testDeserializeJsonArrayAsBigInteger_withlog2:testDeserializeJsonArrayAsInt_withlog2
File saved to the following path: /tmp/icst-2019/september-2018/dataset/gson_parent/gson/target/dspot/observations.ser
File saved to the following path: /tmp/icst-2019/september-2018/dataset/gson_parent/gson/target/dspot/TestListener.ser
Loading /tmp/icst-2019/september-2018/dataset/gson_parent/gson/target/dspot/TestListener.ser
[INFO] Test has been run: testPrimitiveIntegerAutoboxedDeserialization_withlog0,testPrimitiveIntegerAutoboxedDeserialization_withlog1,testPrimitiveIntegerAutoboxedDeserialization_withlog2,testDeserializeJsonArrayAsBooleanWrapper_withlog0,testDeserializeJsonArrayAsBooleanWrapper_withlog1,testDeserializeJsonArrayAsBooleanWrapper_withlog2,testDeserializeJsonObjectAsNumber_withlog0,testDeserializeJsonObjectAsNumber_withlog1,testDeserializeJsonObjectAsNumber_withlog2,testPrimitiveClassLiteral_withlog0,testPrimitiveClassLiteral_withlog1,testPrimitiveClassLiteral_withlog2,testBigDecimalInfinityDeserializationNotSupported_withlog0,testBigDecimalInfinityDeserializationNotSupported_withlog1,testBigDecimalInfinityDeserializationNotSupported_withlog2,testPrimitiveDoubleAutoboxedInASingleElementArraySerialization_withlog0,testPrimitiveDoubleAutoboxedInASingleElementArraySerialization_withlog1,testPrimitiveDoubleAutoboxedInASingleElementArraySerialization_withlog2,testMoreSpecificSerialization_withlog0,testMoreSpecificSerialization_withlog1,testMoreSpecificSerialization_withlog2,testDeserializingBigIntegerAsBigDecimal_withlog0,testDeserializingBigIntegerAsBigDecimal_withlog1,testDeserializingBigIntegerAsBigDecimal_withlog2,testDeserializingBigDecimalAsIntegerFails_withlog0,testDeserializingBigDecimalAsIntegerFails_withlog1,testDeserializingBigDecimalAsIntegerFails_withlog2,testBigIntegerDeserialization_withlog0,testBigIntegerDeserialization_withlog1,testBigIntegerDeserialization_withlog2,testSmallValueForBigDecimalDeserialization_withlog0,testSmallValueForBigDecimalDeserialization_withlog1,testSmallValueForBigDecimalDeserialization_withlog2,testFloatInfinitySerializationNotSupportedByDefault_withlog0,testFloatInfinitySerializationNotSupportedByDefault_withlog1,testFloatInfinitySerializationNotSupportedByDefault_withlog2,testDeserializeJsonObjectAsInteger_withlog0,testDeserializeJsonObjectAsInteger_withlog1,testDeserializeJsonObjectAsInteger_withlog2,testBigDecimalAsStringRepresentationDeserialization_withlog0,testBigDecimalAsStringRepresentationDeserialization_withlog1,testBigDecimalAsStringRepresentationDeserialization_withlog2,testReallyLongValuesSerialization_withlog0,testReallyLongValuesSerialization_withlog1,testReallyLongValuesSerialization_withlog2,testStringsAsBooleans_withlog0,testStringsAsBooleans_withlog1,testStringsAsBooleans_withlog2,testNegativeInfinityFloatDeserialization_withlog0,testNegativeInfinityFloatDeserialization_withlog1,testNegativeInfinityFloatDeserialization_withlog2,testBigDecimalSerialization_withlog0,testBigDecimalSerialization_withlog1,testBigDecimalSerialization_withlog2,testDoubleNaNSerializationNotSupportedByDefault_withlog0,testDoubleNaNSerializationNotSupportedByDefault_withlog1,testDoubleNaNSerializationNotSupportedByDefault_withlog2,testSmallValueForBigIntegerDeserialization_withlog0,testSmallValueForBigIntegerDeserialization_withlog1,testSmallValueForBigIntegerDeserialization_withlog2,testDoubleInfinityDeserialization_withlog0,testDoubleInfinityDeserialization_withlog1,testDoubleInfinityDeserialization_withlog2,testNegativeInfinityFloatSerializationNotSupportedByDefault_withlog0,testNegativeInfinityFloatSerializationNotSupportedByDefault_withlog1,testNegativeInfinityFloatSerializationNotSupportedByDefault_withlog2,testDeserializingDecimalPointValueZeroSucceeds_withlog0,testDeserializingDecimalPointValueZeroSucceeds_withlog1,testDeserializingDecimalPointValueZeroSucceeds_withlog2,testNegativeInfinitySerializationNotSupportedByDefault_withlog0,testNegativeInfinitySerializationNotSupportedByDefault_withlog1,testNegativeInfinitySerializationNotSupportedByDefault_withlog2,testNegativeInfinityFloatSerialization_withlog0,testNegativeInfinityFloatSerialization_withlog1,testNegativeInfinityFloatSerialization_withlog2,testDeserializingBigIntegerAsLong_withlog0,testDeserializingBigIntegerAsLong_withlog1,testDeserializingBigIntegerAsLong_withlog2,testPrimitiveBooleanAutoboxedSerialization_withlog0,testPrimitiveBooleanAutoboxedSerialization_withlog1,testPrimitiveBooleanAutoboxedSerialization_withlog2,testPrimitiveBooleanAutoboxedInASingleElementArraySerialization_withlog0,testPrimitiveBooleanAutoboxedInASingleElementArraySerialization_withlog1,testPrimitiveBooleanAutoboxedInASingleElementArraySerialization_withlog2,testBigDecimalNegativeInfinityDeserializationNotSupported_withlog0,testBigDecimalNegativeInfinityDeserializationNotSupported_withlog1,testBigDecimalNegativeInfinityDeserializationNotSupported_withlog2,testDeserializeJsonArrayAsFloatWrapper_withlog0,testDeserializeJsonArrayAsFloatWrapper_withlog1,testDeserializeJsonArrayAsFloatWrapper_withlog2,testSmallValueForBigDecimalSerialization_withlog0,testSmallValueForBigDecimalSerialization_withlog1,testSmallValueForBigDecimalSerialization_withlog2,testDeserializeJsonObjectAsFloatPrimitive_withlog0,testDeserializeJsonObjectAsFloatPrimitive_withlog1,testDeserializeJsonObjectAsFloatPrimitive_withlog2,testDoubleInfinitySerializationNotSupportedByDefault_withlog0,testDoubleInfinitySerializationNotSupportedByDefault_withlog1,testDoubleInfinitySerializationNotSupportedByDefault_withlog2,testDeserializeJsonArrayAsBigInteger_withlog0,testDeserializeJsonArrayAsBigInteger_withlog1,testDeserializeJsonArrayAsBigInteger_withlog2,testDeserializeJsonObjectAsLongPrimitive_withlog0,testDeserializeJsonObjectAsLongPrimitive_withlog1,testDeserializeJsonObjectAsLongPrimitive_withlog2,testBigDecimalNaNDeserializationNotSupported_withlog0,testBigDecimalNaNDeserializationNotSupported_withlog1,testBigDecimalNaNDeserializationNotSupported_withlog2,testDeserializeJsonObjectAsShortPrimitive_withlog0,testDeserializeJsonObjectAsShortPrimitive_withlog1,testDeserializeJsonObjectAsShortPrimitive_withlog2,testDeserializingBigIntegerAsInteger_withlog0,testDeserializingBigIntegerAsInteger_withlog1,testDeserializingBigIntegerAsInteger_withlog2,testDeserializeJsonArrayAsShortWrapper_withlog0,testDeserializeJsonArrayAsShortWrapper_withlog1,testDeserializeJsonArrayAsShortWrapper_withlog2,testDoubleNaNDeserialization_withlog0,testDoubleNaNDeserialization_withlog1,testDoubleNaNDeserialization_withlog2,testDeserializeJsonObjectAsBytePrimitive_withlog0,testDeserializeJsonObjectAsBytePrimitive_withlog1,testDeserializeJsonObjectAsBytePrimitive_withlog2,testBadValueForBigIntegerDeserialization_withlog0,testBadValueForBigIntegerDeserialization_withlog1,testBadValueForBigIntegerDeserialization_withlog2,testPrimitiveLongAutoboxedDeserialization_withlog0,testPrimitiveLongAutoboxedDeserialization_withlog1,testPrimitiveLongAutoboxedDeserialization_withlog2,testShortSerialization_withlog0,testShortSerialization_withlog1,testShortSerialization_withlog2,testDeserializeJsonObjectAsBooleanPrimitive_withlog0,testDeserializeJsonObjectAsBooleanPrimitive_withlog1,testDeserializeJsonObjectAsBooleanPrimitive_withlog2,testFloatNaNSerialization_withlog0,testFloatNaNSerialization_withlog1,testFloatNaNSerialization_withlog2,testBigDecimalPreservePrecisionDeserialization_withlog0,testBigDecimalPreservePrecisionDeserialization_withlog1,testBigDecimalPreservePrecisionDeserialization_withlog2,testDeserializeJsonObjectAsBigInteger_withlog0,testDeserializeJsonObjectAsBigInteger_withlog1,testDeserializeJsonObjectAsBigInteger_withlog2,testPrimitiveLongAutoboxedInASingleElementArraySerialization_withlog0,testPrimitiveLongAutoboxedInASingleElementArraySerialization_withlog1,testPrimitiveLongAutoboxedInASingleElementArraySerialization_withlog2,testFloatInfinityDeserialization_withlog0,testFloatInfinityDeserialization_withlog1,testFloatInfinityDeserialization_withlog2,testBigDecimalNoFractAsStringRepresentationDeserialization_withlog0,testBigDecimalNoFractAsStringRepresentationDeserialization_withlog1,testBigDecimalNoFractAsStringRepresentationDeserialization_withlog2,testLongAsStringDeserialization_withlog0,testLongAsStringDeserialization_withlog1,testLongAsStringDeserialization_withlog2,testHtmlCharacterSerialization_withlog0,testHtmlCharacterSerialization_withlog1,testHtmlCharacterSerialization_withlog2,testDeserializeJsonArrayAsBigDecimal_withlog0,testDeserializeJsonArrayAsBigDecimal_withlog1,testDeserializeJsonArrayAsBigDecimal_withlog2,testPrimitiveDoubleAutoboxedSerialization_withlog0,testPrimitiveDoubleAutoboxedSerialization_withlog1,testPrimitiveDoubleAutoboxedSerialization_withlog2,testDoubleNaNSerialization_withlog0,testDoubleNaNSerialization_withlog1,testDoubleNaNSerialization_withlog2,testUnquotedStringDeserializationFails_withlog0,testUnquotedStringDeserializationFails_withlog1,testUnquotedStringDeserializationFails_withlog2,testDeserializeJsonObjectAsDoubleWrapper_withlog0,testDeserializeJsonObjectAsDoubleWrapper_withlog1,testDeserializeJsonObjectAsDoubleWrapper_withlog2,testByteSerialization_withlog0,testByteSerialization_withlog1,testByteSerialization_withlog2,testByteDeserialization_withlog0,testByteDeserialization_withlog1,testByteDeserialization_withlog2,testDeserializingNonZeroDecimalPointValuesAsIntegerFails_withlog0,testDeserializingNonZeroDecimalPointValuesAsIntegerFails_withlog1,testDeserializingNonZeroDecimalPointValuesAsIntegerFails_withlog2,testQuotedStringSerializationAndDeserialization_withlog0,testQuotedStringSerializationAndDeserialization_withlog1,testQuotedStringSerializationAndDeserialization_withlog2,testNumberDeserialization_withlog0,testNumberDeserialization_withlog1,testNumberDeserialization_withlog2,testDeserializeJsonArrayAsDoublePrimitive_withlog0,testDeserializeJsonArrayAsDoublePrimitive_withlog1,testDeserializeJsonArrayAsDoublePrimitive_withlog2,testNegativeInfinitySerialization_withlog0,testNegativeInfinitySerialization_withlog1,testNegativeInfinitySerialization_withlog2,testFloatInfinitySerialization_withlog0,testFloatInfinitySerialization_withlog1,testFloatInfinitySerialization_withlog2,testDeserializePrimitiveWrapperAsObjectField_withlog0,testDeserializePrimitiveWrapperAsObjectField_withlog1,testDeserializePrimitiveWrapperAsObjectField_withlog2,testFloatNaNSerializationNotSupportedByDefault_withlog0,testFloatNaNSerializationNotSupportedByDefault_withlog1,testFloatNaNSerializationNotSupportedByDefault_withlog2,testPrimitiveLongAutoboxedSerialization_withlog0,testPrimitiveLongAutoboxedSerialization_withlog1,testPrimitiveLongAutoboxedSerialization_withlog2,testDeserializingBigDecimalAsBigIntegerFails_withlog0,testDeserializingBigDecimalAsBigIntegerFails_withlog1,testDeserializingBigDecimalAsBigIntegerFails_withlog2,testBigDecimalPreservePrecisionSerialization_withlog0,testBigDecimalPreservePrecisionSerialization_withlog1,testBigDecimalPreservePrecisionSerialization_withlog2,testLongAsStringSerialization_withlog0,testLongAsStringSerialization_withlog1,testLongAsStringSerialization_withlog2,testDeserializeJsonObjectAsBigDecimal_withlog0,testDeserializeJsonObjectAsBigDecimal_withlog1,testDeserializeJsonObjectAsBigDecimal_withlog2,testBooleanDeserialization_withlog0,testBooleanDeserialization_withlog1,testBooleanDeserialization_withlog2,testDeserializeJsonArrayAsNumber_withlog0,testDeserializeJsonArrayAsNumber_withlog1,testDeserializeJsonArrayAsNumber_withlog2,testReallyLongValuesDeserialization_withlog0,testReallyLongValuesDeserialization_withlog1,testReallyLongValuesDeserialization_withlog2,testBigIntegerSerialization_withlog0,testBigIntegerSerialization_withlog1,testBigIntegerSerialization_withlog2,testNegativeInfinityDeserialization_withlog0,testNegativeInfinityDeserialization_withlog1,testNegativeInfinityDeserialization_withlog2,testPrimitiveIntegerAutoboxedInASingleElementArraySerialization_withlog0,testPrimitiveIntegerAutoboxedInASingleElementArraySerialization_withlog1,testPrimitiveIntegerAutoboxedInASingleElementArraySerialization_withlog2,testBigDecimalDeserialization_withlog0,testBigDecimalDeserialization_withlog1,testBigDecimalDeserialization_withlog2,testFloatNaNDeserialization_withlog0,testFloatNaNDeserialization_withlog1,testFloatNaNDeserialization_withlog2,testDoubleInfinitySerialization_withlog0,testDoubleInfinitySerialization_withlog1,testDoubleInfinitySerialization_withlog2,testDeserializeJsonArrayAsByteWrapper_withlog0,testDeserializeJsonArrayAsByteWrapper_withlog1,testDeserializeJsonArrayAsByteWrapper_withlog2,testPrimitiveIntegerAutoboxedSerialization_withlog0,testPrimitiveIntegerAutoboxedSerialization_withlog1,testPrimitiveIntegerAutoboxedSerialization_withlog2,testNumberAsStringDeserialization_withlog0,testNumberAsStringDeserialization_withlog1,testNumberAsStringDeserialization_withlog2,testDeserializeJsonArrayAsInt_withlog0,testDeserializeJsonArrayAsInt_withlog1,testDeserializeJsonArrayAsInt_withlog2,testDeserializeJsonArrayAsLongWrapper_withlog0,testDeserializeJsonArrayAsLongWrapper_withlog1,testDeserializeJsonArrayAsLongWrapper_withlog2,testSmallValueForBigIntegerSerialization_withlog0,testSmallValueForBigIntegerSerialization_withlog1,testSmallValueForBigIntegerSerialization_withlog2,testNumberSerialization_withlog0,testNumberSerialization_withlog1,testNumberSerialization_withlog2
[INFO] Generating assertions...
[INFO] 54 new tests with assertions generated
[ERROR] Error(s) during compilation:
[ERROR] Pb(102) The method assertEquals(Object, Object) is ambiguous for the type Assert
[ERROR] Pb(102) The method assertEquals(Object, Object) is ambiguous for the type Assert
[ERROR] Pb(102) The method assertEquals(Object, Object) is ambiguous for the type Assert
[ERROR] Pb(102) The method assertEquals(Object, Object) is ambiguous for the type Assert
[INFO] Run: java -classpath /tmp/icst-2019/september-2018/dataset/gson_parent/gson/target/test-classes:/tmp/icst-2019/september-2018/dataset/gson_parent/gson/target/classes/:/home/spirals/danglot/.m2/repository/junit/junit/4.12/junit-4.12.jar:/home/spirals/danglot/.m2/repository/org/hamcrest/hamcrest-core/1.3/hamcrest-core-1.3.jar:/tmp/icst-2019/september-2018/dataset/gson_parent/gson/target/dspot/dependencies/:/home/spirals/danglot/.m2/repository/eu/stamp-project/test-runner/1.1.0/test-runner-1.1.0-jar-with-dependencies.jar eu.stamp_project.testrunner.runner.test.TestRunner com.google.gson.functional.PrimitiveTest testDeserializingDecimalPointValueZeroSucceeds:testNumberAsStringDeserialization:testBooleanDeserialization:testFloatInfinitySerialization:testNumberDeserialization:testLongAsStringSerialization:testPrimitiveIntegerAutoboxedSerialization:testNegativeInfinitySerialization:testDoubleInfinityDeserialization:testSmallValueForBigIntegerDeserialization:testUnquotedStringDeserializationFails:testQuotedStringSerializationAndDeserialization:testPrimitiveDoubleAutoboxedSerialization:testSmallValueForBigDecimalSerialization:testLongAsStringDeserialization:testShortSerialization:testByteSerialization:testDeserializePrimitiveWrapperAsObjectField:testPrimitiveDoubleAutoboxedInASingleElementArraySerialization:testNegativeInfinityFloatSerialization:testHtmlCharacterSerialization:testPrimitiveBooleanAutoboxedSerialization:testReallyLongValuesSerialization:testReallyLongValuesDeserialization:testBigDecimalPreservePrecisionSerialization:testSmallValueForBigDecimalDeserialization:testByteDeserialization:testDoubleInfinitySerialization:testPrimitiveIntegerAutoboxedDeserialization:testBigDecimalSerialization:testBigDecimalDeserialization:testBigDecimalPreservePrecisionDeserialization:testPrimitiveClassLiteral:testBigDecimalAsStringRepresentationDeserialization:testFloatNaNDeserialization:testBigIntegerSerialization:testDoubleNaNDeserialization:testStringsAsBooleans:testNegativeInfinityDeserialization:testFloatInfinityDeserialization:testMoreSpecificSerialization:testNumberSerialization:testBigDecimalNoFractAsStringRepresentationDeserialization:testDeserializingBigIntegerAsBigDecimal:testDoubleNaNSerialization:testPrimitiveIntegerAutoboxedInASingleElementArraySerialization:testPrimitiveLongAutoboxedDeserialization:testFloatNaNSerialization:testNegativeInfinityFloatDeserialization:testPrimitiveLongAutoboxedInASingleElementArraySerialization:testPrimitiveBooleanAutoboxedInASingleElementArraySerialization:testPrimitiveLongAutoboxedSerialization:testSmallValueForBigIntegerSerialization:testBigIntegerDeserialization
File saved to the following path: /tmp/icst-2019/september-2018/dataset/gson_parent/gson/target/dspot/TestListener.ser
Loading /tmp/icst-2019/september-2018/dataset/gson_parent/gson/target/dspot/TestListener.ser
[INFO] Test has been run: testLongAsStringDeserialization,testBigDecimalPreservePrecisionSerialization,testSmallValueForBigDecimalDeserialization,testNumberDeserialization,testMoreSpecificSerialization,testUnquotedStringDeserializationFails,testDeserializingBigIntegerAsBigDecimal,testQuotedStringSerializationAndDeserialization,testReallyLongValuesDeserialization,testNumberAsStringDeserialization,testSmallValueForBigIntegerDeserialization,testNegativeInfinityFloatDeserialization,testHtmlCharacterSerialization,testPrimitiveBooleanAutoboxedInASingleElementArraySerialization,testPrimitiveBooleanAutoboxedSerialization,testBigDecimalDeserialization,testPrimitiveLongAutoboxedDeserialization,testNegativeInfinityDeserialization,testSmallValueForBigIntegerSerialization,testSmallValueForBigDecimalSerialization,testNumberSerialization,testBigDecimalAsStringRepresentationDeserialization,testFloatNaNSerialization,testByteDeserialization,testPrimitiveIntegerAutoboxedDeserialization,testBigIntegerDeserialization,testBigDecimalNoFractAsStringRepresentationDeserialization,testReallyLongValuesSerialization,testPrimitiveDoubleAutoboxedSerialization,testNegativeInfinitySerialization,testFloatInfinitySerialization,testFloatNaNDeserialization,testDoubleNaNDeserialization,testStringsAsBooleans,testBigIntegerSerialization,testDeserializingDecimalPointValueZeroSucceeds,testLongAsStringSerialization,testDeserializePrimitiveWrapperAsObjectField,testPrimitiveClassLiteral,testBigDecimalSerialization,testByteSerialization,testNegativeInfinityFloatSerialization,testPrimitiveIntegerAutoboxedSerialization,testShortSerialization,testPrimitiveIntegerAutoboxedInASingleElementArraySerialization,testDoubleInfinityDeserialization,testBigDecimalPreservePrecisionDeserialization,testDoubleNaNSerialization,testBooleanDeserialization,testPrimitiveLongAutoboxedInASingleElementArraySerialization,testFloatInfinityDeserialization,testDoubleInfinitySerialization,testPrimitiveDoubleAutoboxedInASingleElementArraySerialization,testPrimitiveLongAutoboxedSerialization
[INFO] Assertion amplification: 54 test method(s) has been successfully amplified.
[WARN] 2018-09-23 13:33:53 Launcher - You specified the directory /tmp/icst-2019/september-2018/dataset/gson/gson/target/classes in source classpath, please note that only class files will be considered. Jars and subdirectories will be ignored.
[WARN] 2018-09-23 13:33:53 Launcher - You specified the directory /tmp/icst-2019/september-2018/dataset/gson/gson/target/test-classes in source classpath, please note that only class files will be considered. Jars and subdirectories will be ignored.
[WARN] 2018-09-23 13:33:53 Launcher - You specified the directory /tmp/icst-2019/september-2018/dataset/gson/gson/target/dspot/dependencies in source classpath, please note that only class files will be considered. Jars and subdirectories will be ignored.
[INFO] Run: java -classpath /tmp/icst-2019/september-2018/dataset/gson/gson/target/classes/:/tmp/icst-2019/september-2018/dataset/gson/gson/target/test-classes/:/home/spirals/danglot/.m2/repository/junit/junit/4.12/junit-4.12.jar:/home/spirals/danglot/.m2/repository/org/hamcrest/hamcrest-core/1.3/hamcrest-core-1.3.jar:/tmp/icst-2019/september-2018/dataset/gson/gson/target/dspot/dependencies/:/home/spirals/danglot/.m2/repository/eu/stamp-project/test-runner/1.1.0/test-runner-1.1.0-jar-with-dependencies.jar eu.stamp_project.testrunner.runner.test.TestRunner com.google.gson.functional.PrimitiveTest testDeserializingDecimalPointValueZeroSucceeds:testNumberAsStringDeserialization:testBooleanDeserialization:testFloatInfinitySerialization:testNumberDeserialization:testLongAsStringSerialization:testPrimitiveIntegerAutoboxedSerialization:testNegativeInfinitySerialization:testDoubleInfinityDeserialization:testSmallValueForBigIntegerDeserialization:testUnquotedStringDeserializationFails:testQuotedStringSerializationAndDeserialization:testPrimitiveDoubleAutoboxedSerialization:testSmallValueForBigDecimalSerialization:testLongAsStringDeserialization:testShortSerialization:testByteSerialization:testDeserializePrimitiveWrapperAsObjectField:testPrimitiveDoubleAutoboxedInASingleElementArraySerialization:testNegativeInfinityFloatSerialization:testHtmlCharacterSerialization:testPrimitiveBooleanAutoboxedSerialization:testReallyLongValuesSerialization:testReallyLongValuesDeserialization:testBigDecimalPreservePrecisionSerialization:testSmallValueForBigDecimalDeserialization:testByteDeserialization:testDoubleInfinitySerialization:testPrimitiveIntegerAutoboxedDeserialization:testBigDecimalSerialization:testBigDecimalDeserialization:testBigDecimalPreservePrecisionDeserialization:testPrimitiveClassLiteral:testBigDecimalAsStringRepresentationDeserialization:testFloatNaNDeserialization:testBigIntegerSerialization:testDoubleNaNDeserialization:testStringsAsBooleans:testNegativeInfinityDeserialization:testFloatInfinityDeserialization:testMoreSpecificSerialization:testNumberSerialization:testBigDecimalNoFractAsStringRepresentationDeserialization:testDeserializingBigIntegerAsBigDecimal:testDoubleNaNSerialization:testPrimitiveIntegerAutoboxedInASingleElementArraySerialization:testPrimitiveLongAutoboxedDeserialization:testFloatNaNSerialization:testNegativeInfinityFloatDeserialization:testPrimitiveLongAutoboxedInASingleElementArraySerialization:testPrimitiveBooleanAutoboxedInASingleElementArraySerialization:testPrimitiveLongAutoboxedSerialization:testSmallValueForBigIntegerSerialization:testBigIntegerDeserialization
File saved to the following path: /tmp/icst-2019/september-2018/dataset/gson_parent/gson/target/dspot/TestListener.ser
Loading /tmp/icst-2019/september-2018/dataset/gson_parent/gson/target/dspot/TestListener.ser
[INFO] Test has been run: testLongAsStringDeserialization,testBigDecimalPreservePrecisionSerialization,testSmallValueForBigDecimalDeserialization,testNumberDeserialization,testMoreSpecificSerialization,testUnquotedStringDeserializationFails,testDeserializingBigIntegerAsBigDecimal,testQuotedStringSerializationAndDeserialization,testReallyLongValuesDeserialization,testNumberAsStringDeserialization,testSmallValueForBigIntegerDeserialization,testNegativeInfinityFloatDeserialization,testHtmlCharacterSerialization,testPrimitiveBooleanAutoboxedInASingleElementArraySerialization,testPrimitiveBooleanAutoboxedSerialization,testBigDecimalDeserialization,testPrimitiveLongAutoboxedDeserialization,testNegativeInfinityDeserialization,testSmallValueForBigIntegerSerialization,testSmallValueForBigDecimalSerialization,testNumberSerialization,testBigDecimalAsStringRepresentationDeserialization,testFloatNaNSerialization,testByteDeserialization,testPrimitiveIntegerAutoboxedDeserialization,testBigIntegerDeserialization,testBigDecimalNoFractAsStringRepresentationDeserialization,testReallyLongValuesSerialization,testPrimitiveDoubleAutoboxedSerialization,testNegativeInfinitySerialization,testFloatInfinitySerialization,testFloatNaNDeserialization,testDoubleNaNDeserialization,testStringsAsBooleans,testBigIntegerSerialization,testDeserializingDecimalPointValueZeroSucceeds,testLongAsStringSerialization,testDeserializePrimitiveWrapperAsObjectField,testPrimitiveClassLiteral,testBigDecimalSerialization,testByteSerialization,testNegativeInfinityFloatSerialization,testPrimitiveIntegerAutoboxedSerialization,testShortSerialization,testPrimitiveIntegerAutoboxedInASingleElementArraySerialization,testDoubleInfinityDeserialization,testBigDecimalPreservePrecisionDeserialization,testDoubleNaNSerialization,testBooleanDeserialization,testPrimitiveLongAutoboxedInASingleElementArraySerialization,testFloatInfinityDeserialization,testDoubleInfinitySerialization,testPrimitiveDoubleAutoboxedInASingleElementArraySerialization,testPrimitiveLongAutoboxedSerialization
[INFO] 0 amplified test methods has been selected to be kept. (global: 0)
[INFO] elapsedTime 10116
======= REPORT =======
0 amplified test fails on the new versions.

[WARNING] DSpot could not obtain any amplified test method.
[WARNING] You can customize the following options: --amplifiers, --test-criterion, --iteration, --budgetizer etc, and retry with a new configuration.
[INFO] Amplification of com.google.gson.functional.StreamingTypeAdaptersTest (12 test(s))
[INFO] Assertion amplification of com.google.gson.functional.StreamingTypeAdaptersTest (12 test(s))
[INFO] Run: java -classpath /tmp/icst-2019/september-2018/dataset/gson_parent/gson/target/test-classes:/tmp/icst-2019/september-2018/dataset/gson_parent/gson/target/classes/:/home/spirals/danglot/.m2/repository/junit/junit/4.12/junit-4.12.jar:/home/spirals/danglot/.m2/repository/org/hamcrest/hamcrest-core/1.3/hamcrest-core-1.3.jar:/tmp/icst-2019/september-2018/dataset/gson_parent/gson/target/dspot/dependencies/:/home/spirals/danglot/.m2/repository/eu/stamp-project/test-runner/1.1.0/test-runner-1.1.0-jar-with-dependencies.jar eu.stamp_project.testrunner.runner.test.TestRunner com.google.gson.functional.StreamingTypeAdaptersTest testDeserialize2dArray:testSerialize1dArray:testSerialize:testNullSafe:testSerializeWithCustomTypeAdapter:testSerialize2dArray:testSerializeNullField:testSerializeNullObject:testSerializeRecursive:testDeserializeWithCustomTypeAdapter:testDeserialize1dArray:testSerialize
File saved to the following path: /tmp/icst-2019/september-2018/dataset/gson_parent/gson/target/dspot/TestListener.ser
Loading /tmp/icst-2019/september-2018/dataset/gson_parent/gson/target/dspot/TestListener.ser
[INFO] Test has been run: testSerialize2dArray,testSerializeWithCustomTypeAdapter,testDeserialize1dArray,testDeserialize2dArray,testDeserializeWithCustomTypeAdapter,testSerialize,testSerialize1dArray,testSerializeNullField,testSerializeNullObject,testSerializeRecursive,testNullSafe(com.google.gson.functional.StreamingTypeAdaptersTest): Use assertEquals(expected, actual, delta) to compare floating-point numbers
[INFO] Run tests. (11)
[INFO] Run: java -classpath /tmp/icst-2019/september-2018/dataset/gson_parent/gson/target/test-classes:/tmp/icst-2019/september-2018/dataset/gson_parent/gson/target/classes/:/home/spirals/danglot/.m2/repository/junit/junit/4.12/junit-4.12.jar:/home/spirals/danglot/.m2/repository/org/hamcrest/hamcrest-core/1.3/hamcrest-core-1.3.jar:/tmp/icst-2019/september-2018/dataset/gson_parent/gson/target/dspot/dependencies/:/home/spirals/danglot/.m2/repository/eu/stamp-project/test-runner/1.1.0/test-runner-1.1.0-jar-with-dependencies.jar eu.stamp_project.testrunner.runner.test.TestRunner com.google.gson.functional.StreamingTypeAdaptersTest testDeserialize2dArray:testSerialize1dArray:testSerialize:testSerializeWithCustomTypeAdapter:testSerialize2dArray:testSerializeNullField:testSerializeNullObject:testSerializeRecursive:testDeserializeWithCustomTypeAdapter:testDeserialize1dArray:testSerialize
File saved to the following path: /tmp/icst-2019/september-2018/dataset/gson_parent/gson/target/dspot/TestListener.ser
Loading /tmp/icst-2019/september-2018/dataset/gson_parent/gson/target/dspot/TestListener.ser
[INFO] Test has been run: testSerialize2dArray,testSerializeWithCustomTypeAdapter,testDeserialize1dArray,testDeserialize2dArray,testDeserializeWithCustomTypeAdapter,testSerialize,testSerialize1dArray,testSerializeNullField,testSerializeNullObject,testSerializeRecursive
[INFO] 10 test pass, generating assertion...
[INFO] Add observations points in passing tests.
[INFO] Instrumentation...
  9% |==== ]/ 18% |========= ]- 27% |============= ]\ 36% |================== ]| 45% |====================== ]/ 54% |=========================== ]- 63% |=============================== ]\ 72% |==================================== ]| 81% |======================================== ]/ 90% |============================================= ]-100% |================================================== ]\
[INFO] Run instrumented tests. (33)
[INFO] Run: java -classpath /tmp/icst-2019/september-2018/dataset/gson_parent/gson/target/test-classes:/tmp/icst-2019/september-2018/dataset/gson_parent/gson/target/classes/:/home/spirals/danglot/.m2/repository/junit/junit/4.12/junit-4.12.jar:/home/spirals/danglot/.m2/repository/org/hamcrest/hamcrest-core/1.3/hamcrest-core-1.3.jar:/tmp/icst-2019/september-2018/dataset/gson_parent/gson/target/dspot/dependencies/:/home/spirals/danglot/.m2/repository/eu/stamp-project/test-runner/1.1.0/test-runner-1.1.0-jar-with-dependencies.jar eu.stamp_project.testrunner.runner.test.TestRunner com.google.gson.functional.StreamingTypeAdaptersTest testDeserialize2dArray_withlog0:testSerialize1dArray_withlog0:testSerialize_withlog0:testSerializeWithCustomTypeAdapter_withlog0:testSerialize2dArray_withlog0:testSerializeNullField_withlog0:testSerializeNullObject_withlog0:testSerializeRecursive_withlog0:testDeserializeWithCustomTypeAdapter_withlog0:testDeserialize1dArray_withlog0:testSerialize_withlog0:testDeserialize2dArray_withlog1:testSerialize1dArray_withlog1:testSerialize_withlog1:testSerializeWithCustomTypeAdapter_withlog1:testSerialize2dArray_withlog1:testSerializeNullField_withlog1:testSerializeNullObject_withlog1:testSerializeRecursive_withlog1:testDeserializeWithCustomTypeAdapter_withlog1:testDeserialize1dArray_withlog1:testSerialize_withlog1:testDeserialize2dArray_withlog2:testSerialize1dArray_withlog2:testSerialize_withlog2:testSerializeWithCustomTypeAdapter_withlog2:testSerialize2dArray_withlog2:testSerializeNullField_withlog2:testSerializeNullObject_withlog2:testSerializeRecursive_withlog2:testDeserializeWithCustomTypeAdapter_withlog2:testDeserialize1dArray_withlog2:testSerialize_withlog2
File saved to the following path: /tmp/icst-2019/september-2018/dataset/gson_parent/gson/target/dspot/observations.ser
File saved to the following path: /tmp/icst-2019/september-2018/dataset/gson_parent/gson/target/dspot/TestListener.ser
Loading /tmp/icst-2019/september-2018/dataset/gson_parent/gson/target/dspot/TestListener.ser
[INFO] Test has been run: testSerialize_withlog0,testSerialize_withlog1,testSerialize_withlog2,testDeserialize2dArray_withlog0,testDeserialize2dArray_withlog1,testDeserialize2dArray_withlog2,testDeserialize1dArray_withlog0,testDeserialize1dArray_withlog1,testDeserialize1dArray_withlog2,testSerializeNullObject_withlog0,testSerializeNullObject_withlog1,testSerializeNullObject_withlog2,testDeserializeWithCustomTypeAdapter_withlog0,testDeserializeWithCustomTypeAdapter_withlog1,testDeserializeWithCustomTypeAdapter_withlog2,testSerialize2dArray_withlog0,testSerialize2dArray_withlog1,testSerialize2dArray_withlog2,testSerializeNullField_withlog0,testSerializeNullField_withlog1,testSerializeNullField_withlog2,testSerialize1dArray_withlog0,testSerialize1dArray_withlog1,testSerialize1dArray_withlog2,testSerializeWithCustomTypeAdapter_withlog0,testSerializeWithCustomTypeAdapter_withlog1,testSerializeWithCustomTypeAdapter_withlog2,testSerializeRecursive_withlog0,testSerializeRecursive_withlog1,testSerializeRecursive_withlog2
[INFO] Generating assertions...
[INFO] 11 new tests with assertions generated
[INFO] Run: java -classpath /tmp/icst-2019/september-2018/dataset/gson_parent/gson/target/test-classes:/tmp/icst-2019/september-2018/dataset/gson_parent/gson/target/classes/:/home/spirals/danglot/.m2/repository/junit/junit/4.12/junit-4.12.jar:/home/spirals/danglot/.m2/repository/org/hamcrest/hamcrest-core/1.3/hamcrest-core-1.3.jar:/tmp/icst-2019/september-2018/dataset/gson_parent/gson/target/dspot/dependencies/:/home/spirals/danglot/.m2/repository/eu/stamp-project/test-runner/1.1.0/test-runner-1.1.0-jar-with-dependencies.jar eu.stamp_project.testrunner.runner.test.TestRunner com.google.gson.functional.StreamingTypeAdaptersTest testDeserialize2dArray:testSerialize1dArray:testSerialize:testSerializeWithCustomTypeAdapter:testSerialize2dArray:testSerializeNullField:testSerializeNullObject:testSerializeRecursive:testDeserializeWithCustomTypeAdapter:testDeserialize1dArray:testSerialize
File saved to the following path: /tmp/icst-2019/september-2018/dataset/gson_parent/gson/target/dspot/TestListener.ser
Loading /tmp/icst-2019/september-2018/dataset/gson_parent/gson/target/dspot/TestListener.ser
[INFO] Test has been run: testSerialize2dArray,testSerializeWithCustomTypeAdapter,testDeserialize1dArray,testDeserialize2dArray,testDeserializeWithCustomTypeAdapter,testSerialize,testSerialize1dArray,testSerializeNullField,testSerializeNullObject,testSerializeRecursive
[INFO] Assertion amplification: 11 test method(s) has been successfully amplified.
[WARN] 2018-09-23 13:33:58 Launcher - You specified the directory /tmp/icst-2019/september-2018/dataset/gson/gson/target/classes in source classpath, please note that only class files will be considered. Jars and subdirectories will be ignored.
[WARN] 2018-09-23 13:33:58 Launcher - You specified the directory /tmp/icst-2019/september-2018/dataset/gson/gson/target/test-classes in source classpath, please note that only class files will be considered. Jars and subdirectories will be ignored.
[WARN] 2018-09-23 13:33:58 Launcher - You specified the directory /tmp/icst-2019/september-2018/dataset/gson/gson/target/dspot/dependencies in source classpath, please note that only class files will be considered. Jars and subdirectories will be ignored.
[INFO] Run: java -classpath /tmp/icst-2019/september-2018/dataset/gson/gson/target/classes/:/tmp/icst-2019/september-2018/dataset/gson/gson/target/test-classes/:/home/spirals/danglot/.m2/repository/junit/junit/4.12/junit-4.12.jar:/home/spirals/danglot/.m2/repository/org/hamcrest/hamcrest-core/1.3/hamcrest-core-1.3.jar:/tmp/icst-2019/september-2018/dataset/gson/gson/target/dspot/dependencies/:/home/spirals/danglot/.m2/repository/eu/stamp-project/test-runner/1.1.0/test-runner-1.1.0-jar-with-dependencies.jar eu.stamp_project.testrunner.runner.test.TestRunner com.google.gson.functional.StreamingTypeAdaptersTest testDeserialize2dArray:testSerialize1dArray:testSerialize:testSerializeWithCustomTypeAdapter:testSerialize2dArray:testSerializeNullField:testSerializeNullObject:testSerializeRecursive:testDeserializeWithCustomTypeAdapter:testDeserialize1dArray:testSerialize
File saved to the following path: /tmp/icst-2019/september-2018/dataset/gson_parent/gson/target/dspot/TestListener.ser
Loading /tmp/icst-2019/september-2018/dataset/gson_parent/gson/target/dspot/TestListener.ser
[INFO] Test has been run: testSerialize2dArray,testSerializeWithCustomTypeAdapter,testDeserialize1dArray,testDeserialize2dArray,testDeserializeWithCustomTypeAdapter,testSerialize,testSerialize1dArray,testSerializeNullField,testSerializeNullObject,testSerializeRecursive
[INFO] 0 amplified test methods has been selected to be kept. (global: 0)
[INFO] elapsedTime 5077
======= REPORT =======
0 amplified test fails on the new versions.

[WARNING] DSpot could not obtain any amplified test method.
[WARNING] You can customize the following options: --amplifiers, --test-criterion, --iteration, --budgetizer etc, and retry with a new configuration.
[INFO] Amplification of com.google.gson.GsonBuilderTest (3 test(s))
[INFO] Assertion amplification of com.google.gson.GsonBuilderTest (3 test(s))
[INFO] Run: java -classpath /tmp/icst-2019/september-2018/dataset/gson_parent/gson/target/test-classes:/tmp/icst-2019/september-2018/dataset/gson_parent/gson/target/classes/:/home/spirals/danglot/.m2/repository/junit/junit/4.12/junit-4.12.jar:/home/spirals/danglot/.m2/repository/org/hamcrest/hamcrest-core/1.3/hamcrest-core-1.3.jar:/tmp/icst-2019/september-2018/dataset/gson_parent/gson/target/dspot/dependencies/:/home/spirals/danglot/.m2/repository/eu/stamp-project/test-runner/1.1.0/test-runner-1.1.0-jar-with-dependencies.jar eu.stamp_project.testrunner.runner.test.TestRunner com.google.gson.GsonBuilderTest testRegisterTypeAdapterForCoreType:testTransientFieldExclusion:testExcludeFieldsWithModifiers
File saved to the following path: /tmp/icst-2019/september-2018/dataset/gson_parent/gson/target/dspot/TestListener.ser
Loading /tmp/icst-2019/september-2018/dataset/gson_parent/gson/target/dspot/TestListener.ser
[INFO] Test has been run: testTransientFieldExclusion,testExcludeFieldsWithModifiers,testRegisterTypeAdapterForCoreType
[INFO] Run tests. (3)
[INFO] Run: java -classpath /tmp/icst-2019/september-2018/dataset/gson_parent/gson/target/test-classes:/tmp/icst-2019/september-2018/dataset/gson_parent/gson/target/classes/:/home/spirals/danglot/.m2/repository/junit/junit/4.12/junit-4.12.jar:/home/spirals/danglot/.m2/repository/org/hamcrest/hamcrest-core/1.3/hamcrest-core-1.3.jar:/tmp/icst-2019/september-2018/dataset/gson_parent/gson/target/dspot/dependencies/:/home/spirals/danglot/.m2/repository/eu/stamp-project/test-runner/1.1.0/test-runner-1.1.0-jar-with-dependencies.jar eu.stamp_project.testrunner.runner.test.TestRunner com.google.gson.GsonBuilderTest testRegisterTypeAdapterForCoreType:testTransientFieldExclusion:testExcludeFieldsWithModifiers
File saved to the following path: /tmp/icst-2019/september-2018/dataset/gson_parent/gson/target/dspot/TestListener.ser
Loading /tmp/icst-2019/september-2018/dataset/gson_parent/gson/target/dspot/TestListener.ser
[INFO] Test has been run: testTransientFieldExclusion,testExcludeFieldsWithModifiers,testRegisterTypeAdapterForCoreType
[INFO] 3 test pass, generating assertion...
[INFO] Add observations points in passing tests.
[INFO] Instrumentation...
 33% |================ ]/ 66% |================================= ]-100% |================================================== ]\
[INFO] Run instrumented tests. (9)
[INFO] Run: java -classpath /tmp/icst-2019/september-2018/dataset/gson_parent/gson/target/test-classes:/tmp/icst-2019/september-2018/dataset/gson_parent/gson/target/classes/:/home/spirals/danglot/.m2/repository/junit/junit/4.12/junit-4.12.jar:/home/spirals/danglot/.m2/repository/org/hamcrest/hamcrest-core/1.3/hamcrest-core-1.3.jar:/tmp/icst-2019/september-2018/dataset/gson_parent/gson/target/dspot/dependencies/:/home/spirals/danglot/.m2/repository/eu/stamp-project/test-runner/1.1.0/test-runner-1.1.0-jar-with-dependencies.jar eu.stamp_project.testrunner.runner.test.TestRunner com.google.gson.GsonBuilderTest testRegisterTypeAdapterForCoreType_withlog0:testTransientFieldExclusion_withlog0:testExcludeFieldsWithModifiers_withlog0:testRegisterTypeAdapterForCoreType_withlog1:testTransientFieldExclusion_withlog1:testExcludeFieldsWithModifiers_withlog1:testRegisterTypeAdapterForCoreType_withlog2:testTransientFieldExclusion_withlog2:testExcludeFieldsWithModifiers_withlog2
File saved to the following path: /tmp/icst-2019/september-2018/dataset/gson_parent/gson/target/dspot/observations.ser
File saved to the following path: /tmp/icst-2019/september-2018/dataset/gson_parent/gson/target/dspot/TestListener.ser
Loading /tmp/icst-2019/september-2018/dataset/gson_parent/gson/target/dspot/TestListener.ser
[INFO] Test has been run: testExcludeFieldsWithModifiers_withlog0,testExcludeFieldsWithModifiers_withlog1,testExcludeFieldsWithModifiers_withlog2,testTransientFieldExclusion_withlog0,testTransientFieldExclusion_withlog1,testTransientFieldExclusion_withlog2,testRegisterTypeAdapterForCoreType_withlog0,testRegisterTypeAdapterForCoreType_withlog1,testRegisterTypeAdapterForCoreType_withlog2
[INFO] Generating assertions...
[INFO] 2 new tests with assertions generated
[INFO] Run: java -classpath /tmp/icst-2019/september-2018/dataset/gson_parent/gson/target/test-classes:/tmp/icst-2019/september-2018/dataset/gson_parent/gson/target/classes/:/home/spirals/danglot/.m2/repository/junit/junit/4.12/junit-4.12.jar:/home/spirals/danglot/.m2/repository/org/hamcrest/hamcrest-core/1.3/hamcrest-core-1.3.jar:/tmp/icst-2019/september-2018/dataset/gson_parent/gson/target/dspot/dependencies/:/home/spirals/danglot/.m2/repository/eu/stamp-project/test-runner/1.1.0/test-runner-1.1.0-jar-with-dependencies.jar eu.stamp_project.testrunner.runner.test.TestRunner com.google.gson.GsonBuilderTest testTransientFieldExclusion:testExcludeFieldsWithModifiers
File saved to the following path: /tmp/icst-2019/september-2018/dataset/gson_parent/gson/target/dspot/TestListener.ser
Loading /tmp/icst-2019/september-2018/dataset/gson_parent/gson/target/dspot/TestListener.ser
[INFO] Test has been run: testTransientFieldExclusion,testExcludeFieldsWithModifiers
[INFO] Assertion amplification: 2 test method(s) has been successfully amplified.
[WARN] 2018-09-23 13:34:02 Launcher - You specified the directory /tmp/icst-2019/september-2018/dataset/gson/gson/target/classes in source classpath, please note that only class files will be considered. Jars and subdirectories will be ignored.
[WARN] 2018-09-23 13:34:02 Launcher - You specified the directory /tmp/icst-2019/september-2018/dataset/gson/gson/target/test-classes in source classpath, please note that only class files will be considered. Jars and subdirectories will be ignored.
[WARN] 2018-09-23 13:34:02 Launcher - You specified the directory /tmp/icst-2019/september-2018/dataset/gson/gson/target/dspot/dependencies in source classpath, please note that only class files will be considered. Jars and subdirectories will be ignored.
[INFO] Run: java -classpath /tmp/icst-2019/september-2018/dataset/gson/gson/target/classes/:/tmp/icst-2019/september-2018/dataset/gson/gson/target/test-classes/:/home/spirals/danglot/.m2/repository/junit/junit/4.12/junit-4.12.jar:/home/spirals/danglot/.m2/repository/org/hamcrest/hamcrest-core/1.3/hamcrest-core-1.3.jar:/tmp/icst-2019/september-2018/dataset/gson/gson/target/dspot/dependencies/:/home/spirals/danglot/.m2/repository/eu/stamp-project/test-runner/1.1.0/test-runner-1.1.0-jar-with-dependencies.jar eu.stamp_project.testrunner.runner.test.TestRunner com.google.gson.GsonBuilderTest testTransientFieldExclusion:testExcludeFieldsWithModifiers
File saved to the following path: /tmp/icst-2019/september-2018/dataset/gson_parent/gson/target/dspot/TestListener.ser
Loading /tmp/icst-2019/september-2018/dataset/gson_parent/gson/target/dspot/TestListener.ser
[INFO] Test has been run: testTransientFieldExclusion,testExcludeFieldsWithModifiers
[INFO] 0 amplified test methods has been selected to be kept. (global: 0)
[INFO] elapsedTime 3177
======= REPORT =======
0 amplified test fails on the new versions.

[WARNING] DSpot could not obtain any amplified test method.
[WARNING] You can customize the following options: --amplifiers, --test-criterion, --iteration, --budgetizer etc, and retry with a new configuration.
[INFO] Amplification of com.google.gson.regression.JsonAdapterNullSafeTest (2 test(s))
[INFO] Assertion amplification of com.google.gson.regression.JsonAdapterNullSafeTest (2 test(s))
[INFO] Run: java -classpath /tmp/icst-2019/september-2018/dataset/gson_parent/gson/target/test-classes:/tmp/icst-2019/september-2018/dataset/gson_parent/gson/target/classes/:/home/spirals/danglot/.m2/repository/junit/junit/4.12/junit-4.12.jar:/home/spirals/danglot/.m2/repository/org/hamcrest/hamcrest-core/1.3/hamcrest-core-1.3.jar:/tmp/icst-2019/september-2018/dataset/gson_parent/gson/target/dspot/dependencies/:/home/spirals/danglot/.m2/repository/eu/stamp-project/test-runner/1.1.0/test-runner-1.1.0-jar-with-dependencies.jar eu.stamp_project.testrunner.runner.test.TestRunner com.google.gson.regression.JsonAdapterNullSafeTest testNullSafeBugDeserialize:testNullSafeBugSerialize
File saved to the following path: /tmp/icst-2019/september-2018/dataset/gson_parent/gson/target/dspot/TestListener.ser
Loading /tmp/icst-2019/september-2018/dataset/gson_parent/gson/target/dspot/TestListener.ser
[INFO] Test has been run: testNullSafeBugDeserialize,testNullSafeBugSerialize
[INFO] Run tests. (2)
[INFO] Run: java -classpath /tmp/icst-2019/september-2018/dataset/gson_parent/gson/target/test-classes:/tmp/icst-2019/september-2018/dataset/gson_parent/gson/target/classes/:/home/spirals/danglot/.m2/repository/junit/junit/4.12/junit-4.12.jar:/home/spirals/danglot/.m2/repository/org/hamcrest/hamcrest-core/1.3/hamcrest-core-1.3.jar:/tmp/icst-2019/september-2018/dataset/gson_parent/gson/target/dspot/dependencies/:/home/spirals/danglot/.m2/repository/eu/stamp-project/test-runner/1.1.0/test-runner-1.1.0-jar-with-dependencies.jar eu.stamp_project.testrunner.runner.test.TestRunner com.google.gson.regression.JsonAdapterNullSafeTest testNullSafeBugDeserialize:testNullSafeBugSerialize
File saved to the following path: /tmp/icst-2019/september-2018/dataset/gson_parent/gson/target/dspot/TestListener.ser
Loading /tmp/icst-2019/september-2018/dataset/gson_parent/gson/target/dspot/TestListener.ser
[INFO] Test has been run: testNullSafeBugDeserialize,testNullSafeBugSerialize
[INFO] 2 test pass, generating assertion...
[INFO] Add observations points in passing tests.
[INFO] Instrumentation...
 50% |========================= ]/100% |================================================== ]-
[INFO] Run instrumented tests. (6)
[INFO] Run: java -classpath /tmp/icst-2019/september-2018/dataset/gson_parent/gson/target/test-classes:/tmp/icst-2019/september-2018/dataset/gson_parent/gson/target/classes/:/home/spirals/danglot/.m2/repository/junit/junit/4.12/junit-4.12.jar:/home/spirals/danglot/.m2/repository/org/hamcrest/hamcrest-core/1.3/hamcrest-core-1.3.jar:/tmp/icst-2019/september-2018/dataset/gson_parent/gson/target/dspot/dependencies/:/home/spirals/danglot/.m2/repository/eu/stamp-project/test-runner/1.1.0/test-runner-1.1.0-jar-with-dependencies.jar eu.stamp_project.testrunner.runner.test.TestRunner com.google.gson.regression.JsonAdapterNullSafeTest testNullSafeBugDeserialize_withlog0:testNullSafeBugSerialize_withlog0:testNullSafeBugDeserialize_withlog1:testNullSafeBugSerialize_withlog1:testNullSafeBugDeserialize_withlog2:testNullSafeBugSerialize_withlog2
File saved to the following path: /tmp/icst-2019/september-2018/dataset/gson_parent/gson/target/dspot/observations.ser
File saved to the following path: /tmp/icst-2019/september-2018/dataset/gson_parent/gson/target/dspot/TestListener.ser
Loading /tmp/icst-2019/september-2018/dataset/gson_parent/gson/target/dspot/TestListener.ser
[INFO] Test has been run: testNullSafeBugSerialize_withlog0,testNullSafeBugSerialize_withlog1,testNullSafeBugSerialize_withlog2,testNullSafeBugDeserialize_withlog0,testNullSafeBugDeserialize_withlog1,testNullSafeBugDeserialize_withlog2
[INFO] Generating assertions...
[INFO] 1 new tests with assertions generated
[INFO] Run: java -classpath /tmp/icst-2019/september-2018/dataset/gson_parent/gson/target/test-classes:/tmp/icst-2019/september-2018/dataset/gson_parent/gson/target/classes/:/home/spirals/danglot/.m2/repository/junit/junit/4.12/junit-4.12.jar:/home/spirals/danglot/.m2/repository/org/hamcrest/hamcrest-core/1.3/hamcrest-core-1.3.jar:/tmp/icst-2019/september-2018/dataset/gson_parent/gson/target/dspot/dependencies/:/home/spirals/danglot/.m2/repository/eu/stamp-project/test-runner/1.1.0/test-runner-1.1.0-jar-with-dependencies.jar eu.stamp_project.testrunner.runner.test.TestRunner com.google.gson.regression.JsonAdapterNullSafeTest testNullSafeBugSerialize
File saved to the following path: /tmp/icst-2019/september-2018/dataset/gson_parent/gson/target/dspot/TestListener.ser
Loading /tmp/icst-2019/september-2018/dataset/gson_parent/gson/target/dspot/TestListener.ser
[INFO] Test has been run: testNullSafeBugSerialize
[INFO] Assertion amplification: 1 test method(s) has been successfully amplified.
[WARN] 2018-09-23 13:34:05 Launcher - You specified the directory /tmp/icst-2019/september-2018/dataset/gson/gson/target/classes in source classpath, please note that only class files will be considered. Jars and subdirectories will be ignored.
[WARN] 2018-09-23 13:34:05 Launcher - You specified the directory /tmp/icst-2019/september-2018/dataset/gson/gson/target/test-classes in source classpath, please note that only class files will be considered. Jars and subdirectories will be ignored.
[WARN] 2018-09-23 13:34:05 Launcher - You specified the directory /tmp/icst-2019/september-2018/dataset/gson/gson/target/dspot/dependencies in source classpath, please note that only class files will be considered. Jars and subdirectories will be ignored.
[INFO] Run: java -classpath /tmp/icst-2019/september-2018/dataset/gson/gson/target/classes/:/tmp/icst-2019/september-2018/dataset/gson/gson/target/test-classes/:/home/spirals/danglot/.m2/repository/junit/junit/4.12/junit-4.12.jar:/home/spirals/danglot/.m2/repository/org/hamcrest/hamcrest-core/1.3/hamcrest-core-1.3.jar:/tmp/icst-2019/september-2018/dataset/gson/gson/target/dspot/dependencies/:/home/spirals/danglot/.m2/repository/eu/stamp-project/test-runner/1.1.0/test-runner-1.1.0-jar-with-dependencies.jar eu.stamp_project.testrunner.runner.test.TestRunner com.google.gson.regression.JsonAdapterNullSafeTest testNullSafeBugSerialize
File saved to the following path: /tmp/icst-2019/september-2018/dataset/gson_parent/gson/target/dspot/TestListener.ser
Loading /tmp/icst-2019/september-2018/dataset/gson_parent/gson/target/dspot/TestListener.ser
[INFO] Test has been run: testNullSafeBugSerialize
[INFO] 0 amplified test methods has been selected to be kept. (global: 0)
[INFO] elapsedTime 2785
======= REPORT =======
0 amplified test fails on the new versions.

[WARNING] DSpot could not obtain any amplified test method.
[WARNING] You can customize the following options: --amplifiers, --test-criterion, --iteration, --budgetizer etc, and retry with a new configuration.
[INFO] Amplification of com.google.gson.internal.GsonTypesTest (2 test(s))
[INFO] Assertion amplification of com.google.gson.internal.GsonTypesTest (2 test(s))
[INFO] Run: java -classpath /tmp/icst-2019/september-2018/dataset/gson_parent/gson/target/test-classes:/tmp/icst-2019/september-2018/dataset/gson_parent/gson/target/classes/:/home/spirals/danglot/.m2/repository/junit/junit/4.12/junit-4.12.jar:/home/spirals/danglot/.m2/repository/org/hamcrest/hamcrest-core/1.3/hamcrest-core-1.3.jar:/tmp/icst-2019/september-2018/dataset/gson_parent/gson/target/dspot/dependencies/:/home/spirals/danglot/.m2/repository/eu/stamp-project/test-runner/1.1.0/test-runner-1.1.0-jar-with-dependencies.jar eu.stamp_project.testrunner.runner.test.TestRunner com.google.gson.internal.GsonTypesTest testNewParameterizedTypeWithoutOwner:testGetFirstTypeArgument
File saved to the following path: /tmp/icst-2019/september-2018/dataset/gson_parent/gson/target/dspot/TestListener.ser
Loading /tmp/icst-2019/september-2018/dataset/gson_parent/gson/target/dspot/TestListener.ser
[INFO] Test has been run: testGetFirstTypeArgument,testNewParameterizedTypeWithoutOwner
[INFO] Run tests. (2)
[INFO] Run: java -classpath /tmp/icst-2019/september-2018/dataset/gson_parent/gson/target/test-classes:/tmp/icst-2019/september-2018/dataset/gson_parent/gson/target/classes/:/home/spirals/danglot/.m2/repository/junit/junit/4.12/junit-4.12.jar:/home/spirals/danglot/.m2/repository/org/hamcrest/hamcrest-core/1.3/hamcrest-core-1.3.jar:/tmp/icst-2019/september-2018/dataset/gson_parent/gson/target/dspot/dependencies/:/home/spirals/danglot/.m2/repository/eu/stamp-project/test-runner/1.1.0/test-runner-1.1.0-jar-with-dependencies.jar eu.stamp_project.testrunner.runner.test.TestRunner com.google.gson.internal.GsonTypesTest testNewParameterizedTypeWithoutOwner:testGetFirstTypeArgument
File saved to the following path: /tmp/icst-2019/september-2018/dataset/gson_parent/gson/target/dspot/TestListener.ser
Loading /tmp/icst-2019/september-2018/dataset/gson_parent/gson/target/dspot/TestListener.ser
[INFO] Test has been run: testGetFirstTypeArgument,testNewParameterizedTypeWithoutOwner
[INFO] 2 test pass, generating assertion...
[INFO] Add observations points in passing tests.
[INFO] Instrumentation...
 50% |========================= ]/100% |================================================== ]-
[INFO] Run instrumented tests. (6)
[INFO] Run: java -classpath /tmp/icst-2019/september-2018/dataset/gson_parent/gson/target/test-classes:/tmp/icst-2019/september-2018/dataset/gson_parent/gson/target/classes/:/home/spirals/danglot/.m2/repository/junit/junit/4.12/junit-4.12.jar:/home/spirals/danglot/.m2/repository/org/hamcrest/hamcrest-core/1.3/hamcrest-core-1.3.jar:/tmp/icst-2019/september-2018/dataset/gson_parent/gson/target/dspot/dependencies/:/home/spirals/danglot/.m2/repository/eu/stamp-project/test-runner/1.1.0/test-runner-1.1.0-jar-with-dependencies.jar eu.stamp_project.testrunner.runner.test.TestRunner com.google.gson.internal.GsonTypesTest testNewParameterizedTypeWithoutOwner_withlog0:testGetFirstTypeArgument_withlog0:testNewParameterizedTypeWithoutOwner_withlog1:testGetFirstTypeArgument_withlog1:testNewParameterizedTypeWithoutOwner_withlog2:testGetFirstTypeArgument_withlog2
File saved to the following path: /tmp/icst-2019/september-2018/dataset/gson_parent/gson/target/dspot/observations.ser
File saved to the following path: /tmp/icst-2019/september-2018/dataset/gson_parent/gson/target/dspot/TestListener.ser
Loading /tmp/icst-2019/september-2018/dataset/gson_parent/gson/target/dspot/TestListener.ser
[INFO] Test has been run: testNewParameterizedTypeWithoutOwner_withlog0,testNewParameterizedTypeWithoutOwner_withlog1,testNewParameterizedTypeWithoutOwner_withlog2,testGetFirstTypeArgument_withlog0(com.google.gson.internal.GsonTypesTest): null,testGetFirstTypeArgument_withlog1(com.google.gson.internal.GsonTypesTest): null,testGetFirstTypeArgument_withlog2(com.google.gson.internal.GsonTypesTest): null
[WARNING] Some instrumented test failed!
[INFO] Generating assertions...
[INFO] 1 new tests with assertions generated
[INFO] Run: java -classpath /tmp/icst-2019/september-2018/dataset/gson_parent/gson/target/test-classes:/tmp/icst-2019/september-2018/dataset/gson_parent/gson/target/classes/:/home/spirals/danglot/.m2/repository/junit/junit/4.12/junit-4.12.jar:/home/spirals/danglot/.m2/repository/org/hamcrest/hamcrest-core/1.3/hamcrest-core-1.3.jar:/tmp/icst-2019/september-2018/dataset/gson_parent/gson/target/dspot/dependencies/:/home/spirals/danglot/.m2/repository/eu/stamp-project/test-runner/1.1.0/test-runner-1.1.0-jar-with-dependencies.jar eu.stamp_project.testrunner.runner.test.TestRunner com.google.gson.internal.GsonTypesTest testNewParameterizedTypeWithoutOwner
File saved to the following path: /tmp/icst-2019/september-2018/dataset/gson_parent/gson/target/dspot/TestListener.ser
Loading /tmp/icst-2019/september-2018/dataset/gson_parent/gson/target/dspot/TestListener.ser
[INFO] Test has been run: testNewParameterizedTypeWithoutOwner
[INFO] Assertion amplification: 1 test method(s) has been successfully amplified.
[WARN] 2018-09-23 13:34:14 Launcher - You specified the directory /tmp/icst-2019/september-2018/dataset/gson/gson/target/classes in source classpath, please note that only class files will be considered. Jars and subdirectories will be ignored.
[WARN] 2018-09-23 13:34:14 Launcher - You specified the directory /tmp/icst-2019/september-2018/dataset/gson/gson/target/test-classes in source classpath, please note that only class files will be considered. Jars and subdirectories will be ignored.
[WARN] 2018-09-23 13:34:14 Launcher - You specified the directory /tmp/icst-2019/september-2018/dataset/gson/gson/target/dspot/dependencies in source classpath, please note that only class files will be considered. Jars and subdirectories will be ignored.
[INFO] Run: java -classpath /tmp/icst-2019/september-2018/dataset/gson/gson/target/classes/:/tmp/icst-2019/september-2018/dataset/gson/gson/target/test-classes/:/home/spirals/danglot/.m2/repository/junit/junit/4.12/junit-4.12.jar:/home/spirals/danglot/.m2/repository/org/hamcrest/hamcrest-core/1.3/hamcrest-core-1.3.jar:/tmp/icst-2019/september-2018/dataset/gson/gson/target/dspot/dependencies/:/home/spirals/danglot/.m2/repository/eu/stamp-project/test-runner/1.1.0/test-runner-1.1.0-jar-with-dependencies.jar eu.stamp_project.testrunner.runner.test.TestRunner com.google.gson.internal.GsonTypesTest testNewParameterizedTypeWithoutOwner
File saved to the following path: /tmp/icst-2019/september-2018/dataset/gson_parent/gson/target/dspot/TestListener.ser
Loading /tmp/icst-2019/september-2018/dataset/gson_parent/gson/target/dspot/TestListener.ser
[INFO] Test has been run: testNewParameterizedTypeWithoutOwner(com.google.gson.internal.GsonTypesTest): expected:<...er-2018/dataset/gson[_parent]/gson/target/test-cl...> but was:<...er-2018/dataset/gson[]/gson/target/test-cl...>
[INFO] 1 amplified test methods has been selected to be kept. (global: 1)
[INFO] elapsedTime 8930
======= REPORT =======
1 amplified test fails on the new versions.
testNewParameterizedTypeWithoutOwner(com.google.gson.internal.GsonTypesTest): expected:<...er-2018/dataset/gson[_parent]/gson/target/test-cl...> but was:<...er-2018/dataset/gson[]/gson/target/test-cl...>

[INFO] Print AmplGsonTypesTest with 1?amplified test cases in /tmp/icst-2019/september-2018/result/gson/commit_3_a300148/assert_amplification
[INFO] Amplification of com.google.gson.functional.ExposeFieldsTest (8 test(s))
[INFO] Assertion amplification of com.google.gson.functional.ExposeFieldsTest (8 test(s))
[INFO] Run: java -classpath /tmp/icst-2019/september-2018/dataset/gson_parent/gson/target/test-classes:/tmp/icst-2019/september-2018/dataset/gson_parent/gson/target/classes/:/home/spirals/danglot/.m2/repository/junit/junit/4.12/junit-4.12.jar:/home/spirals/danglot/.m2/repository/org/hamcrest/hamcrest-core/1.3/hamcrest-core-1.3.jar:/tmp/icst-2019/september-2018/dataset/gson_parent/gson/target/dspot/dependencies/:/home/spirals/danglot/.m2/repository/eu/stamp-project/test-runner/1.1.0/test-runner-1.1.0-jar-with-dependencies.jar eu.stamp_project.testrunner.runner.test.TestRunner com.google.gson.functional.ExposeFieldsTest testExposeAnnotationSerialization:testNoExposedFieldSerialization:testExposedInterfaceFieldDeserialization:testNullExposeFieldSerialization:testNoExposedFieldDeserialization:testArrayWithOneNullExposeFieldObjectSerialization:testExposedInterfaceFieldSerialization:testExposeAnnotationDeserialization
File saved to the following path: /tmp/icst-2019/september-2018/dataset/gson_parent/gson/target/dspot/TestListener.ser
Loading /tmp/icst-2019/september-2018/dataset/gson_parent/gson/target/dspot/TestListener.ser
[INFO] Test has been run: testNullExposeFieldSerialization,testNoExposedFieldDeserialization,testExposeAnnotationSerialization,testExposedInterfaceFieldDeserialization,testNoExposedFieldSerialization,testExposeAnnotationDeserialization,testArrayWithOneNullExposeFieldObjectSerialization,testExposedInterfaceFieldSerialization
[INFO] Run tests. (8)
[INFO] Run: java -classpath /tmp/icst-2019/september-2018/dataset/gson_parent/gson/target/test-classes:/tmp/icst-2019/september-2018/dataset/gson_parent/gson/target/classes/:/home/spirals/danglot/.m2/repository/junit/junit/4.12/junit-4.12.jar:/home/spirals/danglot/.m2/repository/org/hamcrest/hamcrest-core/1.3/hamcrest-core-1.3.jar:/tmp/icst-2019/september-2018/dataset/gson_parent/gson/target/dspot/dependencies/:/home/spirals/danglot/.m2/repository/eu/stamp-project/test-runner/1.1.0/test-runner-1.1.0-jar-with-dependencies.jar eu.stamp_project.testrunner.runner.test.TestRunner com.google.gson.functional.ExposeFieldsTest testExposeAnnotationSerialization:testNoExposedFieldSerialization:testExposedInterfaceFieldDeserialization:testNullExposeFieldSerialization:testNoExposedFieldDeserialization:testArrayWithOneNullExposeFieldObjectSerialization:testExposedInterfaceFieldSerialization:testExposeAnnotationDeserialization
File saved to the following path: /tmp/icst-2019/september-2018/dataset/gson_parent/gson/target/dspot/TestListener.ser
Loading /tmp/icst-2019/september-2018/dataset/gson_parent/gson/target/dspot/TestListener.ser
[INFO] Test has been run: testNullExposeFieldSerialization,testNoExposedFieldDeserialization,testExposeAnnotationSerialization,testExposedInterfaceFieldDeserialization,testNoExposedFieldSerialization,testExposeAnnotationDeserialization,testArrayWithOneNullExposeFieldObjectSerialization,testExposedInterfaceFieldSerialization
[INFO] 8 test pass, generating assertion...
[INFO] Add observations points in passing tests.
[INFO] Instrumentation...
 12% |====== ]/ 25% |============ ]- 37% |================== ]\ 50% |========================= ]| 62% |=============================== ]/ 75% |===================================== ]- 87% |=========================================== ]\100% |================================================== ]|
[INFO] Run instrumented tests. (24)
[INFO] Run: java -classpath /tmp/icst-2019/september-2018/dataset/gson_parent/gson/target/test-classes:/tmp/icst-2019/september-2018/dataset/gson_parent/gson/target/classes/:/home/spirals/danglot/.m2/repository/junit/junit/4.12/junit-4.12.jar:/home/spirals/danglot/.m2/repository/org/hamcrest/hamcrest-core/1.3/hamcrest-core-1.3.jar:/tmp/icst-2019/september-2018/dataset/gson_parent/gson/target/dspot/dependencies/:/home/spirals/danglot/.m2/repository/eu/stamp-project/test-runner/1.1.0/test-runner-1.1.0-jar-with-dependencies.jar eu.stamp_project.testrunner.runner.test.TestRunner com.google.gson.functional.ExposeFieldsTest testExposeAnnotationSerialization_withlog0:testNoExposedFieldSerialization_withlog0:testExposedInterfaceFieldDeserialization_withlog0:testNullExposeFieldSerialization_withlog0:testNoExposedFieldDeserialization_withlog0:testArrayWithOneNullExposeFieldObjectSerialization_withlog0:testExposedInterfaceFieldSerialization_withlog0:testExposeAnnotationDeserialization_withlog0:testExposeAnnotationSerialization_withlog1:testNoExposedFieldSerialization_withlog1:testExposedInterfaceFieldDeserialization_withlog1:testNullExposeFieldSerialization_withlog1:testNoExposedFieldDeserialization_withlog1:testArrayWithOneNullExposeFieldObjectSerialization_withlog1:testExposedInterfaceFieldSerialization_withlog1:testExposeAnnotationDeserialization_withlog1:testExposeAnnotationSerialization_withlog2:testNoExposedFieldSerialization_withlog2:testExposedInterfaceFieldDeserialization_withlog2:testNullExposeFieldSerialization_withlog2:testNoExposedFieldDeserialization_withlog2:testArrayWithOneNullExposeFieldObjectSerialization_withlog2:testExposedInterfaceFieldSerialization_withlog2:testExposeAnnotationDeserialization_withlog2
File saved to the following path: /tmp/icst-2019/september-2018/dataset/gson_parent/gson/target/dspot/observations.ser
File saved to the following path: /tmp/icst-2019/september-2018/dataset/gson_parent/gson/target/dspot/TestListener.ser
Loading /tmp/icst-2019/september-2018/dataset/gson_parent/gson/target/dspot/TestListener.ser
[INFO] Test has been run: testNullExposeFieldSerialization_withlog0,testNullExposeFieldSerialization_withlog1,testNullExposeFieldSerialization_withlog2,testExposeAnnotationDeserialization_withlog0,testExposeAnnotationDeserialization_withlog1,testExposeAnnotationDeserialization_withlog2,testExposeAnnotationSerialization_withlog0,testExposeAnnotationSerialization_withlog1,testExposeAnnotationSerialization_withlog2,testNoExposedFieldDeserialization_withlog0,testNoExposedFieldDeserialization_withlog1,testNoExposedFieldDeserialization_withlog2,testExposedInterfaceFieldSerialization_withlog0,testExposedInterfaceFieldSerialization_withlog1,testExposedInterfaceFieldSerialization_withlog2,testExposedInterfaceFieldDeserialization_withlog0,testExposedInterfaceFieldDeserialization_withlog1,testExposedInterfaceFieldDeserialization_withlog2,testArrayWithOneNullExposeFieldObjectSerialization_withlog0,testArrayWithOneNullExposeFieldObjectSerialization_withlog1,testArrayWithOneNullExposeFieldObjectSerialization_withlog2,testNoExposedFieldSerialization_withlog0,testNoExposedFieldSerialization_withlog1,testNoExposedFieldSerialization_withlog2
[INFO] Generating assertions...
[INFO] 8 new tests with assertions generated
[INFO] Run: java -classpath /tmp/icst-2019/september-2018/dataset/gson_parent/gson/target/test-classes:/tmp/icst-2019/september-2018/dataset/gson_parent/gson/target/classes/:/home/spirals/danglot/.m2/repository/junit/junit/4.12/junit-4.12.jar:/home/spirals/danglot/.m2/repository/org/hamcrest/hamcrest-core/1.3/hamcrest-core-1.3.jar:/tmp/icst-2019/september-2018/dataset/gson_parent/gson/target/dspot/dependencies/:/home/spirals/danglot/.m2/repository/eu/stamp-project/test-runner/1.1.0/test-runner-1.1.0-jar-with-dependencies.jar eu.stamp_project.testrunner.runner.test.TestRunner com.google.gson.functional.ExposeFieldsTest testExposeAnnotationSerialization:testNoExposedFieldSerialization:testExposedInterfaceFieldDeserialization:testNullExposeFieldSerialization:testNoExposedFieldDeserialization:testArrayWithOneNullExposeFieldObjectSerialization:testExposedInterfaceFieldSerialization:testExposeAnnotationDeserialization
File saved to the following path: /tmp/icst-2019/september-2018/dataset/gson_parent/gson/target/dspot/TestListener.ser
Loading /tmp/icst-2019/september-2018/dataset/gson_parent/gson/target/dspot/TestListener.ser
[INFO] Test has been run: testNullExposeFieldSerialization,testNoExposedFieldDeserialization,testExposeAnnotationSerialization,testExposedInterfaceFieldDeserialization,testNoExposedFieldSerialization,testExposeAnnotationDeserialization,testArrayWithOneNullExposeFieldObjectSerialization,testExposedInterfaceFieldSerialization
[INFO] Assertion amplification: 8 test method(s) has been successfully amplified.
[WARN] 2018-09-23 13:34:18 Launcher - You specified the directory /tmp/icst-2019/september-2018/dataset/gson/gson/target/classes in source classpath, please note that only class files will be considered. Jars and subdirectories will be ignored.
[WARN] 2018-09-23 13:34:18 Launcher - You specified the directory /tmp/icst-2019/september-2018/dataset/gson/gson/target/test-classes in source classpath, please note that only class files will be considered. Jars and subdirectories will be ignored.
[WARN] 2018-09-23 13:34:18 Launcher - You specified the directory /tmp/icst-2019/september-2018/dataset/gson/gson/target/dspot/dependencies in source classpath, please note that only class files will be considered. Jars and subdirectories will be ignored.
[INFO] Run: java -classpath /tmp/icst-2019/september-2018/dataset/gson/gson/target/classes/:/tmp/icst-2019/september-2018/dataset/gson/gson/target/test-classes/:/home/spirals/danglot/.m2/repository/junit/junit/4.12/junit-4.12.jar:/home/spirals/danglot/.m2/repository/org/hamcrest/hamcrest-core/1.3/hamcrest-core-1.3.jar:/tmp/icst-2019/september-2018/dataset/gson/gson/target/dspot/dependencies/:/home/spirals/danglot/.m2/repository/eu/stamp-project/test-runner/1.1.0/test-runner-1.1.0-jar-with-dependencies.jar eu.stamp_project.testrunner.runner.test.TestRunner com.google.gson.functional.ExposeFieldsTest testExposeAnnotationSerialization:testNoExposedFieldSerialization:testExposedInterfaceFieldDeserialization:testNullExposeFieldSerialization:testNoExposedFieldDeserialization:testArrayWithOneNullExposeFieldObjectSerialization:testExposedInterfaceFieldSerialization:testExposeAnnotationDeserialization
File saved to the following path: /tmp/icst-2019/september-2018/dataset/gson_parent/gson/target/dspot/TestListener.ser
Loading /tmp/icst-2019/september-2018/dataset/gson_parent/gson/target/dspot/TestListener.ser
[INFO] Test has been run: testNullExposeFieldSerialization,testNoExposedFieldDeserialization,testExposeAnnotationSerialization,testExposedInterfaceFieldDeserialization,testNoExposedFieldSerialization,testExposeAnnotationDeserialization,testArrayWithOneNullExposeFieldObjectSerialization,testExposedInterfaceFieldSerialization
[INFO] 0 amplified test methods has been selected to be kept. (global: 0)
[INFO] elapsedTime 3568
======= REPORT =======
0 amplified test fails on the new versions.

[WARNING] DSpot could not obtain any amplified test method.
[WARNING] You can customize the following options: --amplifiers, --test-criterion, --iteration, --budgetizer etc, and retry with a new configuration.
[INFO] Amplification of com.google.gson.functional.MapTest (48 test(s))
[INFO] Assertion amplification of com.google.gson.functional.MapTest (48 test(s))
[ERROR] Error(s) during compilation:
[ERROR] Pb(232) Syntax error on token ".", delete this token
[ERROR] Pb(50) $Gson$Types cannot be resolved
[ERROR] Pb(50) $Gson$Types cannot be resolved
[INFO] Run: java -classpath /tmp/icst-2019/september-2018/dataset/gson_parent/gson/target/test-classes:/tmp/icst-2019/september-2018/dataset/gson_parent/gson/target/classes/:/home/spirals/danglot/.m2/repository/junit/junit/4.12/junit-4.12.jar:/home/spirals/danglot/.m2/repository/org/hamcrest/hamcrest-core/1.3/hamcrest-core-1.3.jar:/tmp/icst-2019/september-2018/dataset/gson_parent/gson/target/dspot/dependencies/:/home/spirals/danglot/.m2/repository/eu/stamp-project/test-runner/1.1.0/test-runner-1.1.0-jar-with-dependencies.jar eu.stamp_project.testrunner.runner.test.TestRunner com.google.gson.functional.MapTest testWriteMapsWithEmptyStringKey:testMapSerializationWithNullValueButSerializeNulls:testInterfaceTypeMapWithSerializer:testMapDeserializationWithLongKeys:testNumberKeyDeserialization:testGeneralMapField:testMapStandardSubclassDeserialization:testRawMapSerialization:testMapSerializationWithNullValuesSerialized:testMapDeserializationWithUnquotedLongKeys:testMapDeserializationWithWildcardValues:testMapDeserializationWithIntegerKeys:testSerializeMapOfMaps:testMapSerializationWithNullKey:testReadMapsWithEmptyStringKey:testConcurrentNavigableMap:testMapDeserializationWithNullKey:testComplexKeysDeserialization:testComplexKeysSerialization:testMapOfMapDeserialization:testStringKeyDeserialization:testMapSerialization:testMapDeserializationWithUnquotedIntegerKeys:testMapDeserializationWithNullValue:testConcurrentHashMap:testMapSerializationEmpty:testMapSubclassSerialization:testInterfaceTypeMap:testMapNamePromotionWithJsonElementReader:testMapDeserializationWithDuplicateKeys:testMapSerializationWithNullValue:testMapSerializationWithIntegerKeys:testMapOfMapSerialization:testSortedMap:testDeerializeMapOfMaps:testMapSubclassDeserialization:testConcurrentMap:testMapDeserialization:testMapDeserializationEmpty:testMapSerializationWithNullValues:testMapSerializationWithWildcardValues:testMapWithQuotes:testParameterizedMapSubclassSerialization:testHashMapDeserialization:testConcurrentSkipListMap:testBooleanKeyDeserialization:testSerializeMaps
File saved to the following path: /tmp/icst-2019/september-2018/dataset/gson_parent/gson/target/dspot/TestListener.ser
Loading /tmp/icst-2019/september-2018/dataset/gson_parent/gson/target/dspot/TestListener.ser
[INFO] Test has been run: testMapDeserializationEmpty,testMapSubclassDeserialization,testHashMapDeserialization,testMapDeserializationWithNullKey,testMapSubclassSerialization,testSerializeMaps,testMapDeserializationWithWildcardValues,testReadMapsWithEmptyStringKey,testMapSerializationWithIntegerKeys,testMapDeserializationWithDuplicateKeys,testParameterizedMapSubclassSerialization,testConcurrentMap,testMapDeserialization,testMapDeserializationWithUnquotedLongKeys,testMapSerializationWithNullValuesSerialized,testConcurrentHashMap,testMapStandardSubclassDeserialization,testMapDeserializationWithLongKeys,testBooleanKeyDeserialization,testDeerializeMapOfMaps,testMapDeserializationWithIntegerKeys,testMapWithQuotes,testConcurrentNavigableMap,testMapOfMapSerialization,testMapSerialization,testMapOfMapDeserialization,testComplexKeysDeserialization,testMapSerializationWithNullValue,testWriteMapsWithEmptyStringKey,testSortedMap,testInterfaceTypeMap,testMapSerializationWithWildcardValues,testMapSerializationWithNullValues,testConcurrentSkipListMap,testGeneralMapField,testMapSerializationWithNullValueButSerializeNulls,testRawMapSerialization,testMapDeserializationWithNullValue,testComplexKeysSerialization,testMapSerializationEmpty,testStringKeyDeserialization,testSerializeMapOfMaps,testMapDeserializationWithUnquotedIntegerKeys,testMapNamePromotionWithJsonElementReader,testNumberKeyDeserialization,testMapSerializationWithNullKey,testInterfaceTypeMapWithSerializer
[INFO] Run tests. (47)
[ERROR] Error(s) during compilation:
[ERROR] Pb(232) Syntax error on token ".", delete this token
[ERROR] Pb(50) $Gson$Types cannot be resolved
[ERROR] Pb(50) $Gson$Types cannot be resolved
[INFO] Run: java -classpath /tmp/icst-2019/september-2018/dataset/gson_parent/gson/target/test-classes:/tmp/icst-2019/september-2018/dataset/gson_parent/gson/target/classes/:/home/spirals/danglot/.m2/repository/junit/junit/4.12/junit-4.12.jar:/home/spirals/danglot/.m2/repository/org/hamcrest/hamcrest-core/1.3/hamcrest-core-1.3.jar:/tmp/icst-2019/september-2018/dataset/gson_parent/gson/target/dspot/dependencies/:/home/spirals/danglot/.m2/repository/eu/stamp-project/test-runner/1.1.0/test-runner-1.1.0-jar-with-dependencies.jar eu.stamp_project.testrunner.runner.test.TestRunner com.google.gson.functional.MapTest testWriteMapsWithEmptyStringKey:testMapSerializationWithNullValueButSerializeNulls:testInterfaceTypeMapWithSerializer:testMapDeserializationWithLongKeys:testNumberKeyDeserialization:testGeneralMapField:testMapStandardSubclassDeserialization:testRawMapSerialization:testMapSerializationWithNullValuesSerialized:testMapDeserializationWithUnquotedLongKeys:testMapDeserializationWithWildcardValues:testMapDeserializationWithIntegerKeys:testSerializeMapOfMaps:testMapSerializationWithNullKey:testReadMapsWithEmptyStringKey:testConcurrentNavigableMap:testMapDeserializationWithNullKey:testComplexKeysDeserialization:testComplexKeysSerialization:testMapOfMapDeserialization:testStringKeyDeserialization:testMapSerialization:testMapDeserializationWithUnquotedIntegerKeys:testMapDeserializationWithNullValue:testConcurrentHashMap:testMapSerializationEmpty:testMapSubclassSerialization:testInterfaceTypeMap:testMapNamePromotionWithJsonElementReader:testMapDeserializationWithDuplicateKeys:testMapSerializationWithNullValue:testMapSerializationWithIntegerKeys:testMapOfMapSerialization:testSortedMap:testDeerializeMapOfMaps:testMapSubclassDeserialization:testConcurrentMap:testMapDeserialization:testMapDeserializationEmpty:testMapSerializationWithNullValues:testMapSerializationWithWildcardValues:testMapWithQuotes:testParameterizedMapSubclassSerialization:testHashMapDeserialization:testConcurrentSkipListMap:testBooleanKeyDeserialization:testSerializeMaps
File saved to the following path: /tmp/icst-2019/september-2018/dataset/gson_parent/gson/target/dspot/TestListener.ser
Loading /tmp/icst-2019/september-2018/dataset/gson_parent/gson/target/dspot/TestListener.ser
[INFO] Test has been run: testMapDeserializationEmpty,testMapSubclassDeserialization,testHashMapDeserialization,testMapDeserializationWithNullKey,testMapSubclassSerialization,testSerializeMaps,testMapDeserializationWithWildcardValues,testReadMapsWithEmptyStringKey,testMapSerializationWithIntegerKeys,testMapDeserializationWithDuplicateKeys,testParameterizedMapSubclassSerialization,testConcurrentMap,testMapDeserialization,testMapDeserializationWithUnquotedLongKeys,testMapSerializationWithNullValuesSerialized,testConcurrentHashMap,testMapStandardSubclassDeserialization,testMapDeserializationWithLongKeys,testBooleanKeyDeserialization,testDeerializeMapOfMaps,testMapDeserializationWithIntegerKeys,testMapWithQuotes,testConcurrentNavigableMap,testMapOfMapSerialization,testMapSerialization,testMapOfMapDeserialization,testComplexKeysDeserialization,testMapSerializationWithNullValue,testWriteMapsWithEmptyStringKey,testSortedMap,testInterfaceTypeMap,testMapSerializationWithWildcardValues,testMapSerializationWithNullValues,testConcurrentSkipListMap,testGeneralMapField,testMapSerializationWithNullValueButSerializeNulls,testRawMapSerialization,testMapDeserializationWithNullValue,testComplexKeysSerialization,testMapSerializationEmpty,testStringKeyDeserialization,testSerializeMapOfMaps,testMapDeserializationWithUnquotedIntegerKeys,testMapNamePromotionWithJsonElementReader,testNumberKeyDeserialization,testMapSerializationWithNullKey,testInterfaceTypeMapWithSerializer
[INFO] 47 test pass, generating assertion...
[INFO] Add observations points in passing tests.
[INFO] Instrumentation...
  2% |= ]/  4% |== ]-  6% |=== ]\  8% |==== ]| 10% |===== ]/ 12% |====== ]- 14% |======= ]\ 17% |======== ]| 19% |========= ]/ 21% |========== ]- 23% |=========== ]\ 25% |============ ]| 27% |============= ]/ 29% |============== ]- 31% |=============== ]\ 34% |================= ]| 36% |================== ]/ 38% |=================== ]- 40% |==================== ]\ 42% |===================== ]| 44% |====================== ]/ 46% |======================= ]- 48% |======================== ]\ 51% |========================= ]| 53% |========================== ]/ 55% |=========================== ]- 57% |============================ ]\ 59% |============================= ]| 61% |============================== ]/ 63% |=============================== ]- 65% |================================ ]\ 68% |================================== ]| 70% |=================================== ]/ 72% |==================================== ]- 74% |===================================== ]\ 76% |====================================== ]| 78% |======================================= ]/ 80% |======================================== ]- 82% |========================================= ]\ 85% |========================================== ]| 87% |=========================================== ]/ 89% |============================================ ]- 91% |============================================= ]\ 93% |============================================== ]| 95% |=============================================== ]/ 97% |================================================ ]-100% |================================================== ]\
[INFO] Run instrumented tests. (141)
[INFO] Run: java -classpath /tmp/icst-2019/september-2018/dataset/gson_parent/gson/target/test-classes:/tmp/icst-2019/september-2018/dataset/gson_parent/gson/target/classes/:/home/spirals/danglot/.m2/repository/junit/junit/4.12/junit-4.12.jar:/home/spirals/danglot/.m2/repository/org/hamcrest/hamcrest-core/1.3/hamcrest-core-1.3.jar:/tmp/icst-2019/september-2018/dataset/gson_parent/gson/target/dspot/dependencies/:/home/spirals/danglot/.m2/repository/eu/stamp-project/test-runner/1.1.0/test-runner-1.1.0-jar-with-dependencies.jar eu.stamp_project.testrunner.runner.test.TestRunner com.google.gson.functional.MapTest testWriteMapsWithEmptyStringKey_withlog0:testMapSerializationWithNullValueButSerializeNulls_withlog0:testInterfaceTypeMapWithSerializer_withlog0:testMapDeserializationWithLongKeys_withlog0:testNumberKeyDeserialization_withlog0:testGeneralMapField_withlog0:testMapStandardSubclassDeserialization_withlog0:testRawMapSerialization_withlog0:testMapSerializationWithNullValuesSerialized_withlog0:testMapDeserializationWithUnquotedLongKeys_withlog0:testMapDeserializationWithWildcardValues_withlog0:testMapDeserializationWithIntegerKeys_withlog0:testSerializeMapOfMaps_withlog0:testMapSerializationWithNullKey_withlog0:testReadMapsWithEmptyStringKey_withlog0:testConcurrentNavigableMap_withlog0:testMapDeserializationWithNullKey_withlog0:testComplexKeysDeserialization_withlog0:testComplexKeysSerialization_withlog0:testMapOfMapDeserialization_withlog0:testStringKeyDeserialization_withlog0:testMapSerialization_withlog0:testMapDeserializationWithUnquotedIntegerKeys_withlog0:testMapDeserializationWithNullValue_withlog0:testConcurrentHashMap_withlog0:testMapSerializationEmpty_withlog0:testMapSubclassSerialization_withlog0:testInterfaceTypeMap_withlog0:testMapNamePromotionWithJsonElementReader_withlog0:testMapDeserializationWithDuplicateKeys_withlog0:testMapSerializationWithNullValue_withlog0:testMapSerializationWithIntegerKeys_withlog0:testMapOfMapSerialization_withlog0:testSortedMap_withlog0:testDeerializeMapOfMaps_withlog0:testMapSubclassDeserialization_withlog0:testConcurrentMap_withlog0:testMapDeserialization_withlog0:testMapDeserializationEmpty_withlog0:testMapSerializationWithNullValues_withlog0:testMapSerializationWithWildcardValues_withlog0:testMapWithQuotes_withlog0:testParameterizedMapSubclassSerialization_withlog0:testHashMapDeserialization_withlog0:testConcurrentSkipListMap_withlog0:testBooleanKeyDeserialization_withlog0:testSerializeMaps_withlog0:testWriteMapsWithEmptyStringKey_withlog1:testMapSerializationWithNullValueButSerializeNulls_withlog1:testInterfaceTypeMapWithSerializer_withlog1:testMapDeserializationWithLongKeys_withlog1:testNumberKeyDeserialization_withlog1:testGeneralMapField_withlog1:testMapStandardSubclassDeserialization_withlog1:testRawMapSerialization_withlog1:testMapSerializationWithNullValuesSerialized_withlog1:testMapDeserializationWithUnquotedLongKeys_withlog1:testMapDeserializationWithWildcardValues_withlog1:testMapDeserializationWithIntegerKeys_withlog1:testSerializeMapOfMaps_withlog1:testMapSerializationWithNullKey_withlog1:testReadMapsWithEmptyStringKey_withlog1:testConcurrentNavigableMap_withlog1:testMapDeserializationWithNullKey_withlog1:testComplexKeysDeserialization_withlog1:testComplexKeysSerialization_withlog1:testMapOfMapDeserialization_withlog1:testStringKeyDeserialization_withlog1:testMapSerialization_withlog1:testMapDeserializationWithUnquotedIntegerKeys_withlog1:testMapDeserializationWithNullValue_withlog1:testConcurrentHashMap_withlog1:testMapSerializationEmpty_withlog1:testMapSubclassSerialization_withlog1:testInterfaceTypeMap_withlog1:testMapNamePromotionWithJsonElementReader_withlog1:testMapDeserializationWithDuplicateKeys_withlog1:testMapSerializationWithNullValue_withlog1:testMapSerializationWithIntegerKeys_withlog1:testMapOfMapSerialization_withlog1:testSortedMap_withlog1:testDeerializeMapOfMaps_withlog1:testMapSubclassDeserialization_withlog1:testConcurrentMap_withlog1:testMapDeserialization_withlog1:testMapDeserializationEmpty_withlog1:testMapSerializationWithNullValues_withlog1:testMapSerializationWithWildcardValues_withlog1:testMapWithQuotes_withlog1:testParameterizedMapSubclassSerialization_withlog1:testHashMapDeserialization_withlog1:testConcurrentSkipListMap_withlog1:testBooleanKeyDeserialization_withlog1:testSerializeMaps_withlog1:testWriteMapsWithEmptyStringKey_withlog2:testMapSerializationWithNullValueButSerializeNulls_withlog2:testInterfaceTypeMapWithSerializer_withlog2:testMapDeserializationWithLongKeys_withlog2:testNumberKeyDeserialization_withlog2:testGeneralMapField_withlog2:testMapStandardSubclassDeserialization_withlog2:testRawMapSerialization_withlog2:testMapSerializationWithNullValuesSerialized_withlog2:testMapDeserializationWithUnquotedLongKeys_withlog2:testMapDeserializationWithWildcardValues_withlog2:testMapDeserializationWithIntegerKeys_withlog2:testSerializeMapOfMaps_withlog2:testMapSerializationWithNullKey_withlog2:testReadMapsWithEmptyStringKey_withlog2:testConcurrentNavigableMap_withlog2:testMapDeserializationWithNullKey_withlog2:testComplexKeysDeserialization_withlog2:testComplexKeysSerialization_withlog2:testMapOfMapDeserialization_withlog2:testStringKeyDeserialization_withlog2:testMapSerialization_withlog2:testMapDeserializationWithUnquotedIntegerKeys_withlog2:testMapDeserializationWithNullValue_withlog2:testConcurrentHashMap_withlog2:testMapSerializationEmpty_withlog2:testMapSubclassSerialization_withlog2:testInterfaceTypeMap_withlog2:testMapNamePromotionWithJsonElementReader_withlog2:testMapDeserializationWithDuplicateKeys_withlog2:testMapSerializationWithNullValue_withlog2:testMapSerializationWithIntegerKeys_withlog2:testMapOfMapSerialization_withlog2:testSortedMap_withlog2:testDeerializeMapOfMaps_withlog2:testMapSubclassDeserialization_withlog2:testConcurrentMap_withlog2:testMapDeserialization_withlog2:testMapDeserializationEmpty_withlog2:testMapSerializationWithNullValues_withlog2:testMapSerializationWithWildcardValues_withlog2:testMapWithQuotes_withlog2:testParameterizedMapSubclassSerialization_withlog2:testHashMapDeserialization_withlog2:testConcurrentSkipListMap_withlog2:testBooleanKeyDeserialization_withlog2:testSerializeMaps_withlog2
File saved to the following path: /tmp/icst-2019/september-2018/dataset/gson_parent/gson/target/dspot/observations.ser
File saved to the following path: /tmp/icst-2019/september-2018/dataset/gson_parent/gson/target/dspot/TestListener.ser
Loading /tmp/icst-2019/september-2018/dataset/gson_parent/gson/target/dspot/TestListener.ser
[INFO] Test has been run: testMapDeserializationWithWildcardValues_withlog0,testMapDeserializationWithWildcardValues_withlog1,testMapDeserializationWithWildcardValues_withlog2,testDeerializeMapOfMaps_withlog0,testDeerializeMapOfMaps_withlog1,testDeerializeMapOfMaps_withlog2,testComplexKeysDeserialization_withlog0,testComplexKeysDeserialization_withlog1,testComplexKeysDeserialization_withlog2,testMapSerializationWithWildcardValues_withlog0,testMapSerializationWithWildcardValues_withlog1,testMapSerializationWithWildcardValues_withlog2,testMapDeserializationWithDuplicateKeys_withlog0,testMapDeserializationWithDuplicateKeys_withlog1,testMapDeserializationWithDuplicateKeys_withlog2,testMapSubclassDeserialization_withlog0,testMapSubclassDeserialization_withlog1,testMapSubclassDeserialization_withlog2,testSortedMap_withlog0,testSortedMap_withlog1,testSortedMap_withlog2,testMapDeserializationWithUnquotedIntegerKeys_withlog0,testMapDeserializationWithUnquotedIntegerKeys_withlog1,testMapDeserializationWithUnquotedIntegerKeys_withlog2,testConcurrentMap_withlog0,testConcurrentMap_withlog1,testConcurrentMap_withlog2,testInterfaceTypeMapWithSerializer_withlog0,testInterfaceTypeMapWithSerializer_withlog1,testInterfaceTypeMapWithSerializer_withlog2,testConcurrentNavigableMap_withlog0,testConcurrentNavigableMap_withlog1,testConcurrentNavigableMap_withlog2,testSerializeMapOfMaps_withlog0,testSerializeMapOfMaps_withlog1,testSerializeMapOfMaps_withlog2,testMapDeserializationEmpty_withlog0,testMapDeserializationEmpty_withlog1,testMapDeserializationEmpty_withlog2,testReadMapsWithEmptyStringKey_withlog0,testReadMapsWithEmptyStringKey_withlog1,testReadMapsWithEmptyStringKey_withlog2,testMapDeserializationWithUnquotedLongKeys_withlog0,testMapDeserializationWithUnquotedLongKeys_withlog1,testMapDeserializationWithUnquotedLongKeys_withlog2,testConcurrentHashMap_withlog0,testConcurrentHashMap_withlog1,testConcurrentHashMap_withlog2,testConcurrentSkipListMap_withlog0,testConcurrentSkipListMap_withlog1,testConcurrentSkipListMap_withlog2,testMapSerializationEmpty_withlog0,testMapSerializationEmpty_withlog1,testMapSerializationEmpty_withlog2,testMapDeserializationWithLongKeys_withlog0,testMapDeserializationWithLongKeys_withlog1,testMapDeserializationWithLongKeys_withlog2,testMapDeserialization_withlog0,testMapDeserialization_withlog1,testMapDeserialization_withlog2,testHashMapDeserialization_withlog0,testHashMapDeserialization_withlog1,testHashMapDeserialization_withlog2,testMapDeserializationWithIntegerKeys_withlog0,testMapDeserializationWithIntegerKeys_withlog1,testMapDeserializationWithIntegerKeys_withlog2,testInterfaceTypeMap_withlog0,testInterfaceTypeMap_withlog1,testInterfaceTypeMap_withlog2,testMapOfMapDeserialization_withlog0,testMapOfMapDeserialization_withlog1,testMapOfMapDeserialization_withlog2,testStringKeyDeserialization_withlog0(com.google.gson.functional.MapTest): null,testStringKeyDeserialization_withlog1(com.google.gson.functional.MapTest): null,testStringKeyDeserialization_withlog2(com.google.gson.functional.MapTest): null,testMapSerializationWithNullValues_withlog0(com.google.gson.functional.MapTest): null,testMapSerializationWithNullValues_withlog1(com.google.gson.functional.MapTest): null,testMapSerializationWithNullValues_withlog2(com.google.gson.functional.MapTest): null,testWriteMapsWithEmptyStringKey_withlog0(com.google.gson.functional.MapTest): null,testWriteMapsWithEmptyStringKey_withlog1(com.google.gson.functional.MapTest): null,testWriteMapsWithEmptyStringKey_withlog2(com.google.gson.functional.MapTest): null,testMapSerializationWithNullValueButSerializeNulls_withlog0(com.google.gson.functional.MapTest): null,testMapSerializationWithNullValueButSerializeNulls_withlog1(com.google.gson.functional.MapTest): null,testMapSerializationWithNullValueButSerializeNulls_withlog2(com.google.gson.functional.MapTest): null,testMapSerializationWithNullValue_withlog0(com.google.gson.functional.MapTest): null,testMapSerializationWithNullValue_withlog1(com.google.gson.functional.MapTest): null,testMapSerializationWithNullValue_withlog2(com.google.gson.functional.MapTest): null,testMapDeserializationWithNullValue_withlog0(com.google.gson.functional.MapTest): null,testMapDeserializationWithNullValue_withlog1(com.google.gson.functional.MapTest): null,testMapDeserializationWithNullValue_withlog2(com.google.gson.functional.MapTest): null,testMapSerializationWithIntegerKeys_withlog0(com.google.gson.functional.MapTest): null,testMapSerializationWithIntegerKeys_withlog1(com.google.gson.functional.MapTest): null,testMapSerializationWithIntegerKeys_withlog2(com.google.gson.functional.MapTest): null,testMapDeserializationWithNullKey_withlog0(com.google.gson.functional.MapTest): null,testMapDeserializationWithNullKey_withlog1(com.google.gson.functional.MapTest): null,testMapDeserializationWithNullKey_withlog2(com.google.gson.functional.MapTest): null,testParameterizedMapSubclassSerialization_withlog0(com.google.gson.functional.MapTest): null,testParameterizedMapSubclassSerialization_withlog1(com.google.gson.functional.MapTest): null,testParameterizedMapSubclassSerialization_withlog2(com.google.gson.functional.MapTest): null,testMapWithQuotes_withlog0(com.google.gson.functional.MapTest): null,testMapWithQuotes_withlog1(com.google.gson.functional.MapTest): null,testMapWithQuotes_withlog2(com.google.gson.functional.MapTest): null,testNumberKeyDeserialization_withlog0(com.google.gson.functional.MapTest): null,testNumberKeyDeserialization_withlog1(com.google.gson.functional.MapTest): null,testNumberKeyDeserialization_withlog2(com.google.gson.functional.MapTest): null,testMapSerialization_withlog0(com.google.gson.functional.MapTest): null,testMapSerialization_withlog1(com.google.gson.functional.MapTest): null,testMapSerialization_withlog2(com.google.gson.functional.MapTest): null,testGeneralMapField_withlog0(com.google.gson.functional.MapTest): null,testGeneralMapField_withlog1(com.google.gson.functional.MapTest): null,testGeneralMapField_withlog2(com.google.gson.functional.MapTest): null,testMapSerializationWithNullKey_withlog0(com.google.gson.functional.MapTest): null,testMapSerializationWithNullKey_withlog1(com.google.gson.functional.MapTest): null,testMapSerializationWithNullKey_withlog2(com.google.gson.functional.MapTest): null,testMapSerializationWithNullValuesSerialized_withlog0(com.google.gson.functional.MapTest): null,testMapSerializationWithNullValuesSerialized_withlog1(com.google.gson.functional.MapTest): null,testMapSerializationWithNullValuesSerialized_withlog2(com.google.gson.functional.MapTest): null,testSerializeMaps_withlog0(com.google.gson.functional.MapTest): null,testSerializeMaps_withlog1(com.google.gson.functional.MapTest): null,testSerializeMaps_withlog2(com.google.gson.functional.MapTest): null,testMapSubclassSerialization_withlog0(com.google.gson.functional.MapTest): null,testMapSubclassSerialization_withlog1(com.google.gson.functional.MapTest): null,testMapSubclassSerialization_withlog2(com.google.gson.functional.MapTest): null,testMapNamePromotionWithJsonElementReader_withlog0(com.google.gson.functional.MapTest): null,testMapNamePromotionWithJsonElementReader_withlog1(com.google.gson.functional.MapTest): null,testMapNamePromotionWithJsonElementReader_withlog2(com.google.gson.functional.MapTest): null,testComplexKeysSerialization_withlog0(com.google.gson.functional.MapTest): null,testComplexKeysSerialization_withlog1(com.google.gson.functional.MapTest): null,testComplexKeysSerialization_withlog2(com.google.gson.functional.MapTest): null,testBooleanKeyDeserialization_withlog0(com.google.gson.functional.MapTest): null,testBooleanKeyDeserialization_withlog1(com.google.gson.functional.MapTest): null,testBooleanKeyDeserialization_withlog2(com.google.gson.functional.MapTest): null,testMapOfMapSerialization_withlog0(com.google.gson.functional.MapTest): null,testMapOfMapSerialization_withlog1(com.google.gson.functional.MapTest): null,testMapOfMapSerialization_withlog2(com.google.gson.functional.MapTest): null,testMapStandardSubclassDeserialization_withlog0(com.google.gson.functional.MapTest): java.lang.String cannot be cast to java.lang.Integer,testMapStandardSubclassDeserialization_withlog1(com.google.gson.functional.MapTest): java.lang.String cannot be cast to java.lang.Integer,testMapStandardSubclassDeserialization_withlog2(com.google.gson.functional.MapTest): java.lang.String cannot be cast to java.lang.Integer,testRawMapSerialization_withlog0(com.google.gson.functional.MapTest): null,testRawMapSerialization_withlog1(com.google.gson.functional.MapTest): null,testRawMapSerialization_withlog2(com.google.gson.functional.MapTest): null
[WARNING] Some instrumented test failed!
[INFO] ------------------------------------------------------------------------
[INFO] BUILD FAILURE
[INFO] ------------------------------------------------------------------------
[INFO] Total time: 01:09 min
[INFO] Finished at: 2018-09-23T13:34:25+02:00
[INFO] ------------------------------------------------------------------------
[ERROR] Failed to execute goal eu.stamp-project:dspot-maven:1.1.1-SNAPSHOT:amplify-unit-tests (default-cli) on project gson: Execution default-cli of goal eu.stamp-project:dspot-maven:1.1.1-SNAPSHOT:amplify-unit-tests failed: java.lang.RuntimeException: java.lang.RuntimeException: java.lang.ClassNotFoundException: com.google.gson.functional.MapTest$MyMap -> [Help 1]
[ERROR] 
[ERROR] To see the full stack trace of the errors, re-run Maven with the -e switch.
[ERROR] Re-run Maven using the -X switch to enable full debug logging.
[ERROR] 
[ERROR] For more information about the errors and possible solutions, please read the following articles:
[ERROR] [Help 1] http://cwiki.apache.org/confluence/display/MAVEN/PluginExecutionException
