[INFO] Scanning for projects...
[INFO] 
[INFO] ------------------< org.apache.commons:commons-lang3 >------------------
[INFO] Building Apache Commons Lang 3.8-SNAPSHOT
[INFO] --------------------------------[ jar ]---------------------------------
[INFO] 
[INFO] --- dspot-maven:1.1.1-SNAPSHOT:amplify-unit-tests (default-cli) @ commons-lang3 ---
Downloading from stamp-maven-repository-mvn-repo: https://stamp-project.github.io/stamp-maven-repository/eu/stamp-project/dspot/1.1.1-SNAPSHOT/maven-metadata.xml
Downloading from stamp-maven-repository-mvn-repo: https://stamp-project.github.io/stamp-maven-repository/fr/inria/gforge/spoon/spoon-core/7.1.0-SNAPSHOT/maven-metadata.xml
Downloading from stamp-maven-repository-mvn-repo: https://stamp-project.github.io/stamp-maven-repository/org/eclipse/platform/org.eclipse.core.resources/maven-metadata.xml
Downloading from stamp-maven-repository-mvn-repo: https://stamp-project.github.io/stamp-maven-repository/org/eclipse/platform/org.eclipse.core.expressions/maven-metadata.xml
Downloading from stamp-maven-repository-mvn-repo: https://stamp-project.github.io/stamp-maven-repository/org/eclipse/platform/org.eclipse.core.runtime/maven-metadata.xml
Downloading from stamp-maven-repository-mvn-repo: https://stamp-project.github.io/stamp-maven-repository/org/eclipse/platform/org.eclipse.osgi/maven-metadata.xml
Downloading from stamp-maven-repository-mvn-repo: https://stamp-project.github.io/stamp-maven-repository/org/eclipse/platform/org.eclipse.equinox.common/maven-metadata.xml
Downloading from stamp-maven-repository-mvn-repo: https://stamp-project.github.io/stamp-maven-repository/org/eclipse/platform/org.eclipse.core.jobs/maven-metadata.xml
Downloading from stamp-maven-repository-mvn-repo: https://stamp-project.github.io/stamp-maven-repository/org/eclipse/platform/org.eclipse.equinox.registry/maven-metadata.xml
Downloading from stamp-maven-repository-mvn-repo: https://stamp-project.github.io/stamp-maven-repository/org/eclipse/platform/org.eclipse.equinox.preferences/maven-metadata.xml
Downloading from stamp-maven-repository-mvn-repo: https://stamp-project.github.io/stamp-maven-repository/org/eclipse/platform/org.eclipse.core.contenttype/maven-metadata.xml
Downloading from stamp-maven-repository-mvn-repo: https://stamp-project.github.io/stamp-maven-repository/org/eclipse/platform/org.eclipse.equinox.app/maven-metadata.xml
Downloading from stamp-maven-repository-mvn-repo: https://stamp-project.github.io/stamp-maven-repository/org/eclipse/platform/org.eclipse.core.filesystem/maven-metadata.xml
Downloading from stamp-maven-repository-mvn-repo: https://stamp-project.github.io/stamp-maven-repository/org/eclipse/platform/org.eclipse.text/maven-metadata.xml
Downloading from stamp-maven-repository-mvn-repo: https://stamp-project.github.io/stamp-maven-repository/org/eclipse/platform/org.eclipse.core.commands/maven-metadata.xml
[INFO] Path to runner Classes: /home/spirals/danglot/.m2/repository/eu/stamp-project/test-runner/1.1.0/test-runner-1.1.0-jar-with-dependencies.jar
[INFO] /home/spirals/danglot/.m2/repository/org/jacoco/org.jacoco.core/0.7.9/org.jacoco.core-0.7.9.jar
[INFO] /home/spirals/danglot/.m2/repository/org/ow2/asm/asm-debug-all/5.2/asm-debug-all-5.2.jar
[INFO] /home/spirals/danglot/.m2/repository/eu/stamp-project/test-runner/1.1.0/test-runner-1.1.0-jar-with-dependencies.jar
[WARNING] automaticBuilderName: unknown automatic builder specified in configuration, going to default.
[INFO] Default: provided Maven automatic builder.
[INFO] run maven clean test -DskipTests dependency:build-classpath -Dmdep.outputFile=target/dspot/classpath
[WARN] Maven will be executed in interactive mode, but no input stream has been configured for this MavenInvoker instance.
[INFO] Scanning for projects...
Downloading from central: https://repo.maven.apache.org/maven2/org/apache/commons/commons-build-plugin/1.8/commons-build-plugin-1.8.pom
Progress (1): 2.2/8.3 kB
Progress (1): 5.0/8.3 kB
Progress (1): 7.8/8.3 kB
Progress (1): 8.3 kB    
                    
Downloaded from central: https://repo.maven.apache.org/maven2/org/apache/commons/commons-build-plugin/1.8/commons-build-plugin-1.8.pom (8.3 kB at 11 kB/s)
Downloading from central: https://repo.maven.apache.org/maven2/org/apache/commons/commons-build-plugin/1.8/commons-build-plugin-1.8.jar
Progress (1): 2.2/31 kB
Progress (1): 5.0/31 kB
Progress (1): 7.7/31 kB
Progress (1): 10/31 kB 
Progress (1): 13/31 kB
Progress (1): 16/31 kB
Progress (1): 19/31 kB
Progress (1): 21/31 kB
Progress (1): 24/31 kB
Progress (1): 27/31 kB
Progress (1): 30/31 kB
Progress (1): 31 kB   
                   
Downloaded from central: https://repo.maven.apache.org/maven2/org/apache/commons/commons-build-plugin/1.8/commons-build-plugin-1.8.jar (31 kB at 70 kB/s)
[INFO] 
[INFO] ------------------< org.apache.commons:commons-lang3 >------------------
[INFO] Building Apache Commons Lang 3.8-SNAPSHOT
[INFO] --------------------------------[ jar ]---------------------------------
[INFO] 
[INFO] --- maven-clean-plugin:3.0.0:clean (default-clean) @ commons-lang3 ---
[INFO] Deleting /tmp/icst-2019/september-2018/dataset/commons-lang_parent/target
[INFO] 
[INFO] --- maven-enforcer-plugin:3.0.0-M1:enforce (enforce-maven-version) @ commons-lang3 ---
[INFO] Skipping Rule Enforcement.
[INFO] 
[INFO] --- maven-enforcer-plugin:3.0.0-M1:enforce (enforce-maven-3) @ commons-lang3 ---
[INFO] Skipping Rule Enforcement.
[INFO] 
[INFO] --- build-helper-maven-plugin:3.0.0:parse-version (parse-version) @ commons-lang3 ---
[INFO] 
[INFO] --- maven-antrun-plugin:1.8:run (javadoc.resources) @ commons-lang3 ---
[INFO] Executing tasks

main:
     [copy] Copying 2 files to /tmp/icst-2019/september-2018/dataset/commons-lang_parent/target/apidocs/META-INF
[INFO] Executed tasks
[INFO] 
[INFO] --- maven-remote-resources-plugin:1.5:process (process-resource-bundles) @ commons-lang3 ---
[INFO] 
[INFO] --- buildnumber-maven-plugin:1.4:create (default) @ commons-lang3 ---
[INFO] Executing: /bin/sh -c cd '/tmp/icst-2019/september-2018/dataset/commons-lang_parent' && 'git' 'rev-parse' '--verify' 'HEAD'
[INFO] Working directory: /tmp/icst-2019/september-2018/dataset/commons-lang_parent
[INFO] Storing buildNumber: ae6a24dd439a7b778e35b484a3a6eae1a8eb64d7 at timestamp: 1537730760663
[INFO] Storing buildScmBranch: master
[INFO] 
[INFO] --- maven-resources-plugin:3.0.2:resources (default-resources) @ commons-lang3 ---
[INFO] Using 'ISO-8859-1' encoding to copy filtered resources.
[INFO] skip non existing resourceDirectory /tmp/icst-2019/september-2018/dataset/commons-lang_parent/src/main/resources
[INFO] Copying 2 resources to META-INF
[INFO] 
[INFO] --- maven-compiler-plugin:3.7.0:compile (default-compile) @ commons-lang3 ---
[INFO] Changes detected - recompiling the module!
[INFO] Compiling 153 source files to /tmp/icst-2019/september-2018/dataset/commons-lang_parent/target/classes
[INFO] /tmp/icst-2019/september-2018/dataset/commons-lang_parent/src/main/java/org/apache/commons/lang3/builder/ToStringStyle.java: Some input files use or override a deprecated API.
[INFO] /tmp/icst-2019/september-2018/dataset/commons-lang_parent/src/main/java/org/apache/commons/lang3/builder/ToStringStyle.java: Recompile with -Xlint:deprecation for details.
[INFO] /tmp/icst-2019/september-2018/dataset/commons-lang_parent/src/main/java/org/apache/commons/lang3/text/StrBuilder.java: Some input files use unchecked or unsafe operations.
[INFO] /tmp/icst-2019/september-2018/dataset/commons-lang_parent/src/main/java/org/apache/commons/lang3/text/StrBuilder.java: Recompile with -Xlint:unchecked for details.
[INFO] 
[INFO] --- maven-bundle-plugin:3.5.0:manifest (bundle-manifest) @ commons-lang3 ---
[INFO] 
[INFO] --- animal-sniffer-maven-plugin:1.16:check (checkAPIcompatibility) @ commons-lang3 ---
[INFO] Checking unresolved references to org.codehaus.mojo.signature:java17:1.0
[INFO] 
[INFO] --- maven-resources-plugin:3.0.2:testResources (default-testResources) @ commons-lang3 ---
[INFO] Using 'ISO-8859-1' encoding to copy filtered resources.
[INFO] Copying 2 resources
[INFO] Copying 2 resources to META-INF
[INFO] 
[INFO] --- maven-compiler-plugin:3.7.0:testCompile (default-testCompile) @ commons-lang3 ---
[INFO] Changes detected - recompiling the module!
[INFO] Compiling 174 source files to /tmp/icst-2019/september-2018/dataset/commons-lang_parent/target/test-classes
[INFO] /tmp/icst-2019/september-2018/dataset/commons-lang_parent/src/test/java/org/apache/commons/lang3/StringEscapeUtilsTest.java: Some input files use or override a deprecated API.
[INFO] /tmp/icst-2019/september-2018/dataset/commons-lang_parent/src/test/java/org/apache/commons/lang3/StringEscapeUtilsTest.java: Recompile with -Xlint:deprecation for details.
[INFO] /tmp/icst-2019/september-2018/dataset/commons-lang_parent/src/test/java/org/apache/commons/lang3/EnumUtilsTest.java: /tmp/icst-2019/september-2018/dataset/commons-lang_parent/src/test/java/org/apache/commons/lang3/EnumUtilsTest.java uses unchecked or unsafe operations.
[INFO] /tmp/icst-2019/september-2018/dataset/commons-lang_parent/src/test/java/org/apache/commons/lang3/EnumUtilsTest.java: Recompile with -Xlint:unchecked for details.
[INFO] 
[INFO] --- maven-surefire-plugin:2.21.0:test (default-test) @ commons-lang3 ---
[INFO] Tests are skipped.
[INFO] 
[INFO] --- maven-dependency-plugin:2.10:build-classpath (default-cli) @ commons-lang3 ---
[INFO] Wrote classpath file '/tmp/icst-2019/september-2018/dataset/commons-lang_parent/target/dspot/classpath'.
[INFO] ------------------------------------------------------------------------
[INFO] BUILD SUCCESS
[INFO] ------------------------------------------------------------------------
[INFO] Total time: 17.918 s
[INFO] Finished at: 2018-09-23T21:26:13+02:00
[INFO] ------------------------------------------------------------------------
[INFO] run maven clean test -DskipTests dependency:build-classpath -Dmdep.outputFile=target/dspot/classpath
[WARN] Maven will be executed in interactive mode, but no input stream has been configured for this MavenInvoker instance.
[INFO] Scanning for projects...
[INFO] 
[INFO] ------------------< org.apache.commons:commons-lang3 >------------------
[INFO] Building Apache Commons Lang 3.8-SNAPSHOT
[INFO] --------------------------------[ jar ]---------------------------------
[INFO] 
[INFO] --- maven-clean-plugin:3.0.0:clean (default-clean) @ commons-lang3 ---
[INFO] Deleting /tmp/icst-2019/september-2018/dataset/commons-lang/target
[INFO] 
[INFO] --- maven-enforcer-plugin:3.0.0-M1:enforce (enforce-maven-version) @ commons-lang3 ---
[INFO] Skipping Rule Enforcement.
[INFO] 
[INFO] --- maven-enforcer-plugin:3.0.0-M1:enforce (enforce-maven-3) @ commons-lang3 ---
[INFO] Skipping Rule Enforcement.
[INFO] 
[INFO] --- build-helper-maven-plugin:3.0.0:parse-version (parse-version) @ commons-lang3 ---
[INFO] 
[INFO] --- maven-antrun-plugin:1.8:run (javadoc.resources) @ commons-lang3 ---
[INFO] Executing tasks

main:
     [copy] Copying 2 files to /tmp/icst-2019/september-2018/dataset/commons-lang/target/apidocs/META-INF
[INFO] Executed tasks
[INFO] 
[INFO] --- maven-remote-resources-plugin:1.5:process (process-resource-bundles) @ commons-lang3 ---
[INFO] 
[INFO] --- buildnumber-maven-plugin:1.4:create (default) @ commons-lang3 ---
[INFO] Executing: /bin/sh -c cd '/tmp/icst-2019/september-2018/dataset/commons-lang' && 'git' 'rev-parse' '--verify' 'HEAD'
[INFO] Working directory: /tmp/icst-2019/september-2018/dataset/commons-lang
[INFO] Storing buildNumber: f56931c176fef5e164b681c740746aebdccccec3 at timestamp: 1537730788206
[INFO] Storing buildScmBranch: master
[INFO] 
[INFO] --- maven-resources-plugin:3.0.2:resources (default-resources) @ commons-lang3 ---
[INFO] Using 'ISO-8859-1' encoding to copy filtered resources.
[INFO] skip non existing resourceDirectory /tmp/icst-2019/september-2018/dataset/commons-lang/src/main/resources
[INFO] Copying 2 resources to META-INF
[INFO] 
[INFO] --- maven-compiler-plugin:3.7.0:compile (default-compile) @ commons-lang3 ---
[INFO] Changes detected - recompiling the module!
[INFO] Compiling 153 source files to /tmp/icst-2019/september-2018/dataset/commons-lang/target/classes
[INFO] /tmp/icst-2019/september-2018/dataset/commons-lang/src/main/java/org/apache/commons/lang3/builder/ToStringStyle.java: Some input files use or override a deprecated API.
[INFO] /tmp/icst-2019/september-2018/dataset/commons-lang/src/main/java/org/apache/commons/lang3/builder/ToStringStyle.java: Recompile with -Xlint:deprecation for details.
[INFO] /tmp/icst-2019/september-2018/dataset/commons-lang/src/main/java/org/apache/commons/lang3/text/StrBuilder.java: Some input files use unchecked or unsafe operations.
[INFO] /tmp/icst-2019/september-2018/dataset/commons-lang/src/main/java/org/apache/commons/lang3/text/StrBuilder.java: Recompile with -Xlint:unchecked for details.
[INFO] 
[INFO] --- maven-bundle-plugin:3.5.0:manifest (bundle-manifest) @ commons-lang3 ---
[INFO] 
[INFO] --- animal-sniffer-maven-plugin:1.16:check (checkAPIcompatibility) @ commons-lang3 ---
[INFO] Checking unresolved references to org.codehaus.mojo.signature:java17:1.0
[INFO] 
[INFO] --- maven-resources-plugin:3.0.2:testResources (default-testResources) @ commons-lang3 ---
[INFO] Using 'ISO-8859-1' encoding to copy filtered resources.
[INFO] Copying 2 resources
[INFO] Copying 2 resources to META-INF
[INFO] 
[INFO] --- maven-compiler-plugin:3.7.0:testCompile (default-testCompile) @ commons-lang3 ---
[INFO] Changes detected - recompiling the module!
[INFO] Compiling 174 source files to /tmp/icst-2019/september-2018/dataset/commons-lang/target/test-classes
[INFO] /tmp/icst-2019/september-2018/dataset/commons-lang/src/test/java/org/apache/commons/lang3/StringUtilsTest.java: Some input files use or override a deprecated API.
[INFO] /tmp/icst-2019/september-2018/dataset/commons-lang/src/test/java/org/apache/commons/lang3/StringUtilsTest.java: Recompile with -Xlint:deprecation for details.
[INFO] /tmp/icst-2019/september-2018/dataset/commons-lang/src/test/java/org/apache/commons/lang3/EnumUtilsTest.java: /tmp/icst-2019/september-2018/dataset/commons-lang/src/test/java/org/apache/commons/lang3/EnumUtilsTest.java uses unchecked or unsafe operations.
[INFO] /tmp/icst-2019/september-2018/dataset/commons-lang/src/test/java/org/apache/commons/lang3/EnumUtilsTest.java: Recompile with -Xlint:unchecked for details.
[INFO] 
[INFO] --- maven-surefire-plugin:2.21.0:test (default-test) @ commons-lang3 ---
[INFO] Tests are skipped.
[INFO] 
[INFO] --- maven-dependency-plugin:2.10:build-classpath (default-cli) @ commons-lang3 ---
[INFO] Wrote classpath file '/tmp/icst-2019/september-2018/dataset/commons-lang/target/dspot/classpath'.
[INFO] ------------------------------------------------------------------------
[INFO] BUILD SUCCESS
[INFO] ------------------------------------------------------------------------
[INFO] Total time: 15.410 s
[INFO] Finished at: 2018-09-23T21:26:40+02:00
[INFO] ------------------------------------------------------------------------
[INFO] Amplification of org.apache.commons.lang3.time.FastDateParserTest (30 test(s))
[INFO] Assertion amplification of org.apache.commons.lang3.time.FastDateParserTest (30 test(s))
[ERROR] Error(s) during compilation:
[ERROR] Pb(762) Cannot refer to the static enum field FastDateParserTest.Expected1806.zone within an initializer
[ERROR] Pb(762) Cannot refer to the static enum field FastDateParserTest.Expected1806.one within an initializer
[ERROR] Pb(762) Cannot refer to the static enum field FastDateParserTest.Expected1806.two within an initializer
[ERROR] Pb(762) Cannot refer to the static enum field FastDateParserTest.Expected1806.three within an initializer
[ERROR] Pb(762) Cannot refer to the static enum field FastDateParserTest.Expected1806.offset within an initializer
[ERROR] Pb(81) The blank final field zone may not have been initialized
[ERROR] Pb(81) The blank final field one may not have been initialized
[ERROR] Pb(81) The blank final field two may not have been initialized
[ERROR] Pb(81) The blank final field three may not have been initialized
[ERROR] Pb(81) The blank final field offset may not have been initialized
[ERROR] Error(s) during compilation:
[ERROR] Pb(762) Cannot refer to the static enum field FastDateParserTest.Expected1806.zone within an initializer
[ERROR] Pb(762) Cannot refer to the static enum field FastDateParserTest.Expected1806.one within an initializer
[ERROR] Pb(762) Cannot refer to the static enum field FastDateParserTest.Expected1806.two within an initializer
[ERROR] Pb(762) Cannot refer to the static enum field FastDateParserTest.Expected1806.three within an initializer
[ERROR] Pb(762) Cannot refer to the static enum field FastDateParserTest.Expected1806.offset within an initializer
[ERROR] Pb(81) The blank final field zone may not have been initialized
[ERROR] Pb(81) The blank final field one may not have been initialized
[ERROR] Pb(81) The blank final field two may not have been initialized
[ERROR] Pb(81) The blank final field three may not have been initialized
[ERROR] Pb(81) The blank final field offset may not have been initialized
[ERROR] Error(s) during compilation:
[ERROR] Pb(762) Cannot refer to the static enum field FastDateParserTest.Expected1806.zone within an initializer
[ERROR] Pb(762) Cannot refer to the static enum field FastDateParserTest.Expected1806.one within an initializer
[ERROR] Pb(762) Cannot refer to the static enum field FastDateParserTest.Expected1806.two within an initializer
[ERROR] Pb(762) Cannot refer to the static enum field FastDateParserTest.Expected1806.three within an initializer
[ERROR] Pb(762) Cannot refer to the static enum field FastDateParserTest.Expected1806.offset within an initializer
[ERROR] Pb(81) The blank final field zone may not have been initialized
[ERROR] Pb(81) The blank final field one may not have been initialized
[ERROR] Pb(81) The blank final field two may not have been initialized
[ERROR] Pb(81) The blank final field three may not have been initialized
[ERROR] Pb(81) The blank final field offset may not have been initialized
[ERROR] Error(s) during compilation:
[ERROR] Pb(762) Cannot refer to the static enum field FastDateParserTest.Expected1806.zone within an initializer
[ERROR] Pb(762) Cannot refer to the static enum field FastDateParserTest.Expected1806.one within an initializer
[ERROR] Pb(762) Cannot refer to the static enum field FastDateParserTest.Expected1806.two within an initializer
[ERROR] Pb(762) Cannot refer to the static enum field FastDateParserTest.Expected1806.three within an initializer
[ERROR] Pb(762) Cannot refer to the static enum field FastDateParserTest.Expected1806.offset within an initializer
[ERROR] Pb(81) The blank final field zone may not have been initialized
[ERROR] Pb(81) The blank final field one may not have been initialized
[ERROR] Pb(81) The blank final field two may not have been initialized
[ERROR] Pb(81) The blank final field three may not have been initialized
[ERROR] Pb(81) The blank final field offset may not have been initialized
[WARNING] Trying three time to compile with no success. Give up.
[INFO] Run: java -classpath /tmp/icst-2019/september-2018/dataset/commons-lang_parent/target/test-classes:/tmp/icst-2019/september-2018/dataset/commons-lang_parent/target/classes/:/home/spirals/danglot/.m2/repository/junit/junit/4.12/junit-4.12.jar:/home/spirals/danglot/.m2/repository/org/hamcrest/hamcrest-core/1.3/hamcrest-core-1.3.jar:/home/spirals/danglot/.m2/repository/org/hamcrest/hamcrest-all/1.3/hamcrest-all-1.3.jar:/home/spirals/danglot/.m2/repository/org/easymock/easymock/3.5.1/easymock-3.5.1.jar:/home/spirals/danglot/.m2/repository/org/objenesis/objenesis/2.6/objenesis-2.6.jar:/home/spirals/danglot/.m2/repository/org/openjdk/jmh/jmh-core/1.19/jmh-core-1.19.jar:/home/spirals/danglot/.m2/repository/net/sf/jopt-simple/jopt-simple/4.6/jopt-simple-4.6.jar:/home/spirals/danglot/.m2/repository/org/apache/commons/commons-math3/3.2/commons-math3-3.2.jar:/home/spirals/danglot/.m2/repository/org/openjdk/jmh/jmh-generator-annprocess/1.19/jmh-generator-annprocess-1.19.jar:/tmp/icst-2019/september-2018/dataset/commons-lang_parent/target/dspot/dependencies/:/home/spirals/danglot/.m2/repository/eu/stamp-project/test-runner/1.1.0/test-runner-1.1.0-jar-with-dependencies.jar eu.stamp_project.testrunner.runner.test.TestRunner org.apache.commons.lang3.time.FastDateParserTest testParseLongShort:testParses:testParseZone:testAmPm:testLang996:testJpLocales:testLocales_ShortNoEra_BC:testLocales_ShortNoEra_AD:testLocales_LongNoEra_AD:testLocales_Short_BC:testLocales_LongNoEra_BC:testLocales_Short_AD:testLocales_Long_AD:testLocales_Long_BC:testTzParses:testParseLongShort:testParses:testParseZone:testAmPm:testLang996:testJpLocales:testLocales_ShortNoEra_BC:testLocales_ShortNoEra_AD:testLocales_Short_BC:testLocales_LongNoEra_AD:testLocales_Short_AD:testLocales_LongNoEra_BC:testLocales_Long_AD:testLocales_Long_BC:testTzParses
File saved to the following path: /tmp/icst-2019/september-2018/dataset/commons-lang_parent/target/dspot/TestListener.ser
Loading /tmp/icst-2019/september-2018/dataset/commons-lang_parent/target/dspot/TestListener.ser
[INFO] Test has been run: testParseZone,testAmPm,testLocales_Long_AD,testLocales_Long_BC,testLang996,testTzParses,testLocales_ShortNoEra_AD,testLocales_ShortNoEra_BC,testParseLongShort,testLocales_LongNoEra_AD,testLocales_LongNoEra_BC,testLocales_Short_AD,testLocales_Short_BC,testParses,testJpLocales
[INFO] Run tests. (30)
[ERROR] Error(s) during compilation:
[ERROR] Pb(167) Unreachable catch block for ParseException. This exception is never thrown from the try statement body
[ERROR] Pb(762) Cannot refer to the static enum field FastDateParserTest.Expected1806.zone within an initializer
[ERROR] Pb(762) Cannot refer to the static enum field FastDateParserTest.Expected1806.one within an initializer
[ERROR] Pb(762) Cannot refer to the static enum field FastDateParserTest.Expected1806.two within an initializer
[ERROR] Pb(762) Cannot refer to the static enum field FastDateParserTest.Expected1806.three within an initializer
[ERROR] Pb(762) Cannot refer to the static enum field FastDateParserTest.Expected1806.offset within an initializer
[ERROR] Pb(81) The blank final field zone may not have been initialized
[ERROR] Pb(81) The blank final field one may not have been initialized
[ERROR] Pb(81) The blank final field two may not have been initialized
[ERROR] Pb(81) The blank final field three may not have been initialized
[ERROR] Pb(81) The blank final field offset may not have been initialized
[ERROR] Error(s) during compilation:
[ERROR] Pb(762) Cannot refer to the static enum field FastDateParserTest.Expected1806.zone within an initializer
[ERROR] Pb(762) Cannot refer to the static enum field FastDateParserTest.Expected1806.one within an initializer
[ERROR] Pb(762) Cannot refer to the static enum field FastDateParserTest.Expected1806.two within an initializer
[ERROR] Pb(762) Cannot refer to the static enum field FastDateParserTest.Expected1806.three within an initializer
[ERROR] Pb(762) Cannot refer to the static enum field FastDateParserTest.Expected1806.offset within an initializer
[ERROR] Pb(81) The blank final field zone may not have been initialized
[ERROR] Pb(81) The blank final field one may not have been initialized
[ERROR] Pb(81) The blank final field two may not have been initialized
[ERROR] Pb(81) The blank final field three may not have been initialized
[ERROR] Pb(81) The blank final field offset may not have been initialized
[ERROR] Error(s) during compilation:
[ERROR] Pb(762) Cannot refer to the static enum field FastDateParserTest.Expected1806.zone within an initializer
[ERROR] Pb(762) Cannot refer to the static enum field FastDateParserTest.Expected1806.one within an initializer
[ERROR] Pb(762) Cannot refer to the static enum field FastDateParserTest.Expected1806.two within an initializer
[ERROR] Pb(762) Cannot refer to the static enum field FastDateParserTest.Expected1806.three within an initializer
[ERROR] Pb(762) Cannot refer to the static enum field FastDateParserTest.Expected1806.offset within an initializer
[ERROR] Pb(81) The blank final field zone may not have been initialized
[ERROR] Pb(81) The blank final field one may not have been initialized
[ERROR] Pb(81) The blank final field two may not have been initialized
[ERROR] Pb(81) The blank final field three may not have been initialized
[ERROR] Pb(81) The blank final field offset may not have been initialized
[ERROR] Error(s) during compilation:
[ERROR] Pb(762) Cannot refer to the static enum field FastDateParserTest.Expected1806.zone within an initializer
[ERROR] Pb(762) Cannot refer to the static enum field FastDateParserTest.Expected1806.one within an initializer
[ERROR] Pb(762) Cannot refer to the static enum field FastDateParserTest.Expected1806.two within an initializer
[ERROR] Pb(762) Cannot refer to the static enum field FastDateParserTest.Expected1806.three within an initializer
[ERROR] Pb(762) Cannot refer to the static enum field FastDateParserTest.Expected1806.offset within an initializer
[ERROR] Pb(81) The blank final field zone may not have been initialized
[ERROR] Pb(81) The blank final field one may not have been initialized
[ERROR] Pb(81) The blank final field two may not have been initialized
[ERROR] Pb(81) The blank final field three may not have been initialized
[ERROR] Pb(81) The blank final field offset may not have been initialized
[WARNING] Trying three time to compile with no success. Give up.
[INFO] Run: java -classpath /tmp/icst-2019/september-2018/dataset/commons-lang_parent/target/test-classes:/tmp/icst-2019/september-2018/dataset/commons-lang_parent/target/classes/:/home/spirals/danglot/.m2/repository/junit/junit/4.12/junit-4.12.jar:/home/spirals/danglot/.m2/repository/org/hamcrest/hamcrest-core/1.3/hamcrest-core-1.3.jar:/home/spirals/danglot/.m2/repository/org/hamcrest/hamcrest-all/1.3/hamcrest-all-1.3.jar:/home/spirals/danglot/.m2/repository/org/easymock/easymock/3.5.1/easymock-3.5.1.jar:/home/spirals/danglot/.m2/repository/org/objenesis/objenesis/2.6/objenesis-2.6.jar:/home/spirals/danglot/.m2/repository/org/openjdk/jmh/jmh-core/1.19/jmh-core-1.19.jar:/home/spirals/danglot/.m2/repository/net/sf/jopt-simple/jopt-simple/4.6/jopt-simple-4.6.jar:/home/spirals/danglot/.m2/repository/org/apache/commons/commons-math3/3.2/commons-math3-3.2.jar:/home/spirals/danglot/.m2/repository/org/openjdk/jmh/jmh-generator-annprocess/1.19/jmh-generator-annprocess-1.19.jar:/tmp/icst-2019/september-2018/dataset/commons-lang_parent/target/dspot/dependencies/:/home/spirals/danglot/.m2/repository/eu/stamp-project/test-runner/1.1.0/test-runner-1.1.0-jar-with-dependencies.jar eu.stamp_project.testrunner.runner.test.TestRunner org.apache.commons.lang3.time.FastDateParserTest testParseLongShort:testParses:testParseZone:testAmPm:testLang996:testJpLocales:testLocales_ShortNoEra_BC:testLocales_ShortNoEra_AD:testLocales_LongNoEra_AD:testLocales_Short_BC:testLocales_LongNoEra_BC:testLocales_Short_AD:testLocales_Long_AD:testLocales_Long_BC:testTzParses:testParseLongShort:testParses:testParseZone:testAmPm:testLang996:testLocales_ShortNoEra_BC:testLocales_ShortNoEra_AD:testLocales_Short_BC:testLocales_LongNoEra_AD:testLocales_Short_AD:testLocales_LongNoEra_BC:testLocales_Long_AD:testLocales_Long_BC:testTzParses
File saved to the following path: /tmp/icst-2019/september-2018/dataset/commons-lang_parent/target/dspot/TestListener.ser
Loading /tmp/icst-2019/september-2018/dataset/commons-lang_parent/target/dspot/TestListener.ser
[INFO] Test has been run: testParseZone,testAmPm,testLocales_Long_AD,testLocales_Long_BC,testLang996,testTzParses,testLocales_ShortNoEra_AD,testLocales_ShortNoEra_BC,testParseLongShort,testLocales_LongNoEra_AD,testLocales_LongNoEra_BC,testLocales_Short_AD,testLocales_Short_BC,testParses
[INFO] 14 test pass, generating assertion...
[INFO] Add observations points in passing tests.
[INFO] Instrumentation...
  3% |= ]/  7% |=== ]- 10% |===== ]\ 14% |======= ]| 17% |======== ]/ 21% |========== ]- 25% |============ ]\ 28% |============== ]| 32% |================ ]/ 35% |================= ]- 39% |=================== ]\ 42% |===================== ]| 46% |======================= ]/ 50% |========================= ]-  3% |========================= ]/  7% |========================= ]- 10% |========================= ]\ 14% |========================= ]| 17% |========================= ]/ 21% |========================= ]- 25% |========================= ]\ 32% |========================= ]/ 28% |========================= ]| 39% |========================= ]\ 35% |========================= ]- 42% |========================= ]| 46% |========================= ]/100% |================================================== ]|
[INFO] Run instrumented tests. (84)
[ERROR] Error(s) during compilation:
[ERROR] Pb(762) Cannot refer to the static enum field FastDateParserTest.Expected1806.zone within an initializer
[ERROR] Pb(762) Cannot refer to the static enum field FastDateParserTest.Expected1806.one within an initializer
[ERROR] Pb(762) Cannot refer to the static enum field FastDateParserTest.Expected1806.two within an initializer
[ERROR] Pb(762) Cannot refer to the static enum field FastDateParserTest.Expected1806.three within an initializer
[ERROR] Pb(762) Cannot refer to the static enum field FastDateParserTest.Expected1806.offset within an initializer
[ERROR] Pb(81) The blank final field zone may not have been initialized
[ERROR] Pb(81) The blank final field one may not have been initialized
[ERROR] Pb(81) The blank final field two may not have been initialized
[ERROR] Pb(81) The blank final field three may not have been initialized
[ERROR] Pb(81) The blank final field offset may not have been initialized
[ERROR] Error(s) during compilation:
[ERROR] Pb(762) Cannot refer to the static enum field FastDateParserTest.Expected1806.zone within an initializer
[ERROR] Pb(762) Cannot refer to the static enum field FastDateParserTest.Expected1806.one within an initializer
[ERROR] Pb(762) Cannot refer to the static enum field FastDateParserTest.Expected1806.two within an initializer
[ERROR] Pb(762) Cannot refer to the static enum field FastDateParserTest.Expected1806.three within an initializer
[ERROR] Pb(762) Cannot refer to the static enum field FastDateParserTest.Expected1806.offset within an initializer
[ERROR] Pb(81) The blank final field zone may not have been initialized
[ERROR] Pb(81) The blank final field one may not have been initialized
[ERROR] Pb(81) The blank final field two may not have been initialized
[ERROR] Pb(81) The blank final field three may not have been initialized
[ERROR] Pb(81) The blank final field offset may not have been initialized
[ERROR] Error(s) during compilation:
[ERROR] Pb(762) Cannot refer to the static enum field FastDateParserTest.Expected1806.zone within an initializer
[ERROR] Pb(762) Cannot refer to the static enum field FastDateParserTest.Expected1806.one within an initializer
[ERROR] Pb(762) Cannot refer to the static enum field FastDateParserTest.Expected1806.two within an initializer
[ERROR] Pb(762) Cannot refer to the static enum field FastDateParserTest.Expected1806.three within an initializer
[ERROR] Pb(762) Cannot refer to the static enum field FastDateParserTest.Expected1806.offset within an initializer
[ERROR] Pb(81) The blank final field zone may not have been initialized
[ERROR] Pb(81) The blank final field one may not have been initialized
[ERROR] Pb(81) The blank final field two may not have been initialized
[ERROR] Pb(81) The blank final field three may not have been initialized
[ERROR] Pb(81) The blank final field offset may not have been initialized
[ERROR] Error(s) during compilation:
[ERROR] Pb(762) Cannot refer to the static enum field FastDateParserTest.Expected1806.zone within an initializer
[ERROR] Pb(762) Cannot refer to the static enum field FastDateParserTest.Expected1806.one within an initializer
[ERROR] Pb(762) Cannot refer to the static enum field FastDateParserTest.Expected1806.two within an initializer
[ERROR] Pb(762) Cannot refer to the static enum field FastDateParserTest.Expected1806.three within an initializer
[ERROR] Pb(762) Cannot refer to the static enum field FastDateParserTest.Expected1806.offset within an initializer
[ERROR] Pb(81) The blank final field zone may not have been initialized
[ERROR] Pb(81) The blank final field one may not have been initialized
[ERROR] Pb(81) The blank final field two may not have been initialized
[ERROR] Pb(81) The blank final field three may not have been initialized
[ERROR] Pb(81) The blank final field offset may not have been initialized
[WARNING] Trying three time to compile with no success. Give up.
[INFO] Run: java -classpath /tmp/icst-2019/september-2018/dataset/commons-lang_parent/target/test-classes:/tmp/icst-2019/september-2018/dataset/commons-lang_parent/target/classes/:/home/spirals/danglot/.m2/repository/junit/junit/4.12/junit-4.12.jar:/home/spirals/danglot/.m2/repository/org/hamcrest/hamcrest-core/1.3/hamcrest-core-1.3.jar:/home/spirals/danglot/.m2/repository/org/hamcrest/hamcrest-all/1.3/hamcrest-all-1.3.jar:/home/spirals/danglot/.m2/repository/org/easymock/easymock/3.5.1/easymock-3.5.1.jar:/home/spirals/danglot/.m2/repository/org/objenesis/objenesis/2.6/objenesis-2.6.jar:/home/spirals/danglot/.m2/repository/org/openjdk/jmh/jmh-core/1.19/jmh-core-1.19.jar:/home/spirals/danglot/.m2/repository/net/sf/jopt-simple/jopt-simple/4.6/jopt-simple-4.6.jar:/home/spirals/danglot/.m2/repository/org/apache/commons/commons-math3/3.2/commons-math3-3.2.jar:/home/spirals/danglot/.m2/repository/org/openjdk/jmh/jmh-generator-annprocess/1.19/jmh-generator-annprocess-1.19.jar:/tmp/icst-2019/september-2018/dataset/commons-lang_parent/target/dspot/dependencies/:/home/spirals/danglot/.m2/repository/eu/stamp-project/test-runner/1.1.0/test-runner-1.1.0-jar-with-dependencies.jar eu.stamp_project.testrunner.runner.test.TestRunner org.apache.commons.lang3.time.FastDateParserTest testParseLongShort_withlog0:testParses_withlog0:testParseZone_withlog0:testAmPm_withlog0:testLang996_withlog0:testLocales_ShortNoEra_BC_withlog0:testLocales_ShortNoEra_AD_withlog0:testLocales_LongNoEra_AD_withlog0:testLocales_Short_BC_withlog0:testLocales_LongNoEra_BC_withlog0:testLocales_Short_AD_withlog0:testLocales_Long_AD_withlog0:testLocales_Long_BC_withlog0:testTzParses_withlog0:testParseLongShort_withlog0:testParses_withlog0:testParseZone_withlog0:testAmPm_withlog0:testLang996_withlog0:testLocales_ShortNoEra_BC_withlog0:testLocales_ShortNoEra_AD_withlog0:testLocales_Short_BC_withlog0:testLocales_LongNoEra_AD_withlog0:testLocales_Short_AD_withlog0:testLocales_LongNoEra_BC_withlog0:testLocales_Long_AD_withlog0:testLocales_Long_BC_withlog0:testTzParses_withlog0:testParseLongShort_withlog1:testParses_withlog1:testParseZone_withlog1:testAmPm_withlog1:testLang996_withlog1:testLocales_ShortNoEra_BC_withlog1:testLocales_ShortNoEra_AD_withlog1:testLocales_LongNoEra_AD_withlog1:testLocales_Short_BC_withlog1:testLocales_LongNoEra_BC_withlog1:testLocales_Short_AD_withlog1:testLocales_Long_AD_withlog1:testLocales_Long_BC_withlog1:testTzParses_withlog1:testParseLongShort_withlog1:testParses_withlog1:testParseZone_withlog1:testAmPm_withlog1:testLang996_withlog1:testLocales_ShortNoEra_BC_withlog1:testLocales_ShortNoEra_AD_withlog1:testLocales_Short_BC_withlog1:testLocales_LongNoEra_AD_withlog1:testLocales_Short_AD_withlog1:testLocales_LongNoEra_BC_withlog1:testLocales_Long_AD_withlog1:testLocales_Long_BC_withlog1:testTzParses_withlog1:testParseLongShort_withlog2:testParses_withlog2:testParseZone_withlog2:testAmPm_withlog2:testLang996_withlog2:testLocales_ShortNoEra_BC_withlog2:testLocales_ShortNoEra_AD_withlog2:testLocales_LongNoEra_AD_withlog2:testLocales_Short_BC_withlog2:testLocales_LongNoEra_BC_withlog2:testLocales_Short_AD_withlog2:testLocales_Long_AD_withlog2:testLocales_Long_BC_withlog2:testTzParses_withlog2:testParseLongShort_withlog2:testParses_withlog2:testParseZone_withlog2:testAmPm_withlog2:testLang996_withlog2:testLocales_ShortNoEra_BC_withlog2:testLocales_ShortNoEra_AD_withlog2:testLocales_Short_BC_withlog2:testLocales_LongNoEra_AD_withlog2:testLocales_Short_AD_withlog2:testLocales_LongNoEra_BC_withlog2:testLocales_Long_AD_withlog2:testLocales_Long_BC_withlog2:testTzParses_withlog2
File saved to the following path: /tmp/icst-2019/september-2018/dataset/commons-lang_parent/target/dspot/observations.ser
File saved to the following path: /tmp/icst-2019/september-2018/dataset/commons-lang_parent/target/dspot/TestListener.ser
Loading /tmp/icst-2019/september-2018/dataset/commons-lang_parent/target/dspot/TestListener.ser
[INFO] Test has been run: testLocales_LongNoEra_BC_withlog0,testLocales_LongNoEra_BC_withlog1,testLocales_LongNoEra_BC_withlog2,testLocales_Long_AD_withlog0,testLocales_Long_AD_withlog1,testLocales_Long_AD_withlog2,testParseLongShort_withlog0,testParseLongShort_withlog1,testParseLongShort_withlog2,testLocales_Short_BC_withlog0,testLocales_Short_BC_withlog1,testLocales_Short_BC_withlog2,testLocales_LongNoEra_AD_withlog0,testLocales_LongNoEra_AD_withlog1,testLocales_LongNoEra_AD_withlog2,testLocales_ShortNoEra_BC_withlog0,testLocales_ShortNoEra_BC_withlog1,testLocales_ShortNoEra_BC_withlog2,testTzParses_withlog0,testTzParses_withlog1,testTzParses_withlog2,testLang996_withlog0,testLang996_withlog1,testLang996_withlog2,testLocales_Long_BC_withlog0,testLocales_Long_BC_withlog1,testLocales_Long_BC_withlog2,testLocales_Short_AD_withlog0,testLocales_Short_AD_withlog1,testLocales_Short_AD_withlog2,testLocales_ShortNoEra_AD_withlog0,testLocales_ShortNoEra_AD_withlog1,testLocales_ShortNoEra_AD_withlog2,testParseZone_withlog0,testParseZone_withlog1,testParseZone_withlog2,testAmPm_withlog0,testAmPm_withlog1,testAmPm_withlog2,testParses_withlog0(org.apache.commons.lang3.time.FastDateParserTest): test timed out after 50000 milliseconds,testParses_withlog1(org.apache.commons.lang3.time.FastDateParserTest): test timed out after 50000 milliseconds,testParses_withlog2(org.apache.commons.lang3.time.FastDateParserTest): test timed out after 50000 milliseconds
[WARNING] Some instrumented test failed!
[INFO] Generating assertions...
[INFO] 12 new tests with assertions generated
[ERROR] Error(s) during compilation:
[ERROR] Pb(762) Cannot refer to the static enum field FastDateParserTest.Expected1806.zone within an initializer
[ERROR] Pb(762) Cannot refer to the static enum field FastDateParserTest.Expected1806.one within an initializer
[ERROR] Pb(762) Cannot refer to the static enum field FastDateParserTest.Expected1806.two within an initializer
[ERROR] Pb(762) Cannot refer to the static enum field FastDateParserTest.Expected1806.three within an initializer
[ERROR] Pb(762) Cannot refer to the static enum field FastDateParserTest.Expected1806.offset within an initializer
[ERROR] Pb(81) The blank final field zone may not have been initialized
[ERROR] Pb(81) The blank final field one may not have been initialized
[ERROR] Pb(81) The blank final field two may not have been initialized
[ERROR] Pb(81) The blank final field three may not have been initialized
[ERROR] Pb(81) The blank final field offset may not have been initialized
[ERROR] Error(s) during compilation:
[ERROR] Pb(762) Cannot refer to the static enum field FastDateParserTest.Expected1806.zone within an initializer
[ERROR] Pb(762) Cannot refer to the static enum field FastDateParserTest.Expected1806.one within an initializer
[ERROR] Pb(762) Cannot refer to the static enum field FastDateParserTest.Expected1806.two within an initializer
[ERROR] Pb(762) Cannot refer to the static enum field FastDateParserTest.Expected1806.three within an initializer
[ERROR] Pb(762) Cannot refer to the static enum field FastDateParserTest.Expected1806.offset within an initializer
[ERROR] Pb(81) The blank final field zone may not have been initialized
[ERROR] Pb(81) The blank final field one may not have been initialized
[ERROR] Pb(81) The blank final field two may not have been initialized
[ERROR] Pb(81) The blank final field three may not have been initialized
[ERROR] Pb(81) The blank final field offset may not have been initialized
[ERROR] Error(s) during compilation:
[ERROR] Pb(762) Cannot refer to the static enum field FastDateParserTest.Expected1806.zone within an initializer
[ERROR] Pb(762) Cannot refer to the static enum field FastDateParserTest.Expected1806.one within an initializer
[ERROR] Pb(762) Cannot refer to the static enum field FastDateParserTest.Expected1806.two within an initializer
[ERROR] Pb(762) Cannot refer to the static enum field FastDateParserTest.Expected1806.three within an initializer
[ERROR] Pb(762) Cannot refer to the static enum field FastDateParserTest.Expected1806.offset within an initializer
[ERROR] Pb(81) The blank final field zone may not have been initialized
[ERROR] Pb(81) The blank final field one may not have been initialized
[ERROR] Pb(81) The blank final field two may not have been initialized
[ERROR] Pb(81) The blank final field three may not have been initialized
[ERROR] Pb(81) The blank final field offset may not have been initialized
[ERROR] Error(s) during compilation:
[ERROR] Pb(762) Cannot refer to the static enum field FastDateParserTest.Expected1806.zone within an initializer
[ERROR] Pb(762) Cannot refer to the static enum field FastDateParserTest.Expected1806.one within an initializer
[ERROR] Pb(762) Cannot refer to the static enum field FastDateParserTest.Expected1806.two within an initializer
[ERROR] Pb(762) Cannot refer to the static enum field FastDateParserTest.Expected1806.three within an initializer
[ERROR] Pb(762) Cannot refer to the static enum field FastDateParserTest.Expected1806.offset within an initializer
[ERROR] Pb(81) The blank final field zone may not have been initialized
[ERROR] Pb(81) The blank final field one may not have been initialized
[ERROR] Pb(81) The blank final field two may not have been initialized
[ERROR] Pb(81) The blank final field three may not have been initialized
[ERROR] Pb(81) The blank final field offset may not have been initialized
[WARNING] Trying three time to compile with no success. Give up.
[INFO] Run: java -classpath /tmp/icst-2019/september-2018/dataset/commons-lang_parent/target/test-classes:/tmp/icst-2019/september-2018/dataset/commons-lang_parent/target/classes/:/home/spirals/danglot/.m2/repository/junit/junit/4.12/junit-4.12.jar:/home/spirals/danglot/.m2/repository/org/hamcrest/hamcrest-core/1.3/hamcrest-core-1.3.jar:/home/spirals/danglot/.m2/repository/org/hamcrest/hamcrest-all/1.3/hamcrest-all-1.3.jar:/home/spirals/danglot/.m2/repository/org/easymock/easymock/3.5.1/easymock-3.5.1.jar:/home/spirals/danglot/.m2/repository/org/objenesis/objenesis/2.6/objenesis-2.6.jar:/home/spirals/danglot/.m2/repository/org/openjdk/jmh/jmh-core/1.19/jmh-core-1.19.jar:/home/spirals/danglot/.m2/repository/net/sf/jopt-simple/jopt-simple/4.6/jopt-simple-4.6.jar:/home/spirals/danglot/.m2/repository/org/apache/commons/commons-math3/3.2/commons-math3-3.2.jar:/home/spirals/danglot/.m2/repository/org/openjdk/jmh/jmh-generator-annprocess/1.19/jmh-generator-annprocess-1.19.jar:/tmp/icst-2019/september-2018/dataset/commons-lang_parent/target/dspot/dependencies/:/home/spirals/danglot/.m2/repository/eu/stamp-project/test-runner/1.1.0/test-runner-1.1.0-jar-with-dependencies.jar eu.stamp_project.testrunner.runner.test.TestRunner org.apache.commons.lang3.time.FastDateParserTest testParseLongShort:testParses:testParseZone:testAmPm:testLang996:testTzParses:testParseLongShort:testParses:testParseZone:testAmPm:testLang996:testTzParses
File saved to the following path: /tmp/icst-2019/september-2018/dataset/commons-lang_parent/target/dspot/TestListener.ser
Loading /tmp/icst-2019/september-2018/dataset/commons-lang_parent/target/dspot/TestListener.ser
[INFO] Test has been run: testParseZone,testAmPm,testLang996,testTzParses,testParseLongShort,testParses(org.apache.commons.lang3.time.FastDateParserTest): null
[INFO] Assertion amplification: 10 test method(s) has been successfully amplified.
[WARN] 2018-09-23 21:30:09 Launcher - You specified the directory /tmp/icst-2019/september-2018/dataset/commons-lang/target/classes in source classpath, please note that only class files will be considered. Jars and subdirectories will be ignored.
[WARN] 2018-09-23 21:30:09 Launcher - You specified the directory /tmp/icst-2019/september-2018/dataset/commons-lang/target/test-classes in source classpath, please note that only class files will be considered. Jars and subdirectories will be ignored.
[WARN] 2018-09-23 21:30:09 Launcher - You specified the directory /tmp/icst-2019/september-2018/dataset/commons-lang/target/dspot/dependencies in source classpath, please note that only class files will be considered. Jars and subdirectories will be ignored.
[WARN] 2018-09-23 21:30:10 Launcher - warning: Cannot refer to the static enum field FastDateParserTest.Expected1806.zone within an initializer at /tmp/icst-2019/september-2018/dataset/commons-lang_parent/target/dspot/tmp_test_sources/org/apache/commons/lang3/time/FastDateParserTest.java:1316
[WARN] 2018-09-23 21:30:10 Launcher - warning: Cannot refer to the static enum field FastDateParserTest.Expected1806.one within an initializer at /tmp/icst-2019/september-2018/dataset/commons-lang_parent/target/dspot/tmp_test_sources/org/apache/commons/lang3/time/FastDateParserTest.java:1317
[WARN] 2018-09-23 21:30:10 Launcher - warning: Cannot refer to the static enum field FastDateParserTest.Expected1806.two within an initializer at /tmp/icst-2019/september-2018/dataset/commons-lang_parent/target/dspot/tmp_test_sources/org/apache/commons/lang3/time/FastDateParserTest.java:1318
[WARN] 2018-09-23 21:30:10 Launcher - warning: Cannot refer to the static enum field FastDateParserTest.Expected1806.three within an initializer at /tmp/icst-2019/september-2018/dataset/commons-lang_parent/target/dspot/tmp_test_sources/org/apache/commons/lang3/time/FastDateParserTest.java:1319
[WARN] 2018-09-23 21:30:10 Launcher - warning: Cannot refer to the static enum field FastDateParserTest.Expected1806.offset within an initializer at /tmp/icst-2019/september-2018/dataset/commons-lang_parent/target/dspot/tmp_test_sources/org/apache/commons/lang3/time/FastDateParserTest.java:1320
[WARN] 2018-09-23 21:30:10 Launcher - warning: The blank final field offset may not have been initialized at /tmp/icst-2019/september-2018/dataset/commons-lang_parent/target/dspot/tmp_test_sources/org/apache/commons/lang3/time/FastDateParserTest.java:1331
[WARN] 2018-09-23 21:30:10 Launcher - warning: The blank final field one may not have been initialized at /tmp/icst-2019/september-2018/dataset/commons-lang_parent/target/dspot/tmp_test_sources/org/apache/commons/lang3/time/FastDateParserTest.java:1325
[WARN] 2018-09-23 21:30:10 Launcher - warning: The blank final field three may not have been initialized at /tmp/icst-2019/september-2018/dataset/commons-lang_parent/target/dspot/tmp_test_sources/org/apache/commons/lang3/time/FastDateParserTest.java:1329
[WARN] 2018-09-23 21:30:10 Launcher - warning: The blank final field two may not have been initialized at /tmp/icst-2019/september-2018/dataset/commons-lang_parent/target/dspot/tmp_test_sources/org/apache/commons/lang3/time/FastDateParserTest.java:1327
[WARN] 2018-09-23 21:30:10 Launcher - warning: The blank final field zone may not have been initialized at /tmp/icst-2019/september-2018/dataset/commons-lang_parent/target/dspot/tmp_test_sources/org/apache/commons/lang3/time/FastDateParserTest.java:1323
[WARN] 2018-09-23 21:30:12 Launcher - warning: Cannot refer to the static enum field FastDateParserTest.Expected1806.zone within an initializer at /tmp/icst-2019/september-2018/dataset/commons-lang_parent/FastDateParserTest.java:1305
[WARN] 2018-09-23 21:30:12 Launcher - warning: Cannot refer to the static enum field FastDateParserTest.Expected1806.one within an initializer at /tmp/icst-2019/september-2018/dataset/commons-lang_parent/FastDateParserTest.java:1306
[WARN] 2018-09-23 21:30:12 Launcher - warning: Cannot refer to the static enum field FastDateParserTest.Expected1806.two within an initializer at /tmp/icst-2019/september-2018/dataset/commons-lang_parent/FastDateParserTest.java:1307
[WARN] 2018-09-23 21:30:12 Launcher - warning: Cannot refer to the static enum field FastDateParserTest.Expected1806.three within an initializer at /tmp/icst-2019/september-2018/dataset/commons-lang_parent/FastDateParserTest.java:1308
[WARN] 2018-09-23 21:30:12 Launcher - warning: Cannot refer to the static enum field FastDateParserTest.Expected1806.offset within an initializer at /tmp/icst-2019/september-2018/dataset/commons-lang_parent/FastDateParserTest.java:1309
[WARN] 2018-09-23 21:30:12 Launcher - warning: The blank final field zone may not have been initialized at /tmp/icst-2019/september-2018/dataset/commons-lang_parent/FastDateParserTest.java:1312
[WARN] 2018-09-23 21:30:12 Launcher - warning: The blank final field one may not have been initialized at /tmp/icst-2019/september-2018/dataset/commons-lang_parent/FastDateParserTest.java:1314
[WARN] 2018-09-23 21:30:12 Launcher - warning: The blank final field two may not have been initialized at /tmp/icst-2019/september-2018/dataset/commons-lang_parent/FastDateParserTest.java:1316
[WARN] 2018-09-23 21:30:12 Launcher - warning: The blank final field three may not have been initialized at /tmp/icst-2019/september-2018/dataset/commons-lang_parent/FastDateParserTest.java:1318
[WARN] 2018-09-23 21:30:12 Launcher - warning: The blank final field offset may not have been initialized at /tmp/icst-2019/september-2018/dataset/commons-lang_parent/FastDateParserTest.java:1320
[INFO] Run: java -classpath /tmp/icst-2019/september-2018/dataset/commons-lang/target/classes/:/tmp/icst-2019/september-2018/dataset/commons-lang/target/test-classes/:/home/spirals/danglot/.m2/repository/junit/junit/4.12/junit-4.12.jar:/home/spirals/danglot/.m2/repository/org/hamcrest/hamcrest-core/1.3/hamcrest-core-1.3.jar:/home/spirals/danglot/.m2/repository/org/hamcrest/hamcrest-all/1.3/hamcrest-all-1.3.jar:/home/spirals/danglot/.m2/repository/org/easymock/easymock/3.5.1/easymock-3.5.1.jar:/home/spirals/danglot/.m2/repository/org/objenesis/objenesis/2.6/objenesis-2.6.jar:/home/spirals/danglot/.m2/repository/org/openjdk/jmh/jmh-core/1.19/jmh-core-1.19.jar:/home/spirals/danglot/.m2/repository/net/sf/jopt-simple/jopt-simple/4.6/jopt-simple-4.6.jar:/home/spirals/danglot/.m2/repository/org/apache/commons/commons-math3/3.2/commons-math3-3.2.jar:/home/spirals/danglot/.m2/repository/org/openjdk/jmh/jmh-generator-annprocess/1.19/jmh-generator-annprocess-1.19.jar:/tmp/icst-2019/september-2018/dataset/commons-lang/target/dspot/dependencies/:/home/spirals/danglot/.m2/repository/eu/stamp-project/test-runner/1.1.0/test-runner-1.1.0-jar-with-dependencies.jar eu.stamp_project.testrunner.runner.test.TestRunner org.apache.commons.lang3.time.FastDateParserTest testParseLongShort:testParseZone:testAmPm:testLang996:testTzParses:testParseLongShort:testParseZone:testAmPm:testLang996:testTzParses
File saved to the following path: /tmp/icst-2019/september-2018/dataset/commons-lang_parent/target/dspot/TestListener.ser
Loading /tmp/icst-2019/september-2018/dataset/commons-lang_parent/target/dspot/TestListener.ser
[INFO] Test has been run: testParseZone,testAmPm,testLang996,testTzParses,testParseLongShort
[INFO] 0 amplified test methods has been selected to be kept. (global: 0)
[INFO] elapsedTime 213325
======= REPORT =======
0 amplified test fails on the new versions.

[WARNING] DSpot could not obtain any amplified test method.
[WARNING] You can customize the following options: --amplifiers, --test-criterion, --iteration, --budgetizer etc, and retry with a new configuration.
[WARNING] Could not match any test methods
[WARNING] Could not match any test methods
[INFO] Amplification of org.apache.commons.lang3.time.DateUtilsTest (4 test(s))
[INFO] Assertion amplification of org.apache.commons.lang3.time.DateUtilsTest (4 test(s))
[INFO] Run: java -classpath /tmp/icst-2019/september-2018/dataset/commons-lang_parent/target/test-classes:/tmp/icst-2019/september-2018/dataset/commons-lang_parent/target/classes/:/home/spirals/danglot/.m2/repository/junit/junit/4.12/junit-4.12.jar:/home/spirals/danglot/.m2/repository/org/hamcrest/hamcrest-core/1.3/hamcrest-core-1.3.jar:/home/spirals/danglot/.m2/repository/org/hamcrest/hamcrest-all/1.3/hamcrest-all-1.3.jar:/home/spirals/danglot/.m2/repository/org/easymock/easymock/3.5.1/easymock-3.5.1.jar:/home/spirals/danglot/.m2/repository/org/objenesis/objenesis/2.6/objenesis-2.6.jar:/home/spirals/danglot/.m2/repository/org/openjdk/jmh/jmh-core/1.19/jmh-core-1.19.jar:/home/spirals/danglot/.m2/repository/net/sf/jopt-simple/jopt-simple/4.6/jopt-simple-4.6.jar:/home/spirals/danglot/.m2/repository/org/apache/commons/commons-math3/3.2/commons-math3-3.2.jar:/home/spirals/danglot/.m2/repository/org/openjdk/jmh/jmh-generator-annprocess/1.19/jmh-generator-annprocess-1.19.jar:/tmp/icst-2019/september-2018/dataset/commons-lang_parent/target/dspot/dependencies/:/home/spirals/danglot/.m2/repository/eu/stamp-project/test-runner/1.1.0/test-runner-1.1.0-jar-with-dependencies.jar eu.stamp_project.testrunner.runner.test.TestRunner org.apache.commons.lang3.time.DateUtilsTest testLANG799_EN_OK:testLANG799_EN_WITH_DE_LOCALE:testLANG799:testLANG799_DE_OK
File saved to the following path: /tmp/icst-2019/september-2018/dataset/commons-lang_parent/target/dspot/TestListener.ser
Loading /tmp/icst-2019/september-2018/dataset/commons-lang_parent/target/dspot/TestListener.ser
[INFO] Test has been run: testLANG799_DE_OK,testLANG799_EN_OK,testLANG799_EN_WITH_DE_LOCALE,testLANG799
[INFO] Run tests. (4)
[INFO] Run: java -classpath /tmp/icst-2019/september-2018/dataset/commons-lang_parent/target/test-classes:/tmp/icst-2019/september-2018/dataset/commons-lang_parent/target/classes/:/home/spirals/danglot/.m2/repository/junit/junit/4.12/junit-4.12.jar:/home/spirals/danglot/.m2/repository/org/hamcrest/hamcrest-core/1.3/hamcrest-core-1.3.jar:/home/spirals/danglot/.m2/repository/org/hamcrest/hamcrest-all/1.3/hamcrest-all-1.3.jar:/home/spirals/danglot/.m2/repository/org/easymock/easymock/3.5.1/easymock-3.5.1.jar:/home/spirals/danglot/.m2/repository/org/objenesis/objenesis/2.6/objenesis-2.6.jar:/home/spirals/danglot/.m2/repository/org/openjdk/jmh/jmh-core/1.19/jmh-core-1.19.jar:/home/spirals/danglot/.m2/repository/net/sf/jopt-simple/jopt-simple/4.6/jopt-simple-4.6.jar:/home/spirals/danglot/.m2/repository/org/apache/commons/commons-math3/3.2/commons-math3-3.2.jar:/home/spirals/danglot/.m2/repository/org/openjdk/jmh/jmh-generator-annprocess/1.19/jmh-generator-annprocess-1.19.jar:/tmp/icst-2019/september-2018/dataset/commons-lang_parent/target/dspot/dependencies/:/home/spirals/danglot/.m2/repository/eu/stamp-project/test-runner/1.1.0/test-runner-1.1.0-jar-with-dependencies.jar eu.stamp_project.testrunner.runner.test.TestRunner org.apache.commons.lang3.time.DateUtilsTest testLANG799_EN_OK:testLANG799_EN_WITH_DE_LOCALE:testLANG799:testLANG799_DE_OK
File saved to the following path: /tmp/icst-2019/september-2018/dataset/commons-lang_parent/target/dspot/TestListener.ser
Loading /tmp/icst-2019/september-2018/dataset/commons-lang_parent/target/dspot/TestListener.ser
[INFO] Test has been run: testLANG799_DE_OK,testLANG799_EN_OK,testLANG799_EN_WITH_DE_LOCALE,testLANG799
[INFO] 4 test pass, generating assertion...
[INFO] Add observations points in passing tests.
[INFO] Instrumentation...
 25% |============ ]/ 50% |========================= ]- 75% |===================================== ]\100% |================================================== ]|
[INFO] Run instrumented tests. (12)
[INFO] Run: java -classpath /tmp/icst-2019/september-2018/dataset/commons-lang_parent/target/test-classes:/tmp/icst-2019/september-2018/dataset/commons-lang_parent/target/classes/:/home/spirals/danglot/.m2/repository/junit/junit/4.12/junit-4.12.jar:/home/spirals/danglot/.m2/repository/org/hamcrest/hamcrest-core/1.3/hamcrest-core-1.3.jar:/home/spirals/danglot/.m2/repository/org/hamcrest/hamcrest-all/1.3/hamcrest-all-1.3.jar:/home/spirals/danglot/.m2/repository/org/easymock/easymock/3.5.1/easymock-3.5.1.jar:/home/spirals/danglot/.m2/repository/org/objenesis/objenesis/2.6/objenesis-2.6.jar:/home/spirals/danglot/.m2/repository/org/openjdk/jmh/jmh-core/1.19/jmh-core-1.19.jar:/home/spirals/danglot/.m2/repository/net/sf/jopt-simple/jopt-simple/4.6/jopt-simple-4.6.jar:/home/spirals/danglot/.m2/repository/org/apache/commons/commons-math3/3.2/commons-math3-3.2.jar:/home/spirals/danglot/.m2/repository/org/openjdk/jmh/jmh-generator-annprocess/1.19/jmh-generator-annprocess-1.19.jar:/tmp/icst-2019/september-2018/dataset/commons-lang_parent/target/dspot/dependencies/:/home/spirals/danglot/.m2/repository/eu/stamp-project/test-runner/1.1.0/test-runner-1.1.0-jar-with-dependencies.jar eu.stamp_project.testrunner.runner.test.TestRunner org.apache.commons.lang3.time.DateUtilsTest testLANG799_EN_OK_withlog0:testLANG799_EN_WITH_DE_LOCALE_withlog0:testLANG799_withlog0:testLANG799_DE_OK_withlog0:testLANG799_EN_OK_withlog1:testLANG799_EN_WITH_DE_LOCALE_withlog1:testLANG799_withlog1:testLANG799_DE_OK_withlog1:testLANG799_EN_OK_withlog2:testLANG799_EN_WITH_DE_LOCALE_withlog2:testLANG799_withlog2:testLANG799_DE_OK_withlog2
File saved to the following path: /tmp/icst-2019/september-2018/dataset/commons-lang_parent/target/dspot/observations.ser
File saved to the following path: /tmp/icst-2019/september-2018/dataset/commons-lang_parent/target/dspot/TestListener.ser
Loading /tmp/icst-2019/september-2018/dataset/commons-lang_parent/target/dspot/TestListener.ser
[INFO] Test has been run: testLANG799_withlog0,testLANG799_withlog1,testLANG799_withlog2,testLANG799_DE_OK_withlog0,testLANG799_DE_OK_withlog1,testLANG799_DE_OK_withlog2,testLANG799_EN_WITH_DE_LOCALE_withlog0,testLANG799_EN_WITH_DE_LOCALE_withlog1,testLANG799_EN_WITH_DE_LOCALE_withlog2,testLANG799_EN_OK_withlog0,testLANG799_EN_OK_withlog1,testLANG799_EN_OK_withlog2
[INFO] Generating assertions...
[INFO] 4 new tests with assertions generated
[INFO] Run: java -classpath /tmp/icst-2019/september-2018/dataset/commons-lang_parent/target/test-classes:/tmp/icst-2019/september-2018/dataset/commons-lang_parent/target/classes/:/home/spirals/danglot/.m2/repository/junit/junit/4.12/junit-4.12.jar:/home/spirals/danglot/.m2/repository/org/hamcrest/hamcrest-core/1.3/hamcrest-core-1.3.jar:/home/spirals/danglot/.m2/repository/org/hamcrest/hamcrest-all/1.3/hamcrest-all-1.3.jar:/home/spirals/danglot/.m2/repository/org/easymock/easymock/3.5.1/easymock-3.5.1.jar:/home/spirals/danglot/.m2/repository/org/objenesis/objenesis/2.6/objenesis-2.6.jar:/home/spirals/danglot/.m2/repository/org/openjdk/jmh/jmh-core/1.19/jmh-core-1.19.jar:/home/spirals/danglot/.m2/repository/net/sf/jopt-simple/jopt-simple/4.6/jopt-simple-4.6.jar:/home/spirals/danglot/.m2/repository/org/apache/commons/commons-math3/3.2/commons-math3-3.2.jar:/home/spirals/danglot/.m2/repository/org/openjdk/jmh/jmh-generator-annprocess/1.19/jmh-generator-annprocess-1.19.jar:/tmp/icst-2019/september-2018/dataset/commons-lang_parent/target/dspot/dependencies/:/home/spirals/danglot/.m2/repository/eu/stamp-project/test-runner/1.1.0/test-runner-1.1.0-jar-with-dependencies.jar eu.stamp_project.testrunner.runner.test.TestRunner org.apache.commons.lang3.time.DateUtilsTest testLANG799_EN_OK:testLANG799_EN_WITH_DE_LOCALE:testLANG799:testLANG799_DE_OK
File saved to the following path: /tmp/icst-2019/september-2018/dataset/commons-lang_parent/target/dspot/TestListener.ser
Loading /tmp/icst-2019/september-2018/dataset/commons-lang_parent/target/dspot/TestListener.ser
[INFO] Test has been run: testLANG799_DE_OK,testLANG799_EN_OK,testLANG799_EN_WITH_DE_LOCALE,testLANG799
[INFO] Assertion amplification: 4 test method(s) has been successfully amplified.
[WARN] 2018-09-23 21:30:19 Launcher - You specified the directory /tmp/icst-2019/september-2018/dataset/commons-lang/target/classes in source classpath, please note that only class files will be considered. Jars and subdirectories will be ignored.
[WARN] 2018-09-23 21:30:19 Launcher - You specified the directory /tmp/icst-2019/september-2018/dataset/commons-lang/target/test-classes in source classpath, please note that only class files will be considered. Jars and subdirectories will be ignored.
[WARN] 2018-09-23 21:30:19 Launcher - You specified the directory /tmp/icst-2019/september-2018/dataset/commons-lang/target/dspot/dependencies in source classpath, please note that only class files will be considered. Jars and subdirectories will be ignored.
[INFO] Run: java -classpath /tmp/icst-2019/september-2018/dataset/commons-lang/target/classes/:/tmp/icst-2019/september-2018/dataset/commons-lang/target/test-classes/:/home/spirals/danglot/.m2/repository/junit/junit/4.12/junit-4.12.jar:/home/spirals/danglot/.m2/repository/org/hamcrest/hamcrest-core/1.3/hamcrest-core-1.3.jar:/home/spirals/danglot/.m2/repository/org/hamcrest/hamcrest-all/1.3/hamcrest-all-1.3.jar:/home/spirals/danglot/.m2/repository/org/easymock/easymock/3.5.1/easymock-3.5.1.jar:/home/spirals/danglot/.m2/repository/org/objenesis/objenesis/2.6/objenesis-2.6.jar:/home/spirals/danglot/.m2/repository/org/openjdk/jmh/jmh-core/1.19/jmh-core-1.19.jar:/home/spirals/danglot/.m2/repository/net/sf/jopt-simple/jopt-simple/4.6/jopt-simple-4.6.jar:/home/spirals/danglot/.m2/repository/org/apache/commons/commons-math3/3.2/commons-math3-3.2.jar:/home/spirals/danglot/.m2/repository/org/openjdk/jmh/jmh-generator-annprocess/1.19/jmh-generator-annprocess-1.19.jar:/tmp/icst-2019/september-2018/dataset/commons-lang/target/dspot/dependencies/:/home/spirals/danglot/.m2/repository/eu/stamp-project/test-runner/1.1.0/test-runner-1.1.0-jar-with-dependencies.jar eu.stamp_project.testrunner.runner.test.TestRunner org.apache.commons.lang3.time.DateUtilsTest testLANG799_EN_OK:testLANG799_EN_WITH_DE_LOCALE:testLANG799:testLANG799_DE_OK
File saved to the following path: /tmp/icst-2019/september-2018/dataset/commons-lang_parent/target/dspot/TestListener.ser
Loading /tmp/icst-2019/september-2018/dataset/commons-lang_parent/target/dspot/TestListener.ser
[INFO] Test has been run: testLANG799_DE_OK,testLANG799_EN_OK,testLANG799_EN_WITH_DE_LOCALE,testLANG799
[INFO] 0 amplified test methods has been selected to be kept. (global: 0)
[INFO] elapsedTime 5864
======= REPORT =======
0 amplified test fails on the new versions.

[WARNING] DSpot could not obtain any amplified test method.
[WARNING] You can customize the following options: --amplifiers, --test-criterion, --iteration, --budgetizer etc, and retry with a new configuration.
[INFO] Amplification of org.apache.commons.lang3.time.DateFormatUtilsTest (3 test(s))
[INFO] Assertion amplification of org.apache.commons.lang3.time.DateFormatUtilsTest (3 test(s))
[INFO] Run: java -classpath /tmp/icst-2019/september-2018/dataset/commons-lang_parent/target/test-classes:/tmp/icst-2019/september-2018/dataset/commons-lang_parent/target/classes/:/home/spirals/danglot/.m2/repository/junit/junit/4.12/junit-4.12.jar:/home/spirals/danglot/.m2/repository/org/hamcrest/hamcrest-core/1.3/hamcrest-core-1.3.jar:/home/spirals/danglot/.m2/repository/org/hamcrest/hamcrest-all/1.3/hamcrest-all-1.3.jar:/home/spirals/danglot/.m2/repository/org/easymock/easymock/3.5.1/easymock-3.5.1.jar:/home/spirals/danglot/.m2/repository/org/objenesis/objenesis/2.6/objenesis-2.6.jar:/home/spirals/danglot/.m2/repository/org/openjdk/jmh/jmh-core/1.19/jmh-core-1.19.jar:/home/spirals/danglot/.m2/repository/net/sf/jopt-simple/jopt-simple/4.6/jopt-simple-4.6.jar:/home/spirals/danglot/.m2/repository/org/apache/commons/commons-math3/3.2/commons-math3-3.2.jar:/home/spirals/danglot/.m2/repository/org/openjdk/jmh/jmh-generator-annprocess/1.19/jmh-generator-annprocess-1.19.jar:/tmp/icst-2019/september-2018/dataset/commons-lang_parent/target/dspot/dependencies/:/home/spirals/danglot/.m2/repository/eu/stamp-project/test-runner/1.1.0/test-runner-1.1.0-jar-with-dependencies.jar eu.stamp_project.testrunner.runner.test.TestRunner org.apache.commons.lang3.time.DateFormatUtilsTest testFormat:testSMTP:testFormatUTC
File saved to the following path: /tmp/icst-2019/september-2018/dataset/commons-lang_parent/target/dspot/TestListener.ser
Loading /tmp/icst-2019/september-2018/dataset/commons-lang_parent/target/dspot/TestListener.ser
[INFO] Test has been run: testFormatUTC,testSMTP,testFormat
[INFO] Run tests. (3)
[INFO] Run: java -classpath /tmp/icst-2019/september-2018/dataset/commons-lang_parent/target/test-classes:/tmp/icst-2019/september-2018/dataset/commons-lang_parent/target/classes/:/home/spirals/danglot/.m2/repository/junit/junit/4.12/junit-4.12.jar:/home/spirals/danglot/.m2/repository/org/hamcrest/hamcrest-core/1.3/hamcrest-core-1.3.jar:/home/spirals/danglot/.m2/repository/org/hamcrest/hamcrest-all/1.3/hamcrest-all-1.3.jar:/home/spirals/danglot/.m2/repository/org/easymock/easymock/3.5.1/easymock-3.5.1.jar:/home/spirals/danglot/.m2/repository/org/objenesis/objenesis/2.6/objenesis-2.6.jar:/home/spirals/danglot/.m2/repository/org/openjdk/jmh/jmh-core/1.19/jmh-core-1.19.jar:/home/spirals/danglot/.m2/repository/net/sf/jopt-simple/jopt-simple/4.6/jopt-simple-4.6.jar:/home/spirals/danglot/.m2/repository/org/apache/commons/commons-math3/3.2/commons-math3-3.2.jar:/home/spirals/danglot/.m2/repository/org/openjdk/jmh/jmh-generator-annprocess/1.19/jmh-generator-annprocess-1.19.jar:/tmp/icst-2019/september-2018/dataset/commons-lang_parent/target/dspot/dependencies/:/home/spirals/danglot/.m2/repository/eu/stamp-project/test-runner/1.1.0/test-runner-1.1.0-jar-with-dependencies.jar eu.stamp_project.testrunner.runner.test.TestRunner org.apache.commons.lang3.time.DateFormatUtilsTest testFormat:testSMTP:testFormatUTC
File saved to the following path: /tmp/icst-2019/september-2018/dataset/commons-lang_parent/target/dspot/TestListener.ser
Loading /tmp/icst-2019/september-2018/dataset/commons-lang_parent/target/dspot/TestListener.ser
[INFO] Test has been run: testFormatUTC,testSMTP,testFormat
[INFO] 3 test pass, generating assertion...
[INFO] Add observations points in passing tests.
[INFO] Instrumentation...
 33% |================ ]/ 66% |================================= ]-100% |================================================== ]\
[INFO] Run instrumented tests. (9)
[INFO] Run: java -classpath /tmp/icst-2019/september-2018/dataset/commons-lang_parent/target/test-classes:/tmp/icst-2019/september-2018/dataset/commons-lang_parent/target/classes/:/home/spirals/danglot/.m2/repository/junit/junit/4.12/junit-4.12.jar:/home/spirals/danglot/.m2/repository/org/hamcrest/hamcrest-core/1.3/hamcrest-core-1.3.jar:/home/spirals/danglot/.m2/repository/org/hamcrest/hamcrest-all/1.3/hamcrest-all-1.3.jar:/home/spirals/danglot/.m2/repository/org/easymock/easymock/3.5.1/easymock-3.5.1.jar:/home/spirals/danglot/.m2/repository/org/objenesis/objenesis/2.6/objenesis-2.6.jar:/home/spirals/danglot/.m2/repository/org/openjdk/jmh/jmh-core/1.19/jmh-core-1.19.jar:/home/spirals/danglot/.m2/repository/net/sf/jopt-simple/jopt-simple/4.6/jopt-simple-4.6.jar:/home/spirals/danglot/.m2/repository/org/apache/commons/commons-math3/3.2/commons-math3-3.2.jar:/home/spirals/danglot/.m2/repository/org/openjdk/jmh/jmh-generator-annprocess/1.19/jmh-generator-annprocess-1.19.jar:/tmp/icst-2019/september-2018/dataset/commons-lang_parent/target/dspot/dependencies/:/home/spirals/danglot/.m2/repository/eu/stamp-project/test-runner/1.1.0/test-runner-1.1.0-jar-with-dependencies.jar eu.stamp_project.testrunner.runner.test.TestRunner org.apache.commons.lang3.time.DateFormatUtilsTest testFormat_withlog0:testSMTP_withlog0:testFormatUTC_withlog0:testFormat_withlog1:testSMTP_withlog1:testFormatUTC_withlog1:testFormat_withlog2:testSMTP_withlog2:testFormatUTC_withlog2
File saved to the following path: /tmp/icst-2019/september-2018/dataset/commons-lang_parent/target/dspot/observations.ser
File saved to the following path: /tmp/icst-2019/september-2018/dataset/commons-lang_parent/target/dspot/TestListener.ser
Loading /tmp/icst-2019/september-2018/dataset/commons-lang_parent/target/dspot/TestListener.ser
[INFO] Test has been run: testSMTP_withlog0,testSMTP_withlog1,testSMTP_withlog2,testFormat_withlog0,testFormat_withlog1,testFormat_withlog2,testFormatUTC_withlog0,testFormatUTC_withlog1,testFormatUTC_withlog2
[INFO] Generating assertions...
[INFO] 3 new tests with assertions generated
[INFO] Run: java -classpath /tmp/icst-2019/september-2018/dataset/commons-lang_parent/target/test-classes:/tmp/icst-2019/september-2018/dataset/commons-lang_parent/target/classes/:/home/spirals/danglot/.m2/repository/junit/junit/4.12/junit-4.12.jar:/home/spirals/danglot/.m2/repository/org/hamcrest/hamcrest-core/1.3/hamcrest-core-1.3.jar:/home/spirals/danglot/.m2/repository/org/hamcrest/hamcrest-all/1.3/hamcrest-all-1.3.jar:/home/spirals/danglot/.m2/repository/org/easymock/easymock/3.5.1/easymock-3.5.1.jar:/home/spirals/danglot/.m2/repository/org/objenesis/objenesis/2.6/objenesis-2.6.jar:/home/spirals/danglot/.m2/repository/org/openjdk/jmh/jmh-core/1.19/jmh-core-1.19.jar:/home/spirals/danglot/.m2/repository/net/sf/jopt-simple/jopt-simple/4.6/jopt-simple-4.6.jar:/home/spirals/danglot/.m2/repository/org/apache/commons/commons-math3/3.2/commons-math3-3.2.jar:/home/spirals/danglot/.m2/repository/org/openjdk/jmh/jmh-generator-annprocess/1.19/jmh-generator-annprocess-1.19.jar:/tmp/icst-2019/september-2018/dataset/commons-lang_parent/target/dspot/dependencies/:/home/spirals/danglot/.m2/repository/eu/stamp-project/test-runner/1.1.0/test-runner-1.1.0-jar-with-dependencies.jar eu.stamp_project.testrunner.runner.test.TestRunner org.apache.commons.lang3.time.DateFormatUtilsTest testFormat:testSMTP:testFormatUTC
File saved to the following path: /tmp/icst-2019/september-2018/dataset/commons-lang_parent/target/dspot/TestListener.ser
Loading /tmp/icst-2019/september-2018/dataset/commons-lang_parent/target/dspot/TestListener.ser
[INFO] Test has been run: testFormatUTC,testSMTP,testFormat
[INFO] Assertion amplification: 3 test method(s) has been successfully amplified.
[WARN] 2018-09-23 21:30:28 Launcher - You specified the directory /tmp/icst-2019/september-2018/dataset/commons-lang/target/classes in source classpath, please note that only class files will be considered. Jars and subdirectories will be ignored.
[WARN] 2018-09-23 21:30:28 Launcher - You specified the directory /tmp/icst-2019/september-2018/dataset/commons-lang/target/test-classes in source classpath, please note that only class files will be considered. Jars and subdirectories will be ignored.
[WARN] 2018-09-23 21:30:28 Launcher - You specified the directory /tmp/icst-2019/september-2018/dataset/commons-lang/target/dspot/dependencies in source classpath, please note that only class files will be considered. Jars and subdirectories will be ignored.
[INFO] Run: java -classpath /tmp/icst-2019/september-2018/dataset/commons-lang/target/classes/:/tmp/icst-2019/september-2018/dataset/commons-lang/target/test-classes/:/home/spirals/danglot/.m2/repository/junit/junit/4.12/junit-4.12.jar:/home/spirals/danglot/.m2/repository/org/hamcrest/hamcrest-core/1.3/hamcrest-core-1.3.jar:/home/spirals/danglot/.m2/repository/org/hamcrest/hamcrest-all/1.3/hamcrest-all-1.3.jar:/home/spirals/danglot/.m2/repository/org/easymock/easymock/3.5.1/easymock-3.5.1.jar:/home/spirals/danglot/.m2/repository/org/objenesis/objenesis/2.6/objenesis-2.6.jar:/home/spirals/danglot/.m2/repository/org/openjdk/jmh/jmh-core/1.19/jmh-core-1.19.jar:/home/spirals/danglot/.m2/repository/net/sf/jopt-simple/jopt-simple/4.6/jopt-simple-4.6.jar:/home/spirals/danglot/.m2/repository/org/apache/commons/commons-math3/3.2/commons-math3-3.2.jar:/home/spirals/danglot/.m2/repository/org/openjdk/jmh/jmh-generator-annprocess/1.19/jmh-generator-annprocess-1.19.jar:/tmp/icst-2019/september-2018/dataset/commons-lang/target/dspot/dependencies/:/home/spirals/danglot/.m2/repository/eu/stamp-project/test-runner/1.1.0/test-runner-1.1.0-jar-with-dependencies.jar eu.stamp_project.testrunner.runner.test.TestRunner org.apache.commons.lang3.time.DateFormatUtilsTest testFormat:testSMTP:testFormatUTC
File saved to the following path: /tmp/icst-2019/september-2018/dataset/commons-lang_parent/target/dspot/TestListener.ser
Loading /tmp/icst-2019/september-2018/dataset/commons-lang_parent/target/dspot/TestListener.ser
[INFO] Test has been run: testFormatUTC,testSMTP,testFormat
[INFO] 0 amplified test methods has been selected to be kept. (global: 0)
[INFO] elapsedTime 8235
======= REPORT =======
0 amplified test fails on the new versions.

[WARNING] DSpot could not obtain any amplified test method.
[WARNING] You can customize the following options: --amplifiers, --test-criterion, --iteration, --budgetizer etc, and retry with a new configuration.
[INFO] Amplification of org.apache.commons.lang3.time.FastDateParser_MoreOrLessTest (2 test(s))
[INFO] Assertion amplification of org.apache.commons.lang3.time.FastDateParser_MoreOrLessTest (2 test(s))
[INFO] Run: java -classpath /tmp/icst-2019/september-2018/dataset/commons-lang_parent/target/test-classes:/tmp/icst-2019/september-2018/dataset/commons-lang_parent/target/classes/:/home/spirals/danglot/.m2/repository/junit/junit/4.12/junit-4.12.jar:/home/spirals/danglot/.m2/repository/org/hamcrest/hamcrest-core/1.3/hamcrest-core-1.3.jar:/home/spirals/danglot/.m2/repository/org/hamcrest/hamcrest-all/1.3/hamcrest-all-1.3.jar:/home/spirals/danglot/.m2/repository/org/easymock/easymock/3.5.1/easymock-3.5.1.jar:/home/spirals/danglot/.m2/repository/org/objenesis/objenesis/2.6/objenesis-2.6.jar:/home/spirals/danglot/.m2/repository/org/openjdk/jmh/jmh-core/1.19/jmh-core-1.19.jar:/home/spirals/danglot/.m2/repository/net/sf/jopt-simple/jopt-simple/4.6/jopt-simple-4.6.jar:/home/spirals/danglot/.m2/repository/org/apache/commons/commons-math3/3.2/commons-math3-3.2.jar:/home/spirals/danglot/.m2/repository/org/openjdk/jmh/jmh-generator-annprocess/1.19/jmh-generator-annprocess-1.19.jar:/tmp/icst-2019/september-2018/dataset/commons-lang_parent/target/dspot/dependencies/:/home/spirals/danglot/.m2/repository/eu/stamp-project/test-runner/1.1.0/test-runner-1.1.0-jar-with-dependencies.jar eu.stamp_project.testrunner.runner.test.TestRunner org.apache.commons.lang3.time.FastDateParser_MoreOrLessTest testInputHasWrongDay:testInputHasWrongTimeZone
File saved to the following path: /tmp/icst-2019/september-2018/dataset/commons-lang_parent/target/dspot/TestListener.ser
Loading /tmp/icst-2019/september-2018/dataset/commons-lang_parent/target/dspot/TestListener.ser
[INFO] Test has been run: testInputHasWrongDay,testInputHasWrongTimeZone
[INFO] Run tests. (2)
[INFO] Run: java -classpath /tmp/icst-2019/september-2018/dataset/commons-lang_parent/target/test-classes:/tmp/icst-2019/september-2018/dataset/commons-lang_parent/target/classes/:/home/spirals/danglot/.m2/repository/junit/junit/4.12/junit-4.12.jar:/home/spirals/danglot/.m2/repository/org/hamcrest/hamcrest-core/1.3/hamcrest-core-1.3.jar:/home/spirals/danglot/.m2/repository/org/hamcrest/hamcrest-all/1.3/hamcrest-all-1.3.jar:/home/spirals/danglot/.m2/repository/org/easymock/easymock/3.5.1/easymock-3.5.1.jar:/home/spirals/danglot/.m2/repository/org/objenesis/objenesis/2.6/objenesis-2.6.jar:/home/spirals/danglot/.m2/repository/org/openjdk/jmh/jmh-core/1.19/jmh-core-1.19.jar:/home/spirals/danglot/.m2/repository/net/sf/jopt-simple/jopt-simple/4.6/jopt-simple-4.6.jar:/home/spirals/danglot/.m2/repository/org/apache/commons/commons-math3/3.2/commons-math3-3.2.jar:/home/spirals/danglot/.m2/repository/org/openjdk/jmh/jmh-generator-annprocess/1.19/jmh-generator-annprocess-1.19.jar:/tmp/icst-2019/september-2018/dataset/commons-lang_parent/target/dspot/dependencies/:/home/spirals/danglot/.m2/repository/eu/stamp-project/test-runner/1.1.0/test-runner-1.1.0-jar-with-dependencies.jar eu.stamp_project.testrunner.runner.test.TestRunner org.apache.commons.lang3.time.FastDateParser_MoreOrLessTest testInputHasWrongDay:testInputHasWrongTimeZone
File saved to the following path: /tmp/icst-2019/september-2018/dataset/commons-lang_parent/target/dspot/TestListener.ser
Loading /tmp/icst-2019/september-2018/dataset/commons-lang_parent/target/dspot/TestListener.ser
[INFO] Test has been run: testInputHasWrongDay,testInputHasWrongTimeZone
[INFO] 2 test pass, generating assertion...
[INFO] Add observations points in passing tests.
[INFO] Instrumentation...
 50% |========================= ]/100% |================================================== ]-
[INFO] Run instrumented tests. (6)
[INFO] Run: java -classpath /tmp/icst-2019/september-2018/dataset/commons-lang_parent/target/test-classes:/tmp/icst-2019/september-2018/dataset/commons-lang_parent/target/classes/:/home/spirals/danglot/.m2/repository/junit/junit/4.12/junit-4.12.jar:/home/spirals/danglot/.m2/repository/org/hamcrest/hamcrest-core/1.3/hamcrest-core-1.3.jar:/home/spirals/danglot/.m2/repository/org/hamcrest/hamcrest-all/1.3/hamcrest-all-1.3.jar:/home/spirals/danglot/.m2/repository/org/easymock/easymock/3.5.1/easymock-3.5.1.jar:/home/spirals/danglot/.m2/repository/org/objenesis/objenesis/2.6/objenesis-2.6.jar:/home/spirals/danglot/.m2/repository/org/openjdk/jmh/jmh-core/1.19/jmh-core-1.19.jar:/home/spirals/danglot/.m2/repository/net/sf/jopt-simple/jopt-simple/4.6/jopt-simple-4.6.jar:/home/spirals/danglot/.m2/repository/org/apache/commons/commons-math3/3.2/commons-math3-3.2.jar:/home/spirals/danglot/.m2/repository/org/openjdk/jmh/jmh-generator-annprocess/1.19/jmh-generator-annprocess-1.19.jar:/tmp/icst-2019/september-2018/dataset/commons-lang_parent/target/dspot/dependencies/:/home/spirals/danglot/.m2/repository/eu/stamp-project/test-runner/1.1.0/test-runner-1.1.0-jar-with-dependencies.jar eu.stamp_project.testrunner.runner.test.TestRunner org.apache.commons.lang3.time.FastDateParser_MoreOrLessTest testInputHasWrongDay_withlog0:testInputHasWrongTimeZone_withlog0:testInputHasWrongDay_withlog1:testInputHasWrongTimeZone_withlog1:testInputHasWrongDay_withlog2:testInputHasWrongTimeZone_withlog2
File saved to the following path: /tmp/icst-2019/september-2018/dataset/commons-lang_parent/target/dspot/observations.ser
File saved to the following path: /tmp/icst-2019/september-2018/dataset/commons-lang_parent/target/dspot/TestListener.ser
Loading /tmp/icst-2019/september-2018/dataset/commons-lang_parent/target/dspot/TestListener.ser
[INFO] Test has been run: testInputHasWrongDay_withlog0(org.apache.commons.lang3.time.FastDateParser_MoreOrLessTest): null,testInputHasWrongDay_withlog1(org.apache.commons.lang3.time.FastDateParser_MoreOrLessTest): null,testInputHasWrongDay_withlog2(org.apache.commons.lang3.time.FastDateParser_MoreOrLessTest): null,testInputHasWrongTimeZone_withlog0(org.apache.commons.lang3.time.FastDateParser_MoreOrLessTest): null,testInputHasWrongTimeZone_withlog1(org.apache.commons.lang3.time.FastDateParser_MoreOrLessTest): null,testInputHasWrongTimeZone_withlog2(org.apache.commons.lang3.time.FastDateParser_MoreOrLessTest): null
[WARNING] Some instrumented test failed!
[INFO] Generating assertions...
[INFO] 2 new tests with assertions generated
[INFO] Run: java -classpath /tmp/icst-2019/september-2018/dataset/commons-lang_parent/target/test-classes:/tmp/icst-2019/september-2018/dataset/commons-lang_parent/target/classes/:/home/spirals/danglot/.m2/repository/junit/junit/4.12/junit-4.12.jar:/home/spirals/danglot/.m2/repository/org/hamcrest/hamcrest-core/1.3/hamcrest-core-1.3.jar:/home/spirals/danglot/.m2/repository/org/hamcrest/hamcrest-all/1.3/hamcrest-all-1.3.jar:/home/spirals/danglot/.m2/repository/org/easymock/easymock/3.5.1/easymock-3.5.1.jar:/home/spirals/danglot/.m2/repository/org/objenesis/objenesis/2.6/objenesis-2.6.jar:/home/spirals/danglot/.m2/repository/org/openjdk/jmh/jmh-core/1.19/jmh-core-1.19.jar:/home/spirals/danglot/.m2/repository/net/sf/jopt-simple/jopt-simple/4.6/jopt-simple-4.6.jar:/home/spirals/danglot/.m2/repository/org/apache/commons/commons-math3/3.2/commons-math3-3.2.jar:/home/spirals/danglot/.m2/repository/org/openjdk/jmh/jmh-generator-annprocess/1.19/jmh-generator-annprocess-1.19.jar:/tmp/icst-2019/september-2018/dataset/commons-lang_parent/target/dspot/dependencies/:/home/spirals/danglot/.m2/repository/eu/stamp-project/test-runner/1.1.0/test-runner-1.1.0-jar-with-dependencies.jar eu.stamp_project.testrunner.runner.test.TestRunner org.apache.commons.lang3.time.FastDateParser_MoreOrLessTest testInputHasWrongDay:testInputHasWrongTimeZone
File saved to the following path: /tmp/icst-2019/september-2018/dataset/commons-lang_parent/target/dspot/TestListener.ser
Loading /tmp/icst-2019/september-2018/dataset/commons-lang_parent/target/dspot/TestListener.ser
[INFO] Test has been run: testInputHasWrongDay,testInputHasWrongTimeZone
[INFO] Assertion amplification: 2 test method(s) has been successfully amplified.
[WARN] 2018-09-23 21:30:32 Launcher - You specified the directory /tmp/icst-2019/september-2018/dataset/commons-lang/target/classes in source classpath, please note that only class files will be considered. Jars and subdirectories will be ignored.
[WARN] 2018-09-23 21:30:32 Launcher - You specified the directory /tmp/icst-2019/september-2018/dataset/commons-lang/target/test-classes in source classpath, please note that only class files will be considered. Jars and subdirectories will be ignored.
[WARN] 2018-09-23 21:30:32 Launcher - You specified the directory /tmp/icst-2019/september-2018/dataset/commons-lang/target/dspot/dependencies in source classpath, please note that only class files will be considered. Jars and subdirectories will be ignored.
[INFO] Run: java -classpath /tmp/icst-2019/september-2018/dataset/commons-lang/target/classes/:/tmp/icst-2019/september-2018/dataset/commons-lang/target/test-classes/:/home/spirals/danglot/.m2/repository/junit/junit/4.12/junit-4.12.jar:/home/spirals/danglot/.m2/repository/org/hamcrest/hamcrest-core/1.3/hamcrest-core-1.3.jar:/home/spirals/danglot/.m2/repository/org/hamcrest/hamcrest-all/1.3/hamcrest-all-1.3.jar:/home/spirals/danglot/.m2/repository/org/easymock/easymock/3.5.1/easymock-3.5.1.jar:/home/spirals/danglot/.m2/repository/org/objenesis/objenesis/2.6/objenesis-2.6.jar:/home/spirals/danglot/.m2/repository/org/openjdk/jmh/jmh-core/1.19/jmh-core-1.19.jar:/home/spirals/danglot/.m2/repository/net/sf/jopt-simple/jopt-simple/4.6/jopt-simple-4.6.jar:/home/spirals/danglot/.m2/repository/org/apache/commons/commons-math3/3.2/commons-math3-3.2.jar:/home/spirals/danglot/.m2/repository/org/openjdk/jmh/jmh-generator-annprocess/1.19/jmh-generator-annprocess-1.19.jar:/tmp/icst-2019/september-2018/dataset/commons-lang/target/dspot/dependencies/:/home/spirals/danglot/.m2/repository/eu/stamp-project/test-runner/1.1.0/test-runner-1.1.0-jar-with-dependencies.jar eu.stamp_project.testrunner.runner.test.TestRunner org.apache.commons.lang3.time.FastDateParser_MoreOrLessTest testInputHasWrongDay:testInputHasWrongTimeZone
File saved to the following path: /tmp/icst-2019/september-2018/dataset/commons-lang_parent/target/dspot/TestListener.ser
Loading /tmp/icst-2019/september-2018/dataset/commons-lang_parent/target/dspot/TestListener.ser
[INFO] Test has been run: testInputHasWrongDay,testInputHasWrongTimeZone
[INFO] 0 amplified test methods has been selected to be kept. (global: 0)
[INFO] elapsedTime 3574
======= REPORT =======
0 amplified test fails on the new versions.

[WARNING] DSpot could not obtain any amplified test method.
[WARNING] You can customize the following options: --amplifiers, --test-criterion, --iteration, --budgetizer etc, and retry with a new configuration.
[INFO] Amplification of org.apache.commons.lang3.time.FastDateParser_TimeZoneStrategyTest (2 test(s))
[INFO] Assertion amplification of org.apache.commons.lang3.time.FastDateParser_TimeZoneStrategyTest (2 test(s))
[INFO] Run: java -classpath /tmp/icst-2019/september-2018/dataset/commons-lang_parent/target/test-classes:/tmp/icst-2019/september-2018/dataset/commons-lang_parent/target/classes/:/home/spirals/danglot/.m2/repository/junit/junit/4.12/junit-4.12.jar:/home/spirals/danglot/.m2/repository/org/hamcrest/hamcrest-core/1.3/hamcrest-core-1.3.jar:/home/spirals/danglot/.m2/repository/org/hamcrest/hamcrest-all/1.3/hamcrest-all-1.3.jar:/home/spirals/danglot/.m2/repository/org/easymock/easymock/3.5.1/easymock-3.5.1.jar:/home/spirals/danglot/.m2/repository/org/objenesis/objenesis/2.6/objenesis-2.6.jar:/home/spirals/danglot/.m2/repository/org/openjdk/jmh/jmh-core/1.19/jmh-core-1.19.jar:/home/spirals/danglot/.m2/repository/net/sf/jopt-simple/jopt-simple/4.6/jopt-simple-4.6.jar:/home/spirals/danglot/.m2/repository/org/apache/commons/commons-math3/3.2/commons-math3-3.2.jar:/home/spirals/danglot/.m2/repository/org/openjdk/jmh/jmh-generator-annprocess/1.19/jmh-generator-annprocess-1.19.jar:/tmp/icst-2019/september-2018/dataset/commons-lang_parent/target/dspot/dependencies/:/home/spirals/danglot/.m2/repository/eu/stamp-project/test-runner/1.1.0/test-runner-1.1.0-jar-with-dependencies.jar eu.stamp_project.testrunner.runner.test.TestRunner org.apache.commons.lang3.time.FastDateParser_TimeZoneStrategyTest testTimeZoneStrategyPattern:testLang1219
File saved to the following path: /tmp/icst-2019/september-2018/dataset/commons-lang_parent/target/dspot/TestListener.ser
Loading /tmp/icst-2019/september-2018/dataset/commons-lang_parent/target/dspot/TestListener.ser
[INFO] Test has been run: testLang1219,testTimeZoneStrategyPattern
[INFO] Run tests. (2)
[INFO] Run: java -classpath /tmp/icst-2019/september-2018/dataset/commons-lang_parent/target/test-classes:/tmp/icst-2019/september-2018/dataset/commons-lang_parent/target/classes/:/home/spirals/danglot/.m2/repository/junit/junit/4.12/junit-4.12.jar:/home/spirals/danglot/.m2/repository/org/hamcrest/hamcrest-core/1.3/hamcrest-core-1.3.jar:/home/spirals/danglot/.m2/repository/org/hamcrest/hamcrest-all/1.3/hamcrest-all-1.3.jar:/home/spirals/danglot/.m2/repository/org/easymock/easymock/3.5.1/easymock-3.5.1.jar:/home/spirals/danglot/.m2/repository/org/objenesis/objenesis/2.6/objenesis-2.6.jar:/home/spirals/danglot/.m2/repository/org/openjdk/jmh/jmh-core/1.19/jmh-core-1.19.jar:/home/spirals/danglot/.m2/repository/net/sf/jopt-simple/jopt-simple/4.6/jopt-simple-4.6.jar:/home/spirals/danglot/.m2/repository/org/apache/commons/commons-math3/3.2/commons-math3-3.2.jar:/home/spirals/danglot/.m2/repository/org/openjdk/jmh/jmh-generator-annprocess/1.19/jmh-generator-annprocess-1.19.jar:/tmp/icst-2019/september-2018/dataset/commons-lang_parent/target/dspot/dependencies/:/home/spirals/danglot/.m2/repository/eu/stamp-project/test-runner/1.1.0/test-runner-1.1.0-jar-with-dependencies.jar eu.stamp_project.testrunner.runner.test.TestRunner org.apache.commons.lang3.time.FastDateParser_TimeZoneStrategyTest testTimeZoneStrategyPattern:testLang1219
File saved to the following path: /tmp/icst-2019/september-2018/dataset/commons-lang_parent/target/dspot/TestListener.ser
Loading /tmp/icst-2019/september-2018/dataset/commons-lang_parent/target/dspot/TestListener.ser
[INFO] Test has been run: testLang1219,testTimeZoneStrategyPattern
[INFO] 2 test pass, generating assertion...
[INFO] Add observations points in passing tests.
[INFO] Instrumentation...
 50% |========================= ]/100% |================================================== ]-
[INFO] Run instrumented tests. (6)
[INFO] Run: java -classpath /tmp/icst-2019/september-2018/dataset/commons-lang_parent/target/test-classes:/tmp/icst-2019/september-2018/dataset/commons-lang_parent/target/classes/:/home/spirals/danglot/.m2/repository/junit/junit/4.12/junit-4.12.jar:/home/spirals/danglot/.m2/repository/org/hamcrest/hamcrest-core/1.3/hamcrest-core-1.3.jar:/home/spirals/danglot/.m2/repository/org/hamcrest/hamcrest-all/1.3/hamcrest-all-1.3.jar:/home/spirals/danglot/.m2/repository/org/easymock/easymock/3.5.1/easymock-3.5.1.jar:/home/spirals/danglot/.m2/repository/org/objenesis/objenesis/2.6/objenesis-2.6.jar:/home/spirals/danglot/.m2/repository/org/openjdk/jmh/jmh-core/1.19/jmh-core-1.19.jar:/home/spirals/danglot/.m2/repository/net/sf/jopt-simple/jopt-simple/4.6/jopt-simple-4.6.jar:/home/spirals/danglot/.m2/repository/org/apache/commons/commons-math3/3.2/commons-math3-3.2.jar:/home/spirals/danglot/.m2/repository/org/openjdk/jmh/jmh-generator-annprocess/1.19/jmh-generator-annprocess-1.19.jar:/tmp/icst-2019/september-2018/dataset/commons-lang_parent/target/dspot/dependencies/:/home/spirals/danglot/.m2/repository/eu/stamp-project/test-runner/1.1.0/test-runner-1.1.0-jar-with-dependencies.jar eu.stamp_project.testrunner.runner.test.TestRunner org.apache.commons.lang3.time.FastDateParser_TimeZoneStrategyTest testTimeZoneStrategyPattern_withlog0:testLang1219_withlog0:testTimeZoneStrategyPattern_withlog1:testLang1219_withlog1:testTimeZoneStrategyPattern_withlog2:testLang1219_withlog2
File saved to the following path: /tmp/icst-2019/september-2018/dataset/commons-lang_parent/target/dspot/observations.ser
File saved to the following path: /tmp/icst-2019/september-2018/dataset/commons-lang_parent/target/dspot/TestListener.ser
Loading /tmp/icst-2019/september-2018/dataset/commons-lang_parent/target/dspot/TestListener.ser
[INFO] Test has been run: testLang1219_withlog0,testLang1219_withlog1,testLang1219_withlog2,testTimeZoneStrategyPattern_withlog0,testTimeZoneStrategyPattern_withlog1,testTimeZoneStrategyPattern_withlog2
[INFO] Generating assertions...
[INFO] 1 new tests with assertions generated
[INFO] Run: java -classpath /tmp/icst-2019/september-2018/dataset/commons-lang_parent/target/test-classes:/tmp/icst-2019/september-2018/dataset/commons-lang_parent/target/classes/:/home/spirals/danglot/.m2/repository/junit/junit/4.12/junit-4.12.jar:/home/spirals/danglot/.m2/repository/org/hamcrest/hamcrest-core/1.3/hamcrest-core-1.3.jar:/home/spirals/danglot/.m2/repository/org/hamcrest/hamcrest-all/1.3/hamcrest-all-1.3.jar:/home/spirals/danglot/.m2/repository/org/easymock/easymock/3.5.1/easymock-3.5.1.jar:/home/spirals/danglot/.m2/repository/org/objenesis/objenesis/2.6/objenesis-2.6.jar:/home/spirals/danglot/.m2/repository/org/openjdk/jmh/jmh-core/1.19/jmh-core-1.19.jar:/home/spirals/danglot/.m2/repository/net/sf/jopt-simple/jopt-simple/4.6/jopt-simple-4.6.jar:/home/spirals/danglot/.m2/repository/org/apache/commons/commons-math3/3.2/commons-math3-3.2.jar:/home/spirals/danglot/.m2/repository/org/openjdk/jmh/jmh-generator-annprocess/1.19/jmh-generator-annprocess-1.19.jar:/tmp/icst-2019/september-2018/dataset/commons-lang_parent/target/dspot/dependencies/:/home/spirals/danglot/.m2/repository/eu/stamp-project/test-runner/1.1.0/test-runner-1.1.0-jar-with-dependencies.jar eu.stamp_project.testrunner.runner.test.TestRunner org.apache.commons.lang3.time.FastDateParser_TimeZoneStrategyTest testLang1219
File saved to the following path: /tmp/icst-2019/september-2018/dataset/commons-lang_parent/target/dspot/TestListener.ser
Loading /tmp/icst-2019/september-2018/dataset/commons-lang_parent/target/dspot/TestListener.ser
[INFO] Test has been run: testLang1219
[INFO] Assertion amplification: 1 test method(s) has been successfully amplified.
[WARN] 2018-09-23 21:31:04 Launcher - You specified the directory /tmp/icst-2019/september-2018/dataset/commons-lang/target/classes in source classpath, please note that only class files will be considered. Jars and subdirectories will be ignored.
[WARN] 2018-09-23 21:31:04 Launcher - You specified the directory /tmp/icst-2019/september-2018/dataset/commons-lang/target/test-classes in source classpath, please note that only class files will be considered. Jars and subdirectories will be ignored.
[WARN] 2018-09-23 21:31:04 Launcher - You specified the directory /tmp/icst-2019/september-2018/dataset/commons-lang/target/dspot/dependencies in source classpath, please note that only class files will be considered. Jars and subdirectories will be ignored.
[INFO] Run: java -classpath /tmp/icst-2019/september-2018/dataset/commons-lang/target/classes/:/tmp/icst-2019/september-2018/dataset/commons-lang/target/test-classes/:/home/spirals/danglot/.m2/repository/junit/junit/4.12/junit-4.12.jar:/home/spirals/danglot/.m2/repository/org/hamcrest/hamcrest-core/1.3/hamcrest-core-1.3.jar:/home/spirals/danglot/.m2/repository/org/hamcrest/hamcrest-all/1.3/hamcrest-all-1.3.jar:/home/spirals/danglot/.m2/repository/org/easymock/easymock/3.5.1/easymock-3.5.1.jar:/home/spirals/danglot/.m2/repository/org/objenesis/objenesis/2.6/objenesis-2.6.jar:/home/spirals/danglot/.m2/repository/org/openjdk/jmh/jmh-core/1.19/jmh-core-1.19.jar:/home/spirals/danglot/.m2/repository/net/sf/jopt-simple/jopt-simple/4.6/jopt-simple-4.6.jar:/home/spirals/danglot/.m2/repository/org/apache/commons/commons-math3/3.2/commons-math3-3.2.jar:/home/spirals/danglot/.m2/repository/org/openjdk/jmh/jmh-generator-annprocess/1.19/jmh-generator-annprocess-1.19.jar:/tmp/icst-2019/september-2018/dataset/commons-lang/target/dspot/dependencies/:/home/spirals/danglot/.m2/repository/eu/stamp-project/test-runner/1.1.0/test-runner-1.1.0-jar-with-dependencies.jar eu.stamp_project.testrunner.runner.test.TestRunner org.apache.commons.lang3.time.FastDateParser_TimeZoneStrategyTest testLang1219
File saved to the following path: /tmp/icst-2019/september-2018/dataset/commons-lang_parent/target/dspot/TestListener.ser
Loading /tmp/icst-2019/september-2018/dataset/commons-lang_parent/target/dspot/TestListener.ser
[INFO] Test has been run: testLang1219
[INFO] 0 amplified test methods has been selected to be kept. (global: 0)
[INFO] elapsedTime 32440
======= REPORT =======
0 amplified test fails on the new versions.

[WARNING] DSpot could not obtain any amplified test method.
[WARNING] You can customize the following options: --amplifiers, --test-criterion, --iteration, --budgetizer etc, and retry with a new configuration.
[INFO] Amplification succeed.
[INFO] Elapsed time 264870 ms
[INFO] ------------------------------------------------------------------------
[INFO] BUILD SUCCESS
[INFO] ------------------------------------------------------------------------
[INFO] Total time: 05:16 min
[INFO] Finished at: 2018-09-23T21:31:05+02:00
[INFO] ------------------------------------------------------------------------
