[INFO] Scanning for projects...
[INFO] ------------------------------------------------------------------------
[INFO] Building Gson
[INFO]    task-segment: [clean, eu.stamp-project:diff-test-selection:0.5-SNAPSHOT:list]
[INFO] ------------------------------------------------------------------------
[INFO] [clean:clean {execution: default-clean}]
[INFO] [diff-test-selection:list {execution: default-cli}]
[INFO] Computing coverage for /tmp/icst-2019/september-2018/dataset/gson_parent/gson
[INFO] ------------------------------------------------------------------------
[ERROR] FATAL ERROR
[INFO] ------------------------------------------------------------------------
[INFO] org.apache.maven.shared.invoker.MavenInvocationException: Error configuring command-line. Reason: Maven executable not found at: /home/spirals/danglot/apache-maven-3.3.9/bin/mvn
[INFO] ------------------------------------------------------------------------
[INFO] Trace
java.lang.RuntimeException: org.apache.maven.shared.invoker.MavenInvocationException: Error configuring command-line. Reason: Maven executable not found at: /home/spirals/danglot/apache-maven-3.3.9/bin/mvn
	at eu.stamp_project.diff_test_selection.CloverExecutor.runGoals(CloverExecutor.java:68)
	at eu.stamp_project.diff_test_selection.CloverExecutor.instrumentAndRunTest(CloverExecutor.java:34)
	at eu.stamp_project.diff_test_selection.DiffTestSelectionMojo.getCoverage(DiffTestSelectionMojo.java:107)
	at eu.stamp_project.diff_test_selection.DiffTestSelectionMojo.execute(DiffTestSelectionMojo.java:90)
	at org.apache.maven.plugin.DefaultPluginManager.executeMojo(DefaultPluginManager.java:490)
	at org.apache.maven.lifecycle.DefaultLifecycleExecutor.executeGoals(DefaultLifecycleExecutor.java:694)
	at org.apache.maven.lifecycle.DefaultLifecycleExecutor.executeStandaloneGoal(DefaultLifecycleExecutor.java:569)
	at org.apache.maven.lifecycle.DefaultLifecycleExecutor.executeGoal(DefaultLifecycleExecutor.java:539)
	at org.apache.maven.lifecycle.DefaultLifecycleExecutor.executeGoalAndHandleFailures(DefaultLifecycleExecutor.java:387)
	at org.apache.maven.lifecycle.DefaultLifecycleExecutor.executeTaskSegments(DefaultLifecycleExecutor.java:348)
	at org.apache.maven.lifecycle.DefaultLifecycleExecutor.execute(DefaultLifecycleExecutor.java:180)
	at org.apache.maven.DefaultMaven.doExecute(DefaultMaven.java:328)
	at org.apache.maven.DefaultMaven.execute(DefaultMaven.java:138)
	at org.apache.maven.cli.MavenCli.main(MavenCli.java:362)
	at org.apache.maven.cli.compat.CompatibleMain.main(CompatibleMain.java:60)
	at sun.reflect.NativeMethodAccessorImpl.invoke0(Native Method)
	at sun.reflect.NativeMethodAccessorImpl.invoke(NativeMethodAccessorImpl.java:62)
	at sun.reflect.DelegatingMethodAccessorImpl.invoke(DelegatingMethodAccessorImpl.java:43)
	at java.lang.reflect.Method.invoke(Method.java:498)
	at org.codehaus.classworlds.Launcher.launchEnhanced(Launcher.java:315)
	at org.codehaus.classworlds.Launcher.launch(Launcher.java:255)
	at org.codehaus.classworlds.Launcher.mainWithExitCode(Launcher.java:430)
	at org.codehaus.classworlds.Launcher.main(Launcher.java:375)
Caused by: org.apache.maven.shared.invoker.MavenInvocationException: Error configuring command-line. Reason: Maven executable not found at: /home/spirals/danglot/apache-maven-3.3.9/bin/mvn
	at org.apache.maven.shared.invoker.DefaultInvoker.execute(DefaultInvoker.java:104)
	at eu.stamp_project.diff_test_selection.CloverExecutor.runGoals(CloverExecutor.java:66)
	... 22 more
Caused by: org.apache.maven.shared.invoker.CommandLineConfigurationException: Maven executable not found at: /home/spirals/danglot/apache-maven-3.3.9/bin/mvn
	at org.apache.maven.shared.invoker.MavenCommandLineBuilder.findMavenExecutable(MavenCommandLineBuilder.java:600)
	at org.apache.maven.shared.invoker.MavenCommandLineBuilder.build(MavenCommandLineBuilder.java:71)
	at org.apache.maven.shared.invoker.DefaultInvoker.execute(DefaultInvoker.java:100)
	... 23 more
[INFO] ------------------------------------------------------------------------
[INFO] Total time: 4 seconds
[INFO] Finished at: Thu Sep 27 16:23:20 CEST 2018
[INFO] Final Memory: 27M/300M
[INFO] ------------------------------------------------------------------------
