[INFO] Scanning for projects...
[INFO] 
[INFO] ---------------------------< io.scif:scifio >---------------------------
[INFO] Building SCIFIO Core 0.31.3-SNAPSHOT
[INFO] --------------------------------[ jar ]---------------------------------
[INFO] 
[INFO] --- dspot-maven:1.1.1-SNAPSHOT:amplify-unit-tests (default-cli) @ scifio ---
Downloading from stamp-maven-repository-mvn-repo: https://stamp-project.github.io/stamp-maven-repository/eu/stamp-project/dspot/1.1.1-SNAPSHOT/maven-metadata.xml
Downloading from stamp-maven-repository-mvn-repo: https://stamp-project.github.io/stamp-maven-repository/fr/inria/gforge/spoon/spoon-core/7.1.0-SNAPSHOT/maven-metadata.xml
Downloading from stamp-maven-repository-mvn-repo: https://stamp-project.github.io/stamp-maven-repository/org/eclipse/platform/org.eclipse.core.resources/maven-metadata.xml
Downloading from stamp-maven-repository-mvn-repo: https://stamp-project.github.io/stamp-maven-repository/org/eclipse/platform/org.eclipse.core.expressions/maven-metadata.xml
Downloading from stamp-maven-repository-mvn-repo: https://stamp-project.github.io/stamp-maven-repository/org/eclipse/platform/org.eclipse.core.runtime/maven-metadata.xml
Downloading from stamp-maven-repository-mvn-repo: https://stamp-project.github.io/stamp-maven-repository/org/eclipse/platform/org.eclipse.osgi/maven-metadata.xml
Downloading from stamp-maven-repository-mvn-repo: https://stamp-project.github.io/stamp-maven-repository/org/eclipse/platform/org.eclipse.equinox.common/maven-metadata.xml
Downloading from stamp-maven-repository-mvn-repo: https://stamp-project.github.io/stamp-maven-repository/org/eclipse/platform/org.eclipse.core.jobs/maven-metadata.xml
Downloading from stamp-maven-repository-mvn-repo: https://stamp-project.github.io/stamp-maven-repository/org/eclipse/platform/org.eclipse.equinox.registry/maven-metadata.xml
Downloading from stamp-maven-repository-mvn-repo: https://stamp-project.github.io/stamp-maven-repository/org/eclipse/platform/org.eclipse.equinox.preferences/maven-metadata.xml
Downloading from stamp-maven-repository-mvn-repo: https://stamp-project.github.io/stamp-maven-repository/org/eclipse/platform/org.eclipse.core.contenttype/maven-metadata.xml
Downloading from stamp-maven-repository-mvn-repo: https://stamp-project.github.io/stamp-maven-repository/org/eclipse/platform/org.eclipse.equinox.app/maven-metadata.xml
Downloading from stamp-maven-repository-mvn-repo: https://stamp-project.github.io/stamp-maven-repository/org/eclipse/platform/org.eclipse.core.filesystem/maven-metadata.xml
Downloading from stamp-maven-repository-mvn-repo: https://stamp-project.github.io/stamp-maven-repository/org/eclipse/platform/org.eclipse.text/maven-metadata.xml
Downloading from stamp-maven-repository-mvn-repo: https://stamp-project.github.io/stamp-maven-repository/org/eclipse/platform/org.eclipse.core.commands/maven-metadata.xml
[INFO] Path to runner Classes: /home/spirals/danglot/.m2/repository/eu/stamp-project/test-runner/1.1.0/test-runner-1.1.0-jar-with-dependencies.jar
[INFO] /home/spirals/danglot/.m2/repository/org/jacoco/org.jacoco.core/0.7.9/org.jacoco.core-0.7.9.jar
[INFO] /home/spirals/danglot/.m2/repository/org/ow2/asm/asm-debug-all/5.2/asm-debug-all-5.2.jar
[INFO] /home/spirals/danglot/.m2/repository/eu/stamp-project/test-runner/1.1.0/test-runner-1.1.0-jar-with-dependencies.jar
[WARNING] automaticBuilderName: unknown automatic builder specified in configuration, going to default.
[INFO] Default: provided Maven automatic builder.
[INFO] run maven clean test -DskipTests dependency:build-classpath -Dmdep.outputFile=target/dspot/classpath
[WARN] Maven will be executed in interactive mode, but no input stream has been configured for this MavenInvoker instance.
[INFO] Scanning for projects...
[INFO] 
[INFO] ---------------------------< io.scif:scifio >---------------------------
[INFO] Building SCIFIO Core 0.31.3-SNAPSHOT
[INFO] --------------------------------[ jar ]---------------------------------
[INFO] 
[INFO] --- maven-clean-plugin:3.0.0:clean (default-clean) @ scifio ---
[INFO] Deleting /tmp/icst-2019/september-2018/dataset/scifio_parent/target
[INFO] 
[INFO] --- maven-enforcer-plugin:1.4.1:enforce (enforce-rules) @ scifio ---
[INFO] Skipping Rule Enforcement.
[INFO] 
[INFO] --- build-helper-maven-plugin:1.12:regex-property (sanitize-version) @ scifio ---
[INFO] 
[INFO] --- buildnumber-maven-plugin:1.4:create (default) @ scifio ---
[INFO] Executing: /bin/sh -c cd '/tmp/icst-2019/september-2018/dataset/scifio_parent' && 'git' 'rev-parse' '--verify' 'HEAD'
[INFO] Working directory: /tmp/icst-2019/september-2018/dataset/scifio_parent
[INFO] Storing buildNumber: a79804c55083269091e3fc4a01fb03cec4a6b0d3 at timestamp: 1537651684971
[INFO] Storing buildScmBranch: master
[INFO] 
[INFO] --- scijava-maven-plugin:1.0.0:set-rootdir (set-rootdir) @ scifio ---
[INFO] Setting rootdir: /tmp/icst-2019/september-2018/dataset/scifio_parent
[INFO] 
[INFO] --- maven-resources-plugin:3.0.1:resources (default-resources) @ scifio ---
[INFO] Using 'UTF-8' encoding to copy filtered resources.
[INFO] skip non existing resourceDirectory /tmp/icst-2019/september-2018/dataset/scifio_parent/src/main/resources
[INFO] 
[INFO] --- maven-compiler-plugin:3.5.1:compile (default-compile) @ scifio ---
[INFO] Compiling 311 source files to /tmp/icst-2019/september-2018/dataset/scifio_parent/target/classes
[INFO] /tmp/icst-2019/september-2018/dataset/scifio_parent/src/main/java/io/scif/formats/qt/QTJavaService.java: Some input files use or override a deprecated API.
[INFO] /tmp/icst-2019/september-2018/dataset/scifio_parent/src/main/java/io/scif/formats/qt/QTJavaService.java: Recompile with -Xlint:deprecation for details.
[INFO] /tmp/icst-2019/september-2018/dataset/scifio_parent/src/main/java/io/scif/img/cell/SCIFIOCellImgCleaningProvider.java: Some input files use unchecked or unsafe operations.
[INFO] /tmp/icst-2019/september-2018/dataset/scifio_parent/src/main/java/io/scif/img/cell/SCIFIOCellImgCleaningProvider.java: Recompile with -Xlint:unchecked for details.
[INFO] 
[INFO] --- maven-resources-plugin:3.0.1:testResources (default-testResources) @ scifio ---
[INFO] Using 'UTF-8' encoding to copy filtered resources.
[INFO] Copying 2 resources
[INFO] 
[INFO] --- maven-compiler-plugin:3.5.1:testCompile (default-testCompile) @ scifio ---
[INFO] Compiling 70 source files to /tmp/icst-2019/september-2018/dataset/scifio_parent/target/test-classes
[INFO] /tmp/icst-2019/september-2018/dataset/scifio_parent/src/test/java/io/scif/img/cell/SCIFIOCellImgTest.java: Some input files use or override a deprecated API.
[INFO] /tmp/icst-2019/september-2018/dataset/scifio_parent/src/test/java/io/scif/img/cell/SCIFIOCellImgTest.java: Recompile with -Xlint:deprecation for details.
[INFO] /tmp/icst-2019/september-2018/dataset/scifio_parent/src/test/java/io/scif/io/TestParameters.java: /tmp/icst-2019/september-2018/dataset/scifio_parent/src/test/java/io/scif/io/TestParameters.java uses unchecked or unsafe operations.
[INFO] /tmp/icst-2019/september-2018/dataset/scifio_parent/src/test/java/io/scif/io/TestParameters.java: Recompile with -Xlint:unchecked for details.
[INFO] 
[INFO] --- maven-surefire-plugin:2.19.1:test (default-test) @ scifio ---
[INFO] Tests are skipped.
[INFO] 
[INFO] --- maven-dependency-plugin:2.10:build-classpath (default-cli) @ scifio ---
[INFO] Wrote classpath file '/tmp/icst-2019/september-2018/dataset/scifio_parent/target/dspot/classpath'.
[INFO] ------------------------------------------------------------------------
[INFO] BUILD SUCCESS
[INFO] ------------------------------------------------------------------------
[INFO] Total time: 13.527 s
[INFO] Finished at: 2018-09-22T23:28:15+02:00
[INFO] ------------------------------------------------------------------------
[INFO] run maven clean test -DskipTests dependency:build-classpath -Dmdep.outputFile=target/dspot/classpath
[WARN] Maven will be executed in interactive mode, but no input stream has been configured for this MavenInvoker instance.
[INFO] Scanning for projects...
[INFO] 
[INFO] ---------------------------< io.scif:scifio >---------------------------
[INFO] Building SCIFIO Core 0.31.3-SNAPSHOT
[INFO] --------------------------------[ jar ]---------------------------------
[INFO] 
[INFO] --- maven-clean-plugin:3.0.0:clean (default-clean) @ scifio ---
[INFO] Deleting /tmp/icst-2019/september-2018/dataset/scifio/target
[INFO] 
[INFO] --- maven-enforcer-plugin:1.4.1:enforce (enforce-rules) @ scifio ---
[INFO] Skipping Rule Enforcement.
[INFO] 
[INFO] --- build-helper-maven-plugin:1.12:regex-property (sanitize-version) @ scifio ---
[INFO] 
[INFO] --- buildnumber-maven-plugin:1.4:create (default) @ scifio ---
[INFO] Executing: /bin/sh -c cd '/tmp/icst-2019/september-2018/dataset/scifio' && 'git' 'rev-parse' '--verify' 'HEAD'
[INFO] Working directory: /tmp/icst-2019/september-2018/dataset/scifio
[INFO] Storing buildNumber: efa8927dc5e199ef179a84264a58bf501003eb51 at timestamp: 1537651707249
[INFO] Storing buildScmBranch: master
[INFO] 
[INFO] --- scijava-maven-plugin:1.0.0:set-rootdir (set-rootdir) @ scifio ---
[INFO] Setting rootdir: /tmp/icst-2019/september-2018/dataset/scifio
[INFO] 
[INFO] --- maven-resources-plugin:3.0.1:resources (default-resources) @ scifio ---
[INFO] Using 'UTF-8' encoding to copy filtered resources.
[INFO] skip non existing resourceDirectory /tmp/icst-2019/september-2018/dataset/scifio/src/main/resources
[INFO] 
[INFO] --- maven-compiler-plugin:3.5.1:compile (default-compile) @ scifio ---
[INFO] Compiling 318 source files to /tmp/icst-2019/september-2018/dataset/scifio/target/classes
[INFO] /tmp/icst-2019/september-2018/dataset/scifio/src/main/java/io/scif/formats/qt/QTJavaService.java: Some input files use or override a deprecated API.
[INFO] /tmp/icst-2019/september-2018/dataset/scifio/src/main/java/io/scif/formats/qt/QTJavaService.java: Recompile with -Xlint:deprecation for details.
[INFO] /tmp/icst-2019/september-2018/dataset/scifio/src/main/java/io/scif/gui/ComboFileFilter.java: Some input files use unchecked or unsafe operations.
[INFO] /tmp/icst-2019/september-2018/dataset/scifio/src/main/java/io/scif/gui/ComboFileFilter.java: Recompile with -Xlint:unchecked for details.
[INFO] 
[INFO] --- maven-resources-plugin:3.0.1:testResources (default-testResources) @ scifio ---
[INFO] Using 'UTF-8' encoding to copy filtered resources.
[INFO] Copying 2 resources
[INFO] 
[INFO] --- maven-compiler-plugin:3.5.1:testCompile (default-testCompile) @ scifio ---
[INFO] Compiling 70 source files to /tmp/icst-2019/september-2018/dataset/scifio/target/test-classes
[INFO] /tmp/icst-2019/september-2018/dataset/scifio/src/test/java/io/scif/io/LocationTest.java: Some input files use or override a deprecated API.
[INFO] /tmp/icst-2019/september-2018/dataset/scifio/src/test/java/io/scif/io/LocationTest.java: Recompile with -Xlint:deprecation for details.
[INFO] /tmp/icst-2019/september-2018/dataset/scifio/src/test/java/io/scif/io/TestParameters.java: /tmp/icst-2019/september-2018/dataset/scifio/src/test/java/io/scif/io/TestParameters.java uses unchecked or unsafe operations.
[INFO] /tmp/icst-2019/september-2018/dataset/scifio/src/test/java/io/scif/io/TestParameters.java: Recompile with -Xlint:unchecked for details.
[INFO] 
[INFO] --- maven-surefire-plugin:2.19.1:test (default-test) @ scifio ---
[INFO] Tests are skipped.
[INFO] 
[INFO] --- maven-dependency-plugin:2.10:build-classpath (default-cli) @ scifio ---
[INFO] Wrote classpath file '/tmp/icst-2019/september-2018/dataset/scifio/target/dspot/classpath'.
[INFO] ------------------------------------------------------------------------
[INFO] BUILD SUCCESS
[INFO] ------------------------------------------------------------------------
[INFO] Total time: 13.562 s
[INFO] Finished at: 2018-09-22T23:28:38+02:00
[INFO] ------------------------------------------------------------------------
[INFO] Amplification of io.scif.img.ImgSaverTest (3 test(s))
[INFO] Assertion amplification of io.scif.img.ImgSaverTest (3 test(s))
[INFO] Run: java -classpath /tmp/icst-2019/september-2018/dataset/scifio_parent/target/test-classes:/tmp/icst-2019/september-2018/dataset/scifio_parent/target/classes/:/home/spirals/danglot/.m2/repository/io/scif/scifio-jai-imageio/1.1.0/scifio-jai-imageio-1.1.0.jar:/home/spirals/danglot/.m2/repository/net/imagej/imagej-common/0.24.2/imagej-common-0.24.2.jar:/home/spirals/danglot/.m2/repository/net/imglib2/imglib2-roi/0.4.4/imglib2-roi-0.4.4.jar:/home/spirals/danglot/.m2/repository/net/sf/trove4j/trove4j/3.0.3/trove4j-3.0.3.jar:/home/spirals/danglot/.m2/repository/edu/ucar/udunits/4.3.18/udunits-4.3.18.jar:/home/spirals/danglot/.m2/repository/net/imglib2/imglib2/3.2.1/imglib2-3.2.1.jar:/home/spirals/danglot/.m2/repository/org/scijava/scijava-common/2.62.0/scijava-common-2.62.0.jar:/home/spirals/danglot/.m2/repository/org/scijava/scijava-expression-parser/3.1.0/scijava-expression-parser-3.1.0.jar:/home/spirals/danglot/.m2/repository/com/googlecode/gentyref/gentyref/1.1.0/gentyref-1.1.0.jar:/home/spirals/danglot/.m2/repository/org/bushe/eventbus/1.4/eventbus-1.4.jar:/home/spirals/danglot/.m2/repository/org/mapdb/mapdb/1.0.3/mapdb-1.0.3.jar:/home/spirals/danglot/.m2/repository/junit/junit/4.12/junit-4.12.jar:/home/spirals/danglot/.m2/repository/org/hamcrest/hamcrest-core/1.3/hamcrest-core-1.3.jar:/tmp/icst-2019/september-2018/dataset/scifio_parent/target/dspot/dependencies/:/home/spirals/danglot/.m2/repository/eu/stamp-project/test-runner/1.1.0/test-runner-1.1.0-jar-with-dependencies.jar eu.stamp_project.testrunner.runner.test.TestRunner io.scif.img.ImgSaverTest testArrayPlaneSaving:testCellPlaneSaving:testPlanarPlaneSaving
File saved to the following path: /tmp/icst-2019/september-2018/dataset/scifio_parent/target/dspot/TestListener.ser
[WARNING] Timeout when running java -classpath /tmp/icst-2019/september-2018/dataset/scifio_parent/target/test-classes:/tmp/icst-2019/september-2018/dataset/scifio_parent/target/classes/:/home/spirals/danglot/.m2/repository/io/scif/scifio-jai-imageio/1.1.0/scifio-jai-imageio-1.1.0.jar:/home/spirals/danglot/.m2/repository/net/imagej/imagej-common/0.24.2/imagej-common-0.24.2.jar:/home/spirals/danglot/.m2/repository/net/imglib2/imglib2-roi/0.4.4/imglib2-roi-0.4.4.jar:/home/spirals/danglot/.m2/repository/net/sf/trove4j/trove4j/3.0.3/trove4j-3.0.3.jar:/home/spirals/danglot/.m2/repository/edu/ucar/udunits/4.3.18/udunits-4.3.18.jar:/home/spirals/danglot/.m2/repository/net/imglib2/imglib2/3.2.1/imglib2-3.2.1.jar:/home/spirals/danglot/.m2/repository/org/scijava/scijava-common/2.62.0/scijava-common-2.62.0.jar:/home/spirals/danglot/.m2/repository/org/scijava/scijava-expression-parser/3.1.0/scijava-expression-parser-3.1.0.jar:/home/spirals/danglot/.m2/repository/com/googlecode/gentyref/gentyref/1.1.0/gentyref-1.1.0.jar:/home/spirals/danglot/.m2/repository/org/bushe/eventbus/1.4/eventbus-1.4.jar:/home/spirals/danglot/.m2/repository/org/mapdb/mapdb/1.0.3/mapdb-1.0.3.jar:/home/spirals/danglot/.m2/repository/junit/junit/4.12/junit-4.12.jar:/home/spirals/danglot/.m2/repository/org/hamcrest/hamcrest-core/1.3/hamcrest-core-1.3.jar:/tmp/icst-2019/september-2018/dataset/scifio_parent/target/dspot/dependencies/:/home/spirals/danglot/.m2/repository/eu/stamp-project/test-runner/1.1.0/test-runner-1.1.0-jar-with-dependencies.jar eu.stamp_project.testrunner.runner.test.TestRunner io.scif.img.ImgSaverTest testArrayPlaneSaving:testCellPlaneSaving:testPlanarPlaneSaving
[WARNING] Timeout during execution of io.scif.img.ImgSaverTest: testArrayPlaneSaving,testCellPlaneSaving,testPlanarPlaneSaving
eu.stamp_project.dspot.AmplificationException: java.util.concurrent.TimeoutException
	at eu.stamp_project.utils.compilation.TestRunner.runGivenTestMethods(TestRunner.java:75)
	at eu.stamp_project.utils.compilation.TestCompiler.compileAndRun(TestCompiler.java:99)
	at eu.stamp_project.utils.compilation.TestCompiler.compileRunAndDiscardUncompilableAndFailingTestMethods(TestCompiler.java:55)
	at eu.stamp_project.dspot.Amplification.amplification(Amplification.java:82)
	at eu.stamp_project.dspot.DSpot.amplifyTest(DSpot.java:180)
	at eu.stamp_project.dspot.DSpot.amplifyTest(DSpot.java:170)
	at eu.stamp_project.Main.lambda$run$1(Main.java:69)
	at java.util.stream.ReferencePipeline$3$1.accept(ReferencePipeline.java:193)
	at java.util.ArrayList$ArrayListSpliterator.forEachRemaining(ArrayList.java:1374)
	at java.util.stream.AbstractPipeline.copyInto(AbstractPipeline.java:481)
	at java.util.stream.AbstractPipeline.wrapAndCopyInto(AbstractPipeline.java:471)
	at java.util.stream.ReduceOps$ReduceOp.evaluateSequential(ReduceOps.java:708)
	at java.util.stream.AbstractPipeline.evaluate(AbstractPipeline.java:234)
	at java.util.stream.ReferencePipeline.collect(ReferencePipeline.java:499)
	at eu.stamp_project.Main.run(Main.java:71)
	at eu.stamp_project.DSpotMojo.execute(DSpotMojo.java:263)
	at org.apache.maven.plugin.DefaultBuildPluginManager.executeMojo(DefaultBuildPluginManager.java:137)
	at org.apache.maven.lifecycle.internal.MojoExecutor.execute(MojoExecutor.java:208)
	at org.apache.maven.lifecycle.internal.MojoExecutor.execute(MojoExecutor.java:154)
	at org.apache.maven.lifecycle.internal.MojoExecutor.execute(MojoExecutor.java:146)
	at org.apache.maven.lifecycle.internal.LifecycleModuleBuilder.buildProject(LifecycleModuleBuilder.java:117)
	at org.apache.maven.lifecycle.internal.LifecycleModuleBuilder.buildProject(LifecycleModuleBuilder.java:81)
	at org.apache.maven.lifecycle.internal.builder.singlethreaded.SingleThreadedBuilder.build(SingleThreadedBuilder.java:56)
	at org.apache.maven.lifecycle.internal.LifecycleStarter.execute(LifecycleStarter.java:128)
	at org.apache.maven.DefaultMaven.doExecute(DefaultMaven.java:305)
	at org.apache.maven.DefaultMaven.doExecute(DefaultMaven.java:192)
	at org.apache.maven.DefaultMaven.execute(DefaultMaven.java:105)
	at org.apache.maven.cli.MavenCli.execute(MavenCli.java:954)
	at org.apache.maven.cli.MavenCli.doMain(MavenCli.java:288)
	at org.apache.maven.cli.MavenCli.main(MavenCli.java:192)
	at sun.reflect.NativeMethodAccessorImpl.invoke0(Native Method)
	at sun.reflect.NativeMethodAccessorImpl.invoke(NativeMethodAccessorImpl.java:62)
	at sun.reflect.DelegatingMethodAccessorImpl.invoke(DelegatingMethodAccessorImpl.java:43)
	at java.lang.reflect.Method.invoke(Method.java:498)
	at org.codehaus.plexus.classworlds.launcher.Launcher.launchEnhanced(Launcher.java:289)
	at org.codehaus.plexus.classworlds.launcher.Launcher.launch(Launcher.java:229)
	at org.codehaus.plexus.classworlds.launcher.Launcher.mainWithExitCode(Launcher.java:415)
	at org.codehaus.plexus.classworlds.launcher.Launcher.main(Launcher.java:356)
Caused by: java.util.concurrent.TimeoutException
	at java.util.concurrent.FutureTask.get(FutureTask.java:205)
	at eu.stamp_project.testrunner.EntryPoint.runGivenCommandLine(EntryPoint.java:356)
	at eu.stamp_project.testrunner.EntryPoint.runTests(EntryPoint.java:178)
	at eu.stamp_project.testrunner.EntryPoint.runTests(EntryPoint.java:165)
	at eu.stamp_project.utils.compilation.TestRunner.runGivenTestMethods(TestRunner.java:61)
	... 37 more
[INFO] 0 amplified test methods has been selected to be kept. (global: 0)
[INFO] Applying Input-amplification and Assertion-amplification test by test.
[INFO] Amplification of testArrayPlaneSaving, (1/3)
[INFO] iteration 0 / 3
[INFO] 1 tests selected to be amplified over 1 available tests
[INFO] Amplification of inputs...
100% |================================================== ]/
[INFO] 36 new tests generated
[INFO] Run tests. (36)
[INFO] Run: java -classpath /tmp/icst-2019/september-2018/dataset/scifio_parent/target/test-classes:/tmp/icst-2019/september-2018/dataset/scifio_parent/target/classes/:/home/spirals/danglot/.m2/repository/io/scif/scifio-jai-imageio/1.1.0/scifio-jai-imageio-1.1.0.jar:/home/spirals/danglot/.m2/repository/net/imagej/imagej-common/0.24.2/imagej-common-0.24.2.jar:/home/spirals/danglot/.m2/repository/net/imglib2/imglib2-roi/0.4.4/imglib2-roi-0.4.4.jar:/home/spirals/danglot/.m2/repository/net/sf/trove4j/trove4j/3.0.3/trove4j-3.0.3.jar:/home/spirals/danglot/.m2/repository/edu/ucar/udunits/4.3.18/udunits-4.3.18.jar:/home/spirals/danglot/.m2/repository/net/imglib2/imglib2/3.2.1/imglib2-3.2.1.jar:/home/spirals/danglot/.m2/repository/org/scijava/scijava-common/2.62.0/scijava-common-2.62.0.jar:/home/spirals/danglot/.m2/repository/org/scijava/scijava-expression-parser/3.1.0/scijava-expression-parser-3.1.0.jar:/home/spirals/danglot/.m2/repository/com/googlecode/gentyref/gentyref/1.1.0/gentyref-1.1.0.jar:/home/spirals/danglot/.m2/repository/org/bushe/eventbus/1.4/eventbus-1.4.jar:/home/spirals/danglot/.m2/repository/org/mapdb/mapdb/1.0.3/mapdb-1.0.3.jar:/home/spirals/danglot/.m2/repository/junit/junit/4.12/junit-4.12.jar:/home/spirals/danglot/.m2/repository/org/hamcrest/hamcrest-core/1.3/hamcrest-core-1.3.jar:/tmp/icst-2019/september-2018/dataset/scifio_parent/target/dspot/dependencies/:/home/spirals/danglot/.m2/repository/eu/stamp-project/test-runner/1.1.0/test-runner-1.1.0-jar-with-dependencies.jar eu.stamp_project.testrunner.runner.test.TestRunner io.scif.img.ImgSaverTest testArrayPlaneSaving_add1:testArrayPlaneSaving_mg2:testArrayPlaneSaving_mg3:testArrayPlaneSaving_mg4:testArrayPlaneSaving_mg5:testArrayPlaneSaving_mg6:testArrayPlaneSaving_mg7:testArrayPlaneSaving_mg8:testArrayPlaneSaving_mg9:testArrayPlaneSaving_mg10:testArrayPlaneSaving_mg11:testArrayPlaneSaving_mg12:testArrayPlaneSaving_mg13:testArrayPlaneSaving_mg14:testArrayPlaneSaving_mg15:testArrayPlaneSaving_mg16:testArrayPlaneSaving_mg17:testArrayPlaneSaving_mg18:testArrayPlaneSaving_mg19:testArrayPlaneSaving_mg20:testArrayPlaneSaving_mg21:testArrayPlaneSaving_mg22:testArrayPlaneSaving_mg23:testArrayPlaneSaving_mg24:testArrayPlaneSaving_mg25:testArrayPlaneSaving_mg26:testArrayPlaneSaving_mg27:testArrayPlaneSaving_mg28:testArrayPlaneSaving_mg29:testArrayPlaneSaving_mg30:testArrayPlaneSaving_mg31:testArrayPlaneSaving_mg32:testArrayPlaneSaving_mg33:testArrayPlaneSaving_mg34:testArrayPlaneSaving_mg35:testArrayPlaneSaving_mg36
File saved to the following path: /tmp/icst-2019/september-2018/dataset/scifio_parent/target/dspot/TestListener.ser
[ECLIPSE HELPER] Indexing annotations...
Loading /tmp/icst-2019/september-2018/dataset/scifio_parent/target/dspot/TestListener.ser
[INFO] Test has been run: testArrayPlaneSaving_add1,testArrayPlaneSaving_mg10,testArrayPlaneSaving_mg11,testArrayPlaneSaving_mg12,testArrayPlaneSaving_mg13,testArrayPlaneSaving_mg14,testArrayPlaneSaving_mg15,testArrayPlaneSaving_mg16,testArrayPlaneSaving_mg17,testArrayPlaneSaving_mg18,testArrayPlaneSaving_mg20,testArrayPlaneSaving_mg21,testArrayPlaneSaving_mg22,testArrayPlaneSaving_mg23,testArrayPlaneSaving_mg24,testArrayPlaneSaving_mg25,testArrayPlaneSaving_mg26,testArrayPlaneSaving_mg27,testArrayPlaneSaving_mg28,testArrayPlaneSaving_mg29,testArrayPlaneSaving_mg30,testArrayPlaneSaving_mg31,testArrayPlaneSaving_mg32,testArrayPlaneSaving_mg33,testArrayPlaneSaving_mg34,testArrayPlaneSaving_mg35,testArrayPlaneSaving_mg36,testArrayPlaneSaving_mg2,testArrayPlaneSaving_mg3,testArrayPlaneSaving_mg4,testArrayPlaneSaving_mg5,testArrayPlaneSaving_mg6,testArrayPlaneSaving_mg7,testArrayPlaneSaving_mg8,testArrayPlaneSaving_mg9,testArrayPlaneSaving_mg19(io.scif.img.ImgSaverTest): Invalid range pattern. Must match: \d*(-\d*(:\d*)?)?(,\d*(-\d*(:\d)?)?)*
[INFO] 35 test pass, generating assertion...
[INFO] Add observations points in passing tests.
[INFO] Instrumentation...
  2% |= ]/  5% |== ]-  8% |==== ]\ 11% |===== ]| 14% |======= ]/ 17% |======== ]- 20% |========== ]\ 22% |=========== ]| 25% |============ ]/ 28% |============== ]- 31% |=============== ]\ 34% |================= ]| 37% |================== ]/ 40% |==================== ]- 42% |===================== ]\ 45% |====================== ]| 48% |======================== ]/ 51% |========================= ]- 54% |=========================== ]\ 57% |============================ ]| 60% |============================== ]/ 62% |=============================== ]- 65% |================================ ]\ 68% |================================== ]| 71% |=================================== ]/ 74% |===================================== ]- 77% |====================================== ]\ 80% |======================================== ]| 82% |========================================= ]/ 85% |========================================== ]- 88% |============================================ ]\ 91% |============================================= ]| 94% |=============================================== ]/ 97% |================================================ ]-100% |================================================== ]\
[INFO] Run instrumented tests. (105)
[INFO] Run: java -classpath /tmp/icst-2019/september-2018/dataset/scifio_parent/target/test-classes:/tmp/icst-2019/september-2018/dataset/scifio_parent/target/classes/:/home/spirals/danglot/.m2/repository/io/scif/scifio-jai-imageio/1.1.0/scifio-jai-imageio-1.1.0.jar:/home/spirals/danglot/.m2/repository/net/imagej/imagej-common/0.24.2/imagej-common-0.24.2.jar:/home/spirals/danglot/.m2/repository/net/imglib2/imglib2-roi/0.4.4/imglib2-roi-0.4.4.jar:/home/spirals/danglot/.m2/repository/net/sf/trove4j/trove4j/3.0.3/trove4j-3.0.3.jar:/home/spirals/danglot/.m2/repository/edu/ucar/udunits/4.3.18/udunits-4.3.18.jar:/home/spirals/danglot/.m2/repository/net/imglib2/imglib2/3.2.1/imglib2-3.2.1.jar:/home/spirals/danglot/.m2/repository/org/scijava/scijava-common/2.62.0/scijava-common-2.62.0.jar:/home/spirals/danglot/.m2/repository/org/scijava/scijava-expression-parser/3.1.0/scijava-expression-parser-3.1.0.jar:/home/spirals/danglot/.m2/repository/com/googlecode/gentyref/gentyref/1.1.0/gentyref-1.1.0.jar:/home/spirals/danglot/.m2/repository/org/bushe/eventbus/1.4/eventbus-1.4.jar:/home/spirals/danglot/.m2/repository/org/mapdb/mapdb/1.0.3/mapdb-1.0.3.jar:/home/spirals/danglot/.m2/repository/junit/junit/4.12/junit-4.12.jar:/home/spirals/danglot/.m2/repository/org/hamcrest/hamcrest-core/1.3/hamcrest-core-1.3.jar:/tmp/icst-2019/september-2018/dataset/scifio_parent/target/dspot/dependencies/:/home/spirals/danglot/.m2/repository/eu/stamp-project/test-runner/1.1.0/test-runner-1.1.0-jar-with-dependencies.jar eu.stamp_project.testrunner.runner.test.TestRunner io.scif.img.ImgSaverTest testArrayPlaneSaving_add1_withlog0:testArrayPlaneSaving_mg2_withlog0:testArrayPlaneSaving_mg3_withlog0:testArrayPlaneSaving_mg4_withlog0:testArrayPlaneSaving_mg5_withlog0:testArrayPlaneSaving_mg6_withlog0:testArrayPlaneSaving_mg7_withlog0:testArrayPlaneSaving_mg8_withlog0:testArrayPlaneSaving_mg9_withlog0:testArrayPlaneSaving_mg10_withlog0:testArrayPlaneSaving_mg11_withlog0:testArrayPlaneSaving_mg12_withlog0:testArrayPlaneSaving_mg13_withlog0:testArrayPlaneSaving_mg14_withlog0:testArrayPlaneSaving_mg15_withlog0:testArrayPlaneSaving_mg16_withlog0:testArrayPlaneSaving_mg17_withlog0:testArrayPlaneSaving_mg18_withlog0:testArrayPlaneSaving_mg20_withlog0:testArrayPlaneSaving_mg21_withlog0:testArrayPlaneSaving_mg22_withlog0:testArrayPlaneSaving_mg23_withlog0:testArrayPlaneSaving_mg24_withlog0:testArrayPlaneSaving_mg25_withlog0:testArrayPlaneSaving_mg26_withlog0:testArrayPlaneSaving_mg27_withlog0:testArrayPlaneSaving_mg28_withlog0:testArrayPlaneSaving_mg29_withlog0:testArrayPlaneSaving_mg30_withlog0:testArrayPlaneSaving_mg31_withlog0:testArrayPlaneSaving_mg32_withlog0:testArrayPlaneSaving_mg33_withlog0:testArrayPlaneSaving_mg34_withlog0:testArrayPlaneSaving_mg35_withlog0:testArrayPlaneSaving_mg36_withlog0:testArrayPlaneSaving_add1_withlog1:testArrayPlaneSaving_mg2_withlog1:testArrayPlaneSaving_mg3_withlog1:testArrayPlaneSaving_mg4_withlog1:testArrayPlaneSaving_mg5_withlog1:testArrayPlaneSaving_mg6_withlog1:testArrayPlaneSaving_mg7_withlog1:testArrayPlaneSaving_mg8_withlog1:testArrayPlaneSaving_mg9_withlog1:testArrayPlaneSaving_mg10_withlog1:testArrayPlaneSaving_mg11_withlog1:testArrayPlaneSaving_mg12_withlog1:testArrayPlaneSaving_mg13_withlog1:testArrayPlaneSaving_mg14_withlog1:testArrayPlaneSaving_mg15_withlog1:testArrayPlaneSaving_mg16_withlog1:testArrayPlaneSaving_mg17_withlog1:testArrayPlaneSaving_mg18_withlog1:testArrayPlaneSaving_mg20_withlog1:testArrayPlaneSaving_mg21_withlog1:testArrayPlaneSaving_mg22_withlog1:testArrayPlaneSaving_mg23_withlog1:testArrayPlaneSaving_mg24_withlog1:testArrayPlaneSaving_mg25_withlog1:testArrayPlaneSaving_mg26_withlog1:testArrayPlaneSaving_mg27_withlog1:testArrayPlaneSaving_mg28_withlog1:testArrayPlaneSaving_mg29_withlog1:testArrayPlaneSaving_mg30_withlog1:testArrayPlaneSaving_mg31_withlog1:testArrayPlaneSaving_mg32_withlog1:testArrayPlaneSaving_mg33_withlog1:testArrayPlaneSaving_mg34_withlog1:testArrayPlaneSaving_mg35_withlog1:testArrayPlaneSaving_mg36_withlog1:testArrayPlaneSaving_add1_withlog2:testArrayPlaneSaving_mg2_withlog2:testArrayPlaneSaving_mg3_withlog2:testArrayPlaneSaving_mg4_withlog2:testArrayPlaneSaving_mg5_withlog2:testArrayPlaneSaving_mg6_withlog2:testArrayPlaneSaving_mg7_withlog2:testArrayPlaneSaving_mg8_withlog2:testArrayPlaneSaving_mg9_withlog2:testArrayPlaneSaving_mg10_withlog2:testArrayPlaneSaving_mg11_withlog2:testArrayPlaneSaving_mg12_withlog2:testArrayPlaneSaving_mg13_withlog2:testArrayPlaneSaving_mg14_withlog2:testArrayPlaneSaving_mg15_withlog2:testArrayPlaneSaving_mg16_withlog2:testArrayPlaneSaving_mg17_withlog2:testArrayPlaneSaving_mg18_withlog2:testArrayPlaneSaving_mg20_withlog2:testArrayPlaneSaving_mg21_withlog2:testArrayPlaneSaving_mg22_withlog2:testArrayPlaneSaving_mg23_withlog2:testArrayPlaneSaving_mg24_withlog2:testArrayPlaneSaving_mg25_withlog2:testArrayPlaneSaving_mg26_withlog2:testArrayPlaneSaving_mg27_withlog2:testArrayPlaneSaving_mg28_withlog2:testArrayPlaneSaving_mg29_withlog2:testArrayPlaneSaving_mg30_withlog2:testArrayPlaneSaving_mg31_withlog2:testArrayPlaneSaving_mg32_withlog2:testArrayPlaneSaving_mg33_withlog2:testArrayPlaneSaving_mg34_withlog2:testArrayPlaneSaving_mg35_withlog2:testArrayPlaneSaving_mg36_withlog2
File saved to the following path: /tmp/icst-2019/september-2018/dataset/scifio_parent/target/dspot/observations.ser
File saved to the following path: /tmp/icst-2019/september-2018/dataset/scifio_parent/target/dspot/TestListener.ser
Loading /tmp/icst-2019/september-2018/dataset/scifio_parent/target/dspot/TestListener.ser
[INFO] Test has been run: testArrayPlaneSaving_mg27_withlog0,testArrayPlaneSaving_mg27_withlog1,testArrayPlaneSaving_mg27_withlog2,testArrayPlaneSaving_mg26_withlog0,testArrayPlaneSaving_mg26_withlog1,testArrayPlaneSaving_mg26_withlog2,testArrayPlaneSaving_add1_withlog0,testArrayPlaneSaving_add1_withlog1,testArrayPlaneSaving_add1_withlog2,testArrayPlaneSaving_mg25_withlog0,testArrayPlaneSaving_mg25_withlog1,testArrayPlaneSaving_mg25_withlog2,testArrayPlaneSaving_mg24_withlog0,testArrayPlaneSaving_mg24_withlog1,testArrayPlaneSaving_mg24_withlog2,testArrayPlaneSaving_mg22_withlog0,testArrayPlaneSaving_mg22_withlog1,testArrayPlaneSaving_mg22_withlog2,testArrayPlaneSaving_mg21_withlog0,testArrayPlaneSaving_mg21_withlog1,testArrayPlaneSaving_mg21_withlog2,testArrayPlaneSaving_mg20_withlog0,testArrayPlaneSaving_mg20_withlog1,testArrayPlaneSaving_mg20_withlog2,testArrayPlaneSaving_mg18_withlog0,testArrayPlaneSaving_mg18_withlog1,testArrayPlaneSaving_mg18_withlog2,testArrayPlaneSaving_mg17_withlog0,testArrayPlaneSaving_mg17_withlog1,testArrayPlaneSaving_mg17_withlog2,testArrayPlaneSaving_mg8_withlog0,testArrayPlaneSaving_mg8_withlog1,testArrayPlaneSaving_mg8_withlog2,testArrayPlaneSaving_mg16_withlog0,testArrayPlaneSaving_mg16_withlog1,testArrayPlaneSaving_mg16_withlog2,testArrayPlaneSaving_mg15_withlog0,testArrayPlaneSaving_mg15_withlog1,testArrayPlaneSaving_mg15_withlog2,testArrayPlaneSaving_mg6_withlog0,testArrayPlaneSaving_mg6_withlog1,testArrayPlaneSaving_mg6_withlog2,testArrayPlaneSaving_mg14_withlog0,testArrayPlaneSaving_mg14_withlog1,testArrayPlaneSaving_mg14_withlog2,testArrayPlaneSaving_mg5_withlog0,testArrayPlaneSaving_mg5_withlog1,testArrayPlaneSaving_mg5_withlog2,testArrayPlaneSaving_mg13_withlog0,testArrayPlaneSaving_mg13_withlog1,testArrayPlaneSaving_mg13_withlog2,testArrayPlaneSaving_mg36_withlog0,testArrayPlaneSaving_mg36_withlog1,testArrayPlaneSaving_mg36_withlog2,testArrayPlaneSaving_mg4_withlog0,testArrayPlaneSaving_mg4_withlog1,testArrayPlaneSaving_mg4_withlog2,testArrayPlaneSaving_mg12_withlog0,testArrayPlaneSaving_mg12_withlog1,testArrayPlaneSaving_mg12_withlog2,testArrayPlaneSaving_mg35_withlog0,testArrayPlaneSaving_mg35_withlog1,testArrayPlaneSaving_mg35_withlog2,testArrayPlaneSaving_mg3_withlog0,testArrayPlaneSaving_mg3_withlog1,testArrayPlaneSaving_mg3_withlog2,testArrayPlaneSaving_mg34_withlog0,testArrayPlaneSaving_mg34_withlog1,testArrayPlaneSaving_mg34_withlog2,testArrayPlaneSaving_mg2_withlog0,testArrayPlaneSaving_mg2_withlog1,testArrayPlaneSaving_mg2_withlog2,testArrayPlaneSaving_mg10_withlog0,testArrayPlaneSaving_mg10_withlog1,testArrayPlaneSaving_mg10_withlog2,testArrayPlaneSaving_mg33_withlog0,testArrayPlaneSaving_mg33_withlog1,testArrayPlaneSaving_mg33_withlog2,testArrayPlaneSaving_mg32_withlog0,testArrayPlaneSaving_mg32_withlog1,testArrayPlaneSaving_mg32_withlog2,testArrayPlaneSaving_mg31_withlog0,testArrayPlaneSaving_mg31_withlog1,testArrayPlaneSaving_mg31_withlog2,testArrayPlaneSaving_mg23_withlog0(io.scif.img.ImgSaverTest): null,testArrayPlaneSaving_mg23_withlog1(io.scif.img.ImgSaverTest): null,testArrayPlaneSaving_mg23_withlog2(io.scif.img.ImgSaverTest): null,testArrayPlaneSaving_mg9_withlog0(io.scif.img.ImgSaverTest): null,testArrayPlaneSaving_mg9_withlog1(io.scif.img.ImgSaverTest): null,testArrayPlaneSaving_mg9_withlog2(io.scif.img.ImgSaverTest): null,testArrayPlaneSaving_mg7_withlog0(io.scif.img.ImgSaverTest): null,testArrayPlaneSaving_mg7_withlog1(io.scif.img.ImgSaverTest): null,testArrayPlaneSaving_mg7_withlog2(io.scif.img.ImgSaverTest): null,testArrayPlaneSaving_mg11_withlog0(io.scif.img.ImgSaverTest): null,testArrayPlaneSaving_mg11_withlog1(io.scif.img.ImgSaverTest): null,testArrayPlaneSaving_mg11_withlog2(io.scif.img.ImgSaverTest): null,testArrayPlaneSaving_mg30_withlog0(io.scif.img.ImgSaverTest): null,testArrayPlaneSaving_mg30_withlog1(io.scif.img.ImgSaverTest): null,testArrayPlaneSaving_mg30_withlog2(io.scif.img.ImgSaverTest): null,testArrayPlaneSaving_mg29_withlog0(io.scif.img.ImgSaverTest): null,testArrayPlaneSaving_mg29_withlog1(io.scif.img.ImgSaverTest): null,testArrayPlaneSaving_mg29_withlog2(io.scif.img.ImgSaverTest): null,testArrayPlaneSaving_mg28_withlog0(io.scif.img.ImgSaverTest): null,testArrayPlaneSaving_mg28_withlog1(io.scif.img.ImgSaverTest): null,testArrayPlaneSaving_mg28_withlog2(io.scif.img.ImgSaverTest): null
[WARNING] Some instrumented test failed!
[INFO] ------------------------------------------------------------------------
[INFO] BUILD FAILURE
[INFO] ------------------------------------------------------------------------
[INFO] Total time: 03:22 min
[INFO] Finished at: 2018-09-22T23:31:17+02:00
[INFO] ------------------------------------------------------------------------
[ERROR] Failed to execute goal eu.stamp-project:dspot-maven:1.1.1-SNAPSHOT:amplify-unit-tests (default-cli) on project scifio: Execution default-cli of goal eu.stamp-project:dspot-maven:1.1.1-SNAPSHOT:amplify-unit-tests failed: java.lang.RuntimeException: java.lang.RuntimeException: java.lang.ClassNotFoundException: io.scif.img.Range -> [Help 1]
[ERROR] 
[ERROR] To see the full stack trace of the errors, re-run Maven with the -e switch.
[ERROR] Re-run Maven using the -X switch to enable full debug logging.
[ERROR] 
[ERROR] For more information about the errors and possible solutions, please read the following articles:
[ERROR] [Help 1] http://cwiki.apache.org/confluence/display/MAVEN/PluginExecutionException
