Apache Maven 3.5.4 (1edded0938998edf8bf061f1ceb3cfdeccf443fe; 2018-06-17T20:33:14+02:00)
Maven home: /home/spirals/danglot/apache-maven-3.5.4
Java version: 1.8.0_121, vendor: Oracle Corporation, runtime: /home/spirals/danglot/jdk1.8.0_121/jre
Default locale: en_US, platform encoding: ANSI_X3.4-1968
OS name: "linux", version: "3.16.0-4-amd64", arch: "amd64", family: "unix"
[DEBUG] Created new class realm maven.api
[DEBUG] Importing foreign packages into class realm maven.api
[DEBUG]   Imported: javax.annotation.* < plexus.core
[DEBUG]   Imported: javax.annotation.security.* < plexus.core
[DEBUG]   Imported: javax.enterprise.inject.* < plexus.core
[DEBUG]   Imported: javax.enterprise.util.* < plexus.core
[DEBUG]   Imported: javax.inject.* < plexus.core
[DEBUG]   Imported: org.apache.maven.* < plexus.core
[DEBUG]   Imported: org.apache.maven.artifact < plexus.core
[DEBUG]   Imported: org.apache.maven.classrealm < plexus.core
[DEBUG]   Imported: org.apache.maven.cli < plexus.core
[DEBUG]   Imported: org.apache.maven.configuration < plexus.core
[DEBUG]   Imported: org.apache.maven.exception < plexus.core
[DEBUG]   Imported: org.apache.maven.execution < plexus.core
[DEBUG]   Imported: org.apache.maven.execution.scope < plexus.core
[DEBUG]   Imported: org.apache.maven.lifecycle < plexus.core
[DEBUG]   Imported: org.apache.maven.model < plexus.core
[DEBUG]   Imported: org.apache.maven.monitor < plexus.core
[DEBUG]   Imported: org.apache.maven.plugin < plexus.core
[DEBUG]   Imported: org.apache.maven.profiles < plexus.core
[DEBUG]   Imported: org.apache.maven.project < plexus.core
[DEBUG]   Imported: org.apache.maven.reporting < plexus.core
[DEBUG]   Imported: org.apache.maven.repository < plexus.core
[DEBUG]   Imported: org.apache.maven.rtinfo < plexus.core
[DEBUG]   Imported: org.apache.maven.settings < plexus.core
[DEBUG]   Imported: org.apache.maven.toolchain < plexus.core
[DEBUG]   Imported: org.apache.maven.usability < plexus.core
[DEBUG]   Imported: org.apache.maven.wagon.* < plexus.core
[DEBUG]   Imported: org.apache.maven.wagon.authentication < plexus.core
[DEBUG]   Imported: org.apache.maven.wagon.authorization < plexus.core
[DEBUG]   Imported: org.apache.maven.wagon.events < plexus.core
[DEBUG]   Imported: org.apache.maven.wagon.observers < plexus.core
[DEBUG]   Imported: org.apache.maven.wagon.proxy < plexus.core
[DEBUG]   Imported: org.apache.maven.wagon.repository < plexus.core
[DEBUG]   Imported: org.apache.maven.wagon.resource < plexus.core
[DEBUG]   Imported: org.codehaus.classworlds < plexus.core
[DEBUG]   Imported: org.codehaus.plexus.* < plexus.core
[DEBUG]   Imported: org.codehaus.plexus.classworlds < plexus.core
[DEBUG]   Imported: org.codehaus.plexus.component < plexus.core
[DEBUG]   Imported: org.codehaus.plexus.configuration < plexus.core
[DEBUG]   Imported: org.codehaus.plexus.container < plexus.core
[DEBUG]   Imported: org.codehaus.plexus.context < plexus.core
[DEBUG]   Imported: org.codehaus.plexus.lifecycle < plexus.core
[DEBUG]   Imported: org.codehaus.plexus.logging < plexus.core
[DEBUG]   Imported: org.codehaus.plexus.personality < plexus.core
[DEBUG]   Imported: org.codehaus.plexus.util.xml.Xpp3Dom < plexus.core
[DEBUG]   Imported: org.codehaus.plexus.util.xml.pull.XmlPullParser < plexus.core
[DEBUG]   Imported: org.codehaus.plexus.util.xml.pull.XmlPullParserException < plexus.core
[DEBUG]   Imported: org.codehaus.plexus.util.xml.pull.XmlSerializer < plexus.core
[DEBUG]   Imported: org.eclipse.aether.* < plexus.core
[DEBUG]   Imported: org.eclipse.aether.artifact < plexus.core
[DEBUG]   Imported: org.eclipse.aether.collection < plexus.core
[DEBUG]   Imported: org.eclipse.aether.deployment < plexus.core
[DEBUG]   Imported: org.eclipse.aether.graph < plexus.core
[DEBUG]   Imported: org.eclipse.aether.impl < plexus.core
[DEBUG]   Imported: org.eclipse.aether.installation < plexus.core
[DEBUG]   Imported: org.eclipse.aether.internal.impl < plexus.core
[DEBUG]   Imported: org.eclipse.aether.metadata < plexus.core
[DEBUG]   Imported: org.eclipse.aether.repository < plexus.core
[DEBUG]   Imported: org.eclipse.aether.resolution < plexus.core
[DEBUG]   Imported: org.eclipse.aether.spi < plexus.core
[DEBUG]   Imported: org.eclipse.aether.transfer < plexus.core
[DEBUG]   Imported: org.eclipse.aether.version < plexus.core
[DEBUG]   Imported: org.fusesource.jansi.* < plexus.core
[DEBUG]   Imported: org.slf4j.* < plexus.core
[DEBUG]   Imported: org.slf4j.helpers.* < plexus.core
[DEBUG]   Imported: org.slf4j.spi.* < plexus.core
[DEBUG] Populating class realm maven.api
[INFO] Error stacktraces are turned on.
[DEBUG] Message scheme: color
[DEBUG] Message styles: debug info warning error success failure strong mojo project
[DEBUG] Reading global settings from /home/spirals/danglot/apache-maven-3.5.4/conf/settings.xml
[DEBUG] Reading user settings from /home/spirals/danglot/.m2/settings.xml
[DEBUG] Reading global toolchains from /home/spirals/danglot/apache-maven-3.5.4/conf/toolchains.xml
[DEBUG] Reading user toolchains from /home/spirals/danglot/.m2/toolchains.xml
[DEBUG] Using local repository at /home/spirals/danglot/.m2/repository
[DEBUG] Using manager EnhancedLocalRepositoryManager with priority 10.0 for /home/spirals/danglot/.m2/repository
[INFO] Scanning for projects...
[DEBUG] Extension realms for project joda-time:joda-time:jar:2.9.8-SNAPSHOT: (none)
[DEBUG] Looking up lifecycle mappings for packaging jar from ClassRealm[plexus.core, parent: null]
[WARNING] The project joda-time:joda-time:jar:2.9.8-SNAPSHOT uses prerequisites which is only intended for maven-plugin projects but not for non maven-plugin projects. For such purposes you should use the maven-enforcer-plugin. See https://maven.apache.org/enforcer/enforcer-rules/requireMavenVersion.html
[DEBUG] === REACTOR BUILD PLAN ================================================
[DEBUG] Project: joda-time:joda-time:jar:2.9.8-SNAPSHOT
[DEBUG] Tasks:   [eu.stamp-project:dspot-maven:1.1.1-SNAPSHOT:amplify-unit-tests]
[DEBUG] Style:   Regular
[DEBUG] =======================================================================
[INFO] 
[INFO] ------------------------< joda-time:joda-time >-------------------------
[INFO] Building Joda-Time 2.9.8-SNAPSHOT
[INFO] --------------------------------[ jar ]---------------------------------
[DEBUG] Lifecycle default -> [validate, initialize, generate-sources, process-sources, generate-resources, process-resources, compile, process-classes, generate-test-sources, process-test-sources, generate-test-resources, process-test-resources, test-compile, process-test-classes, test, prepare-package, package, pre-integration-test, integration-test, post-integration-test, verify, install, deploy]
[DEBUG] Lifecycle clean -> [pre-clean, clean, post-clean]
[DEBUG] Lifecycle site -> [pre-site, site, post-site, site-deploy]
[DEBUG] === PROJECT BUILD PLAN ================================================
[DEBUG] Project:       joda-time:joda-time:2.9.8-SNAPSHOT
[DEBUG] Dependencies (collect): []
[DEBUG] Dependencies (resolve): [test]
[DEBUG] Repositories (dependencies): [central (https://repo.maven.apache.org/maven2, default, releases)]
[DEBUG] Repositories (plugins)     : [central (https://repo.maven.apache.org/maven2, default, releases)]
[DEBUG] -----------------------------------------------------------------------
[DEBUG] Goal:          eu.stamp-project:dspot-maven:1.1.1-SNAPSHOT:amplify-unit-tests (default-cli)
[DEBUG] Style:         Regular
[DEBUG] Configuration: <?xml version="1.0" encoding="UTF-8"?>
<configuration>
  <amplifiers default-value="None">${amplifiers}</amplifiers>
  <automaticBuilder default-value="MavenBuilder">${automatic-builder}</automaticBuilder>
  <budgetizer default-value="NoBudgetizer">${budgetizer}</budgetizer>
  <cases>${cases}</cases>
  <clean default-value="false">${clean}</clean>
  <descartes default-value="false">${descartes}</descartes>
  <example default-value="false">${example}</example>
  <generateNewTestClass default-value="false">${generate-new-test-class}</generateNewTestClass>
  <help default-value="false">${help}</help>
  <iteration default-value="3">${iteration}</iteration>
  <mavenHome>${maven-home}</mavenHome>
  <maxTestAmplified default-value="200">${max-test-amplified}</maxTestAmplified>
  <noMinimize default-value="false">${no-minimize}</noMinimize>
  <outputPath default-value="target/dspot/output">${output-path}</outputPath>
  <pathPitResult>${path-pit-result}</pathPitResult>
  <pathToProperties default-value="">${path-to-properties}</pathToProperties>
  <pathToSecondVersion default-value="">${path-to-second-version}</pathToSecondVersion>
  <pathToTestListCsv default-value="">${path-to-test-list-csv}</pathToTestListCsv>
  <project default-value="${project}"/>
  <randomSeed default-value="23">${randomSeed}</randomSeed>
  <test default-value="all">${test}</test>
  <testCriterion default-value="PitMutantScoreSelector">${test-criterion}</testCriterion>
  <timeOut default-value="10000">${timeOut}</timeOut>
  <useMavenToExeTest default-value="false">${use-maven-to-exe-test}</useMavenToExeTest>
  <verbose default-value="false">${verbose}</verbose>
  <withComment default-value="false">${with-comment}</withComment>
  <workingDirectory default-value="false">${working-directory}</workingDirectory>
</configuration>
[DEBUG] =======================================================================
[DEBUG] Dependency collection stats: {ConflictMarker.analyzeTime=621086, ConflictMarker.markTime=438974, ConflictMarker.nodeCount=3, ConflictIdSorter.graphTime=375175, ConflictIdSorter.topsortTime=338434, ConflictIdSorter.conflictIdCount=2, ConflictIdSorter.conflictIdCycleCount=0, ConflictResolver.totalTime=2778740, ConflictResolver.conflictItemCount=2, DefaultDependencyCollector.collectTime=20653447, DefaultDependencyCollector.transformTime=6591708}
[DEBUG] joda-time:joda-time:jar:2.9.8-SNAPSHOT
[DEBUG]    org.joda:joda-convert:jar:1.2:compile (optional)
[DEBUG]    junit:junit:jar:3.8.2:test
[INFO] 
[INFO] --- dspot-maven:1.1.1-SNAPSHOT:amplify-unit-tests (default-cli) @ joda-time ---
[DEBUG] Failure to find eu.stamp-project:dspot:1.1.1-SNAPSHOT/maven-metadata.xml in https://repo.gradle.org/gradle/libs-releases-local/ was cached in the local repository, resolution will not be reattempted until the update interval of gradle-repo has elapsed or updates are forced
[DEBUG] Skipped remote request for eu.stamp-project:dspot:1.1.1-SNAPSHOT/maven-metadata.xml, locally cached metadata up-to-date.
[DEBUG] Using transporter WagonTransporter with priority -1.0 for https://stamp-project.github.io/stamp-maven-repository/
[DEBUG] Using connector BasicRepositoryConnector with priority 0.0 for https://stamp-project.github.io/stamp-maven-repository/
Downloading from stamp-maven-repository-mvn-repo: https://stamp-project.github.io/stamp-maven-repository/eu/stamp-project/dspot/1.1.1-SNAPSHOT/maven-metadata.xml
[DEBUG] Writing tracking file /home/spirals/danglot/.m2/repository/eu/stamp-project/dspot/1.1.1-SNAPSHOT/resolver-status.properties
[DEBUG] Could not find metadata eu.stamp-project:dspot:1.1.1-SNAPSHOT/maven-metadata.xml in stamp-maven-repository-mvn-repo (https://stamp-project.github.io/stamp-maven-repository/)
[DEBUG] Skipped remote request for eu.stamp-project:dspot:1.1.1-SNAPSHOT/maven-metadata.xml, already updated during this session.
[DEBUG] Failure to find eu.stamp-project:dspot:1.1.1-SNAPSHOT/maven-metadata.xml in https://stamp-project.github.io/stamp-maven-repository/ was cached in the local repository, resolution will not be reattempted until the update interval of stamp-maven-repository-mvn-repo has elapsed or updates are forced
[DEBUG] Failure to find eu.stamp-project:dspot:1.1.1-SNAPSHOT/maven-metadata.xml in https://repo.gradle.org/gradle/libs-releases-local/ was cached in the local repository, resolution will not be reattempted until the update interval of gradle-repo has elapsed or updates are forced
[DEBUG] Skipped remote request for eu.stamp-project:dspot:1.1.1-SNAPSHOT/maven-metadata.xml, locally cached metadata up-to-date.
[DEBUG] Could not find metadata fr.inria.gforge.spoon:spoon-core:7.1.0-SNAPSHOT/maven-metadata.xml in local (/home/spirals/danglot/.m2/repository)
[DEBUG] Failure to find fr.inria.gforge.spoon:spoon-core:7.1.0-SNAPSHOT/maven-metadata.xml in https://repo.gradle.org/gradle/libs-releases-local/ was cached in the local repository, resolution will not be reattempted until the update interval of gradle-repo has elapsed or updates are forced
[DEBUG] Failure to find fr.inria.gforge.spoon:spoon-core:7.1.0-SNAPSHOT/maven-metadata.xml in https://oss.sonatype.org/content/repositories/snapshots was cached in the local repository, resolution will not be reattempted until the update interval of sonatype-nexus-snapshots has elapsed or updates are forced
[DEBUG] Skipped remote request for fr.inria.gforge.spoon:spoon-core:7.1.0-SNAPSHOT/maven-metadata.xml, locally cached metadata up-to-date.
[DEBUG] Using transporter WagonTransporter with priority -1.0 for https://stamp-project.github.io/stamp-maven-repository/
[DEBUG] Using connector BasicRepositoryConnector with priority 0.0 for https://stamp-project.github.io/stamp-maven-repository/
Downloading from stamp-maven-repository-mvn-repo: https://stamp-project.github.io/stamp-maven-repository/fr/inria/gforge/spoon/spoon-core/7.1.0-SNAPSHOT/maven-metadata.xml
[DEBUG] Writing tracking file /home/spirals/danglot/.m2/repository/fr/inria/gforge/spoon/spoon-core/7.1.0-SNAPSHOT/resolver-status.properties
[DEBUG] Could not find metadata fr.inria.gforge.spoon:spoon-core:7.1.0-SNAPSHOT/maven-metadata.xml in stamp-maven-repository-mvn-repo (https://stamp-project.github.io/stamp-maven-repository/)
[DEBUG] Could not find metadata fr.inria.gforge.spoon:spoon-core:7.1.0-SNAPSHOT/maven-metadata.xml in local (/home/spirals/danglot/.m2/repository)
[DEBUG] Skipped remote request for fr.inria.gforge.spoon:spoon-core:7.1.0-SNAPSHOT/maven-metadata.xml, already updated during this session.
[DEBUG] Failure to find fr.inria.gforge.spoon:spoon-core:7.1.0-SNAPSHOT/maven-metadata.xml in https://stamp-project.github.io/stamp-maven-repository/ was cached in the local repository, resolution will not be reattempted until the update interval of stamp-maven-repository-mvn-repo has elapsed or updates are forced
[DEBUG] Failure to find fr.inria.gforge.spoon:spoon-core:7.1.0-SNAPSHOT/maven-metadata.xml in https://repo.gradle.org/gradle/libs-releases-local/ was cached in the local repository, resolution will not be reattempted until the update interval of gradle-repo has elapsed or updates are forced
[DEBUG] Failure to find fr.inria.gforge.spoon:spoon-core:7.1.0-SNAPSHOT/maven-metadata.xml in https://oss.sonatype.org/content/repositories/snapshots was cached in the local repository, resolution will not be reattempted until the update interval of sonatype-nexus-snapshots has elapsed or updates are forced
[DEBUG] Skipped remote request for fr.inria.gforge.spoon:spoon-core:7.1.0-SNAPSHOT/maven-metadata.xml, locally cached metadata up-to-date.
[DEBUG] Could not find metadata org.eclipse.platform:org.eclipse.core.resources/maven-metadata.xml in local (/home/spirals/danglot/.m2/repository)
[DEBUG] Skipped remote request for org.eclipse.platform:org.eclipse.core.resources/maven-metadata.xml, locally cached metadata up-to-date.
[DEBUG] Failure to find org.eclipse.platform:org.eclipse.core.resources/maven-metadata.xml in https://repo.gradle.org/gradle/libs-releases-local/ was cached in the local repository, resolution will not be reattempted until the update interval of gradle-repo has elapsed or updates are forced
[DEBUG] Failure to find org.eclipse.platform:org.eclipse.core.resources/maven-metadata.xml in https://oss.sonatype.org/content/repositories/snapshots was cached in the local repository, resolution will not be reattempted until the update interval of sonatype-nexus-snapshots has elapsed or updates are forced
[DEBUG] Failure to find org.eclipse.platform:org.eclipse.core.resources/maven-metadata.xml in http://maven.inria.fr/artifactory/spoon-public-snapshot was cached in the local repository, resolution will not be reattempted until the update interval of maven.inria.fr-snapshot has elapsed or updates are forced
[DEBUG] Failure to find org.eclipse.platform:org.eclipse.core.resources/maven-metadata.xml in http://maven.inria.fr/artifactory/triskell-public-release was cached in the local repository, resolution will not be reattempted until the update interval of inria has elapsed or updates are forced
[DEBUG] Using transporter WagonTransporter with priority -1.0 for https://stamp-project.github.io/stamp-maven-repository/
[DEBUG] Using connector BasicRepositoryConnector with priority 0.0 for https://stamp-project.github.io/stamp-maven-repository/
Downloading from stamp-maven-repository-mvn-repo: https://stamp-project.github.io/stamp-maven-repository/org/eclipse/platform/org.eclipse.core.resources/maven-metadata.xml
[DEBUG] Writing tracking file /home/spirals/danglot/.m2/repository/org/eclipse/platform/org.eclipse.core.resources/resolver-status.properties
[DEBUG] Could not find metadata org.eclipse.platform:org.eclipse.core.resources/maven-metadata.xml in stamp-maven-repository-mvn-repo (https://stamp-project.github.io/stamp-maven-repository/)
[DEBUG] Could not find metadata org.eclipse.platform:org.eclipse.core.expressions/maven-metadata.xml in local (/home/spirals/danglot/.m2/repository)
[DEBUG] Skipped remote request for org.eclipse.platform:org.eclipse.core.expressions/maven-metadata.xml, locally cached metadata up-to-date.
[DEBUG] Failure to find org.eclipse.platform:org.eclipse.core.expressions/maven-metadata.xml in https://repo.gradle.org/gradle/libs-releases-local/ was cached in the local repository, resolution will not be reattempted until the update interval of gradle-repo has elapsed or updates are forced
[DEBUG] Failure to find org.eclipse.platform:org.eclipse.core.expressions/maven-metadata.xml in https://oss.sonatype.org/content/repositories/snapshots was cached in the local repository, resolution will not be reattempted until the update interval of sonatype-nexus-snapshots has elapsed or updates are forced
[DEBUG] Failure to find org.eclipse.platform:org.eclipse.core.expressions/maven-metadata.xml in http://maven.inria.fr/artifactory/spoon-public-snapshot was cached in the local repository, resolution will not be reattempted until the update interval of maven.inria.fr-snapshot has elapsed or updates are forced
[DEBUG] Failure to find org.eclipse.platform:org.eclipse.core.expressions/maven-metadata.xml in http://maven.inria.fr/artifactory/triskell-public-release was cached in the local repository, resolution will not be reattempted until the update interval of inria has elapsed or updates are forced
[DEBUG] Using transporter WagonTransporter with priority -1.0 for https://stamp-project.github.io/stamp-maven-repository/
[DEBUG] Using connector BasicRepositoryConnector with priority 0.0 for https://stamp-project.github.io/stamp-maven-repository/
Downloading from stamp-maven-repository-mvn-repo: https://stamp-project.github.io/stamp-maven-repository/org/eclipse/platform/org.eclipse.core.expressions/maven-metadata.xml
[DEBUG] Writing tracking file /home/spirals/danglot/.m2/repository/org/eclipse/platform/org.eclipse.core.expressions/resolver-status.properties
[DEBUG] Could not find metadata org.eclipse.platform:org.eclipse.core.expressions/maven-metadata.xml in stamp-maven-repository-mvn-repo (https://stamp-project.github.io/stamp-maven-repository/)
[DEBUG] Could not find metadata org.eclipse.platform:org.eclipse.core.runtime/maven-metadata.xml in local (/home/spirals/danglot/.m2/repository)
[DEBUG] Skipped remote request for org.eclipse.platform:org.eclipse.core.runtime/maven-metadata.xml, locally cached metadata up-to-date.
[DEBUG] Failure to find org.eclipse.platform:org.eclipse.core.runtime/maven-metadata.xml in https://repo.gradle.org/gradle/libs-releases-local/ was cached in the local repository, resolution will not be reattempted until the update interval of gradle-repo has elapsed or updates are forced
[DEBUG] Failure to find org.eclipse.platform:org.eclipse.core.runtime/maven-metadata.xml in https://oss.sonatype.org/content/repositories/snapshots was cached in the local repository, resolution will not be reattempted until the update interval of sonatype-nexus-snapshots has elapsed or updates are forced
[DEBUG] Failure to find org.eclipse.platform:org.eclipse.core.runtime/maven-metadata.xml in http://maven.inria.fr/artifactory/spoon-public-snapshot was cached in the local repository, resolution will not be reattempted until the update interval of maven.inria.fr-snapshot has elapsed or updates are forced
[DEBUG] Failure to find org.eclipse.platform:org.eclipse.core.runtime/maven-metadata.xml in http://maven.inria.fr/artifactory/triskell-public-release was cached in the local repository, resolution will not be reattempted until the update interval of inria has elapsed or updates are forced
[DEBUG] Using transporter WagonTransporter with priority -1.0 for https://stamp-project.github.io/stamp-maven-repository/
[DEBUG] Using connector BasicRepositoryConnector with priority 0.0 for https://stamp-project.github.io/stamp-maven-repository/
Downloading from stamp-maven-repository-mvn-repo: https://stamp-project.github.io/stamp-maven-repository/org/eclipse/platform/org.eclipse.core.runtime/maven-metadata.xml
[DEBUG] Writing tracking file /home/spirals/danglot/.m2/repository/org/eclipse/platform/org.eclipse.core.runtime/resolver-status.properties
[DEBUG] Could not find metadata org.eclipse.platform:org.eclipse.core.runtime/maven-metadata.xml in stamp-maven-repository-mvn-repo (https://stamp-project.github.io/stamp-maven-repository/)
[DEBUG] Could not find metadata org.eclipse.platform:org.eclipse.osgi/maven-metadata.xml in local (/home/spirals/danglot/.m2/repository)
[DEBUG] Skipped remote request for org.eclipse.platform:org.eclipse.osgi/maven-metadata.xml, locally cached metadata up-to-date.
[DEBUG] Failure to find org.eclipse.platform:org.eclipse.osgi/maven-metadata.xml in https://repo.gradle.org/gradle/libs-releases-local/ was cached in the local repository, resolution will not be reattempted until the update interval of gradle-repo has elapsed or updates are forced
[DEBUG] Failure to find org.eclipse.platform:org.eclipse.osgi/maven-metadata.xml in https://oss.sonatype.org/content/repositories/snapshots was cached in the local repository, resolution will not be reattempted until the update interval of sonatype-nexus-snapshots has elapsed or updates are forced
[DEBUG] Failure to find org.eclipse.platform:org.eclipse.osgi/maven-metadata.xml in http://maven.inria.fr/artifactory/spoon-public-snapshot was cached in the local repository, resolution will not be reattempted until the update interval of maven.inria.fr-snapshot has elapsed or updates are forced
[DEBUG] Failure to find org.eclipse.platform:org.eclipse.osgi/maven-metadata.xml in http://maven.inria.fr/artifactory/triskell-public-release was cached in the local repository, resolution will not be reattempted until the update interval of inria has elapsed or updates are forced
[DEBUG] Using transporter WagonTransporter with priority -1.0 for https://stamp-project.github.io/stamp-maven-repository/
[DEBUG] Using connector BasicRepositoryConnector with priority 0.0 for https://stamp-project.github.io/stamp-maven-repository/
Downloading from stamp-maven-repository-mvn-repo: https://stamp-project.github.io/stamp-maven-repository/org/eclipse/platform/org.eclipse.osgi/maven-metadata.xml
[DEBUG] Writing tracking file /home/spirals/danglot/.m2/repository/org/eclipse/platform/org.eclipse.osgi/resolver-status.properties
[DEBUG] Could not find metadata org.eclipse.platform:org.eclipse.osgi/maven-metadata.xml in stamp-maven-repository-mvn-repo (https://stamp-project.github.io/stamp-maven-repository/)
[DEBUG] Could not find metadata org.eclipse.platform:org.eclipse.equinox.common/maven-metadata.xml in local (/home/spirals/danglot/.m2/repository)
[DEBUG] Skipped remote request for org.eclipse.platform:org.eclipse.equinox.common/maven-metadata.xml, locally cached metadata up-to-date.
[DEBUG] Failure to find org.eclipse.platform:org.eclipse.equinox.common/maven-metadata.xml in https://repo.gradle.org/gradle/libs-releases-local/ was cached in the local repository, resolution will not be reattempted until the update interval of gradle-repo has elapsed or updates are forced
[DEBUG] Failure to find org.eclipse.platform:org.eclipse.equinox.common/maven-metadata.xml in https://oss.sonatype.org/content/repositories/snapshots was cached in the local repository, resolution will not be reattempted until the update interval of sonatype-nexus-snapshots has elapsed or updates are forced
[DEBUG] Failure to find org.eclipse.platform:org.eclipse.equinox.common/maven-metadata.xml in http://maven.inria.fr/artifactory/spoon-public-snapshot was cached in the local repository, resolution will not be reattempted until the update interval of maven.inria.fr-snapshot has elapsed or updates are forced
[DEBUG] Failure to find org.eclipse.platform:org.eclipse.equinox.common/maven-metadata.xml in http://maven.inria.fr/artifactory/triskell-public-release was cached in the local repository, resolution will not be reattempted until the update interval of inria has elapsed or updates are forced
[DEBUG] Using transporter WagonTransporter with priority -1.0 for https://stamp-project.github.io/stamp-maven-repository/
[DEBUG] Using connector BasicRepositoryConnector with priority 0.0 for https://stamp-project.github.io/stamp-maven-repository/
Downloading from stamp-maven-repository-mvn-repo: https://stamp-project.github.io/stamp-maven-repository/org/eclipse/platform/org.eclipse.equinox.common/maven-metadata.xml
[DEBUG] Writing tracking file /home/spirals/danglot/.m2/repository/org/eclipse/platform/org.eclipse.equinox.common/resolver-status.properties
[DEBUG] Could not find metadata org.eclipse.platform:org.eclipse.equinox.common/maven-metadata.xml in stamp-maven-repository-mvn-repo (https://stamp-project.github.io/stamp-maven-repository/)
[DEBUG] Could not find metadata org.eclipse.platform:org.eclipse.core.jobs/maven-metadata.xml in local (/home/spirals/danglot/.m2/repository)
[DEBUG] Skipped remote request for org.eclipse.platform:org.eclipse.core.jobs/maven-metadata.xml, locally cached metadata up-to-date.
[DEBUG] Failure to find org.eclipse.platform:org.eclipse.core.jobs/maven-metadata.xml in https://repo.gradle.org/gradle/libs-releases-local/ was cached in the local repository, resolution will not be reattempted until the update interval of gradle-repo has elapsed or updates are forced
[DEBUG] Failure to find org.eclipse.platform:org.eclipse.core.jobs/maven-metadata.xml in https://oss.sonatype.org/content/repositories/snapshots was cached in the local repository, resolution will not be reattempted until the update interval of sonatype-nexus-snapshots has elapsed or updates are forced
[DEBUG] Failure to find org.eclipse.platform:org.eclipse.core.jobs/maven-metadata.xml in http://maven.inria.fr/artifactory/spoon-public-snapshot was cached in the local repository, resolution will not be reattempted until the update interval of maven.inria.fr-snapshot has elapsed or updates are forced
[DEBUG] Failure to find org.eclipse.platform:org.eclipse.core.jobs/maven-metadata.xml in http://maven.inria.fr/artifactory/triskell-public-release was cached in the local repository, resolution will not be reattempted until the update interval of inria has elapsed or updates are forced
[DEBUG] Using transporter WagonTransporter with priority -1.0 for https://stamp-project.github.io/stamp-maven-repository/
[DEBUG] Using connector BasicRepositoryConnector with priority 0.0 for https://stamp-project.github.io/stamp-maven-repository/
Downloading from stamp-maven-repository-mvn-repo: https://stamp-project.github.io/stamp-maven-repository/org/eclipse/platform/org.eclipse.core.jobs/maven-metadata.xml
[DEBUG] Writing tracking file /home/spirals/danglot/.m2/repository/org/eclipse/platform/org.eclipse.core.jobs/resolver-status.properties
[DEBUG] Could not find metadata org.eclipse.platform:org.eclipse.core.jobs/maven-metadata.xml in stamp-maven-repository-mvn-repo (https://stamp-project.github.io/stamp-maven-repository/)
[DEBUG] Could not find metadata org.eclipse.platform:org.eclipse.equinox.registry/maven-metadata.xml in local (/home/spirals/danglot/.m2/repository)
[DEBUG] Skipped remote request for org.eclipse.platform:org.eclipse.equinox.registry/maven-metadata.xml, locally cached metadata up-to-date.
[DEBUG] Failure to find org.eclipse.platform:org.eclipse.equinox.registry/maven-metadata.xml in https://repo.gradle.org/gradle/libs-releases-local/ was cached in the local repository, resolution will not be reattempted until the update interval of gradle-repo has elapsed or updates are forced
[DEBUG] Failure to find org.eclipse.platform:org.eclipse.equinox.registry/maven-metadata.xml in https://oss.sonatype.org/content/repositories/snapshots was cached in the local repository, resolution will not be reattempted until the update interval of sonatype-nexus-snapshots has elapsed or updates are forced
[DEBUG] Failure to find org.eclipse.platform:org.eclipse.equinox.registry/maven-metadata.xml in http://maven.inria.fr/artifactory/spoon-public-snapshot was cached in the local repository, resolution will not be reattempted until the update interval of maven.inria.fr-snapshot has elapsed or updates are forced
[DEBUG] Failure to find org.eclipse.platform:org.eclipse.equinox.registry/maven-metadata.xml in http://maven.inria.fr/artifactory/triskell-public-release was cached in the local repository, resolution will not be reattempted until the update interval of inria has elapsed or updates are forced
[DEBUG] Using transporter WagonTransporter with priority -1.0 for https://stamp-project.github.io/stamp-maven-repository/
[DEBUG] Using connector BasicRepositoryConnector with priority 0.0 for https://stamp-project.github.io/stamp-maven-repository/
Downloading from stamp-maven-repository-mvn-repo: https://stamp-project.github.io/stamp-maven-repository/org/eclipse/platform/org.eclipse.equinox.registry/maven-metadata.xml
[DEBUG] Writing tracking file /home/spirals/danglot/.m2/repository/org/eclipse/platform/org.eclipse.equinox.registry/resolver-status.properties
[DEBUG] Could not find metadata org.eclipse.platform:org.eclipse.equinox.registry/maven-metadata.xml in stamp-maven-repository-mvn-repo (https://stamp-project.github.io/stamp-maven-repository/)
[DEBUG] Could not find metadata org.eclipse.platform:org.eclipse.equinox.common/maven-metadata.xml in local (/home/spirals/danglot/.m2/repository)
[DEBUG] Skipped remote request for org.eclipse.platform:org.eclipse.equinox.common/maven-metadata.xml, locally cached metadata up-to-date.
[DEBUG] Skipped remote request for org.eclipse.platform:org.eclipse.equinox.common/maven-metadata.xml, already updated during this session.
[DEBUG] Failure to find org.eclipse.platform:org.eclipse.equinox.common/maven-metadata.xml in https://stamp-project.github.io/stamp-maven-repository/ was cached in the local repository, resolution will not be reattempted until the update interval of stamp-maven-repository-mvn-repo has elapsed or updates are forced
[DEBUG] Failure to find org.eclipse.platform:org.eclipse.equinox.common/maven-metadata.xml in https://repo.gradle.org/gradle/libs-releases-local/ was cached in the local repository, resolution will not be reattempted until the update interval of gradle-repo has elapsed or updates are forced
[DEBUG] Failure to find org.eclipse.platform:org.eclipse.equinox.common/maven-metadata.xml in https://oss.sonatype.org/content/repositories/snapshots was cached in the local repository, resolution will not be reattempted until the update interval of sonatype-nexus-snapshots has elapsed or updates are forced
[DEBUG] Failure to find org.eclipse.platform:org.eclipse.equinox.common/maven-metadata.xml in http://maven.inria.fr/artifactory/spoon-public-snapshot was cached in the local repository, resolution will not be reattempted until the update interval of maven.inria.fr-snapshot has elapsed or updates are forced
[DEBUG] Failure to find org.eclipse.platform:org.eclipse.equinox.common/maven-metadata.xml in http://maven.inria.fr/artifactory/triskell-public-release was cached in the local repository, resolution will not be reattempted until the update interval of inria has elapsed or updates are forced
[DEBUG] Could not find metadata org.eclipse.platform:org.eclipse.equinox.preferences/maven-metadata.xml in local (/home/spirals/danglot/.m2/repository)
[DEBUG] Skipped remote request for org.eclipse.platform:org.eclipse.equinox.preferences/maven-metadata.xml, locally cached metadata up-to-date.
[DEBUG] Failure to find org.eclipse.platform:org.eclipse.equinox.preferences/maven-metadata.xml in https://repo.gradle.org/gradle/libs-releases-local/ was cached in the local repository, resolution will not be reattempted until the update interval of gradle-repo has elapsed or updates are forced
[DEBUG] Failure to find org.eclipse.platform:org.eclipse.equinox.preferences/maven-metadata.xml in https://oss.sonatype.org/content/repositories/snapshots was cached in the local repository, resolution will not be reattempted until the update interval of sonatype-nexus-snapshots has elapsed or updates are forced
[DEBUG] Failure to find org.eclipse.platform:org.eclipse.equinox.preferences/maven-metadata.xml in http://maven.inria.fr/artifactory/spoon-public-snapshot was cached in the local repository, resolution will not be reattempted until the update interval of maven.inria.fr-snapshot has elapsed or updates are forced
[DEBUG] Failure to find org.eclipse.platform:org.eclipse.equinox.preferences/maven-metadata.xml in http://maven.inria.fr/artifactory/triskell-public-release was cached in the local repository, resolution will not be reattempted until the update interval of inria has elapsed or updates are forced
[DEBUG] Using transporter WagonTransporter with priority -1.0 for https://stamp-project.github.io/stamp-maven-repository/
[DEBUG] Using connector BasicRepositoryConnector with priority 0.0 for https://stamp-project.github.io/stamp-maven-repository/
Downloading from stamp-maven-repository-mvn-repo: https://stamp-project.github.io/stamp-maven-repository/org/eclipse/platform/org.eclipse.equinox.preferences/maven-metadata.xml
[DEBUG] Writing tracking file /home/spirals/danglot/.m2/repository/org/eclipse/platform/org.eclipse.equinox.preferences/resolver-status.properties
[DEBUG] Could not find metadata org.eclipse.platform:org.eclipse.equinox.preferences/maven-metadata.xml in stamp-maven-repository-mvn-repo (https://stamp-project.github.io/stamp-maven-repository/)
[DEBUG] Could not find metadata org.eclipse.platform:org.eclipse.equinox.common/maven-metadata.xml in local (/home/spirals/danglot/.m2/repository)
[DEBUG] Skipped remote request for org.eclipse.platform:org.eclipse.equinox.common/maven-metadata.xml, locally cached metadata up-to-date.
[DEBUG] Skipped remote request for org.eclipse.platform:org.eclipse.equinox.common/maven-metadata.xml, already updated during this session.
[DEBUG] Failure to find org.eclipse.platform:org.eclipse.equinox.common/maven-metadata.xml in https://stamp-project.github.io/stamp-maven-repository/ was cached in the local repository, resolution will not be reattempted until the update interval of stamp-maven-repository-mvn-repo has elapsed or updates are forced
[DEBUG] Failure to find org.eclipse.platform:org.eclipse.equinox.common/maven-metadata.xml in https://repo.gradle.org/gradle/libs-releases-local/ was cached in the local repository, resolution will not be reattempted until the update interval of gradle-repo has elapsed or updates are forced
[DEBUG] Failure to find org.eclipse.platform:org.eclipse.equinox.common/maven-metadata.xml in https://oss.sonatype.org/content/repositories/snapshots was cached in the local repository, resolution will not be reattempted until the update interval of sonatype-nexus-snapshots has elapsed or updates are forced
[DEBUG] Failure to find org.eclipse.platform:org.eclipse.equinox.common/maven-metadata.xml in http://maven.inria.fr/artifactory/spoon-public-snapshot was cached in the local repository, resolution will not be reattempted until the update interval of maven.inria.fr-snapshot has elapsed or updates are forced
[DEBUG] Failure to find org.eclipse.platform:org.eclipse.equinox.common/maven-metadata.xml in http://maven.inria.fr/artifactory/triskell-public-release was cached in the local repository, resolution will not be reattempted until the update interval of inria has elapsed or updates are forced
[DEBUG] Could not find metadata org.eclipse.platform:org.eclipse.core.contenttype/maven-metadata.xml in local (/home/spirals/danglot/.m2/repository)
[DEBUG] Skipped remote request for org.eclipse.platform:org.eclipse.core.contenttype/maven-metadata.xml, locally cached metadata up-to-date.
[DEBUG] Failure to find org.eclipse.platform:org.eclipse.core.contenttype/maven-metadata.xml in https://repo.gradle.org/gradle/libs-releases-local/ was cached in the local repository, resolution will not be reattempted until the update interval of gradle-repo has elapsed or updates are forced
[DEBUG] Failure to find org.eclipse.platform:org.eclipse.core.contenttype/maven-metadata.xml in https://oss.sonatype.org/content/repositories/snapshots was cached in the local repository, resolution will not be reattempted until the update interval of sonatype-nexus-snapshots has elapsed or updates are forced
[DEBUG] Failure to find org.eclipse.platform:org.eclipse.core.contenttype/maven-metadata.xml in http://maven.inria.fr/artifactory/spoon-public-snapshot was cached in the local repository, resolution will not be reattempted until the update interval of maven.inria.fr-snapshot has elapsed or updates are forced
[DEBUG] Failure to find org.eclipse.platform:org.eclipse.core.contenttype/maven-metadata.xml in http://maven.inria.fr/artifactory/triskell-public-release was cached in the local repository, resolution will not be reattempted until the update interval of inria has elapsed or updates are forced
[DEBUG] Using transporter WagonTransporter with priority -1.0 for https://stamp-project.github.io/stamp-maven-repository/
[DEBUG] Using connector BasicRepositoryConnector with priority 0.0 for https://stamp-project.github.io/stamp-maven-repository/
Downloading from stamp-maven-repository-mvn-repo: https://stamp-project.github.io/stamp-maven-repository/org/eclipse/platform/org.eclipse.core.contenttype/maven-metadata.xml
[DEBUG] Writing tracking file /home/spirals/danglot/.m2/repository/org/eclipse/platform/org.eclipse.core.contenttype/resolver-status.properties
[DEBUG] Could not find metadata org.eclipse.platform:org.eclipse.core.contenttype/maven-metadata.xml in stamp-maven-repository-mvn-repo (https://stamp-project.github.io/stamp-maven-repository/)
[DEBUG] Could not find metadata org.eclipse.platform:org.eclipse.equinox.preferences/maven-metadata.xml in local (/home/spirals/danglot/.m2/repository)
[DEBUG] Skipped remote request for org.eclipse.platform:org.eclipse.equinox.preferences/maven-metadata.xml, locally cached metadata up-to-date.
[DEBUG] Skipped remote request for org.eclipse.platform:org.eclipse.equinox.preferences/maven-metadata.xml, already updated during this session.
[DEBUG] Failure to find org.eclipse.platform:org.eclipse.equinox.preferences/maven-metadata.xml in https://stamp-project.github.io/stamp-maven-repository/ was cached in the local repository, resolution will not be reattempted until the update interval of stamp-maven-repository-mvn-repo has elapsed or updates are forced
[DEBUG] Failure to find org.eclipse.platform:org.eclipse.equinox.preferences/maven-metadata.xml in https://repo.gradle.org/gradle/libs-releases-local/ was cached in the local repository, resolution will not be reattempted until the update interval of gradle-repo has elapsed or updates are forced
[DEBUG] Failure to find org.eclipse.platform:org.eclipse.equinox.preferences/maven-metadata.xml in https://oss.sonatype.org/content/repositories/snapshots was cached in the local repository, resolution will not be reattempted until the update interval of sonatype-nexus-snapshots has elapsed or updates are forced
[DEBUG] Failure to find org.eclipse.platform:org.eclipse.equinox.preferences/maven-metadata.xml in http://maven.inria.fr/artifactory/spoon-public-snapshot was cached in the local repository, resolution will not be reattempted until the update interval of maven.inria.fr-snapshot has elapsed or updates are forced
[DEBUG] Failure to find org.eclipse.platform:org.eclipse.equinox.preferences/maven-metadata.xml in http://maven.inria.fr/artifactory/triskell-public-release was cached in the local repository, resolution will not be reattempted until the update interval of inria has elapsed or updates are forced
[DEBUG] Could not find metadata org.eclipse.platform:org.eclipse.equinox.registry/maven-metadata.xml in local (/home/spirals/danglot/.m2/repository)
[DEBUG] Skipped remote request for org.eclipse.platform:org.eclipse.equinox.registry/maven-metadata.xml, locally cached metadata up-to-date.
[DEBUG] Skipped remote request for org.eclipse.platform:org.eclipse.equinox.registry/maven-metadata.xml, already updated during this session.
[DEBUG] Failure to find org.eclipse.platform:org.eclipse.equinox.registry/maven-metadata.xml in https://stamp-project.github.io/stamp-maven-repository/ was cached in the local repository, resolution will not be reattempted until the update interval of stamp-maven-repository-mvn-repo has elapsed or updates are forced
[DEBUG] Failure to find org.eclipse.platform:org.eclipse.equinox.registry/maven-metadata.xml in https://repo.gradle.org/gradle/libs-releases-local/ was cached in the local repository, resolution will not be reattempted until the update interval of gradle-repo has elapsed or updates are forced
[DEBUG] Failure to find org.eclipse.platform:org.eclipse.equinox.registry/maven-metadata.xml in https://oss.sonatype.org/content/repositories/snapshots was cached in the local repository, resolution will not be reattempted until the update interval of sonatype-nexus-snapshots has elapsed or updates are forced
[DEBUG] Failure to find org.eclipse.platform:org.eclipse.equinox.registry/maven-metadata.xml in http://maven.inria.fr/artifactory/spoon-public-snapshot was cached in the local repository, resolution will not be reattempted until the update interval of maven.inria.fr-snapshot has elapsed or updates are forced
[DEBUG] Failure to find org.eclipse.platform:org.eclipse.equinox.registry/maven-metadata.xml in http://maven.inria.fr/artifactory/triskell-public-release was cached in the local repository, resolution will not be reattempted until the update interval of inria has elapsed or updates are forced
[DEBUG] Could not find metadata org.eclipse.platform:org.eclipse.equinox.app/maven-metadata.xml in local (/home/spirals/danglot/.m2/repository)
[DEBUG] Skipped remote request for org.eclipse.platform:org.eclipse.equinox.app/maven-metadata.xml, locally cached metadata up-to-date.
[DEBUG] Failure to find org.eclipse.platform:org.eclipse.equinox.app/maven-metadata.xml in https://repo.gradle.org/gradle/libs-releases-local/ was cached in the local repository, resolution will not be reattempted until the update interval of gradle-repo has elapsed or updates are forced
[DEBUG] Failure to find org.eclipse.platform:org.eclipse.equinox.app/maven-metadata.xml in https://oss.sonatype.org/content/repositories/snapshots was cached in the local repository, resolution will not be reattempted until the update interval of sonatype-nexus-snapshots has elapsed or updates are forced
[DEBUG] Failure to find org.eclipse.platform:org.eclipse.equinox.app/maven-metadata.xml in http://maven.inria.fr/artifactory/spoon-public-snapshot was cached in the local repository, resolution will not be reattempted until the update interval of maven.inria.fr-snapshot has elapsed or updates are forced
[DEBUG] Failure to find org.eclipse.platform:org.eclipse.equinox.app/maven-metadata.xml in http://maven.inria.fr/artifactory/triskell-public-release was cached in the local repository, resolution will not be reattempted until the update interval of inria has elapsed or updates are forced
[DEBUG] Using transporter WagonTransporter with priority -1.0 for https://stamp-project.github.io/stamp-maven-repository/
[DEBUG] Using connector BasicRepositoryConnector with priority 0.0 for https://stamp-project.github.io/stamp-maven-repository/
Downloading from stamp-maven-repository-mvn-repo: https://stamp-project.github.io/stamp-maven-repository/org/eclipse/platform/org.eclipse.equinox.app/maven-metadata.xml
[DEBUG] Writing tracking file /home/spirals/danglot/.m2/repository/org/eclipse/platform/org.eclipse.equinox.app/resolver-status.properties
[DEBUG] Could not find metadata org.eclipse.platform:org.eclipse.equinox.app/maven-metadata.xml in stamp-maven-repository-mvn-repo (https://stamp-project.github.io/stamp-maven-repository/)
[DEBUG] Could not find metadata org.eclipse.platform:org.eclipse.equinox.registry/maven-metadata.xml in local (/home/spirals/danglot/.m2/repository)
[DEBUG] Skipped remote request for org.eclipse.platform:org.eclipse.equinox.registry/maven-metadata.xml, locally cached metadata up-to-date.
[DEBUG] Skipped remote request for org.eclipse.platform:org.eclipse.equinox.registry/maven-metadata.xml, already updated during this session.
[DEBUG] Failure to find org.eclipse.platform:org.eclipse.equinox.registry/maven-metadata.xml in https://stamp-project.github.io/stamp-maven-repository/ was cached in the local repository, resolution will not be reattempted until the update interval of stamp-maven-repository-mvn-repo has elapsed or updates are forced
[DEBUG] Failure to find org.eclipse.platform:org.eclipse.equinox.registry/maven-metadata.xml in https://repo.gradle.org/gradle/libs-releases-local/ was cached in the local repository, resolution will not be reattempted until the update interval of gradle-repo has elapsed or updates are forced
[DEBUG] Failure to find org.eclipse.platform:org.eclipse.equinox.registry/maven-metadata.xml in https://oss.sonatype.org/content/repositories/snapshots was cached in the local repository, resolution will not be reattempted until the update interval of sonatype-nexus-snapshots has elapsed or updates are forced
[DEBUG] Failure to find org.eclipse.platform:org.eclipse.equinox.registry/maven-metadata.xml in http://maven.inria.fr/artifactory/spoon-public-snapshot was cached in the local repository, resolution will not be reattempted until the update interval of maven.inria.fr-snapshot has elapsed or updates are forced
[DEBUG] Failure to find org.eclipse.platform:org.eclipse.equinox.registry/maven-metadata.xml in http://maven.inria.fr/artifactory/triskell-public-release was cached in the local repository, resolution will not be reattempted until the update interval of inria has elapsed or updates are forced
[DEBUG] Could not find metadata org.eclipse.platform:org.eclipse.osgi/maven-metadata.xml in local (/home/spirals/danglot/.m2/repository)
[DEBUG] Skipped remote request for org.eclipse.platform:org.eclipse.osgi/maven-metadata.xml, locally cached metadata up-to-date.
[DEBUG] Skipped remote request for org.eclipse.platform:org.eclipse.osgi/maven-metadata.xml, already updated during this session.
[DEBUG] Failure to find org.eclipse.platform:org.eclipse.osgi/maven-metadata.xml in https://stamp-project.github.io/stamp-maven-repository/ was cached in the local repository, resolution will not be reattempted until the update interval of stamp-maven-repository-mvn-repo has elapsed or updates are forced
[DEBUG] Failure to find org.eclipse.platform:org.eclipse.osgi/maven-metadata.xml in https://repo.gradle.org/gradle/libs-releases-local/ was cached in the local repository, resolution will not be reattempted until the update interval of gradle-repo has elapsed or updates are forced
[DEBUG] Failure to find org.eclipse.platform:org.eclipse.osgi/maven-metadata.xml in https://oss.sonatype.org/content/repositories/snapshots was cached in the local repository, resolution will not be reattempted until the update interval of sonatype-nexus-snapshots has elapsed or updates are forced
[DEBUG] Failure to find org.eclipse.platform:org.eclipse.osgi/maven-metadata.xml in http://maven.inria.fr/artifactory/spoon-public-snapshot was cached in the local repository, resolution will not be reattempted until the update interval of maven.inria.fr-snapshot has elapsed or updates are forced
[DEBUG] Failure to find org.eclipse.platform:org.eclipse.osgi/maven-metadata.xml in http://maven.inria.fr/artifactory/triskell-public-release was cached in the local repository, resolution will not be reattempted until the update interval of inria has elapsed or updates are forced
[DEBUG] Could not find metadata org.eclipse.platform:org.eclipse.equinox.common/maven-metadata.xml in local (/home/spirals/danglot/.m2/repository)
[DEBUG] Skipped remote request for org.eclipse.platform:org.eclipse.equinox.common/maven-metadata.xml, locally cached metadata up-to-date.
[DEBUG] Skipped remote request for org.eclipse.platform:org.eclipse.equinox.common/maven-metadata.xml, already updated during this session.
[DEBUG] Failure to find org.eclipse.platform:org.eclipse.equinox.common/maven-metadata.xml in https://stamp-project.github.io/stamp-maven-repository/ was cached in the local repository, resolution will not be reattempted until the update interval of stamp-maven-repository-mvn-repo has elapsed or updates are forced
[DEBUG] Failure to find org.eclipse.platform:org.eclipse.equinox.common/maven-metadata.xml in https://repo.gradle.org/gradle/libs-releases-local/ was cached in the local repository, resolution will not be reattempted until the update interval of gradle-repo has elapsed or updates are forced
[DEBUG] Failure to find org.eclipse.platform:org.eclipse.equinox.common/maven-metadata.xml in https://oss.sonatype.org/content/repositories/snapshots was cached in the local repository, resolution will not be reattempted until the update interval of sonatype-nexus-snapshots has elapsed or updates are forced
[DEBUG] Failure to find org.eclipse.platform:org.eclipse.equinox.common/maven-metadata.xml in http://maven.inria.fr/artifactory/spoon-public-snapshot was cached in the local repository, resolution will not be reattempted until the update interval of maven.inria.fr-snapshot has elapsed or updates are forced
[DEBUG] Failure to find org.eclipse.platform:org.eclipse.equinox.common/maven-metadata.xml in http://maven.inria.fr/artifactory/triskell-public-release was cached in the local repository, resolution will not be reattempted until the update interval of inria has elapsed or updates are forced
[DEBUG] Could not find metadata org.eclipse.platform:org.eclipse.core.jobs/maven-metadata.xml in local (/home/spirals/danglot/.m2/repository)
[DEBUG] Skipped remote request for org.eclipse.platform:org.eclipse.core.jobs/maven-metadata.xml, locally cached metadata up-to-date.
[DEBUG] Skipped remote request for org.eclipse.platform:org.eclipse.core.jobs/maven-metadata.xml, already updated during this session.
[DEBUG] Failure to find org.eclipse.platform:org.eclipse.core.jobs/maven-metadata.xml in https://stamp-project.github.io/stamp-maven-repository/ was cached in the local repository, resolution will not be reattempted until the update interval of stamp-maven-repository-mvn-repo has elapsed or updates are forced
[DEBUG] Failure to find org.eclipse.platform:org.eclipse.core.jobs/maven-metadata.xml in https://repo.gradle.org/gradle/libs-releases-local/ was cached in the local repository, resolution will not be reattempted until the update interval of gradle-repo has elapsed or updates are forced
[DEBUG] Failure to find org.eclipse.platform:org.eclipse.core.jobs/maven-metadata.xml in https://oss.sonatype.org/content/repositories/snapshots was cached in the local repository, resolution will not be reattempted until the update interval of sonatype-nexus-snapshots has elapsed or updates are forced
[DEBUG] Failure to find org.eclipse.platform:org.eclipse.core.jobs/maven-metadata.xml in http://maven.inria.fr/artifactory/spoon-public-snapshot was cached in the local repository, resolution will not be reattempted until the update interval of maven.inria.fr-snapshot has elapsed or updates are forced
[DEBUG] Failure to find org.eclipse.platform:org.eclipse.core.jobs/maven-metadata.xml in http://maven.inria.fr/artifactory/triskell-public-release was cached in the local repository, resolution will not be reattempted until the update interval of inria has elapsed or updates are forced
[DEBUG] Could not find metadata org.eclipse.platform:org.eclipse.equinox.preferences/maven-metadata.xml in local (/home/spirals/danglot/.m2/repository)
[DEBUG] Skipped remote request for org.eclipse.platform:org.eclipse.equinox.preferences/maven-metadata.xml, locally cached metadata up-to-date.
[DEBUG] Skipped remote request for org.eclipse.platform:org.eclipse.equinox.preferences/maven-metadata.xml, already updated during this session.
[DEBUG] Failure to find org.eclipse.platform:org.eclipse.equinox.preferences/maven-metadata.xml in https://stamp-project.github.io/stamp-maven-repository/ was cached in the local repository, resolution will not be reattempted until the update interval of stamp-maven-repository-mvn-repo has elapsed or updates are forced
[DEBUG] Failure to find org.eclipse.platform:org.eclipse.equinox.preferences/maven-metadata.xml in https://repo.gradle.org/gradle/libs-releases-local/ was cached in the local repository, resolution will not be reattempted until the update interval of gradle-repo has elapsed or updates are forced
[DEBUG] Failure to find org.eclipse.platform:org.eclipse.equinox.preferences/maven-metadata.xml in https://oss.sonatype.org/content/repositories/snapshots was cached in the local repository, resolution will not be reattempted until the update interval of sonatype-nexus-snapshots has elapsed or updates are forced
[DEBUG] Failure to find org.eclipse.platform:org.eclipse.equinox.preferences/maven-metadata.xml in http://maven.inria.fr/artifactory/spoon-public-snapshot was cached in the local repository, resolution will not be reattempted until the update interval of maven.inria.fr-snapshot has elapsed or updates are forced
[DEBUG] Failure to find org.eclipse.platform:org.eclipse.equinox.preferences/maven-metadata.xml in http://maven.inria.fr/artifactory/triskell-public-release was cached in the local repository, resolution will not be reattempted until the update interval of inria has elapsed or updates are forced
[DEBUG] Could not find metadata org.eclipse.platform:org.eclipse.core.contenttype/maven-metadata.xml in local (/home/spirals/danglot/.m2/repository)
[DEBUG] Skipped remote request for org.eclipse.platform:org.eclipse.core.contenttype/maven-metadata.xml, locally cached metadata up-to-date.
[DEBUG] Skipped remote request for org.eclipse.platform:org.eclipse.core.contenttype/maven-metadata.xml, already updated during this session.
[DEBUG] Failure to find org.eclipse.platform:org.eclipse.core.contenttype/maven-metadata.xml in https://stamp-project.github.io/stamp-maven-repository/ was cached in the local repository, resolution will not be reattempted until the update interval of stamp-maven-repository-mvn-repo has elapsed or updates are forced
[DEBUG] Failure to find org.eclipse.platform:org.eclipse.core.contenttype/maven-metadata.xml in https://repo.gradle.org/gradle/libs-releases-local/ was cached in the local repository, resolution will not be reattempted until the update interval of gradle-repo has elapsed or updates are forced
[DEBUG] Failure to find org.eclipse.platform:org.eclipse.core.contenttype/maven-metadata.xml in https://oss.sonatype.org/content/repositories/snapshots was cached in the local repository, resolution will not be reattempted until the update interval of sonatype-nexus-snapshots has elapsed or updates are forced
[DEBUG] Failure to find org.eclipse.platform:org.eclipse.core.contenttype/maven-metadata.xml in http://maven.inria.fr/artifactory/spoon-public-snapshot was cached in the local repository, resolution will not be reattempted until the update interval of maven.inria.fr-snapshot has elapsed or updates are forced
[DEBUG] Failure to find org.eclipse.platform:org.eclipse.core.contenttype/maven-metadata.xml in http://maven.inria.fr/artifactory/triskell-public-release was cached in the local repository, resolution will not be reattempted until the update interval of inria has elapsed or updates are forced
[DEBUG] Could not find metadata org.eclipse.platform:org.eclipse.equinox.app/maven-metadata.xml in local (/home/spirals/danglot/.m2/repository)
[DEBUG] Skipped remote request for org.eclipse.platform:org.eclipse.equinox.app/maven-metadata.xml, locally cached metadata up-to-date.
[DEBUG] Skipped remote request for org.eclipse.platform:org.eclipse.equinox.app/maven-metadata.xml, already updated during this session.
[DEBUG] Failure to find org.eclipse.platform:org.eclipse.equinox.app/maven-metadata.xml in https://stamp-project.github.io/stamp-maven-repository/ was cached in the local repository, resolution will not be reattempted until the update interval of stamp-maven-repository-mvn-repo has elapsed or updates are forced
[DEBUG] Failure to find org.eclipse.platform:org.eclipse.equinox.app/maven-metadata.xml in https://repo.gradle.org/gradle/libs-releases-local/ was cached in the local repository, resolution will not be reattempted until the update interval of gradle-repo has elapsed or updates are forced
[DEBUG] Failure to find org.eclipse.platform:org.eclipse.equinox.app/maven-metadata.xml in https://oss.sonatype.org/content/repositories/snapshots was cached in the local repository, resolution will not be reattempted until the update interval of sonatype-nexus-snapshots has elapsed or updates are forced
[DEBUG] Failure to find org.eclipse.platform:org.eclipse.equinox.app/maven-metadata.xml in http://maven.inria.fr/artifactory/spoon-public-snapshot was cached in the local repository, resolution will not be reattempted until the update interval of maven.inria.fr-snapshot has elapsed or updates are forced
[DEBUG] Failure to find org.eclipse.platform:org.eclipse.equinox.app/maven-metadata.xml in http://maven.inria.fr/artifactory/triskell-public-release was cached in the local repository, resolution will not be reattempted until the update interval of inria has elapsed or updates are forced
[DEBUG] Could not find metadata org.eclipse.platform:org.eclipse.core.filesystem/maven-metadata.xml in local (/home/spirals/danglot/.m2/repository)
[DEBUG] Skipped remote request for org.eclipse.platform:org.eclipse.core.filesystem/maven-metadata.xml, locally cached metadata up-to-date.
[DEBUG] Failure to find org.eclipse.platform:org.eclipse.core.filesystem/maven-metadata.xml in https://repo.gradle.org/gradle/libs-releases-local/ was cached in the local repository, resolution will not be reattempted until the update interval of gradle-repo has elapsed or updates are forced
[DEBUG] Failure to find org.eclipse.platform:org.eclipse.core.filesystem/maven-metadata.xml in https://oss.sonatype.org/content/repositories/snapshots was cached in the local repository, resolution will not be reattempted until the update interval of sonatype-nexus-snapshots has elapsed or updates are forced
[DEBUG] Failure to find org.eclipse.platform:org.eclipse.core.filesystem/maven-metadata.xml in http://maven.inria.fr/artifactory/spoon-public-snapshot was cached in the local repository, resolution will not be reattempted until the update interval of maven.inria.fr-snapshot has elapsed or updates are forced
[DEBUG] Failure to find org.eclipse.platform:org.eclipse.core.filesystem/maven-metadata.xml in http://maven.inria.fr/artifactory/triskell-public-release was cached in the local repository, resolution will not be reattempted until the update interval of inria has elapsed or updates are forced
[DEBUG] Using transporter WagonTransporter with priority -1.0 for https://stamp-project.github.io/stamp-maven-repository/
[DEBUG] Using connector BasicRepositoryConnector with priority 0.0 for https://stamp-project.github.io/stamp-maven-repository/
Downloading from stamp-maven-repository-mvn-repo: https://stamp-project.github.io/stamp-maven-repository/org/eclipse/platform/org.eclipse.core.filesystem/maven-metadata.xml
[DEBUG] Writing tracking file /home/spirals/danglot/.m2/repository/org/eclipse/platform/org.eclipse.core.filesystem/resolver-status.properties
[DEBUG] Could not find metadata org.eclipse.platform:org.eclipse.core.filesystem/maven-metadata.xml in stamp-maven-repository-mvn-repo (https://stamp-project.github.io/stamp-maven-repository/)
[DEBUG] Could not find metadata org.eclipse.platform:org.eclipse.osgi/maven-metadata.xml in local (/home/spirals/danglot/.m2/repository)
[DEBUG] Skipped remote request for org.eclipse.platform:org.eclipse.osgi/maven-metadata.xml, locally cached metadata up-to-date.
[DEBUG] Skipped remote request for org.eclipse.platform:org.eclipse.osgi/maven-metadata.xml, already updated during this session.
[DEBUG] Failure to find org.eclipse.platform:org.eclipse.osgi/maven-metadata.xml in https://stamp-project.github.io/stamp-maven-repository/ was cached in the local repository, resolution will not be reattempted until the update interval of stamp-maven-repository-mvn-repo has elapsed or updates are forced
[DEBUG] Failure to find org.eclipse.platform:org.eclipse.osgi/maven-metadata.xml in https://repo.gradle.org/gradle/libs-releases-local/ was cached in the local repository, resolution will not be reattempted until the update interval of gradle-repo has elapsed or updates are forced
[DEBUG] Failure to find org.eclipse.platform:org.eclipse.osgi/maven-metadata.xml in https://oss.sonatype.org/content/repositories/snapshots was cached in the local repository, resolution will not be reattempted until the update interval of sonatype-nexus-snapshots has elapsed or updates are forced
[DEBUG] Failure to find org.eclipse.platform:org.eclipse.osgi/maven-metadata.xml in http://maven.inria.fr/artifactory/spoon-public-snapshot was cached in the local repository, resolution will not be reattempted until the update interval of maven.inria.fr-snapshot has elapsed or updates are forced
[DEBUG] Failure to find org.eclipse.platform:org.eclipse.osgi/maven-metadata.xml in http://maven.inria.fr/artifactory/triskell-public-release was cached in the local repository, resolution will not be reattempted until the update interval of inria has elapsed or updates are forced
[DEBUG] Could not find metadata org.eclipse.platform:org.eclipse.core.runtime/maven-metadata.xml in local (/home/spirals/danglot/.m2/repository)
[DEBUG] Skipped remote request for org.eclipse.platform:org.eclipse.core.runtime/maven-metadata.xml, locally cached metadata up-to-date.
[DEBUG] Skipped remote request for org.eclipse.platform:org.eclipse.core.runtime/maven-metadata.xml, already updated during this session.
[DEBUG] Failure to find org.eclipse.platform:org.eclipse.core.runtime/maven-metadata.xml in https://stamp-project.github.io/stamp-maven-repository/ was cached in the local repository, resolution will not be reattempted until the update interval of stamp-maven-repository-mvn-repo has elapsed or updates are forced
[DEBUG] Failure to find org.eclipse.platform:org.eclipse.core.runtime/maven-metadata.xml in https://repo.gradle.org/gradle/libs-releases-local/ was cached in the local repository, resolution will not be reattempted until the update interval of gradle-repo has elapsed or updates are forced
[DEBUG] Failure to find org.eclipse.platform:org.eclipse.core.runtime/maven-metadata.xml in https://oss.sonatype.org/content/repositories/snapshots was cached in the local repository, resolution will not be reattempted until the update interval of sonatype-nexus-snapshots has elapsed or updates are forced
[DEBUG] Failure to find org.eclipse.platform:org.eclipse.core.runtime/maven-metadata.xml in http://maven.inria.fr/artifactory/spoon-public-snapshot was cached in the local repository, resolution will not be reattempted until the update interval of maven.inria.fr-snapshot has elapsed or updates are forced
[DEBUG] Failure to find org.eclipse.platform:org.eclipse.core.runtime/maven-metadata.xml in http://maven.inria.fr/artifactory/triskell-public-release was cached in the local repository, resolution will not be reattempted until the update interval of inria has elapsed or updates are forced
[DEBUG] Could not find metadata org.eclipse.platform:org.eclipse.core.runtime/maven-metadata.xml in local (/home/spirals/danglot/.m2/repository)
[DEBUG] Skipped remote request for org.eclipse.platform:org.eclipse.core.runtime/maven-metadata.xml, locally cached metadata up-to-date.
[DEBUG] Skipped remote request for org.eclipse.platform:org.eclipse.core.runtime/maven-metadata.xml, already updated during this session.
[DEBUG] Failure to find org.eclipse.platform:org.eclipse.core.runtime/maven-metadata.xml in https://stamp-project.github.io/stamp-maven-repository/ was cached in the local repository, resolution will not be reattempted until the update interval of stamp-maven-repository-mvn-repo has elapsed or updates are forced
[DEBUG] Failure to find org.eclipse.platform:org.eclipse.core.runtime/maven-metadata.xml in https://repo.gradle.org/gradle/libs-releases-local/ was cached in the local repository, resolution will not be reattempted until the update interval of gradle-repo has elapsed or updates are forced
[DEBUG] Failure to find org.eclipse.platform:org.eclipse.core.runtime/maven-metadata.xml in https://oss.sonatype.org/content/repositories/snapshots was cached in the local repository, resolution will not be reattempted until the update interval of sonatype-nexus-snapshots has elapsed or updates are forced
[DEBUG] Failure to find org.eclipse.platform:org.eclipse.core.runtime/maven-metadata.xml in http://maven.inria.fr/artifactory/spoon-public-snapshot was cached in the local repository, resolution will not be reattempted until the update interval of maven.inria.fr-snapshot has elapsed or updates are forced
[DEBUG] Failure to find org.eclipse.platform:org.eclipse.core.runtime/maven-metadata.xml in http://maven.inria.fr/artifactory/triskell-public-release was cached in the local repository, resolution will not be reattempted until the update interval of inria has elapsed or updates are forced
[DEBUG] Could not find metadata org.eclipse.platform:org.eclipse.core.filesystem/maven-metadata.xml in local (/home/spirals/danglot/.m2/repository)
[DEBUG] Skipped remote request for org.eclipse.platform:org.eclipse.core.filesystem/maven-metadata.xml, locally cached metadata up-to-date.
[DEBUG] Skipped remote request for org.eclipse.platform:org.eclipse.core.filesystem/maven-metadata.xml, already updated during this session.
[DEBUG] Failure to find org.eclipse.platform:org.eclipse.core.filesystem/maven-metadata.xml in https://stamp-project.github.io/stamp-maven-repository/ was cached in the local repository, resolution will not be reattempted until the update interval of stamp-maven-repository-mvn-repo has elapsed or updates are forced
[DEBUG] Failure to find org.eclipse.platform:org.eclipse.core.filesystem/maven-metadata.xml in https://repo.gradle.org/gradle/libs-releases-local/ was cached in the local repository, resolution will not be reattempted until the update interval of gradle-repo has elapsed or updates are forced
[DEBUG] Failure to find org.eclipse.platform:org.eclipse.core.filesystem/maven-metadata.xml in https://oss.sonatype.org/content/repositories/snapshots was cached in the local repository, resolution will not be reattempted until the update interval of sonatype-nexus-snapshots has elapsed or updates are forced
[DEBUG] Failure to find org.eclipse.platform:org.eclipse.core.filesystem/maven-metadata.xml in http://maven.inria.fr/artifactory/spoon-public-snapshot was cached in the local repository, resolution will not be reattempted until the update interval of maven.inria.fr-snapshot has elapsed or updates are forced
[DEBUG] Failure to find org.eclipse.platform:org.eclipse.core.filesystem/maven-metadata.xml in http://maven.inria.fr/artifactory/triskell-public-release was cached in the local repository, resolution will not be reattempted until the update interval of inria has elapsed or updates are forced
[DEBUG] Could not find metadata org.eclipse.platform:org.eclipse.text/maven-metadata.xml in local (/home/spirals/danglot/.m2/repository)
[DEBUG] Skipped remote request for org.eclipse.platform:org.eclipse.text/maven-metadata.xml, locally cached metadata up-to-date.
[DEBUG] Failure to find org.eclipse.platform:org.eclipse.text/maven-metadata.xml in https://repo.gradle.org/gradle/libs-releases-local/ was cached in the local repository, resolution will not be reattempted until the update interval of gradle-repo has elapsed or updates are forced
[DEBUG] Failure to find org.eclipse.platform:org.eclipse.text/maven-metadata.xml in https://oss.sonatype.org/content/repositories/snapshots was cached in the local repository, resolution will not be reattempted until the update interval of sonatype-nexus-snapshots has elapsed or updates are forced
[DEBUG] Failure to find org.eclipse.platform:org.eclipse.text/maven-metadata.xml in http://maven.inria.fr/artifactory/spoon-public-snapshot was cached in the local repository, resolution will not be reattempted until the update interval of maven.inria.fr-snapshot has elapsed or updates are forced
[DEBUG] Failure to find org.eclipse.platform:org.eclipse.text/maven-metadata.xml in http://maven.inria.fr/artifactory/triskell-public-release was cached in the local repository, resolution will not be reattempted until the update interval of inria has elapsed or updates are forced
[DEBUG] Using transporter WagonTransporter with priority -1.0 for https://stamp-project.github.io/stamp-maven-repository/
[DEBUG] Using connector BasicRepositoryConnector with priority 0.0 for https://stamp-project.github.io/stamp-maven-repository/
Downloading from stamp-maven-repository-mvn-repo: https://stamp-project.github.io/stamp-maven-repository/org/eclipse/platform/org.eclipse.text/maven-metadata.xml
[DEBUG] Writing tracking file /home/spirals/danglot/.m2/repository/org/eclipse/platform/org.eclipse.text/resolver-status.properties
[DEBUG] Could not find metadata org.eclipse.platform:org.eclipse.text/maven-metadata.xml in stamp-maven-repository-mvn-repo (https://stamp-project.github.io/stamp-maven-repository/)
[DEBUG] Could not find metadata org.eclipse.platform:org.eclipse.core.commands/maven-metadata.xml in local (/home/spirals/danglot/.m2/repository)
[DEBUG] Skipped remote request for org.eclipse.platform:org.eclipse.core.commands/maven-metadata.xml, locally cached metadata up-to-date.
[DEBUG] Failure to find org.eclipse.platform:org.eclipse.core.commands/maven-metadata.xml in https://repo.gradle.org/gradle/libs-releases-local/ was cached in the local repository, resolution will not be reattempted until the update interval of gradle-repo has elapsed or updates are forced
[DEBUG] Failure to find org.eclipse.platform:org.eclipse.core.commands/maven-metadata.xml in https://oss.sonatype.org/content/repositories/snapshots was cached in the local repository, resolution will not be reattempted until the update interval of sonatype-nexus-snapshots has elapsed or updates are forced
[DEBUG] Failure to find org.eclipse.platform:org.eclipse.core.commands/maven-metadata.xml in http://maven.inria.fr/artifactory/spoon-public-snapshot was cached in the local repository, resolution will not be reattempted until the update interval of maven.inria.fr-snapshot has elapsed or updates are forced
[DEBUG] Failure to find org.eclipse.platform:org.eclipse.core.commands/maven-metadata.xml in http://maven.inria.fr/artifactory/triskell-public-release was cached in the local repository, resolution will not be reattempted until the update interval of inria has elapsed or updates are forced
[DEBUG] Using transporter WagonTransporter with priority -1.0 for https://stamp-project.github.io/stamp-maven-repository/
[DEBUG] Using connector BasicRepositoryConnector with priority 0.0 for https://stamp-project.github.io/stamp-maven-repository/
Downloading from stamp-maven-repository-mvn-repo: https://stamp-project.github.io/stamp-maven-repository/org/eclipse/platform/org.eclipse.core.commands/maven-metadata.xml
[DEBUG] Writing tracking file /home/spirals/danglot/.m2/repository/org/eclipse/platform/org.eclipse.core.commands/resolver-status.properties
[DEBUG] Could not find metadata org.eclipse.platform:org.eclipse.core.commands/maven-metadata.xml in stamp-maven-repository-mvn-repo (https://stamp-project.github.io/stamp-maven-repository/)
[DEBUG] Could not find metadata org.eclipse.platform:org.eclipse.equinox.common/maven-metadata.xml in local (/home/spirals/danglot/.m2/repository)
[DEBUG] Skipped remote request for org.eclipse.platform:org.eclipse.equinox.common/maven-metadata.xml, locally cached metadata up-to-date.
[DEBUG] Skipped remote request for org.eclipse.platform:org.eclipse.equinox.common/maven-metadata.xml, already updated during this session.
[DEBUG] Failure to find org.eclipse.platform:org.eclipse.equinox.common/maven-metadata.xml in https://stamp-project.github.io/stamp-maven-repository/ was cached in the local repository, resolution will not be reattempted until the update interval of stamp-maven-repository-mvn-repo has elapsed or updates are forced
[DEBUG] Failure to find org.eclipse.platform:org.eclipse.equinox.common/maven-metadata.xml in https://repo.gradle.org/gradle/libs-releases-local/ was cached in the local repository, resolution will not be reattempted until the update interval of gradle-repo has elapsed or updates are forced
[DEBUG] Failure to find org.eclipse.platform:org.eclipse.equinox.common/maven-metadata.xml in https://oss.sonatype.org/content/repositories/snapshots was cached in the local repository, resolution will not be reattempted until the update interval of sonatype-nexus-snapshots has elapsed or updates are forced
[DEBUG] Failure to find org.eclipse.platform:org.eclipse.equinox.common/maven-metadata.xml in http://maven.inria.fr/artifactory/spoon-public-snapshot was cached in the local repository, resolution will not be reattempted until the update interval of maven.inria.fr-snapshot has elapsed or updates are forced
[DEBUG] Failure to find org.eclipse.platform:org.eclipse.equinox.common/maven-metadata.xml in http://maven.inria.fr/artifactory/triskell-public-release was cached in the local repository, resolution will not be reattempted until the update interval of inria has elapsed or updates are forced
[DEBUG] Could not find metadata org.eclipse.platform:org.eclipse.core.runtime/maven-metadata.xml in local (/home/spirals/danglot/.m2/repository)
[DEBUG] Skipped remote request for org.eclipse.platform:org.eclipse.core.runtime/maven-metadata.xml, locally cached metadata up-to-date.
[DEBUG] Skipped remote request for org.eclipse.platform:org.eclipse.core.runtime/maven-metadata.xml, already updated during this session.
[DEBUG] Failure to find org.eclipse.platform:org.eclipse.core.runtime/maven-metadata.xml in https://stamp-project.github.io/stamp-maven-repository/ was cached in the local repository, resolution will not be reattempted until the update interval of stamp-maven-repository-mvn-repo has elapsed or updates are forced
[DEBUG] Failure to find org.eclipse.platform:org.eclipse.core.runtime/maven-metadata.xml in https://repo.gradle.org/gradle/libs-releases-local/ was cached in the local repository, resolution will not be reattempted until the update interval of gradle-repo has elapsed or updates are forced
[DEBUG] Failure to find org.eclipse.platform:org.eclipse.core.runtime/maven-metadata.xml in https://oss.sonatype.org/content/repositories/snapshots was cached in the local repository, resolution will not be reattempted until the update interval of sonatype-nexus-snapshots has elapsed or updates are forced
[DEBUG] Failure to find org.eclipse.platform:org.eclipse.core.runtime/maven-metadata.xml in http://maven.inria.fr/artifactory/spoon-public-snapshot was cached in the local repository, resolution will not be reattempted until the update interval of maven.inria.fr-snapshot has elapsed or updates are forced
[DEBUG] Failure to find org.eclipse.platform:org.eclipse.core.runtime/maven-metadata.xml in http://maven.inria.fr/artifactory/triskell-public-release was cached in the local repository, resolution will not be reattempted until the update interval of inria has elapsed or updates are forced
[DEBUG] Dependency collection stats: {ConflictMarker.analyzeTime=3531355, ConflictMarker.markTime=1154165, ConflictMarker.nodeCount=672, ConflictIdSorter.graphTime=2410900, ConflictIdSorter.topsortTime=131078, ConflictIdSorter.conflictIdCount=98, ConflictIdSorter.conflictIdCycleCount=0, ConflictResolver.totalTime=12677862, ConflictResolver.conflictItemCount=307, DefaultDependencyCollector.collectTime=5085404257, DefaultDependencyCollector.transformTime=20077051}
[DEBUG] eu.stamp-project:dspot-maven:jar:1.1.1-SNAPSHOT:
[DEBUG]    eu.stamp-project:dspot:jar:1.1.1-SNAPSHOT:compile
[DEBUG]       fr.inria.gforge.spoon:spoon-core:jar:7.1.0-SNAPSHOT:compile
[DEBUG]          org.eclipse.jdt:org.eclipse.jdt.core:jar:3.13.102:compile
[DEBUG]             org.eclipse.platform:org.eclipse.core.resources:jar:3.13.100:compile
[DEBUG]                org.eclipse.platform:org.eclipse.core.expressions:jar:3.6.200:compile
[DEBUG]             org.eclipse.platform:org.eclipse.core.runtime:jar:3.15.0:compile
[DEBUG]                org.eclipse.platform:org.eclipse.osgi:jar:3.13.100:compile
[DEBUG]                org.eclipse.platform:org.eclipse.equinox.common:jar:3.10.100:compile
[DEBUG]                org.eclipse.platform:org.eclipse.core.jobs:jar:3.10.100:compile
[DEBUG]                org.eclipse.platform:org.eclipse.equinox.registry:jar:3.8.100:compile
[DEBUG]                org.eclipse.platform:org.eclipse.equinox.preferences:jar:3.7.200:compile
[DEBUG]                org.eclipse.platform:org.eclipse.core.contenttype:jar:3.7.100:compile
[DEBUG]                org.eclipse.platform:org.eclipse.equinox.app:jar:1.3.600:compile
[DEBUG]             org.eclipse.platform:org.eclipse.core.filesystem:jar:1.7.200:compile
[DEBUG]             org.eclipse.platform:org.eclipse.text:jar:3.7.0:compile
[DEBUG]                org.eclipse.platform:org.eclipse.core.commands:jar:3.9.200:compile
[DEBUG]          com.martiansoftware:jsap:jar:2.1:compile
[DEBUG]          log4j:log4j:jar:1.2.17:compile
[DEBUG]          com.fasterxml.jackson.core:jackson-databind:jar:2.9.2:compile
[DEBUG]             com.fasterxml.jackson.core:jackson-annotations:jar:2.9.0:compile
[DEBUG]             com.fasterxml.jackson.core:jackson-core:jar:2.9.2:compile
[DEBUG]          org.benf:cfr:jar:0.132.0:compile
[DEBUG]       junit:junit:jar:4.12:compile
[DEBUG]          org.hamcrest:hamcrest-core:jar:1.3:compile
[DEBUG]       com.google.code.gson:gson:jar:2.8.0:compile
[DEBUG]       org.apache.maven.shared:maven-invoker:jar:3.0.0:compile
[DEBUG]       org.slf4j:slf4j-api:jar:1.7.25:compile
[DEBUG]       org.slf4j:slf4j-log4j12:jar:1.7.25:compile
[DEBUG]       org.jacoco:org.jacoco.core:jar:0.7.9:compile
[DEBUG]          org.ow2.asm:asm-debug-all:jar:5.2:compile
[DEBUG]       eu.stamp-project:descartes:jar:1.1:compile
[DEBUG]          org.pitest:pitest:jar:1.2.0:compile
[DEBUG]          org.pitest:pitest-entry:jar:1.2.0:compile
[DEBUG]             com.thoughtworks.xstream:xstream:jar:1.4.8:compile
[DEBUG]                xmlpull:xmlpull:jar:1.1.3.1:compile
[DEBUG]                xpp3:xpp3_min:jar:1.1.4c:compile
[DEBUG]       org.gradle:gradle-tooling-api:jar:4.0.1:compile
[DEBUG]       org.mockito:mockito-core:jar:2.10.0:compile
[DEBUG]          net.bytebuddy:byte-buddy:jar:1.7.4:runtime
[DEBUG]          net.bytebuddy:byte-buddy-agent:jar:1.7.4:runtime
[DEBUG]          org.objenesis:objenesis:jar:2.6:runtime
[DEBUG]       eu.stamp-project:test-runner:jar:jar-with-dependencies:1.1.0:compile
[DEBUG]       org.openclover:clover:jar:4.2.1:compile
[DEBUG]       fr.inria.gforge.spoon.labs:gumtree-spoon-ast-diff:jar:1.3:compile
[DEBUG]          com.github.gumtreediff:core:jar:2.0.0:compile
[DEBUG]             com.github.mpkorstanje:simmetrics-core:jar:3.0.3:compile
[DEBUG]                commons-codec:commons-codec:jar:1.10:compile
[DEBUG]             net.sf.trove4j:trove4j:jar:3.0.3:compile
[DEBUG]    org.apache.maven:maven-plugin-api:jar:3.5.0:compile
[DEBUG]       org.apache.maven:maven-artifact:jar:3.5.0:compile
[DEBUG]       org.eclipse.sisu:org.eclipse.sisu.plexus:jar:0.3.3:compile
[DEBUG]          javax.enterprise:cdi-api:jar:1.0:compile
[DEBUG]             javax.annotation:jsr250-api:jar:1.0:compile
[DEBUG]          org.eclipse.sisu:org.eclipse.sisu.inject:jar:0.3.3:compile
[DEBUG]    org.apache.maven.plugin-testing:maven-plugin-testing-harness:jar:3.3.0:compile
[DEBUG]       commons-io:commons-io:jar:2.2:compile
[DEBUG]       org.codehaus.plexus:plexus-archiver:jar:2.2:compile
[DEBUG]          org.codehaus.plexus:plexus-io:jar:2.0.4:compile
[DEBUG]    org.apache.maven:maven-compat:jar:3.5.0:compile
[DEBUG]       org.apache.maven:maven-model-builder:jar:3.5.0:compile
[DEBUG]          org.apache.maven:maven-builder-support:jar:3.5.0:compile
[DEBUG]          com.google.guava:guava:jar:20.0:compile
[DEBUG]       org.apache.maven:maven-settings:jar:3.5.0:compile
[DEBUG]       org.apache.maven:maven-resolver-provider:jar:3.5.0:compile
[DEBUG]       org.apache.maven.resolver:maven-resolver-api:jar:1.0.3:compile
[DEBUG]       org.apache.maven.resolver:maven-resolver-util:jar:1.0.3:compile
[DEBUG]       org.apache.maven.resolver:maven-resolver-impl:jar:1.0.3:compile
[DEBUG]       org.codehaus.plexus:plexus-utils:jar:3.0.24:compile
[DEBUG]       org.codehaus.plexus:plexus-interpolation:jar:1.24:compile
[DEBUG]       org.codehaus.plexus:plexus-component-annotations:jar:1.7.1:compile
[DEBUG]       org.apache.maven.wagon:wagon-provider-api:jar:2.12:compile
[DEBUG]    org.apache.maven:maven-core:jar:3.5.0:compile
[DEBUG]       org.apache.maven:maven-settings-builder:jar:3.5.0:compile
[DEBUG]       org.apache.maven:maven-repository-metadata:jar:3.5.0:compile
[DEBUG]       org.apache.maven.resolver:maven-resolver-spi:jar:1.0.3:compile
[DEBUG]       org.apache.maven.shared:maven-shared-utils:jar:3.1.0:compile
[DEBUG]       com.google.inject:guice:jar:no_aop:4.0:compile
[DEBUG]          javax.inject:javax.inject:jar:1:compile
[DEBUG]          aopalliance:aopalliance:jar:1.0:compile
[DEBUG]       org.codehaus.plexus:plexus-classworlds:jar:2.5.2:compile
[DEBUG]       org.sonatype.plexus:plexus-sec-dispatcher:jar:1.4:compile
[DEBUG]          org.sonatype.plexus:plexus-cipher:jar:1.4:compile
[DEBUG]       org.apache.commons:commons-lang3:jar:3.5:compile
[DEBUG]    org.apache.maven:maven-model:jar:3.5.0:compile
[DEBUG]    org.apache.maven:maven-aether-provider:jar:3.3.9:compile
[DEBUG]       org.eclipse.aether:aether-api:jar:1.0.2.v20150114:compile
[DEBUG]       org.eclipse.aether:aether-spi:jar:1.0.2.v20150114:compile
[DEBUG]       org.eclipse.aether:aether-util:jar:1.0.2.v20150114:compile
[DEBUG]       org.eclipse.aether:aether-impl:jar:1.0.2.v20150114:compile
[DEBUG]    org.apache.maven:maven-project:jar:2.2.1:compile
[DEBUG]       org.apache.maven:maven-profile:jar:2.2.1:compile
[DEBUG]       org.apache.maven:maven-artifact-manager:jar:2.2.1:compile
[DEBUG]          backport-util-concurrent:backport-util-concurrent:jar:3.1:compile
[DEBUG]       org.apache.maven:maven-plugin-registry:jar:2.2.1:compile
[DEBUG]       org.codehaus.plexus:plexus-container-default:jar:1.0-alpha-9-stable-1:compile
[DEBUG]          classworlds:classworlds:jar:1.1-alpha-2:compile
[DEBUG] Created new class realm plugin>eu.stamp-project:dspot-maven:1.1.1-SNAPSHOT
[DEBUG] Importing foreign packages into class realm plugin>eu.stamp-project:dspot-maven:1.1.1-SNAPSHOT
[DEBUG]   Imported:  < maven.api
[DEBUG] Populating class realm plugin>eu.stamp-project:dspot-maven:1.1.1-SNAPSHOT
[DEBUG]   Included: eu.stamp-project:dspot-maven:jar:1.1.1-SNAPSHOT
[DEBUG]   Included: eu.stamp-project:dspot:jar:1.1.1-SNAPSHOT
[DEBUG]   Included: fr.inria.gforge.spoon:spoon-core:jar:7.1.0-SNAPSHOT
[DEBUG]   Included: org.eclipse.jdt:org.eclipse.jdt.core:jar:3.13.102
[DEBUG]   Included: org.eclipse.platform:org.eclipse.core.resources:jar:3.13.100
[DEBUG]   Included: org.eclipse.platform:org.eclipse.core.expressions:jar:3.6.200
[DEBUG]   Included: org.eclipse.platform:org.eclipse.core.runtime:jar:3.15.0
[DEBUG]   Included: org.eclipse.platform:org.eclipse.osgi:jar:3.13.100
[DEBUG]   Included: org.eclipse.platform:org.eclipse.equinox.common:jar:3.10.100
[DEBUG]   Included: org.eclipse.platform:org.eclipse.core.jobs:jar:3.10.100
[DEBUG]   Included: org.eclipse.platform:org.eclipse.equinox.registry:jar:3.8.100
[DEBUG]   Included: org.eclipse.platform:org.eclipse.equinox.preferences:jar:3.7.200
[DEBUG]   Included: org.eclipse.platform:org.eclipse.core.contenttype:jar:3.7.100
[DEBUG]   Included: org.eclipse.platform:org.eclipse.equinox.app:jar:1.3.600
[DEBUG]   Included: org.eclipse.platform:org.eclipse.core.filesystem:jar:1.7.200
[DEBUG]   Included: org.eclipse.platform:org.eclipse.text:jar:3.7.0
[DEBUG]   Included: org.eclipse.platform:org.eclipse.core.commands:jar:3.9.200
[DEBUG]   Included: com.martiansoftware:jsap:jar:2.1
[DEBUG]   Included: log4j:log4j:jar:1.2.17
[DEBUG]   Included: com.fasterxml.jackson.core:jackson-databind:jar:2.9.2
[DEBUG]   Included: com.fasterxml.jackson.core:jackson-annotations:jar:2.9.0
[DEBUG]   Included: com.fasterxml.jackson.core:jackson-core:jar:2.9.2
[DEBUG]   Included: org.benf:cfr:jar:0.132.0
[DEBUG]   Included: junit:junit:jar:4.12
[DEBUG]   Included: org.hamcrest:hamcrest-core:jar:1.3
[DEBUG]   Included: com.google.code.gson:gson:jar:2.8.0
[DEBUG]   Included: org.apache.maven.shared:maven-invoker:jar:3.0.0
[DEBUG]   Included: org.slf4j:slf4j-log4j12:jar:1.7.25
[DEBUG]   Included: org.jacoco:org.jacoco.core:jar:0.7.9
[DEBUG]   Included: org.ow2.asm:asm-debug-all:jar:5.2
[DEBUG]   Included: eu.stamp-project:descartes:jar:1.1
[DEBUG]   Included: org.pitest:pitest:jar:1.2.0
[DEBUG]   Included: org.pitest:pitest-entry:jar:1.2.0
[DEBUG]   Included: com.thoughtworks.xstream:xstream:jar:1.4.8
[DEBUG]   Included: xmlpull:xmlpull:jar:1.1.3.1
[DEBUG]   Included: xpp3:xpp3_min:jar:1.1.4c
[DEBUG]   Included: org.gradle:gradle-tooling-api:jar:4.0.1
[DEBUG]   Included: org.mockito:mockito-core:jar:2.10.0
[DEBUG]   Included: net.bytebuddy:byte-buddy:jar:1.7.4
[DEBUG]   Included: net.bytebuddy:byte-buddy-agent:jar:1.7.4
[DEBUG]   Included: org.objenesis:objenesis:jar:2.6
[DEBUG]   Included: eu.stamp-project:test-runner:jar:jar-with-dependencies:1.1.0
[DEBUG]   Included: org.openclover:clover:jar:4.2.1
[DEBUG]   Included: fr.inria.gforge.spoon.labs:gumtree-spoon-ast-diff:jar:1.3
[DEBUG]   Included: com.github.gumtreediff:core:jar:2.0.0
[DEBUG]   Included: com.github.mpkorstanje:simmetrics-core:jar:3.0.3
[DEBUG]   Included: commons-codec:commons-codec:jar:1.10
[DEBUG]   Included: net.sf.trove4j:trove4j:jar:3.0.3
[DEBUG]   Included: javax.enterprise:cdi-api:jar:1.0
[DEBUG]   Included: org.eclipse.sisu:org.eclipse.sisu.inject:jar:0.3.3
[DEBUG]   Included: org.apache.maven.plugin-testing:maven-plugin-testing-harness:jar:3.3.0
[DEBUG]   Included: commons-io:commons-io:jar:2.2
[DEBUG]   Included: org.codehaus.plexus:plexus-archiver:jar:2.2
[DEBUG]   Included: org.codehaus.plexus:plexus-io:jar:2.0.4
[DEBUG]   Included: org.apache.maven:maven-builder-support:jar:3.5.0
[DEBUG]   Included: com.google.guava:guava:jar:20.0
[DEBUG]   Included: org.apache.maven.resolver:maven-resolver-util:jar:1.0.3
[DEBUG]   Included: org.codehaus.plexus:plexus-utils:jar:3.0.24
[DEBUG]   Included: org.codehaus.plexus:plexus-interpolation:jar:1.24
[DEBUG]   Included: org.codehaus.plexus:plexus-component-annotations:jar:1.7.1
[DEBUG]   Included: org.apache.maven.shared:maven-shared-utils:jar:3.1.0
[DEBUG]   Included: com.google.inject:guice:jar:no_aop:4.0
[DEBUG]   Included: aopalliance:aopalliance:jar:1.0
[DEBUG]   Included: org.sonatype.plexus:plexus-sec-dispatcher:jar:1.4
[DEBUG]   Included: org.sonatype.plexus:plexus-cipher:jar:1.4
[DEBUG]   Included: org.apache.commons:commons-lang3:jar:3.5
[DEBUG]   Included: org.eclipse.aether:aether-util:jar:1.0.2.v20150114
[DEBUG]   Included: backport-util-concurrent:backport-util-concurrent:jar:3.1
[DEBUG] Configuring mojo eu.stamp-project:dspot-maven:1.1.1-SNAPSHOT:amplify-unit-tests from plugin realm ClassRealm[plugin>eu.stamp-project:dspot-maven:1.1.1-SNAPSHOT, parent: sun.misc.Launcher$AppClassLoader@55f96302]
[DEBUG] Configuring mojo 'eu.stamp-project:dspot-maven:1.1.1-SNAPSHOT:amplify-unit-tests' with basic configurator -->
[DEBUG]   (f) amplifiers = [TestDataMutator, MethodAdd, MethodRemove, MethodGeneratorAmplifier, ReturnValueAmplifier, NullifierAmplifier]
[DEBUG]   (f) automaticBuilder = MavenBuilder
[DEBUG]   (f) budgetizer = SimpleBudgetizer
[DEBUG]   (f) cases = []
[DEBUG]   (f) clean = true
[DEBUG]   (f) descartes = false
[DEBUG]   (f) example = false
[DEBUG]   (f) generateNewTestClass = true
[DEBUG]   (f) help = false
[DEBUG]   (f) iteration = 3
[DEBUG]   (f) maxTestAmplified = 200
[DEBUG]   (f) noMinimize = false
[DEBUG]   (f) outputPath = /tmp/icst-2019/september-2018/result/joda-time/commit_9_67e9e5c/input_amplification
[DEBUG]   (f) pathToSecondVersion = /tmp/icst-2019/september-2018/dataset/joda-time
[DEBUG]   (f) pathToTestListCsv = /tmp/icst-2019/september-2018/result/joda-time/commit_9_67e9e5c/testsThatExecuteTheChanges.csv
[DEBUG]   (f) project = MavenProject: joda-time:joda-time:2.9.8-SNAPSHOT @ /tmp/icst-2019/september-2018/dataset/joda-time_parent/pom.xml
[DEBUG]   (f) randomSeed = 23
[DEBUG]   (f) test = [all]
[DEBUG]   (f) testCriterion = ChangeDetectorSelector
[DEBUG]   (f) timeOut = 10000
[DEBUG]   (f) useMavenToExeTest = false
[DEBUG]   (f) verbose = true
[DEBUG]   (f) withComment = false
[DEBUG]   (f) workingDirectory = false
[DEBUG] -- end configuration --
[INFO] Path to runner Classes: /home/spirals/danglot/.m2/repository/eu/stamp-project/test-runner/1.1.0/test-runner-1.1.0-jar-with-dependencies.jar
[INFO] /home/spirals/danglot/.m2/repository/org/jacoco/org.jacoco.core/0.7.9/org.jacoco.core-0.7.9.jar
[INFO] /home/spirals/danglot/.m2/repository/org/ow2/asm/asm-debug-all/5.2/asm-debug-all-5.2.jar
[INFO] /home/spirals/danglot/.m2/repository/eu/stamp-project/test-runner/1.1.0/test-runner-1.1.0-jar-with-dependencies.jar
[WARNING] automaticBuilderName: unknown automatic builder specified in configuration, going to default.
[INFO] Default: provided Maven automatic builder.
[INFO] Using /home/spirals/danglot/apache-maven-3.5.4 for maven home
[INFO] run maven: {}/bin/mvn /home/spirals/danglot/apache-maven-3.5.4
[WARN] Maven will be executed in interactive mode, but no input stream has been configured for this MavenInvoker instance.
[INFO] Scanning for projects...
[WARNING] The project joda-time:joda-time:jar:2.9.8-SNAPSHOT uses prerequisites which is only intended for maven-plugin projects but not for non maven-plugin projects. For such purposes you should use the maven-enforcer-plugin. See https://maven.apache.org/enforcer/enforcer-rules/requireMavenVersion.html
[INFO] 
[INFO] ------------------------< joda-time:joda-time >-------------------------
[INFO] Building Joda-Time 2.9.8-SNAPSHOT
[INFO] --------------------------------[ jar ]---------------------------------
[INFO] 
[INFO] --- maven-clean-plugin:2.6.1:clean (default-clean) @ joda-time ---
[INFO] Deleting /tmp/icst-2019/september-2018/dataset/joda-time_parent/target
[INFO] 
[INFO] --- maven-resources-plugin:2.7:resources (default-resources) @ joda-time ---
[INFO] Using 'UTF-8' encoding to copy filtered resources.
[INFO] Copying 2 resources to META-INF
[INFO] Copying 15 resources
[INFO] 
[INFO] --- maven-compiler-plugin:3.3:compile (default-compile) @ joda-time ---
[INFO] Changes detected - recompiling the module!
[INFO] Compiling 166 source files to /tmp/icst-2019/september-2018/dataset/joda-time_parent/target/classes
[INFO] 
[INFO] --- exec-maven-plugin:1.4.0:java (compile-tzdb) @ joda-time ---
Writing zoneinfo files
Writing ZoneInfoMap
[INFO] 
[INFO] --- maven-resources-plugin:2.7:testResources (default-testResources) @ joda-time ---
[INFO] Using 'UTF-8' encoding to copy filtered resources.
[INFO] Copying 35 resources
[INFO] 
[INFO] --- maven-compiler-plugin:3.3:testCompile (default-testCompile) @ joda-time ---
[INFO] Changes detected - recompiling the module!
[INFO] Compiling 158 source files to /tmp/icst-2019/september-2018/dataset/joda-time_parent/target/test-classes
[INFO] 
[INFO] --- maven-surefire-plugin:2.18.1:test (default-test) @ joda-time ---
[INFO] Tests are skipped.
[INFO] 
[INFO] --- maven-dependency-plugin:2.10:build-classpath (default-cli) @ joda-time ---
[INFO] Wrote classpath file '/tmp/icst-2019/september-2018/dataset/joda-time_parent/target/dspot/classpath'.
[INFO] ------------------------------------------------------------------------
[INFO] BUILD SUCCESS
[INFO] ------------------------------------------------------------------------
[INFO] Total time: 15.695 s
[INFO] Finished at: 2018-09-29T04:59:23+02:00
[INFO] ------------------------------------------------------------------------
[INFO] Using /home/spirals/danglot/apache-maven-3.5.4 for maven home
[INFO] run maven: {}/bin/mvn /home/spirals/danglot/apache-maven-3.5.4
[WARN] Maven will be executed in interactive mode, but no input stream has been configured for this MavenInvoker instance.
[INFO] Scanning for projects...
[WARNING] The project joda-time:joda-time:jar:2.9.8-SNAPSHOT uses prerequisites which is only intended for maven-plugin projects but not for non maven-plugin projects. For such purposes you should use the maven-enforcer-plugin. See https://maven.apache.org/enforcer/enforcer-rules/requireMavenVersion.html
[INFO] 
[INFO] ------------------------< joda-time:joda-time >-------------------------
[INFO] Building Joda-Time 2.9.8-SNAPSHOT
[INFO] --------------------------------[ jar ]---------------------------------
[INFO] 
[INFO] --- maven-clean-plugin:2.6.1:clean (default-clean) @ joda-time ---
[INFO] Deleting /tmp/icst-2019/september-2018/dataset/joda-time/target
[INFO] 
[INFO] --- maven-resources-plugin:2.7:resources (default-resources) @ joda-time ---
[INFO] Using 'UTF-8' encoding to copy filtered resources.
[INFO] Copying 2 resources to META-INF
[INFO] Copying 15 resources
[INFO] 
[INFO] --- maven-compiler-plugin:3.3:compile (default-compile) @ joda-time ---
[INFO] Changes detected - recompiling the module!
[INFO] Compiling 166 source files to /tmp/icst-2019/september-2018/dataset/joda-time/target/classes
[INFO] 
[INFO] --- exec-maven-plugin:1.4.0:java (compile-tzdb) @ joda-time ---
Writing zoneinfo files
Writing ZoneInfoMap
[INFO] 
[INFO] --- maven-resources-plugin:2.7:testResources (default-testResources) @ joda-time ---
[INFO] Using 'UTF-8' encoding to copy filtered resources.
[INFO] Copying 35 resources
[INFO] 
[INFO] --- maven-compiler-plugin:3.3:testCompile (default-testCompile) @ joda-time ---
[INFO] Changes detected - recompiling the module!
[INFO] Compiling 158 source files to /tmp/icst-2019/september-2018/dataset/joda-time/target/test-classes
[INFO] 
[INFO] --- maven-surefire-plugin:2.18.1:test (default-test) @ joda-time ---
[INFO] Tests are skipped.
[INFO] 
[INFO] --- maven-dependency-plugin:2.10:build-classpath (default-cli) @ joda-time ---
[INFO] Wrote classpath file '/tmp/icst-2019/september-2018/dataset/joda-time/target/dspot/classpath'.
[INFO] ------------------------------------------------------------------------
[INFO] BUILD SUCCESS
[INFO] ------------------------------------------------------------------------
[INFO] Total time: 15.514 s
[INFO] Finished at: 2018-09-29T04:59:49+02:00
[INFO] ------------------------------------------------------------------------
[INFO] Amplification of org.joda.time.TestYearMonthDay_Properties (23 test(s))
[INFO] Assertion amplification of org.joda.time.TestYearMonthDay_Properties (23 test(s))
[ERROR] Error(s) during compilation:
[ERROR] Pb(130) The constructor Object(String) is undefined
[ERROR] Error(s) during compilation:
[ERROR] Pb(130) The constructor Object(String) is undefined
[ERROR] Error(s) during compilation:
[ERROR] Pb(130) The constructor Object(String) is undefined
[ERROR] Error(s) during compilation:
[ERROR] Pb(130) The constructor Object(String) is undefined
[WARNING] Trying three time to compile with no success. Give up.
[INFO] Run: java -classpath /tmp/icst-2019/september-2018/dataset/joda-time_parent/target/test-classes:/tmp/icst-2019/september-2018/dataset/joda-time_parent/target/classes/:/home/spirals/danglot/.m2/repository/junit/junit/4.12/junit-4.12.jar:/home/spirals/danglot/.m2/repository/org/joda/joda-convert/1.2/joda-convert-1.2.jar:/home/spirals/danglot/.m2/repository/junit/junit/3.8.2/junit-3.8.2.jar:/tmp/icst-2019/september-2018/dataset/joda-time_parent/target/dspot/dependencies/:/home/spirals/danglot/.m2/repository/eu/stamp-project/test-runner/1.1.0/test-runner-1.1.0-jar-with-dependencies.jar eu.stamp_project.testrunner.runner.test.TestRunner org.joda.time.TestYearMonthDay_Properties testPropertyAddMonth:testPropertyAddDay:testPropertyAddMonth:testPropertyWithMinimumValueDayOfMonth:testPropertyGetYear:testPropertyEqualsHashCodeLenient:testPropertySetYear:testPropertySetTextYear:testPropertyAddWrapFieldYear:testPropertyAddYear:testPropertyWithMaximumValueDayOfMonth:testPropertyEqualsHashCodeStrict:testPropertyWithMinimumValueDayOfMonth:testPropertyGetYear:testPropertyEqualsHashCodeLenient:testPropertyWithMaximumValueDayOfMonth:testPropertyEqualsHashCodeStrict:testPropertyGetYear:testPropertySetTextYear:testPropertySetYear:testPropertyAddWrapFieldYear:testPropertyAddYear:testPropertyEqualsHashCodeLenient
File saved to the following path: /tmp/icst-2019/september-2018/dataset/joda-time_parent/target/dspot/TestListener.ser
Loading /tmp/icst-2019/september-2018/dataset/joda-time_parent/target/dspot/TestListener.ser
[INFO] Test has been run: initializationError(org.junit.runner.manipulation.Filter): No tests found matching Filter test methods according their simple name: [testPropertyAddMonth, testPropertyAddDay, testPropertyAddMonth, testPropertyWithMinimumValueDayOfMonth, testPropertyGetYear, testPropertyEqualsHashCodeLenient, testPropertySetYear, testPropertySetTextYear, testPropertyAddWrapFieldYear, testPropertyAddYear, testPropertyWithMaximumValueDayOfMonth, testPropertyEqualsHashCodeStrict, testPropertyWithMinimumValueDayOfMonth, testPropertyGetYear, testPropertyEqualsHashCodeLenient, testPropertyWithMaximumValueDayOfMonth, testPropertyEqualsHashCodeStrict, testPropertyGetYear, testPropertySetTextYear, testPropertySetYear, testPropertyAddWrapFieldYear, testPropertyAddYear, testPropertyEqualsHashCodeLenient] from org.junit.internal.requests.ClassRequest@2d8e6db6
[INFO] 0 amplified test methods has been selected to be kept. (global: 0)
[INFO] Applying Input-amplification and Assertion-amplification test by test.
[INFO] Amplification of testPropertyAddMonth, (1/23)
[INFO] iteration 0 / 3
[INFO] 1 tests selected to be amplified over 1 available tests
[INFO] Amplification of inputs...
100% |================================================== ]/
[INFO] 149 new tests generated
[INFO] Run tests. (149)
[ERROR] Error(s) during compilation:
[ERROR] Pb(130) The constructor Object(String) is undefined
[ERROR] Error(s) during compilation:
[ERROR] Pb(130) The constructor Object(String) is undefined
[ERROR] Error(s) during compilation:
[ERROR] Pb(130) The constructor Object(String) is undefined
[ERROR] Error(s) during compilation:
[ERROR] Pb(130) The constructor Object(String) is undefined
[WARNING] Trying three time to compile with no success. Give up.
[INFO] Run: java -classpath /tmp/icst-2019/september-2018/dataset/joda-time_parent/target/test-classes:/tmp/icst-2019/september-2018/dataset/joda-time_parent/target/classes/:/home/spirals/danglot/.m2/repository/junit/junit/4.12/junit-4.12.jar:/home/spirals/danglot/.m2/repository/org/joda/joda-convert/1.2/joda-convert-1.2.jar:/home/spirals/danglot/.m2/repository/junit/junit/3.8.2/junit-3.8.2.jar:/tmp/icst-2019/september-2018/dataset/joda-time_parent/target/dspot/dependencies/:/home/spirals/danglot/.m2/repository/eu/stamp-project/test-runner/1.1.0/test-runner-1.1.0-jar-with-dependencies.jar eu.stamp_project.testrunner.runner.test.TestRunner org.joda.time.TestYearMonthDay_Properties testPropertyAddMonth_literalMutationNumber1:testPropertyAddMonth_literalMutationNumber2:testPropertyAddMonth_literalMutationNumber3:testPropertyAddMonth_literalMutationNumber4:testPropertyAddMonth_literalMutationNumber5:testPropertyAddMonth_literalMutationNumber6:testPropertyAddMonth_literalMutationNumber7:testPropertyAddMonth_literalMutationNumber8:testPropertyAddMonth_literalMutationNumber9:testPropertyAddMonth_literalMutationNumber10:testPropertyAddMonth_literalMutationNumber11:testPropertyAddMonth_literalMutationNumber12:testPropertyAddMonth_literalMutationNumber13:testPropertyAddMonth_literalMutationNumber14:testPropertyAddMonth_literalMutationNumber15:testPropertyAddMonth_literalMutationNumber16:testPropertyAddMonth_literalMutationNumber17:testPropertyAddMonth_literalMutationNumber18:testPropertyAddMonth_literalMutationNumber19:testPropertyAddMonth_literalMutationNumber20:testPropertyAddMonth_literalMutationNumber21:testPropertyAddMonth_literalMutationNumber22:testPropertyAddMonth_literalMutationNumber23:testPropertyAddMonth_literalMutationNumber24:testPropertyAddMonth_literalMutationNumber25:testPropertyAddMonth_literalMutationNumber26:testPropertyAddMonth_literalMutationNumber27:testPropertyAddMonth_literalMutationNumber28:testPropertyAddMonth_literalMutationNumber29:testPropertyAddMonth_literalMutationNumber30:testPropertyAddMonth_literalMutationNumber31:testPropertyAddMonth_literalMutationNumber32:testPropertyAddMonth_literalMutationNumber33:testPropertyAddMonth_literalMutationNumber34:testPropertyAddMonth_literalMutationNumber35:testPropertyAddMonth_literalMutationNumber36:testPropertyAddMonth_literalMutationNumber37:testPropertyAddMonth_literalMutationNumber38:testPropertyAddMonth_literalMutationNumber39:testPropertyAddMonth_literalMutationNumber40:testPropertyAddMonth_literalMutationNumber41:testPropertyAddMonth_literalMutationNumber42:testPropertyAddMonth_literalMutationNumber43:testPropertyAddMonth_literalMutationNumber44:testPropertyAddMonth_literalMutationNumber45:testPropertyAddMonth_literalMutationNumber46:testPropertyAddMonth_literalMutationNumber47:testPropertyAddMonth_literalMutationNumber48:testPropertyAddMonth_literalMutationNumber49:testPropertyAddMonth_literalMutationNumber50:testPropertyAddMonth_literalMutationNumber51:testPropertyAddMonth_literalMutationNumber52:testPropertyAddMonth_literalMutationNumber53:testPropertyAddMonth_literalMutationNumber54:testPropertyAddMonth_literalMutationNumber55:testPropertyAddMonth_literalMutationNumber56:testPropertyAddMonth_literalMutationNumber57:testPropertyAddMonth_literalMutationNumber58:testPropertyAddMonth_literalMutationNumber59:testPropertyAddMonth_literalMutationNumber60:testPropertyAddMonth_literalMutationNumber61:testPropertyAddMonth_literalMutationNumber62:testPropertyAddMonth_literalMutationNumber63:testPropertyAddMonth_literalMutationNumber64:testPropertyAddMonth_literalMutationNumber65:testPropertyAddMonth_literalMutationNumber66:testPropertyAddMonth_literalMutationNumber67:testPropertyAddMonth_literalMutationNumber68:testPropertyAddMonth_literalMutationNumber69:testPropertyAddMonth_literalMutationNumber70:testPropertyAddMonth_literalMutationNumber71:testPropertyAddMonth_literalMutationNumber72:testPropertyAddMonth_literalMutationNumber73:testPropertyAddMonth_literalMutationNumber74:testPropertyAddMonth_literalMutationNumber75:testPropertyAddMonth_literalMutationNumber76:testPropertyAddMonth_literalMutationNumber77:testPropertyAddMonth_literalMutationNumber78:testPropertyAddMonth_literalMutationNumber79:testPropertyAddMonth_literalMutationNumber80:testPropertyAddMonth_literalMutationNumber81:testPropertyAddMonth_literalMutationNumber82:testPropertyAddMonth_literalMutationNumber83:testPropertyAddMonth_literalMutationNumber84:testPropertyAddMonth_literalMutationNumber85:testPropertyAddMonth_literalMutationNumber86:testPropertyAddMonth_literalMutationNumber87:testPropertyAddMonth_literalMutationNumber88:testPropertyAddMonth_literalMutationNumber89:testPropertyAddMonth_literalMutationNumber90:testPropertyAddMonth_literalMutationNumber91:testPropertyAddMonth_literalMutationNumber92:testPropertyAddMonth_literalMutationNumber93:testPropertyAddMonth_add94:testPropertyAddMonth_add95:testPropertyAddMonth_add96:testPropertyAddMonth_add97:testPropertyAddMonth_add98:testPropertyAddMonth_add99:testPropertyAddMonth_add100:testPropertyAddMonth_add101:testPropertyAddMonth_add102:testPropertyAddMonth_add103:testPropertyAddMonth_add104:testPropertyAddMonth_add105:testPropertyAddMonth_add106:testPropertyAddMonth_add107:testPropertyAddMonth_add108:testPropertyAddMonth_add109:testPropertyAddMonth_mg110:testPropertyAddMonth_mg111:testPropertyAddMonth_mg112:testPropertyAddMonth_mg113:testPropertyAddMonth_mg114:testPropertyAddMonth_mg115:testPropertyAddMonth_mg116:testPropertyAddMonth_mg117:testPropertyAddMonth_mg118:testPropertyAddMonth_mg119:testPropertyAddMonth_mg120:testPropertyAddMonth_mg121:testPropertyAddMonth_mg122:testPropertyAddMonth_mg123:testPropertyAddMonth_mg124:testPropertyAddMonth_mg125:testPropertyAddMonth_mg126:testPropertyAddMonth_mg127:testPropertyAddMonth_mg128:testPropertyAddMonth_mg129:testPropertyAddMonth_mg130:testPropertyAddMonth_mg131:testPropertyAddMonth_mg132:testPropertyAddMonth_mg133:testPropertyAddMonth_mg134:testPropertyAddMonth_mg135:testPropertyAddMonth_mg136:testPropertyAddMonth_mg137:testPropertyAddMonth_mg138:testPropertyAddMonth_mg139:testPropertyAddMonth_mg140:testPropertyAddMonth_mg141:testPropertyAddMonth_mg142:testPropertyAddMonth_mg143:testPropertyAddMonth_mg144:testPropertyAddMonth_mg145:testPropertyAddMonth_mg146:testPropertyAddMonth_mg147:testPropertyAddMonth_mg148:testPropertyAddMonth_mg149
File saved to the following path: /tmp/icst-2019/september-2018/dataset/joda-time_parent/target/dspot/TestListener.ser
Loading /tmp/icst-2019/september-2018/dataset/joda-time_parent/target/dspot/TestListener.ser
[INFO] Test has been run: initializationError(org.junit.runner.manipulation.Filter): No tests found matching Filter test methods according their simple name: [testPropertyAddMonth_literalMutationNumber1, testPropertyAddMonth_literalMutationNumber2, testPropertyAddMonth_literalMutationNumber3, testPropertyAddMonth_literalMutationNumber4, testPropertyAddMonth_literalMutationNumber5, testPropertyAddMonth_literalMutationNumber6, testPropertyAddMonth_literalMutationNumber7, testPropertyAddMonth_literalMutationNumber8, testPropertyAddMonth_literalMutationNumber9, testPropertyAddMonth_literalMutationNumber10, testPropertyAddMonth_literalMutationNumber11, testPropertyAddMonth_literalMutationNumber12, testPropertyAddMonth_literalMutationNumber13, testPropertyAddMonth_literalMutationNumber14, testPropertyAddMonth_literalMutationNumber15, testPropertyAddMonth_literalMutationNumber16, testPropertyAddMonth_literalMutationNumber17, testPropertyAddMonth_literalMutationNumber18, testPropertyAddMonth_literalMutationNumber19, testPropertyAddMonth_literalMutationNumber20, testPropertyAddMonth_literalMutationNumber21, testPropertyAddMonth_literalMutationNumber22, testPropertyAddMonth_literalMutationNumber23, testPropertyAddMonth_literalMutationNumber24, testPropertyAddMonth_literalMutationNumber25, testPropertyAddMonth_literalMutationNumber26, testPropertyAddMonth_literalMutationNumber27, testPropertyAddMonth_literalMutationNumber28, testPropertyAddMonth_literalMutationNumber29, testPropertyAddMonth_literalMutationNumber30, testPropertyAddMonth_literalMutationNumber31, testPropertyAddMonth_literalMutationNumber32, testPropertyAddMonth_literalMutationNumber33, testPropertyAddMonth_literalMutationNumber34, testPropertyAddMonth_literalMutationNumber35, testPropertyAddMonth_literalMutationNumber36, testPropertyAddMonth_literalMutationNumber37, testPropertyAddMonth_literalMutationNumber38, testPropertyAddMonth_literalMutationNumber39, testPropertyAddMonth_literalMutationNumber40, testPropertyAddMonth_literalMutationNumber41, testPropertyAddMonth_literalMutationNumber42, testPropertyAddMonth_literalMutationNumber43, testPropertyAddMonth_literalMutationNumber44, testPropertyAddMonth_literalMutationNumber45, testPropertyAddMonth_literalMutationNumber46, testPropertyAddMonth_literalMutationNumber47, testPropertyAddMonth_literalMutationNumber48, testPropertyAddMonth_literalMutationNumber49, testPropertyAddMonth_literalMutationNumber50, testPropertyAddMonth_literalMutationNumber51, testPropertyAddMonth_literalMutationNumber52, testPropertyAddMonth_literalMutationNumber53, testPropertyAddMonth_literalMutationNumber54, testPropertyAddMonth_literalMutationNumber55, testPropertyAddMonth_literalMutationNumber56, testPropertyAddMonth_literalMutationNumber57, testPropertyAddMonth_literalMutationNumber58, testPropertyAddMonth_literalMutationNumber59, testPropertyAddMonth_literalMutationNumber60, testPropertyAddMonth_literalMutationNumber61, testPropertyAddMonth_literalMutationNumber62, testPropertyAddMonth_literalMutationNumber63, testPropertyAddMonth_literalMutationNumber64, testPropertyAddMonth_literalMutationNumber65, testPropertyAddMonth_literalMutationNumber66, testPropertyAddMonth_literalMutationNumber67, testPropertyAddMonth_literalMutationNumber68, testPropertyAddMonth_literalMutationNumber69, testPropertyAddMonth_literalMutationNumber70, testPropertyAddMonth_literalMutationNumber71, testPropertyAddMonth_literalMutationNumber72, testPropertyAddMonth_literalMutationNumber73, testPropertyAddMonth_literalMutationNumber74, testPropertyAddMonth_literalMutationNumber75, testPropertyAddMonth_literalMutationNumber76, testPropertyAddMonth_literalMutationNumber77, testPropertyAddMonth_literalMutationNumber78, testPropertyAddMonth_literalMutationNumber79, testPropertyAddMonth_literalMutationNumber80, testPropertyAddMonth_literalMutationNumber81, testPropertyAddMonth_literalMutationNumber82, testPropertyAddMonth_literalMutationNumber83, testPropertyAddMonth_literalMutationNumber84, testPropertyAddMonth_literalMutationNumber85, testPropertyAddMonth_literalMutationNumber86, testPropertyAddMonth_literalMutationNumber87, testPropertyAddMonth_literalMutationNumber88, testPropertyAddMonth_literalMutationNumber89, testPropertyAddMonth_literalMutationNumber90, testPropertyAddMonth_literalMutationNumber91, testPropertyAddMonth_literalMutationNumber92, testPropertyAddMonth_literalMutationNumber93, testPropertyAddMonth_add94, testPropertyAddMonth_add95, testPropertyAddMonth_add96, testPropertyAddMonth_add97, testPropertyAddMonth_add98, testPropertyAddMonth_add99, testPropertyAddMonth_add100, testPropertyAddMonth_add101, testPropertyAddMonth_add102, testPropertyAddMonth_add103, testPropertyAddMonth_add104, testPropertyAddMonth_add105, testPropertyAddMonth_add106, testPropertyAddMonth_add107, testPropertyAddMonth_add108, testPropertyAddMonth_add109, testPropertyAddMonth_mg110, testPropertyAddMonth_mg111, testPropertyAddMonth_mg112, testPropertyAddMonth_mg113, testPropertyAddMonth_mg114, testPropertyAddMonth_mg115, testPropertyAddMonth_mg116, testPropertyAddMonth_mg117, testPropertyAddMonth_mg118, testPropertyAddMonth_mg119, testPropertyAddMonth_mg120, testPropertyAddMonth_mg121, testPropertyAddMonth_mg122, testPropertyAddMonth_mg123, testPropertyAddMonth_mg124, testPropertyAddMonth_mg125, testPropertyAddMonth_mg126, testPropertyAddMonth_mg127, testPropertyAddMonth_mg128, testPropertyAddMonth_mg129, testPropertyAddMonth_mg130, testPropertyAddMonth_mg131, testPropertyAddMonth_mg132, testPropertyAddMonth_mg133, testPropertyAddMonth_mg134, testPropertyAddMonth_mg135, testPropertyAddMonth_mg136, testPropertyAddMonth_mg137, testPropertyAddMonth_mg138, testPropertyAddMonth_mg139, testPropertyAddMonth_mg140, testPropertyAddMonth_mg141, testPropertyAddMonth_mg142, testPropertyAddMonth_mg143, testPropertyAddMonth_mg144, testPropertyAddMonth_mg145, testPropertyAddMonth_mg146, testPropertyAddMonth_mg147, testPropertyAddMonth_mg148, testPropertyAddMonth_mg149] from org.junit.internal.requests.ClassRequest@2d8e6db6
[INFO] 1 test fail, generating try/catch/fail blocks...
[INFO] Could not generate any test with assertions
[INFO] iteration 1 / 3
[INFO] 149 tests selected to be amplified over 149 available tests
[INFO] Amplification of inputs...
 62% |=============================== ]/ 12% |=============================== ]\ 31% |=============================== ]\ 87% |=========================================== ]\ 32% |=========================================== ]| 13% |=========================================== ]| 88% |============================================ ]| 63% |============================================ ]- 32% |============================================ ]/ 14% |============================================ ]/ 63% |============================================ ]\ 89% |============================================ ]/ 33% |============================================ ]- 64% |============================================ ]| 14% |============================================ ]- 34% |============================================ ]\ 89% |============================================ ]- 15% |============================================ ]\ 90% |============================================= ]\ 34% |============================================= ]| 65% |============================================= ]/ 16% |============================================= ]| 35% |============================================= ]/ 65% |============================================= ]- 91% |============================================= ]| 16% |============================================= ]/ 36% |============================================= ]- 91% |============================================= ]/ 66% |============================================= ]\ 17% |============================================= ]- 36% |============================================= ]\ 18% |============================================= ]\ 92% |============================================== ]- 25% |============================================== ]- 67% |============================================== ]| 18% |============================================== ]| 26% |============================================== ]\ 93% |============================================== ]\ 19% |============================================== ]/ 67% |============================================== ]/ 26% |============================================== ]| 20% |============================================== ]- 27% |============================================== ]/ 93% |============================================== ]| 68% |============================================== ]- 20% |============================================== ]\ 28% |============================================== ]- 21% |============================================== ]| 69% |============================================== ]\ 28% |============================================== ]\ 22% |============================================== ]/ 69% |============================================== ]| 29% |============================================== ]| 30% |============================================== ]/ 70% |============================================== ]/ 22% |============================================== ]- 30% |============================================== ]- 23% |============================================== ]\ 71% |============================================== ]- 43% |============================================== ]/ 44% |============================================== ]- 71% |============================================== ]\ 24% |============================================== ]| 24% |============================================== ]/ 72% |============================================== ]| 44% |============================================== ]\  6% |============================================== ]- 73% |============================================== ]/ 45% |============================================== ]| 94% |=============================================== ]/  7% |=============================================== ]\ 73% |=============================================== ]-  8% |=============================================== ]| 46% |=============================================== ]/ 74% |=============================================== ]\  8% |=============================================== ]/ 95% |=============================================== ]- 46% |=============================================== ]- 56% |=============================================== ]| 47% |=============================================== ]\  9% |=============================================== ]- 57% |=============================================== ]/ 95% |=============================================== ]\ 48% |=============================================== ]| 10% |=============================================== ]\ 57% |=============================================== ]- 96% |================================================ ]| 48% |================================================ ]/ 58% |================================================ ]\ 10% |================================================ ]| 49% |================================================ ]- 59% |================================================ ]| 11% |================================================ ]/ 37% |================================================ ]| 59% |================================================ ]/ 12% |================================================ ]- 60% |================================================ ]- 38% |================================================ ]/  0% |================================================ ]/ 61% |================================================ ]\  1% |================================================ ]- 38% |================================================ ]- 61% |================================================ ]|  2% |================================================ ]\ 39% |================================================ ]\ 50% |================================================ ]\  2% |================================================ ]| 51% |================================================ ]|  3% |================================================ ]/ 40% |================================================ ]| 51% |================================================ ]/  4% |================================================ ]- 97% |================================================ ]/ 40% |================================================ ]/ 52% |================================================ ]-  4% |================================================ ]\ 97% |================================================ ]- 53% |================================================ ]\ 41% |================================================ ]-  5% |================================================ ]| 53% |================================================ ]|  6% |================================================ ]/ 98% |================================================= ]\ 42% |================================================= ]\ 54% |================================================= ]/ 81% |================================================= ]/ 42% |================================================= ]| 99% |================================================= ]| 55% |================================================= ]- 75% |================================================= ]| 55% |================================================= ]\100% |================================================== ]/
 81% |======================================== ]- 75% |======================================== ]/ 82% |========================================= ]\ 76% |========================================= ]- 83% |========================================= ]| 77% |========================================= ]\ 83% |========================================= ]/ 77% |========================================= ]| 84% |========================================== ]- 78% |========================================== ]/ 85% |========================================== ]\ 79% |========================================== ]- 85% |========================================== ]| 79% |========================================== ]\ 86% |=========================================== ]/ 80% |=========================================== ]| 87% |=========================================== ]-[INFO] 21437 new tests generated
[WARNING] Too many tests have been generated: 21437
[INFO] Number of generated test reduced to 200
[INFO] Run tests. (200)
[ERROR] Error(s) during compilation:
[ERROR] Pb(130) The constructor Object(String) is undefined
[ERROR] Error(s) during compilation:
[ERROR] Pb(130) The constructor Object(String) is undefined
[ERROR] Error(s) during compilation:
[ERROR] Pb(130) The constructor Object(String) is undefined
[ERROR] Error(s) during compilation:
[ERROR] Pb(130) The constructor Object(String) is undefined
[WARNING] Trying three time to compile with no success. Give up.
[INFO] Run: java -classpath /tmp/icst-2019/september-2018/dataset/joda-time_parent/target/test-classes:/tmp/icst-2019/september-2018/dataset/joda-time_parent/target/classes/:/home/spirals/danglot/.m2/repository/junit/junit/4.12/junit-4.12.jar:/home/spirals/danglot/.m2/repository/org/joda/joda-convert/1.2/joda-convert-1.2.jar:/home/spirals/danglot/.m2/repository/junit/junit/3.8.2/junit-3.8.2.jar:/tmp/icst-2019/september-2018/dataset/joda-time_parent/target/dspot/dependencies/:/home/spirals/danglot/.m2/repository/eu/stamp-project/test-runner/1.1.0/test-runner-1.1.0-jar-with-dependencies.jar eu.stamp_project.testrunner.runner.test.TestRunner org.joda.time.TestYearMonthDay_Properties testPropertyAddMonth_mg121_rv18665:testPropertyAddMonth_mg141_rv10738:testPropertyAddMonth_mg121_rv18624:testPropertyAddMonth_mg122_rv19205:testPropertyAddMonth_mg142_rv11645:testPropertyAddMonth_mg123_rv19597:testPropertyAddMonth_mg143_rv12308:testPropertyAddMonth_mg141_rv10670:testPropertyAddMonth_mg121_rv18639:testPropertyAddMonth_add107_rv9159:testPropertyAddMonth_add103_rv7337:testPropertyAddMonth_mg115_rv20014:testPropertyAddMonth_mg141_rv10694:testPropertyAddMonth_mg125_rv20228:testPropertyAddMonth_add105_rv8248:testPropertyAddMonth_mg141_rv10743:testPropertyAddMonth_mg141_rv10672:testPropertyAddMonth_add95_rv2025:testPropertyAddMonth_mg121_rv18666:testPropertyAddMonth_add99_rv4729:testPropertyAddMonth_mg149_rv19051:testPropertyAddMonth_mg129_rv21487:testPropertyAddMonth_mg121_rv18626:testPropertyAddMonth_add101_rv6213:testPropertyAddMonth_mg110_rv10517:testPropertyAddMonth_mg121_rv18674:testPropertyAddMonth_mg147_rv17801:testPropertyAddMonth_mg130_rv21751:testPropertyAddMonth_add97_rv3401:testPropertyAddMonth_add109_rv10030:testPropertyAddMonth_mg135_rv3381:testPropertyAddMonth_mg121_rv18682:testPropertyAddMonth_mg145_rv16404:testPropertyAddMonth_mg122_rv19179:testPropertyAddMonth_mg121_rv18620:testPropertyAddMonth_mg142_rv11598:testPropertyAddMonth_mg143_rv12273:testPropertyAddMonth_mg123_rv19574:testPropertyAddMonth_mg126_rv20556:testPropertyAddMonth_mg121_rv18663:testPropertyAddMonth_mg146_rv17192:testPropertyAddMonth_mg141_rv10754:testPropertyAddMonth_mg121_rv18629:testPropertyAddMonth_mg141_rv10765:testPropertyAddMonth_mg121_mg18510:testPropertyAddMonth_mg121_rv18649:testPropertyAddMonth_mg121_rv18636:testPropertyAddMonth_mg121_rv18655:testPropertyAddMonth_mg121_rv18633:testPropertyAddMonth_mg121_rv18664:testPropertyAddMonth_mg127_rv20863:testPropertyAddMonth_mg121_rv18684:testPropertyAddMonth_mg117_rv20705:testPropertyAddMonth_mg121_rv18660:testPropertyAddMonth_mg141_rv10664:testPropertyAddMonth_mg137_rv4692:testPropertyAddMonth_mg121_rv18676:testPropertyAddMonth_mg121_rv18559:testPropertyAddMonth_mg141_rv10731:testPropertyAddMonth_mg121_mg18467:testPropertyAddMonth_mg112_rv18930:testPropertyAddMonth_mg121_rv18563:testPropertyAddMonth_mg121_rv18652:testPropertyAddMonth_mg121_rv18583:testPropertyAddMonth_mg121_rv18587:testPropertyAddMonth_mg121_rv18561:testPropertyAddMonth_mg121_rv18553:testPropertyAddMonth_mg121_rv18557:testPropertyAddMonth_mg121_rv18580:testPropertyAddMonth_mg141_rv10679:testPropertyAddMonth_mg121_rv18585:testPropertyAddMonth_mg121_rv18574:testPropertyAddMonth_mg121_rv18646:testPropertyAddMonth_mg121_rv18555:testPropertyAddMonth_mg121_rv18567:testPropertyAddMonth_mg121_rv18565:testPropertyAddMonth_mg141_rv10716:testPropertyAddMonth_mg141_rv10724:testPropertyAddMonth_mg141_rv10768:testPropertyAddMonth_mg121_rv18578:testPropertyAddMonth_mg141_rv10690:testPropertyAddMonth_mg121_rv18589:testPropertyAddMonth_mg141_rv10734:testPropertyAddMonth_mg121_rv18591:testPropertyAddMonth_mg141_rv10684:testPropertyAddMonth_mg141_rv10727:testPropertyAddMonth_mg134_rv2800:testPropertyAddMonth_mg136_rv4064:testPropertyAddMonth_mg114_rv19716:testPropertyAddMonth_mg141_rv10758:testPropertyAddMonth_mg138_rv5295:testPropertyAddMonth_mg121_rv18554:testPropertyAddMonth_mg121_rv18678:testPropertyAddMonth_mg141_rv10565:testPropertyAddMonth_mg141_rv10571:testPropertyAddMonth_mg121_rv18576:testPropertyAddMonth_mg141_rv10721:testPropertyAddMonth_mg141_rv10597:testPropertyAddMonth_mg141_rv10603:testPropertyAddMonth_mg141_rv10550:testPropertyAddMonth_mg141_rv10562:testPropertyAddMonth_mg141_rv10568:testPropertyAddMonth_mg116_rv20357:testPropertyAddMonth_mg121_rv18645:testPropertyAddMonth_mg141_rv10599:testPropertyAddMonth_mg141_rv10589:testPropertyAddMonth_mg118_rv21054:testPropertyAddMonth_mg141_rv10595:testPropertyAddMonth_mg141_rv10575:testPropertyAddMonth_mg113_rv19374:testPropertyAddMonth_mg141_rv10706:testPropertyAddMonth_mg141_rv10559:testPropertyAddMonth_mg148_rv18479:testPropertyAddMonth_mg141_rv10578:testPropertyAddMonth_mg133_rv2191:testPropertyAddMonth_mg141_rv10594:testPropertyAddMonth_mg141_rv10607:testPropertyAddMonth_mg142_rv11614:testPropertyAddMonth_mg122_rv19187:testPropertyAddMonth_mg141_rv10610:testPropertyAddMonth_mg141_rv10554:testPropertyAddMonth_mg141_mg10468:testPropertyAddMonth_mg141_mg10395:testPropertyAddMonth_mg141_rv10761:testPropertyAddMonth_mg123_rv19581:testPropertyAddMonth_mg141_rv10592:testPropertyAddMonth_mg143_rv12284:testPropertyAddMonth_mg147_rv17820:testPropertyAddMonth_mg127_rv20872:testPropertyAddMonth_mg120_rv21656:testPropertyAddMonth_mg128_rv21187:testPropertyAddMonth_mg140_rv9773:testPropertyAddMonth_mg132_rv1526:testPropertyAddMonth_add100_rv5485:testPropertyAddMonth_mg141_rv10700:testPropertyAddMonth_mg147_rv17818:testPropertyAddMonth_mg126_rv20567:testPropertyAddMonth_add94_rv1482:testPropertyAddMonth_mg146_rv17208:testPropertyAddMonth_mg127_rv20870:testPropertyAddMonth_mg122_rv19208:testPropertyAddMonth_mg146_rv17206:testPropertyAddMonth_mg126_rv20565:testPropertyAddMonth_mg127_mg20792:testPropertyAddMonth_add106_rv8719:testPropertyAddMonth_mg121_rv18642:testPropertyAddMonth_add96_rv2801:testPropertyAddMonth_mg121_mg18439:testPropertyAddMonth_mg121_rv18647:testPropertyAddMonth_mg126_mg20510:testPropertyAddMonth_mg121_mg18442:testPropertyAddMonth_add104_rv7752:testPropertyAddMonth_mg142_rv11601:testPropertyAddMonth_mg123_rv19599:testPropertyAddMonth_mg147_rv17780:testPropertyAddMonth_mg127_rv20850:testPropertyAddMonth_mg143_rv12313:testPropertyAddMonth_mg121_mg18440:testPropertyAddMonth_mg121_mg18531:testPropertyAddMonth_mg147_rv17786:testPropertyAddMonth_mg147_mg17740:testPropertyAddMonth_mg127_rv20855:testPropertyAddMonth_mg113_rv19387:testPropertyAddMonth_mg117_rv20721:testPropertyAddMonth_mg121_mg18481:testPropertyAddMonth_mg146_mg17071:testPropertyAddMonth_mg133_rv2226:testPropertyAddMonth_mg147_rv17770:testPropertyAddMonth_mg137_rv4704:testPropertyAddMonth_mg127_rv20843:testPropertyAddMonth_mg121_mg18384:testPropertyAddMonth_mg123_rv19576:testPropertyAddMonth_mg147_rv17781:testPropertyAddMonth_mg145_rv16368:testPropertyAddMonth_mg121_mg18396:testPropertyAddMonth_mg121_mg18399:testPropertyAddMonth_mg127_rv20851:testPropertyAddMonth_mg121_rv18670:testPropertyAddMonth_mg126_rv20541:testPropertyAddMonth_mg121_mg18387:testPropertyAddMonth_mg121_mg18527:testPropertyAddMonth_mg146_rv17173:testPropertyAddMonth_mg146_rv17183:testPropertyAddMonth_mg125_rv20225:testPropertyAddMonth_mg121_mg18480:testPropertyAddMonth_mg147_rv17789:testPropertyAddMonth_mg114_rv19727:testPropertyAddMonth_mg126_mg20482:testPropertyAddMonth_mg127_rv20857:testPropertyAddMonth_mg118_rv21064:testPropertyAddMonth_mg126_rv20549:testPropertyAddMonth_mg134_rv2814:testPropertyAddMonth_mg133_rv2222:testPropertyAddMonth_mg113_rv19386:testPropertyAddMonth_mg138_rv5344:testPropertyAddMonth_mg126_rv20532:testPropertyAddMonth_mg146_rv17163:testPropertyAddMonth_mg117_rv20719:testPropertyAddMonth_mg121_mg18381:testPropertyAddMonth_mg137_rv4702
File saved to the following path: /tmp/icst-2019/september-2018/dataset/joda-time_parent/target/dspot/TestListener.ser
Loading /tmp/icst-2019/september-2018/dataset/joda-time_parent/target/dspot/TestListener.ser
[INFO] Test has been run: initializationError(org.junit.runner.manipulation.Filter): No tests found matching Filter test methods according their simple name: [testPropertyAddMonth_mg121_rv18665, testPropertyAddMonth_mg141_rv10738, testPropertyAddMonth_mg121_rv18624, testPropertyAddMonth_mg122_rv19205, testPropertyAddMonth_mg142_rv11645, testPropertyAddMonth_mg123_rv19597, testPropertyAddMonth_mg143_rv12308, testPropertyAddMonth_mg141_rv10670, testPropertyAddMonth_mg121_rv18639, testPropertyAddMonth_add107_rv9159, testPropertyAddMonth_add103_rv7337, testPropertyAddMonth_mg115_rv20014, testPropertyAddMonth_mg141_rv10694, testPropertyAddMonth_mg125_rv20228, testPropertyAddMonth_add105_rv8248, testPropertyAddMonth_mg141_rv10743, testPropertyAddMonth_mg141_rv10672, testPropertyAddMonth_add95_rv2025, testPropertyAddMonth_mg121_rv18666, testPropertyAddMonth_add99_rv4729, testPropertyAddMonth_mg149_rv19051, testPropertyAddMonth_mg129_rv21487, testPropertyAddMonth_mg121_rv18626, testPropertyAddMonth_add101_rv6213, testPropertyAddMonth_mg110_rv10517, testPropertyAddMonth_mg121_rv18674, testPropertyAddMonth_mg147_rv17801, testPropertyAddMonth_mg130_rv21751, testPropertyAddMonth_add97_rv3401, testPropertyAddMonth_add109_rv10030, testPropertyAddMonth_mg135_rv3381, testPropertyAddMonth_mg121_rv18682, testPropertyAddMonth_mg145_rv16404, testPropertyAddMonth_mg122_rv19179, testPropertyAddMonth_mg121_rv18620, testPropertyAddMonth_mg142_rv11598, testPropertyAddMonth_mg143_rv12273, testPropertyAddMonth_mg123_rv19574, testPropertyAddMonth_mg126_rv20556, testPropertyAddMonth_mg121_rv18663, testPropertyAddMonth_mg146_rv17192, testPropertyAddMonth_mg141_rv10754, testPropertyAddMonth_mg121_rv18629, testPropertyAddMonth_mg141_rv10765, testPropertyAddMonth_mg121_mg18510, testPropertyAddMonth_mg121_rv18649, testPropertyAddMonth_mg121_rv18636, testPropertyAddMonth_mg121_rv18655, testPropertyAddMonth_mg121_rv18633, testPropertyAddMonth_mg121_rv18664, testPropertyAddMonth_mg127_rv20863, testPropertyAddMonth_mg121_rv18684, testPropertyAddMonth_mg117_rv20705, testPropertyAddMonth_mg121_rv18660, testPropertyAddMonth_mg141_rv10664, testPropertyAddMonth_mg137_rv4692, testPropertyAddMonth_mg121_rv18676, testPropertyAddMonth_mg121_rv18559, testPropertyAddMonth_mg141_rv10731, testPropertyAddMonth_mg121_mg18467, testPropertyAddMonth_mg112_rv18930, testPropertyAddMonth_mg121_rv18563, testPropertyAddMonth_mg121_rv18652, testPropertyAddMonth_mg121_rv18583, testPropertyAddMonth_mg121_rv18587, testPropertyAddMonth_mg121_rv18561, testPropertyAddMonth_mg121_rv18553, testPropertyAddMonth_mg121_rv18557, testPropertyAddMonth_mg121_rv18580, testPropertyAddMonth_mg141_rv10679, testPropertyAddMonth_mg121_rv18585, testPropertyAddMonth_mg121_rv18574, testPropertyAddMonth_mg121_rv18646, testPropertyAddMonth_mg121_rv18555, testPropertyAddMonth_mg121_rv18567, testPropertyAddMonth_mg121_rv18565, testPropertyAddMonth_mg141_rv10716, testPropertyAddMonth_mg141_rv10724, testPropertyAddMonth_mg141_rv10768, testPropertyAddMonth_mg121_rv18578, testPropertyAddMonth_mg141_rv10690, testPropertyAddMonth_mg121_rv18589, testPropertyAddMonth_mg141_rv10734, testPropertyAddMonth_mg121_rv18591, testPropertyAddMonth_mg141_rv10684, testPropertyAddMonth_mg141_rv10727, testPropertyAddMonth_mg134_rv2800, testPropertyAddMonth_mg136_rv4064, testPropertyAddMonth_mg114_rv19716, testPropertyAddMonth_mg141_rv10758, testPropertyAddMonth_mg138_rv5295, testPropertyAddMonth_mg121_rv18554, testPropertyAddMonth_mg121_rv18678, testPropertyAddMonth_mg141_rv10565, testPropertyAddMonth_mg141_rv10571, testPropertyAddMonth_mg121_rv18576, testPropertyAddMonth_mg141_rv10721, testPropertyAddMonth_mg141_rv10597, testPropertyAddMonth_mg141_rv10603, testPropertyAddMonth_mg141_rv10550, testPropertyAddMonth_mg141_rv10562, testPropertyAddMonth_mg141_rv10568, testPropertyAddMonth_mg116_rv20357, testPropertyAddMonth_mg121_rv18645, testPropertyAddMonth_mg141_rv10599, testPropertyAddMonth_mg141_rv10589, testPropertyAddMonth_mg118_rv21054, testPropertyAddMonth_mg141_rv10595, testPropertyAddMonth_mg141_rv10575, testPropertyAddMonth_mg113_rv19374, testPropertyAddMonth_mg141_rv10706, testPropertyAddMonth_mg141_rv10559, testPropertyAddMonth_mg148_rv18479, testPropertyAddMonth_mg141_rv10578, testPropertyAddMonth_mg133_rv2191, testPropertyAddMonth_mg141_rv10594, testPropertyAddMonth_mg141_rv10607, testPropertyAddMonth_mg142_rv11614, testPropertyAddMonth_mg122_rv19187, testPropertyAddMonth_mg141_rv10610, testPropertyAddMonth_mg141_rv10554, testPropertyAddMonth_mg141_mg10468, testPropertyAddMonth_mg141_mg10395, testPropertyAddMonth_mg141_rv10761, testPropertyAddMonth_mg123_rv19581, testPropertyAddMonth_mg141_rv10592, testPropertyAddMonth_mg143_rv12284, testPropertyAddMonth_mg147_rv17820, testPropertyAddMonth_mg127_rv20872, testPropertyAddMonth_mg120_rv21656, testPropertyAddMonth_mg128_rv21187, testPropertyAddMonth_mg140_rv9773, testPropertyAddMonth_mg132_rv1526, testPropertyAddMonth_add100_rv5485, testPropertyAddMonth_mg141_rv10700, testPropertyAddMonth_mg147_rv17818, testPropertyAddMonth_mg126_rv20567, testPropertyAddMonth_add94_rv1482, testPropertyAddMonth_mg146_rv17208, testPropertyAddMonth_mg127_rv20870, testPropertyAddMonth_mg122_rv19208, testPropertyAddMonth_mg146_rv17206, testPropertyAddMonth_mg126_rv20565, testPropertyAddMonth_mg127_mg20792, testPropertyAddMonth_add106_rv8719, testPropertyAddMonth_mg121_rv18642, testPropertyAddMonth_add96_rv2801, testPropertyAddMonth_mg121_mg18439, testPropertyAddMonth_mg121_rv18647, testPropertyAddMonth_mg126_mg20510, testPropertyAddMonth_mg121_mg18442, testPropertyAddMonth_add104_rv7752, testPropertyAddMonth_mg142_rv11601, testPropertyAddMonth_mg123_rv19599, testPropertyAddMonth_mg147_rv17780, testPropertyAddMonth_mg127_rv20850, testPropertyAddMonth_mg143_rv12313, testPropertyAddMonth_mg121_mg18440, testPropertyAddMonth_mg121_mg18531, testPropertyAddMonth_mg147_rv17786, testPropertyAddMonth_mg147_mg17740, testPropertyAddMonth_mg127_rv20855, testPropertyAddMonth_mg113_rv19387, testPropertyAddMonth_mg117_rv20721, testPropertyAddMonth_mg121_mg18481, testPropertyAddMonth_mg146_mg17071, testPropertyAddMonth_mg133_rv2226, testPropertyAddMonth_mg147_rv17770, testPropertyAddMonth_mg137_rv4704, testPropertyAddMonth_mg127_rv20843, testPropertyAddMonth_mg121_mg18384, testPropertyAddMonth_mg123_rv19576, testPropertyAddMonth_mg147_rv17781, testPropertyAddMonth_mg145_rv16368, testPropertyAddMonth_mg121_mg18396, testPropertyAddMonth_mg121_mg18399, testPropertyAddMonth_mg127_rv20851, testPropertyAddMonth_mg121_rv18670, testPropertyAddMonth_mg126_rv20541, testPropertyAddMonth_mg121_mg18387, testPropertyAddMonth_mg121_mg18527, testPropertyAddMonth_mg146_rv17173, testPropertyAddMonth_mg146_rv17183, testPropertyAddMonth_mg125_rv20225, testPropertyAddMonth_mg121_mg18480, testPropertyAddMonth_mg147_rv17789, testPropertyAddMonth_mg114_rv19727, testPropertyAddMonth_mg126_mg20482, testPropertyAddMonth_mg127_rv20857, testPropertyAddMonth_mg118_rv21064, testPropertyAddMonth_mg126_rv20549, testPropertyAddMonth_mg134_rv2814, testPropertyAddMonth_mg133_rv2222, testPropertyAddMonth_mg113_rv19386, testPropertyAddMonth_mg138_rv5344, testPropertyAddMonth_mg126_rv20532, testPropertyAddMonth_mg146_rv17163, testPropertyAddMonth_mg117_rv20719, testPropertyAddMonth_mg121_mg18381, testPropertyAddMonth_mg137_rv4702] from org.junit.internal.requests.ClassRequest@2d8e6db6
[INFO] 1 test fail, generating try/catch/fail blocks...
[INFO] Could not generate any test with assertions
[INFO] iteration 2 / 3
[INFO] 200 tests selected to be amplified over 200 available tests
[INFO] Amplification of inputs...
 63% |=========================================== ]- 88% |============================================ ]| 56% |============================================ ]/ 31% |============================================ ]\ 57% |============================================ ]- 63% |============================================ ]\ 88% |============================================ ]/ 32% |============================================ ]| 89% |============================================ ]- 64% |============================================ ]| 57% |============================================ ]\ 32% |============================================ ]/ 64% |============================================ ]/ 89% |============================================ ]\ 58% |============================================ ]| 33% |============================================ ]- 65% |============================================ ]- 90% |============================================= ]| 58% |============================================= ]/ 65% |============================================= ]\ 33% |============================================= ]\ 90% |============================================= ]/ 66% |============================================= ]| 59% |============================================= ]- 34% |============================================= ]| 91% |============================================= ]- 66% |============================================= ]/ 59% |============================================= ]\ 91% |============================================= ]\ 34% |============================================= ]/ 67% |============================================= ]- 92% |============================================== ]| 60% |============================================== ]| 35% |============================================== ]- 67% |============================================== ]\ 92% |============================================== ]/ 60% |============================================== ]/ 35% |============================================== ]\ 68% |============================================== ]| 93% |============================================== ]- 61% |============================================== ]- 36% |============================================== ]| 68% |============================================== ]/ 93% |============================================== ]\ 61% |============================================== ]\ 69% |============================================== ]- 94% |=============================================== ]| 36% |=============================================== ]/ 62% |=============================================== ]| 94% |=============================================== ]/ 69% |=============================================== ]\ 37% |=============================================== ]- 95% |=============================================== ]- 70% |=============================================== ]| 62% |=============================================== ]/ 37% |=============================================== ]\ 95% |=============================================== ]\ 70% |=============================================== ]/ 50% |=============================================== ]/ 96% |================================================ ]| 25% |================================================ ]\ 71% |================================================ ]- 51% |================================================ ]- 96% |================================================ ]/ 71% |================================================ ]\ 26% |================================================ ]| 97% |================================================ ]- 51% |================================================ ]\ 72% |================================================ ]| 97% |================================================ ]\ 26% |================================================ ]/ 52% |================================================ ]| 72% |================================================ ]/ 98% |================================================= ]| 27% |================================================= ]- 98% |================================================= ]/ 52% |================================================= ]/ 73% |================================================= ]- 99% |================================================= ]- 27% |================================================= ]\ 53% |================================================= ]- 73% |================================================= ]\ 99% |================================================= ]\ 28% |================================================= ]| 74% |================================================= ]| 53% |================================================= ]\100% |================================================== ]|
 28% |============== ]/ 81% |======================================== ]\ 54% |======================================== ]| 74% |======================================== ]/ 29% |======================================== ]- 82% |========================================= ]| 54% |========================================= ]/ 75% |========================================= ]- 82% |========================================= ]/ 29% |========================================= ]\ 13% |========================================= ]- 55% |========================================= ]- 83% |========================================= ]- 30% |========================================= ]| 55% |========================================= ]\ 13% |========================================= ]\ 83% |========================================= ]\ 30% |========================================= ]/ 84% |========================================== ]| 56% |========================================== ]| 14% |========================================== ]| 84% |========================================== ]/ 31% |========================================== ]- 14% |========================================== ]/  6% |========================================== ]/ 85% |========================================== ]- 15% |========================================== ]- 85% |========================================== ]\ 44% |========================================== ]|  7% |========================================== ]- 15% |========================================== ]\ 86% |=========================================== ]| 44% |=========================================== ]/  7% |=========================================== ]\ 16% |=========================================== ]|  8% |=========================================== ]| 45% |=========================================== ]- 86% |=========================================== ]/ 16% |=========================================== ]/ 87% |=========================================== ]- 17% |=========================================== ]- 45% |=========================================== ]\  8% |=========================================== ]/ 87% |=========================================== ]\ 46% |=========================================== ]| 17% |=========================================== ]\  9% |=========================================== ]- 75% |=========================================== ]\  9% |=========================================== ]\ 46% |=========================================== ]/ 18% |=========================================== ]| 76% |=========================================== ]| 10% |=========================================== ]| 18% |=========================================== ]/ 47% |=========================================== ]- 76% |=========================================== ]/ 10% |=========================================== ]/ 47% |=========================================== ]\ 19% |=========================================== ]- 11% |=========================================== ]- 77% |=========================================== ]- 48% |=========================================== ]| 19% |=========================================== ]\ 11% |=========================================== ]\ 77% |=========================================== ]\ 20% |=========================================== ]| 48% |=========================================== ]/ 78% |=========================================== ]| 12% |=========================================== ]| 78% |=========================================== ]/ 49% |=========================================== ]- 20% |=========================================== ]/ 12% |=========================================== ]/  0% |=========================================== ]/ 79% |=========================================== ]- 21% |=========================================== ]- 49% |=========================================== ]\ 79% |=========================================== ]\  1% |=========================================== ]- 21% |=========================================== ]\ 50% |=========================================== ]| 80% |=========================================== ]| 22% |=========================================== ]| 38% |=========================================== ]|  1% |=========================================== ]\ 80% |=========================================== ]/ 22% |=========================================== ]/ 38% |=========================================== ]/  2% |=========================================== ]| 81% |=========================================== ]- 39% |=========================================== ]-  2% |=========================================== ]/ 23% |=========================================== ]- 39% |=========================================== ]\  3% |=========================================== ]- 23% |=========================================== ]\ 40% |=========================================== ]|  3% |=========================================== ]\ 24% |=========================================== ]| 40% |=========================================== ]/  4% |=========================================== ]| 24% |=========================================== ]/ 41% |=========================================== ]-  4% |=========================================== ]/ 25% |=========================================== ]- 41% |=========================================== ]\  5% |=========================================== ]- 42% |=========================================== ]|  5% |=========================================== ]\  6% |=========================================== ]| 42% |=========================================== ]/ 43% |=========================================== ]- 43% |=========================================== ]\[INFO] 53718 new tests generated
[WARNING] Too many tests have been generated: 53718
[INFO] Number of generated test reduced to 200
[INFO] Run tests. (200)
[ERROR] Error(s) during compilation:
[ERROR] Pb(130) The constructor Object(String) is undefined
[ERROR] Error(s) during compilation:
[ERROR] Pb(130) The constructor Object(String) is undefined
[ERROR] Error(s) during compilation:
[ERROR] Pb(130) The constructor Object(String) is undefined
[ERROR] Error(s) during compilation:
[ERROR] Pb(130) The constructor Object(String) is undefined
[WARNING] Trying three time to compile with no success. Give up.
[INFO] Run: java -classpath /tmp/icst-2019/september-2018/dataset/joda-time_parent/target/test-classes:/tmp/icst-2019/september-2018/dataset/joda-time_parent/target/classes/:/home/spirals/danglot/.m2/repository/junit/junit/4.12/junit-4.12.jar:/home/spirals/danglot/.m2/repository/org/joda/joda-convert/1.2/joda-convert-1.2.jar:/home/spirals/danglot/.m2/repository/junit/junit/3.8.2/junit-3.8.2.jar:/tmp/icst-2019/september-2018/dataset/joda-time_parent/target/dspot/dependencies/:/home/spirals/danglot/.m2/repository/eu/stamp-project/test-runner/1.1.0/test-runner-1.1.0-jar-with-dependencies.jar eu.stamp_project.testrunner.runner.test.TestRunner org.joda.time.TestYearMonthDay_Properties testPropertyAddMonth_mg121_rv18665_rv65010:testPropertyAddMonth_mg141_rv10738_rv66318:testPropertyAddMonth_mg121_rv18665_mg64734:testPropertyAddMonth_mg141_rv10738_mg66068:testPropertyAddMonth_mg122_rv19205_rv68827:testPropertyAddMonth_mg121_rv18624_rv67638:testPropertyAddMonth_mg121_rv18665_rv64962:testPropertyAddMonth_mg142_rv11645_rv69749:testPropertyAddMonth_mg143_rv12308_rv71562:testPropertyAddMonth_mg123_rv19597_rv70650:testPropertyAddMonth_mg141_rv10670_rv72524:testPropertyAddMonth_mg141_rv10738_rv66261:testPropertyAddMonth_mg121_rv18639_rv73510:testPropertyAddMonth_mg121_rv18665_rv64979:testPropertyAddMonth_mg121_rv18624_mg67392:testPropertyAddMonth_mg122_rv19205_mg68593:testPropertyAddMonth_mg121_rv18665_mg64670:testPropertyAddMonth_mg142_rv11645_mg69555:testPropertyAddMonth_mg143_rv12308_mg71377:testPropertyAddMonth_mg123_rv19597_mg70469:testPropertyAddMonth_mg141_rv10694_rv51515:testPropertyAddMonth_mg141_rv10670_mg72354:testPropertyAddMonth_mg141_rv10738_rv66282:testPropertyAddMonth_mg141_rv10738_mg66021:testPropertyAddMonth_mg121_rv18665_rv64965:testPropertyAddMonth_mg141_rv10743_rv54612:testPropertyAddMonth_mg141_rv10672_rv55851:testPropertyAddMonth_mg121_rv18666_rv58091:testPropertyAddMonth_mg141_rv10738_rv66323:testPropertyAddMonth_mg121_rv18626_rv61920:testPropertyAddMonth_mg121_rv18639_mg73328:testPropertyAddMonth_mg121_rv18665_rv65013:testPropertyAddMonth_mg121_rv18665_mg64691:testPropertyAddMonth_mg147_rv17801_rv49344:testPropertyAddMonth_mg121_rv18674_rv48253:testPropertyAddMonth_mg121_rv18682_rv53682:testPropertyAddMonth_mg141_rv10694_mg51329:testPropertyAddMonth_mg141_rv10738_rv66264:testPropertyAddMonth_mg121_rv18624_rv67598:testPropertyAddMonth_mg122_rv19179_rv55743:testPropertyAddMonth_mg121_rv18665_rv65021:testPropertyAddMonth_mg141_rv10738_mg66037:testPropertyAddMonth_mg121_rv18620_rv56926:testPropertyAddMonth_mg122_rv19205_rv68783:testPropertyAddMonth_mg143_rv12273_rv59278:testPropertyAddMonth_mg121_rv18665_rv65030:testPropertyAddMonth_mg142_rv11598_rv58115:testPropertyAddMonth_mg142_rv11645_rv69717:testPropertyAddMonth_mg123_rv19574_rv60481:testPropertyAddMonth_mg146_rv17192_rv63810:testPropertyAddMonth_mg126_rv20556_rv61585:testPropertyAddMonth_mg123_rv19597_rv70617:testPropertyAddMonth_mg121_rv18665_rv64959:testPropertyAddMonth_mg121_rv18663_rv62810:testPropertyAddMonth_mg143_rv12308_rv71531:testPropertyAddMonth_mg121_rv18629_rv66306:testPropertyAddMonth_mg141_rv10754_rv65044:testPropertyAddMonth_mg141_rv10738_rv66331:testPropertyAddMonth_mg141_rv10765_rv67516:testPropertyAddMonth_mg121_mg18510_rv68857:testPropertyAddMonth_mg121_mg18510_rv68657:testPropertyAddMonth_mg121_rv18665_rv65004:testPropertyAddMonth_mg121_rv18655_rv71649:testPropertyAddMonth_mg141_rv10743_mg54366:testPropertyAddMonth_mg121_rv18665_mg64738:testPropertyAddMonth_mg141_rv10738_rv66341:testPropertyAddMonth_mg141_rv10670_rv72474:testPropertyAddMonth_mg121_rv18636_rv70702:testPropertyAddMonth_mg121_rv18633_rv72608:testPropertyAddMonth_mg121_rv18649_rv69771:testPropertyAddMonth_mg121_rv18665_rv64970:testPropertyAddMonth_mg121_rv18664_rv73572:testPropertyAddMonth_mg117_rv20705_rv40620:testPropertyAddMonth_mg141_rv10738_mg66071:testPropertyAddMonth_mg121_rv18660_rv41860:testPropertyAddMonth_mg141_rv10664_rv43003:testPropertyAddMonth_mg121_rv18665_mg64389:testPropertyAddMonth_mg121_rv18684_rv39620:testPropertyAddMonth_mg137_rv4692_rv44015:testPropertyAddMonth_mg121_rv18676_rv45212:testPropertyAddMonth_mg127_rv20863_rv38426:testPropertyAddMonth_mg141_rv10672_mg55674:testPropertyAddMonth_mg141_rv10738_rv66258:testPropertyAddMonth_mg121_rv18559_rv46422:testPropertyAddMonth_mg121_rv18665_rv64999:testPropertyAddMonth_mg121_mg18467_rv48953:testPropertyAddMonth_mg121_rv18665_rv64976:testPropertyAddMonth_mg141_rv10731_rv47597:testPropertyAddMonth_mg121_rv18666_mg57817:testPropertyAddMonth_mg121_rv18563_rv51357:testPropertyAddMonth_mg121_rv18665_rv64994:testPropertyAddMonth_mg112_rv18930_rv50066:testPropertyAddMonth_mg121_rv18665_rv64973:testPropertyAddMonth_mg121_rv18665_mg64467:testPropertyAddMonth_mg121_rv18665_rv65007:testPropertyAddMonth_mg121_mg18467_rv48700:testPropertyAddMonth_mg121_rv18665_rv65033:testPropertyAddMonth_mg141_rv10738_rv66311:testPropertyAddMonth_mg121_rv18665_rv65024:testPropertyAddMonth_mg121_rv18665_rv65002:testPropertyAddMonth_mg121_rv18665_rv64835:testPropertyAddMonth_mg121_rv18665_rv64997:testPropertyAddMonth_mg121_rv18665_rv64842:testPropertyAddMonth_mg121_rv18665_rv64897:testPropertyAddMonth_mg141_rv10738_mg66024:testPropertyAddMonth_mg121_rv18587_rv25535:testPropertyAddMonth_mg121_rv18665_rv64904:testPropertyAddMonth_mg121_rv18561_rv26742:testPropertyAddMonth_mg121_rv18583_rv24350:testPropertyAddMonth_mg121_rv18652_rv23106:testPropertyAddMonth_mg121_rv18665_mg64674:testPropertyAddMonth_mg121_rv18665_rv64839:testPropertyAddMonth_mg121_rv18585_rv32636:testPropertyAddMonth_mg121_rv18553_rv27960:testPropertyAddMonth_mg141_rv10738_rv66270:testPropertyAddMonth_mg121_rv18589_rv73246:testPropertyAddMonth_mg141_rv10679_rv31405:testPropertyAddMonth_mg121_rv18665_rv64831:testPropertyAddMonth_mg141_rv10768_rv70559:testPropertyAddMonth_mg121_rv18557_rv29089:testPropertyAddMonth_mg121_rv18646_rv34992:testPropertyAddMonth_mg121_rv18578_rv71476:testPropertyAddMonth_mg141_rv10727_rv75322:testPropertyAddMonth_mg141_rv10734_rv73987:testPropertyAddMonth_mg121_rv18665_rv64819:testPropertyAddMonth_mg141_rv10724_rv69685:testPropertyAddMonth_mg121_rv18580_rv30245:testPropertyAddMonth_mg121_rv18665_rv64901:testPropertyAddMonth_mg121_rv18565_rv67587:testPropertyAddMonth_mg121_rv18665_rv64881:testPropertyAddMonth_mg138_rv5295_rv55649:testPropertyAddMonth_mg134_rv2800_rv75584:testPropertyAddMonth_mg141_rv10690_rv72341:testPropertyAddMonth_mg121_rv18665_rv64893:testPropertyAddMonth_mg141_rv10716_rv68790:testPropertyAddMonth_mg121_rv18591_rv74553:testPropertyAddMonth_mg121_rv18574_rv33812:testPropertyAddMonth_mg114_rv19716_rv53398:testPropertyAddMonth_mg121_rv18626_mg61692:testPropertyAddMonth_mg141_rv10738_rv66297:testPropertyAddMonth_mg141_rv10758_rv54596:testPropertyAddMonth_mg141_rv10684_rv75017:testPropertyAddMonth_mg141_rv10721_rv62793:testPropertyAddMonth_mg121_rv18567_rv37438:testPropertyAddMonth_mg136_rv4064_rv52404:testPropertyAddMonth_mg141_rv10738_mg65737:testPropertyAddMonth_mg121_rv18555_rv36203:testPropertyAddMonth_mg141_rv10738_rv66303:testPropertyAddMonth_mg141_rv10738_rv66275:testPropertyAddMonth_mg141_rv10738_rv66345:testPropertyAddMonth_mg141_rv10738_rv66314:testPropertyAddMonth_mg121_rv18665_rv64988:testPropertyAddMonth_mg121_rv18665_rv64827:testPropertyAddMonth_mg121_rv18678_rv58148:testPropertyAddMonth_mg141_rv10738_rv66278:testPropertyAddMonth_mg141_rv10565_rv59240:testPropertyAddMonth_mg141_rv10597_rv63895:testPropertyAddMonth_mg121_rv18665_rv64889:testPropertyAddMonth_mg121_rv18576_rv61629:testPropertyAddMonth_mg141_rv10738_rv66307:testPropertyAddMonth_mg141_rv10603_rv65095:testPropertyAddMonth_mg121_rv18665_rv64912:testPropertyAddMonth_mg121_rv18665_rv64865:testPropertyAddMonth_mg141_rv10738_rv66334:testPropertyAddMonth_mg121_rv18554_rv56871:testPropertyAddMonth_mg121_rv18665_rv64908:testPropertyAddMonth_mg121_rv18665_rv64845:testPropertyAddMonth_mg141_rv10571_rv60373:testPropertyAddMonth_mg141_rv10738_rv66144:testPropertyAddMonth_mg141_rv10738_rv66300:testPropertyAddMonth_mg141_rv10738_mg65818:testPropertyAddMonth_mg141_rv10589_rv43662:testPropertyAddMonth_mg141_rv10738_rv66152:testPropertyAddMonth_mg141_rv10738_rv66191:testPropertyAddMonth_mg121_rv18645_rv41278:testPropertyAddMonth_mg121_rv18665_rv64823:testPropertyAddMonth_mg141_rv10550_rv66326:testPropertyAddMonth_mg141_rv10738_rv66199:testPropertyAddMonth_mg116_rv20357_rv40073:testPropertyAddMonth_mg141_rv10568_rv38991:testPropertyAddMonth_mg121_rv18665_rv64885:testPropertyAddMonth_mg141_rv10595_rv45870:testPropertyAddMonth_mg141_rv10599_rv42444:testPropertyAddMonth_mg121_rv18665_rv65027:testPropertyAddMonth_mg118_rv21054_rv44663:testPropertyAddMonth_mg141_rv10562_rv37869:testPropertyAddMonth_mg141_rv10738_rv66148:testPropertyAddMonth_mg141_rv10738_rv66129:testPropertyAddMonth_mg141_rv10559_rv50392:testPropertyAddMonth_mg141_rv10738_rv66140:testPropertyAddMonth_mg121_rv18674_mg48022:testPropertyAddMonth_mg141_rv10575_rv47073:testPropertyAddMonth_mg141_rv10738_rv66195:testPropertyAddMonth_mg141_rv10706_rv49304:testPropertyAddMonth_mg141_rv10738_rv66187:testPropertyAddMonth_mg141_rv10738_rv66176:testPropertyAddMonth_mg113_rv19374_rv48116:testPropertyAddMonth_mg122_rv19179_mg55527:testPropertyAddMonth_mg121_rv18682_mg53485:testPropertyAddMonth_mg121_rv18665_rv64985
File saved to the following path: /tmp/icst-2019/september-2018/dataset/joda-time_parent/target/dspot/TestListener.ser
Loading /tmp/icst-2019/september-2018/dataset/joda-time_parent/target/dspot/TestListener.ser
[INFO] Test has been run: initializationError(org.junit.runner.manipulation.Filter): No tests found matching Filter test methods according their simple name: [testPropertyAddMonth_mg121_rv18665_rv65010, testPropertyAddMonth_mg141_rv10738_rv66318, testPropertyAddMonth_mg121_rv18665_mg64734, testPropertyAddMonth_mg141_rv10738_mg66068, testPropertyAddMonth_mg122_rv19205_rv68827, testPropertyAddMonth_mg121_rv18624_rv67638, testPropertyAddMonth_mg121_rv18665_rv64962, testPropertyAddMonth_mg142_rv11645_rv69749, testPropertyAddMonth_mg143_rv12308_rv71562, testPropertyAddMonth_mg123_rv19597_rv70650, testPropertyAddMonth_mg141_rv10670_rv72524, testPropertyAddMonth_mg141_rv10738_rv66261, testPropertyAddMonth_mg121_rv18639_rv73510, testPropertyAddMonth_mg121_rv18665_rv64979, testPropertyAddMonth_mg121_rv18624_mg67392, testPropertyAddMonth_mg122_rv19205_mg68593, testPropertyAddMonth_mg121_rv18665_mg64670, testPropertyAddMonth_mg142_rv11645_mg69555, testPropertyAddMonth_mg143_rv12308_mg71377, testPropertyAddMonth_mg123_rv19597_mg70469, testPropertyAddMonth_mg141_rv10694_rv51515, testPropertyAddMonth_mg141_rv10670_mg72354, testPropertyAddMonth_mg141_rv10738_rv66282, testPropertyAddMonth_mg141_rv10738_mg66021, testPropertyAddMonth_mg121_rv18665_rv64965, testPropertyAddMonth_mg141_rv10743_rv54612, testPropertyAddMonth_mg141_rv10672_rv55851, testPropertyAddMonth_mg121_rv18666_rv58091, testPropertyAddMonth_mg141_rv10738_rv66323, testPropertyAddMonth_mg121_rv18626_rv61920, testPropertyAddMonth_mg121_rv18639_mg73328, testPropertyAddMonth_mg121_rv18665_rv65013, testPropertyAddMonth_mg121_rv18665_mg64691, testPropertyAddMonth_mg147_rv17801_rv49344, testPropertyAddMonth_mg121_rv18674_rv48253, testPropertyAddMonth_mg121_rv18682_rv53682, testPropertyAddMonth_mg141_rv10694_mg51329, testPropertyAddMonth_mg141_rv10738_rv66264, testPropertyAddMonth_mg121_rv18624_rv67598, testPropertyAddMonth_mg122_rv19179_rv55743, testPropertyAddMonth_mg121_rv18665_rv65021, testPropertyAddMonth_mg141_rv10738_mg66037, testPropertyAddMonth_mg121_rv18620_rv56926, testPropertyAddMonth_mg122_rv19205_rv68783, testPropertyAddMonth_mg143_rv12273_rv59278, testPropertyAddMonth_mg121_rv18665_rv65030, testPropertyAddMonth_mg142_rv11598_rv58115, testPropertyAddMonth_mg142_rv11645_rv69717, testPropertyAddMonth_mg123_rv19574_rv60481, testPropertyAddMonth_mg146_rv17192_rv63810, testPropertyAddMonth_mg126_rv20556_rv61585, testPropertyAddMonth_mg123_rv19597_rv70617, testPropertyAddMonth_mg121_rv18665_rv64959, testPropertyAddMonth_mg121_rv18663_rv62810, testPropertyAddMonth_mg143_rv12308_rv71531, testPropertyAddMonth_mg121_rv18629_rv66306, testPropertyAddMonth_mg141_rv10754_rv65044, testPropertyAddMonth_mg141_rv10738_rv66331, testPropertyAddMonth_mg141_rv10765_rv67516, testPropertyAddMonth_mg121_mg18510_rv68857, testPropertyAddMonth_mg121_mg18510_rv68657, testPropertyAddMonth_mg121_rv18665_rv65004, testPropertyAddMonth_mg121_rv18655_rv71649, testPropertyAddMonth_mg141_rv10743_mg54366, testPropertyAddMonth_mg121_rv18665_mg64738, testPropertyAddMonth_mg141_rv10738_rv66341, testPropertyAddMonth_mg141_rv10670_rv72474, testPropertyAddMonth_mg121_rv18636_rv70702, testPropertyAddMonth_mg121_rv18633_rv72608, testPropertyAddMonth_mg121_rv18649_rv69771, testPropertyAddMonth_mg121_rv18665_rv64970, testPropertyAddMonth_mg121_rv18664_rv73572, testPropertyAddMonth_mg117_rv20705_rv40620, testPropertyAddMonth_mg141_rv10738_mg66071, testPropertyAddMonth_mg121_rv18660_rv41860, testPropertyAddMonth_mg141_rv10664_rv43003, testPropertyAddMonth_mg121_rv18665_mg64389, testPropertyAddMonth_mg121_rv18684_rv39620, testPropertyAddMonth_mg137_rv4692_rv44015, testPropertyAddMonth_mg121_rv18676_rv45212, testPropertyAddMonth_mg127_rv20863_rv38426, testPropertyAddMonth_mg141_rv10672_mg55674, testPropertyAddMonth_mg141_rv10738_rv66258, testPropertyAddMonth_mg121_rv18559_rv46422, testPropertyAddMonth_mg121_rv18665_rv64999, testPropertyAddMonth_mg121_mg18467_rv48953, testPropertyAddMonth_mg121_rv18665_rv64976, testPropertyAddMonth_mg141_rv10731_rv47597, testPropertyAddMonth_mg121_rv18666_mg57817, testPropertyAddMonth_mg121_rv18563_rv51357, testPropertyAddMonth_mg121_rv18665_rv64994, testPropertyAddMonth_mg112_rv18930_rv50066, testPropertyAddMonth_mg121_rv18665_rv64973, testPropertyAddMonth_mg121_rv18665_mg64467, testPropertyAddMonth_mg121_rv18665_rv65007, testPropertyAddMonth_mg121_mg18467_rv48700, testPropertyAddMonth_mg121_rv18665_rv65033, testPropertyAddMonth_mg141_rv10738_rv66311, testPropertyAddMonth_mg121_rv18665_rv65024, testPropertyAddMonth_mg121_rv18665_rv65002, testPropertyAddMonth_mg121_rv18665_rv64835, testPropertyAddMonth_mg121_rv18665_rv64997, testPropertyAddMonth_mg121_rv18665_rv64842, testPropertyAddMonth_mg121_rv18665_rv64897, testPropertyAddMonth_mg141_rv10738_mg66024, testPropertyAddMonth_mg121_rv18587_rv25535, testPropertyAddMonth_mg121_rv18665_rv64904, testPropertyAddMonth_mg121_rv18561_rv26742, testPropertyAddMonth_mg121_rv18583_rv24350, testPropertyAddMonth_mg121_rv18652_rv23106, testPropertyAddMonth_mg121_rv18665_mg64674, testPropertyAddMonth_mg121_rv18665_rv64839, testPropertyAddMonth_mg121_rv18585_rv32636, testPropertyAddMonth_mg121_rv18553_rv27960, testPropertyAddMonth_mg141_rv10738_rv66270, testPropertyAddMonth_mg121_rv18589_rv73246, testPropertyAddMonth_mg141_rv10679_rv31405, testPropertyAddMonth_mg121_rv18665_rv64831, testPropertyAddMonth_mg141_rv10768_rv70559, testPropertyAddMonth_mg121_rv18557_rv29089, testPropertyAddMonth_mg121_rv18646_rv34992, testPropertyAddMonth_mg121_rv18578_rv71476, testPropertyAddMonth_mg141_rv10727_rv75322, testPropertyAddMonth_mg141_rv10734_rv73987, testPropertyAddMonth_mg121_rv18665_rv64819, testPropertyAddMonth_mg141_rv10724_rv69685, testPropertyAddMonth_mg121_rv18580_rv30245, testPropertyAddMonth_mg121_rv18665_rv64901, testPropertyAddMonth_mg121_rv18565_rv67587, testPropertyAddMonth_mg121_rv18665_rv64881, testPropertyAddMonth_mg138_rv5295_rv55649, testPropertyAddMonth_mg134_rv2800_rv75584, testPropertyAddMonth_mg141_rv10690_rv72341, testPropertyAddMonth_mg121_rv18665_rv64893, testPropertyAddMonth_mg141_rv10716_rv68790, testPropertyAddMonth_mg121_rv18591_rv74553, testPropertyAddMonth_mg121_rv18574_rv33812, testPropertyAddMonth_mg114_rv19716_rv53398, testPropertyAddMonth_mg121_rv18626_mg61692, testPropertyAddMonth_mg141_rv10738_rv66297, testPropertyAddMonth_mg141_rv10758_rv54596, testPropertyAddMonth_mg141_rv10684_rv75017, testPropertyAddMonth_mg141_rv10721_rv62793, testPropertyAddMonth_mg121_rv18567_rv37438, testPropertyAddMonth_mg136_rv4064_rv52404, testPropertyAddMonth_mg141_rv10738_mg65737, testPropertyAddMonth_mg121_rv18555_rv36203, testPropertyAddMonth_mg141_rv10738_rv66303, testPropertyAddMonth_mg141_rv10738_rv66275, testPropertyAddMonth_mg141_rv10738_rv66345, testPropertyAddMonth_mg141_rv10738_rv66314, testPropertyAddMonth_mg121_rv18665_rv64988, testPropertyAddMonth_mg121_rv18665_rv64827, testPropertyAddMonth_mg121_rv18678_rv58148, testPropertyAddMonth_mg141_rv10738_rv66278, testPropertyAddMonth_mg141_rv10565_rv59240, testPropertyAddMonth_mg141_rv10597_rv63895, testPropertyAddMonth_mg121_rv18665_rv64889, testPropertyAddMonth_mg121_rv18576_rv61629, testPropertyAddMonth_mg141_rv10738_rv66307, testPropertyAddMonth_mg141_rv10603_rv65095, testPropertyAddMonth_mg121_rv18665_rv64912, testPropertyAddMonth_mg121_rv18665_rv64865, testPropertyAddMonth_mg141_rv10738_rv66334, testPropertyAddMonth_mg121_rv18554_rv56871, testPropertyAddMonth_mg121_rv18665_rv64908, testPropertyAddMonth_mg121_rv18665_rv64845, testPropertyAddMonth_mg141_rv10571_rv60373, testPropertyAddMonth_mg141_rv10738_rv66144, testPropertyAddMonth_mg141_rv10738_rv66300, testPropertyAddMonth_mg141_rv10738_mg65818, testPropertyAddMonth_mg141_rv10589_rv43662, testPropertyAddMonth_mg141_rv10738_rv66152, testPropertyAddMonth_mg141_rv10738_rv66191, testPropertyAddMonth_mg121_rv18645_rv41278, testPropertyAddMonth_mg121_rv18665_rv64823, testPropertyAddMonth_mg141_rv10550_rv66326, testPropertyAddMonth_mg141_rv10738_rv66199, testPropertyAddMonth_mg116_rv20357_rv40073, testPropertyAddMonth_mg141_rv10568_rv38991, testPropertyAddMonth_mg121_rv18665_rv64885, testPropertyAddMonth_mg141_rv10595_rv45870, testPropertyAddMonth_mg141_rv10599_rv42444, testPropertyAddMonth_mg121_rv18665_rv65027, testPropertyAddMonth_mg118_rv21054_rv44663, testPropertyAddMonth_mg141_rv10562_rv37869, testPropertyAddMonth_mg141_rv10738_rv66148, testPropertyAddMonth_mg141_rv10738_rv66129, testPropertyAddMonth_mg141_rv10559_rv50392, testPropertyAddMonth_mg141_rv10738_rv66140, testPropertyAddMonth_mg121_rv18674_mg48022, testPropertyAddMonth_mg141_rv10575_rv47073, testPropertyAddMonth_mg141_rv10738_rv66195, testPropertyAddMonth_mg141_rv10706_rv49304, testPropertyAddMonth_mg141_rv10738_rv66187, testPropertyAddMonth_mg141_rv10738_rv66176, testPropertyAddMonth_mg113_rv19374_rv48116, testPropertyAddMonth_mg122_rv19179_mg55527, testPropertyAddMonth_mg121_rv18682_mg53485, testPropertyAddMonth_mg121_rv18665_rv64985] from org.junit.internal.requests.ClassRequest@2d8e6db6
[INFO] 1 test fail, generating try/catch/fail blocks...
[INFO] Could not generate any test with assertions
[INFO] 0 amplified test methods has been selected to be kept. (global: 0)
[INFO] Amplification of testPropertyAddDay, (2/23)
[INFO] iteration 0 / 3
[INFO] 1 tests selected to be amplified over 1 available tests
[INFO] Amplification of inputs...
100% |================================================== ]/
[INFO] 290 new tests generated
[WARNING] Too many tests have been generated: 290
[INFO] Number of generated test reduced to 200
[INFO] Run tests. (200)
[ERROR] Error(s) during compilation:
[ERROR] Pb(130) The constructor Object(String) is undefined
[ERROR] Error(s) during compilation:
[ERROR] Pb(130) The constructor Object(String) is undefined
[ERROR] Error(s) during compilation:
[ERROR] Pb(130) The constructor Object(String) is undefined
[ERROR] Error(s) during compilation:
[ERROR] Pb(130) The constructor Object(String) is undefined
[WARNING] Trying three time to compile with no success. Give up.
[INFO] Run: java -classpath /tmp/icst-2019/september-2018/dataset/joda-time_parent/target/test-classes:/tmp/icst-2019/september-2018/dataset/joda-time_parent/target/classes/:/home/spirals/danglot/.m2/repository/junit/junit/4.12/junit-4.12.jar:/home/spirals/danglot/.m2/repository/org/joda/joda-convert/1.2/joda-convert-1.2.jar:/home/spirals/danglot/.m2/repository/junit/junit/3.8.2/junit-3.8.2.jar:/tmp/icst-2019/september-2018/dataset/joda-time_parent/target/dspot/dependencies/:/home/spirals/danglot/.m2/repository/eu/stamp-project/test-runner/1.1.0/test-runner-1.1.0-jar-with-dependencies.jar eu.stamp_project.testrunner.runner.test.TestRunner org.joda.time.TestYearMonthDay_Properties testPropertyAddDay_mg76077:testPropertyAddDay_mg76057:testPropertyAddDay_mg76063:testPropertyAddDay_mg76083:testPropertyAddDay_mg76062:testPropertyAddDay_mg76082:testPropertyAddDay_mg76049:testPropertyAddDay_mg76069:testPropertyAddDay_mg76073:testPropertyAddDay_mg76053:testPropertyAddDay_mg76067:testPropertyAddDay_mg76047:testPropertyAddDay_mg76070:testPropertyAddDay_mg76050:testPropertyAddDay_mg76054:testPropertyAddDay_mg76074:testPropertyAddDay_mg76068:testPropertyAddDay_mg76048:testPropertyAddDay_mg76052:testPropertyAddDay_mg76072:testPropertyAddDay_mg76064:testPropertyAddDay_mg76084:testPropertyAddDay_add76036:testPropertyAddDay_add76034:testPropertyAddDay_mg76085:testPropertyAddDay_mg76065:testPropertyAddDay_mg76075:testPropertyAddDay_mg76055:testPropertyAddDay_add76044:testPropertyAddDay_add76042:testPropertyAddDay_mg76066:testPropertyAddDay_mg76046:testPropertyAddDay_mg76080:testPropertyAddDay_mg76060:testPropertyAddDay_literalMutationNumber75796:testPropertyAddDay_literalMutationNumber75797:testPropertyAddDay_mg76081:testPropertyAddDay_add76031:testPropertyAddDay_add76041:testPropertyAddDay_mg76061:testPropertyAddDay_add76033:testPropertyAddDay_add76025:testPropertyAddDay_add76043:testPropertyAddDay_add76035:testPropertyAddDay_literalMutationNumber75942:testPropertyAddDay_add76027:testPropertyAddDay_add76045:testPropertyAddDay_literalMutationNumber75943:testPropertyAddDay_add76037:testPropertyAddDay_literalMutationNumber75940:testPropertyAddDay_literalMutationNumber75990:testPropertyAddDay_add76029:testPropertyAddDay_literalMutationNumber75954:testPropertyAddDay_add76039:testPropertyAddDay_literalMutationNumber75947:testPropertyAddDay_literalMutationNumber75955:testPropertyAddDay_literalMutationNumber75948:testPropertyAddDay_literalMutationNumber75952:testPropertyAddDay_literalMutationNumber75991:testPropertyAddDay_literalMutationNumber75945:testPropertyAddDay_literalMutationNumber75949:testPropertyAddDay_literalMutationNumber75989:testPropertyAddDay_literalMutationNumber75944:testPropertyAddDay_literalMutationNumber75946:testPropertyAddDay_literalMutationNumber75957:testPropertyAddDay_literalMutationNumber75956:testPropertyAddDay_literalMutationNumber75988:testPropertyAddDay_mg76071:testPropertyAddDay_mg76051:testPropertyAddDay_literalMutationNumber75951:testPropertyAddDay_literalMutationNumber75941:testPropertyAddDay_literalMutationNumber75993:testPropertyAddDay_literalMutationNumber75950:testPropertyAddDay_literalMutationNumber75953:testPropertyAddDay_literalMutationNumber75992:testPropertyAddDay_literalMutationNumber76012:testPropertyAddDay_literalMutationNumber76013:testPropertyAddDay_literalMutationNumber76000:testPropertyAddDay_literalMutationNumber76001:testPropertyAddDay_literalMutationNumber76020:testPropertyAddDay_literalMutationNumber76007:testPropertyAddDay_literalMutationNumber76008:testPropertyAddDay_literalMutationNumber75820:testPropertyAddDay_literalMutationNumber75911:testPropertyAddDay_literalMutationNumber76019:testPropertyAddDay_literalMutationNumber75821:testPropertyAddDay_literalMutationNumber75912:testPropertyAddDay_literalMutationNumber75832:testPropertyAddDay_literalMutationNumber75833:testPropertyAddDay_literalMutationNumber75851:testPropertyAddDay_literalMutationNumber75905:testPropertyAddDay_literalMutationNumber75923:testPropertyAddDay_literalMutationNumber75852:testPropertyAddDay_literalMutationNumber75870:testPropertyAddDay_literalMutationNumber75906:testPropertyAddDay_literalMutationNumber75924:testPropertyAddDay_literalMutationNumber75960:testPropertyAddDay_literalMutationNumber75976:testPropertyAddDay_literalMutationNumber75800:testPropertyAddDay_literalMutationNumber75826:testPropertyAddDay_literalMutationNumber75844:testPropertyAddDay_literalMutationNumber75977:testPropertyAddDay_literalMutationNumber75827:testPropertyAddDay_literalMutationNumber75845:testPropertyAddDay_literalMutationNumber75863:testPropertyAddDay_literalMutationNumber75881:testPropertyAddDay_literalMutationNumber75916:testPropertyAddDay_literalMutationNumber75935:testPropertyAddDay_literalMutationNumber75971:testPropertyAddDay_literalMutationNumber75864:testPropertyAddDay_literalMutationNumber75882:testPropertyAddDay_literalMutationNumber75917:testPropertyAddDay_literalMutationNumber75936:testPropertyAddDay_literalMutationNumber75972:testPropertyAddDay_literalMutationNumber75838:testPropertyAddDay_literalMutationNumber75856:testPropertyAddDay_literalMutationNumber75874:testPropertyAddDay_literalMutationNumber75893:testPropertyAddDay_literalMutationNumber75928:testPropertyAddDay_literalMutationNumber75964:testPropertyAddDay_literalMutationNumber75983:testPropertyAddDay_literalMutationNumber75839:testPropertyAddDay_literalMutationNumber75857:testPropertyAddDay_literalMutationNumber75875:testPropertyAddDay_literalMutationNumber75894:testPropertyAddDay_literalMutationNumber75929:testPropertyAddDay_literalMutationNumber75965:testPropertyAddDay_literalMutationNumber75984:testPropertyAddDay_literalMutationNumber75869:testPropertyAddDay_literalMutationNumber75886:testPropertyAddDay_literalMutationNumber75959:testPropertyAddDay_literalMutationNumber75995:testPropertyAddDay_literalMutationNumber75887:testPropertyAddDay_literalMutationNumber75996:testPropertyAddDay_literalMutationNumber75898:testPropertyAddDay_literalMutationNumber75899:testPropertyAddDay_literalMutationNumber75810:testPropertyAddDay_literalMutationNumber76015:testPropertyAddDay_literalMutationNumber76017:testPropertyAddDay_literalMutationNumber76021:testPropertyAddDay_literalMutationNumber75802:testPropertyAddDay_literalMutationNumber76010:testPropertyAddDay_literalMutationNumber75803:testPropertyAddDay_literalMutationNumber75811:testPropertyAddDay_literalMutationNumber75815:testPropertyAddDay_literalMutationNumber76014:testPropertyAddDay_literalMutationNumber75816:testPropertyAddDay_literalMutationNumber76003:testPropertyAddDay_literalMutationNumber76005:testPropertyAddDay_literalMutationNumber76011:testPropertyAddDay_literalMutationNumber76022:testPropertyAddDay_literalMutationNumber75809:testPropertyAddDay_literalMutationNumber75900:testPropertyAddDay_literalMutationNumber75901:testPropertyAddDay_literalMutationNumber76004:testPropertyAddDay_literalMutationNumber76006:testPropertyAddDay_literalMutationNumber76009:testPropertyAddDay_literalMutationNumber75801:testPropertyAddDay_literalMutationNumber75805:testPropertyAddDay_literalMutationNumber75981:testPropertyAddDay_literalMutationNumber76016:testPropertyAddDay_literalMutationNumber76023:testPropertyAddDay_literalMutationNumber75804:testPropertyAddDay_literalMutationNumber75817:testPropertyAddDay_literalMutationNumber75822:testPropertyAddDay_literalMutationNumber75823:testPropertyAddDay_literalMutationNumber75910:testPropertyAddDay_literalMutationNumber76002:testPropertyAddDay_literalMutationNumber76018:testPropertyAddDay_literalMutationNumber75814:testPropertyAddDay_literalMutationNumber75913:testPropertyAddDay_literalMutationNumber75831:testPropertyAddDay_literalMutationNumber75903:testPropertyAddDay_literalMutationNumber75921:testPropertyAddDay_literalMutationNumber75834:testPropertyAddDay_literalMutationNumber75835:testPropertyAddDay_literalMutationNumber75850:testPropertyAddDay_literalMutationNumber75904:testPropertyAddDay_literalMutationNumber75920:testPropertyAddDay_literalMutationNumber75922:testPropertyAddDay_literalMutationNumber75808:testPropertyAddDay_literalMutationNumber75830:testPropertyAddDay_literalMutationNumber75853:testPropertyAddDay_literalMutationNumber75871:testPropertyAddDay_literalMutationNumber75902:testPropertyAddDay_literalMutationNumber75907:testPropertyAddDay_literalMutationNumber75925:testPropertyAddDay_literalMutationNumber75961:testPropertyAddDay_literalMutationNumber75807:testPropertyAddDay_literalMutationNumber75825:testPropertyAddDay_literalMutationNumber75841:testPropertyAddDay_literalMutationNumber75843:testPropertyAddDay_literalMutationNumber75861:testPropertyAddDay_literalMutationNumber75914:testPropertyAddDay_literalMutationNumber75931:testPropertyAddDay_literalMutationNumber75933:testPropertyAddDay_literalMutationNumber75824:testPropertyAddDay_literalMutationNumber75828:testPropertyAddDay_literalMutationNumber75829:testPropertyAddDay_literalMutationNumber75842
File saved to the following path: /tmp/icst-2019/september-2018/dataset/joda-time_parent/target/dspot/TestListener.ser
Loading /tmp/icst-2019/september-2018/dataset/joda-time_parent/target/dspot/TestListener.ser
[INFO] Test has been run: initializationError(org.junit.runner.manipulation.Filter): No tests found matching Filter test methods according their simple name: [testPropertyAddDay_mg76077, testPropertyAddDay_mg76057, testPropertyAddDay_mg76063, testPropertyAddDay_mg76083, testPropertyAddDay_mg76062, testPropertyAddDay_mg76082, testPropertyAddDay_mg76049, testPropertyAddDay_mg76069, testPropertyAddDay_mg76073, testPropertyAddDay_mg76053, testPropertyAddDay_mg76067, testPropertyAddDay_mg76047, testPropertyAddDay_mg76070, testPropertyAddDay_mg76050, testPropertyAddDay_mg76054, testPropertyAddDay_mg76074, testPropertyAddDay_mg76068, testPropertyAddDay_mg76048, testPropertyAddDay_mg76052, testPropertyAddDay_mg76072, testPropertyAddDay_mg76064, testPropertyAddDay_mg76084, testPropertyAddDay_add76036, testPropertyAddDay_add76034, testPropertyAddDay_mg76085, testPropertyAddDay_mg76065, testPropertyAddDay_mg76075, testPropertyAddDay_mg76055, testPropertyAddDay_add76044, testPropertyAddDay_add76042, testPropertyAddDay_mg76066, testPropertyAddDay_mg76046, testPropertyAddDay_mg76080, testPropertyAddDay_mg76060, testPropertyAddDay_literalMutationNumber75796, testPropertyAddDay_literalMutationNumber75797, testPropertyAddDay_mg76081, testPropertyAddDay_add76031, testPropertyAddDay_add76041, testPropertyAddDay_mg76061, testPropertyAddDay_add76033, testPropertyAddDay_add76025, testPropertyAddDay_add76043, testPropertyAddDay_add76035, testPropertyAddDay_literalMutationNumber75942, testPropertyAddDay_add76027, testPropertyAddDay_add76045, testPropertyAddDay_literalMutationNumber75943, testPropertyAddDay_add76037, testPropertyAddDay_literalMutationNumber75940, testPropertyAddDay_literalMutationNumber75990, testPropertyAddDay_add76029, testPropertyAddDay_literalMutationNumber75954, testPropertyAddDay_add76039, testPropertyAddDay_literalMutationNumber75947, testPropertyAddDay_literalMutationNumber75955, testPropertyAddDay_literalMutationNumber75948, testPropertyAddDay_literalMutationNumber75952, testPropertyAddDay_literalMutationNumber75991, testPropertyAddDay_literalMutationNumber75945, testPropertyAddDay_literalMutationNumber75949, testPropertyAddDay_literalMutationNumber75989, testPropertyAddDay_literalMutationNumber75944, testPropertyAddDay_literalMutationNumber75946, testPropertyAddDay_literalMutationNumber75957, testPropertyAddDay_literalMutationNumber75956, testPropertyAddDay_literalMutationNumber75988, testPropertyAddDay_mg76071, testPropertyAddDay_mg76051, testPropertyAddDay_literalMutationNumber75951, testPropertyAddDay_literalMutationNumber75941, testPropertyAddDay_literalMutationNumber75993, testPropertyAddDay_literalMutationNumber75950, testPropertyAddDay_literalMutationNumber75953, testPropertyAddDay_literalMutationNumber75992, testPropertyAddDay_literalMutationNumber76012, testPropertyAddDay_literalMutationNumber76013, testPropertyAddDay_literalMutationNumber76000, testPropertyAddDay_literalMutationNumber76001, testPropertyAddDay_literalMutationNumber76020, testPropertyAddDay_literalMutationNumber76007, testPropertyAddDay_literalMutationNumber76008, testPropertyAddDay_literalMutationNumber75820, testPropertyAddDay_literalMutationNumber75911, testPropertyAddDay_literalMutationNumber76019, testPropertyAddDay_literalMutationNumber75821, testPropertyAddDay_literalMutationNumber75912, testPropertyAddDay_literalMutationNumber75832, testPropertyAddDay_literalMutationNumber75833, testPropertyAddDay_literalMutationNumber75851, testPropertyAddDay_literalMutationNumber75905, testPropertyAddDay_literalMutationNumber75923, testPropertyAddDay_literalMutationNumber75852, testPropertyAddDay_literalMutationNumber75870, testPropertyAddDay_literalMutationNumber75906, testPropertyAddDay_literalMutationNumber75924, testPropertyAddDay_literalMutationNumber75960, testPropertyAddDay_literalMutationNumber75976, testPropertyAddDay_literalMutationNumber75800, testPropertyAddDay_literalMutationNumber75826, testPropertyAddDay_literalMutationNumber75844, testPropertyAddDay_literalMutationNumber75977, testPropertyAddDay_literalMutationNumber75827, testPropertyAddDay_literalMutationNumber75845, testPropertyAddDay_literalMutationNumber75863, testPropertyAddDay_literalMutationNumber75881, testPropertyAddDay_literalMutationNumber75916, testPropertyAddDay_literalMutationNumber75935, testPropertyAddDay_literalMutationNumber75971, testPropertyAddDay_literalMutationNumber75864, testPropertyAddDay_literalMutationNumber75882, testPropertyAddDay_literalMutationNumber75917, testPropertyAddDay_literalMutationNumber75936, testPropertyAddDay_literalMutationNumber75972, testPropertyAddDay_literalMutationNumber75838, testPropertyAddDay_literalMutationNumber75856, testPropertyAddDay_literalMutationNumber75874, testPropertyAddDay_literalMutationNumber75893, testPropertyAddDay_literalMutationNumber75928, testPropertyAddDay_literalMutationNumber75964, testPropertyAddDay_literalMutationNumber75983, testPropertyAddDay_literalMutationNumber75839, testPropertyAddDay_literalMutationNumber75857, testPropertyAddDay_literalMutationNumber75875, testPropertyAddDay_literalMutationNumber75894, testPropertyAddDay_literalMutationNumber75929, testPropertyAddDay_literalMutationNumber75965, testPropertyAddDay_literalMutationNumber75984, testPropertyAddDay_literalMutationNumber75869, testPropertyAddDay_literalMutationNumber75886, testPropertyAddDay_literalMutationNumber75959, testPropertyAddDay_literalMutationNumber75995, testPropertyAddDay_literalMutationNumber75887, testPropertyAddDay_literalMutationNumber75996, testPropertyAddDay_literalMutationNumber75898, testPropertyAddDay_literalMutationNumber75899, testPropertyAddDay_literalMutationNumber75810, testPropertyAddDay_literalMutationNumber76015, testPropertyAddDay_literalMutationNumber76017, testPropertyAddDay_literalMutationNumber76021, testPropertyAddDay_literalMutationNumber75802, testPropertyAddDay_literalMutationNumber76010, testPropertyAddDay_literalMutationNumber75803, testPropertyAddDay_literalMutationNumber75811, testPropertyAddDay_literalMutationNumber75815, testPropertyAddDay_literalMutationNumber76014, testPropertyAddDay_literalMutationNumber75816, testPropertyAddDay_literalMutationNumber76003, testPropertyAddDay_literalMutationNumber76005, testPropertyAddDay_literalMutationNumber76011, testPropertyAddDay_literalMutationNumber76022, testPropertyAddDay_literalMutationNumber75809, testPropertyAddDay_literalMutationNumber75900, testPropertyAddDay_literalMutationNumber75901, testPropertyAddDay_literalMutationNumber76004, testPropertyAddDay_literalMutationNumber76006, testPropertyAddDay_literalMutationNumber76009, testPropertyAddDay_literalMutationNumber75801, testPropertyAddDay_literalMutationNumber75805, testPropertyAddDay_literalMutationNumber75981, testPropertyAddDay_literalMutationNumber76016, testPropertyAddDay_literalMutationNumber76023, testPropertyAddDay_literalMutationNumber75804, testPropertyAddDay_literalMutationNumber75817, testPropertyAddDay_literalMutationNumber75822, testPropertyAddDay_literalMutationNumber75823, testPropertyAddDay_literalMutationNumber75910, testPropertyAddDay_literalMutationNumber76002, testPropertyAddDay_literalMutationNumber76018, testPropertyAddDay_literalMutationNumber75814, testPropertyAddDay_literalMutationNumber75913, testPropertyAddDay_literalMutationNumber75831, testPropertyAddDay_literalMutationNumber75903, testPropertyAddDay_literalMutationNumber75921, testPropertyAddDay_literalMutationNumber75834, testPropertyAddDay_literalMutationNumber75835, testPropertyAddDay_literalMutationNumber75850, testPropertyAddDay_literalMutationNumber75904, testPropertyAddDay_literalMutationNumber75920, testPropertyAddDay_literalMutationNumber75922, testPropertyAddDay_literalMutationNumber75808, testPropertyAddDay_literalMutationNumber75830, testPropertyAddDay_literalMutationNumber75853, testPropertyAddDay_literalMutationNumber75871, testPropertyAddDay_literalMutationNumber75902, testPropertyAddDay_literalMutationNumber75907, testPropertyAddDay_literalMutationNumber75925, testPropertyAddDay_literalMutationNumber75961, testPropertyAddDay_literalMutationNumber75807, testPropertyAddDay_literalMutationNumber75825, testPropertyAddDay_literalMutationNumber75841, testPropertyAddDay_literalMutationNumber75843, testPropertyAddDay_literalMutationNumber75861, testPropertyAddDay_literalMutationNumber75914, testPropertyAddDay_literalMutationNumber75931, testPropertyAddDay_literalMutationNumber75933, testPropertyAddDay_literalMutationNumber75824, testPropertyAddDay_literalMutationNumber75828, testPropertyAddDay_literalMutationNumber75829, testPropertyAddDay_literalMutationNumber75842] from org.junit.internal.requests.ClassRequest@2d8e6db6
[INFO] 1 test fail, generating try/catch/fail blocks...
[INFO] Could not generate any test with assertions
[INFO] iteration 1 / 3
[INFO] 200 tests selected to be amplified over 200 available tests
[INFO] Amplification of inputs...
 63% |=============================== ]- 81% |============================================ ]\ 88% |============================================ ]| 31% |============================================ ]\ 32% |============================================ ]| 82% |============================================ ]| 63% |============================================ ]\ 88% |============================================ ]/ 32% |============================================ ]/ 82% |============================================ ]/ 89% |============================================ ]- 64% |============================================ ]| 33% |============================================ ]- 83% |============================================ ]- 89% |============================================ ]\ 64% |============================================ ]/ 33% |============================================ ]\ 83% |============================================ ]\ 90% |============================================= ]| 65% |============================================= ]- 34% |============================================= ]| 84% |============================================= ]| 90% |============================================= ]/ 65% |============================================= ]\ 84% |============================================= ]/ 34% |============================================= ]/ 91% |============================================= ]- 66% |============================================= ]| 85% |============================================= ]- 91% |============================================= ]\ 35% |============================================= ]- 66% |============================================= ]/ 85% |============================================= ]\ 92% |============================================== ]| 35% |============================================== ]\ 67% |============================================== ]- 86% |============================================== ]| 92% |============================================== ]/ 67% |============================================== ]\ 36% |============================================== ]| 86% |============================================== ]/ 93% |============================================== ]- 68% |============================================== ]| 36% |============================================== ]/ 87% |============================================== ]- 93% |============================================== ]\ 37% |============================================== ]- 68% |============================================== ]/ 87% |============================================== ]\ 37% |============================================== ]\ 94% |=============================================== ]| 69% |=============================================== ]- 75% |=============================================== ]\ 25% |=============================================== ]\ 69% |=============================================== ]\ 94% |=============================================== ]/ 76% |=============================================== ]| 26% |=============================================== ]| 70% |=============================================== ]| 95% |=============================================== ]- 76% |=============================================== ]/ 26% |=============================================== ]/ 70% |=============================================== ]/ 95% |=============================================== ]\ 77% |=============================================== ]- 27% |=============================================== ]- 71% |=============================================== ]- 96% |================================================ ]| 77% |================================================ ]\ 71% |================================================ ]\ 27% |================================================ ]\ 96% |================================================ ]/ 78% |================================================ ]| 72% |================================================ ]| 28% |================================================ ]| 97% |================================================ ]- 78% |================================================ ]/ 72% |================================================ ]/ 28% |================================================ ]/ 97% |================================================ ]\ 79% |================================================ ]- 73% |================================================ ]- 29% |================================================ ]- 98% |================================================= ]| 79% |================================================= ]\ 73% |================================================= ]\ 29% |================================================= ]\ 98% |================================================= ]/ 80% |================================================= ]| 74% |================================================= ]| 30% |================================================= ]| 99% |================================================= ]- 80% |================================================= ]/ 74% |================================================= ]/ 30% |================================================= ]/ 99% |================================================= ]\ 81% |================================================= ]- 31% |================================================= ]- 75% |================================================== ]-100% |================================================== ]|
 56% |============================ ]/ 44% |============================ ]| 13% |============================ ]- 50% |============================ ]/ 57% |============================ ]- 44% |============================ ]/ 51% |============================ ]- 13% |============================ ]\ 57% |============================ ]\ 45% |============================ ]- 14% |============================ ]| 51% |============================ ]\ 58% |============================= ]| 45% |============================= ]\ 14% |============================= ]/ 52% |============================= ]| 58% |============================= ]/ 46% |============================= ]| 52% |============================= ]/ 15% |============================= ]- 59% |============================= ]- 46% |============================= ]/ 53% |============================= ]- 15% |============================= ]\ 59% |============================= ]\ 47% |============================= ]- 53% |============================= ]\ 60% |============================== ]| 16% |============================== ]| 47% |============================== ]\ 54% |============================== ]| 60% |============================== ]/ 16% |============================== ]/ 48% |============================== ]| 54% |============================== ]/ 61% |============================== ]- 17% |============================== ]- 48% |============================== ]/ 55% |============================== ]- 61% |============================== ]\ 17% |============================== ]\ 49% |============================== ]- 55% |============================== ]\ 62% |=============================== ]| 18% |=============================== ]| 49% |=============================== ]\ 56% |=============================== ]| 62% |=============================== ]/ 18% |=============================== ]/ 50% |=============================== ]| 38% |=============================== ]|  6% |=============================== ]/ 19% |=============================== ]-  0% |=============================== ]/ 38% |=============================== ]/  7% |=============================== ]- 19% |=============================== ]\  1% |=============================== ]- 39% |=============================== ]-  7% |=============================== ]\ 20% |=============================== ]| 39% |=============================== ]\  1% |=============================== ]\  8% |=============================== ]| 20% |=============================== ]/ 40% |=============================== ]|  2% |=============================== ]|  8% |=============================== ]/ 21% |=============================== ]- 40% |=============================== ]/  2% |=============================== ]/  9% |=============================== ]- 21% |=============================== ]\ 41% |=============================== ]-  3% |=============================== ]-  9% |=============================== ]\ 41% |=============================== ]\ 22% |=============================== ]|  3% |=============================== ]\ 10% |=============================== ]| 42% |=============================== ]| 22% |=============================== ]/  4% |=============================== ]| 42% |=============================== ]/ 23% |=============================== ]- 10% |=============================== ]/  4% |=============================== ]/ 43% |=============================== ]- 23% |=============================== ]\ 11% |=============================== ]-  5% |=============================== ]- 43% |=============================== ]\ 24% |=============================== ]| 11% |=============================== ]\  5% |=============================== ]\ 24% |=============================== ]/ 12% |=============================== ]|  6% |=============================== ]| 25% |=============================== ]- 12% |=============================== ]/[INFO] 54830 new tests generated
[WARNING] Too many tests have been generated: 54830
[INFO] Number of generated test reduced to 200
[INFO] Run tests. (200)
[ERROR] Error(s) during compilation:
[ERROR] Pb(130) The constructor Object(String) is undefined
[ERROR] Error(s) during compilation:
[ERROR] Pb(130) The constructor Object(String) is undefined
[ERROR] Error(s) during compilation:
[ERROR] Pb(130) The constructor Object(String) is undefined
[ERROR] Error(s) during compilation:
[ERROR] Pb(130) The constructor Object(String) is undefined
[WARNING] Trying three time to compile with no success. Give up.
[INFO] Run: java -classpath /tmp/icst-2019/september-2018/dataset/joda-time_parent/target/test-classes:/tmp/icst-2019/september-2018/dataset/joda-time_parent/target/classes/:/home/spirals/danglot/.m2/repository/junit/junit/4.12/junit-4.12.jar:/home/spirals/danglot/.m2/repository/org/joda/joda-convert/1.2/joda-convert-1.2.jar:/home/spirals/danglot/.m2/repository/junit/junit/3.8.2/junit-3.8.2.jar:/tmp/icst-2019/september-2018/dataset/joda-time_parent/target/dspot/dependencies/:/home/spirals/danglot/.m2/repository/eu/stamp-project/test-runner/1.1.0/test-runner-1.1.0-jar-with-dependencies.jar eu.stamp_project.testrunner.runner.test.TestRunner org.joda.time.TestYearMonthDay_Properties testPropertyAddDay_mg76077_rv117189:testPropertyAddDay_mg76057_rv118530:testPropertyAddDay_mg76077_rv117142:testPropertyAddDay_mg76057_rv118496:testPropertyAddDay_mg76077_rv117157:testPropertyAddDay_mg76057_rv118505:testPropertyAddDay_add76043_rv122797:testPropertyAddDay_add76045_rv127219:testPropertyAddDay_add76031_rv116983:testPropertyAddDay_mg76046_rv110408:testPropertyAddDay_mg76077_rv117193:testPropertyAddDay_mg76077_rv117146:testPropertyAddDay_mg76051_rv83552:testPropertyAddDay_mg76065_rv103539:testPropertyAddDay_mg76085_rv130057:testPropertyAddDay_add76033_rv120552:testPropertyAddDay_add76041_rv118085:testPropertyAddDay_mg76071_rv82460:testPropertyAddDay_mg76081_rv115821:testPropertyAddDay_add76025_rv121684:testPropertyAddDay_add76029_rv91874:testPropertyAddDay_mg76066_rv109330:testPropertyAddDay_mg76057_rv118533:testPropertyAddDay_mg76061_rv119406:testPropertyAddDay_mg76057_rv118498:testPropertyAddDay_mg76077_rv117204:testPropertyAddDay_mg76077_rv117210:testPropertyAddDay_add76035_rv123919:testPropertyAddDay_add76037_rv129129:testPropertyAddDay_add76039_rv94020:testPropertyAddDay_mg76077_rv117138:testPropertyAddDay_add76027_rv126109:testPropertyAddDay_mg76077_rv117184:testPropertyAddDay_mg76077_rv117151:testPropertyAddDay_mg76077_mg116947:testPropertyAddDay_mg76057_rv118541:testPropertyAddDay_mg76069_rv125563:testPropertyAddDay_mg76049_rv124404:testPropertyAddDay_mg76077_rv117156:testPropertyAddDay_mg76057_rv118546:testPropertyAddDay_mg76073_rv126751:testPropertyAddDay_mg76077_rv117186:testPropertyAddDay_mg76077_rv117154:testPropertyAddDay_mg76077_rv117212:testPropertyAddDay_mg76077_rv117182:testPropertyAddDay_mg76082_rv123224:testPropertyAddDay_mg76077_rv117175:testPropertyAddDay_mg76077_rv117183:testPropertyAddDay_mg76077_rv117206:testPropertyAddDay_mg76063_rv119705:testPropertyAddDay_mg76077_mg117006:testPropertyAddDay_mg76077_rv117059:testPropertyAddDay_mg76077_rv117179:testPropertyAddDay_mg76057_rv118492:testPropertyAddDay_mg76077_rv117087:testPropertyAddDay_mg76077_rv117093:testPropertyAddDay_mg76077_rv117063:testPropertyAddDay_mg76070_rv116759:testPropertyAddDay_mg76062_rv122054:testPropertyAddDay_mg76057_rv118526:testPropertyAddDay_mg76077_rv117057:testPropertyAddDay_mg76077_rv117050:testPropertyAddDay_mg76077_rv117061:testPropertyAddDay_mg76084_rv127342:testPropertyAddDay_mg76077_rv117084:testPropertyAddDay_mg76077_rv117090:testPropertyAddDay_mg76077_rv117078:testPropertyAddDay_mg76074_rv120321:testPropertyAddDay_mg76048_rv122661:testPropertyAddDay_mg76083_rv120883:testPropertyAddDay_mg76077_rv117168:testPropertyAddDay_mg76077_rv117069:testPropertyAddDay_mg76077_rv117066:testPropertyAddDay_mg76077_rv117054:testPropertyAddDay_mg76077_rv117082:testPropertyAddDay_mg76057_rv118502:testPropertyAddDay_mg76077_rv117099:testPropertyAddDay_mg76077_rv117096:testPropertyAddDay_mg76068_rv121494:testPropertyAddDay_mg76053_rv127928:testPropertyAddDay_mg76077_rv117052:testPropertyAddDay_mg76057_rv118524:testPropertyAddDay_mg76057_rv118503:testPropertyAddDay_mg76057_rv118527:testPropertyAddDay_mg76057_rv118504:testPropertyAddDay_mg76057_rv118547:testPropertyAddDay_mg76057_rv118518:testPropertyAddDay_mg76077_rv117080:testPropertyAddDay_mg76057_rv118544:testPropertyAddDay_mg76077_rv117208:testPropertyAddDay_mg76057_rv118525:testPropertyAddDay_mg76057_rv118409:testPropertyAddDay_mg76057_rv118416:testPropertyAddDay_mg76057_rv118521:testPropertyAddDay_mg76057_rv118449:testPropertyAddDay_mg76057_rv118457:testPropertyAddDay_mg76077_rv117164:testPropertyAddDay_mg76072_rv125022:testPropertyAddDay_mg76057_rv118412:testPropertyAddDay_mg76064_rv126175:testPropertyAddDay_mg76054_rv119144:testPropertyAddDay_mg76050_rv117960:testPropertyAddDay_mg76057_rv118454:testPropertyAddDay_mg76057_rv118405:testPropertyAddDay_mg76057_rv118397:testPropertyAddDay_add76034_rv129532:testPropertyAddDay_mg76057_rv118434:testPropertyAddDay_mg76057_rv118445:testPropertyAddDay_mg76057_mg118274:testPropertyAddDay_mg76057_rv118401:testPropertyAddDay_mg76057_rv118514:testPropertyAddDay_mg76057_rv118424:testPropertyAddDay_mg76057_rv118420:testPropertyAddDay_mg76057_rv118459:testPropertyAddDay_mg76057_rv118441:testPropertyAddDay_add76042_rv108199:testPropertyAddDay_mg76057_rv118461:testPropertyAddDay_add76044_rv106892:testPropertyAddDay_mg76057_rv118399:testPropertyAddDay_mg76057_mg118336:testPropertyAddDay_mg76057_rv118438:testPropertyAddDay_mg76057_rv118545:testPropertyAddDay_mg76083_rv120903:testPropertyAddDay_mg76063_rv119728:testPropertyAddDay_mg76052_rv123837:testPropertyAddDay_mg76057_rv118511:testPropertyAddDay_mg76083_rv120899:testPropertyAddDay_mg76063_rv119725:testPropertyAddDay_mg76082_rv123246:testPropertyAddDay_mg76062_rv122075:testPropertyAddDay_mg76082_rv123242:testPropertyAddDay_mg76062_rv122071:testPropertyAddDay_mg76077_mg116904:testPropertyAddDay_mg76077_mg116896:testPropertyAddDay_mg76063_mg119577:testPropertyAddDay_mg76077_rv117160:testPropertyAddDay_mg76077_mg116900:testPropertyAddDay_mg76077_mg116862:testPropertyAddDay_mg76077_mg116970:testPropertyAddDay_mg76077_rv117172:testPropertyAddDay_add76036_rv128559:testPropertyAddDay_mg76077_mg117021:testPropertyAddDay_mg76083_mg120811:testPropertyAddDay_mg76077_mg116865:testPropertyAddDay_mg76077_mg116879:testPropertyAddDay_mg76077_mg116876:testPropertyAddDay_mg76083_rv120862:testPropertyAddDay_mg76069_rv125586:testPropertyAddDay_mg76049_rv124426:testPropertyAddDay_mg76063_rv119693:testPropertyAddDay_mg76063_rv119680:testPropertyAddDay_mg76073_rv126774:testPropertyAddDay_mg76083_rv120869:testPropertyAddDay_mg76077_mg116966:testPropertyAddDay_mg76077_mg116859:testPropertyAddDay_mg76082_mg123145:testPropertyAddDay_mg76053_rv127953:testPropertyAddDay_mg76077_mg117020:testPropertyAddDay_mg76063_rv119668:testPropertyAddDay_mg76083_rv120844:testPropertyAddDay_mg76077_rv117200:testPropertyAddDay_mg76077_mg116873:testPropertyAddDay_mg76062_rv122030:testPropertyAddDay_mg76063_rv119682:testPropertyAddDay_mg76049_rv124422:testPropertyAddDay_mg76069_rv125584:testPropertyAddDay_mg76083_rv120865:testPropertyAddDay_mg76063_rv119697:testPropertyAddDay_mg76077_mg116850:testPropertyAddDay_mg76050_rv117984:testPropertyAddDay_mg76070_rv116780:testPropertyAddDay_mg76082_rv123199:testPropertyAddDay_mg76077_mg116892:testPropertyAddDay_mg76062_rv122041:testPropertyAddDay_mg76073_rv126771:testPropertyAddDay_mg76077_mg116858:testPropertyAddDay_mg76083_rv120873:testPropertyAddDay_mg76074_rv120343:testPropertyAddDay_mg76077_mg116870:testPropertyAddDay_mg76053_rv127951:testPropertyAddDay_mg76054_rv119167:testPropertyAddDay_mg76082_rv123183:testPropertyAddDay_mg76082_rv123210:testPropertyAddDay_mg76068_rv121515:testPropertyAddDay_mg76062_rv122013:testPropertyAddDay_mg76070_rv116777:testPropertyAddDay_mg76048_rv122685:testPropertyAddDay_mg76063_rv119679:testPropertyAddDay_mg76062_rv122034:testPropertyAddDay_mg76082_rv123201:testPropertyAddDay_mg76062_rv122044:testPropertyAddDay_mg76061_rv119294:testPropertyAddDay_mg76081_rv115702:testPropertyAddDay_mg76057_mg118234:testPropertyAddDay_mg76083_rv120858:testPropertyAddDay_mg76077_rv117121:testPropertyAddDay_mg76072_rv125034:testPropertyAddDay_mg76052_rv123864:testPropertyAddDay_mg76050_rv117980:testPropertyAddDay_mg76083_rv120907
File saved to the following path: /tmp/icst-2019/september-2018/dataset/joda-time_parent/target/dspot/TestListener.ser
Loading /tmp/icst-2019/september-2018/dataset/joda-time_parent/target/dspot/TestListener.ser
[INFO] Test has been run: initializationError(org.junit.runner.manipulation.Filter): No tests found matching Filter test methods according their simple name: [testPropertyAddDay_mg76077_rv117189, testPropertyAddDay_mg76057_rv118530, testPropertyAddDay_mg76077_rv117142, testPropertyAddDay_mg76057_rv118496, testPropertyAddDay_mg76077_rv117157, testPropertyAddDay_mg76057_rv118505, testPropertyAddDay_add76043_rv122797, testPropertyAddDay_add76045_rv127219, testPropertyAddDay_add76031_rv116983, testPropertyAddDay_mg76046_rv110408, testPropertyAddDay_mg76077_rv117193, testPropertyAddDay_mg76077_rv117146, testPropertyAddDay_mg76051_rv83552, testPropertyAddDay_mg76065_rv103539, testPropertyAddDay_mg76085_rv130057, testPropertyAddDay_add76033_rv120552, testPropertyAddDay_add76041_rv118085, testPropertyAddDay_mg76071_rv82460, testPropertyAddDay_mg76081_rv115821, testPropertyAddDay_add76025_rv121684, testPropertyAddDay_add76029_rv91874, testPropertyAddDay_mg76066_rv109330, testPropertyAddDay_mg76057_rv118533, testPropertyAddDay_mg76061_rv119406, testPropertyAddDay_mg76057_rv118498, testPropertyAddDay_mg76077_rv117204, testPropertyAddDay_mg76077_rv117210, testPropertyAddDay_add76035_rv123919, testPropertyAddDay_add76037_rv129129, testPropertyAddDay_add76039_rv94020, testPropertyAddDay_mg76077_rv117138, testPropertyAddDay_add76027_rv126109, testPropertyAddDay_mg76077_rv117184, testPropertyAddDay_mg76077_rv117151, testPropertyAddDay_mg76077_mg116947, testPropertyAddDay_mg76057_rv118541, testPropertyAddDay_mg76069_rv125563, testPropertyAddDay_mg76049_rv124404, testPropertyAddDay_mg76077_rv117156, testPropertyAddDay_mg76057_rv118546, testPropertyAddDay_mg76073_rv126751, testPropertyAddDay_mg76077_rv117186, testPropertyAddDay_mg76077_rv117154, testPropertyAddDay_mg76077_rv117212, testPropertyAddDay_mg76077_rv117182, testPropertyAddDay_mg76082_rv123224, testPropertyAddDay_mg76077_rv117175, testPropertyAddDay_mg76077_rv117183, testPropertyAddDay_mg76077_rv117206, testPropertyAddDay_mg76063_rv119705, testPropertyAddDay_mg76077_mg117006, testPropertyAddDay_mg76077_rv117059, testPropertyAddDay_mg76077_rv117179, testPropertyAddDay_mg76057_rv118492, testPropertyAddDay_mg76077_rv117087, testPropertyAddDay_mg76077_rv117093, testPropertyAddDay_mg76077_rv117063, testPropertyAddDay_mg76070_rv116759, testPropertyAddDay_mg76062_rv122054, testPropertyAddDay_mg76057_rv118526, testPropertyAddDay_mg76077_rv117057, testPropertyAddDay_mg76077_rv117050, testPropertyAddDay_mg76077_rv117061, testPropertyAddDay_mg76084_rv127342, testPropertyAddDay_mg76077_rv117084, testPropertyAddDay_mg76077_rv117090, testPropertyAddDay_mg76077_rv117078, testPropertyAddDay_mg76074_rv120321, testPropertyAddDay_mg76048_rv122661, testPropertyAddDay_mg76083_rv120883, testPropertyAddDay_mg76077_rv117168, testPropertyAddDay_mg76077_rv117069, testPropertyAddDay_mg76077_rv117066, testPropertyAddDay_mg76077_rv117054, testPropertyAddDay_mg76077_rv117082, testPropertyAddDay_mg76057_rv118502, testPropertyAddDay_mg76077_rv117099, testPropertyAddDay_mg76077_rv117096, testPropertyAddDay_mg76068_rv121494, testPropertyAddDay_mg76053_rv127928, testPropertyAddDay_mg76077_rv117052, testPropertyAddDay_mg76057_rv118524, testPropertyAddDay_mg76057_rv118503, testPropertyAddDay_mg76057_rv118527, testPropertyAddDay_mg76057_rv118504, testPropertyAddDay_mg76057_rv118547, testPropertyAddDay_mg76057_rv118518, testPropertyAddDay_mg76077_rv117080, testPropertyAddDay_mg76057_rv118544, testPropertyAddDay_mg76077_rv117208, testPropertyAddDay_mg76057_rv118525, testPropertyAddDay_mg76057_rv118409, testPropertyAddDay_mg76057_rv118416, testPropertyAddDay_mg76057_rv118521, testPropertyAddDay_mg76057_rv118449, testPropertyAddDay_mg76057_rv118457, testPropertyAddDay_mg76077_rv117164, testPropertyAddDay_mg76072_rv125022, testPropertyAddDay_mg76057_rv118412, testPropertyAddDay_mg76064_rv126175, testPropertyAddDay_mg76054_rv119144, testPropertyAddDay_mg76050_rv117960, testPropertyAddDay_mg76057_rv118454, testPropertyAddDay_mg76057_rv118405, testPropertyAddDay_mg76057_rv118397, testPropertyAddDay_add76034_rv129532, testPropertyAddDay_mg76057_rv118434, testPropertyAddDay_mg76057_rv118445, testPropertyAddDay_mg76057_mg118274, testPropertyAddDay_mg76057_rv118401, testPropertyAddDay_mg76057_rv118514, testPropertyAddDay_mg76057_rv118424, testPropertyAddDay_mg76057_rv118420, testPropertyAddDay_mg76057_rv118459, testPropertyAddDay_mg76057_rv118441, testPropertyAddDay_add76042_rv108199, testPropertyAddDay_mg76057_rv118461, testPropertyAddDay_add76044_rv106892, testPropertyAddDay_mg76057_rv118399, testPropertyAddDay_mg76057_mg118336, testPropertyAddDay_mg76057_rv118438, testPropertyAddDay_mg76057_rv118545, testPropertyAddDay_mg76083_rv120903, testPropertyAddDay_mg76063_rv119728, testPropertyAddDay_mg76052_rv123837, testPropertyAddDay_mg76057_rv118511, testPropertyAddDay_mg76083_rv120899, testPropertyAddDay_mg76063_rv119725, testPropertyAddDay_mg76082_rv123246, testPropertyAddDay_mg76062_rv122075, testPropertyAddDay_mg76082_rv123242, testPropertyAddDay_mg76062_rv122071, testPropertyAddDay_mg76077_mg116904, testPropertyAddDay_mg76077_mg116896, testPropertyAddDay_mg76063_mg119577, testPropertyAddDay_mg76077_rv117160, testPropertyAddDay_mg76077_mg116900, testPropertyAddDay_mg76077_mg116862, testPropertyAddDay_mg76077_mg116970, testPropertyAddDay_mg76077_rv117172, testPropertyAddDay_add76036_rv128559, testPropertyAddDay_mg76077_mg117021, testPropertyAddDay_mg76083_mg120811, testPropertyAddDay_mg76077_mg116865, testPropertyAddDay_mg76077_mg116879, testPropertyAddDay_mg76077_mg116876, testPropertyAddDay_mg76083_rv120862, testPropertyAddDay_mg76069_rv125586, testPropertyAddDay_mg76049_rv124426, testPropertyAddDay_mg76063_rv119693, testPropertyAddDay_mg76063_rv119680, testPropertyAddDay_mg76073_rv126774, testPropertyAddDay_mg76083_rv120869, testPropertyAddDay_mg76077_mg116966, testPropertyAddDay_mg76077_mg116859, testPropertyAddDay_mg76082_mg123145, testPropertyAddDay_mg76053_rv127953, testPropertyAddDay_mg76077_mg117020, testPropertyAddDay_mg76063_rv119668, testPropertyAddDay_mg76083_rv120844, testPropertyAddDay_mg76077_rv117200, testPropertyAddDay_mg76077_mg116873, testPropertyAddDay_mg76062_rv122030, testPropertyAddDay_mg76063_rv119682, testPropertyAddDay_mg76049_rv124422, testPropertyAddDay_mg76069_rv125584, testPropertyAddDay_mg76083_rv120865, testPropertyAddDay_mg76063_rv119697, testPropertyAddDay_mg76077_mg116850, testPropertyAddDay_mg76050_rv117984, testPropertyAddDay_mg76070_rv116780, testPropertyAddDay_mg76082_rv123199, testPropertyAddDay_mg76077_mg116892, testPropertyAddDay_mg76062_rv122041, testPropertyAddDay_mg76073_rv126771, testPropertyAddDay_mg76077_mg116858, testPropertyAddDay_mg76083_rv120873, testPropertyAddDay_mg76074_rv120343, testPropertyAddDay_mg76077_mg116870, testPropertyAddDay_mg76053_rv127951, testPropertyAddDay_mg76054_rv119167, testPropertyAddDay_mg76082_rv123183, testPropertyAddDay_mg76082_rv123210, testPropertyAddDay_mg76068_rv121515, testPropertyAddDay_mg76062_rv122013, testPropertyAddDay_mg76070_rv116777, testPropertyAddDay_mg76048_rv122685, testPropertyAddDay_mg76063_rv119679, testPropertyAddDay_mg76062_rv122034, testPropertyAddDay_mg76082_rv123201, testPropertyAddDay_mg76062_rv122044, testPropertyAddDay_mg76061_rv119294, testPropertyAddDay_mg76081_rv115702, testPropertyAddDay_mg76057_mg118234, testPropertyAddDay_mg76083_rv120858, testPropertyAddDay_mg76077_rv117121, testPropertyAddDay_mg76072_rv125034, testPropertyAddDay_mg76052_rv123864, testPropertyAddDay_mg76050_rv117980, testPropertyAddDay_mg76083_rv120907] from org.junit.internal.requests.ClassRequest@2d8e6db6
[INFO] 1 test fail, generating try/catch/fail blocks...
[INFO] Could not generate any test with assertions
[INFO] iteration 2 / 3
[INFO] 200 tests selected to be amplified over 200 available tests
[INFO] Amplification of inputs...
 63% |============================================ ]- 13% |============================================ ]- 88% |============================================ ]| 31% |============================================ ]\ 88% |============================================ ]/ 13% |============================================ ]\ 63% |============================================ ]\ 32% |============================================ ]| 89% |============================================ ]- 64% |============================================ ]| 32% |============================================ ]/ 14% |============================================ ]| 89% |============================================ ]\ 64% |============================================ ]/ 14% |============================================ ]/ 33% |============================================ ]- 65% |============================================ ]- 90% |============================================= ]| 15% |============================================= ]- 33% |============================================= ]\ 90% |============================================= ]/ 65% |============================================= ]\ 15% |============================================= ]\ 34% |============================================= ]| 91% |============================================= ]- 66% |============================================= ]| 16% |============================================= ]| 34% |============================================= ]/ 91% |============================================= ]\ 66% |============================================= ]/ 16% |============================================= ]/ 92% |============================================== ]| 35% |============================================== ]- 67% |============================================== ]- 17% |============================================== ]- 92% |============================================== ]/ 35% |============================================== ]\ 67% |============================================== ]\ 17% |============================================== ]\ 93% |============================================== ]- 68% |============================================== ]| 36% |============================================== ]| 93% |============================================== ]\ 18% |============================================== ]| 68% |============================================== ]/ 36% |============================================== ]/ 94% |=============================================== ]| 18% |=============================================== ]/ 69% |=============================================== ]- 94% |=============================================== ]/ 37% |=============================================== ]- 19% |=============================================== ]- 95% |=============================================== ]- 69% |=============================================== ]\ 37% |=============================================== ]\ 19% |=============================================== ]\ 95% |=============================================== ]\ 70% |=============================================== ]| 25% |=============================================== ]\ 96% |================================================ ]| 20% |================================================ ]| 70% |================================================ ]/ 26% |================================================ ]| 96% |================================================ ]/ 20% |================================================ ]/ 71% |================================================ ]- 26% |================================================ ]/ 97% |================================================ ]- 21% |================================================ ]- 71% |================================================ ]\ 97% |================================================ ]\ 27% |================================================ ]- 21% |================================================ ]\ 72% |================================================ ]| 98% |================================================= ]| 27% |================================================= ]\ 22% |================================================= ]| 72% |================================================= ]/ 98% |================================================= ]/ 28% |================================================= ]| 22% |================================================= ]/ 73% |================================================= ]- 99% |================================================= ]- 28% |================================================= ]/ 23% |================================================= ]- 73% |================================================= ]\ 99% |================================================= ]\ 29% |================================================= ]- 23% |================================================= ]\100% |================================================== ]|
 74% |===================================== ]| 29% |===================================== ]\ 81% |======================================== ]\ 74% |======================================== ]/ 24% |======================================== ]| 82% |========================================= ]| 75% |========================================= ]- 30% |========================================= ]| 24% |========================================= ]/ 82% |========================================= ]/ 56% |========================================= ]/ 30% |========================================= ]/ 25% |========================================= ]- 83% |========================================= ]- 57% |========================================= ]- 31% |========================================= ]-  6% |========================================= ]/ 83% |========================================= ]\ 57% |========================================= ]\ 44% |========================================= ]|  7% |========================================= ]- 84% |========================================== ]| 58% |========================================== ]|  7% |========================================== ]\ 84% |========================================== ]/ 44% |========================================== ]/  8% |========================================== ]| 85% |========================================== ]- 58% |========================================== ]/ 45% |========================================== ]-  8% |========================================== ]/ 85% |========================================== ]\ 59% |========================================== ]- 45% |========================================== ]\  9% |========================================== ]- 86% |=========================================== ]| 59% |=========================================== ]\ 46% |=========================================== ]|  9% |=========================================== ]\ 86% |=========================================== ]/ 60% |=========================================== ]| 46% |=========================================== ]/ 10% |=========================================== ]| 87% |=========================================== ]- 10% |=========================================== ]/ 87% |=========================================== ]\ 60% |=========================================== ]/ 47% |=========================================== ]- 11% |=========================================== ]- 75% |=========================================== ]\ 47% |=========================================== ]\ 61% |=========================================== ]- 11% |=========================================== ]\ 76% |=========================================== ]| 48% |=========================================== ]| 61% |=========================================== ]\ 76% |=========================================== ]/ 12% |=========================================== ]| 62% |=========================================== ]| 48% |=========================================== ]/ 77% |=========================================== ]- 12% |=========================================== ]/ 62% |=========================================== ]/ 77% |=========================================== ]\ 49% |=========================================== ]-  0% |=========================================== ]/ 50% |=========================================== ]/ 78% |=========================================== ]| 49% |=========================================== ]\  1% |=========================================== ]- 51% |=========================================== ]- 78% |=========================================== ]/ 38% |=========================================== ]|[INFO] ------------------------------------------------------------------------
[INFO] BUILD FAILURE
[INFO] ------------------------------------------------------------------------
[INFO] Total time: 03:54 h
[INFO] Finished at: 2018-09-29T08:53:47+02:00
[INFO] ------------------------------------------------------------------------
[ERROR] OutOfMemoryError: Java heap space -> [Help 1]
java.lang.OutOfMemoryError
    at sun.reflect.NativeConstructorAccessorImpl.newInstance0 (Native Method)
    at sun.reflect.NativeConstructorAccessorImpl.newInstance (NativeConstructorAccessorImpl.java:62)
    at sun.reflect.DelegatingConstructorAccessorImpl.newInstance (DelegatingConstructorAccessorImpl.java:45)
    at java.lang.reflect.Constructor.newInstance (Constructor.java:423)
    at java.util.concurrent.ForkJoinTask.getThrowableException (ForkJoinTask.java:598)
    at java.util.concurrent.ForkJoinTask.reportException (ForkJoinTask.java:677)
    at java.util.concurrent.ForkJoinTask.invoke (ForkJoinTask.java:735)
    at java.util.stream.ReduceOps$ReduceOp.evaluateParallel (ReduceOps.java:714)
    at java.util.stream.AbstractPipeline.evaluate (AbstractPipeline.java:233)
    at java.util.stream.ReferencePipeline.collect (ReferencePipeline.java:499)
    at eu.stamp_project.dspot.budget.NoBudgetizer.inputAmplify (NoBudgetizer.java:55)
    at eu.stamp_project.dspot.Amplification.amplification (Amplification.java:134)
    at eu.stamp_project.dspot.Amplification.amplification (Amplification.java:97)
    at eu.stamp_project.dspot.DSpot.amplifyTest (DSpot.java:181)
    at eu.stamp_project.dspot.DSpot.amplifyTest (DSpot.java:171)
    at eu.stamp_project.Main.lambda$run$1 (Main.java:69)
    at java.util.stream.ReferencePipeline$3$1.accept (ReferencePipeline.java:193)
    at java.util.ArrayList$ArrayListSpliterator.forEachRemaining (ArrayList.java:1374)
    at java.util.stream.AbstractPipeline.copyInto (AbstractPipeline.java:481)
    at java.util.stream.AbstractPipeline.wrapAndCopyInto (AbstractPipeline.java:471)
    at java.util.stream.ReduceOps$ReduceOp.evaluateSequential (ReduceOps.java:708)
    at java.util.stream.AbstractPipeline.evaluate (AbstractPipeline.java:234)
    at java.util.stream.ReferencePipeline.collect (ReferencePipeline.java:499)
    at eu.stamp_project.Main.run (Main.java:71)
    at eu.stamp_project.DSpotMojo.execute (DSpotMojo.java:263)
    at org.apache.maven.plugin.DefaultBuildPluginManager.executeMojo (DefaultBuildPluginManager.java:137)
    at org.apache.maven.lifecycle.internal.MojoExecutor.execute (MojoExecutor.java:208)
    at org.apache.maven.lifecycle.internal.MojoExecutor.execute (MojoExecutor.java:154)
    at org.apache.maven.lifecycle.internal.MojoExecutor.execute (MojoExecutor.java:146)
    at org.apache.maven.lifecycle.internal.LifecycleModuleBuilder.buildProject (LifecycleModuleBuilder.java:117)
    at org.apache.maven.lifecycle.internal.LifecycleModuleBuilder.buildProject (LifecycleModuleBuilder.java:81)
    at org.apache.maven.lifecycle.internal.builder.singlethreaded.SingleThreadedBuilder.build (SingleThreadedBuilder.java:56)
    at org.apache.maven.lifecycle.internal.LifecycleStarter.execute (LifecycleStarter.java:128)
    at org.apache.maven.DefaultMaven.doExecute (DefaultMaven.java:305)
    at org.apache.maven.DefaultMaven.doExecute (DefaultMaven.java:192)
    at org.apache.maven.DefaultMaven.execute (DefaultMaven.java:105)
    at org.apache.maven.cli.MavenCli.execute (MavenCli.java:954)
    at org.apache.maven.cli.MavenCli.doMain (MavenCli.java:288)
    at org.apache.maven.cli.MavenCli.main (MavenCli.java:192)
    at sun.reflect.NativeMethodAccessorImpl.invoke0 (Native Method)
    at sun.reflect.NativeMethodAccessorImpl.invoke (NativeMethodAccessorImpl.java:62)
    at sun.reflect.DelegatingMethodAccessorImpl.invoke (DelegatingMethodAccessorImpl.java:43)
    at java.lang.reflect.Method.invoke (Method.java:498)
    at org.codehaus.plexus.classworlds.launcher.Launcher.launchEnhanced (Launcher.java:289)
    at org.codehaus.plexus.classworlds.launcher.Launcher.launch (Launcher.java:229)
    at org.codehaus.plexus.classworlds.launcher.Launcher.mainWithExitCode (Launcher.java:415)
    at org.codehaus.plexus.classworlds.launcher.Launcher.main (Launcher.java:356)
Caused by: java.lang.OutOfMemoryError: Java heap space
    at java.lang.Class.getDeclaredMethods0 (Native Method)
    at java.lang.Class.privateGetDeclaredMethods (Class.java:2701)
    at java.lang.Class.privateGetPublicMethods (Class.java:2902)
    at java.lang.Class.privateGetPublicMethods (Class.java:2917)
    at java.lang.Class.privateGetPublicMethods (Class.java:2917)
    at java.lang.Class.privateGetPublicMethods (Class.java:2917)
    at java.lang.Class.getMethods (Class.java:1615)
    at spoon.support.util.RtHelper.getMethod (RtHelper.java:192)
    at spoon.reflect.visitor.chain.CtQueryImpl$AbstractStep.onCallbackSet (CtQueryImpl.java:396)
    at spoon.reflect.visitor.chain.CtQueryImpl.select (CtQueryImpl.java:189)
    at spoon.reflect.visitor.chain.CtQueryImpl.filterChildren (CtQueryImpl.java:174)
    at spoon.reflect.visitor.chain.CtQueryImpl.filterChildren (CtQueryImpl.java:40)
    at spoon.support.reflect.declaration.CtElementImpl.filterChildren (CtElementImpl.java:359)
    at spoon.support.reflect.declaration.CtElementImpl.getElements (CtElementImpl.java:344)
    at eu.stamp_project.utils.AmplificationChecker.isAssert (AmplificationChecker.java:44)
    at eu.stamp_project.utils.AmplificationChecker.isInAssert (AmplificationChecker.java:88)
    at eu.stamp_project.dspot.amplifier.TestDataMutator.amplify (TestDataMutator.java:52)
    at eu.stamp_project.dspot.budget.NoBudgetizer.lambda$inputAmplifyTest$0 (NoBudgetizer.java:38)
    at eu.stamp_project.dspot.budget.NoBudgetizer$$Lambda$140/1284161223.apply (Unknown Source)
    at java.util.stream.ReferencePipeline$7$1.accept (ReferencePipeline.java:267)
    at java.util.ArrayList$ArrayListSpliterator.forEachRemaining (ArrayList.java:1374)
    at java.util.stream.AbstractPipeline.copyInto (AbstractPipeline.java:481)
    at java.util.stream.AbstractPipeline.wrapAndCopyInto (AbstractPipeline.java:471)
    at java.util.stream.ForEachOps$ForEachOp.evaluateSequential (ForEachOps.java:151)
    at java.util.stream.ForEachOps$ForEachOp$OfRef.evaluateSequential (ForEachOps.java:174)
    at java.util.stream.AbstractPipeline.evaluate (AbstractPipeline.java:234)
    at java.util.stream.ReferencePipeline.forEach (ReferencePipeline.java:418)
    at java.util.stream.ReferencePipeline$7$1.accept (ReferencePipeline.java:270)
    at java.util.ArrayList$ArrayListSpliterator.forEachRemaining (ArrayList.java:1374)
    at java.util.stream.AbstractPipeline.copyInto (AbstractPipeline.java:481)
    at java.util.stream.AbstractPipeline.wrapAndCopyInto (AbstractPipeline.java:471)
    at java.util.stream.ReduceOps$ReduceTask.doLeaf (ReduceOps.java:747)
[ERROR] 
[ERROR] 
[ERROR] For more information about the errors and possible solutions, please read the following articles:
[ERROR] [Help 1] http://cwiki.apache.org/confluence/display/MAVEN/OutOfMemoryError
