Apache Maven 3.5.4 (1edded0938998edf8bf061f1ceb3cfdeccf443fe; 2018-06-17T20:33:14+02:00)
Maven home: /home/spirals/danglot/apache-maven-3.5.4
Java version: 1.8.0_121, vendor: Oracle Corporation, runtime: /home/spirals/danglot/jdk1.8.0_121/jre
Default locale: en_US, platform encoding: ANSI_X3.4-1968
OS name: "linux", version: "3.16.0-4-amd64", arch: "amd64", family: "unix"
[DEBUG] Created new class realm maven.api
[DEBUG] Importing foreign packages into class realm maven.api
[DEBUG]   Imported: javax.annotation.* < plexus.core
[DEBUG]   Imported: javax.annotation.security.* < plexus.core
[DEBUG]   Imported: javax.enterprise.inject.* < plexus.core
[DEBUG]   Imported: javax.enterprise.util.* < plexus.core
[DEBUG]   Imported: javax.inject.* < plexus.core
[DEBUG]   Imported: org.apache.maven.* < plexus.core
[DEBUG]   Imported: org.apache.maven.artifact < plexus.core
[DEBUG]   Imported: org.apache.maven.classrealm < plexus.core
[DEBUG]   Imported: org.apache.maven.cli < plexus.core
[DEBUG]   Imported: org.apache.maven.configuration < plexus.core
[DEBUG]   Imported: org.apache.maven.exception < plexus.core
[DEBUG]   Imported: org.apache.maven.execution < plexus.core
[DEBUG]   Imported: org.apache.maven.execution.scope < plexus.core
[DEBUG]   Imported: org.apache.maven.lifecycle < plexus.core
[DEBUG]   Imported: org.apache.maven.model < plexus.core
[DEBUG]   Imported: org.apache.maven.monitor < plexus.core
[DEBUG]   Imported: org.apache.maven.plugin < plexus.core
[DEBUG]   Imported: org.apache.maven.profiles < plexus.core
[DEBUG]   Imported: org.apache.maven.project < plexus.core
[DEBUG]   Imported: org.apache.maven.reporting < plexus.core
[DEBUG]   Imported: org.apache.maven.repository < plexus.core
[DEBUG]   Imported: org.apache.maven.rtinfo < plexus.core
[DEBUG]   Imported: org.apache.maven.settings < plexus.core
[DEBUG]   Imported: org.apache.maven.toolchain < plexus.core
[DEBUG]   Imported: org.apache.maven.usability < plexus.core
[DEBUG]   Imported: org.apache.maven.wagon.* < plexus.core
[DEBUG]   Imported: org.apache.maven.wagon.authentication < plexus.core
[DEBUG]   Imported: org.apache.maven.wagon.authorization < plexus.core
[DEBUG]   Imported: org.apache.maven.wagon.events < plexus.core
[DEBUG]   Imported: org.apache.maven.wagon.observers < plexus.core
[DEBUG]   Imported: org.apache.maven.wagon.proxy < plexus.core
[DEBUG]   Imported: org.apache.maven.wagon.repository < plexus.core
[DEBUG]   Imported: org.apache.maven.wagon.resource < plexus.core
[DEBUG]   Imported: org.codehaus.classworlds < plexus.core
[DEBUG]   Imported: org.codehaus.plexus.* < plexus.core
[DEBUG]   Imported: org.codehaus.plexus.classworlds < plexus.core
[DEBUG]   Imported: org.codehaus.plexus.component < plexus.core
[DEBUG]   Imported: org.codehaus.plexus.configuration < plexus.core
[DEBUG]   Imported: org.codehaus.plexus.container < plexus.core
[DEBUG]   Imported: org.codehaus.plexus.context < plexus.core
[DEBUG]   Imported: org.codehaus.plexus.lifecycle < plexus.core
[DEBUG]   Imported: org.codehaus.plexus.logging < plexus.core
[DEBUG]   Imported: org.codehaus.plexus.personality < plexus.core
[DEBUG]   Imported: org.codehaus.plexus.util.xml.Xpp3Dom < plexus.core
[DEBUG]   Imported: org.codehaus.plexus.util.xml.pull.XmlPullParser < plexus.core
[DEBUG]   Imported: org.codehaus.plexus.util.xml.pull.XmlPullParserException < plexus.core
[DEBUG]   Imported: org.codehaus.plexus.util.xml.pull.XmlSerializer < plexus.core
[DEBUG]   Imported: org.eclipse.aether.* < plexus.core
[DEBUG]   Imported: org.eclipse.aether.artifact < plexus.core
[DEBUG]   Imported: org.eclipse.aether.collection < plexus.core
[DEBUG]   Imported: org.eclipse.aether.deployment < plexus.core
[DEBUG]   Imported: org.eclipse.aether.graph < plexus.core
[DEBUG]   Imported: org.eclipse.aether.impl < plexus.core
[DEBUG]   Imported: org.eclipse.aether.installation < plexus.core
[DEBUG]   Imported: org.eclipse.aether.internal.impl < plexus.core
[DEBUG]   Imported: org.eclipse.aether.metadata < plexus.core
[DEBUG]   Imported: org.eclipse.aether.repository < plexus.core
[DEBUG]   Imported: org.eclipse.aether.resolution < plexus.core
[DEBUG]   Imported: org.eclipse.aether.spi < plexus.core
[DEBUG]   Imported: org.eclipse.aether.transfer < plexus.core
[DEBUG]   Imported: org.eclipse.aether.version < plexus.core
[DEBUG]   Imported: org.fusesource.jansi.* < plexus.core
[DEBUG]   Imported: org.slf4j.* < plexus.core
[DEBUG]   Imported: org.slf4j.helpers.* < plexus.core
[DEBUG]   Imported: org.slf4j.spi.* < plexus.core
[DEBUG] Populating class realm maven.api
[INFO] Error stacktraces are turned on.
[DEBUG] Message scheme: color
[DEBUG] Message styles: debug info warning error success failure strong mojo project
[DEBUG] Reading global settings from /home/spirals/danglot/apache-maven-3.5.4/conf/settings.xml
[DEBUG] Reading user settings from /home/spirals/danglot/.m2/settings.xml
[DEBUG] Reading global toolchains from /home/spirals/danglot/apache-maven-3.5.4/conf/toolchains.xml
[DEBUG] Reading user toolchains from /home/spirals/danglot/.m2/toolchains.xml
[DEBUG] Using local repository at /home/spirals/danglot/.m2/repository
[DEBUG] Using manager EnhancedLocalRepositoryManager with priority 10.0 for /home/spirals/danglot/.m2/repository
[INFO] Scanning for projects...
[DEBUG] Extension realms for project org.jsoup:jsoup:jar:1.12.1-SNAPSHOT: (none)
[DEBUG] Looking up lifecycle mappings for packaging jar from ClassRealm[plexus.core, parent: null]
[DEBUG] === REACTOR BUILD PLAN ================================================
[DEBUG] Project: org.jsoup:jsoup:jar:1.12.1-SNAPSHOT
[DEBUG] Tasks:   [eu.stamp-project:dspot-maven:1.1.1-SNAPSHOT:amplify-unit-tests]
[DEBUG] Style:   Regular
[DEBUG] =======================================================================
[INFO] 
[INFO] --------------------------< org.jsoup:jsoup >---------------------------
[INFO] Building jsoup Java HTML Parser 1.12.1-SNAPSHOT
[INFO] --------------------------------[ jar ]---------------------------------
[DEBUG] Lifecycle default -> [validate, initialize, generate-sources, process-sources, generate-resources, process-resources, compile, process-classes, generate-test-sources, process-test-sources, generate-test-resources, process-test-resources, test-compile, process-test-classes, test, prepare-package, package, pre-integration-test, integration-test, post-integration-test, verify, install, deploy]
[DEBUG] Lifecycle clean -> [pre-clean, clean, post-clean]
[DEBUG] Lifecycle site -> [pre-site, site, post-site, site-deploy]
[DEBUG] === PROJECT BUILD PLAN ================================================
[DEBUG] Project:       org.jsoup:jsoup:1.12.1-SNAPSHOT
[DEBUG] Dependencies (collect): []
[DEBUG] Dependencies (resolve): [test]
[DEBUG] Repositories (dependencies): [central (https://repo.maven.apache.org/maven2, default, releases)]
[DEBUG] Repositories (plugins)     : [central (https://repo.maven.apache.org/maven2, default, releases)]
[DEBUG] -----------------------------------------------------------------------
[DEBUG] Goal:          eu.stamp-project:dspot-maven:1.1.1-SNAPSHOT:amplify-unit-tests (default-cli)
[DEBUG] Style:         Regular
[DEBUG] Configuration: <?xml version="1.0" encoding="UTF-8"?>
<configuration>
  <amplifiers default-value="None">${amplifiers}</amplifiers>
  <automaticBuilder default-value="MavenBuilder">${automatic-builder}</automaticBuilder>
  <budgetizer default-value="NoBudgetizer">${budgetizer}</budgetizer>
  <cases>${cases}</cases>
  <clean default-value="false">${clean}</clean>
  <descartes default-value="false">${descartes}</descartes>
  <example default-value="false">${example}</example>
  <generateNewTestClass default-value="false">${generate-new-test-class}</generateNewTestClass>
  <help default-value="false">${help}</help>
  <iteration default-value="3">${iteration}</iteration>
  <mavenHome>${maven-home}</mavenHome>
  <maxTestAmplified default-value="200">${max-test-amplified}</maxTestAmplified>
  <noMinimize default-value="false">${no-minimize}</noMinimize>
  <outputPath default-value="target/dspot/output">${output-path}</outputPath>
  <pathPitResult>${path-pit-result}</pathPitResult>
  <pathToProperties default-value="">${path-to-properties}</pathToProperties>
  <pathToSecondVersion default-value="">${path-to-second-version}</pathToSecondVersion>
  <pathToTestListCsv default-value="">${path-to-test-list-csv}</pathToTestListCsv>
  <project default-value="${project}"/>
  <randomSeed default-value="23">${randomSeed}</randomSeed>
  <test default-value="all">${test}</test>
  <testCriterion default-value="PitMutantScoreSelector">${test-criterion}</testCriterion>
  <timeOut default-value="10000">${timeOut}</timeOut>
  <useMavenToExeTest default-value="false">${use-maven-to-exe-test}</useMavenToExeTest>
  <verbose default-value="false">${verbose}</verbose>
  <withComment default-value="false">${with-comment}</withComment>
  <workingDirectory default-value="false">${working-directory}</workingDirectory>
</configuration>
[DEBUG] =======================================================================
[DEBUG] Dependency collection stats: {ConflictMarker.analyzeTime=951547, ConflictMarker.markTime=479433, ConflictMarker.nodeCount=13, ConflictIdSorter.graphTime=526941, ConflictIdSorter.topsortTime=442432, ConflictIdSorter.conflictIdCount=10, ConflictIdSorter.conflictIdCycleCount=0, ConflictResolver.totalTime=4012744, ConflictResolver.conflictItemCount=12, DefaultDependencyCollector.collectTime=149992155, DefaultDependencyCollector.transformTime=8954631}
[DEBUG] org.jsoup:jsoup:jar:1.12.1-SNAPSHOT
[DEBUG]    junit:junit:jar:4.12:test
[DEBUG]       org.hamcrest:hamcrest-core:jar:1.3:test
[DEBUG]    com.google.code.gson:gson:jar:2.7:test
[DEBUG]    org.eclipse.jetty:jetty-server:jar:9.2.22.v20170606:test
[DEBUG]       javax.servlet:javax.servlet-api:jar:3.1.0:test
[DEBUG]       org.eclipse.jetty:jetty-http:jar:9.2.22.v20170606:test
[DEBUG]          org.eclipse.jetty:jetty-util:jar:9.2.22.v20170606:test
[DEBUG]       org.eclipse.jetty:jetty-io:jar:9.2.22.v20170606:test
[DEBUG]    org.eclipse.jetty:jetty-servlet:jar:9.2.22.v20170606:test
[DEBUG]       org.eclipse.jetty:jetty-security:jar:9.2.22.v20170606:test
[INFO] 
[INFO] --- dspot-maven:1.1.1-SNAPSHOT:amplify-unit-tests (default-cli) @ jsoup ---
[DEBUG] Skipped remote request for eu.stamp-project:dspot:1.1.1-SNAPSHOT/maven-metadata.xml, locally installed metadata up-to-date.
[DEBUG] Skipped remote request for eu.stamp-project:dspot:1.1.1-SNAPSHOT/maven-metadata.xml, locally installed metadata up-to-date.
[DEBUG] Using transporter WagonTransporter with priority -1.0 for https://stamp-project.github.io/stamp-maven-repository/
[DEBUG] Using connector BasicRepositoryConnector with priority 0.0 for https://stamp-project.github.io/stamp-maven-repository/
Downloading from stamp-maven-repository-mvn-repo: https://stamp-project.github.io/stamp-maven-repository/eu/stamp-project/dspot/1.1.1-SNAPSHOT/maven-metadata.xml
[DEBUG] Writing tracking file /home/spirals/danglot/.m2/repository/eu/stamp-project/dspot/1.1.1-SNAPSHOT/resolver-status.properties
[DEBUG] Could not find metadata eu.stamp-project:dspot:1.1.1-SNAPSHOT/maven-metadata.xml in stamp-maven-repository-mvn-repo (https://stamp-project.github.io/stamp-maven-repository/)
[DEBUG] Skipped remote request for eu.stamp-project:dspot:1.1.1-SNAPSHOT/maven-metadata.xml, already updated during this session.
[DEBUG] Failure to find eu.stamp-project:dspot:1.1.1-SNAPSHOT/maven-metadata.xml in https://stamp-project.github.io/stamp-maven-repository/ was cached in the local repository, resolution will not be reattempted until the update interval of stamp-maven-repository-mvn-repo has elapsed or updates are forced
[DEBUG] Skipped remote request for eu.stamp-project:dspot:1.1.1-SNAPSHOT/maven-metadata.xml, locally installed metadata up-to-date.
[DEBUG] Skipped remote request for eu.stamp-project:dspot:1.1.1-SNAPSHOT/maven-metadata.xml, locally installed metadata up-to-date.
[DEBUG] Could not find metadata fr.inria.gforge.spoon:spoon-core:7.1.0-SNAPSHOT/maven-metadata.xml in local (/home/spirals/danglot/.m2/repository)
[DEBUG] Skipped remote request for fr.inria.gforge.spoon:spoon-core:7.1.0-SNAPSHOT/maven-metadata.xml, locally cached metadata up-to-date.
[DEBUG] Skipped remote request for fr.inria.gforge.spoon:spoon-core:7.1.0-SNAPSHOT/maven-metadata.xml, locally cached metadata up-to-date.
[DEBUG] Skipped remote request for fr.inria.gforge.spoon:spoon-core:7.1.0-SNAPSHOT/maven-metadata.xml, locally cached metadata up-to-date.
[DEBUG] Using transporter WagonTransporter with priority -1.0 for https://stamp-project.github.io/stamp-maven-repository/
[DEBUG] Using connector BasicRepositoryConnector with priority 0.0 for https://stamp-project.github.io/stamp-maven-repository/
Downloading from stamp-maven-repository-mvn-repo: https://stamp-project.github.io/stamp-maven-repository/fr/inria/gforge/spoon/spoon-core/7.1.0-SNAPSHOT/maven-metadata.xml
[DEBUG] Writing tracking file /home/spirals/danglot/.m2/repository/fr/inria/gforge/spoon/spoon-core/7.1.0-SNAPSHOT/resolver-status.properties
[DEBUG] Could not find metadata fr.inria.gforge.spoon:spoon-core:7.1.0-SNAPSHOT/maven-metadata.xml in stamp-maven-repository-mvn-repo (https://stamp-project.github.io/stamp-maven-repository/)
[DEBUG] Could not find metadata fr.inria.gforge.spoon:spoon-core:7.1.0-SNAPSHOT/maven-metadata.xml in local (/home/spirals/danglot/.m2/repository)
[DEBUG] Skipped remote request for fr.inria.gforge.spoon:spoon-core:7.1.0-SNAPSHOT/maven-metadata.xml, already updated during this session.
[DEBUG] Failure to find fr.inria.gforge.spoon:spoon-core:7.1.0-SNAPSHOT/maven-metadata.xml in https://stamp-project.github.io/stamp-maven-repository/ was cached in the local repository, resolution will not be reattempted until the update interval of stamp-maven-repository-mvn-repo has elapsed or updates are forced
[DEBUG] Skipped remote request for fr.inria.gforge.spoon:spoon-core:7.1.0-SNAPSHOT/maven-metadata.xml, locally cached metadata up-to-date.
[DEBUG] Skipped remote request for fr.inria.gforge.spoon:spoon-core:7.1.0-SNAPSHOT/maven-metadata.xml, locally cached metadata up-to-date.
[DEBUG] Skipped remote request for fr.inria.gforge.spoon:spoon-core:7.1.0-SNAPSHOT/maven-metadata.xml, locally cached metadata up-to-date.
[DEBUG] Could not find metadata org.eclipse.platform:org.eclipse.core.resources/maven-metadata.xml in local (/home/spirals/danglot/.m2/repository)
[DEBUG] Skipped remote request for org.eclipse.platform:org.eclipse.core.resources/maven-metadata.xml, locally cached metadata up-to-date.
[DEBUG] Skipped remote request for org.eclipse.platform:org.eclipse.core.resources/maven-metadata.xml, locally cached metadata up-to-date.
[DEBUG] Failure to find org.eclipse.platform:org.eclipse.core.resources/maven-metadata.xml in https://oss.sonatype.org/content/repositories/snapshots was cached in the local repository, resolution will not be reattempted until the update interval of sonatype-nexus-snapshots has elapsed or updates are forced
[DEBUG] Skipped remote request for org.eclipse.platform:org.eclipse.core.resources/maven-metadata.xml, locally cached metadata up-to-date.
[DEBUG] Skipped remote request for org.eclipse.platform:org.eclipse.core.resources/maven-metadata.xml, locally cached metadata up-to-date.
[DEBUG] Using transporter WagonTransporter with priority -1.0 for https://stamp-project.github.io/stamp-maven-repository/
[DEBUG] Using connector BasicRepositoryConnector with priority 0.0 for https://stamp-project.github.io/stamp-maven-repository/
Downloading from stamp-maven-repository-mvn-repo: https://stamp-project.github.io/stamp-maven-repository/org/eclipse/platform/org.eclipse.core.resources/maven-metadata.xml
[DEBUG] Writing tracking file /home/spirals/danglot/.m2/repository/org/eclipse/platform/org.eclipse.core.resources/resolver-status.properties
[DEBUG] Could not find metadata org.eclipse.platform:org.eclipse.core.resources/maven-metadata.xml in stamp-maven-repository-mvn-repo (https://stamp-project.github.io/stamp-maven-repository/)
[DEBUG] Could not find metadata org.eclipse.platform:org.eclipse.core.expressions/maven-metadata.xml in local (/home/spirals/danglot/.m2/repository)
[DEBUG] Skipped remote request for org.eclipse.platform:org.eclipse.core.expressions/maven-metadata.xml, locally cached metadata up-to-date.
[DEBUG] Skipped remote request for org.eclipse.platform:org.eclipse.core.expressions/maven-metadata.xml, locally cached metadata up-to-date.
[DEBUG] Failure to find org.eclipse.platform:org.eclipse.core.expressions/maven-metadata.xml in https://oss.sonatype.org/content/repositories/snapshots was cached in the local repository, resolution will not be reattempted until the update interval of sonatype-nexus-snapshots has elapsed or updates are forced
[DEBUG] Skipped remote request for org.eclipse.platform:org.eclipse.core.expressions/maven-metadata.xml, locally cached metadata up-to-date.
[DEBUG] Skipped remote request for org.eclipse.platform:org.eclipse.core.expressions/maven-metadata.xml, locally cached metadata up-to-date.
[DEBUG] Using transporter WagonTransporter with priority -1.0 for https://stamp-project.github.io/stamp-maven-repository/
[DEBUG] Using connector BasicRepositoryConnector with priority 0.0 for https://stamp-project.github.io/stamp-maven-repository/
Downloading from stamp-maven-repository-mvn-repo: https://stamp-project.github.io/stamp-maven-repository/org/eclipse/platform/org.eclipse.core.expressions/maven-metadata.xml
[DEBUG] Writing tracking file /home/spirals/danglot/.m2/repository/org/eclipse/platform/org.eclipse.core.expressions/resolver-status.properties
[DEBUG] Could not find metadata org.eclipse.platform:org.eclipse.core.expressions/maven-metadata.xml in stamp-maven-repository-mvn-repo (https://stamp-project.github.io/stamp-maven-repository/)
[DEBUG] Could not find metadata org.eclipse.platform:org.eclipse.core.runtime/maven-metadata.xml in local (/home/spirals/danglot/.m2/repository)
[DEBUG] Skipped remote request for org.eclipse.platform:org.eclipse.core.runtime/maven-metadata.xml, locally cached metadata up-to-date.
[DEBUG] Skipped remote request for org.eclipse.platform:org.eclipse.core.runtime/maven-metadata.xml, locally cached metadata up-to-date.
[DEBUG] Failure to find org.eclipse.platform:org.eclipse.core.runtime/maven-metadata.xml in https://oss.sonatype.org/content/repositories/snapshots was cached in the local repository, resolution will not be reattempted until the update interval of sonatype-nexus-snapshots has elapsed or updates are forced
[DEBUG] Skipped remote request for org.eclipse.platform:org.eclipse.core.runtime/maven-metadata.xml, locally cached metadata up-to-date.
[DEBUG] Skipped remote request for org.eclipse.platform:org.eclipse.core.runtime/maven-metadata.xml, locally cached metadata up-to-date.
[DEBUG] Using transporter WagonTransporter with priority -1.0 for https://stamp-project.github.io/stamp-maven-repository/
[DEBUG] Using connector BasicRepositoryConnector with priority 0.0 for https://stamp-project.github.io/stamp-maven-repository/
Downloading from stamp-maven-repository-mvn-repo: https://stamp-project.github.io/stamp-maven-repository/org/eclipse/platform/org.eclipse.core.runtime/maven-metadata.xml
[DEBUG] Writing tracking file /home/spirals/danglot/.m2/repository/org/eclipse/platform/org.eclipse.core.runtime/resolver-status.properties
[DEBUG] Could not find metadata org.eclipse.platform:org.eclipse.core.runtime/maven-metadata.xml in stamp-maven-repository-mvn-repo (https://stamp-project.github.io/stamp-maven-repository/)
[DEBUG] Could not find metadata org.eclipse.platform:org.eclipse.osgi/maven-metadata.xml in local (/home/spirals/danglot/.m2/repository)
[DEBUG] Skipped remote request for org.eclipse.platform:org.eclipse.osgi/maven-metadata.xml, locally cached metadata up-to-date.
[DEBUG] Skipped remote request for org.eclipse.platform:org.eclipse.osgi/maven-metadata.xml, locally cached metadata up-to-date.
[DEBUG] Failure to find org.eclipse.platform:org.eclipse.osgi/maven-metadata.xml in https://oss.sonatype.org/content/repositories/snapshots was cached in the local repository, resolution will not be reattempted until the update interval of sonatype-nexus-snapshots has elapsed or updates are forced
[DEBUG] Skipped remote request for org.eclipse.platform:org.eclipse.osgi/maven-metadata.xml, locally cached metadata up-to-date.
[DEBUG] Skipped remote request for org.eclipse.platform:org.eclipse.osgi/maven-metadata.xml, locally cached metadata up-to-date.
[DEBUG] Using transporter WagonTransporter with priority -1.0 for https://stamp-project.github.io/stamp-maven-repository/
[DEBUG] Using connector BasicRepositoryConnector with priority 0.0 for https://stamp-project.github.io/stamp-maven-repository/
Downloading from stamp-maven-repository-mvn-repo: https://stamp-project.github.io/stamp-maven-repository/org/eclipse/platform/org.eclipse.osgi/maven-metadata.xml
[DEBUG] Writing tracking file /home/spirals/danglot/.m2/repository/org/eclipse/platform/org.eclipse.osgi/resolver-status.properties
[DEBUG] Could not find metadata org.eclipse.platform:org.eclipse.osgi/maven-metadata.xml in stamp-maven-repository-mvn-repo (https://stamp-project.github.io/stamp-maven-repository/)
[DEBUG] Could not find metadata org.eclipse.platform:org.eclipse.equinox.common/maven-metadata.xml in local (/home/spirals/danglot/.m2/repository)
[DEBUG] Skipped remote request for org.eclipse.platform:org.eclipse.equinox.common/maven-metadata.xml, locally cached metadata up-to-date.
[DEBUG] Skipped remote request for org.eclipse.platform:org.eclipse.equinox.common/maven-metadata.xml, locally cached metadata up-to-date.
[DEBUG] Failure to find org.eclipse.platform:org.eclipse.equinox.common/maven-metadata.xml in https://oss.sonatype.org/content/repositories/snapshots was cached in the local repository, resolution will not be reattempted until the update interval of sonatype-nexus-snapshots has elapsed or updates are forced
[DEBUG] Skipped remote request for org.eclipse.platform:org.eclipse.equinox.common/maven-metadata.xml, locally cached metadata up-to-date.
[DEBUG] Skipped remote request for org.eclipse.platform:org.eclipse.equinox.common/maven-metadata.xml, locally cached metadata up-to-date.
[DEBUG] Using transporter WagonTransporter with priority -1.0 for https://stamp-project.github.io/stamp-maven-repository/
[DEBUG] Using connector BasicRepositoryConnector with priority 0.0 for https://stamp-project.github.io/stamp-maven-repository/
Downloading from stamp-maven-repository-mvn-repo: https://stamp-project.github.io/stamp-maven-repository/org/eclipse/platform/org.eclipse.equinox.common/maven-metadata.xml
[DEBUG] Writing tracking file /home/spirals/danglot/.m2/repository/org/eclipse/platform/org.eclipse.equinox.common/resolver-status.properties
[DEBUG] Could not find metadata org.eclipse.platform:org.eclipse.equinox.common/maven-metadata.xml in stamp-maven-repository-mvn-repo (https://stamp-project.github.io/stamp-maven-repository/)
[DEBUG] Could not find metadata org.eclipse.platform:org.eclipse.core.jobs/maven-metadata.xml in local (/home/spirals/danglot/.m2/repository)
[DEBUG] Skipped remote request for org.eclipse.platform:org.eclipse.core.jobs/maven-metadata.xml, locally cached metadata up-to-date.
[DEBUG] Skipped remote request for org.eclipse.platform:org.eclipse.core.jobs/maven-metadata.xml, locally cached metadata up-to-date.
[DEBUG] Failure to find org.eclipse.platform:org.eclipse.core.jobs/maven-metadata.xml in https://oss.sonatype.org/content/repositories/snapshots was cached in the local repository, resolution will not be reattempted until the update interval of sonatype-nexus-snapshots has elapsed or updates are forced
[DEBUG] Skipped remote request for org.eclipse.platform:org.eclipse.core.jobs/maven-metadata.xml, locally cached metadata up-to-date.
[DEBUG] Skipped remote request for org.eclipse.platform:org.eclipse.core.jobs/maven-metadata.xml, locally cached metadata up-to-date.
[DEBUG] Using transporter WagonTransporter with priority -1.0 for https://stamp-project.github.io/stamp-maven-repository/
[DEBUG] Using connector BasicRepositoryConnector with priority 0.0 for https://stamp-project.github.io/stamp-maven-repository/
Downloading from stamp-maven-repository-mvn-repo: https://stamp-project.github.io/stamp-maven-repository/org/eclipse/platform/org.eclipse.core.jobs/maven-metadata.xml
[DEBUG] Writing tracking file /home/spirals/danglot/.m2/repository/org/eclipse/platform/org.eclipse.core.jobs/resolver-status.properties
[DEBUG] Could not find metadata org.eclipse.platform:org.eclipse.core.jobs/maven-metadata.xml in stamp-maven-repository-mvn-repo (https://stamp-project.github.io/stamp-maven-repository/)
[DEBUG] Could not find metadata org.eclipse.platform:org.eclipse.equinox.registry/maven-metadata.xml in local (/home/spirals/danglot/.m2/repository)
[DEBUG] Skipped remote request for org.eclipse.platform:org.eclipse.equinox.registry/maven-metadata.xml, locally cached metadata up-to-date.
[DEBUG] Skipped remote request for org.eclipse.platform:org.eclipse.equinox.registry/maven-metadata.xml, locally cached metadata up-to-date.
[DEBUG] Failure to find org.eclipse.platform:org.eclipse.equinox.registry/maven-metadata.xml in https://oss.sonatype.org/content/repositories/snapshots was cached in the local repository, resolution will not be reattempted until the update interval of sonatype-nexus-snapshots has elapsed or updates are forced
[DEBUG] Skipped remote request for org.eclipse.platform:org.eclipse.equinox.registry/maven-metadata.xml, locally cached metadata up-to-date.
[DEBUG] Skipped remote request for org.eclipse.platform:org.eclipse.equinox.registry/maven-metadata.xml, locally cached metadata up-to-date.
[DEBUG] Using transporter WagonTransporter with priority -1.0 for https://stamp-project.github.io/stamp-maven-repository/
[DEBUG] Using connector BasicRepositoryConnector with priority 0.0 for https://stamp-project.github.io/stamp-maven-repository/
Downloading from stamp-maven-repository-mvn-repo: https://stamp-project.github.io/stamp-maven-repository/org/eclipse/platform/org.eclipse.equinox.registry/maven-metadata.xml
[DEBUG] Writing tracking file /home/spirals/danglot/.m2/repository/org/eclipse/platform/org.eclipse.equinox.registry/resolver-status.properties
[DEBUG] Could not find metadata org.eclipse.platform:org.eclipse.equinox.registry/maven-metadata.xml in stamp-maven-repository-mvn-repo (https://stamp-project.github.io/stamp-maven-repository/)
[DEBUG] Could not find metadata org.eclipse.platform:org.eclipse.equinox.common/maven-metadata.xml in local (/home/spirals/danglot/.m2/repository)
[DEBUG] Skipped remote request for org.eclipse.platform:org.eclipse.equinox.common/maven-metadata.xml, locally cached metadata up-to-date.
[DEBUG] Skipped remote request for org.eclipse.platform:org.eclipse.equinox.common/maven-metadata.xml, already updated during this session.
[DEBUG] Failure to find org.eclipse.platform:org.eclipse.equinox.common/maven-metadata.xml in https://stamp-project.github.io/stamp-maven-repository/ was cached in the local repository, resolution will not be reattempted until the update interval of stamp-maven-repository-mvn-repo has elapsed or updates are forced
[DEBUG] Skipped remote request for org.eclipse.platform:org.eclipse.equinox.common/maven-metadata.xml, locally cached metadata up-to-date.
[DEBUG] Failure to find org.eclipse.platform:org.eclipse.equinox.common/maven-metadata.xml in https://oss.sonatype.org/content/repositories/snapshots was cached in the local repository, resolution will not be reattempted until the update interval of sonatype-nexus-snapshots has elapsed or updates are forced
[DEBUG] Skipped remote request for org.eclipse.platform:org.eclipse.equinox.common/maven-metadata.xml, locally cached metadata up-to-date.
[DEBUG] Skipped remote request for org.eclipse.platform:org.eclipse.equinox.common/maven-metadata.xml, locally cached metadata up-to-date.
[DEBUG] Could not find metadata org.eclipse.platform:org.eclipse.equinox.preferences/maven-metadata.xml in local (/home/spirals/danglot/.m2/repository)
[DEBUG] Skipped remote request for org.eclipse.platform:org.eclipse.equinox.preferences/maven-metadata.xml, locally cached metadata up-to-date.
[DEBUG] Skipped remote request for org.eclipse.platform:org.eclipse.equinox.preferences/maven-metadata.xml, locally cached metadata up-to-date.
[DEBUG] Failure to find org.eclipse.platform:org.eclipse.equinox.preferences/maven-metadata.xml in https://oss.sonatype.org/content/repositories/snapshots was cached in the local repository, resolution will not be reattempted until the update interval of sonatype-nexus-snapshots has elapsed or updates are forced
[DEBUG] Skipped remote request for org.eclipse.platform:org.eclipse.equinox.preferences/maven-metadata.xml, locally cached metadata up-to-date.
[DEBUG] Skipped remote request for org.eclipse.platform:org.eclipse.equinox.preferences/maven-metadata.xml, locally cached metadata up-to-date.
[DEBUG] Using transporter WagonTransporter with priority -1.0 for https://stamp-project.github.io/stamp-maven-repository/
[DEBUG] Using connector BasicRepositoryConnector with priority 0.0 for https://stamp-project.github.io/stamp-maven-repository/
Downloading from stamp-maven-repository-mvn-repo: https://stamp-project.github.io/stamp-maven-repository/org/eclipse/platform/org.eclipse.equinox.preferences/maven-metadata.xml
[DEBUG] Writing tracking file /home/spirals/danglot/.m2/repository/org/eclipse/platform/org.eclipse.equinox.preferences/resolver-status.properties
[DEBUG] Could not find metadata org.eclipse.platform:org.eclipse.equinox.preferences/maven-metadata.xml in stamp-maven-repository-mvn-repo (https://stamp-project.github.io/stamp-maven-repository/)
[DEBUG] Could not find metadata org.eclipse.platform:org.eclipse.equinox.common/maven-metadata.xml in local (/home/spirals/danglot/.m2/repository)
[DEBUG] Skipped remote request for org.eclipse.platform:org.eclipse.equinox.common/maven-metadata.xml, locally cached metadata up-to-date.
[DEBUG] Skipped remote request for org.eclipse.platform:org.eclipse.equinox.common/maven-metadata.xml, already updated during this session.
[DEBUG] Failure to find org.eclipse.platform:org.eclipse.equinox.common/maven-metadata.xml in https://stamp-project.github.io/stamp-maven-repository/ was cached in the local repository, resolution will not be reattempted until the update interval of stamp-maven-repository-mvn-repo has elapsed or updates are forced
[DEBUG] Skipped remote request for org.eclipse.platform:org.eclipse.equinox.common/maven-metadata.xml, locally cached metadata up-to-date.
[DEBUG] Failure to find org.eclipse.platform:org.eclipse.equinox.common/maven-metadata.xml in https://oss.sonatype.org/content/repositories/snapshots was cached in the local repository, resolution will not be reattempted until the update interval of sonatype-nexus-snapshots has elapsed or updates are forced
[DEBUG] Skipped remote request for org.eclipse.platform:org.eclipse.equinox.common/maven-metadata.xml, locally cached metadata up-to-date.
[DEBUG] Skipped remote request for org.eclipse.platform:org.eclipse.equinox.common/maven-metadata.xml, locally cached metadata up-to-date.
[DEBUG] Could not find metadata org.eclipse.platform:org.eclipse.core.contenttype/maven-metadata.xml in local (/home/spirals/danglot/.m2/repository)
[DEBUG] Skipped remote request for org.eclipse.platform:org.eclipse.core.contenttype/maven-metadata.xml, locally cached metadata up-to-date.
[DEBUG] Skipped remote request for org.eclipse.platform:org.eclipse.core.contenttype/maven-metadata.xml, locally cached metadata up-to-date.
[DEBUG] Failure to find org.eclipse.platform:org.eclipse.core.contenttype/maven-metadata.xml in https://oss.sonatype.org/content/repositories/snapshots was cached in the local repository, resolution will not be reattempted until the update interval of sonatype-nexus-snapshots has elapsed or updates are forced
[DEBUG] Skipped remote request for org.eclipse.platform:org.eclipse.core.contenttype/maven-metadata.xml, locally cached metadata up-to-date.
[DEBUG] Skipped remote request for org.eclipse.platform:org.eclipse.core.contenttype/maven-metadata.xml, locally cached metadata up-to-date.
[DEBUG] Using transporter WagonTransporter with priority -1.0 for https://stamp-project.github.io/stamp-maven-repository/
[DEBUG] Using connector BasicRepositoryConnector with priority 0.0 for https://stamp-project.github.io/stamp-maven-repository/
Downloading from stamp-maven-repository-mvn-repo: https://stamp-project.github.io/stamp-maven-repository/org/eclipse/platform/org.eclipse.core.contenttype/maven-metadata.xml
[DEBUG] Writing tracking file /home/spirals/danglot/.m2/repository/org/eclipse/platform/org.eclipse.core.contenttype/resolver-status.properties
[DEBUG] Could not find metadata org.eclipse.platform:org.eclipse.core.contenttype/maven-metadata.xml in stamp-maven-repository-mvn-repo (https://stamp-project.github.io/stamp-maven-repository/)
[DEBUG] Could not find metadata org.eclipse.platform:org.eclipse.equinox.preferences/maven-metadata.xml in local (/home/spirals/danglot/.m2/repository)
[DEBUG] Skipped remote request for org.eclipse.platform:org.eclipse.equinox.preferences/maven-metadata.xml, locally cached metadata up-to-date.
[DEBUG] Skipped remote request for org.eclipse.platform:org.eclipse.equinox.preferences/maven-metadata.xml, already updated during this session.
[DEBUG] Failure to find org.eclipse.platform:org.eclipse.equinox.preferences/maven-metadata.xml in https://stamp-project.github.io/stamp-maven-repository/ was cached in the local repository, resolution will not be reattempted until the update interval of stamp-maven-repository-mvn-repo has elapsed or updates are forced
[DEBUG] Skipped remote request for org.eclipse.platform:org.eclipse.equinox.preferences/maven-metadata.xml, locally cached metadata up-to-date.
[DEBUG] Failure to find org.eclipse.platform:org.eclipse.equinox.preferences/maven-metadata.xml in https://oss.sonatype.org/content/repositories/snapshots was cached in the local repository, resolution will not be reattempted until the update interval of sonatype-nexus-snapshots has elapsed or updates are forced
[DEBUG] Skipped remote request for org.eclipse.platform:org.eclipse.equinox.preferences/maven-metadata.xml, locally cached metadata up-to-date.
[DEBUG] Skipped remote request for org.eclipse.platform:org.eclipse.equinox.preferences/maven-metadata.xml, locally cached metadata up-to-date.
[DEBUG] Could not find metadata org.eclipse.platform:org.eclipse.equinox.registry/maven-metadata.xml in local (/home/spirals/danglot/.m2/repository)
[DEBUG] Skipped remote request for org.eclipse.platform:org.eclipse.equinox.registry/maven-metadata.xml, locally cached metadata up-to-date.
[DEBUG] Skipped remote request for org.eclipse.platform:org.eclipse.equinox.registry/maven-metadata.xml, already updated during this session.
[DEBUG] Failure to find org.eclipse.platform:org.eclipse.equinox.registry/maven-metadata.xml in https://stamp-project.github.io/stamp-maven-repository/ was cached in the local repository, resolution will not be reattempted until the update interval of stamp-maven-repository-mvn-repo has elapsed or updates are forced
[DEBUG] Skipped remote request for org.eclipse.platform:org.eclipse.equinox.registry/maven-metadata.xml, locally cached metadata up-to-date.
[DEBUG] Failure to find org.eclipse.platform:org.eclipse.equinox.registry/maven-metadata.xml in https://oss.sonatype.org/content/repositories/snapshots was cached in the local repository, resolution will not be reattempted until the update interval of sonatype-nexus-snapshots has elapsed or updates are forced
[DEBUG] Skipped remote request for org.eclipse.platform:org.eclipse.equinox.registry/maven-metadata.xml, locally cached metadata up-to-date.
[DEBUG] Skipped remote request for org.eclipse.platform:org.eclipse.equinox.registry/maven-metadata.xml, locally cached metadata up-to-date.
[DEBUG] Could not find metadata org.eclipse.platform:org.eclipse.equinox.app/maven-metadata.xml in local (/home/spirals/danglot/.m2/repository)
[DEBUG] Skipped remote request for org.eclipse.platform:org.eclipse.equinox.app/maven-metadata.xml, locally cached metadata up-to-date.
[DEBUG] Skipped remote request for org.eclipse.platform:org.eclipse.equinox.app/maven-metadata.xml, locally cached metadata up-to-date.
[DEBUG] Failure to find org.eclipse.platform:org.eclipse.equinox.app/maven-metadata.xml in https://oss.sonatype.org/content/repositories/snapshots was cached in the local repository, resolution will not be reattempted until the update interval of sonatype-nexus-snapshots has elapsed or updates are forced
[DEBUG] Skipped remote request for org.eclipse.platform:org.eclipse.equinox.app/maven-metadata.xml, locally cached metadata up-to-date.
[DEBUG] Skipped remote request for org.eclipse.platform:org.eclipse.equinox.app/maven-metadata.xml, locally cached metadata up-to-date.
[DEBUG] Using transporter WagonTransporter with priority -1.0 for https://stamp-project.github.io/stamp-maven-repository/
[DEBUG] Using connector BasicRepositoryConnector with priority 0.0 for https://stamp-project.github.io/stamp-maven-repository/
Downloading from stamp-maven-repository-mvn-repo: https://stamp-project.github.io/stamp-maven-repository/org/eclipse/platform/org.eclipse.equinox.app/maven-metadata.xml
[DEBUG] Writing tracking file /home/spirals/danglot/.m2/repository/org/eclipse/platform/org.eclipse.equinox.app/resolver-status.properties
[DEBUG] Could not find metadata org.eclipse.platform:org.eclipse.equinox.app/maven-metadata.xml in stamp-maven-repository-mvn-repo (https://stamp-project.github.io/stamp-maven-repository/)
[DEBUG] Could not find metadata org.eclipse.platform:org.eclipse.equinox.registry/maven-metadata.xml in local (/home/spirals/danglot/.m2/repository)
[DEBUG] Skipped remote request for org.eclipse.platform:org.eclipse.equinox.registry/maven-metadata.xml, locally cached metadata up-to-date.
[DEBUG] Skipped remote request for org.eclipse.platform:org.eclipse.equinox.registry/maven-metadata.xml, already updated during this session.
[DEBUG] Failure to find org.eclipse.platform:org.eclipse.equinox.registry/maven-metadata.xml in https://stamp-project.github.io/stamp-maven-repository/ was cached in the local repository, resolution will not be reattempted until the update interval of stamp-maven-repository-mvn-repo has elapsed or updates are forced
[DEBUG] Skipped remote request for org.eclipse.platform:org.eclipse.equinox.registry/maven-metadata.xml, locally cached metadata up-to-date.
[DEBUG] Failure to find org.eclipse.platform:org.eclipse.equinox.registry/maven-metadata.xml in https://oss.sonatype.org/content/repositories/snapshots was cached in the local repository, resolution will not be reattempted until the update interval of sonatype-nexus-snapshots has elapsed or updates are forced
[DEBUG] Skipped remote request for org.eclipse.platform:org.eclipse.equinox.registry/maven-metadata.xml, locally cached metadata up-to-date.
[DEBUG] Skipped remote request for org.eclipse.platform:org.eclipse.equinox.registry/maven-metadata.xml, locally cached metadata up-to-date.
[DEBUG] Could not find metadata org.eclipse.platform:org.eclipse.osgi/maven-metadata.xml in local (/home/spirals/danglot/.m2/repository)
[DEBUG] Skipped remote request for org.eclipse.platform:org.eclipse.osgi/maven-metadata.xml, locally cached metadata up-to-date.
[DEBUG] Skipped remote request for org.eclipse.platform:org.eclipse.osgi/maven-metadata.xml, already updated during this session.
[DEBUG] Failure to find org.eclipse.platform:org.eclipse.osgi/maven-metadata.xml in https://stamp-project.github.io/stamp-maven-repository/ was cached in the local repository, resolution will not be reattempted until the update interval of stamp-maven-repository-mvn-repo has elapsed or updates are forced
[DEBUG] Skipped remote request for org.eclipse.platform:org.eclipse.osgi/maven-metadata.xml, locally cached metadata up-to-date.
[DEBUG] Failure to find org.eclipse.platform:org.eclipse.osgi/maven-metadata.xml in https://oss.sonatype.org/content/repositories/snapshots was cached in the local repository, resolution will not be reattempted until the update interval of sonatype-nexus-snapshots has elapsed or updates are forced
[DEBUG] Skipped remote request for org.eclipse.platform:org.eclipse.osgi/maven-metadata.xml, locally cached metadata up-to-date.
[DEBUG] Skipped remote request for org.eclipse.platform:org.eclipse.osgi/maven-metadata.xml, locally cached metadata up-to-date.
[DEBUG] Could not find metadata org.eclipse.platform:org.eclipse.equinox.common/maven-metadata.xml in local (/home/spirals/danglot/.m2/repository)
[DEBUG] Skipped remote request for org.eclipse.platform:org.eclipse.equinox.common/maven-metadata.xml, locally cached metadata up-to-date.
[DEBUG] Skipped remote request for org.eclipse.platform:org.eclipse.equinox.common/maven-metadata.xml, already updated during this session.
[DEBUG] Failure to find org.eclipse.platform:org.eclipse.equinox.common/maven-metadata.xml in https://stamp-project.github.io/stamp-maven-repository/ was cached in the local repository, resolution will not be reattempted until the update interval of stamp-maven-repository-mvn-repo has elapsed or updates are forced
[DEBUG] Skipped remote request for org.eclipse.platform:org.eclipse.equinox.common/maven-metadata.xml, locally cached metadata up-to-date.
[DEBUG] Failure to find org.eclipse.platform:org.eclipse.equinox.common/maven-metadata.xml in https://oss.sonatype.org/content/repositories/snapshots was cached in the local repository, resolution will not be reattempted until the update interval of sonatype-nexus-snapshots has elapsed or updates are forced
[DEBUG] Skipped remote request for org.eclipse.platform:org.eclipse.equinox.common/maven-metadata.xml, locally cached metadata up-to-date.
[DEBUG] Skipped remote request for org.eclipse.platform:org.eclipse.equinox.common/maven-metadata.xml, locally cached metadata up-to-date.
[DEBUG] Could not find metadata org.eclipse.platform:org.eclipse.core.jobs/maven-metadata.xml in local (/home/spirals/danglot/.m2/repository)
[DEBUG] Skipped remote request for org.eclipse.platform:org.eclipse.core.jobs/maven-metadata.xml, locally cached metadata up-to-date.
[DEBUG] Skipped remote request for org.eclipse.platform:org.eclipse.core.jobs/maven-metadata.xml, already updated during this session.
[DEBUG] Failure to find org.eclipse.platform:org.eclipse.core.jobs/maven-metadata.xml in https://stamp-project.github.io/stamp-maven-repository/ was cached in the local repository, resolution will not be reattempted until the update interval of stamp-maven-repository-mvn-repo has elapsed or updates are forced
[DEBUG] Skipped remote request for org.eclipse.platform:org.eclipse.core.jobs/maven-metadata.xml, locally cached metadata up-to-date.
[DEBUG] Failure to find org.eclipse.platform:org.eclipse.core.jobs/maven-metadata.xml in https://oss.sonatype.org/content/repositories/snapshots was cached in the local repository, resolution will not be reattempted until the update interval of sonatype-nexus-snapshots has elapsed or updates are forced
[DEBUG] Skipped remote request for org.eclipse.platform:org.eclipse.core.jobs/maven-metadata.xml, locally cached metadata up-to-date.
[DEBUG] Skipped remote request for org.eclipse.platform:org.eclipse.core.jobs/maven-metadata.xml, locally cached metadata up-to-date.
[DEBUG] Could not find metadata org.eclipse.platform:org.eclipse.equinox.preferences/maven-metadata.xml in local (/home/spirals/danglot/.m2/repository)
[DEBUG] Skipped remote request for org.eclipse.platform:org.eclipse.equinox.preferences/maven-metadata.xml, locally cached metadata up-to-date.
[DEBUG] Skipped remote request for org.eclipse.platform:org.eclipse.equinox.preferences/maven-metadata.xml, already updated during this session.
[DEBUG] Failure to find org.eclipse.platform:org.eclipse.equinox.preferences/maven-metadata.xml in https://stamp-project.github.io/stamp-maven-repository/ was cached in the local repository, resolution will not be reattempted until the update interval of stamp-maven-repository-mvn-repo has elapsed or updates are forced
[DEBUG] Skipped remote request for org.eclipse.platform:org.eclipse.equinox.preferences/maven-metadata.xml, locally cached metadata up-to-date.
[DEBUG] Failure to find org.eclipse.platform:org.eclipse.equinox.preferences/maven-metadata.xml in https://oss.sonatype.org/content/repositories/snapshots was cached in the local repository, resolution will not be reattempted until the update interval of sonatype-nexus-snapshots has elapsed or updates are forced
[DEBUG] Skipped remote request for org.eclipse.platform:org.eclipse.equinox.preferences/maven-metadata.xml, locally cached metadata up-to-date.
[DEBUG] Skipped remote request for org.eclipse.platform:org.eclipse.equinox.preferences/maven-metadata.xml, locally cached metadata up-to-date.
[DEBUG] Could not find metadata org.eclipse.platform:org.eclipse.core.contenttype/maven-metadata.xml in local (/home/spirals/danglot/.m2/repository)
[DEBUG] Skipped remote request for org.eclipse.platform:org.eclipse.core.contenttype/maven-metadata.xml, locally cached metadata up-to-date.
[DEBUG] Skipped remote request for org.eclipse.platform:org.eclipse.core.contenttype/maven-metadata.xml, already updated during this session.
[DEBUG] Failure to find org.eclipse.platform:org.eclipse.core.contenttype/maven-metadata.xml in https://stamp-project.github.io/stamp-maven-repository/ was cached in the local repository, resolution will not be reattempted until the update interval of stamp-maven-repository-mvn-repo has elapsed or updates are forced
[DEBUG] Skipped remote request for org.eclipse.platform:org.eclipse.core.contenttype/maven-metadata.xml, locally cached metadata up-to-date.
[DEBUG] Failure to find org.eclipse.platform:org.eclipse.core.contenttype/maven-metadata.xml in https://oss.sonatype.org/content/repositories/snapshots was cached in the local repository, resolution will not be reattempted until the update interval of sonatype-nexus-snapshots has elapsed or updates are forced
[DEBUG] Skipped remote request for org.eclipse.platform:org.eclipse.core.contenttype/maven-metadata.xml, locally cached metadata up-to-date.
[DEBUG] Skipped remote request for org.eclipse.platform:org.eclipse.core.contenttype/maven-metadata.xml, locally cached metadata up-to-date.
[DEBUG] Could not find metadata org.eclipse.platform:org.eclipse.equinox.app/maven-metadata.xml in local (/home/spirals/danglot/.m2/repository)
[DEBUG] Skipped remote request for org.eclipse.platform:org.eclipse.equinox.app/maven-metadata.xml, locally cached metadata up-to-date.
[DEBUG] Skipped remote request for org.eclipse.platform:org.eclipse.equinox.app/maven-metadata.xml, already updated during this session.
[DEBUG] Failure to find org.eclipse.platform:org.eclipse.equinox.app/maven-metadata.xml in https://stamp-project.github.io/stamp-maven-repository/ was cached in the local repository, resolution will not be reattempted until the update interval of stamp-maven-repository-mvn-repo has elapsed or updates are forced
[DEBUG] Skipped remote request for org.eclipse.platform:org.eclipse.equinox.app/maven-metadata.xml, locally cached metadata up-to-date.
[DEBUG] Failure to find org.eclipse.platform:org.eclipse.equinox.app/maven-metadata.xml in https://oss.sonatype.org/content/repositories/snapshots was cached in the local repository, resolution will not be reattempted until the update interval of sonatype-nexus-snapshots has elapsed or updates are forced
[DEBUG] Skipped remote request for org.eclipse.platform:org.eclipse.equinox.app/maven-metadata.xml, locally cached metadata up-to-date.
[DEBUG] Skipped remote request for org.eclipse.platform:org.eclipse.equinox.app/maven-metadata.xml, locally cached metadata up-to-date.
[DEBUG] Could not find metadata org.eclipse.platform:org.eclipse.core.filesystem/maven-metadata.xml in local (/home/spirals/danglot/.m2/repository)
[DEBUG] Skipped remote request for org.eclipse.platform:org.eclipse.core.filesystem/maven-metadata.xml, locally cached metadata up-to-date.
[DEBUG] Skipped remote request for org.eclipse.platform:org.eclipse.core.filesystem/maven-metadata.xml, locally cached metadata up-to-date.
[DEBUG] Failure to find org.eclipse.platform:org.eclipse.core.filesystem/maven-metadata.xml in https://oss.sonatype.org/content/repositories/snapshots was cached in the local repository, resolution will not be reattempted until the update interval of sonatype-nexus-snapshots has elapsed or updates are forced
[DEBUG] Skipped remote request for org.eclipse.platform:org.eclipse.core.filesystem/maven-metadata.xml, locally cached metadata up-to-date.
[DEBUG] Skipped remote request for org.eclipse.platform:org.eclipse.core.filesystem/maven-metadata.xml, locally cached metadata up-to-date.
[DEBUG] Using transporter WagonTransporter with priority -1.0 for https://stamp-project.github.io/stamp-maven-repository/
[DEBUG] Using connector BasicRepositoryConnector with priority 0.0 for https://stamp-project.github.io/stamp-maven-repository/
Downloading from stamp-maven-repository-mvn-repo: https://stamp-project.github.io/stamp-maven-repository/org/eclipse/platform/org.eclipse.core.filesystem/maven-metadata.xml
[DEBUG] Writing tracking file /home/spirals/danglot/.m2/repository/org/eclipse/platform/org.eclipse.core.filesystem/resolver-status.properties
[DEBUG] Could not find metadata org.eclipse.platform:org.eclipse.core.filesystem/maven-metadata.xml in stamp-maven-repository-mvn-repo (https://stamp-project.github.io/stamp-maven-repository/)
[DEBUG] Could not find metadata org.eclipse.platform:org.eclipse.osgi/maven-metadata.xml in local (/home/spirals/danglot/.m2/repository)
[DEBUG] Skipped remote request for org.eclipse.platform:org.eclipse.osgi/maven-metadata.xml, locally cached metadata up-to-date.
[DEBUG] Skipped remote request for org.eclipse.platform:org.eclipse.osgi/maven-metadata.xml, already updated during this session.
[DEBUG] Failure to find org.eclipse.platform:org.eclipse.osgi/maven-metadata.xml in https://stamp-project.github.io/stamp-maven-repository/ was cached in the local repository, resolution will not be reattempted until the update interval of stamp-maven-repository-mvn-repo has elapsed or updates are forced
[DEBUG] Skipped remote request for org.eclipse.platform:org.eclipse.osgi/maven-metadata.xml, locally cached metadata up-to-date.
[DEBUG] Failure to find org.eclipse.platform:org.eclipse.osgi/maven-metadata.xml in https://oss.sonatype.org/content/repositories/snapshots was cached in the local repository, resolution will not be reattempted until the update interval of sonatype-nexus-snapshots has elapsed or updates are forced
[DEBUG] Skipped remote request for org.eclipse.platform:org.eclipse.osgi/maven-metadata.xml, locally cached metadata up-to-date.
[DEBUG] Skipped remote request for org.eclipse.platform:org.eclipse.osgi/maven-metadata.xml, locally cached metadata up-to-date.
[DEBUG] Could not find metadata org.eclipse.platform:org.eclipse.core.runtime/maven-metadata.xml in local (/home/spirals/danglot/.m2/repository)
[DEBUG] Skipped remote request for org.eclipse.platform:org.eclipse.core.runtime/maven-metadata.xml, locally cached metadata up-to-date.
[DEBUG] Skipped remote request for org.eclipse.platform:org.eclipse.core.runtime/maven-metadata.xml, already updated during this session.
[DEBUG] Failure to find org.eclipse.platform:org.eclipse.core.runtime/maven-metadata.xml in https://stamp-project.github.io/stamp-maven-repository/ was cached in the local repository, resolution will not be reattempted until the update interval of stamp-maven-repository-mvn-repo has elapsed or updates are forced
[DEBUG] Skipped remote request for org.eclipse.platform:org.eclipse.core.runtime/maven-metadata.xml, locally cached metadata up-to-date.
[DEBUG] Failure to find org.eclipse.platform:org.eclipse.core.runtime/maven-metadata.xml in https://oss.sonatype.org/content/repositories/snapshots was cached in the local repository, resolution will not be reattempted until the update interval of sonatype-nexus-snapshots has elapsed or updates are forced
[DEBUG] Skipped remote request for org.eclipse.platform:org.eclipse.core.runtime/maven-metadata.xml, locally cached metadata up-to-date.
[DEBUG] Skipped remote request for org.eclipse.platform:org.eclipse.core.runtime/maven-metadata.xml, locally cached metadata up-to-date.
[DEBUG] Could not find metadata org.eclipse.platform:org.eclipse.core.runtime/maven-metadata.xml in local (/home/spirals/danglot/.m2/repository)
[DEBUG] Skipped remote request for org.eclipse.platform:org.eclipse.core.runtime/maven-metadata.xml, locally cached metadata up-to-date.
[DEBUG] Skipped remote request for org.eclipse.platform:org.eclipse.core.runtime/maven-metadata.xml, already updated during this session.
[DEBUG] Failure to find org.eclipse.platform:org.eclipse.core.runtime/maven-metadata.xml in https://stamp-project.github.io/stamp-maven-repository/ was cached in the local repository, resolution will not be reattempted until the update interval of stamp-maven-repository-mvn-repo has elapsed or updates are forced
[DEBUG] Skipped remote request for org.eclipse.platform:org.eclipse.core.runtime/maven-metadata.xml, locally cached metadata up-to-date.
[DEBUG] Failure to find org.eclipse.platform:org.eclipse.core.runtime/maven-metadata.xml in https://oss.sonatype.org/content/repositories/snapshots was cached in the local repository, resolution will not be reattempted until the update interval of sonatype-nexus-snapshots has elapsed or updates are forced
[DEBUG] Skipped remote request for org.eclipse.platform:org.eclipse.core.runtime/maven-metadata.xml, locally cached metadata up-to-date.
[DEBUG] Skipped remote request for org.eclipse.platform:org.eclipse.core.runtime/maven-metadata.xml, locally cached metadata up-to-date.
[DEBUG] Could not find metadata org.eclipse.platform:org.eclipse.core.filesystem/maven-metadata.xml in local (/home/spirals/danglot/.m2/repository)
[DEBUG] Skipped remote request for org.eclipse.platform:org.eclipse.core.filesystem/maven-metadata.xml, locally cached metadata up-to-date.
[DEBUG] Skipped remote request for org.eclipse.platform:org.eclipse.core.filesystem/maven-metadata.xml, already updated during this session.
[DEBUG] Failure to find org.eclipse.platform:org.eclipse.core.filesystem/maven-metadata.xml in https://stamp-project.github.io/stamp-maven-repository/ was cached in the local repository, resolution will not be reattempted until the update interval of stamp-maven-repository-mvn-repo has elapsed or updates are forced
[DEBUG] Skipped remote request for org.eclipse.platform:org.eclipse.core.filesystem/maven-metadata.xml, locally cached metadata up-to-date.
[DEBUG] Failure to find org.eclipse.platform:org.eclipse.core.filesystem/maven-metadata.xml in https://oss.sonatype.org/content/repositories/snapshots was cached in the local repository, resolution will not be reattempted until the update interval of sonatype-nexus-snapshots has elapsed or updates are forced
[DEBUG] Skipped remote request for org.eclipse.platform:org.eclipse.core.filesystem/maven-metadata.xml, locally cached metadata up-to-date.
[DEBUG] Skipped remote request for org.eclipse.platform:org.eclipse.core.filesystem/maven-metadata.xml, locally cached metadata up-to-date.
[DEBUG] Could not find metadata org.eclipse.platform:org.eclipse.text/maven-metadata.xml in local (/home/spirals/danglot/.m2/repository)
[DEBUG] Skipped remote request for org.eclipse.platform:org.eclipse.text/maven-metadata.xml, locally cached metadata up-to-date.
[DEBUG] Skipped remote request for org.eclipse.platform:org.eclipse.text/maven-metadata.xml, locally cached metadata up-to-date.
[DEBUG] Failure to find org.eclipse.platform:org.eclipse.text/maven-metadata.xml in https://oss.sonatype.org/content/repositories/snapshots was cached in the local repository, resolution will not be reattempted until the update interval of sonatype-nexus-snapshots has elapsed or updates are forced
[DEBUG] Skipped remote request for org.eclipse.platform:org.eclipse.text/maven-metadata.xml, locally cached metadata up-to-date.
[DEBUG] Skipped remote request for org.eclipse.platform:org.eclipse.text/maven-metadata.xml, locally cached metadata up-to-date.
[DEBUG] Using transporter WagonTransporter with priority -1.0 for https://stamp-project.github.io/stamp-maven-repository/
[DEBUG] Using connector BasicRepositoryConnector with priority 0.0 for https://stamp-project.github.io/stamp-maven-repository/
Downloading from stamp-maven-repository-mvn-repo: https://stamp-project.github.io/stamp-maven-repository/org/eclipse/platform/org.eclipse.text/maven-metadata.xml
[DEBUG] Writing tracking file /home/spirals/danglot/.m2/repository/org/eclipse/platform/org.eclipse.text/resolver-status.properties
[DEBUG] Could not find metadata org.eclipse.platform:org.eclipse.text/maven-metadata.xml in stamp-maven-repository-mvn-repo (https://stamp-project.github.io/stamp-maven-repository/)
[DEBUG] Could not find metadata org.eclipse.platform:org.eclipse.core.commands/maven-metadata.xml in local (/home/spirals/danglot/.m2/repository)
[DEBUG] Skipped remote request for org.eclipse.platform:org.eclipse.core.commands/maven-metadata.xml, locally cached metadata up-to-date.
[DEBUG] Skipped remote request for org.eclipse.platform:org.eclipse.core.commands/maven-metadata.xml, locally cached metadata up-to-date.
[DEBUG] Failure to find org.eclipse.platform:org.eclipse.core.commands/maven-metadata.xml in https://oss.sonatype.org/content/repositories/snapshots was cached in the local repository, resolution will not be reattempted until the update interval of sonatype-nexus-snapshots has elapsed or updates are forced
[DEBUG] Skipped remote request for org.eclipse.platform:org.eclipse.core.commands/maven-metadata.xml, locally cached metadata up-to-date.
[DEBUG] Skipped remote request for org.eclipse.platform:org.eclipse.core.commands/maven-metadata.xml, locally cached metadata up-to-date.
[DEBUG] Using transporter WagonTransporter with priority -1.0 for https://stamp-project.github.io/stamp-maven-repository/
[DEBUG] Using connector BasicRepositoryConnector with priority 0.0 for https://stamp-project.github.io/stamp-maven-repository/
Downloading from stamp-maven-repository-mvn-repo: https://stamp-project.github.io/stamp-maven-repository/org/eclipse/platform/org.eclipse.core.commands/maven-metadata.xml
[DEBUG] Writing tracking file /home/spirals/danglot/.m2/repository/org/eclipse/platform/org.eclipse.core.commands/resolver-status.properties
[DEBUG] Could not find metadata org.eclipse.platform:org.eclipse.core.commands/maven-metadata.xml in stamp-maven-repository-mvn-repo (https://stamp-project.github.io/stamp-maven-repository/)
[DEBUG] Could not find metadata org.eclipse.platform:org.eclipse.equinox.common/maven-metadata.xml in local (/home/spirals/danglot/.m2/repository)
[DEBUG] Skipped remote request for org.eclipse.platform:org.eclipse.equinox.common/maven-metadata.xml, locally cached metadata up-to-date.
[DEBUG] Skipped remote request for org.eclipse.platform:org.eclipse.equinox.common/maven-metadata.xml, already updated during this session.
[DEBUG] Failure to find org.eclipse.platform:org.eclipse.equinox.common/maven-metadata.xml in https://stamp-project.github.io/stamp-maven-repository/ was cached in the local repository, resolution will not be reattempted until the update interval of stamp-maven-repository-mvn-repo has elapsed or updates are forced
[DEBUG] Skipped remote request for org.eclipse.platform:org.eclipse.equinox.common/maven-metadata.xml, locally cached metadata up-to-date.
[DEBUG] Failure to find org.eclipse.platform:org.eclipse.equinox.common/maven-metadata.xml in https://oss.sonatype.org/content/repositories/snapshots was cached in the local repository, resolution will not be reattempted until the update interval of sonatype-nexus-snapshots has elapsed or updates are forced
[DEBUG] Skipped remote request for org.eclipse.platform:org.eclipse.equinox.common/maven-metadata.xml, locally cached metadata up-to-date.
[DEBUG] Skipped remote request for org.eclipse.platform:org.eclipse.equinox.common/maven-metadata.xml, locally cached metadata up-to-date.
[DEBUG] Could not find metadata org.eclipse.platform:org.eclipse.core.runtime/maven-metadata.xml in local (/home/spirals/danglot/.m2/repository)
[DEBUG] Skipped remote request for org.eclipse.platform:org.eclipse.core.runtime/maven-metadata.xml, locally cached metadata up-to-date.
[DEBUG] Skipped remote request for org.eclipse.platform:org.eclipse.core.runtime/maven-metadata.xml, already updated during this session.
[DEBUG] Failure to find org.eclipse.platform:org.eclipse.core.runtime/maven-metadata.xml in https://stamp-project.github.io/stamp-maven-repository/ was cached in the local repository, resolution will not be reattempted until the update interval of stamp-maven-repository-mvn-repo has elapsed or updates are forced
[DEBUG] Skipped remote request for org.eclipse.platform:org.eclipse.core.runtime/maven-metadata.xml, locally cached metadata up-to-date.
[DEBUG] Failure to find org.eclipse.platform:org.eclipse.core.runtime/maven-metadata.xml in https://oss.sonatype.org/content/repositories/snapshots was cached in the local repository, resolution will not be reattempted until the update interval of sonatype-nexus-snapshots has elapsed or updates are forced
[DEBUG] Skipped remote request for org.eclipse.platform:org.eclipse.core.runtime/maven-metadata.xml, locally cached metadata up-to-date.
[DEBUG] Skipped remote request for org.eclipse.platform:org.eclipse.core.runtime/maven-metadata.xml, locally cached metadata up-to-date.
[DEBUG] Dependency collection stats: {ConflictMarker.analyzeTime=5141219, ConflictMarker.markTime=736991, ConflictMarker.nodeCount=672, ConflictIdSorter.graphTime=2470418, ConflictIdSorter.topsortTime=138758, ConflictIdSorter.conflictIdCount=98, ConflictIdSorter.conflictIdCycleCount=0, ConflictResolver.totalTime=13204551, ConflictResolver.conflictItemCount=307, DefaultDependencyCollector.collectTime=4820440041, DefaultDependencyCollector.transformTime=21912715}
[DEBUG] eu.stamp-project:dspot-maven:jar:1.1.1-SNAPSHOT:
[DEBUG]    eu.stamp-project:dspot:jar:1.1.1-SNAPSHOT:compile
[DEBUG]       fr.inria.gforge.spoon:spoon-core:jar:7.1.0-SNAPSHOT:compile
[DEBUG]          org.eclipse.jdt:org.eclipse.jdt.core:jar:3.13.102:compile
[DEBUG]             org.eclipse.platform:org.eclipse.core.resources:jar:3.13.100:compile
[DEBUG]                org.eclipse.platform:org.eclipse.core.expressions:jar:3.6.200:compile
[DEBUG]             org.eclipse.platform:org.eclipse.core.runtime:jar:3.15.0:compile
[DEBUG]                org.eclipse.platform:org.eclipse.osgi:jar:3.13.100:compile
[DEBUG]                org.eclipse.platform:org.eclipse.equinox.common:jar:3.10.100:compile
[DEBUG]                org.eclipse.platform:org.eclipse.core.jobs:jar:3.10.100:compile
[DEBUG]                org.eclipse.platform:org.eclipse.equinox.registry:jar:3.8.100:compile
[DEBUG]                org.eclipse.platform:org.eclipse.equinox.preferences:jar:3.7.200:compile
[DEBUG]                org.eclipse.platform:org.eclipse.core.contenttype:jar:3.7.100:compile
[DEBUG]                org.eclipse.platform:org.eclipse.equinox.app:jar:1.3.600:compile
[DEBUG]             org.eclipse.platform:org.eclipse.core.filesystem:jar:1.7.200:compile
[DEBUG]             org.eclipse.platform:org.eclipse.text:jar:3.7.0:compile
[DEBUG]                org.eclipse.platform:org.eclipse.core.commands:jar:3.9.200:compile
[DEBUG]          com.martiansoftware:jsap:jar:2.1:compile
[DEBUG]          log4j:log4j:jar:1.2.17:compile
[DEBUG]          com.fasterxml.jackson.core:jackson-databind:jar:2.9.2:compile
[DEBUG]             com.fasterxml.jackson.core:jackson-annotations:jar:2.9.0:compile
[DEBUG]             com.fasterxml.jackson.core:jackson-core:jar:2.9.2:compile
[DEBUG]          org.benf:cfr:jar:0.132.0:compile
[DEBUG]       junit:junit:jar:4.12:compile
[DEBUG]          org.hamcrest:hamcrest-core:jar:1.3:compile
[DEBUG]       com.google.code.gson:gson:jar:2.8.0:compile
[DEBUG]       org.apache.maven.shared:maven-invoker:jar:3.0.0:compile
[DEBUG]       org.slf4j:slf4j-api:jar:1.7.25:compile
[DEBUG]       org.slf4j:slf4j-log4j12:jar:1.7.25:compile
[DEBUG]       org.jacoco:org.jacoco.core:jar:0.7.9:compile
[DEBUG]          org.ow2.asm:asm-debug-all:jar:5.2:compile
[DEBUG]       eu.stamp-project:descartes:jar:1.1:compile
[DEBUG]          org.pitest:pitest:jar:1.2.0:compile
[DEBUG]          org.pitest:pitest-entry:jar:1.2.0:compile
[DEBUG]             com.thoughtworks.xstream:xstream:jar:1.4.8:compile
[DEBUG]                xmlpull:xmlpull:jar:1.1.3.1:compile
[DEBUG]                xpp3:xpp3_min:jar:1.1.4c:compile
[DEBUG]       org.gradle:gradle-tooling-api:jar:4.0.1:compile
[DEBUG]       org.mockito:mockito-core:jar:2.10.0:compile
[DEBUG]          net.bytebuddy:byte-buddy:jar:1.7.4:runtime
[DEBUG]          net.bytebuddy:byte-buddy-agent:jar:1.7.4:runtime
[DEBUG]          org.objenesis:objenesis:jar:2.6:runtime
[DEBUG]       eu.stamp-project:test-runner:jar:jar-with-dependencies:1.1.0:compile
[DEBUG]       org.openclover:clover:jar:4.2.1:compile
[DEBUG]       fr.inria.gforge.spoon.labs:gumtree-spoon-ast-diff:jar:1.3:compile
[DEBUG]          com.github.gumtreediff:core:jar:2.0.0:compile
[DEBUG]             com.github.mpkorstanje:simmetrics-core:jar:3.0.3:compile
[DEBUG]                commons-codec:commons-codec:jar:1.10:compile
[DEBUG]             net.sf.trove4j:trove4j:jar:3.0.3:compile
[DEBUG]    org.apache.maven:maven-plugin-api:jar:3.5.0:compile
[DEBUG]       org.apache.maven:maven-artifact:jar:3.5.0:compile
[DEBUG]       org.eclipse.sisu:org.eclipse.sisu.plexus:jar:0.3.3:compile
[DEBUG]          javax.enterprise:cdi-api:jar:1.0:compile
[DEBUG]             javax.annotation:jsr250-api:jar:1.0:compile
[DEBUG]          org.eclipse.sisu:org.eclipse.sisu.inject:jar:0.3.3:compile
[DEBUG]    org.apache.maven.plugin-testing:maven-plugin-testing-harness:jar:3.3.0:compile
[DEBUG]       commons-io:commons-io:jar:2.2:compile
[DEBUG]       org.codehaus.plexus:plexus-archiver:jar:2.2:compile
[DEBUG]          org.codehaus.plexus:plexus-io:jar:2.0.4:compile
[DEBUG]    org.apache.maven:maven-compat:jar:3.5.0:compile
[DEBUG]       org.apache.maven:maven-model-builder:jar:3.5.0:compile
[DEBUG]          org.apache.maven:maven-builder-support:jar:3.5.0:compile
[DEBUG]          com.google.guava:guava:jar:20.0:compile
[DEBUG]       org.apache.maven:maven-settings:jar:3.5.0:compile
[DEBUG]       org.apache.maven:maven-resolver-provider:jar:3.5.0:compile
[DEBUG]       org.apache.maven.resolver:maven-resolver-api:jar:1.0.3:compile
[DEBUG]       org.apache.maven.resolver:maven-resolver-util:jar:1.0.3:compile
[DEBUG]       org.apache.maven.resolver:maven-resolver-impl:jar:1.0.3:compile
[DEBUG]       org.codehaus.plexus:plexus-utils:jar:3.0.24:compile
[DEBUG]       org.codehaus.plexus:plexus-interpolation:jar:1.24:compile
[DEBUG]       org.codehaus.plexus:plexus-component-annotations:jar:1.7.1:compile
[DEBUG]       org.apache.maven.wagon:wagon-provider-api:jar:2.12:compile
[DEBUG]    org.apache.maven:maven-core:jar:3.5.0:compile
[DEBUG]       org.apache.maven:maven-settings-builder:jar:3.5.0:compile
[DEBUG]       org.apache.maven:maven-repository-metadata:jar:3.5.0:compile
[DEBUG]       org.apache.maven.resolver:maven-resolver-spi:jar:1.0.3:compile
[DEBUG]       org.apache.maven.shared:maven-shared-utils:jar:3.1.0:compile
[DEBUG]       com.google.inject:guice:jar:no_aop:4.0:compile
[DEBUG]          javax.inject:javax.inject:jar:1:compile
[DEBUG]          aopalliance:aopalliance:jar:1.0:compile
[DEBUG]       org.codehaus.plexus:plexus-classworlds:jar:2.5.2:compile
[DEBUG]       org.sonatype.plexus:plexus-sec-dispatcher:jar:1.4:compile
[DEBUG]          org.sonatype.plexus:plexus-cipher:jar:1.4:compile
[DEBUG]       org.apache.commons:commons-lang3:jar:3.5:compile
[DEBUG]    org.apache.maven:maven-model:jar:3.5.0:compile
[DEBUG]    org.apache.maven:maven-aether-provider:jar:3.3.9:compile
[DEBUG]       org.eclipse.aether:aether-api:jar:1.0.2.v20150114:compile
[DEBUG]       org.eclipse.aether:aether-spi:jar:1.0.2.v20150114:compile
[DEBUG]       org.eclipse.aether:aether-util:jar:1.0.2.v20150114:compile
[DEBUG]       org.eclipse.aether:aether-impl:jar:1.0.2.v20150114:compile
[DEBUG]    org.apache.maven:maven-project:jar:2.2.1:compile
[DEBUG]       org.apache.maven:maven-profile:jar:2.2.1:compile
[DEBUG]       org.apache.maven:maven-artifact-manager:jar:2.2.1:compile
[DEBUG]          backport-util-concurrent:backport-util-concurrent:jar:3.1:compile
[DEBUG]       org.apache.maven:maven-plugin-registry:jar:2.2.1:compile
[DEBUG]       org.codehaus.plexus:plexus-container-default:jar:1.0-alpha-9-stable-1:compile
[DEBUG]          classworlds:classworlds:jar:1.1-alpha-2:compile
[DEBUG] Created new class realm plugin>eu.stamp-project:dspot-maven:1.1.1-SNAPSHOT
[DEBUG] Importing foreign packages into class realm plugin>eu.stamp-project:dspot-maven:1.1.1-SNAPSHOT
[DEBUG]   Imported:  < maven.api
[DEBUG] Populating class realm plugin>eu.stamp-project:dspot-maven:1.1.1-SNAPSHOT
[DEBUG]   Included: eu.stamp-project:dspot-maven:jar:1.1.1-SNAPSHOT
[DEBUG]   Included: eu.stamp-project:dspot:jar:1.1.1-SNAPSHOT
[DEBUG]   Included: fr.inria.gforge.spoon:spoon-core:jar:7.1.0-SNAPSHOT
[DEBUG]   Included: org.eclipse.jdt:org.eclipse.jdt.core:jar:3.13.102
[DEBUG]   Included: org.eclipse.platform:org.eclipse.core.resources:jar:3.13.100
[DEBUG]   Included: org.eclipse.platform:org.eclipse.core.expressions:jar:3.6.200
[DEBUG]   Included: org.eclipse.platform:org.eclipse.core.runtime:jar:3.15.0
[DEBUG]   Included: org.eclipse.platform:org.eclipse.osgi:jar:3.13.100
[DEBUG]   Included: org.eclipse.platform:org.eclipse.equinox.common:jar:3.10.100
[DEBUG]   Included: org.eclipse.platform:org.eclipse.core.jobs:jar:3.10.100
[DEBUG]   Included: org.eclipse.platform:org.eclipse.equinox.registry:jar:3.8.100
[DEBUG]   Included: org.eclipse.platform:org.eclipse.equinox.preferences:jar:3.7.200
[DEBUG]   Included: org.eclipse.platform:org.eclipse.core.contenttype:jar:3.7.100
[DEBUG]   Included: org.eclipse.platform:org.eclipse.equinox.app:jar:1.3.600
[DEBUG]   Included: org.eclipse.platform:org.eclipse.core.filesystem:jar:1.7.200
[DEBUG]   Included: org.eclipse.platform:org.eclipse.text:jar:3.7.0
[DEBUG]   Included: org.eclipse.platform:org.eclipse.core.commands:jar:3.9.200
[DEBUG]   Included: com.martiansoftware:jsap:jar:2.1
[DEBUG]   Included: log4j:log4j:jar:1.2.17
[DEBUG]   Included: com.fasterxml.jackson.core:jackson-databind:jar:2.9.2
[DEBUG]   Included: com.fasterxml.jackson.core:jackson-annotations:jar:2.9.0
[DEBUG]   Included: com.fasterxml.jackson.core:jackson-core:jar:2.9.2
[DEBUG]   Included: org.benf:cfr:jar:0.132.0
[DEBUG]   Included: junit:junit:jar:4.12
[DEBUG]   Included: org.hamcrest:hamcrest-core:jar:1.3
[DEBUG]   Included: com.google.code.gson:gson:jar:2.8.0
[DEBUG]   Included: org.apache.maven.shared:maven-invoker:jar:3.0.0
[DEBUG]   Included: org.slf4j:slf4j-log4j12:jar:1.7.25
[DEBUG]   Included: org.jacoco:org.jacoco.core:jar:0.7.9
[DEBUG]   Included: org.ow2.asm:asm-debug-all:jar:5.2
[DEBUG]   Included: eu.stamp-project:descartes:jar:1.1
[DEBUG]   Included: org.pitest:pitest:jar:1.2.0
[DEBUG]   Included: org.pitest:pitest-entry:jar:1.2.0
[DEBUG]   Included: com.thoughtworks.xstream:xstream:jar:1.4.8
[DEBUG]   Included: xmlpull:xmlpull:jar:1.1.3.1
[DEBUG]   Included: xpp3:xpp3_min:jar:1.1.4c
[DEBUG]   Included: org.gradle:gradle-tooling-api:jar:4.0.1
[DEBUG]   Included: org.mockito:mockito-core:jar:2.10.0
[DEBUG]   Included: net.bytebuddy:byte-buddy:jar:1.7.4
[DEBUG]   Included: net.bytebuddy:byte-buddy-agent:jar:1.7.4
[DEBUG]   Included: org.objenesis:objenesis:jar:2.6
[DEBUG]   Included: eu.stamp-project:test-runner:jar:jar-with-dependencies:1.1.0
[DEBUG]   Included: org.openclover:clover:jar:4.2.1
[DEBUG]   Included: fr.inria.gforge.spoon.labs:gumtree-spoon-ast-diff:jar:1.3
[DEBUG]   Included: com.github.gumtreediff:core:jar:2.0.0
[DEBUG]   Included: com.github.mpkorstanje:simmetrics-core:jar:3.0.3
[DEBUG]   Included: commons-codec:commons-codec:jar:1.10
[DEBUG]   Included: net.sf.trove4j:trove4j:jar:3.0.3
[DEBUG]   Included: javax.enterprise:cdi-api:jar:1.0
[DEBUG]   Included: org.eclipse.sisu:org.eclipse.sisu.inject:jar:0.3.3
[DEBUG]   Included: org.apache.maven.plugin-testing:maven-plugin-testing-harness:jar:3.3.0
[DEBUG]   Included: commons-io:commons-io:jar:2.2
[DEBUG]   Included: org.codehaus.plexus:plexus-archiver:jar:2.2
[DEBUG]   Included: org.codehaus.plexus:plexus-io:jar:2.0.4
[DEBUG]   Included: org.apache.maven:maven-builder-support:jar:3.5.0
[DEBUG]   Included: com.google.guava:guava:jar:20.0
[DEBUG]   Included: org.apache.maven.resolver:maven-resolver-util:jar:1.0.3
[DEBUG]   Included: org.codehaus.plexus:plexus-utils:jar:3.0.24
[DEBUG]   Included: org.codehaus.plexus:plexus-interpolation:jar:1.24
[DEBUG]   Included: org.codehaus.plexus:plexus-component-annotations:jar:1.7.1
[DEBUG]   Included: org.apache.maven.shared:maven-shared-utils:jar:3.1.0
[DEBUG]   Included: com.google.inject:guice:jar:no_aop:4.0
[DEBUG]   Included: aopalliance:aopalliance:jar:1.0
[DEBUG]   Included: org.sonatype.plexus:plexus-sec-dispatcher:jar:1.4
[DEBUG]   Included: org.sonatype.plexus:plexus-cipher:jar:1.4
[DEBUG]   Included: org.apache.commons:commons-lang3:jar:3.5
[DEBUG]   Included: org.eclipse.aether:aether-util:jar:1.0.2.v20150114
[DEBUG]   Included: backport-util-concurrent:backport-util-concurrent:jar:3.1
[DEBUG] Configuring mojo eu.stamp-project:dspot-maven:1.1.1-SNAPSHOT:amplify-unit-tests from plugin realm ClassRealm[plugin>eu.stamp-project:dspot-maven:1.1.1-SNAPSHOT, parent: sun.misc.Launcher$AppClassLoader@55f96302]
[DEBUG] Configuring mojo 'eu.stamp-project:dspot-maven:1.1.1-SNAPSHOT:amplify-unit-tests' with basic configurator -->
[DEBUG]   (f) amplifiers = [AllLiteralAmplifiers, MethodAdd, MethodRemove, MethodGeneratorAmplifier, ReturnValueAmplifier, NullifierAmplifier]
[DEBUG]   (f) automaticBuilder = MavenBuilder
[DEBUG]   (f) budgetizer = SimpleBudgetizer
[DEBUG]   (f) cases = []
[DEBUG]   (f) clean = true
[DEBUG]   (f) descartes = false
[DEBUG]   (f) example = false
[DEBUG]   (f) generateNewTestClass = true
[DEBUG]   (f) help = false
[DEBUG]   (f) iteration = 3
[DEBUG]   (f) maxTestAmplified = 200
[DEBUG]   (f) noMinimize = false
[DEBUG]   (f) outputPath = /tmp/icst-2019/september-2018/result/jsoup/commit_1_426ffe7/input_amplification
[DEBUG]   (f) pathToSecondVersion = /tmp/icst-2019/september-2018/dataset/jsoup
[DEBUG]   (f) pathToTestListCsv = /tmp/icst-2019/september-2018/result/jsoup/commit_1_426ffe7/testsThatExecuteTheChanges.csv
[DEBUG]   (f) project = MavenProject: org.jsoup:jsoup:1.12.1-SNAPSHOT @ /tmp/icst-2019/september-2018/dataset/jsoup_parent/pom.xml
[DEBUG]   (f) randomSeed = 23
[DEBUG]   (f) test = [all]
[DEBUG]   (f) testCriterion = ChangeDetectorSelector
[DEBUG]   (f) timeOut = 10000
[DEBUG]   (f) useMavenToExeTest = false
[DEBUG]   (f) verbose = true
[DEBUG]   (f) withComment = false
[DEBUG]   (f) workingDirectory = false
[DEBUG] -- end configuration --
[INFO] Path to runner Classes: /home/spirals/danglot/.m2/repository/eu/stamp-project/test-runner/1.1.0/test-runner-1.1.0-jar-with-dependencies.jar
[INFO] /home/spirals/danglot/.m2/repository/org/jacoco/org.jacoco.core/0.7.9/org.jacoco.core-0.7.9.jar
[INFO] /home/spirals/danglot/.m2/repository/org/ow2/asm/asm-debug-all/5.2/asm-debug-all-5.2.jar
[INFO] /home/spirals/danglot/.m2/repository/eu/stamp-project/test-runner/1.1.0/test-runner-1.1.0-jar-with-dependencies.jar
[WARNING] automaticBuilderName: unknown automatic builder specified in configuration, going to default.
[INFO] Default: provided Maven automatic builder.
[INFO] run maven clean test -DskipTests dependency:build-classpath -Dmdep.outputFile=target/dspot/classpath
[WARN] Maven will be executed in interactive mode, but no input stream has been configured for this MavenInvoker instance.
[INFO] Scanning for projects...
[INFO] 
[INFO] --------------------------< org.jsoup:jsoup >---------------------------
[INFO] Building jsoup Java HTML Parser 1.12.1-SNAPSHOT
[INFO] --------------------------------[ jar ]---------------------------------
[INFO] 
[INFO] --- maven-clean-plugin:2.5:clean (default-clean) @ jsoup ---
[INFO] Deleting /tmp/icst-2019/september-2018/dataset/jsoup_parent/target
[INFO] 
[INFO] --- maven-resources-plugin:3.0.1:resources (default-resources) @ jsoup ---
[INFO] Using 'UTF-8' encoding to copy filtered resources.
[INFO] Copying 0 resource
[INFO] Copying 3 resources to META-INF/
[INFO] 
[INFO] --- maven-compiler-plugin:3.5.1:compile (default-compile) @ jsoup ---
[INFO] Changes detected - recompiling the module!
[INFO] Compiling 68 source files to /tmp/icst-2019/september-2018/dataset/jsoup_parent/target/classes
[INFO] /tmp/icst-2019/september-2018/dataset/jsoup_parent/src/main/java/org/jsoup/nodes/Attributes.java: /tmp/icst-2019/september-2018/dataset/jsoup_parent/src/main/java/org/jsoup/nodes/Attributes.java uses or overrides a deprecated API.
[INFO] /tmp/icst-2019/september-2018/dataset/jsoup_parent/src/main/java/org/jsoup/nodes/Attributes.java: Recompile with -Xlint:deprecation for details.
[INFO] 
[INFO] --- animal-sniffer-maven-plugin:1.16:check (animal-sniffer) @ jsoup ---
[INFO] Checking unresolved references to net.sf.androidscents.signature:android-api-level-8:2.2_r3
[INFO] 
[INFO] >>> maven-bundle-plugin:2.5.4:manifest (bundle-manifest) > process-classes @ jsoup >>>
[INFO] 
[INFO] --- maven-resources-plugin:3.0.1:resources (default-resources) @ jsoup ---
[INFO] Using 'UTF-8' encoding to copy filtered resources.
[INFO] Copying 0 resource
[INFO] Copying 3 resources to META-INF/
[INFO] 
[INFO] --- maven-compiler-plugin:3.5.1:compile (default-compile) @ jsoup ---
[INFO] Changes detected - recompiling the module!
[INFO] Compiling 68 source files to /tmp/icst-2019/september-2018/dataset/jsoup_parent/target/classes
[INFO] /tmp/icst-2019/september-2018/dataset/jsoup_parent/src/main/java/org/jsoup/nodes/Attributes.java: /tmp/icst-2019/september-2018/dataset/jsoup_parent/src/main/java/org/jsoup/nodes/Attributes.java uses or overrides a deprecated API.
[INFO] /tmp/icst-2019/september-2018/dataset/jsoup_parent/src/main/java/org/jsoup/nodes/Attributes.java: Recompile with -Xlint:deprecation for details.
[INFO] 
[INFO] --- animal-sniffer-maven-plugin:1.16:check (animal-sniffer) @ jsoup ---
[INFO] Checking unresolved references to net.sf.androidscents.signature:android-api-level-8:2.2_r3
[INFO] 
[INFO] <<< maven-bundle-plugin:2.5.4:manifest (bundle-manifest) < process-classes @ jsoup <<<
[INFO] 
[INFO] 
[INFO] --- maven-bundle-plugin:2.5.4:manifest (bundle-manifest) @ jsoup ---
[INFO] 
[INFO] --- maven-resources-plugin:3.0.1:testResources (default-testResources) @ jsoup ---
[INFO] Using 'UTF-8' encoding to copy filtered resources.
[INFO] Copying 25 resources
[INFO] 
[INFO] --- maven-compiler-plugin:3.5.1:testCompile (default-testCompile) @ jsoup ---
[INFO] Changes detected - recompiling the module!
[INFO] Compiling 46 source files to /tmp/icst-2019/september-2018/dataset/jsoup_parent/target/test-classes
[INFO] /tmp/icst-2019/september-2018/dataset/jsoup_parent/src/test/java/org/jsoup/parser/AttributeParseTest.java: Some input files use or override a deprecated API.
[INFO] /tmp/icst-2019/september-2018/dataset/jsoup_parent/src/test/java/org/jsoup/parser/AttributeParseTest.java: Recompile with -Xlint:deprecation for details.
[INFO] 
[INFO] --- maven-surefire-plugin:2.12.4:test (default-test) @ jsoup ---
[INFO] Tests are skipped.
[INFO] 
[INFO] --- maven-dependency-plugin:2.8:build-classpath (default-cli) @ jsoup ---
[INFO] Wrote classpath file '/tmp/icst-2019/september-2018/dataset/jsoup_parent/target/dspot/classpath'.
[INFO] ------------------------------------------------------------------------
[INFO] BUILD SUCCESS
[INFO] ------------------------------------------------------------------------
[INFO] Total time: 9.237 s
[INFO] Finished at: 2018-09-28T08:39:34+02:00
[INFO] ------------------------------------------------------------------------
[INFO] run maven clean test -DskipTests dependency:build-classpath -Dmdep.outputFile=target/dspot/classpath
[WARN] Maven will be executed in interactive mode, but no input stream has been configured for this MavenInvoker instance.
[INFO] Scanning for projects...
[INFO] 
[INFO] --------------------------< org.jsoup:jsoup >---------------------------
[INFO] Building jsoup Java HTML Parser 1.12.1-SNAPSHOT
[INFO] --------------------------------[ jar ]---------------------------------
[INFO] 
[INFO] --- maven-clean-plugin:2.5:clean (default-clean) @ jsoup ---
[INFO] Deleting /tmp/icst-2019/september-2018/dataset/jsoup/target
[INFO] 
[INFO] --- maven-resources-plugin:3.0.1:resources (default-resources) @ jsoup ---
[INFO] Using 'UTF-8' encoding to copy filtered resources.
[INFO] Copying 0 resource
[INFO] Copying 3 resources to META-INF/
[INFO] 
[INFO] --- maven-compiler-plugin:3.5.1:compile (default-compile) @ jsoup ---
[INFO] Changes detected - recompiling the module!
[INFO] Compiling 68 source files to /tmp/icst-2019/september-2018/dataset/jsoup/target/classes
[INFO] /tmp/icst-2019/september-2018/dataset/jsoup/src/main/java/org/jsoup/nodes/Attributes.java: /tmp/icst-2019/september-2018/dataset/jsoup/src/main/java/org/jsoup/nodes/Attributes.java uses or overrides a deprecated API.
[INFO] /tmp/icst-2019/september-2018/dataset/jsoup/src/main/java/org/jsoup/nodes/Attributes.java: Recompile with -Xlint:deprecation for details.
[INFO] 
[INFO] --- animal-sniffer-maven-plugin:1.16:check (animal-sniffer) @ jsoup ---
[INFO] Checking unresolved references to net.sf.androidscents.signature:android-api-level-8:2.2_r3
[INFO] 
[INFO] >>> maven-bundle-plugin:2.5.4:manifest (bundle-manifest) > process-classes @ jsoup >>>
[INFO] 
[INFO] --- maven-resources-plugin:3.0.1:resources (default-resources) @ jsoup ---
[INFO] Using 'UTF-8' encoding to copy filtered resources.
[INFO] Copying 0 resource
[INFO] Copying 3 resources to META-INF/
[INFO] 
[INFO] --- maven-compiler-plugin:3.5.1:compile (default-compile) @ jsoup ---
[INFO] Changes detected - recompiling the module!
[INFO] Compiling 68 source files to /tmp/icst-2019/september-2018/dataset/jsoup/target/classes
[INFO] /tmp/icst-2019/september-2018/dataset/jsoup/src/main/java/org/jsoup/nodes/Attributes.java: /tmp/icst-2019/september-2018/dataset/jsoup/src/main/java/org/jsoup/nodes/Attributes.java uses or overrides a deprecated API.
[INFO] /tmp/icst-2019/september-2018/dataset/jsoup/src/main/java/org/jsoup/nodes/Attributes.java: Recompile with -Xlint:deprecation for details.
[INFO] 
[INFO] --- animal-sniffer-maven-plugin:1.16:check (animal-sniffer) @ jsoup ---
[INFO] Checking unresolved references to net.sf.androidscents.signature:android-api-level-8:2.2_r3
[INFO] 
[INFO] <<< maven-bundle-plugin:2.5.4:manifest (bundle-manifest) < process-classes @ jsoup <<<
[INFO] 
[INFO] 
[INFO] --- maven-bundle-plugin:2.5.4:manifest (bundle-manifest) @ jsoup ---
[INFO] 
[INFO] --- maven-resources-plugin:3.0.1:testResources (default-testResources) @ jsoup ---
[INFO] Using 'UTF-8' encoding to copy filtered resources.
[INFO] Copying 25 resources
[INFO] 
[INFO] --- maven-compiler-plugin:3.5.1:testCompile (default-testCompile) @ jsoup ---
[INFO] Changes detected - recompiling the module!
[INFO] Compiling 46 source files to /tmp/icst-2019/september-2018/dataset/jsoup/target/test-classes
[INFO] /tmp/icst-2019/september-2018/dataset/jsoup/src/test/java/org/jsoup/parser/AttributeParseTest.java: Some input files use or override a deprecated API.
[INFO] /tmp/icst-2019/september-2018/dataset/jsoup/src/test/java/org/jsoup/parser/AttributeParseTest.java: Recompile with -Xlint:deprecation for details.
[INFO] 
[INFO] --- maven-surefire-plugin:2.12.4:test (default-test) @ jsoup ---
[INFO] Tests are skipped.
[INFO] 
[INFO] --- maven-dependency-plugin:2.8:build-classpath (default-cli) @ jsoup ---
[INFO] Wrote classpath file '/tmp/icst-2019/september-2018/dataset/jsoup/target/dspot/classpath'.
[INFO] ------------------------------------------------------------------------
[INFO] BUILD SUCCESS
[INFO] ------------------------------------------------------------------------
[INFO] Total time: 8.455 s
[INFO] Finished at: 2018-09-28T08:39:48+02:00
[INFO] ------------------------------------------------------------------------
[INFO] Amplification of org.jsoup.nodes.ElementTest (5 test(s))
[INFO] Assertion amplification of org.jsoup.nodes.ElementTest (5 test(s))
[INFO] Run: java -classpath /tmp/icst-2019/september-2018/dataset/jsoup_parent/target/test-classes:/tmp/icst-2019/september-2018/dataset/jsoup_parent/target/classes/:/home/spirals/danglot/.m2/repository/junit/junit/4.12/junit-4.12.jar:/home/spirals/danglot/.m2/repository/org/hamcrest/hamcrest-core/1.3/hamcrest-core-1.3.jar:/home/spirals/danglot/.m2/repository/com/google/code/gson/gson/2.7/gson-2.7.jar:/home/spirals/danglot/.m2/repository/org/eclipse/jetty/jetty-server/9.2.22.v20170606/jetty-server-9.2.22.v20170606.jar:/home/spirals/danglot/.m2/repository/javax/servlet/javax.servlet-api/3.1.0/javax.servlet-api-3.1.0.jar:/home/spirals/danglot/.m2/repository/org/eclipse/jetty/jetty-http/9.2.22.v20170606/jetty-http-9.2.22.v20170606.jar:/home/spirals/danglot/.m2/repository/org/eclipse/jetty/jetty-util/9.2.22.v20170606/jetty-util-9.2.22.v20170606.jar:/home/spirals/danglot/.m2/repository/org/eclipse/jetty/jetty-io/9.2.22.v20170606/jetty-io-9.2.22.v20170606.jar:/home/spirals/danglot/.m2/repository/org/eclipse/jetty/jetty-servlet/9.2.22.v20170606/jetty-servlet-9.2.22.v20170606.jar:/home/spirals/danglot/.m2/repository/org/eclipse/jetty/jetty-security/9.2.22.v20170606/jetty-security-9.2.22.v20170606.jar:/tmp/icst-2019/september-2018/dataset/jsoup_parent/target/dspot/dependencies/:/home/spirals/danglot/.m2/repository/eu/stamp-project/test-runner/1.1.0/test-runner-1.1.0-jar-with-dependencies.jar eu.stamp_project.testrunner.runner.test.TestRunner org.jsoup.nodes.ElementTest testNextElementSiblings:testGetSiblings:testPreviousElementSiblings:testIs:testGetSiblingsWithDuplicateContent
File saved to the following path: /tmp/icst-2019/september-2018/dataset/jsoup_parent/target/dspot/TestListener.ser
Loading /tmp/icst-2019/september-2018/dataset/jsoup_parent/target/dspot/TestListener.ser
[INFO] Test has been run: testPreviousElementSiblings,testIs,testGetSiblingsWithDuplicateContent,testGetSiblings,testNextElementSiblings
[INFO] Run tests. (5)
[INFO] Run: java -classpath /tmp/icst-2019/september-2018/dataset/jsoup_parent/target/test-classes:/tmp/icst-2019/september-2018/dataset/jsoup_parent/target/classes/:/home/spirals/danglot/.m2/repository/junit/junit/4.12/junit-4.12.jar:/home/spirals/danglot/.m2/repository/org/hamcrest/hamcrest-core/1.3/hamcrest-core-1.3.jar:/home/spirals/danglot/.m2/repository/com/google/code/gson/gson/2.7/gson-2.7.jar:/home/spirals/danglot/.m2/repository/org/eclipse/jetty/jetty-server/9.2.22.v20170606/jetty-server-9.2.22.v20170606.jar:/home/spirals/danglot/.m2/repository/javax/servlet/javax.servlet-api/3.1.0/javax.servlet-api-3.1.0.jar:/home/spirals/danglot/.m2/repository/org/eclipse/jetty/jetty-http/9.2.22.v20170606/jetty-http-9.2.22.v20170606.jar:/home/spirals/danglot/.m2/repository/org/eclipse/jetty/jetty-util/9.2.22.v20170606/jetty-util-9.2.22.v20170606.jar:/home/spirals/danglot/.m2/repository/org/eclipse/jetty/jetty-io/9.2.22.v20170606/jetty-io-9.2.22.v20170606.jar:/home/spirals/danglot/.m2/repository/org/eclipse/jetty/jetty-servlet/9.2.22.v20170606/jetty-servlet-9.2.22.v20170606.jar:/home/spirals/danglot/.m2/repository/org/eclipse/jetty/jetty-security/9.2.22.v20170606/jetty-security-9.2.22.v20170606.jar:/tmp/icst-2019/september-2018/dataset/jsoup_parent/target/dspot/dependencies/:/home/spirals/danglot/.m2/repository/eu/stamp-project/test-runner/1.1.0/test-runner-1.1.0-jar-with-dependencies.jar eu.stamp_project.testrunner.runner.test.TestRunner org.jsoup.nodes.ElementTest testNextElementSiblings:testGetSiblings:testPreviousElementSiblings:testIs:testGetSiblingsWithDuplicateContent
File saved to the following path: /tmp/icst-2019/september-2018/dataset/jsoup_parent/target/dspot/TestListener.ser
Loading /tmp/icst-2019/september-2018/dataset/jsoup_parent/target/dspot/TestListener.ser
[INFO] Test has been run: testPreviousElementSiblings,testIs,testGetSiblingsWithDuplicateContent,testGetSiblings,testNextElementSiblings
[INFO] 5 test pass, generating assertion...
[INFO] Add observations points in passing tests.
[INFO] Instrumentation...
 20% |========== ]/ 40% |==================== ]- 60% |============================== ]\ 80% |======================================== ]|100% |================================================== ]/
[INFO] Run instrumented tests. (15)
[INFO] Run: java -classpath /tmp/icst-2019/september-2018/dataset/jsoup_parent/target/test-classes:/tmp/icst-2019/september-2018/dataset/jsoup_parent/target/classes/:/home/spirals/danglot/.m2/repository/junit/junit/4.12/junit-4.12.jar:/home/spirals/danglot/.m2/repository/org/hamcrest/hamcrest-core/1.3/hamcrest-core-1.3.jar:/home/spirals/danglot/.m2/repository/com/google/code/gson/gson/2.7/gson-2.7.jar:/home/spirals/danglot/.m2/repository/org/eclipse/jetty/jetty-server/9.2.22.v20170606/jetty-server-9.2.22.v20170606.jar:/home/spirals/danglot/.m2/repository/javax/servlet/javax.servlet-api/3.1.0/javax.servlet-api-3.1.0.jar:/home/spirals/danglot/.m2/repository/org/eclipse/jetty/jetty-http/9.2.22.v20170606/jetty-http-9.2.22.v20170606.jar:/home/spirals/danglot/.m2/repository/org/eclipse/jetty/jetty-util/9.2.22.v20170606/jetty-util-9.2.22.v20170606.jar:/home/spirals/danglot/.m2/repository/org/eclipse/jetty/jetty-io/9.2.22.v20170606/jetty-io-9.2.22.v20170606.jar:/home/spirals/danglot/.m2/repository/org/eclipse/jetty/jetty-servlet/9.2.22.v20170606/jetty-servlet-9.2.22.v20170606.jar:/home/spirals/danglot/.m2/repository/org/eclipse/jetty/jetty-security/9.2.22.v20170606/jetty-security-9.2.22.v20170606.jar:/tmp/icst-2019/september-2018/dataset/jsoup_parent/target/dspot/dependencies/:/home/spirals/danglot/.m2/repository/eu/stamp-project/test-runner/1.1.0/test-runner-1.1.0-jar-with-dependencies.jar eu.stamp_project.testrunner.runner.test.TestRunner org.jsoup.nodes.ElementTest testNextElementSiblings_withlog0:testGetSiblings_withlog0:testPreviousElementSiblings_withlog0:testIs_withlog0:testGetSiblingsWithDuplicateContent_withlog0:testNextElementSiblings_withlog1:testGetSiblings_withlog1:testPreviousElementSiblings_withlog1:testIs_withlog1:testGetSiblingsWithDuplicateContent_withlog1:testNextElementSiblings_withlog2:testGetSiblings_withlog2:testPreviousElementSiblings_withlog2:testIs_withlog2:testGetSiblingsWithDuplicateContent_withlog2
File saved to the following path: /tmp/icst-2019/september-2018/dataset/jsoup_parent/target/dspot/observations.ser
File saved to the following path: /tmp/icst-2019/september-2018/dataset/jsoup_parent/target/dspot/TestListener.ser
Loading /tmp/icst-2019/september-2018/dataset/jsoup_parent/target/dspot/TestListener.ser
[INFO] Test has been run: testGetSiblingsWithDuplicateContent_withlog0,testGetSiblingsWithDuplicateContent_withlog1,testGetSiblingsWithDuplicateContent_withlog2,testGetSiblings_withlog0,testGetSiblings_withlog1,testGetSiblings_withlog2,testNextElementSiblings_withlog0,testNextElementSiblings_withlog1,testNextElementSiblings_withlog2,testPreviousElementSiblings_withlog0,testPreviousElementSiblings_withlog1,testPreviousElementSiblings_withlog2,testIs_withlog0,testIs_withlog1,testIs_withlog2
[INFO] Generating assertions...
[INFO] 5 new tests with assertions generated
[INFO] Run: java -classpath /tmp/icst-2019/september-2018/dataset/jsoup_parent/target/test-classes:/tmp/icst-2019/september-2018/dataset/jsoup_parent/target/classes/:/home/spirals/danglot/.m2/repository/junit/junit/4.12/junit-4.12.jar:/home/spirals/danglot/.m2/repository/org/hamcrest/hamcrest-core/1.3/hamcrest-core-1.3.jar:/home/spirals/danglot/.m2/repository/com/google/code/gson/gson/2.7/gson-2.7.jar:/home/spirals/danglot/.m2/repository/org/eclipse/jetty/jetty-server/9.2.22.v20170606/jetty-server-9.2.22.v20170606.jar:/home/spirals/danglot/.m2/repository/javax/servlet/javax.servlet-api/3.1.0/javax.servlet-api-3.1.0.jar:/home/spirals/danglot/.m2/repository/org/eclipse/jetty/jetty-http/9.2.22.v20170606/jetty-http-9.2.22.v20170606.jar:/home/spirals/danglot/.m2/repository/org/eclipse/jetty/jetty-util/9.2.22.v20170606/jetty-util-9.2.22.v20170606.jar:/home/spirals/danglot/.m2/repository/org/eclipse/jetty/jetty-io/9.2.22.v20170606/jetty-io-9.2.22.v20170606.jar:/home/spirals/danglot/.m2/repository/org/eclipse/jetty/jetty-servlet/9.2.22.v20170606/jetty-servlet-9.2.22.v20170606.jar:/home/spirals/danglot/.m2/repository/org/eclipse/jetty/jetty-security/9.2.22.v20170606/jetty-security-9.2.22.v20170606.jar:/tmp/icst-2019/september-2018/dataset/jsoup_parent/target/dspot/dependencies/:/home/spirals/danglot/.m2/repository/eu/stamp-project/test-runner/1.1.0/test-runner-1.1.0-jar-with-dependencies.jar eu.stamp_project.testrunner.runner.test.TestRunner org.jsoup.nodes.ElementTest testNextElementSiblings:testGetSiblings:testPreviousElementSiblings:testIs:testGetSiblingsWithDuplicateContent
File saved to the following path: /tmp/icst-2019/september-2018/dataset/jsoup_parent/target/dspot/TestListener.ser
Loading /tmp/icst-2019/september-2018/dataset/jsoup_parent/target/dspot/TestListener.ser
[INFO] Test has been run: testPreviousElementSiblings,testIs,testGetSiblingsWithDuplicateContent,testGetSiblings,testNextElementSiblings
[INFO] Assertion amplification: 5 test method(s) has been successfully amplified.
[WARN] 2018-09-28 08:40:10 Launcher - You specified the directory /tmp/icst-2019/september-2018/dataset/jsoup/target/classes in source classpath, please note that only class files will be considered. Jars and subdirectories will be ignored.
[WARN] 2018-09-28 08:40:10 Launcher - You specified the directory /tmp/icst-2019/september-2018/dataset/jsoup/target/test-classes in source classpath, please note that only class files will be considered. Jars and subdirectories will be ignored.
[WARN] 2018-09-28 08:40:10 Launcher - You specified the directory /tmp/icst-2019/september-2018/dataset/jsoup/target/dspot/dependencies in source classpath, please note that only class files will be considered. Jars and subdirectories will be ignored.
[INFO] Run: java -classpath /tmp/icst-2019/september-2018/dataset/jsoup/target/classes/:/tmp/icst-2019/september-2018/dataset/jsoup/target/test-classes/:/home/spirals/danglot/.m2/repository/junit/junit/4.12/junit-4.12.jar:/home/spirals/danglot/.m2/repository/org/hamcrest/hamcrest-core/1.3/hamcrest-core-1.3.jar:/home/spirals/danglot/.m2/repository/com/google/code/gson/gson/2.7/gson-2.7.jar:/home/spirals/danglot/.m2/repository/org/eclipse/jetty/jetty-server/9.2.22.v20170606/jetty-server-9.2.22.v20170606.jar:/home/spirals/danglot/.m2/repository/javax/servlet/javax.servlet-api/3.1.0/javax.servlet-api-3.1.0.jar:/home/spirals/danglot/.m2/repository/org/eclipse/jetty/jetty-http/9.2.22.v20170606/jetty-http-9.2.22.v20170606.jar:/home/spirals/danglot/.m2/repository/org/eclipse/jetty/jetty-util/9.2.22.v20170606/jetty-util-9.2.22.v20170606.jar:/home/spirals/danglot/.m2/repository/org/eclipse/jetty/jetty-io/9.2.22.v20170606/jetty-io-9.2.22.v20170606.jar:/home/spirals/danglot/.m2/repository/org/eclipse/jetty/jetty-servlet/9.2.22.v20170606/jetty-servlet-9.2.22.v20170606.jar:/home/spirals/danglot/.m2/repository/org/eclipse/jetty/jetty-security/9.2.22.v20170606/jetty-security-9.2.22.v20170606.jar:/tmp/icst-2019/september-2018/dataset/jsoup/target/dspot/dependencies/:/home/spirals/danglot/.m2/repository/eu/stamp-project/test-runner/1.1.0/test-runner-1.1.0-jar-with-dependencies.jar eu.stamp_project.testrunner.runner.test.TestRunner org.jsoup.nodes.ElementTest testNextElementSiblings:testGetSiblings:testPreviousElementSiblings:testIs:testGetSiblingsWithDuplicateContent
File saved to the following path: /tmp/icst-2019/september-2018/dataset/jsoup_parent/target/dspot/TestListener.ser
Loading /tmp/icst-2019/september-2018/dataset/jsoup_parent/target/dspot/TestListener.ser
[INFO] Test has been run: testIs,testGetSiblingsWithDuplicateContent,testGetSiblings,testNextElementSiblings,testPreviousElementSiblings(org.jsoup.nodes.ElementTest): expected:<[a]> but was:<[b]>
[INFO] 1 amplified test methods has been selected to be kept. (global: 1)
[INFO] Applying Input-amplification and Assertion-amplification test by test.
[INFO] Amplification of testNextElementSiblings, (1/5)
[INFO] iteration 0 / 3
[INFO] 1 tests selected to be amplified over 1 available tests
[INFO] Amplification of inputs...
100% |================================================== ]/
[INFO] 637 new tests generated
[WARNING] Too many tests have been generated: 637
[INFO] Number of generated test reduced to 200
[INFO] Run tests. (200)
[INFO] Run: java -classpath /tmp/icst-2019/september-2018/dataset/jsoup_parent/target/test-classes:/tmp/icst-2019/september-2018/dataset/jsoup_parent/target/classes/:/home/spirals/danglot/.m2/repository/junit/junit/4.12/junit-4.12.jar:/home/spirals/danglot/.m2/repository/org/hamcrest/hamcrest-core/1.3/hamcrest-core-1.3.jar:/home/spirals/danglot/.m2/repository/com/google/code/gson/gson/2.7/gson-2.7.jar:/home/spirals/danglot/.m2/repository/org/eclipse/jetty/jetty-server/9.2.22.v20170606/jetty-server-9.2.22.v20170606.jar:/home/spirals/danglot/.m2/repository/javax/servlet/javax.servlet-api/3.1.0/javax.servlet-api-3.1.0.jar:/home/spirals/danglot/.m2/repository/org/eclipse/jetty/jetty-http/9.2.22.v20170606/jetty-http-9.2.22.v20170606.jar:/home/spirals/danglot/.m2/repository/org/eclipse/jetty/jetty-util/9.2.22.v20170606/jetty-util-9.2.22.v20170606.jar:/home/spirals/danglot/.m2/repository/org/eclipse/jetty/jetty-io/9.2.22.v20170606/jetty-io-9.2.22.v20170606.jar:/home/spirals/danglot/.m2/repository/org/eclipse/jetty/jetty-servlet/9.2.22.v20170606/jetty-servlet-9.2.22.v20170606.jar:/home/spirals/danglot/.m2/repository/org/eclipse/jetty/jetty-security/9.2.22.v20170606/jetty-security-9.2.22.v20170606.jar:/tmp/icst-2019/september-2018/dataset/jsoup_parent/target/dspot/dependencies/:/home/spirals/danglot/.m2/repository/eu/stamp-project/test-runner/1.1.0/test-runner-1.1.0-jar-with-dependencies.jar eu.stamp_project.testrunner.runner.test.TestRunner org.jsoup.nodes.ElementTest testNextElementSiblingsnull632:testNextElementSiblings_mg601:testNextElementSiblings_mg587:testNextElementSiblings_mg584:testNextElementSiblings_mg561:testNextElementSiblings_mg353:testNextElementSiblings_mg289:testNextElementSiblings_mg367:testNextElementSiblings_mg583:testNextElementSiblings_mg275:testNextElementSiblings_mg211:testNextElementSiblings_mg350:testNextElementSiblings_mg523:testNextElementSiblings_mg197:testNextElementSiblings_mg431:testNextElementSiblings_mg445:testNextElementSiblings_mg272:testNextElementSiblings_mg509:testNextElementSiblings_mg194:testNextElementSiblings_mg327:testNextElementSiblings_mg585:testNextElementSiblings_mg586:testNextElementSiblings_mg506:testNextElementSiblings_mg428:testNextElementSiblings_mg171:testNextElementSiblings_mg582:testNextElementSiblings_mg483:testNextElementSiblings_mg249:testNextElementSiblings_mg349:testNextElementSiblings_mg271:testNextElementSiblings_mg193:testNextElementSiblings_mg405:testNextElementSiblings_mg351:testNextElementSiblings_mg505:testNextElementSiblings_mg195:testNextElementSiblings_mg273:testNextElementSiblings_mg560:testNextElementSiblings_mg427:testNextElementSiblings_mg352:testNextElementSiblings_mg348:testNextElementSiblings_mg507:testNextElementSiblings_mg429:testNextElementSiblings_mg602:testNextElementSiblings_mg508:testNextElementSiblings_mg196:testNextElementSiblings_mg274:testNextElementSiblings_mg270:testNextElementSiblings_mg430:testNextElementSiblings_mg192:testNextElementSiblings_mg326:testNextElementSiblings_mg170:testNextElementSiblings_mg504:testNextElementSiblings_mg426:testNextElementSiblings_mg248:testNextElementSiblings_mg156:testNextElementSiblings_mg290:testNextElementSiblings_mg482:testNextElementSiblings_mg404:testNextElementSiblings_mg368:testNextElementSiblings_mg212:testNextElementSiblings_mg570:testNextElementSiblings_mg446:testNextElementSiblings_mg524:testNextElementSiblings_mg258:testNextElementSiblings_mg180:testNextElementSiblings_mg336:testNextElementSiblings_mg492:testNextElementSiblings_mg414:testNextElementSiblings_mg559:testNextElementSiblings_mg593:testNextElementSiblings_add122:testNextElementSiblings_mg581:testNextElementSiblingslitString30:testNextElementSiblingslitString22:testNextElementSiblingslitString54:testNextElementSiblingslitString14:testNextElementSiblings_mg325:testNextElementSiblings_mg247:testNextElementSiblings_mg594:testNextElementSiblingslitString32:testNextElementSiblingslitString24:testNextElementSiblingslitString56:testNextElementSiblingslitString16:testNextElementSiblingslitString49:testNextElementSiblingslitString46:testNextElementSiblingslitString31:testNextElementSiblingslitString23:testNextElementSiblingslitString55:testNextElementSiblingslitString15:testNextElementSiblingslitString48:testNextElementSiblingslitString6:testNextElementSiblingslitString47:testNextElementSiblingslitString8:testNextElementSiblingslitString25:testNextElementSiblings_mg169:testNextElementSiblings_mg481:testNextElementSiblingslitString7:testNextElementSiblings_mg347:testNextElementSiblings_mg203:testNextElementSiblings_mg281:testNextElementSiblings_mg359:testNextElementSiblings_mg403:testNextElementSiblings_mg191:testNextElementSiblingslitString62:testNextElementSiblingslitString9:testNextElementSiblings_mg269:testNextElementSiblingslitString64:testNextElementSiblings_mg282:testNextElementSiblingsnull637:testNextElementSiblingslitString38:testNextElementSiblings_mg360:testNextElementSiblings_mg437:testNextElementSiblingslitString40:testNextElementSiblings_mg595:testNextElementSiblingslitString90:testNextElementSiblingslitNum93:testNextElementSiblingslitNum97:testNextElementSiblingslitNum99:testNextElementSiblingsnull636:testNextElementSiblingslitString63:testNextElementSiblingslitNum100:testNextElementSiblingslitNum110:testNextElementSiblingslitNum120:testNextElementSiblingslitNum104:testNextElementSiblingslitNum114:testNextElementSiblingslitNum108:testNextElementSiblingslitNum116:testNextElementSiblingslitNum94:testNextElementSiblings_mg588:testNextElementSiblingslitString92:testNextElementSiblingslitNum111:testNextElementSiblingslitNum105:testNextElementSiblingslitNum117:testNextElementSiblingslitString82:testNextElementSiblingslitString57:testNextElementSiblingslitString39:testNextElementSiblingsnull633:testNextElementSiblingsnull634:testNextElementSiblingsnull635:testNextElementSiblingslitString84:testNextElementSiblingslitString89:testNextElementSiblingslitString91:testNextElementSiblingslitString36:testNextElementSiblingslitString81:testNextElementSiblingslitString72:testNextElementSiblingslitString88:testNextElementSiblingslitString77:testNextElementSiblingslitString67:testNextElementSiblingslitString45:testNextElementSiblingslitString37:testNextElementSiblingslitString53:testNextElementSiblings_mg515:testNextElementSiblingslitString60:testNextElementSiblings_mg204:testNextElementSiblingslitString74:testNextElementSiblings_mg503:testNextElementSiblings_mg596:testNextElementSiblingslitString79:testNextElementSiblingslitString69:testNextElementSiblingslitString83:testNextElementSiblingslitString21:testNextElementSiblingslitString71:testNextElementSiblingslitString34:testNextElementSiblingslitString58:testNextElementSiblingslitString66:testNextElementSiblings_mg425:testNextElementSiblingslitString80:testNextElementSiblingslitString76:testNextElementSiblingslitString29:testNextElementSiblingslitString86:testNextElementSiblingslitString4:testNextElementSiblingslitString61:testNextElementSiblingslitString5:testNextElementSiblingslitString44:testNextElementSiblingslitString13:testNextElementSiblingslitString12:testNextElementSiblingslitString20:testNextElementSiblingslitString28:testNextElementSiblingslitString59:testNextElementSiblings_mg438:testNextElementSiblingslitString87:testNextElementSiblingslitString50:testNextElementSiblingslitString73:testNextElementSiblingslitNum98:testNextElementSiblingslitString78:testNextElementSiblingslitString35:testNextElementSiblingslitString68:testNextElementSiblingslitString2:testNextElementSiblingslitString26:testNextElementSiblingslitNum115:testNextElementSiblingslitNum121:testNextElementSiblingslitString33:testNextElementSiblingslitString52:testNextElementSiblings_mg444:testNextElementSiblingslitString42:testNextElementSiblingslitString10:testNextElementSiblingslitString3:testNextElementSiblingslitNum109:testNextElementSiblings_mg516:testNextElementSiblingslitString18
File saved to the following path: /tmp/icst-2019/september-2018/dataset/jsoup_parent/target/dspot/TestListener.ser
Loading /tmp/icst-2019/september-2018/dataset/jsoup_parent/target/dspot/TestListener.ser
[INFO] Test has been run: testNextElementSiblingslitNum93,testNextElementSiblingslitNum97,testNextElementSiblingslitNum100,testNextElementSiblingslitNum108,testNextElementSiblingslitNum114,testNextElementSiblingslitNum116,testNextElementSiblingslitNum117,testNextElementSiblingslitNum120,testNextElementSiblingslitNum121,testNextElementSiblings_mg156,testNextElementSiblings_mg169,testNextElementSiblings_mg170,testNextElementSiblings_mg171,testNextElementSiblings_mg180,testNextElementSiblings_mg191,testNextElementSiblings_mg192,testNextElementSiblings_mg193,testNextElementSiblings_mg194,testNextElementSiblings_mg195,testNextElementSiblings_mg196,testNextElementSiblings_mg197,testNextElementSiblings_mg203,testNextElementSiblings_mg204,testNextElementSiblings_mg247,testNextElementSiblings_mg248,testNextElementSiblings_mg249,testNextElementSiblings_mg258,testNextElementSiblings_mg269,testNextElementSiblings_mg270,testNextElementSiblings_mg271,testNextElementSiblings_mg272,testNextElementSiblings_mg274,testNextElementSiblings_mg275,testNextElementSiblings_mg281,testNextElementSiblings_mg282,testNextElementSiblings_mg325,testNextElementSiblings_mg326,testNextElementSiblings_mg327,testNextElementSiblings_mg336,testNextElementSiblings_mg347,testNextElementSiblings_mg348,testNextElementSiblings_mg349,testNextElementSiblings_mg350,testNextElementSiblings_mg352,testNextElementSiblings_mg353,testNextElementSiblings_mg359,testNextElementSiblings_mg360,testNextElementSiblings_mg403,testNextElementSiblings_mg404,testNextElementSiblings_mg405,testNextElementSiblings_mg414,testNextElementSiblings_mg425,testNextElementSiblings_mg426,testNextElementSiblings_mg427,testNextElementSiblings_mg428,testNextElementSiblings_mg429,testNextElementSiblings_mg430,testNextElementSiblings_mg431,testNextElementSiblings_mg437,testNextElementSiblings_mg438,testNextElementSiblings_mg444,testNextElementSiblings_mg481,testNextElementSiblings_mg482,testNextElementSiblings_mg483,testNextElementSiblings_mg492,testNextElementSiblings_mg503,testNextElementSiblings_mg504,testNextElementSiblings_mg505,testNextElementSiblings_mg506,testNextElementSiblings_mg507,testNextElementSiblings_mg508,testNextElementSiblings_mg509,testNextElementSiblings_mg515,testNextElementSiblings_mg516,testNextElementSiblings_mg559,testNextElementSiblings_mg560,testNextElementSiblings_mg561,testNextElementSiblings_mg570,testNextElementSiblings_mg581,testNextElementSiblings_mg582,testNextElementSiblings_mg583,testNextElementSiblings_mg584,testNextElementSiblings_mg585,testNextElementSiblings_mg586,testNextElementSiblings_mg587,testNextElementSiblings_mg588,testNextElementSiblings_mg593,testNextElementSiblings_mg594,testNextElementSiblings_mg595,testNextElementSiblings_mg596,testNextElementSiblings_mg601,testNextElementSiblings_mg602,testNextElementSiblings_add122,testNextElementSiblingslitString10,testNextElementSiblingslitString18,testNextElementSiblingslitString26,testNextElementSiblingslitString28,testNextElementSiblingslitString49,testNextElementSiblingslitString50,testNextElementSiblingslitString52,testNextElementSiblingslitString53,testNextElementSiblingslitString54,testNextElementSiblingslitString55,testNextElementSiblingslitString56,testNextElementSiblingslitString57,testNextElementSiblingslitString58,testNextElementSiblingslitString59,testNextElementSiblingslitString60,testNextElementSiblingslitString61,testNextElementSiblingslitString62,testNextElementSiblingslitString63,testNextElementSiblingslitString64,testNextElementSiblingslitNum94(org.jsoup.nodes.ElementTest): Index: -1, Size: 2,testNextElementSiblingslitNum98(org.jsoup.nodes.ElementTest): Index: 941236618, Size: 2,testNextElementSiblingslitNum99(org.jsoup.nodes.ElementTest): Index: 2, Size: 2,testNextElementSiblingslitString2(org.jsoup.nodes.ElementTest): null,testNextElementSiblingslitString3(org.jsoup.nodes.ElementTest): null,testNextElementSiblingslitString4(org.jsoup.nodes.ElementTest): null,testNextElementSiblingslitString5(org.jsoup.nodes.ElementTest): null,testNextElementSiblingslitString6(org.jsoup.nodes.ElementTest): null,testNextElementSiblingslitString7(org.jsoup.nodes.ElementTest): null,testNextElementSiblingslitString8(org.jsoup.nodes.ElementTest): null,testNextElementSiblingslitString9(org.jsoup.nodes.ElementTest): null,testNextElementSiblingslitNum104(org.jsoup.nodes.ElementTest): Index: 1, Size: 1,testNextElementSiblingslitNum105(org.jsoup.nodes.ElementTest): Index: -1, Size: 1,testNextElementSiblingslitNum109(org.jsoup.nodes.ElementTest): Index: 1367102476, Size: 1,testNextElementSiblingslitNum110(org.jsoup.nodes.ElementTest): Index: 1, Size: 1,testNextElementSiblingslitNum111(org.jsoup.nodes.ElementTest): Index: -1, Size: 1,testNextElementSiblingslitNum115(org.jsoup.nodes.ElementTest): Index: 991407625, Size: 1,testNextElementSiblings_mg211(org.jsoup.nodes.ElementTest): Insert position out of bounds.,testNextElementSiblings_mg212(org.jsoup.nodes.ElementTest): Insert position out of bounds.,testNextElementSiblings_mg273(org.jsoup.nodes.ElementTest): Pattern syntax error: J9r^9e<Un((j*-vj<@X],testNextElementSiblings_mg289(org.jsoup.nodes.ElementTest): Insert position out of bounds.,testNextElementSiblings_mg290(org.jsoup.nodes.ElementTest): Insert position out of bounds.,testNextElementSiblings_mg351(org.jsoup.nodes.ElementTest): Pattern syntax error: J{;2P#e;yT1.?>.gB?2l,testNextElementSiblings_mg367(org.jsoup.nodes.ElementTest): Insert position out of bounds.,testNextElementSiblings_mg368(org.jsoup.nodes.ElementTest): Insert position out of bounds.,testNextElementSiblings_mg445(org.jsoup.nodes.ElementTest): Insert position out of bounds.,testNextElementSiblings_mg446(org.jsoup.nodes.ElementTest): Insert position out of bounds.,testNextElementSiblings_mg523(org.jsoup.nodes.ElementTest): Insert position out of bounds.,testNextElementSiblings_mg524(org.jsoup.nodes.ElementTest): Insert position out of bounds.,testNextElementSiblingslitString12(org.jsoup.nodes.ElementTest): Index: 0,testNextElementSiblingslitString13(org.jsoup.nodes.ElementTest): null,testNextElementSiblingslitString14(org.jsoup.nodes.ElementTest): null,testNextElementSiblingslitString15(org.jsoup.nodes.ElementTest): null,testNextElementSiblingslitString16(org.jsoup.nodes.ElementTest): null,testNextElementSiblingslitString20(org.jsoup.nodes.ElementTest): null,testNextElementSiblingslitString21(org.jsoup.nodes.ElementTest): Index: 1, Size: 1,testNextElementSiblingslitString22(org.jsoup.nodes.ElementTest): Index: 1, Size: 1,testNextElementSiblingslitString23(org.jsoup.nodes.ElementTest): Index: 1, Size: 1,testNextElementSiblingslitString24(org.jsoup.nodes.ElementTest): Index: 1, Size: 1,testNextElementSiblingslitString25(org.jsoup.nodes.ElementTest): Index: 1, Size: 1,testNextElementSiblingslitString29(org.jsoup.nodes.ElementTest): Index: 1, Size: 1,testNextElementSiblingslitString30(org.jsoup.nodes.ElementTest): Index: 1, Size: 1,testNextElementSiblingslitString31(org.jsoup.nodes.ElementTest): Index: 1, Size: 1,testNextElementSiblingslitString32(org.jsoup.nodes.ElementTest): Index: 1, Size: 1,testNextElementSiblingslitString33(org.jsoup.nodes.ElementTest): Index: 0,testNextElementSiblingslitString34(org.jsoup.nodes.ElementTest): Index: 0,testNextElementSiblingslitString35(org.jsoup.nodes.ElementTest): Index: 0,testNextElementSiblingslitString36(org.jsoup.nodes.ElementTest): Index: 0,testNextElementSiblingslitString37(org.jsoup.nodes.ElementTest): Index: 0,testNextElementSiblingslitString38(org.jsoup.nodes.ElementTest): Index: 0,testNextElementSiblingslitString39(org.jsoup.nodes.ElementTest): Index: 0,testNextElementSiblingslitString40(org.jsoup.nodes.ElementTest): Index: 0,testNextElementSiblingslitString42(org.jsoup.nodes.ElementTest): null,testNextElementSiblingslitString44(org.jsoup.nodes.ElementTest): null,testNextElementSiblingslitString45(org.jsoup.nodes.ElementTest): null,testNextElementSiblingslitString46(org.jsoup.nodes.ElementTest): null,testNextElementSiblingslitString47(org.jsoup.nodes.ElementTest): null,testNextElementSiblingslitString48(org.jsoup.nodes.ElementTest): null,testNextElementSiblingslitString66(org.jsoup.nodes.ElementTest): null,testNextElementSiblingslitString67(org.jsoup.nodes.ElementTest): String must not be empty,testNextElementSiblingslitString68(org.jsoup.nodes.ElementTest): null,testNextElementSiblingslitString69(org.jsoup.nodes.ElementTest): null,testNextElementSiblingslitString71(org.jsoup.nodes.ElementTest): null,testNextElementSiblingslitString72(org.jsoup.nodes.ElementTest): String must not be empty,testNextElementSiblingslitString73(org.jsoup.nodes.ElementTest): null,testNextElementSiblingslitString74(org.jsoup.nodes.ElementTest): null,testNextElementSiblingslitString76(org.jsoup.nodes.ElementTest): null,testNextElementSiblingslitString77(org.jsoup.nodes.ElementTest): String must not be empty,testNextElementSiblingslitString78(org.jsoup.nodes.ElementTest): null,testNextElementSiblingslitString79(org.jsoup.nodes.ElementTest): null,testNextElementSiblingslitString80(org.jsoup.nodes.ElementTest): null,testNextElementSiblingslitString81(org.jsoup.nodes.ElementTest): null,testNextElementSiblingslitString82(org.jsoup.nodes.ElementTest): String must not be empty,testNextElementSiblingslitString83(org.jsoup.nodes.ElementTest): null,testNextElementSiblingslitString84(org.jsoup.nodes.ElementTest): null,testNextElementSiblingslitString86(org.jsoup.nodes.ElementTest): null,testNextElementSiblingslitString87(org.jsoup.nodes.ElementTest): null,testNextElementSiblingslitString88(org.jsoup.nodes.ElementTest): null,testNextElementSiblingslitString89(org.jsoup.nodes.ElementTest): null,testNextElementSiblingslitString90(org.jsoup.nodes.ElementTest): String must not be empty,testNextElementSiblingslitString91(org.jsoup.nodes.ElementTest): null,testNextElementSiblingslitString92(org.jsoup.nodes.ElementTest): null,testNextElementSiblingsnull632(org.jsoup.nodes.ElementTest): null,testNextElementSiblingsnull633(org.jsoup.nodes.ElementTest): String must not be empty,testNextElementSiblingsnull634(org.jsoup.nodes.ElementTest): String must not be empty,testNextElementSiblingsnull635(org.jsoup.nodes.ElementTest): String must not be empty,testNextElementSiblingsnull636(org.jsoup.nodes.ElementTest): String must not be empty,testNextElementSiblingsnull637(org.jsoup.nodes.ElementTest): String must not be empty
[INFO] 112 test pass, generating assertion...
[INFO] Add observations points in passing tests.
[INFO] Instrumentation...
  0% | ]/  1% | ]-  2% |= ]\  3% |= ]|  4% |== ]/  5% |== ]-  6% |=== ]\  7% |=== ]|  8% |==== ]/  8% |==== ]-  9% |==== ]\ 10% |===== ]| 11% |===== ]/ 12% |====== ]- 13% |====== ]\ 14% |======= ]| 15% |======= ]/ 16% |======== ]- 16% |======== ]\ 17% |======== ]| 18% |========= ]/ 19% |========= ]- 20% |========== ]\ 21% |========== ]| 22% |=========== ]/ 23% |=========== ]- 24% |============ ]\ 25% |============ ]| 25% |============ ]/ 26% |============= ]- 27% |============= ]\ 28% |============== ]| 29% |============== ]/ 30% |=============== ]- 31% |=============== ]\ 32% |================ ]| 33% |================ ]/ 33% |================ ]- 34% |================= ]\ 35% |================= ]| 36% |================== ]/ 37% |================== ]- 38% |=================== ]\ 39% |=================== ]| 40% |==================== ]/ 41% |==================== ]- 41% |==================== ]\ 42% |===================== ]| 43% |===================== ]/ 44% |====================== ]- 45% |====================== ]\ 46% |======================= ]| 47% |======================= ]/ 48% |======================== ]- 49% |======================== ]\ 50% |========================= ]| 50% |========================= ]/ 51% |========================= ]- 52% |========================== ]\ 53% |========================== ]| 54% |=========================== ]/ 55% |=========================== ]- 56% |============================ ]\ 57% |============================ ]| 58% |============================= ]/ 58% |============================= ]- 59% |============================= ]\ 60% |============================== ]| 61% |============================== ]/ 62% |=============================== ]- 63% |=============================== ]\ 64% |================================ ]| 65% |================================ ]/ 66% |================================= ]- 66% |================================= ]\ 67% |================================= ]| 68% |================================== ]/ 69% |================================== ]- 70% |=================================== ]\ 71% |=================================== ]| 72% |==================================== ]/ 73% |==================================== ]- 74% |===================================== ]\ 75% |===================================== ]| 75% |===================================== ]/ 76% |====================================== ]- 77% |====================================== ]\ 78% |======================================= ]| 79% |======================================= ]/ 80% |======================================== ]- 81% |======================================== ]\ 82% |========================================= ]| 83% |========================================= ]/ 83% |========================================= ]- 84% |========================================== ]\ 85% |========================================== ]| 86% |=========================================== ]/ 87% |=========================================== ]- 88% |============================================ ]\ 89% |============================================ ]| 90% |============================================= ]/ 91% |============================================= ]- 91% |============================================= ]\ 92% |============================================== ]| 93% |============================================== ]/ 94% |=============================================== ]- 95% |=============================================== ]\ 96% |================================================ ]| 97% |================================================ ]/ 98% |================================================= ]- 99% |================================================= ]\100% |================================================== ]|
[INFO] Run instrumented tests. (336)
[INFO] Run: java -classpath /tmp/icst-2019/september-2018/dataset/jsoup_parent/target/test-classes:/tmp/icst-2019/september-2018/dataset/jsoup_parent/target/classes/:/home/spirals/danglot/.m2/repository/junit/junit/4.12/junit-4.12.jar:/home/spirals/danglot/.m2/repository/org/hamcrest/hamcrest-core/1.3/hamcrest-core-1.3.jar:/home/spirals/danglot/.m2/repository/com/google/code/gson/gson/2.7/gson-2.7.jar:/home/spirals/danglot/.m2/repository/org/eclipse/jetty/jetty-server/9.2.22.v20170606/jetty-server-9.2.22.v20170606.jar:/home/spirals/danglot/.m2/repository/javax/servlet/javax.servlet-api/3.1.0/javax.servlet-api-3.1.0.jar:/home/spirals/danglot/.m2/repository/org/eclipse/jetty/jetty-http/9.2.22.v20170606/jetty-http-9.2.22.v20170606.jar:/home/spirals/danglot/.m2/repository/org/eclipse/jetty/jetty-util/9.2.22.v20170606/jetty-util-9.2.22.v20170606.jar:/home/spirals/danglot/.m2/repository/org/eclipse/jetty/jetty-io/9.2.22.v20170606/jetty-io-9.2.22.v20170606.jar:/home/spirals/danglot/.m2/repository/org/eclipse/jetty/jetty-servlet/9.2.22.v20170606/jetty-servlet-9.2.22.v20170606.jar:/home/spirals/danglot/.m2/repository/org/eclipse/jetty/jetty-security/9.2.22.v20170606/jetty-security-9.2.22.v20170606.jar:/tmp/icst-2019/september-2018/dataset/jsoup_parent/target/dspot/dependencies/:/home/spirals/danglot/.m2/repository/eu/stamp-project/test-runner/1.1.0/test-runner-1.1.0-jar-with-dependencies.jar eu.stamp_project.testrunner.runner.test.TestRunner org.jsoup.nodes.ElementTest testNextElementSiblings_mg601_withlog0:testNextElementSiblings_mg587_withlog0:testNextElementSiblings_mg584_withlog0:testNextElementSiblings_mg561_withlog0:testNextElementSiblings_mg353_withlog0:testNextElementSiblings_mg583_withlog0:testNextElementSiblings_mg275_withlog0:testNextElementSiblings_mg350_withlog0:testNextElementSiblings_mg197_withlog0:testNextElementSiblings_mg431_withlog0:testNextElementSiblings_mg272_withlog0:testNextElementSiblings_mg509_withlog0:testNextElementSiblings_mg194_withlog0:testNextElementSiblings_mg327_withlog0:testNextElementSiblings_mg585_withlog0:testNextElementSiblings_mg586_withlog0:testNextElementSiblings_mg506_withlog0:testNextElementSiblings_mg428_withlog0:testNextElementSiblings_mg171_withlog0:testNextElementSiblings_mg582_withlog0:testNextElementSiblings_mg483_withlog0:testNextElementSiblings_mg249_withlog0:testNextElementSiblings_mg349_withlog0:testNextElementSiblings_mg271_withlog0:testNextElementSiblings_mg193_withlog0:testNextElementSiblings_mg405_withlog0:testNextElementSiblings_mg505_withlog0:testNextElementSiblings_mg195_withlog0:testNextElementSiblings_mg560_withlog0:testNextElementSiblings_mg427_withlog0:testNextElementSiblings_mg352_withlog0:testNextElementSiblings_mg348_withlog0:testNextElementSiblings_mg507_withlog0:testNextElementSiblings_mg429_withlog0:testNextElementSiblings_mg602_withlog0:testNextElementSiblings_mg508_withlog0:testNextElementSiblings_mg196_withlog0:testNextElementSiblings_mg274_withlog0:testNextElementSiblings_mg270_withlog0:testNextElementSiblings_mg430_withlog0:testNextElementSiblings_mg192_withlog0:testNextElementSiblings_mg326_withlog0:testNextElementSiblings_mg170_withlog0:testNextElementSiblings_mg504_withlog0:testNextElementSiblings_mg426_withlog0:testNextElementSiblings_mg248_withlog0:testNextElementSiblings_mg156_withlog0:testNextElementSiblings_mg482_withlog0:testNextElementSiblings_mg404_withlog0:testNextElementSiblings_mg570_withlog0:testNextElementSiblings_mg258_withlog0:testNextElementSiblings_mg180_withlog0:testNextElementSiblings_mg336_withlog0:testNextElementSiblings_mg492_withlog0:testNextElementSiblings_mg414_withlog0:testNextElementSiblings_mg559_withlog0:testNextElementSiblings_mg593_withlog0:testNextElementSiblings_add122_withlog0:testNextElementSiblings_mg581_withlog0:testNextElementSiblingslitString54_withlog0:testNextElementSiblings_mg325_withlog0:testNextElementSiblings_mg247_withlog0:testNextElementSiblings_mg594_withlog0:testNextElementSiblingslitString56_withlog0:testNextElementSiblingslitString49_withlog0:testNextElementSiblingslitString55_withlog0:testNextElementSiblings_mg169_withlog0:testNextElementSiblings_mg481_withlog0:testNextElementSiblings_mg347_withlog0:testNextElementSiblings_mg203_withlog0:testNextElementSiblings_mg281_withlog0:testNextElementSiblings_mg359_withlog0:testNextElementSiblings_mg403_withlog0:testNextElementSiblings_mg191_withlog0:testNextElementSiblingslitString62_withlog0:testNextElementSiblings_mg269_withlog0:testNextElementSiblingslitString64_withlog0:testNextElementSiblings_mg282_withlog0:testNextElementSiblings_mg360_withlog0:testNextElementSiblings_mg437_withlog0:testNextElementSiblings_mg595_withlog0:testNextElementSiblingslitNum93_withlog0:testNextElementSiblingslitNum97_withlog0:testNextElementSiblingslitString63_withlog0:testNextElementSiblingslitNum100_withlog0:testNextElementSiblingslitNum120_withlog0:testNextElementSiblingslitNum114_withlog0:testNextElementSiblingslitNum108_withlog0:testNextElementSiblingslitNum116_withlog0:testNextElementSiblings_mg588_withlog0:testNextElementSiblingslitNum117_withlog0:testNextElementSiblingslitString57_withlog0:testNextElementSiblingslitString53_withlog0:testNextElementSiblings_mg515_withlog0:testNextElementSiblingslitString60_withlog0:testNextElementSiblings_mg204_withlog0:testNextElementSiblings_mg503_withlog0:testNextElementSiblings_mg596_withlog0:testNextElementSiblingslitString58_withlog0:testNextElementSiblings_mg425_withlog0:testNextElementSiblingslitString61_withlog0:testNextElementSiblingslitString28_withlog0:testNextElementSiblingslitString59_withlog0:testNextElementSiblings_mg438_withlog0:testNextElementSiblingslitString50_withlog0:testNextElementSiblingslitString26_withlog0:testNextElementSiblingslitNum121_withlog0:testNextElementSiblingslitString52_withlog0:testNextElementSiblings_mg444_withlog0:testNextElementSiblingslitString10_withlog0:testNextElementSiblings_mg516_withlog0:testNextElementSiblingslitString18_withlog0:testNextElementSiblings_mg601_withlog1:testNextElementSiblings_mg587_withlog1:testNextElementSiblings_mg584_withlog1:testNextElementSiblings_mg561_withlog1:testNextElementSiblings_mg353_withlog1:testNextElementSiblings_mg583_withlog1:testNextElementSiblings_mg275_withlog1:testNextElementSiblings_mg350_withlog1:testNextElementSiblings_mg197_withlog1:testNextElementSiblings_mg431_withlog1:testNextElementSiblings_mg272_withlog1:testNextElementSiblings_mg509_withlog1:testNextElementSiblings_mg194_withlog1:testNextElementSiblings_mg327_withlog1:testNextElementSiblings_mg585_withlog1:testNextElementSiblings_mg586_withlog1:testNextElementSiblings_mg506_withlog1:testNextElementSiblings_mg428_withlog1:testNextElementSiblings_mg171_withlog1:testNextElementSiblings_mg582_withlog1:testNextElementSiblings_mg483_withlog1:testNextElementSiblings_mg249_withlog1:testNextElementSiblings_mg349_withlog1:testNextElementSiblings_mg271_withlog1:testNextElementSiblings_mg193_withlog1:testNextElementSiblings_mg405_withlog1:testNextElementSiblings_mg505_withlog1:testNextElementSiblings_mg195_withlog1:testNextElementSiblings_mg560_withlog1:testNextElementSiblings_mg427_withlog1:testNextElementSiblings_mg352_withlog1:testNextElementSiblings_mg348_withlog1:testNextElementSiblings_mg507_withlog1:testNextElementSiblings_mg429_withlog1:testNextElementSiblings_mg602_withlog1:testNextElementSiblings_mg508_withlog1:testNextElementSiblings_mg196_withlog1:testNextElementSiblings_mg274_withlog1:testNextElementSiblings_mg270_withlog1:testNextElementSiblings_mg430_withlog1:testNextElementSiblings_mg192_withlog1:testNextElementSiblings_mg326_withlog1:testNextElementSiblings_mg170_withlog1:testNextElementSiblings_mg504_withlog1:testNextElementSiblings_mg426_withlog1:testNextElementSiblings_mg248_withlog1:testNextElementSiblings_mg156_withlog1:testNextElementSiblings_mg482_withlog1:testNextElementSiblings_mg404_withlog1:testNextElementSiblings_mg570_withlog1:testNextElementSiblings_mg258_withlog1:testNextElementSiblings_mg180_withlog1:testNextElementSiblings_mg336_withlog1:testNextElementSiblings_mg492_withlog1:testNextElementSiblings_mg414_withlog1:testNextElementSiblings_mg559_withlog1:testNextElementSiblings_mg593_withlog1:testNextElementSiblings_add122_withlog1:testNextElementSiblings_mg581_withlog1:testNextElementSiblingslitString54_withlog1:testNextElementSiblings_mg325_withlog1:testNextElementSiblings_mg247_withlog1:testNextElementSiblings_mg594_withlog1:testNextElementSiblingslitString56_withlog1:testNextElementSiblingslitString49_withlog1:testNextElementSiblingslitString55_withlog1:testNextElementSiblings_mg169_withlog1:testNextElementSiblings_mg481_withlog1:testNextElementSiblings_mg347_withlog1:testNextElementSiblings_mg203_withlog1:testNextElementSiblings_mg281_withlog1:testNextElementSiblings_mg359_withlog1:testNextElementSiblings_mg403_withlog1:testNextElementSiblings_mg191_withlog1:testNextElementSiblingslitString62_withlog1:testNextElementSiblings_mg269_withlog1:testNextElementSiblingslitString64_withlog1:testNextElementSiblings_mg282_withlog1:testNextElementSiblings_mg360_withlog1:testNextElementSiblings_mg437_withlog1:testNextElementSiblings_mg595_withlog1:testNextElementSiblingslitNum93_withlog1:testNextElementSiblingslitNum97_withlog1:testNextElementSiblingslitString63_withlog1:testNextElementSiblingslitNum100_withlog1:testNextElementSiblingslitNum120_withlog1:testNextElementSiblingslitNum114_withlog1:testNextElementSiblingslitNum108_withlog1:testNextElementSiblingslitNum116_withlog1:testNextElementSiblings_mg588_withlog1:testNextElementSiblingslitNum117_withlog1:testNextElementSiblingslitString57_withlog1:testNextElementSiblingslitString53_withlog1:testNextElementSiblings_mg515_withlog1:testNextElementSiblingslitString60_withlog1:testNextElementSiblings_mg204_withlog1:testNextElementSiblings_mg503_withlog1:testNextElementSiblings_mg596_withlog1:testNextElementSiblingslitString58_withlog1:testNextElementSiblings_mg425_withlog1:testNextElementSiblingslitString61_withlog1:testNextElementSiblingslitString28_withlog1:testNextElementSiblingslitString59_withlog1:testNextElementSiblings_mg438_withlog1:testNextElementSiblingslitString50_withlog1:testNextElementSiblingslitString26_withlog1:testNextElementSiblingslitNum121_withlog1:testNextElementSiblingslitString52_withlog1:testNextElementSiblings_mg444_withlog1:testNextElementSiblingslitString10_withlog1:testNextElementSiblings_mg516_withlog1:testNextElementSiblingslitString18_withlog1:testNextElementSiblings_mg601_withlog2:testNextElementSiblings_mg587_withlog2:testNextElementSiblings_mg584_withlog2:testNextElementSiblings_mg561_withlog2:testNextElementSiblings_mg353_withlog2:testNextElementSiblings_mg583_withlog2:testNextElementSiblings_mg275_withlog2:testNextElementSiblings_mg350_withlog2:testNextElementSiblings_mg197_withlog2:testNextElementSiblings_mg431_withlog2:testNextElementSiblings_mg272_withlog2:testNextElementSiblings_mg509_withlog2:testNextElementSiblings_mg194_withlog2:testNextElementSiblings_mg327_withlog2:testNextElementSiblings_mg585_withlog2:testNextElementSiblings_mg586_withlog2:testNextElementSiblings_mg506_withlog2:testNextElementSiblings_mg428_withlog2:testNextElementSiblings_mg171_withlog2:testNextElementSiblings_mg582_withlog2:testNextElementSiblings_mg483_withlog2:testNextElementSiblings_mg249_withlog2:testNextElementSiblings_mg349_withlog2:testNextElementSiblings_mg271_withlog2:testNextElementSiblings_mg193_withlog2:testNextElementSiblings_mg405_withlog2:testNextElementSiblings_mg505_withlog2:testNextElementSiblings_mg195_withlog2:testNextElementSiblings_mg560_withlog2:testNextElementSiblings_mg427_withlog2:testNextElementSiblings_mg352_withlog2:testNextElementSiblings_mg348_withlog2:testNextElementSiblings_mg507_withlog2:testNextElementSiblings_mg429_withlog2:testNextElementSiblings_mg602_withlog2:testNextElementSiblings_mg508_withlog2:testNextElementSiblings_mg196_withlog2:testNextElementSiblings_mg274_withlog2:testNextElementSiblings_mg270_withlog2:testNextElementSiblings_mg430_withlog2:testNextElementSiblings_mg192_withlog2:testNextElementSiblings_mg326_withlog2:testNextElementSiblings_mg170_withlog2:testNextElementSiblings_mg504_withlog2:testNextElementSiblings_mg426_withlog2:testNextElementSiblings_mg248_withlog2:testNextElementSiblings_mg156_withlog2:testNextElementSiblings_mg482_withlog2:testNextElementSiblings_mg404_withlog2:testNextElementSiblings_mg570_withlog2:testNextElementSiblings_mg258_withlog2:testNextElementSiblings_mg180_withlog2:testNextElementSiblings_mg336_withlog2:testNextElementSiblings_mg492_withlog2:testNextElementSiblings_mg414_withlog2:testNextElementSiblings_mg559_withlog2:testNextElementSiblings_mg593_withlog2:testNextElementSiblings_add122_withlog2:testNextElementSiblings_mg581_withlog2:testNextElementSiblingslitString54_withlog2:testNextElementSiblings_mg325_withlog2:testNextElementSiblings_mg247_withlog2:testNextElementSiblings_mg594_withlog2:testNextElementSiblingslitString56_withlog2:testNextElementSiblingslitString49_withlog2:testNextElementSiblingslitString55_withlog2:testNextElementSiblings_mg169_withlog2:testNextElementSiblings_mg481_withlog2:testNextElementSiblings_mg347_withlog2:testNextElementSiblings_mg203_withlog2:testNextElementSiblings_mg281_withlog2:testNextElementSiblings_mg359_withlog2:testNextElementSiblings_mg403_withlog2:testNextElementSiblings_mg191_withlog2:testNextElementSiblingslitString62_withlog2:testNextElementSiblings_mg269_withlog2:testNextElementSiblingslitString64_withlog2:testNextElementSiblings_mg282_withlog2:testNextElementSiblings_mg360_withlog2:testNextElementSiblings_mg437_withlog2:testNextElementSiblings_mg595_withlog2:testNextElementSiblingslitNum93_withlog2:testNextElementSiblingslitNum97_withlog2:testNextElementSiblingslitString63_withlog2:testNextElementSiblingslitNum100_withlog2:testNextElementSiblingslitNum120_withlog2:testNextElementSiblingslitNum114_withlog2:testNextElementSiblingslitNum108_withlog2:testNextElementSiblingslitNum116_withlog2:testNextElementSiblings_mg588_withlog2:testNextElementSiblingslitNum117_withlog2:testNextElementSiblingslitString57_withlog2:testNextElementSiblingslitString53_withlog2:testNextElementSiblings_mg515_withlog2:testNextElementSiblingslitString60_withlog2:testNextElementSiblings_mg204_withlog2:testNextElementSiblings_mg503_withlog2:testNextElementSiblings_mg596_withlog2:testNextElementSiblingslitString58_withlog2:testNextElementSiblings_mg425_withlog2:testNextElementSiblingslitString61_withlog2:testNextElementSiblingslitString28_withlog2:testNextElementSiblingslitString59_withlog2:testNextElementSiblings_mg438_withlog2:testNextElementSiblingslitString50_withlog2:testNextElementSiblingslitString26_withlog2:testNextElementSiblingslitNum121_withlog2:testNextElementSiblingslitString52_withlog2:testNextElementSiblings_mg444_withlog2:testNextElementSiblingslitString10_withlog2:testNextElementSiblings_mg516_withlog2:testNextElementSiblingslitString18_withlog2
File saved to the following path: /tmp/icst-2019/september-2018/dataset/jsoup_parent/target/dspot/observations.ser
File saved to the following path: /tmp/icst-2019/september-2018/dataset/jsoup_parent/target/dspot/TestListener.ser
Loading /tmp/icst-2019/september-2018/dataset/jsoup_parent/target/dspot/TestListener.ser
[INFO] Test has been run: testNextElementSiblingslitString53_withlog0,testNextElementSiblingslitString53_withlog1,testNextElementSiblingslitString53_withlog2,testNextElementSiblings_mg482_withlog0,testNextElementSiblings_mg482_withlog1,testNextElementSiblings_mg482_withlog2,testNextElementSiblings_mg180_withlog0,testNextElementSiblings_mg180_withlog1,testNextElementSiblings_mg180_withlog2,testNextElementSiblingslitString28_withlog0,testNextElementSiblingslitString28_withlog1,testNextElementSiblingslitString28_withlog2,testNextElementSiblings_mg582_withlog0,testNextElementSiblings_mg582_withlog1,testNextElementSiblings_mg582_withlog2,testNextElementSiblingslitString52_withlog0,testNextElementSiblingslitString52_withlog1,testNextElementSiblingslitString52_withlog2,testNextElementSiblings_mg481_withlog0,testNextElementSiblings_mg481_withlog1,testNextElementSiblings_mg481_withlog2,testNextElementSiblings_mg509_withlog0,testNextElementSiblings_mg509_withlog1,testNextElementSiblings_mg509_withlog2,testNextElementSiblings_mg581_withlog0,testNextElementSiblings_mg581_withlog1,testNextElementSiblings_mg581_withlog2,testNextElementSiblings_mg508_withlog0,testNextElementSiblings_mg508_withlog1,testNextElementSiblings_mg508_withlog2,testNextElementSiblingslitString26_withlog0,testNextElementSiblingslitString26_withlog1,testNextElementSiblingslitString26_withlog2,testNextElementSiblingslitString50_withlog0,testNextElementSiblingslitString50_withlog1,testNextElementSiblingslitString50_withlog2,testNextElementSiblingslitString49_withlog0,testNextElementSiblingslitString49_withlog1,testNextElementSiblingslitString49_withlog2,testNextElementSiblings_mg431_withlog0,testNextElementSiblings_mg431_withlog1,testNextElementSiblings_mg431_withlog2,testNextElementSiblings_mg507_withlog0,testNextElementSiblings_mg507_withlog1,testNextElementSiblings_mg507_withlog2,testNextElementSiblingslitNum108_withlog0,testNextElementSiblingslitNum108_withlog1,testNextElementSiblingslitNum108_withlog2,testNextElementSiblings_mg353_withlog0,testNextElementSiblings_mg353_withlog1,testNextElementSiblings_mg353_withlog2,testNextElementSiblings_mg430_withlog0,testNextElementSiblings_mg430_withlog1,testNextElementSiblings_mg430_withlog2,testNextElementSiblings_mg429_withlog0,testNextElementSiblings_mg429_withlog1,testNextElementSiblings_mg429_withlog2,testNextElementSiblings_mg506_withlog0,testNextElementSiblings_mg506_withlog1,testNextElementSiblings_mg506_withlog2,testNextElementSiblings_mg204_withlog0,testNextElementSiblings_mg204_withlog1,testNextElementSiblings_mg204_withlog2,testNextElementSiblings_mg405_withlog0,testNextElementSiblings_mg405_withlog1,testNextElementSiblings_mg405_withlog2,testNextElementSiblings_mg275_withlog0,testNextElementSiblings_mg275_withlog1,testNextElementSiblings_mg275_withlog2,testNextElementSiblings_mg352_withlog0,testNextElementSiblings_mg352_withlog1,testNextElementSiblings_mg352_withlog2,testNextElementSiblings_mg428_withlog0,testNextElementSiblings_mg428_withlog1,testNextElementSiblings_mg428_withlog2,testNextElementSiblings_mg505_withlog0,testNextElementSiblings_mg505_withlog1,testNextElementSiblings_mg505_withlog2,testNextElementSiblings_mg203_withlog0,testNextElementSiblings_mg203_withlog1,testNextElementSiblings_mg203_withlog2,testNextElementSiblings_mg327_withlog0,testNextElementSiblings_mg327_withlog1,testNextElementSiblings_mg327_withlog2,testNextElementSiblings_mg404_withlog0,testNextElementSiblings_mg404_withlog1,testNextElementSiblings_mg404_withlog2,testNextElementSiblings_mg197_withlog0,testNextElementSiblings_mg197_withlog1,testNextElementSiblings_mg197_withlog2,testNextElementSiblings_mg274_withlog0,testNextElementSiblings_mg274_withlog1,testNextElementSiblings_mg274_withlog2,testNextElementSiblings_mg427_withlog0,testNextElementSiblings_mg427_withlog1,testNextElementSiblings_mg427_withlog2,testNextElementSiblings_mg504_withlog0,testNextElementSiblings_mg504_withlog1,testNextElementSiblings_mg504_withlog2,testNextElementSiblings_mg249_withlog0,testNextElementSiblings_mg249_withlog1,testNextElementSiblings_mg249_withlog2,testNextElementSiblings_mg326_withlog0,testNextElementSiblings_mg326_withlog1,testNextElementSiblings_mg326_withlog2,testNextElementSiblings_mg403_withlog0,testNextElementSiblings_mg403_withlog1,testNextElementSiblings_mg403_withlog2,testNextElementSiblings_mg196_withlog0,testNextElementSiblings_mg196_withlog1,testNextElementSiblings_mg196_withlog2,testNextElementSiblings_mg350_withlog0,testNextElementSiblings_mg350_withlog1,testNextElementSiblings_mg350_withlog2,testNextElementSiblings_mg349_withlog0,testNextElementSiblings_mg349_withlog1,testNextElementSiblings_mg349_withlog2,testNextElementSiblings_mg426_withlog0,testNextElementSiblings_mg426_withlog1,testNextElementSiblings_mg426_withlog2,testNextElementSiblings_mg503_withlog0,testNextElementSiblings_mg503_withlog1,testNextElementSiblings_mg503_withlog2,testNextElementSiblings_mg248_withlog0,testNextElementSiblings_mg248_withlog1,testNextElementSiblings_mg248_withlog2,testNextElementSiblings_mg325_withlog0,testNextElementSiblings_mg325_withlog1,testNextElementSiblings_mg325_withlog2,testNextElementSiblingslitNum97_withlog0,testNextElementSiblingslitNum97_withlog1,testNextElementSiblingslitNum97_withlog2,testNextElementSiblings_mg195_withlog0,testNextElementSiblings_mg195_withlog1,testNextElementSiblings_mg195_withlog2,testNextElementSiblings_mg272_withlog0,testNextElementSiblings_mg272_withlog1,testNextElementSiblings_mg272_withlog2,testNextElementSiblings_mg348_withlog0,testNextElementSiblings_mg348_withlog1,testNextElementSiblings_mg348_withlog2,testNextElementSiblings_mg425_withlog0,testNextElementSiblings_mg425_withlog1,testNextElementSiblings_mg425_withlog2,testNextElementSiblings_mg171_withlog0,testNextElementSiblings_mg171_withlog1,testNextElementSiblings_mg171_withlog2,testNextElementSiblings_mg247_withlog0,testNextElementSiblings_mg247_withlog1,testNextElementSiblings_mg247_withlog2,testNextElementSiblings_mg194_withlog0,testNextElementSiblings_mg194_withlog1,testNextElementSiblings_mg194_withlog2,testNextElementSiblings_mg271_withlog0,testNextElementSiblings_mg271_withlog1,testNextElementSiblings_mg271_withlog2,testNextElementSiblings_mg602_withlog0,testNextElementSiblings_mg602_withlog1,testNextElementSiblings_mg602_withlog2,testNextElementSiblings_mg347_withlog0,testNextElementSiblings_mg347_withlog1,testNextElementSiblings_mg347_withlog2,testNextElementSiblings_mg170_withlog0,testNextElementSiblings_mg170_withlog1,testNextElementSiblings_mg170_withlog2,testNextElementSiblings_mg169_withlog0,testNextElementSiblings_mg169_withlog1,testNextElementSiblings_mg169_withlog2,testNextElementSiblings_mg596_withlog0,testNextElementSiblings_mg596_withlog1,testNextElementSiblings_mg596_withlog2,testNextElementSiblingslitString18_withlog0,testNextElementSiblingslitString18_withlog1,testNextElementSiblingslitString18_withlog2,testNextElementSiblings_mg193_withlog0,testNextElementSiblings_mg193_withlog1,testNextElementSiblings_mg193_withlog2,testNextElementSiblings_mg270_withlog0,testNextElementSiblings_mg270_withlog1,testNextElementSiblings_mg270_withlog2,testNextElementSiblings_mg601_withlog0,testNextElementSiblings_mg601_withlog1,testNextElementSiblings_mg601_withlog2,testNextElementSiblings_mg269_withlog0,testNextElementSiblings_mg269_withlog1,testNextElementSiblings_mg269_withlog2,testNextElementSiblings_mg595_withlog0,testNextElementSiblings_mg595_withlog1,testNextElementSiblings_mg595_withlog2,testNextElementSiblings_mg192_withlog0,testNextElementSiblings_mg192_withlog1,testNextElementSiblings_mg192_withlog2,testNextElementSiblings_mg594_withlog0,testNextElementSiblings_mg594_withlog1,testNextElementSiblings_mg594_withlog2,testNextElementSiblingslitString64_withlog0,testNextElementSiblingslitString64_withlog1,testNextElementSiblingslitString64_withlog2,testNextElementSiblingslitNum100_withlog0,testNextElementSiblingslitNum100_withlog1,testNextElementSiblingslitNum100_withlog2,testNextElementSiblingslitNum93_withlog0,testNextElementSiblingslitNum93_withlog1,testNextElementSiblingslitNum93_withlog2,testNextElementSiblings_mg191_withlog0,testNextElementSiblings_mg191_withlog1,testNextElementSiblings_mg191_withlog2,testNextElementSiblings_mg570_withlog0,testNextElementSiblings_mg570_withlog1,testNextElementSiblings_mg570_withlog2,testNextElementSiblings_add122_withlog0,testNextElementSiblings_add122_withlog1,testNextElementSiblings_add122_withlog2,testNextElementSiblings_mg593_withlog0,testNextElementSiblings_mg593_withlog1,testNextElementSiblings_mg593_withlog2,testNextElementSiblingslitString63_withlog0,testNextElementSiblingslitString63_withlog1,testNextElementSiblingslitString63_withlog2,testNextElementSiblings_mg492_withlog0,testNextElementSiblings_mg492_withlog1,testNextElementSiblings_mg492_withlog2,testNextElementSiblings_mg444_withlog0,testNextElementSiblings_mg444_withlog1,testNextElementSiblings_mg444_withlog2,testNextElementSiblingslitString62_withlog0,testNextElementSiblingslitString62_withlog1,testNextElementSiblingslitString62_withlog2,testNextElementSiblingslitNum121_withlog0,testNextElementSiblingslitNum121_withlog1,testNextElementSiblingslitNum121_withlog2,testNextElementSiblingslitString61_withlog0,testNextElementSiblingslitString61_withlog1,testNextElementSiblingslitString61_withlog2,testNextElementSiblingslitNum120_withlog0,testNextElementSiblingslitNum120_withlog1,testNextElementSiblingslitNum120_withlog2,testNextElementSiblingslitString60_withlog0,testNextElementSiblingslitString60_withlog1,testNextElementSiblingslitString60_withlog2,testNextElementSiblingslitString59_withlog0,testNextElementSiblingslitString59_withlog1,testNextElementSiblingslitString59_withlog2,testNextElementSiblings_mg588_withlog0,testNextElementSiblings_mg588_withlog1,testNextElementSiblings_mg588_withlog2,testNextElementSiblingslitString58_withlog0,testNextElementSiblingslitString58_withlog1,testNextElementSiblingslitString58_withlog2,testNextElementSiblings_mg516_withlog0,testNextElementSiblings_mg516_withlog1,testNextElementSiblings_mg516_withlog2,testNextElementSiblingslitNum117_withlog0,testNextElementSiblingslitNum117_withlog1,testNextElementSiblingslitNum117_withlog2,testNextElementSiblings_mg587_withlog0,testNextElementSiblings_mg587_withlog1,testNextElementSiblings_mg587_withlog2,testNextElementSiblingslitString10_withlog0,testNextElementSiblingslitString10_withlog1,testNextElementSiblingslitString10_withlog2,testNextElementSiblingslitString57_withlog0,testNextElementSiblingslitString57_withlog1,testNextElementSiblingslitString57_withlog2,testNextElementSiblings_mg438_withlog0,testNextElementSiblings_mg438_withlog1,testNextElementSiblings_mg438_withlog2,testNextElementSiblings_mg515_withlog0,testNextElementSiblings_mg515_withlog1,testNextElementSiblings_mg515_withlog2,testNextElementSiblings_mg414_withlog0,testNextElementSiblings_mg414_withlog1,testNextElementSiblings_mg414_withlog2,testNextElementSiblingslitNum116_withlog0,testNextElementSiblingslitNum116_withlog1,testNextElementSiblingslitNum116_withlog2,testNextElementSiblings_mg586_withlog0,testNextElementSiblings_mg586_withlog1,testNextElementSiblings_mg586_withlog2,testNextElementSiblingslitString56_withlog0,testNextElementSiblingslitString56_withlog1,testNextElementSiblingslitString56_withlog2,testNextElementSiblings_mg437_withlog0,testNextElementSiblings_mg437_withlog1,testNextElementSiblings_mg437_withlog2,testNextElementSiblings_mg336_withlog0,testNextElementSiblings_mg336_withlog1,testNextElementSiblings_mg336_withlog2,testNextElementSiblings_mg585_withlog0,testNextElementSiblings_mg585_withlog1,testNextElementSiblings_mg585_withlog2,testNextElementSiblings_mg360_withlog0,testNextElementSiblings_mg360_withlog1,testNextElementSiblings_mg360_withlog2,testNextElementSiblingslitString55_withlog0,testNextElementSiblingslitString55_withlog1,testNextElementSiblingslitString55_withlog2,testNextElementSiblings_mg359_withlog0,testNextElementSiblings_mg359_withlog1,testNextElementSiblings_mg359_withlog2,testNextElementSiblings_mg561_withlog0,testNextElementSiblings_mg561_withlog1,testNextElementSiblings_mg561_withlog2,testNextElementSiblings_mg258_withlog0,testNextElementSiblings_mg258_withlog1,testNextElementSiblings_mg258_withlog2,testNextElementSiblingslitNum114_withlog0,testNextElementSiblingslitNum114_withlog1,testNextElementSiblingslitNum114_withlog2,testNextElementSiblings_mg584_withlog0,testNextElementSiblings_mg584_withlog1,testNextElementSiblings_mg584_withlog2,testNextElementSiblings_mg282_withlog0,testNextElementSiblings_mg282_withlog1,testNextElementSiblings_mg282_withlog2,testNextElementSiblingslitString54_withlog0,testNextElementSiblingslitString54_withlog1,testNextElementSiblingslitString54_withlog2,testNextElementSiblings_mg483_withlog0,testNextElementSiblings_mg483_withlog1,testNextElementSiblings_mg483_withlog2,testNextElementSiblings_mg560_withlog0,testNextElementSiblings_mg560_withlog1,testNextElementSiblings_mg560_withlog2,testNextElementSiblings_mg559_withlog0,testNextElementSiblings_mg559_withlog1,testNextElementSiblings_mg559_withlog2,testNextElementSiblings_mg156_withlog0,testNextElementSiblings_mg156_withlog1,testNextElementSiblings_mg156_withlog2,testNextElementSiblings_mg583_withlog0,testNextElementSiblings_mg583_withlog1,testNextElementSiblings_mg583_withlog2,testNextElementSiblings_mg281_withlog0,testNextElementSiblings_mg281_withlog1,testNextElementSiblings_mg281_withlog2
[INFO] Generating assertions...
[INFO] 88 test fail, generating try/catch/fail blocks...
[INFO] 200 new tests with assertions generated
[INFO] Run: java -classpath /tmp/icst-2019/september-2018/dataset/jsoup_parent/target/test-classes:/tmp/icst-2019/september-2018/dataset/jsoup_parent/target/classes/:/home/spirals/danglot/.m2/repository/junit/junit/4.12/junit-4.12.jar:/home/spirals/danglot/.m2/repository/org/hamcrest/hamcrest-core/1.3/hamcrest-core-1.3.jar:/home/spirals/danglot/.m2/repository/com/google/code/gson/gson/2.7/gson-2.7.jar:/home/spirals/danglot/.m2/repository/org/eclipse/jetty/jetty-server/9.2.22.v20170606/jetty-server-9.2.22.v20170606.jar:/home/spirals/danglot/.m2/repository/javax/servlet/javax.servlet-api/3.1.0/javax.servlet-api-3.1.0.jar:/home/spirals/danglot/.m2/repository/org/eclipse/jetty/jetty-http/9.2.22.v20170606/jetty-http-9.2.22.v20170606.jar:/home/spirals/danglot/.m2/repository/org/eclipse/jetty/jetty-util/9.2.22.v20170606/jetty-util-9.2.22.v20170606.jar:/home/spirals/danglot/.m2/repository/org/eclipse/jetty/jetty-io/9.2.22.v20170606/jetty-io-9.2.22.v20170606.jar:/home/spirals/danglot/.m2/repository/org/eclipse/jetty/jetty-servlet/9.2.22.v20170606/jetty-servlet-9.2.22.v20170606.jar:/home/spirals/danglot/.m2/repository/org/eclipse/jetty/jetty-security/9.2.22.v20170606/jetty-security-9.2.22.v20170606.jar:/tmp/icst-2019/september-2018/dataset/jsoup_parent/target/dspot/dependencies/:/home/spirals/danglot/.m2/repository/eu/stamp-project/test-runner/1.1.0/test-runner-1.1.0-jar-with-dependencies.jar eu.stamp_project.testrunner.runner.test.TestRunner org.jsoup.nodes.ElementTest testNextElementSiblings_mg601:testNextElementSiblings_mg587:testNextElementSiblings_mg584:testNextElementSiblings_mg561:testNextElementSiblings_mg353:testNextElementSiblings_mg583:testNextElementSiblings_mg275:testNextElementSiblings_mg350:testNextElementSiblings_mg197:testNextElementSiblings_mg431:testNextElementSiblings_mg272:testNextElementSiblings_mg509:testNextElementSiblings_mg194:testNextElementSiblings_mg327:testNextElementSiblings_mg585:testNextElementSiblings_mg586:testNextElementSiblings_mg506:testNextElementSiblings_mg428:testNextElementSiblings_mg171:testNextElementSiblings_mg582:testNextElementSiblings_mg483:testNextElementSiblings_mg249:testNextElementSiblings_mg349:testNextElementSiblings_mg271:testNextElementSiblings_mg193:testNextElementSiblings_mg405:testNextElementSiblings_mg505:testNextElementSiblings_mg195:testNextElementSiblings_mg560:testNextElementSiblings_mg427:testNextElementSiblings_mg352:testNextElementSiblings_mg348:testNextElementSiblings_mg507:testNextElementSiblings_mg429:testNextElementSiblings_mg602:testNextElementSiblings_mg508:testNextElementSiblings_mg196:testNextElementSiblings_mg274:testNextElementSiblings_mg270:testNextElementSiblings_mg430:testNextElementSiblings_mg192:testNextElementSiblings_mg326:testNextElementSiblings_mg170:testNextElementSiblings_mg504:testNextElementSiblings_mg426:testNextElementSiblings_mg248:testNextElementSiblings_mg156:testNextElementSiblings_mg482:testNextElementSiblings_mg404:testNextElementSiblings_mg570:testNextElementSiblings_mg258:testNextElementSiblings_mg180:testNextElementSiblings_mg336:testNextElementSiblings_mg492:testNextElementSiblings_mg414:testNextElementSiblings_mg559:testNextElementSiblings_mg593:testNextElementSiblings_add122:testNextElementSiblings_mg581:testNextElementSiblingslitString54:testNextElementSiblings_mg325:testNextElementSiblings_mg247:testNextElementSiblings_mg594:testNextElementSiblingslitString56:testNextElementSiblingslitString49:testNextElementSiblingslitString55:testNextElementSiblings_mg169:testNextElementSiblings_mg481:testNextElementSiblings_mg347:testNextElementSiblings_mg203:testNextElementSiblings_mg281:testNextElementSiblings_mg359:testNextElementSiblings_mg403:testNextElementSiblings_mg191:testNextElementSiblingslitString62:testNextElementSiblings_mg269:testNextElementSiblingslitString64:testNextElementSiblings_mg282:testNextElementSiblings_mg360:testNextElementSiblings_mg437:testNextElementSiblings_mg595:testNextElementSiblingslitNum93:testNextElementSiblingslitNum97:testNextElementSiblingslitString63:testNextElementSiblingslitNum100:testNextElementSiblingslitNum120:testNextElementSiblingslitNum114:testNextElementSiblingslitNum108:testNextElementSiblingslitNum116:testNextElementSiblings_mg588:testNextElementSiblingslitNum117:testNextElementSiblingslitString57:testNextElementSiblingslitString53:testNextElementSiblings_mg515:testNextElementSiblingslitString60:testNextElementSiblings_mg204:testNextElementSiblings_mg503:testNextElementSiblings_mg596:testNextElementSiblingslitString58:testNextElementSiblings_mg425:testNextElementSiblingslitString61:testNextElementSiblingslitString28:testNextElementSiblingslitString59:testNextElementSiblings_mg438:testNextElementSiblingslitString50:testNextElementSiblingslitString26:testNextElementSiblingslitNum121:testNextElementSiblingslitString52:testNextElementSiblings_mg444:testNextElementSiblingslitString10:testNextElementSiblings_mg516:testNextElementSiblingslitString18:testNextElementSiblingsnull632_failAssert0:testNextElementSiblings_mg289_failAssert1:testNextElementSiblings_mg367_failAssert2:testNextElementSiblings_mg211_failAssert3:testNextElementSiblings_mg523_failAssert4:testNextElementSiblings_mg445_failAssert5:testNextElementSiblings_mg351_failAssert6:testNextElementSiblings_mg273_failAssert7:testNextElementSiblings_mg290_failAssert8:testNextElementSiblings_mg368_failAssert9:testNextElementSiblings_mg212_failAssert10:testNextElementSiblings_mg446_failAssert11:testNextElementSiblings_mg524_failAssert12:testNextElementSiblingslitString30_failAssert13:testNextElementSiblingslitString22_failAssert14:testNextElementSiblingslitString14_failAssert15:testNextElementSiblingslitString32_failAssert16:testNextElementSiblingslitString24_failAssert17:testNextElementSiblingslitString16_failAssert18:testNextElementSiblingslitString46_failAssert19:testNextElementSiblingslitString31_failAssert20:testNextElementSiblingslitString23_failAssert21:testNextElementSiblingslitString15_failAssert22:testNextElementSiblingslitString48_failAssert23:testNextElementSiblingslitString6_failAssert24:testNextElementSiblingslitString47_failAssert25:testNextElementSiblingslitString8_failAssert26:testNextElementSiblingslitString25_failAssert27:testNextElementSiblingslitString7_failAssert28:testNextElementSiblingslitString9_failAssert29:testNextElementSiblingsnull637_failAssert30:testNextElementSiblingslitString38_failAssert31:testNextElementSiblingslitString40_failAssert32:testNextElementSiblingslitString90_failAssert33:testNextElementSiblingslitNum99_failAssert34:testNextElementSiblingsnull636_failAssert35:testNextElementSiblingslitNum110_failAssert36:testNextElementSiblingslitNum104_failAssert37:testNextElementSiblingslitNum94_failAssert38:testNextElementSiblingslitString92_failAssert39:testNextElementSiblingslitNum111_failAssert40:testNextElementSiblingslitNum105_failAssert41:testNextElementSiblingslitString82_failAssert42:testNextElementSiblingslitString39_failAssert43:testNextElementSiblingsnull633_failAssert44:testNextElementSiblingsnull634_failAssert45:testNextElementSiblingsnull635_failAssert46:testNextElementSiblingslitString84_failAssert47:testNextElementSiblingslitString89_failAssert48:testNextElementSiblingslitString91_failAssert49:testNextElementSiblingslitString36_failAssert50:testNextElementSiblingslitString81_failAssert51:testNextElementSiblingslitString72_failAssert52:testNextElementSiblingslitString88_failAssert53:testNextElementSiblingslitString77_failAssert54:testNextElementSiblingslitString67_failAssert55:testNextElementSiblingslitString45_failAssert56:testNextElementSiblingslitString37_failAssert57:testNextElementSiblingslitString74_failAssert58:testNextElementSiblingslitString79_failAssert59:testNextElementSiblingslitString69_failAssert60:testNextElementSiblingslitString83_failAssert61:testNextElementSiblingslitString21_failAssert62:testNextElementSiblingslitString71_failAssert63:testNextElementSiblingslitString34_failAssert64:testNextElementSiblingslitString66_failAssert65:testNextElementSiblingslitString80_failAssert66:testNextElementSiblingslitString76_failAssert67:testNextElementSiblingslitString29_failAssert68:testNextElementSiblingslitString86_failAssert69:testNextElementSiblingslitString4_failAssert70:testNextElementSiblingslitString5_failAssert71:testNextElementSiblingslitString44_failAssert72:testNextElementSiblingslitString13_failAssert73:testNextElementSiblingslitString12_failAssert74:testNextElementSiblingslitString20_failAssert75:testNextElementSiblingslitString87_failAssert76:testNextElementSiblingslitString73_failAssert77:testNextElementSiblingslitNum98_failAssert78:testNextElementSiblingslitString78_failAssert79:testNextElementSiblingslitString35_failAssert80:testNextElementSiblingslitString68_failAssert81:testNextElementSiblingslitString2_failAssert82:testNextElementSiblingslitNum115_failAssert83:testNextElementSiblingslitString33_failAssert84:testNextElementSiblingslitString42_failAssert85:testNextElementSiblingslitString3_failAssert86:testNextElementSiblingslitNum109_failAssert87
File saved to the following path: /tmp/icst-2019/september-2018/dataset/jsoup_parent/target/dspot/TestListener.ser
Loading /tmp/icst-2019/september-2018/dataset/jsoup_parent/target/dspot/TestListener.ser
[INFO] Test has been run: testNextElementSiblingslitString9_failAssert29,testNextElementSiblingslitString77_failAssert54,testNextElementSiblingslitString29_failAssert68,testNextElementSiblingslitString16_failAssert18,testNextElementSiblingslitNum104_failAssert37,testNextElementSiblings_mg523_failAssert4,testNextElementSiblingslitString81_failAssert51,testNextElementSiblingslitNum99_failAssert34,testNextElementSiblingslitString46_failAssert19,testNextElementSiblingslitString33_failAssert84,testNextElementSiblingslitString20_failAssert75,testNextElementSiblingsnull637_failAssert30,testNextElementSiblingslitString8_failAssert26,testNextElementSiblings_mg351_failAssert6,testNextElementSiblingslitString89_failAssert48,testNextElementSiblingslitString76_failAssert67,testNextElementSiblingslitString15_failAssert22,testNextElementSiblingslitNum93,testNextElementSiblingslitNum97,testNextElementSiblingslitString80_failAssert66,testNextElementSiblingslitNum98_failAssert78,testNextElementSiblingslitString45_failAssert56,testNextElementSiblingslitString32_failAssert16,testNextElementSiblingsnull636_failAssert35,testNextElementSiblingslitString7_failAssert28,testNextElementSiblings_mg211_failAssert3,testNextElementSiblingslitString88_failAssert53,testNextElementSiblingslitString14_failAssert15,testNextElementSiblingslitNum115_failAssert83,testNextElementSiblings_mg524_failAssert12,testNextElementSiblingslitString92_failAssert39,testNextElementSiblingslitString44_failAssert72,testNextElementSiblingslitString31_failAssert20,testNextElementSiblings_mg445_failAssert5,testNextElementSiblingsnull635_failAssert46,testNextElementSiblingslitString6_failAssert24,testNextElementSiblingslitString87_failAssert76,testNextElementSiblingslitString74_failAssert58,testNextElementSiblings_mg290_failAssert8,testNextElementSiblingslitString39_failAssert43,testNextElementSiblingslitString13_failAssert73,testNextElementSiblings_mg273_failAssert7,testNextElementSiblingslitString91_failAssert49,testNextElementSiblingslitString69_failAssert60,testNextElementSiblingslitString30_failAssert13,testNextElementSiblingslitNum109_failAssert87,testNextElementSiblingsnull634_failAssert45,testNextElementSiblingslitString5_failAssert71,testNextElementSiblingslitString86_failAssert69,testNextElementSiblingslitString73_failAssert77,testNextElementSiblingslitString38_failAssert31,testNextElementSiblingslitString25_failAssert27,testNextElementSiblingslitString12_failAssert74,testNextElementSiblings_mg212_failAssert10,testNextElementSiblings_mg368_failAssert9,testNextElementSiblingslitNum100,testNextElementSiblingslitNum108,testNextElementSiblingslitNum114,testNextElementSiblingslitNum116,testNextElementSiblingslitNum117,testNextElementSiblingslitNum120,testNextElementSiblingslitNum121,testNextElementSiblingsnull632_failAssert0,testNextElementSiblingslitString90_failAssert33,testNextElementSiblingslitString68_failAssert81,testNextElementSiblingslitString42_failAssert85,testNextElementSiblingsnull633_failAssert44,testNextElementSiblingslitString4_failAssert70,testNextElementSiblings_mg367_failAssert2,testNextElementSiblingslitString72_failAssert52,testNextElementSiblings_mg156,testNextElementSiblings_mg169,testNextElementSiblings_mg170,testNextElementSiblings_mg171,testNextElementSiblings_mg180,testNextElementSiblings_mg191,testNextElementSiblings_mg192,testNextElementSiblings_mg193,testNextElementSiblings_mg194,testNextElementSiblings_mg195,testNextElementSiblings_mg196,testNextElementSiblings_mg197,testNextElementSiblings_mg203,testNextElementSiblings_mg204,testNextElementSiblings_mg247,testNextElementSiblings_mg248,testNextElementSiblings_mg249,testNextElementSiblings_mg258,testNextElementSiblings_mg269,testNextElementSiblings_mg270,testNextElementSiblings_mg271,testNextElementSiblings_mg272,testNextElementSiblings_mg274,testNextElementSiblings_mg275,testNextElementSiblings_mg281,testNextElementSiblings_mg282,testNextElementSiblings_mg325,testNextElementSiblings_mg326,testNextElementSiblings_mg327,testNextElementSiblings_mg336,testNextElementSiblings_mg347,testNextElementSiblings_mg348,testNextElementSiblings_mg349,testNextElementSiblings_mg350,testNextElementSiblings_mg352,testNextElementSiblings_mg353,testNextElementSiblings_mg359,testNextElementSiblings_mg360,testNextElementSiblings_mg403,testNextElementSiblings_mg404,testNextElementSiblings_mg405,testNextElementSiblings_mg414,testNextElementSiblings_mg425,testNextElementSiblings_mg426,testNextElementSiblings_mg427,testNextElementSiblings_mg428,testNextElementSiblings_mg429,testNextElementSiblings_mg430,testNextElementSiblings_mg431,testNextElementSiblings_mg437,testNextElementSiblings_mg438,testNextElementSiblings_mg444,testNextElementSiblings_mg481,testNextElementSiblings_mg482,testNextElementSiblings_mg483,testNextElementSiblings_mg492,testNextElementSiblings_mg503,testNextElementSiblings_mg504,testNextElementSiblings_mg505,testNextElementSiblings_mg506,testNextElementSiblings_mg507,testNextElementSiblings_mg508,testNextElementSiblings_mg509,testNextElementSiblings_mg515,testNextElementSiblings_mg516,testNextElementSiblings_mg559,testNextElementSiblings_mg560,testNextElementSiblings_mg561,testNextElementSiblings_mg570,testNextElementSiblings_mg581,testNextElementSiblings_mg582,testNextElementSiblings_mg583,testNextElementSiblings_mg584,testNextElementSiblings_mg585,testNextElementSiblings_mg586,testNextElementSiblings_mg587,testNextElementSiblings_mg588,testNextElementSiblings_mg593,testNextElementSiblings_mg594,testNextElementSiblings_mg595,testNextElementSiblings_mg596,testNextElementSiblings_mg601,testNextElementSiblings_mg602,testNextElementSiblingslitString37_failAssert57,testNextElementSiblingslitString24_failAssert17,testNextElementSiblings_add122,testNextElementSiblingslitString67_failAssert55,testNextElementSiblingslitNum94_failAssert38,testNextElementSiblingslitString3_failAssert86,testNextElementSiblingslitString84_failAssert47,testNextElementSiblingslitString71_failAssert63,testNextElementSiblingslitString36_failAssert50,testNextElementSiblingslitString23_failAssert21,testNextElementSiblingslitNum111_failAssert40,testNextElementSiblingslitString79_failAssert59,testNextElementSiblingslitString66_failAssert65,testNextElementSiblingslitString40_failAssert32,testNextElementSiblingslitString2_failAssert82,testNextElementSiblingslitString83_failAssert61,testNextElementSiblingslitString48_failAssert23,testNextElementSiblingslitString35_failAssert80,testNextElementSiblingslitString22_failAssert14,testNextElementSiblings_mg446_failAssert11,testNextElementSiblingslitNum110_failAssert36,testNextElementSiblings_mg289_failAssert1,testNextElementSiblingslitString10,testNextElementSiblingslitString18,testNextElementSiblingslitString26,testNextElementSiblingslitString28,testNextElementSiblingslitString49,testNextElementSiblingslitString50,testNextElementSiblingslitString52,testNextElementSiblingslitString53,testNextElementSiblingslitString54,testNextElementSiblingslitString55,testNextElementSiblingslitString56,testNextElementSiblingslitString57,testNextElementSiblingslitString58,testNextElementSiblingslitString59,testNextElementSiblingslitString60,testNextElementSiblingslitString61,testNextElementSiblingslitString62,testNextElementSiblingslitString63,testNextElementSiblingslitString64,testNextElementSiblingslitString78_failAssert79,testNextElementSiblingslitNum105_failAssert41,testNextElementSiblingslitString82_failAssert42,testNextElementSiblingslitString47_failAssert25,testNextElementSiblingslitString34_failAssert64,testNextElementSiblingslitString21_failAssert62
[INFO] Assertion amplification: 200 test method(s) has been successfully amplified.
[WARN] 2018-09-28 08:48:46 Launcher - You specified the directory /tmp/icst-2019/september-2018/dataset/jsoup/target/classes in source classpath, please note that only class files will be considered. Jars and subdirectories will be ignored.
[WARN] 2018-09-28 08:48:46 Launcher - You specified the directory /tmp/icst-2019/september-2018/dataset/jsoup/target/test-classes in source classpath, please note that only class files will be considered. Jars and subdirectories will be ignored.
[WARN] 2018-09-28 08:48:46 Launcher - You specified the directory /tmp/icst-2019/september-2018/dataset/jsoup/target/dspot/dependencies in source classpath, please note that only class files will be considered. Jars and subdirectories will be ignored.
[INFO] Run: java -classpath /tmp/icst-2019/september-2018/dataset/jsoup/target/classes/:/tmp/icst-2019/september-2018/dataset/jsoup/target/test-classes/:/home/spirals/danglot/.m2/repository/junit/junit/4.12/junit-4.12.jar:/home/spirals/danglot/.m2/repository/org/hamcrest/hamcrest-core/1.3/hamcrest-core-1.3.jar:/home/spirals/danglot/.m2/repository/com/google/code/gson/gson/2.7/gson-2.7.jar:/home/spirals/danglot/.m2/repository/org/eclipse/jetty/jetty-server/9.2.22.v20170606/jetty-server-9.2.22.v20170606.jar:/home/spirals/danglot/.m2/repository/javax/servlet/javax.servlet-api/3.1.0/javax.servlet-api-3.1.0.jar:/home/spirals/danglot/.m2/repository/org/eclipse/jetty/jetty-http/9.2.22.v20170606/jetty-http-9.2.22.v20170606.jar:/home/spirals/danglot/.m2/repository/org/eclipse/jetty/jetty-util/9.2.22.v20170606/jetty-util-9.2.22.v20170606.jar:/home/spirals/danglot/.m2/repository/org/eclipse/jetty/jetty-io/9.2.22.v20170606/jetty-io-9.2.22.v20170606.jar:/home/spirals/danglot/.m2/repository/org/eclipse/jetty/jetty-servlet/9.2.22.v20170606/jetty-servlet-9.2.22.v20170606.jar:/home/spirals/danglot/.m2/repository/org/eclipse/jetty/jetty-security/9.2.22.v20170606/jetty-security-9.2.22.v20170606.jar:/tmp/icst-2019/september-2018/dataset/jsoup/target/dspot/dependencies/:/home/spirals/danglot/.m2/repository/eu/stamp-project/test-runner/1.1.0/test-runner-1.1.0-jar-with-dependencies.jar eu.stamp_project.testrunner.runner.test.TestRunner org.jsoup.nodes.ElementTest testNextElementSiblings_mg601:testNextElementSiblings_mg587:testNextElementSiblings_mg584:testNextElementSiblings_mg561:testNextElementSiblings_mg353:testNextElementSiblings_mg583:testNextElementSiblings_mg275:testNextElementSiblings_mg350:testNextElementSiblings_mg197:testNextElementSiblings_mg431:testNextElementSiblings_mg272:testNextElementSiblings_mg509:testNextElementSiblings_mg194:testNextElementSiblings_mg327:testNextElementSiblings_mg585:testNextElementSiblings_mg586:testNextElementSiblings_mg506:testNextElementSiblings_mg428:testNextElementSiblings_mg171:testNextElementSiblings_mg582:testNextElementSiblings_mg483:testNextElementSiblings_mg249:testNextElementSiblings_mg349:testNextElementSiblings_mg271:testNextElementSiblings_mg193:testNextElementSiblings_mg405:testNextElementSiblings_mg505:testNextElementSiblings_mg195:testNextElementSiblings_mg560:testNextElementSiblings_mg427:testNextElementSiblings_mg352:testNextElementSiblings_mg348:testNextElementSiblings_mg507:testNextElementSiblings_mg429:testNextElementSiblings_mg602:testNextElementSiblings_mg508:testNextElementSiblings_mg196:testNextElementSiblings_mg274:testNextElementSiblings_mg270:testNextElementSiblings_mg430:testNextElementSiblings_mg192:testNextElementSiblings_mg326:testNextElementSiblings_mg170:testNextElementSiblings_mg504:testNextElementSiblings_mg426:testNextElementSiblings_mg248:testNextElementSiblings_mg156:testNextElementSiblings_mg482:testNextElementSiblings_mg404:testNextElementSiblings_mg570:testNextElementSiblings_mg258:testNextElementSiblings_mg180:testNextElementSiblings_mg336:testNextElementSiblings_mg492:testNextElementSiblings_mg414:testNextElementSiblings_mg559:testNextElementSiblings_mg593:testNextElementSiblings_add122:testNextElementSiblings_mg581:testNextElementSiblingslitString54:testNextElementSiblings_mg325:testNextElementSiblings_mg247:testNextElementSiblings_mg594:testNextElementSiblingslitString56:testNextElementSiblingslitString49:testNextElementSiblingslitString55:testNextElementSiblings_mg169:testNextElementSiblings_mg481:testNextElementSiblings_mg347:testNextElementSiblings_mg203:testNextElementSiblings_mg281:testNextElementSiblings_mg359:testNextElementSiblings_mg403:testNextElementSiblings_mg191:testNextElementSiblingslitString62:testNextElementSiblings_mg269:testNextElementSiblingslitString64:testNextElementSiblings_mg282:testNextElementSiblings_mg360:testNextElementSiblings_mg437:testNextElementSiblings_mg595:testNextElementSiblingslitNum93:testNextElementSiblingslitNum97:testNextElementSiblingslitString63:testNextElementSiblingslitNum100:testNextElementSiblingslitNum120:testNextElementSiblingslitNum114:testNextElementSiblingslitNum108:testNextElementSiblingslitNum116:testNextElementSiblings_mg588:testNextElementSiblingslitNum117:testNextElementSiblingslitString57:testNextElementSiblingslitString53:testNextElementSiblings_mg515:testNextElementSiblingslitString60:testNextElementSiblings_mg204:testNextElementSiblings_mg503:testNextElementSiblings_mg596:testNextElementSiblingslitString58:testNextElementSiblings_mg425:testNextElementSiblingslitString61:testNextElementSiblingslitString28:testNextElementSiblingslitString59:testNextElementSiblings_mg438:testNextElementSiblingslitString50:testNextElementSiblingslitString26:testNextElementSiblingslitNum121:testNextElementSiblingslitString52:testNextElementSiblings_mg444:testNextElementSiblingslitString10:testNextElementSiblings_mg516:testNextElementSiblingslitString18:testNextElementSiblingsnull632_failAssert0:testNextElementSiblings_mg289_failAssert1:testNextElementSiblings_mg367_failAssert2:testNextElementSiblings_mg211_failAssert3:testNextElementSiblings_mg523_failAssert4:testNextElementSiblings_mg445_failAssert5:testNextElementSiblings_mg351_failAssert6:testNextElementSiblings_mg273_failAssert7:testNextElementSiblings_mg290_failAssert8:testNextElementSiblings_mg368_failAssert9:testNextElementSiblings_mg212_failAssert10:testNextElementSiblings_mg446_failAssert11:testNextElementSiblings_mg524_failAssert12:testNextElementSiblingslitString30_failAssert13:testNextElementSiblingslitString22_failAssert14:testNextElementSiblingslitString14_failAssert15:testNextElementSiblingslitString32_failAssert16:testNextElementSiblingslitString24_failAssert17:testNextElementSiblingslitString16_failAssert18:testNextElementSiblingslitString46_failAssert19:testNextElementSiblingslitString31_failAssert20:testNextElementSiblingslitString23_failAssert21:testNextElementSiblingslitString15_failAssert22:testNextElementSiblingslitString48_failAssert23:testNextElementSiblingslitString6_failAssert24:testNextElementSiblingslitString47_failAssert25:testNextElementSiblingslitString8_failAssert26:testNextElementSiblingslitString25_failAssert27:testNextElementSiblingslitString7_failAssert28:testNextElementSiblingslitString9_failAssert29:testNextElementSiblingsnull637_failAssert30:testNextElementSiblingslitString38_failAssert31:testNextElementSiblingslitString40_failAssert32:testNextElementSiblingslitString90_failAssert33:testNextElementSiblingslitNum99_failAssert34:testNextElementSiblingsnull636_failAssert35:testNextElementSiblingslitNum110_failAssert36:testNextElementSiblingslitNum104_failAssert37:testNextElementSiblingslitNum94_failAssert38:testNextElementSiblingslitString92_failAssert39:testNextElementSiblingslitNum111_failAssert40:testNextElementSiblingslitNum105_failAssert41:testNextElementSiblingslitString82_failAssert42:testNextElementSiblingslitString39_failAssert43:testNextElementSiblingsnull633_failAssert44:testNextElementSiblingsnull634_failAssert45:testNextElementSiblingsnull635_failAssert46:testNextElementSiblingslitString84_failAssert47:testNextElementSiblingslitString89_failAssert48:testNextElementSiblingslitString91_failAssert49:testNextElementSiblingslitString36_failAssert50:testNextElementSiblingslitString81_failAssert51:testNextElementSiblingslitString72_failAssert52:testNextElementSiblingslitString88_failAssert53:testNextElementSiblingslitString77_failAssert54:testNextElementSiblingslitString67_failAssert55:testNextElementSiblingslitString45_failAssert56:testNextElementSiblingslitString37_failAssert57:testNextElementSiblingslitString74_failAssert58:testNextElementSiblingslitString79_failAssert59:testNextElementSiblingslitString69_failAssert60:testNextElementSiblingslitString83_failAssert61:testNextElementSiblingslitString21_failAssert62:testNextElementSiblingslitString71_failAssert63:testNextElementSiblingslitString34_failAssert64:testNextElementSiblingslitString66_failAssert65:testNextElementSiblingslitString80_failAssert66:testNextElementSiblingslitString76_failAssert67:testNextElementSiblingslitString29_failAssert68:testNextElementSiblingslitString86_failAssert69:testNextElementSiblingslitString4_failAssert70:testNextElementSiblingslitString5_failAssert71:testNextElementSiblingslitString44_failAssert72:testNextElementSiblingslitString13_failAssert73:testNextElementSiblingslitString12_failAssert74:testNextElementSiblingslitString20_failAssert75:testNextElementSiblingslitString87_failAssert76:testNextElementSiblingslitString73_failAssert77:testNextElementSiblingslitNum98_failAssert78:testNextElementSiblingslitString78_failAssert79:testNextElementSiblingslitString35_failAssert80:testNextElementSiblingslitString68_failAssert81:testNextElementSiblingslitString2_failAssert82:testNextElementSiblingslitNum115_failAssert83:testNextElementSiblingslitString33_failAssert84:testNextElementSiblingslitString42_failAssert85:testNextElementSiblingslitString3_failAssert86:testNextElementSiblingslitNum109_failAssert87
File saved to the following path: /tmp/icst-2019/september-2018/dataset/jsoup_parent/target/dspot/TestListener.ser
Loading /tmp/icst-2019/september-2018/dataset/jsoup_parent/target/dspot/TestListener.ser
[INFO] Test has been run: testNextElementSiblingslitString9_failAssert29,testNextElementSiblingslitString77_failAssert54,testNextElementSiblingslitString29_failAssert68,testNextElementSiblingslitString16_failAssert18,testNextElementSiblingslitNum104_failAssert37,testNextElementSiblings_mg523_failAssert4,testNextElementSiblingslitString81_failAssert51,testNextElementSiblingslitNum99_failAssert34,testNextElementSiblingslitString46_failAssert19,testNextElementSiblingslitString20_failAssert75,testNextElementSiblingsnull637_failAssert30,testNextElementSiblingslitString8_failAssert26,testNextElementSiblings_mg351_failAssert6,testNextElementSiblingslitString89_failAssert48,testNextElementSiblingslitString76_failAssert67,testNextElementSiblingslitString15_failAssert22,testNextElementSiblingslitNum93,testNextElementSiblingslitNum97,testNextElementSiblingslitString80_failAssert66,testNextElementSiblingslitNum98_failAssert78,testNextElementSiblingslitString45_failAssert56,testNextElementSiblingslitString32_failAssert16,testNextElementSiblingsnull636_failAssert35,testNextElementSiblingslitString7_failAssert28,testNextElementSiblings_mg211_failAssert3,testNextElementSiblingslitString88_failAssert53,testNextElementSiblingslitString14_failAssert15,testNextElementSiblingslitNum115_failAssert83,testNextElementSiblings_mg524_failAssert12,testNextElementSiblingslitString92_failAssert39,testNextElementSiblingslitString44_failAssert72,testNextElementSiblingslitString31_failAssert20,testNextElementSiblings_mg445_failAssert5,testNextElementSiblingsnull635_failAssert46,testNextElementSiblingslitString6_failAssert24,testNextElementSiblingslitString87_failAssert76,testNextElementSiblingslitString74_failAssert58,testNextElementSiblings_mg290_failAssert8,testNextElementSiblingslitString13_failAssert73,testNextElementSiblings_mg273_failAssert7,testNextElementSiblingslitString91_failAssert49,testNextElementSiblingslitString69_failAssert60,testNextElementSiblingslitString30_failAssert13,testNextElementSiblingslitNum109_failAssert87,testNextElementSiblingsnull634_failAssert45,testNextElementSiblingslitString5_failAssert71,testNextElementSiblingslitString86_failAssert69,testNextElementSiblingslitString73_failAssert77,testNextElementSiblingslitString25_failAssert27,testNextElementSiblings_mg212_failAssert10,testNextElementSiblings_mg368_failAssert9,testNextElementSiblingslitNum100,testNextElementSiblingslitNum108,testNextElementSiblingslitNum114,testNextElementSiblingslitNum116,testNextElementSiblingslitNum117,testNextElementSiblingslitNum120,testNextElementSiblingslitNum121,testNextElementSiblingsnull632_failAssert0,testNextElementSiblingslitString90_failAssert33,testNextElementSiblingslitString68_failAssert81,testNextElementSiblingslitString42_failAssert85,testNextElementSiblingsnull633_failAssert44,testNextElementSiblingslitString4_failAssert70,testNextElementSiblings_mg367_failAssert2,testNextElementSiblingslitString72_failAssert52,testNextElementSiblings_mg156,testNextElementSiblings_mg169,testNextElementSiblings_mg170,testNextElementSiblings_mg171,testNextElementSiblings_mg180,testNextElementSiblings_mg191,testNextElementSiblings_mg192,testNextElementSiblings_mg193,testNextElementSiblings_mg194,testNextElementSiblings_mg195,testNextElementSiblings_mg196,testNextElementSiblings_mg197,testNextElementSiblings_mg203,testNextElementSiblings_mg204,testNextElementSiblings_mg247,testNextElementSiblings_mg248,testNextElementSiblings_mg249,testNextElementSiblings_mg258,testNextElementSiblings_mg269,testNextElementSiblings_mg270,testNextElementSiblings_mg271,testNextElementSiblings_mg272,testNextElementSiblings_mg274,testNextElementSiblings_mg275,testNextElementSiblings_mg281,testNextElementSiblings_mg282,testNextElementSiblings_mg325,testNextElementSiblings_mg326,testNextElementSiblings_mg327,testNextElementSiblings_mg336,testNextElementSiblings_mg347,testNextElementSiblings_mg348,testNextElementSiblings_mg349,testNextElementSiblings_mg350,testNextElementSiblings_mg352,testNextElementSiblings_mg353,testNextElementSiblings_mg359,testNextElementSiblings_mg360,testNextElementSiblings_mg403,testNextElementSiblings_mg404,testNextElementSiblings_mg405,testNextElementSiblings_mg414,testNextElementSiblings_mg425,testNextElementSiblings_mg426,testNextElementSiblings_mg427,testNextElementSiblings_mg428,testNextElementSiblings_mg429,testNextElementSiblings_mg430,testNextElementSiblings_mg431,testNextElementSiblings_mg437,testNextElementSiblings_mg438,testNextElementSiblings_mg444,testNextElementSiblings_mg481,testNextElementSiblings_mg482,testNextElementSiblings_mg483,testNextElementSiblings_mg492,testNextElementSiblings_mg503,testNextElementSiblings_mg504,testNextElementSiblings_mg505,testNextElementSiblings_mg506,testNextElementSiblings_mg507,testNextElementSiblings_mg508,testNextElementSiblings_mg509,testNextElementSiblings_mg515,testNextElementSiblings_mg516,testNextElementSiblings_mg559,testNextElementSiblings_mg560,testNextElementSiblings_mg561,testNextElementSiblings_mg570,testNextElementSiblings_mg581,testNextElementSiblings_mg582,testNextElementSiblings_mg583,testNextElementSiblings_mg584,testNextElementSiblings_mg585,testNextElementSiblings_mg586,testNextElementSiblings_mg587,testNextElementSiblings_mg588,testNextElementSiblings_mg593,testNextElementSiblings_mg594,testNextElementSiblings_mg595,testNextElementSiblings_mg596,testNextElementSiblings_mg601,testNextElementSiblings_mg602,testNextElementSiblingslitString24_failAssert17,testNextElementSiblings_add122,testNextElementSiblingslitString67_failAssert55,testNextElementSiblingslitString3_failAssert86,testNextElementSiblingslitString84_failAssert47,testNextElementSiblingslitString71_failAssert63,testNextElementSiblingslitString23_failAssert21,testNextElementSiblingslitString79_failAssert59,testNextElementSiblingslitString66_failAssert65,testNextElementSiblingslitString2_failAssert82,testNextElementSiblingslitString83_failAssert61,testNextElementSiblingslitString48_failAssert23,testNextElementSiblingslitString22_failAssert14,testNextElementSiblings_mg446_failAssert11,testNextElementSiblingslitNum110_failAssert36,testNextElementSiblings_mg289_failAssert1,testNextElementSiblingslitString10,testNextElementSiblingslitString18,testNextElementSiblingslitString26,testNextElementSiblingslitString28,testNextElementSiblingslitString49,testNextElementSiblingslitString50,testNextElementSiblingslitString52,testNextElementSiblingslitString53,testNextElementSiblingslitString54,testNextElementSiblingslitString55,testNextElementSiblingslitString56,testNextElementSiblingslitString57,testNextElementSiblingslitString58,testNextElementSiblingslitString59,testNextElementSiblingslitString60,testNextElementSiblingslitString61,testNextElementSiblingslitString62,testNextElementSiblingslitString63,testNextElementSiblingslitString64,testNextElementSiblingslitString78_failAssert79,testNextElementSiblingslitString82_failAssert42,testNextElementSiblingslitString47_failAssert25,testNextElementSiblingslitString21_failAssert62,testNextElementSiblingslitString33_failAssert84(org.jsoup.nodes.ElementTest): expected:<Index: 0[]> but was:<Index: 0[, Size: 0]>,testNextElementSiblingslitString39_failAssert43(org.jsoup.nodes.ElementTest): expected:<Index: 0[]> but was:<Index: 0[, Size: 0]>,testNextElementSiblingslitString38_failAssert31(org.jsoup.nodes.ElementTest): expected:<Index: 0[]> but was:<Index: 0[, Size: 0]>,testNextElementSiblingslitString12_failAssert74(org.jsoup.nodes.ElementTest): expected:<Index: 0[]> but was:<Index: 0[, Size: 0]>,testNextElementSiblingslitString37_failAssert57(org.jsoup.nodes.ElementTest): expected:<Index: 0[]> but was:<Index: 0[, Size: 0]>,testNextElementSiblingslitNum94_failAssert38(org.jsoup.nodes.ElementTest): expected:<Index: -1, Size: 2> but was:<null>,testNextElementSiblingslitString36_failAssert50(org.jsoup.nodes.ElementTest): expected:<Index: 0[]> but was:<Index: 0[, Size: 0]>,testNextElementSiblingslitNum111_failAssert40(org.jsoup.nodes.ElementTest): expected:<Index: -1, Size: 1> but was:<null>,testNextElementSiblingslitString40_failAssert32(org.jsoup.nodes.ElementTest): expected:<Index: 0[]> but was:<Index: 0[, Size: 0]>,testNextElementSiblingslitString35_failAssert80(org.jsoup.nodes.ElementTest): expected:<Index: 0[]> but was:<Index: 0[, Size: 0]>,testNextElementSiblingslitNum105_failAssert41(org.jsoup.nodes.ElementTest): expected:<Index: -1, Size: 1> but was:<null>,testNextElementSiblingslitString34_failAssert64(org.jsoup.nodes.ElementTest): expected:<Index: 0[]> but was:<Index: 0[, Size: 0]>
[INFO] 12 amplified test methods has been selected to be kept.
[INFO] iteration 1 / 3
[INFO] 200 tests selected to be amplified over 200 available tests
[INFO] Amplification of inputs...
 31% |============================================ ]\ 88% |============================================ ]| 63% |============================================ ]- 13% |============================================ ]- 63% |============================================ ]\ 88% |============================================ ]/ 64% |============================================ ]| 89% |============================================ ]- 89% |============================================ ]\ 64% |============================================ ]/ 90% |============================================= ]| 65% |============================================= ]- 32% |============================================= ]| 13% |============================================= ]\ 65% |============================================= ]\ 90% |============================================= ]/ 91% |============================================= ]- 66% |============================================= ]| 91% |============================================= ]\ 66% |============================================= ]/ 92% |============================================== ]| 67% |============================================== ]- 32% |============================================== ]/ 14% |============================================== ]| 92% |============================================== ]/ 67% |============================================== ]\ 93% |============================================== ]- 68% |============================================== ]| 93% |============================================== ]\ 68% |============================================== ]/ 94% |=============================================== ]| 69% |=============================================== ]- 33% |=============================================== ]- 94% |=============================================== ]/ 14% |=============================================== ]/ 69% |=============================================== ]\ 95% |=============================================== ]- 70% |=============================================== ]| 95% |=============================================== ]\ 70% |=============================================== ]/ 96% |================================================ ]| 33% |================================================ ]\ 71% |================================================ ]- 96% |================================================ ]/ 71% |================================================ ]\ 15% |================================================ ]- 97% |================================================ ]- 72% |================================================ ]| 97% |================================================ ]\ 72% |================================================ ]/ 98% |================================================= ]| 73% |================================================= ]- 98% |================================================= ]/ 73% |================================================= ]\ 34% |================================================= ]| 99% |================================================= ]- 15% |================================================= ]\ 74% |================================================= ]| 99% |================================================= ]\ 74% |================================================= ]/100% |================================================== ]|
 75% |===================================== ]- 81% |======================================== ]\ 56% |======================================== ]/ 82% |========================================= ]| 57% |========================================= ]- 16% |========================================= ]| 82% |========================================= ]/ 34% |========================================= ]/ 57% |========================================= ]\ 83% |========================================= ]- 83% |========================================= ]\ 58% |========================================= ]| 84% |========================================== ]| 58% |========================================== ]/ 84% |========================================== ]/ 16% |========================================== ]/ 35% |========================================== ]- 59% |========================================== ]- 85% |========================================== ]- 85% |========================================== ]\ 59% |========================================== ]\ 86% |=========================================== ]| 60% |=========================================== ]| 86% |=========================================== ]/ 60% |=========================================== ]/ 17% |=========================================== ]- 87% |=========================================== ]- 35% |=========================================== ]\ 87% |=========================================== ]\ 61% |=========================================== ]- 75% |=========================================== ]\ 61% |=========================================== ]\ 25% |=========================================== ]\[INFO] ------------------------------------------------------------------------
[INFO] BUILD FAILURE
[INFO] ------------------------------------------------------------------------
[INFO] Total time: 02:05 h
[INFO] Finished at: 2018-09-28T10:45:05+02:00
[INFO] ------------------------------------------------------------------------
[ERROR] Java heap space -> [Help 1]
java.lang.OutOfMemoryError: Java heap space
    at spoon.support.util.EmptyClearableList.toArray (EmptyClearableList.java:77)
    at java.util.ArrayList.<init> (ArrayList.java:177)
    at spoon.reflect.visitor.CtScanner.scan (CtScanner.java:146)
    at spoon.reflect.visitor.CtScanner.visitCtTypeReference (CtScanner.java:773)
    at spoon.support.reflect.reference.CtTypeReferenceImpl.accept (CtTypeReferenceImpl.java:77)
    at spoon.reflect.visitor.CtScanner.scan (CtScanner.java:181)
    at spoon.reflect.visitor.CtScanner.scan (CtScanner.java:173)
    at spoon.reflect.visitor.CtScanner.visitCtArrayTypeReference (CtScanner.java:262)
    at spoon.support.reflect.reference.CtArrayTypeReferenceImpl.accept (CtArrayTypeReferenceImpl.java:42)
    at spoon.reflect.visitor.CtScanner.scan (CtScanner.java:181)
    at spoon.reflect.visitor.CtScanner.scan (CtScanner.java:173)
    at spoon.reflect.visitor.CtScanner.visitCtNewArray (CtScanner.java:577)
    at spoon.support.reflect.code.CtNewArrayImpl.accept (CtNewArrayImpl.java:43)
    at spoon.reflect.visitor.CtScanner.scan (CtScanner.java:181)
    at spoon.reflect.visitor.CtScanner.scan (CtScanner.java:173)
    at spoon.reflect.visitor.CtScanner.visitCtLocalVariable (CtScanner.java:525)
    at spoon.support.reflect.code.CtLocalVariableImpl.accept (CtLocalVariableImpl.java:64)
    at spoon.reflect.visitor.CtScanner.scan (CtScanner.java:181)
    at spoon.reflect.visitor.CtScanner.scan (CtScanner.java:173)
    at spoon.reflect.visitor.CtScanner.scan (CtScanner.java:147)
    at spoon.reflect.visitor.CtScanner.visitCtBlock (CtScanner.java:302)
    at spoon.support.reflect.code.CtBlockImpl.accept (CtBlockImpl.java:67)
    at spoon.reflect.visitor.CtScanner.scan (CtScanner.java:181)
    at spoon.reflect.visitor.CtScanner.scan (CtScanner.java:173)
    at spoon.reflect.visitor.CtScanner.visitCtTry (CtScanner.java:720)
    at spoon.support.reflect.code.CtTryImpl.accept (CtTryImpl.java:52)
    at spoon.reflect.visitor.CtScanner.scan (CtScanner.java:181)
    at spoon.reflect.visitor.CtScanner.scan (CtScanner.java:173)
    at spoon.reflect.visitor.CtScanner.scan (CtScanner.java:147)
    at spoon.reflect.visitor.CtScanner.visitCtBlock (CtScanner.java:302)
    at spoon.support.reflect.code.CtBlockImpl.accept (CtBlockImpl.java:67)
    at spoon.reflect.visitor.CtScanner.scan (CtScanner.java:181)
[ERROR] 
[ERROR] 
[ERROR] For more information about the errors and possible solutions, please read the following articles:
[ERROR] [Help 1] http://cwiki.apache.org/confluence/display/MAVEN/OutOfMemoryError
