Apache Maven 3.5.4 (1edded0938998edf8bf061f1ceb3cfdeccf443fe; 2018-06-17T20:33:14+02:00)
Maven home: /home/spirals/danglot/apache-maven-3.5.4
Java version: 1.8.0_121, vendor: Oracle Corporation, runtime: /home/spirals/danglot/jdk1.8.0_121/jre
Default locale: en_US, platform encoding: ANSI_X3.4-1968
OS name: "linux", version: "3.16.0-4-amd64", arch: "amd64", family: "unix"
[DEBUG] Created new class realm maven.api
[DEBUG] Importing foreign packages into class realm maven.api
[DEBUG]   Imported: javax.annotation.* < plexus.core
[DEBUG]   Imported: javax.annotation.security.* < plexus.core
[DEBUG]   Imported: javax.enterprise.inject.* < plexus.core
[DEBUG]   Imported: javax.enterprise.util.* < plexus.core
[DEBUG]   Imported: javax.inject.* < plexus.core
[DEBUG]   Imported: org.apache.maven.* < plexus.core
[DEBUG]   Imported: org.apache.maven.artifact < plexus.core
[DEBUG]   Imported: org.apache.maven.classrealm < plexus.core
[DEBUG]   Imported: org.apache.maven.cli < plexus.core
[DEBUG]   Imported: org.apache.maven.configuration < plexus.core
[DEBUG]   Imported: org.apache.maven.exception < plexus.core
[DEBUG]   Imported: org.apache.maven.execution < plexus.core
[DEBUG]   Imported: org.apache.maven.execution.scope < plexus.core
[DEBUG]   Imported: org.apache.maven.lifecycle < plexus.core
[DEBUG]   Imported: org.apache.maven.model < plexus.core
[DEBUG]   Imported: org.apache.maven.monitor < plexus.core
[DEBUG]   Imported: org.apache.maven.plugin < plexus.core
[DEBUG]   Imported: org.apache.maven.profiles < plexus.core
[DEBUG]   Imported: org.apache.maven.project < plexus.core
[DEBUG]   Imported: org.apache.maven.reporting < plexus.core
[DEBUG]   Imported: org.apache.maven.repository < plexus.core
[DEBUG]   Imported: org.apache.maven.rtinfo < plexus.core
[DEBUG]   Imported: org.apache.maven.settings < plexus.core
[DEBUG]   Imported: org.apache.maven.toolchain < plexus.core
[DEBUG]   Imported: org.apache.maven.usability < plexus.core
[DEBUG]   Imported: org.apache.maven.wagon.* < plexus.core
[DEBUG]   Imported: org.apache.maven.wagon.authentication < plexus.core
[DEBUG]   Imported: org.apache.maven.wagon.authorization < plexus.core
[DEBUG]   Imported: org.apache.maven.wagon.events < plexus.core
[DEBUG]   Imported: org.apache.maven.wagon.observers < plexus.core
[DEBUG]   Imported: org.apache.maven.wagon.proxy < plexus.core
[DEBUG]   Imported: org.apache.maven.wagon.repository < plexus.core
[DEBUG]   Imported: org.apache.maven.wagon.resource < plexus.core
[DEBUG]   Imported: org.codehaus.classworlds < plexus.core
[DEBUG]   Imported: org.codehaus.plexus.* < plexus.core
[DEBUG]   Imported: org.codehaus.plexus.classworlds < plexus.core
[DEBUG]   Imported: org.codehaus.plexus.component < plexus.core
[DEBUG]   Imported: org.codehaus.plexus.configuration < plexus.core
[DEBUG]   Imported: org.codehaus.plexus.container < plexus.core
[DEBUG]   Imported: org.codehaus.plexus.context < plexus.core
[DEBUG]   Imported: org.codehaus.plexus.lifecycle < plexus.core
[DEBUG]   Imported: org.codehaus.plexus.logging < plexus.core
[DEBUG]   Imported: org.codehaus.plexus.personality < plexus.core
[DEBUG]   Imported: org.codehaus.plexus.util.xml.Xpp3Dom < plexus.core
[DEBUG]   Imported: org.codehaus.plexus.util.xml.pull.XmlPullParser < plexus.core
[DEBUG]   Imported: org.codehaus.plexus.util.xml.pull.XmlPullParserException < plexus.core
[DEBUG]   Imported: org.codehaus.plexus.util.xml.pull.XmlSerializer < plexus.core
[DEBUG]   Imported: org.eclipse.aether.* < plexus.core
[DEBUG]   Imported: org.eclipse.aether.artifact < plexus.core
[DEBUG]   Imported: org.eclipse.aether.collection < plexus.core
[DEBUG]   Imported: org.eclipse.aether.deployment < plexus.core
[DEBUG]   Imported: org.eclipse.aether.graph < plexus.core
[DEBUG]   Imported: org.eclipse.aether.impl < plexus.core
[DEBUG]   Imported: org.eclipse.aether.installation < plexus.core
[DEBUG]   Imported: org.eclipse.aether.internal.impl < plexus.core
[DEBUG]   Imported: org.eclipse.aether.metadata < plexus.core
[DEBUG]   Imported: org.eclipse.aether.repository < plexus.core
[DEBUG]   Imported: org.eclipse.aether.resolution < plexus.core
[DEBUG]   Imported: org.eclipse.aether.spi < plexus.core
[DEBUG]   Imported: org.eclipse.aether.transfer < plexus.core
[DEBUG]   Imported: org.eclipse.aether.version < plexus.core
[DEBUG]   Imported: org.fusesource.jansi.* < plexus.core
[DEBUG]   Imported: org.slf4j.* < plexus.core
[DEBUG]   Imported: org.slf4j.helpers.* < plexus.core
[DEBUG]   Imported: org.slf4j.spi.* < plexus.core
[DEBUG] Populating class realm maven.api
[INFO] Error stacktraces are turned on.
[DEBUG] Message scheme: color
[DEBUG] Message styles: debug info warning error success failure strong mojo project
[DEBUG] Reading global settings from /home/spirals/danglot/apache-maven-3.5.4/conf/settings.xml
[DEBUG] Reading user settings from /home/spirals/danglot/.m2/settings.xml
[DEBUG] Reading global toolchains from /home/spirals/danglot/apache-maven-3.5.4/conf/toolchains.xml
[DEBUG] Reading user toolchains from /home/spirals/danglot/.m2/toolchains.xml
[DEBUG] Using local repository at /home/spirals/danglot/.m2/repository
[DEBUG] Using manager EnhancedLocalRepositoryManager with priority 10.0 for /home/spirals/danglot/.m2/repository
[INFO] Scanning for projects...
[DEBUG] Extension realms for project org.apache.commons:commons-lang3:jar:3.8-SNAPSHOT: (none)
[DEBUG] Looking up lifecycle mappings for packaging jar from ClassRealm[plexus.core, parent: null]
[DEBUG] Extension realms for project org.apache.commons:commons-parent:pom:46: (none)
[DEBUG] Looking up lifecycle mappings for packaging pom from ClassRealm[plexus.core, parent: null]
[DEBUG] Extension realms for project org.apache:apache:pom:19: (none)
[DEBUG] Looking up lifecycle mappings for packaging pom from ClassRealm[plexus.core, parent: null]
[DEBUG] === REACTOR BUILD PLAN ================================================
[DEBUG] Project: org.apache.commons:commons-lang3:jar:3.8-SNAPSHOT
[DEBUG] Tasks:   [eu.stamp-project:dspot-maven:1.1.1-SNAPSHOT:amplify-unit-tests]
[DEBUG] Style:   Regular
[DEBUG] =======================================================================
[INFO] 
[INFO] ------------------< org.apache.commons:commons-lang3 >------------------
[INFO] Building Apache Commons Lang 3.8-SNAPSHOT
[INFO] --------------------------------[ jar ]---------------------------------
[DEBUG] Lifecycle default -> [validate, initialize, generate-sources, process-sources, generate-resources, process-resources, compile, process-classes, generate-test-sources, process-test-sources, generate-test-resources, process-test-resources, test-compile, process-test-classes, test, prepare-package, package, pre-integration-test, integration-test, post-integration-test, verify, install, deploy]
[DEBUG] Lifecycle clean -> [pre-clean, clean, post-clean]
[DEBUG] Lifecycle site -> [pre-site, site, post-site, site-deploy]
[DEBUG] === PROJECT BUILD PLAN ================================================
[DEBUG] Project:       org.apache.commons:commons-lang3:3.8-SNAPSHOT
[DEBUG] Dependencies (collect): []
[DEBUG] Dependencies (resolve): [test]
[DEBUG] Repositories (dependencies): [apache.snapshots (https://repository.apache.org/snapshots, default, snapshots), central (https://repo.maven.apache.org/maven2, default, releases)]
[DEBUG] Repositories (plugins)     : [central (https://repo.maven.apache.org/maven2, default, releases)]
[DEBUG] -----------------------------------------------------------------------
[DEBUG] Goal:          eu.stamp-project:dspot-maven:1.1.1-SNAPSHOT:amplify-unit-tests (default-cli)
[DEBUG] Style:         Regular
[DEBUG] Configuration: <?xml version="1.0" encoding="UTF-8"?>
<configuration>
  <amplifiers default-value="None">${amplifiers}</amplifiers>
  <automaticBuilder default-value="MavenBuilder">${automatic-builder}</automaticBuilder>
  <budgetizer default-value="NoBudgetizer">${budgetizer}</budgetizer>
  <cases>${cases}</cases>
  <clean default-value="false">${clean}</clean>
  <descartes default-value="false">${descartes}</descartes>
  <example default-value="false">${example}</example>
  <generateNewTestClass default-value="false">${generate-new-test-class}</generateNewTestClass>
  <help default-value="false">${help}</help>
  <iteration default-value="3">${iteration}</iteration>
  <mavenHome>${maven-home}</mavenHome>
  <maxTestAmplified default-value="200">${max-test-amplified}</maxTestAmplified>
  <noMinimize default-value="false">${no-minimize}</noMinimize>
  <outputPath default-value="target/dspot/output">${output-path}</outputPath>
  <pathPitResult>${path-pit-result}</pathPitResult>
  <pathToProperties default-value="">${path-to-properties}</pathToProperties>
  <pathToSecondVersion default-value="">${path-to-second-version}</pathToSecondVersion>
  <pathToTestListCsv default-value="">${path-to-test-list-csv}</pathToTestListCsv>
  <project default-value="${project}"/>
  <randomSeed default-value="23">${randomSeed}</randomSeed>
  <test default-value="all">${test}</test>
  <testCriterion default-value="PitMutantScoreSelector">${test-criterion}</testCriterion>
  <timeOut default-value="10000">${timeOut}</timeOut>
  <useMavenToExeTest default-value="false">${use-maven-to-exe-test}</useMavenToExeTest>
  <verbose default-value="false">${verbose}</verbose>
  <withComment default-value="false">${with-comment}</withComment>
  <workingDirectory default-value="false">${working-directory}</workingDirectory>
</configuration>
[DEBUG] =======================================================================
[DEBUG] Dependency collection stats: {ConflictMarker.analyzeTime=868752, ConflictMarker.markTime=562866, ConflictMarker.nodeCount=11, ConflictIdSorter.graphTime=494133, ConflictIdSorter.topsortTime=385128, ConflictIdSorter.conflictIdCount=9, ConflictIdSorter.conflictIdCycleCount=0, ConflictResolver.totalTime=4150332, ConflictResolver.conflictItemCount=10, DefaultDependencyCollector.collectTime=92821232, DefaultDependencyCollector.transformTime=9018652}
[DEBUG] org.apache.commons:commons-lang3:jar:3.8-SNAPSHOT
[DEBUG]    junit:junit:jar:4.12:test
[DEBUG]       org.hamcrest:hamcrest-core:jar:1.3:test
[DEBUG]    org.hamcrest:hamcrest-all:jar:1.3:test
[DEBUG]    org.easymock:easymock:jar:3.5.1:test
[DEBUG]       org.objenesis:objenesis:jar:2.6:test
[DEBUG]    org.openjdk.jmh:jmh-core:jar:1.19:test
[DEBUG]       net.sf.jopt-simple:jopt-simple:jar:4.6:test
[DEBUG]       org.apache.commons:commons-math3:jar:3.2:test
[DEBUG]    org.openjdk.jmh:jmh-generator-annprocess:jar:1.19:test
[INFO] 
[INFO] --- dspot-maven:1.1.1-SNAPSHOT:amplify-unit-tests (default-cli) @ commons-lang3 ---
[DEBUG] Skipped remote request for eu.stamp-project:dspot:1.1.1-SNAPSHOT/maven-metadata.xml, locally installed metadata up-to-date.
[DEBUG] Skipped remote request for eu.stamp-project:dspot:1.1.1-SNAPSHOT/maven-metadata.xml, locally installed metadata up-to-date.
[DEBUG] Using transporter WagonTransporter with priority -1.0 for https://stamp-project.github.io/stamp-maven-repository/
[DEBUG] Using connector BasicRepositoryConnector with priority 0.0 for https://stamp-project.github.io/stamp-maven-repository/
Downloading from stamp-maven-repository-mvn-repo: https://stamp-project.github.io/stamp-maven-repository/eu/stamp-project/dspot/1.1.1-SNAPSHOT/maven-metadata.xml
[DEBUG] Writing tracking file /home/spirals/danglot/.m2/repository/eu/stamp-project/dspot/1.1.1-SNAPSHOT/resolver-status.properties
[DEBUG] Could not find metadata eu.stamp-project:dspot:1.1.1-SNAPSHOT/maven-metadata.xml in stamp-maven-repository-mvn-repo (https://stamp-project.github.io/stamp-maven-repository/)
[DEBUG] Skipped remote request for eu.stamp-project:dspot:1.1.1-SNAPSHOT/maven-metadata.xml, already updated during this session.
[DEBUG] Failure to find eu.stamp-project:dspot:1.1.1-SNAPSHOT/maven-metadata.xml in https://stamp-project.github.io/stamp-maven-repository/ was cached in the local repository, resolution will not be reattempted until the update interval of stamp-maven-repository-mvn-repo has elapsed or updates are forced
[DEBUG] Skipped remote request for eu.stamp-project:dspot:1.1.1-SNAPSHOT/maven-metadata.xml, locally installed metadata up-to-date.
[DEBUG] Skipped remote request for eu.stamp-project:dspot:1.1.1-SNAPSHOT/maven-metadata.xml, locally installed metadata up-to-date.
[DEBUG] Could not find metadata fr.inria.gforge.spoon:spoon-core:7.1.0-SNAPSHOT/maven-metadata.xml in local (/home/spirals/danglot/.m2/repository)
[DEBUG] Skipped remote request for fr.inria.gforge.spoon:spoon-core:7.1.0-SNAPSHOT/maven-metadata.xml, locally cached metadata up-to-date.
[DEBUG] Skipped remote request for fr.inria.gforge.spoon:spoon-core:7.1.0-SNAPSHOT/maven-metadata.xml, locally cached metadata up-to-date.
[DEBUG] Skipped remote request for fr.inria.gforge.spoon:spoon-core:7.1.0-SNAPSHOT/maven-metadata.xml, locally cached metadata up-to-date.
[DEBUG] Using transporter WagonTransporter with priority -1.0 for https://stamp-project.github.io/stamp-maven-repository/
[DEBUG] Using connector BasicRepositoryConnector with priority 0.0 for https://stamp-project.github.io/stamp-maven-repository/
Downloading from stamp-maven-repository-mvn-repo: https://stamp-project.github.io/stamp-maven-repository/fr/inria/gforge/spoon/spoon-core/7.1.0-SNAPSHOT/maven-metadata.xml
[DEBUG] Writing tracking file /home/spirals/danglot/.m2/repository/fr/inria/gforge/spoon/spoon-core/7.1.0-SNAPSHOT/resolver-status.properties
[DEBUG] Could not find metadata fr.inria.gforge.spoon:spoon-core:7.1.0-SNAPSHOT/maven-metadata.xml in stamp-maven-repository-mvn-repo (https://stamp-project.github.io/stamp-maven-repository/)
[DEBUG] Could not find metadata fr.inria.gforge.spoon:spoon-core:7.1.0-SNAPSHOT/maven-metadata.xml in local (/home/spirals/danglot/.m2/repository)
[DEBUG] Skipped remote request for fr.inria.gforge.spoon:spoon-core:7.1.0-SNAPSHOT/maven-metadata.xml, already updated during this session.
[DEBUG] Failure to find fr.inria.gforge.spoon:spoon-core:7.1.0-SNAPSHOT/maven-metadata.xml in https://stamp-project.github.io/stamp-maven-repository/ was cached in the local repository, resolution will not be reattempted until the update interval of stamp-maven-repository-mvn-repo has elapsed or updates are forced
[DEBUG] Skipped remote request for fr.inria.gforge.spoon:spoon-core:7.1.0-SNAPSHOT/maven-metadata.xml, locally cached metadata up-to-date.
[DEBUG] Skipped remote request for fr.inria.gforge.spoon:spoon-core:7.1.0-SNAPSHOT/maven-metadata.xml, locally cached metadata up-to-date.
[DEBUG] Skipped remote request for fr.inria.gforge.spoon:spoon-core:7.1.0-SNAPSHOT/maven-metadata.xml, locally cached metadata up-to-date.
[DEBUG] Could not find metadata org.eclipse.platform:org.eclipse.core.resources/maven-metadata.xml in local (/home/spirals/danglot/.m2/repository)
[DEBUG] Skipped remote request for org.eclipse.platform:org.eclipse.core.resources/maven-metadata.xml, locally cached metadata up-to-date.
[DEBUG] Skipped remote request for org.eclipse.platform:org.eclipse.core.resources/maven-metadata.xml, locally cached metadata up-to-date.
[DEBUG] Failure to find org.eclipse.platform:org.eclipse.core.resources/maven-metadata.xml in https://oss.sonatype.org/content/repositories/snapshots was cached in the local repository, resolution will not be reattempted until the update interval of sonatype-nexus-snapshots has elapsed or updates are forced
[DEBUG] Skipped remote request for org.eclipse.platform:org.eclipse.core.resources/maven-metadata.xml, locally cached metadata up-to-date.
[DEBUG] Skipped remote request for org.eclipse.platform:org.eclipse.core.resources/maven-metadata.xml, locally cached metadata up-to-date.
[DEBUG] Using transporter WagonTransporter with priority -1.0 for https://stamp-project.github.io/stamp-maven-repository/
[DEBUG] Using connector BasicRepositoryConnector with priority 0.0 for https://stamp-project.github.io/stamp-maven-repository/
Downloading from stamp-maven-repository-mvn-repo: https://stamp-project.github.io/stamp-maven-repository/org/eclipse/platform/org.eclipse.core.resources/maven-metadata.xml
[DEBUG] Writing tracking file /home/spirals/danglot/.m2/repository/org/eclipse/platform/org.eclipse.core.resources/resolver-status.properties
[DEBUG] Could not find metadata org.eclipse.platform:org.eclipse.core.resources/maven-metadata.xml in stamp-maven-repository-mvn-repo (https://stamp-project.github.io/stamp-maven-repository/)
[DEBUG] Could not find metadata org.eclipse.platform:org.eclipse.core.expressions/maven-metadata.xml in local (/home/spirals/danglot/.m2/repository)
[DEBUG] Skipped remote request for org.eclipse.platform:org.eclipse.core.expressions/maven-metadata.xml, locally cached metadata up-to-date.
[DEBUG] Skipped remote request for org.eclipse.platform:org.eclipse.core.expressions/maven-metadata.xml, locally cached metadata up-to-date.
[DEBUG] Failure to find org.eclipse.platform:org.eclipse.core.expressions/maven-metadata.xml in https://oss.sonatype.org/content/repositories/snapshots was cached in the local repository, resolution will not be reattempted until the update interval of sonatype-nexus-snapshots has elapsed or updates are forced
[DEBUG] Skipped remote request for org.eclipse.platform:org.eclipse.core.expressions/maven-metadata.xml, locally cached metadata up-to-date.
[DEBUG] Skipped remote request for org.eclipse.platform:org.eclipse.core.expressions/maven-metadata.xml, locally cached metadata up-to-date.
[DEBUG] Using transporter WagonTransporter with priority -1.0 for https://stamp-project.github.io/stamp-maven-repository/
[DEBUG] Using connector BasicRepositoryConnector with priority 0.0 for https://stamp-project.github.io/stamp-maven-repository/
Downloading from stamp-maven-repository-mvn-repo: https://stamp-project.github.io/stamp-maven-repository/org/eclipse/platform/org.eclipse.core.expressions/maven-metadata.xml
[DEBUG] Writing tracking file /home/spirals/danglot/.m2/repository/org/eclipse/platform/org.eclipse.core.expressions/resolver-status.properties
[DEBUG] Could not find metadata org.eclipse.platform:org.eclipse.core.expressions/maven-metadata.xml in stamp-maven-repository-mvn-repo (https://stamp-project.github.io/stamp-maven-repository/)
[DEBUG] Could not find metadata org.eclipse.platform:org.eclipse.core.runtime/maven-metadata.xml in local (/home/spirals/danglot/.m2/repository)
[DEBUG] Skipped remote request for org.eclipse.platform:org.eclipse.core.runtime/maven-metadata.xml, locally cached metadata up-to-date.
[DEBUG] Skipped remote request for org.eclipse.platform:org.eclipse.core.runtime/maven-metadata.xml, locally cached metadata up-to-date.
[DEBUG] Failure to find org.eclipse.platform:org.eclipse.core.runtime/maven-metadata.xml in https://oss.sonatype.org/content/repositories/snapshots was cached in the local repository, resolution will not be reattempted until the update interval of sonatype-nexus-snapshots has elapsed or updates are forced
[DEBUG] Skipped remote request for org.eclipse.platform:org.eclipse.core.runtime/maven-metadata.xml, locally cached metadata up-to-date.
[DEBUG] Skipped remote request for org.eclipse.platform:org.eclipse.core.runtime/maven-metadata.xml, locally cached metadata up-to-date.
[DEBUG] Using transporter WagonTransporter with priority -1.0 for https://stamp-project.github.io/stamp-maven-repository/
[DEBUG] Using connector BasicRepositoryConnector with priority 0.0 for https://stamp-project.github.io/stamp-maven-repository/
Downloading from stamp-maven-repository-mvn-repo: https://stamp-project.github.io/stamp-maven-repository/org/eclipse/platform/org.eclipse.core.runtime/maven-metadata.xml
[DEBUG] Writing tracking file /home/spirals/danglot/.m2/repository/org/eclipse/platform/org.eclipse.core.runtime/resolver-status.properties
[DEBUG] Could not find metadata org.eclipse.platform:org.eclipse.core.runtime/maven-metadata.xml in stamp-maven-repository-mvn-repo (https://stamp-project.github.io/stamp-maven-repository/)
[DEBUG] Could not find metadata org.eclipse.platform:org.eclipse.osgi/maven-metadata.xml in local (/home/spirals/danglot/.m2/repository)
[DEBUG] Skipped remote request for org.eclipse.platform:org.eclipse.osgi/maven-metadata.xml, locally cached metadata up-to-date.
[DEBUG] Skipped remote request for org.eclipse.platform:org.eclipse.osgi/maven-metadata.xml, locally cached metadata up-to-date.
[DEBUG] Failure to find org.eclipse.platform:org.eclipse.osgi/maven-metadata.xml in https://oss.sonatype.org/content/repositories/snapshots was cached in the local repository, resolution will not be reattempted until the update interval of sonatype-nexus-snapshots has elapsed or updates are forced
[DEBUG] Skipped remote request for org.eclipse.platform:org.eclipse.osgi/maven-metadata.xml, locally cached metadata up-to-date.
[DEBUG] Skipped remote request for org.eclipse.platform:org.eclipse.osgi/maven-metadata.xml, locally cached metadata up-to-date.
[DEBUG] Using transporter WagonTransporter with priority -1.0 for https://stamp-project.github.io/stamp-maven-repository/
[DEBUG] Using connector BasicRepositoryConnector with priority 0.0 for https://stamp-project.github.io/stamp-maven-repository/
Downloading from stamp-maven-repository-mvn-repo: https://stamp-project.github.io/stamp-maven-repository/org/eclipse/platform/org.eclipse.osgi/maven-metadata.xml
[DEBUG] Writing tracking file /home/spirals/danglot/.m2/repository/org/eclipse/platform/org.eclipse.osgi/resolver-status.properties
[DEBUG] Could not find metadata org.eclipse.platform:org.eclipse.osgi/maven-metadata.xml in stamp-maven-repository-mvn-repo (https://stamp-project.github.io/stamp-maven-repository/)
[DEBUG] Could not find metadata org.eclipse.platform:org.eclipse.equinox.common/maven-metadata.xml in local (/home/spirals/danglot/.m2/repository)
[DEBUG] Skipped remote request for org.eclipse.platform:org.eclipse.equinox.common/maven-metadata.xml, locally cached metadata up-to-date.
[DEBUG] Skipped remote request for org.eclipse.platform:org.eclipse.equinox.common/maven-metadata.xml, locally cached metadata up-to-date.
[DEBUG] Failure to find org.eclipse.platform:org.eclipse.equinox.common/maven-metadata.xml in https://oss.sonatype.org/content/repositories/snapshots was cached in the local repository, resolution will not be reattempted until the update interval of sonatype-nexus-snapshots has elapsed or updates are forced
[DEBUG] Skipped remote request for org.eclipse.platform:org.eclipse.equinox.common/maven-metadata.xml, locally cached metadata up-to-date.
[DEBUG] Skipped remote request for org.eclipse.platform:org.eclipse.equinox.common/maven-metadata.xml, locally cached metadata up-to-date.
[DEBUG] Using transporter WagonTransporter with priority -1.0 for https://stamp-project.github.io/stamp-maven-repository/
[DEBUG] Using connector BasicRepositoryConnector with priority 0.0 for https://stamp-project.github.io/stamp-maven-repository/
Downloading from stamp-maven-repository-mvn-repo: https://stamp-project.github.io/stamp-maven-repository/org/eclipse/platform/org.eclipse.equinox.common/maven-metadata.xml
[DEBUG] Writing tracking file /home/spirals/danglot/.m2/repository/org/eclipse/platform/org.eclipse.equinox.common/resolver-status.properties
[DEBUG] Could not find metadata org.eclipse.platform:org.eclipse.equinox.common/maven-metadata.xml in stamp-maven-repository-mvn-repo (https://stamp-project.github.io/stamp-maven-repository/)
[DEBUG] Could not find metadata org.eclipse.platform:org.eclipse.core.jobs/maven-metadata.xml in local (/home/spirals/danglot/.m2/repository)
[DEBUG] Skipped remote request for org.eclipse.platform:org.eclipse.core.jobs/maven-metadata.xml, locally cached metadata up-to-date.
[DEBUG] Skipped remote request for org.eclipse.platform:org.eclipse.core.jobs/maven-metadata.xml, locally cached metadata up-to-date.
[DEBUG] Failure to find org.eclipse.platform:org.eclipse.core.jobs/maven-metadata.xml in https://oss.sonatype.org/content/repositories/snapshots was cached in the local repository, resolution will not be reattempted until the update interval of sonatype-nexus-snapshots has elapsed or updates are forced
[DEBUG] Skipped remote request for org.eclipse.platform:org.eclipse.core.jobs/maven-metadata.xml, locally cached metadata up-to-date.
[DEBUG] Skipped remote request for org.eclipse.platform:org.eclipse.core.jobs/maven-metadata.xml, locally cached metadata up-to-date.
[DEBUG] Using transporter WagonTransporter with priority -1.0 for https://stamp-project.github.io/stamp-maven-repository/
[DEBUG] Using connector BasicRepositoryConnector with priority 0.0 for https://stamp-project.github.io/stamp-maven-repository/
Downloading from stamp-maven-repository-mvn-repo: https://stamp-project.github.io/stamp-maven-repository/org/eclipse/platform/org.eclipse.core.jobs/maven-metadata.xml
[DEBUG] Writing tracking file /home/spirals/danglot/.m2/repository/org/eclipse/platform/org.eclipse.core.jobs/resolver-status.properties
[DEBUG] Could not find metadata org.eclipse.platform:org.eclipse.core.jobs/maven-metadata.xml in stamp-maven-repository-mvn-repo (https://stamp-project.github.io/stamp-maven-repository/)
[DEBUG] Could not find metadata org.eclipse.platform:org.eclipse.equinox.registry/maven-metadata.xml in local (/home/spirals/danglot/.m2/repository)
[DEBUG] Skipped remote request for org.eclipse.platform:org.eclipse.equinox.registry/maven-metadata.xml, locally cached metadata up-to-date.
[DEBUG] Skipped remote request for org.eclipse.platform:org.eclipse.equinox.registry/maven-metadata.xml, locally cached metadata up-to-date.
[DEBUG] Failure to find org.eclipse.platform:org.eclipse.equinox.registry/maven-metadata.xml in https://oss.sonatype.org/content/repositories/snapshots was cached in the local repository, resolution will not be reattempted until the update interval of sonatype-nexus-snapshots has elapsed or updates are forced
[DEBUG] Skipped remote request for org.eclipse.platform:org.eclipse.equinox.registry/maven-metadata.xml, locally cached metadata up-to-date.
[DEBUG] Skipped remote request for org.eclipse.platform:org.eclipse.equinox.registry/maven-metadata.xml, locally cached metadata up-to-date.
[DEBUG] Using transporter WagonTransporter with priority -1.0 for https://stamp-project.github.io/stamp-maven-repository/
[DEBUG] Using connector BasicRepositoryConnector with priority 0.0 for https://stamp-project.github.io/stamp-maven-repository/
Downloading from stamp-maven-repository-mvn-repo: https://stamp-project.github.io/stamp-maven-repository/org/eclipse/platform/org.eclipse.equinox.registry/maven-metadata.xml
[DEBUG] Writing tracking file /home/spirals/danglot/.m2/repository/org/eclipse/platform/org.eclipse.equinox.registry/resolver-status.properties
[DEBUG] Could not find metadata org.eclipse.platform:org.eclipse.equinox.registry/maven-metadata.xml in stamp-maven-repository-mvn-repo (https://stamp-project.github.io/stamp-maven-repository/)
[DEBUG] Could not find metadata org.eclipse.platform:org.eclipse.equinox.common/maven-metadata.xml in local (/home/spirals/danglot/.m2/repository)
[DEBUG] Skipped remote request for org.eclipse.platform:org.eclipse.equinox.common/maven-metadata.xml, locally cached metadata up-to-date.
[DEBUG] Skipped remote request for org.eclipse.platform:org.eclipse.equinox.common/maven-metadata.xml, already updated during this session.
[DEBUG] Failure to find org.eclipse.platform:org.eclipse.equinox.common/maven-metadata.xml in https://stamp-project.github.io/stamp-maven-repository/ was cached in the local repository, resolution will not be reattempted until the update interval of stamp-maven-repository-mvn-repo has elapsed or updates are forced
[DEBUG] Skipped remote request for org.eclipse.platform:org.eclipse.equinox.common/maven-metadata.xml, locally cached metadata up-to-date.
[DEBUG] Failure to find org.eclipse.platform:org.eclipse.equinox.common/maven-metadata.xml in https://oss.sonatype.org/content/repositories/snapshots was cached in the local repository, resolution will not be reattempted until the update interval of sonatype-nexus-snapshots has elapsed or updates are forced
[DEBUG] Skipped remote request for org.eclipse.platform:org.eclipse.equinox.common/maven-metadata.xml, locally cached metadata up-to-date.
[DEBUG] Skipped remote request for org.eclipse.platform:org.eclipse.equinox.common/maven-metadata.xml, locally cached metadata up-to-date.
[DEBUG] Could not find metadata org.eclipse.platform:org.eclipse.equinox.preferences/maven-metadata.xml in local (/home/spirals/danglot/.m2/repository)
[DEBUG] Skipped remote request for org.eclipse.platform:org.eclipse.equinox.preferences/maven-metadata.xml, locally cached metadata up-to-date.
[DEBUG] Skipped remote request for org.eclipse.platform:org.eclipse.equinox.preferences/maven-metadata.xml, locally cached metadata up-to-date.
[DEBUG] Failure to find org.eclipse.platform:org.eclipse.equinox.preferences/maven-metadata.xml in https://oss.sonatype.org/content/repositories/snapshots was cached in the local repository, resolution will not be reattempted until the update interval of sonatype-nexus-snapshots has elapsed or updates are forced
[DEBUG] Skipped remote request for org.eclipse.platform:org.eclipse.equinox.preferences/maven-metadata.xml, locally cached metadata up-to-date.
[DEBUG] Skipped remote request for org.eclipse.platform:org.eclipse.equinox.preferences/maven-metadata.xml, locally cached metadata up-to-date.
[DEBUG] Using transporter WagonTransporter with priority -1.0 for https://stamp-project.github.io/stamp-maven-repository/
[DEBUG] Using connector BasicRepositoryConnector with priority 0.0 for https://stamp-project.github.io/stamp-maven-repository/
Downloading from stamp-maven-repository-mvn-repo: https://stamp-project.github.io/stamp-maven-repository/org/eclipse/platform/org.eclipse.equinox.preferences/maven-metadata.xml
[DEBUG] Writing tracking file /home/spirals/danglot/.m2/repository/org/eclipse/platform/org.eclipse.equinox.preferences/resolver-status.properties
[DEBUG] Could not find metadata org.eclipse.platform:org.eclipse.equinox.preferences/maven-metadata.xml in stamp-maven-repository-mvn-repo (https://stamp-project.github.io/stamp-maven-repository/)
[DEBUG] Could not find metadata org.eclipse.platform:org.eclipse.equinox.common/maven-metadata.xml in local (/home/spirals/danglot/.m2/repository)
[DEBUG] Skipped remote request for org.eclipse.platform:org.eclipse.equinox.common/maven-metadata.xml, locally cached metadata up-to-date.
[DEBUG] Skipped remote request for org.eclipse.platform:org.eclipse.equinox.common/maven-metadata.xml, already updated during this session.
[DEBUG] Failure to find org.eclipse.platform:org.eclipse.equinox.common/maven-metadata.xml in https://stamp-project.github.io/stamp-maven-repository/ was cached in the local repository, resolution will not be reattempted until the update interval of stamp-maven-repository-mvn-repo has elapsed or updates are forced
[DEBUG] Skipped remote request for org.eclipse.platform:org.eclipse.equinox.common/maven-metadata.xml, locally cached metadata up-to-date.
[DEBUG] Failure to find org.eclipse.platform:org.eclipse.equinox.common/maven-metadata.xml in https://oss.sonatype.org/content/repositories/snapshots was cached in the local repository, resolution will not be reattempted until the update interval of sonatype-nexus-snapshots has elapsed or updates are forced
[DEBUG] Skipped remote request for org.eclipse.platform:org.eclipse.equinox.common/maven-metadata.xml, locally cached metadata up-to-date.
[DEBUG] Skipped remote request for org.eclipse.platform:org.eclipse.equinox.common/maven-metadata.xml, locally cached metadata up-to-date.
[DEBUG] Could not find metadata org.eclipse.platform:org.eclipse.core.contenttype/maven-metadata.xml in local (/home/spirals/danglot/.m2/repository)
[DEBUG] Skipped remote request for org.eclipse.platform:org.eclipse.core.contenttype/maven-metadata.xml, locally cached metadata up-to-date.
[DEBUG] Skipped remote request for org.eclipse.platform:org.eclipse.core.contenttype/maven-metadata.xml, locally cached metadata up-to-date.
[DEBUG] Failure to find org.eclipse.platform:org.eclipse.core.contenttype/maven-metadata.xml in https://oss.sonatype.org/content/repositories/snapshots was cached in the local repository, resolution will not be reattempted until the update interval of sonatype-nexus-snapshots has elapsed or updates are forced
[DEBUG] Skipped remote request for org.eclipse.platform:org.eclipse.core.contenttype/maven-metadata.xml, locally cached metadata up-to-date.
[DEBUG] Skipped remote request for org.eclipse.platform:org.eclipse.core.contenttype/maven-metadata.xml, locally cached metadata up-to-date.
[DEBUG] Using transporter WagonTransporter with priority -1.0 for https://stamp-project.github.io/stamp-maven-repository/
[DEBUG] Using connector BasicRepositoryConnector with priority 0.0 for https://stamp-project.github.io/stamp-maven-repository/
Downloading from stamp-maven-repository-mvn-repo: https://stamp-project.github.io/stamp-maven-repository/org/eclipse/platform/org.eclipse.core.contenttype/maven-metadata.xml
[DEBUG] Writing tracking file /home/spirals/danglot/.m2/repository/org/eclipse/platform/org.eclipse.core.contenttype/resolver-status.properties
[DEBUG] Could not find metadata org.eclipse.platform:org.eclipse.core.contenttype/maven-metadata.xml in stamp-maven-repository-mvn-repo (https://stamp-project.github.io/stamp-maven-repository/)
[DEBUG] Could not find metadata org.eclipse.platform:org.eclipse.equinox.preferences/maven-metadata.xml in local (/home/spirals/danglot/.m2/repository)
[DEBUG] Skipped remote request for org.eclipse.platform:org.eclipse.equinox.preferences/maven-metadata.xml, locally cached metadata up-to-date.
[DEBUG] Skipped remote request for org.eclipse.platform:org.eclipse.equinox.preferences/maven-metadata.xml, already updated during this session.
[DEBUG] Failure to find org.eclipse.platform:org.eclipse.equinox.preferences/maven-metadata.xml in https://stamp-project.github.io/stamp-maven-repository/ was cached in the local repository, resolution will not be reattempted until the update interval of stamp-maven-repository-mvn-repo has elapsed or updates are forced
[DEBUG] Skipped remote request for org.eclipse.platform:org.eclipse.equinox.preferences/maven-metadata.xml, locally cached metadata up-to-date.
[DEBUG] Failure to find org.eclipse.platform:org.eclipse.equinox.preferences/maven-metadata.xml in https://oss.sonatype.org/content/repositories/snapshots was cached in the local repository, resolution will not be reattempted until the update interval of sonatype-nexus-snapshots has elapsed or updates are forced
[DEBUG] Skipped remote request for org.eclipse.platform:org.eclipse.equinox.preferences/maven-metadata.xml, locally cached metadata up-to-date.
[DEBUG] Skipped remote request for org.eclipse.platform:org.eclipse.equinox.preferences/maven-metadata.xml, locally cached metadata up-to-date.
[DEBUG] Could not find metadata org.eclipse.platform:org.eclipse.equinox.registry/maven-metadata.xml in local (/home/spirals/danglot/.m2/repository)
[DEBUG] Skipped remote request for org.eclipse.platform:org.eclipse.equinox.registry/maven-metadata.xml, locally cached metadata up-to-date.
[DEBUG] Skipped remote request for org.eclipse.platform:org.eclipse.equinox.registry/maven-metadata.xml, already updated during this session.
[DEBUG] Failure to find org.eclipse.platform:org.eclipse.equinox.registry/maven-metadata.xml in https://stamp-project.github.io/stamp-maven-repository/ was cached in the local repository, resolution will not be reattempted until the update interval of stamp-maven-repository-mvn-repo has elapsed or updates are forced
[DEBUG] Skipped remote request for org.eclipse.platform:org.eclipse.equinox.registry/maven-metadata.xml, locally cached metadata up-to-date.
[DEBUG] Failure to find org.eclipse.platform:org.eclipse.equinox.registry/maven-metadata.xml in https://oss.sonatype.org/content/repositories/snapshots was cached in the local repository, resolution will not be reattempted until the update interval of sonatype-nexus-snapshots has elapsed or updates are forced
[DEBUG] Skipped remote request for org.eclipse.platform:org.eclipse.equinox.registry/maven-metadata.xml, locally cached metadata up-to-date.
[DEBUG] Skipped remote request for org.eclipse.platform:org.eclipse.equinox.registry/maven-metadata.xml, locally cached metadata up-to-date.
[DEBUG] Could not find metadata org.eclipse.platform:org.eclipse.equinox.app/maven-metadata.xml in local (/home/spirals/danglot/.m2/repository)
[DEBUG] Skipped remote request for org.eclipse.platform:org.eclipse.equinox.app/maven-metadata.xml, locally cached metadata up-to-date.
[DEBUG] Skipped remote request for org.eclipse.platform:org.eclipse.equinox.app/maven-metadata.xml, locally cached metadata up-to-date.
[DEBUG] Failure to find org.eclipse.platform:org.eclipse.equinox.app/maven-metadata.xml in https://oss.sonatype.org/content/repositories/snapshots was cached in the local repository, resolution will not be reattempted until the update interval of sonatype-nexus-snapshots has elapsed or updates are forced
[DEBUG] Skipped remote request for org.eclipse.platform:org.eclipse.equinox.app/maven-metadata.xml, locally cached metadata up-to-date.
[DEBUG] Skipped remote request for org.eclipse.platform:org.eclipse.equinox.app/maven-metadata.xml, locally cached metadata up-to-date.
[DEBUG] Using transporter WagonTransporter with priority -1.0 for https://stamp-project.github.io/stamp-maven-repository/
[DEBUG] Using connector BasicRepositoryConnector with priority 0.0 for https://stamp-project.github.io/stamp-maven-repository/
Downloading from stamp-maven-repository-mvn-repo: https://stamp-project.github.io/stamp-maven-repository/org/eclipse/platform/org.eclipse.equinox.app/maven-metadata.xml
[DEBUG] Writing tracking file /home/spirals/danglot/.m2/repository/org/eclipse/platform/org.eclipse.equinox.app/resolver-status.properties
[DEBUG] Could not find metadata org.eclipse.platform:org.eclipse.equinox.app/maven-metadata.xml in stamp-maven-repository-mvn-repo (https://stamp-project.github.io/stamp-maven-repository/)
[DEBUG] Could not find metadata org.eclipse.platform:org.eclipse.equinox.registry/maven-metadata.xml in local (/home/spirals/danglot/.m2/repository)
[DEBUG] Skipped remote request for org.eclipse.platform:org.eclipse.equinox.registry/maven-metadata.xml, locally cached metadata up-to-date.
[DEBUG] Skipped remote request for org.eclipse.platform:org.eclipse.equinox.registry/maven-metadata.xml, already updated during this session.
[DEBUG] Failure to find org.eclipse.platform:org.eclipse.equinox.registry/maven-metadata.xml in https://stamp-project.github.io/stamp-maven-repository/ was cached in the local repository, resolution will not be reattempted until the update interval of stamp-maven-repository-mvn-repo has elapsed or updates are forced
[DEBUG] Skipped remote request for org.eclipse.platform:org.eclipse.equinox.registry/maven-metadata.xml, locally cached metadata up-to-date.
[DEBUG] Failure to find org.eclipse.platform:org.eclipse.equinox.registry/maven-metadata.xml in https://oss.sonatype.org/content/repositories/snapshots was cached in the local repository, resolution will not be reattempted until the update interval of sonatype-nexus-snapshots has elapsed or updates are forced
[DEBUG] Skipped remote request for org.eclipse.platform:org.eclipse.equinox.registry/maven-metadata.xml, locally cached metadata up-to-date.
[DEBUG] Skipped remote request for org.eclipse.platform:org.eclipse.equinox.registry/maven-metadata.xml, locally cached metadata up-to-date.
[DEBUG] Could not find metadata org.eclipse.platform:org.eclipse.osgi/maven-metadata.xml in local (/home/spirals/danglot/.m2/repository)
[DEBUG] Skipped remote request for org.eclipse.platform:org.eclipse.osgi/maven-metadata.xml, locally cached metadata up-to-date.
[DEBUG] Skipped remote request for org.eclipse.platform:org.eclipse.osgi/maven-metadata.xml, already updated during this session.
[DEBUG] Failure to find org.eclipse.platform:org.eclipse.osgi/maven-metadata.xml in https://stamp-project.github.io/stamp-maven-repository/ was cached in the local repository, resolution will not be reattempted until the update interval of stamp-maven-repository-mvn-repo has elapsed or updates are forced
[DEBUG] Skipped remote request for org.eclipse.platform:org.eclipse.osgi/maven-metadata.xml, locally cached metadata up-to-date.
[DEBUG] Failure to find org.eclipse.platform:org.eclipse.osgi/maven-metadata.xml in https://oss.sonatype.org/content/repositories/snapshots was cached in the local repository, resolution will not be reattempted until the update interval of sonatype-nexus-snapshots has elapsed or updates are forced
[DEBUG] Skipped remote request for org.eclipse.platform:org.eclipse.osgi/maven-metadata.xml, locally cached metadata up-to-date.
[DEBUG] Skipped remote request for org.eclipse.platform:org.eclipse.osgi/maven-metadata.xml, locally cached metadata up-to-date.
[DEBUG] Could not find metadata org.eclipse.platform:org.eclipse.equinox.common/maven-metadata.xml in local (/home/spirals/danglot/.m2/repository)
[DEBUG] Skipped remote request for org.eclipse.platform:org.eclipse.equinox.common/maven-metadata.xml, locally cached metadata up-to-date.
[DEBUG] Skipped remote request for org.eclipse.platform:org.eclipse.equinox.common/maven-metadata.xml, already updated during this session.
[DEBUG] Failure to find org.eclipse.platform:org.eclipse.equinox.common/maven-metadata.xml in https://stamp-project.github.io/stamp-maven-repository/ was cached in the local repository, resolution will not be reattempted until the update interval of stamp-maven-repository-mvn-repo has elapsed or updates are forced
[DEBUG] Skipped remote request for org.eclipse.platform:org.eclipse.equinox.common/maven-metadata.xml, locally cached metadata up-to-date.
[DEBUG] Failure to find org.eclipse.platform:org.eclipse.equinox.common/maven-metadata.xml in https://oss.sonatype.org/content/repositories/snapshots was cached in the local repository, resolution will not be reattempted until the update interval of sonatype-nexus-snapshots has elapsed or updates are forced
[DEBUG] Skipped remote request for org.eclipse.platform:org.eclipse.equinox.common/maven-metadata.xml, locally cached metadata up-to-date.
[DEBUG] Skipped remote request for org.eclipse.platform:org.eclipse.equinox.common/maven-metadata.xml, locally cached metadata up-to-date.
[DEBUG] Could not find metadata org.eclipse.platform:org.eclipse.core.jobs/maven-metadata.xml in local (/home/spirals/danglot/.m2/repository)
[DEBUG] Skipped remote request for org.eclipse.platform:org.eclipse.core.jobs/maven-metadata.xml, locally cached metadata up-to-date.
[DEBUG] Skipped remote request for org.eclipse.platform:org.eclipse.core.jobs/maven-metadata.xml, already updated during this session.
[DEBUG] Failure to find org.eclipse.platform:org.eclipse.core.jobs/maven-metadata.xml in https://stamp-project.github.io/stamp-maven-repository/ was cached in the local repository, resolution will not be reattempted until the update interval of stamp-maven-repository-mvn-repo has elapsed or updates are forced
[DEBUG] Skipped remote request for org.eclipse.platform:org.eclipse.core.jobs/maven-metadata.xml, locally cached metadata up-to-date.
[DEBUG] Failure to find org.eclipse.platform:org.eclipse.core.jobs/maven-metadata.xml in https://oss.sonatype.org/content/repositories/snapshots was cached in the local repository, resolution will not be reattempted until the update interval of sonatype-nexus-snapshots has elapsed or updates are forced
[DEBUG] Skipped remote request for org.eclipse.platform:org.eclipse.core.jobs/maven-metadata.xml, locally cached metadata up-to-date.
[DEBUG] Skipped remote request for org.eclipse.platform:org.eclipse.core.jobs/maven-metadata.xml, locally cached metadata up-to-date.
[DEBUG] Could not find metadata org.eclipse.platform:org.eclipse.equinox.preferences/maven-metadata.xml in local (/home/spirals/danglot/.m2/repository)
[DEBUG] Skipped remote request for org.eclipse.platform:org.eclipse.equinox.preferences/maven-metadata.xml, locally cached metadata up-to-date.
[DEBUG] Skipped remote request for org.eclipse.platform:org.eclipse.equinox.preferences/maven-metadata.xml, already updated during this session.
[DEBUG] Failure to find org.eclipse.platform:org.eclipse.equinox.preferences/maven-metadata.xml in https://stamp-project.github.io/stamp-maven-repository/ was cached in the local repository, resolution will not be reattempted until the update interval of stamp-maven-repository-mvn-repo has elapsed or updates are forced
[DEBUG] Skipped remote request for org.eclipse.platform:org.eclipse.equinox.preferences/maven-metadata.xml, locally cached metadata up-to-date.
[DEBUG] Failure to find org.eclipse.platform:org.eclipse.equinox.preferences/maven-metadata.xml in https://oss.sonatype.org/content/repositories/snapshots was cached in the local repository, resolution will not be reattempted until the update interval of sonatype-nexus-snapshots has elapsed or updates are forced
[DEBUG] Skipped remote request for org.eclipse.platform:org.eclipse.equinox.preferences/maven-metadata.xml, locally cached metadata up-to-date.
[DEBUG] Skipped remote request for org.eclipse.platform:org.eclipse.equinox.preferences/maven-metadata.xml, locally cached metadata up-to-date.
[DEBUG] Could not find metadata org.eclipse.platform:org.eclipse.core.contenttype/maven-metadata.xml in local (/home/spirals/danglot/.m2/repository)
[DEBUG] Skipped remote request for org.eclipse.platform:org.eclipse.core.contenttype/maven-metadata.xml, locally cached metadata up-to-date.
[DEBUG] Skipped remote request for org.eclipse.platform:org.eclipse.core.contenttype/maven-metadata.xml, already updated during this session.
[DEBUG] Failure to find org.eclipse.platform:org.eclipse.core.contenttype/maven-metadata.xml in https://stamp-project.github.io/stamp-maven-repository/ was cached in the local repository, resolution will not be reattempted until the update interval of stamp-maven-repository-mvn-repo has elapsed or updates are forced
[DEBUG] Skipped remote request for org.eclipse.platform:org.eclipse.core.contenttype/maven-metadata.xml, locally cached metadata up-to-date.
[DEBUG] Failure to find org.eclipse.platform:org.eclipse.core.contenttype/maven-metadata.xml in https://oss.sonatype.org/content/repositories/snapshots was cached in the local repository, resolution will not be reattempted until the update interval of sonatype-nexus-snapshots has elapsed or updates are forced
[DEBUG] Skipped remote request for org.eclipse.platform:org.eclipse.core.contenttype/maven-metadata.xml, locally cached metadata up-to-date.
[DEBUG] Skipped remote request for org.eclipse.platform:org.eclipse.core.contenttype/maven-metadata.xml, locally cached metadata up-to-date.
[DEBUG] Could not find metadata org.eclipse.platform:org.eclipse.equinox.app/maven-metadata.xml in local (/home/spirals/danglot/.m2/repository)
[DEBUG] Skipped remote request for org.eclipse.platform:org.eclipse.equinox.app/maven-metadata.xml, locally cached metadata up-to-date.
[DEBUG] Skipped remote request for org.eclipse.platform:org.eclipse.equinox.app/maven-metadata.xml, already updated during this session.
[DEBUG] Failure to find org.eclipse.platform:org.eclipse.equinox.app/maven-metadata.xml in https://stamp-project.github.io/stamp-maven-repository/ was cached in the local repository, resolution will not be reattempted until the update interval of stamp-maven-repository-mvn-repo has elapsed or updates are forced
[DEBUG] Skipped remote request for org.eclipse.platform:org.eclipse.equinox.app/maven-metadata.xml, locally cached metadata up-to-date.
[DEBUG] Failure to find org.eclipse.platform:org.eclipse.equinox.app/maven-metadata.xml in https://oss.sonatype.org/content/repositories/snapshots was cached in the local repository, resolution will not be reattempted until the update interval of sonatype-nexus-snapshots has elapsed or updates are forced
[DEBUG] Skipped remote request for org.eclipse.platform:org.eclipse.equinox.app/maven-metadata.xml, locally cached metadata up-to-date.
[DEBUG] Skipped remote request for org.eclipse.platform:org.eclipse.equinox.app/maven-metadata.xml, locally cached metadata up-to-date.
[DEBUG] Could not find metadata org.eclipse.platform:org.eclipse.core.filesystem/maven-metadata.xml in local (/home/spirals/danglot/.m2/repository)
[DEBUG] Skipped remote request for org.eclipse.platform:org.eclipse.core.filesystem/maven-metadata.xml, locally cached metadata up-to-date.
[DEBUG] Skipped remote request for org.eclipse.platform:org.eclipse.core.filesystem/maven-metadata.xml, locally cached metadata up-to-date.
[DEBUG] Failure to find org.eclipse.platform:org.eclipse.core.filesystem/maven-metadata.xml in https://oss.sonatype.org/content/repositories/snapshots was cached in the local repository, resolution will not be reattempted until the update interval of sonatype-nexus-snapshots has elapsed or updates are forced
[DEBUG] Skipped remote request for org.eclipse.platform:org.eclipse.core.filesystem/maven-metadata.xml, locally cached metadata up-to-date.
[DEBUG] Skipped remote request for org.eclipse.platform:org.eclipse.core.filesystem/maven-metadata.xml, locally cached metadata up-to-date.
[DEBUG] Using transporter WagonTransporter with priority -1.0 for https://stamp-project.github.io/stamp-maven-repository/
[DEBUG] Using connector BasicRepositoryConnector with priority 0.0 for https://stamp-project.github.io/stamp-maven-repository/
Downloading from stamp-maven-repository-mvn-repo: https://stamp-project.github.io/stamp-maven-repository/org/eclipse/platform/org.eclipse.core.filesystem/maven-metadata.xml
[DEBUG] Writing tracking file /home/spirals/danglot/.m2/repository/org/eclipse/platform/org.eclipse.core.filesystem/resolver-status.properties
[DEBUG] Could not find metadata org.eclipse.platform:org.eclipse.core.filesystem/maven-metadata.xml in stamp-maven-repository-mvn-repo (https://stamp-project.github.io/stamp-maven-repository/)
[DEBUG] Could not find metadata org.eclipse.platform:org.eclipse.osgi/maven-metadata.xml in local (/home/spirals/danglot/.m2/repository)
[DEBUG] Skipped remote request for org.eclipse.platform:org.eclipse.osgi/maven-metadata.xml, locally cached metadata up-to-date.
[DEBUG] Skipped remote request for org.eclipse.platform:org.eclipse.osgi/maven-metadata.xml, already updated during this session.
[DEBUG] Failure to find org.eclipse.platform:org.eclipse.osgi/maven-metadata.xml in https://stamp-project.github.io/stamp-maven-repository/ was cached in the local repository, resolution will not be reattempted until the update interval of stamp-maven-repository-mvn-repo has elapsed or updates are forced
[DEBUG] Skipped remote request for org.eclipse.platform:org.eclipse.osgi/maven-metadata.xml, locally cached metadata up-to-date.
[DEBUG] Failure to find org.eclipse.platform:org.eclipse.osgi/maven-metadata.xml in https://oss.sonatype.org/content/repositories/snapshots was cached in the local repository, resolution will not be reattempted until the update interval of sonatype-nexus-snapshots has elapsed or updates are forced
[DEBUG] Skipped remote request for org.eclipse.platform:org.eclipse.osgi/maven-metadata.xml, locally cached metadata up-to-date.
[DEBUG] Skipped remote request for org.eclipse.platform:org.eclipse.osgi/maven-metadata.xml, locally cached metadata up-to-date.
[DEBUG] Could not find metadata org.eclipse.platform:org.eclipse.core.runtime/maven-metadata.xml in local (/home/spirals/danglot/.m2/repository)
[DEBUG] Skipped remote request for org.eclipse.platform:org.eclipse.core.runtime/maven-metadata.xml, locally cached metadata up-to-date.
[DEBUG] Skipped remote request for org.eclipse.platform:org.eclipse.core.runtime/maven-metadata.xml, already updated during this session.
[DEBUG] Failure to find org.eclipse.platform:org.eclipse.core.runtime/maven-metadata.xml in https://stamp-project.github.io/stamp-maven-repository/ was cached in the local repository, resolution will not be reattempted until the update interval of stamp-maven-repository-mvn-repo has elapsed or updates are forced
[DEBUG] Skipped remote request for org.eclipse.platform:org.eclipse.core.runtime/maven-metadata.xml, locally cached metadata up-to-date.
[DEBUG] Failure to find org.eclipse.platform:org.eclipse.core.runtime/maven-metadata.xml in https://oss.sonatype.org/content/repositories/snapshots was cached in the local repository, resolution will not be reattempted until the update interval of sonatype-nexus-snapshots has elapsed or updates are forced
[DEBUG] Skipped remote request for org.eclipse.platform:org.eclipse.core.runtime/maven-metadata.xml, locally cached metadata up-to-date.
[DEBUG] Skipped remote request for org.eclipse.platform:org.eclipse.core.runtime/maven-metadata.xml, locally cached metadata up-to-date.
[DEBUG] Could not find metadata org.eclipse.platform:org.eclipse.core.runtime/maven-metadata.xml in local (/home/spirals/danglot/.m2/repository)
[DEBUG] Skipped remote request for org.eclipse.platform:org.eclipse.core.runtime/maven-metadata.xml, locally cached metadata up-to-date.
[DEBUG] Skipped remote request for org.eclipse.platform:org.eclipse.core.runtime/maven-metadata.xml, already updated during this session.
[DEBUG] Failure to find org.eclipse.platform:org.eclipse.core.runtime/maven-metadata.xml in https://stamp-project.github.io/stamp-maven-repository/ was cached in the local repository, resolution will not be reattempted until the update interval of stamp-maven-repository-mvn-repo has elapsed or updates are forced
[DEBUG] Skipped remote request for org.eclipse.platform:org.eclipse.core.runtime/maven-metadata.xml, locally cached metadata up-to-date.
[DEBUG] Failure to find org.eclipse.platform:org.eclipse.core.runtime/maven-metadata.xml in https://oss.sonatype.org/content/repositories/snapshots was cached in the local repository, resolution will not be reattempted until the update interval of sonatype-nexus-snapshots has elapsed or updates are forced
[DEBUG] Skipped remote request for org.eclipse.platform:org.eclipse.core.runtime/maven-metadata.xml, locally cached metadata up-to-date.
[DEBUG] Skipped remote request for org.eclipse.platform:org.eclipse.core.runtime/maven-metadata.xml, locally cached metadata up-to-date.
[DEBUG] Could not find metadata org.eclipse.platform:org.eclipse.core.filesystem/maven-metadata.xml in local (/home/spirals/danglot/.m2/repository)
[DEBUG] Skipped remote request for org.eclipse.platform:org.eclipse.core.filesystem/maven-metadata.xml, locally cached metadata up-to-date.
[DEBUG] Skipped remote request for org.eclipse.platform:org.eclipse.core.filesystem/maven-metadata.xml, already updated during this session.
[DEBUG] Failure to find org.eclipse.platform:org.eclipse.core.filesystem/maven-metadata.xml in https://stamp-project.github.io/stamp-maven-repository/ was cached in the local repository, resolution will not be reattempted until the update interval of stamp-maven-repository-mvn-repo has elapsed or updates are forced
[DEBUG] Skipped remote request for org.eclipse.platform:org.eclipse.core.filesystem/maven-metadata.xml, locally cached metadata up-to-date.
[DEBUG] Failure to find org.eclipse.platform:org.eclipse.core.filesystem/maven-metadata.xml in https://oss.sonatype.org/content/repositories/snapshots was cached in the local repository, resolution will not be reattempted until the update interval of sonatype-nexus-snapshots has elapsed or updates are forced
[DEBUG] Skipped remote request for org.eclipse.platform:org.eclipse.core.filesystem/maven-metadata.xml, locally cached metadata up-to-date.
[DEBUG] Skipped remote request for org.eclipse.platform:org.eclipse.core.filesystem/maven-metadata.xml, locally cached metadata up-to-date.
[DEBUG] Could not find metadata org.eclipse.platform:org.eclipse.text/maven-metadata.xml in local (/home/spirals/danglot/.m2/repository)
[DEBUG] Skipped remote request for org.eclipse.platform:org.eclipse.text/maven-metadata.xml, locally cached metadata up-to-date.
[DEBUG] Skipped remote request for org.eclipse.platform:org.eclipse.text/maven-metadata.xml, locally cached metadata up-to-date.
[DEBUG] Failure to find org.eclipse.platform:org.eclipse.text/maven-metadata.xml in https://oss.sonatype.org/content/repositories/snapshots was cached in the local repository, resolution will not be reattempted until the update interval of sonatype-nexus-snapshots has elapsed or updates are forced
[DEBUG] Skipped remote request for org.eclipse.platform:org.eclipse.text/maven-metadata.xml, locally cached metadata up-to-date.
[DEBUG] Skipped remote request for org.eclipse.platform:org.eclipse.text/maven-metadata.xml, locally cached metadata up-to-date.
[DEBUG] Using transporter WagonTransporter with priority -1.0 for https://stamp-project.github.io/stamp-maven-repository/
[DEBUG] Using connector BasicRepositoryConnector with priority 0.0 for https://stamp-project.github.io/stamp-maven-repository/
Downloading from stamp-maven-repository-mvn-repo: https://stamp-project.github.io/stamp-maven-repository/org/eclipse/platform/org.eclipse.text/maven-metadata.xml
[DEBUG] Writing tracking file /home/spirals/danglot/.m2/repository/org/eclipse/platform/org.eclipse.text/resolver-status.properties
[DEBUG] Could not find metadata org.eclipse.platform:org.eclipse.text/maven-metadata.xml in stamp-maven-repository-mvn-repo (https://stamp-project.github.io/stamp-maven-repository/)
[DEBUG] Could not find metadata org.eclipse.platform:org.eclipse.core.commands/maven-metadata.xml in local (/home/spirals/danglot/.m2/repository)
[DEBUG] Skipped remote request for org.eclipse.platform:org.eclipse.core.commands/maven-metadata.xml, locally cached metadata up-to-date.
[DEBUG] Skipped remote request for org.eclipse.platform:org.eclipse.core.commands/maven-metadata.xml, locally cached metadata up-to-date.
[DEBUG] Failure to find org.eclipse.platform:org.eclipse.core.commands/maven-metadata.xml in https://oss.sonatype.org/content/repositories/snapshots was cached in the local repository, resolution will not be reattempted until the update interval of sonatype-nexus-snapshots has elapsed or updates are forced
[DEBUG] Skipped remote request for org.eclipse.platform:org.eclipse.core.commands/maven-metadata.xml, locally cached metadata up-to-date.
[DEBUG] Skipped remote request for org.eclipse.platform:org.eclipse.core.commands/maven-metadata.xml, locally cached metadata up-to-date.
[DEBUG] Using transporter WagonTransporter with priority -1.0 for https://stamp-project.github.io/stamp-maven-repository/
[DEBUG] Using connector BasicRepositoryConnector with priority 0.0 for https://stamp-project.github.io/stamp-maven-repository/
Downloading from stamp-maven-repository-mvn-repo: https://stamp-project.github.io/stamp-maven-repository/org/eclipse/platform/org.eclipse.core.commands/maven-metadata.xml
[DEBUG] Writing tracking file /home/spirals/danglot/.m2/repository/org/eclipse/platform/org.eclipse.core.commands/resolver-status.properties
[DEBUG] Could not find metadata org.eclipse.platform:org.eclipse.core.commands/maven-metadata.xml in stamp-maven-repository-mvn-repo (https://stamp-project.github.io/stamp-maven-repository/)
[DEBUG] Could not find metadata org.eclipse.platform:org.eclipse.equinox.common/maven-metadata.xml in local (/home/spirals/danglot/.m2/repository)
[DEBUG] Skipped remote request for org.eclipse.platform:org.eclipse.equinox.common/maven-metadata.xml, locally cached metadata up-to-date.
[DEBUG] Skipped remote request for org.eclipse.platform:org.eclipse.equinox.common/maven-metadata.xml, already updated during this session.
[DEBUG] Failure to find org.eclipse.platform:org.eclipse.equinox.common/maven-metadata.xml in https://stamp-project.github.io/stamp-maven-repository/ was cached in the local repository, resolution will not be reattempted until the update interval of stamp-maven-repository-mvn-repo has elapsed or updates are forced
[DEBUG] Skipped remote request for org.eclipse.platform:org.eclipse.equinox.common/maven-metadata.xml, locally cached metadata up-to-date.
[DEBUG] Failure to find org.eclipse.platform:org.eclipse.equinox.common/maven-metadata.xml in https://oss.sonatype.org/content/repositories/snapshots was cached in the local repository, resolution will not be reattempted until the update interval of sonatype-nexus-snapshots has elapsed or updates are forced
[DEBUG] Skipped remote request for org.eclipse.platform:org.eclipse.equinox.common/maven-metadata.xml, locally cached metadata up-to-date.
[DEBUG] Skipped remote request for org.eclipse.platform:org.eclipse.equinox.common/maven-metadata.xml, locally cached metadata up-to-date.
[DEBUG] Could not find metadata org.eclipse.platform:org.eclipse.core.runtime/maven-metadata.xml in local (/home/spirals/danglot/.m2/repository)
[DEBUG] Skipped remote request for org.eclipse.platform:org.eclipse.core.runtime/maven-metadata.xml, locally cached metadata up-to-date.
[DEBUG] Skipped remote request for org.eclipse.platform:org.eclipse.core.runtime/maven-metadata.xml, already updated during this session.
[DEBUG] Failure to find org.eclipse.platform:org.eclipse.core.runtime/maven-metadata.xml in https://stamp-project.github.io/stamp-maven-repository/ was cached in the local repository, resolution will not be reattempted until the update interval of stamp-maven-repository-mvn-repo has elapsed or updates are forced
[DEBUG] Skipped remote request for org.eclipse.platform:org.eclipse.core.runtime/maven-metadata.xml, locally cached metadata up-to-date.
[DEBUG] Failure to find org.eclipse.platform:org.eclipse.core.runtime/maven-metadata.xml in https://oss.sonatype.org/content/repositories/snapshots was cached in the local repository, resolution will not be reattempted until the update interval of sonatype-nexus-snapshots has elapsed or updates are forced
[DEBUG] Skipped remote request for org.eclipse.platform:org.eclipse.core.runtime/maven-metadata.xml, locally cached metadata up-to-date.
[DEBUG] Skipped remote request for org.eclipse.platform:org.eclipse.core.runtime/maven-metadata.xml, locally cached metadata up-to-date.
[DEBUG] Dependency collection stats: {ConflictMarker.analyzeTime=4640610, ConflictMarker.markTime=1345682, ConflictMarker.nodeCount=672, ConflictIdSorter.graphTime=2585315, ConflictIdSorter.topsortTime=165717, ConflictIdSorter.conflictIdCount=98, ConflictIdSorter.conflictIdCycleCount=0, ConflictResolver.totalTime=13678465, ConflictResolver.conflictItemCount=307, DefaultDependencyCollector.collectTime=4512544454, DefaultDependencyCollector.transformTime=22580182}
[DEBUG] eu.stamp-project:dspot-maven:jar:1.1.1-SNAPSHOT:
[DEBUG]    eu.stamp-project:dspot:jar:1.1.1-SNAPSHOT:compile
[DEBUG]       fr.inria.gforge.spoon:spoon-core:jar:7.1.0-SNAPSHOT:compile
[DEBUG]          org.eclipse.jdt:org.eclipse.jdt.core:jar:3.13.102:compile
[DEBUG]             org.eclipse.platform:org.eclipse.core.resources:jar:3.13.100:compile
[DEBUG]                org.eclipse.platform:org.eclipse.core.expressions:jar:3.6.200:compile
[DEBUG]             org.eclipse.platform:org.eclipse.core.runtime:jar:3.15.0:compile
[DEBUG]                org.eclipse.platform:org.eclipse.osgi:jar:3.13.100:compile
[DEBUG]                org.eclipse.platform:org.eclipse.equinox.common:jar:3.10.100:compile
[DEBUG]                org.eclipse.platform:org.eclipse.core.jobs:jar:3.10.100:compile
[DEBUG]                org.eclipse.platform:org.eclipse.equinox.registry:jar:3.8.100:compile
[DEBUG]                org.eclipse.platform:org.eclipse.equinox.preferences:jar:3.7.200:compile
[DEBUG]                org.eclipse.platform:org.eclipse.core.contenttype:jar:3.7.100:compile
[DEBUG]                org.eclipse.platform:org.eclipse.equinox.app:jar:1.3.600:compile
[DEBUG]             org.eclipse.platform:org.eclipse.core.filesystem:jar:1.7.200:compile
[DEBUG]             org.eclipse.platform:org.eclipse.text:jar:3.7.0:compile
[DEBUG]                org.eclipse.platform:org.eclipse.core.commands:jar:3.9.200:compile
[DEBUG]          com.martiansoftware:jsap:jar:2.1:compile
[DEBUG]          log4j:log4j:jar:1.2.17:compile
[DEBUG]          com.fasterxml.jackson.core:jackson-databind:jar:2.9.2:compile
[DEBUG]             com.fasterxml.jackson.core:jackson-annotations:jar:2.9.0:compile
[DEBUG]             com.fasterxml.jackson.core:jackson-core:jar:2.9.2:compile
[DEBUG]          org.benf:cfr:jar:0.132.0:compile
[DEBUG]       junit:junit:jar:4.12:compile
[DEBUG]          org.hamcrest:hamcrest-core:jar:1.3:compile
[DEBUG]       com.google.code.gson:gson:jar:2.8.0:compile
[DEBUG]       org.apache.maven.shared:maven-invoker:jar:3.0.0:compile
[DEBUG]       org.slf4j:slf4j-api:jar:1.7.25:compile
[DEBUG]       org.slf4j:slf4j-log4j12:jar:1.7.25:compile
[DEBUG]       org.jacoco:org.jacoco.core:jar:0.7.9:compile
[DEBUG]          org.ow2.asm:asm-debug-all:jar:5.2:compile
[DEBUG]       eu.stamp-project:descartes:jar:1.1:compile
[DEBUG]          org.pitest:pitest:jar:1.2.0:compile
[DEBUG]          org.pitest:pitest-entry:jar:1.2.0:compile
[DEBUG]             com.thoughtworks.xstream:xstream:jar:1.4.8:compile
[DEBUG]                xmlpull:xmlpull:jar:1.1.3.1:compile
[DEBUG]                xpp3:xpp3_min:jar:1.1.4c:compile
[DEBUG]       org.gradle:gradle-tooling-api:jar:4.0.1:compile
[DEBUG]       org.mockito:mockito-core:jar:2.10.0:compile
[DEBUG]          net.bytebuddy:byte-buddy:jar:1.7.4:runtime
[DEBUG]          net.bytebuddy:byte-buddy-agent:jar:1.7.4:runtime
[DEBUG]          org.objenesis:objenesis:jar:2.6:runtime
[DEBUG]       eu.stamp-project:test-runner:jar:jar-with-dependencies:1.1.0:compile
[DEBUG]       org.openclover:clover:jar:4.2.1:compile
[DEBUG]       fr.inria.gforge.spoon.labs:gumtree-spoon-ast-diff:jar:1.3:compile
[DEBUG]          com.github.gumtreediff:core:jar:2.0.0:compile
[DEBUG]             com.github.mpkorstanje:simmetrics-core:jar:3.0.3:compile
[DEBUG]                commons-codec:commons-codec:jar:1.10:compile
[DEBUG]             net.sf.trove4j:trove4j:jar:3.0.3:compile
[DEBUG]    org.apache.maven:maven-plugin-api:jar:3.5.0:compile
[DEBUG]       org.apache.maven:maven-artifact:jar:3.5.0:compile
[DEBUG]       org.eclipse.sisu:org.eclipse.sisu.plexus:jar:0.3.3:compile
[DEBUG]          javax.enterprise:cdi-api:jar:1.0:compile
[DEBUG]             javax.annotation:jsr250-api:jar:1.0:compile
[DEBUG]          org.eclipse.sisu:org.eclipse.sisu.inject:jar:0.3.3:compile
[DEBUG]    org.apache.maven.plugin-testing:maven-plugin-testing-harness:jar:3.3.0:compile
[DEBUG]       commons-io:commons-io:jar:2.2:compile
[DEBUG]       org.codehaus.plexus:plexus-archiver:jar:2.2:compile
[DEBUG]          org.codehaus.plexus:plexus-io:jar:2.0.4:compile
[DEBUG]    org.apache.maven:maven-compat:jar:3.5.0:compile
[DEBUG]       org.apache.maven:maven-model-builder:jar:3.5.0:compile
[DEBUG]          org.apache.maven:maven-builder-support:jar:3.5.0:compile
[DEBUG]          com.google.guava:guava:jar:20.0:compile
[DEBUG]       org.apache.maven:maven-settings:jar:3.5.0:compile
[DEBUG]       org.apache.maven:maven-resolver-provider:jar:3.5.0:compile
[DEBUG]       org.apache.maven.resolver:maven-resolver-api:jar:1.0.3:compile
[DEBUG]       org.apache.maven.resolver:maven-resolver-util:jar:1.0.3:compile
[DEBUG]       org.apache.maven.resolver:maven-resolver-impl:jar:1.0.3:compile
[DEBUG]       org.codehaus.plexus:plexus-utils:jar:3.0.24:compile
[DEBUG]       org.codehaus.plexus:plexus-interpolation:jar:1.24:compile
[DEBUG]       org.codehaus.plexus:plexus-component-annotations:jar:1.7.1:compile
[DEBUG]       org.apache.maven.wagon:wagon-provider-api:jar:2.12:compile
[DEBUG]    org.apache.maven:maven-core:jar:3.5.0:compile
[DEBUG]       org.apache.maven:maven-settings-builder:jar:3.5.0:compile
[DEBUG]       org.apache.maven:maven-repository-metadata:jar:3.5.0:compile
[DEBUG]       org.apache.maven.resolver:maven-resolver-spi:jar:1.0.3:compile
[DEBUG]       org.apache.maven.shared:maven-shared-utils:jar:3.1.0:compile
[DEBUG]       com.google.inject:guice:jar:no_aop:4.0:compile
[DEBUG]          javax.inject:javax.inject:jar:1:compile
[DEBUG]          aopalliance:aopalliance:jar:1.0:compile
[DEBUG]       org.codehaus.plexus:plexus-classworlds:jar:2.5.2:compile
[DEBUG]       org.sonatype.plexus:plexus-sec-dispatcher:jar:1.4:compile
[DEBUG]          org.sonatype.plexus:plexus-cipher:jar:1.4:compile
[DEBUG]       org.apache.commons:commons-lang3:jar:3.5:compile
[DEBUG]    org.apache.maven:maven-model:jar:3.5.0:compile
[DEBUG]    org.apache.maven:maven-aether-provider:jar:3.3.9:compile
[DEBUG]       org.eclipse.aether:aether-api:jar:1.0.2.v20150114:compile
[DEBUG]       org.eclipse.aether:aether-spi:jar:1.0.2.v20150114:compile
[DEBUG]       org.eclipse.aether:aether-util:jar:1.0.2.v20150114:compile
[DEBUG]       org.eclipse.aether:aether-impl:jar:1.0.2.v20150114:compile
[DEBUG]    org.apache.maven:maven-project:jar:2.2.1:compile
[DEBUG]       org.apache.maven:maven-profile:jar:2.2.1:compile
[DEBUG]       org.apache.maven:maven-artifact-manager:jar:2.2.1:compile
[DEBUG]          backport-util-concurrent:backport-util-concurrent:jar:3.1:compile
[DEBUG]       org.apache.maven:maven-plugin-registry:jar:2.2.1:compile
[DEBUG]       org.codehaus.plexus:plexus-container-default:jar:1.0-alpha-9-stable-1:compile
[DEBUG]          classworlds:classworlds:jar:1.1-alpha-2:compile
[DEBUG] Created new class realm plugin>eu.stamp-project:dspot-maven:1.1.1-SNAPSHOT
[DEBUG] Importing foreign packages into class realm plugin>eu.stamp-project:dspot-maven:1.1.1-SNAPSHOT
[DEBUG]   Imported:  < maven.api
[DEBUG] Populating class realm plugin>eu.stamp-project:dspot-maven:1.1.1-SNAPSHOT
[DEBUG]   Included: eu.stamp-project:dspot-maven:jar:1.1.1-SNAPSHOT
[DEBUG]   Included: eu.stamp-project:dspot:jar:1.1.1-SNAPSHOT
[DEBUG]   Included: fr.inria.gforge.spoon:spoon-core:jar:7.1.0-SNAPSHOT
[DEBUG]   Included: org.eclipse.jdt:org.eclipse.jdt.core:jar:3.13.102
[DEBUG]   Included: org.eclipse.platform:org.eclipse.core.resources:jar:3.13.100
[DEBUG]   Included: org.eclipse.platform:org.eclipse.core.expressions:jar:3.6.200
[DEBUG]   Included: org.eclipse.platform:org.eclipse.core.runtime:jar:3.15.0
[DEBUG]   Included: org.eclipse.platform:org.eclipse.osgi:jar:3.13.100
[DEBUG]   Included: org.eclipse.platform:org.eclipse.equinox.common:jar:3.10.100
[DEBUG]   Included: org.eclipse.platform:org.eclipse.core.jobs:jar:3.10.100
[DEBUG]   Included: org.eclipse.platform:org.eclipse.equinox.registry:jar:3.8.100
[DEBUG]   Included: org.eclipse.platform:org.eclipse.equinox.preferences:jar:3.7.200
[DEBUG]   Included: org.eclipse.platform:org.eclipse.core.contenttype:jar:3.7.100
[DEBUG]   Included: org.eclipse.platform:org.eclipse.equinox.app:jar:1.3.600
[DEBUG]   Included: org.eclipse.platform:org.eclipse.core.filesystem:jar:1.7.200
[DEBUG]   Included: org.eclipse.platform:org.eclipse.text:jar:3.7.0
[DEBUG]   Included: org.eclipse.platform:org.eclipse.core.commands:jar:3.9.200
[DEBUG]   Included: com.martiansoftware:jsap:jar:2.1
[DEBUG]   Included: log4j:log4j:jar:1.2.17
[DEBUG]   Included: com.fasterxml.jackson.core:jackson-databind:jar:2.9.2
[DEBUG]   Included: com.fasterxml.jackson.core:jackson-annotations:jar:2.9.0
[DEBUG]   Included: com.fasterxml.jackson.core:jackson-core:jar:2.9.2
[DEBUG]   Included: org.benf:cfr:jar:0.132.0
[DEBUG]   Included: junit:junit:jar:4.12
[DEBUG]   Included: org.hamcrest:hamcrest-core:jar:1.3
[DEBUG]   Included: com.google.code.gson:gson:jar:2.8.0
[DEBUG]   Included: org.apache.maven.shared:maven-invoker:jar:3.0.0
[DEBUG]   Included: org.slf4j:slf4j-log4j12:jar:1.7.25
[DEBUG]   Included: org.jacoco:org.jacoco.core:jar:0.7.9
[DEBUG]   Included: org.ow2.asm:asm-debug-all:jar:5.2
[DEBUG]   Included: eu.stamp-project:descartes:jar:1.1
[DEBUG]   Included: org.pitest:pitest:jar:1.2.0
[DEBUG]   Included: org.pitest:pitest-entry:jar:1.2.0
[DEBUG]   Included: com.thoughtworks.xstream:xstream:jar:1.4.8
[DEBUG]   Included: xmlpull:xmlpull:jar:1.1.3.1
[DEBUG]   Included: xpp3:xpp3_min:jar:1.1.4c
[DEBUG]   Included: org.gradle:gradle-tooling-api:jar:4.0.1
[DEBUG]   Included: org.mockito:mockito-core:jar:2.10.0
[DEBUG]   Included: net.bytebuddy:byte-buddy:jar:1.7.4
[DEBUG]   Included: net.bytebuddy:byte-buddy-agent:jar:1.7.4
[DEBUG]   Included: org.objenesis:objenesis:jar:2.6
[DEBUG]   Included: eu.stamp-project:test-runner:jar:jar-with-dependencies:1.1.0
[DEBUG]   Included: org.openclover:clover:jar:4.2.1
[DEBUG]   Included: fr.inria.gforge.spoon.labs:gumtree-spoon-ast-diff:jar:1.3
[DEBUG]   Included: com.github.gumtreediff:core:jar:2.0.0
[DEBUG]   Included: com.github.mpkorstanje:simmetrics-core:jar:3.0.3
[DEBUG]   Included: commons-codec:commons-codec:jar:1.10
[DEBUG]   Included: net.sf.trove4j:trove4j:jar:3.0.3
[DEBUG]   Included: javax.enterprise:cdi-api:jar:1.0
[DEBUG]   Included: org.eclipse.sisu:org.eclipse.sisu.inject:jar:0.3.3
[DEBUG]   Included: org.apache.maven.plugin-testing:maven-plugin-testing-harness:jar:3.3.0
[DEBUG]   Included: commons-io:commons-io:jar:2.2
[DEBUG]   Included: org.codehaus.plexus:plexus-archiver:jar:2.2
[DEBUG]   Included: org.codehaus.plexus:plexus-io:jar:2.0.4
[DEBUG]   Included: org.apache.maven:maven-builder-support:jar:3.5.0
[DEBUG]   Included: com.google.guava:guava:jar:20.0
[DEBUG]   Included: org.apache.maven.resolver:maven-resolver-util:jar:1.0.3
[DEBUG]   Included: org.codehaus.plexus:plexus-utils:jar:3.0.24
[DEBUG]   Included: org.codehaus.plexus:plexus-interpolation:jar:1.24
[DEBUG]   Included: org.codehaus.plexus:plexus-component-annotations:jar:1.7.1
[DEBUG]   Included: org.apache.maven.shared:maven-shared-utils:jar:3.1.0
[DEBUG]   Included: com.google.inject:guice:jar:no_aop:4.0
[DEBUG]   Included: aopalliance:aopalliance:jar:1.0
[DEBUG]   Included: org.sonatype.plexus:plexus-sec-dispatcher:jar:1.4
[DEBUG]   Included: org.sonatype.plexus:plexus-cipher:jar:1.4
[DEBUG]   Included: org.apache.commons:commons-lang3:jar:3.5
[DEBUG]   Included: org.eclipse.aether:aether-util:jar:1.0.2.v20150114
[DEBUG]   Included: backport-util-concurrent:backport-util-concurrent:jar:3.1
[DEBUG] Configuring mojo eu.stamp-project:dspot-maven:1.1.1-SNAPSHOT:amplify-unit-tests from plugin realm ClassRealm[plugin>eu.stamp-project:dspot-maven:1.1.1-SNAPSHOT, parent: sun.misc.Launcher$AppClassLoader@55f96302]
[DEBUG] Configuring mojo 'eu.stamp-project:dspot-maven:1.1.1-SNAPSHOT:amplify-unit-tests' with basic configurator -->
[DEBUG]   (f) amplifiers = [AllLiteralAmplifiers, MethodAdd, MethodRemove, MethodGeneratorAmplifier, ReturnValueAmplifier, NullifierAmplifier]
[DEBUG]   (f) automaticBuilder = MavenBuilder
[DEBUG]   (f) budgetizer = SimpleBudgetizer
[DEBUG]   (f) cases = []
[DEBUG]   (f) clean = true
[DEBUG]   (f) descartes = false
[DEBUG]   (f) example = false
[DEBUG]   (f) generateNewTestClass = true
[DEBUG]   (f) help = false
[DEBUG]   (f) iteration = 3
[DEBUG]   (f) maxTestAmplified = 200
[DEBUG]   (f) noMinimize = false
[DEBUG]   (f) outputPath = /tmp/icst-2019/september-2018/result/commons-lang/commit_5_f56931c/input_amplification
[DEBUG]   (f) pathToSecondVersion = /tmp/icst-2019/september-2018/dataset/commons-lang
[DEBUG]   (f) pathToTestListCsv = /tmp/icst-2019/september-2018/result/commons-lang/commit_5_f56931c/testsThatExecuteTheChanges.csv
[DEBUG]   (f) project = MavenProject: org.apache.commons:commons-lang3:3.8-SNAPSHOT @ /tmp/icst-2019/september-2018/dataset/commons-lang_parent/pom.xml
[DEBUG]   (f) randomSeed = 23
[DEBUG]   (f) test = [all]
[DEBUG]   (f) testCriterion = ChangeDetectorSelector
[DEBUG]   (f) timeOut = 10000
[DEBUG]   (f) useMavenToExeTest = false
[DEBUG]   (f) verbose = true
[DEBUG]   (f) withComment = false
[DEBUG]   (f) workingDirectory = false
[DEBUG] -- end configuration --
[INFO] Path to runner Classes: /home/spirals/danglot/.m2/repository/eu/stamp-project/test-runner/1.1.0/test-runner-1.1.0-jar-with-dependencies.jar
[INFO] /home/spirals/danglot/.m2/repository/org/jacoco/org.jacoco.core/0.7.9/org.jacoco.core-0.7.9.jar
[INFO] /home/spirals/danglot/.m2/repository/org/ow2/asm/asm-debug-all/5.2/asm-debug-all-5.2.jar
[INFO] /home/spirals/danglot/.m2/repository/eu/stamp-project/test-runner/1.1.0/test-runner-1.1.0-jar-with-dependencies.jar
[WARNING] automaticBuilderName: unknown automatic builder specified in configuration, going to default.
[INFO] Default: provided Maven automatic builder.
[INFO] run maven clean test -DskipTests dependency:build-classpath -Dmdep.outputFile=target/dspot/classpath
[WARN] Maven will be executed in interactive mode, but no input stream has been configured for this MavenInvoker instance.
[INFO] Scanning for projects...
[INFO] 
[INFO] ------------------< org.apache.commons:commons-lang3 >------------------
[INFO] Building Apache Commons Lang 3.8-SNAPSHOT
[INFO] --------------------------------[ jar ]---------------------------------
[INFO] 
[INFO] --- maven-clean-plugin:3.0.0:clean (default-clean) @ commons-lang3 ---
[INFO] Deleting /tmp/icst-2019/september-2018/dataset/commons-lang_parent/target
[INFO] 
[INFO] --- maven-enforcer-plugin:3.0.0-M1:enforce (enforce-maven-version) @ commons-lang3 ---
[INFO] Skipping Rule Enforcement.
[INFO] 
[INFO] --- maven-enforcer-plugin:3.0.0-M1:enforce (enforce-maven-3) @ commons-lang3 ---
[INFO] Skipping Rule Enforcement.
[INFO] 
[INFO] --- build-helper-maven-plugin:3.0.0:parse-version (parse-version) @ commons-lang3 ---
[INFO] 
[INFO] --- maven-antrun-plugin:1.8:run (javadoc.resources) @ commons-lang3 ---
[INFO] Executing tasks

main:
     [copy] Copying 2 files to /tmp/icst-2019/september-2018/dataset/commons-lang_parent/target/apidocs/META-INF
[INFO] Executed tasks
[INFO] 
[INFO] --- maven-remote-resources-plugin:1.5:process (process-resource-bundles) @ commons-lang3 ---
[INFO] 
[INFO] --- buildnumber-maven-plugin:1.4:create (default) @ commons-lang3 ---
[INFO] Executing: /bin/sh -c cd '/tmp/icst-2019/september-2018/dataset/commons-lang_parent' && 'git' 'rev-parse' '--verify' 'HEAD'
[INFO] Working directory: /tmp/icst-2019/september-2018/dataset/commons-lang_parent
[INFO] Storing buildNumber: ae6a24dd439a7b778e35b484a3a6eae1a8eb64d7 at timestamp: 1538125139492
[INFO] Storing buildScmBranch: master
[INFO] 
[INFO] --- maven-resources-plugin:3.0.2:resources (default-resources) @ commons-lang3 ---
[INFO] Using 'ISO-8859-1' encoding to copy filtered resources.
[INFO] skip non existing resourceDirectory /tmp/icst-2019/september-2018/dataset/commons-lang_parent/src/main/resources
[INFO] Copying 2 resources to META-INF
[INFO] 
[INFO] --- maven-compiler-plugin:3.7.0:compile (default-compile) @ commons-lang3 ---
[INFO] Changes detected - recompiling the module!
[INFO] Compiling 153 source files to /tmp/icst-2019/september-2018/dataset/commons-lang_parent/target/classes
[INFO] /tmp/icst-2019/september-2018/dataset/commons-lang_parent/src/main/java/org/apache/commons/lang3/builder/ToStringStyle.java: Some input files use or override a deprecated API.
[INFO] /tmp/icst-2019/september-2018/dataset/commons-lang_parent/src/main/java/org/apache/commons/lang3/builder/ToStringStyle.java: Recompile with -Xlint:deprecation for details.
[INFO] /tmp/icst-2019/september-2018/dataset/commons-lang_parent/src/main/java/org/apache/commons/lang3/text/StrBuilder.java: Some input files use unchecked or unsafe operations.
[INFO] /tmp/icst-2019/september-2018/dataset/commons-lang_parent/src/main/java/org/apache/commons/lang3/text/StrBuilder.java: Recompile with -Xlint:unchecked for details.
[INFO] 
[INFO] --- maven-bundle-plugin:3.5.0:manifest (bundle-manifest) @ commons-lang3 ---
[INFO] 
[INFO] --- animal-sniffer-maven-plugin:1.16:check (checkAPIcompatibility) @ commons-lang3 ---
[INFO] Checking unresolved references to org.codehaus.mojo.signature:java17:1.0
[INFO] 
[INFO] --- maven-resources-plugin:3.0.2:testResources (default-testResources) @ commons-lang3 ---
[INFO] Using 'ISO-8859-1' encoding to copy filtered resources.
[INFO] Copying 2 resources
[INFO] Copying 2 resources to META-INF
[INFO] 
[INFO] --- maven-compiler-plugin:3.7.0:testCompile (default-testCompile) @ commons-lang3 ---
[INFO] Changes detected - recompiling the module!
[INFO] Compiling 174 source files to /tmp/icst-2019/september-2018/dataset/commons-lang_parent/target/test-classes
[INFO] /tmp/icst-2019/september-2018/dataset/commons-lang_parent/src/test/java/org/apache/commons/lang3/StringEscapeUtilsTest.java: Some input files use or override a deprecated API.
[INFO] /tmp/icst-2019/september-2018/dataset/commons-lang_parent/src/test/java/org/apache/commons/lang3/StringEscapeUtilsTest.java: Recompile with -Xlint:deprecation for details.
[INFO] /tmp/icst-2019/september-2018/dataset/commons-lang_parent/src/test/java/org/apache/commons/lang3/EnumUtilsTest.java: /tmp/icst-2019/september-2018/dataset/commons-lang_parent/src/test/java/org/apache/commons/lang3/EnumUtilsTest.java uses unchecked or unsafe operations.
[INFO] /tmp/icst-2019/september-2018/dataset/commons-lang_parent/src/test/java/org/apache/commons/lang3/EnumUtilsTest.java: Recompile with -Xlint:unchecked for details.
[INFO] 
[INFO] --- maven-surefire-plugin:2.21.0:test (default-test) @ commons-lang3 ---
[INFO] Tests are skipped.
[INFO] 
[INFO] --- maven-dependency-plugin:2.10:build-classpath (default-cli) @ commons-lang3 ---
[INFO] Wrote classpath file '/tmp/icst-2019/september-2018/dataset/commons-lang_parent/target/dspot/classpath'.
[INFO] ------------------------------------------------------------------------
[INFO] BUILD SUCCESS
[INFO] ------------------------------------------------------------------------
[INFO] Total time: 15.782 s
[INFO] Finished at: 2018-09-28T10:59:12+02:00
[INFO] ------------------------------------------------------------------------
[INFO] run maven clean test -DskipTests dependency:build-classpath -Dmdep.outputFile=target/dspot/classpath
[WARN] Maven will be executed in interactive mode, but no input stream has been configured for this MavenInvoker instance.
[INFO] Scanning for projects...
[INFO] 
[INFO] ------------------< org.apache.commons:commons-lang3 >------------------
[INFO] Building Apache Commons Lang 3.8-SNAPSHOT
[INFO] --------------------------------[ jar ]---------------------------------
[INFO] 
[INFO] --- maven-clean-plugin:3.0.0:clean (default-clean) @ commons-lang3 ---
[INFO] Deleting /tmp/icst-2019/september-2018/dataset/commons-lang/target
[INFO] 
[INFO] --- maven-enforcer-plugin:3.0.0-M1:enforce (enforce-maven-version) @ commons-lang3 ---
[INFO] Skipping Rule Enforcement.
[INFO] 
[INFO] --- maven-enforcer-plugin:3.0.0-M1:enforce (enforce-maven-3) @ commons-lang3 ---
[INFO] Skipping Rule Enforcement.
[INFO] 
[INFO] --- build-helper-maven-plugin:3.0.0:parse-version (parse-version) @ commons-lang3 ---
[INFO] 
[INFO] --- maven-antrun-plugin:1.8:run (javadoc.resources) @ commons-lang3 ---
[INFO] Executing tasks

main:
     [copy] Copying 2 files to /tmp/icst-2019/september-2018/dataset/commons-lang/target/apidocs/META-INF
[INFO] Executed tasks
[INFO] 
[INFO] --- maven-remote-resources-plugin:1.5:process (process-resource-bundles) @ commons-lang3 ---
[INFO] 
[INFO] --- buildnumber-maven-plugin:1.4:create (default) @ commons-lang3 ---
[INFO] Executing: /bin/sh -c cd '/tmp/icst-2019/september-2018/dataset/commons-lang' && 'git' 'rev-parse' '--verify' 'HEAD'
[INFO] Working directory: /tmp/icst-2019/september-2018/dataset/commons-lang
[INFO] Storing buildNumber: f56931c176fef5e164b681c740746aebdccccec3 at timestamp: 1538125167808
[INFO] Storing buildScmBranch: master
[INFO] 
[INFO] --- maven-resources-plugin:3.0.2:resources (default-resources) @ commons-lang3 ---
[INFO] Using 'ISO-8859-1' encoding to copy filtered resources.
[INFO] skip non existing resourceDirectory /tmp/icst-2019/september-2018/dataset/commons-lang/src/main/resources
[INFO] Copying 2 resources to META-INF
[INFO] 
[INFO] --- maven-compiler-plugin:3.7.0:compile (default-compile) @ commons-lang3 ---
[INFO] Changes detected - recompiling the module!
[INFO] Compiling 153 source files to /tmp/icst-2019/september-2018/dataset/commons-lang/target/classes
[INFO] /tmp/icst-2019/september-2018/dataset/commons-lang/src/main/java/org/apache/commons/lang3/builder/ToStringStyle.java: Some input files use or override a deprecated API.
[INFO] /tmp/icst-2019/september-2018/dataset/commons-lang/src/main/java/org/apache/commons/lang3/builder/ToStringStyle.java: Recompile with -Xlint:deprecation for details.
[INFO] /tmp/icst-2019/september-2018/dataset/commons-lang/src/main/java/org/apache/commons/lang3/text/StrBuilder.java: Some input files use unchecked or unsafe operations.
[INFO] /tmp/icst-2019/september-2018/dataset/commons-lang/src/main/java/org/apache/commons/lang3/text/StrBuilder.java: Recompile with -Xlint:unchecked for details.
[INFO] 
[INFO] --- maven-bundle-plugin:3.5.0:manifest (bundle-manifest) @ commons-lang3 ---
[INFO] 
[INFO] --- animal-sniffer-maven-plugin:1.16:check (checkAPIcompatibility) @ commons-lang3 ---
[INFO] Checking unresolved references to org.codehaus.mojo.signature:java17:1.0
[INFO] 
[INFO] --- maven-resources-plugin:3.0.2:testResources (default-testResources) @ commons-lang3 ---
[INFO] Using 'ISO-8859-1' encoding to copy filtered resources.
[INFO] Copying 2 resources
[INFO] Copying 2 resources to META-INF
[INFO] 
[INFO] --- maven-compiler-plugin:3.7.0:testCompile (default-testCompile) @ commons-lang3 ---
[INFO] Changes detected - recompiling the module!
[INFO] Compiling 174 source files to /tmp/icst-2019/september-2018/dataset/commons-lang/target/test-classes
[INFO] /tmp/icst-2019/september-2018/dataset/commons-lang/src/test/java/org/apache/commons/lang3/StringUtilsTest.java: Some input files use or override a deprecated API.
[INFO] /tmp/icst-2019/september-2018/dataset/commons-lang/src/test/java/org/apache/commons/lang3/StringUtilsTest.java: Recompile with -Xlint:deprecation for details.
[INFO] /tmp/icst-2019/september-2018/dataset/commons-lang/src/test/java/org/apache/commons/lang3/EnumUtilsTest.java: /tmp/icst-2019/september-2018/dataset/commons-lang/src/test/java/org/apache/commons/lang3/EnumUtilsTest.java uses unchecked or unsafe operations.
[INFO] /tmp/icst-2019/september-2018/dataset/commons-lang/src/test/java/org/apache/commons/lang3/EnumUtilsTest.java: Recompile with -Xlint:unchecked for details.
[INFO] 
[INFO] --- maven-surefire-plugin:2.21.0:test (default-test) @ commons-lang3 ---
[INFO] Tests are skipped.
[INFO] 
[INFO] --- maven-dependency-plugin:2.10:build-classpath (default-cli) @ commons-lang3 ---
[INFO] Wrote classpath file '/tmp/icst-2019/september-2018/dataset/commons-lang/target/dspot/classpath'.
[INFO] ------------------------------------------------------------------------
[INFO] BUILD SUCCESS
[INFO] ------------------------------------------------------------------------
[INFO] Total time: 15.281 s
[INFO] Finished at: 2018-09-28T10:59:40+02:00
[INFO] ------------------------------------------------------------------------
[WARNING] Could not match any test methods
[INFO] Amplification of org.apache.commons.lang3.time.FastDateParserTest (31 test(s))
[INFO] Assertion amplification of org.apache.commons.lang3.time.FastDateParserTest (31 test(s))
[ERROR] Error(s) during compilation:
[ERROR] Pb(762) Cannot refer to the static enum field FastDateParserTest.Expected1806.zone within an initializer
[ERROR] Pb(762) Cannot refer to the static enum field FastDateParserTest.Expected1806.one within an initializer
[ERROR] Pb(762) Cannot refer to the static enum field FastDateParserTest.Expected1806.two within an initializer
[ERROR] Pb(762) Cannot refer to the static enum field FastDateParserTest.Expected1806.three within an initializer
[ERROR] Pb(762) Cannot refer to the static enum field FastDateParserTest.Expected1806.offset within an initializer
[ERROR] Pb(81) The blank final field zone may not have been initialized
[ERROR] Pb(81) The blank final field one may not have been initialized
[ERROR] Pb(81) The blank final field two may not have been initialized
[ERROR] Pb(81) The blank final field three may not have been initialized
[ERROR] Pb(81) The blank final field offset may not have been initialized
[ERROR] Error(s) during compilation:
[ERROR] Pb(762) Cannot refer to the static enum field FastDateParserTest.Expected1806.zone within an initializer
[ERROR] Pb(762) Cannot refer to the static enum field FastDateParserTest.Expected1806.one within an initializer
[ERROR] Pb(762) Cannot refer to the static enum field FastDateParserTest.Expected1806.two within an initializer
[ERROR] Pb(762) Cannot refer to the static enum field FastDateParserTest.Expected1806.three within an initializer
[ERROR] Pb(762) Cannot refer to the static enum field FastDateParserTest.Expected1806.offset within an initializer
[ERROR] Pb(81) The blank final field zone may not have been initialized
[ERROR] Pb(81) The blank final field one may not have been initialized
[ERROR] Pb(81) The blank final field two may not have been initialized
[ERROR] Pb(81) The blank final field three may not have been initialized
[ERROR] Pb(81) The blank final field offset may not have been initialized
[ERROR] Error(s) during compilation:
[ERROR] Pb(762) Cannot refer to the static enum field FastDateParserTest.Expected1806.zone within an initializer
[ERROR] Pb(762) Cannot refer to the static enum field FastDateParserTest.Expected1806.one within an initializer
[ERROR] Pb(762) Cannot refer to the static enum field FastDateParserTest.Expected1806.two within an initializer
[ERROR] Pb(762) Cannot refer to the static enum field FastDateParserTest.Expected1806.three within an initializer
[ERROR] Pb(762) Cannot refer to the static enum field FastDateParserTest.Expected1806.offset within an initializer
[ERROR] Pb(81) The blank final field zone may not have been initialized
[ERROR] Pb(81) The blank final field one may not have been initialized
[ERROR] Pb(81) The blank final field two may not have been initialized
[ERROR] Pb(81) The blank final field three may not have been initialized
[ERROR] Pb(81) The blank final field offset may not have been initialized
[ERROR] Error(s) during compilation:
[ERROR] Pb(762) Cannot refer to the static enum field FastDateParserTest.Expected1806.zone within an initializer
[ERROR] Pb(762) Cannot refer to the static enum field FastDateParserTest.Expected1806.one within an initializer
[ERROR] Pb(762) Cannot refer to the static enum field FastDateParserTest.Expected1806.two within an initializer
[ERROR] Pb(762) Cannot refer to the static enum field FastDateParserTest.Expected1806.three within an initializer
[ERROR] Pb(762) Cannot refer to the static enum field FastDateParserTest.Expected1806.offset within an initializer
[ERROR] Pb(81) The blank final field zone may not have been initialized
[ERROR] Pb(81) The blank final field one may not have been initialized
[ERROR] Pb(81) The blank final field two may not have been initialized
[ERROR] Pb(81) The blank final field three may not have been initialized
[ERROR] Pb(81) The blank final field offset may not have been initialized
[WARNING] Trying three time to compile with no success. Give up.
[INFO] Run: java -classpath /tmp/icst-2019/september-2018/dataset/commons-lang_parent/target/test-classes:/tmp/icst-2019/september-2018/dataset/commons-lang_parent/target/classes/:/home/spirals/danglot/.m2/repository/junit/junit/4.12/junit-4.12.jar:/home/spirals/danglot/.m2/repository/org/hamcrest/hamcrest-core/1.3/hamcrest-core-1.3.jar:/home/spirals/danglot/.m2/repository/org/hamcrest/hamcrest-all/1.3/hamcrest-all-1.3.jar:/home/spirals/danglot/.m2/repository/org/easymock/easymock/3.5.1/easymock-3.5.1.jar:/home/spirals/danglot/.m2/repository/org/objenesis/objenesis/2.6/objenesis-2.6.jar:/home/spirals/danglot/.m2/repository/org/openjdk/jmh/jmh-core/1.19/jmh-core-1.19.jar:/home/spirals/danglot/.m2/repository/net/sf/jopt-simple/jopt-simple/4.6/jopt-simple-4.6.jar:/home/spirals/danglot/.m2/repository/org/apache/commons/commons-math3/3.2/commons-math3-3.2.jar:/home/spirals/danglot/.m2/repository/org/openjdk/jmh/jmh-generator-annprocess/1.19/jmh-generator-annprocess-1.19.jar:/tmp/icst-2019/september-2018/dataset/commons-lang_parent/target/dspot/dependencies/:/home/spirals/danglot/.m2/repository/eu/stamp-project/test-runner/1.1.0/test-runner-1.1.0-jar-with-dependencies.jar eu.stamp_project.testrunner.runner.test.TestRunner org.apache.commons.lang3.time.FastDateParserTest testParseLongShort:testParses:testParseZone:testAmPm:testLang996:testJpLocales:testLocales_ShortNoEra_BC:testLocales_ShortNoEra_AD:testLocaleMatches:testLocales_Short_BC:testLocales_LongNoEra_AD:testLocales_Short_AD:testLocales_LongNoEra_BC:testLocales_Long_AD:testLocales_Long_BC:testTzParses:testParseLongShort:testParses:testParseZone:testAmPm:testLang996:testJpLocales:testLocales_ShortNoEra_BC:testLocales_ShortNoEra_AD:testLocales_LongNoEra_AD:testLocales_Short_BC:testLocales_Short_AD:testLocales_LongNoEra_BC:testLocales_Long_AD:testLocales_Long_BC:testTzParses
File saved to the following path: /tmp/icst-2019/september-2018/dataset/commons-lang_parent/target/dspot/TestListener.ser
Loading /tmp/icst-2019/september-2018/dataset/commons-lang_parent/target/dspot/TestListener.ser
[INFO] Test has been run: testLocaleMatches,testParseZone,testAmPm,testLocales_Long_AD,testLocales_Long_BC,testLang996,testTzParses,testLocales_ShortNoEra_AD,testLocales_ShortNoEra_BC,testParseLongShort,testLocales_LongNoEra_AD,testLocales_LongNoEra_BC,testLocales_Short_AD,testLocales_Short_BC,testParses,testJpLocales
[INFO] Run tests. (31)
[ERROR] Error(s) during compilation:
[ERROR] Pb(167) Unreachable catch block for ParseException. This exception is never thrown from the try statement body
[ERROR] Pb(762) Cannot refer to the static enum field FastDateParserTest.Expected1806.zone within an initializer
[ERROR] Pb(762) Cannot refer to the static enum field FastDateParserTest.Expected1806.one within an initializer
[ERROR] Pb(762) Cannot refer to the static enum field FastDateParserTest.Expected1806.two within an initializer
[ERROR] Pb(762) Cannot refer to the static enum field FastDateParserTest.Expected1806.three within an initializer
[ERROR] Pb(762) Cannot refer to the static enum field FastDateParserTest.Expected1806.offset within an initializer
[ERROR] Pb(81) The blank final field zone may not have been initialized
[ERROR] Pb(81) The blank final field one may not have been initialized
[ERROR] Pb(81) The blank final field two may not have been initialized
[ERROR] Pb(81) The blank final field three may not have been initialized
[ERROR] Pb(81) The blank final field offset may not have been initialized
[ERROR] Error(s) during compilation:
[ERROR] Pb(762) Cannot refer to the static enum field FastDateParserTest.Expected1806.zone within an initializer
[ERROR] Pb(762) Cannot refer to the static enum field FastDateParserTest.Expected1806.one within an initializer
[ERROR] Pb(762) Cannot refer to the static enum field FastDateParserTest.Expected1806.two within an initializer
[ERROR] Pb(762) Cannot refer to the static enum field FastDateParserTest.Expected1806.three within an initializer
[ERROR] Pb(762) Cannot refer to the static enum field FastDateParserTest.Expected1806.offset within an initializer
[ERROR] Pb(81) The blank final field zone may not have been initialized
[ERROR] Pb(81) The blank final field one may not have been initialized
[ERROR] Pb(81) The blank final field two may not have been initialized
[ERROR] Pb(81) The blank final field three may not have been initialized
[ERROR] Pb(81) The blank final field offset may not have been initialized
[ERROR] Error(s) during compilation:
[ERROR] Pb(762) Cannot refer to the static enum field FastDateParserTest.Expected1806.zone within an initializer
[ERROR] Pb(762) Cannot refer to the static enum field FastDateParserTest.Expected1806.one within an initializer
[ERROR] Pb(762) Cannot refer to the static enum field FastDateParserTest.Expected1806.two within an initializer
[ERROR] Pb(762) Cannot refer to the static enum field FastDateParserTest.Expected1806.three within an initializer
[ERROR] Pb(762) Cannot refer to the static enum field FastDateParserTest.Expected1806.offset within an initializer
[ERROR] Pb(81) The blank final field zone may not have been initialized
[ERROR] Pb(81) The blank final field one may not have been initialized
[ERROR] Pb(81) The blank final field two may not have been initialized
[ERROR] Pb(81) The blank final field three may not have been initialized
[ERROR] Pb(81) The blank final field offset may not have been initialized
[ERROR] Error(s) during compilation:
[ERROR] Pb(762) Cannot refer to the static enum field FastDateParserTest.Expected1806.zone within an initializer
[ERROR] Pb(762) Cannot refer to the static enum field FastDateParserTest.Expected1806.one within an initializer
[ERROR] Pb(762) Cannot refer to the static enum field FastDateParserTest.Expected1806.two within an initializer
[ERROR] Pb(762) Cannot refer to the static enum field FastDateParserTest.Expected1806.three within an initializer
[ERROR] Pb(762) Cannot refer to the static enum field FastDateParserTest.Expected1806.offset within an initializer
[ERROR] Pb(81) The blank final field zone may not have been initialized
[ERROR] Pb(81) The blank final field one may not have been initialized
[ERROR] Pb(81) The blank final field two may not have been initialized
[ERROR] Pb(81) The blank final field three may not have been initialized
[ERROR] Pb(81) The blank final field offset may not have been initialized
[WARNING] Trying three time to compile with no success. Give up.
[INFO] Run: java -classpath /tmp/icst-2019/september-2018/dataset/commons-lang_parent/target/test-classes:/tmp/icst-2019/september-2018/dataset/commons-lang_parent/target/classes/:/home/spirals/danglot/.m2/repository/junit/junit/4.12/junit-4.12.jar:/home/spirals/danglot/.m2/repository/org/hamcrest/hamcrest-core/1.3/hamcrest-core-1.3.jar:/home/spirals/danglot/.m2/repository/org/hamcrest/hamcrest-all/1.3/hamcrest-all-1.3.jar:/home/spirals/danglot/.m2/repository/org/easymock/easymock/3.5.1/easymock-3.5.1.jar:/home/spirals/danglot/.m2/repository/org/objenesis/objenesis/2.6/objenesis-2.6.jar:/home/spirals/danglot/.m2/repository/org/openjdk/jmh/jmh-core/1.19/jmh-core-1.19.jar:/home/spirals/danglot/.m2/repository/net/sf/jopt-simple/jopt-simple/4.6/jopt-simple-4.6.jar:/home/spirals/danglot/.m2/repository/org/apache/commons/commons-math3/3.2/commons-math3-3.2.jar:/home/spirals/danglot/.m2/repository/org/openjdk/jmh/jmh-generator-annprocess/1.19/jmh-generator-annprocess-1.19.jar:/tmp/icst-2019/september-2018/dataset/commons-lang_parent/target/dspot/dependencies/:/home/spirals/danglot/.m2/repository/eu/stamp-project/test-runner/1.1.0/test-runner-1.1.0-jar-with-dependencies.jar eu.stamp_project.testrunner.runner.test.TestRunner org.apache.commons.lang3.time.FastDateParserTest testParseLongShort:testParses:testParseZone:testAmPm:testLang996:testJpLocales:testLocales_ShortNoEra_BC:testLocales_ShortNoEra_AD:testLocaleMatches:testLocales_Short_BC:testLocales_LongNoEra_AD:testLocales_Short_AD:testLocales_LongNoEra_BC:testLocales_Long_AD:testLocales_Long_BC:testTzParses:testParseLongShort:testParses:testParseZone:testAmPm:testLang996:testLocales_ShortNoEra_BC:testLocales_ShortNoEra_AD:testLocales_LongNoEra_AD:testLocales_Short_BC:testLocales_Short_AD:testLocales_LongNoEra_BC:testLocales_Long_AD:testLocales_Long_BC:testTzParses
File saved to the following path: /tmp/icst-2019/september-2018/dataset/commons-lang_parent/target/dspot/TestListener.ser
Loading /tmp/icst-2019/september-2018/dataset/commons-lang_parent/target/dspot/TestListener.ser
[INFO] Test has been run: testLocaleMatches,testParseZone,testAmPm,testLocales_Long_AD,testLocales_Long_BC,testLang996,testTzParses,testLocales_ShortNoEra_AD,testLocales_ShortNoEra_BC,testParseLongShort,testLocales_LongNoEra_AD,testLocales_LongNoEra_BC,testLocales_Short_AD,testLocales_Short_BC,testParses
[INFO] 15 test pass, generating assertion...
[INFO] Add observations points in passing tests.
[INFO] Instrumentation...
  3% |= ]/  6% |=== ]- 10% |===== ]\ 13% |====== ]| 17% |======== ]/ 20% |========== ]- 24% |============ ]\ 27% |============= ]| 31% |=============== ]/ 34% |================= ]- 37% |================== ]\ 41% |==================== ]| 44% |====================== ]/ 48% |======================== ]- 51% |========================= ]\  3% |========================= ]/  6% |========================= ]- 10% |========================= ]\ 13% |========================= ]| 17% |========================= ]/ 20% |========================= ]- 24% |========================= ]\ 34% |========================= ]- 31% |========================= ]/ 37% |========================= ]\ 41% |========================= ]| 44% |========================= ]/ 48% |========================= ]-100% |================================================== ]/
[INFO] Run instrumented tests. (87)
[ERROR] Error(s) during compilation:
[ERROR] Pb(762) Cannot refer to the static enum field FastDateParserTest.Expected1806.zone within an initializer
[ERROR] Pb(762) Cannot refer to the static enum field FastDateParserTest.Expected1806.one within an initializer
[ERROR] Pb(762) Cannot refer to the static enum field FastDateParserTest.Expected1806.two within an initializer
[ERROR] Pb(762) Cannot refer to the static enum field FastDateParserTest.Expected1806.three within an initializer
[ERROR] Pb(762) Cannot refer to the static enum field FastDateParserTest.Expected1806.offset within an initializer
[ERROR] Pb(81) The blank final field zone may not have been initialized
[ERROR] Pb(81) The blank final field one may not have been initialized
[ERROR] Pb(81) The blank final field two may not have been initialized
[ERROR] Pb(81) The blank final field three may not have been initialized
[ERROR] Pb(81) The blank final field offset may not have been initialized
[ERROR] Error(s) during compilation:
[ERROR] Pb(762) Cannot refer to the static enum field FastDateParserTest.Expected1806.zone within an initializer
[ERROR] Pb(762) Cannot refer to the static enum field FastDateParserTest.Expected1806.one within an initializer
[ERROR] Pb(762) Cannot refer to the static enum field FastDateParserTest.Expected1806.two within an initializer
[ERROR] Pb(762) Cannot refer to the static enum field FastDateParserTest.Expected1806.three within an initializer
[ERROR] Pb(762) Cannot refer to the static enum field FastDateParserTest.Expected1806.offset within an initializer
[ERROR] Pb(81) The blank final field zone may not have been initialized
[ERROR] Pb(81) The blank final field one may not have been initialized
[ERROR] Pb(81) The blank final field two may not have been initialized
[ERROR] Pb(81) The blank final field three may not have been initialized
[ERROR] Pb(81) The blank final field offset may not have been initialized
[ERROR] Error(s) during compilation:
[ERROR] Pb(762) Cannot refer to the static enum field FastDateParserTest.Expected1806.zone within an initializer
[ERROR] Pb(762) Cannot refer to the static enum field FastDateParserTest.Expected1806.one within an initializer
[ERROR] Pb(762) Cannot refer to the static enum field FastDateParserTest.Expected1806.two within an initializer
[ERROR] Pb(762) Cannot refer to the static enum field FastDateParserTest.Expected1806.three within an initializer
[ERROR] Pb(762) Cannot refer to the static enum field FastDateParserTest.Expected1806.offset within an initializer
[ERROR] Pb(81) The blank final field zone may not have been initialized
[ERROR] Pb(81) The blank final field one may not have been initialized
[ERROR] Pb(81) The blank final field two may not have been initialized
[ERROR] Pb(81) The blank final field three may not have been initialized
[ERROR] Pb(81) The blank final field offset may not have been initialized
[ERROR] Error(s) during compilation:
[ERROR] Pb(762) Cannot refer to the static enum field FastDateParserTest.Expected1806.zone within an initializer
[ERROR] Pb(762) Cannot refer to the static enum field FastDateParserTest.Expected1806.one within an initializer
[ERROR] Pb(762) Cannot refer to the static enum field FastDateParserTest.Expected1806.two within an initializer
[ERROR] Pb(762) Cannot refer to the static enum field FastDateParserTest.Expected1806.three within an initializer
[ERROR] Pb(762) Cannot refer to the static enum field FastDateParserTest.Expected1806.offset within an initializer
[ERROR] Pb(81) The blank final field zone may not have been initialized
[ERROR] Pb(81) The blank final field one may not have been initialized
[ERROR] Pb(81) The blank final field two may not have been initialized
[ERROR] Pb(81) The blank final field three may not have been initialized
[ERROR] Pb(81) The blank final field offset may not have been initialized
[WARNING] Trying three time to compile with no success. Give up.
[INFO] Run: java -classpath /tmp/icst-2019/september-2018/dataset/commons-lang_parent/target/test-classes:/tmp/icst-2019/september-2018/dataset/commons-lang_parent/target/classes/:/home/spirals/danglot/.m2/repository/junit/junit/4.12/junit-4.12.jar:/home/spirals/danglot/.m2/repository/org/hamcrest/hamcrest-core/1.3/hamcrest-core-1.3.jar:/home/spirals/danglot/.m2/repository/org/hamcrest/hamcrest-all/1.3/hamcrest-all-1.3.jar:/home/spirals/danglot/.m2/repository/org/easymock/easymock/3.5.1/easymock-3.5.1.jar:/home/spirals/danglot/.m2/repository/org/objenesis/objenesis/2.6/objenesis-2.6.jar:/home/spirals/danglot/.m2/repository/org/openjdk/jmh/jmh-core/1.19/jmh-core-1.19.jar:/home/spirals/danglot/.m2/repository/net/sf/jopt-simple/jopt-simple/4.6/jopt-simple-4.6.jar:/home/spirals/danglot/.m2/repository/org/apache/commons/commons-math3/3.2/commons-math3-3.2.jar:/home/spirals/danglot/.m2/repository/org/openjdk/jmh/jmh-generator-annprocess/1.19/jmh-generator-annprocess-1.19.jar:/tmp/icst-2019/september-2018/dataset/commons-lang_parent/target/dspot/dependencies/:/home/spirals/danglot/.m2/repository/eu/stamp-project/test-runner/1.1.0/test-runner-1.1.0-jar-with-dependencies.jar eu.stamp_project.testrunner.runner.test.TestRunner org.apache.commons.lang3.time.FastDateParserTest testParseLongShort_withlog0:testParses_withlog0:testParseZone_withlog0:testAmPm_withlog0:testLang996_withlog0:testLocales_ShortNoEra_BC_withlog0:testLocales_ShortNoEra_AD_withlog0:testLocaleMatches_withlog0:testLocales_Short_BC_withlog0:testLocales_LongNoEra_AD_withlog0:testLocales_Short_AD_withlog0:testLocales_LongNoEra_BC_withlog0:testLocales_Long_AD_withlog0:testLocales_Long_BC_withlog0:testTzParses_withlog0:testParseLongShort_withlog0:testParses_withlog0:testParseZone_withlog0:testAmPm_withlog0:testLang996_withlog0:testLocales_ShortNoEra_BC_withlog0:testLocales_ShortNoEra_AD_withlog0:testLocales_LongNoEra_AD_withlog0:testLocales_Short_BC_withlog0:testLocales_Short_AD_withlog0:testLocales_LongNoEra_BC_withlog0:testLocales_Long_AD_withlog0:testLocales_Long_BC_withlog0:testTzParses_withlog0:testParseLongShort_withlog1:testParses_withlog1:testParseZone_withlog1:testAmPm_withlog1:testLang996_withlog1:testLocales_ShortNoEra_BC_withlog1:testLocales_ShortNoEra_AD_withlog1:testLocaleMatches_withlog1:testLocales_Short_BC_withlog1:testLocales_LongNoEra_AD_withlog1:testLocales_Short_AD_withlog1:testLocales_LongNoEra_BC_withlog1:testLocales_Long_AD_withlog1:testLocales_Long_BC_withlog1:testTzParses_withlog1:testParseLongShort_withlog1:testParses_withlog1:testParseZone_withlog1:testAmPm_withlog1:testLang996_withlog1:testLocales_ShortNoEra_BC_withlog1:testLocales_ShortNoEra_AD_withlog1:testLocales_LongNoEra_AD_withlog1:testLocales_Short_BC_withlog1:testLocales_Short_AD_withlog1:testLocales_LongNoEra_BC_withlog1:testLocales_Long_AD_withlog1:testLocales_Long_BC_withlog1:testTzParses_withlog1:testParseLongShort_withlog2:testParses_withlog2:testParseZone_withlog2:testAmPm_withlog2:testLang996_withlog2:testLocales_ShortNoEra_BC_withlog2:testLocales_ShortNoEra_AD_withlog2:testLocaleMatches_withlog2:testLocales_Short_BC_withlog2:testLocales_LongNoEra_AD_withlog2:testLocales_Short_AD_withlog2:testLocales_LongNoEra_BC_withlog2:testLocales_Long_AD_withlog2:testLocales_Long_BC_withlog2:testTzParses_withlog2:testParseLongShort_withlog2:testParses_withlog2:testParseZone_withlog2:testAmPm_withlog2:testLang996_withlog2:testLocales_ShortNoEra_BC_withlog2:testLocales_ShortNoEra_AD_withlog2:testLocales_LongNoEra_AD_withlog2:testLocales_Short_BC_withlog2:testLocales_Short_AD_withlog2:testLocales_LongNoEra_BC_withlog2:testLocales_Long_AD_withlog2:testLocales_Long_BC_withlog2:testTzParses_withlog2
File saved to the following path: /tmp/icst-2019/september-2018/dataset/commons-lang_parent/target/dspot/observations.ser
File saved to the following path: /tmp/icst-2019/september-2018/dataset/commons-lang_parent/target/dspot/TestListener.ser
Loading /tmp/icst-2019/september-2018/dataset/commons-lang_parent/target/dspot/TestListener.ser
[INFO] Test has been run: testLocales_LongNoEra_BC_withlog0,testLocales_LongNoEra_BC_withlog1,testLocales_LongNoEra_BC_withlog2,testLocales_Long_AD_withlog0,testLocales_Long_AD_withlog1,testLocales_Long_AD_withlog2,testParseLongShort_withlog0,testParseLongShort_withlog1,testParseLongShort_withlog2,testLocales_Short_BC_withlog0,testLocales_Short_BC_withlog1,testLocales_Short_BC_withlog2,testLocales_LongNoEra_AD_withlog0,testLocales_LongNoEra_AD_withlog1,testLocales_LongNoEra_AD_withlog2,testLocales_ShortNoEra_BC_withlog0,testLocales_ShortNoEra_BC_withlog1,testLocales_ShortNoEra_BC_withlog2,testLang996_withlog0,testLang996_withlog1,testLang996_withlog2,testLocales_Long_BC_withlog0,testLocales_Long_BC_withlog1,testLocales_Long_BC_withlog2,testLocales_Short_AD_withlog0,testLocales_Short_AD_withlog1,testLocales_Short_AD_withlog2,testLocaleMatches_withlog0,testLocaleMatches_withlog1,testLocaleMatches_withlog2,testLocales_ShortNoEra_AD_withlog0,testLocales_ShortNoEra_AD_withlog1,testLocales_ShortNoEra_AD_withlog2,testParseZone_withlog0,testParseZone_withlog1,testParseZone_withlog2,testAmPm_withlog0,testAmPm_withlog1,testAmPm_withlog2,testParses_withlog0(org.apache.commons.lang3.time.FastDateParserTest): test timed out after 10000 milliseconds,testParses_withlog1(org.apache.commons.lang3.time.FastDateParserTest): test timed out after 10000 milliseconds,testParses_withlog2(org.apache.commons.lang3.time.FastDateParserTest): test timed out after 10000 milliseconds,testTzParses_withlog0(org.apache.commons.lang3.time.FastDateParserTest): test timed out after 10000 milliseconds,testTzParses_withlog1(org.apache.commons.lang3.time.FastDateParserTest): test timed out after 10000 milliseconds,testTzParses_withlog2(org.apache.commons.lang3.time.FastDateParserTest): test timed out after 10000 milliseconds
[WARNING] Some instrumented test failed!
[INFO] Generating assertions...
[INFO] 13 new tests with assertions generated
[ERROR] Error(s) during compilation:
[ERROR] Pb(762) Cannot refer to the static enum field FastDateParserTest.Expected1806.zone within an initializer
[ERROR] Pb(762) Cannot refer to the static enum field FastDateParserTest.Expected1806.one within an initializer
[ERROR] Pb(762) Cannot refer to the static enum field FastDateParserTest.Expected1806.two within an initializer
[ERROR] Pb(762) Cannot refer to the static enum field FastDateParserTest.Expected1806.three within an initializer
[ERROR] Pb(762) Cannot refer to the static enum field FastDateParserTest.Expected1806.offset within an initializer
[ERROR] Pb(81) The blank final field zone may not have been initialized
[ERROR] Pb(81) The blank final field one may not have been initialized
[ERROR] Pb(81) The blank final field two may not have been initialized
[ERROR] Pb(81) The blank final field three may not have been initialized
[ERROR] Pb(81) The blank final field offset may not have been initialized
[ERROR] Error(s) during compilation:
[ERROR] Pb(762) Cannot refer to the static enum field FastDateParserTest.Expected1806.zone within an initializer
[ERROR] Pb(762) Cannot refer to the static enum field FastDateParserTest.Expected1806.one within an initializer
[ERROR] Pb(762) Cannot refer to the static enum field FastDateParserTest.Expected1806.two within an initializer
[ERROR] Pb(762) Cannot refer to the static enum field FastDateParserTest.Expected1806.three within an initializer
[ERROR] Pb(762) Cannot refer to the static enum field FastDateParserTest.Expected1806.offset within an initializer
[ERROR] Pb(81) The blank final field zone may not have been initialized
[ERROR] Pb(81) The blank final field one may not have been initialized
[ERROR] Pb(81) The blank final field two may not have been initialized
[ERROR] Pb(81) The blank final field three may not have been initialized
[ERROR] Pb(81) The blank final field offset may not have been initialized
[ERROR] Error(s) during compilation:
[ERROR] Pb(762) Cannot refer to the static enum field FastDateParserTest.Expected1806.zone within an initializer
[ERROR] Pb(762) Cannot refer to the static enum field FastDateParserTest.Expected1806.one within an initializer
[ERROR] Pb(762) Cannot refer to the static enum field FastDateParserTest.Expected1806.two within an initializer
[ERROR] Pb(762) Cannot refer to the static enum field FastDateParserTest.Expected1806.three within an initializer
[ERROR] Pb(762) Cannot refer to the static enum field FastDateParserTest.Expected1806.offset within an initializer
[ERROR] Pb(81) The blank final field zone may not have been initialized
[ERROR] Pb(81) The blank final field one may not have been initialized
[ERROR] Pb(81) The blank final field two may not have been initialized
[ERROR] Pb(81) The blank final field three may not have been initialized
[ERROR] Pb(81) The blank final field offset may not have been initialized
[ERROR] Error(s) during compilation:
[ERROR] Pb(762) Cannot refer to the static enum field FastDateParserTest.Expected1806.zone within an initializer
[ERROR] Pb(762) Cannot refer to the static enum field FastDateParserTest.Expected1806.one within an initializer
[ERROR] Pb(762) Cannot refer to the static enum field FastDateParserTest.Expected1806.two within an initializer
[ERROR] Pb(762) Cannot refer to the static enum field FastDateParserTest.Expected1806.three within an initializer
[ERROR] Pb(762) Cannot refer to the static enum field FastDateParserTest.Expected1806.offset within an initializer
[ERROR] Pb(81) The blank final field zone may not have been initialized
[ERROR] Pb(81) The blank final field one may not have been initialized
[ERROR] Pb(81) The blank final field two may not have been initialized
[ERROR] Pb(81) The blank final field three may not have been initialized
[ERROR] Pb(81) The blank final field offset may not have been initialized
[WARNING] Trying three time to compile with no success. Give up.
[INFO] Run: java -classpath /tmp/icst-2019/september-2018/dataset/commons-lang_parent/target/test-classes:/tmp/icst-2019/september-2018/dataset/commons-lang_parent/target/classes/:/home/spirals/danglot/.m2/repository/junit/junit/4.12/junit-4.12.jar:/home/spirals/danglot/.m2/repository/org/hamcrest/hamcrest-core/1.3/hamcrest-core-1.3.jar:/home/spirals/danglot/.m2/repository/org/hamcrest/hamcrest-all/1.3/hamcrest-all-1.3.jar:/home/spirals/danglot/.m2/repository/org/easymock/easymock/3.5.1/easymock-3.5.1.jar:/home/spirals/danglot/.m2/repository/org/objenesis/objenesis/2.6/objenesis-2.6.jar:/home/spirals/danglot/.m2/repository/org/openjdk/jmh/jmh-core/1.19/jmh-core-1.19.jar:/home/spirals/danglot/.m2/repository/net/sf/jopt-simple/jopt-simple/4.6/jopt-simple-4.6.jar:/home/spirals/danglot/.m2/repository/org/apache/commons/commons-math3/3.2/commons-math3-3.2.jar:/home/spirals/danglot/.m2/repository/org/openjdk/jmh/jmh-generator-annprocess/1.19/jmh-generator-annprocess-1.19.jar:/tmp/icst-2019/september-2018/dataset/commons-lang_parent/target/dspot/dependencies/:/home/spirals/danglot/.m2/repository/eu/stamp-project/test-runner/1.1.0/test-runner-1.1.0-jar-with-dependencies.jar eu.stamp_project.testrunner.runner.test.TestRunner org.apache.commons.lang3.time.FastDateParserTest testParseLongShort:testParses:testParseZone:testAmPm:testLang996:testLocaleMatches:testTzParses:testParseLongShort:testParses:testParseZone:testAmPm:testLang996:testTzParses
File saved to the following path: /tmp/icst-2019/september-2018/dataset/commons-lang_parent/target/dspot/TestListener.ser
Loading /tmp/icst-2019/september-2018/dataset/commons-lang_parent/target/dspot/TestListener.ser
[INFO] Test has been run: testLocaleMatches,testParseZone,testAmPm,testLang996,testTzParses,testParseLongShort,testParses(org.apache.commons.lang3.time.FastDateParserTest): null
[INFO] Assertion amplification: 11 test method(s) has been successfully amplified.
[WARN] 2018-09-28 11:01:17 Launcher - You specified the directory /tmp/icst-2019/september-2018/dataset/commons-lang/target/classes in source classpath, please note that only class files will be considered. Jars and subdirectories will be ignored.
[WARN] 2018-09-28 11:01:17 Launcher - You specified the directory /tmp/icst-2019/september-2018/dataset/commons-lang/target/test-classes in source classpath, please note that only class files will be considered. Jars and subdirectories will be ignored.
[WARN] 2018-09-28 11:01:17 Launcher - You specified the directory /tmp/icst-2019/september-2018/dataset/commons-lang/target/dspot/dependencies in source classpath, please note that only class files will be considered. Jars and subdirectories will be ignored.
[WARN] 2018-09-28 11:01:17 Launcher - warning: Cannot refer to the static enum field FastDateParserTest.Expected1806.zone within an initializer at /tmp/icst-2019/september-2018/dataset/commons-lang_parent/target/dspot/tmp_test_sources/org/apache/commons/lang3/time/FastDateParserTest.java:1370
[WARN] 2018-09-28 11:01:17 Launcher - warning: Cannot refer to the static enum field FastDateParserTest.Expected1806.one within an initializer at /tmp/icst-2019/september-2018/dataset/commons-lang_parent/target/dspot/tmp_test_sources/org/apache/commons/lang3/time/FastDateParserTest.java:1371
[WARN] 2018-09-28 11:01:17 Launcher - warning: Cannot refer to the static enum field FastDateParserTest.Expected1806.two within an initializer at /tmp/icst-2019/september-2018/dataset/commons-lang_parent/target/dspot/tmp_test_sources/org/apache/commons/lang3/time/FastDateParserTest.java:1372
[WARN] 2018-09-28 11:01:17 Launcher - warning: Cannot refer to the static enum field FastDateParserTest.Expected1806.three within an initializer at /tmp/icst-2019/september-2018/dataset/commons-lang_parent/target/dspot/tmp_test_sources/org/apache/commons/lang3/time/FastDateParserTest.java:1373
[WARN] 2018-09-28 11:01:17 Launcher - warning: Cannot refer to the static enum field FastDateParserTest.Expected1806.offset within an initializer at /tmp/icst-2019/september-2018/dataset/commons-lang_parent/target/dspot/tmp_test_sources/org/apache/commons/lang3/time/FastDateParserTest.java:1374
[WARN] 2018-09-28 11:01:17 Launcher - warning: The blank final field offset may not have been initialized at /tmp/icst-2019/september-2018/dataset/commons-lang_parent/target/dspot/tmp_test_sources/org/apache/commons/lang3/time/FastDateParserTest.java:1385
[WARN] 2018-09-28 11:01:17 Launcher - warning: The blank final field one may not have been initialized at /tmp/icst-2019/september-2018/dataset/commons-lang_parent/target/dspot/tmp_test_sources/org/apache/commons/lang3/time/FastDateParserTest.java:1379
[WARN] 2018-09-28 11:01:17 Launcher - warning: The blank final field three may not have been initialized at /tmp/icst-2019/september-2018/dataset/commons-lang_parent/target/dspot/tmp_test_sources/org/apache/commons/lang3/time/FastDateParserTest.java:1383
[WARN] 2018-09-28 11:01:17 Launcher - warning: The blank final field two may not have been initialized at /tmp/icst-2019/september-2018/dataset/commons-lang_parent/target/dspot/tmp_test_sources/org/apache/commons/lang3/time/FastDateParserTest.java:1381
[WARN] 2018-09-28 11:01:17 Launcher - warning: The blank final field zone may not have been initialized at /tmp/icst-2019/september-2018/dataset/commons-lang_parent/target/dspot/tmp_test_sources/org/apache/commons/lang3/time/FastDateParserTest.java:1377
[WARN] 2018-09-28 11:01:20 Launcher - warning: Cannot refer to the static enum field FastDateParserTest.Expected1806.zone within an initializer at /tmp/icst-2019/september-2018/dataset/commons-lang_parent/FastDateParserTest.java:1359
[WARN] 2018-09-28 11:01:20 Launcher - warning: Cannot refer to the static enum field FastDateParserTest.Expected1806.one within an initializer at /tmp/icst-2019/september-2018/dataset/commons-lang_parent/FastDateParserTest.java:1360
[WARN] 2018-09-28 11:01:20 Launcher - warning: Cannot refer to the static enum field FastDateParserTest.Expected1806.two within an initializer at /tmp/icst-2019/september-2018/dataset/commons-lang_parent/FastDateParserTest.java:1361
[WARN] 2018-09-28 11:01:20 Launcher - warning: Cannot refer to the static enum field FastDateParserTest.Expected1806.three within an initializer at /tmp/icst-2019/september-2018/dataset/commons-lang_parent/FastDateParserTest.java:1362
[WARN] 2018-09-28 11:01:20 Launcher - warning: Cannot refer to the static enum field FastDateParserTest.Expected1806.offset within an initializer at /tmp/icst-2019/september-2018/dataset/commons-lang_parent/FastDateParserTest.java:1363
[WARN] 2018-09-28 11:01:20 Launcher - warning: The blank final field zone may not have been initialized at /tmp/icst-2019/september-2018/dataset/commons-lang_parent/FastDateParserTest.java:1366
[WARN] 2018-09-28 11:01:20 Launcher - warning: The blank final field one may not have been initialized at /tmp/icst-2019/september-2018/dataset/commons-lang_parent/FastDateParserTest.java:1368
[WARN] 2018-09-28 11:01:20 Launcher - warning: The blank final field two may not have been initialized at /tmp/icst-2019/september-2018/dataset/commons-lang_parent/FastDateParserTest.java:1370
[WARN] 2018-09-28 11:01:20 Launcher - warning: The blank final field three may not have been initialized at /tmp/icst-2019/september-2018/dataset/commons-lang_parent/FastDateParserTest.java:1372
[WARN] 2018-09-28 11:01:20 Launcher - warning: The blank final field offset may not have been initialized at /tmp/icst-2019/september-2018/dataset/commons-lang_parent/FastDateParserTest.java:1374
[INFO] Run: java -classpath /tmp/icst-2019/september-2018/dataset/commons-lang/target/classes/:/tmp/icst-2019/september-2018/dataset/commons-lang/target/test-classes/:/home/spirals/danglot/.m2/repository/junit/junit/4.12/junit-4.12.jar:/home/spirals/danglot/.m2/repository/org/hamcrest/hamcrest-core/1.3/hamcrest-core-1.3.jar:/home/spirals/danglot/.m2/repository/org/hamcrest/hamcrest-all/1.3/hamcrest-all-1.3.jar:/home/spirals/danglot/.m2/repository/org/easymock/easymock/3.5.1/easymock-3.5.1.jar:/home/spirals/danglot/.m2/repository/org/objenesis/objenesis/2.6/objenesis-2.6.jar:/home/spirals/danglot/.m2/repository/org/openjdk/jmh/jmh-core/1.19/jmh-core-1.19.jar:/home/spirals/danglot/.m2/repository/net/sf/jopt-simple/jopt-simple/4.6/jopt-simple-4.6.jar:/home/spirals/danglot/.m2/repository/org/apache/commons/commons-math3/3.2/commons-math3-3.2.jar:/home/spirals/danglot/.m2/repository/org/openjdk/jmh/jmh-generator-annprocess/1.19/jmh-generator-annprocess-1.19.jar:/tmp/icst-2019/september-2018/dataset/commons-lang/target/dspot/dependencies/:/home/spirals/danglot/.m2/repository/eu/stamp-project/test-runner/1.1.0/test-runner-1.1.0-jar-with-dependencies.jar eu.stamp_project.testrunner.runner.test.TestRunner org.apache.commons.lang3.time.FastDateParserTest testParseLongShort:testParseZone:testAmPm:testLang996:testLocaleMatches:testTzParses:testParseLongShort:testParseZone:testAmPm:testLang996:testTzParses
File saved to the following path: /tmp/icst-2019/september-2018/dataset/commons-lang_parent/target/dspot/TestListener.ser
Loading /tmp/icst-2019/september-2018/dataset/commons-lang_parent/target/dspot/TestListener.ser
[INFO] Test has been run: testLocaleMatches,testParseZone,testAmPm,testLang996,testTzParses,testParseLongShort
[INFO] 0 amplified test methods has been selected to be kept. (global: 0)
[INFO] Applying Input-amplification and Assertion-amplification test by test.
[INFO] Amplification of testParseLongShort, (1/31)
[INFO] iteration 0 / 3
[INFO] 1 tests selected to be amplified over 1 available tests
[INFO] Amplification of inputs...
100% |================================================== ]/
[INFO] 113 new tests generated
[INFO] Run tests. (113)
[ERROR] Error(s) during compilation:
[ERROR] Pb(762) Cannot refer to the static enum field FastDateParserTest.Expected1806.zone within an initializer
[ERROR] Pb(762) Cannot refer to the static enum field FastDateParserTest.Expected1806.one within an initializer
[ERROR] Pb(762) Cannot refer to the static enum field FastDateParserTest.Expected1806.two within an initializer
[ERROR] Pb(762) Cannot refer to the static enum field FastDateParserTest.Expected1806.three within an initializer
[ERROR] Pb(762) Cannot refer to the static enum field FastDateParserTest.Expected1806.offset within an initializer
[ERROR] Pb(81) The blank final field zone may not have been initialized
[ERROR] Pb(81) The blank final field one may not have been initialized
[ERROR] Pb(81) The blank final field two may not have been initialized
[ERROR] Pb(81) The blank final field three may not have been initialized
[ERROR] Pb(81) The blank final field offset may not have been initialized
[ERROR] Error(s) during compilation:
[ERROR] Pb(762) Cannot refer to the static enum field FastDateParserTest.Expected1806.zone within an initializer
[ERROR] Pb(762) Cannot refer to the static enum field FastDateParserTest.Expected1806.one within an initializer
[ERROR] Pb(762) Cannot refer to the static enum field FastDateParserTest.Expected1806.two within an initializer
[ERROR] Pb(762) Cannot refer to the static enum field FastDateParserTest.Expected1806.three within an initializer
[ERROR] Pb(762) Cannot refer to the static enum field FastDateParserTest.Expected1806.offset within an initializer
[ERROR] Pb(81) The blank final field zone may not have been initialized
[ERROR] Pb(81) The blank final field one may not have been initialized
[ERROR] Pb(81) The blank final field two may not have been initialized
[ERROR] Pb(81) The blank final field three may not have been initialized
[ERROR] Pb(81) The blank final field offset may not have been initialized
[ERROR] Error(s) during compilation:
[ERROR] Pb(762) Cannot refer to the static enum field FastDateParserTest.Expected1806.zone within an initializer
[ERROR] Pb(762) Cannot refer to the static enum field FastDateParserTest.Expected1806.one within an initializer
[ERROR] Pb(762) Cannot refer to the static enum field FastDateParserTest.Expected1806.two within an initializer
[ERROR] Pb(762) Cannot refer to the static enum field FastDateParserTest.Expected1806.three within an initializer
[ERROR] Pb(762) Cannot refer to the static enum field FastDateParserTest.Expected1806.offset within an initializer
[ERROR] Pb(81) The blank final field zone may not have been initialized
[ERROR] Pb(81) The blank final field one may not have been initialized
[ERROR] Pb(81) The blank final field two may not have been initialized
[ERROR] Pb(81) The blank final field three may not have been initialized
[ERROR] Pb(81) The blank final field offset may not have been initialized
[ERROR] Error(s) during compilation:
[ERROR] Pb(762) Cannot refer to the static enum field FastDateParserTest.Expected1806.zone within an initializer
[ERROR] Pb(762) Cannot refer to the static enum field FastDateParserTest.Expected1806.one within an initializer
[ERROR] Pb(762) Cannot refer to the static enum field FastDateParserTest.Expected1806.two within an initializer
[ERROR] Pb(762) Cannot refer to the static enum field FastDateParserTest.Expected1806.three within an initializer
[ERROR] Pb(762) Cannot refer to the static enum field FastDateParserTest.Expected1806.offset within an initializer
[ERROR] Pb(81) The blank final field zone may not have been initialized
[ERROR] Pb(81) The blank final field one may not have been initialized
[ERROR] Pb(81) The blank final field two may not have been initialized
[ERROR] Pb(81) The blank final field three may not have been initialized
[ERROR] Pb(81) The blank final field offset may not have been initialized
[WARNING] Trying three time to compile with no success. Give up.
[INFO] Run: java -classpath /tmp/icst-2019/september-2018/dataset/commons-lang_parent/target/test-classes:/tmp/icst-2019/september-2018/dataset/commons-lang_parent/target/classes/:/home/spirals/danglot/.m2/repository/junit/junit/4.12/junit-4.12.jar:/home/spirals/danglot/.m2/repository/org/hamcrest/hamcrest-core/1.3/hamcrest-core-1.3.jar:/home/spirals/danglot/.m2/repository/org/hamcrest/hamcrest-all/1.3/hamcrest-all-1.3.jar:/home/spirals/danglot/.m2/repository/org/easymock/easymock/3.5.1/easymock-3.5.1.jar:/home/spirals/danglot/.m2/repository/org/objenesis/objenesis/2.6/objenesis-2.6.jar:/home/spirals/danglot/.m2/repository/org/openjdk/jmh/jmh-core/1.19/jmh-core-1.19.jar:/home/spirals/danglot/.m2/repository/net/sf/jopt-simple/jopt-simple/4.6/jopt-simple-4.6.jar:/home/spirals/danglot/.m2/repository/org/apache/commons/commons-math3/3.2/commons-math3-3.2.jar:/home/spirals/danglot/.m2/repository/org/openjdk/jmh/jmh-generator-annprocess/1.19/jmh-generator-annprocess-1.19.jar:/tmp/icst-2019/september-2018/dataset/commons-lang_parent/target/dspot/dependencies/:/home/spirals/danglot/.m2/repository/eu/stamp-project/test-runner/1.1.0/test-runner-1.1.0-jar-with-dependencies.jar eu.stamp_project.testrunner.runner.test.TestRunner org.apache.commons.lang3.time.FastDateParserTest testParseLongShortlitString1:testParseLongShortlitString2:testParseLongShortlitString3:testParseLongShortlitString4:testParseLongShortlitString5:testParseLongShortlitString6:testParseLongShortlitString7:testParseLongShortlitString8:testParseLongShortlitString9:testParseLongShortlitString10:testParseLongShortlitString11:testParseLongShortlitString12:testParseLongShortlitString13:testParseLongShortlitString14:testParseLongShortlitString15:testParseLongShortlitString16:testParseLongShortlitString17:testParseLongShortlitString18:testParseLongShortlitString19:testParseLongShortlitString20:testParseLongShortlitString21:testParseLongShortlitString22:testParseLongShortlitString23:testParseLongShortlitString24:testParseLongShortlitString25:testParseLongShortlitString26:testParseLongShortlitString27:testParseLongShortlitString28:testParseLongShortlitString29:testParseLongShortlitString30:testParseLongShortlitString31:testParseLongShortlitString32:testParseLongShortlitString33:testParseLongShortlitString34:testParseLongShortlitString35:testParseLongShortlitString36:testParseLongShortlitString37:testParseLongShortlitString38:testParseLongShortlitString39:testParseLongShortlitString40:testParseLongShortlitString41:testParseLongShortlitString42:testParseLongShortlitString43:testParseLongShortlitString44:testParseLongShortlitString45:testParseLongShortlitString46:testParseLongShortlitString47:testParseLongShortlitString48:testParseLongShortlitNum49:testParseLongShortlitNum50:testParseLongShortlitNum51:testParseLongShortlitNum52:testParseLongShortlitNum53:testParseLongShortlitNum54:testParseLongShortlitNum55:testParseLongShortlitNum56:testParseLongShortlitNum57:testParseLongShortlitNum58:testParseLongShortlitNum59:testParseLongShortlitNum60:testParseLongShortlitNum61:testParseLongShortlitNum62:testParseLongShortlitNum63:testParseLongShortlitNum64:testParseLongShortlitNum65:testParseLongShortlitNum66:testParseLongShortlitNum67:testParseLongShortlitNum68:testParseLongShortlitNum69:testParseLongShortlitNum70:testParseLongShortlitNum71:testParseLongShortlitNum72:testParseLongShortlitNum73:testParseLongShortlitNum74:testParseLongShortlitNum75:testParseLongShortlitNum76:testParseLongShortlitNum77:testParseLongShortlitNum78:testParseLongShortlitNum79:testParseLongShortlitNum80:testParseLongShortlitNum81:testParseLongShortlitNum82:testParseLongShortlitNum83:testParseLongShortlitNum84:testParseLongShort_add85:testParseLongShort_add86:testParseLongShort_add87:testParseLongShort_add88:testParseLongShort_add89:testParseLongShort_add90:testParseLongShort_add91:testParseLongShort_add92:testParseLongShort_add93:testParseLongShort_add94:testParseLongShort_add95:testParseLongShort_add96:testParseLongShort_add97:testParseLongShort_add98:testParseLongShort_add99:testParseLongShort_add100:testParseLongShort_add101:testParseLongShort_remove102:testParseLongShort_remove103:testParseLongShort_remove104:testParseLongShort_remove105:testParseLongShort_remove106:testParseLongShort_remove107:testParseLongShortnull108:testParseLongShortnull109:testParseLongShortnull110:testParseLongShortnull111:testParseLongShortnull112:testParseLongShortnull113
File saved to the following path: /tmp/icst-2019/september-2018/dataset/commons-lang_parent/target/dspot/TestListener.ser
Loading /tmp/icst-2019/september-2018/dataset/commons-lang_parent/target/dspot/TestListener.ser
[INFO] Test has been run: testParseLongShort_add85,testParseLongShort_add86,testParseLongShort_add87,testParseLongShort_add88,testParseLongShort_add89,testParseLongShort_add90,testParseLongShort_add91,testParseLongShort_add92,testParseLongShort_add93,testParseLongShort_add94,testParseLongShort_add95,testParseLongShort_add96,testParseLongShort_add97,testParseLongShort_add98,testParseLongShort_add99,testParseLongShortlitString4,testParseLongShortlitString6,testParseLongShort_remove102,testParseLongShort_remove103,testParseLongShort_remove104,testParseLongShort_remove105,testParseLongShort_remove106,testParseLongShort_remove107,testParseLongShortlitNum49,testParseLongShortlitNum50,testParseLongShortlitNum51,testParseLongShortlitNum52,testParseLongShortlitNum53,testParseLongShortlitNum54,testParseLongShortlitNum55,testParseLongShortlitNum56,testParseLongShortlitNum57,testParseLongShortlitNum58,testParseLongShortlitNum59,testParseLongShortlitNum60,testParseLongShortlitNum61,testParseLongShortlitNum62,testParseLongShortlitNum63,testParseLongShortlitNum64,testParseLongShortlitNum65,testParseLongShortlitNum66,testParseLongShortlitNum67,testParseLongShortlitNum68,testParseLongShortlitNum69,testParseLongShortlitNum70,testParseLongShortlitNum71,testParseLongShortlitNum72,testParseLongShortlitNum73,testParseLongShortlitNum74,testParseLongShortlitNum75,testParseLongShortlitNum76,testParseLongShortlitNum77,testParseLongShortlitNum78,testParseLongShortlitNum79,testParseLongShortlitNum80,testParseLongShortlitNum81,testParseLongShortlitNum82,testParseLongShortlitNum83,testParseLongShortlitNum84,testParseLongShort_add100,testParseLongShort_add101,testParseLongShortlitString11,testParseLongShortlitString12,testParseLongShortlitString20,testParseLongShortlitString28,testParseLongShortlitString30,testParseLongShortlitString35,testParseLongShortlitString1(org.apache.commons.lang3.time.FastDateParserTest): Format 'x' not supported,testParseLongShortlitString2(org.apache.commons.lang3.time.FastDateParserTest): Unparseable date: 2003 AD February 0010 PM Monday 0015 0033 0020 0989 GMT-05:00,testParseLongShortlitString3(org.apache.commons.lang3.time.FastDateParserTest): Unparseable date: 2003 AD February 0010 PM Monday 0015 0033 0020 0989 GMT-05:00,testParseLongShortlitString5(org.apache.commons.lang3.time.FastDateParserTest): Format 'c' not supported,testParseLongShortlitString7(org.apache.commons.lang3.time.FastDateParserTest): Unparseable date: 2003 AD February 0010 PM Monday 0015 0033 0020 0989 GMT-05:00,testParseLongShortlitString8(org.apache.commons.lang3.time.FastDateParserTest): Unparseable date: 2003 AD February 0010 PM Monday 0015 0033 0020 0989 GMT-05:00,testParseLongShortlitString9(org.apache.commons.lang3.time.FastDateParserTest): Unparseable date: XXX,testParseLongShortlitString10(org.apache.commons.lang3.time.FastDateParserTest): Unparseable date: 2003 AD February 00g0 PM Monday 0015 0033 0020 0989 GMT-05:00,testParseLongShortlitString13(org.apache.commons.lang3.time.FastDateParserTest): Unparseable date: =TU&zgYc TM1`_8;0L`A=SO/woO!OKS@Rl&{ha!&Bcvg[?i!rb0/|]6^FT)-e,testParseLongShortlitString14(org.apache.commons.lang3.time.FastDateParserTest): Unparseable date: ,testParseLongShortlitString15(org.apache.commons.lang3.time.FastDateParserTest): Unparseable date: 
,testParseLongShortlitString16(org.apache.commons.lang3.time.FastDateParserTest): Unparseable date: :,testParseLongShortlitString17(org.apache.commons.lang3.time.FastDateParserTest): Unparseable date: 2003-02-10T09:00:00.000 -0300,testParseLongShortlitString18(org.apache.commons.lang3.time.FastDateParserTest): Unparseable date: 2003 BC February 0010 PM Saturday 0015 0033 0020 09b9 GMT-05:00,testParseLongShortlitString19(org.apache.commons.lang3.time.FastDateParserTest): Unparseable date: 2003 BC F*ebruary 0010 PM Saturday 0015 0033 0020 0989 GMT-05:00,testParseLongShortlitString21(org.apache.commons.lang3.time.FastDateParserTest): Unparseable date: 01yCi*OdwpauR%h1,xavU[1Rvnj|}8wu]&8(Dgh`l V!3a(!.#b{[Iz>YSe|%xH,testParseLongShortlitString22(org.apache.commons.lang3.time.FastDateParserTest): Unparseable date: ,testParseLongShortlitString23(org.apache.commons.lang3.time.FastDateParserTest): Unparseable date: 
,testParseLongShortlitString24(org.apache.commons.lang3.time.FastDateParserTest): Unparseable date: :,testParseLongShortlitString25(org.apache.commons.lang3.time.FastDateParserTest): Format 'B' not supported,testParseLongShortlitString26(org.apache.commons.lang3.time.FastDateParserTest): Unparseable date: 03 BC 2 10 PM Sat 15 33 20 989 -0500,testParseLongShortlitString27(org.apache.commons.lang3.time.FastDateParserTest): Unparseable date: 03 BC 2 10 PM Sat 15 33 20 989 -0500,testParseLongShortlitString29(org.apache.commons.lang3.time.FastDateParserTest): Format 'o' not supported,testParseLongShortlitString31(org.apache.commons.lang3.time.FastDateParserTest): Unparseable date: 03 BC 2 10 PM Sat 15 33 20 989 -0500,testParseLongShortlitString32(org.apache.commons.lang3.time.FastDateParserTest): Unparseable date: 03 BC 2 10 PM Sat 15 33 20 989 -0500,testParseLongShortlitString33(org.apache.commons.lang3.time.FastDateParserTest): Unparseable date: 2001-02-04T12:08:56.235,testParseLongShortlitString34(org.apache.commons.lang3.time.FastDateParserTest): Unparseable date: 03 BC 2 10 PM Sat 15 33 20 989(-0500,testParseLongShortlitString36(org.apache.commons.lang3.time.FastDateParserTest): Unparseable date: 03 BC 2 10 PM Sat 15 3320 989 -0500,testParseLongShortlitString37(org.apache.commons.lang3.time.FastDateParserTest): Unparseable date: p[$XdYQ7-#sa<}t>?]?7gchsEp#5_w)+KtmI,testParseLongShortlitString38(org.apache.commons.lang3.time.FastDateParserTest): Unparseable date: ,testParseLongShortlitString39(org.apache.commons.lang3.time.FastDateParserTest): Unparseable date: 
,testParseLongShortlitString40(org.apache.commons.lang3.time.FastDateParserTest): Unparseable date: :,testParseLongShortlitString41(org.apache.commons.lang3.time.FastDateParserTest): Unparseable date: 2010-08-01 03:33:20,testParseLongShortlitString42(org.apache.commons.lang3.time.FastDateParserTest): Unparseable date: 03 AD 2 1* PM Saturday 15 33 20 989 -0500,testParseLongShortlitString43(org.apache.commons.lang3.time.FastDateParserTest): Unparseable date: 03 AD 2 10 PM Saturdlay 15 33 20 989 -0500,testParseLongShortlitString44(org.apache.commons.lang3.time.FastDateParserTest): Unparseable date: 03 AD 2 10 PM Saturday 15 33 20989 -0500,testParseLongShortlitString45(org.apache.commons.lang3.time.FastDateParserTest): Unparseable date: C*+{5@T5!^MYU(dM7KJ&><6ycw,-c^.vZ(8(U^r,J,testParseLongShortlitString46(org.apache.commons.lang3.time.FastDateParserTest): Unparseable date: ,testParseLongShortlitString47(org.apache.commons.lang3.time.FastDateParserTest): Unparseable date: 
,testParseLongShortlitString48(org.apache.commons.lang3.time.FastDateParserTest): Unparseable date: :,testParseLongShortnull108(org.apache.commons.lang3.time.FastDateParserTest): null,testParseLongShortnull109(org.apache.commons.lang3.time.FastDateParserTest): null,testParseLongShortnull110(org.apache.commons.lang3.time.FastDateParserTest): null,testParseLongShortnull111(org.apache.commons.lang3.time.FastDateParserTest): null,testParseLongShortnull112(org.apache.commons.lang3.time.FastDateParserTest): null,testParseLongShortnull113(org.apache.commons.lang3.time.FastDateParserTest): null
[INFO] 67 test pass, generating assertion...
[INFO] Add observations points in passing tests.
[INFO] Instrumentation...
  1% | ]/  2% |= ]-  4% |== ]\  5% |== ]|  7% |=== ]/  8% |==== ]- 10% |===== ]\ 11% |===== ]| 13% |====== ]/ 14% |======= ]- 16% |======== ]\ 17% |======== ]| 19% |========= ]/ 20% |========== ]- 22% |=========== ]\ 23% |=========== ]| 25% |============ ]/ 26% |============= ]- 28% |============== ]\ 29% |============== ]| 31% |=============== ]/ 32% |================ ]- 34% |================= ]\ 35% |================= ]| 37% |================== ]/ 38% |=================== ]- 40% |==================== ]\ 41% |==================== ]| 43% |===================== ]/ 44% |====================== ]- 46% |======================= ]\ 47% |======================= ]| 49% |======================== ]/ 50% |========================= ]- 52% |========================== ]\ 53% |========================== ]| 55% |=========================== ]/ 56% |============================ ]- 58% |============================= ]\ 59% |============================= ]| 61% |============================== ]/ 62% |=============================== ]- 64% |================================ ]\ 65% |================================ ]| 67% |================================= ]/ 68% |================================== ]- 70% |=================================== ]\ 71% |=================================== ]| 73% |==================================== ]/ 74% |===================================== ]- 76% |====================================== ]\ 77% |====================================== ]| 79% |======================================= ]/ 80% |======================================== ]- 82% |========================================= ]\ 83% |========================================= ]| 85% |========================================== ]/ 86% |=========================================== ]- 88% |============================================ ]\ 89% |============================================ ]| 91% |============================================= ]/ 92% |============================================== ]- 94% |=============================================== ]\ 95% |=============================================== ]| 97% |================================================ ]/ 98% |================================================= ]-100% |================================================== ]\
[INFO] Run instrumented tests. (201)
[ERROR] Error(s) during compilation:
[ERROR] Pb(762) Cannot refer to the static enum field FastDateParserTest.Expected1806.zone within an initializer
[ERROR] Pb(762) Cannot refer to the static enum field FastDateParserTest.Expected1806.one within an initializer
[ERROR] Pb(762) Cannot refer to the static enum field FastDateParserTest.Expected1806.two within an initializer
[ERROR] Pb(762) Cannot refer to the static enum field FastDateParserTest.Expected1806.three within an initializer
[ERROR] Pb(762) Cannot refer to the static enum field FastDateParserTest.Expected1806.offset within an initializer
[ERROR] Pb(81) The blank final field zone may not have been initialized
[ERROR] Pb(81) The blank final field one may not have been initialized
[ERROR] Pb(81) The blank final field two may not have been initialized
[ERROR] Pb(81) The blank final field three may not have been initialized
[ERROR] Pb(81) The blank final field offset may not have been initialized
[ERROR] Error(s) during compilation:
[ERROR] Pb(762) Cannot refer to the static enum field FastDateParserTest.Expected1806.zone within an initializer
[ERROR] Pb(762) Cannot refer to the static enum field FastDateParserTest.Expected1806.one within an initializer
[ERROR] Pb(762) Cannot refer to the static enum field FastDateParserTest.Expected1806.two within an initializer
[ERROR] Pb(762) Cannot refer to the static enum field FastDateParserTest.Expected1806.three within an initializer
[ERROR] Pb(762) Cannot refer to the static enum field FastDateParserTest.Expected1806.offset within an initializer
[ERROR] Pb(81) The blank final field zone may not have been initialized
[ERROR] Pb(81) The blank final field one may not have been initialized
[ERROR] Pb(81) The blank final field two may not have been initialized
[ERROR] Pb(81) The blank final field three may not have been initialized
[ERROR] Pb(81) The blank final field offset may not have been initialized
[ERROR] Error(s) during compilation:
[ERROR] Pb(762) Cannot refer to the static enum field FastDateParserTest.Expected1806.zone within an initializer
[ERROR] Pb(762) Cannot refer to the static enum field FastDateParserTest.Expected1806.one within an initializer
[ERROR] Pb(762) Cannot refer to the static enum field FastDateParserTest.Expected1806.two within an initializer
[ERROR] Pb(762) Cannot refer to the static enum field FastDateParserTest.Expected1806.three within an initializer
[ERROR] Pb(762) Cannot refer to the static enum field FastDateParserTest.Expected1806.offset within an initializer
[ERROR] Pb(81) The blank final field zone may not have been initialized
[ERROR] Pb(81) The blank final field one may not have been initialized
[ERROR] Pb(81) The blank final field two may not have been initialized
[ERROR] Pb(81) The blank final field three may not have been initialized
[ERROR] Pb(81) The blank final field offset may not have been initialized
[ERROR] Error(s) during compilation:
[ERROR] Pb(762) Cannot refer to the static enum field FastDateParserTest.Expected1806.zone within an initializer
[ERROR] Pb(762) Cannot refer to the static enum field FastDateParserTest.Expected1806.one within an initializer
[ERROR] Pb(762) Cannot refer to the static enum field FastDateParserTest.Expected1806.two within an initializer
[ERROR] Pb(762) Cannot refer to the static enum field FastDateParserTest.Expected1806.three within an initializer
[ERROR] Pb(762) Cannot refer to the static enum field FastDateParserTest.Expected1806.offset within an initializer
[ERROR] Pb(81) The blank final field zone may not have been initialized
[ERROR] Pb(81) The blank final field one may not have been initialized
[ERROR] Pb(81) The blank final field two may not have been initialized
[ERROR] Pb(81) The blank final field three may not have been initialized
[ERROR] Pb(81) The blank final field offset may not have been initialized
[WARNING] Trying three time to compile with no success. Give up.
[INFO] Run: java -classpath /tmp/icst-2019/september-2018/dataset/commons-lang_parent/target/test-classes:/tmp/icst-2019/september-2018/dataset/commons-lang_parent/target/classes/:/home/spirals/danglot/.m2/repository/junit/junit/4.12/junit-4.12.jar:/home/spirals/danglot/.m2/repository/org/hamcrest/hamcrest-core/1.3/hamcrest-core-1.3.jar:/home/spirals/danglot/.m2/repository/org/hamcrest/hamcrest-all/1.3/hamcrest-all-1.3.jar:/home/spirals/danglot/.m2/repository/org/easymock/easymock/3.5.1/easymock-3.5.1.jar:/home/spirals/danglot/.m2/repository/org/objenesis/objenesis/2.6/objenesis-2.6.jar:/home/spirals/danglot/.m2/repository/org/openjdk/jmh/jmh-core/1.19/jmh-core-1.19.jar:/home/spirals/danglot/.m2/repository/net/sf/jopt-simple/jopt-simple/4.6/jopt-simple-4.6.jar:/home/spirals/danglot/.m2/repository/org/apache/commons/commons-math3/3.2/commons-math3-3.2.jar:/home/spirals/danglot/.m2/repository/org/openjdk/jmh/jmh-generator-annprocess/1.19/jmh-generator-annprocess-1.19.jar:/tmp/icst-2019/september-2018/dataset/commons-lang_parent/target/dspot/dependencies/:/home/spirals/danglot/.m2/repository/eu/stamp-project/test-runner/1.1.0/test-runner-1.1.0-jar-with-dependencies.jar eu.stamp_project.testrunner.runner.test.TestRunner org.apache.commons.lang3.time.FastDateParserTest testParseLongShortlitString4_withlog0:testParseLongShortlitString6_withlog0:testParseLongShortlitString11_withlog0:testParseLongShortlitString12_withlog0:testParseLongShortlitString20_withlog0:testParseLongShortlitString28_withlog0:testParseLongShortlitString30_withlog0:testParseLongShortlitString35_withlog0:testParseLongShortlitNum49_withlog0:testParseLongShortlitNum50_withlog0:testParseLongShortlitNum51_withlog0:testParseLongShortlitNum52_withlog0:testParseLongShortlitNum53_withlog0:testParseLongShortlitNum54_withlog0:testParseLongShortlitNum55_withlog0:testParseLongShortlitNum56_withlog0:testParseLongShortlitNum57_withlog0:testParseLongShortlitNum58_withlog0:testParseLongShortlitNum59_withlog0:testParseLongShortlitNum60_withlog0:testParseLongShortlitNum61_withlog0:testParseLongShortlitNum62_withlog0:testParseLongShortlitNum63_withlog0:testParseLongShortlitNum64_withlog0:testParseLongShortlitNum65_withlog0:testParseLongShortlitNum66_withlog0:testParseLongShortlitNum67_withlog0:testParseLongShortlitNum68_withlog0:testParseLongShortlitNum69_withlog0:testParseLongShortlitNum70_withlog0:testParseLongShortlitNum71_withlog0:testParseLongShortlitNum72_withlog0:testParseLongShortlitNum73_withlog0:testParseLongShortlitNum74_withlog0:testParseLongShortlitNum75_withlog0:testParseLongShortlitNum76_withlog0:testParseLongShortlitNum77_withlog0:testParseLongShortlitNum78_withlog0:testParseLongShortlitNum79_withlog0:testParseLongShortlitNum80_withlog0:testParseLongShortlitNum81_withlog0:testParseLongShortlitNum82_withlog0:testParseLongShortlitNum83_withlog0:testParseLongShortlitNum84_withlog0:testParseLongShort_add85_withlog0:testParseLongShort_add86_withlog0:testParseLongShort_add87_withlog0:testParseLongShort_add88_withlog0:testParseLongShort_add89_withlog0:testParseLongShort_add90_withlog0:testParseLongShort_add91_withlog0:testParseLongShort_add92_withlog0:testParseLongShort_add93_withlog0:testParseLongShort_add94_withlog0:testParseLongShort_add95_withlog0:testParseLongShort_add96_withlog0:testParseLongShort_add97_withlog0:testParseLongShort_add98_withlog0:testParseLongShort_add99_withlog0:testParseLongShort_add100_withlog0:testParseLongShort_add101_withlog0:testParseLongShort_remove102_withlog0:testParseLongShort_remove103_withlog0:testParseLongShort_remove104_withlog0:testParseLongShort_remove105_withlog0:testParseLongShort_remove106_withlog0:testParseLongShort_remove107_withlog0:testParseLongShortlitString4_withlog1:testParseLongShortlitString6_withlog1:testParseLongShortlitString11_withlog1:testParseLongShortlitString12_withlog1:testParseLongShortlitString20_withlog1:testParseLongShortlitString28_withlog1:testParseLongShortlitString30_withlog1:testParseLongShortlitString35_withlog1:testParseLongShortlitNum49_withlog1:testParseLongShortlitNum50_withlog1:testParseLongShortlitNum51_withlog1:testParseLongShortlitNum52_withlog1:testParseLongShortlitNum53_withlog1:testParseLongShortlitNum54_withlog1:testParseLongShortlitNum55_withlog1:testParseLongShortlitNum56_withlog1:testParseLongShortlitNum57_withlog1:testParseLongShortlitNum58_withlog1:testParseLongShortlitNum59_withlog1:testParseLongShortlitNum60_withlog1:testParseLongShortlitNum61_withlog1:testParseLongShortlitNum62_withlog1:testParseLongShortlitNum63_withlog1:testParseLongShortlitNum64_withlog1:testParseLongShortlitNum65_withlog1:testParseLongShortlitNum66_withlog1:testParseLongShortlitNum67_withlog1:testParseLongShortlitNum68_withlog1:testParseLongShortlitNum69_withlog1:testParseLongShortlitNum70_withlog1:testParseLongShortlitNum71_withlog1:testParseLongShortlitNum72_withlog1:testParseLongShortlitNum73_withlog1:testParseLongShortlitNum74_withlog1:testParseLongShortlitNum75_withlog1:testParseLongShortlitNum76_withlog1:testParseLongShortlitNum77_withlog1:testParseLongShortlitNum78_withlog1:testParseLongShortlitNum79_withlog1:testParseLongShortlitNum80_withlog1:testParseLongShortlitNum81_withlog1:testParseLongShortlitNum82_withlog1:testParseLongShortlitNum83_withlog1:testParseLongShortlitNum84_withlog1:testParseLongShort_add85_withlog1:testParseLongShort_add86_withlog1:testParseLongShort_add87_withlog1:testParseLongShort_add88_withlog1:testParseLongShort_add89_withlog1:testParseLongShort_add90_withlog1:testParseLongShort_add91_withlog1:testParseLongShort_add92_withlog1:testParseLongShort_add93_withlog1:testParseLongShort_add94_withlog1:testParseLongShort_add95_withlog1:testParseLongShort_add96_withlog1:testParseLongShort_add97_withlog1:testParseLongShort_add98_withlog1:testParseLongShort_add99_withlog1:testParseLongShort_add100_withlog1:testParseLongShort_add101_withlog1:testParseLongShort_remove102_withlog1:testParseLongShort_remove103_withlog1:testParseLongShort_remove104_withlog1:testParseLongShort_remove105_withlog1:testParseLongShort_remove106_withlog1:testParseLongShort_remove107_withlog1:testParseLongShortlitString4_withlog2:testParseLongShortlitString6_withlog2:testParseLongShortlitString11_withlog2:testParseLongShortlitString12_withlog2:testParseLongShortlitString20_withlog2:testParseLongShortlitString28_withlog2:testParseLongShortlitString30_withlog2:testParseLongShortlitString35_withlog2:testParseLongShortlitNum49_withlog2:testParseLongShortlitNum50_withlog2:testParseLongShortlitNum51_withlog2:testParseLongShortlitNum52_withlog2:testParseLongShortlitNum53_withlog2:testParseLongShortlitNum54_withlog2:testParseLongShortlitNum55_withlog2:testParseLongShortlitNum56_withlog2:testParseLongShortlitNum57_withlog2:testParseLongShortlitNum58_withlog2:testParseLongShortlitNum59_withlog2:testParseLongShortlitNum60_withlog2:testParseLongShortlitNum61_withlog2:testParseLongShortlitNum62_withlog2:testParseLongShortlitNum63_withlog2:testParseLongShortlitNum64_withlog2:testParseLongShortlitNum65_withlog2:testParseLongShortlitNum66_withlog2:testParseLongShortlitNum67_withlog2:testParseLongShortlitNum68_withlog2:testParseLongShortlitNum69_withlog2:testParseLongShortlitNum70_withlog2:testParseLongShortlitNum71_withlog2:testParseLongShortlitNum72_withlog2:testParseLongShortlitNum73_withlog2:testParseLongShortlitNum74_withlog2:testParseLongShortlitNum75_withlog2:testParseLongShortlitNum76_withlog2:testParseLongShortlitNum77_withlog2:testParseLongShortlitNum78_withlog2:testParseLongShortlitNum79_withlog2:testParseLongShortlitNum80_withlog2:testParseLongShortlitNum81_withlog2:testParseLongShortlitNum82_withlog2:testParseLongShortlitNum83_withlog2:testParseLongShortlitNum84_withlog2:testParseLongShort_add85_withlog2:testParseLongShort_add86_withlog2:testParseLongShort_add87_withlog2:testParseLongShort_add88_withlog2:testParseLongShort_add89_withlog2:testParseLongShort_add90_withlog2:testParseLongShort_add91_withlog2:testParseLongShort_add92_withlog2:testParseLongShort_add93_withlog2:testParseLongShort_add94_withlog2:testParseLongShort_add95_withlog2:testParseLongShort_add96_withlog2:testParseLongShort_add97_withlog2:testParseLongShort_add98_withlog2:testParseLongShort_add99_withlog2:testParseLongShort_add100_withlog2:testParseLongShort_add101_withlog2:testParseLongShort_remove102_withlog2:testParseLongShort_remove103_withlog2:testParseLongShort_remove104_withlog2:testParseLongShort_remove105_withlog2:testParseLongShort_remove106_withlog2:testParseLongShort_remove107_withlog2
File saved to the following path: /tmp/icst-2019/september-2018/dataset/commons-lang_parent/target/dspot/observations.ser
File saved to the following path: /tmp/icst-2019/september-2018/dataset/commons-lang_parent/target/dspot/TestListener.ser
Loading /tmp/icst-2019/september-2018/dataset/commons-lang_parent/target/dspot/TestListener.ser
[INFO] Test has been run: testParseLongShortlitNum51_withlog0,testParseLongShortlitNum51_withlog1,testParseLongShortlitNum51_withlog2,testParseLongShort_add97_withlog0,testParseLongShort_add97_withlog1,testParseLongShort_add97_withlog2,testParseLongShortlitNum74_withlog0,testParseLongShortlitNum74_withlog1,testParseLongShortlitNum74_withlog2,testParseLongShortlitNum50_withlog0,testParseLongShortlitNum50_withlog1,testParseLongShortlitNum50_withlog2,testParseLongShortlitNum49_withlog0,testParseLongShortlitNum49_withlog1,testParseLongShortlitNum49_withlog2,testParseLongShort_add96_withlog0,testParseLongShort_add96_withlog1,testParseLongShort_add96_withlog2,testParseLongShortlitNum73_withlog0,testParseLongShortlitNum73_withlog1,testParseLongShortlitNum73_withlog2,testParseLongShortlitString12_withlog0,testParseLongShortlitString12_withlog1,testParseLongShortlitString12_withlog2,testParseLongShort_add95_withlog0,testParseLongShort_add95_withlog1,testParseLongShort_add95_withlog2,testParseLongShortlitString35_withlog0,testParseLongShortlitString35_withlog1,testParseLongShortlitString35_withlog2,testParseLongShortlitNum72_withlog0,testParseLongShortlitNum72_withlog1,testParseLongShortlitNum72_withlog2,testParseLongShortlitString11_withlog0,testParseLongShortlitString11_withlog1,testParseLongShortlitString11_withlog2,testParseLongShort_add101_withlog0,testParseLongShort_add101_withlog1,testParseLongShort_add101_withlog2,testParseLongShort_add94_withlog0,testParseLongShort_add94_withlog1,testParseLongShort_add94_withlog2,testParseLongShortlitNum71_withlog0,testParseLongShortlitNum71_withlog1,testParseLongShortlitNum71_withlog2,testParseLongShort_add100_withlog0,testParseLongShort_add100_withlog1,testParseLongShort_add100_withlog2,testParseLongShort_add93_withlog0,testParseLongShort_add93_withlog1,testParseLongShort_add93_withlog2,testParseLongShortlitNum70_withlog0,testParseLongShortlitNum70_withlog1,testParseLongShortlitNum70_withlog2,testParseLongShortlitNum69_withlog0,testParseLongShortlitNum69_withlog1,testParseLongShortlitNum69_withlog2,testParseLongShort_add92_withlog0,testParseLongShort_add92_withlog1,testParseLongShort_add92_withlog2,testParseLongShortlitNum68_withlog0,testParseLongShortlitNum68_withlog1,testParseLongShortlitNum68_withlog2,testParseLongShort_add91_withlog0,testParseLongShort_add91_withlog1,testParseLongShort_add91_withlog2,testParseLongShortlitNum67_withlog0,testParseLongShortlitNum67_withlog1,testParseLongShortlitNum67_withlog2,testParseLongShort_add90_withlog0,testParseLongShort_add90_withlog1,testParseLongShort_add90_withlog2,testParseLongShortlitString30_withlog0,testParseLongShortlitString30_withlog1,testParseLongShortlitString30_withlog2,testParseLongShort_add89_withlog0,testParseLongShort_add89_withlog1,testParseLongShort_add89_withlog2,testParseLongShortlitNum66_withlog0,testParseLongShortlitNum66_withlog1,testParseLongShortlitNum66_withlog2,testParseLongShort_add88_withlog0,testParseLongShort_add88_withlog1,testParseLongShort_add88_withlog2,testParseLongShortlitString28_withlog0,testParseLongShortlitString28_withlog1,testParseLongShortlitString28_withlog2,testParseLongShortlitNum65_withlog0,testParseLongShortlitNum65_withlog1,testParseLongShortlitNum65_withlog2,testParseLongShort_add87_withlog0,testParseLongShort_add87_withlog1,testParseLongShort_add87_withlog2,testParseLongShortlitNum64_withlog0,testParseLongShortlitNum64_withlog1,testParseLongShortlitNum64_withlog2,testParseLongShort_add86_withlog0,testParseLongShort_add86_withlog1,testParseLongShort_add86_withlog2,testParseLongShortlitNum63_withlog0,testParseLongShortlitNum63_withlog1,testParseLongShortlitNum63_withlog2,testParseLongShort_add85_withlog0,testParseLongShort_add85_withlog1,testParseLongShort_add85_withlog2,testParseLongShortlitNum62_withlog0,testParseLongShortlitNum62_withlog1,testParseLongShortlitNum62_withlog2,testParseLongShortlitNum61_withlog0,testParseLongShortlitNum61_withlog1,testParseLongShortlitNum61_withlog2,testParseLongShortlitNum84_withlog0,testParseLongShortlitNum84_withlog1,testParseLongShortlitNum84_withlog2,testParseLongShortlitNum60_withlog0,testParseLongShortlitNum60_withlog1,testParseLongShortlitNum60_withlog2,testParseLongShort_remove107_withlog0,testParseLongShort_remove107_withlog1,testParseLongShort_remove107_withlog2,testParseLongShortlitNum59_withlog0,testParseLongShortlitNum59_withlog1,testParseLongShortlitNum59_withlog2,testParseLongShortlitNum83_withlog0,testParseLongShortlitNum83_withlog1,testParseLongShortlitNum83_withlog2,testParseLongShort_remove106_withlog0,testParseLongShort_remove106_withlog1,testParseLongShort_remove106_withlog2,testParseLongShortlitNum58_withlog0,testParseLongShortlitNum58_withlog1,testParseLongShortlitNum58_withlog2,testParseLongShortlitNum82_withlog0,testParseLongShortlitNum82_withlog1,testParseLongShortlitNum82_withlog2,testParseLongShort_remove105_withlog0,testParseLongShort_remove105_withlog1,testParseLongShort_remove105_withlog2,testParseLongShortlitNum57_withlog0,testParseLongShortlitNum57_withlog1,testParseLongShortlitNum57_withlog2,testParseLongShortlitNum81_withlog0,testParseLongShortlitNum81_withlog1,testParseLongShortlitNum81_withlog2,testParseLongShortlitString20_withlog0,testParseLongShortlitString20_withlog1,testParseLongShortlitString20_withlog2,testParseLongShort_remove104_withlog0,testParseLongShort_remove104_withlog1,testParseLongShort_remove104_withlog2,testParseLongShortlitNum56_withlog0,testParseLongShortlitNum56_withlog1,testParseLongShortlitNum56_withlog2,testParseLongShortlitNum80_withlog0,testParseLongShortlitNum80_withlog1,testParseLongShortlitNum80_withlog2,testParseLongShortlitNum79_withlog0,testParseLongShortlitNum79_withlog1,testParseLongShortlitNum79_withlog2,testParseLongShortlitString6_withlog0,testParseLongShortlitString6_withlog1,testParseLongShortlitString6_withlog2,testParseLongShort_remove103_withlog0,testParseLongShort_remove103_withlog1,testParseLongShort_remove103_withlog2,testParseLongShortlitNum55_withlog0,testParseLongShortlitNum55_withlog1,testParseLongShortlitNum55_withlog2,testParseLongShortlitNum78_withlog0,testParseLongShortlitNum78_withlog1,testParseLongShortlitNum78_withlog2,testParseLongShort_remove102_withlog0,testParseLongShort_remove102_withlog1,testParseLongShort_remove102_withlog2,testParseLongShortlitNum54_withlog0,testParseLongShortlitNum54_withlog1,testParseLongShortlitNum54_withlog2,testParseLongShortlitNum77_withlog0,testParseLongShortlitNum77_withlog1,testParseLongShortlitNum77_withlog2,testParseLongShortlitString4_withlog0,testParseLongShortlitString4_withlog1,testParseLongShortlitString4_withlog2,testParseLongShortlitNum53_withlog0,testParseLongShortlitNum53_withlog1,testParseLongShortlitNum53_withlog2,testParseLongShort_add99_withlog0,testParseLongShort_add99_withlog1,testParseLongShort_add99_withlog2,testParseLongShortlitNum76_withlog0,testParseLongShortlitNum76_withlog1,testParseLongShortlitNum76_withlog2,testParseLongShortlitNum52_withlog0,testParseLongShortlitNum52_withlog1,testParseLongShortlitNum52_withlog2,testParseLongShort_add98_withlog0,testParseLongShort_add98_withlog1,testParseLongShort_add98_withlog2,testParseLongShortlitNum75_withlog0,testParseLongShortlitNum75_withlog1,testParseLongShortlitNum75_withlog2
[INFO] Generating assertions...
[INFO] 46 test fail, generating try/catch/fail blocks...
[INFO] 113 new tests with assertions generated
[ERROR] Error(s) during compilation:
[ERROR] Pb(762) Cannot refer to the static enum field FastDateParserTest.Expected1806.zone within an initializer
[ERROR] Pb(762) Cannot refer to the static enum field FastDateParserTest.Expected1806.one within an initializer
[ERROR] Pb(762) Cannot refer to the static enum field FastDateParserTest.Expected1806.two within an initializer
[ERROR] Pb(762) Cannot refer to the static enum field FastDateParserTest.Expected1806.three within an initializer
[ERROR] Pb(762) Cannot refer to the static enum field FastDateParserTest.Expected1806.offset within an initializer
[ERROR] Pb(81) The blank final field zone may not have been initialized
[ERROR] Pb(81) The blank final field one may not have been initialized
[ERROR] Pb(81) The blank final field two may not have been initialized
[ERROR] Pb(81) The blank final field three may not have been initialized
[ERROR] Pb(81) The blank final field offset may not have been initialized
[ERROR] Error(s) during compilation:
[ERROR] Pb(762) Cannot refer to the static enum field FastDateParserTest.Expected1806.zone within an initializer
[ERROR] Pb(762) Cannot refer to the static enum field FastDateParserTest.Expected1806.one within an initializer
[ERROR] Pb(762) Cannot refer to the static enum field FastDateParserTest.Expected1806.two within an initializer
[ERROR] Pb(762) Cannot refer to the static enum field FastDateParserTest.Expected1806.three within an initializer
[ERROR] Pb(762) Cannot refer to the static enum field FastDateParserTest.Expected1806.offset within an initializer
[ERROR] Pb(81) The blank final field zone may not have been initialized
[ERROR] Pb(81) The blank final field one may not have been initialized
[ERROR] Pb(81) The blank final field two may not have been initialized
[ERROR] Pb(81) The blank final field three may not have been initialized
[ERROR] Pb(81) The blank final field offset may not have been initialized
[ERROR] Error(s) during compilation:
[ERROR] Pb(762) Cannot refer to the static enum field FastDateParserTest.Expected1806.zone within an initializer
[ERROR] Pb(762) Cannot refer to the static enum field FastDateParserTest.Expected1806.one within an initializer
[ERROR] Pb(762) Cannot refer to the static enum field FastDateParserTest.Expected1806.two within an initializer
[ERROR] Pb(762) Cannot refer to the static enum field FastDateParserTest.Expected1806.three within an initializer
[ERROR] Pb(762) Cannot refer to the static enum field FastDateParserTest.Expected1806.offset within an initializer
[ERROR] Pb(81) The blank final field zone may not have been initialized
[ERROR] Pb(81) The blank final field one may not have been initialized
[ERROR] Pb(81) The blank final field two may not have been initialized
[ERROR] Pb(81) The blank final field three may not have been initialized
[ERROR] Pb(81) The blank final field offset may not have been initialized
[ERROR] Error(s) during compilation:
[ERROR] Pb(762) Cannot refer to the static enum field FastDateParserTest.Expected1806.zone within an initializer
[ERROR] Pb(762) Cannot refer to the static enum field FastDateParserTest.Expected1806.one within an initializer
[ERROR] Pb(762) Cannot refer to the static enum field FastDateParserTest.Expected1806.two within an initializer
[ERROR] Pb(762) Cannot refer to the static enum field FastDateParserTest.Expected1806.three within an initializer
[ERROR] Pb(762) Cannot refer to the static enum field FastDateParserTest.Expected1806.offset within an initializer
[ERROR] Pb(81) The blank final field zone may not have been initialized
[ERROR] Pb(81) The blank final field one may not have been initialized
[ERROR] Pb(81) The blank final field two may not have been initialized
[ERROR] Pb(81) The blank final field three may not have been initialized
[ERROR] Pb(81) The blank final field offset may not have been initialized
[WARNING] Trying three time to compile with no success. Give up.
[INFO] Run: java -classpath /tmp/icst-2019/september-2018/dataset/commons-lang_parent/target/test-classes:/tmp/icst-2019/september-2018/dataset/commons-lang_parent/target/classes/:/home/spirals/danglot/.m2/repository/junit/junit/4.12/junit-4.12.jar:/home/spirals/danglot/.m2/repository/org/hamcrest/hamcrest-core/1.3/hamcrest-core-1.3.jar:/home/spirals/danglot/.m2/repository/org/hamcrest/hamcrest-all/1.3/hamcrest-all-1.3.jar:/home/spirals/danglot/.m2/repository/org/easymock/easymock/3.5.1/easymock-3.5.1.jar:/home/spirals/danglot/.m2/repository/org/objenesis/objenesis/2.6/objenesis-2.6.jar:/home/spirals/danglot/.m2/repository/org/openjdk/jmh/jmh-core/1.19/jmh-core-1.19.jar:/home/spirals/danglot/.m2/repository/net/sf/jopt-simple/jopt-simple/4.6/jopt-simple-4.6.jar:/home/spirals/danglot/.m2/repository/org/apache/commons/commons-math3/3.2/commons-math3-3.2.jar:/home/spirals/danglot/.m2/repository/org/openjdk/jmh/jmh-generator-annprocess/1.19/jmh-generator-annprocess-1.19.jar:/tmp/icst-2019/september-2018/dataset/commons-lang_parent/target/dspot/dependencies/:/home/spirals/danglot/.m2/repository/eu/stamp-project/test-runner/1.1.0/test-runner-1.1.0-jar-with-dependencies.jar eu.stamp_project.testrunner.runner.test.TestRunner org.apache.commons.lang3.time.FastDateParserTest testParseLongShortlitString4:testParseLongShortlitString6:testParseLongShortlitString11:testParseLongShortlitString12:testParseLongShortlitString20:testParseLongShortlitString28:testParseLongShortlitString30:testParseLongShortlitString35:testParseLongShortlitNum49:testParseLongShortlitNum50:testParseLongShortlitNum51:testParseLongShortlitNum52:testParseLongShortlitNum53:testParseLongShortlitNum54:testParseLongShortlitNum55:testParseLongShortlitNum56:testParseLongShortlitNum57:testParseLongShortlitNum58:testParseLongShortlitNum59:testParseLongShortlitNum60:testParseLongShortlitNum61:testParseLongShortlitNum62:testParseLongShortlitNum63:testParseLongShortlitNum64:testParseLongShortlitNum65:testParseLongShortlitNum66:testParseLongShortlitNum67:testParseLongShortlitNum68:testParseLongShortlitNum69:testParseLongShortlitNum70:testParseLongShortlitNum71:testParseLongShortlitNum72:testParseLongShortlitNum73:testParseLongShortlitNum74:testParseLongShortlitNum75:testParseLongShortlitNum76:testParseLongShortlitNum77:testParseLongShortlitNum78:testParseLongShortlitNum79:testParseLongShortlitNum80:testParseLongShortlitNum81:testParseLongShortlitNum82:testParseLongShortlitNum83:testParseLongShortlitNum84:testParseLongShort_add85:testParseLongShort_add86:testParseLongShort_add87:testParseLongShort_add88:testParseLongShort_add89:testParseLongShort_add90:testParseLongShort_add91:testParseLongShort_add92:testParseLongShort_add93:testParseLongShort_add94:testParseLongShort_add95:testParseLongShort_add96:testParseLongShort_add97:testParseLongShort_add98:testParseLongShort_add99:testParseLongShort_add100:testParseLongShort_add101:testParseLongShort_remove102:testParseLongShort_remove103:testParseLongShort_remove104:testParseLongShort_remove105:testParseLongShort_remove106:testParseLongShort_remove107:testParseLongShortlitString1_failAssert0:testParseLongShortlitString2_failAssert1:testParseLongShortlitString3_failAssert2:testParseLongShortlitString5_failAssert3:testParseLongShortlitString7_failAssert4:testParseLongShortlitString8_failAssert5:testParseLongShortlitString9_failAssert6:testParseLongShortlitString10_failAssert7:testParseLongShortlitString13_failAssert8:testParseLongShortlitString14_failAssert9:testParseLongShortlitString15_failAssert10:testParseLongShortlitString16_failAssert11:testParseLongShortlitString17_failAssert12:testParseLongShortlitString18_failAssert13:testParseLongShortlitString19_failAssert14:testParseLongShortlitString21_failAssert15:testParseLongShortlitString22_failAssert16:testParseLongShortlitString23_failAssert17:testParseLongShortlitString24_failAssert18:testParseLongShortlitString25_failAssert19:testParseLongShortlitString26_failAssert20:testParseLongShortlitString27_failAssert21:testParseLongShortlitString29_failAssert22:testParseLongShortlitString31_failAssert23:testParseLongShortlitString32_failAssert24:testParseLongShortlitString33_failAssert25:testParseLongShortlitString34_failAssert26:testParseLongShortlitString36_failAssert27:testParseLongShortlitString37_failAssert28:testParseLongShortlitString38_failAssert29:testParseLongShortlitString39_failAssert30:testParseLongShortlitString40_failAssert31:testParseLongShortlitString41_failAssert32:testParseLongShortlitString42_failAssert33:testParseLongShortlitString43_failAssert34:testParseLongShortlitString44_failAssert35:testParseLongShortlitString45_failAssert36:testParseLongShortlitString46_failAssert37:testParseLongShortlitString47_failAssert38:testParseLongShortlitString48_failAssert39:testParseLongShortnull108_failAssert40:testParseLongShortnull109_failAssert41:testParseLongShortnull110_failAssert42:testParseLongShortnull111_failAssert43:testParseLongShortnull112_failAssert44:testParseLongShortnull113_failAssert45
File saved to the following path: /tmp/icst-2019/september-2018/dataset/commons-lang_parent/target/dspot/TestListener.ser
Loading /tmp/icst-2019/september-2018/dataset/commons-lang_parent/target/dspot/TestListener.ser
[INFO] Test has been run: testParseLongShortlitString45_failAssert36,testParseLongShortlitString32_failAssert24,testParseLongShortlitString2_failAssert1,testParseLongShort_add86,testParseLongShort_add87,testParseLongShort_add88,testParseLongShort_add89,testParseLongShort_add90,testParseLongShort_add91,testParseLongShort_add92,testParseLongShort_add93,testParseLongShort_add94,testParseLongShort_add95,testParseLongShort_add96,testParseLongShort_add97,testParseLongShort_add98,testParseLongShort_add99,testParseLongShortlitString27_failAssert21,testParseLongShortnull111_failAssert43,testParseLongShortlitString1_failAssert0,testParseLongShortlitString44_failAssert35,testParseLongShortlitString31_failAssert23,testParseLongShortlitString14_failAssert9,testParseLongShortlitString39_failAssert30,testParseLongShortlitString26_failAssert20,testParseLongShortnull110_failAssert42,testParseLongShortlitString13_failAssert8,testParseLongShortlitString43_failAssert34,testParseLongShortlitString38_failAssert29,testParseLongShortlitString25_failAssert19,testParseLongShortlitString42_failAssert33,testParseLongShortlitString37_failAssert28,testParseLongShortlitString24_failAssert18,testParseLongShortlitString10_failAssert7,testParseLongShortlitString41_failAssert32,testParseLongShortlitString19_failAssert14,testParseLongShortlitString36_failAssert27,testParseLongShortlitString23_failAssert17,testParseLongShortlitString4,testParseLongShortlitString6,testParseLongShortlitString9_failAssert6,testParseLongShortlitString40_failAssert31,testParseLongShortlitString18_failAssert13,testParseLongShort_remove102,testParseLongShort_remove103,testParseLongShort_remove104,testParseLongShort_remove105,testParseLongShort_remove106,testParseLongShort_remove107,testParseLongShortlitString8_failAssert5,testParseLongShortlitString48_failAssert39,testParseLongShortlitString22_failAssert16,testParseLongShortlitString7_failAssert4,testParseLongShortlitString17_failAssert12,testParseLongShortlitNum49,testParseLongShortlitNum50,testParseLongShortlitNum51,testParseLongShortlitNum52,testParseLongShortlitNum53,testParseLongShortlitNum54,testParseLongShortlitNum55,testParseLongShortlitNum56,testParseLongShortlitNum57,testParseLongShortlitNum58,testParseLongShortlitNum59,testParseLongShortlitNum60,testParseLongShortlitNum61,testParseLongShortlitNum62,testParseLongShortlitNum63,testParseLongShortlitNum64,testParseLongShortlitNum65,testParseLongShortlitNum66,testParseLongShortlitNum67,testParseLongShortlitNum68,testParseLongShortlitNum69,testParseLongShortlitNum70,testParseLongShortlitNum71,testParseLongShortlitNum72,testParseLongShortlitNum73,testParseLongShortlitNum74,testParseLongShortlitNum75,testParseLongShortlitNum76,testParseLongShortlitNum77,testParseLongShortlitNum78,testParseLongShortlitNum79,testParseLongShortlitNum80,testParseLongShortlitNum81,testParseLongShortlitNum82,testParseLongShortlitNum83,testParseLongShortlitNum84,testParseLongShort_add100,testParseLongShort_add101,testParseLongShortlitString47_failAssert38,testParseLongShortlitString34_failAssert26,testParseLongShortlitString21_failAssert15,testParseLongShortnull109_failAssert41,testParseLongShortlitString11,testParseLongShortlitString12,testParseLongShortlitString20,testParseLongShortlitString28,testParseLongShortlitString30,testParseLongShortlitString35,testParseLongShortlitString29_failAssert22,testParseLongShortlitString16_failAssert11,testParseLongShortlitString5_failAssert3,testParseLongShortnull113_failAssert45,testParseLongShortlitString46_failAssert37,testParseLongShortlitString33_failAssert25,testParseLongShortnull108_failAssert40,testParseLongShortlitString15_failAssert10,testParseLongShortnull112_failAssert44,testParseLongShortlitString3_failAssert2,testParseLongShort_add85(org.apache.commons.lang3.time.FastDateParserTest): expected:<1> but was:<4>
[INFO] Assertion amplification: 112 test method(s) has been successfully amplified.
[WARN] 2018-09-28 11:04:11 Launcher - You specified the directory /tmp/icst-2019/september-2018/dataset/commons-lang/target/classes in source classpath, please note that only class files will be considered. Jars and subdirectories will be ignored.
[WARN] 2018-09-28 11:04:11 Launcher - You specified the directory /tmp/icst-2019/september-2018/dataset/commons-lang/target/test-classes in source classpath, please note that only class files will be considered. Jars and subdirectories will be ignored.
[WARN] 2018-09-28 11:04:11 Launcher - You specified the directory /tmp/icst-2019/september-2018/dataset/commons-lang/target/dspot/dependencies in source classpath, please note that only class files will be considered. Jars and subdirectories will be ignored.
[WARN] 2018-09-28 11:04:12 Launcher - warning: Cannot refer to the static enum field FastDateParserTest.Expected1806.zone within an initializer at /tmp/icst-2019/september-2018/dataset/commons-lang_parent/target/dspot/tmp_test_sources/org/apache/commons/lang3/time/FastDateParserTest.java:14390
[WARN] 2018-09-28 11:04:12 Launcher - warning: Cannot refer to the static enum field FastDateParserTest.Expected1806.one within an initializer at /tmp/icst-2019/september-2018/dataset/commons-lang_parent/target/dspot/tmp_test_sources/org/apache/commons/lang3/time/FastDateParserTest.java:14391
[WARN] 2018-09-28 11:04:12 Launcher - warning: Cannot refer to the static enum field FastDateParserTest.Expected1806.two within an initializer at /tmp/icst-2019/september-2018/dataset/commons-lang_parent/target/dspot/tmp_test_sources/org/apache/commons/lang3/time/FastDateParserTest.java:14392
[WARN] 2018-09-28 11:04:12 Launcher - warning: Cannot refer to the static enum field FastDateParserTest.Expected1806.three within an initializer at /tmp/icst-2019/september-2018/dataset/commons-lang_parent/target/dspot/tmp_test_sources/org/apache/commons/lang3/time/FastDateParserTest.java:14393
[WARN] 2018-09-28 11:04:12 Launcher - warning: Cannot refer to the static enum field FastDateParserTest.Expected1806.offset within an initializer at /tmp/icst-2019/september-2018/dataset/commons-lang_parent/target/dspot/tmp_test_sources/org/apache/commons/lang3/time/FastDateParserTest.java:14394
[WARN] 2018-09-28 11:04:12 Launcher - warning: The blank final field offset may not have been initialized at /tmp/icst-2019/september-2018/dataset/commons-lang_parent/target/dspot/tmp_test_sources/org/apache/commons/lang3/time/FastDateParserTest.java:14405
[WARN] 2018-09-28 11:04:12 Launcher - warning: The blank final field one may not have been initialized at /tmp/icst-2019/september-2018/dataset/commons-lang_parent/target/dspot/tmp_test_sources/org/apache/commons/lang3/time/FastDateParserTest.java:14399
[WARN] 2018-09-28 11:04:12 Launcher - warning: The blank final field three may not have been initialized at /tmp/icst-2019/september-2018/dataset/commons-lang_parent/target/dspot/tmp_test_sources/org/apache/commons/lang3/time/FastDateParserTest.java:14403
[WARN] 2018-09-28 11:04:12 Launcher - warning: The blank final field two may not have been initialized at /tmp/icst-2019/september-2018/dataset/commons-lang_parent/target/dspot/tmp_test_sources/org/apache/commons/lang3/time/FastDateParserTest.java:14401
[WARN] 2018-09-28 11:04:12 Launcher - warning: The blank final field zone may not have been initialized at /tmp/icst-2019/september-2018/dataset/commons-lang_parent/target/dspot/tmp_test_sources/org/apache/commons/lang3/time/FastDateParserTest.java:14397
[WARN] 2018-09-28 11:04:28 Launcher - warning: Cannot refer to the static enum field FastDateParserTest.Expected1806.zone within an initializer at /tmp/icst-2019/september-2018/dataset/commons-lang_parent/FastDateParserTest.java:14379
[WARN] 2018-09-28 11:04:28 Launcher - warning: Cannot refer to the static enum field FastDateParserTest.Expected1806.one within an initializer at /tmp/icst-2019/september-2018/dataset/commons-lang_parent/FastDateParserTest.java:14380
[WARN] 2018-09-28 11:04:28 Launcher - warning: Cannot refer to the static enum field FastDateParserTest.Expected1806.two within an initializer at /tmp/icst-2019/september-2018/dataset/commons-lang_parent/FastDateParserTest.java:14381
[WARN] 2018-09-28 11:04:28 Launcher - warning: Cannot refer to the static enum field FastDateParserTest.Expected1806.three within an initializer at /tmp/icst-2019/september-2018/dataset/commons-lang_parent/FastDateParserTest.java:14382
[WARN] 2018-09-28 11:04:28 Launcher - warning: Cannot refer to the static enum field FastDateParserTest.Expected1806.offset within an initializer at /tmp/icst-2019/september-2018/dataset/commons-lang_parent/FastDateParserTest.java:14383
[WARN] 2018-09-28 11:04:28 Launcher - warning: The blank final field zone may not have been initialized at /tmp/icst-2019/september-2018/dataset/commons-lang_parent/FastDateParserTest.java:14386
[WARN] 2018-09-28 11:04:28 Launcher - warning: The blank final field one may not have been initialized at /tmp/icst-2019/september-2018/dataset/commons-lang_parent/FastDateParserTest.java:14388
[WARN] 2018-09-28 11:04:28 Launcher - warning: The blank final field two may not have been initialized at /tmp/icst-2019/september-2018/dataset/commons-lang_parent/FastDateParserTest.java:14390
[WARN] 2018-09-28 11:04:28 Launcher - warning: The blank final field three may not have been initialized at /tmp/icst-2019/september-2018/dataset/commons-lang_parent/FastDateParserTest.java:14392
[WARN] 2018-09-28 11:04:28 Launcher - warning: The blank final field offset may not have been initialized at /tmp/icst-2019/september-2018/dataset/commons-lang_parent/FastDateParserTest.java:14394
[INFO] Run: java -classpath /tmp/icst-2019/september-2018/dataset/commons-lang/target/classes/:/tmp/icst-2019/september-2018/dataset/commons-lang/target/test-classes/:/home/spirals/danglot/.m2/repository/junit/junit/4.12/junit-4.12.jar:/home/spirals/danglot/.m2/repository/org/hamcrest/hamcrest-core/1.3/hamcrest-core-1.3.jar:/home/spirals/danglot/.m2/repository/org/hamcrest/hamcrest-all/1.3/hamcrest-all-1.3.jar:/home/spirals/danglot/.m2/repository/org/easymock/easymock/3.5.1/easymock-3.5.1.jar:/home/spirals/danglot/.m2/repository/org/objenesis/objenesis/2.6/objenesis-2.6.jar:/home/spirals/danglot/.m2/repository/org/openjdk/jmh/jmh-core/1.19/jmh-core-1.19.jar:/home/spirals/danglot/.m2/repository/net/sf/jopt-simple/jopt-simple/4.6/jopt-simple-4.6.jar:/home/spirals/danglot/.m2/repository/org/apache/commons/commons-math3/3.2/commons-math3-3.2.jar:/home/spirals/danglot/.m2/repository/org/openjdk/jmh/jmh-generator-annprocess/1.19/jmh-generator-annprocess-1.19.jar:/tmp/icst-2019/september-2018/dataset/commons-lang/target/dspot/dependencies/:/home/spirals/danglot/.m2/repository/eu/stamp-project/test-runner/1.1.0/test-runner-1.1.0-jar-with-dependencies.jar eu.stamp_project.testrunner.runner.test.TestRunner org.apache.commons.lang3.time.FastDateParserTest testParseLongShortlitString4:testParseLongShortlitString6:testParseLongShortlitString11:testParseLongShortlitString12:testParseLongShortlitString20:testParseLongShortlitString28:testParseLongShortlitString30:testParseLongShortlitString35:testParseLongShortlitNum49:testParseLongShortlitNum50:testParseLongShortlitNum51:testParseLongShortlitNum52:testParseLongShortlitNum53:testParseLongShortlitNum54:testParseLongShortlitNum55:testParseLongShortlitNum56:testParseLongShortlitNum57:testParseLongShortlitNum58:testParseLongShortlitNum59:testParseLongShortlitNum60:testParseLongShortlitNum61:testParseLongShortlitNum62:testParseLongShortlitNum63:testParseLongShortlitNum64:testParseLongShortlitNum65:testParseLongShortlitNum66:testParseLongShortlitNum67:testParseLongShortlitNum68:testParseLongShortlitNum69:testParseLongShortlitNum70:testParseLongShortlitNum71:testParseLongShortlitNum72:testParseLongShortlitNum73:testParseLongShortlitNum74:testParseLongShortlitNum75:testParseLongShortlitNum76:testParseLongShortlitNum77:testParseLongShortlitNum78:testParseLongShortlitNum79:testParseLongShortlitNum80:testParseLongShortlitNum81:testParseLongShortlitNum82:testParseLongShortlitNum83:testParseLongShortlitNum84:testParseLongShort_add86:testParseLongShort_add87:testParseLongShort_add88:testParseLongShort_add89:testParseLongShort_add90:testParseLongShort_add91:testParseLongShort_add92:testParseLongShort_add93:testParseLongShort_add94:testParseLongShort_add95:testParseLongShort_add96:testParseLongShort_add97:testParseLongShort_add98:testParseLongShort_add99:testParseLongShort_add100:testParseLongShort_add101:testParseLongShort_remove102:testParseLongShort_remove103:testParseLongShort_remove104:testParseLongShort_remove105:testParseLongShort_remove106:testParseLongShort_remove107:testParseLongShortlitString1_failAssert0:testParseLongShortlitString2_failAssert1:testParseLongShortlitString3_failAssert2:testParseLongShortlitString5_failAssert3:testParseLongShortlitString7_failAssert4:testParseLongShortlitString8_failAssert5:testParseLongShortlitString9_failAssert6:testParseLongShortlitString10_failAssert7:testParseLongShortlitString13_failAssert8:testParseLongShortlitString14_failAssert9:testParseLongShortlitString15_failAssert10:testParseLongShortlitString16_failAssert11:testParseLongShortlitString17_failAssert12:testParseLongShortlitString18_failAssert13:testParseLongShortlitString19_failAssert14:testParseLongShortlitString21_failAssert15:testParseLongShortlitString22_failAssert16:testParseLongShortlitString23_failAssert17:testParseLongShortlitString24_failAssert18:testParseLongShortlitString25_failAssert19:testParseLongShortlitString26_failAssert20:testParseLongShortlitString27_failAssert21:testParseLongShortlitString29_failAssert22:testParseLongShortlitString31_failAssert23:testParseLongShortlitString32_failAssert24:testParseLongShortlitString33_failAssert25:testParseLongShortlitString34_failAssert26:testParseLongShortlitString36_failAssert27:testParseLongShortlitString37_failAssert28:testParseLongShortlitString38_failAssert29:testParseLongShortlitString39_failAssert30:testParseLongShortlitString40_failAssert31:testParseLongShortlitString41_failAssert32:testParseLongShortlitString42_failAssert33:testParseLongShortlitString43_failAssert34:testParseLongShortlitString44_failAssert35:testParseLongShortlitString45_failAssert36:testParseLongShortlitString46_failAssert37:testParseLongShortlitString47_failAssert38:testParseLongShortlitString48_failAssert39:testParseLongShortnull108_failAssert40:testParseLongShortnull109_failAssert41:testParseLongShortnull110_failAssert42:testParseLongShortnull111_failAssert43:testParseLongShortnull112_failAssert44:testParseLongShortnull113_failAssert45
File saved to the following path: /tmp/icst-2019/september-2018/dataset/commons-lang_parent/target/dspot/TestListener.ser
Loading /tmp/icst-2019/september-2018/dataset/commons-lang_parent/target/dspot/TestListener.ser
[INFO] Test has been run: initializationError(org.junit.runner.manipulation.Filter): No tests found matching Filter test methods according their simple name: [testParseLongShortlitString4, testParseLongShortlitString6, testParseLongShortlitString11, testParseLongShortlitString12, testParseLongShortlitString20, testParseLongShortlitString28, testParseLongShortlitString30, testParseLongShortlitString35, testParseLongShortlitNum49, testParseLongShortlitNum50, testParseLongShortlitNum51, testParseLongShortlitNum52, testParseLongShortlitNum53, testParseLongShortlitNum54, testParseLongShortlitNum55, testParseLongShortlitNum56, testParseLongShortlitNum57, testParseLongShortlitNum58, testParseLongShortlitNum59, testParseLongShortlitNum60, testParseLongShortlitNum61, testParseLongShortlitNum62, testParseLongShortlitNum63, testParseLongShortlitNum64, testParseLongShortlitNum65, testParseLongShortlitNum66, testParseLongShortlitNum67, testParseLongShortlitNum68, testParseLongShortlitNum69, testParseLongShortlitNum70, testParseLongShortlitNum71, testParseLongShortlitNum72, testParseLongShortlitNum73, testParseLongShortlitNum74, testParseLongShortlitNum75, testParseLongShortlitNum76, testParseLongShortlitNum77, testParseLongShortlitNum78, testParseLongShortlitNum79, testParseLongShortlitNum80, testParseLongShortlitNum81, testParseLongShortlitNum82, testParseLongShortlitNum83, testParseLongShortlitNum84, testParseLongShort_add86, testParseLongShort_add87, testParseLongShort_add88, testParseLongShort_add89, testParseLongShort_add90, testParseLongShort_add91, testParseLongShort_add92, testParseLongShort_add93, testParseLongShort_add94, testParseLongShort_add95, testParseLongShort_add96, testParseLongShort_add97, testParseLongShort_add98, testParseLongShort_add99, testParseLongShort_add100, testParseLongShort_add101, testParseLongShort_remove102, testParseLongShort_remove103, testParseLongShort_remove104, testParseLongShort_remove105, testParseLongShort_remove106, testParseLongShort_remove107, testParseLongShortlitString1_failAssert0, testParseLongShortlitString2_failAssert1, testParseLongShortlitString3_failAssert2, testParseLongShortlitString5_failAssert3, testParseLongShortlitString7_failAssert4, testParseLongShortlitString8_failAssert5, testParseLongShortlitString9_failAssert6, testParseLongShortlitString10_failAssert7, testParseLongShortlitString13_failAssert8, testParseLongShortlitString14_failAssert9, testParseLongShortlitString15_failAssert10, testParseLongShortlitString16_failAssert11, testParseLongShortlitString17_failAssert12, testParseLongShortlitString18_failAssert13, testParseLongShortlitString19_failAssert14, testParseLongShortlitString21_failAssert15, testParseLongShortlitString22_failAssert16, testParseLongShortlitString23_failAssert17, testParseLongShortlitString24_failAssert18, testParseLongShortlitString25_failAssert19, testParseLongShortlitString26_failAssert20, testParseLongShortlitString27_failAssert21, testParseLongShortlitString29_failAssert22, testParseLongShortlitString31_failAssert23, testParseLongShortlitString32_failAssert24, testParseLongShortlitString33_failAssert25, testParseLongShortlitString34_failAssert26, testParseLongShortlitString36_failAssert27, testParseLongShortlitString37_failAssert28, testParseLongShortlitString38_failAssert29, testParseLongShortlitString39_failAssert30, testParseLongShortlitString40_failAssert31, testParseLongShortlitString41_failAssert32, testParseLongShortlitString42_failAssert33, testParseLongShortlitString43_failAssert34, testParseLongShortlitString44_failAssert35, testParseLongShortlitString45_failAssert36, testParseLongShortlitString46_failAssert37, testParseLongShortlitString47_failAssert38, testParseLongShortlitString48_failAssert39, testParseLongShortnull108_failAssert40, testParseLongShortnull109_failAssert41, testParseLongShortnull110_failAssert42, testParseLongShortnull111_failAssert43, testParseLongShortnull112_failAssert44, testParseLongShortnull113_failAssert45] from org.junit.internal.requests.ClassRequest@5fcfe4b2
[INFO] ------------------------------------------------------------------------
[INFO] BUILD FAILURE
[INFO] ------------------------------------------------------------------------
[INFO] Total time: 05:40 min
[INFO] Finished at: 2018-09-28T11:04:29+02:00
[INFO] ------------------------------------------------------------------------
[ERROR] Failed to execute goal eu.stamp-project:dspot-maven:1.1.1-SNAPSHOT:amplify-unit-tests (default-cli) on project commons-lang3: Execution default-cli of goal eu.stamp-project:dspot-maven:1.1.1-SNAPSHOT:amplify-unit-tests failed: java.util.NoSuchElementException: No value present -> [Help 1]
org.apache.maven.lifecycle.LifecycleExecutionException: Failed to execute goal eu.stamp-project:dspot-maven:1.1.1-SNAPSHOT:amplify-unit-tests (default-cli) on project commons-lang3: Execution default-cli of goal eu.stamp-project:dspot-maven:1.1.1-SNAPSHOT:amplify-unit-tests failed: java.util.NoSuchElementException: No value present
    at org.apache.maven.lifecycle.internal.MojoExecutor.execute (MojoExecutor.java:213)
    at org.apache.maven.lifecycle.internal.MojoExecutor.execute (MojoExecutor.java:154)
    at org.apache.maven.lifecycle.internal.MojoExecutor.execute (MojoExecutor.java:146)
    at org.apache.maven.lifecycle.internal.LifecycleModuleBuilder.buildProject (LifecycleModuleBuilder.java:117)
    at org.apache.maven.lifecycle.internal.LifecycleModuleBuilder.buildProject (LifecycleModuleBuilder.java:81)
    at org.apache.maven.lifecycle.internal.builder.singlethreaded.SingleThreadedBuilder.build (SingleThreadedBuilder.java:56)
    at org.apache.maven.lifecycle.internal.LifecycleStarter.execute (LifecycleStarter.java:128)
    at org.apache.maven.DefaultMaven.doExecute (DefaultMaven.java:305)
    at org.apache.maven.DefaultMaven.doExecute (DefaultMaven.java:192)
    at org.apache.maven.DefaultMaven.execute (DefaultMaven.java:105)
    at org.apache.maven.cli.MavenCli.execute (MavenCli.java:954)
    at org.apache.maven.cli.MavenCli.doMain (MavenCli.java:288)
    at org.apache.maven.cli.MavenCli.main (MavenCli.java:192)
    at sun.reflect.NativeMethodAccessorImpl.invoke0 (Native Method)
    at sun.reflect.NativeMethodAccessorImpl.invoke (NativeMethodAccessorImpl.java:62)
    at sun.reflect.DelegatingMethodAccessorImpl.invoke (DelegatingMethodAccessorImpl.java:43)
    at java.lang.reflect.Method.invoke (Method.java:498)
    at org.codehaus.plexus.classworlds.launcher.Launcher.launchEnhanced (Launcher.java:289)
    at org.codehaus.plexus.classworlds.launcher.Launcher.launch (Launcher.java:229)
    at org.codehaus.plexus.classworlds.launcher.Launcher.mainWithExitCode (Launcher.java:415)
    at org.codehaus.plexus.classworlds.launcher.Launcher.main (Launcher.java:356)
Caused by: org.apache.maven.plugin.PluginExecutionException: Execution default-cli of goal eu.stamp-project:dspot-maven:1.1.1-SNAPSHOT:amplify-unit-tests failed: java.util.NoSuchElementException: No value present
    at org.apache.maven.plugin.DefaultBuildPluginManager.executeMojo (DefaultBuildPluginManager.java:148)
    at org.apache.maven.lifecycle.internal.MojoExecutor.execute (MojoExecutor.java:208)
    at org.apache.maven.lifecycle.internal.MojoExecutor.execute (MojoExecutor.java:154)
    at org.apache.maven.lifecycle.internal.MojoExecutor.execute (MojoExecutor.java:146)
    at org.apache.maven.lifecycle.internal.LifecycleModuleBuilder.buildProject (LifecycleModuleBuilder.java:117)
    at org.apache.maven.lifecycle.internal.LifecycleModuleBuilder.buildProject (LifecycleModuleBuilder.java:81)
    at org.apache.maven.lifecycle.internal.builder.singlethreaded.SingleThreadedBuilder.build (SingleThreadedBuilder.java:56)
    at org.apache.maven.lifecycle.internal.LifecycleStarter.execute (LifecycleStarter.java:128)
    at org.apache.maven.DefaultMaven.doExecute (DefaultMaven.java:305)
    at org.apache.maven.DefaultMaven.doExecute (DefaultMaven.java:192)
    at org.apache.maven.DefaultMaven.execute (DefaultMaven.java:105)
    at org.apache.maven.cli.MavenCli.execute (MavenCli.java:954)
    at org.apache.maven.cli.MavenCli.doMain (MavenCli.java:288)
    at org.apache.maven.cli.MavenCli.main (MavenCli.java:192)
    at sun.reflect.NativeMethodAccessorImpl.invoke0 (Native Method)
    at sun.reflect.NativeMethodAccessorImpl.invoke (NativeMethodAccessorImpl.java:62)
    at sun.reflect.DelegatingMethodAccessorImpl.invoke (DelegatingMethodAccessorImpl.java:43)
    at java.lang.reflect.Method.invoke (Method.java:498)
    at org.codehaus.plexus.classworlds.launcher.Launcher.launchEnhanced (Launcher.java:289)
    at org.codehaus.plexus.classworlds.launcher.Launcher.launch (Launcher.java:229)
    at org.codehaus.plexus.classworlds.launcher.Launcher.mainWithExitCode (Launcher.java:415)
    at org.codehaus.plexus.classworlds.launcher.Launcher.main (Launcher.java:356)
Caused by: java.lang.RuntimeException: java.util.NoSuchElementException: No value present
    at eu.stamp_project.DSpotMojo.execute (DSpotMojo.java:265)
    at org.apache.maven.plugin.DefaultBuildPluginManager.executeMojo (DefaultBuildPluginManager.java:137)
    at org.apache.maven.lifecycle.internal.MojoExecutor.execute (MojoExecutor.java:208)
    at org.apache.maven.lifecycle.internal.MojoExecutor.execute (MojoExecutor.java:154)
    at org.apache.maven.lifecycle.internal.MojoExecutor.execute (MojoExecutor.java:146)
    at org.apache.maven.lifecycle.internal.LifecycleModuleBuilder.buildProject (LifecycleModuleBuilder.java:117)
    at org.apache.maven.lifecycle.internal.LifecycleModuleBuilder.buildProject (LifecycleModuleBuilder.java:81)
    at org.apache.maven.lifecycle.internal.builder.singlethreaded.SingleThreadedBuilder.build (SingleThreadedBuilder.java:56)
    at org.apache.maven.lifecycle.internal.LifecycleStarter.execute (LifecycleStarter.java:128)
    at org.apache.maven.DefaultMaven.doExecute (DefaultMaven.java:305)
    at org.apache.maven.DefaultMaven.doExecute (DefaultMaven.java:192)
    at org.apache.maven.DefaultMaven.execute (DefaultMaven.java:105)
    at org.apache.maven.cli.MavenCli.execute (MavenCli.java:954)
    at org.apache.maven.cli.MavenCli.doMain (MavenCli.java:288)
    at org.apache.maven.cli.MavenCli.main (MavenCli.java:192)
    at sun.reflect.NativeMethodAccessorImpl.invoke0 (Native Method)
    at sun.reflect.NativeMethodAccessorImpl.invoke (NativeMethodAccessorImpl.java:62)
    at sun.reflect.DelegatingMethodAccessorImpl.invoke (DelegatingMethodAccessorImpl.java:43)
    at java.lang.reflect.Method.invoke (Method.java:498)
    at org.codehaus.plexus.classworlds.launcher.Launcher.launchEnhanced (Launcher.java:289)
    at org.codehaus.plexus.classworlds.launcher.Launcher.launch (Launcher.java:229)
    at org.codehaus.plexus.classworlds.launcher.Launcher.mainWithExitCode (Launcher.java:415)
    at org.codehaus.plexus.classworlds.launcher.Launcher.main (Launcher.java:356)
Caused by: java.util.NoSuchElementException: No value present
    at java.util.Optional.get (Optional.java:135)
    at eu.stamp_project.dspot.selector.ChangeDetectorSelector.lambda$selectToKeep$2 (ChangeDetectorSelector.java:113)
    at java.util.ArrayList.forEach (ArrayList.java:1249)
    at eu.stamp_project.dspot.selector.ChangeDetectorSelector.selectToKeep (ChangeDetectorSelector.java:109)
    at eu.stamp_project.dspot.Amplification.amplification (Amplification.java:141)
    at eu.stamp_project.dspot.Amplification.amplification (Amplification.java:97)
    at eu.stamp_project.dspot.DSpot.amplifyTest (DSpot.java:181)
    at eu.stamp_project.dspot.DSpot.amplifyTest (DSpot.java:171)
    at eu.stamp_project.Main.lambda$run$1 (Main.java:69)
    at java.util.stream.ReferencePipeline$3$1.accept (ReferencePipeline.java:193)
    at java.util.ArrayList$ArrayListSpliterator.forEachRemaining (ArrayList.java:1374)
    at java.util.stream.AbstractPipeline.copyInto (AbstractPipeline.java:481)
    at java.util.stream.AbstractPipeline.wrapAndCopyInto (AbstractPipeline.java:471)
    at java.util.stream.ReduceOps$ReduceOp.evaluateSequential (ReduceOps.java:708)
    at java.util.stream.AbstractPipeline.evaluate (AbstractPipeline.java:234)
    at java.util.stream.ReferencePipeline.collect (ReferencePipeline.java:499)
    at eu.stamp_project.Main.run (Main.java:71)
    at eu.stamp_project.DSpotMojo.execute (DSpotMojo.java:263)
    at org.apache.maven.plugin.DefaultBuildPluginManager.executeMojo (DefaultBuildPluginManager.java:137)
    at org.apache.maven.lifecycle.internal.MojoExecutor.execute (MojoExecutor.java:208)
    at org.apache.maven.lifecycle.internal.MojoExecutor.execute (MojoExecutor.java:154)
    at org.apache.maven.lifecycle.internal.MojoExecutor.execute (MojoExecutor.java:146)
    at org.apache.maven.lifecycle.internal.LifecycleModuleBuilder.buildProject (LifecycleModuleBuilder.java:117)
    at org.apache.maven.lifecycle.internal.LifecycleModuleBuilder.buildProject (LifecycleModuleBuilder.java:81)
    at org.apache.maven.lifecycle.internal.builder.singlethreaded.SingleThreadedBuilder.build (SingleThreadedBuilder.java:56)
    at org.apache.maven.lifecycle.internal.LifecycleStarter.execute (LifecycleStarter.java:128)
    at org.apache.maven.DefaultMaven.doExecute (DefaultMaven.java:305)
    at org.apache.maven.DefaultMaven.doExecute (DefaultMaven.java:192)
    at org.apache.maven.DefaultMaven.execute (DefaultMaven.java:105)
    at org.apache.maven.cli.MavenCli.execute (MavenCli.java:954)
    at org.apache.maven.cli.MavenCli.doMain (MavenCli.java:288)
    at org.apache.maven.cli.MavenCli.main (MavenCli.java:192)
    at sun.reflect.NativeMethodAccessorImpl.invoke0 (Native Method)
    at sun.reflect.NativeMethodAccessorImpl.invoke (NativeMethodAccessorImpl.java:62)
    at sun.reflect.DelegatingMethodAccessorImpl.invoke (DelegatingMethodAccessorImpl.java:43)
    at java.lang.reflect.Method.invoke (Method.java:498)
    at org.codehaus.plexus.classworlds.launcher.Launcher.launchEnhanced (Launcher.java:289)
    at org.codehaus.plexus.classworlds.launcher.Launcher.launch (Launcher.java:229)
    at org.codehaus.plexus.classworlds.launcher.Launcher.mainWithExitCode (Launcher.java:415)
    at org.codehaus.plexus.classworlds.launcher.Launcher.main (Launcher.java:356)
[ERROR] 
[ERROR] 
[ERROR] For more information about the errors and possible solutions, please read the following articles:
[ERROR] [Help 1] http://cwiki.apache.org/confluence/display/MAVEN/PluginExecutionException
