Apache Maven 3.5.4 (1edded0938998edf8bf061f1ceb3cfdeccf443fe; 2018-06-17T20:33:14+02:00)
Maven home: /home/spirals/danglot/apache-maven-3.5.4
Java version: 1.8.0_121, vendor: Oracle Corporation, runtime: /home/spirals/danglot/jdk1.8.0_121/jre
Default locale: en_US, platform encoding: ANSI_X3.4-1968
OS name: "linux", version: "3.16.0-4-amd64", arch: "amd64", family: "unix"
[DEBUG] Created new class realm maven.api
[DEBUG] Importing foreign packages into class realm maven.api
[DEBUG]   Imported: javax.annotation.* < plexus.core
[DEBUG]   Imported: javax.annotation.security.* < plexus.core
[DEBUG]   Imported: javax.enterprise.inject.* < plexus.core
[DEBUG]   Imported: javax.enterprise.util.* < plexus.core
[DEBUG]   Imported: javax.inject.* < plexus.core
[DEBUG]   Imported: org.apache.maven.* < plexus.core
[DEBUG]   Imported: org.apache.maven.artifact < plexus.core
[DEBUG]   Imported: org.apache.maven.classrealm < plexus.core
[DEBUG]   Imported: org.apache.maven.cli < plexus.core
[DEBUG]   Imported: org.apache.maven.configuration < plexus.core
[DEBUG]   Imported: org.apache.maven.exception < plexus.core
[DEBUG]   Imported: org.apache.maven.execution < plexus.core
[DEBUG]   Imported: org.apache.maven.execution.scope < plexus.core
[DEBUG]   Imported: org.apache.maven.lifecycle < plexus.core
[DEBUG]   Imported: org.apache.maven.model < plexus.core
[DEBUG]   Imported: org.apache.maven.monitor < plexus.core
[DEBUG]   Imported: org.apache.maven.plugin < plexus.core
[DEBUG]   Imported: org.apache.maven.profiles < plexus.core
[DEBUG]   Imported: org.apache.maven.project < plexus.core
[DEBUG]   Imported: org.apache.maven.reporting < plexus.core
[DEBUG]   Imported: org.apache.maven.repository < plexus.core
[DEBUG]   Imported: org.apache.maven.rtinfo < plexus.core
[DEBUG]   Imported: org.apache.maven.settings < plexus.core
[DEBUG]   Imported: org.apache.maven.toolchain < plexus.core
[DEBUG]   Imported: org.apache.maven.usability < plexus.core
[DEBUG]   Imported: org.apache.maven.wagon.* < plexus.core
[DEBUG]   Imported: org.apache.maven.wagon.authentication < plexus.core
[DEBUG]   Imported: org.apache.maven.wagon.authorization < plexus.core
[DEBUG]   Imported: org.apache.maven.wagon.events < plexus.core
[DEBUG]   Imported: org.apache.maven.wagon.observers < plexus.core
[DEBUG]   Imported: org.apache.maven.wagon.proxy < plexus.core
[DEBUG]   Imported: org.apache.maven.wagon.repository < plexus.core
[DEBUG]   Imported: org.apache.maven.wagon.resource < plexus.core
[DEBUG]   Imported: org.codehaus.classworlds < plexus.core
[DEBUG]   Imported: org.codehaus.plexus.* < plexus.core
[DEBUG]   Imported: org.codehaus.plexus.classworlds < plexus.core
[DEBUG]   Imported: org.codehaus.plexus.component < plexus.core
[DEBUG]   Imported: org.codehaus.plexus.configuration < plexus.core
[DEBUG]   Imported: org.codehaus.plexus.container < plexus.core
[DEBUG]   Imported: org.codehaus.plexus.context < plexus.core
[DEBUG]   Imported: org.codehaus.plexus.lifecycle < plexus.core
[DEBUG]   Imported: org.codehaus.plexus.logging < plexus.core
[DEBUG]   Imported: org.codehaus.plexus.personality < plexus.core
[DEBUG]   Imported: org.codehaus.plexus.util.xml.Xpp3Dom < plexus.core
[DEBUG]   Imported: org.codehaus.plexus.util.xml.pull.XmlPullParser < plexus.core
[DEBUG]   Imported: org.codehaus.plexus.util.xml.pull.XmlPullParserException < plexus.core
[DEBUG]   Imported: org.codehaus.plexus.util.xml.pull.XmlSerializer < plexus.core
[DEBUG]   Imported: org.eclipse.aether.* < plexus.core
[DEBUG]   Imported: org.eclipse.aether.artifact < plexus.core
[DEBUG]   Imported: org.eclipse.aether.collection < plexus.core
[DEBUG]   Imported: org.eclipse.aether.deployment < plexus.core
[DEBUG]   Imported: org.eclipse.aether.graph < plexus.core
[DEBUG]   Imported: org.eclipse.aether.impl < plexus.core
[DEBUG]   Imported: org.eclipse.aether.installation < plexus.core
[DEBUG]   Imported: org.eclipse.aether.internal.impl < plexus.core
[DEBUG]   Imported: org.eclipse.aether.metadata < plexus.core
[DEBUG]   Imported: org.eclipse.aether.repository < plexus.core
[DEBUG]   Imported: org.eclipse.aether.resolution < plexus.core
[DEBUG]   Imported: org.eclipse.aether.spi < plexus.core
[DEBUG]   Imported: org.eclipse.aether.transfer < plexus.core
[DEBUG]   Imported: org.eclipse.aether.version < plexus.core
[DEBUG]   Imported: org.fusesource.jansi.* < plexus.core
[DEBUG]   Imported: org.slf4j.* < plexus.core
[DEBUG]   Imported: org.slf4j.helpers.* < plexus.core
[DEBUG]   Imported: org.slf4j.spi.* < plexus.core
[DEBUG] Populating class realm maven.api
[INFO] Error stacktraces are turned on.
[DEBUG] Message scheme: color
[DEBUG] Message styles: debug info warning error success failure strong mojo project
[DEBUG] Reading global settings from /home/spirals/danglot/apache-maven-3.5.4/conf/settings.xml
[DEBUG] Reading user settings from /home/spirals/danglot/.m2/settings.xml
[DEBUG] Reading global toolchains from /home/spirals/danglot/apache-maven-3.5.4/conf/toolchains.xml
[DEBUG] Reading user toolchains from /home/spirals/danglot/.m2/toolchains.xml
[DEBUG] Using local repository at /home/spirals/danglot/.m2/repository
[DEBUG] Using manager EnhancedLocalRepositoryManager with priority 10.0 for /home/spirals/danglot/.m2/repository
[INFO] Scanning for projects...
[DEBUG] Extension realms for project commons-io:commons-io:jar:2.6-SNAPSHOT: (none)
[DEBUG] Looking up lifecycle mappings for packaging jar from ClassRealm[plexus.core, parent: null]
[DEBUG] Extension realms for project org.apache.commons:commons-parent:pom:41: (none)
[DEBUG] Looking up lifecycle mappings for packaging pom from ClassRealm[plexus.core, parent: null]
[DEBUG] Extension realms for project org.apache:apache:pom:18: (none)
[DEBUG] Looking up lifecycle mappings for packaging pom from ClassRealm[plexus.core, parent: null]
[DEBUG] === REACTOR BUILD PLAN ================================================
[DEBUG] Project: commons-io:commons-io:jar:2.6-SNAPSHOT
[DEBUG] Tasks:   [eu.stamp-project:dspot-maven:1.1.1-SNAPSHOT:amplify-unit-tests]
[DEBUG] Style:   Regular
[DEBUG] =======================================================================
[INFO] 
[INFO] -----------------------< commons-io:commons-io >------------------------
[INFO] Building Apache Commons IO 2.6-SNAPSHOT
[INFO] --------------------------------[ jar ]---------------------------------
[DEBUG] Lifecycle default -> [validate, initialize, generate-sources, process-sources, generate-resources, process-resources, compile, process-classes, generate-test-sources, process-test-sources, generate-test-resources, process-test-resources, test-compile, process-test-classes, test, prepare-package, package, pre-integration-test, integration-test, post-integration-test, verify, install, deploy]
[DEBUG] Lifecycle clean -> [pre-clean, clean, post-clean]
[DEBUG] Lifecycle site -> [pre-site, site, post-site, site-deploy]
[DEBUG] === PROJECT BUILD PLAN ================================================
[DEBUG] Project:       commons-io:commons-io:2.6-SNAPSHOT
[DEBUG] Dependencies (collect): []
[DEBUG] Dependencies (resolve): [test]
[DEBUG] Repositories (dependencies): [apache.snapshots (https://repository.apache.org/snapshots, default, snapshots), central (https://repo.maven.apache.org/maven2, default, releases)]
[DEBUG] Repositories (plugins)     : [central (https://repo.maven.apache.org/maven2, default, releases)]
[DEBUG] -----------------------------------------------------------------------
[DEBUG] Goal:          eu.stamp-project:dspot-maven:1.1.1-SNAPSHOT:amplify-unit-tests (default-cli)
[DEBUG] Style:         Regular
[DEBUG] Configuration: <?xml version="1.0" encoding="UTF-8"?>
<configuration>
  <amplifiers default-value="None">${amplifiers}</amplifiers>
  <automaticBuilder default-value="MavenBuilder">${automatic-builder}</automaticBuilder>
  <budgetizer default-value="NoBudgetizer">${budgetizer}</budgetizer>
  <cases>${cases}</cases>
  <clean default-value="false">${clean}</clean>
  <descartes default-value="false">${descartes}</descartes>
  <example default-value="false">${example}</example>
  <generateNewTestClass default-value="false">${generate-new-test-class}</generateNewTestClass>
  <help default-value="false">${help}</help>
  <iteration default-value="3">${iteration}</iteration>
  <mavenHome>${maven-home}</mavenHome>
  <maxTestAmplified default-value="200">${max-test-amplified}</maxTestAmplified>
  <noMinimize default-value="false">${no-minimize}</noMinimize>
  <outputPath default-value="target/dspot/output">${output-path}</outputPath>
  <pathPitResult>${path-pit-result}</pathPitResult>
  <pathToProperties default-value="">${path-to-properties}</pathToProperties>
  <pathToSecondVersion default-value="">${path-to-second-version}</pathToSecondVersion>
  <pathToTestListCsv default-value="">${path-to-test-list-csv}</pathToTestListCsv>
  <project default-value="${project}"/>
  <randomSeed default-value="23">${randomSeed}</randomSeed>
  <test default-value="all">${test}</test>
  <testCriterion default-value="PitMutantScoreSelector">${test-criterion}</testCriterion>
  <timeOut default-value="10000">${timeOut}</timeOut>
  <useMavenToExeTest default-value="false">${use-maven-to-exe-test}</useMavenToExeTest>
  <verbose default-value="false">${verbose}</verbose>
  <withComment default-value="false">${with-comment}</withComment>
  <workingDirectory default-value="false">${working-directory}</workingDirectory>
</configuration>
[DEBUG] =======================================================================
[DEBUG] Dependency collection stats: {ConflictMarker.analyzeTime=1411297, ConflictMarker.markTime=715820, ConflictMarker.nodeCount=3, ConflictIdSorter.graphTime=776803, ConflictIdSorter.topsortTime=638999, ConflictIdSorter.conflictIdCount=2, ConflictIdSorter.conflictIdCycleCount=0, ConflictResolver.totalTime=5052771, ConflictResolver.conflictItemCount=2, DefaultDependencyCollector.collectTime=30105168, DefaultDependencyCollector.transformTime=12047276}
[DEBUG] commons-io:commons-io:jar:2.6-SNAPSHOT
[DEBUG]    junit:junit:jar:4.12:test
[DEBUG]       org.hamcrest:hamcrest-core:jar:1.3:test
[INFO] 
[INFO] --- dspot-maven:1.1.1-SNAPSHOT:amplify-unit-tests (default-cli) @ commons-io ---
[DEBUG] Failure to find eu.stamp-project:dspot:1.1.1-SNAPSHOT/maven-metadata.xml in https://repo.gradle.org/gradle/libs-releases-local/ was cached in the local repository, resolution will not be reattempted until the update interval of gradle-repo has elapsed or updates are forced
[DEBUG] Skipped remote request for eu.stamp-project:dspot:1.1.1-SNAPSHOT/maven-metadata.xml, locally cached metadata up-to-date.
[DEBUG] Using transporter WagonTransporter with priority -1.0 for https://stamp-project.github.io/stamp-maven-repository/
[DEBUG] Using connector BasicRepositoryConnector with priority 0.0 for https://stamp-project.github.io/stamp-maven-repository/
Downloading from stamp-maven-repository-mvn-repo: https://stamp-project.github.io/stamp-maven-repository/eu/stamp-project/dspot/1.1.1-SNAPSHOT/maven-metadata.xml
[DEBUG] Writing tracking file /home/spirals/danglot/.m2/repository/eu/stamp-project/dspot/1.1.1-SNAPSHOT/resolver-status.properties
[DEBUG] Could not find metadata eu.stamp-project:dspot:1.1.1-SNAPSHOT/maven-metadata.xml in stamp-maven-repository-mvn-repo (https://stamp-project.github.io/stamp-maven-repository/)
[DEBUG] Skipped remote request for eu.stamp-project:dspot:1.1.1-SNAPSHOT/maven-metadata.xml, already updated during this session.
[DEBUG] Failure to find eu.stamp-project:dspot:1.1.1-SNAPSHOT/maven-metadata.xml in https://stamp-project.github.io/stamp-maven-repository/ was cached in the local repository, resolution will not be reattempted until the update interval of stamp-maven-repository-mvn-repo has elapsed or updates are forced
[DEBUG] Failure to find eu.stamp-project:dspot:1.1.1-SNAPSHOT/maven-metadata.xml in https://repo.gradle.org/gradle/libs-releases-local/ was cached in the local repository, resolution will not be reattempted until the update interval of gradle-repo has elapsed or updates are forced
[DEBUG] Skipped remote request for eu.stamp-project:dspot:1.1.1-SNAPSHOT/maven-metadata.xml, locally cached metadata up-to-date.
[DEBUG] Could not find metadata fr.inria.gforge.spoon:spoon-core:7.1.0-SNAPSHOT/maven-metadata.xml in local (/home/spirals/danglot/.m2/repository)
[DEBUG] Failure to find fr.inria.gforge.spoon:spoon-core:7.1.0-SNAPSHOT/maven-metadata.xml in https://repo.gradle.org/gradle/libs-releases-local/ was cached in the local repository, resolution will not be reattempted until the update interval of gradle-repo has elapsed or updates are forced
[DEBUG] Failure to find fr.inria.gforge.spoon:spoon-core:7.1.0-SNAPSHOT/maven-metadata.xml in https://oss.sonatype.org/content/repositories/snapshots was cached in the local repository, resolution will not be reattempted until the update interval of sonatype-nexus-snapshots has elapsed or updates are forced
[DEBUG] Skipped remote request for fr.inria.gforge.spoon:spoon-core:7.1.0-SNAPSHOT/maven-metadata.xml, locally cached metadata up-to-date.
[DEBUG] Using transporter WagonTransporter with priority -1.0 for https://stamp-project.github.io/stamp-maven-repository/
[DEBUG] Using connector BasicRepositoryConnector with priority 0.0 for https://stamp-project.github.io/stamp-maven-repository/
Downloading from stamp-maven-repository-mvn-repo: https://stamp-project.github.io/stamp-maven-repository/fr/inria/gforge/spoon/spoon-core/7.1.0-SNAPSHOT/maven-metadata.xml
[DEBUG] Writing tracking file /home/spirals/danglot/.m2/repository/fr/inria/gforge/spoon/spoon-core/7.1.0-SNAPSHOT/resolver-status.properties
[DEBUG] Could not find metadata fr.inria.gforge.spoon:spoon-core:7.1.0-SNAPSHOT/maven-metadata.xml in stamp-maven-repository-mvn-repo (https://stamp-project.github.io/stamp-maven-repository/)
[DEBUG] Could not find metadata fr.inria.gforge.spoon:spoon-core:7.1.0-SNAPSHOT/maven-metadata.xml in local (/home/spirals/danglot/.m2/repository)
[DEBUG] Skipped remote request for fr.inria.gforge.spoon:spoon-core:7.1.0-SNAPSHOT/maven-metadata.xml, already updated during this session.
[DEBUG] Failure to find fr.inria.gforge.spoon:spoon-core:7.1.0-SNAPSHOT/maven-metadata.xml in https://stamp-project.github.io/stamp-maven-repository/ was cached in the local repository, resolution will not be reattempted until the update interval of stamp-maven-repository-mvn-repo has elapsed or updates are forced
[DEBUG] Failure to find fr.inria.gforge.spoon:spoon-core:7.1.0-SNAPSHOT/maven-metadata.xml in https://repo.gradle.org/gradle/libs-releases-local/ was cached in the local repository, resolution will not be reattempted until the update interval of gradle-repo has elapsed or updates are forced
[DEBUG] Failure to find fr.inria.gforge.spoon:spoon-core:7.1.0-SNAPSHOT/maven-metadata.xml in https://oss.sonatype.org/content/repositories/snapshots was cached in the local repository, resolution will not be reattempted until the update interval of sonatype-nexus-snapshots has elapsed or updates are forced
[DEBUG] Skipped remote request for fr.inria.gforge.spoon:spoon-core:7.1.0-SNAPSHOT/maven-metadata.xml, locally cached metadata up-to-date.
[DEBUG] Could not find metadata org.eclipse.platform:org.eclipse.core.resources/maven-metadata.xml in local (/home/spirals/danglot/.m2/repository)
[DEBUG] Skipped remote request for org.eclipse.platform:org.eclipse.core.resources/maven-metadata.xml, locally cached metadata up-to-date.
[DEBUG] Failure to find org.eclipse.platform:org.eclipse.core.resources/maven-metadata.xml in https://repo.gradle.org/gradle/libs-releases-local/ was cached in the local repository, resolution will not be reattempted until the update interval of gradle-repo has elapsed or updates are forced
[DEBUG] Failure to find org.eclipse.platform:org.eclipse.core.resources/maven-metadata.xml in https://oss.sonatype.org/content/repositories/snapshots was cached in the local repository, resolution will not be reattempted until the update interval of sonatype-nexus-snapshots has elapsed or updates are forced
[DEBUG] Failure to find org.eclipse.platform:org.eclipse.core.resources/maven-metadata.xml in http://maven.inria.fr/artifactory/spoon-public-snapshot was cached in the local repository, resolution will not be reattempted until the update interval of maven.inria.fr-snapshot has elapsed or updates are forced
[DEBUG] Failure to find org.eclipse.platform:org.eclipse.core.resources/maven-metadata.xml in http://maven.inria.fr/artifactory/triskell-public-release was cached in the local repository, resolution will not be reattempted until the update interval of inria has elapsed or updates are forced
[DEBUG] Using transporter WagonTransporter with priority -1.0 for https://stamp-project.github.io/stamp-maven-repository/
[DEBUG] Using connector BasicRepositoryConnector with priority 0.0 for https://stamp-project.github.io/stamp-maven-repository/
Downloading from stamp-maven-repository-mvn-repo: https://stamp-project.github.io/stamp-maven-repository/org/eclipse/platform/org.eclipse.core.resources/maven-metadata.xml
[DEBUG] Writing tracking file /home/spirals/danglot/.m2/repository/org/eclipse/platform/org.eclipse.core.resources/resolver-status.properties
[DEBUG] Could not find metadata org.eclipse.platform:org.eclipse.core.resources/maven-metadata.xml in stamp-maven-repository-mvn-repo (https://stamp-project.github.io/stamp-maven-repository/)
[DEBUG] Could not find metadata org.eclipse.platform:org.eclipse.core.expressions/maven-metadata.xml in local (/home/spirals/danglot/.m2/repository)
[DEBUG] Skipped remote request for org.eclipse.platform:org.eclipse.core.expressions/maven-metadata.xml, locally cached metadata up-to-date.
[DEBUG] Failure to find org.eclipse.platform:org.eclipse.core.expressions/maven-metadata.xml in https://repo.gradle.org/gradle/libs-releases-local/ was cached in the local repository, resolution will not be reattempted until the update interval of gradle-repo has elapsed or updates are forced
[DEBUG] Failure to find org.eclipse.platform:org.eclipse.core.expressions/maven-metadata.xml in https://oss.sonatype.org/content/repositories/snapshots was cached in the local repository, resolution will not be reattempted until the update interval of sonatype-nexus-snapshots has elapsed or updates are forced
[DEBUG] Failure to find org.eclipse.platform:org.eclipse.core.expressions/maven-metadata.xml in http://maven.inria.fr/artifactory/spoon-public-snapshot was cached in the local repository, resolution will not be reattempted until the update interval of maven.inria.fr-snapshot has elapsed or updates are forced
[DEBUG] Failure to find org.eclipse.platform:org.eclipse.core.expressions/maven-metadata.xml in http://maven.inria.fr/artifactory/triskell-public-release was cached in the local repository, resolution will not be reattempted until the update interval of inria has elapsed or updates are forced
[DEBUG] Using transporter WagonTransporter with priority -1.0 for https://stamp-project.github.io/stamp-maven-repository/
[DEBUG] Using connector BasicRepositoryConnector with priority 0.0 for https://stamp-project.github.io/stamp-maven-repository/
Downloading from stamp-maven-repository-mvn-repo: https://stamp-project.github.io/stamp-maven-repository/org/eclipse/platform/org.eclipse.core.expressions/maven-metadata.xml
[DEBUG] Writing tracking file /home/spirals/danglot/.m2/repository/org/eclipse/platform/org.eclipse.core.expressions/resolver-status.properties
[DEBUG] Could not find metadata org.eclipse.platform:org.eclipse.core.expressions/maven-metadata.xml in stamp-maven-repository-mvn-repo (https://stamp-project.github.io/stamp-maven-repository/)
[DEBUG] Could not find metadata org.eclipse.platform:org.eclipse.core.runtime/maven-metadata.xml in local (/home/spirals/danglot/.m2/repository)
[DEBUG] Skipped remote request for org.eclipse.platform:org.eclipse.core.runtime/maven-metadata.xml, locally cached metadata up-to-date.
[DEBUG] Failure to find org.eclipse.platform:org.eclipse.core.runtime/maven-metadata.xml in https://repo.gradle.org/gradle/libs-releases-local/ was cached in the local repository, resolution will not be reattempted until the update interval of gradle-repo has elapsed or updates are forced
[DEBUG] Failure to find org.eclipse.platform:org.eclipse.core.runtime/maven-metadata.xml in https://oss.sonatype.org/content/repositories/snapshots was cached in the local repository, resolution will not be reattempted until the update interval of sonatype-nexus-snapshots has elapsed or updates are forced
[DEBUG] Failure to find org.eclipse.platform:org.eclipse.core.runtime/maven-metadata.xml in http://maven.inria.fr/artifactory/spoon-public-snapshot was cached in the local repository, resolution will not be reattempted until the update interval of maven.inria.fr-snapshot has elapsed or updates are forced
[DEBUG] Failure to find org.eclipse.platform:org.eclipse.core.runtime/maven-metadata.xml in http://maven.inria.fr/artifactory/triskell-public-release was cached in the local repository, resolution will not be reattempted until the update interval of inria has elapsed or updates are forced
[DEBUG] Using transporter WagonTransporter with priority -1.0 for https://stamp-project.github.io/stamp-maven-repository/
[DEBUG] Using connector BasicRepositoryConnector with priority 0.0 for https://stamp-project.github.io/stamp-maven-repository/
Downloading from stamp-maven-repository-mvn-repo: https://stamp-project.github.io/stamp-maven-repository/org/eclipse/platform/org.eclipse.core.runtime/maven-metadata.xml
[DEBUG] Writing tracking file /home/spirals/danglot/.m2/repository/org/eclipse/platform/org.eclipse.core.runtime/resolver-status.properties
[DEBUG] Could not find metadata org.eclipse.platform:org.eclipse.core.runtime/maven-metadata.xml in stamp-maven-repository-mvn-repo (https://stamp-project.github.io/stamp-maven-repository/)
[DEBUG] Could not find metadata org.eclipse.platform:org.eclipse.osgi/maven-metadata.xml in local (/home/spirals/danglot/.m2/repository)
[DEBUG] Skipped remote request for org.eclipse.platform:org.eclipse.osgi/maven-metadata.xml, locally cached metadata up-to-date.
[DEBUG] Failure to find org.eclipse.platform:org.eclipse.osgi/maven-metadata.xml in https://repo.gradle.org/gradle/libs-releases-local/ was cached in the local repository, resolution will not be reattempted until the update interval of gradle-repo has elapsed or updates are forced
[DEBUG] Failure to find org.eclipse.platform:org.eclipse.osgi/maven-metadata.xml in https://oss.sonatype.org/content/repositories/snapshots was cached in the local repository, resolution will not be reattempted until the update interval of sonatype-nexus-snapshots has elapsed or updates are forced
[DEBUG] Failure to find org.eclipse.platform:org.eclipse.osgi/maven-metadata.xml in http://maven.inria.fr/artifactory/spoon-public-snapshot was cached in the local repository, resolution will not be reattempted until the update interval of maven.inria.fr-snapshot has elapsed or updates are forced
[DEBUG] Failure to find org.eclipse.platform:org.eclipse.osgi/maven-metadata.xml in http://maven.inria.fr/artifactory/triskell-public-release was cached in the local repository, resolution will not be reattempted until the update interval of inria has elapsed or updates are forced
[DEBUG] Using transporter WagonTransporter with priority -1.0 for https://stamp-project.github.io/stamp-maven-repository/
[DEBUG] Using connector BasicRepositoryConnector with priority 0.0 for https://stamp-project.github.io/stamp-maven-repository/
Downloading from stamp-maven-repository-mvn-repo: https://stamp-project.github.io/stamp-maven-repository/org/eclipse/platform/org.eclipse.osgi/maven-metadata.xml
[DEBUG] Writing tracking file /home/spirals/danglot/.m2/repository/org/eclipse/platform/org.eclipse.osgi/resolver-status.properties
[DEBUG] Could not find metadata org.eclipse.platform:org.eclipse.osgi/maven-metadata.xml in stamp-maven-repository-mvn-repo (https://stamp-project.github.io/stamp-maven-repository/)
[DEBUG] Could not find metadata org.eclipse.platform:org.eclipse.equinox.common/maven-metadata.xml in local (/home/spirals/danglot/.m2/repository)
[DEBUG] Skipped remote request for org.eclipse.platform:org.eclipse.equinox.common/maven-metadata.xml, locally cached metadata up-to-date.
[DEBUG] Failure to find org.eclipse.platform:org.eclipse.equinox.common/maven-metadata.xml in https://repo.gradle.org/gradle/libs-releases-local/ was cached in the local repository, resolution will not be reattempted until the update interval of gradle-repo has elapsed or updates are forced
[DEBUG] Failure to find org.eclipse.platform:org.eclipse.equinox.common/maven-metadata.xml in https://oss.sonatype.org/content/repositories/snapshots was cached in the local repository, resolution will not be reattempted until the update interval of sonatype-nexus-snapshots has elapsed or updates are forced
[DEBUG] Failure to find org.eclipse.platform:org.eclipse.equinox.common/maven-metadata.xml in http://maven.inria.fr/artifactory/spoon-public-snapshot was cached in the local repository, resolution will not be reattempted until the update interval of maven.inria.fr-snapshot has elapsed or updates are forced
[DEBUG] Failure to find org.eclipse.platform:org.eclipse.equinox.common/maven-metadata.xml in http://maven.inria.fr/artifactory/triskell-public-release was cached in the local repository, resolution will not be reattempted until the update interval of inria has elapsed or updates are forced
[DEBUG] Using transporter WagonTransporter with priority -1.0 for https://stamp-project.github.io/stamp-maven-repository/
[DEBUG] Using connector BasicRepositoryConnector with priority 0.0 for https://stamp-project.github.io/stamp-maven-repository/
Downloading from stamp-maven-repository-mvn-repo: https://stamp-project.github.io/stamp-maven-repository/org/eclipse/platform/org.eclipse.equinox.common/maven-metadata.xml
[DEBUG] Writing tracking file /home/spirals/danglot/.m2/repository/org/eclipse/platform/org.eclipse.equinox.common/resolver-status.properties
[DEBUG] Could not find metadata org.eclipse.platform:org.eclipse.equinox.common/maven-metadata.xml in stamp-maven-repository-mvn-repo (https://stamp-project.github.io/stamp-maven-repository/)
[DEBUG] Could not find metadata org.eclipse.platform:org.eclipse.core.jobs/maven-metadata.xml in local (/home/spirals/danglot/.m2/repository)
[DEBUG] Skipped remote request for org.eclipse.platform:org.eclipse.core.jobs/maven-metadata.xml, locally cached metadata up-to-date.
[DEBUG] Failure to find org.eclipse.platform:org.eclipse.core.jobs/maven-metadata.xml in https://repo.gradle.org/gradle/libs-releases-local/ was cached in the local repository, resolution will not be reattempted until the update interval of gradle-repo has elapsed or updates are forced
[DEBUG] Failure to find org.eclipse.platform:org.eclipse.core.jobs/maven-metadata.xml in https://oss.sonatype.org/content/repositories/snapshots was cached in the local repository, resolution will not be reattempted until the update interval of sonatype-nexus-snapshots has elapsed or updates are forced
[DEBUG] Failure to find org.eclipse.platform:org.eclipse.core.jobs/maven-metadata.xml in http://maven.inria.fr/artifactory/spoon-public-snapshot was cached in the local repository, resolution will not be reattempted until the update interval of maven.inria.fr-snapshot has elapsed or updates are forced
[DEBUG] Failure to find org.eclipse.platform:org.eclipse.core.jobs/maven-metadata.xml in http://maven.inria.fr/artifactory/triskell-public-release was cached in the local repository, resolution will not be reattempted until the update interval of inria has elapsed or updates are forced
[DEBUG] Using transporter WagonTransporter with priority -1.0 for https://stamp-project.github.io/stamp-maven-repository/
[DEBUG] Using connector BasicRepositoryConnector with priority 0.0 for https://stamp-project.github.io/stamp-maven-repository/
Downloading from stamp-maven-repository-mvn-repo: https://stamp-project.github.io/stamp-maven-repository/org/eclipse/platform/org.eclipse.core.jobs/maven-metadata.xml
[DEBUG] Writing tracking file /home/spirals/danglot/.m2/repository/org/eclipse/platform/org.eclipse.core.jobs/resolver-status.properties
[DEBUG] Could not find metadata org.eclipse.platform:org.eclipse.core.jobs/maven-metadata.xml in stamp-maven-repository-mvn-repo (https://stamp-project.github.io/stamp-maven-repository/)
[DEBUG] Could not find metadata org.eclipse.platform:org.eclipse.equinox.registry/maven-metadata.xml in local (/home/spirals/danglot/.m2/repository)
[DEBUG] Skipped remote request for org.eclipse.platform:org.eclipse.equinox.registry/maven-metadata.xml, locally cached metadata up-to-date.
[DEBUG] Failure to find org.eclipse.platform:org.eclipse.equinox.registry/maven-metadata.xml in https://repo.gradle.org/gradle/libs-releases-local/ was cached in the local repository, resolution will not be reattempted until the update interval of gradle-repo has elapsed or updates are forced
[DEBUG] Failure to find org.eclipse.platform:org.eclipse.equinox.registry/maven-metadata.xml in https://oss.sonatype.org/content/repositories/snapshots was cached in the local repository, resolution will not be reattempted until the update interval of sonatype-nexus-snapshots has elapsed or updates are forced
[DEBUG] Failure to find org.eclipse.platform:org.eclipse.equinox.registry/maven-metadata.xml in http://maven.inria.fr/artifactory/spoon-public-snapshot was cached in the local repository, resolution will not be reattempted until the update interval of maven.inria.fr-snapshot has elapsed or updates are forced
[DEBUG] Failure to find org.eclipse.platform:org.eclipse.equinox.registry/maven-metadata.xml in http://maven.inria.fr/artifactory/triskell-public-release was cached in the local repository, resolution will not be reattempted until the update interval of inria has elapsed or updates are forced
[DEBUG] Using transporter WagonTransporter with priority -1.0 for https://stamp-project.github.io/stamp-maven-repository/
[DEBUG] Using connector BasicRepositoryConnector with priority 0.0 for https://stamp-project.github.io/stamp-maven-repository/
Downloading from stamp-maven-repository-mvn-repo: https://stamp-project.github.io/stamp-maven-repository/org/eclipse/platform/org.eclipse.equinox.registry/maven-metadata.xml
[DEBUG] Writing tracking file /home/spirals/danglot/.m2/repository/org/eclipse/platform/org.eclipse.equinox.registry/resolver-status.properties
[DEBUG] Could not find metadata org.eclipse.platform:org.eclipse.equinox.registry/maven-metadata.xml in stamp-maven-repository-mvn-repo (https://stamp-project.github.io/stamp-maven-repository/)
[DEBUG] Could not find metadata org.eclipse.platform:org.eclipse.equinox.common/maven-metadata.xml in local (/home/spirals/danglot/.m2/repository)
[DEBUG] Skipped remote request for org.eclipse.platform:org.eclipse.equinox.common/maven-metadata.xml, locally cached metadata up-to-date.
[DEBUG] Skipped remote request for org.eclipse.platform:org.eclipse.equinox.common/maven-metadata.xml, already updated during this session.
[DEBUG] Failure to find org.eclipse.platform:org.eclipse.equinox.common/maven-metadata.xml in https://stamp-project.github.io/stamp-maven-repository/ was cached in the local repository, resolution will not be reattempted until the update interval of stamp-maven-repository-mvn-repo has elapsed or updates are forced
[DEBUG] Failure to find org.eclipse.platform:org.eclipse.equinox.common/maven-metadata.xml in https://repo.gradle.org/gradle/libs-releases-local/ was cached in the local repository, resolution will not be reattempted until the update interval of gradle-repo has elapsed or updates are forced
[DEBUG] Failure to find org.eclipse.platform:org.eclipse.equinox.common/maven-metadata.xml in https://oss.sonatype.org/content/repositories/snapshots was cached in the local repository, resolution will not be reattempted until the update interval of sonatype-nexus-snapshots has elapsed or updates are forced
[DEBUG] Failure to find org.eclipse.platform:org.eclipse.equinox.common/maven-metadata.xml in http://maven.inria.fr/artifactory/spoon-public-snapshot was cached in the local repository, resolution will not be reattempted until the update interval of maven.inria.fr-snapshot has elapsed or updates are forced
[DEBUG] Failure to find org.eclipse.platform:org.eclipse.equinox.common/maven-metadata.xml in http://maven.inria.fr/artifactory/triskell-public-release was cached in the local repository, resolution will not be reattempted until the update interval of inria has elapsed or updates are forced
[DEBUG] Could not find metadata org.eclipse.platform:org.eclipse.equinox.preferences/maven-metadata.xml in local (/home/spirals/danglot/.m2/repository)
[DEBUG] Skipped remote request for org.eclipse.platform:org.eclipse.equinox.preferences/maven-metadata.xml, locally cached metadata up-to-date.
[DEBUG] Failure to find org.eclipse.platform:org.eclipse.equinox.preferences/maven-metadata.xml in https://repo.gradle.org/gradle/libs-releases-local/ was cached in the local repository, resolution will not be reattempted until the update interval of gradle-repo has elapsed or updates are forced
[DEBUG] Failure to find org.eclipse.platform:org.eclipse.equinox.preferences/maven-metadata.xml in https://oss.sonatype.org/content/repositories/snapshots was cached in the local repository, resolution will not be reattempted until the update interval of sonatype-nexus-snapshots has elapsed or updates are forced
[DEBUG] Failure to find org.eclipse.platform:org.eclipse.equinox.preferences/maven-metadata.xml in http://maven.inria.fr/artifactory/spoon-public-snapshot was cached in the local repository, resolution will not be reattempted until the update interval of maven.inria.fr-snapshot has elapsed or updates are forced
[DEBUG] Failure to find org.eclipse.platform:org.eclipse.equinox.preferences/maven-metadata.xml in http://maven.inria.fr/artifactory/triskell-public-release was cached in the local repository, resolution will not be reattempted until the update interval of inria has elapsed or updates are forced
[DEBUG] Using transporter WagonTransporter with priority -1.0 for https://stamp-project.github.io/stamp-maven-repository/
[DEBUG] Using connector BasicRepositoryConnector with priority 0.0 for https://stamp-project.github.io/stamp-maven-repository/
Downloading from stamp-maven-repository-mvn-repo: https://stamp-project.github.io/stamp-maven-repository/org/eclipse/platform/org.eclipse.equinox.preferences/maven-metadata.xml
[DEBUG] Writing tracking file /home/spirals/danglot/.m2/repository/org/eclipse/platform/org.eclipse.equinox.preferences/resolver-status.properties
[DEBUG] Could not find metadata org.eclipse.platform:org.eclipse.equinox.preferences/maven-metadata.xml in stamp-maven-repository-mvn-repo (https://stamp-project.github.io/stamp-maven-repository/)
[DEBUG] Could not find metadata org.eclipse.platform:org.eclipse.equinox.common/maven-metadata.xml in local (/home/spirals/danglot/.m2/repository)
[DEBUG] Skipped remote request for org.eclipse.platform:org.eclipse.equinox.common/maven-metadata.xml, locally cached metadata up-to-date.
[DEBUG] Skipped remote request for org.eclipse.platform:org.eclipse.equinox.common/maven-metadata.xml, already updated during this session.
[DEBUG] Failure to find org.eclipse.platform:org.eclipse.equinox.common/maven-metadata.xml in https://stamp-project.github.io/stamp-maven-repository/ was cached in the local repository, resolution will not be reattempted until the update interval of stamp-maven-repository-mvn-repo has elapsed or updates are forced
[DEBUG] Failure to find org.eclipse.platform:org.eclipse.equinox.common/maven-metadata.xml in https://repo.gradle.org/gradle/libs-releases-local/ was cached in the local repository, resolution will not be reattempted until the update interval of gradle-repo has elapsed or updates are forced
[DEBUG] Failure to find org.eclipse.platform:org.eclipse.equinox.common/maven-metadata.xml in https://oss.sonatype.org/content/repositories/snapshots was cached in the local repository, resolution will not be reattempted until the update interval of sonatype-nexus-snapshots has elapsed or updates are forced
[DEBUG] Failure to find org.eclipse.platform:org.eclipse.equinox.common/maven-metadata.xml in http://maven.inria.fr/artifactory/spoon-public-snapshot was cached in the local repository, resolution will not be reattempted until the update interval of maven.inria.fr-snapshot has elapsed or updates are forced
[DEBUG] Failure to find org.eclipse.platform:org.eclipse.equinox.common/maven-metadata.xml in http://maven.inria.fr/artifactory/triskell-public-release was cached in the local repository, resolution will not be reattempted until the update interval of inria has elapsed or updates are forced
[DEBUG] Could not find metadata org.eclipse.platform:org.eclipse.core.contenttype/maven-metadata.xml in local (/home/spirals/danglot/.m2/repository)
[DEBUG] Skipped remote request for org.eclipse.platform:org.eclipse.core.contenttype/maven-metadata.xml, locally cached metadata up-to-date.
[DEBUG] Failure to find org.eclipse.platform:org.eclipse.core.contenttype/maven-metadata.xml in https://repo.gradle.org/gradle/libs-releases-local/ was cached in the local repository, resolution will not be reattempted until the update interval of gradle-repo has elapsed or updates are forced
[DEBUG] Failure to find org.eclipse.platform:org.eclipse.core.contenttype/maven-metadata.xml in https://oss.sonatype.org/content/repositories/snapshots was cached in the local repository, resolution will not be reattempted until the update interval of sonatype-nexus-snapshots has elapsed or updates are forced
[DEBUG] Failure to find org.eclipse.platform:org.eclipse.core.contenttype/maven-metadata.xml in http://maven.inria.fr/artifactory/spoon-public-snapshot was cached in the local repository, resolution will not be reattempted until the update interval of maven.inria.fr-snapshot has elapsed or updates are forced
[DEBUG] Failure to find org.eclipse.platform:org.eclipse.core.contenttype/maven-metadata.xml in http://maven.inria.fr/artifactory/triskell-public-release was cached in the local repository, resolution will not be reattempted until the update interval of inria has elapsed or updates are forced
[DEBUG] Using transporter WagonTransporter with priority -1.0 for https://stamp-project.github.io/stamp-maven-repository/
[DEBUG] Using connector BasicRepositoryConnector with priority 0.0 for https://stamp-project.github.io/stamp-maven-repository/
Downloading from stamp-maven-repository-mvn-repo: https://stamp-project.github.io/stamp-maven-repository/org/eclipse/platform/org.eclipse.core.contenttype/maven-metadata.xml
[DEBUG] Writing tracking file /home/spirals/danglot/.m2/repository/org/eclipse/platform/org.eclipse.core.contenttype/resolver-status.properties
[DEBUG] Could not find metadata org.eclipse.platform:org.eclipse.core.contenttype/maven-metadata.xml in stamp-maven-repository-mvn-repo (https://stamp-project.github.io/stamp-maven-repository/)
[DEBUG] Could not find metadata org.eclipse.platform:org.eclipse.equinox.preferences/maven-metadata.xml in local (/home/spirals/danglot/.m2/repository)
[DEBUG] Skipped remote request for org.eclipse.platform:org.eclipse.equinox.preferences/maven-metadata.xml, locally cached metadata up-to-date.
[DEBUG] Skipped remote request for org.eclipse.platform:org.eclipse.equinox.preferences/maven-metadata.xml, already updated during this session.
[DEBUG] Failure to find org.eclipse.platform:org.eclipse.equinox.preferences/maven-metadata.xml in https://stamp-project.github.io/stamp-maven-repository/ was cached in the local repository, resolution will not be reattempted until the update interval of stamp-maven-repository-mvn-repo has elapsed or updates are forced
[DEBUG] Failure to find org.eclipse.platform:org.eclipse.equinox.preferences/maven-metadata.xml in https://repo.gradle.org/gradle/libs-releases-local/ was cached in the local repository, resolution will not be reattempted until the update interval of gradle-repo has elapsed or updates are forced
[DEBUG] Failure to find org.eclipse.platform:org.eclipse.equinox.preferences/maven-metadata.xml in https://oss.sonatype.org/content/repositories/snapshots was cached in the local repository, resolution will not be reattempted until the update interval of sonatype-nexus-snapshots has elapsed or updates are forced
[DEBUG] Failure to find org.eclipse.platform:org.eclipse.equinox.preferences/maven-metadata.xml in http://maven.inria.fr/artifactory/spoon-public-snapshot was cached in the local repository, resolution will not be reattempted until the update interval of maven.inria.fr-snapshot has elapsed or updates are forced
[DEBUG] Failure to find org.eclipse.platform:org.eclipse.equinox.preferences/maven-metadata.xml in http://maven.inria.fr/artifactory/triskell-public-release was cached in the local repository, resolution will not be reattempted until the update interval of inria has elapsed or updates are forced
[DEBUG] Could not find metadata org.eclipse.platform:org.eclipse.equinox.registry/maven-metadata.xml in local (/home/spirals/danglot/.m2/repository)
[DEBUG] Skipped remote request for org.eclipse.platform:org.eclipse.equinox.registry/maven-metadata.xml, locally cached metadata up-to-date.
[DEBUG] Skipped remote request for org.eclipse.platform:org.eclipse.equinox.registry/maven-metadata.xml, already updated during this session.
[DEBUG] Failure to find org.eclipse.platform:org.eclipse.equinox.registry/maven-metadata.xml in https://stamp-project.github.io/stamp-maven-repository/ was cached in the local repository, resolution will not be reattempted until the update interval of stamp-maven-repository-mvn-repo has elapsed or updates are forced
[DEBUG] Failure to find org.eclipse.platform:org.eclipse.equinox.registry/maven-metadata.xml in https://repo.gradle.org/gradle/libs-releases-local/ was cached in the local repository, resolution will not be reattempted until the update interval of gradle-repo has elapsed or updates are forced
[DEBUG] Failure to find org.eclipse.platform:org.eclipse.equinox.registry/maven-metadata.xml in https://oss.sonatype.org/content/repositories/snapshots was cached in the local repository, resolution will not be reattempted until the update interval of sonatype-nexus-snapshots has elapsed or updates are forced
[DEBUG] Failure to find org.eclipse.platform:org.eclipse.equinox.registry/maven-metadata.xml in http://maven.inria.fr/artifactory/spoon-public-snapshot was cached in the local repository, resolution will not be reattempted until the update interval of maven.inria.fr-snapshot has elapsed or updates are forced
[DEBUG] Failure to find org.eclipse.platform:org.eclipse.equinox.registry/maven-metadata.xml in http://maven.inria.fr/artifactory/triskell-public-release was cached in the local repository, resolution will not be reattempted until the update interval of inria has elapsed or updates are forced
[DEBUG] Could not find metadata org.eclipse.platform:org.eclipse.equinox.app/maven-metadata.xml in local (/home/spirals/danglot/.m2/repository)
[DEBUG] Skipped remote request for org.eclipse.platform:org.eclipse.equinox.app/maven-metadata.xml, locally cached metadata up-to-date.
[DEBUG] Failure to find org.eclipse.platform:org.eclipse.equinox.app/maven-metadata.xml in https://repo.gradle.org/gradle/libs-releases-local/ was cached in the local repository, resolution will not be reattempted until the update interval of gradle-repo has elapsed or updates are forced
[DEBUG] Failure to find org.eclipse.platform:org.eclipse.equinox.app/maven-metadata.xml in https://oss.sonatype.org/content/repositories/snapshots was cached in the local repository, resolution will not be reattempted until the update interval of sonatype-nexus-snapshots has elapsed or updates are forced
[DEBUG] Failure to find org.eclipse.platform:org.eclipse.equinox.app/maven-metadata.xml in http://maven.inria.fr/artifactory/spoon-public-snapshot was cached in the local repository, resolution will not be reattempted until the update interval of maven.inria.fr-snapshot has elapsed or updates are forced
[DEBUG] Failure to find org.eclipse.platform:org.eclipse.equinox.app/maven-metadata.xml in http://maven.inria.fr/artifactory/triskell-public-release was cached in the local repository, resolution will not be reattempted until the update interval of inria has elapsed or updates are forced
[DEBUG] Using transporter WagonTransporter with priority -1.0 for https://stamp-project.github.io/stamp-maven-repository/
[DEBUG] Using connector BasicRepositoryConnector with priority 0.0 for https://stamp-project.github.io/stamp-maven-repository/
Downloading from stamp-maven-repository-mvn-repo: https://stamp-project.github.io/stamp-maven-repository/org/eclipse/platform/org.eclipse.equinox.app/maven-metadata.xml
[DEBUG] Writing tracking file /home/spirals/danglot/.m2/repository/org/eclipse/platform/org.eclipse.equinox.app/resolver-status.properties
[DEBUG] Could not find metadata org.eclipse.platform:org.eclipse.equinox.app/maven-metadata.xml in stamp-maven-repository-mvn-repo (https://stamp-project.github.io/stamp-maven-repository/)
[DEBUG] Could not find metadata org.eclipse.platform:org.eclipse.equinox.registry/maven-metadata.xml in local (/home/spirals/danglot/.m2/repository)
[DEBUG] Skipped remote request for org.eclipse.platform:org.eclipse.equinox.registry/maven-metadata.xml, locally cached metadata up-to-date.
[DEBUG] Skipped remote request for org.eclipse.platform:org.eclipse.equinox.registry/maven-metadata.xml, already updated during this session.
[DEBUG] Failure to find org.eclipse.platform:org.eclipse.equinox.registry/maven-metadata.xml in https://stamp-project.github.io/stamp-maven-repository/ was cached in the local repository, resolution will not be reattempted until the update interval of stamp-maven-repository-mvn-repo has elapsed or updates are forced
[DEBUG] Failure to find org.eclipse.platform:org.eclipse.equinox.registry/maven-metadata.xml in https://repo.gradle.org/gradle/libs-releases-local/ was cached in the local repository, resolution will not be reattempted until the update interval of gradle-repo has elapsed or updates are forced
[DEBUG] Failure to find org.eclipse.platform:org.eclipse.equinox.registry/maven-metadata.xml in https://oss.sonatype.org/content/repositories/snapshots was cached in the local repository, resolution will not be reattempted until the update interval of sonatype-nexus-snapshots has elapsed or updates are forced
[DEBUG] Failure to find org.eclipse.platform:org.eclipse.equinox.registry/maven-metadata.xml in http://maven.inria.fr/artifactory/spoon-public-snapshot was cached in the local repository, resolution will not be reattempted until the update interval of maven.inria.fr-snapshot has elapsed or updates are forced
[DEBUG] Failure to find org.eclipse.platform:org.eclipse.equinox.registry/maven-metadata.xml in http://maven.inria.fr/artifactory/triskell-public-release was cached in the local repository, resolution will not be reattempted until the update interval of inria has elapsed or updates are forced
[DEBUG] Could not find metadata org.eclipse.platform:org.eclipse.osgi/maven-metadata.xml in local (/home/spirals/danglot/.m2/repository)
[DEBUG] Skipped remote request for org.eclipse.platform:org.eclipse.osgi/maven-metadata.xml, locally cached metadata up-to-date.
[DEBUG] Skipped remote request for org.eclipse.platform:org.eclipse.osgi/maven-metadata.xml, already updated during this session.
[DEBUG] Failure to find org.eclipse.platform:org.eclipse.osgi/maven-metadata.xml in https://stamp-project.github.io/stamp-maven-repository/ was cached in the local repository, resolution will not be reattempted until the update interval of stamp-maven-repository-mvn-repo has elapsed or updates are forced
[DEBUG] Failure to find org.eclipse.platform:org.eclipse.osgi/maven-metadata.xml in https://repo.gradle.org/gradle/libs-releases-local/ was cached in the local repository, resolution will not be reattempted until the update interval of gradle-repo has elapsed or updates are forced
[DEBUG] Failure to find org.eclipse.platform:org.eclipse.osgi/maven-metadata.xml in https://oss.sonatype.org/content/repositories/snapshots was cached in the local repository, resolution will not be reattempted until the update interval of sonatype-nexus-snapshots has elapsed or updates are forced
[DEBUG] Failure to find org.eclipse.platform:org.eclipse.osgi/maven-metadata.xml in http://maven.inria.fr/artifactory/spoon-public-snapshot was cached in the local repository, resolution will not be reattempted until the update interval of maven.inria.fr-snapshot has elapsed or updates are forced
[DEBUG] Failure to find org.eclipse.platform:org.eclipse.osgi/maven-metadata.xml in http://maven.inria.fr/artifactory/triskell-public-release was cached in the local repository, resolution will not be reattempted until the update interval of inria has elapsed or updates are forced
[DEBUG] Could not find metadata org.eclipse.platform:org.eclipse.equinox.common/maven-metadata.xml in local (/home/spirals/danglot/.m2/repository)
[DEBUG] Skipped remote request for org.eclipse.platform:org.eclipse.equinox.common/maven-metadata.xml, locally cached metadata up-to-date.
[DEBUG] Skipped remote request for org.eclipse.platform:org.eclipse.equinox.common/maven-metadata.xml, already updated during this session.
[DEBUG] Failure to find org.eclipse.platform:org.eclipse.equinox.common/maven-metadata.xml in https://stamp-project.github.io/stamp-maven-repository/ was cached in the local repository, resolution will not be reattempted until the update interval of stamp-maven-repository-mvn-repo has elapsed or updates are forced
[DEBUG] Failure to find org.eclipse.platform:org.eclipse.equinox.common/maven-metadata.xml in https://repo.gradle.org/gradle/libs-releases-local/ was cached in the local repository, resolution will not be reattempted until the update interval of gradle-repo has elapsed or updates are forced
[DEBUG] Failure to find org.eclipse.platform:org.eclipse.equinox.common/maven-metadata.xml in https://oss.sonatype.org/content/repositories/snapshots was cached in the local repository, resolution will not be reattempted until the update interval of sonatype-nexus-snapshots has elapsed or updates are forced
[DEBUG] Failure to find org.eclipse.platform:org.eclipse.equinox.common/maven-metadata.xml in http://maven.inria.fr/artifactory/spoon-public-snapshot was cached in the local repository, resolution will not be reattempted until the update interval of maven.inria.fr-snapshot has elapsed or updates are forced
[DEBUG] Failure to find org.eclipse.platform:org.eclipse.equinox.common/maven-metadata.xml in http://maven.inria.fr/artifactory/triskell-public-release was cached in the local repository, resolution will not be reattempted until the update interval of inria has elapsed or updates are forced
[DEBUG] Could not find metadata org.eclipse.platform:org.eclipse.core.jobs/maven-metadata.xml in local (/home/spirals/danglot/.m2/repository)
[DEBUG] Skipped remote request for org.eclipse.platform:org.eclipse.core.jobs/maven-metadata.xml, locally cached metadata up-to-date.
[DEBUG] Skipped remote request for org.eclipse.platform:org.eclipse.core.jobs/maven-metadata.xml, already updated during this session.
[DEBUG] Failure to find org.eclipse.platform:org.eclipse.core.jobs/maven-metadata.xml in https://stamp-project.github.io/stamp-maven-repository/ was cached in the local repository, resolution will not be reattempted until the update interval of stamp-maven-repository-mvn-repo has elapsed or updates are forced
[DEBUG] Failure to find org.eclipse.platform:org.eclipse.core.jobs/maven-metadata.xml in https://repo.gradle.org/gradle/libs-releases-local/ was cached in the local repository, resolution will not be reattempted until the update interval of gradle-repo has elapsed or updates are forced
[DEBUG] Failure to find org.eclipse.platform:org.eclipse.core.jobs/maven-metadata.xml in https://oss.sonatype.org/content/repositories/snapshots was cached in the local repository, resolution will not be reattempted until the update interval of sonatype-nexus-snapshots has elapsed or updates are forced
[DEBUG] Failure to find org.eclipse.platform:org.eclipse.core.jobs/maven-metadata.xml in http://maven.inria.fr/artifactory/spoon-public-snapshot was cached in the local repository, resolution will not be reattempted until the update interval of maven.inria.fr-snapshot has elapsed or updates are forced
[DEBUG] Failure to find org.eclipse.platform:org.eclipse.core.jobs/maven-metadata.xml in http://maven.inria.fr/artifactory/triskell-public-release was cached in the local repository, resolution will not be reattempted until the update interval of inria has elapsed or updates are forced
[DEBUG] Could not find metadata org.eclipse.platform:org.eclipse.equinox.preferences/maven-metadata.xml in local (/home/spirals/danglot/.m2/repository)
[DEBUG] Skipped remote request for org.eclipse.platform:org.eclipse.equinox.preferences/maven-metadata.xml, locally cached metadata up-to-date.
[DEBUG] Skipped remote request for org.eclipse.platform:org.eclipse.equinox.preferences/maven-metadata.xml, already updated during this session.
[DEBUG] Failure to find org.eclipse.platform:org.eclipse.equinox.preferences/maven-metadata.xml in https://stamp-project.github.io/stamp-maven-repository/ was cached in the local repository, resolution will not be reattempted until the update interval of stamp-maven-repository-mvn-repo has elapsed or updates are forced
[DEBUG] Failure to find org.eclipse.platform:org.eclipse.equinox.preferences/maven-metadata.xml in https://repo.gradle.org/gradle/libs-releases-local/ was cached in the local repository, resolution will not be reattempted until the update interval of gradle-repo has elapsed or updates are forced
[DEBUG] Failure to find org.eclipse.platform:org.eclipse.equinox.preferences/maven-metadata.xml in https://oss.sonatype.org/content/repositories/snapshots was cached in the local repository, resolution will not be reattempted until the update interval of sonatype-nexus-snapshots has elapsed or updates are forced
[DEBUG] Failure to find org.eclipse.platform:org.eclipse.equinox.preferences/maven-metadata.xml in http://maven.inria.fr/artifactory/spoon-public-snapshot was cached in the local repository, resolution will not be reattempted until the update interval of maven.inria.fr-snapshot has elapsed or updates are forced
[DEBUG] Failure to find org.eclipse.platform:org.eclipse.equinox.preferences/maven-metadata.xml in http://maven.inria.fr/artifactory/triskell-public-release was cached in the local repository, resolution will not be reattempted until the update interval of inria has elapsed or updates are forced
[DEBUG] Could not find metadata org.eclipse.platform:org.eclipse.core.contenttype/maven-metadata.xml in local (/home/spirals/danglot/.m2/repository)
[DEBUG] Skipped remote request for org.eclipse.platform:org.eclipse.core.contenttype/maven-metadata.xml, locally cached metadata up-to-date.
[DEBUG] Skipped remote request for org.eclipse.platform:org.eclipse.core.contenttype/maven-metadata.xml, already updated during this session.
[DEBUG] Failure to find org.eclipse.platform:org.eclipse.core.contenttype/maven-metadata.xml in https://stamp-project.github.io/stamp-maven-repository/ was cached in the local repository, resolution will not be reattempted until the update interval of stamp-maven-repository-mvn-repo has elapsed or updates are forced
[DEBUG] Failure to find org.eclipse.platform:org.eclipse.core.contenttype/maven-metadata.xml in https://repo.gradle.org/gradle/libs-releases-local/ was cached in the local repository, resolution will not be reattempted until the update interval of gradle-repo has elapsed or updates are forced
[DEBUG] Failure to find org.eclipse.platform:org.eclipse.core.contenttype/maven-metadata.xml in https://oss.sonatype.org/content/repositories/snapshots was cached in the local repository, resolution will not be reattempted until the update interval of sonatype-nexus-snapshots has elapsed or updates are forced
[DEBUG] Failure to find org.eclipse.platform:org.eclipse.core.contenttype/maven-metadata.xml in http://maven.inria.fr/artifactory/spoon-public-snapshot was cached in the local repository, resolution will not be reattempted until the update interval of maven.inria.fr-snapshot has elapsed or updates are forced
[DEBUG] Failure to find org.eclipse.platform:org.eclipse.core.contenttype/maven-metadata.xml in http://maven.inria.fr/artifactory/triskell-public-release was cached in the local repository, resolution will not be reattempted until the update interval of inria has elapsed or updates are forced
[DEBUG] Could not find metadata org.eclipse.platform:org.eclipse.equinox.app/maven-metadata.xml in local (/home/spirals/danglot/.m2/repository)
[DEBUG] Skipped remote request for org.eclipse.platform:org.eclipse.equinox.app/maven-metadata.xml, locally cached metadata up-to-date.
[DEBUG] Skipped remote request for org.eclipse.platform:org.eclipse.equinox.app/maven-metadata.xml, already updated during this session.
[DEBUG] Failure to find org.eclipse.platform:org.eclipse.equinox.app/maven-metadata.xml in https://stamp-project.github.io/stamp-maven-repository/ was cached in the local repository, resolution will not be reattempted until the update interval of stamp-maven-repository-mvn-repo has elapsed or updates are forced
[DEBUG] Failure to find org.eclipse.platform:org.eclipse.equinox.app/maven-metadata.xml in https://repo.gradle.org/gradle/libs-releases-local/ was cached in the local repository, resolution will not be reattempted until the update interval of gradle-repo has elapsed or updates are forced
[DEBUG] Failure to find org.eclipse.platform:org.eclipse.equinox.app/maven-metadata.xml in https://oss.sonatype.org/content/repositories/snapshots was cached in the local repository, resolution will not be reattempted until the update interval of sonatype-nexus-snapshots has elapsed or updates are forced
[DEBUG] Failure to find org.eclipse.platform:org.eclipse.equinox.app/maven-metadata.xml in http://maven.inria.fr/artifactory/spoon-public-snapshot was cached in the local repository, resolution will not be reattempted until the update interval of maven.inria.fr-snapshot has elapsed or updates are forced
[DEBUG] Failure to find org.eclipse.platform:org.eclipse.equinox.app/maven-metadata.xml in http://maven.inria.fr/artifactory/triskell-public-release was cached in the local repository, resolution will not be reattempted until the update interval of inria has elapsed or updates are forced
[DEBUG] Could not find metadata org.eclipse.platform:org.eclipse.core.filesystem/maven-metadata.xml in local (/home/spirals/danglot/.m2/repository)
[DEBUG] Skipped remote request for org.eclipse.platform:org.eclipse.core.filesystem/maven-metadata.xml, locally cached metadata up-to-date.
[DEBUG] Failure to find org.eclipse.platform:org.eclipse.core.filesystem/maven-metadata.xml in https://repo.gradle.org/gradle/libs-releases-local/ was cached in the local repository, resolution will not be reattempted until the update interval of gradle-repo has elapsed or updates are forced
[DEBUG] Failure to find org.eclipse.platform:org.eclipse.core.filesystem/maven-metadata.xml in https://oss.sonatype.org/content/repositories/snapshots was cached in the local repository, resolution will not be reattempted until the update interval of sonatype-nexus-snapshots has elapsed or updates are forced
[DEBUG] Failure to find org.eclipse.platform:org.eclipse.core.filesystem/maven-metadata.xml in http://maven.inria.fr/artifactory/spoon-public-snapshot was cached in the local repository, resolution will not be reattempted until the update interval of maven.inria.fr-snapshot has elapsed or updates are forced
[DEBUG] Failure to find org.eclipse.platform:org.eclipse.core.filesystem/maven-metadata.xml in http://maven.inria.fr/artifactory/triskell-public-release was cached in the local repository, resolution will not be reattempted until the update interval of inria has elapsed or updates are forced
[DEBUG] Using transporter WagonTransporter with priority -1.0 for https://stamp-project.github.io/stamp-maven-repository/
[DEBUG] Using connector BasicRepositoryConnector with priority 0.0 for https://stamp-project.github.io/stamp-maven-repository/
Downloading from stamp-maven-repository-mvn-repo: https://stamp-project.github.io/stamp-maven-repository/org/eclipse/platform/org.eclipse.core.filesystem/maven-metadata.xml
[DEBUG] Writing tracking file /home/spirals/danglot/.m2/repository/org/eclipse/platform/org.eclipse.core.filesystem/resolver-status.properties
[DEBUG] Could not find metadata org.eclipse.platform:org.eclipse.core.filesystem/maven-metadata.xml in stamp-maven-repository-mvn-repo (https://stamp-project.github.io/stamp-maven-repository/)
[DEBUG] Could not find metadata org.eclipse.platform:org.eclipse.osgi/maven-metadata.xml in local (/home/spirals/danglot/.m2/repository)
[DEBUG] Skipped remote request for org.eclipse.platform:org.eclipse.osgi/maven-metadata.xml, locally cached metadata up-to-date.
[DEBUG] Skipped remote request for org.eclipse.platform:org.eclipse.osgi/maven-metadata.xml, already updated during this session.
[DEBUG] Failure to find org.eclipse.platform:org.eclipse.osgi/maven-metadata.xml in https://stamp-project.github.io/stamp-maven-repository/ was cached in the local repository, resolution will not be reattempted until the update interval of stamp-maven-repository-mvn-repo has elapsed or updates are forced
[DEBUG] Failure to find org.eclipse.platform:org.eclipse.osgi/maven-metadata.xml in https://repo.gradle.org/gradle/libs-releases-local/ was cached in the local repository, resolution will not be reattempted until the update interval of gradle-repo has elapsed or updates are forced
[DEBUG] Failure to find org.eclipse.platform:org.eclipse.osgi/maven-metadata.xml in https://oss.sonatype.org/content/repositories/snapshots was cached in the local repository, resolution will not be reattempted until the update interval of sonatype-nexus-snapshots has elapsed or updates are forced
[DEBUG] Failure to find org.eclipse.platform:org.eclipse.osgi/maven-metadata.xml in http://maven.inria.fr/artifactory/spoon-public-snapshot was cached in the local repository, resolution will not be reattempted until the update interval of maven.inria.fr-snapshot has elapsed or updates are forced
[DEBUG] Failure to find org.eclipse.platform:org.eclipse.osgi/maven-metadata.xml in http://maven.inria.fr/artifactory/triskell-public-release was cached in the local repository, resolution will not be reattempted until the update interval of inria has elapsed or updates are forced
[DEBUG] Could not find metadata org.eclipse.platform:org.eclipse.core.runtime/maven-metadata.xml in local (/home/spirals/danglot/.m2/repository)
[DEBUG] Skipped remote request for org.eclipse.platform:org.eclipse.core.runtime/maven-metadata.xml, locally cached metadata up-to-date.
[DEBUG] Skipped remote request for org.eclipse.platform:org.eclipse.core.runtime/maven-metadata.xml, already updated during this session.
[DEBUG] Failure to find org.eclipse.platform:org.eclipse.core.runtime/maven-metadata.xml in https://stamp-project.github.io/stamp-maven-repository/ was cached in the local repository, resolution will not be reattempted until the update interval of stamp-maven-repository-mvn-repo has elapsed or updates are forced
[DEBUG] Failure to find org.eclipse.platform:org.eclipse.core.runtime/maven-metadata.xml in https://repo.gradle.org/gradle/libs-releases-local/ was cached in the local repository, resolution will not be reattempted until the update interval of gradle-repo has elapsed or updates are forced
[DEBUG] Failure to find org.eclipse.platform:org.eclipse.core.runtime/maven-metadata.xml in https://oss.sonatype.org/content/repositories/snapshots was cached in the local repository, resolution will not be reattempted until the update interval of sonatype-nexus-snapshots has elapsed or updates are forced
[DEBUG] Failure to find org.eclipse.platform:org.eclipse.core.runtime/maven-metadata.xml in http://maven.inria.fr/artifactory/spoon-public-snapshot was cached in the local repository, resolution will not be reattempted until the update interval of maven.inria.fr-snapshot has elapsed or updates are forced
[DEBUG] Failure to find org.eclipse.platform:org.eclipse.core.runtime/maven-metadata.xml in http://maven.inria.fr/artifactory/triskell-public-release was cached in the local repository, resolution will not be reattempted until the update interval of inria has elapsed or updates are forced
[DEBUG] Could not find metadata org.eclipse.platform:org.eclipse.core.runtime/maven-metadata.xml in local (/home/spirals/danglot/.m2/repository)
[DEBUG] Skipped remote request for org.eclipse.platform:org.eclipse.core.runtime/maven-metadata.xml, locally cached metadata up-to-date.
[DEBUG] Skipped remote request for org.eclipse.platform:org.eclipse.core.runtime/maven-metadata.xml, already updated during this session.
[DEBUG] Failure to find org.eclipse.platform:org.eclipse.core.runtime/maven-metadata.xml in https://stamp-project.github.io/stamp-maven-repository/ was cached in the local repository, resolution will not be reattempted until the update interval of stamp-maven-repository-mvn-repo has elapsed or updates are forced
[DEBUG] Failure to find org.eclipse.platform:org.eclipse.core.runtime/maven-metadata.xml in https://repo.gradle.org/gradle/libs-releases-local/ was cached in the local repository, resolution will not be reattempted until the update interval of gradle-repo has elapsed or updates are forced
[DEBUG] Failure to find org.eclipse.platform:org.eclipse.core.runtime/maven-metadata.xml in https://oss.sonatype.org/content/repositories/snapshots was cached in the local repository, resolution will not be reattempted until the update interval of sonatype-nexus-snapshots has elapsed or updates are forced
[DEBUG] Failure to find org.eclipse.platform:org.eclipse.core.runtime/maven-metadata.xml in http://maven.inria.fr/artifactory/spoon-public-snapshot was cached in the local repository, resolution will not be reattempted until the update interval of maven.inria.fr-snapshot has elapsed or updates are forced
[DEBUG] Failure to find org.eclipse.platform:org.eclipse.core.runtime/maven-metadata.xml in http://maven.inria.fr/artifactory/triskell-public-release was cached in the local repository, resolution will not be reattempted until the update interval of inria has elapsed or updates are forced
[DEBUG] Could not find metadata org.eclipse.platform:org.eclipse.core.filesystem/maven-metadata.xml in local (/home/spirals/danglot/.m2/repository)
[DEBUG] Skipped remote request for org.eclipse.platform:org.eclipse.core.filesystem/maven-metadata.xml, locally cached metadata up-to-date.
[DEBUG] Skipped remote request for org.eclipse.platform:org.eclipse.core.filesystem/maven-metadata.xml, already updated during this session.
[DEBUG] Failure to find org.eclipse.platform:org.eclipse.core.filesystem/maven-metadata.xml in https://stamp-project.github.io/stamp-maven-repository/ was cached in the local repository, resolution will not be reattempted until the update interval of stamp-maven-repository-mvn-repo has elapsed or updates are forced
[DEBUG] Failure to find org.eclipse.platform:org.eclipse.core.filesystem/maven-metadata.xml in https://repo.gradle.org/gradle/libs-releases-local/ was cached in the local repository, resolution will not be reattempted until the update interval of gradle-repo has elapsed or updates are forced
[DEBUG] Failure to find org.eclipse.platform:org.eclipse.core.filesystem/maven-metadata.xml in https://oss.sonatype.org/content/repositories/snapshots was cached in the local repository, resolution will not be reattempted until the update interval of sonatype-nexus-snapshots has elapsed or updates are forced
[DEBUG] Failure to find org.eclipse.platform:org.eclipse.core.filesystem/maven-metadata.xml in http://maven.inria.fr/artifactory/spoon-public-snapshot was cached in the local repository, resolution will not be reattempted until the update interval of maven.inria.fr-snapshot has elapsed or updates are forced
[DEBUG] Failure to find org.eclipse.platform:org.eclipse.core.filesystem/maven-metadata.xml in http://maven.inria.fr/artifactory/triskell-public-release was cached in the local repository, resolution will not be reattempted until the update interval of inria has elapsed or updates are forced
[DEBUG] Could not find metadata org.eclipse.platform:org.eclipse.text/maven-metadata.xml in local (/home/spirals/danglot/.m2/repository)
[DEBUG] Skipped remote request for org.eclipse.platform:org.eclipse.text/maven-metadata.xml, locally cached metadata up-to-date.
[DEBUG] Failure to find org.eclipse.platform:org.eclipse.text/maven-metadata.xml in https://repo.gradle.org/gradle/libs-releases-local/ was cached in the local repository, resolution will not be reattempted until the update interval of gradle-repo has elapsed or updates are forced
[DEBUG] Failure to find org.eclipse.platform:org.eclipse.text/maven-metadata.xml in https://oss.sonatype.org/content/repositories/snapshots was cached in the local repository, resolution will not be reattempted until the update interval of sonatype-nexus-snapshots has elapsed or updates are forced
[DEBUG] Failure to find org.eclipse.platform:org.eclipse.text/maven-metadata.xml in http://maven.inria.fr/artifactory/spoon-public-snapshot was cached in the local repository, resolution will not be reattempted until the update interval of maven.inria.fr-snapshot has elapsed or updates are forced
[DEBUG] Failure to find org.eclipse.platform:org.eclipse.text/maven-metadata.xml in http://maven.inria.fr/artifactory/triskell-public-release was cached in the local repository, resolution will not be reattempted until the update interval of inria has elapsed or updates are forced
[DEBUG] Using transporter WagonTransporter with priority -1.0 for https://stamp-project.github.io/stamp-maven-repository/
[DEBUG] Using connector BasicRepositoryConnector with priority 0.0 for https://stamp-project.github.io/stamp-maven-repository/
Downloading from stamp-maven-repository-mvn-repo: https://stamp-project.github.io/stamp-maven-repository/org/eclipse/platform/org.eclipse.text/maven-metadata.xml
[DEBUG] Writing tracking file /home/spirals/danglot/.m2/repository/org/eclipse/platform/org.eclipse.text/resolver-status.properties
[DEBUG] Could not find metadata org.eclipse.platform:org.eclipse.text/maven-metadata.xml in stamp-maven-repository-mvn-repo (https://stamp-project.github.io/stamp-maven-repository/)
[DEBUG] Could not find metadata org.eclipse.platform:org.eclipse.core.commands/maven-metadata.xml in local (/home/spirals/danglot/.m2/repository)
[DEBUG] Skipped remote request for org.eclipse.platform:org.eclipse.core.commands/maven-metadata.xml, locally cached metadata up-to-date.
[DEBUG] Failure to find org.eclipse.platform:org.eclipse.core.commands/maven-metadata.xml in https://repo.gradle.org/gradle/libs-releases-local/ was cached in the local repository, resolution will not be reattempted until the update interval of gradle-repo has elapsed or updates are forced
[DEBUG] Failure to find org.eclipse.platform:org.eclipse.core.commands/maven-metadata.xml in https://oss.sonatype.org/content/repositories/snapshots was cached in the local repository, resolution will not be reattempted until the update interval of sonatype-nexus-snapshots has elapsed or updates are forced
[DEBUG] Failure to find org.eclipse.platform:org.eclipse.core.commands/maven-metadata.xml in http://maven.inria.fr/artifactory/spoon-public-snapshot was cached in the local repository, resolution will not be reattempted until the update interval of maven.inria.fr-snapshot has elapsed or updates are forced
[DEBUG] Failure to find org.eclipse.platform:org.eclipse.core.commands/maven-metadata.xml in http://maven.inria.fr/artifactory/triskell-public-release was cached in the local repository, resolution will not be reattempted until the update interval of inria has elapsed or updates are forced
[DEBUG] Using transporter WagonTransporter with priority -1.0 for https://stamp-project.github.io/stamp-maven-repository/
[DEBUG] Using connector BasicRepositoryConnector with priority 0.0 for https://stamp-project.github.io/stamp-maven-repository/
Downloading from stamp-maven-repository-mvn-repo: https://stamp-project.github.io/stamp-maven-repository/org/eclipse/platform/org.eclipse.core.commands/maven-metadata.xml
[DEBUG] Writing tracking file /home/spirals/danglot/.m2/repository/org/eclipse/platform/org.eclipse.core.commands/resolver-status.properties
[DEBUG] Could not find metadata org.eclipse.platform:org.eclipse.core.commands/maven-metadata.xml in stamp-maven-repository-mvn-repo (https://stamp-project.github.io/stamp-maven-repository/)
[DEBUG] Could not find metadata org.eclipse.platform:org.eclipse.equinox.common/maven-metadata.xml in local (/home/spirals/danglot/.m2/repository)
[DEBUG] Skipped remote request for org.eclipse.platform:org.eclipse.equinox.common/maven-metadata.xml, locally cached metadata up-to-date.
[DEBUG] Skipped remote request for org.eclipse.platform:org.eclipse.equinox.common/maven-metadata.xml, already updated during this session.
[DEBUG] Failure to find org.eclipse.platform:org.eclipse.equinox.common/maven-metadata.xml in https://stamp-project.github.io/stamp-maven-repository/ was cached in the local repository, resolution will not be reattempted until the update interval of stamp-maven-repository-mvn-repo has elapsed or updates are forced
[DEBUG] Failure to find org.eclipse.platform:org.eclipse.equinox.common/maven-metadata.xml in https://repo.gradle.org/gradle/libs-releases-local/ was cached in the local repository, resolution will not be reattempted until the update interval of gradle-repo has elapsed or updates are forced
[DEBUG] Failure to find org.eclipse.platform:org.eclipse.equinox.common/maven-metadata.xml in https://oss.sonatype.org/content/repositories/snapshots was cached in the local repository, resolution will not be reattempted until the update interval of sonatype-nexus-snapshots has elapsed or updates are forced
[DEBUG] Failure to find org.eclipse.platform:org.eclipse.equinox.common/maven-metadata.xml in http://maven.inria.fr/artifactory/spoon-public-snapshot was cached in the local repository, resolution will not be reattempted until the update interval of maven.inria.fr-snapshot has elapsed or updates are forced
[DEBUG] Failure to find org.eclipse.platform:org.eclipse.equinox.common/maven-metadata.xml in http://maven.inria.fr/artifactory/triskell-public-release was cached in the local repository, resolution will not be reattempted until the update interval of inria has elapsed or updates are forced
[DEBUG] Could not find metadata org.eclipse.platform:org.eclipse.core.runtime/maven-metadata.xml in local (/home/spirals/danglot/.m2/repository)
[DEBUG] Skipped remote request for org.eclipse.platform:org.eclipse.core.runtime/maven-metadata.xml, locally cached metadata up-to-date.
[DEBUG] Skipped remote request for org.eclipse.platform:org.eclipse.core.runtime/maven-metadata.xml, already updated during this session.
[DEBUG] Failure to find org.eclipse.platform:org.eclipse.core.runtime/maven-metadata.xml in https://stamp-project.github.io/stamp-maven-repository/ was cached in the local repository, resolution will not be reattempted until the update interval of stamp-maven-repository-mvn-repo has elapsed or updates are forced
[DEBUG] Failure to find org.eclipse.platform:org.eclipse.core.runtime/maven-metadata.xml in https://repo.gradle.org/gradle/libs-releases-local/ was cached in the local repository, resolution will not be reattempted until the update interval of gradle-repo has elapsed or updates are forced
[DEBUG] Failure to find org.eclipse.platform:org.eclipse.core.runtime/maven-metadata.xml in https://oss.sonatype.org/content/repositories/snapshots was cached in the local repository, resolution will not be reattempted until the update interval of sonatype-nexus-snapshots has elapsed or updates are forced
[DEBUG] Failure to find org.eclipse.platform:org.eclipse.core.runtime/maven-metadata.xml in http://maven.inria.fr/artifactory/spoon-public-snapshot was cached in the local repository, resolution will not be reattempted until the update interval of maven.inria.fr-snapshot has elapsed or updates are forced
[DEBUG] Failure to find org.eclipse.platform:org.eclipse.core.runtime/maven-metadata.xml in http://maven.inria.fr/artifactory/triskell-public-release was cached in the local repository, resolution will not be reattempted until the update interval of inria has elapsed or updates are forced
[DEBUG] Dependency collection stats: {ConflictMarker.analyzeTime=5650043, ConflictMarker.markTime=1473456, ConflictMarker.nodeCount=672, ConflictIdSorter.graphTime=4656789, ConflictIdSorter.topsortTime=243792, ConflictIdSorter.conflictIdCount=98, ConflictIdSorter.conflictIdCycleCount=0, ConflictResolver.totalTime=22469480, ConflictResolver.conflictItemCount=307, DefaultDependencyCollector.collectTime=5278499641, DefaultDependencyCollector.transformTime=34714159}
[DEBUG] eu.stamp-project:dspot-maven:jar:1.1.1-SNAPSHOT:
[DEBUG]    eu.stamp-project:dspot:jar:1.1.1-SNAPSHOT:compile
[DEBUG]       fr.inria.gforge.spoon:spoon-core:jar:7.1.0-SNAPSHOT:compile
[DEBUG]          org.eclipse.jdt:org.eclipse.jdt.core:jar:3.13.102:compile
[DEBUG]             org.eclipse.platform:org.eclipse.core.resources:jar:3.13.100:compile
[DEBUG]                org.eclipse.platform:org.eclipse.core.expressions:jar:3.6.200:compile
[DEBUG]             org.eclipse.platform:org.eclipse.core.runtime:jar:3.15.0:compile
[DEBUG]                org.eclipse.platform:org.eclipse.osgi:jar:3.13.100:compile
[DEBUG]                org.eclipse.platform:org.eclipse.equinox.common:jar:3.10.100:compile
[DEBUG]                org.eclipse.platform:org.eclipse.core.jobs:jar:3.10.100:compile
[DEBUG]                org.eclipse.platform:org.eclipse.equinox.registry:jar:3.8.100:compile
[DEBUG]                org.eclipse.platform:org.eclipse.equinox.preferences:jar:3.7.200:compile
[DEBUG]                org.eclipse.platform:org.eclipse.core.contenttype:jar:3.7.100:compile
[DEBUG]                org.eclipse.platform:org.eclipse.equinox.app:jar:1.3.600:compile
[DEBUG]             org.eclipse.platform:org.eclipse.core.filesystem:jar:1.7.200:compile
[DEBUG]             org.eclipse.platform:org.eclipse.text:jar:3.7.0:compile
[DEBUG]                org.eclipse.platform:org.eclipse.core.commands:jar:3.9.200:compile
[DEBUG]          com.martiansoftware:jsap:jar:2.1:compile
[DEBUG]          log4j:log4j:jar:1.2.17:compile
[DEBUG]          com.fasterxml.jackson.core:jackson-databind:jar:2.9.2:compile
[DEBUG]             com.fasterxml.jackson.core:jackson-annotations:jar:2.9.0:compile
[DEBUG]             com.fasterxml.jackson.core:jackson-core:jar:2.9.2:compile
[DEBUG]          org.benf:cfr:jar:0.132.0:compile
[DEBUG]       junit:junit:jar:4.12:compile
[DEBUG]          org.hamcrest:hamcrest-core:jar:1.3:compile
[DEBUG]       com.google.code.gson:gson:jar:2.8.0:compile
[DEBUG]       org.apache.maven.shared:maven-invoker:jar:3.0.0:compile
[DEBUG]       org.slf4j:slf4j-api:jar:1.7.25:compile
[DEBUG]       org.slf4j:slf4j-log4j12:jar:1.7.25:compile
[DEBUG]       org.jacoco:org.jacoco.core:jar:0.7.9:compile
[DEBUG]          org.ow2.asm:asm-debug-all:jar:5.2:compile
[DEBUG]       eu.stamp-project:descartes:jar:1.1:compile
[DEBUG]          org.pitest:pitest:jar:1.2.0:compile
[DEBUG]          org.pitest:pitest-entry:jar:1.2.0:compile
[DEBUG]             com.thoughtworks.xstream:xstream:jar:1.4.8:compile
[DEBUG]                xmlpull:xmlpull:jar:1.1.3.1:compile
[DEBUG]                xpp3:xpp3_min:jar:1.1.4c:compile
[DEBUG]       org.gradle:gradle-tooling-api:jar:4.0.1:compile
[DEBUG]       org.mockito:mockito-core:jar:2.10.0:compile
[DEBUG]          net.bytebuddy:byte-buddy:jar:1.7.4:runtime
[DEBUG]          net.bytebuddy:byte-buddy-agent:jar:1.7.4:runtime
[DEBUG]          org.objenesis:objenesis:jar:2.6:runtime
[DEBUG]       eu.stamp-project:test-runner:jar:jar-with-dependencies:1.1.0:compile
[DEBUG]       org.openclover:clover:jar:4.2.1:compile
[DEBUG]       fr.inria.gforge.spoon.labs:gumtree-spoon-ast-diff:jar:1.3:compile
[DEBUG]          com.github.gumtreediff:core:jar:2.0.0:compile
[DEBUG]             com.github.mpkorstanje:simmetrics-core:jar:3.0.3:compile
[DEBUG]                commons-codec:commons-codec:jar:1.10:compile
[DEBUG]             net.sf.trove4j:trove4j:jar:3.0.3:compile
[DEBUG]    org.apache.maven:maven-plugin-api:jar:3.5.0:compile
[DEBUG]       org.apache.maven:maven-artifact:jar:3.5.0:compile
[DEBUG]       org.eclipse.sisu:org.eclipse.sisu.plexus:jar:0.3.3:compile
[DEBUG]          javax.enterprise:cdi-api:jar:1.0:compile
[DEBUG]             javax.annotation:jsr250-api:jar:1.0:compile
[DEBUG]          org.eclipse.sisu:org.eclipse.sisu.inject:jar:0.3.3:compile
[DEBUG]    org.apache.maven.plugin-testing:maven-plugin-testing-harness:jar:3.3.0:compile
[DEBUG]       commons-io:commons-io:jar:2.2:compile
[DEBUG]       org.codehaus.plexus:plexus-archiver:jar:2.2:compile
[DEBUG]          org.codehaus.plexus:plexus-io:jar:2.0.4:compile
[DEBUG]    org.apache.maven:maven-compat:jar:3.5.0:compile
[DEBUG]       org.apache.maven:maven-model-builder:jar:3.5.0:compile
[DEBUG]          org.apache.maven:maven-builder-support:jar:3.5.0:compile
[DEBUG]          com.google.guava:guava:jar:20.0:compile
[DEBUG]       org.apache.maven:maven-settings:jar:3.5.0:compile
[DEBUG]       org.apache.maven:maven-resolver-provider:jar:3.5.0:compile
[DEBUG]       org.apache.maven.resolver:maven-resolver-api:jar:1.0.3:compile
[DEBUG]       org.apache.maven.resolver:maven-resolver-util:jar:1.0.3:compile
[DEBUG]       org.apache.maven.resolver:maven-resolver-impl:jar:1.0.3:compile
[DEBUG]       org.codehaus.plexus:plexus-utils:jar:3.0.24:compile
[DEBUG]       org.codehaus.plexus:plexus-interpolation:jar:1.24:compile
[DEBUG]       org.codehaus.plexus:plexus-component-annotations:jar:1.7.1:compile
[DEBUG]       org.apache.maven.wagon:wagon-provider-api:jar:2.12:compile
[DEBUG]    org.apache.maven:maven-core:jar:3.5.0:compile
[DEBUG]       org.apache.maven:maven-settings-builder:jar:3.5.0:compile
[DEBUG]       org.apache.maven:maven-repository-metadata:jar:3.5.0:compile
[DEBUG]       org.apache.maven.resolver:maven-resolver-spi:jar:1.0.3:compile
[DEBUG]       org.apache.maven.shared:maven-shared-utils:jar:3.1.0:compile
[DEBUG]       com.google.inject:guice:jar:no_aop:4.0:compile
[DEBUG]          javax.inject:javax.inject:jar:1:compile
[DEBUG]          aopalliance:aopalliance:jar:1.0:compile
[DEBUG]       org.codehaus.plexus:plexus-classworlds:jar:2.5.2:compile
[DEBUG]       org.sonatype.plexus:plexus-sec-dispatcher:jar:1.4:compile
[DEBUG]          org.sonatype.plexus:plexus-cipher:jar:1.4:compile
[DEBUG]       org.apache.commons:commons-lang3:jar:3.5:compile
[DEBUG]    org.apache.maven:maven-model:jar:3.5.0:compile
[DEBUG]    org.apache.maven:maven-aether-provider:jar:3.3.9:compile
[DEBUG]       org.eclipse.aether:aether-api:jar:1.0.2.v20150114:compile
[DEBUG]       org.eclipse.aether:aether-spi:jar:1.0.2.v20150114:compile
[DEBUG]       org.eclipse.aether:aether-util:jar:1.0.2.v20150114:compile
[DEBUG]       org.eclipse.aether:aether-impl:jar:1.0.2.v20150114:compile
[DEBUG]    org.apache.maven:maven-project:jar:2.2.1:compile
[DEBUG]       org.apache.maven:maven-profile:jar:2.2.1:compile
[DEBUG]       org.apache.maven:maven-artifact-manager:jar:2.2.1:compile
[DEBUG]          backport-util-concurrent:backport-util-concurrent:jar:3.1:compile
[DEBUG]       org.apache.maven:maven-plugin-registry:jar:2.2.1:compile
[DEBUG]       org.codehaus.plexus:plexus-container-default:jar:1.0-alpha-9-stable-1:compile
[DEBUG]          classworlds:classworlds:jar:1.1-alpha-2:compile
[DEBUG] Created new class realm plugin>eu.stamp-project:dspot-maven:1.1.1-SNAPSHOT
[DEBUG] Importing foreign packages into class realm plugin>eu.stamp-project:dspot-maven:1.1.1-SNAPSHOT
[DEBUG]   Imported:  < maven.api
[DEBUG] Populating class realm plugin>eu.stamp-project:dspot-maven:1.1.1-SNAPSHOT
[DEBUG]   Included: eu.stamp-project:dspot-maven:jar:1.1.1-SNAPSHOT
[DEBUG]   Included: eu.stamp-project:dspot:jar:1.1.1-SNAPSHOT
[DEBUG]   Included: fr.inria.gforge.spoon:spoon-core:jar:7.1.0-SNAPSHOT
[DEBUG]   Included: org.eclipse.jdt:org.eclipse.jdt.core:jar:3.13.102
[DEBUG]   Included: org.eclipse.platform:org.eclipse.core.resources:jar:3.13.100
[DEBUG]   Included: org.eclipse.platform:org.eclipse.core.expressions:jar:3.6.200
[DEBUG]   Included: org.eclipse.platform:org.eclipse.core.runtime:jar:3.15.0
[DEBUG]   Included: org.eclipse.platform:org.eclipse.osgi:jar:3.13.100
[DEBUG]   Included: org.eclipse.platform:org.eclipse.equinox.common:jar:3.10.100
[DEBUG]   Included: org.eclipse.platform:org.eclipse.core.jobs:jar:3.10.100
[DEBUG]   Included: org.eclipse.platform:org.eclipse.equinox.registry:jar:3.8.100
[DEBUG]   Included: org.eclipse.platform:org.eclipse.equinox.preferences:jar:3.7.200
[DEBUG]   Included: org.eclipse.platform:org.eclipse.core.contenttype:jar:3.7.100
[DEBUG]   Included: org.eclipse.platform:org.eclipse.equinox.app:jar:1.3.600
[DEBUG]   Included: org.eclipse.platform:org.eclipse.core.filesystem:jar:1.7.200
[DEBUG]   Included: org.eclipse.platform:org.eclipse.text:jar:3.7.0
[DEBUG]   Included: org.eclipse.platform:org.eclipse.core.commands:jar:3.9.200
[DEBUG]   Included: com.martiansoftware:jsap:jar:2.1
[DEBUG]   Included: log4j:log4j:jar:1.2.17
[DEBUG]   Included: com.fasterxml.jackson.core:jackson-databind:jar:2.9.2
[DEBUG]   Included: com.fasterxml.jackson.core:jackson-annotations:jar:2.9.0
[DEBUG]   Included: com.fasterxml.jackson.core:jackson-core:jar:2.9.2
[DEBUG]   Included: org.benf:cfr:jar:0.132.0
[DEBUG]   Included: junit:junit:jar:4.12
[DEBUG]   Included: org.hamcrest:hamcrest-core:jar:1.3
[DEBUG]   Included: com.google.code.gson:gson:jar:2.8.0
[DEBUG]   Included: org.apache.maven.shared:maven-invoker:jar:3.0.0
[DEBUG]   Included: org.slf4j:slf4j-log4j12:jar:1.7.25
[DEBUG]   Included: org.jacoco:org.jacoco.core:jar:0.7.9
[DEBUG]   Included: org.ow2.asm:asm-debug-all:jar:5.2
[DEBUG]   Included: eu.stamp-project:descartes:jar:1.1
[DEBUG]   Included: org.pitest:pitest:jar:1.2.0
[DEBUG]   Included: org.pitest:pitest-entry:jar:1.2.0
[DEBUG]   Included: com.thoughtworks.xstream:xstream:jar:1.4.8
[DEBUG]   Included: xmlpull:xmlpull:jar:1.1.3.1
[DEBUG]   Included: xpp3:xpp3_min:jar:1.1.4c
[DEBUG]   Included: org.gradle:gradle-tooling-api:jar:4.0.1
[DEBUG]   Included: org.mockito:mockito-core:jar:2.10.0
[DEBUG]   Included: net.bytebuddy:byte-buddy:jar:1.7.4
[DEBUG]   Included: net.bytebuddy:byte-buddy-agent:jar:1.7.4
[DEBUG]   Included: org.objenesis:objenesis:jar:2.6
[DEBUG]   Included: eu.stamp-project:test-runner:jar:jar-with-dependencies:1.1.0
[DEBUG]   Included: org.openclover:clover:jar:4.2.1
[DEBUG]   Included: fr.inria.gforge.spoon.labs:gumtree-spoon-ast-diff:jar:1.3
[DEBUG]   Included: com.github.gumtreediff:core:jar:2.0.0
[DEBUG]   Included: com.github.mpkorstanje:simmetrics-core:jar:3.0.3
[DEBUG]   Included: commons-codec:commons-codec:jar:1.10
[DEBUG]   Included: net.sf.trove4j:trove4j:jar:3.0.3
[DEBUG]   Included: javax.enterprise:cdi-api:jar:1.0
[DEBUG]   Included: org.eclipse.sisu:org.eclipse.sisu.inject:jar:0.3.3
[DEBUG]   Included: org.apache.maven.plugin-testing:maven-plugin-testing-harness:jar:3.3.0
[DEBUG]   Included: commons-io:commons-io:jar:2.2
[DEBUG]   Included: org.codehaus.plexus:plexus-archiver:jar:2.2
[DEBUG]   Included: org.codehaus.plexus:plexus-io:jar:2.0.4
[DEBUG]   Included: org.apache.maven:maven-builder-support:jar:3.5.0
[DEBUG]   Included: com.google.guava:guava:jar:20.0
[DEBUG]   Included: org.apache.maven.resolver:maven-resolver-util:jar:1.0.3
[DEBUG]   Included: org.codehaus.plexus:plexus-utils:jar:3.0.24
[DEBUG]   Included: org.codehaus.plexus:plexus-interpolation:jar:1.24
[DEBUG]   Included: org.codehaus.plexus:plexus-component-annotations:jar:1.7.1
[DEBUG]   Included: org.apache.maven.shared:maven-shared-utils:jar:3.1.0
[DEBUG]   Included: com.google.inject:guice:jar:no_aop:4.0
[DEBUG]   Included: aopalliance:aopalliance:jar:1.0
[DEBUG]   Included: org.sonatype.plexus:plexus-sec-dispatcher:jar:1.4
[DEBUG]   Included: org.sonatype.plexus:plexus-cipher:jar:1.4
[DEBUG]   Included: org.apache.commons:commons-lang3:jar:3.5
[DEBUG]   Included: org.eclipse.aether:aether-util:jar:1.0.2.v20150114
[DEBUG]   Included: backport-util-concurrent:backport-util-concurrent:jar:3.1
[DEBUG] Configuring mojo eu.stamp-project:dspot-maven:1.1.1-SNAPSHOT:amplify-unit-tests from plugin realm ClassRealm[plugin>eu.stamp-project:dspot-maven:1.1.1-SNAPSHOT, parent: sun.misc.Launcher$AppClassLoader@55f96302]
[DEBUG] Configuring mojo 'eu.stamp-project:dspot-maven:1.1.1-SNAPSHOT:amplify-unit-tests' with basic configurator -->
[DEBUG]   (f) amplifiers = [TestDataMutator, MethodAdd, MethodRemove, MethodGeneratorAmplifier, ReturnValueAmplifier, NullifierAmplifier]
[DEBUG]   (f) automaticBuilder = MavenBuilder
[DEBUG]   (f) budgetizer = SimpleBudgetizer
[DEBUG]   (f) cases = []
[DEBUG]   (f) clean = true
[DEBUG]   (f) descartes = false
[DEBUG]   (f) example = false
[DEBUG]   (f) generateNewTestClass = true
[DEBUG]   (f) help = false
[DEBUG]   (f) iteration = 3
[DEBUG]   (f) maxTestAmplified = 200
[DEBUG]   (f) noMinimize = false
[DEBUG]   (f) outputPath = /tmp/icst-2019/september-2018/result/commons-io/commit_5_703228a/input_amplification
[DEBUG]   (f) pathToSecondVersion = /tmp/icst-2019/september-2018/dataset/commons-io
[DEBUG]   (f) pathToTestListCsv = /tmp/icst-2019/september-2018/result/commons-io/commit_5_703228a/testsThatExecuteTheChanges.csv
[DEBUG]   (f) project = MavenProject: commons-io:commons-io:2.6-SNAPSHOT @ /tmp/icst-2019/september-2018/dataset/commons-io_parent/pom.xml
[DEBUG]   (f) randomSeed = 23
[DEBUG]   (f) test = [all]
[DEBUG]   (f) testCriterion = ChangeDetectorSelector
[DEBUG]   (f) timeOut = 10000
[DEBUG]   (f) useMavenToExeTest = false
[DEBUG]   (f) verbose = true
[DEBUG]   (f) withComment = false
[DEBUG]   (f) workingDirectory = false
[DEBUG] -- end configuration --
[INFO] Path to runner Classes: /home/spirals/danglot/.m2/repository/eu/stamp-project/test-runner/1.1.0/test-runner-1.1.0-jar-with-dependencies.jar
[INFO] /home/spirals/danglot/.m2/repository/org/jacoco/org.jacoco.core/0.7.9/org.jacoco.core-0.7.9.jar
[INFO] /home/spirals/danglot/.m2/repository/org/ow2/asm/asm-debug-all/5.2/asm-debug-all-5.2.jar
[INFO] /home/spirals/danglot/.m2/repository/eu/stamp-project/test-runner/1.1.0/test-runner-1.1.0-jar-with-dependencies.jar
[WARNING] automaticBuilderName: unknown automatic builder specified in configuration, going to default.
[INFO] Default: provided Maven automatic builder.
[INFO] Using /home/spirals/danglot/apache-maven-3.5.4 for maven home
[INFO] run maven: {}/bin/mvn /home/spirals/danglot/apache-maven-3.5.4
[WARN] Maven will be executed in interactive mode, but no input stream has been configured for this MavenInvoker instance.
[INFO] Scanning for projects...
[INFO] 
[INFO] -----------------------< commons-io:commons-io >------------------------
[INFO] Building Apache Commons IO 2.6-SNAPSHOT
[INFO] --------------------------------[ jar ]---------------------------------
[INFO] 
[INFO] --- maven-clean-plugin:3.0.0:clean (default-clean) @ commons-io ---
[INFO] Deleting /tmp/icst-2019/september-2018/dataset/commons-io_parent/target
[INFO] 
[INFO] --- maven-enforcer-plugin:1.4.1:enforce (enforce-maven-3) @ commons-io ---
[INFO] Skipping Rule Enforcement.
[INFO] 
[INFO] --- build-helper-maven-plugin:1.10:parse-version (parse-version) @ commons-io ---
[INFO] 
[INFO] --- maven-antrun-plugin:1.8:run (javadoc.resources) @ commons-io ---
[INFO] Executing tasks

main:
     [copy] Copying 2 files to /tmp/icst-2019/september-2018/dataset/commons-io_parent/target/apidocs/META-INF
[INFO] Executed tasks
[INFO] 
[INFO] --- maven-remote-resources-plugin:1.5:process (process-resource-bundles) @ commons-io ---
[INFO] 
[INFO] --- buildnumber-maven-plugin:1.4:create (default) @ commons-io ---
[INFO] Executing: /bin/sh -c cd '/tmp/icst-2019/september-2018/dataset/commons-io_parent' && 'git' 'rev-parse' '--verify' 'HEAD'
[INFO] Working directory: /tmp/icst-2019/september-2018/dataset/commons-io_parent
[INFO] Storing buildNumber: fcc6361946b1809771e136af566518320006c01e at timestamp: 1538317834405
[INFO] Storing buildScmBranch: master
[INFO] 
[INFO] --- maven-resources-plugin:2.7:resources (default-resources) @ commons-io ---
[INFO] Using 'iso-8859-1' encoding to copy filtered resources.
[INFO] skip non existing resourceDirectory /tmp/icst-2019/september-2018/dataset/commons-io_parent/src/main/resources
[INFO] Copying 2 resources to META-INF
[INFO] 
[INFO] --- maven-compiler-plugin:3.5.1:compile (default-compile) @ commons-io ---
[INFO] Changes detected - recompiling the module!
[INFO] Compiling 118 source files to /tmp/icst-2019/september-2018/dataset/commons-io_parent/target/classes
[INFO] /tmp/icst-2019/september-2018/dataset/commons-io_parent/src/main/java/org/apache/commons/io/FileSystemUtils.java: /tmp/icst-2019/september-2018/dataset/commons-io_parent/src/main/java/org/apache/commons/io/FileSystemUtils.java uses or overrides a deprecated API.
[INFO] /tmp/icst-2019/september-2018/dataset/commons-io_parent/src/main/java/org/apache/commons/io/FileSystemUtils.java: Recompile with -Xlint:deprecation for details.
[INFO] 
[INFO] --- maven-bundle-plugin:3.0.1:manifest (bundle-manifest) @ commons-io ---
[INFO] 
[INFO] --- animal-sniffer-maven-plugin:1.15:check (checkAPIcompatibility) @ commons-io ---
[INFO] Checking unresolved references to org.codehaus.mojo.signature:java17:1.0
[INFO] 
[INFO] --- maven-resources-plugin:2.7:testResources (default-testResources) @ commons-io ---
[INFO] Using 'iso-8859-1' encoding to copy filtered resources.
[INFO] Copying 20 resources
[INFO] Copying 2 resources to META-INF
[INFO] 
[INFO] --- maven-compiler-plugin:3.5.1:testCompile (default-testCompile) @ commons-io ---
[INFO] Changes detected - recompiling the module!
[INFO] Compiling 115 source files to /tmp/icst-2019/september-2018/dataset/commons-io_parent/target/test-classes
[INFO] /tmp/icst-2019/september-2018/dataset/commons-io_parent/src/test/java/org/apache/commons/io/LineIteratorTestCase.java: Some input files use or override a deprecated API.
[INFO] /tmp/icst-2019/september-2018/dataset/commons-io_parent/src/test/java/org/apache/commons/io/LineIteratorTestCase.java: Recompile with -Xlint:deprecation for details.
[INFO] 
[INFO] --- maven-surefire-plugin:2.19.1:test (default-test) @ commons-io ---
[INFO] Tests are skipped.
[INFO] 
[INFO] --- maven-dependency-plugin:2.10:build-classpath (default-cli) @ commons-io ---
[INFO] Wrote classpath file '/tmp/icst-2019/september-2018/dataset/commons-io_parent/target/dspot/classpath'.
[INFO] ------------------------------------------------------------------------
[INFO] BUILD SUCCESS
[INFO] ------------------------------------------------------------------------
[INFO] Total time: 12.640 s
[INFO] Finished at: 2018-09-30T16:30:43+02:00
[INFO] ------------------------------------------------------------------------
[INFO] Using /home/spirals/danglot/apache-maven-3.5.4 for maven home
[INFO] run maven: {}/bin/mvn /home/spirals/danglot/apache-maven-3.5.4
[WARN] Maven will be executed in interactive mode, but no input stream has been configured for this MavenInvoker instance.
[INFO] Scanning for projects...
[INFO] 
[INFO] -----------------------< commons-io:commons-io >------------------------
[INFO] Building Apache Commons IO 2.6-SNAPSHOT
[INFO] --------------------------------[ jar ]---------------------------------
[INFO] 
[INFO] --- maven-clean-plugin:3.0.0:clean (default-clean) @ commons-io ---
[INFO] Deleting /tmp/icst-2019/september-2018/dataset/commons-io/target
[INFO] 
[INFO] --- maven-enforcer-plugin:1.4.1:enforce (enforce-maven-3) @ commons-io ---
[INFO] Skipping Rule Enforcement.
[INFO] 
[INFO] --- build-helper-maven-plugin:1.10:parse-version (parse-version) @ commons-io ---
[INFO] 
[INFO] --- maven-antrun-plugin:1.8:run (javadoc.resources) @ commons-io ---
[INFO] Executing tasks

main:
     [copy] Copying 2 files to /tmp/icst-2019/september-2018/dataset/commons-io/target/apidocs/META-INF
[INFO] Executed tasks
[INFO] 
[INFO] --- maven-remote-resources-plugin:1.5:process (process-resource-bundles) @ commons-io ---
[INFO] 
[INFO] --- buildnumber-maven-plugin:1.4:create (default) @ commons-io ---
[INFO] Executing: /bin/sh -c cd '/tmp/icst-2019/september-2018/dataset/commons-io' && 'git' 'rev-parse' '--verify' 'HEAD'
[INFO] Working directory: /tmp/icst-2019/september-2018/dataset/commons-io
[INFO] Storing buildNumber: 703228a3d40881ea52faada723726b05f6d77b8a at timestamp: 1538317856255
[INFO] Storing buildScmBranch: master
[INFO] 
[INFO] --- maven-resources-plugin:2.7:resources (default-resources) @ commons-io ---
[INFO] Using 'iso-8859-1' encoding to copy filtered resources.
[INFO] skip non existing resourceDirectory /tmp/icst-2019/september-2018/dataset/commons-io/src/main/resources
[INFO] Copying 2 resources to META-INF
[INFO] 
[INFO] --- maven-compiler-plugin:3.5.1:compile (default-compile) @ commons-io ---
[INFO] Changes detected - recompiling the module!
[INFO] Compiling 118 source files to /tmp/icst-2019/september-2018/dataset/commons-io/target/classes
[INFO] /tmp/icst-2019/september-2018/dataset/commons-io/src/main/java/org/apache/commons/io/FileSystemUtils.java: /tmp/icst-2019/september-2018/dataset/commons-io/src/main/java/org/apache/commons/io/FileSystemUtils.java uses or overrides a deprecated API.
[INFO] /tmp/icst-2019/september-2018/dataset/commons-io/src/main/java/org/apache/commons/io/FileSystemUtils.java: Recompile with -Xlint:deprecation for details.
[INFO] 
[INFO] --- maven-bundle-plugin:3.0.1:manifest (bundle-manifest) @ commons-io ---
[INFO] 
[INFO] --- animal-sniffer-maven-plugin:1.15:check (checkAPIcompatibility) @ commons-io ---
[INFO] Checking unresolved references to org.codehaus.mojo.signature:java17:1.0
[INFO] 
[INFO] --- maven-resources-plugin:2.7:testResources (default-testResources) @ commons-io ---
[INFO] Using 'iso-8859-1' encoding to copy filtered resources.
[INFO] Copying 20 resources
[INFO] Copying 2 resources to META-INF
[INFO] 
[INFO] --- maven-compiler-plugin:3.5.1:testCompile (default-testCompile) @ commons-io ---
[INFO] Changes detected - recompiling the module!
[INFO] Compiling 115 source files to /tmp/icst-2019/september-2018/dataset/commons-io/target/test-classes
[INFO] /tmp/icst-2019/september-2018/dataset/commons-io/src/test/java/org/apache/commons/io/output/FileWriterWithEncodingTest.java: Some input files use or override a deprecated API.
[INFO] /tmp/icst-2019/september-2018/dataset/commons-io/src/test/java/org/apache/commons/io/output/FileWriterWithEncodingTest.java: Recompile with -Xlint:deprecation for details.
[INFO] 
[INFO] --- maven-surefire-plugin:2.19.1:test (default-test) @ commons-io ---
[INFO] Tests are skipped.
[INFO] 
[INFO] --- maven-dependency-plugin:2.10:build-classpath (default-cli) @ commons-io ---
[INFO] Wrote classpath file '/tmp/icst-2019/september-2018/dataset/commons-io/target/dspot/classpath'.
[INFO] ------------------------------------------------------------------------
[INFO] BUILD SUCCESS
[INFO] ------------------------------------------------------------------------
[INFO] Total time: 12.980 s
[INFO] Finished at: 2018-09-30T16:31:05+02:00
[INFO] ------------------------------------------------------------------------
[INFO] Amplification of org.apache.commons.io.FilenameUtilsTestCase (8 test(s))
[INFO] Assertion amplification of org.apache.commons.io.FilenameUtilsTestCase (8 test(s))
[INFO] Run: java -classpath /tmp/icst-2019/september-2018/dataset/commons-io_parent/target/test-classes:/tmp/icst-2019/september-2018/dataset/commons-io_parent/target/classes/:/home/spirals/danglot/.m2/repository/junit/junit/4.12/junit-4.12.jar:/home/spirals/danglot/.m2/repository/org/hamcrest/hamcrest-core/1.3/hamcrest-core-1.3.jar:/tmp/icst-2019/september-2018/dataset/commons-io_parent/target/dspot/dependencies/:/home/spirals/danglot/.m2/repository/eu/stamp-project/test-runner/1.1.0/test-runner-1.1.0-jar-with-dependencies.jar eu.stamp_project.testrunner.runner.test.TestRunner org.apache.commons.io.FilenameUtilsTestCase testGetPrefix:testGetFullPathNoEndSeparator:testGetPath:testGetFullPath:testNormalizeNoEndSeparator:testGetPathNoEndSeparator:testGetPrefixLength:testNormalize
File saved to the following path: /tmp/icst-2019/september-2018/dataset/commons-io_parent/target/dspot/TestListener.ser
Loading /tmp/icst-2019/september-2018/dataset/commons-io_parent/target/dspot/TestListener.ser
[INFO] Test has been run: testGetFullPath,testGetPath,testNormalizeNoEndSeparator,testGetPathNoEndSeparator,testNormalize,testGetPrefix,testGetFullPathNoEndSeparator,testGetPrefixLength
[INFO] Run tests. (8)
[INFO] Run: java -classpath /tmp/icst-2019/september-2018/dataset/commons-io_parent/target/test-classes:/tmp/icst-2019/september-2018/dataset/commons-io_parent/target/classes/:/home/spirals/danglot/.m2/repository/junit/junit/4.12/junit-4.12.jar:/home/spirals/danglot/.m2/repository/org/hamcrest/hamcrest-core/1.3/hamcrest-core-1.3.jar:/tmp/icst-2019/september-2018/dataset/commons-io_parent/target/dspot/dependencies/:/home/spirals/danglot/.m2/repository/eu/stamp-project/test-runner/1.1.0/test-runner-1.1.0-jar-with-dependencies.jar eu.stamp_project.testrunner.runner.test.TestRunner org.apache.commons.io.FilenameUtilsTestCase testGetPrefix:testGetFullPathNoEndSeparator:testGetPath:testGetFullPath:testNormalizeNoEndSeparator:testGetPathNoEndSeparator:testGetPrefixLength:testNormalize
File saved to the following path: /tmp/icst-2019/september-2018/dataset/commons-io_parent/target/dspot/TestListener.ser
Loading /tmp/icst-2019/september-2018/dataset/commons-io_parent/target/dspot/TestListener.ser
[INFO] Test has been run: testGetFullPath,testGetPath,testNormalizeNoEndSeparator,testGetPathNoEndSeparator,testNormalize,testGetPrefix,testGetFullPathNoEndSeparator,testGetPrefixLength
[INFO] 8 test pass, generating assertion...
[INFO] Add observations points in passing tests.
[INFO] Instrumentation...
 12% |====== ]/ 25% |============ ]- 37% |================== ]\ 50% |========================= ]| 62% |=============================== ]/ 75% |===================================== ]- 87% |=========================================== ]\100% |================================================== ]|
[INFO] Run instrumented tests. (24)
[INFO] Run: java -classpath /tmp/icst-2019/september-2018/dataset/commons-io_parent/target/test-classes:/tmp/icst-2019/september-2018/dataset/commons-io_parent/target/classes/:/home/spirals/danglot/.m2/repository/junit/junit/4.12/junit-4.12.jar:/home/spirals/danglot/.m2/repository/org/hamcrest/hamcrest-core/1.3/hamcrest-core-1.3.jar:/tmp/icst-2019/september-2018/dataset/commons-io_parent/target/dspot/dependencies/:/home/spirals/danglot/.m2/repository/eu/stamp-project/test-runner/1.1.0/test-runner-1.1.0-jar-with-dependencies.jar eu.stamp_project.testrunner.runner.test.TestRunner org.apache.commons.io.FilenameUtilsTestCase testGetPrefix_withlog0:testGetFullPathNoEndSeparator_withlog0:testGetPath_withlog0:testGetFullPath_withlog0:testNormalizeNoEndSeparator_withlog0:testGetPathNoEndSeparator_withlog0:testGetPrefixLength_withlog0:testNormalize_withlog0:testGetPrefix_withlog1:testGetFullPathNoEndSeparator_withlog1:testGetPath_withlog1:testGetFullPath_withlog1:testNormalizeNoEndSeparator_withlog1:testGetPathNoEndSeparator_withlog1:testGetPrefixLength_withlog1:testNormalize_withlog1:testGetPrefix_withlog2:testGetFullPathNoEndSeparator_withlog2:testGetPath_withlog2:testGetFullPath_withlog2:testNormalizeNoEndSeparator_withlog2:testGetPathNoEndSeparator_withlog2:testGetPrefixLength_withlog2:testNormalize_withlog2
File saved to the following path: /tmp/icst-2019/september-2018/dataset/commons-io_parent/target/dspot/observations.ser
File saved to the following path: /tmp/icst-2019/september-2018/dataset/commons-io_parent/target/dspot/TestListener.ser
Loading /tmp/icst-2019/september-2018/dataset/commons-io_parent/target/dspot/TestListener.ser
[INFO] Test has been run: testGetPrefixLength_withlog0,testGetPrefixLength_withlog1,testGetPrefixLength_withlog2,testGetPathNoEndSeparator_withlog0(org.apache.commons.io.FilenameUtilsTestCase): null,testGetPathNoEndSeparator_withlog1(org.apache.commons.io.FilenameUtilsTestCase): null,testGetPathNoEndSeparator_withlog2(org.apache.commons.io.FilenameUtilsTestCase): null,testNormalizeNoEndSeparator_withlog0(org.apache.commons.io.FilenameUtilsTestCase): null,testNormalizeNoEndSeparator_withlog1(org.apache.commons.io.FilenameUtilsTestCase): null,testNormalizeNoEndSeparator_withlog2(org.apache.commons.io.FilenameUtilsTestCase): null,testGetPrefix_withlog0(org.apache.commons.io.FilenameUtilsTestCase): null,testGetPrefix_withlog1(org.apache.commons.io.FilenameUtilsTestCase): null,testGetPrefix_withlog2(org.apache.commons.io.FilenameUtilsTestCase): null,testGetFullPathNoEndSeparator_withlog0(org.apache.commons.io.FilenameUtilsTestCase): null,testGetFullPathNoEndSeparator_withlog1(org.apache.commons.io.FilenameUtilsTestCase): null,testGetFullPathNoEndSeparator_withlog2(org.apache.commons.io.FilenameUtilsTestCase): null,testNormalize_withlog0(org.apache.commons.io.FilenameUtilsTestCase): null,testNormalize_withlog1(org.apache.commons.io.FilenameUtilsTestCase): null,testNormalize_withlog2(org.apache.commons.io.FilenameUtilsTestCase): null,testGetPath_withlog0(org.apache.commons.io.FilenameUtilsTestCase): null,testGetPath_withlog1(org.apache.commons.io.FilenameUtilsTestCase): null,testGetPath_withlog2(org.apache.commons.io.FilenameUtilsTestCase): null,testGetFullPath_withlog0(org.apache.commons.io.FilenameUtilsTestCase): null,testGetFullPath_withlog1(org.apache.commons.io.FilenameUtilsTestCase): null,testGetFullPath_withlog2(org.apache.commons.io.FilenameUtilsTestCase): null
[WARNING] Some instrumented test failed!
[INFO] Generating assertions...
[INFO] 1 new tests with assertions generated
[INFO] Run: java -classpath /tmp/icst-2019/september-2018/dataset/commons-io_parent/target/test-classes:/tmp/icst-2019/september-2018/dataset/commons-io_parent/target/classes/:/home/spirals/danglot/.m2/repository/junit/junit/4.12/junit-4.12.jar:/home/spirals/danglot/.m2/repository/org/hamcrest/hamcrest-core/1.3/hamcrest-core-1.3.jar:/tmp/icst-2019/september-2018/dataset/commons-io_parent/target/dspot/dependencies/:/home/spirals/danglot/.m2/repository/eu/stamp-project/test-runner/1.1.0/test-runner-1.1.0-jar-with-dependencies.jar eu.stamp_project.testrunner.runner.test.TestRunner org.apache.commons.io.FilenameUtilsTestCase testGetPrefixLength
File saved to the following path: /tmp/icst-2019/september-2018/dataset/commons-io_parent/target/dspot/TestListener.ser
Loading /tmp/icst-2019/september-2018/dataset/commons-io_parent/target/dspot/TestListener.ser
[INFO] Test has been run: testGetPrefixLength
[INFO] Assertion amplification: 1 test method(s) has been successfully amplified.
[WARN] 2018-09-30 16:31:21 Launcher - You specified the directory /tmp/icst-2019/september-2018/dataset/commons-io/target/classes in source classpath, please note that only class files will be considered. Jars and subdirectories will be ignored.
[WARN] 2018-09-30 16:31:21 Launcher - You specified the directory /tmp/icst-2019/september-2018/dataset/commons-io/target/test-classes in source classpath, please note that only class files will be considered. Jars and subdirectories will be ignored.
[WARN] 2018-09-30 16:31:21 Launcher - You specified the directory /tmp/icst-2019/september-2018/dataset/commons-io/target/dspot/dependencies in source classpath, please note that only class files will be considered. Jars and subdirectories will be ignored.
[INFO] Run: java -classpath /tmp/icst-2019/september-2018/dataset/commons-io/target/classes/:/tmp/icst-2019/september-2018/dataset/commons-io/target/test-classes/:/home/spirals/danglot/.m2/repository/junit/junit/4.12/junit-4.12.jar:/home/spirals/danglot/.m2/repository/org/hamcrest/hamcrest-core/1.3/hamcrest-core-1.3.jar:/tmp/icst-2019/september-2018/dataset/commons-io/target/dspot/dependencies/:/home/spirals/danglot/.m2/repository/eu/stamp-project/test-runner/1.1.0/test-runner-1.1.0-jar-with-dependencies.jar eu.stamp_project.testrunner.runner.test.TestRunner org.apache.commons.io.FilenameUtilsTestCase testGetPrefixLength
File saved to the following path: /tmp/icst-2019/september-2018/dataset/commons-io_parent/target/dspot/TestListener.ser
Loading /tmp/icst-2019/september-2018/dataset/commons-io_parent/target/dspot/TestListener.ser
[INFO] Test has been run: testGetPrefixLength
[INFO] 0 amplified test methods has been selected to be kept. (global: 0)
[INFO] Applying Input-amplification and Assertion-amplification test by test.
[INFO] Amplification of testGetPrefix, (1/8)
[INFO] iteration 0 / 3
[INFO] 1 tests selected to be amplified over 1 available tests
[INFO] Amplification of inputs...
100% |================================================== ]/
[INFO] 212 new tests generated
[WARNING] Too many tests have been generated: 212
[INFO] Number of generated test reduced to 200
[INFO] Run tests. (200)
[INFO] Run: java -classpath /tmp/icst-2019/september-2018/dataset/commons-io_parent/target/test-classes:/tmp/icst-2019/september-2018/dataset/commons-io_parent/target/classes/:/home/spirals/danglot/.m2/repository/junit/junit/4.12/junit-4.12.jar:/home/spirals/danglot/.m2/repository/org/hamcrest/hamcrest-core/1.3/hamcrest-core-1.3.jar:/tmp/icst-2019/september-2018/dataset/commons-io_parent/target/dspot/dependencies/:/home/spirals/danglot/.m2/repository/eu/stamp-project/test-runner/1.1.0/test-runner-1.1.0-jar-with-dependencies.jar eu.stamp_project.testrunner.runner.test.TestRunner org.apache.commons.io.FilenameUtilsTestCase testGetPrefix_add173:testGetPrefix_add183:testGetPrefix_add159:testGetPrefix_add177:testGetPrefix_add179:testGetPrefix_add182:testGetPrefix_add172:testGetPrefix_add156:testGetPrefix_add181:testGetPrefix_add171:testGetPrefixnull202:testGetPrefix_add180:testGetPrefix_add170:testGetPrefix_add178:testGetPrefix_add176:testGetPrefix_add175:testGetPrefix_add165:testGetPrefix_add174:testGetPrefixnull212:testGetPrefix_add169:testGetPrefix_add168:testGetPrefixnull188:testGetPrefixnull206:testGetPrefix_add160:testGetPrefix_add154:testGetPrefixnull208:testGetPrefix_add164:testGetPrefixnull201:testGetPrefixnull211:testGetPrefixnull185:testGetPrefix_add158:testGetPrefix_add162:testGetPrefix_add167:testGetPrefixnull200:testGetPrefixnull210:testGetPrefix_add166:testGetPrefix_add163:testGetPrefix_add157:testGetPrefix_add155:testGetPrefix_add161:testGetPrefixnull209:testGetPrefixnull199:testGetPrefixnull205:testGetPrefixnull207:testGetPrefixnull204:testGetPrefix_literalMutationString88:testGetPrefixnull194:testGetPrefixnull203:testGetPrefixnull198:testGetPrefixnull197:testGetPrefixnull189:testGetPrefix_literalMutationString148:testGetPrefixnull193:testGetPrefixnull187:testGetPrefixnull191:testGetPrefixnull196:testGetPrefix_literalMutationString19:testGetPrefixnull192:testGetPrefixnull195:testGetPrefixnull186:testGetPrefix_literalMutationString112:testGetPrefixnull184:testGetPrefixnull190:testGetPrefix_literalMutationString4:testGetPrefix_literalMutationString82:testGetPrefix_literalMutationString124:testGetPrefix_literalMutationString142:testGetPrefix_literalMutationString76:testGetPrefix_literalMutationString137:testGetPrefix_literalMutationString32:testGetPrefix_literalMutationString70:testGetPrefix_literalMutationString130:testGetPrefix_literalMutationString2:testGetPrefix_literalMutationString11:testGetPrefix_literalMutationString38:testGetPrefix_literalMutationString53:testGetPrefix_literalMutationString106:testGetPrefix_literalMutationString118:testGetPrefix_literalMutationString57:testGetPrefix_literalMutationString35:testGetPrefix_literalMutationString16:testGetPrefix_literalMutationString89:testGetPrefix_literalMutationString46:testGetPrefix_literalMutationString100:testGetPrefix_literalMutationString94:testGetPrefix_literalMutationString44:testGetPrefix_literalMutationString22:testGetPrefix_literalMutationString65:testGetPrefix_literalMutationString28:testGetPrefix_literalMutationString152:testGetPrefix_literalMutationString92:testGetPrefix_literalMutationString59:testGetPrefix_literalMutationString61:testGetPrefix_literalMutationString27:testGetPrefix_literalMutationString66:testGetPrefix_literalMutationString77:testGetPrefix_literalMutationString136:testGetPrefix_literalMutationString145:testGetPrefix_literalMutationString132:testGetPrefix_literalMutationString150:testGetPrefix_literalMutationString9:testGetPrefix_literalMutationString75:testGetPrefix_literalMutationString40:testGetPrefix_literalMutationString84:testGetPrefix_literalMutationString30:testGetPrefix_literalMutationString96:testGetPrefix_literalMutationString102:testGetPrefix_literalMutationString47:testGetPrefix_literalMutationString125:testGetPrefix_literalMutationString99:testGetPrefix_literalMutationString6:testGetPrefix_literalMutationString113:testGetPrefix_literalMutationString14:testGetPrefix_literalMutationString20:testGetPrefix_literalMutationString67:testGetPrefix_literalMutationString62:testGetPrefix_literalMutationString34:testGetPrefix_literalMutationString29:testGetPrefix_literalMutationString55:testGetPrefix_literalMutationString119:testGetPrefix_literalMutationString107:testGetPrefix_literalMutationString25:testGetPrefix_literalMutationString135:testGetPrefix_literalMutationString139:testGetPrefix_literalMutationString52:testGetPrefix_literalMutationString114:testGetPrefix_literalMutationString37:testGetPrefix_literalMutationString50:testGetPrefix_literalMutationString56:testGetPrefix_literalMutationString80:testGetPrefix_literalMutationString10:testGetPrefix_literalMutationString63:testGetPrefix_literalMutationString95:testGetPrefix_literalMutationString1:testGetPrefix_literalMutationString90:testGetPrefix_literalMutationString64:testGetPrefix_literalMutationString23:testGetPrefix_literalMutationString21:testGetPrefix_literalMutationString73:testGetPrefix_literalMutationString36:testGetPrefix_literalMutationString87:testGetPrefix_literalMutationString39:testGetPrefix_literalMutationString86:testGetPrefix_literalMutationString71:testGetPrefix_literalMutationString68:testGetPrefix_literalMutationString17:testGetPrefix_literalMutationString117:testGetPrefix_literalMutationString127:testGetPrefix_literalMutationString3:testGetPrefix_literalMutationString48:testGetPrefix_literalMutationString131:testGetPrefix_literalMutationString13:testGetPrefix_literalMutationString93:testGetPrefix_literalMutationString45:testGetPrefix_literalMutationString101:testGetPrefix_literalMutationString42:testGetPrefix_literalMutationString111:testGetPrefix_literalMutationString122:testGetPrefix_literalMutationString54:testGetPrefix_literalMutationString143:testGetPrefix_literalMutationString147:testGetPrefix_literalMutationString12:testGetPrefix_literalMutationString43:testGetPrefix_literalMutationString60:testGetPrefix_literalMutationString74:testGetPrefix_literalMutationString120:testGetPrefix_literalMutationString115:testGetPrefix_literalMutationString5:testGetPrefix_literalMutationString15:testGetPrefix_literalMutationString31:testGetPrefix_literalMutationString153:testGetPrefix_literalMutationString109:testGetPrefix_literalMutationString8:testGetPrefix_literalMutationString7:testGetPrefix_literalMutationString98:testGetPrefix_literalMutationString49:testGetPrefix_literalMutationString18:testGetPrefix_literalMutationString83:testGetPrefix_literalMutationString110:testGetPrefix_literalMutationString81:testGetPrefix_literalMutationString91:testGetPrefix_literalMutationString85:testGetPrefix_literalMutationString126:testGetPrefix_literalMutationString58:testGetPrefix_literalMutationString128:testGetPrefix_literalMutationString51:testGetPrefix_literalMutationString151:testGetPrefix_literalMutationString134:testGetPrefix_literalMutationString79:testGetPrefix_literalMutationString138:testGetPrefix_literalMutationString140:testGetPrefix_literalMutationString123:testGetPrefix_literalMutationString144:testGetPrefix_literalMutationString105:testGetPrefix_literalMutationString72:testGetPrefix_literalMutationString129:testGetPrefix_literalMutationString146:testGetPrefix_literalMutationString24:testGetPrefix_literalMutationString108:testGetPrefix_literalMutationString133
File saved to the following path: /tmp/icst-2019/september-2018/dataset/commons-io_parent/target/dspot/TestListener.ser
Loading /tmp/icst-2019/september-2018/dataset/commons-io_parent/target/dspot/TestListener.ser
[INFO] Test has been run: testGetPrefix_literalMutationString100,testGetPrefix_literalMutationString101,testGetPrefix_literalMutationString102,testGetPrefix_literalMutationString105,testGetPrefix_literalMutationString106,testGetPrefix_literalMutationString107,testGetPrefix_literalMutationString108,testGetPrefix_literalMutationString109,testGetPrefix_literalMutationString110,testGetPrefix_literalMutationString111,testGetPrefix_literalMutationString112,testGetPrefix_literalMutationString113,testGetPrefix_literalMutationString114,testGetPrefix_literalMutationString115,testGetPrefix_literalMutationString117,testGetPrefix_literalMutationString118,testGetPrefix_literalMutationString119,testGetPrefix_literalMutationString120,testGetPrefix_literalMutationString122,testGetPrefix_literalMutationString123,testGetPrefix_literalMutationString124,testGetPrefix_literalMutationString125,testGetPrefix_literalMutationString126,testGetPrefix_literalMutationString127,testGetPrefix_literalMutationString128,testGetPrefix_literalMutationString129,testGetPrefix_literalMutationString130,testGetPrefix_literalMutationString131,testGetPrefix_literalMutationString132,testGetPrefix_literalMutationString133,testGetPrefix_literalMutationString134,testGetPrefix_literalMutationString135,testGetPrefix_literalMutationString136,testGetPrefix_literalMutationString137,testGetPrefix_literalMutationString138,testGetPrefix_literalMutationString139,testGetPrefix_literalMutationString140,testGetPrefix_literalMutationString142,testGetPrefix_literalMutationString143,testGetPrefix_literalMutationString144,testGetPrefix_literalMutationString145,testGetPrefix_literalMutationString146,testGetPrefix_literalMutationString147,testGetPrefix_literalMutationString148,testGetPrefix_literalMutationString150,testGetPrefix_literalMutationString151,testGetPrefix_literalMutationString152,testGetPrefix_literalMutationString153,testGetPrefix_add154,testGetPrefix_add155,testGetPrefix_add156,testGetPrefix_add157,testGetPrefix_add158,testGetPrefix_add159,testGetPrefix_add160,testGetPrefix_add161,testGetPrefix_add162,testGetPrefix_add163,testGetPrefix_add164,testGetPrefix_add165,testGetPrefix_add166,testGetPrefix_add167,testGetPrefix_add168,testGetPrefix_add169,testGetPrefix_add170,testGetPrefix_add171,testGetPrefix_add172,testGetPrefix_add173,testGetPrefix_add174,testGetPrefix_add175,testGetPrefix_add176,testGetPrefix_add177,testGetPrefix_add178,testGetPrefix_add179,testGetPrefix_add180,testGetPrefix_add181,testGetPrefix_add182,testGetPrefix_add183,testGetPrefix_literalMutationString10,testGetPrefix_literalMutationString11,testGetPrefix_literalMutationString12,testGetPrefix_literalMutationString13,testGetPrefix_literalMutationString14,testGetPrefix_literalMutationString15,testGetPrefix_literalMutationString16,testGetPrefix_literalMutationString17,testGetPrefix_literalMutationString18,testGetPrefix_literalMutationString19,testGetPrefix_literalMutationString20,testGetPrefix_literalMutationString21,testGetPrefix_literalMutationString22,testGetPrefix_literalMutationString23,testGetPrefix_literalMutationString24,testGetPrefix_literalMutationString25,testGetPrefix_literalMutationString27,testGetPrefix_literalMutationString28,testGetPrefix_literalMutationString29,testGetPrefix_literalMutationString30,testGetPrefix_literalMutationString31,testGetPrefix_literalMutationString32,testGetPrefix_literalMutationString34,testGetPrefix_literalMutationString35,testGetPrefix_literalMutationString36,testGetPrefix_literalMutationString37,testGetPrefix_literalMutationString38,testGetPrefix_literalMutationString39,testGetPrefix_literalMutationString40,testGetPrefix_literalMutationString42,testGetPrefix_literalMutationString43,testGetPrefix_literalMutationString44,testGetPrefix_literalMutationString45,testGetPrefix_literalMutationString46,testGetPrefix_literalMutationString47,testGetPrefix_literalMutationString48,testGetPrefix_literalMutationString49,testGetPrefix_literalMutationString50,testGetPrefix_literalMutationString51,testGetPrefix_literalMutationString52,testGetPrefix_literalMutationString53,testGetPrefix_literalMutationString54,testGetPrefix_literalMutationString55,testGetPrefix_literalMutationString56,testGetPrefix_literalMutationString57,testGetPrefix_literalMutationString58,testGetPrefix_literalMutationString59,testGetPrefix_literalMutationString60,testGetPrefix_literalMutationString61,testGetPrefix_literalMutationString62,testGetPrefix_literalMutationString63,testGetPrefix_literalMutationString64,testGetPrefix_literalMutationString65,testGetPrefix_literalMutationString66,testGetPrefix_literalMutationString67,testGetPrefix_literalMutationString68,testGetPrefix_literalMutationString70,testGetPrefix_literalMutationString71,testGetPrefix_literalMutationString72,testGetPrefix_literalMutationString73,testGetPrefix_literalMutationString74,testGetPrefix_literalMutationString75,testGetPrefix_literalMutationString76,testGetPrefix_literalMutationString77,testGetPrefix_literalMutationString79,testGetPrefix_literalMutationString80,testGetPrefix_literalMutationString81,testGetPrefix_literalMutationString82,testGetPrefix_literalMutationString83,testGetPrefix_literalMutationString84,testGetPrefix_literalMutationString85,testGetPrefix_literalMutationString86,testGetPrefix_literalMutationString87,testGetPrefix_literalMutationString88,testGetPrefix_literalMutationString89,testGetPrefix_literalMutationString90,testGetPrefix_literalMutationString91,testGetPrefix_literalMutationString92,testGetPrefix_literalMutationString93,testGetPrefix_literalMutationString94,testGetPrefix_literalMutationString95,testGetPrefix_literalMutationString96,testGetPrefix_literalMutationString98,testGetPrefix_literalMutationString99,testGetPrefixnull184,testGetPrefixnull185,testGetPrefixnull186,testGetPrefixnull187,testGetPrefixnull188,testGetPrefixnull189,testGetPrefixnull190,testGetPrefixnull191,testGetPrefixnull192,testGetPrefixnull193,testGetPrefixnull194,testGetPrefixnull195,testGetPrefixnull196,testGetPrefixnull197,testGetPrefixnull198,testGetPrefixnull199,testGetPrefixnull200,testGetPrefixnull201,testGetPrefixnull202,testGetPrefixnull203,testGetPrefixnull204,testGetPrefixnull205,testGetPrefixnull206,testGetPrefixnull207,testGetPrefixnull208,testGetPrefixnull209,testGetPrefixnull210,testGetPrefixnull211,testGetPrefixnull212,testGetPrefix_literalMutationString1,testGetPrefix_literalMutationString2,testGetPrefix_literalMutationString3,testGetPrefix_literalMutationString4,testGetPrefix_literalMutationString5,testGetPrefix_literalMutationString6,testGetPrefix_literalMutationString7,testGetPrefix_literalMutationString8,testGetPrefix_literalMutationString9
[INFO] 200 test pass, generating assertion...
[INFO] Add observations points in passing tests.
[INFO] Instrumentation...
  0% | ]/  1% | ]-  1% | ]\  2% |= ]|  2% |= ]/  3% |= ]-  3% |= ]\  4% |== ]|  4% |== ]/  5% |== ]-  5% |== ]\  6% |=== ]|  6% |=== ]/  7% |=== ]-  7% |=== ]\  8% |==== ]|  8% |==== ]/  9% |==== ]-  9% |==== ]\ 10% |===== ]| 10% |===== ]/ 11% |===== ]- 11% |===== ]\ 12% |====== ]| 12% |====== ]/ 13% |====== ]- 13% |====== ]\ 14% |======= ]| 14% |======= ]/ 15% |======= ]- 15% |======= ]\ 16% |======== ]| 16% |======== ]/ 17% |======== ]- 17% |======== ]\ 18% |========= ]| 18% |========= ]/ 19% |========= ]- 19% |========= ]\ 20% |========== ]| 20% |========== ]/ 21% |========== ]- 21% |========== ]\ 22% |=========== ]| 22% |=========== ]/ 23% |=========== ]- 23% |=========== ]\ 24% |============ ]| 24% |============ ]/ 25% |============ ]- 25% |============ ]\ 26% |============= ]| 26% |============= ]/ 27% |============= ]- 27% |============= ]\ 28% |============== ]| 28% |============== ]/ 29% |============== ]- 29% |============== ]\ 30% |=============== ]| 30% |=============== ]/ 31% |=============== ]- 31% |=============== ]\ 32% |================ ]| 32% |================ ]/ 33% |================ ]- 33% |================ ]\ 34% |================= ]| 34% |================= ]/ 35% |================= ]- 35% |================= ]\ 36% |================== ]| 36% |================== ]/ 37% |================== ]- 37% |================== ]\ 38% |=================== ]| 38% |=================== ]/ 39% |=================== ]- 39% |=================== ]\ 40% |==================== ]| 40% |==================== ]/ 41% |==================== ]- 41% |==================== ]\ 42% |===================== ]| 42% |===================== ]/ 43% |===================== ]- 43% |===================== ]\ 44% |====================== ]| 44% |====================== ]/ 45% |====================== ]- 45% |====================== ]\ 46% |======================= ]| 46% |======================= ]/ 47% |======================= ]- 47% |======================= ]\ 48% |======================== ]| 48% |======================== ]/ 49% |======================== ]- 49% |======================== ]\ 50% |========================= ]| 50% |========================= ]/ 51% |========================= ]- 51% |========================= ]\ 52% |========================== ]| 52% |========================== ]/ 53% |========================== ]- 53% |========================== ]\ 54% |=========================== ]| 54% |=========================== ]/ 55% |=========================== ]- 55% |=========================== ]\ 56% |============================ ]| 56% |============================ ]/ 57% |============================ ]- 57% |============================ ]\ 58% |============================= ]| 58% |============================= ]/ 59% |============================= ]- 59% |============================= ]\ 60% |============================== ]| 60% |============================== ]/ 61% |============================== ]- 61% |============================== ]\ 62% |=============================== ]| 62% |=============================== ]/ 63% |=============================== ]- 63% |=============================== ]\ 64% |================================ ]| 64% |================================ ]/ 65% |================================ ]- 65% |================================ ]\ 66% |================================= ]| 66% |================================= ]/ 67% |================================= ]- 67% |================================= ]\ 68% |================================== ]| 68% |================================== ]/ 69% |================================== ]- 69% |================================== ]\ 70% |=================================== ]| 70% |=================================== ]/ 71% |=================================== ]- 71% |=================================== ]\ 72% |==================================== ]| 72% |==================================== ]/ 73% |==================================== ]- 73% |==================================== ]\ 74% |===================================== ]| 74% |===================================== ]/ 75% |===================================== ]- 75% |===================================== ]\ 76% |====================================== ]| 76% |====================================== ]/ 77% |====================================== ]- 77% |====================================== ]\ 78% |======================================= ]| 78% |======================================= ]/ 79% |======================================= ]- 79% |======================================= ]\ 80% |======================================== ]| 80% |======================================== ]/ 81% |======================================== ]- 81% |======================================== ]\ 82% |========================================= ]| 82% |========================================= ]/ 83% |========================================= ]- 83% |========================================= ]\ 84% |========================================== ]| 84% |========================================== ]/ 85% |========================================== ]- 85% |========================================== ]\ 86% |=========================================== ]| 86% |=========================================== ]/ 87% |=========================================== ]- 87% |=========================================== ]\ 88% |============================================ ]| 88% |============================================ ]/ 89% |============================================ ]- 89% |============================================ ]\ 90% |============================================= ]| 90% |============================================= ]/ 91% |============================================= ]- 91% |============================================= ]\ 92% |============================================== ]| 92% |============================================== ]/ 93% |============================================== ]- 93% |============================================== ]\ 94% |=============================================== ]| 94% |=============================================== ]/ 95% |=============================================== ]- 95% |=============================================== ]\ 96% |================================================ ]| 96% |================================================ ]/ 97% |================================================ ]- 97% |================================================ ]\ 98% |================================================= ]| 98% |================================================= ]/ 99% |================================================= ]- 99% |================================================= ]\100% |================================================== ]|
[INFO] Run instrumented tests. (600)
[INFO] Run: java -classpath /tmp/icst-2019/september-2018/dataset/commons-io_parent/target/test-classes:/tmp/icst-2019/september-2018/dataset/commons-io_parent/target/classes/:/home/spirals/danglot/.m2/repository/junit/junit/4.12/junit-4.12.jar:/home/spirals/danglot/.m2/repository/org/hamcrest/hamcrest-core/1.3/hamcrest-core-1.3.jar:/tmp/icst-2019/september-2018/dataset/commons-io_parent/target/dspot/dependencies/:/home/spirals/danglot/.m2/repository/eu/stamp-project/test-runner/1.1.0/test-runner-1.1.0-jar-with-dependencies.jar eu.stamp_project.testrunner.runner.test.TestRunner org.apache.commons.io.FilenameUtilsTestCase testGetPrefix_add173_withlog0:testGetPrefix_add183_withlog0:testGetPrefix_add159_withlog0:testGetPrefix_add177_withlog0:testGetPrefix_add179_withlog0:testGetPrefix_add182_withlog0:testGetPrefix_add172_withlog0:testGetPrefix_add156_withlog0:testGetPrefix_add181_withlog0:testGetPrefix_add171_withlog0:testGetPrefixnull202_withlog0:testGetPrefix_add180_withlog0:testGetPrefix_add170_withlog0:testGetPrefix_add178_withlog0:testGetPrefix_add176_withlog0:testGetPrefix_add175_withlog0:testGetPrefix_add165_withlog0:testGetPrefix_add174_withlog0:testGetPrefixnull212_withlog0:testGetPrefix_add169_withlog0:testGetPrefix_add168_withlog0:testGetPrefixnull188_withlog0:testGetPrefixnull206_withlog0:testGetPrefix_add160_withlog0:testGetPrefix_add154_withlog0:testGetPrefixnull208_withlog0:testGetPrefix_add164_withlog0:testGetPrefixnull201_withlog0:testGetPrefixnull211_withlog0:testGetPrefixnull185_withlog0:testGetPrefix_add158_withlog0:testGetPrefix_add162_withlog0:testGetPrefix_add167_withlog0:testGetPrefixnull200_withlog0:testGetPrefixnull210_withlog0:testGetPrefix_add166_withlog0:testGetPrefix_add163_withlog0:testGetPrefix_add157_withlog0:testGetPrefix_add155_withlog0:testGetPrefix_add161_withlog0:testGetPrefixnull209_withlog0:testGetPrefixnull199_withlog0:testGetPrefixnull205_withlog0:testGetPrefixnull207_withlog0:testGetPrefixnull204_withlog0:testGetPrefix_literalMutationString88_withlog0:testGetPrefixnull194_withlog0:testGetPrefixnull203_withlog0:testGetPrefixnull198_withlog0:testGetPrefixnull197_withlog0:testGetPrefixnull189_withlog0:testGetPrefix_literalMutationString148_withlog0:testGetPrefixnull193_withlog0:testGetPrefixnull187_withlog0:testGetPrefixnull191_withlog0:testGetPrefixnull196_withlog0:testGetPrefix_literalMutationString19_withlog0:testGetPrefixnull192_withlog0:testGetPrefixnull195_withlog0:testGetPrefixnull186_withlog0:testGetPrefix_literalMutationString112_withlog0:testGetPrefixnull184_withlog0:testGetPrefixnull190_withlog0:testGetPrefix_literalMutationString4_withlog0:testGetPrefix_literalMutationString82_withlog0:testGetPrefix_literalMutationString124_withlog0:testGetPrefix_literalMutationString142_withlog0:testGetPrefix_literalMutationString76_withlog0:testGetPrefix_literalMutationString137_withlog0:testGetPrefix_literalMutationString32_withlog0:testGetPrefix_literalMutationString70_withlog0:testGetPrefix_literalMutationString130_withlog0:testGetPrefix_literalMutationString2_withlog0:testGetPrefix_literalMutationString11_withlog0:testGetPrefix_literalMutationString38_withlog0:testGetPrefix_literalMutationString53_withlog0:testGetPrefix_literalMutationString106_withlog0:testGetPrefix_literalMutationString118_withlog0:testGetPrefix_literalMutationString57_withlog0:testGetPrefix_literalMutationString35_withlog0:testGetPrefix_literalMutationString16_withlog0:testGetPrefix_literalMutationString89_withlog0:testGetPrefix_literalMutationString46_withlog0:testGetPrefix_literalMutationString100_withlog0:testGetPrefix_literalMutationString94_withlog0:testGetPrefix_literalMutationString44_withlog0:testGetPrefix_literalMutationString22_withlog0:testGetPrefix_literalMutationString65_withlog0:testGetPrefix_literalMutationString28_withlog0:testGetPrefix_literalMutationString152_withlog0:testGetPrefix_literalMutationString92_withlog0:testGetPrefix_literalMutationString59_withlog0:testGetPrefix_literalMutationString61_withlog0:testGetPrefix_literalMutationString27_withlog0:testGetPrefix_literalMutationString66_withlog0:testGetPrefix_literalMutationString77_withlog0:testGetPrefix_literalMutationString136_withlog0:testGetPrefix_literalMutationString145_withlog0:testGetPrefix_literalMutationString132_withlog0:testGetPrefix_literalMutationString150_withlog0:testGetPrefix_literalMutationString9_withlog0:testGetPrefix_literalMutationString75_withlog0:testGetPrefix_literalMutationString40_withlog0:testGetPrefix_literalMutationString84_withlog0:testGetPrefix_literalMutationString30_withlog0:testGetPrefix_literalMutationString96_withlog0:testGetPrefix_literalMutationString102_withlog0:testGetPrefix_literalMutationString47_withlog0:testGetPrefix_literalMutationString125_withlog0:testGetPrefix_literalMutationString99_withlog0:testGetPrefix_literalMutationString6_withlog0:testGetPrefix_literalMutationString113_withlog0:testGetPrefix_literalMutationString14_withlog0:testGetPrefix_literalMutationString20_withlog0:testGetPrefix_literalMutationString67_withlog0:testGetPrefix_literalMutationString62_withlog0:testGetPrefix_literalMutationString34_withlog0:testGetPrefix_literalMutationString29_withlog0:testGetPrefix_literalMutationString55_withlog0:testGetPrefix_literalMutationString119_withlog0:testGetPrefix_literalMutationString107_withlog0:testGetPrefix_literalMutationString25_withlog0:testGetPrefix_literalMutationString135_withlog0:testGetPrefix_literalMutationString139_withlog0:testGetPrefix_literalMutationString52_withlog0:testGetPrefix_literalMutationString114_withlog0:testGetPrefix_literalMutationString37_withlog0:testGetPrefix_literalMutationString50_withlog0:testGetPrefix_literalMutationString56_withlog0:testGetPrefix_literalMutationString80_withlog0:testGetPrefix_literalMutationString10_withlog0:testGetPrefix_literalMutationString63_withlog0:testGetPrefix_literalMutationString95_withlog0:testGetPrefix_literalMutationString1_withlog0:testGetPrefix_literalMutationString90_withlog0:testGetPrefix_literalMutationString64_withlog0:testGetPrefix_literalMutationString23_withlog0:testGetPrefix_literalMutationString21_withlog0:testGetPrefix_literalMutationString73_withlog0:testGetPrefix_literalMutationString36_withlog0:testGetPrefix_literalMutationString87_withlog0:testGetPrefix_literalMutationString39_withlog0:testGetPrefix_literalMutationString86_withlog0:testGetPrefix_literalMutationString71_withlog0:testGetPrefix_literalMutationString68_withlog0:testGetPrefix_literalMutationString17_withlog0:testGetPrefix_literalMutationString117_withlog0:testGetPrefix_literalMutationString127_withlog0:testGetPrefix_literalMutationString3_withlog0:testGetPrefix_literalMutationString48_withlog0:testGetPrefix_literalMutationString131_withlog0:testGetPrefix_literalMutationString13_withlog0:testGetPrefix_literalMutationString93_withlog0:testGetPrefix_literalMutationString45_withlog0:testGetPrefix_literalMutationString101_withlog0:testGetPrefix_literalMutationString42_withlog0:testGetPrefix_literalMutationString111_withlog0:testGetPrefix_literalMutationString122_withlog0:testGetPrefix_literalMutationString54_withlog0:testGetPrefix_literalMutationString143_withlog0:testGetPrefix_literalMutationString147_withlog0:testGetPrefix_literalMutationString12_withlog0:testGetPrefix_literalMutationString43_withlog0:testGetPrefix_literalMutationString60_withlog0:testGetPrefix_literalMutationString74_withlog0:testGetPrefix_literalMutationString120_withlog0:testGetPrefix_literalMutationString115_withlog0:testGetPrefix_literalMutationString5_withlog0:testGetPrefix_literalMutationString15_withlog0:testGetPrefix_literalMutationString31_withlog0:testGetPrefix_literalMutationString153_withlog0:testGetPrefix_literalMutationString109_withlog0:testGetPrefix_literalMutationString8_withlog0:testGetPrefix_literalMutationString7_withlog0:testGetPrefix_literalMutationString98_withlog0:testGetPrefix_literalMutationString49_withlog0:testGetPrefix_literalMutationString18_withlog0:testGetPrefix_literalMutationString83_withlog0:testGetPrefix_literalMutationString110_withlog0:testGetPrefix_literalMutationString81_withlog0:testGetPrefix_literalMutationString91_withlog0:testGetPrefix_literalMutationString85_withlog0:testGetPrefix_literalMutationString126_withlog0:testGetPrefix_literalMutationString58_withlog0:testGetPrefix_literalMutationString128_withlog0:testGetPrefix_literalMutationString51_withlog0:testGetPrefix_literalMutationString151_withlog0:testGetPrefix_literalMutationString134_withlog0:testGetPrefix_literalMutationString79_withlog0:testGetPrefix_literalMutationString138_withlog0:testGetPrefix_literalMutationString140_withlog0:testGetPrefix_literalMutationString123_withlog0:testGetPrefix_literalMutationString144_withlog0:testGetPrefix_literalMutationString105_withlog0:testGetPrefix_literalMutationString72_withlog0:testGetPrefix_literalMutationString129_withlog0:testGetPrefix_literalMutationString146_withlog0:testGetPrefix_literalMutationString24_withlog0:testGetPrefix_literalMutationString108_withlog0:testGetPrefix_literalMutationString133_withlog0:testGetPrefix_add173_withlog1:testGetPrefix_add183_withlog1:testGetPrefix_add159_withlog1:testGetPrefix_add177_withlog1:testGetPrefix_add179_withlog1:testGetPrefix_add182_withlog1:testGetPrefix_add172_withlog1:testGetPrefix_add156_withlog1:testGetPrefix_add181_withlog1:testGetPrefix_add171_withlog1:testGetPrefixnull202_withlog1:testGetPrefix_add180_withlog1:testGetPrefix_add170_withlog1:testGetPrefix_add178_withlog1:testGetPrefix_add176_withlog1:testGetPrefix_add175_withlog1:testGetPrefix_add165_withlog1:testGetPrefix_add174_withlog1:testGetPrefixnull212_withlog1:testGetPrefix_add169_withlog1:testGetPrefix_add168_withlog1:testGetPrefixnull188_withlog1:testGetPrefixnull206_withlog1:testGetPrefix_add160_withlog1:testGetPrefix_add154_withlog1:testGetPrefixnull208_withlog1:testGetPrefix_add164_withlog1:testGetPrefixnull201_withlog1:testGetPrefixnull211_withlog1:testGetPrefixnull185_withlog1:testGetPrefix_add158_withlog1:testGetPrefix_add162_withlog1:testGetPrefix_add167_withlog1:testGetPrefixnull200_withlog1:testGetPrefixnull210_withlog1:testGetPrefix_add166_withlog1:testGetPrefix_add163_withlog1:testGetPrefix_add157_withlog1:testGetPrefix_add155_withlog1:testGetPrefix_add161_withlog1:testGetPrefixnull209_withlog1:testGetPrefixnull199_withlog1:testGetPrefixnull205_withlog1:testGetPrefixnull207_withlog1:testGetPrefixnull204_withlog1:testGetPrefix_literalMutationString88_withlog1:testGetPrefixnull194_withlog1:testGetPrefixnull203_withlog1:testGetPrefixnull198_withlog1:testGetPrefixnull197_withlog1:testGetPrefixnull189_withlog1:testGetPrefix_literalMutationString148_withlog1:testGetPrefixnull193_withlog1:testGetPrefixnull187_withlog1:testGetPrefixnull191_withlog1:testGetPrefixnull196_withlog1:testGetPrefix_literalMutationString19_withlog1:testGetPrefixnull192_withlog1:testGetPrefixnull195_withlog1:testGetPrefixnull186_withlog1:testGetPrefix_literalMutationString112_withlog1:testGetPrefixnull184_withlog1:testGetPrefixnull190_withlog1:testGetPrefix_literalMutationString4_withlog1:testGetPrefix_literalMutationString82_withlog1:testGetPrefix_literalMutationString124_withlog1:testGetPrefix_literalMutationString142_withlog1:testGetPrefix_literalMutationString76_withlog1:testGetPrefix_literalMutationString137_withlog1:testGetPrefix_literalMutationString32_withlog1:testGetPrefix_literalMutationString70_withlog1:testGetPrefix_literalMutationString130_withlog1:testGetPrefix_literalMutationString2_withlog1:testGetPrefix_literalMutationString11_withlog1:testGetPrefix_literalMutationString38_withlog1:testGetPrefix_literalMutationString53_withlog1:testGetPrefix_literalMutationString106_withlog1:testGetPrefix_literalMutationString118_withlog1:testGetPrefix_literalMutationString57_withlog1:testGetPrefix_literalMutationString35_withlog1:testGetPrefix_literalMutationString16_withlog1:testGetPrefix_literalMutationString89_withlog1:testGetPrefix_literalMutationString46_withlog1:testGetPrefix_literalMutationString100_withlog1:testGetPrefix_literalMutationString94_withlog1:testGetPrefix_literalMutationString44_withlog1:testGetPrefix_literalMutationString22_withlog1:testGetPrefix_literalMutationString65_withlog1:testGetPrefix_literalMutationString28_withlog1:testGetPrefix_literalMutationString152_withlog1:testGetPrefix_literalMutationString92_withlog1:testGetPrefix_literalMutationString59_withlog1:testGetPrefix_literalMutationString61_withlog1:testGetPrefix_literalMutationString27_withlog1:testGetPrefix_literalMutationString66_withlog1:testGetPrefix_literalMutationString77_withlog1:testGetPrefix_literalMutationString136_withlog1:testGetPrefix_literalMutationString145_withlog1:testGetPrefix_literalMutationString132_withlog1:testGetPrefix_literalMutationString150_withlog1:testGetPrefix_literalMutationString9_withlog1:testGetPrefix_literalMutationString75_withlog1:testGetPrefix_literalMutationString40_withlog1:testGetPrefix_literalMutationString84_withlog1:testGetPrefix_literalMutationString30_withlog1:testGetPrefix_literalMutationString96_withlog1:testGetPrefix_literalMutationString102_withlog1:testGetPrefix_literalMutationString47_withlog1:testGetPrefix_literalMutationString125_withlog1:testGetPrefix_literalMutationString99_withlog1:testGetPrefix_literalMutationString6_withlog1:testGetPrefix_literalMutationString113_withlog1:testGetPrefix_literalMutationString14_withlog1:testGetPrefix_literalMutationString20_withlog1:testGetPrefix_literalMutationString67_withlog1:testGetPrefix_literalMutationString62_withlog1:testGetPrefix_literalMutationString34_withlog1:testGetPrefix_literalMutationString29_withlog1:testGetPrefix_literalMutationString55_withlog1:testGetPrefix_literalMutationString119_withlog1:testGetPrefix_literalMutationString107_withlog1:testGetPrefix_literalMutationString25_withlog1:testGetPrefix_literalMutationString135_withlog1:testGetPrefix_literalMutationString139_withlog1:testGetPrefix_literalMutationString52_withlog1:testGetPrefix_literalMutationString114_withlog1:testGetPrefix_literalMutationString37_withlog1:testGetPrefix_literalMutationString50_withlog1:testGetPrefix_literalMutationString56_withlog1:testGetPrefix_literalMutationString80_withlog1:testGetPrefix_literalMutationString10_withlog1:testGetPrefix_literalMutationString63_withlog1:testGetPrefix_literalMutationString95_withlog1:testGetPrefix_literalMutationString1_withlog1:testGetPrefix_literalMutationString90_withlog1:testGetPrefix_literalMutationString64_withlog1:testGetPrefix_literalMutationString23_withlog1:testGetPrefix_literalMutationString21_withlog1:testGetPrefix_literalMutationString73_withlog1:testGetPrefix_literalMutationString36_withlog1:testGetPrefix_literalMutationString87_withlog1:testGetPrefix_literalMutationString39_withlog1:testGetPrefix_literalMutationString86_withlog1:testGetPrefix_literalMutationString71_withlog1:testGetPrefix_literalMutationString68_withlog1:testGetPrefix_literalMutationString17_withlog1:testGetPrefix_literalMutationString117_withlog1:testGetPrefix_literalMutationString127_withlog1:testGetPrefix_literalMutationString3_withlog1:testGetPrefix_literalMutationString48_withlog1:testGetPrefix_literalMutationString131_withlog1:testGetPrefix_literalMutationString13_withlog1:testGetPrefix_literalMutationString93_withlog1:testGetPrefix_literalMutationString45_withlog1:testGetPrefix_literalMutationString101_withlog1:testGetPrefix_literalMutationString42_withlog1:testGetPrefix_literalMutationString111_withlog1:testGetPrefix_literalMutationString122_withlog1:testGetPrefix_literalMutationString54_withlog1:testGetPrefix_literalMutationString143_withlog1:testGetPrefix_literalMutationString147_withlog1:testGetPrefix_literalMutationString12_withlog1:testGetPrefix_literalMutationString43_withlog1:testGetPrefix_literalMutationString60_withlog1:testGetPrefix_literalMutationString74_withlog1:testGetPrefix_literalMutationString120_withlog1:testGetPrefix_literalMutationString115_withlog1:testGetPrefix_literalMutationString5_withlog1:testGetPrefix_literalMutationString15_withlog1:testGetPrefix_literalMutationString31_withlog1:testGetPrefix_literalMutationString153_withlog1:testGetPrefix_literalMutationString109_withlog1:testGetPrefix_literalMutationString8_withlog1:testGetPrefix_literalMutationString7_withlog1:testGetPrefix_literalMutationString98_withlog1:testGetPrefix_literalMutationString49_withlog1:testGetPrefix_literalMutationString18_withlog1:testGetPrefix_literalMutationString83_withlog1:testGetPrefix_literalMutationString110_withlog1:testGetPrefix_literalMutationString81_withlog1:testGetPrefix_literalMutationString91_withlog1:testGetPrefix_literalMutationString85_withlog1:testGetPrefix_literalMutationString126_withlog1:testGetPrefix_literalMutationString58_withlog1:testGetPrefix_literalMutationString128_withlog1:testGetPrefix_literalMutationString51_withlog1:testGetPrefix_literalMutationString151_withlog1:testGetPrefix_literalMutationString134_withlog1:testGetPrefix_literalMutationString79_withlog1:testGetPrefix_literalMutationString138_withlog1:testGetPrefix_literalMutationString140_withlog1:testGetPrefix_literalMutationString123_withlog1:testGetPrefix_literalMutationString144_withlog1:testGetPrefix_literalMutationString105_withlog1:testGetPrefix_literalMutationString72_withlog1:testGetPrefix_literalMutationString129_withlog1:testGetPrefix_literalMutationString146_withlog1:testGetPrefix_literalMutationString24_withlog1:testGetPrefix_literalMutationString108_withlog1:testGetPrefix_literalMutationString133_withlog1:testGetPrefix_add173_withlog2:testGetPrefix_add183_withlog2:testGetPrefix_add159_withlog2:testGetPrefix_add177_withlog2:testGetPrefix_add179_withlog2:testGetPrefix_add182_withlog2:testGetPrefix_add172_withlog2:testGetPrefix_add156_withlog2:testGetPrefix_add181_withlog2:testGetPrefix_add171_withlog2:testGetPrefixnull202_withlog2:testGetPrefix_add180_withlog2:testGetPrefix_add170_withlog2:testGetPrefix_add178_withlog2:testGetPrefix_add176_withlog2:testGetPrefix_add175_withlog2:testGetPrefix_add165_withlog2:testGetPrefix_add174_withlog2:testGetPrefixnull212_withlog2:testGetPrefix_add169_withlog2:testGetPrefix_add168_withlog2:testGetPrefixnull188_withlog2:testGetPrefixnull206_withlog2:testGetPrefix_add160_withlog2:testGetPrefix_add154_withlog2:testGetPrefixnull208_withlog2:testGetPrefix_add164_withlog2:testGetPrefixnull201_withlog2:testGetPrefixnull211_withlog2:testGetPrefixnull185_withlog2:testGetPrefix_add158_withlog2:testGetPrefix_add162_withlog2:testGetPrefix_add167_withlog2:testGetPrefixnull200_withlog2:testGetPrefixnull210_withlog2:testGetPrefix_add166_withlog2:testGetPrefix_add163_withlog2:testGetPrefix_add157_withlog2:testGetPrefix_add155_withlog2:testGetPrefix_add161_withlog2:testGetPrefixnull209_withlog2:testGetPrefixnull199_withlog2:testGetPrefixnull205_withlog2:testGetPrefixnull207_withlog2:testGetPrefixnull204_withlog2:testGetPrefix_literalMutationString88_withlog2:testGetPrefixnull194_withlog2:testGetPrefixnull203_withlog2:testGetPrefixnull198_withlog2:testGetPrefixnull197_withlog2:testGetPrefixnull189_withlog2:testGetPrefix_literalMutationString148_withlog2:testGetPrefixnull193_withlog2:testGetPrefixnull187_withlog2:testGetPrefixnull191_withlog2:testGetPrefixnull196_withlog2:testGetPrefix_literalMutationString19_withlog2:testGetPrefixnull192_withlog2:testGetPrefixnull195_withlog2:testGetPrefixnull186_withlog2:testGetPrefix_literalMutationString112_withlog2:testGetPrefixnull184_withlog2:testGetPrefixnull190_withlog2:testGetPrefix_literalMutationString4_withlog2:testGetPrefix_literalMutationString82_withlog2:testGetPrefix_literalMutationString124_withlog2:testGetPrefix_literalMutationString142_withlog2:testGetPrefix_literalMutationString76_withlog2:testGetPrefix_literalMutationString137_withlog2:testGetPrefix_literalMutationString32_withlog2:testGetPrefix_literalMutationString70_withlog2:testGetPrefix_literalMutationString130_withlog2:testGetPrefix_literalMutationString2_withlog2:testGetPrefix_literalMutationString11_withlog2:testGetPrefix_literalMutationString38_withlog2:testGetPrefix_literalMutationString53_withlog2:testGetPrefix_literalMutationString106_withlog2:testGetPrefix_literalMutationString118_withlog2:testGetPrefix_literalMutationString57_withlog2:testGetPrefix_literalMutationString35_withlog2:testGetPrefix_literalMutationString16_withlog2:testGetPrefix_literalMutationString89_withlog2:testGetPrefix_literalMutationString46_withlog2:testGetPrefix_literalMutationString100_withlog2:testGetPrefix_literalMutationString94_withlog2:testGetPrefix_literalMutationString44_withlog2:testGetPrefix_literalMutationString22_withlog2:testGetPrefix_literalMutationString65_withlog2:testGetPrefix_literalMutationString28_withlog2:testGetPrefix_literalMutationString152_withlog2:testGetPrefix_literalMutationString92_withlog2:testGetPrefix_literalMutationString59_withlog2:testGetPrefix_literalMutationString61_withlog2:testGetPrefix_literalMutationString27_withlog2:testGetPrefix_literalMutationString66_withlog2:testGetPrefix_literalMutationString77_withlog2:testGetPrefix_literalMutationString136_withlog2:testGetPrefix_literalMutationString145_withlog2:testGetPrefix_literalMutationString132_withlog2:testGetPrefix_literalMutationString150_withlog2:testGetPrefix_literalMutationString9_withlog2:testGetPrefix_literalMutationString75_withlog2:testGetPrefix_literalMutationString40_withlog2:testGetPrefix_literalMutationString84_withlog2:testGetPrefix_literalMutationString30_withlog2:testGetPrefix_literalMutationString96_withlog2:testGetPrefix_literalMutationString102_withlog2:testGetPrefix_literalMutationString47_withlog2:testGetPrefix_literalMutationString125_withlog2:testGetPrefix_literalMutationString99_withlog2:testGetPrefix_literalMutationString6_withlog2:testGetPrefix_literalMutationString113_withlog2:testGetPrefix_literalMutationString14_withlog2:testGetPrefix_literalMutationString20_withlog2:testGetPrefix_literalMutationString67_withlog2:testGetPrefix_literalMutationString62_withlog2:testGetPrefix_literalMutationString34_withlog2:testGetPrefix_literalMutationString29_withlog2:testGetPrefix_literalMutationString55_withlog2:testGetPrefix_literalMutationString119_withlog2:testGetPrefix_literalMutationString107_withlog2:testGetPrefix_literalMutationString25_withlog2:testGetPrefix_literalMutationString135_withlog2:testGetPrefix_literalMutationString139_withlog2:testGetPrefix_literalMutationString52_withlog2:testGetPrefix_literalMutationString114_withlog2:testGetPrefix_literalMutationString37_withlog2:testGetPrefix_literalMutationString50_withlog2:testGetPrefix_literalMutationString56_withlog2:testGetPrefix_literalMutationString80_withlog2:testGetPrefix_literalMutationString10_withlog2:testGetPrefix_literalMutationString63_withlog2:testGetPrefix_literalMutationString95_withlog2:testGetPrefix_literalMutationString1_withlog2:testGetPrefix_literalMutationString90_withlog2:testGetPrefix_literalMutationString64_withlog2:testGetPrefix_literalMutationString23_withlog2:testGetPrefix_literalMutationString21_withlog2:testGetPrefix_literalMutationString73_withlog2:testGetPrefix_literalMutationString36_withlog2:testGetPrefix_literalMutationString87_withlog2:testGetPrefix_literalMutationString39_withlog2:testGetPrefix_literalMutationString86_withlog2:testGetPrefix_literalMutationString71_withlog2:testGetPrefix_literalMutationString68_withlog2:testGetPrefix_literalMutationString17_withlog2:testGetPrefix_literalMutationString117_withlog2:testGetPrefix_literalMutationString127_withlog2:testGetPrefix_literalMutationString3_withlog2:testGetPrefix_literalMutationString48_withlog2:testGetPrefix_literalMutationString131_withlog2:testGetPrefix_literalMutationString13_withlog2:testGetPrefix_literalMutationString93_withlog2:testGetPrefix_literalMutationString45_withlog2:testGetPrefix_literalMutationString101_withlog2:testGetPrefix_literalMutationString42_withlog2:testGetPrefix_literalMutationString111_withlog2:testGetPrefix_literalMutationString122_withlog2:testGetPrefix_literalMutationString54_withlog2:testGetPrefix_literalMutationString143_withlog2:testGetPrefix_literalMutationString147_withlog2:testGetPrefix_literalMutationString12_withlog2:testGetPrefix_literalMutationString43_withlog2:testGetPrefix_literalMutationString60_withlog2:testGetPrefix_literalMutationString74_withlog2:testGetPrefix_literalMutationString120_withlog2:testGetPrefix_literalMutationString115_withlog2:testGetPrefix_literalMutationString5_withlog2:testGetPrefix_literalMutationString15_withlog2:testGetPrefix_literalMutationString31_withlog2:testGetPrefix_literalMutationString153_withlog2:testGetPrefix_literalMutationString109_withlog2:testGetPrefix_literalMutationString8_withlog2:testGetPrefix_literalMutationString7_withlog2:testGetPrefix_literalMutationString98_withlog2:testGetPrefix_literalMutationString49_withlog2:testGetPrefix_literalMutationString18_withlog2:testGetPrefix_literalMutationString83_withlog2:testGetPrefix_literalMutationString110_withlog2:testGetPrefix_literalMutationString81_withlog2:testGetPrefix_literalMutationString91_withlog2:testGetPrefix_literalMutationString85_withlog2:testGetPrefix_literalMutationString126_withlog2:testGetPrefix_literalMutationString58_withlog2:testGetPrefix_literalMutationString128_withlog2:testGetPrefix_literalMutationString51_withlog2:testGetPrefix_literalMutationString151_withlog2:testGetPrefix_literalMutationString134_withlog2:testGetPrefix_literalMutationString79_withlog2:testGetPrefix_literalMutationString138_withlog2:testGetPrefix_literalMutationString140_withlog2:testGetPrefix_literalMutationString123_withlog2:testGetPrefix_literalMutationString144_withlog2:testGetPrefix_literalMutationString105_withlog2:testGetPrefix_literalMutationString72_withlog2:testGetPrefix_literalMutationString129_withlog2:testGetPrefix_literalMutationString146_withlog2:testGetPrefix_literalMutationString24_withlog2:testGetPrefix_literalMutationString108_withlog2:testGetPrefix_literalMutationString133_withlog2
File saved to the following path: /tmp/icst-2019/september-2018/dataset/commons-io_parent/target/dspot/observations.ser
File saved to the following path: /tmp/icst-2019/september-2018/dataset/commons-io_parent/target/dspot/TestListener.ser
Loading /tmp/icst-2019/september-2018/dataset/commons-io_parent/target/dspot/TestListener.ser
[INFO] Test has been run: testGetPrefix_literalMutationString74_withlog0(org.apache.commons.io.FilenameUtilsTestCase): null,testGetPrefix_literalMutationString74_withlog1(org.apache.commons.io.FilenameUtilsTestCase): null,testGetPrefix_literalMutationString74_withlog2(org.apache.commons.io.FilenameUtilsTestCase): null,testGetPrefix_add173_withlog0(org.apache.commons.io.FilenameUtilsTestCase): null,testGetPrefix_add173_withlog1(org.apache.commons.io.FilenameUtilsTestCase): null,testGetPrefix_add173_withlog2(org.apache.commons.io.FilenameUtilsTestCase): null,testGetPrefix_literalMutationString117_withlog0(org.apache.commons.io.FilenameUtilsTestCase): null,testGetPrefix_literalMutationString117_withlog1(org.apache.commons.io.FilenameUtilsTestCase): null,testGetPrefix_literalMutationString117_withlog2(org.apache.commons.io.FilenameUtilsTestCase): null,testGetPrefixnull191_withlog0(org.apache.commons.io.FilenameUtilsTestCase): null,testGetPrefixnull191_withlog1(org.apache.commons.io.FilenameUtilsTestCase): null,testGetPrefixnull191_withlog2(org.apache.commons.io.FilenameUtilsTestCase): null,testGetPrefix_literalMutationString8_withlog0(org.apache.commons.io.FilenameUtilsTestCase): null,testGetPrefix_literalMutationString8_withlog1(org.apache.commons.io.FilenameUtilsTestCase): null,testGetPrefix_literalMutationString8_withlog2(org.apache.commons.io.FilenameUtilsTestCase): null,testGetPrefix_literalMutationString50_withlog0(org.apache.commons.io.FilenameUtilsTestCase): null,testGetPrefix_literalMutationString50_withlog1(org.apache.commons.io.FilenameUtilsTestCase): null,testGetPrefix_literalMutationString50_withlog2(org.apache.commons.io.FilenameUtilsTestCase): null,testGetPrefix_literalMutationString49_withlog0(org.apache.commons.io.FilenameUtilsTestCase): null,testGetPrefix_literalMutationString49_withlog1(org.apache.commons.io.FilenameUtilsTestCase): null,testGetPrefix_literalMutationString49_withlog2(org.apache.commons.io.FilenameUtilsTestCase): null,testGetPrefix_literalMutationString73_withlog0(org.apache.commons.io.FilenameUtilsTestCase): null,testGetPrefix_literalMutationString73_withlog1(org.apache.commons.io.FilenameUtilsTestCase): null,testGetPrefix_literalMutationString73_withlog2(org.apache.commons.io.FilenameUtilsTestCase): null,testGetPrefix_add172_withlog0(org.apache.commons.io.FilenameUtilsTestCase): null,testGetPrefix_add172_withlog1(org.apache.commons.io.FilenameUtilsTestCase): null,testGetPrefix_add172_withlog2(org.apache.commons.io.FilenameUtilsTestCase): null,testGetPrefix_literalMutationString25_withlog0(org.apache.commons.io.FilenameUtilsTestCase): null,testGetPrefix_literalMutationString25_withlog1(org.apache.commons.io.FilenameUtilsTestCase): null,testGetPrefix_literalMutationString25_withlog2(org.apache.commons.io.FilenameUtilsTestCase): null,testGetPrefixnull190_withlog0(org.apache.commons.io.FilenameUtilsTestCase): null,testGetPrefixnull190_withlog1(org.apache.commons.io.FilenameUtilsTestCase): null,testGetPrefixnull190_withlog2(org.apache.commons.io.FilenameUtilsTestCase): null,testGetPrefixnull189_withlog0(org.apache.commons.io.FilenameUtilsTestCase): null,testGetPrefixnull189_withlog1(org.apache.commons.io.FilenameUtilsTestCase): null,testGetPrefixnull189_withlog2(org.apache.commons.io.FilenameUtilsTestCase): null,testGetPrefix_literalMutationString7_withlog0(org.apache.commons.io.FilenameUtilsTestCase): null,testGetPrefix_literalMutationString7_withlog1(org.apache.commons.io.FilenameUtilsTestCase): null,testGetPrefix_literalMutationString7_withlog2(org.apache.commons.io.FilenameUtilsTestCase): null,testGetPrefix_literalMutationString140_withlog0(org.apache.commons.io.FilenameUtilsTestCase): null,testGetPrefix_literalMutationString140_withlog1(org.apache.commons.io.FilenameUtilsTestCase): null,testGetPrefix_literalMutationString140_withlog2(org.apache.commons.io.FilenameUtilsTestCase): null,testGetPrefix_literalMutationString96_withlog0(org.apache.commons.io.FilenameUtilsTestCase): null,testGetPrefix_literalMutationString96_withlog1(org.apache.commons.io.FilenameUtilsTestCase): null,testGetPrefix_literalMutationString96_withlog2(org.apache.commons.io.FilenameUtilsTestCase): null,testGetPrefix_literalMutationString48_withlog0(org.apache.commons.io.FilenameUtilsTestCase): null,testGetPrefix_literalMutationString48_withlog1(org.apache.commons.io.FilenameUtilsTestCase): null,testGetPrefix_literalMutationString48_withlog2(org.apache.commons.io.FilenameUtilsTestCase): null,testGetPrefix_literalMutationString139_withlog0(org.apache.commons.io.FilenameUtilsTestCase): null,testGetPrefix_literalMutationString139_withlog1(org.apache.commons.io.FilenameUtilsTestCase): null,testGetPrefix_literalMutationString139_withlog2(org.apache.commons.io.FilenameUtilsTestCase): null,testGetPrefix_literalMutationString72_withlog0(org.apache.commons.io.FilenameUtilsTestCase): null,testGetPrefix_literalMutationString72_withlog1(org.apache.commons.io.FilenameUtilsTestCase): null,testGetPrefix_literalMutationString72_withlog2(org.apache.commons.io.FilenameUtilsTestCase): null,testGetPrefix_add171_withlog0(org.apache.commons.io.FilenameUtilsTestCase): null,testGetPrefix_add171_withlog1(org.apache.commons.io.FilenameUtilsTestCase): null,testGetPrefix_add171_withlog2(org.apache.commons.io.FilenameUtilsTestCase): null,testGetPrefix_literalMutationString24_withlog0(org.apache.commons.io.FilenameUtilsTestCase): null,testGetPrefix_literalMutationString24_withlog1(org.apache.commons.io.FilenameUtilsTestCase): null,testGetPrefix_literalMutationString24_withlog2(org.apache.commons.io.FilenameUtilsTestCase): null,testGetPrefix_literalMutationString115_withlog0(org.apache.commons.io.FilenameUtilsTestCase): null,testGetPrefix_literalMutationString115_withlog1(org.apache.commons.io.FilenameUtilsTestCase): null,testGetPrefix_literalMutationString115_withlog2(org.apache.commons.io.FilenameUtilsTestCase): null,testGetPrefixnull188_withlog0(org.apache.commons.io.FilenameUtilsTestCase): null,testGetPrefixnull188_withlog1(org.apache.commons.io.FilenameUtilsTestCase): null,testGetPrefixnull188_withlog2(org.apache.commons.io.FilenameUtilsTestCase): null,testGetPrefix_literalMutationString6_withlog0(org.apache.commons.io.FilenameUtilsTestCase): null,testGetPrefix_literalMutationString6_withlog1(org.apache.commons.io.FilenameUtilsTestCase): null,testGetPrefix_literalMutationString6_withlog2(org.apache.commons.io.FilenameUtilsTestCase): null,testGetPrefix_literalMutationString95_withlog0(org.apache.commons.io.FilenameUtilsTestCase): null,testGetPrefix_literalMutationString95_withlog1(org.apache.commons.io.FilenameUtilsTestCase): null,testGetPrefix_literalMutationString95_withlog2(org.apache.commons.io.FilenameUtilsTestCase): null,testGetPrefix_literalMutationString47_withlog0(org.apache.commons.io.FilenameUtilsTestCase): null,testGetPrefix_literalMutationString47_withlog1(org.apache.commons.io.FilenameUtilsTestCase): null,testGetPrefix_literalMutationString47_withlog2(org.apache.commons.io.FilenameUtilsTestCase): null,testGetPrefix_literalMutationString138_withlog0(org.apache.commons.io.FilenameUtilsTestCase): null,testGetPrefix_literalMutationString138_withlog1(org.apache.commons.io.FilenameUtilsTestCase): null,testGetPrefix_literalMutationString138_withlog2(org.apache.commons.io.FilenameUtilsTestCase): null,testGetPrefix_literalMutationString71_withlog0(org.apache.commons.io.FilenameUtilsTestCase): null,testGetPrefix_literalMutationString71_withlog1(org.apache.commons.io.FilenameUtilsTestCase): null,testGetPrefix_literalMutationString71_withlog2(org.apache.commons.io.FilenameUtilsTestCase): null,testGetPrefix_add170_withlog0(org.apache.commons.io.FilenameUtilsTestCase): null,testGetPrefix_add170_withlog1(org.apache.commons.io.FilenameUtilsTestCase): null,testGetPrefix_add170_withlog2(org.apache.commons.io.FilenameUtilsTestCase): null,testGetPrefix_literalMutationString23_withlog0(org.apache.commons.io.FilenameUtilsTestCase): null,testGetPrefix_literalMutationString23_withlog1(org.apache.commons.io.FilenameUtilsTestCase): null,testGetPrefix_literalMutationString23_withlog2(org.apache.commons.io.FilenameUtilsTestCase): null,testGetPrefix_literalMutationString114_withlog0(org.apache.commons.io.FilenameUtilsTestCase): null,testGetPrefix_literalMutationString114_withlog1(org.apache.commons.io.FilenameUtilsTestCase): null,testGetPrefix_literalMutationString114_withlog2(org.apache.commons.io.FilenameUtilsTestCase): null,testGetPrefix_add169_withlog0(org.apache.commons.io.FilenameUtilsTestCase): null,testGetPrefix_add169_withlog1(org.apache.commons.io.FilenameUtilsTestCase): null,testGetPrefix_add169_withlog2(org.apache.commons.io.FilenameUtilsTestCase): null,testGetPrefixnull187_withlog0(org.apache.commons.io.FilenameUtilsTestCase): null,testGetPrefixnull187_withlog1(org.apache.commons.io.FilenameUtilsTestCase): null,testGetPrefixnull187_withlog2(org.apache.commons.io.FilenameUtilsTestCase): null,testGetPrefix_literalMutationString5_withlog0(org.apache.commons.io.FilenameUtilsTestCase): null,testGetPrefix_literalMutationString5_withlog1(org.apache.commons.io.FilenameUtilsTestCase): null,testGetPrefix_literalMutationString5_withlog2(org.apache.commons.io.FilenameUtilsTestCase): null,testGetPrefix_literalMutationString94_withlog0(org.apache.commons.io.FilenameUtilsTestCase): null,testGetPrefix_literalMutationString94_withlog1(org.apache.commons.io.FilenameUtilsTestCase): null,testGetPrefix_literalMutationString94_withlog2(org.apache.commons.io.FilenameUtilsTestCase): null,testGetPrefix_literalMutationString46_withlog0(org.apache.commons.io.FilenameUtilsTestCase): null,testGetPrefix_literalMutationString46_withlog1(org.apache.commons.io.FilenameUtilsTestCase): null,testGetPrefix_literalMutationString46_withlog2(org.apache.commons.io.FilenameUtilsTestCase): null,testGetPrefix_literalMutationString137_withlog0(org.apache.commons.io.FilenameUtilsTestCase): null,testGetPrefix_literalMutationString137_withlog1(org.apache.commons.io.FilenameUtilsTestCase): null,testGetPrefix_literalMutationString137_withlog2(org.apache.commons.io.FilenameUtilsTestCase): null,testGetPrefix_literalMutationString70_withlog0(org.apache.commons.io.FilenameUtilsTestCase): null,testGetPrefix_literalMutationString70_withlog1(org.apache.commons.io.FilenameUtilsTestCase): null,testGetPrefix_literalMutationString70_withlog2(org.apache.commons.io.FilenameUtilsTestCase): null,testGetPrefix_literalMutationString22_withlog0(org.apache.commons.io.FilenameUtilsTestCase): null,testGetPrefix_literalMutationString22_withlog1(org.apache.commons.io.FilenameUtilsTestCase): null,testGetPrefix_literalMutationString22_withlog2(org.apache.commons.io.FilenameUtilsTestCase): null,testGetPrefix_literalMutationString113_withlog0(org.apache.commons.io.FilenameUtilsTestCase): null,testGetPrefix_literalMutationString113_withlog1(org.apache.commons.io.FilenameUtilsTestCase): null,testGetPrefix_literalMutationString113_withlog2(org.apache.commons.io.FilenameUtilsTestCase): null,testGetPrefix_add168_withlog0(org.apache.commons.io.FilenameUtilsTestCase): null,testGetPrefix_add168_withlog1(org.apache.commons.io.FilenameUtilsTestCase): null,testGetPrefix_add168_withlog2(org.apache.commons.io.FilenameUtilsTestCase): null,testGetPrefixnull186_withlog0(org.apache.commons.io.FilenameUtilsTestCase): null,testGetPrefixnull186_withlog1(org.apache.commons.io.FilenameUtilsTestCase): null,testGetPrefixnull186_withlog2(org.apache.commons.io.FilenameUtilsTestCase): null,testGetPrefix_literalMutationString4_withlog0(org.apache.commons.io.FilenameUtilsTestCase): null,testGetPrefix_literalMutationString4_withlog1(org.apache.commons.io.FilenameUtilsTestCase): null,testGetPrefix_literalMutationString4_withlog2(org.apache.commons.io.FilenameUtilsTestCase): null,testGetPrefix_literalMutationString93_withlog0(org.apache.commons.io.FilenameUtilsTestCase): null,testGetPrefix_literalMutationString93_withlog1(org.apache.commons.io.FilenameUtilsTestCase): null,testGetPrefix_literalMutationString93_withlog2(org.apache.commons.io.FilenameUtilsTestCase): null,testGetPrefix_literalMutationString45_withlog0(org.apache.commons.io.FilenameUtilsTestCase): null,testGetPrefix_literalMutationString45_withlog1(org.apache.commons.io.FilenameUtilsTestCase): null,testGetPrefix_literalMutationString45_withlog2(org.apache.commons.io.FilenameUtilsTestCase): null,testGetPrefix_literalMutationString136_withlog0(org.apache.commons.io.FilenameUtilsTestCase): null,testGetPrefix_literalMutationString136_withlog1(org.apache.commons.io.FilenameUtilsTestCase): null,testGetPrefix_literalMutationString136_withlog2(org.apache.commons.io.FilenameUtilsTestCase): null,testGetPrefix_literalMutationString21_withlog0(org.apache.commons.io.FilenameUtilsTestCase): null,testGetPrefix_literalMutationString21_withlog1(org.apache.commons.io.FilenameUtilsTestCase): null,testGetPrefix_literalMutationString21_withlog2(org.apache.commons.io.FilenameUtilsTestCase): null,testGetPrefix_literalMutationString112_withlog0(org.apache.commons.io.FilenameUtilsTestCase): null,testGetPrefix_literalMutationString112_withlog1(org.apache.commons.io.FilenameUtilsTestCase): null,testGetPrefix_literalMutationString112_withlog2(org.apache.commons.io.FilenameUtilsTestCase): null,testGetPrefix_literalMutationString68_withlog0(org.apache.commons.io.FilenameUtilsTestCase): null,testGetPrefix_literalMutationString68_withlog1(org.apache.commons.io.FilenameUtilsTestCase): null,testGetPrefix_literalMutationString68_withlog2(org.apache.commons.io.FilenameUtilsTestCase): null,testGetPrefix_add167_withlog0(org.apache.commons.io.FilenameUtilsTestCase): null,testGetPrefix_add167_withlog1(org.apache.commons.io.FilenameUtilsTestCase): null,testGetPrefix_add167_withlog2(org.apache.commons.io.FilenameUtilsTestCase): null,testGetPrefixnull185_withlog0(org.apache.commons.io.FilenameUtilsTestCase): null,testGetPrefixnull185_withlog1(org.apache.commons.io.FilenameUtilsTestCase): null,testGetPrefixnull185_withlog2(org.apache.commons.io.FilenameUtilsTestCase): null,testGetPrefix_literalMutationString3_withlog0(org.apache.commons.io.FilenameUtilsTestCase): null,testGetPrefix_literalMutationString3_withlog1(org.apache.commons.io.FilenameUtilsTestCase): null,testGetPrefix_literalMutationString3_withlog2(org.apache.commons.io.FilenameUtilsTestCase): null,testGetPrefix_literalMutationString92_withlog0(org.apache.commons.io.FilenameUtilsTestCase): null,testGetPrefix_literalMutationString92_withlog1(org.apache.commons.io.FilenameUtilsTestCase): null,testGetPrefix_literalMutationString92_withlog2(org.apache.commons.io.FilenameUtilsTestCase): null,testGetPrefix_literalMutationString44_withlog0(org.apache.commons.io.FilenameUtilsTestCase): null,testGetPrefix_literalMutationString44_withlog1(org.apache.commons.io.FilenameUtilsTestCase): null,testGetPrefix_literalMutationString44_withlog2(org.apache.commons.io.FilenameUtilsTestCase): null,testGetPrefix_literalMutationString135_withlog0(org.apache.commons.io.FilenameUtilsTestCase): null,testGetPrefix_literalMutationString135_withlog1(org.apache.commons.io.FilenameUtilsTestCase): null,testGetPrefix_literalMutationString135_withlog2(org.apache.commons.io.FilenameUtilsTestCase): null,testGetPrefix_literalMutationString20_withlog0(org.apache.commons.io.FilenameUtilsTestCase): null,testGetPrefix_literalMutationString20_withlog1(org.apache.commons.io.FilenameUtilsTestCase): null,testGetPrefix_literalMutationString20_withlog2(org.apache.commons.io.FilenameUtilsTestCase): null,testGetPrefix_literalMutationString111_withlog0(org.apache.commons.io.FilenameUtilsTestCase): null,testGetPrefix_literalMutationString111_withlog1(org.apache.commons.io.FilenameUtilsTestCase): null,testGetPrefix_literalMutationString111_withlog2(org.apache.commons.io.FilenameUtilsTestCase): null,testGetPrefix_literalMutationString67_withlog0(org.apache.commons.io.FilenameUtilsTestCase): null,testGetPrefix_literalMutationString67_withlog1(org.apache.commons.io.FilenameUtilsTestCase): null,testGetPrefix_literalMutationString67_withlog2(org.apache.commons.io.FilenameUtilsTestCase): null,testGetPrefix_add166_withlog0(org.apache.commons.io.FilenameUtilsTestCase): null,testGetPrefix_add166_withlog1(org.apache.commons.io.FilenameUtilsTestCase): null,testGetPrefix_add166_withlog2(org.apache.commons.io.FilenameUtilsTestCase): null,testGetPrefix_literalMutationString19_withlog0(org.apache.commons.io.FilenameUtilsTestCase): null,testGetPrefix_literalMutationString19_withlog1(org.apache.commons.io.FilenameUtilsTestCase): null,testGetPrefix_literalMutationString19_withlog2(org.apache.commons.io.FilenameUtilsTestCase): null,testGetPrefixnull184_withlog0(org.apache.commons.io.FilenameUtilsTestCase): null,testGetPrefixnull184_withlog1(org.apache.commons.io.FilenameUtilsTestCase): null,testGetPrefixnull184_withlog2(org.apache.commons.io.FilenameUtilsTestCase): null,testGetPrefix_literalMutationString2_withlog0(org.apache.commons.io.FilenameUtilsTestCase): null,testGetPrefix_literalMutationString2_withlog1(org.apache.commons.io.FilenameUtilsTestCase): null,testGetPrefix_literalMutationString2_withlog2(org.apache.commons.io.FilenameUtilsTestCase): null,testGetPrefix_literalMutationString91_withlog0(org.apache.commons.io.FilenameUtilsTestCase): null,testGetPrefix_literalMutationString91_withlog1(org.apache.commons.io.FilenameUtilsTestCase): null,testGetPrefix_literalMutationString91_withlog2(org.apache.commons.io.FilenameUtilsTestCase): null,testGetPrefix_literalMutationString43_withlog0(org.apache.commons.io.FilenameUtilsTestCase): null,testGetPrefix_literalMutationString43_withlog1(org.apache.commons.io.FilenameUtilsTestCase): null,testGetPrefix_literalMutationString43_withlog2(org.apache.commons.io.FilenameUtilsTestCase): null,testGetPrefix_literalMutationString134_withlog0(org.apache.commons.io.FilenameUtilsTestCase): null,testGetPrefix_literalMutationString134_withlog1(org.apache.commons.io.FilenameUtilsTestCase): null,testGetPrefix_literalMutationString134_withlog2(org.apache.commons.io.FilenameUtilsTestCase): null,testGetPrefix_literalMutationString110_withlog0(org.apache.commons.io.FilenameUtilsTestCase): null,testGetPrefix_literalMutationString110_withlog1(org.apache.commons.io.FilenameUtilsTestCase): null,testGetPrefix_literalMutationString110_withlog2(org.apache.commons.io.FilenameUtilsTestCase): null,testGetPrefix_literalMutationString66_withlog0(org.apache.commons.io.FilenameUtilsTestCase): null,testGetPrefix_literalMutationString66_withlog1(org.apache.commons.io.FilenameUtilsTestCase): null,testGetPrefix_literalMutationString66_withlog2(org.apache.commons.io.FilenameUtilsTestCase): null,testGetPrefix_add165_withlog0(org.apache.commons.io.FilenameUtilsTestCase): null,testGetPrefix_add165_withlog1(org.apache.commons.io.FilenameUtilsTestCase): null,testGetPrefix_add165_withlog2(org.apache.commons.io.FilenameUtilsTestCase): null,testGetPrefix_literalMutationString18_withlog0(org.apache.commons.io.FilenameUtilsTestCase): null,testGetPrefix_literalMutationString18_withlog1(org.apache.commons.io.FilenameUtilsTestCase): null,testGetPrefix_literalMutationString18_withlog2(org.apache.commons.io.FilenameUtilsTestCase): null,testGetPrefix_literalMutationString109_withlog0(org.apache.commons.io.FilenameUtilsTestCase): null,testGetPrefix_literalMutationString109_withlog1(org.apache.commons.io.FilenameUtilsTestCase): null,testGetPrefix_literalMutationString109_withlog2(org.apache.commons.io.FilenameUtilsTestCase): null,testGetPrefixnull212_withlog0(org.apache.commons.io.FilenameUtilsTestCase): null,testGetPrefixnull212_withlog1(org.apache.commons.io.FilenameUtilsTestCase): null,testGetPrefixnull212_withlog2(org.apache.commons.io.FilenameUtilsTestCase): null,testGetPrefix_literalMutationString1_withlog0(org.apache.commons.io.FilenameUtilsTestCase): null,testGetPrefix_literalMutationString1_withlog1(org.apache.commons.io.FilenameUtilsTestCase): null,testGetPrefix_literalMutationString1_withlog2(org.apache.commons.io.FilenameUtilsTestCase): null,testGetPrefix_literalMutationString90_withlog0(org.apache.commons.io.FilenameUtilsTestCase): null,testGetPrefix_literalMutationString90_withlog1(org.apache.commons.io.FilenameUtilsTestCase): null,testGetPrefix_literalMutationString90_withlog2(org.apache.commons.io.FilenameUtilsTestCase): null,testGetPrefix_literalMutationString42_withlog0(org.apache.commons.io.FilenameUtilsTestCase): null,testGetPrefix_literalMutationString42_withlog1(org.apache.commons.io.FilenameUtilsTestCase): null,testGetPrefix_literalMutationString42_withlog2(org.apache.commons.io.FilenameUtilsTestCase): null,testGetPrefix_literalMutationString133_withlog0(org.apache.commons.io.FilenameUtilsTestCase): null,testGetPrefix_literalMutationString133_withlog1(org.apache.commons.io.FilenameUtilsTestCase): null,testGetPrefix_literalMutationString133_withlog2(org.apache.commons.io.FilenameUtilsTestCase): null,testGetPrefix_literalMutationString89_withlog0(org.apache.commons.io.FilenameUtilsTestCase): null,testGetPrefix_literalMutationString89_withlog1(org.apache.commons.io.FilenameUtilsTestCase): null,testGetPrefix_literalMutationString89_withlog2(org.apache.commons.io.FilenameUtilsTestCase): null,testGetPrefix_literalMutationString65_withlog0(org.apache.commons.io.FilenameUtilsTestCase): null,testGetPrefix_literalMutationString65_withlog1(org.apache.commons.io.FilenameUtilsTestCase): null,testGetPrefix_literalMutationString65_withlog2(org.apache.commons.io.FilenameUtilsTestCase): null,testGetPrefix_add164_withlog0(org.apache.commons.io.FilenameUtilsTestCase): null,testGetPrefix_add164_withlog1(org.apache.commons.io.FilenameUtilsTestCase): null,testGetPrefix_add164_withlog2(org.apache.commons.io.FilenameUtilsTestCase): null,testGetPrefix_literalMutationString17_withlog0(org.apache.commons.io.FilenameUtilsTestCase): null,testGetPrefix_literalMutationString17_withlog1(org.apache.commons.io.FilenameUtilsTestCase): null,testGetPrefix_literalMutationString17_withlog2(org.apache.commons.io.FilenameUtilsTestCase): null,testGetPrefix_literalMutationString108_withlog0(org.apache.commons.io.FilenameUtilsTestCase): null,testGetPrefix_literalMutationString108_withlog1(org.apache.commons.io.FilenameUtilsTestCase): null,testGetPrefix_literalMutationString108_withlog2(org.apache.commons.io.FilenameUtilsTestCase): null,testGetPrefixnull211_withlog0(org.apache.commons.io.FilenameUtilsTestCase): null,testGetPrefixnull211_withlog1(org.apache.commons.io.FilenameUtilsTestCase): null,testGetPrefixnull211_withlog2(org.apache.commons.io.FilenameUtilsTestCase): null,testGetPrefix_literalMutationString132_withlog0(org.apache.commons.io.FilenameUtilsTestCase): null,testGetPrefix_literalMutationString132_withlog1(org.apache.commons.io.FilenameUtilsTestCase): null,testGetPrefix_literalMutationString132_withlog2(org.apache.commons.io.FilenameUtilsTestCase): null,testGetPrefix_literalMutationString88_withlog0(org.apache.commons.io.FilenameUtilsTestCase): null,testGetPrefix_literalMutationString88_withlog1(org.apache.commons.io.FilenameUtilsTestCase): null,testGetPrefix_literalMutationString88_withlog2(org.apache.commons.io.FilenameUtilsTestCase): null,testGetPrefix_literalMutationString64_withlog0(org.apache.commons.io.FilenameUtilsTestCase): null,testGetPrefix_literalMutationString64_withlog1(org.apache.commons.io.FilenameUtilsTestCase): null,testGetPrefix_literalMutationString64_withlog2(org.apache.commons.io.FilenameUtilsTestCase): null,testGetPrefix_add163_withlog0(org.apache.commons.io.FilenameUtilsTestCase): null,testGetPrefix_add163_withlog1(org.apache.commons.io.FilenameUtilsTestCase): null,testGetPrefix_add163_withlog2(org.apache.commons.io.FilenameUtilsTestCase): null,testGetPrefix_literalMutationString16_withlog0(org.apache.commons.io.FilenameUtilsTestCase): null,testGetPrefix_literalMutationString16_withlog1(org.apache.commons.io.FilenameUtilsTestCase): null,testGetPrefix_literalMutationString16_withlog2(org.apache.commons.io.FilenameUtilsTestCase): null,testGetPrefix_literalMutationString107_withlog0(org.apache.commons.io.FilenameUtilsTestCase): null,testGetPrefix_literalMutationString107_withlog1(org.apache.commons.io.FilenameUtilsTestCase): null,testGetPrefix_literalMutationString107_withlog2(org.apache.commons.io.FilenameUtilsTestCase): null,testGetPrefixnull210_withlog0(org.apache.commons.io.FilenameUtilsTestCase): null,testGetPrefixnull210_withlog1(org.apache.commons.io.FilenameUtilsTestCase): null,testGetPrefixnull210_withlog2(org.apache.commons.io.FilenameUtilsTestCase): null,testGetPrefixnull209_withlog0(org.apache.commons.io.FilenameUtilsTestCase): null,testGetPrefixnull209_withlog1(org.apache.commons.io.FilenameUtilsTestCase): null,testGetPrefixnull209_withlog2(org.apache.commons.io.FilenameUtilsTestCase): null,testGetPrefix_literalMutationString40_withlog0(org.apache.commons.io.FilenameUtilsTestCase): null,testGetPrefix_literalMutationString40_withlog1(org.apache.commons.io.FilenameUtilsTestCase): null,testGetPrefix_literalMutationString40_withlog2(org.apache.commons.io.FilenameUtilsTestCase): null,testGetPrefix_literalMutationString131_withlog0(org.apache.commons.io.FilenameUtilsTestCase): null,testGetPrefix_literalMutationString131_withlog1(org.apache.commons.io.FilenameUtilsTestCase): null,testGetPrefix_literalMutationString131_withlog2(org.apache.commons.io.FilenameUtilsTestCase): null,testGetPrefix_literalMutationString87_withlog0(org.apache.commons.io.FilenameUtilsTestCase): null,testGetPrefix_literalMutationString87_withlog1(org.apache.commons.io.FilenameUtilsTestCase): null,testGetPrefix_literalMutationString87_withlog2(org.apache.commons.io.FilenameUtilsTestCase): null,testGetPrefix_literalMutationString39_withlog0(org.apache.commons.io.FilenameUtilsTestCase): null,testGetPrefix_literalMutationString39_withlog1(org.apache.commons.io.FilenameUtilsTestCase): null,testGetPrefix_literalMutationString39_withlog2(org.apache.commons.io.FilenameUtilsTestCase): null,testGetPrefix_literalMutationString63_withlog0(org.apache.commons.io.FilenameUtilsTestCase): null,testGetPrefix_literalMutationString63_withlog1(org.apache.commons.io.FilenameUtilsTestCase): null,testGetPrefix_literalMutationString63_withlog2(org.apache.commons.io.FilenameUtilsTestCase): null,testGetPrefix_add162_withlog0(org.apache.commons.io.FilenameUtilsTestCase): null,testGetPrefix_add162_withlog1(org.apache.commons.io.FilenameUtilsTestCase): null,testGetPrefix_add162_withlog2(org.apache.commons.io.FilenameUtilsTestCase): null,testGetPrefix_literalMutationString15_withlog0(org.apache.commons.io.FilenameUtilsTestCase): null,testGetPrefix_literalMutationString15_withlog1(org.apache.commons.io.FilenameUtilsTestCase): null,testGetPrefix_literalMutationString15_withlog2(org.apache.commons.io.FilenameUtilsTestCase): null,testGetPrefix_literalMutationString106_withlog0(org.apache.commons.io.FilenameUtilsTestCase): null,testGetPrefix_literalMutationString106_withlog1(org.apache.commons.io.FilenameUtilsTestCase): null,testGetPrefix_literalMutationString106_withlog2(org.apache.commons.io.FilenameUtilsTestCase): null,testGetPrefixnull208_withlog0(org.apache.commons.io.FilenameUtilsTestCase): null,testGetPrefixnull208_withlog1(org.apache.commons.io.FilenameUtilsTestCase): null,testGetPrefixnull208_withlog2(org.apache.commons.io.FilenameUtilsTestCase): null,testGetPrefix_literalMutationString130_withlog0(org.apache.commons.io.FilenameUtilsTestCase): null,testGetPrefix_literalMutationString130_withlog1(org.apache.commons.io.FilenameUtilsTestCase): null,testGetPrefix_literalMutationString130_withlog2(org.apache.commons.io.FilenameUtilsTestCase): null,testGetPrefix_literalMutationString86_withlog0(org.apache.commons.io.FilenameUtilsTestCase): null,testGetPrefix_literalMutationString86_withlog1(org.apache.commons.io.FilenameUtilsTestCase): null,testGetPrefix_literalMutationString86_withlog2(org.apache.commons.io.FilenameUtilsTestCase): null,testGetPrefix_literalMutationString38_withlog0(org.apache.commons.io.FilenameUtilsTestCase): null,testGetPrefix_literalMutationString38_withlog1(org.apache.commons.io.FilenameUtilsTestCase): null,testGetPrefix_literalMutationString38_withlog2(org.apache.commons.io.FilenameUtilsTestCase): null,testGetPrefix_literalMutationString129_withlog0(org.apache.commons.io.FilenameUtilsTestCase): null,testGetPrefix_literalMutationString129_withlog1(org.apache.commons.io.FilenameUtilsTestCase): null,testGetPrefix_literalMutationString129_withlog2(org.apache.commons.io.FilenameUtilsTestCase): null,testGetPrefix_literalMutationString62_withlog0(org.apache.commons.io.FilenameUtilsTestCase): null,testGetPrefix_literalMutationString62_withlog1(org.apache.commons.io.FilenameUtilsTestCase): null,testGetPrefix_literalMutationString62_withlog2(org.apache.commons.io.FilenameUtilsTestCase): null,testGetPrefix_add161_withlog0(org.apache.commons.io.FilenameUtilsTestCase): null,testGetPrefix_add161_withlog1(org.apache.commons.io.FilenameUtilsTestCase): null,testGetPrefix_add161_withlog2(org.apache.commons.io.FilenameUtilsTestCase): null,testGetPrefix_literalMutationString14_withlog0(org.apache.commons.io.FilenameUtilsTestCase): null,testGetPrefix_literalMutationString14_withlog1(org.apache.commons.io.FilenameUtilsTestCase): null,testGetPrefix_literalMutationString14_withlog2(org.apache.commons.io.FilenameUtilsTestCase): null,testGetPrefix_literalMutationString153_withlog0(org.apache.commons.io.FilenameUtilsTestCase): null,testGetPrefix_literalMutationString153_withlog1(org.apache.commons.io.FilenameUtilsTestCase): null,testGetPrefix_literalMutationString153_withlog2(org.apache.commons.io.FilenameUtilsTestCase): null,testGetPrefix_literalMutationString105_withlog0(org.apache.commons.io.FilenameUtilsTestCase): null,testGetPrefix_literalMutationString105_withlog1(org.apache.commons.io.FilenameUtilsTestCase): null,testGetPrefix_literalMutationString105_withlog2(org.apache.commons.io.FilenameUtilsTestCase): null,testGetPrefixnull207_withlog0(org.apache.commons.io.FilenameUtilsTestCase): null,testGetPrefixnull207_withlog1(org.apache.commons.io.FilenameUtilsTestCase): null,testGetPrefixnull207_withlog2(org.apache.commons.io.FilenameUtilsTestCase): null,testGetPrefix_literalMutationString85_withlog0(org.apache.commons.io.FilenameUtilsTestCase): null,testGetPrefix_literalMutationString85_withlog1(org.apache.commons.io.FilenameUtilsTestCase): null,testGetPrefix_literalMutationString85_withlog2(org.apache.commons.io.FilenameUtilsTestCase): null,testGetPrefix_literalMutationString37_withlog0(org.apache.commons.io.FilenameUtilsTestCase): null,testGetPrefix_literalMutationString37_withlog1(org.apache.commons.io.FilenameUtilsTestCase): null,testGetPrefix_literalMutationString37_withlog2(org.apache.commons.io.FilenameUtilsTestCase): null,testGetPrefix_literalMutationString128_withlog0(org.apache.commons.io.FilenameUtilsTestCase): null,testGetPrefix_literalMutationString128_withlog1(org.apache.commons.io.FilenameUtilsTestCase): null,testGetPrefix_literalMutationString128_withlog2(org.apache.commons.io.FilenameUtilsTestCase): null,testGetPrefix_literalMutationString61_withlog0(org.apache.commons.io.FilenameUtilsTestCase): null,testGetPrefix_literalMutationString61_withlog1(org.apache.commons.io.FilenameUtilsTestCase): null,testGetPrefix_literalMutationString61_withlog2(org.apache.commons.io.FilenameUtilsTestCase): null,testGetPrefix_add160_withlog0(org.apache.commons.io.FilenameUtilsTestCase): null,testGetPrefix_add160_withlog1(org.apache.commons.io.FilenameUtilsTestCase): null,testGetPrefix_add160_withlog2(org.apache.commons.io.FilenameUtilsTestCase): null,testGetPrefix_literalMutationString13_withlog0(org.apache.commons.io.FilenameUtilsTestCase): null,testGetPrefix_literalMutationString13_withlog1(org.apache.commons.io.FilenameUtilsTestCase): null,testGetPrefix_literalMutationString13_withlog2(org.apache.commons.io.FilenameUtilsTestCase): null,testGetPrefix_literalMutationString152_withlog0(org.apache.commons.io.FilenameUtilsTestCase): null,testGetPrefix_literalMutationString152_withlog1(org.apache.commons.io.FilenameUtilsTestCase): null,testGetPrefix_literalMutationString152_withlog2(org.apache.commons.io.FilenameUtilsTestCase): null,testGetPrefix_add159_withlog0(org.apache.commons.io.FilenameUtilsTestCase): null,testGetPrefix_add159_withlog1(org.apache.commons.io.FilenameUtilsTestCase): null,testGetPrefix_add159_withlog2(org.apache.commons.io.FilenameUtilsTestCase): null,testGetPrefixnull206_withlog0(org.apache.commons.io.FilenameUtilsTestCase): null,testGetPrefixnull206_withlog1(org.apache.commons.io.FilenameUtilsTestCase): null,testGetPrefixnull206_withlog2(org.apache.commons.io.FilenameUtilsTestCase): null,testGetPrefix_literalMutationString84_withlog0(org.apache.commons.io.FilenameUtilsTestCase): null,testGetPrefix_literalMutationString84_withlog1(org.apache.commons.io.FilenameUtilsTestCase): null,testGetPrefix_literalMutationString84_withlog2(org.apache.commons.io.FilenameUtilsTestCase): null,testGetPrefix_add183_withlog0(org.apache.commons.io.FilenameUtilsTestCase): null,testGetPrefix_add183_withlog1(org.apache.commons.io.FilenameUtilsTestCase): null,testGetPrefix_add183_withlog2(org.apache.commons.io.FilenameUtilsTestCase): null,testGetPrefix_literalMutationString36_withlog0(org.apache.commons.io.FilenameUtilsTestCase): null,testGetPrefix_literalMutationString36_withlog1(org.apache.commons.io.FilenameUtilsTestCase): null,testGetPrefix_literalMutationString36_withlog2(org.apache.commons.io.FilenameUtilsTestCase): null,testGetPrefix_literalMutationString127_withlog0(org.apache.commons.io.FilenameUtilsTestCase): null,testGetPrefix_literalMutationString127_withlog1(org.apache.commons.io.FilenameUtilsTestCase): null,testGetPrefix_literalMutationString127_withlog2(org.apache.commons.io.FilenameUtilsTestCase): null,testGetPrefix_literalMutationString60_withlog0(org.apache.commons.io.FilenameUtilsTestCase): null,testGetPrefix_literalMutationString60_withlog1(org.apache.commons.io.FilenameUtilsTestCase): null,testGetPrefix_literalMutationString60_withlog2(org.apache.commons.io.FilenameUtilsTestCase): null,testGetPrefix_literalMutationString12_withlog0(org.apache.commons.io.FilenameUtilsTestCase): null,testGetPrefix_literalMutationString12_withlog1(org.apache.commons.io.FilenameUtilsTestCase): null,testGetPrefix_literalMutationString12_withlog2(org.apache.commons.io.FilenameUtilsTestCase): null,testGetPrefix_literalMutationString151_withlog0(org.apache.commons.io.FilenameUtilsTestCase): null,testGetPrefix_literalMutationString151_withlog1(org.apache.commons.io.FilenameUtilsTestCase): null,testGetPrefix_literalMutationString151_withlog2(org.apache.commons.io.FilenameUtilsTestCase): null,testGetPrefix_literalMutationString59_withlog0(org.apache.commons.io.FilenameUtilsTestCase): null,testGetPrefix_literalMutationString59_withlog1(org.apache.commons.io.FilenameUtilsTestCase): null,testGetPrefix_literalMutationString59_withlog2(org.apache.commons.io.FilenameUtilsTestCase): null,testGetPrefix_add158_withlog0(org.apache.commons.io.FilenameUtilsTestCase): null,testGetPrefix_add158_withlog1(org.apache.commons.io.FilenameUtilsTestCase): null,testGetPrefix_add158_withlog2(org.apache.commons.io.FilenameUtilsTestCase): null,testGetPrefixnull205_withlog0(org.apache.commons.io.FilenameUtilsTestCase): null,testGetPrefixnull205_withlog1(org.apache.commons.io.FilenameUtilsTestCase): null,testGetPrefixnull205_withlog2(org.apache.commons.io.FilenameUtilsTestCase): null,testGetPrefix_literalMutationString83_withlog0(org.apache.commons.io.FilenameUtilsTestCase): null,testGetPrefix_literalMutationString83_withlog1(org.apache.commons.io.FilenameUtilsTestCase): null,testGetPrefix_literalMutationString83_withlog2(org.apache.commons.io.FilenameUtilsTestCase): null,testGetPrefix_add182_withlog0(org.apache.commons.io.FilenameUtilsTestCase): null,testGetPrefix_add182_withlog1(org.apache.commons.io.FilenameUtilsTestCase): null,testGetPrefix_add182_withlog2(org.apache.commons.io.FilenameUtilsTestCase): null,testGetPrefix_literalMutationString35_withlog0(org.apache.commons.io.FilenameUtilsTestCase): null,testGetPrefix_literalMutationString35_withlog1(org.apache.commons.io.FilenameUtilsTestCase): null,testGetPrefix_literalMutationString35_withlog2(org.apache.commons.io.FilenameUtilsTestCase): null,testGetPrefix_literalMutationString126_withlog0(org.apache.commons.io.FilenameUtilsTestCase): null,testGetPrefix_literalMutationString126_withlog1(org.apache.commons.io.FilenameUtilsTestCase): null,testGetPrefix_literalMutationString126_withlog2(org.apache.commons.io.FilenameUtilsTestCase): null,testGetPrefixnull199_withlog0(org.apache.commons.io.FilenameUtilsTestCase): null,testGetPrefixnull199_withlog1(org.apache.commons.io.FilenameUtilsTestCase): null,testGetPrefixnull199_withlog2(org.apache.commons.io.FilenameUtilsTestCase): null,testGetPrefix_literalMutationString11_withlog0(org.apache.commons.io.FilenameUtilsTestCase): null,testGetPrefix_literalMutationString11_withlog1(org.apache.commons.io.FilenameUtilsTestCase): null,testGetPrefix_literalMutationString11_withlog2(org.apache.commons.io.FilenameUtilsTestCase): null,testGetPrefix_literalMutationString150_withlog0(org.apache.commons.io.FilenameUtilsTestCase): null,testGetPrefix_literalMutationString150_withlog1(org.apache.commons.io.FilenameUtilsTestCase): null,testGetPrefix_literalMutationString150_withlog2(org.apache.commons.io.FilenameUtilsTestCase): null,testGetPrefix_literalMutationString102_withlog0(org.apache.commons.io.FilenameUtilsTestCase): null,testGetPrefix_literalMutationString102_withlog1(org.apache.commons.io.FilenameUtilsTestCase): null,testGetPrefix_literalMutationString102_withlog2(org.apache.commons.io.FilenameUtilsTestCase): null,testGetPrefix_literalMutationString58_withlog0(org.apache.commons.io.FilenameUtilsTestCase): null,testGetPrefix_literalMutationString58_withlog1(org.apache.commons.io.FilenameUtilsTestCase): null,testGetPrefix_literalMutationString58_withlog2(org.apache.commons.io.FilenameUtilsTestCase): null,testGetPrefix_add157_withlog0(org.apache.commons.io.FilenameUtilsTestCase): null,testGetPrefix_add157_withlog1(org.apache.commons.io.FilenameUtilsTestCase): null,testGetPrefix_add157_withlog2(org.apache.commons.io.FilenameUtilsTestCase): null,testGetPrefixnull204_withlog0(org.apache.commons.io.FilenameUtilsTestCase): null,testGetPrefixnull204_withlog1(org.apache.commons.io.FilenameUtilsTestCase): null,testGetPrefixnull204_withlog2(org.apache.commons.io.FilenameUtilsTestCase): null,testGetPrefix_literalMutationString82_withlog0(org.apache.commons.io.FilenameUtilsTestCase): null,testGetPrefix_literalMutationString82_withlog1(org.apache.commons.io.FilenameUtilsTestCase): null,testGetPrefix_literalMutationString82_withlog2(org.apache.commons.io.FilenameUtilsTestCase): null,testGetPrefix_add181_withlog0(org.apache.commons.io.FilenameUtilsTestCase): null,testGetPrefix_add181_withlog1(org.apache.commons.io.FilenameUtilsTestCase): null,testGetPrefix_add181_withlog2(org.apache.commons.io.FilenameUtilsTestCase): null,testGetPrefix_literalMutationString34_withlog0(org.apache.commons.io.FilenameUtilsTestCase): null,testGetPrefix_literalMutationString34_withlog1(org.apache.commons.io.FilenameUtilsTestCase): null,testGetPrefix_literalMutationString34_withlog2(org.apache.commons.io.FilenameUtilsTestCase): null,testGetPrefix_literalMutationString125_withlog0(org.apache.commons.io.FilenameUtilsTestCase): null,testGetPrefix_literalMutationString125_withlog1(org.apache.commons.io.FilenameUtilsTestCase): null,testGetPrefix_literalMutationString125_withlog2(org.apache.commons.io.FilenameUtilsTestCase): null,testGetPrefixnull198_withlog0(org.apache.commons.io.FilenameUtilsTestCase): null,testGetPrefixnull198_withlog1(org.apache.commons.io.FilenameUtilsTestCase): null,testGetPrefixnull198_withlog2(org.apache.commons.io.FilenameUtilsTestCase): null,testGetPrefix_literalMutationString10_withlog0(org.apache.commons.io.FilenameUtilsTestCase): null,testGetPrefix_literalMutationString10_withlog1(org.apache.commons.io.FilenameUtilsTestCase): null,testGetPrefix_literalMutationString10_withlog2(org.apache.commons.io.FilenameUtilsTestCase): null,testGetPrefix_literalMutationString101_withlog0(org.apache.commons.io.FilenameUtilsTestCase): null,testGetPrefix_literalMutationString101_withlog1(org.apache.commons.io.FilenameUtilsTestCase): null,testGetPrefix_literalMutationString101_withlog2(org.apache.commons.io.FilenameUtilsTestCase): null,testGetPrefix_literalMutationString57_withlog0(org.apache.commons.io.FilenameUtilsTestCase): null,testGetPrefix_literalMutationString57_withlog1(org.apache.commons.io.FilenameUtilsTestCase): null,testGetPrefix_literalMutationString57_withlog2(org.apache.commons.io.FilenameUtilsTestCase): null,testGetPrefix_add156_withlog0(org.apache.commons.io.FilenameUtilsTestCase): null,testGetPrefix_add156_withlog1(org.apache.commons.io.FilenameUtilsTestCase): null,testGetPrefix_add156_withlog2(org.apache.commons.io.FilenameUtilsTestCase): null,testGetPrefix_literalMutationString148_withlog0(org.apache.commons.io.FilenameUtilsTestCase): null,testGetPrefix_literalMutationString148_withlog1(org.apache.commons.io.FilenameUtilsTestCase): null,testGetPrefix_literalMutationString148_withlog2(org.apache.commons.io.FilenameUtilsTestCase): null,testGetPrefixnull203_withlog0(org.apache.commons.io.FilenameUtilsTestCase): null,testGetPrefixnull203_withlog1(org.apache.commons.io.FilenameUtilsTestCase): null,testGetPrefixnull203_withlog2(org.apache.commons.io.FilenameUtilsTestCase): null,testGetPrefix_literalMutationString81_withlog0(org.apache.commons.io.FilenameUtilsTestCase): null,testGetPrefix_literalMutationString81_withlog1(org.apache.commons.io.FilenameUtilsTestCase): null,testGetPrefix_literalMutationString81_withlog2(org.apache.commons.io.FilenameUtilsTestCase): null,testGetPrefix_add180_withlog0(org.apache.commons.io.FilenameUtilsTestCase): null,testGetPrefix_add180_withlog1(org.apache.commons.io.FilenameUtilsTestCase): null,testGetPrefix_add180_withlog2(org.apache.commons.io.FilenameUtilsTestCase): null,testGetPrefix_literalMutationString124_withlog0(org.apache.commons.io.FilenameUtilsTestCase): null,testGetPrefix_literalMutationString124_withlog1(org.apache.commons.io.FilenameUtilsTestCase): null,testGetPrefix_literalMutationString124_withlog2(org.apache.commons.io.FilenameUtilsTestCase): null,testGetPrefix_add179_withlog0(org.apache.commons.io.FilenameUtilsTestCase): null,testGetPrefix_add179_withlog1(org.apache.commons.io.FilenameUtilsTestCase): null,testGetPrefix_add179_withlog2(org.apache.commons.io.FilenameUtilsTestCase): null,testGetPrefixnull197_withlog0(org.apache.commons.io.FilenameUtilsTestCase): null,testGetPrefixnull197_withlog1(org.apache.commons.io.FilenameUtilsTestCase): null,testGetPrefixnull197_withlog2(org.apache.commons.io.FilenameUtilsTestCase): null,testGetPrefix_literalMutationString100_withlog0(org.apache.commons.io.FilenameUtilsTestCase): null,testGetPrefix_literalMutationString100_withlog1(org.apache.commons.io.FilenameUtilsTestCase): null,testGetPrefix_literalMutationString100_withlog2(org.apache.commons.io.FilenameUtilsTestCase): null,testGetPrefix_literalMutationString56_withlog0(org.apache.commons.io.FilenameUtilsTestCase): null,testGetPrefix_literalMutationString56_withlog1(org.apache.commons.io.FilenameUtilsTestCase): null,testGetPrefix_literalMutationString56_withlog2(org.apache.commons.io.FilenameUtilsTestCase): null,testGetPrefix_add155_withlog0(org.apache.commons.io.FilenameUtilsTestCase): null,testGetPrefix_add155_withlog1(org.apache.commons.io.FilenameUtilsTestCase): null,testGetPrefix_add155_withlog2(org.apache.commons.io.FilenameUtilsTestCase): null,testGetPrefix_literalMutationString147_withlog0(org.apache.commons.io.FilenameUtilsTestCase): null,testGetPrefix_literalMutationString147_withlog1(org.apache.commons.io.FilenameUtilsTestCase): null,testGetPrefix_literalMutationString147_withlog2(org.apache.commons.io.FilenameUtilsTestCase): null,testGetPrefixnull202_withlog0(org.apache.commons.io.FilenameUtilsTestCase): null,testGetPrefixnull202_withlog1(org.apache.commons.io.FilenameUtilsTestCase): null,testGetPrefixnull202_withlog2(org.apache.commons.io.FilenameUtilsTestCase): null,testGetPrefix_literalMutationString80_withlog0(org.apache.commons.io.FilenameUtilsTestCase): null,testGetPrefix_literalMutationString80_withlog1(org.apache.commons.io.FilenameUtilsTestCase): null,testGetPrefix_literalMutationString80_withlog2(org.apache.commons.io.FilenameUtilsTestCase): null,testGetPrefix_literalMutationString32_withlog0(org.apache.commons.io.FilenameUtilsTestCase): null,testGetPrefix_literalMutationString32_withlog1(org.apache.commons.io.FilenameUtilsTestCase): null,testGetPrefix_literalMutationString32_withlog2(org.apache.commons.io.FilenameUtilsTestCase): null,testGetPrefix_literalMutationString123_withlog0(org.apache.commons.io.FilenameUtilsTestCase): null,testGetPrefix_literalMutationString123_withlog1(org.apache.commons.io.FilenameUtilsTestCase): null,testGetPrefix_literalMutationString123_withlog2(org.apache.commons.io.FilenameUtilsTestCase): null,testGetPrefix_literalMutationString79_withlog0(org.apache.commons.io.FilenameUtilsTestCase): null,testGetPrefix_literalMutationString79_withlog1(org.apache.commons.io.FilenameUtilsTestCase): null,testGetPrefix_literalMutationString79_withlog2(org.apache.commons.io.FilenameUtilsTestCase): null,testGetPrefix_add178_withlog0(org.apache.commons.io.FilenameUtilsTestCase): null,testGetPrefix_add178_withlog1(org.apache.commons.io.FilenameUtilsTestCase): null,testGetPrefix_add178_withlog2(org.apache.commons.io.FilenameUtilsTestCase): null,testGetPrefixnull196_withlog0(org.apache.commons.io.FilenameUtilsTestCase): null,testGetPrefixnull196_withlog1(org.apache.commons.io.FilenameUtilsTestCase): null,testGetPrefixnull196_withlog2(org.apache.commons.io.FilenameUtilsTestCase): null,testGetPrefix_literalMutationString55_withlog0(org.apache.commons.io.FilenameUtilsTestCase): null,testGetPrefix_literalMutationString55_withlog1(org.apache.commons.io.FilenameUtilsTestCase): null,testGetPrefix_literalMutationString55_withlog2(org.apache.commons.io.FilenameUtilsTestCase): null,testGetPrefix_add154_withlog0(org.apache.commons.io.FilenameUtilsTestCase): null,testGetPrefix_add154_withlog1(org.apache.commons.io.FilenameUtilsTestCase): null,testGetPrefix_add154_withlog2(org.apache.commons.io.FilenameUtilsTestCase): null,testGetPrefix_literalMutationString146_withlog0(org.apache.commons.io.FilenameUtilsTestCase): null,testGetPrefix_literalMutationString146_withlog1(org.apache.commons.io.FilenameUtilsTestCase): null,testGetPrefix_literalMutationString146_withlog2(org.apache.commons.io.FilenameUtilsTestCase): null,testGetPrefixnull201_withlog0(org.apache.commons.io.FilenameUtilsTestCase): null,testGetPrefixnull201_withlog1(org.apache.commons.io.FilenameUtilsTestCase): null,testGetPrefixnull201_withlog2(org.apache.commons.io.FilenameUtilsTestCase): null,testGetPrefix_literalMutationString31_withlog0(org.apache.commons.io.FilenameUtilsTestCase): null,testGetPrefix_literalMutationString31_withlog1(org.apache.commons.io.FilenameUtilsTestCase): null,testGetPrefix_literalMutationString31_withlog2(org.apache.commons.io.FilenameUtilsTestCase): null,testGetPrefix_literalMutationString122_withlog0(org.apache.commons.io.FilenameUtilsTestCase): null,testGetPrefix_literalMutationString122_withlog1(org.apache.commons.io.FilenameUtilsTestCase): null,testGetPrefix_literalMutationString122_withlog2(org.apache.commons.io.FilenameUtilsTestCase): null,testGetPrefix_add177_withlog0(org.apache.commons.io.FilenameUtilsTestCase): null,testGetPrefix_add177_withlog1(org.apache.commons.io.FilenameUtilsTestCase): null,testGetPrefix_add177_withlog2(org.apache.commons.io.FilenameUtilsTestCase): null,testGetPrefixnull195_withlog0(org.apache.commons.io.FilenameUtilsTestCase): null,testGetPrefixnull195_withlog1(org.apache.commons.io.FilenameUtilsTestCase): null,testGetPrefixnull195_withlog2(org.apache.commons.io.FilenameUtilsTestCase): null,testGetPrefix_literalMutationString54_withlog0(org.apache.commons.io.FilenameUtilsTestCase): null,testGetPrefix_literalMutationString54_withlog1(org.apache.commons.io.FilenameUtilsTestCase): null,testGetPrefix_literalMutationString54_withlog2(org.apache.commons.io.FilenameUtilsTestCase): null,testGetPrefix_literalMutationString145_withlog0(org.apache.commons.io.FilenameUtilsTestCase): null,testGetPrefix_literalMutationString145_withlog1(org.apache.commons.io.FilenameUtilsTestCase): null,testGetPrefix_literalMutationString145_withlog2(org.apache.commons.io.FilenameUtilsTestCase): null,testGetPrefixnull200_withlog0(org.apache.commons.io.FilenameUtilsTestCase): null,testGetPrefixnull200_withlog1(org.apache.commons.io.FilenameUtilsTestCase): null,testGetPrefixnull200_withlog2(org.apache.commons.io.FilenameUtilsTestCase): null,testGetPrefix_literalMutationString30_withlog0(org.apache.commons.io.FilenameUtilsTestCase): null,testGetPrefix_literalMutationString30_withlog1(org.apache.commons.io.FilenameUtilsTestCase): null,testGetPrefix_literalMutationString30_withlog2(org.apache.commons.io.FilenameUtilsTestCase): null,testGetPrefix_literalMutationString77_withlog0(org.apache.commons.io.FilenameUtilsTestCase): null,testGetPrefix_literalMutationString77_withlog1(org.apache.commons.io.FilenameUtilsTestCase): null,testGetPrefix_literalMutationString77_withlog2(org.apache.commons.io.FilenameUtilsTestCase): null,testGetPrefix_add176_withlog0(org.apache.commons.io.FilenameUtilsTestCase): null,testGetPrefix_add176_withlog1(org.apache.commons.io.FilenameUtilsTestCase): null,testGetPrefix_add176_withlog2(org.apache.commons.io.FilenameUtilsTestCase): null,testGetPrefix_literalMutationString29_withlog0(org.apache.commons.io.FilenameUtilsTestCase): null,testGetPrefix_literalMutationString29_withlog1(org.apache.commons.io.FilenameUtilsTestCase): null,testGetPrefix_literalMutationString29_withlog2(org.apache.commons.io.FilenameUtilsTestCase): null,testGetPrefixnull194_withlog0(org.apache.commons.io.FilenameUtilsTestCase): null,testGetPrefixnull194_withlog1(org.apache.commons.io.FilenameUtilsTestCase): null,testGetPrefixnull194_withlog2(org.apache.commons.io.FilenameUtilsTestCase): null,testGetPrefix_literalMutationString53_withlog0(org.apache.commons.io.FilenameUtilsTestCase): null,testGetPrefix_literalMutationString53_withlog1(org.apache.commons.io.FilenameUtilsTestCase): null,testGetPrefix_literalMutationString53_withlog2(org.apache.commons.io.FilenameUtilsTestCase): null,testGetPrefix_literalMutationString144_withlog0(org.apache.commons.io.FilenameUtilsTestCase): null,testGetPrefix_literalMutationString144_withlog1(org.apache.commons.io.FilenameUtilsTestCase): null,testGetPrefix_literalMutationString144_withlog2(org.apache.commons.io.FilenameUtilsTestCase): null,testGetPrefix_literalMutationString120_withlog0(org.apache.commons.io.FilenameUtilsTestCase): null,testGetPrefix_literalMutationString120_withlog1(org.apache.commons.io.FilenameUtilsTestCase): null,testGetPrefix_literalMutationString120_withlog2(org.apache.commons.io.FilenameUtilsTestCase): null,testGetPrefix_literalMutationString76_withlog0(org.apache.commons.io.FilenameUtilsTestCase): null,testGetPrefix_literalMutationString76_withlog1(org.apache.commons.io.FilenameUtilsTestCase): null,testGetPrefix_literalMutationString76_withlog2(org.apache.commons.io.FilenameUtilsTestCase): null,testGetPrefix_add175_withlog0(org.apache.commons.io.FilenameUtilsTestCase): null,testGetPrefix_add175_withlog1(org.apache.commons.io.FilenameUtilsTestCase): null,testGetPrefix_add175_withlog2(org.apache.commons.io.FilenameUtilsTestCase): null,testGetPrefix_literalMutationString28_withlog0(org.apache.commons.io.FilenameUtilsTestCase): null,testGetPrefix_literalMutationString28_withlog1(org.apache.commons.io.FilenameUtilsTestCase): null,testGetPrefix_literalMutationString28_withlog2(org.apache.commons.io.FilenameUtilsTestCase): null,testGetPrefix_literalMutationString119_withlog0(org.apache.commons.io.FilenameUtilsTestCase): null,testGetPrefix_literalMutationString119_withlog1(org.apache.commons.io.FilenameUtilsTestCase): null,testGetPrefix_literalMutationString119_withlog2(org.apache.commons.io.FilenameUtilsTestCase): null,testGetPrefixnull193_withlog0(org.apache.commons.io.FilenameUtilsTestCase): null,testGetPrefixnull193_withlog1(org.apache.commons.io.FilenameUtilsTestCase): null,testGetPrefixnull193_withlog2(org.apache.commons.io.FilenameUtilsTestCase): null,testGetPrefix_literalMutationString52_withlog0(org.apache.commons.io.FilenameUtilsTestCase): null,testGetPrefix_literalMutationString52_withlog1(org.apache.commons.io.FilenameUtilsTestCase): null,testGetPrefix_literalMutationString52_withlog2(org.apache.commons.io.FilenameUtilsTestCase): null,testGetPrefix_literalMutationString143_withlog0(org.apache.commons.io.FilenameUtilsTestCase): null,testGetPrefix_literalMutationString143_withlog1(org.apache.commons.io.FilenameUtilsTestCase): null,testGetPrefix_literalMutationString143_withlog2(org.apache.commons.io.FilenameUtilsTestCase): null,testGetPrefix_literalMutationString99_withlog0(org.apache.commons.io.FilenameUtilsTestCase): null,testGetPrefix_literalMutationString99_withlog1(org.apache.commons.io.FilenameUtilsTestCase): null,testGetPrefix_literalMutationString99_withlog2(org.apache.commons.io.FilenameUtilsTestCase): null,testGetPrefix_literalMutationString75_withlog0(org.apache.commons.io.FilenameUtilsTestCase): null,testGetPrefix_literalMutationString75_withlog1(org.apache.commons.io.FilenameUtilsTestCase): null,testGetPrefix_literalMutationString75_withlog2(org.apache.commons.io.FilenameUtilsTestCase): null,testGetPrefix_add174_withlog0(org.apache.commons.io.FilenameUtilsTestCase): null,testGetPrefix_add174_withlog1(org.apache.commons.io.FilenameUtilsTestCase): null,testGetPrefix_add174_withlog2(org.apache.commons.io.FilenameUtilsTestCase): null,testGetPrefix_literalMutationString27_withlog0(org.apache.commons.io.FilenameUtilsTestCase): null,testGetPrefix_literalMutationString27_withlog1(org.apache.commons.io.FilenameUtilsTestCase): null,testGetPrefix_literalMutationString27_withlog2(org.apache.commons.io.FilenameUtilsTestCase): null,testGetPrefix_literalMutationString118_withlog0(org.apache.commons.io.FilenameUtilsTestCase): null,testGetPrefix_literalMutationString118_withlog1(org.apache.commons.io.FilenameUtilsTestCase): null,testGetPrefix_literalMutationString118_withlog2(org.apache.commons.io.FilenameUtilsTestCase): null,testGetPrefixnull192_withlog0(org.apache.commons.io.FilenameUtilsTestCase): null,testGetPrefixnull192_withlog1(org.apache.commons.io.FilenameUtilsTestCase): null,testGetPrefixnull192_withlog2(org.apache.commons.io.FilenameUtilsTestCase): null,testGetPrefix_literalMutationString9_withlog0(org.apache.commons.io.FilenameUtilsTestCase): null,testGetPrefix_literalMutationString9_withlog1(org.apache.commons.io.FilenameUtilsTestCase): null,testGetPrefix_literalMutationString9_withlog2(org.apache.commons.io.FilenameUtilsTestCase): null,testGetPrefix_literalMutationString51_withlog0(org.apache.commons.io.FilenameUtilsTestCase): null,testGetPrefix_literalMutationString51_withlog1(org.apache.commons.io.FilenameUtilsTestCase): null,testGetPrefix_literalMutationString51_withlog2(org.apache.commons.io.FilenameUtilsTestCase): null,testGetPrefix_literalMutationString142_withlog0(org.apache.commons.io.FilenameUtilsTestCase): null,testGetPrefix_literalMutationString142_withlog1(org.apache.commons.io.FilenameUtilsTestCase): null,testGetPrefix_literalMutationString142_withlog2(org.apache.commons.io.FilenameUtilsTestCase): null,testGetPrefix_literalMutationString98_withlog0(org.apache.commons.io.FilenameUtilsTestCase): null,testGetPrefix_literalMutationString98_withlog1(org.apache.commons.io.FilenameUtilsTestCase): null,testGetPrefix_literalMutationString98_withlog2(org.apache.commons.io.FilenameUtilsTestCase): null
[WARNING] Some instrumented test failed!
[INFO] Generating assertions...
[INFO] Could not generate any test with assertions
[INFO] iteration 1 / 3
[INFO] 200 tests selected to be amplified over 200 available tests
[INFO] Amplification of inputs...
 63% |=============================== ]- 13% |============================================ ]- 88% |============================================ ]| 31% |============================================ ]\ 32% |============================================ ]| 88% |============================================ ]/ 63% |============================================ ]\ 13% |============================================ ]\ 32% |============================================ ]/ 89% |============================================ ]- 14% |============================================ ]| 64% |============================================ ]| 33% |============================================ ]- 89% |============================================ ]\ 14% |============================================ ]/ 64% |============================================ ]/ 33% |============================================ ]\ 90% |============================================= ]| 15% |============================================= ]- 65% |============================================= ]- 34% |============================================= ]| 90% |============================================= ]/ 65% |============================================= ]\ 15% |============================================= ]\ 34% |============================================= ]/ 91% |============================================= ]- 66% |============================================= ]| 16% |============================================= ]| 35% |============================================= ]- 91% |============================================= ]\ 66% |============================================= ]/ 16% |============================================= ]/ 35% |============================================= ]\ 92% |============================================== ]| 67% |============================================== ]- 17% |============================================== ]- 92% |============================================== ]/ 36% |============================================== ]| 67% |============================================== ]\ 17% |============================================== ]\ 93% |============================================== ]- 36% |============================================== ]/ 68% |============================================== ]| 18% |============================================== ]| 93% |============================================== ]\ 37% |============================================== ]- 68% |============================================== ]/ 18% |============================================== ]/ 94% |=============================================== ]| 37% |=============================================== ]\ 69% |=============================================== ]- 19% |=============================================== ]- 94% |=============================================== ]/ 25% |=============================================== ]\ 69% |=============================================== ]\ 19% |=============================================== ]\ 95% |=============================================== ]- 26% |=============================================== ]| 70% |=============================================== ]| 20% |=============================================== ]| 95% |=============================================== ]\ 26% |=============================================== ]/ 70% |=============================================== ]/ 20% |=============================================== ]/ 96% |================================================ ]| 27% |================================================ ]- 71% |================================================ ]- 21% |================================================ ]- 96% |================================================ ]/ 27% |================================================ ]\ 44% |================================================ ]| 71% |================================================ ]\ 21% |================================================ ]\ 97% |================================================ ]-[INFO] ------------------------------------------------------------------------
[INFO] BUILD FAILURE
[INFO] ------------------------------------------------------------------------
[INFO] Total time: 07:44 min
[INFO] Finished at: 2018-09-30T16:38:05+02:00
[INFO] ------------------------------------------------------------------------
[ERROR] OutOfMemoryError: GC overhead limit exceeded -> [Help 1]
java.lang.OutOfMemoryError
    at sun.reflect.NativeConstructorAccessorImpl.newInstance0 (Native Method)
    at sun.reflect.NativeConstructorAccessorImpl.newInstance (NativeConstructorAccessorImpl.java:62)
    at sun.reflect.DelegatingConstructorAccessorImpl.newInstance (DelegatingConstructorAccessorImpl.java:45)
    at java.lang.reflect.Constructor.newInstance (Constructor.java:423)
    at java.util.concurrent.ForkJoinTask.getThrowableException (ForkJoinTask.java:598)
    at java.util.concurrent.ForkJoinTask.reportException (ForkJoinTask.java:677)
    at java.util.concurrent.ForkJoinTask.invoke (ForkJoinTask.java:735)
    at java.util.stream.ReduceOps$ReduceOp.evaluateParallel (ReduceOps.java:714)
    at java.util.stream.AbstractPipeline.evaluate (AbstractPipeline.java:233)
    at java.util.stream.ReferencePipeline.collect (ReferencePipeline.java:499)
    at eu.stamp_project.dspot.budget.NoBudgetizer.inputAmplify (NoBudgetizer.java:55)
    at eu.stamp_project.dspot.Amplification.amplification (Amplification.java:134)
    at eu.stamp_project.dspot.Amplification.amplification (Amplification.java:97)
    at eu.stamp_project.dspot.DSpot.amplifyTest (DSpot.java:181)
    at eu.stamp_project.dspot.DSpot.amplifyTest (DSpot.java:171)
    at eu.stamp_project.Main.lambda$run$1 (Main.java:69)
    at java.util.stream.ReferencePipeline$3$1.accept (ReferencePipeline.java:193)
    at java.util.ArrayList$ArrayListSpliterator.forEachRemaining (ArrayList.java:1374)
    at java.util.stream.AbstractPipeline.copyInto (AbstractPipeline.java:481)
    at java.util.stream.AbstractPipeline.wrapAndCopyInto (AbstractPipeline.java:471)
    at java.util.stream.ReduceOps$ReduceOp.evaluateSequential (ReduceOps.java:708)
    at java.util.stream.AbstractPipeline.evaluate (AbstractPipeline.java:234)
    at java.util.stream.ReferencePipeline.collect (ReferencePipeline.java:499)
    at eu.stamp_project.Main.run (Main.java:71)
    at eu.stamp_project.DSpotMojo.execute (DSpotMojo.java:263)
    at org.apache.maven.plugin.DefaultBuildPluginManager.executeMojo (DefaultBuildPluginManager.java:137)
    at org.apache.maven.lifecycle.internal.MojoExecutor.execute (MojoExecutor.java:208)
    at org.apache.maven.lifecycle.internal.MojoExecutor.execute (MojoExecutor.java:154)
    at org.apache.maven.lifecycle.internal.MojoExecutor.execute (MojoExecutor.java:146)
    at org.apache.maven.lifecycle.internal.LifecycleModuleBuilder.buildProject (LifecycleModuleBuilder.java:117)
    at org.apache.maven.lifecycle.internal.LifecycleModuleBuilder.buildProject (LifecycleModuleBuilder.java:81)
    at org.apache.maven.lifecycle.internal.builder.singlethreaded.SingleThreadedBuilder.build (SingleThreadedBuilder.java:56)
    at org.apache.maven.lifecycle.internal.LifecycleStarter.execute (LifecycleStarter.java:128)
    at org.apache.maven.DefaultMaven.doExecute (DefaultMaven.java:305)
    at org.apache.maven.DefaultMaven.doExecute (DefaultMaven.java:192)
    at org.apache.maven.DefaultMaven.execute (DefaultMaven.java:105)
    at org.apache.maven.cli.MavenCli.execute (MavenCli.java:954)
    at org.apache.maven.cli.MavenCli.doMain (MavenCli.java:288)
    at org.apache.maven.cli.MavenCli.main (MavenCli.java:192)
    at sun.reflect.NativeMethodAccessorImpl.invoke0 (Native Method)
    at sun.reflect.NativeMethodAccessorImpl.invoke (NativeMethodAccessorImpl.java:62)
    at sun.reflect.DelegatingMethodAccessorImpl.invoke (DelegatingMethodAccessorImpl.java:43)
    at java.lang.reflect.Method.invoke (Method.java:498)
    at org.codehaus.plexus.classworlds.launcher.Launcher.launchEnhanced (Launcher.java:289)
    at org.codehaus.plexus.classworlds.launcher.Launcher.launch (Launcher.java:229)
    at org.codehaus.plexus.classworlds.launcher.Launcher.mainWithExitCode (Launcher.java:415)
    at org.codehaus.plexus.classworlds.launcher.Launcher.main (Launcher.java:356)
Caused by: java.lang.OutOfMemoryError: GC overhead limit exceeded
    at java.util.Arrays.copyOf (Arrays.java:3332)
    at java.lang.AbstractStringBuilder.ensureCapacityInternal (AbstractStringBuilder.java:124)
    at java.lang.AbstractStringBuilder.append (AbstractStringBuilder.java:448)
    at java.lang.StringBuilder.append (StringBuilder.java:136)
    at spoon.reflect.visitor.chain.CtQueryImpl$AbstractStep.isAcceptableType (CtQueryImpl.java:373)
    at spoon.reflect.visitor.chain.CtQueryImpl$AbstractStep.accept (CtQueryImpl.java:313)
    at spoon.reflect.visitor.filter.CtScannerFunction$Scanner.onElement (CtScannerFunction.java:87)
    at spoon.reflect.visitor.EarlyTerminatingScanner.doScan (EarlyTerminatingScanner.java:148)
    at spoon.reflect.visitor.EarlyTerminatingScanner.scan (EarlyTerminatingScanner.java:128)
    at spoon.reflect.visitor.CtScanner.scan (CtScanner.java:173)
    at spoon.reflect.visitor.EarlyTerminatingScanner.scan (EarlyTerminatingScanner.java:113)
    at spoon.reflect.visitor.EarlyTerminatingScanner.scan (EarlyTerminatingScanner.java:90)
    at spoon.reflect.visitor.CtScanner.visitCtExecutableReference (CtScanner.java:405)
    at spoon.support.reflect.reference.CtExecutableReferenceImpl.accept (CtExecutableReferenceImpl.java:86)
    at spoon.reflect.visitor.EarlyTerminatingScanner.doScan (EarlyTerminatingScanner.java:152)
    at spoon.reflect.visitor.EarlyTerminatingScanner.scan (EarlyTerminatingScanner.java:128)
    at spoon.reflect.visitor.CtScanner.scan (CtScanner.java:173)
    at spoon.reflect.visitor.EarlyTerminatingScanner.scan (EarlyTerminatingScanner.java:113)
    at spoon.reflect.visitor.CtScanner.visitCtInvocation (CtScanner.java:506)
    at spoon.support.reflect.code.CtInvocationImpl.accept (CtInvocationImpl.java:55)
    at spoon.reflect.visitor.EarlyTerminatingScanner.doScan (EarlyTerminatingScanner.java:152)
    at spoon.reflect.visitor.EarlyTerminatingScanner.scan (EarlyTerminatingScanner.java:128)
    at spoon.reflect.visitor.CtScanner.scan (CtScanner.java:173)
    at spoon.reflect.visitor.EarlyTerminatingScanner.scan (EarlyTerminatingScanner.java:113)
    at spoon.reflect.visitor.EarlyTerminatingScanner.scan (EarlyTerminatingScanner.java:90)
    at spoon.reflect.visitor.CtScanner.visitCtBlock (CtScanner.java:302)
    at spoon.support.reflect.code.CtBlockImpl.accept (CtBlockImpl.java:67)
    at spoon.reflect.visitor.EarlyTerminatingScanner.doScan (EarlyTerminatingScanner.java:152)
    at spoon.reflect.visitor.EarlyTerminatingScanner.scan (EarlyTerminatingScanner.java:128)
    at spoon.reflect.visitor.filter.CtScannerFunction.apply (CtScannerFunction.java:66)
    at spoon.reflect.visitor.filter.CtScannerFunction.apply (CtScannerFunction.java:36)
    at spoon.reflect.visitor.chain.CtQueryImpl$LazyFunctionWrapper._accept (CtQueryImpl.java:501)
[ERROR] 
[ERROR] 
[ERROR] For more information about the errors and possible solutions, please read the following articles:
[ERROR] [Help 1] http://cwiki.apache.org/confluence/display/MAVEN/OutOfMemoryError
 44% |================================================ ]/