[INFO] Scanning for projects...
[INFO] 
[INFO] ---------------------< com.google.code.gson:gson >----------------------
[INFO] Building Gson 2.3-SNAPSHOT
[INFO] --------------------------------[ jar ]---------------------------------
[INFO] 
[INFO] --- dspot-maven:1.1.1-SNAPSHOT:amplify-unit-tests (default-cli) @ gson ---
Downloading from stamp-maven-repository-mvn-repo: https://stamp-project.github.io/stamp-maven-repository/eu/stamp-project/dspot/1.1.1-SNAPSHOT/maven-metadata.xml
Downloading from stamp-maven-repository-mvn-repo: https://stamp-project.github.io/stamp-maven-repository/fr/inria/gforge/spoon/spoon-core/7.1.0-SNAPSHOT/maven-metadata.xml
Downloading from stamp-maven-repository-mvn-repo: https://stamp-project.github.io/stamp-maven-repository/org/eclipse/platform/org.eclipse.core.resources/maven-metadata.xml
Downloading from stamp-maven-repository-mvn-repo: https://stamp-project.github.io/stamp-maven-repository/org/eclipse/platform/org.eclipse.core.expressions/maven-metadata.xml
Downloading from stamp-maven-repository-mvn-repo: https://stamp-project.github.io/stamp-maven-repository/org/eclipse/platform/org.eclipse.core.runtime/maven-metadata.xml
Downloading from stamp-maven-repository-mvn-repo: https://stamp-project.github.io/stamp-maven-repository/org/eclipse/platform/org.eclipse.osgi/maven-metadata.xml
Downloading from stamp-maven-repository-mvn-repo: https://stamp-project.github.io/stamp-maven-repository/org/eclipse/platform/org.eclipse.equinox.common/maven-metadata.xml
Downloading from stamp-maven-repository-mvn-repo: https://stamp-project.github.io/stamp-maven-repository/org/eclipse/platform/org.eclipse.core.jobs/maven-metadata.xml
Downloading from stamp-maven-repository-mvn-repo: https://stamp-project.github.io/stamp-maven-repository/org/eclipse/platform/org.eclipse.equinox.registry/maven-metadata.xml
Downloading from stamp-maven-repository-mvn-repo: https://stamp-project.github.io/stamp-maven-repository/org/eclipse/platform/org.eclipse.equinox.preferences/maven-metadata.xml
Downloading from stamp-maven-repository-mvn-repo: https://stamp-project.github.io/stamp-maven-repository/org/eclipse/platform/org.eclipse.core.contenttype/maven-metadata.xml
Downloading from stamp-maven-repository-mvn-repo: https://stamp-project.github.io/stamp-maven-repository/org/eclipse/platform/org.eclipse.equinox.app/maven-metadata.xml
Downloading from stamp-maven-repository-mvn-repo: https://stamp-project.github.io/stamp-maven-repository/org/eclipse/platform/org.eclipse.core.filesystem/maven-metadata.xml
Downloading from stamp-maven-repository-mvn-repo: https://stamp-project.github.io/stamp-maven-repository/org/eclipse/platform/org.eclipse.text/maven-metadata.xml
Downloading from stamp-maven-repository-mvn-repo: https://stamp-project.github.io/stamp-maven-repository/org/eclipse/platform/org.eclipse.core.commands/maven-metadata.xml
[INFO] Path to runner Classes: /home/spirals/danglot/.m2/repository/eu/stamp-project/test-runner/1.1.0/test-runner-1.1.0-jar-with-dependencies.jar
[INFO] /home/spirals/danglot/.m2/repository/org/jacoco/org.jacoco.core/0.7.9/org.jacoco.core-0.7.9.jar
[INFO] /home/spirals/danglot/.m2/repository/org/ow2/asm/asm-debug-all/5.2/asm-debug-all-5.2.jar
[INFO] /home/spirals/danglot/.m2/repository/eu/stamp-project/test-runner/1.1.0/test-runner-1.1.0-jar-with-dependencies.jar
[WARNING] automaticBuilderName: unknown automatic builder specified in configuration, going to default.
[INFO] Default: provided Maven automatic builder.
[INFO] run maven clean test -DskipTests dependency:build-classpath -Dmdep.outputFile=target/dspot/classpath
[WARN] Maven will be executed in interactive mode, but no input stream has been configured for this MavenInvoker instance.
[INFO] Scanning for projects...
[INFO] 
[INFO] ---------------------< com.google.code.gson:gson >----------------------
[INFO] Building Gson 2.3-SNAPSHOT
[INFO] --------------------------------[ jar ]---------------------------------
[INFO] 
[INFO] --- maven-clean-plugin:2.5:clean (default-clean) @ gson ---
[INFO] Deleting /tmp/icst-2019/september-2018/dataset/gson_parent/gson/target
[INFO] 
[INFO] --- maven-enforcer-plugin:1.2:enforce (enforce-maven) @ gson ---
[INFO] Skipping Rule Enforcement.
[INFO] 
[INFO] --- maven-resources-plugin:2.6:resources (default-resources) @ gson ---
[INFO] Using 'UTF-8' encoding to copy filtered resources.
[INFO] skip non existing resourceDirectory /tmp/icst-2019/september-2018/dataset/gson_parent/gson/src/main/resources
[INFO] 
[INFO] --- maven-compiler-plugin:3.1:compile (default-compile) @ gson ---
[INFO] Changes detected - recompiling the module!
[INFO] Compiling 67 source files to /tmp/icst-2019/september-2018/dataset/gson_parent/gson/target/classes
[INFO] 
[INFO] --- maven-resources-plugin:2.6:testResources (default-testResources) @ gson ---
[INFO] Using 'UTF-8' encoding to copy filtered resources.
[INFO] skip non existing resourceDirectory /tmp/icst-2019/september-2018/dataset/gson_parent/gson/src/test/resources
[INFO] 
[INFO] --- maven-compiler-plugin:3.1:testCompile (default-testCompile) @ gson ---
[INFO] Changes detected - recompiling the module!
[INFO] Compiling 82 source files to /tmp/icst-2019/september-2018/dataset/gson_parent/gson/target/test-classes
[INFO] 
[INFO] --- maven-surefire-plugin:2.12.4:test (default-test) @ gson ---
[INFO] Tests are skipped.
[INFO] 
[INFO] --- maven-dependency-plugin:2.8:build-classpath (default-cli) @ gson ---
[INFO] Wrote classpath file '/tmp/icst-2019/september-2018/dataset/gson_parent/gson/target/dspot/classpath'.
[INFO] ------------------------------------------------------------------------
[INFO] BUILD SUCCESS
[INFO] ------------------------------------------------------------------------
[INFO] Total time: 5.963 s
[INFO] Finished at: 2018-09-23T13:51:24+02:00
[INFO] ------------------------------------------------------------------------
[ERROR] 2018-09-23 13:51:27 JDTCommentBuilder - // Note that the above example is taken from JsonAdapterANnotationTest. is not added into the AST
spoon.reflect.declaration.ParentNotInitializedException: parent not initialized for class spoon.support.reflect.code.CtCommentImpl (/tmp/icst-2019/september-2018/dataset/gson_parent/gson/src/main/java/com/google/gson/annotations/JsonAdapter.java:73)
	at spoon.support.reflect.declaration.CtElementImpl.getParent(CtElementImpl.java:384)
	at spoon.support.compiler.jdt.JDTCommentBuilder.insertCommentInAST(JDTCommentBuilder.java:484)
	at spoon.support.compiler.jdt.JDTCommentBuilder.buildComment(JDTCommentBuilder.java:156)
	at spoon.support.compiler.jdt.JDTCommentBuilder.build(JDTCommentBuilder.java:112)
	at spoon.support.compiler.jdt.JDTBasedSpoonCompiler.buildModel(JDTBasedSpoonCompiler.java:477)
	at spoon.support.compiler.jdt.JDTBasedSpoonCompiler.buildUnitsAndModel(JDTBasedSpoonCompiler.java:390)
	at spoon.support.compiler.jdt.JDTBasedSpoonCompiler.buildSources(JDTBasedSpoonCompiler.java:339)
	at spoon.support.compiler.jdt.JDTBasedSpoonCompiler.build(JDTBasedSpoonCompiler.java:122)
	at spoon.support.compiler.jdt.JDTBasedSpoonCompiler.build(JDTBasedSpoonCompiler.java:105)
	at spoon.Launcher.buildModel(Launcher.java:768)
	at eu.stamp_project.utils.compilation.DSpotCompiler.getSpoonModelOf(DSpotCompiler.java:102)
	at eu.stamp_project.utils.compilation.DSpotCompiler.createDSpotCompiler(DSpotCompiler.java:35)
	at eu.stamp_project.dspot.DSpot.<init>(DSpot.java:89)
	at eu.stamp_project.Main.run(Main.java:49)
	at eu.stamp_project.DSpotMojo.execute(DSpotMojo.java:263)
	at org.apache.maven.plugin.DefaultBuildPluginManager.executeMojo(DefaultBuildPluginManager.java:137)
	at org.apache.maven.lifecycle.internal.MojoExecutor.execute(MojoExecutor.java:208)
	at org.apache.maven.lifecycle.internal.MojoExecutor.execute(MojoExecutor.java:154)
	at org.apache.maven.lifecycle.internal.MojoExecutor.execute(MojoExecutor.java:146)
	at org.apache.maven.lifecycle.internal.LifecycleModuleBuilder.buildProject(LifecycleModuleBuilder.java:117)
	at org.apache.maven.lifecycle.internal.LifecycleModuleBuilder.buildProject(LifecycleModuleBuilder.java:81)
	at org.apache.maven.lifecycle.internal.builder.singlethreaded.SingleThreadedBuilder.build(SingleThreadedBuilder.java:56)
	at org.apache.maven.lifecycle.internal.LifecycleStarter.execute(LifecycleStarter.java:128)
	at org.apache.maven.DefaultMaven.doExecute(DefaultMaven.java:305)
	at org.apache.maven.DefaultMaven.doExecute(DefaultMaven.java:192)
	at org.apache.maven.DefaultMaven.execute(DefaultMaven.java:105)
	at org.apache.maven.cli.MavenCli.execute(MavenCli.java:954)
	at org.apache.maven.cli.MavenCli.doMain(MavenCli.java:288)
	at org.apache.maven.cli.MavenCli.main(MavenCli.java:192)
	at sun.reflect.NativeMethodAccessorImpl.invoke0(Native Method)
	at sun.reflect.NativeMethodAccessorImpl.invoke(NativeMethodAccessorImpl.java:62)
	at sun.reflect.DelegatingMethodAccessorImpl.invoke(DelegatingMethodAccessorImpl.java:43)
	at java.lang.reflect.Method.invoke(Method.java:498)
	at org.codehaus.plexus.classworlds.launcher.Launcher.launchEnhanced(Launcher.java:289)
	at org.codehaus.plexus.classworlds.launcher.Launcher.launch(Launcher.java:229)
	at org.codehaus.plexus.classworlds.launcher.Launcher.mainWithExitCode(Launcher.java:415)
	at org.codehaus.plexus.classworlds.launcher.Launcher.main(Launcher.java:356)
[ERROR] 2018-09-23 13:51:27 JDTCommentBuilder - // Field tag only annotation is not added into the AST
spoon.reflect.declaration.ParentNotInitializedException: parent not initialized for class spoon.support.reflect.code.CtCommentImpl (/tmp/icst-2019/september-2018/dataset/gson_parent/gson/src/test/java/com/google/gson/functional/ExclusionStrategyFunctionalTest.java:167)
	at spoon.support.reflect.declaration.CtElementImpl.getParent(CtElementImpl.java:384)
	at spoon.support.compiler.jdt.JDTCommentBuilder.insertCommentInAST(JDTCommentBuilder.java:484)
	at spoon.support.compiler.jdt.JDTCommentBuilder.buildComment(JDTCommentBuilder.java:156)
	at spoon.support.compiler.jdt.JDTCommentBuilder.build(JDTCommentBuilder.java:112)
	at spoon.support.compiler.jdt.JDTBasedSpoonCompiler.buildModel(JDTBasedSpoonCompiler.java:477)
	at spoon.support.compiler.jdt.JDTBasedSpoonCompiler.buildUnitsAndModel(JDTBasedSpoonCompiler.java:390)
	at spoon.support.compiler.jdt.JDTBasedSpoonCompiler.buildSources(JDTBasedSpoonCompiler.java:339)
	at spoon.support.compiler.jdt.JDTBasedSpoonCompiler.build(JDTBasedSpoonCompiler.java:122)
	at spoon.support.compiler.jdt.JDTBasedSpoonCompiler.build(JDTBasedSpoonCompiler.java:105)
	at spoon.Launcher.buildModel(Launcher.java:768)
	at eu.stamp_project.utils.compilation.DSpotCompiler.getSpoonModelOf(DSpotCompiler.java:102)
	at eu.stamp_project.utils.compilation.DSpotCompiler.createDSpotCompiler(DSpotCompiler.java:35)
	at eu.stamp_project.dspot.DSpot.<init>(DSpot.java:89)
	at eu.stamp_project.Main.run(Main.java:49)
	at eu.stamp_project.DSpotMojo.execute(DSpotMojo.java:263)
	at org.apache.maven.plugin.DefaultBuildPluginManager.executeMojo(DefaultBuildPluginManager.java:137)
	at org.apache.maven.lifecycle.internal.MojoExecutor.execute(MojoExecutor.java:208)
	at org.apache.maven.lifecycle.internal.MojoExecutor.execute(MojoExecutor.java:154)
	at org.apache.maven.lifecycle.internal.MojoExecutor.execute(MojoExecutor.java:146)
	at org.apache.maven.lifecycle.internal.LifecycleModuleBuilder.buildProject(LifecycleModuleBuilder.java:117)
	at org.apache.maven.lifecycle.internal.LifecycleModuleBuilder.buildProject(LifecycleModuleBuilder.java:81)
	at org.apache.maven.lifecycle.internal.builder.singlethreaded.SingleThreadedBuilder.build(SingleThreadedBuilder.java:56)
	at org.apache.maven.lifecycle.internal.LifecycleStarter.execute(LifecycleStarter.java:128)
	at org.apache.maven.DefaultMaven.doExecute(DefaultMaven.java:305)
	at org.apache.maven.DefaultMaven.doExecute(DefaultMaven.java:192)
	at org.apache.maven.DefaultMaven.execute(DefaultMaven.java:105)
	at org.apache.maven.cli.MavenCli.execute(MavenCli.java:954)
	at org.apache.maven.cli.MavenCli.doMain(MavenCli.java:288)
	at org.apache.maven.cli.MavenCli.main(MavenCli.java:192)
	at sun.reflect.NativeMethodAccessorImpl.invoke0(Native Method)
	at sun.reflect.NativeMethodAccessorImpl.invoke(NativeMethodAccessorImpl.java:62)
	at sun.reflect.DelegatingMethodAccessorImpl.invoke(DelegatingMethodAccessorImpl.java:43)
	at java.lang.reflect.Method.invoke(Method.java:498)
	at org.codehaus.plexus.classworlds.launcher.Launcher.launchEnhanced(Launcher.java:289)
	at org.codehaus.plexus.classworlds.launcher.Launcher.launch(Launcher.java:229)
	at org.codehaus.plexus.classworlds.launcher.Launcher.mainWithExitCode(Launcher.java:415)
	at org.codehaus.plexus.classworlds.launcher.Launcher.main(Launcher.java:356)
[INFO] run maven clean test -DskipTests dependency:build-classpath -Dmdep.outputFile=target/dspot/classpath
[WARN] Maven will be executed in interactive mode, but no input stream has been configured for this MavenInvoker instance.
[INFO] Scanning for projects...
[INFO] 
[INFO] ---------------------< com.google.code.gson:gson >----------------------
[INFO] Building Gson 2.3-SNAPSHOT
[INFO] --------------------------------[ jar ]---------------------------------
[INFO] 
[INFO] --- maven-clean-plugin:2.5:clean (default-clean) @ gson ---
[INFO] Deleting /tmp/icst-2019/september-2018/dataset/gson/gson/target
[INFO] 
[INFO] --- maven-enforcer-plugin:1.2:enforce (enforce-maven) @ gson ---
[INFO] Skipping Rule Enforcement.
[INFO] 
[INFO] --- maven-resources-plugin:2.6:resources (default-resources) @ gson ---
[INFO] Using 'UTF-8' encoding to copy filtered resources.
[INFO] skip non existing resourceDirectory /tmp/icst-2019/september-2018/dataset/gson/gson/src/main/resources
[INFO] 
[INFO] --- maven-compiler-plugin:3.1:compile (default-compile) @ gson ---
[INFO] Changes detected - recompiling the module!
[INFO] Compiling 66 source files to /tmp/icst-2019/september-2018/dataset/gson/gson/target/classes
[INFO] 
[INFO] --- maven-resources-plugin:2.6:testResources (default-testResources) @ gson ---
[INFO] Using 'UTF-8' encoding to copy filtered resources.
[INFO] skip non existing resourceDirectory /tmp/icst-2019/september-2018/dataset/gson/gson/src/test/resources
[INFO] 
[INFO] --- maven-compiler-plugin:3.1:testCompile (default-testCompile) @ gson ---
[INFO] Changes detected - recompiling the module!
[INFO] Compiling 81 source files to /tmp/icst-2019/september-2018/dataset/gson/gson/target/test-classes
[INFO] 
[INFO] --- maven-surefire-plugin:2.12.4:test (default-test) @ gson ---
[INFO] Tests are skipped.
[INFO] 
[INFO] --- maven-dependency-plugin:2.8:build-classpath (default-cli) @ gson ---
[INFO] Wrote classpath file '/tmp/icst-2019/september-2018/dataset/gson/gson/target/dspot/classpath'.
[INFO] ------------------------------------------------------------------------
[INFO] BUILD SUCCESS
[INFO] ------------------------------------------------------------------------
[INFO] Total time: 5.900 s
[INFO] Finished at: 2018-09-23T13:51:35+02:00
[INFO] ------------------------------------------------------------------------
[INFO] Amplification of com.google.gson.functional.EnumTest (1 test(s))
[INFO] Assertion amplification of com.google.gson.functional.EnumTest (1 test(s))
[INFO] Run: java -classpath /tmp/icst-2019/september-2018/dataset/gson_parent/gson/target/test-classes:/tmp/icst-2019/september-2018/dataset/gson_parent/gson/target/classes/:/home/spirals/danglot/.m2/repository/junit/junit/4.12/junit-4.12.jar:/home/spirals/danglot/.m2/repository/junit/junit/3.8.2/junit-3.8.2.jar:/tmp/icst-2019/september-2018/dataset/gson_parent/gson/target/dspot/dependencies/:/home/spirals/danglot/.m2/repository/eu/stamp-project/test-runner/1.1.0/test-runner-1.1.0-jar-with-dependencies.jar eu.stamp_project.testrunner.runner.test.TestRunner com.google.gson.functional.EnumTest testEnumSubclassWithRegisteredTypeAdapter
File saved to the following path: /tmp/icst-2019/september-2018/dataset/gson_parent/gson/target/dspot/TestListener.ser
Loading /tmp/icst-2019/september-2018/dataset/gson_parent/gson/target/dspot/TestListener.ser
[INFO] Test has been run: testEnumSubclassWithRegisteredTypeAdapter
[INFO] Run tests. (1)
[INFO] Run: java -classpath /tmp/icst-2019/september-2018/dataset/gson_parent/gson/target/test-classes:/tmp/icst-2019/september-2018/dataset/gson_parent/gson/target/classes/:/home/spirals/danglot/.m2/repository/junit/junit/4.12/junit-4.12.jar:/home/spirals/danglot/.m2/repository/junit/junit/3.8.2/junit-3.8.2.jar:/tmp/icst-2019/september-2018/dataset/gson_parent/gson/target/dspot/dependencies/:/home/spirals/danglot/.m2/repository/eu/stamp-project/test-runner/1.1.0/test-runner-1.1.0-jar-with-dependencies.jar eu.stamp_project.testrunner.runner.test.TestRunner com.google.gson.functional.EnumTest testEnumSubclassWithRegisteredTypeAdapter
File saved to the following path: /tmp/icst-2019/september-2018/dataset/gson_parent/gson/target/dspot/TestListener.ser
Loading /tmp/icst-2019/september-2018/dataset/gson_parent/gson/target/dspot/TestListener.ser
[INFO] Test has been run: testEnumSubclassWithRegisteredTypeAdapter
[INFO] 1 test pass, generating assertion...
[INFO] Add observations points in passing tests.
[INFO] Instrumentation...
100% |================================================== ]/
[INFO] Run instrumented tests. (3)
[INFO] Run: java -classpath /tmp/icst-2019/september-2018/dataset/gson_parent/gson/target/test-classes:/tmp/icst-2019/september-2018/dataset/gson_parent/gson/target/classes/:/home/spirals/danglot/.m2/repository/junit/junit/4.12/junit-4.12.jar:/home/spirals/danglot/.m2/repository/junit/junit/3.8.2/junit-3.8.2.jar:/tmp/icst-2019/september-2018/dataset/gson_parent/gson/target/dspot/dependencies/:/home/spirals/danglot/.m2/repository/eu/stamp-project/test-runner/1.1.0/test-runner-1.1.0-jar-with-dependencies.jar eu.stamp_project.testrunner.runner.test.TestRunner com.google.gson.functional.EnumTest testEnumSubclassWithRegisteredTypeAdapter_withlog0:testEnumSubclassWithRegisteredTypeAdapter_withlog1:testEnumSubclassWithRegisteredTypeAdapter_withlog2
File saved to the following path: /tmp/icst-2019/september-2018/dataset/gson_parent/gson/target/dspot/observations.ser
File saved to the following path: /tmp/icst-2019/september-2018/dataset/gson_parent/gson/target/dspot/TestListener.ser
Loading /tmp/icst-2019/september-2018/dataset/gson_parent/gson/target/dspot/TestListener.ser
[INFO] Test has been run: testEnumSubclassWithRegisteredTypeAdapter_withlog0,testEnumSubclassWithRegisteredTypeAdapter_withlog1,testEnumSubclassWithRegisteredTypeAdapter_withlog2
[INFO] Generating assertions...
[INFO] 1 new tests with assertions generated
[ERROR] Error(s) during compilation:
[ERROR] Pb(100) The method isEmpty() is undefined for the type Object
eu.stamp_project.dspot.AmplificationException: Every test methods are uncompilable
	at eu.stamp_project.utils.compilation.TestCompiler.compileAndDiscardUncompilableMethods(TestCompiler.java:124)
	at eu.stamp_project.utils.compilation.TestCompiler.compileAndRun(TestCompiler.java:93)
	at eu.stamp_project.utils.compilation.TestCompiler.compileRunAndDiscardUncompilableAndFailingTestMethods(TestCompiler.java:55)
	at eu.stamp_project.dspot.Amplification.assertionsAmplification(Amplification.java:157)
	at eu.stamp_project.dspot.Amplification.amplification(Amplification.java:84)
	at eu.stamp_project.dspot.DSpot.amplifyTest(DSpot.java:180)
	at eu.stamp_project.dspot.DSpot.amplifyTest(DSpot.java:170)
	at eu.stamp_project.Main.lambda$run$1(Main.java:69)
	at java.util.stream.ReferencePipeline$3$1.accept(ReferencePipeline.java:193)
	at java.util.ArrayList$ArrayListSpliterator.forEachRemaining(ArrayList.java:1374)
	at java.util.stream.AbstractPipeline.copyInto(AbstractPipeline.java:481)
	at java.util.stream.AbstractPipeline.wrapAndCopyInto(AbstractPipeline.java:471)
	at java.util.stream.ReduceOps$ReduceOp.evaluateSequential(ReduceOps.java:708)
	at java.util.stream.AbstractPipeline.evaluate(AbstractPipeline.java:234)
	at java.util.stream.ReferencePipeline.collect(ReferencePipeline.java:499)
	at eu.stamp_project.Main.run(Main.java:71)
	at eu.stamp_project.DSpotMojo.execute(DSpotMojo.java:263)
	at org.apache.maven.plugin.DefaultBuildPluginManager.executeMojo(DefaultBuildPluginManager.java:137)
	at org.apache.maven.lifecycle.internal.MojoExecutor.execute(MojoExecutor.java:208)
	at org.apache.maven.lifecycle.internal.MojoExecutor.execute(MojoExecutor.java:154)
	at org.apache.maven.lifecycle.internal.MojoExecutor.execute(MojoExecutor.java:146)
	at org.apache.maven.lifecycle.internal.LifecycleModuleBuilder.buildProject(LifecycleModuleBuilder.java:117)
	at org.apache.maven.lifecycle.internal.LifecycleModuleBuilder.buildProject(LifecycleModuleBuilder.java:81)
	at org.apache.maven.lifecycle.internal.builder.singlethreaded.SingleThreadedBuilder.build(SingleThreadedBuilder.java:56)
	at org.apache.maven.lifecycle.internal.LifecycleStarter.execute(LifecycleStarter.java:128)
	at org.apache.maven.DefaultMaven.doExecute(DefaultMaven.java:305)
	at org.apache.maven.DefaultMaven.doExecute(DefaultMaven.java:192)
	at org.apache.maven.DefaultMaven.execute(DefaultMaven.java:105)
	at org.apache.maven.cli.MavenCli.execute(MavenCli.java:954)
	at org.apache.maven.cli.MavenCli.doMain(MavenCli.java:288)
	at org.apache.maven.cli.MavenCli.main(MavenCli.java:192)
	at sun.reflect.NativeMethodAccessorImpl.invoke0(Native Method)
	at sun.reflect.NativeMethodAccessorImpl.invoke(NativeMethodAccessorImpl.java:62)
	at sun.reflect.DelegatingMethodAccessorImpl.invoke(DelegatingMethodAccessorImpl.java:43)
	at java.lang.reflect.Method.invoke(Method.java:498)
	at org.codehaus.plexus.classworlds.launcher.Launcher.launchEnhanced(Launcher.java:289)
	at org.codehaus.plexus.classworlds.launcher.Launcher.launch(Launcher.java:229)
	at org.codehaus.plexus.classworlds.launcher.Launcher.mainWithExitCode(Launcher.java:415)
	at org.codehaus.plexus.classworlds.launcher.Launcher.main(Launcher.java:356)
[INFO] Assertion amplification: 0 test method(s) has been successfully amplified.
[INFO] 0 amplified test methods has been selected to be kept. (global: 0)
[INFO] elapsedTime 3508
======= REPORT =======
0 amplified test fails on the new versions.

[WARNING] DSpot could not obtain any amplified test method.
[WARNING] You can customize the following options: --amplifiers, --test-criterion, --iteration, --budgetizer etc, and retry with a new configuration.
[INFO] Amplification of com.google.gson.functional.NullObjectAndFieldTest (16 test(s))
[INFO] Assertion amplification of com.google.gson.functional.NullObjectAndFieldTest (16 test(s))
[INFO] Run: java -classpath /tmp/icst-2019/september-2018/dataset/gson_parent/gson/target/test-classes:/tmp/icst-2019/september-2018/dataset/gson_parent/gson/target/classes/:/home/spirals/danglot/.m2/repository/junit/junit/4.12/junit-4.12.jar:/home/spirals/danglot/.m2/repository/junit/junit/3.8.2/junit-3.8.2.jar:/tmp/icst-2019/september-2018/dataset/gson_parent/gson/target/dspot/dependencies/:/home/spirals/danglot/.m2/repository/eu/stamp-project/test-runner/1.1.0/test-runner-1.1.0-jar-with-dependencies.jar eu.stamp_project.testrunner.runner.test.TestRunner com.google.gson.functional.NullObjectAndFieldTest testExplicitSerializationOfNulls:testCustomSerializationOfNulls:testAbsentJsonElementsAreSetToNull:testPrintPrintingObjectWithNulls:testNullWrappedPrimitiveMemberSerialization:testExplicitSerializationOfNullArrayMembers:testExplicitDeserializationOfNulls:testExplicitSerializationOfNullCollectionMembers:testExplicitSerializationOfNullStringMembers:testTopLevelNullObjectSerialization:testExplicitNullSetsFieldToNullDuringDeserialization:testCustomTypeAdapterPassesNullSerialization:testPrintPrintingArraysWithNulls:testNullWrappedPrimitiveMemberDeserialization:testCustomTypeAdapterPassesNullDesrialization:testTopLevelNullObjectDeserialization
File saved to the following path: /tmp/icst-2019/september-2018/dataset/gson_parent/gson/target/dspot/TestListener.ser
Loading /tmp/icst-2019/september-2018/dataset/gson_parent/gson/target/dspot/TestListener.ser
[INFO] Test has been run: testExplicitSerializationOfNullArrayMembers,testExplicitDeserializationOfNulls,testAbsentJsonElementsAreSetToNull,testPrintPrintingArraysWithNulls,testCustomTypeAdapterPassesNullDesrialization,testCustomTypeAdapterPassesNullSerialization,testExplicitSerializationOfNullCollectionMembers,testExplicitSerializationOfNullStringMembers,testExplicitNullSetsFieldToNullDuringDeserialization,testNullWrappedPrimitiveMemberSerialization,testCustomSerializationOfNulls,testExplicitSerializationOfNulls,testTopLevelNullObjectSerialization,testTopLevelNullObjectDeserialization,testPrintPrintingObjectWithNulls,testNullWrappedPrimitiveMemberDeserialization
[INFO] Run tests. (16)
[INFO] Run: java -classpath /tmp/icst-2019/september-2018/dataset/gson_parent/gson/target/test-classes:/tmp/icst-2019/september-2018/dataset/gson_parent/gson/target/classes/:/home/spirals/danglot/.m2/repository/junit/junit/4.12/junit-4.12.jar:/home/spirals/danglot/.m2/repository/junit/junit/3.8.2/junit-3.8.2.jar:/tmp/icst-2019/september-2018/dataset/gson_parent/gson/target/dspot/dependencies/:/home/spirals/danglot/.m2/repository/eu/stamp-project/test-runner/1.1.0/test-runner-1.1.0-jar-with-dependencies.jar eu.stamp_project.testrunner.runner.test.TestRunner com.google.gson.functional.NullObjectAndFieldTest testExplicitSerializationOfNulls:testCustomSerializationOfNulls:testAbsentJsonElementsAreSetToNull:testPrintPrintingObjectWithNulls:testNullWrappedPrimitiveMemberSerialization:testExplicitSerializationOfNullArrayMembers:testExplicitDeserializationOfNulls:testExplicitSerializationOfNullCollectionMembers:testExplicitSerializationOfNullStringMembers:testTopLevelNullObjectSerialization:testExplicitNullSetsFieldToNullDuringDeserialization:testCustomTypeAdapterPassesNullSerialization:testPrintPrintingArraysWithNulls:testNullWrappedPrimitiveMemberDeserialization:testCustomTypeAdapterPassesNullDesrialization:testTopLevelNullObjectDeserialization
File saved to the following path: /tmp/icst-2019/september-2018/dataset/gson_parent/gson/target/dspot/TestListener.ser
Loading /tmp/icst-2019/september-2018/dataset/gson_parent/gson/target/dspot/TestListener.ser
[INFO] Test has been run: testExplicitSerializationOfNullArrayMembers,testExplicitDeserializationOfNulls,testAbsentJsonElementsAreSetToNull,testPrintPrintingArraysWithNulls,testCustomTypeAdapterPassesNullDesrialization,testCustomTypeAdapterPassesNullSerialization,testExplicitSerializationOfNullCollectionMembers,testExplicitSerializationOfNullStringMembers,testExplicitNullSetsFieldToNullDuringDeserialization,testNullWrappedPrimitiveMemberSerialization,testCustomSerializationOfNulls,testExplicitSerializationOfNulls,testTopLevelNullObjectSerialization,testTopLevelNullObjectDeserialization,testPrintPrintingObjectWithNulls,testNullWrappedPrimitiveMemberDeserialization
[INFO] 16 test pass, generating assertion...
[INFO] Add observations points in passing tests.
[INFO] Instrumentation...
  6% |=== ]/ 12% |====== ]- 18% |========= ]\ 25% |============ ]| 31% |=============== ]/ 37% |================== ]- 43% |===================== ]\ 50% |========================= ]| 56% |============================ ]/ 62% |=============================== ]- 68% |================================== ]\ 75% |===================================== ]| 81% |======================================== ]/ 87% |=========================================== ]- 93% |============================================== ]\100% |================================================== ]|
[INFO] Run instrumented tests. (48)
[INFO] Run: java -classpath /tmp/icst-2019/september-2018/dataset/gson_parent/gson/target/test-classes:/tmp/icst-2019/september-2018/dataset/gson_parent/gson/target/classes/:/home/spirals/danglot/.m2/repository/junit/junit/4.12/junit-4.12.jar:/home/spirals/danglot/.m2/repository/junit/junit/3.8.2/junit-3.8.2.jar:/tmp/icst-2019/september-2018/dataset/gson_parent/gson/target/dspot/dependencies/:/home/spirals/danglot/.m2/repository/eu/stamp-project/test-runner/1.1.0/test-runner-1.1.0-jar-with-dependencies.jar eu.stamp_project.testrunner.runner.test.TestRunner com.google.gson.functional.NullObjectAndFieldTest testExplicitSerializationOfNulls_withlog0:testCustomSerializationOfNulls_withlog0:testAbsentJsonElementsAreSetToNull_withlog0:testPrintPrintingObjectWithNulls_withlog0:testNullWrappedPrimitiveMemberSerialization_withlog0:testExplicitSerializationOfNullArrayMembers_withlog0:testExplicitDeserializationOfNulls_withlog0:testExplicitSerializationOfNullCollectionMembers_withlog0:testExplicitSerializationOfNullStringMembers_withlog0:testTopLevelNullObjectSerialization_withlog0:testExplicitNullSetsFieldToNullDuringDeserialization_withlog0:testCustomTypeAdapterPassesNullSerialization_withlog0:testPrintPrintingArraysWithNulls_withlog0:testNullWrappedPrimitiveMemberDeserialization_withlog0:testCustomTypeAdapterPassesNullDesrialization_withlog0:testTopLevelNullObjectDeserialization_withlog0:testExplicitSerializationOfNulls_withlog1:testCustomSerializationOfNulls_withlog1:testAbsentJsonElementsAreSetToNull_withlog1:testPrintPrintingObjectWithNulls_withlog1:testNullWrappedPrimitiveMemberSerialization_withlog1:testExplicitSerializationOfNullArrayMembers_withlog1:testExplicitDeserializationOfNulls_withlog1:testExplicitSerializationOfNullCollectionMembers_withlog1:testExplicitSerializationOfNullStringMembers_withlog1:testTopLevelNullObjectSerialization_withlog1:testExplicitNullSetsFieldToNullDuringDeserialization_withlog1:testCustomTypeAdapterPassesNullSerialization_withlog1:testPrintPrintingArraysWithNulls_withlog1:testNullWrappedPrimitiveMemberDeserialization_withlog1:testCustomTypeAdapterPassesNullDesrialization_withlog1:testTopLevelNullObjectDeserialization_withlog1:testExplicitSerializationOfNulls_withlog2:testCustomSerializationOfNulls_withlog2:testAbsentJsonElementsAreSetToNull_withlog2:testPrintPrintingObjectWithNulls_withlog2:testNullWrappedPrimitiveMemberSerialization_withlog2:testExplicitSerializationOfNullArrayMembers_withlog2:testExplicitDeserializationOfNulls_withlog2:testExplicitSerializationOfNullCollectionMembers_withlog2:testExplicitSerializationOfNullStringMembers_withlog2:testTopLevelNullObjectSerialization_withlog2:testExplicitNullSetsFieldToNullDuringDeserialization_withlog2:testCustomTypeAdapterPassesNullSerialization_withlog2:testPrintPrintingArraysWithNulls_withlog2:testNullWrappedPrimitiveMemberDeserialization_withlog2:testCustomTypeAdapterPassesNullDesrialization_withlog2:testTopLevelNullObjectDeserialization_withlog2
File saved to the following path: /tmp/icst-2019/september-2018/dataset/gson_parent/gson/target/dspot/observations.ser
File saved to the following path: /tmp/icst-2019/september-2018/dataset/gson_parent/gson/target/dspot/TestListener.ser
Loading /tmp/icst-2019/september-2018/dataset/gson_parent/gson/target/dspot/TestListener.ser
[INFO] Test has been run: testTopLevelNullObjectSerialization_withlog0,testTopLevelNullObjectSerialization_withlog1,testTopLevelNullObjectSerialization_withlog2,testCustomTypeAdapterPassesNullSerialization_withlog0,testCustomTypeAdapterPassesNullSerialization_withlog1,testCustomTypeAdapterPassesNullSerialization_withlog2,testExplicitSerializationOfNulls_withlog0,testExplicitSerializationOfNulls_withlog1,testExplicitSerializationOfNulls_withlog2,testExplicitSerializationOfNullCollectionMembers_withlog0,testExplicitSerializationOfNullCollectionMembers_withlog1,testExplicitSerializationOfNullCollectionMembers_withlog2,testNullWrappedPrimitiveMemberDeserialization_withlog0,testNullWrappedPrimitiveMemberDeserialization_withlog1,testNullWrappedPrimitiveMemberDeserialization_withlog2,testCustomSerializationOfNulls_withlog0,testCustomSerializationOfNulls_withlog1,testCustomSerializationOfNulls_withlog2,testPrintPrintingArraysWithNulls_withlog0,testPrintPrintingArraysWithNulls_withlog1,testPrintPrintingArraysWithNulls_withlog2,testPrintPrintingObjectWithNulls_withlog0,testPrintPrintingObjectWithNulls_withlog1,testPrintPrintingObjectWithNulls_withlog2,testExplicitSerializationOfNullStringMembers_withlog0,testExplicitSerializationOfNullStringMembers_withlog1,testExplicitSerializationOfNullStringMembers_withlog2,testNullWrappedPrimitiveMemberSerialization_withlog0,testNullWrappedPrimitiveMemberSerialization_withlog1,testNullWrappedPrimitiveMemberSerialization_withlog2,testAbsentJsonElementsAreSetToNull_withlog0,testAbsentJsonElementsAreSetToNull_withlog1,testAbsentJsonElementsAreSetToNull_withlog2,testExplicitSerializationOfNullArrayMembers_withlog0,testExplicitSerializationOfNullArrayMembers_withlog1,testExplicitSerializationOfNullArrayMembers_withlog2,testExplicitDeserializationOfNulls_withlog0,testExplicitDeserializationOfNulls_withlog1,testExplicitDeserializationOfNulls_withlog2,testExplicitNullSetsFieldToNullDuringDeserialization_withlog0,testExplicitNullSetsFieldToNullDuringDeserialization_withlog1,testExplicitNullSetsFieldToNullDuringDeserialization_withlog2,testTopLevelNullObjectDeserialization_withlog0(com.google.gson.functional.NullObjectAndFieldTest): null,testTopLevelNullObjectDeserialization_withlog1(com.google.gson.functional.NullObjectAndFieldTest): null,testTopLevelNullObjectDeserialization_withlog2(com.google.gson.functional.NullObjectAndFieldTest): null,testCustomTypeAdapterPassesNullDesrialization_withlog0(com.google.gson.functional.NullObjectAndFieldTest): null,testCustomTypeAdapterPassesNullDesrialization_withlog1(com.google.gson.functional.NullObjectAndFieldTest): null,testCustomTypeAdapterPassesNullDesrialization_withlog2(com.google.gson.functional.NullObjectAndFieldTest): null
[WARNING] Some instrumented test failed!
[INFO] Generating assertions...
[INFO] 13 new tests with assertions generated
[INFO] Run: java -classpath /tmp/icst-2019/september-2018/dataset/gson_parent/gson/target/test-classes:/tmp/icst-2019/september-2018/dataset/gson_parent/gson/target/classes/:/home/spirals/danglot/.m2/repository/junit/junit/4.12/junit-4.12.jar:/home/spirals/danglot/.m2/repository/junit/junit/3.8.2/junit-3.8.2.jar:/tmp/icst-2019/september-2018/dataset/gson_parent/gson/target/dspot/dependencies/:/home/spirals/danglot/.m2/repository/eu/stamp-project/test-runner/1.1.0/test-runner-1.1.0-jar-with-dependencies.jar eu.stamp_project.testrunner.runner.test.TestRunner com.google.gson.functional.NullObjectAndFieldTest testExplicitSerializationOfNulls:testCustomSerializationOfNulls:testPrintPrintingObjectWithNulls:testNullWrappedPrimitiveMemberSerialization:testExplicitSerializationOfNullArrayMembers:testExplicitSerializationOfNullCollectionMembers:testExplicitSerializationOfNullStringMembers:testTopLevelNullObjectSerialization:testExplicitNullSetsFieldToNullDuringDeserialization:testCustomTypeAdapterPassesNullSerialization:testPrintPrintingArraysWithNulls:testNullWrappedPrimitiveMemberDeserialization:testCustomTypeAdapterPassesNullDesrialization
File saved to the following path: /tmp/icst-2019/september-2018/dataset/gson_parent/gson/target/dspot/TestListener.ser
Loading /tmp/icst-2019/september-2018/dataset/gson_parent/gson/target/dspot/TestListener.ser
[INFO] Test has been run: testExplicitSerializationOfNullArrayMembers,testPrintPrintingArraysWithNulls,testCustomTypeAdapterPassesNullDesrialization,testCustomTypeAdapterPassesNullSerialization,testExplicitSerializationOfNullCollectionMembers,testExplicitSerializationOfNullStringMembers,testExplicitNullSetsFieldToNullDuringDeserialization,testNullWrappedPrimitiveMemberSerialization,testCustomSerializationOfNulls,testExplicitSerializationOfNulls,testTopLevelNullObjectSerialization,testPrintPrintingObjectWithNulls,testNullWrappedPrimitiveMemberDeserialization
[INFO] Assertion amplification: 13 test method(s) has been successfully amplified.
[WARN] 2018-09-23 13:51:43 Launcher - You specified the directory /tmp/icst-2019/september-2018/dataset/gson/gson/target/classes in source classpath, please note that only class files will be considered. Jars and subdirectories will be ignored.
[WARN] 2018-09-23 13:51:43 Launcher - You specified the directory /tmp/icst-2019/september-2018/dataset/gson/gson/target/test-classes in source classpath, please note that only class files will be considered. Jars and subdirectories will be ignored.
[WARN] 2018-09-23 13:51:43 Launcher - You specified the directory /tmp/icst-2019/september-2018/dataset/gson/gson/target/dspot/dependencies in source classpath, please note that only class files will be considered. Jars and subdirectories will be ignored.
[INFO] Run: java -classpath /tmp/icst-2019/september-2018/dataset/gson/gson/target/classes/:/tmp/icst-2019/september-2018/dataset/gson/gson/target/test-classes/:/home/spirals/danglot/.m2/repository/junit/junit/4.12/junit-4.12.jar:/home/spirals/danglot/.m2/repository/junit/junit/3.8.2/junit-3.8.2.jar:/tmp/icst-2019/september-2018/dataset/gson/gson/target/dspot/dependencies/:/home/spirals/danglot/.m2/repository/eu/stamp-project/test-runner/1.1.0/test-runner-1.1.0-jar-with-dependencies.jar eu.stamp_project.testrunner.runner.test.TestRunner com.google.gson.functional.NullObjectAndFieldTest testExplicitSerializationOfNulls:testCustomSerializationOfNulls:testPrintPrintingObjectWithNulls:testNullWrappedPrimitiveMemberSerialization:testExplicitSerializationOfNullArrayMembers:testExplicitSerializationOfNullCollectionMembers:testExplicitSerializationOfNullStringMembers:testTopLevelNullObjectSerialization:testExplicitNullSetsFieldToNullDuringDeserialization:testCustomTypeAdapterPassesNullSerialization:testPrintPrintingArraysWithNulls:testNullWrappedPrimitiveMemberDeserialization:testCustomTypeAdapterPassesNullDesrialization
File saved to the following path: /tmp/icst-2019/september-2018/dataset/gson_parent/gson/target/dspot/TestListener.ser
Loading /tmp/icst-2019/september-2018/dataset/gson_parent/gson/target/dspot/TestListener.ser
[INFO] Test has been run: testExplicitSerializationOfNullArrayMembers,testPrintPrintingArraysWithNulls,testCustomTypeAdapterPassesNullDesrialization,testCustomTypeAdapterPassesNullSerialization,testExplicitSerializationOfNullCollectionMembers,testExplicitSerializationOfNullStringMembers,testExplicitNullSetsFieldToNullDuringDeserialization,testNullWrappedPrimitiveMemberSerialization,testCustomSerializationOfNulls,testExplicitSerializationOfNulls,testTopLevelNullObjectSerialization,testPrintPrintingObjectWithNulls,testNullWrappedPrimitiveMemberDeserialization
[INFO] 0 amplified test methods has been selected to be kept. (global: 0)
[INFO] elapsedTime 4453
======= REPORT =======
0 amplified test fails on the new versions.

[WARNING] DSpot could not obtain any amplified test method.
[WARNING] You can customize the following options: --amplifiers, --test-criterion, --iteration, --budgetizer etc, and retry with a new configuration.
[INFO] Amplification of com.google.gson.functional.PrimitiveTest (10 test(s))
[INFO] Assertion amplification of com.google.gson.functional.PrimitiveTest (10 test(s))
[ERROR] Error(s) during compilation:
[ERROR] Pb(102) The method assertEquals(Object, Object) is ambiguous for the type Assert
[ERROR] Pb(102) The method assertEquals(Object, Object) is ambiguous for the type Assert
[ERROR] Pb(102) The method assertEquals(Object, Object) is ambiguous for the type Assert
[ERROR] Pb(102) The method assertEquals(Object, Object) is ambiguous for the type Assert
[INFO] Run: java -classpath /tmp/icst-2019/september-2018/dataset/gson_parent/gson/target/test-classes:/tmp/icst-2019/september-2018/dataset/gson_parent/gson/target/classes/:/home/spirals/danglot/.m2/repository/junit/junit/4.12/junit-4.12.jar:/home/spirals/danglot/.m2/repository/junit/junit/3.8.2/junit-3.8.2.jar:/tmp/icst-2019/september-2018/dataset/gson_parent/gson/target/dspot/dependencies/:/home/spirals/danglot/.m2/repository/eu/stamp-project/test-runner/1.1.0/test-runner-1.1.0-jar-with-dependencies.jar eu.stamp_project.testrunner.runner.test.TestRunner com.google.gson.functional.PrimitiveTest testLongAsStringSerialization:testNegativeInfinityFloatSerialization:testHtmlCharacterSerialization:testDoubleInfinitySerialization:testMoreSpecificSerialization:testNegativeInfinitySerialization:testLongAsStringDeserialization:testFloatInfinitySerialization:testDoubleNaNSerialization:testFloatNaNSerialization
File saved to the following path: /tmp/icst-2019/september-2018/dataset/gson_parent/gson/target/dspot/TestListener.ser
Loading /tmp/icst-2019/september-2018/dataset/gson_parent/gson/target/dspot/TestListener.ser
[INFO] Test has been run: testLongAsStringDeserialization,testMoreSpecificSerialization,testHtmlCharacterSerialization,testFloatNaNSerialization,testNegativeInfinitySerialization,testFloatInfinitySerialization,testLongAsStringSerialization,testNegativeInfinityFloatSerialization,testDoubleNaNSerialization,testDoubleInfinitySerialization
[INFO] Run tests. (10)
[ERROR] Error(s) during compilation:
[ERROR] Pb(102) The method assertEquals(Object, Object) is ambiguous for the type Assert
[ERROR] Pb(102) The method assertEquals(Object, Object) is ambiguous for the type Assert
[ERROR] Pb(102) The method assertEquals(Object, Object) is ambiguous for the type Assert
[ERROR] Pb(102) The method assertEquals(Object, Object) is ambiguous for the type Assert
[INFO] Run: java -classpath /tmp/icst-2019/september-2018/dataset/gson_parent/gson/target/test-classes:/tmp/icst-2019/september-2018/dataset/gson_parent/gson/target/classes/:/home/spirals/danglot/.m2/repository/junit/junit/4.12/junit-4.12.jar:/home/spirals/danglot/.m2/repository/junit/junit/3.8.2/junit-3.8.2.jar:/tmp/icst-2019/september-2018/dataset/gson_parent/gson/target/dspot/dependencies/:/home/spirals/danglot/.m2/repository/eu/stamp-project/test-runner/1.1.0/test-runner-1.1.0-jar-with-dependencies.jar eu.stamp_project.testrunner.runner.test.TestRunner com.google.gson.functional.PrimitiveTest testLongAsStringSerialization:testNegativeInfinityFloatSerialization:testHtmlCharacterSerialization:testDoubleInfinitySerialization:testMoreSpecificSerialization:testNegativeInfinitySerialization:testLongAsStringDeserialization:testFloatInfinitySerialization:testDoubleNaNSerialization:testFloatNaNSerialization
File saved to the following path: /tmp/icst-2019/september-2018/dataset/gson_parent/gson/target/dspot/TestListener.ser
Loading /tmp/icst-2019/september-2018/dataset/gson_parent/gson/target/dspot/TestListener.ser
[INFO] Test has been run: testLongAsStringDeserialization,testMoreSpecificSerialization,testHtmlCharacterSerialization,testFloatNaNSerialization,testNegativeInfinitySerialization,testFloatInfinitySerialization,testLongAsStringSerialization,testNegativeInfinityFloatSerialization,testDoubleNaNSerialization,testDoubleInfinitySerialization
[INFO] 10 test pass, generating assertion...
[INFO] Add observations points in passing tests.
[INFO] Instrumentation...
 10% |===== ]/ 20% |========== ]- 30% |=============== ]\ 40% |==================== ]| 50% |========================= ]/ 60% |============================== ]- 70% |=================================== ]\ 80% |======================================== ]| 90% |============================================= ]/100% |================================================== ]-
[INFO] Run instrumented tests. (30)
[INFO] Run: java -classpath /tmp/icst-2019/september-2018/dataset/gson_parent/gson/target/test-classes:/tmp/icst-2019/september-2018/dataset/gson_parent/gson/target/classes/:/home/spirals/danglot/.m2/repository/junit/junit/4.12/junit-4.12.jar:/home/spirals/danglot/.m2/repository/junit/junit/3.8.2/junit-3.8.2.jar:/tmp/icst-2019/september-2018/dataset/gson_parent/gson/target/dspot/dependencies/:/home/spirals/danglot/.m2/repository/eu/stamp-project/test-runner/1.1.0/test-runner-1.1.0-jar-with-dependencies.jar eu.stamp_project.testrunner.runner.test.TestRunner com.google.gson.functional.PrimitiveTest testLongAsStringSerialization_withlog0:testNegativeInfinityFloatSerialization_withlog0:testHtmlCharacterSerialization_withlog0:testDoubleInfinitySerialization_withlog0:testMoreSpecificSerialization_withlog0:testNegativeInfinitySerialization_withlog0:testLongAsStringDeserialization_withlog0:testFloatInfinitySerialization_withlog0:testDoubleNaNSerialization_withlog0:testFloatNaNSerialization_withlog0:testLongAsStringSerialization_withlog1:testNegativeInfinityFloatSerialization_withlog1:testHtmlCharacterSerialization_withlog1:testDoubleInfinitySerialization_withlog1:testMoreSpecificSerialization_withlog1:testNegativeInfinitySerialization_withlog1:testLongAsStringDeserialization_withlog1:testFloatInfinitySerialization_withlog1:testDoubleNaNSerialization_withlog1:testFloatNaNSerialization_withlog1:testLongAsStringSerialization_withlog2:testNegativeInfinityFloatSerialization_withlog2:testHtmlCharacterSerialization_withlog2:testDoubleInfinitySerialization_withlog2:testMoreSpecificSerialization_withlog2:testNegativeInfinitySerialization_withlog2:testLongAsStringDeserialization_withlog2:testFloatInfinitySerialization_withlog2:testDoubleNaNSerialization_withlog2:testFloatNaNSerialization_withlog2
File saved to the following path: /tmp/icst-2019/september-2018/dataset/gson_parent/gson/target/dspot/observations.ser
File saved to the following path: /tmp/icst-2019/september-2018/dataset/gson_parent/gson/target/dspot/TestListener.ser
Loading /tmp/icst-2019/september-2018/dataset/gson_parent/gson/target/dspot/TestListener.ser
[INFO] Test has been run: testMoreSpecificSerialization_withlog0,testMoreSpecificSerialization_withlog1,testMoreSpecificSerialization_withlog2,testNegativeInfinityFloatSerialization_withlog0,testNegativeInfinityFloatSerialization_withlog1,testNegativeInfinityFloatSerialization_withlog2,testFloatNaNSerialization_withlog0,testFloatNaNSerialization_withlog1,testFloatNaNSerialization_withlog2,testLongAsStringDeserialization_withlog0,testLongAsStringDeserialization_withlog1,testLongAsStringDeserialization_withlog2,testHtmlCharacterSerialization_withlog0,testHtmlCharacterSerialization_withlog1,testHtmlCharacterSerialization_withlog2,testDoubleNaNSerialization_withlog0,testDoubleNaNSerialization_withlog1,testDoubleNaNSerialization_withlog2,testNegativeInfinitySerialization_withlog0,testNegativeInfinitySerialization_withlog1,testNegativeInfinitySerialization_withlog2,testFloatInfinitySerialization_withlog0,testFloatInfinitySerialization_withlog1,testFloatInfinitySerialization_withlog2,testLongAsStringSerialization_withlog0,testLongAsStringSerialization_withlog1,testLongAsStringSerialization_withlog2,testDoubleInfinitySerialization_withlog0,testDoubleInfinitySerialization_withlog1,testDoubleInfinitySerialization_withlog2
[INFO] Generating assertions...
[INFO] 10 new tests with assertions generated
[ERROR] Error(s) during compilation:
[ERROR] Pb(102) The method assertEquals(Object, Object) is ambiguous for the type Assert
[ERROR] Pb(102) The method assertEquals(Object, Object) is ambiguous for the type Assert
[ERROR] Pb(102) The method assertEquals(Object, Object) is ambiguous for the type Assert
[ERROR] Pb(102) The method assertEquals(Object, Object) is ambiguous for the type Assert
[INFO] Run: java -classpath /tmp/icst-2019/september-2018/dataset/gson_parent/gson/target/test-classes:/tmp/icst-2019/september-2018/dataset/gson_parent/gson/target/classes/:/home/spirals/danglot/.m2/repository/junit/junit/4.12/junit-4.12.jar:/home/spirals/danglot/.m2/repository/junit/junit/3.8.2/junit-3.8.2.jar:/tmp/icst-2019/september-2018/dataset/gson_parent/gson/target/dspot/dependencies/:/home/spirals/danglot/.m2/repository/eu/stamp-project/test-runner/1.1.0/test-runner-1.1.0-jar-with-dependencies.jar eu.stamp_project.testrunner.runner.test.TestRunner com.google.gson.functional.PrimitiveTest testLongAsStringSerialization:testNegativeInfinityFloatSerialization:testHtmlCharacterSerialization:testDoubleInfinitySerialization:testMoreSpecificSerialization:testNegativeInfinitySerialization:testLongAsStringDeserialization:testFloatInfinitySerialization:testDoubleNaNSerialization:testFloatNaNSerialization
File saved to the following path: /tmp/icst-2019/september-2018/dataset/gson_parent/gson/target/dspot/TestListener.ser
Loading /tmp/icst-2019/september-2018/dataset/gson_parent/gson/target/dspot/TestListener.ser
[INFO] Test has been run: testLongAsStringDeserialization,testMoreSpecificSerialization,testHtmlCharacterSerialization,testFloatNaNSerialization,testNegativeInfinitySerialization,testFloatInfinitySerialization,testLongAsStringSerialization,testNegativeInfinityFloatSerialization,testDoubleNaNSerialization,testDoubleInfinitySerialization
[INFO] Assertion amplification: 10 test method(s) has been successfully amplified.
[WARN] 2018-09-23 13:51:49 Launcher - You specified the directory /tmp/icst-2019/september-2018/dataset/gson/gson/target/classes in source classpath, please note that only class files will be considered. Jars and subdirectories will be ignored.
[WARN] 2018-09-23 13:51:49 Launcher - You specified the directory /tmp/icst-2019/september-2018/dataset/gson/gson/target/test-classes in source classpath, please note that only class files will be considered. Jars and subdirectories will be ignored.
[WARN] 2018-09-23 13:51:49 Launcher - You specified the directory /tmp/icst-2019/september-2018/dataset/gson/gson/target/dspot/dependencies in source classpath, please note that only class files will be considered. Jars and subdirectories will be ignored.
[INFO] Run: java -classpath /tmp/icst-2019/september-2018/dataset/gson/gson/target/classes/:/tmp/icst-2019/september-2018/dataset/gson/gson/target/test-classes/:/home/spirals/danglot/.m2/repository/junit/junit/4.12/junit-4.12.jar:/home/spirals/danglot/.m2/repository/junit/junit/3.8.2/junit-3.8.2.jar:/tmp/icst-2019/september-2018/dataset/gson/gson/target/dspot/dependencies/:/home/spirals/danglot/.m2/repository/eu/stamp-project/test-runner/1.1.0/test-runner-1.1.0-jar-with-dependencies.jar eu.stamp_project.testrunner.runner.test.TestRunner com.google.gson.functional.PrimitiveTest testLongAsStringSerialization:testNegativeInfinityFloatSerialization:testHtmlCharacterSerialization:testDoubleInfinitySerialization:testMoreSpecificSerialization:testNegativeInfinitySerialization:testLongAsStringDeserialization:testFloatInfinitySerialization:testDoubleNaNSerialization:testFloatNaNSerialization
File saved to the following path: /tmp/icst-2019/september-2018/dataset/gson_parent/gson/target/dspot/TestListener.ser
Loading /tmp/icst-2019/september-2018/dataset/gson_parent/gson/target/dspot/TestListener.ser
[INFO] Test has been run: testLongAsStringDeserialization,testMoreSpecificSerialization,testHtmlCharacterSerialization,testFloatNaNSerialization,testNegativeInfinitySerialization,testFloatInfinitySerialization,testLongAsStringSerialization,testNegativeInfinityFloatSerialization,testDoubleNaNSerialization,testDoubleInfinitySerialization
[INFO] 0 amplified test methods has been selected to be kept. (global: 0)
[INFO] elapsedTime 4732
======= REPORT =======
0 amplified test fails on the new versions.

[WARNING] DSpot could not obtain any amplified test method.
[WARNING] You can customize the following options: --amplifiers, --test-criterion, --iteration, --budgetizer etc, and retry with a new configuration.
[INFO] Amplification of com.google.gson.functional.ObjectTest (4 test(s))
[INFO] Assertion amplification of com.google.gson.functional.ObjectTest (4 test(s))
[INFO] Run: java -classpath /tmp/icst-2019/september-2018/dataset/gson_parent/gson/target/test-classes:/tmp/icst-2019/september-2018/dataset/gson_parent/gson/target/classes/:/home/spirals/danglot/.m2/repository/junit/junit/4.12/junit-4.12.jar:/home/spirals/danglot/.m2/repository/junit/junit/3.8.2/junit-3.8.2.jar:/tmp/icst-2019/september-2018/dataset/gson_parent/gson/target/dspot/dependencies/:/home/spirals/danglot/.m2/repository/eu/stamp-project/test-runner/1.1.0/test-runner-1.1.0-jar-with-dependencies.jar eu.stamp_project.testrunner.runner.test.TestRunner com.google.gson.functional.ObjectTest testSingletonLists:testJsonObjectSerialization:testInnerClassDeserialization:testAnonymousLocalClassesCustomSerialization
File saved to the following path: /tmp/icst-2019/september-2018/dataset/gson_parent/gson/target/dspot/TestListener.ser
Loading /tmp/icst-2019/september-2018/dataset/gson_parent/gson/target/dspot/TestListener.ser
[INFO] Test has been run: testSingletonLists,testJsonObjectSerialization,testAnonymousLocalClassesCustomSerialization,testInnerClassDeserialization
[INFO] Run tests. (4)
[INFO] Run: java -classpath /tmp/icst-2019/september-2018/dataset/gson_parent/gson/target/test-classes:/tmp/icst-2019/september-2018/dataset/gson_parent/gson/target/classes/:/home/spirals/danglot/.m2/repository/junit/junit/4.12/junit-4.12.jar:/home/spirals/danglot/.m2/repository/junit/junit/3.8.2/junit-3.8.2.jar:/tmp/icst-2019/september-2018/dataset/gson_parent/gson/target/dspot/dependencies/:/home/spirals/danglot/.m2/repository/eu/stamp-project/test-runner/1.1.0/test-runner-1.1.0-jar-with-dependencies.jar eu.stamp_project.testrunner.runner.test.TestRunner com.google.gson.functional.ObjectTest testSingletonLists:testJsonObjectSerialization:testInnerClassDeserialization:testAnonymousLocalClassesCustomSerialization
File saved to the following path: /tmp/icst-2019/september-2018/dataset/gson_parent/gson/target/dspot/TestListener.ser
Loading /tmp/icst-2019/september-2018/dataset/gson_parent/gson/target/dspot/TestListener.ser
[INFO] Test has been run: testSingletonLists,testJsonObjectSerialization,testAnonymousLocalClassesCustomSerialization,testInnerClassDeserialization
[INFO] 4 test pass, generating assertion...
[INFO] Add observations points in passing tests.
[INFO] Instrumentation...
 25% |============ ]/ 50% |========================= ]- 75% |===================================== ]\100% |================================================== ]|
[INFO] Run instrumented tests. (12)
[INFO] Run: java -classpath /tmp/icst-2019/september-2018/dataset/gson_parent/gson/target/test-classes:/tmp/icst-2019/september-2018/dataset/gson_parent/gson/target/classes/:/home/spirals/danglot/.m2/repository/junit/junit/4.12/junit-4.12.jar:/home/spirals/danglot/.m2/repository/junit/junit/3.8.2/junit-3.8.2.jar:/tmp/icst-2019/september-2018/dataset/gson_parent/gson/target/dspot/dependencies/:/home/spirals/danglot/.m2/repository/eu/stamp-project/test-runner/1.1.0/test-runner-1.1.0-jar-with-dependencies.jar eu.stamp_project.testrunner.runner.test.TestRunner com.google.gson.functional.ObjectTest testSingletonLists_withlog0:testJsonObjectSerialization_withlog0:testInnerClassDeserialization_withlog0:testAnonymousLocalClassesCustomSerialization_withlog0:testSingletonLists_withlog1:testJsonObjectSerialization_withlog1:testInnerClassDeserialization_withlog1:testAnonymousLocalClassesCustomSerialization_withlog1:testSingletonLists_withlog2:testJsonObjectSerialization_withlog2:testInnerClassDeserialization_withlog2:testAnonymousLocalClassesCustomSerialization_withlog2
File saved to the following path: /tmp/icst-2019/september-2018/dataset/gson_parent/gson/target/dspot/observations.ser
File saved to the following path: /tmp/icst-2019/september-2018/dataset/gson_parent/gson/target/dspot/TestListener.ser
Loading /tmp/icst-2019/september-2018/dataset/gson_parent/gson/target/dspot/TestListener.ser
[INFO] Test has been run: testInnerClassDeserialization_withlog0,testInnerClassDeserialization_withlog1,testInnerClassDeserialization_withlog2,testSingletonLists_withlog0,testSingletonLists_withlog1,testSingletonLists_withlog2,testJsonObjectSerialization_withlog0,testJsonObjectSerialization_withlog1,testJsonObjectSerialization_withlog2,testAnonymousLocalClassesCustomSerialization_withlog0,testAnonymousLocalClassesCustomSerialization_withlog1,testAnonymousLocalClassesCustomSerialization_withlog2
[INFO] Generating assertions...
[INFO] 4 new tests with assertions generated
[INFO] Run: java -classpath /tmp/icst-2019/september-2018/dataset/gson_parent/gson/target/test-classes:/tmp/icst-2019/september-2018/dataset/gson_parent/gson/target/classes/:/home/spirals/danglot/.m2/repository/junit/junit/4.12/junit-4.12.jar:/home/spirals/danglot/.m2/repository/junit/junit/3.8.2/junit-3.8.2.jar:/tmp/icst-2019/september-2018/dataset/gson_parent/gson/target/dspot/dependencies/:/home/spirals/danglot/.m2/repository/eu/stamp-project/test-runner/1.1.0/test-runner-1.1.0-jar-with-dependencies.jar eu.stamp_project.testrunner.runner.test.TestRunner com.google.gson.functional.ObjectTest testSingletonLists:testJsonObjectSerialization:testInnerClassDeserialization:testAnonymousLocalClassesCustomSerialization
File saved to the following path: /tmp/icst-2019/september-2018/dataset/gson_parent/gson/target/dspot/TestListener.ser
Loading /tmp/icst-2019/september-2018/dataset/gson_parent/gson/target/dspot/TestListener.ser
[INFO] Test has been run: testSingletonLists,testJsonObjectSerialization,testAnonymousLocalClassesCustomSerialization,testInnerClassDeserialization
[INFO] Assertion amplification: 4 test method(s) has been successfully amplified.
[WARN] 2018-09-23 13:51:54 Launcher - You specified the directory /tmp/icst-2019/september-2018/dataset/gson/gson/target/classes in source classpath, please note that only class files will be considered. Jars and subdirectories will be ignored.
[WARN] 2018-09-23 13:51:54 Launcher - You specified the directory /tmp/icst-2019/september-2018/dataset/gson/gson/target/test-classes in source classpath, please note that only class files will be considered. Jars and subdirectories will be ignored.
[WARN] 2018-09-23 13:51:54 Launcher - You specified the directory /tmp/icst-2019/september-2018/dataset/gson/gson/target/dspot/dependencies in source classpath, please note that only class files will be considered. Jars and subdirectories will be ignored.
[INFO] Run: java -classpath /tmp/icst-2019/september-2018/dataset/gson/gson/target/classes/:/tmp/icst-2019/september-2018/dataset/gson/gson/target/test-classes/:/home/spirals/danglot/.m2/repository/junit/junit/4.12/junit-4.12.jar:/home/spirals/danglot/.m2/repository/junit/junit/3.8.2/junit-3.8.2.jar:/tmp/icst-2019/september-2018/dataset/gson/gson/target/dspot/dependencies/:/home/spirals/danglot/.m2/repository/eu/stamp-project/test-runner/1.1.0/test-runner-1.1.0-jar-with-dependencies.jar eu.stamp_project.testrunner.runner.test.TestRunner com.google.gson.functional.ObjectTest testSingletonLists:testJsonObjectSerialization:testInnerClassDeserialization:testAnonymousLocalClassesCustomSerialization
File saved to the following path: /tmp/icst-2019/september-2018/dataset/gson_parent/gson/target/dspot/TestListener.ser
Loading /tmp/icst-2019/september-2018/dataset/gson_parent/gson/target/dspot/TestListener.ser
[INFO] Test has been run: testSingletonLists,testJsonObjectSerialization,testAnonymousLocalClassesCustomSerialization,testInnerClassDeserialization
[INFO] 0 amplified test methods has been selected to be kept. (global: 0)
[INFO] elapsedTime 5663
======= REPORT =======
0 amplified test fails on the new versions.

[WARNING] DSpot could not obtain any amplified test method.
[WARNING] You can customize the following options: --amplifiers, --test-criterion, --iteration, --budgetizer etc, and retry with a new configuration.
[INFO] Amplification of com.google.gson.functional.DefaultTypeAdaptersTest (20 test(s))
[INFO] Assertion amplification of com.google.gson.functional.DefaultTypeAdaptersTest (20 test(s))
[INFO] Run: java -classpath /tmp/icst-2019/september-2018/dataset/gson_parent/gson/target/test-classes:/tmp/icst-2019/september-2018/dataset/gson_parent/gson/target/classes/:/home/spirals/danglot/.m2/repository/junit/junit/4.12/junit-4.12.jar:/home/spirals/danglot/.m2/repository/junit/junit/3.8.2/junit-3.8.2.jar:/tmp/icst-2019/september-2018/dataset/gson_parent/gson/target/dspot/dependencies/:/home/spirals/danglot/.m2/repository/eu/stamp-project/test-runner/1.1.0/test-runner-1.1.0-jar-with-dependencies.jar eu.stamp_project.testrunner.runner.test.TestRunner com.google.gson.functional.DefaultTypeAdaptersTest testJsonObjectSerialization:testDefaultCalendarSerialization:testClassSerialization:testTimestampSerialization:testOverrideBigIntegerTypeAdapter:testClassDeserialization:testDefaultGregorianCalendarDeserialization:testDefaultDateSerializationUsingBuilder:testOverrideBigDecimalTypeAdapter:testDefaultGregorianCalendarSerialization:testDefaultCalendarDeserialization:testDateSerializationInCollection:testSetSerialization:testDefaultDateDeserializationUsingBuilder:testBitSetDeserialization:testDateSerializationWithPattern:testSqlDateSerialization:testBitSetSerialization:testDateSerializationWithPatternNotOverridenByTypeAdapter:testDateDeserializationWithPattern
File saved to the following path: /tmp/icst-2019/september-2018/dataset/gson_parent/gson/target/dspot/TestListener.ser
Loading /tmp/icst-2019/september-2018/dataset/gson_parent/gson/target/dspot/TestListener.ser
[INFO] Test has been run: testSqlDateSerialization,testDateSerializationInCollection,testTimestampSerialization,testJsonObjectSerialization,testDefaultDateSerializationUsingBuilder,testBitSetSerialization,testDefaultGregorianCalendarSerialization,testOverrideBigIntegerTypeAdapter,testDefaultCalendarSerialization,testBitSetDeserialization,testOverrideBigDecimalTypeAdapter,testClassDeserialization,testDateSerializationWithPattern,testSetSerialization,testDateDeserializationWithPattern,testDefaultDateDeserializationUsingBuilder,testClassSerialization,testDefaultCalendarDeserialization,testDefaultGregorianCalendarDeserialization,testDateSerializationWithPatternNotOverridenByTypeAdapter
[INFO] Run tests. (20)
[INFO] Run: java -classpath /tmp/icst-2019/september-2018/dataset/gson_parent/gson/target/test-classes:/tmp/icst-2019/september-2018/dataset/gson_parent/gson/target/classes/:/home/spirals/danglot/.m2/repository/junit/junit/4.12/junit-4.12.jar:/home/spirals/danglot/.m2/repository/junit/junit/3.8.2/junit-3.8.2.jar:/tmp/icst-2019/september-2018/dataset/gson_parent/gson/target/dspot/dependencies/:/home/spirals/danglot/.m2/repository/eu/stamp-project/test-runner/1.1.0/test-runner-1.1.0-jar-with-dependencies.jar eu.stamp_project.testrunner.runner.test.TestRunner com.google.gson.functional.DefaultTypeAdaptersTest testJsonObjectSerialization:testDefaultCalendarSerialization:testClassSerialization:testTimestampSerialization:testOverrideBigIntegerTypeAdapter:testClassDeserialization:testDefaultGregorianCalendarDeserialization:testDefaultDateSerializationUsingBuilder:testOverrideBigDecimalTypeAdapter:testDefaultGregorianCalendarSerialization:testDefaultCalendarDeserialization:testDateSerializationInCollection:testSetSerialization:testDefaultDateDeserializationUsingBuilder:testBitSetDeserialization:testDateSerializationWithPattern:testSqlDateSerialization:testBitSetSerialization:testDateSerializationWithPatternNotOverridenByTypeAdapter:testDateDeserializationWithPattern
File saved to the following path: /tmp/icst-2019/september-2018/dataset/gson_parent/gson/target/dspot/TestListener.ser
Loading /tmp/icst-2019/september-2018/dataset/gson_parent/gson/target/dspot/TestListener.ser
[INFO] Test has been run: testSqlDateSerialization,testDateSerializationInCollection,testTimestampSerialization,testJsonObjectSerialization,testDefaultDateSerializationUsingBuilder,testBitSetSerialization,testDefaultGregorianCalendarSerialization,testOverrideBigIntegerTypeAdapter,testDefaultCalendarSerialization,testBitSetDeserialization,testOverrideBigDecimalTypeAdapter,testClassDeserialization,testDateSerializationWithPattern,testSetSerialization,testDateDeserializationWithPattern,testDefaultDateDeserializationUsingBuilder,testClassSerialization,testDefaultCalendarDeserialization,testDefaultGregorianCalendarDeserialization,testDateSerializationWithPatternNotOverridenByTypeAdapter
[INFO] 20 test pass, generating assertion...
[INFO] Add observations points in passing tests.
[INFO] Instrumentation...
  5% |== ]/ 10% |===== ]- 15% |======= ]\ 20% |========== ]| 25% |============ ]/ 30% |=============== ]- 35% |================= ]\ 40% |==================== ]| 45% |====================== ]/ 50% |========================= ]- 55% |=========================== ]\ 60% |============================== ]| 65% |================================ ]/ 70% |=================================== ]- 75% |===================================== ]\ 80% |======================================== ]| 85% |========================================== ]/ 90% |============================================= ]- 95% |=============================================== ]\100% |================================================== ]|
[INFO] Run instrumented tests. (60)
[INFO] Run: java -classpath /tmp/icst-2019/september-2018/dataset/gson_parent/gson/target/test-classes:/tmp/icst-2019/september-2018/dataset/gson_parent/gson/target/classes/:/home/spirals/danglot/.m2/repository/junit/junit/4.12/junit-4.12.jar:/home/spirals/danglot/.m2/repository/junit/junit/3.8.2/junit-3.8.2.jar:/tmp/icst-2019/september-2018/dataset/gson_parent/gson/target/dspot/dependencies/:/home/spirals/danglot/.m2/repository/eu/stamp-project/test-runner/1.1.0/test-runner-1.1.0-jar-with-dependencies.jar eu.stamp_project.testrunner.runner.test.TestRunner com.google.gson.functional.DefaultTypeAdaptersTest testJsonObjectSerialization_withlog0:testDefaultCalendarSerialization_withlog0:testClassSerialization_withlog0:testTimestampSerialization_withlog0:testOverrideBigIntegerTypeAdapter_withlog0:testClassDeserialization_withlog0:testDefaultGregorianCalendarDeserialization_withlog0:testDefaultDateSerializationUsingBuilder_withlog0:testOverrideBigDecimalTypeAdapter_withlog0:testDefaultGregorianCalendarSerialization_withlog0:testDefaultCalendarDeserialization_withlog0:testDateSerializationInCollection_withlog0:testSetSerialization_withlog0:testDefaultDateDeserializationUsingBuilder_withlog0:testBitSetDeserialization_withlog0:testDateSerializationWithPattern_withlog0:testSqlDateSerialization_withlog0:testBitSetSerialization_withlog0:testDateSerializationWithPatternNotOverridenByTypeAdapter_withlog0:testDateDeserializationWithPattern_withlog0:testJsonObjectSerialization_withlog1:testDefaultCalendarSerialization_withlog1:testClassSerialization_withlog1:testTimestampSerialization_withlog1:testOverrideBigIntegerTypeAdapter_withlog1:testClassDeserialization_withlog1:testDefaultGregorianCalendarDeserialization_withlog1:testDefaultDateSerializationUsingBuilder_withlog1:testOverrideBigDecimalTypeAdapter_withlog1:testDefaultGregorianCalendarSerialization_withlog1:testDefaultCalendarDeserialization_withlog1:testDateSerializationInCollection_withlog1:testSetSerialization_withlog1:testDefaultDateDeserializationUsingBuilder_withlog1:testBitSetDeserialization_withlog1:testDateSerializationWithPattern_withlog1:testSqlDateSerialization_withlog1:testBitSetSerialization_withlog1:testDateSerializationWithPatternNotOverridenByTypeAdapter_withlog1:testDateDeserializationWithPattern_withlog1:testJsonObjectSerialization_withlog2:testDefaultCalendarSerialization_withlog2:testClassSerialization_withlog2:testTimestampSerialization_withlog2:testOverrideBigIntegerTypeAdapter_withlog2:testClassDeserialization_withlog2:testDefaultGregorianCalendarDeserialization_withlog2:testDefaultDateSerializationUsingBuilder_withlog2:testOverrideBigDecimalTypeAdapter_withlog2:testDefaultGregorianCalendarSerialization_withlog2:testDefaultCalendarDeserialization_withlog2:testDateSerializationInCollection_withlog2:testSetSerialization_withlog2:testDefaultDateDeserializationUsingBuilder_withlog2:testBitSetDeserialization_withlog2:testDateSerializationWithPattern_withlog2:testSqlDateSerialization_withlog2:testBitSetSerialization_withlog2:testDateSerializationWithPatternNotOverridenByTypeAdapter_withlog2:testDateDeserializationWithPattern_withlog2
File saved to the following path: /tmp/icst-2019/september-2018/dataset/gson_parent/gson/target/dspot/observations.ser
File saved to the following path: /tmp/icst-2019/september-2018/dataset/gson_parent/gson/target/dspot/TestListener.ser
Loading /tmp/icst-2019/september-2018/dataset/gson_parent/gson/target/dspot/TestListener.ser
[INFO] Test has been run: testBitSetDeserialization_withlog0,testBitSetDeserialization_withlog1,testBitSetDeserialization_withlog2,testOverrideBigDecimalTypeAdapter_withlog0,testOverrideBigDecimalTypeAdapter_withlog1,testOverrideBigDecimalTypeAdapter_withlog2,testDefaultCalendarDeserialization_withlog0,testDefaultCalendarDeserialization_withlog1,testDefaultCalendarDeserialization_withlog2,testDateSerializationWithPattern_withlog0,testDateSerializationWithPattern_withlog1,testDateSerializationWithPattern_withlog2,testDateSerializationInCollection_withlog0,testDateSerializationInCollection_withlog1,testDateSerializationInCollection_withlog2,testDefaultGregorianCalendarDeserialization_withlog0,testDefaultGregorianCalendarDeserialization_withlog1,testDefaultGregorianCalendarDeserialization_withlog2,testDateDeserializationWithPattern_withlog0,testDateDeserializationWithPattern_withlog1,testDateDeserializationWithPattern_withlog2,testJsonObjectSerialization_withlog0,testJsonObjectSerialization_withlog1,testJsonObjectSerialization_withlog2,testDateSerializationWithPatternNotOverridenByTypeAdapter_withlog0,testDateSerializationWithPatternNotOverridenByTypeAdapter_withlog1,testDateSerializationWithPatternNotOverridenByTypeAdapter_withlog2,testClassDeserialization_withlog0,testClassDeserialization_withlog1,testClassDeserialization_withlog2,testDefaultDateSerializationUsingBuilder_withlog0,testDefaultDateSerializationUsingBuilder_withlog1,testDefaultDateSerializationUsingBuilder_withlog2,testClassSerialization_withlog0,testClassSerialization_withlog1,testClassSerialization_withlog2,testDefaultGregorianCalendarSerialization_withlog0,testDefaultGregorianCalendarSerialization_withlog1,testDefaultGregorianCalendarSerialization_withlog2,testTimestampSerialization_withlog0,testTimestampSerialization_withlog1,testTimestampSerialization_withlog2,testDefaultCalendarSerialization_withlog0,testDefaultCalendarSerialization_withlog1,testDefaultCalendarSerialization_withlog2,testOverrideBigIntegerTypeAdapter_withlog0,testOverrideBigIntegerTypeAdapter_withlog1,testOverrideBigIntegerTypeAdapter_withlog2,testSetSerialization_withlog0,testSetSerialization_withlog1,testSetSerialization_withlog2,testDefaultDateDeserializationUsingBuilder_withlog0,testDefaultDateDeserializationUsingBuilder_withlog1,testDefaultDateDeserializationUsingBuilder_withlog2,testBitSetSerialization_withlog0,testBitSetSerialization_withlog1,testBitSetSerialization_withlog2,testSqlDateSerialization_withlog0,testSqlDateSerialization_withlog1,testSqlDateSerialization_withlog2
[INFO] Generating assertions...
[INFO] 19 new tests with assertions generated
[INFO] Run: java -classpath /tmp/icst-2019/september-2018/dataset/gson_parent/gson/target/test-classes:/tmp/icst-2019/september-2018/dataset/gson_parent/gson/target/classes/:/home/spirals/danglot/.m2/repository/junit/junit/4.12/junit-4.12.jar:/home/spirals/danglot/.m2/repository/junit/junit/3.8.2/junit-3.8.2.jar:/tmp/icst-2019/september-2018/dataset/gson_parent/gson/target/dspot/dependencies/:/home/spirals/danglot/.m2/repository/eu/stamp-project/test-runner/1.1.0/test-runner-1.1.0-jar-with-dependencies.jar eu.stamp_project.testrunner.runner.test.TestRunner com.google.gson.functional.DefaultTypeAdaptersTest testJsonObjectSerialization:testDefaultCalendarSerialization:testClassSerialization:testTimestampSerialization:testOverrideBigIntegerTypeAdapter:testDefaultGregorianCalendarDeserialization:testDefaultDateSerializationUsingBuilder:testOverrideBigDecimalTypeAdapter:testDefaultGregorianCalendarSerialization:testDefaultCalendarDeserialization:testDateSerializationInCollection:testSetSerialization:testDefaultDateDeserializationUsingBuilder:testBitSetDeserialization:testDateSerializationWithPattern:testSqlDateSerialization:testBitSetSerialization:testDateSerializationWithPatternNotOverridenByTypeAdapter:testDateDeserializationWithPattern
File saved to the following path: /tmp/icst-2019/september-2018/dataset/gson_parent/gson/target/dspot/TestListener.ser
Loading /tmp/icst-2019/september-2018/dataset/gson_parent/gson/target/dspot/TestListener.ser
[INFO] Test has been run: testSqlDateSerialization,testDateSerializationInCollection,testTimestampSerialization,testJsonObjectSerialization,testDefaultDateSerializationUsingBuilder,testBitSetSerialization,testOverrideBigIntegerTypeAdapter,testBitSetDeserialization,testOverrideBigDecimalTypeAdapter,testDateSerializationWithPattern,testSetSerialization,testDateDeserializationWithPattern,testDefaultDateDeserializationUsingBuilder,testClassSerialization,testDefaultCalendarDeserialization,testDefaultGregorianCalendarDeserialization,testDateSerializationWithPatternNotOverridenByTypeAdapter,testDefaultGregorianCalendarSerialization(com.google.gson.functional.DefaultTypeAdaptersTest): expected:<...rOfDay":4,"minute":5[1,"second":59]}> but was:<...rOfDay":4,"minute":5[2,"second":1]}>,testDefaultCalendarSerialization(com.google.gson.functional.DefaultTypeAdaptersTest): expected:<...rOfDay":4,"minute":5[1,"second":59]}> but was:<...rOfDay":4,"minute":5[2,"second":1]}>
[INFO] Assertion amplification: 17 test method(s) has been successfully amplified.
[WARN] 2018-09-23 13:52:01 Launcher - You specified the directory /tmp/icst-2019/september-2018/dataset/gson/gson/target/classes in source classpath, please note that only class files will be considered. Jars and subdirectories will be ignored.
[WARN] 2018-09-23 13:52:01 Launcher - You specified the directory /tmp/icst-2019/september-2018/dataset/gson/gson/target/test-classes in source classpath, please note that only class files will be considered. Jars and subdirectories will be ignored.
[WARN] 2018-09-23 13:52:01 Launcher - You specified the directory /tmp/icst-2019/september-2018/dataset/gson/gson/target/dspot/dependencies in source classpath, please note that only class files will be considered. Jars and subdirectories will be ignored.
[INFO] Run: java -classpath /tmp/icst-2019/september-2018/dataset/gson/gson/target/classes/:/tmp/icst-2019/september-2018/dataset/gson/gson/target/test-classes/:/home/spirals/danglot/.m2/repository/junit/junit/4.12/junit-4.12.jar:/home/spirals/danglot/.m2/repository/junit/junit/3.8.2/junit-3.8.2.jar:/tmp/icst-2019/september-2018/dataset/gson/gson/target/dspot/dependencies/:/home/spirals/danglot/.m2/repository/eu/stamp-project/test-runner/1.1.0/test-runner-1.1.0-jar-with-dependencies.jar eu.stamp_project.testrunner.runner.test.TestRunner com.google.gson.functional.DefaultTypeAdaptersTest testJsonObjectSerialization:testClassSerialization:testTimestampSerialization:testOverrideBigIntegerTypeAdapter:testDefaultGregorianCalendarDeserialization:testDefaultDateSerializationUsingBuilder:testOverrideBigDecimalTypeAdapter:testDefaultCalendarDeserialization:testDateSerializationInCollection:testSetSerialization:testDefaultDateDeserializationUsingBuilder:testBitSetDeserialization:testDateSerializationWithPattern:testSqlDateSerialization:testBitSetSerialization:testDateSerializationWithPatternNotOverridenByTypeAdapter:testDateDeserializationWithPattern
File saved to the following path: /tmp/icst-2019/september-2018/dataset/gson_parent/gson/target/dspot/TestListener.ser
Loading /tmp/icst-2019/september-2018/dataset/gson_parent/gson/target/dspot/TestListener.ser
[INFO] Test has been run: testSqlDateSerialization,testDateSerializationInCollection,testTimestampSerialization,testJsonObjectSerialization,testDefaultDateSerializationUsingBuilder,testBitSetSerialization,testOverrideBigIntegerTypeAdapter,testBitSetDeserialization,testOverrideBigDecimalTypeAdapter,testDateSerializationWithPattern,testSetSerialization,testDateDeserializationWithPattern,testDefaultDateDeserializationUsingBuilder,testClassSerialization,testDefaultCalendarDeserialization,testDefaultGregorianCalendarDeserialization,testDateSerializationWithPatternNotOverridenByTypeAdapter
[INFO] 0 amplified test methods has been selected to be kept. (global: 0)
[INFO] elapsedTime 6189
======= REPORT =======
0 amplified test fails on the new versions.

[WARNING] DSpot could not obtain any amplified test method.
[WARNING] You can customize the following options: --amplifiers, --test-criterion, --iteration, --budgetizer etc, and retry with a new configuration.
[INFO] Amplification of com.google.gson.functional.MapAsArrayTypeAdapterTest (5 test(s))
[INFO] Assertion amplification of com.google.gson.functional.MapAsArrayTypeAdapterTest (5 test(s))
[INFO] Run: java -classpath /tmp/icst-2019/september-2018/dataset/gson_parent/gson/target/test-classes:/tmp/icst-2019/september-2018/dataset/gson_parent/gson/target/classes/:/home/spirals/danglot/.m2/repository/junit/junit/4.12/junit-4.12.jar:/home/spirals/danglot/.m2/repository/junit/junit/3.8.2/junit-3.8.2.jar:/tmp/icst-2019/september-2018/dataset/gson_parent/gson/target/dspot/dependencies/:/home/spirals/danglot/.m2/repository/eu/stamp-project/test-runner/1.1.0/test-runner-1.1.0-jar-with-dependencies.jar eu.stamp_project.testrunner.runner.test.TestRunner com.google.gson.functional.MapAsArrayTypeAdapterTest testTwoTypesCollapseToOneDeserialize:testMultipleEnableComplexKeyRegistrationHasNoEffect:testMapWithTypeVariableDeserialization:testSerializeComplexMapWithTypeAdapter:testMapWithTypeVariableSerialization
File saved to the following path: /tmp/icst-2019/september-2018/dataset/gson_parent/gson/target/dspot/TestListener.ser
Loading /tmp/icst-2019/september-2018/dataset/gson_parent/gson/target/dspot/TestListener.ser
[INFO] Test has been run: testMapWithTypeVariableSerialization,testTwoTypesCollapseToOneDeserialize,testMapWithTypeVariableDeserialization,testMultipleEnableComplexKeyRegistrationHasNoEffect,testSerializeComplexMapWithTypeAdapter
[INFO] Run tests. (5)
[INFO] Run: java -classpath /tmp/icst-2019/september-2018/dataset/gson_parent/gson/target/test-classes:/tmp/icst-2019/september-2018/dataset/gson_parent/gson/target/classes/:/home/spirals/danglot/.m2/repository/junit/junit/4.12/junit-4.12.jar:/home/spirals/danglot/.m2/repository/junit/junit/3.8.2/junit-3.8.2.jar:/tmp/icst-2019/september-2018/dataset/gson_parent/gson/target/dspot/dependencies/:/home/spirals/danglot/.m2/repository/eu/stamp-project/test-runner/1.1.0/test-runner-1.1.0-jar-with-dependencies.jar eu.stamp_project.testrunner.runner.test.TestRunner com.google.gson.functional.MapAsArrayTypeAdapterTest testTwoTypesCollapseToOneDeserialize:testMultipleEnableComplexKeyRegistrationHasNoEffect:testMapWithTypeVariableDeserialization:testSerializeComplexMapWithTypeAdapter:testMapWithTypeVariableSerialization
File saved to the following path: /tmp/icst-2019/september-2018/dataset/gson_parent/gson/target/dspot/TestListener.ser
Loading /tmp/icst-2019/september-2018/dataset/gson_parent/gson/target/dspot/TestListener.ser
[INFO] Test has been run: testMapWithTypeVariableSerialization,testTwoTypesCollapseToOneDeserialize,testMapWithTypeVariableDeserialization,testMultipleEnableComplexKeyRegistrationHasNoEffect,testSerializeComplexMapWithTypeAdapter
[INFO] 5 test pass, generating assertion...
[INFO] Add observations points in passing tests.
[INFO] Instrumentation...
 20% |========== ]/ 40% |==================== ]- 60% |============================== ]\ 80% |======================================== ]|100% |================================================== ]/
[INFO] Run instrumented tests. (15)
[INFO] Run: java -classpath /tmp/icst-2019/september-2018/dataset/gson_parent/gson/target/test-classes:/tmp/icst-2019/september-2018/dataset/gson_parent/gson/target/classes/:/home/spirals/danglot/.m2/repository/junit/junit/4.12/junit-4.12.jar:/home/spirals/danglot/.m2/repository/junit/junit/3.8.2/junit-3.8.2.jar:/tmp/icst-2019/september-2018/dataset/gson_parent/gson/target/dspot/dependencies/:/home/spirals/danglot/.m2/repository/eu/stamp-project/test-runner/1.1.0/test-runner-1.1.0-jar-with-dependencies.jar eu.stamp_project.testrunner.runner.test.TestRunner com.google.gson.functional.MapAsArrayTypeAdapterTest testTwoTypesCollapseToOneDeserialize_withlog0:testMultipleEnableComplexKeyRegistrationHasNoEffect_withlog0:testMapWithTypeVariableDeserialization_withlog0:testSerializeComplexMapWithTypeAdapter_withlog0:testMapWithTypeVariableSerialization_withlog0:testTwoTypesCollapseToOneDeserialize_withlog1:testMultipleEnableComplexKeyRegistrationHasNoEffect_withlog1:testMapWithTypeVariableDeserialization_withlog1:testSerializeComplexMapWithTypeAdapter_withlog1:testMapWithTypeVariableSerialization_withlog1:testTwoTypesCollapseToOneDeserialize_withlog2:testMultipleEnableComplexKeyRegistrationHasNoEffect_withlog2:testMapWithTypeVariableDeserialization_withlog2:testSerializeComplexMapWithTypeAdapter_withlog2:testMapWithTypeVariableSerialization_withlog2
File saved to the following path: /tmp/icst-2019/september-2018/dataset/gson_parent/gson/target/dspot/observations.ser
File saved to the following path: /tmp/icst-2019/september-2018/dataset/gson_parent/gson/target/dspot/TestListener.ser
Loading /tmp/icst-2019/september-2018/dataset/gson_parent/gson/target/dspot/TestListener.ser
[INFO] Test has been run: testTwoTypesCollapseToOneDeserialize_withlog0,testTwoTypesCollapseToOneDeserialize_withlog1,testTwoTypesCollapseToOneDeserialize_withlog2,testMapWithTypeVariableDeserialization_withlog0,testMapWithTypeVariableDeserialization_withlog1,testMapWithTypeVariableDeserialization_withlog2,testMultipleEnableComplexKeyRegistrationHasNoEffect_withlog0(com.google.gson.functional.MapAsArrayTypeAdapterTest): null,testMultipleEnableComplexKeyRegistrationHasNoEffect_withlog1(com.google.gson.functional.MapAsArrayTypeAdapterTest): null,testMultipleEnableComplexKeyRegistrationHasNoEffect_withlog2(com.google.gson.functional.MapAsArrayTypeAdapterTest): null,testMapWithTypeVariableSerialization_withlog0(com.google.gson.functional.MapAsArrayTypeAdapterTest): null,testMapWithTypeVariableSerialization_withlog1(com.google.gson.functional.MapAsArrayTypeAdapterTest): null,testMapWithTypeVariableSerialization_withlog2(com.google.gson.functional.MapAsArrayTypeAdapterTest): null,testSerializeComplexMapWithTypeAdapter_withlog0(com.google.gson.functional.MapAsArrayTypeAdapterTest): null,testSerializeComplexMapWithTypeAdapter_withlog1(com.google.gson.functional.MapAsArrayTypeAdapterTest): null,testSerializeComplexMapWithTypeAdapter_withlog2(com.google.gson.functional.MapAsArrayTypeAdapterTest): null
[WARNING] Some instrumented test failed!
[INFO] Generating assertions...
[INFO] 4 new tests with assertions generated
[INFO] Run: java -classpath /tmp/icst-2019/september-2018/dataset/gson_parent/gson/target/test-classes:/tmp/icst-2019/september-2018/dataset/gson_parent/gson/target/classes/:/home/spirals/danglot/.m2/repository/junit/junit/4.12/junit-4.12.jar:/home/spirals/danglot/.m2/repository/junit/junit/3.8.2/junit-3.8.2.jar:/tmp/icst-2019/september-2018/dataset/gson_parent/gson/target/dspot/dependencies/:/home/spirals/danglot/.m2/repository/eu/stamp-project/test-runner/1.1.0/test-runner-1.1.0-jar-with-dependencies.jar eu.stamp_project.testrunner.runner.test.TestRunner com.google.gson.functional.MapAsArrayTypeAdapterTest testTwoTypesCollapseToOneDeserialize:testMultipleEnableComplexKeyRegistrationHasNoEffect:testMapWithTypeVariableDeserialization:testSerializeComplexMapWithTypeAdapter
File saved to the following path: /tmp/icst-2019/september-2018/dataset/gson_parent/gson/target/dspot/TestListener.ser
Loading /tmp/icst-2019/september-2018/dataset/gson_parent/gson/target/dspot/TestListener.ser
[INFO] Test has been run: testTwoTypesCollapseToOneDeserialize,testMapWithTypeVariableDeserialization,testMultipleEnableComplexKeyRegistrationHasNoEffect,testSerializeComplexMapWithTypeAdapter
[INFO] Assertion amplification: 4 test method(s) has been successfully amplified.
[WARN] 2018-09-23 13:52:05 Launcher - You specified the directory /tmp/icst-2019/september-2018/dataset/gson/gson/target/classes in source classpath, please note that only class files will be considered. Jars and subdirectories will be ignored.
[WARN] 2018-09-23 13:52:05 Launcher - You specified the directory /tmp/icst-2019/september-2018/dataset/gson/gson/target/test-classes in source classpath, please note that only class files will be considered. Jars and subdirectories will be ignored.
[WARN] 2018-09-23 13:52:05 Launcher - You specified the directory /tmp/icst-2019/september-2018/dataset/gson/gson/target/dspot/dependencies in source classpath, please note that only class files will be considered. Jars and subdirectories will be ignored.
[INFO] Run: java -classpath /tmp/icst-2019/september-2018/dataset/gson/gson/target/classes/:/tmp/icst-2019/september-2018/dataset/gson/gson/target/test-classes/:/home/spirals/danglot/.m2/repository/junit/junit/4.12/junit-4.12.jar:/home/spirals/danglot/.m2/repository/junit/junit/3.8.2/junit-3.8.2.jar:/tmp/icst-2019/september-2018/dataset/gson/gson/target/dspot/dependencies/:/home/spirals/danglot/.m2/repository/eu/stamp-project/test-runner/1.1.0/test-runner-1.1.0-jar-with-dependencies.jar eu.stamp_project.testrunner.runner.test.TestRunner com.google.gson.functional.MapAsArrayTypeAdapterTest testTwoTypesCollapseToOneDeserialize:testMultipleEnableComplexKeyRegistrationHasNoEffect:testMapWithTypeVariableDeserialization:testSerializeComplexMapWithTypeAdapter
File saved to the following path: /tmp/icst-2019/september-2018/dataset/gson_parent/gson/target/dspot/TestListener.ser
Loading /tmp/icst-2019/september-2018/dataset/gson_parent/gson/target/dspot/TestListener.ser
[INFO] Test has been run: testTwoTypesCollapseToOneDeserialize,testMapWithTypeVariableDeserialization,testMultipleEnableComplexKeyRegistrationHasNoEffect,testSerializeComplexMapWithTypeAdapter
[INFO] 0 amplified test methods has been selected to be kept. (global: 0)
[INFO] elapsedTime 3811
======= REPORT =======
0 amplified test fails on the new versions.

[WARNING] DSpot could not obtain any amplified test method.
[WARNING] You can customize the following options: --amplifiers, --test-criterion, --iteration, --budgetizer etc, and retry with a new configuration.
[INFO] Amplification of com.google.gson.functional.SecurityTest (5 test(s))
[INFO] Assertion amplification of com.google.gson.functional.SecurityTest (5 test(s))
[INFO] Run: java -classpath /tmp/icst-2019/september-2018/dataset/gson_parent/gson/target/test-classes:/tmp/icst-2019/september-2018/dataset/gson_parent/gson/target/classes/:/home/spirals/danglot/.m2/repository/junit/junit/4.12/junit-4.12.jar:/home/spirals/danglot/.m2/repository/junit/junit/3.8.2/junit-3.8.2.jar:/tmp/icst-2019/september-2018/dataset/gson_parent/gson/target/dspot/dependencies/:/home/spirals/danglot/.m2/repository/eu/stamp-project/test-runner/1.1.0/test-runner-1.1.0-jar-with-dependencies.jar eu.stamp_project.testrunner.runner.test.TestRunner com.google.gson.functional.SecurityTest testNonExecutableJsonDeserialization:testJsonWithNonExectuableTokenWithRegularGsonDeserialization:testNonExecutableJsonSerialization:testJsonWithNonExectuableTokenWithConfiguredGsonDeserialization:testJsonWithNonExectuableTokenSerialization
File saved to the following path: /tmp/icst-2019/september-2018/dataset/gson_parent/gson/target/dspot/TestListener.ser
Loading /tmp/icst-2019/september-2018/dataset/gson_parent/gson/target/dspot/TestListener.ser
[INFO] Test has been run: testJsonWithNonExectuableTokenSerialization,testNonExecutableJsonDeserialization,testJsonWithNonExectuableTokenWithRegularGsonDeserialization,testNonExecutableJsonSerialization,testJsonWithNonExectuableTokenWithConfiguredGsonDeserialization
[INFO] Run tests. (5)
[INFO] Run: java -classpath /tmp/icst-2019/september-2018/dataset/gson_parent/gson/target/test-classes:/tmp/icst-2019/september-2018/dataset/gson_parent/gson/target/classes/:/home/spirals/danglot/.m2/repository/junit/junit/4.12/junit-4.12.jar:/home/spirals/danglot/.m2/repository/junit/junit/3.8.2/junit-3.8.2.jar:/tmp/icst-2019/september-2018/dataset/gson_parent/gson/target/dspot/dependencies/:/home/spirals/danglot/.m2/repository/eu/stamp-project/test-runner/1.1.0/test-runner-1.1.0-jar-with-dependencies.jar eu.stamp_project.testrunner.runner.test.TestRunner com.google.gson.functional.SecurityTest testNonExecutableJsonDeserialization:testJsonWithNonExectuableTokenWithRegularGsonDeserialization:testNonExecutableJsonSerialization:testJsonWithNonExectuableTokenWithConfiguredGsonDeserialization:testJsonWithNonExectuableTokenSerialization
File saved to the following path: /tmp/icst-2019/september-2018/dataset/gson_parent/gson/target/dspot/TestListener.ser
Loading /tmp/icst-2019/september-2018/dataset/gson_parent/gson/target/dspot/TestListener.ser
[INFO] Test has been run: testJsonWithNonExectuableTokenSerialization,testNonExecutableJsonDeserialization,testJsonWithNonExectuableTokenWithRegularGsonDeserialization,testNonExecutableJsonSerialization,testJsonWithNonExectuableTokenWithConfiguredGsonDeserialization
[INFO] 5 test pass, generating assertion...
[INFO] Add observations points in passing tests.
[INFO] Instrumentation...
 20% |========== ]/ 40% |==================== ]- 60% |============================== ]\ 80% |======================================== ]|100% |================================================== ]/
[INFO] Run instrumented tests. (15)
[INFO] Run: java -classpath /tmp/icst-2019/september-2018/dataset/gson_parent/gson/target/test-classes:/tmp/icst-2019/september-2018/dataset/gson_parent/gson/target/classes/:/home/spirals/danglot/.m2/repository/junit/junit/4.12/junit-4.12.jar:/home/spirals/danglot/.m2/repository/junit/junit/3.8.2/junit-3.8.2.jar:/tmp/icst-2019/september-2018/dataset/gson_parent/gson/target/dspot/dependencies/:/home/spirals/danglot/.m2/repository/eu/stamp-project/test-runner/1.1.0/test-runner-1.1.0-jar-with-dependencies.jar eu.stamp_project.testrunner.runner.test.TestRunner com.google.gson.functional.SecurityTest testNonExecutableJsonDeserialization_withlog0:testJsonWithNonExectuableTokenWithRegularGsonDeserialization_withlog0:testNonExecutableJsonSerialization_withlog0:testJsonWithNonExectuableTokenWithConfiguredGsonDeserialization_withlog0:testJsonWithNonExectuableTokenSerialization_withlog0:testNonExecutableJsonDeserialization_withlog1:testJsonWithNonExectuableTokenWithRegularGsonDeserialization_withlog1:testNonExecutableJsonSerialization_withlog1:testJsonWithNonExectuableTokenWithConfiguredGsonDeserialization_withlog1:testJsonWithNonExectuableTokenSerialization_withlog1:testNonExecutableJsonDeserialization_withlog2:testJsonWithNonExectuableTokenWithRegularGsonDeserialization_withlog2:testNonExecutableJsonSerialization_withlog2:testJsonWithNonExectuableTokenWithConfiguredGsonDeserialization_withlog2:testJsonWithNonExectuableTokenSerialization_withlog2
File saved to the following path: /tmp/icst-2019/september-2018/dataset/gson_parent/gson/target/dspot/observations.ser
File saved to the following path: /tmp/icst-2019/september-2018/dataset/gson_parent/gson/target/dspot/TestListener.ser
Loading /tmp/icst-2019/september-2018/dataset/gson_parent/gson/target/dspot/TestListener.ser
[INFO] Test has been run: testJsonWithNonExectuableTokenSerialization_withlog0,testJsonWithNonExectuableTokenSerialization_withlog1,testJsonWithNonExectuableTokenSerialization_withlog2,testNonExecutableJsonDeserialization_withlog0,testNonExecutableJsonDeserialization_withlog1,testNonExecutableJsonDeserialization_withlog2,testNonExecutableJsonSerialization_withlog0,testNonExecutableJsonSerialization_withlog1,testNonExecutableJsonSerialization_withlog2,testJsonWithNonExectuableTokenWithRegularGsonDeserialization_withlog0,testJsonWithNonExectuableTokenWithRegularGsonDeserialization_withlog1,testJsonWithNonExectuableTokenWithRegularGsonDeserialization_withlog2,testJsonWithNonExectuableTokenWithConfiguredGsonDeserialization_withlog0,testJsonWithNonExectuableTokenWithConfiguredGsonDeserialization_withlog1,testJsonWithNonExectuableTokenWithConfiguredGsonDeserialization_withlog2
[INFO] Generating assertions...
[INFO] 5 new tests with assertions generated
[INFO] Run: java -classpath /tmp/icst-2019/september-2018/dataset/gson_parent/gson/target/test-classes:/tmp/icst-2019/september-2018/dataset/gson_parent/gson/target/classes/:/home/spirals/danglot/.m2/repository/junit/junit/4.12/junit-4.12.jar:/home/spirals/danglot/.m2/repository/junit/junit/3.8.2/junit-3.8.2.jar:/tmp/icst-2019/september-2018/dataset/gson_parent/gson/target/dspot/dependencies/:/home/spirals/danglot/.m2/repository/eu/stamp-project/test-runner/1.1.0/test-runner-1.1.0-jar-with-dependencies.jar eu.stamp_project.testrunner.runner.test.TestRunner com.google.gson.functional.SecurityTest testNonExecutableJsonDeserialization:testJsonWithNonExectuableTokenWithRegularGsonDeserialization:testNonExecutableJsonSerialization:testJsonWithNonExectuableTokenWithConfiguredGsonDeserialization:testJsonWithNonExectuableTokenSerialization
File saved to the following path: /tmp/icst-2019/september-2018/dataset/gson_parent/gson/target/dspot/TestListener.ser
Loading /tmp/icst-2019/september-2018/dataset/gson_parent/gson/target/dspot/TestListener.ser
[INFO] Test has been run: testJsonWithNonExectuableTokenSerialization,testNonExecutableJsonDeserialization,testJsonWithNonExectuableTokenWithRegularGsonDeserialization,testNonExecutableJsonSerialization,testJsonWithNonExectuableTokenWithConfiguredGsonDeserialization
[INFO] Assertion amplification: 5 test method(s) has been successfully amplified.
[WARN] 2018-09-23 13:52:08 Launcher - You specified the directory /tmp/icst-2019/september-2018/dataset/gson/gson/target/classes in source classpath, please note that only class files will be considered. Jars and subdirectories will be ignored.
[WARN] 2018-09-23 13:52:08 Launcher - You specified the directory /tmp/icst-2019/september-2018/dataset/gson/gson/target/test-classes in source classpath, please note that only class files will be considered. Jars and subdirectories will be ignored.
[WARN] 2018-09-23 13:52:08 Launcher - You specified the directory /tmp/icst-2019/september-2018/dataset/gson/gson/target/dspot/dependencies in source classpath, please note that only class files will be considered. Jars and subdirectories will be ignored.
[INFO] Run: java -classpath /tmp/icst-2019/september-2018/dataset/gson/gson/target/classes/:/tmp/icst-2019/september-2018/dataset/gson/gson/target/test-classes/:/home/spirals/danglot/.m2/repository/junit/junit/4.12/junit-4.12.jar:/home/spirals/danglot/.m2/repository/junit/junit/3.8.2/junit-3.8.2.jar:/tmp/icst-2019/september-2018/dataset/gson/gson/target/dspot/dependencies/:/home/spirals/danglot/.m2/repository/eu/stamp-project/test-runner/1.1.0/test-runner-1.1.0-jar-with-dependencies.jar eu.stamp_project.testrunner.runner.test.TestRunner com.google.gson.functional.SecurityTest testNonExecutableJsonDeserialization:testJsonWithNonExectuableTokenWithRegularGsonDeserialization:testNonExecutableJsonSerialization:testJsonWithNonExectuableTokenWithConfiguredGsonDeserialization:testJsonWithNonExectuableTokenSerialization
File saved to the following path: /tmp/icst-2019/september-2018/dataset/gson_parent/gson/target/dspot/TestListener.ser
Loading /tmp/icst-2019/september-2018/dataset/gson_parent/gson/target/dspot/TestListener.ser
[INFO] Test has been run: testJsonWithNonExectuableTokenSerialization,testNonExecutableJsonDeserialization,testJsonWithNonExectuableTokenWithRegularGsonDeserialization,testNonExecutableJsonSerialization,testJsonWithNonExectuableTokenWithConfiguredGsonDeserialization
[INFO] 0 amplified test methods has been selected to be kept. (global: 0)
[INFO] elapsedTime 2990
======= REPORT =======
0 amplified test fails on the new versions.

[WARNING] DSpot could not obtain any amplified test method.
[WARNING] You can customize the following options: --amplifiers, --test-criterion, --iteration, --budgetizer etc, and retry with a new configuration.
[INFO] Amplification of com.google.gson.functional.CollectionTest (2 test(s))
[INFO] Assertion amplification of com.google.gson.functional.CollectionTest (2 test(s))
[INFO] Run: java -classpath /tmp/icst-2019/september-2018/dataset/gson_parent/gson/target/test-classes:/tmp/icst-2019/september-2018/dataset/gson_parent/gson/target/classes/:/home/spirals/danglot/.m2/repository/junit/junit/4.12/junit-4.12.jar:/home/spirals/danglot/.m2/repository/junit/junit/3.8.2/junit-3.8.2.jar:/tmp/icst-2019/september-2018/dataset/gson_parent/gson/target/dspot/dependencies/:/home/spirals/danglot/.m2/repository/eu/stamp-project/test-runner/1.1.0/test-runner-1.1.0-jar-with-dependencies.jar eu.stamp_project.testrunner.runner.test.TestRunner com.google.gson.functional.CollectionTest testSetSerialization:testUserCollectionTypeAdapter
File saved to the following path: /tmp/icst-2019/september-2018/dataset/gson_parent/gson/target/dspot/TestListener.ser
Loading /tmp/icst-2019/september-2018/dataset/gson_parent/gson/target/dspot/TestListener.ser
[INFO] Test has been run: testSetSerialization,testUserCollectionTypeAdapter
[INFO] Run tests. (2)
[INFO] Run: java -classpath /tmp/icst-2019/september-2018/dataset/gson_parent/gson/target/test-classes:/tmp/icst-2019/september-2018/dataset/gson_parent/gson/target/classes/:/home/spirals/danglot/.m2/repository/junit/junit/4.12/junit-4.12.jar:/home/spirals/danglot/.m2/repository/junit/junit/3.8.2/junit-3.8.2.jar:/tmp/icst-2019/september-2018/dataset/gson_parent/gson/target/dspot/dependencies/:/home/spirals/danglot/.m2/repository/eu/stamp-project/test-runner/1.1.0/test-runner-1.1.0-jar-with-dependencies.jar eu.stamp_project.testrunner.runner.test.TestRunner com.google.gson.functional.CollectionTest testSetSerialization:testUserCollectionTypeAdapter
File saved to the following path: /tmp/icst-2019/september-2018/dataset/gson_parent/gson/target/dspot/TestListener.ser
Loading /tmp/icst-2019/september-2018/dataset/gson_parent/gson/target/dspot/TestListener.ser
[INFO] Test has been run: testSetSerialization,testUserCollectionTypeAdapter
[INFO] 2 test pass, generating assertion...
[INFO] Add observations points in passing tests.
[INFO] Instrumentation...
 50% |========================= ]/100% |================================================== ]-
[INFO] Run instrumented tests. (6)
[INFO] Run: java -classpath /tmp/icst-2019/september-2018/dataset/gson_parent/gson/target/test-classes:/tmp/icst-2019/september-2018/dataset/gson_parent/gson/target/classes/:/home/spirals/danglot/.m2/repository/junit/junit/4.12/junit-4.12.jar:/home/spirals/danglot/.m2/repository/junit/junit/3.8.2/junit-3.8.2.jar:/tmp/icst-2019/september-2018/dataset/gson_parent/gson/target/dspot/dependencies/:/home/spirals/danglot/.m2/repository/eu/stamp-project/test-runner/1.1.0/test-runner-1.1.0-jar-with-dependencies.jar eu.stamp_project.testrunner.runner.test.TestRunner com.google.gson.functional.CollectionTest testSetSerialization_withlog0:testUserCollectionTypeAdapter_withlog0:testSetSerialization_withlog1:testUserCollectionTypeAdapter_withlog1:testSetSerialization_withlog2:testUserCollectionTypeAdapter_withlog2
File saved to the following path: /tmp/icst-2019/september-2018/dataset/gson_parent/gson/target/dspot/observations.ser
File saved to the following path: /tmp/icst-2019/september-2018/dataset/gson_parent/gson/target/dspot/TestListener.ser
Loading /tmp/icst-2019/september-2018/dataset/gson_parent/gson/target/dspot/TestListener.ser
[INFO] Test has been run: testUserCollectionTypeAdapter_withlog0,testUserCollectionTypeAdapter_withlog1,testUserCollectionTypeAdapter_withlog2,testSetSerialization_withlog0,testSetSerialization_withlog1,testSetSerialization_withlog2
[INFO] Generating assertions...
[INFO] 2 new tests with assertions generated
[INFO] Run: java -classpath /tmp/icst-2019/september-2018/dataset/gson_parent/gson/target/test-classes:/tmp/icst-2019/september-2018/dataset/gson_parent/gson/target/classes/:/home/spirals/danglot/.m2/repository/junit/junit/4.12/junit-4.12.jar:/home/spirals/danglot/.m2/repository/junit/junit/3.8.2/junit-3.8.2.jar:/tmp/icst-2019/september-2018/dataset/gson_parent/gson/target/dspot/dependencies/:/home/spirals/danglot/.m2/repository/eu/stamp-project/test-runner/1.1.0/test-runner-1.1.0-jar-with-dependencies.jar eu.stamp_project.testrunner.runner.test.TestRunner com.google.gson.functional.CollectionTest testSetSerialization:testUserCollectionTypeAdapter
File saved to the following path: /tmp/icst-2019/september-2018/dataset/gson_parent/gson/target/dspot/TestListener.ser
Loading /tmp/icst-2019/september-2018/dataset/gson_parent/gson/target/dspot/TestListener.ser
[INFO] Test has been run: testSetSerialization,testUserCollectionTypeAdapter
[INFO] Assertion amplification: 2 test method(s) has been successfully amplified.
[WARN] 2018-09-23 13:52:12 Launcher - You specified the directory /tmp/icst-2019/september-2018/dataset/gson/gson/target/classes in source classpath, please note that only class files will be considered. Jars and subdirectories will be ignored.
[WARN] 2018-09-23 13:52:12 Launcher - You specified the directory /tmp/icst-2019/september-2018/dataset/gson/gson/target/test-classes in source classpath, please note that only class files will be considered. Jars and subdirectories will be ignored.
[WARN] 2018-09-23 13:52:12 Launcher - You specified the directory /tmp/icst-2019/september-2018/dataset/gson/gson/target/dspot/dependencies in source classpath, please note that only class files will be considered. Jars and subdirectories will be ignored.
[INFO] Run: java -classpath /tmp/icst-2019/september-2018/dataset/gson/gson/target/classes/:/tmp/icst-2019/september-2018/dataset/gson/gson/target/test-classes/:/home/spirals/danglot/.m2/repository/junit/junit/4.12/junit-4.12.jar:/home/spirals/danglot/.m2/repository/junit/junit/3.8.2/junit-3.8.2.jar:/tmp/icst-2019/september-2018/dataset/gson/gson/target/dspot/dependencies/:/home/spirals/danglot/.m2/repository/eu/stamp-project/test-runner/1.1.0/test-runner-1.1.0-jar-with-dependencies.jar eu.stamp_project.testrunner.runner.test.TestRunner com.google.gson.functional.CollectionTest testSetSerialization:testUserCollectionTypeAdapter
File saved to the following path: /tmp/icst-2019/september-2018/dataset/gson_parent/gson/target/dspot/TestListener.ser
Loading /tmp/icst-2019/september-2018/dataset/gson_parent/gson/target/dspot/TestListener.ser
[INFO] Test has been run: testSetSerialization,testUserCollectionTypeAdapter
[INFO] 0 amplified test methods has been selected to be kept. (global: 0)
[INFO] elapsedTime 3506
======= REPORT =======
0 amplified test fails on the new versions.

[WARNING] DSpot could not obtain any amplified test method.
[WARNING] You can customize the following options: --amplifiers, --test-criterion, --iteration, --budgetizer etc, and retry with a new configuration.
[INFO] Amplification of com.google.gson.functional.ArrayTest (2 test(s))
[INFO] Assertion amplification of com.google.gson.functional.ArrayTest (2 test(s))
[INFO] Run: java -classpath /tmp/icst-2019/september-2018/dataset/gson_parent/gson/target/test-classes:/tmp/icst-2019/september-2018/dataset/gson_parent/gson/target/classes/:/home/spirals/danglot/.m2/repository/junit/junit/4.12/junit-4.12.jar:/home/spirals/danglot/.m2/repository/junit/junit/3.8.2/junit-3.8.2.jar:/tmp/icst-2019/september-2018/dataset/gson_parent/gson/target/dspot/dependencies/:/home/spirals/danglot/.m2/repository/eu/stamp-project/test-runner/1.1.0/test-runner-1.1.0-jar-with-dependencies.jar eu.stamp_project.testrunner.runner.test.TestRunner com.google.gson.functional.ArrayTest testNullsInArrayWithSerializeNullPropertySetSerialization:testArrayElementsAreArrays
File saved to the following path: /tmp/icst-2019/september-2018/dataset/gson_parent/gson/target/dspot/TestListener.ser
Loading /tmp/icst-2019/september-2018/dataset/gson_parent/gson/target/dspot/TestListener.ser
[INFO] Test has been run: testArrayElementsAreArrays,testNullsInArrayWithSerializeNullPropertySetSerialization
[INFO] Run tests. (2)
[INFO] Run: java -classpath /tmp/icst-2019/september-2018/dataset/gson_parent/gson/target/test-classes:/tmp/icst-2019/september-2018/dataset/gson_parent/gson/target/classes/:/home/spirals/danglot/.m2/repository/junit/junit/4.12/junit-4.12.jar:/home/spirals/danglot/.m2/repository/junit/junit/3.8.2/junit-3.8.2.jar:/tmp/icst-2019/september-2018/dataset/gson_parent/gson/target/dspot/dependencies/:/home/spirals/danglot/.m2/repository/eu/stamp-project/test-runner/1.1.0/test-runner-1.1.0-jar-with-dependencies.jar eu.stamp_project.testrunner.runner.test.TestRunner com.google.gson.functional.ArrayTest testNullsInArrayWithSerializeNullPropertySetSerialization:testArrayElementsAreArrays
File saved to the following path: /tmp/icst-2019/september-2018/dataset/gson_parent/gson/target/dspot/TestListener.ser
Loading /tmp/icst-2019/september-2018/dataset/gson_parent/gson/target/dspot/TestListener.ser
[INFO] Test has been run: testArrayElementsAreArrays,testNullsInArrayWithSerializeNullPropertySetSerialization
[INFO] 2 test pass, generating assertion...
[INFO] Add observations points in passing tests.
[INFO] Instrumentation...
 50% |========================= ]/100% |================================================== ]-
[INFO] Run instrumented tests. (6)
[INFO] Run: java -classpath /tmp/icst-2019/september-2018/dataset/gson_parent/gson/target/test-classes:/tmp/icst-2019/september-2018/dataset/gson_parent/gson/target/classes/:/home/spirals/danglot/.m2/repository/junit/junit/4.12/junit-4.12.jar:/home/spirals/danglot/.m2/repository/junit/junit/3.8.2/junit-3.8.2.jar:/tmp/icst-2019/september-2018/dataset/gson_parent/gson/target/dspot/dependencies/:/home/spirals/danglot/.m2/repository/eu/stamp-project/test-runner/1.1.0/test-runner-1.1.0-jar-with-dependencies.jar eu.stamp_project.testrunner.runner.test.TestRunner com.google.gson.functional.ArrayTest testNullsInArrayWithSerializeNullPropertySetSerialization_withlog0:testArrayElementsAreArrays_withlog0:testNullsInArrayWithSerializeNullPropertySetSerialization_withlog1:testArrayElementsAreArrays_withlog1:testNullsInArrayWithSerializeNullPropertySetSerialization_withlog2:testArrayElementsAreArrays_withlog2
File saved to the following path: /tmp/icst-2019/september-2018/dataset/gson_parent/gson/target/dspot/observations.ser
File saved to the following path: /tmp/icst-2019/september-2018/dataset/gson_parent/gson/target/dspot/TestListener.ser
Loading /tmp/icst-2019/september-2018/dataset/gson_parent/gson/target/dspot/TestListener.ser
[INFO] Test has been run: testNullsInArrayWithSerializeNullPropertySetSerialization_withlog0,testNullsInArrayWithSerializeNullPropertySetSerialization_withlog1,testNullsInArrayWithSerializeNullPropertySetSerialization_withlog2,testArrayElementsAreArrays_withlog0,testArrayElementsAreArrays_withlog1,testArrayElementsAreArrays_withlog2
[INFO] Generating assertions...
[INFO] 2 new tests with assertions generated
[INFO] Run: java -classpath /tmp/icst-2019/september-2018/dataset/gson_parent/gson/target/test-classes:/tmp/icst-2019/september-2018/dataset/gson_parent/gson/target/classes/:/home/spirals/danglot/.m2/repository/junit/junit/4.12/junit-4.12.jar:/home/spirals/danglot/.m2/repository/junit/junit/3.8.2/junit-3.8.2.jar:/tmp/icst-2019/september-2018/dataset/gson_parent/gson/target/dspot/dependencies/:/home/spirals/danglot/.m2/repository/eu/stamp-project/test-runner/1.1.0/test-runner-1.1.0-jar-with-dependencies.jar eu.stamp_project.testrunner.runner.test.TestRunner com.google.gson.functional.ArrayTest testNullsInArrayWithSerializeNullPropertySetSerialization:testArrayElementsAreArrays
File saved to the following path: /tmp/icst-2019/september-2018/dataset/gson_parent/gson/target/dspot/TestListener.ser
Loading /tmp/icst-2019/september-2018/dataset/gson_parent/gson/target/dspot/TestListener.ser
[INFO] Test has been run: testArrayElementsAreArrays,testNullsInArrayWithSerializeNullPropertySetSerialization
[INFO] Assertion amplification: 2 test method(s) has been successfully amplified.
[WARN] 2018-09-23 13:52:15 Launcher - You specified the directory /tmp/icst-2019/september-2018/dataset/gson/gson/target/classes in source classpath, please note that only class files will be considered. Jars and subdirectories will be ignored.
[WARN] 2018-09-23 13:52:15 Launcher - You specified the directory /tmp/icst-2019/september-2018/dataset/gson/gson/target/test-classes in source classpath, please note that only class files will be considered. Jars and subdirectories will be ignored.
[WARN] 2018-09-23 13:52:15 Launcher - You specified the directory /tmp/icst-2019/september-2018/dataset/gson/gson/target/dspot/dependencies in source classpath, please note that only class files will be considered. Jars and subdirectories will be ignored.
[INFO] Run: java -classpath /tmp/icst-2019/september-2018/dataset/gson/gson/target/classes/:/tmp/icst-2019/september-2018/dataset/gson/gson/target/test-classes/:/home/spirals/danglot/.m2/repository/junit/junit/4.12/junit-4.12.jar:/home/spirals/danglot/.m2/repository/junit/junit/3.8.2/junit-3.8.2.jar:/tmp/icst-2019/september-2018/dataset/gson/gson/target/dspot/dependencies/:/home/spirals/danglot/.m2/repository/eu/stamp-project/test-runner/1.1.0/test-runner-1.1.0-jar-with-dependencies.jar eu.stamp_project.testrunner.runner.test.TestRunner com.google.gson.functional.ArrayTest testNullsInArrayWithSerializeNullPropertySetSerialization:testArrayElementsAreArrays
File saved to the following path: /tmp/icst-2019/september-2018/dataset/gson_parent/gson/target/dspot/TestListener.ser
Loading /tmp/icst-2019/september-2018/dataset/gson_parent/gson/target/dspot/TestListener.ser
[INFO] Test has been run: testArrayElementsAreArrays,testNullsInArrayWithSerializeNullPropertySetSerialization
[INFO] 0 amplified test methods has been selected to be kept. (global: 0)
[INFO] elapsedTime 2869
======= REPORT =======
0 amplified test fails on the new versions.

[WARNING] DSpot could not obtain any amplified test method.
[WARNING] You can customize the following options: --amplifiers, --test-criterion, --iteration, --budgetizer etc, and retry with a new configuration.
[INFO] Amplification of com.google.gson.functional.MapTest (8 test(s))
[INFO] Assertion amplification of com.google.gson.functional.MapTest (8 test(s))
[ERROR] Error(s) during compilation:
[ERROR] Pb(232) Syntax error on token ".", delete this token
[ERROR] Pb(50) $Gson$Types cannot be resolved
[ERROR] Pb(50) $Gson$Types cannot be resolved
[INFO] Run: java -classpath /tmp/icst-2019/september-2018/dataset/gson_parent/gson/target/test-classes:/tmp/icst-2019/september-2018/dataset/gson_parent/gson/target/classes/:/home/spirals/danglot/.m2/repository/junit/junit/4.12/junit-4.12.jar:/home/spirals/danglot/.m2/repository/junit/junit/3.8.2/junit-3.8.2.jar:/tmp/icst-2019/september-2018/dataset/gson_parent/gson/target/dspot/dependencies/:/home/spirals/danglot/.m2/repository/eu/stamp-project/test-runner/1.1.0/test-runner-1.1.0-jar-with-dependencies.jar eu.stamp_project.testrunner.runner.test.TestRunner com.google.gson.functional.MapTest testInterfaceTypeMap:testMapSubclassDeserialization:testMapSerializationWithNullValueButSerializeNulls:testInterfaceTypeMapWithSerializer:testGeneralMapField:testMapSerializationWithNullValuesSerialized:testSerializeMaps
File saved to the following path: /tmp/icst-2019/september-2018/dataset/gson_parent/gson/target/dspot/TestListener.ser
Loading /tmp/icst-2019/september-2018/dataset/gson_parent/gson/target/dspot/TestListener.ser
[INFO] Test has been run: testMapSubclassDeserialization,testSerializeMaps,testMapSerializationWithNullValuesSerialized,testInterfaceTypeMap,testGeneralMapField,testMapSerializationWithNullValueButSerializeNulls,testInterfaceTypeMapWithSerializer
[INFO] Run tests. (7)
[ERROR] Error(s) during compilation:
[ERROR] Pb(232) Syntax error on token ".", delete this token
[ERROR] Pb(50) $Gson$Types cannot be resolved
[ERROR] Pb(50) $Gson$Types cannot be resolved
[INFO] Run: java -classpath /tmp/icst-2019/september-2018/dataset/gson_parent/gson/target/test-classes:/tmp/icst-2019/september-2018/dataset/gson_parent/gson/target/classes/:/home/spirals/danglot/.m2/repository/junit/junit/4.12/junit-4.12.jar:/home/spirals/danglot/.m2/repository/junit/junit/3.8.2/junit-3.8.2.jar:/tmp/icst-2019/september-2018/dataset/gson_parent/gson/target/dspot/dependencies/:/home/spirals/danglot/.m2/repository/eu/stamp-project/test-runner/1.1.0/test-runner-1.1.0-jar-with-dependencies.jar eu.stamp_project.testrunner.runner.test.TestRunner com.google.gson.functional.MapTest testInterfaceTypeMap:testMapSubclassDeserialization:testMapSerializationWithNullValueButSerializeNulls:testInterfaceTypeMapWithSerializer:testGeneralMapField:testMapSerializationWithNullValuesSerialized:testSerializeMaps
File saved to the following path: /tmp/icst-2019/september-2018/dataset/gson_parent/gson/target/dspot/TestListener.ser
Loading /tmp/icst-2019/september-2018/dataset/gson_parent/gson/target/dspot/TestListener.ser
[INFO] Test has been run: testMapSubclassDeserialization,testSerializeMaps,testMapSerializationWithNullValuesSerialized,testInterfaceTypeMap,testGeneralMapField,testMapSerializationWithNullValueButSerializeNulls,testInterfaceTypeMapWithSerializer
[INFO] 7 test pass, generating assertion...
[INFO] Add observations points in passing tests.
[INFO] Instrumentation...
 14% |======= ]/ 28% |============== ]- 42% |===================== ]\ 57% |============================ ]| 71% |=================================== ]/ 85% |========================================== ]-100% |================================================== ]\
[INFO] Run instrumented tests. (21)
[INFO] Run: java -classpath /tmp/icst-2019/september-2018/dataset/gson_parent/gson/target/test-classes:/tmp/icst-2019/september-2018/dataset/gson_parent/gson/target/classes/:/home/spirals/danglot/.m2/repository/junit/junit/4.12/junit-4.12.jar:/home/spirals/danglot/.m2/repository/junit/junit/3.8.2/junit-3.8.2.jar:/tmp/icst-2019/september-2018/dataset/gson_parent/gson/target/dspot/dependencies/:/home/spirals/danglot/.m2/repository/eu/stamp-project/test-runner/1.1.0/test-runner-1.1.0-jar-with-dependencies.jar eu.stamp_project.testrunner.runner.test.TestRunner com.google.gson.functional.MapTest testInterfaceTypeMap_withlog0:testMapSubclassDeserialization_withlog0:testMapSerializationWithNullValueButSerializeNulls_withlog0:testInterfaceTypeMapWithSerializer_withlog0:testGeneralMapField_withlog0:testMapSerializationWithNullValuesSerialized_withlog0:testSerializeMaps_withlog0:testInterfaceTypeMap_withlog1:testMapSubclassDeserialization_withlog1:testMapSerializationWithNullValueButSerializeNulls_withlog1:testInterfaceTypeMapWithSerializer_withlog1:testGeneralMapField_withlog1:testMapSerializationWithNullValuesSerialized_withlog1:testSerializeMaps_withlog1:testInterfaceTypeMap_withlog2:testMapSubclassDeserialization_withlog2:testMapSerializationWithNullValueButSerializeNulls_withlog2:testInterfaceTypeMapWithSerializer_withlog2:testGeneralMapField_withlog2:testMapSerializationWithNullValuesSerialized_withlog2:testSerializeMaps_withlog2
File saved to the following path: /tmp/icst-2019/september-2018/dataset/gson_parent/gson/target/dspot/observations.ser
File saved to the following path: /tmp/icst-2019/september-2018/dataset/gson_parent/gson/target/dspot/TestListener.ser
Loading /tmp/icst-2019/september-2018/dataset/gson_parent/gson/target/dspot/TestListener.ser
[INFO] Test has been run: testMapSubclassDeserialization_withlog0,testMapSubclassDeserialization_withlog1,testMapSubclassDeserialization_withlog2,testInterfaceTypeMapWithSerializer_withlog0,testInterfaceTypeMapWithSerializer_withlog1,testInterfaceTypeMapWithSerializer_withlog2,testInterfaceTypeMap_withlog0,testInterfaceTypeMap_withlog1,testInterfaceTypeMap_withlog2,testMapSerializationWithNullValueButSerializeNulls_withlog0(com.google.gson.functional.MapTest): null,testMapSerializationWithNullValueButSerializeNulls_withlog1(com.google.gson.functional.MapTest): null,testMapSerializationWithNullValueButSerializeNulls_withlog2(com.google.gson.functional.MapTest): null,testGeneralMapField_withlog0(com.google.gson.functional.MapTest): null,testGeneralMapField_withlog1(com.google.gson.functional.MapTest): null,testGeneralMapField_withlog2(com.google.gson.functional.MapTest): null,testMapSerializationWithNullValuesSerialized_withlog0(com.google.gson.functional.MapTest): null,testMapSerializationWithNullValuesSerialized_withlog1(com.google.gson.functional.MapTest): null,testMapSerializationWithNullValuesSerialized_withlog2(com.google.gson.functional.MapTest): null,testSerializeMaps_withlog0(com.google.gson.functional.MapTest): null,testSerializeMaps_withlog1(com.google.gson.functional.MapTest): null,testSerializeMaps_withlog2(com.google.gson.functional.MapTest): null
[WARNING] Some instrumented test failed!
[INFO] ------------------------------------------------------------------------
[INFO] BUILD FAILURE
[INFO] ------------------------------------------------------------------------
[INFO] Total time: 01:09 min
[INFO] Finished at: 2018-09-23T13:52:20+02:00
[INFO] ------------------------------------------------------------------------
[ERROR] Failed to execute goal eu.stamp-project:dspot-maven:1.1.1-SNAPSHOT:amplify-unit-tests (default-cli) on project gson: Execution default-cli of goal eu.stamp-project:dspot-maven:1.1.1-SNAPSHOT:amplify-unit-tests failed: java.lang.RuntimeException: java.lang.RuntimeException: java.lang.ClassNotFoundException: com.google.gson.functional.MapTest$MyMap -> [Help 1]
[ERROR] 
[ERROR] To see the full stack trace of the errors, re-run Maven with the -e switch.
[ERROR] Re-run Maven using the -X switch to enable full debug logging.
[ERROR] 
[ERROR] For more information about the errors and possible solutions, please read the following articles:
[ERROR] [Help 1] http://cwiki.apache.org/confluence/display/MAVEN/PluginExecutionException
