[INFO] Scanning for projects...
[INFO] 
[INFO] ---------------------< com.google.code.gson:gson >----------------------
[INFO] Building Gson 2.6.3-SNAPSHOT
[INFO] --------------------------------[ jar ]---------------------------------
[INFO] 
[INFO] --- dspot-maven:1.1.1-SNAPSHOT:amplify-unit-tests (default-cli) @ gson ---
Downloading from stamp-maven-repository-mvn-repo: https://stamp-project.github.io/stamp-maven-repository/eu/stamp-project/dspot/1.1.1-SNAPSHOT/maven-metadata.xml
Downloading from stamp-maven-repository-mvn-repo: https://stamp-project.github.io/stamp-maven-repository/fr/inria/gforge/spoon/spoon-core/7.1.0-SNAPSHOT/maven-metadata.xml
Downloading from stamp-maven-repository-mvn-repo: https://stamp-project.github.io/stamp-maven-repository/org/eclipse/platform/org.eclipse.core.resources/maven-metadata.xml
Downloading from stamp-maven-repository-mvn-repo: https://stamp-project.github.io/stamp-maven-repository/org/eclipse/platform/org.eclipse.core.expressions/maven-metadata.xml
Downloading from stamp-maven-repository-mvn-repo: https://stamp-project.github.io/stamp-maven-repository/org/eclipse/platform/org.eclipse.core.runtime/maven-metadata.xml
Downloading from stamp-maven-repository-mvn-repo: https://stamp-project.github.io/stamp-maven-repository/org/eclipse/platform/org.eclipse.osgi/maven-metadata.xml
Downloading from stamp-maven-repository-mvn-repo: https://stamp-project.github.io/stamp-maven-repository/org/eclipse/platform/org.eclipse.equinox.common/maven-metadata.xml
Downloading from stamp-maven-repository-mvn-repo: https://stamp-project.github.io/stamp-maven-repository/org/eclipse/platform/org.eclipse.core.jobs/maven-metadata.xml
Downloading from stamp-maven-repository-mvn-repo: https://stamp-project.github.io/stamp-maven-repository/org/eclipse/platform/org.eclipse.equinox.registry/maven-metadata.xml
Downloading from stamp-maven-repository-mvn-repo: https://stamp-project.github.io/stamp-maven-repository/org/eclipse/platform/org.eclipse.equinox.preferences/maven-metadata.xml
Downloading from stamp-maven-repository-mvn-repo: https://stamp-project.github.io/stamp-maven-repository/org/eclipse/platform/org.eclipse.core.contenttype/maven-metadata.xml
Downloading from stamp-maven-repository-mvn-repo: https://stamp-project.github.io/stamp-maven-repository/org/eclipse/platform/org.eclipse.equinox.app/maven-metadata.xml
Downloading from stamp-maven-repository-mvn-repo: https://stamp-project.github.io/stamp-maven-repository/org/eclipse/platform/org.eclipse.core.filesystem/maven-metadata.xml
Downloading from stamp-maven-repository-mvn-repo: https://stamp-project.github.io/stamp-maven-repository/org/eclipse/platform/org.eclipse.text/maven-metadata.xml
Downloading from stamp-maven-repository-mvn-repo: https://stamp-project.github.io/stamp-maven-repository/org/eclipse/platform/org.eclipse.core.commands/maven-metadata.xml
[INFO] Path to runner Classes: /home/spirals/danglot/.m2/repository/eu/stamp-project/test-runner/1.1.0/test-runner-1.1.0-jar-with-dependencies.jar
[INFO] /home/spirals/danglot/.m2/repository/org/jacoco/org.jacoco.core/0.7.9/org.jacoco.core-0.7.9.jar
[INFO] /home/spirals/danglot/.m2/repository/org/ow2/asm/asm-debug-all/5.2/asm-debug-all-5.2.jar
[INFO] /home/spirals/danglot/.m2/repository/eu/stamp-project/test-runner/1.1.0/test-runner-1.1.0-jar-with-dependencies.jar
[WARNING] automaticBuilderName: unknown automatic builder specified in configuration, going to default.
[INFO] Default: provided Maven automatic builder.
[INFO] run maven clean test -DskipTests dependency:build-classpath -Dmdep.outputFile=target/dspot/classpath
[WARN] Maven will be executed in interactive mode, but no input stream has been configured for this MavenInvoker instance.
[INFO] Scanning for projects...
[INFO] 
[INFO] ---------------------< com.google.code.gson:gson >----------------------
[INFO] Building Gson 2.6.3-SNAPSHOT
[INFO] --------------------------------[ jar ]---------------------------------
[INFO] 
[INFO] --- maven-clean-plugin:2.5:clean (default-clean) @ gson ---
[INFO] Deleting /tmp/icst-2019/september-2018/dataset/gson_parent/gson/target
[INFO] 
[INFO] --- maven-enforcer-plugin:1.0:enforce (enforce-maven) @ gson ---
[INFO] Skipping Rule Enforcement.
[INFO] 
[INFO] --- maven-resources-plugin:2.6:resources (default-resources) @ gson ---
[INFO] Using 'UTF-8' encoding to copy filtered resources.
[INFO] skip non existing resourceDirectory /tmp/icst-2019/september-2018/dataset/gson_parent/gson/src/main/resources
[INFO] 
[INFO] --- maven-compiler-plugin:3.0:compile (default-compile) @ gson ---
[INFO] Changes detected - recompiling the module!
[INFO] Compiling 67 source files to /tmp/icst-2019/september-2018/dataset/gson_parent/gson/target/classes
[INFO] 
[INFO] --- bnd-maven-plugin:3.1.0:bnd-process (default) @ gson ---
[WARNING] Export com.google.gson,  has 1,  private references [com.google.gson.internal], 
[INFO] 
[INFO] --- maven-resources-plugin:2.6:testResources (default-testResources) @ gson ---
[INFO] Using 'UTF-8' encoding to copy filtered resources.
[INFO] skip non existing resourceDirectory /tmp/icst-2019/september-2018/dataset/gson_parent/gson/src/test/resources
[INFO] 
[INFO] --- maven-compiler-plugin:3.0:testCompile (default-testCompile) @ gson ---
[INFO] Changes detected - recompiling the module!
[INFO] Compiling 94 source files to /tmp/icst-2019/september-2018/dataset/gson_parent/gson/target/test-classes
[INFO] 
[INFO] --- maven-surefire-plugin:2.12.4:test (default-test) @ gson ---
[INFO] Tests are skipped.
[INFO] 
[INFO] --- maven-dependency-plugin:2.8:build-classpath (default-cli) @ gson ---
[INFO] Wrote classpath file '/tmp/icst-2019/september-2018/dataset/gson_parent/gson/target/dspot/classpath'.
[INFO] ------------------------------------------------------------------------
[INFO] BUILD SUCCESS
[INFO] ------------------------------------------------------------------------
[INFO] Total time: 6.698 s
[INFO] Finished at: 2018-09-23T13:37:47+02:00
[INFO] ------------------------------------------------------------------------
[ERROR] 2018-09-23 13:37:50 JDTCommentBuilder - // Note that the above example is taken from AdaptAnnotationTest. is not added into the AST
spoon.reflect.declaration.ParentNotInitializedException: parent not initialized for class spoon.support.reflect.code.CtCommentImpl (/tmp/icst-2019/september-2018/dataset/gson_parent/gson/src/main/java/com/google/gson/annotations/JsonAdapter.java:89)
	at spoon.support.reflect.declaration.CtElementImpl.getParent(CtElementImpl.java:384)
	at spoon.support.compiler.jdt.JDTCommentBuilder.insertCommentInAST(JDTCommentBuilder.java:484)
	at spoon.support.compiler.jdt.JDTCommentBuilder.buildComment(JDTCommentBuilder.java:156)
	at spoon.support.compiler.jdt.JDTCommentBuilder.build(JDTCommentBuilder.java:112)
	at spoon.support.compiler.jdt.JDTBasedSpoonCompiler.buildModel(JDTBasedSpoonCompiler.java:477)
	at spoon.support.compiler.jdt.JDTBasedSpoonCompiler.buildUnitsAndModel(JDTBasedSpoonCompiler.java:390)
	at spoon.support.compiler.jdt.JDTBasedSpoonCompiler.buildSources(JDTBasedSpoonCompiler.java:339)
	at spoon.support.compiler.jdt.JDTBasedSpoonCompiler.build(JDTBasedSpoonCompiler.java:122)
	at spoon.support.compiler.jdt.JDTBasedSpoonCompiler.build(JDTBasedSpoonCompiler.java:105)
	at spoon.Launcher.buildModel(Launcher.java:768)
	at eu.stamp_project.utils.compilation.DSpotCompiler.getSpoonModelOf(DSpotCompiler.java:102)
	at eu.stamp_project.utils.compilation.DSpotCompiler.createDSpotCompiler(DSpotCompiler.java:35)
	at eu.stamp_project.dspot.DSpot.<init>(DSpot.java:89)
	at eu.stamp_project.Main.run(Main.java:49)
	at eu.stamp_project.DSpotMojo.execute(DSpotMojo.java:263)
	at org.apache.maven.plugin.DefaultBuildPluginManager.executeMojo(DefaultBuildPluginManager.java:137)
	at org.apache.maven.lifecycle.internal.MojoExecutor.execute(MojoExecutor.java:208)
	at org.apache.maven.lifecycle.internal.MojoExecutor.execute(MojoExecutor.java:154)
	at org.apache.maven.lifecycle.internal.MojoExecutor.execute(MojoExecutor.java:146)
	at org.apache.maven.lifecycle.internal.LifecycleModuleBuilder.buildProject(LifecycleModuleBuilder.java:117)
	at org.apache.maven.lifecycle.internal.LifecycleModuleBuilder.buildProject(LifecycleModuleBuilder.java:81)
	at org.apache.maven.lifecycle.internal.builder.singlethreaded.SingleThreadedBuilder.build(SingleThreadedBuilder.java:56)
	at org.apache.maven.lifecycle.internal.LifecycleStarter.execute(LifecycleStarter.java:128)
	at org.apache.maven.DefaultMaven.doExecute(DefaultMaven.java:305)
	at org.apache.maven.DefaultMaven.doExecute(DefaultMaven.java:192)
	at org.apache.maven.DefaultMaven.execute(DefaultMaven.java:105)
	at org.apache.maven.cli.MavenCli.execute(MavenCli.java:954)
	at org.apache.maven.cli.MavenCli.doMain(MavenCli.java:288)
	at org.apache.maven.cli.MavenCli.main(MavenCli.java:192)
	at sun.reflect.NativeMethodAccessorImpl.invoke0(Native Method)
	at sun.reflect.NativeMethodAccessorImpl.invoke(NativeMethodAccessorImpl.java:62)
	at sun.reflect.DelegatingMethodAccessorImpl.invoke(DelegatingMethodAccessorImpl.java:43)
	at java.lang.reflect.Method.invoke(Method.java:498)
	at org.codehaus.plexus.classworlds.launcher.Launcher.launchEnhanced(Launcher.java:289)
	at org.codehaus.plexus.classworlds.launcher.Launcher.launch(Launcher.java:229)
	at org.codehaus.plexus.classworlds.launcher.Launcher.mainWithExitCode(Launcher.java:415)
	at org.codehaus.plexus.classworlds.launcher.Launcher.main(Launcher.java:356)
[ERROR] 2018-09-23 13:37:51 JDTCommentBuilder - // Field tag only annotation is not added into the AST
spoon.reflect.declaration.ParentNotInitializedException: parent not initialized for class spoon.support.reflect.code.CtCommentImpl (/tmp/icst-2019/september-2018/dataset/gson_parent/gson/src/test/java/com/google/gson/functional/ExclusionStrategyFunctionalTest.java:167)
	at spoon.support.reflect.declaration.CtElementImpl.getParent(CtElementImpl.java:384)
	at spoon.support.compiler.jdt.JDTCommentBuilder.insertCommentInAST(JDTCommentBuilder.java:484)
	at spoon.support.compiler.jdt.JDTCommentBuilder.buildComment(JDTCommentBuilder.java:156)
	at spoon.support.compiler.jdt.JDTCommentBuilder.build(JDTCommentBuilder.java:112)
	at spoon.support.compiler.jdt.JDTBasedSpoonCompiler.buildModel(JDTBasedSpoonCompiler.java:477)
	at spoon.support.compiler.jdt.JDTBasedSpoonCompiler.buildUnitsAndModel(JDTBasedSpoonCompiler.java:390)
	at spoon.support.compiler.jdt.JDTBasedSpoonCompiler.buildSources(JDTBasedSpoonCompiler.java:339)
	at spoon.support.compiler.jdt.JDTBasedSpoonCompiler.build(JDTBasedSpoonCompiler.java:122)
	at spoon.support.compiler.jdt.JDTBasedSpoonCompiler.build(JDTBasedSpoonCompiler.java:105)
	at spoon.Launcher.buildModel(Launcher.java:768)
	at eu.stamp_project.utils.compilation.DSpotCompiler.getSpoonModelOf(DSpotCompiler.java:102)
	at eu.stamp_project.utils.compilation.DSpotCompiler.createDSpotCompiler(DSpotCompiler.java:35)
	at eu.stamp_project.dspot.DSpot.<init>(DSpot.java:89)
	at eu.stamp_project.Main.run(Main.java:49)
	at eu.stamp_project.DSpotMojo.execute(DSpotMojo.java:263)
	at org.apache.maven.plugin.DefaultBuildPluginManager.executeMojo(DefaultBuildPluginManager.java:137)
	at org.apache.maven.lifecycle.internal.MojoExecutor.execute(MojoExecutor.java:208)
	at org.apache.maven.lifecycle.internal.MojoExecutor.execute(MojoExecutor.java:154)
	at org.apache.maven.lifecycle.internal.MojoExecutor.execute(MojoExecutor.java:146)
	at org.apache.maven.lifecycle.internal.LifecycleModuleBuilder.buildProject(LifecycleModuleBuilder.java:117)
	at org.apache.maven.lifecycle.internal.LifecycleModuleBuilder.buildProject(LifecycleModuleBuilder.java:81)
	at org.apache.maven.lifecycle.internal.builder.singlethreaded.SingleThreadedBuilder.build(SingleThreadedBuilder.java:56)
	at org.apache.maven.lifecycle.internal.LifecycleStarter.execute(LifecycleStarter.java:128)
	at org.apache.maven.DefaultMaven.doExecute(DefaultMaven.java:305)
	at org.apache.maven.DefaultMaven.doExecute(DefaultMaven.java:192)
	at org.apache.maven.DefaultMaven.execute(DefaultMaven.java:105)
	at org.apache.maven.cli.MavenCli.execute(MavenCli.java:954)
	at org.apache.maven.cli.MavenCli.doMain(MavenCli.java:288)
	at org.apache.maven.cli.MavenCli.main(MavenCli.java:192)
	at sun.reflect.NativeMethodAccessorImpl.invoke0(Native Method)
	at sun.reflect.NativeMethodAccessorImpl.invoke(NativeMethodAccessorImpl.java:62)
	at sun.reflect.DelegatingMethodAccessorImpl.invoke(DelegatingMethodAccessorImpl.java:43)
	at java.lang.reflect.Method.invoke(Method.java:498)
	at org.codehaus.plexus.classworlds.launcher.Launcher.launchEnhanced(Launcher.java:289)
	at org.codehaus.plexus.classworlds.launcher.Launcher.launch(Launcher.java:229)
	at org.codehaus.plexus.classworlds.launcher.Launcher.mainWithExitCode(Launcher.java:415)
	at org.codehaus.plexus.classworlds.launcher.Launcher.main(Launcher.java:356)
[INFO] run maven clean test -DskipTests dependency:build-classpath -Dmdep.outputFile=target/dspot/classpath
[WARN] Maven will be executed in interactive mode, but no input stream has been configured for this MavenInvoker instance.
[INFO] Scanning for projects...
[INFO] 
[INFO] ---------------------< com.google.code.gson:gson >----------------------
[INFO] Building Gson 2.6.3-SNAPSHOT
[INFO] --------------------------------[ jar ]---------------------------------
[INFO] 
[INFO] --- maven-clean-plugin:2.5:clean (default-clean) @ gson ---
[INFO] Deleting /tmp/icst-2019/september-2018/dataset/gson/gson/target
[INFO] 
[INFO] --- maven-enforcer-plugin:1.0:enforce (enforce-maven) @ gson ---
[INFO] Skipping Rule Enforcement.
[INFO] 
[INFO] --- maven-resources-plugin:2.6:resources (default-resources) @ gson ---
[INFO] Using 'UTF-8' encoding to copy filtered resources.
[INFO] skip non existing resourceDirectory /tmp/icst-2019/september-2018/dataset/gson/gson/src/main/resources
[INFO] 
[INFO] --- maven-compiler-plugin:3.0:compile (default-compile) @ gson ---
[INFO] Changes detected - recompiling the module!
[INFO] Compiling 67 source files to /tmp/icst-2019/september-2018/dataset/gson/gson/target/classes
[INFO] 
[INFO] --- bnd-maven-plugin:3.1.0:bnd-process (default) @ gson ---
[WARNING] Export com.google.gson,  has 1,  private references [com.google.gson.internal], 
[INFO] 
[INFO] --- maven-resources-plugin:2.6:testResources (default-testResources) @ gson ---
[INFO] Using 'UTF-8' encoding to copy filtered resources.
[INFO] skip non existing resourceDirectory /tmp/icst-2019/september-2018/dataset/gson/gson/src/test/resources
[INFO] 
[INFO] --- maven-compiler-plugin:3.0:testCompile (default-testCompile) @ gson ---
[INFO] Changes detected - recompiling the module!
[INFO] Compiling 94 source files to /tmp/icst-2019/september-2018/dataset/gson/gson/target/test-classes
[INFO] 
[INFO] --- maven-surefire-plugin:2.12.4:test (default-test) @ gson ---
[INFO] Tests are skipped.
[INFO] 
[INFO] --- maven-dependency-plugin:2.8:build-classpath (default-cli) @ gson ---
[INFO] Wrote classpath file '/tmp/icst-2019/september-2018/dataset/gson/gson/target/dspot/classpath'.
[INFO] ------------------------------------------------------------------------
[INFO] BUILD SUCCESS
[INFO] ------------------------------------------------------------------------
[INFO] Total time: 6.279 s
[INFO] Finished at: 2018-09-23T13:37:59+02:00
[INFO] ------------------------------------------------------------------------
[INFO] Amplification of com.google.gson.functional.ObjectTest (36 test(s))
[INFO] Assertion amplification of com.google.gson.functional.ObjectTest (36 test(s))
[INFO] Run: java -classpath /tmp/icst-2019/september-2018/dataset/gson_parent/gson/target/test-classes:/tmp/icst-2019/september-2018/dataset/gson_parent/gson/target/classes/:/home/spirals/danglot/.m2/repository/junit/junit/4.12/junit-4.12.jar:/home/spirals/danglot/.m2/repository/junit/junit/3.8.2/junit-3.8.2.jar:/tmp/icst-2019/september-2018/dataset/gson_parent/gson/target/dspot/dependencies/:/home/spirals/danglot/.m2/repository/eu/stamp-project/test-runner/1.1.0/test-runner-1.1.0-jar-with-dependencies.jar eu.stamp_project.testrunner.runner.test.TestRunner com.google.gson.functional.ObjectTest testInnerClassSerialization:testSingletonLists:testNullArraysDeserialization:testArrayOfArraysDeserialization:testNullPrimitiveFieldsDeserialization:testStringFieldWithEmptyValueSerialization:testObjectFieldNamesWithoutQuotesDeserialization:testClassWithObjectFieldSerialization:testArrayOfArraysSerialization:testClassWithTransientFieldsSerialization:testStringFieldWithNumberValueDeserialization:testBagOfPrimitiveWrappersDeserialization:testEmptyCollectionInAnObjectSerialization:testPrimitiveArrayFieldSerialization:testArrayOfObjectsAsFields:testBagOfPrimitiveWrappersSerialization:testClassWithTransientFieldsDeserialization:testPrivateNoArgConstructorDeserialization:testNullObjectFieldsDeserialization:testBagOfPrimitivesSerialization:testNestedDeserialization:testNullFieldsSerialization:testJsonInMixedQuotesDeserialization:testArrayOfObjectsDeserialization:testClassWithTransientFieldsDeserializationTransientFieldsPassedInJsonAreIgnored:testInnerClassDeserialization:testNullFieldsDeserialization:testPrimitiveArrayInAnObjectDeserialization:testStringFieldWithEmptyValueDeserialization:testDateAsMapObjectField:testEmptyCollectionInAnObjectDeserialization:testBagOfPrimitivesDeserialization:testArrayOfObjectsSerialization:testJsonInSingleQuotesDeserialization:testNestedSerialization:testNullSerialization
File saved to the following path: /tmp/icst-2019/september-2018/dataset/gson_parent/gson/target/dspot/TestListener.ser
Loading /tmp/icst-2019/september-2018/dataset/gson_parent/gson/target/dspot/TestListener.ser
[INFO] Test has been run: testClassWithTransientFieldsSerialization,testSingletonLists,testPrimitiveArrayInAnObjectDeserialization,testStringFieldWithEmptyValueDeserialization,testArrayOfArraysSerialization,testClassWithTransientFieldsDeserializationTransientFieldsPassedInJsonAreIgnored,testArrayOfObjectsDeserialization,testClassWithObjectFieldSerialization,testNullPrimitiveFieldsDeserialization,testPrivateNoArgConstructorDeserialization,testStringFieldWithEmptyValueSerialization,testBagOfPrimitiveWrappersDeserialization,testInnerClassSerialization,testBagOfPrimitivesDeserialization,testNullSerialization,testArrayOfObjectsAsFields,testNullArraysDeserialization,testClassWithTransientFieldsDeserialization,testArrayOfObjectsSerialization,testJsonInMixedQuotesDeserialization,testPrimitiveArrayFieldSerialization,testNestedSerialization,testObjectFieldNamesWithoutQuotesDeserialization,testEmptyCollectionInAnObjectSerialization,testStringFieldWithNumberValueDeserialization,testJsonInSingleQuotesDeserialization,testNullFieldsSerialization,testArrayOfArraysDeserialization,testBagOfPrimitiveWrappersSerialization,testDateAsMapObjectField,testNullFieldsDeserialization,testBagOfPrimitivesSerialization,testEmptyCollectionInAnObjectDeserialization,testNullObjectFieldsDeserialization,testNestedDeserialization,testInnerClassDeserialization
[INFO] Run tests. (36)
[INFO] Run: java -classpath /tmp/icst-2019/september-2018/dataset/gson_parent/gson/target/test-classes:/tmp/icst-2019/september-2018/dataset/gson_parent/gson/target/classes/:/home/spirals/danglot/.m2/repository/junit/junit/4.12/junit-4.12.jar:/home/spirals/danglot/.m2/repository/junit/junit/3.8.2/junit-3.8.2.jar:/tmp/icst-2019/september-2018/dataset/gson_parent/gson/target/dspot/dependencies/:/home/spirals/danglot/.m2/repository/eu/stamp-project/test-runner/1.1.0/test-runner-1.1.0-jar-with-dependencies.jar eu.stamp_project.testrunner.runner.test.TestRunner com.google.gson.functional.ObjectTest testInnerClassSerialization:testSingletonLists:testNullArraysDeserialization:testArrayOfArraysDeserialization:testNullPrimitiveFieldsDeserialization:testStringFieldWithEmptyValueSerialization:testObjectFieldNamesWithoutQuotesDeserialization:testClassWithObjectFieldSerialization:testArrayOfArraysSerialization:testClassWithTransientFieldsSerialization:testStringFieldWithNumberValueDeserialization:testBagOfPrimitiveWrappersDeserialization:testEmptyCollectionInAnObjectSerialization:testPrimitiveArrayFieldSerialization:testArrayOfObjectsAsFields:testBagOfPrimitiveWrappersSerialization:testClassWithTransientFieldsDeserialization:testPrivateNoArgConstructorDeserialization:testNullObjectFieldsDeserialization:testBagOfPrimitivesSerialization:testNestedDeserialization:testNullFieldsSerialization:testJsonInMixedQuotesDeserialization:testArrayOfObjectsDeserialization:testClassWithTransientFieldsDeserializationTransientFieldsPassedInJsonAreIgnored:testInnerClassDeserialization:testNullFieldsDeserialization:testPrimitiveArrayInAnObjectDeserialization:testStringFieldWithEmptyValueDeserialization:testDateAsMapObjectField:testEmptyCollectionInAnObjectDeserialization:testBagOfPrimitivesDeserialization:testArrayOfObjectsSerialization:testJsonInSingleQuotesDeserialization:testNestedSerialization:testNullSerialization
File saved to the following path: /tmp/icst-2019/september-2018/dataset/gson_parent/gson/target/dspot/TestListener.ser
Loading /tmp/icst-2019/september-2018/dataset/gson_parent/gson/target/dspot/TestListener.ser
[INFO] Test has been run: testClassWithTransientFieldsSerialization,testSingletonLists,testPrimitiveArrayInAnObjectDeserialization,testStringFieldWithEmptyValueDeserialization,testArrayOfArraysSerialization,testClassWithTransientFieldsDeserializationTransientFieldsPassedInJsonAreIgnored,testArrayOfObjectsDeserialization,testClassWithObjectFieldSerialization,testNullPrimitiveFieldsDeserialization,testPrivateNoArgConstructorDeserialization,testStringFieldWithEmptyValueSerialization,testBagOfPrimitiveWrappersDeserialization,testInnerClassSerialization,testBagOfPrimitivesDeserialization,testNullSerialization,testArrayOfObjectsAsFields,testNullArraysDeserialization,testClassWithTransientFieldsDeserialization,testArrayOfObjectsSerialization,testJsonInMixedQuotesDeserialization,testPrimitiveArrayFieldSerialization,testNestedSerialization,testObjectFieldNamesWithoutQuotesDeserialization,testEmptyCollectionInAnObjectSerialization,testStringFieldWithNumberValueDeserialization,testJsonInSingleQuotesDeserialization,testNullFieldsSerialization,testArrayOfArraysDeserialization,testBagOfPrimitiveWrappersSerialization,testDateAsMapObjectField,testNullFieldsDeserialization,testBagOfPrimitivesSerialization,testEmptyCollectionInAnObjectDeserialization,testNullObjectFieldsDeserialization,testNestedDeserialization,testInnerClassDeserialization
[INFO] 36 test pass, generating assertion...
[INFO] Add observations points in passing tests.
[INFO] Instrumentation...
  2% |= ]/  5% |== ]-  8% |==== ]\ 11% |===== ]| 13% |====== ]/ 16% |======== ]- 19% |========= ]\ 22% |=========== ]| 25% |============ ]/ 27% |============= ]- 30% |=============== ]\ 33% |================ ]| 36% |================== ]/ 38% |=================== ]- 41% |==================== ]\ 44% |====================== ]| 47% |======================= ]/ 50% |========================= ]- 52% |========================== ]\ 55% |=========================== ]| 58% |============================= ]/ 61% |============================== ]- 63% |=============================== ]\ 66% |================================= ]| 69% |================================== ]/ 72% |==================================== ]- 75% |===================================== ]\ 77% |====================================== ]| 80% |======================================== ]/ 83% |========================================= ]- 86% |=========================================== ]\ 88% |============================================ ]| 91% |============================================= ]/ 94% |=============================================== ]- 97% |================================================ ]\100% |================================================== ]|
[INFO] Run instrumented tests. (108)
[INFO] Run: java -classpath /tmp/icst-2019/september-2018/dataset/gson_parent/gson/target/test-classes:/tmp/icst-2019/september-2018/dataset/gson_parent/gson/target/classes/:/home/spirals/danglot/.m2/repository/junit/junit/4.12/junit-4.12.jar:/home/spirals/danglot/.m2/repository/junit/junit/3.8.2/junit-3.8.2.jar:/tmp/icst-2019/september-2018/dataset/gson_parent/gson/target/dspot/dependencies/:/home/spirals/danglot/.m2/repository/eu/stamp-project/test-runner/1.1.0/test-runner-1.1.0-jar-with-dependencies.jar eu.stamp_project.testrunner.runner.test.TestRunner com.google.gson.functional.ObjectTest testInnerClassSerialization_withlog0:testSingletonLists_withlog0:testNullArraysDeserialization_withlog0:testArrayOfArraysDeserialization_withlog0:testNullPrimitiveFieldsDeserialization_withlog0:testStringFieldWithEmptyValueSerialization_withlog0:testObjectFieldNamesWithoutQuotesDeserialization_withlog0:testClassWithObjectFieldSerialization_withlog0:testArrayOfArraysSerialization_withlog0:testClassWithTransientFieldsSerialization_withlog0:testStringFieldWithNumberValueDeserialization_withlog0:testBagOfPrimitiveWrappersDeserialization_withlog0:testEmptyCollectionInAnObjectSerialization_withlog0:testPrimitiveArrayFieldSerialization_withlog0:testArrayOfObjectsAsFields_withlog0:testBagOfPrimitiveWrappersSerialization_withlog0:testClassWithTransientFieldsDeserialization_withlog0:testPrivateNoArgConstructorDeserialization_withlog0:testNullObjectFieldsDeserialization_withlog0:testBagOfPrimitivesSerialization_withlog0:testNestedDeserialization_withlog0:testNullFieldsSerialization_withlog0:testJsonInMixedQuotesDeserialization_withlog0:testArrayOfObjectsDeserialization_withlog0:testClassWithTransientFieldsDeserializationTransientFieldsPassedInJsonAreIgnored_withlog0:testInnerClassDeserialization_withlog0:testNullFieldsDeserialization_withlog0:testPrimitiveArrayInAnObjectDeserialization_withlog0:testStringFieldWithEmptyValueDeserialization_withlog0:testDateAsMapObjectField_withlog0:testEmptyCollectionInAnObjectDeserialization_withlog0:testBagOfPrimitivesDeserialization_withlog0:testArrayOfObjectsSerialization_withlog0:testJsonInSingleQuotesDeserialization_withlog0:testNestedSerialization_withlog0:testNullSerialization_withlog0:testInnerClassSerialization_withlog1:testSingletonLists_withlog1:testNullArraysDeserialization_withlog1:testArrayOfArraysDeserialization_withlog1:testNullPrimitiveFieldsDeserialization_withlog1:testStringFieldWithEmptyValueSerialization_withlog1:testObjectFieldNamesWithoutQuotesDeserialization_withlog1:testClassWithObjectFieldSerialization_withlog1:testArrayOfArraysSerialization_withlog1:testClassWithTransientFieldsSerialization_withlog1:testStringFieldWithNumberValueDeserialization_withlog1:testBagOfPrimitiveWrappersDeserialization_withlog1:testEmptyCollectionInAnObjectSerialization_withlog1:testPrimitiveArrayFieldSerialization_withlog1:testArrayOfObjectsAsFields_withlog1:testBagOfPrimitiveWrappersSerialization_withlog1:testClassWithTransientFieldsDeserialization_withlog1:testPrivateNoArgConstructorDeserialization_withlog1:testNullObjectFieldsDeserialization_withlog1:testBagOfPrimitivesSerialization_withlog1:testNestedDeserialization_withlog1:testNullFieldsSerialization_withlog1:testJsonInMixedQuotesDeserialization_withlog1:testArrayOfObjectsDeserialization_withlog1:testClassWithTransientFieldsDeserializationTransientFieldsPassedInJsonAreIgnored_withlog1:testInnerClassDeserialization_withlog1:testNullFieldsDeserialization_withlog1:testPrimitiveArrayInAnObjectDeserialization_withlog1:testStringFieldWithEmptyValueDeserialization_withlog1:testDateAsMapObjectField_withlog1:testEmptyCollectionInAnObjectDeserialization_withlog1:testBagOfPrimitivesDeserialization_withlog1:testArrayOfObjectsSerialization_withlog1:testJsonInSingleQuotesDeserialization_withlog1:testNestedSerialization_withlog1:testNullSerialization_withlog1:testInnerClassSerialization_withlog2:testSingletonLists_withlog2:testNullArraysDeserialization_withlog2:testArrayOfArraysDeserialization_withlog2:testNullPrimitiveFieldsDeserialization_withlog2:testStringFieldWithEmptyValueSerialization_withlog2:testObjectFieldNamesWithoutQuotesDeserialization_withlog2:testClassWithObjectFieldSerialization_withlog2:testArrayOfArraysSerialization_withlog2:testClassWithTransientFieldsSerialization_withlog2:testStringFieldWithNumberValueDeserialization_withlog2:testBagOfPrimitiveWrappersDeserialization_withlog2:testEmptyCollectionInAnObjectSerialization_withlog2:testPrimitiveArrayFieldSerialization_withlog2:testArrayOfObjectsAsFields_withlog2:testBagOfPrimitiveWrappersSerialization_withlog2:testClassWithTransientFieldsDeserialization_withlog2:testPrivateNoArgConstructorDeserialization_withlog2:testNullObjectFieldsDeserialization_withlog2:testBagOfPrimitivesSerialization_withlog2:testNestedDeserialization_withlog2:testNullFieldsSerialization_withlog2:testJsonInMixedQuotesDeserialization_withlog2:testArrayOfObjectsDeserialization_withlog2:testClassWithTransientFieldsDeserializationTransientFieldsPassedInJsonAreIgnored_withlog2:testInnerClassDeserialization_withlog2:testNullFieldsDeserialization_withlog2:testPrimitiveArrayInAnObjectDeserialization_withlog2:testStringFieldWithEmptyValueDeserialization_withlog2:testDateAsMapObjectField_withlog2:testEmptyCollectionInAnObjectDeserialization_withlog2:testBagOfPrimitivesDeserialization_withlog2:testArrayOfObjectsSerialization_withlog2:testJsonInSingleQuotesDeserialization_withlog2:testNestedSerialization_withlog2:testNullSerialization_withlog2
File saved to the following path: /tmp/icst-2019/september-2018/dataset/gson_parent/gson/target/dspot/observations.ser
File saved to the following path: /tmp/icst-2019/september-2018/dataset/gson_parent/gson/target/dspot/TestListener.ser
Loading /tmp/icst-2019/september-2018/dataset/gson_parent/gson/target/dspot/TestListener.ser
[INFO] Test has been run: testClassWithObjectFieldSerialization_withlog0,testClassWithObjectFieldSerialization_withlog1,testClassWithObjectFieldSerialization_withlog2,testArrayOfObjectsAsFields_withlog0,testArrayOfObjectsAsFields_withlog1,testArrayOfObjectsAsFields_withlog2,testArrayOfObjectsDeserialization_withlog0,testArrayOfObjectsDeserialization_withlog1,testArrayOfObjectsDeserialization_withlog2,testArrayOfArraysSerialization_withlog0,testArrayOfArraysSerialization_withlog1,testArrayOfArraysSerialization_withlog2,testBagOfPrimitiveWrappersDeserialization_withlog0,testBagOfPrimitiveWrappersDeserialization_withlog1,testBagOfPrimitiveWrappersDeserialization_withlog2,testNullFieldsDeserialization_withlog0,testNullFieldsDeserialization_withlog1,testNullFieldsDeserialization_withlog2,testStringFieldWithNumberValueDeserialization_withlog0,testStringFieldWithNumberValueDeserialization_withlog1,testStringFieldWithNumberValueDeserialization_withlog2,testInnerClassDeserialization_withlog0,testInnerClassDeserialization_withlog1,testInnerClassDeserialization_withlog2,testSingletonLists_withlog0,testSingletonLists_withlog1,testSingletonLists_withlog2,testObjectFieldNamesWithoutQuotesDeserialization_withlog0,testObjectFieldNamesWithoutQuotesDeserialization_withlog1,testObjectFieldNamesWithoutQuotesDeserialization_withlog2,testStringFieldWithEmptyValueSerialization_withlog0,testStringFieldWithEmptyValueSerialization_withlog1,testStringFieldWithEmptyValueSerialization_withlog2,testEmptyCollectionInAnObjectDeserialization_withlog0,testEmptyCollectionInAnObjectDeserialization_withlog1,testEmptyCollectionInAnObjectDeserialization_withlog2,testArrayOfObjectsSerialization_withlog0,testArrayOfObjectsSerialization_withlog1,testArrayOfObjectsSerialization_withlog2,testEmptyCollectionInAnObjectSerialization_withlog0,testEmptyCollectionInAnObjectSerialization_withlog1,testEmptyCollectionInAnObjectSerialization_withlog2,testInnerClassSerialization_withlog0,testInnerClassSerialization_withlog1,testInnerClassSerialization_withlog2,testBagOfPrimitiveWrappersSerialization_withlog0,testBagOfPrimitiveWrappersSerialization_withlog1,testBagOfPrimitiveWrappersSerialization_withlog2,testArrayOfArraysDeserialization_withlog0,testArrayOfArraysDeserialization_withlog1,testArrayOfArraysDeserialization_withlog2,testClassWithTransientFieldsDeserialization_withlog0,testClassWithTransientFieldsDeserialization_withlog1,testClassWithTransientFieldsDeserialization_withlog2,testNullArraysDeserialization_withlog0,testNullArraysDeserialization_withlog1,testNullArraysDeserialization_withlog2,testBagOfPrimitivesSerialization_withlog0,testBagOfPrimitivesSerialization_withlog1,testBagOfPrimitivesSerialization_withlog2,testPrimitiveArrayInAnObjectDeserialization_withlog0,testPrimitiveArrayInAnObjectDeserialization_withlog1,testPrimitiveArrayInAnObjectDeserialization_withlog2,testStringFieldWithEmptyValueDeserialization_withlog0,testStringFieldWithEmptyValueDeserialization_withlog1,testStringFieldWithEmptyValueDeserialization_withlog2,testNestedDeserialization_withlog0,testNestedDeserialization_withlog1,testNestedDeserialization_withlog2,testClassWithTransientFieldsDeserializationTransientFieldsPassedInJsonAreIgnored_withlog0,testClassWithTransientFieldsDeserializationTransientFieldsPassedInJsonAreIgnored_withlog1,testClassWithTransientFieldsDeserializationTransientFieldsPassedInJsonAreIgnored_withlog2,testNestedSerialization_withlog0,testNestedSerialization_withlog1,testNestedSerialization_withlog2,testNullFieldsSerialization_withlog0,testNullFieldsSerialization_withlog1,testNullFieldsSerialization_withlog2,testJsonInMixedQuotesDeserialization_withlog0,testJsonInMixedQuotesDeserialization_withlog1,testJsonInMixedQuotesDeserialization_withlog2,testBagOfPrimitivesDeserialization_withlog0,testBagOfPrimitivesDeserialization_withlog1,testBagOfPrimitivesDeserialization_withlog2,testNullPrimitiveFieldsDeserialization_withlog0,testNullPrimitiveFieldsDeserialization_withlog1,testNullPrimitiveFieldsDeserialization_withlog2,testPrimitiveArrayFieldSerialization_withlog0,testPrimitiveArrayFieldSerialization_withlog1,testPrimitiveArrayFieldSerialization_withlog2,testJsonInSingleQuotesDeserialization_withlog0,testJsonInSingleQuotesDeserialization_withlog1,testJsonInSingleQuotesDeserialization_withlog2,testPrivateNoArgConstructorDeserialization_withlog0,testPrivateNoArgConstructorDeserialization_withlog1,testPrivateNoArgConstructorDeserialization_withlog2,testClassWithTransientFieldsSerialization_withlog0,testClassWithTransientFieldsSerialization_withlog1,testClassWithTransientFieldsSerialization_withlog2,testNullSerialization_withlog0,testNullSerialization_withlog1,testNullSerialization_withlog2,testNullObjectFieldsDeserialization_withlog0,testNullObjectFieldsDeserialization_withlog1,testNullObjectFieldsDeserialization_withlog2,testDateAsMapObjectField_withlog0(com.google.gson.functional.ObjectTest): null,testDateAsMapObjectField_withlog1(com.google.gson.functional.ObjectTest): null,testDateAsMapObjectField_withlog2(com.google.gson.functional.ObjectTest): null
[WARNING] Some instrumented test failed!
[INFO] Generating assertions...
[INFO] 34 new tests with assertions generated
[INFO] Run: java -classpath /tmp/icst-2019/september-2018/dataset/gson_parent/gson/target/test-classes:/tmp/icst-2019/september-2018/dataset/gson_parent/gson/target/classes/:/home/spirals/danglot/.m2/repository/junit/junit/4.12/junit-4.12.jar:/home/spirals/danglot/.m2/repository/junit/junit/3.8.2/junit-3.8.2.jar:/tmp/icst-2019/september-2018/dataset/gson_parent/gson/target/dspot/dependencies/:/home/spirals/danglot/.m2/repository/eu/stamp-project/test-runner/1.1.0/test-runner-1.1.0-jar-with-dependencies.jar eu.stamp_project.testrunner.runner.test.TestRunner com.google.gson.functional.ObjectTest testInnerClassSerialization:testSingletonLists:testNullArraysDeserialization:testArrayOfArraysDeserialization:testNullPrimitiveFieldsDeserialization:testStringFieldWithEmptyValueSerialization:testObjectFieldNamesWithoutQuotesDeserialization:testClassWithObjectFieldSerialization:testArrayOfArraysSerialization:testClassWithTransientFieldsSerialization:testStringFieldWithNumberValueDeserialization:testBagOfPrimitiveWrappersDeserialization:testEmptyCollectionInAnObjectSerialization:testPrimitiveArrayFieldSerialization:testArrayOfObjectsAsFields:testBagOfPrimitiveWrappersSerialization:testClassWithTransientFieldsDeserialization:testNullObjectFieldsDeserialization:testBagOfPrimitivesSerialization:testNestedDeserialization:testNullFieldsSerialization:testJsonInMixedQuotesDeserialization:testArrayOfObjectsDeserialization:testClassWithTransientFieldsDeserializationTransientFieldsPassedInJsonAreIgnored:testInnerClassDeserialization:testNullFieldsDeserialization:testPrimitiveArrayInAnObjectDeserialization:testStringFieldWithEmptyValueDeserialization:testEmptyCollectionInAnObjectDeserialization:testBagOfPrimitivesDeserialization:testArrayOfObjectsSerialization:testJsonInSingleQuotesDeserialization:testNestedSerialization:testNullSerialization
File saved to the following path: /tmp/icst-2019/september-2018/dataset/gson_parent/gson/target/dspot/TestListener.ser
Loading /tmp/icst-2019/september-2018/dataset/gson_parent/gson/target/dspot/TestListener.ser
[INFO] Test has been run: testClassWithTransientFieldsSerialization,testSingletonLists,testPrimitiveArrayInAnObjectDeserialization,testStringFieldWithEmptyValueDeserialization,testArrayOfArraysSerialization,testClassWithTransientFieldsDeserializationTransientFieldsPassedInJsonAreIgnored,testArrayOfObjectsDeserialization,testClassWithObjectFieldSerialization,testNullPrimitiveFieldsDeserialization,testStringFieldWithEmptyValueSerialization,testBagOfPrimitiveWrappersDeserialization,testInnerClassSerialization,testBagOfPrimitivesDeserialization,testNullSerialization,testArrayOfObjectsAsFields,testNullArraysDeserialization,testClassWithTransientFieldsDeserialization,testArrayOfObjectsSerialization,testJsonInMixedQuotesDeserialization,testPrimitiveArrayFieldSerialization,testNestedSerialization,testObjectFieldNamesWithoutQuotesDeserialization,testEmptyCollectionInAnObjectSerialization,testStringFieldWithNumberValueDeserialization,testJsonInSingleQuotesDeserialization,testNullFieldsSerialization,testArrayOfArraysDeserialization,testBagOfPrimitiveWrappersSerialization,testNullFieldsDeserialization,testBagOfPrimitivesSerialization,testEmptyCollectionInAnObjectDeserialization,testNullObjectFieldsDeserialization,testNestedDeserialization,testInnerClassDeserialization
[INFO] Assertion amplification: 34 test method(s) has been successfully amplified.
[WARN] 2018-09-23 13:38:08 Launcher - You specified the directory /tmp/icst-2019/september-2018/dataset/gson/gson/target/classes in source classpath, please note that only class files will be considered. Jars and subdirectories will be ignored.
[WARN] 2018-09-23 13:38:08 Launcher - You specified the directory /tmp/icst-2019/september-2018/dataset/gson/gson/target/test-classes in source classpath, please note that only class files will be considered. Jars and subdirectories will be ignored.
[WARN] 2018-09-23 13:38:08 Launcher - You specified the directory /tmp/icst-2019/september-2018/dataset/gson/gson/target/dspot/dependencies in source classpath, please note that only class files will be considered. Jars and subdirectories will be ignored.
[INFO] Run: java -classpath /tmp/icst-2019/september-2018/dataset/gson/gson/target/classes/:/tmp/icst-2019/september-2018/dataset/gson/gson/target/test-classes/:/home/spirals/danglot/.m2/repository/junit/junit/4.12/junit-4.12.jar:/home/spirals/danglot/.m2/repository/junit/junit/3.8.2/junit-3.8.2.jar:/tmp/icst-2019/september-2018/dataset/gson/gson/target/dspot/dependencies/:/home/spirals/danglot/.m2/repository/eu/stamp-project/test-runner/1.1.0/test-runner-1.1.0-jar-with-dependencies.jar eu.stamp_project.testrunner.runner.test.TestRunner com.google.gson.functional.ObjectTest testInnerClassSerialization:testSingletonLists:testNullArraysDeserialization:testArrayOfArraysDeserialization:testNullPrimitiveFieldsDeserialization:testStringFieldWithEmptyValueSerialization:testObjectFieldNamesWithoutQuotesDeserialization:testClassWithObjectFieldSerialization:testArrayOfArraysSerialization:testClassWithTransientFieldsSerialization:testStringFieldWithNumberValueDeserialization:testBagOfPrimitiveWrappersDeserialization:testEmptyCollectionInAnObjectSerialization:testPrimitiveArrayFieldSerialization:testArrayOfObjectsAsFields:testBagOfPrimitiveWrappersSerialization:testClassWithTransientFieldsDeserialization:testNullObjectFieldsDeserialization:testBagOfPrimitivesSerialization:testNestedDeserialization:testNullFieldsSerialization:testJsonInMixedQuotesDeserialization:testArrayOfObjectsDeserialization:testClassWithTransientFieldsDeserializationTransientFieldsPassedInJsonAreIgnored:testInnerClassDeserialization:testNullFieldsDeserialization:testPrimitiveArrayInAnObjectDeserialization:testStringFieldWithEmptyValueDeserialization:testEmptyCollectionInAnObjectDeserialization:testBagOfPrimitivesDeserialization:testArrayOfObjectsSerialization:testJsonInSingleQuotesDeserialization:testNestedSerialization:testNullSerialization
File saved to the following path: /tmp/icst-2019/september-2018/dataset/gson_parent/gson/target/dspot/TestListener.ser
Loading /tmp/icst-2019/september-2018/dataset/gson_parent/gson/target/dspot/TestListener.ser
[INFO] Test has been run: testClassWithTransientFieldsSerialization,testSingletonLists,testPrimitiveArrayInAnObjectDeserialization,testStringFieldWithEmptyValueDeserialization,testArrayOfArraysSerialization,testClassWithTransientFieldsDeserializationTransientFieldsPassedInJsonAreIgnored,testArrayOfObjectsDeserialization,testClassWithObjectFieldSerialization,testNullPrimitiveFieldsDeserialization,testStringFieldWithEmptyValueSerialization,testBagOfPrimitiveWrappersDeserialization,testInnerClassSerialization,testBagOfPrimitivesDeserialization,testNullSerialization,testArrayOfObjectsAsFields,testNullArraysDeserialization,testClassWithTransientFieldsDeserialization,testArrayOfObjectsSerialization,testJsonInMixedQuotesDeserialization,testPrimitiveArrayFieldSerialization,testNestedSerialization,testObjectFieldNamesWithoutQuotesDeserialization,testEmptyCollectionInAnObjectSerialization,testStringFieldWithNumberValueDeserialization,testJsonInSingleQuotesDeserialization,testNullFieldsSerialization,testArrayOfArraysDeserialization,testBagOfPrimitiveWrappersSerialization,testNullFieldsDeserialization,testBagOfPrimitivesSerialization,testEmptyCollectionInAnObjectDeserialization,testNullObjectFieldsDeserialization,testNestedDeserialization,testInnerClassDeserialization
[INFO] 0 amplified test methods has been selected to be kept. (global: 0)
[INFO] elapsedTime 8831
======= REPORT =======
0 amplified test fails on the new versions.

[WARNING] DSpot could not obtain any amplified test method.
[WARNING] You can customize the following options: --amplifiers, --test-criterion, --iteration, --budgetizer etc, and retry with a new configuration.
[INFO] Amplification of com.google.gson.functional.ArrayTest (3 test(s))
[INFO] Assertion amplification of com.google.gson.functional.ArrayTest (3 test(s))
[INFO] Run: java -classpath /tmp/icst-2019/september-2018/dataset/gson_parent/gson/target/test-classes:/tmp/icst-2019/september-2018/dataset/gson_parent/gson/target/classes/:/home/spirals/danglot/.m2/repository/junit/junit/4.12/junit-4.12.jar:/home/spirals/danglot/.m2/repository/junit/junit/3.8.2/junit-3.8.2.jar:/tmp/icst-2019/september-2018/dataset/gson_parent/gson/target/dspot/dependencies/:/home/spirals/danglot/.m2/repository/eu/stamp-project/test-runner/1.1.0/test-runner-1.1.0-jar-with-dependencies.jar eu.stamp_project.testrunner.runner.test.TestRunner com.google.gson.functional.ArrayTest testObjectArrayWithNonPrimitivesSerialization:testSingleNullInArraySerialization:testSingleNullInArrayDeserialization
File saved to the following path: /tmp/icst-2019/september-2018/dataset/gson_parent/gson/target/dspot/TestListener.ser
Loading /tmp/icst-2019/september-2018/dataset/gson_parent/gson/target/dspot/TestListener.ser
[INFO] Test has been run: testObjectArrayWithNonPrimitivesSerialization,testSingleNullInArrayDeserialization,testSingleNullInArraySerialization
[INFO] Run tests. (3)
[INFO] Run: java -classpath /tmp/icst-2019/september-2018/dataset/gson_parent/gson/target/test-classes:/tmp/icst-2019/september-2018/dataset/gson_parent/gson/target/classes/:/home/spirals/danglot/.m2/repository/junit/junit/4.12/junit-4.12.jar:/home/spirals/danglot/.m2/repository/junit/junit/3.8.2/junit-3.8.2.jar:/tmp/icst-2019/september-2018/dataset/gson_parent/gson/target/dspot/dependencies/:/home/spirals/danglot/.m2/repository/eu/stamp-project/test-runner/1.1.0/test-runner-1.1.0-jar-with-dependencies.jar eu.stamp_project.testrunner.runner.test.TestRunner com.google.gson.functional.ArrayTest testObjectArrayWithNonPrimitivesSerialization:testSingleNullInArraySerialization:testSingleNullInArrayDeserialization
File saved to the following path: /tmp/icst-2019/september-2018/dataset/gson_parent/gson/target/dspot/TestListener.ser
Loading /tmp/icst-2019/september-2018/dataset/gson_parent/gson/target/dspot/TestListener.ser
[INFO] Test has been run: testObjectArrayWithNonPrimitivesSerialization,testSingleNullInArrayDeserialization,testSingleNullInArraySerialization
[INFO] 3 test pass, generating assertion...
[INFO] Add observations points in passing tests.
[INFO] Instrumentation...
 33% |================ ]/ 66% |================================= ]-[INFO] ------------------------------------------------------------------------
[INFO] BUILD FAILURE
[INFO] ------------------------------------------------------------------------
[INFO] Total time: 37.323 s
[INFO] Finished at: 2018-09-23T13:38:11+02:00
[INFO] ------------------------------------------------------------------------
[ERROR] Failed to execute goal eu.stamp-project:dspot-maven:1.1.1-SNAPSHOT:amplify-unit-tests (default-cli) on project gson: Execution default-cli of goal eu.stamp-project:dspot-maven:1.1.1-SNAPSHOT:amplify-unit-tests failed: java.lang.NullPointerException -> [Help 1]
[ERROR] 
[ERROR] To see the full stack trace of the errors, re-run Maven with the -e switch.
[ERROR] Re-run Maven using the -X switch to enable full debug logging.
[ERROR] 
[ERROR] For more information about the errors and possible solutions, please read the following articles:
[ERROR] [Help 1] http://cwiki.apache.org/confluence/display/MAVEN/PluginExecutionException
