Apache Maven 3.5.4 (1edded0938998edf8bf061f1ceb3cfdeccf443fe; 2018-06-17T20:33:14+02:00)
Maven home: /home/spirals/danglot/apache-maven-3.5.4
Java version: 1.8.0_121, vendor: Oracle Corporation, runtime: /home/spirals/danglot/jdk1.8.0_121/jre
Default locale: en_US, platform encoding: ANSI_X3.4-1968
OS name: "linux", version: "3.16.0-4-amd64", arch: "amd64", family: "unix"
[DEBUG] Created new class realm maven.api
[DEBUG] Importing foreign packages into class realm maven.api
[DEBUG]   Imported: javax.annotation.* < plexus.core
[DEBUG]   Imported: javax.annotation.security.* < plexus.core
[DEBUG]   Imported: javax.enterprise.inject.* < plexus.core
[DEBUG]   Imported: javax.enterprise.util.* < plexus.core
[DEBUG]   Imported: javax.inject.* < plexus.core
[DEBUG]   Imported: org.apache.maven.* < plexus.core
[DEBUG]   Imported: org.apache.maven.artifact < plexus.core
[DEBUG]   Imported: org.apache.maven.classrealm < plexus.core
[DEBUG]   Imported: org.apache.maven.cli < plexus.core
[DEBUG]   Imported: org.apache.maven.configuration < plexus.core
[DEBUG]   Imported: org.apache.maven.exception < plexus.core
[DEBUG]   Imported: org.apache.maven.execution < plexus.core
[DEBUG]   Imported: org.apache.maven.execution.scope < plexus.core
[DEBUG]   Imported: org.apache.maven.lifecycle < plexus.core
[DEBUG]   Imported: org.apache.maven.model < plexus.core
[DEBUG]   Imported: org.apache.maven.monitor < plexus.core
[DEBUG]   Imported: org.apache.maven.plugin < plexus.core
[DEBUG]   Imported: org.apache.maven.profiles < plexus.core
[DEBUG]   Imported: org.apache.maven.project < plexus.core
[DEBUG]   Imported: org.apache.maven.reporting < plexus.core
[DEBUG]   Imported: org.apache.maven.repository < plexus.core
[DEBUG]   Imported: org.apache.maven.rtinfo < plexus.core
[DEBUG]   Imported: org.apache.maven.settings < plexus.core
[DEBUG]   Imported: org.apache.maven.toolchain < plexus.core
[DEBUG]   Imported: org.apache.maven.usability < plexus.core
[DEBUG]   Imported: org.apache.maven.wagon.* < plexus.core
[DEBUG]   Imported: org.apache.maven.wagon.authentication < plexus.core
[DEBUG]   Imported: org.apache.maven.wagon.authorization < plexus.core
[DEBUG]   Imported: org.apache.maven.wagon.events < plexus.core
[DEBUG]   Imported: org.apache.maven.wagon.observers < plexus.core
[DEBUG]   Imported: org.apache.maven.wagon.proxy < plexus.core
[DEBUG]   Imported: org.apache.maven.wagon.repository < plexus.core
[DEBUG]   Imported: org.apache.maven.wagon.resource < plexus.core
[DEBUG]   Imported: org.codehaus.classworlds < plexus.core
[DEBUG]   Imported: org.codehaus.plexus.* < plexus.core
[DEBUG]   Imported: org.codehaus.plexus.classworlds < plexus.core
[DEBUG]   Imported: org.codehaus.plexus.component < plexus.core
[DEBUG]   Imported: org.codehaus.plexus.configuration < plexus.core
[DEBUG]   Imported: org.codehaus.plexus.container < plexus.core
[DEBUG]   Imported: org.codehaus.plexus.context < plexus.core
[DEBUG]   Imported: org.codehaus.plexus.lifecycle < plexus.core
[DEBUG]   Imported: org.codehaus.plexus.logging < plexus.core
[DEBUG]   Imported: org.codehaus.plexus.personality < plexus.core
[DEBUG]   Imported: org.codehaus.plexus.util.xml.Xpp3Dom < plexus.core
[DEBUG]   Imported: org.codehaus.plexus.util.xml.pull.XmlPullParser < plexus.core
[DEBUG]   Imported: org.codehaus.plexus.util.xml.pull.XmlPullParserException < plexus.core
[DEBUG]   Imported: org.codehaus.plexus.util.xml.pull.XmlSerializer < plexus.core
[DEBUG]   Imported: org.eclipse.aether.* < plexus.core
[DEBUG]   Imported: org.eclipse.aether.artifact < plexus.core
[DEBUG]   Imported: org.eclipse.aether.collection < plexus.core
[DEBUG]   Imported: org.eclipse.aether.deployment < plexus.core
[DEBUG]   Imported: org.eclipse.aether.graph < plexus.core
[DEBUG]   Imported: org.eclipse.aether.impl < plexus.core
[DEBUG]   Imported: org.eclipse.aether.installation < plexus.core
[DEBUG]   Imported: org.eclipse.aether.internal.impl < plexus.core
[DEBUG]   Imported: org.eclipse.aether.metadata < plexus.core
[DEBUG]   Imported: org.eclipse.aether.repository < plexus.core
[DEBUG]   Imported: org.eclipse.aether.resolution < plexus.core
[DEBUG]   Imported: org.eclipse.aether.spi < plexus.core
[DEBUG]   Imported: org.eclipse.aether.transfer < plexus.core
[DEBUG]   Imported: org.eclipse.aether.version < plexus.core
[DEBUG]   Imported: org.fusesource.jansi.* < plexus.core
[DEBUG]   Imported: org.slf4j.* < plexus.core
[DEBUG]   Imported: org.slf4j.helpers.* < plexus.core
[DEBUG]   Imported: org.slf4j.spi.* < plexus.core
[DEBUG] Populating class realm maven.api
[INFO] Error stacktraces are turned on.
[DEBUG] Message scheme: color
[DEBUG] Message styles: debug info warning error success failure strong mojo project
[DEBUG] Reading global settings from /home/spirals/danglot/apache-maven-3.5.4/conf/settings.xml
[DEBUG] Reading user settings from /home/spirals/danglot/.m2/settings.xml
[DEBUG] Reading global toolchains from /home/spirals/danglot/apache-maven-3.5.4/conf/toolchains.xml
[DEBUG] Reading user toolchains from /home/spirals/danglot/.m2/toolchains.xml
[DEBUG] Using local repository at /home/spirals/danglot/.m2/repository
[DEBUG] Using manager EnhancedLocalRepositoryManager with priority 10.0 for /home/spirals/danglot/.m2/repository
[INFO] Scanning for projects...
[DEBUG] Extension realms for project com.google.code.gson:gson:jar:2.8.2-SNAPSHOT: (none)
[DEBUG] Looking up lifecycle mappings for packaging jar from ClassRealm[plexus.core, parent: null]
[DEBUG] Extension realms for project com.google.code.gson:gson-parent:pom:2.8.2-SNAPSHOT: (none)
[DEBUG] Looking up lifecycle mappings for packaging pom from ClassRealm[plexus.core, parent: null]
[DEBUG] Extension realms for project org.sonatype.oss:oss-parent:pom:7: (none)
[DEBUG] Looking up lifecycle mappings for packaging pom from ClassRealm[plexus.core, parent: null]
[WARNING] 
[WARNING] Some problems were encountered while building the effective model for com.google.code.gson:gson:jar:2.8.2-SNAPSHOT
[WARNING] 'build.plugins.plugin.version' for org.apache.maven.plugins:maven-jar-plugin is missing. @ com.google.code.gson:gson:[unknown-version], /tmp/icst-2019/september-2018/dataset/gson_parent/gson/pom.xml, line 46, column 15
[WARNING] 
[WARNING] It is highly recommended to fix these problems because they threaten the stability of your build.
[WARNING] 
[WARNING] For this reason, future Maven versions might no longer support building such malformed projects.
[WARNING] 
[DEBUG] === REACTOR BUILD PLAN ================================================
[DEBUG] Project: com.google.code.gson:gson:jar:2.8.2-SNAPSHOT
[DEBUG] Tasks:   [eu.stamp-project:dspot-maven:1.1.1-SNAPSHOT:amplify-unit-tests]
[DEBUG] Style:   Regular
[DEBUG] =======================================================================
[INFO] 
[INFO] ---------------------< com.google.code.gson:gson >----------------------
[INFO] Building Gson 2.8.2-SNAPSHOT
[INFO] --------------------------------[ jar ]---------------------------------
[DEBUG] Lifecycle default -> [validate, initialize, generate-sources, process-sources, generate-resources, process-resources, compile, process-classes, generate-test-sources, process-test-sources, generate-test-resources, process-test-resources, test-compile, process-test-classes, test, prepare-package, package, pre-integration-test, integration-test, post-integration-test, verify, install, deploy]
[DEBUG] Lifecycle clean -> [pre-clean, clean, post-clean]
[DEBUG] Lifecycle site -> [pre-site, site, post-site, site-deploy]
[DEBUG] === PROJECT BUILD PLAN ================================================
[DEBUG] Project:       com.google.code.gson:gson:2.8.2-SNAPSHOT
[DEBUG] Dependencies (collect): []
[DEBUG] Dependencies (resolve): [test]
[DEBUG] Repositories (dependencies): [sonatype-nexus-snapshots (https://oss.sonatype.org/content/repositories/snapshots, default, snapshots), central (https://repo.maven.apache.org/maven2, default, releases)]
[DEBUG] Repositories (plugins)     : [central (https://repo.maven.apache.org/maven2, default, releases)]
[DEBUG] -----------------------------------------------------------------------
[DEBUG] Goal:          eu.stamp-project:dspot-maven:1.1.1-SNAPSHOT:amplify-unit-tests (default-cli)
[DEBUG] Style:         Regular
[DEBUG] Configuration: <?xml version="1.0" encoding="UTF-8"?>
<configuration>
  <amplifiers default-value="None">${amplifiers}</amplifiers>
  <automaticBuilder default-value="MavenBuilder">${automatic-builder}</automaticBuilder>
  <budgetizer default-value="NoBudgetizer">${budgetizer}</budgetizer>
  <cases>${cases}</cases>
  <clean default-value="false">${clean}</clean>
  <descartes default-value="false">${descartes}</descartes>
  <example default-value="false">${example}</example>
  <generateNewTestClass default-value="false">${generate-new-test-class}</generateNewTestClass>
  <help default-value="false">${help}</help>
  <iteration default-value="3">${iteration}</iteration>
  <mavenHome>${maven-home}</mavenHome>
  <maxTestAmplified default-value="200">${max-test-amplified}</maxTestAmplified>
  <noMinimize default-value="false">${no-minimize}</noMinimize>
  <outputPath default-value="target/dspot/output">${output-path}</outputPath>
  <pathPitResult>${path-pit-result}</pathPitResult>
  <pathToProperties default-value="">${path-to-properties}</pathToProperties>
  <pathToSecondVersion default-value="">${path-to-second-version}</pathToSecondVersion>
  <pathToTestListCsv default-value="">${path-to-test-list-csv}</pathToTestListCsv>
  <project default-value="${project}"/>
  <randomSeed default-value="23">${randomSeed}</randomSeed>
  <test default-value="all">${test}</test>
  <testCriterion default-value="PitMutantScoreSelector">${test-criterion}</testCriterion>
  <timeOut default-value="10000">${timeOut}</timeOut>
  <useMavenToExeTest default-value="false">${use-maven-to-exe-test}</useMavenToExeTest>
  <verbose default-value="false">${verbose}</verbose>
  <withComment default-value="false">${with-comment}</withComment>
  <workingDirectory default-value="false">${working-directory}</workingDirectory>
</configuration>
[DEBUG] =======================================================================
[DEBUG] Dependency collection stats: {ConflictMarker.analyzeTime=709732, ConflictMarker.markTime=677508, ConflictMarker.nodeCount=3, ConflictIdSorter.graphTime=411481, ConflictIdSorter.topsortTime=370833, ConflictIdSorter.conflictIdCount=2, ConflictIdSorter.conflictIdCycleCount=0, ConflictResolver.totalTime=3255751, ConflictResolver.conflictItemCount=2, DefaultDependencyCollector.collectTime=24539614, DefaultDependencyCollector.transformTime=7646111}
[DEBUG] com.google.code.gson:gson:jar:2.8.2-SNAPSHOT
[DEBUG]    junit:junit:jar:4.12:test
[DEBUG]       org.hamcrest:hamcrest-core:jar:1.3:test
[INFO] 
[INFO] --- dspot-maven:1.1.1-SNAPSHOT:amplify-unit-tests (default-cli) @ gson ---
[DEBUG] Failure to find eu.stamp-project:dspot:1.1.1-SNAPSHOT/maven-metadata.xml in https://repo.gradle.org/gradle/libs-releases-local/ was cached in the local repository, resolution will not be reattempted until the update interval of gradle-repo has elapsed or updates are forced
[DEBUG] Skipped remote request for eu.stamp-project:dspot:1.1.1-SNAPSHOT/maven-metadata.xml, locally cached metadata up-to-date.
[DEBUG] Using transporter WagonTransporter with priority -1.0 for https://stamp-project.github.io/stamp-maven-repository/
[DEBUG] Using connector BasicRepositoryConnector with priority 0.0 for https://stamp-project.github.io/stamp-maven-repository/
Downloading from stamp-maven-repository-mvn-repo: https://stamp-project.github.io/stamp-maven-repository/eu/stamp-project/dspot/1.1.1-SNAPSHOT/maven-metadata.xml
[DEBUG] Writing tracking file /home/spirals/danglot/.m2/repository/eu/stamp-project/dspot/1.1.1-SNAPSHOT/resolver-status.properties
[DEBUG] Could not find metadata eu.stamp-project:dspot:1.1.1-SNAPSHOT/maven-metadata.xml in stamp-maven-repository-mvn-repo (https://stamp-project.github.io/stamp-maven-repository/)
[DEBUG] Skipped remote request for eu.stamp-project:dspot:1.1.1-SNAPSHOT/maven-metadata.xml, already updated during this session.
[DEBUG] Failure to find eu.stamp-project:dspot:1.1.1-SNAPSHOT/maven-metadata.xml in https://stamp-project.github.io/stamp-maven-repository/ was cached in the local repository, resolution will not be reattempted until the update interval of stamp-maven-repository-mvn-repo has elapsed or updates are forced
[DEBUG] Failure to find eu.stamp-project:dspot:1.1.1-SNAPSHOT/maven-metadata.xml in https://repo.gradle.org/gradle/libs-releases-local/ was cached in the local repository, resolution will not be reattempted until the update interval of gradle-repo has elapsed or updates are forced
[DEBUG] Skipped remote request for eu.stamp-project:dspot:1.1.1-SNAPSHOT/maven-metadata.xml, locally cached metadata up-to-date.
[DEBUG] Could not find metadata fr.inria.gforge.spoon:spoon-core:7.1.0-SNAPSHOT/maven-metadata.xml in local (/home/spirals/danglot/.m2/repository)
[DEBUG] Failure to find fr.inria.gforge.spoon:spoon-core:7.1.0-SNAPSHOT/maven-metadata.xml in https://repo.gradle.org/gradle/libs-releases-local/ was cached in the local repository, resolution will not be reattempted until the update interval of gradle-repo has elapsed or updates are forced
[DEBUG] Failure to find fr.inria.gforge.spoon:spoon-core:7.1.0-SNAPSHOT/maven-metadata.xml in https://oss.sonatype.org/content/repositories/snapshots was cached in the local repository, resolution will not be reattempted until the update interval of sonatype-nexus-snapshots has elapsed or updates are forced
[DEBUG] Skipped remote request for fr.inria.gforge.spoon:spoon-core:7.1.0-SNAPSHOT/maven-metadata.xml, locally cached metadata up-to-date.
[DEBUG] Using transporter WagonTransporter with priority -1.0 for https://stamp-project.github.io/stamp-maven-repository/
[DEBUG] Using connector BasicRepositoryConnector with priority 0.0 for https://stamp-project.github.io/stamp-maven-repository/
Downloading from stamp-maven-repository-mvn-repo: https://stamp-project.github.io/stamp-maven-repository/fr/inria/gforge/spoon/spoon-core/7.1.0-SNAPSHOT/maven-metadata.xml
[DEBUG] Writing tracking file /home/spirals/danglot/.m2/repository/fr/inria/gforge/spoon/spoon-core/7.1.0-SNAPSHOT/resolver-status.properties
[DEBUG] Could not find metadata fr.inria.gforge.spoon:spoon-core:7.1.0-SNAPSHOT/maven-metadata.xml in stamp-maven-repository-mvn-repo (https://stamp-project.github.io/stamp-maven-repository/)
[DEBUG] Could not find metadata fr.inria.gforge.spoon:spoon-core:7.1.0-SNAPSHOT/maven-metadata.xml in local (/home/spirals/danglot/.m2/repository)
[DEBUG] Skipped remote request for fr.inria.gforge.spoon:spoon-core:7.1.0-SNAPSHOT/maven-metadata.xml, already updated during this session.
[DEBUG] Failure to find fr.inria.gforge.spoon:spoon-core:7.1.0-SNAPSHOT/maven-metadata.xml in https://stamp-project.github.io/stamp-maven-repository/ was cached in the local repository, resolution will not be reattempted until the update interval of stamp-maven-repository-mvn-repo has elapsed or updates are forced
[DEBUG] Failure to find fr.inria.gforge.spoon:spoon-core:7.1.0-SNAPSHOT/maven-metadata.xml in https://repo.gradle.org/gradle/libs-releases-local/ was cached in the local repository, resolution will not be reattempted until the update interval of gradle-repo has elapsed or updates are forced
[DEBUG] Failure to find fr.inria.gforge.spoon:spoon-core:7.1.0-SNAPSHOT/maven-metadata.xml in https://oss.sonatype.org/content/repositories/snapshots was cached in the local repository, resolution will not be reattempted until the update interval of sonatype-nexus-snapshots has elapsed or updates are forced
[DEBUG] Skipped remote request for fr.inria.gforge.spoon:spoon-core:7.1.0-SNAPSHOT/maven-metadata.xml, locally cached metadata up-to-date.
[DEBUG] Could not find metadata org.eclipse.platform:org.eclipse.core.resources/maven-metadata.xml in local (/home/spirals/danglot/.m2/repository)
[DEBUG] Skipped remote request for org.eclipse.platform:org.eclipse.core.resources/maven-metadata.xml, locally cached metadata up-to-date.
[DEBUG] Failure to find org.eclipse.platform:org.eclipse.core.resources/maven-metadata.xml in https://repo.gradle.org/gradle/libs-releases-local/ was cached in the local repository, resolution will not be reattempted until the update interval of gradle-repo has elapsed or updates are forced
[DEBUG] Failure to find org.eclipse.platform:org.eclipse.core.resources/maven-metadata.xml in https://oss.sonatype.org/content/repositories/snapshots was cached in the local repository, resolution will not be reattempted until the update interval of sonatype-nexus-snapshots has elapsed or updates are forced
[DEBUG] Failure to find org.eclipse.platform:org.eclipse.core.resources/maven-metadata.xml in http://maven.inria.fr/artifactory/spoon-public-snapshot was cached in the local repository, resolution will not be reattempted until the update interval of maven.inria.fr-snapshot has elapsed or updates are forced
[DEBUG] Using transporter WagonTransporter with priority -1.0 for https://stamp-project.github.io/stamp-maven-repository/
[DEBUG] Using connector BasicRepositoryConnector with priority 0.0 for https://stamp-project.github.io/stamp-maven-repository/
Downloading from stamp-maven-repository-mvn-repo: https://stamp-project.github.io/stamp-maven-repository/org/eclipse/platform/org.eclipse.core.resources/maven-metadata.xml
[DEBUG] Writing tracking file /home/spirals/danglot/.m2/repository/org/eclipse/platform/org.eclipse.core.resources/resolver-status.properties
[DEBUG] Could not find metadata org.eclipse.platform:org.eclipse.core.resources/maven-metadata.xml in stamp-maven-repository-mvn-repo (https://stamp-project.github.io/stamp-maven-repository/)
[DEBUG] Could not find metadata org.eclipse.platform:org.eclipse.core.expressions/maven-metadata.xml in local (/home/spirals/danglot/.m2/repository)
[DEBUG] Skipped remote request for org.eclipse.platform:org.eclipse.core.expressions/maven-metadata.xml, locally cached metadata up-to-date.
[DEBUG] Failure to find org.eclipse.platform:org.eclipse.core.expressions/maven-metadata.xml in https://repo.gradle.org/gradle/libs-releases-local/ was cached in the local repository, resolution will not be reattempted until the update interval of gradle-repo has elapsed or updates are forced
[DEBUG] Failure to find org.eclipse.platform:org.eclipse.core.expressions/maven-metadata.xml in https://oss.sonatype.org/content/repositories/snapshots was cached in the local repository, resolution will not be reattempted until the update interval of sonatype-nexus-snapshots has elapsed or updates are forced
[DEBUG] Failure to find org.eclipse.platform:org.eclipse.core.expressions/maven-metadata.xml in http://maven.inria.fr/artifactory/spoon-public-snapshot was cached in the local repository, resolution will not be reattempted until the update interval of maven.inria.fr-snapshot has elapsed or updates are forced
[DEBUG] Using transporter WagonTransporter with priority -1.0 for https://stamp-project.github.io/stamp-maven-repository/
[DEBUG] Using connector BasicRepositoryConnector with priority 0.0 for https://stamp-project.github.io/stamp-maven-repository/
Downloading from stamp-maven-repository-mvn-repo: https://stamp-project.github.io/stamp-maven-repository/org/eclipse/platform/org.eclipse.core.expressions/maven-metadata.xml
[DEBUG] Writing tracking file /home/spirals/danglot/.m2/repository/org/eclipse/platform/org.eclipse.core.expressions/resolver-status.properties
[DEBUG] Could not find metadata org.eclipse.platform:org.eclipse.core.expressions/maven-metadata.xml in stamp-maven-repository-mvn-repo (https://stamp-project.github.io/stamp-maven-repository/)
[DEBUG] Could not find metadata org.eclipse.platform:org.eclipse.core.runtime/maven-metadata.xml in local (/home/spirals/danglot/.m2/repository)
[DEBUG] Skipped remote request for org.eclipse.platform:org.eclipse.core.runtime/maven-metadata.xml, locally cached metadata up-to-date.
[DEBUG] Failure to find org.eclipse.platform:org.eclipse.core.runtime/maven-metadata.xml in https://repo.gradle.org/gradle/libs-releases-local/ was cached in the local repository, resolution will not be reattempted until the update interval of gradle-repo has elapsed or updates are forced
[DEBUG] Failure to find org.eclipse.platform:org.eclipse.core.runtime/maven-metadata.xml in https://oss.sonatype.org/content/repositories/snapshots was cached in the local repository, resolution will not be reattempted until the update interval of sonatype-nexus-snapshots has elapsed or updates are forced
[DEBUG] Failure to find org.eclipse.platform:org.eclipse.core.runtime/maven-metadata.xml in http://maven.inria.fr/artifactory/spoon-public-snapshot was cached in the local repository, resolution will not be reattempted until the update interval of maven.inria.fr-snapshot has elapsed or updates are forced
[DEBUG] Using transporter WagonTransporter with priority -1.0 for https://stamp-project.github.io/stamp-maven-repository/
[DEBUG] Using connector BasicRepositoryConnector with priority 0.0 for https://stamp-project.github.io/stamp-maven-repository/
Downloading from stamp-maven-repository-mvn-repo: https://stamp-project.github.io/stamp-maven-repository/org/eclipse/platform/org.eclipse.core.runtime/maven-metadata.xml
[DEBUG] Writing tracking file /home/spirals/danglot/.m2/repository/org/eclipse/platform/org.eclipse.core.runtime/resolver-status.properties
[DEBUG] Could not find metadata org.eclipse.platform:org.eclipse.core.runtime/maven-metadata.xml in stamp-maven-repository-mvn-repo (https://stamp-project.github.io/stamp-maven-repository/)
[DEBUG] Could not find metadata org.eclipse.platform:org.eclipse.osgi/maven-metadata.xml in local (/home/spirals/danglot/.m2/repository)
[DEBUG] Skipped remote request for org.eclipse.platform:org.eclipse.osgi/maven-metadata.xml, locally cached metadata up-to-date.
[DEBUG] Failure to find org.eclipse.platform:org.eclipse.osgi/maven-metadata.xml in https://repo.gradle.org/gradle/libs-releases-local/ was cached in the local repository, resolution will not be reattempted until the update interval of gradle-repo has elapsed or updates are forced
[DEBUG] Failure to find org.eclipse.platform:org.eclipse.osgi/maven-metadata.xml in https://oss.sonatype.org/content/repositories/snapshots was cached in the local repository, resolution will not be reattempted until the update interval of sonatype-nexus-snapshots has elapsed or updates are forced
[DEBUG] Failure to find org.eclipse.platform:org.eclipse.osgi/maven-metadata.xml in http://maven.inria.fr/artifactory/spoon-public-snapshot was cached in the local repository, resolution will not be reattempted until the update interval of maven.inria.fr-snapshot has elapsed or updates are forced
[DEBUG] Using transporter WagonTransporter with priority -1.0 for https://stamp-project.github.io/stamp-maven-repository/
[DEBUG] Using connector BasicRepositoryConnector with priority 0.0 for https://stamp-project.github.io/stamp-maven-repository/
Downloading from stamp-maven-repository-mvn-repo: https://stamp-project.github.io/stamp-maven-repository/org/eclipse/platform/org.eclipse.osgi/maven-metadata.xml
[DEBUG] Writing tracking file /home/spirals/danglot/.m2/repository/org/eclipse/platform/org.eclipse.osgi/resolver-status.properties
[DEBUG] Could not find metadata org.eclipse.platform:org.eclipse.osgi/maven-metadata.xml in stamp-maven-repository-mvn-repo (https://stamp-project.github.io/stamp-maven-repository/)
[DEBUG] Could not find metadata org.eclipse.platform:org.eclipse.equinox.common/maven-metadata.xml in local (/home/spirals/danglot/.m2/repository)
[DEBUG] Skipped remote request for org.eclipse.platform:org.eclipse.equinox.common/maven-metadata.xml, locally cached metadata up-to-date.
[DEBUG] Failure to find org.eclipse.platform:org.eclipse.equinox.common/maven-metadata.xml in https://repo.gradle.org/gradle/libs-releases-local/ was cached in the local repository, resolution will not be reattempted until the update interval of gradle-repo has elapsed or updates are forced
[DEBUG] Failure to find org.eclipse.platform:org.eclipse.equinox.common/maven-metadata.xml in https://oss.sonatype.org/content/repositories/snapshots was cached in the local repository, resolution will not be reattempted until the update interval of sonatype-nexus-snapshots has elapsed or updates are forced
[DEBUG] Failure to find org.eclipse.platform:org.eclipse.equinox.common/maven-metadata.xml in http://maven.inria.fr/artifactory/spoon-public-snapshot was cached in the local repository, resolution will not be reattempted until the update interval of maven.inria.fr-snapshot has elapsed or updates are forced
[DEBUG] Using transporter WagonTransporter with priority -1.0 for https://stamp-project.github.io/stamp-maven-repository/
[DEBUG] Using connector BasicRepositoryConnector with priority 0.0 for https://stamp-project.github.io/stamp-maven-repository/
Downloading from stamp-maven-repository-mvn-repo: https://stamp-project.github.io/stamp-maven-repository/org/eclipse/platform/org.eclipse.equinox.common/maven-metadata.xml
[DEBUG] Writing tracking file /home/spirals/danglot/.m2/repository/org/eclipse/platform/org.eclipse.equinox.common/resolver-status.properties
[DEBUG] Could not find metadata org.eclipse.platform:org.eclipse.equinox.common/maven-metadata.xml in stamp-maven-repository-mvn-repo (https://stamp-project.github.io/stamp-maven-repository/)
[DEBUG] Could not find metadata org.eclipse.platform:org.eclipse.core.jobs/maven-metadata.xml in local (/home/spirals/danglot/.m2/repository)
[DEBUG] Skipped remote request for org.eclipse.platform:org.eclipse.core.jobs/maven-metadata.xml, locally cached metadata up-to-date.
[DEBUG] Failure to find org.eclipse.platform:org.eclipse.core.jobs/maven-metadata.xml in https://repo.gradle.org/gradle/libs-releases-local/ was cached in the local repository, resolution will not be reattempted until the update interval of gradle-repo has elapsed or updates are forced
[DEBUG] Failure to find org.eclipse.platform:org.eclipse.core.jobs/maven-metadata.xml in https://oss.sonatype.org/content/repositories/snapshots was cached in the local repository, resolution will not be reattempted until the update interval of sonatype-nexus-snapshots has elapsed or updates are forced
[DEBUG] Failure to find org.eclipse.platform:org.eclipse.core.jobs/maven-metadata.xml in http://maven.inria.fr/artifactory/spoon-public-snapshot was cached in the local repository, resolution will not be reattempted until the update interval of maven.inria.fr-snapshot has elapsed or updates are forced
[DEBUG] Using transporter WagonTransporter with priority -1.0 for https://stamp-project.github.io/stamp-maven-repository/
[DEBUG] Using connector BasicRepositoryConnector with priority 0.0 for https://stamp-project.github.io/stamp-maven-repository/
Downloading from stamp-maven-repository-mvn-repo: https://stamp-project.github.io/stamp-maven-repository/org/eclipse/platform/org.eclipse.core.jobs/maven-metadata.xml
[DEBUG] Writing tracking file /home/spirals/danglot/.m2/repository/org/eclipse/platform/org.eclipse.core.jobs/resolver-status.properties
[DEBUG] Could not find metadata org.eclipse.platform:org.eclipse.core.jobs/maven-metadata.xml in stamp-maven-repository-mvn-repo (https://stamp-project.github.io/stamp-maven-repository/)
[DEBUG] Could not find metadata org.eclipse.platform:org.eclipse.equinox.registry/maven-metadata.xml in local (/home/spirals/danglot/.m2/repository)
[DEBUG] Skipped remote request for org.eclipse.platform:org.eclipse.equinox.registry/maven-metadata.xml, locally cached metadata up-to-date.
[DEBUG] Failure to find org.eclipse.platform:org.eclipse.equinox.registry/maven-metadata.xml in https://repo.gradle.org/gradle/libs-releases-local/ was cached in the local repository, resolution will not be reattempted until the update interval of gradle-repo has elapsed or updates are forced
[DEBUG] Failure to find org.eclipse.platform:org.eclipse.equinox.registry/maven-metadata.xml in https://oss.sonatype.org/content/repositories/snapshots was cached in the local repository, resolution will not be reattempted until the update interval of sonatype-nexus-snapshots has elapsed or updates are forced
[DEBUG] Failure to find org.eclipse.platform:org.eclipse.equinox.registry/maven-metadata.xml in http://maven.inria.fr/artifactory/spoon-public-snapshot was cached in the local repository, resolution will not be reattempted until the update interval of maven.inria.fr-snapshot has elapsed or updates are forced
[DEBUG] Using transporter WagonTransporter with priority -1.0 for https://stamp-project.github.io/stamp-maven-repository/
[DEBUG] Using connector BasicRepositoryConnector with priority 0.0 for https://stamp-project.github.io/stamp-maven-repository/
Downloading from stamp-maven-repository-mvn-repo: https://stamp-project.github.io/stamp-maven-repository/org/eclipse/platform/org.eclipse.equinox.registry/maven-metadata.xml
[DEBUG] Writing tracking file /home/spirals/danglot/.m2/repository/org/eclipse/platform/org.eclipse.equinox.registry/resolver-status.properties
[DEBUG] Could not find metadata org.eclipse.platform:org.eclipse.equinox.registry/maven-metadata.xml in stamp-maven-repository-mvn-repo (https://stamp-project.github.io/stamp-maven-repository/)
[DEBUG] Could not find metadata org.eclipse.platform:org.eclipse.equinox.common/maven-metadata.xml in local (/home/spirals/danglot/.m2/repository)
[DEBUG] Skipped remote request for org.eclipse.platform:org.eclipse.equinox.common/maven-metadata.xml, locally cached metadata up-to-date.
[DEBUG] Skipped remote request for org.eclipse.platform:org.eclipse.equinox.common/maven-metadata.xml, already updated during this session.
[DEBUG] Failure to find org.eclipse.platform:org.eclipse.equinox.common/maven-metadata.xml in https://stamp-project.github.io/stamp-maven-repository/ was cached in the local repository, resolution will not be reattempted until the update interval of stamp-maven-repository-mvn-repo has elapsed or updates are forced
[DEBUG] Failure to find org.eclipse.platform:org.eclipse.equinox.common/maven-metadata.xml in https://repo.gradle.org/gradle/libs-releases-local/ was cached in the local repository, resolution will not be reattempted until the update interval of gradle-repo has elapsed or updates are forced
[DEBUG] Failure to find org.eclipse.platform:org.eclipse.equinox.common/maven-metadata.xml in https://oss.sonatype.org/content/repositories/snapshots was cached in the local repository, resolution will not be reattempted until the update interval of sonatype-nexus-snapshots has elapsed or updates are forced
[DEBUG] Failure to find org.eclipse.platform:org.eclipse.equinox.common/maven-metadata.xml in http://maven.inria.fr/artifactory/spoon-public-snapshot was cached in the local repository, resolution will not be reattempted until the update interval of maven.inria.fr-snapshot has elapsed or updates are forced
[DEBUG] Could not find metadata org.eclipse.platform:org.eclipse.equinox.preferences/maven-metadata.xml in local (/home/spirals/danglot/.m2/repository)
[DEBUG] Skipped remote request for org.eclipse.platform:org.eclipse.equinox.preferences/maven-metadata.xml, locally cached metadata up-to-date.
[DEBUG] Failure to find org.eclipse.platform:org.eclipse.equinox.preferences/maven-metadata.xml in https://repo.gradle.org/gradle/libs-releases-local/ was cached in the local repository, resolution will not be reattempted until the update interval of gradle-repo has elapsed or updates are forced
[DEBUG] Failure to find org.eclipse.platform:org.eclipse.equinox.preferences/maven-metadata.xml in https://oss.sonatype.org/content/repositories/snapshots was cached in the local repository, resolution will not be reattempted until the update interval of sonatype-nexus-snapshots has elapsed or updates are forced
[DEBUG] Failure to find org.eclipse.platform:org.eclipse.equinox.preferences/maven-metadata.xml in http://maven.inria.fr/artifactory/spoon-public-snapshot was cached in the local repository, resolution will not be reattempted until the update interval of maven.inria.fr-snapshot has elapsed or updates are forced
[DEBUG] Using transporter WagonTransporter with priority -1.0 for https://stamp-project.github.io/stamp-maven-repository/
[DEBUG] Using connector BasicRepositoryConnector with priority 0.0 for https://stamp-project.github.io/stamp-maven-repository/
Downloading from stamp-maven-repository-mvn-repo: https://stamp-project.github.io/stamp-maven-repository/org/eclipse/platform/org.eclipse.equinox.preferences/maven-metadata.xml
[DEBUG] Writing tracking file /home/spirals/danglot/.m2/repository/org/eclipse/platform/org.eclipse.equinox.preferences/resolver-status.properties
[DEBUG] Could not find metadata org.eclipse.platform:org.eclipse.equinox.preferences/maven-metadata.xml in stamp-maven-repository-mvn-repo (https://stamp-project.github.io/stamp-maven-repository/)
[DEBUG] Could not find metadata org.eclipse.platform:org.eclipse.equinox.common/maven-metadata.xml in local (/home/spirals/danglot/.m2/repository)
[DEBUG] Skipped remote request for org.eclipse.platform:org.eclipse.equinox.common/maven-metadata.xml, locally cached metadata up-to-date.
[DEBUG] Skipped remote request for org.eclipse.platform:org.eclipse.equinox.common/maven-metadata.xml, already updated during this session.
[DEBUG] Failure to find org.eclipse.platform:org.eclipse.equinox.common/maven-metadata.xml in https://stamp-project.github.io/stamp-maven-repository/ was cached in the local repository, resolution will not be reattempted until the update interval of stamp-maven-repository-mvn-repo has elapsed or updates are forced
[DEBUG] Failure to find org.eclipse.platform:org.eclipse.equinox.common/maven-metadata.xml in https://repo.gradle.org/gradle/libs-releases-local/ was cached in the local repository, resolution will not be reattempted until the update interval of gradle-repo has elapsed or updates are forced
[DEBUG] Failure to find org.eclipse.platform:org.eclipse.equinox.common/maven-metadata.xml in https://oss.sonatype.org/content/repositories/snapshots was cached in the local repository, resolution will not be reattempted until the update interval of sonatype-nexus-snapshots has elapsed or updates are forced
[DEBUG] Failure to find org.eclipse.platform:org.eclipse.equinox.common/maven-metadata.xml in http://maven.inria.fr/artifactory/spoon-public-snapshot was cached in the local repository, resolution will not be reattempted until the update interval of maven.inria.fr-snapshot has elapsed or updates are forced
[DEBUG] Could not find metadata org.eclipse.platform:org.eclipse.core.contenttype/maven-metadata.xml in local (/home/spirals/danglot/.m2/repository)
[DEBUG] Skipped remote request for org.eclipse.platform:org.eclipse.core.contenttype/maven-metadata.xml, locally cached metadata up-to-date.
[DEBUG] Failure to find org.eclipse.platform:org.eclipse.core.contenttype/maven-metadata.xml in https://repo.gradle.org/gradle/libs-releases-local/ was cached in the local repository, resolution will not be reattempted until the update interval of gradle-repo has elapsed or updates are forced
[DEBUG] Failure to find org.eclipse.platform:org.eclipse.core.contenttype/maven-metadata.xml in https://oss.sonatype.org/content/repositories/snapshots was cached in the local repository, resolution will not be reattempted until the update interval of sonatype-nexus-snapshots has elapsed or updates are forced
[DEBUG] Failure to find org.eclipse.platform:org.eclipse.core.contenttype/maven-metadata.xml in http://maven.inria.fr/artifactory/spoon-public-snapshot was cached in the local repository, resolution will not be reattempted until the update interval of maven.inria.fr-snapshot has elapsed or updates are forced
[DEBUG] Using transporter WagonTransporter with priority -1.0 for https://stamp-project.github.io/stamp-maven-repository/
[DEBUG] Using connector BasicRepositoryConnector with priority 0.0 for https://stamp-project.github.io/stamp-maven-repository/
Downloading from stamp-maven-repository-mvn-repo: https://stamp-project.github.io/stamp-maven-repository/org/eclipse/platform/org.eclipse.core.contenttype/maven-metadata.xml
[DEBUG] Writing tracking file /home/spirals/danglot/.m2/repository/org/eclipse/platform/org.eclipse.core.contenttype/resolver-status.properties
[DEBUG] Could not find metadata org.eclipse.platform:org.eclipse.core.contenttype/maven-metadata.xml in stamp-maven-repository-mvn-repo (https://stamp-project.github.io/stamp-maven-repository/)
[DEBUG] Could not find metadata org.eclipse.platform:org.eclipse.equinox.preferences/maven-metadata.xml in local (/home/spirals/danglot/.m2/repository)
[DEBUG] Skipped remote request for org.eclipse.platform:org.eclipse.equinox.preferences/maven-metadata.xml, locally cached metadata up-to-date.
[DEBUG] Skipped remote request for org.eclipse.platform:org.eclipse.equinox.preferences/maven-metadata.xml, already updated during this session.
[DEBUG] Failure to find org.eclipse.platform:org.eclipse.equinox.preferences/maven-metadata.xml in https://stamp-project.github.io/stamp-maven-repository/ was cached in the local repository, resolution will not be reattempted until the update interval of stamp-maven-repository-mvn-repo has elapsed or updates are forced
[DEBUG] Failure to find org.eclipse.platform:org.eclipse.equinox.preferences/maven-metadata.xml in https://repo.gradle.org/gradle/libs-releases-local/ was cached in the local repository, resolution will not be reattempted until the update interval of gradle-repo has elapsed or updates are forced
[DEBUG] Failure to find org.eclipse.platform:org.eclipse.equinox.preferences/maven-metadata.xml in https://oss.sonatype.org/content/repositories/snapshots was cached in the local repository, resolution will not be reattempted until the update interval of sonatype-nexus-snapshots has elapsed or updates are forced
[DEBUG] Failure to find org.eclipse.platform:org.eclipse.equinox.preferences/maven-metadata.xml in http://maven.inria.fr/artifactory/spoon-public-snapshot was cached in the local repository, resolution will not be reattempted until the update interval of maven.inria.fr-snapshot has elapsed or updates are forced
[DEBUG] Could not find metadata org.eclipse.platform:org.eclipse.equinox.registry/maven-metadata.xml in local (/home/spirals/danglot/.m2/repository)
[DEBUG] Skipped remote request for org.eclipse.platform:org.eclipse.equinox.registry/maven-metadata.xml, locally cached metadata up-to-date.
[DEBUG] Skipped remote request for org.eclipse.platform:org.eclipse.equinox.registry/maven-metadata.xml, already updated during this session.
[DEBUG] Failure to find org.eclipse.platform:org.eclipse.equinox.registry/maven-metadata.xml in https://stamp-project.github.io/stamp-maven-repository/ was cached in the local repository, resolution will not be reattempted until the update interval of stamp-maven-repository-mvn-repo has elapsed or updates are forced
[DEBUG] Failure to find org.eclipse.platform:org.eclipse.equinox.registry/maven-metadata.xml in https://repo.gradle.org/gradle/libs-releases-local/ was cached in the local repository, resolution will not be reattempted until the update interval of gradle-repo has elapsed or updates are forced
[DEBUG] Failure to find org.eclipse.platform:org.eclipse.equinox.registry/maven-metadata.xml in https://oss.sonatype.org/content/repositories/snapshots was cached in the local repository, resolution will not be reattempted until the update interval of sonatype-nexus-snapshots has elapsed or updates are forced
[DEBUG] Failure to find org.eclipse.platform:org.eclipse.equinox.registry/maven-metadata.xml in http://maven.inria.fr/artifactory/spoon-public-snapshot was cached in the local repository, resolution will not be reattempted until the update interval of maven.inria.fr-snapshot has elapsed or updates are forced
[DEBUG] Could not find metadata org.eclipse.platform:org.eclipse.equinox.app/maven-metadata.xml in local (/home/spirals/danglot/.m2/repository)
[DEBUG] Skipped remote request for org.eclipse.platform:org.eclipse.equinox.app/maven-metadata.xml, locally cached metadata up-to-date.
[DEBUG] Failure to find org.eclipse.platform:org.eclipse.equinox.app/maven-metadata.xml in https://repo.gradle.org/gradle/libs-releases-local/ was cached in the local repository, resolution will not be reattempted until the update interval of gradle-repo has elapsed or updates are forced
[DEBUG] Failure to find org.eclipse.platform:org.eclipse.equinox.app/maven-metadata.xml in https://oss.sonatype.org/content/repositories/snapshots was cached in the local repository, resolution will not be reattempted until the update interval of sonatype-nexus-snapshots has elapsed or updates are forced
[DEBUG] Failure to find org.eclipse.platform:org.eclipse.equinox.app/maven-metadata.xml in http://maven.inria.fr/artifactory/spoon-public-snapshot was cached in the local repository, resolution will not be reattempted until the update interval of maven.inria.fr-snapshot has elapsed or updates are forced
[DEBUG] Using transporter WagonTransporter with priority -1.0 for https://stamp-project.github.io/stamp-maven-repository/
[DEBUG] Using connector BasicRepositoryConnector with priority 0.0 for https://stamp-project.github.io/stamp-maven-repository/
Downloading from stamp-maven-repository-mvn-repo: https://stamp-project.github.io/stamp-maven-repository/org/eclipse/platform/org.eclipse.equinox.app/maven-metadata.xml
[DEBUG] Writing tracking file /home/spirals/danglot/.m2/repository/org/eclipse/platform/org.eclipse.equinox.app/resolver-status.properties
[DEBUG] Could not find metadata org.eclipse.platform:org.eclipse.equinox.app/maven-metadata.xml in stamp-maven-repository-mvn-repo (https://stamp-project.github.io/stamp-maven-repository/)
[DEBUG] Could not find metadata org.eclipse.platform:org.eclipse.equinox.registry/maven-metadata.xml in local (/home/spirals/danglot/.m2/repository)
[DEBUG] Skipped remote request for org.eclipse.platform:org.eclipse.equinox.registry/maven-metadata.xml, locally cached metadata up-to-date.
[DEBUG] Skipped remote request for org.eclipse.platform:org.eclipse.equinox.registry/maven-metadata.xml, already updated during this session.
[DEBUG] Failure to find org.eclipse.platform:org.eclipse.equinox.registry/maven-metadata.xml in https://stamp-project.github.io/stamp-maven-repository/ was cached in the local repository, resolution will not be reattempted until the update interval of stamp-maven-repository-mvn-repo has elapsed or updates are forced
[DEBUG] Failure to find org.eclipse.platform:org.eclipse.equinox.registry/maven-metadata.xml in https://repo.gradle.org/gradle/libs-releases-local/ was cached in the local repository, resolution will not be reattempted until the update interval of gradle-repo has elapsed or updates are forced
[DEBUG] Failure to find org.eclipse.platform:org.eclipse.equinox.registry/maven-metadata.xml in https://oss.sonatype.org/content/repositories/snapshots was cached in the local repository, resolution will not be reattempted until the update interval of sonatype-nexus-snapshots has elapsed or updates are forced
[DEBUG] Failure to find org.eclipse.platform:org.eclipse.equinox.registry/maven-metadata.xml in http://maven.inria.fr/artifactory/spoon-public-snapshot was cached in the local repository, resolution will not be reattempted until the update interval of maven.inria.fr-snapshot has elapsed or updates are forced
[DEBUG] Could not find metadata org.eclipse.platform:org.eclipse.osgi/maven-metadata.xml in local (/home/spirals/danglot/.m2/repository)
[DEBUG] Skipped remote request for org.eclipse.platform:org.eclipse.osgi/maven-metadata.xml, locally cached metadata up-to-date.
[DEBUG] Skipped remote request for org.eclipse.platform:org.eclipse.osgi/maven-metadata.xml, already updated during this session.
[DEBUG] Failure to find org.eclipse.platform:org.eclipse.osgi/maven-metadata.xml in https://stamp-project.github.io/stamp-maven-repository/ was cached in the local repository, resolution will not be reattempted until the update interval of stamp-maven-repository-mvn-repo has elapsed or updates are forced
[DEBUG] Failure to find org.eclipse.platform:org.eclipse.osgi/maven-metadata.xml in https://repo.gradle.org/gradle/libs-releases-local/ was cached in the local repository, resolution will not be reattempted until the update interval of gradle-repo has elapsed or updates are forced
[DEBUG] Failure to find org.eclipse.platform:org.eclipse.osgi/maven-metadata.xml in https://oss.sonatype.org/content/repositories/snapshots was cached in the local repository, resolution will not be reattempted until the update interval of sonatype-nexus-snapshots has elapsed or updates are forced
[DEBUG] Failure to find org.eclipse.platform:org.eclipse.osgi/maven-metadata.xml in http://maven.inria.fr/artifactory/spoon-public-snapshot was cached in the local repository, resolution will not be reattempted until the update interval of maven.inria.fr-snapshot has elapsed or updates are forced
[DEBUG] Could not find metadata org.eclipse.platform:org.eclipse.equinox.common/maven-metadata.xml in local (/home/spirals/danglot/.m2/repository)
[DEBUG] Skipped remote request for org.eclipse.platform:org.eclipse.equinox.common/maven-metadata.xml, locally cached metadata up-to-date.
[DEBUG] Skipped remote request for org.eclipse.platform:org.eclipse.equinox.common/maven-metadata.xml, already updated during this session.
[DEBUG] Failure to find org.eclipse.platform:org.eclipse.equinox.common/maven-metadata.xml in https://stamp-project.github.io/stamp-maven-repository/ was cached in the local repository, resolution will not be reattempted until the update interval of stamp-maven-repository-mvn-repo has elapsed or updates are forced
[DEBUG] Failure to find org.eclipse.platform:org.eclipse.equinox.common/maven-metadata.xml in https://repo.gradle.org/gradle/libs-releases-local/ was cached in the local repository, resolution will not be reattempted until the update interval of gradle-repo has elapsed or updates are forced
[DEBUG] Failure to find org.eclipse.platform:org.eclipse.equinox.common/maven-metadata.xml in https://oss.sonatype.org/content/repositories/snapshots was cached in the local repository, resolution will not be reattempted until the update interval of sonatype-nexus-snapshots has elapsed or updates are forced
[DEBUG] Failure to find org.eclipse.platform:org.eclipse.equinox.common/maven-metadata.xml in http://maven.inria.fr/artifactory/spoon-public-snapshot was cached in the local repository, resolution will not be reattempted until the update interval of maven.inria.fr-snapshot has elapsed or updates are forced
[DEBUG] Could not find metadata org.eclipse.platform:org.eclipse.core.jobs/maven-metadata.xml in local (/home/spirals/danglot/.m2/repository)
[DEBUG] Skipped remote request for org.eclipse.platform:org.eclipse.core.jobs/maven-metadata.xml, locally cached metadata up-to-date.
[DEBUG] Skipped remote request for org.eclipse.platform:org.eclipse.core.jobs/maven-metadata.xml, already updated during this session.
[DEBUG] Failure to find org.eclipse.platform:org.eclipse.core.jobs/maven-metadata.xml in https://stamp-project.github.io/stamp-maven-repository/ was cached in the local repository, resolution will not be reattempted until the update interval of stamp-maven-repository-mvn-repo has elapsed or updates are forced
[DEBUG] Failure to find org.eclipse.platform:org.eclipse.core.jobs/maven-metadata.xml in https://repo.gradle.org/gradle/libs-releases-local/ was cached in the local repository, resolution will not be reattempted until the update interval of gradle-repo has elapsed or updates are forced
[DEBUG] Failure to find org.eclipse.platform:org.eclipse.core.jobs/maven-metadata.xml in https://oss.sonatype.org/content/repositories/snapshots was cached in the local repository, resolution will not be reattempted until the update interval of sonatype-nexus-snapshots has elapsed or updates are forced
[DEBUG] Failure to find org.eclipse.platform:org.eclipse.core.jobs/maven-metadata.xml in http://maven.inria.fr/artifactory/spoon-public-snapshot was cached in the local repository, resolution will not be reattempted until the update interval of maven.inria.fr-snapshot has elapsed or updates are forced
[DEBUG] Could not find metadata org.eclipse.platform:org.eclipse.equinox.preferences/maven-metadata.xml in local (/home/spirals/danglot/.m2/repository)
[DEBUG] Skipped remote request for org.eclipse.platform:org.eclipse.equinox.preferences/maven-metadata.xml, locally cached metadata up-to-date.
[DEBUG] Skipped remote request for org.eclipse.platform:org.eclipse.equinox.preferences/maven-metadata.xml, already updated during this session.
[DEBUG] Failure to find org.eclipse.platform:org.eclipse.equinox.preferences/maven-metadata.xml in https://stamp-project.github.io/stamp-maven-repository/ was cached in the local repository, resolution will not be reattempted until the update interval of stamp-maven-repository-mvn-repo has elapsed or updates are forced
[DEBUG] Failure to find org.eclipse.platform:org.eclipse.equinox.preferences/maven-metadata.xml in https://repo.gradle.org/gradle/libs-releases-local/ was cached in the local repository, resolution will not be reattempted until the update interval of gradle-repo has elapsed or updates are forced
[DEBUG] Failure to find org.eclipse.platform:org.eclipse.equinox.preferences/maven-metadata.xml in https://oss.sonatype.org/content/repositories/snapshots was cached in the local repository, resolution will not be reattempted until the update interval of sonatype-nexus-snapshots has elapsed or updates are forced
[DEBUG] Failure to find org.eclipse.platform:org.eclipse.equinox.preferences/maven-metadata.xml in http://maven.inria.fr/artifactory/spoon-public-snapshot was cached in the local repository, resolution will not be reattempted until the update interval of maven.inria.fr-snapshot has elapsed or updates are forced
[DEBUG] Could not find metadata org.eclipse.platform:org.eclipse.core.contenttype/maven-metadata.xml in local (/home/spirals/danglot/.m2/repository)
[DEBUG] Skipped remote request for org.eclipse.platform:org.eclipse.core.contenttype/maven-metadata.xml, locally cached metadata up-to-date.
[DEBUG] Skipped remote request for org.eclipse.platform:org.eclipse.core.contenttype/maven-metadata.xml, already updated during this session.
[DEBUG] Failure to find org.eclipse.platform:org.eclipse.core.contenttype/maven-metadata.xml in https://stamp-project.github.io/stamp-maven-repository/ was cached in the local repository, resolution will not be reattempted until the update interval of stamp-maven-repository-mvn-repo has elapsed or updates are forced
[DEBUG] Failure to find org.eclipse.platform:org.eclipse.core.contenttype/maven-metadata.xml in https://repo.gradle.org/gradle/libs-releases-local/ was cached in the local repository, resolution will not be reattempted until the update interval of gradle-repo has elapsed or updates are forced
[DEBUG] Failure to find org.eclipse.platform:org.eclipse.core.contenttype/maven-metadata.xml in https://oss.sonatype.org/content/repositories/snapshots was cached in the local repository, resolution will not be reattempted until the update interval of sonatype-nexus-snapshots has elapsed or updates are forced
[DEBUG] Failure to find org.eclipse.platform:org.eclipse.core.contenttype/maven-metadata.xml in http://maven.inria.fr/artifactory/spoon-public-snapshot was cached in the local repository, resolution will not be reattempted until the update interval of maven.inria.fr-snapshot has elapsed or updates are forced
[DEBUG] Could not find metadata org.eclipse.platform:org.eclipse.equinox.app/maven-metadata.xml in local (/home/spirals/danglot/.m2/repository)
[DEBUG] Skipped remote request for org.eclipse.platform:org.eclipse.equinox.app/maven-metadata.xml, locally cached metadata up-to-date.
[DEBUG] Skipped remote request for org.eclipse.platform:org.eclipse.equinox.app/maven-metadata.xml, already updated during this session.
[DEBUG] Failure to find org.eclipse.platform:org.eclipse.equinox.app/maven-metadata.xml in https://stamp-project.github.io/stamp-maven-repository/ was cached in the local repository, resolution will not be reattempted until the update interval of stamp-maven-repository-mvn-repo has elapsed or updates are forced
[DEBUG] Failure to find org.eclipse.platform:org.eclipse.equinox.app/maven-metadata.xml in https://repo.gradle.org/gradle/libs-releases-local/ was cached in the local repository, resolution will not be reattempted until the update interval of gradle-repo has elapsed or updates are forced
[DEBUG] Failure to find org.eclipse.platform:org.eclipse.equinox.app/maven-metadata.xml in https://oss.sonatype.org/content/repositories/snapshots was cached in the local repository, resolution will not be reattempted until the update interval of sonatype-nexus-snapshots has elapsed or updates are forced
[DEBUG] Failure to find org.eclipse.platform:org.eclipse.equinox.app/maven-metadata.xml in http://maven.inria.fr/artifactory/spoon-public-snapshot was cached in the local repository, resolution will not be reattempted until the update interval of maven.inria.fr-snapshot has elapsed or updates are forced
[DEBUG] Could not find metadata org.eclipse.platform:org.eclipse.core.filesystem/maven-metadata.xml in local (/home/spirals/danglot/.m2/repository)
[DEBUG] Skipped remote request for org.eclipse.platform:org.eclipse.core.filesystem/maven-metadata.xml, locally cached metadata up-to-date.
[DEBUG] Failure to find org.eclipse.platform:org.eclipse.core.filesystem/maven-metadata.xml in https://repo.gradle.org/gradle/libs-releases-local/ was cached in the local repository, resolution will not be reattempted until the update interval of gradle-repo has elapsed or updates are forced
[DEBUG] Failure to find org.eclipse.platform:org.eclipse.core.filesystem/maven-metadata.xml in https://oss.sonatype.org/content/repositories/snapshots was cached in the local repository, resolution will not be reattempted until the update interval of sonatype-nexus-snapshots has elapsed or updates are forced
[DEBUG] Failure to find org.eclipse.platform:org.eclipse.core.filesystem/maven-metadata.xml in http://maven.inria.fr/artifactory/spoon-public-snapshot was cached in the local repository, resolution will not be reattempted until the update interval of maven.inria.fr-snapshot has elapsed or updates are forced
[DEBUG] Using transporter WagonTransporter with priority -1.0 for https://stamp-project.github.io/stamp-maven-repository/
[DEBUG] Using connector BasicRepositoryConnector with priority 0.0 for https://stamp-project.github.io/stamp-maven-repository/
Downloading from stamp-maven-repository-mvn-repo: https://stamp-project.github.io/stamp-maven-repository/org/eclipse/platform/org.eclipse.core.filesystem/maven-metadata.xml
[DEBUG] Writing tracking file /home/spirals/danglot/.m2/repository/org/eclipse/platform/org.eclipse.core.filesystem/resolver-status.properties
[DEBUG] Could not find metadata org.eclipse.platform:org.eclipse.core.filesystem/maven-metadata.xml in stamp-maven-repository-mvn-repo (https://stamp-project.github.io/stamp-maven-repository/)
[DEBUG] Could not find metadata org.eclipse.platform:org.eclipse.osgi/maven-metadata.xml in local (/home/spirals/danglot/.m2/repository)
[DEBUG] Skipped remote request for org.eclipse.platform:org.eclipse.osgi/maven-metadata.xml, locally cached metadata up-to-date.
[DEBUG] Skipped remote request for org.eclipse.platform:org.eclipse.osgi/maven-metadata.xml, already updated during this session.
[DEBUG] Failure to find org.eclipse.platform:org.eclipse.osgi/maven-metadata.xml in https://stamp-project.github.io/stamp-maven-repository/ was cached in the local repository, resolution will not be reattempted until the update interval of stamp-maven-repository-mvn-repo has elapsed or updates are forced
[DEBUG] Failure to find org.eclipse.platform:org.eclipse.osgi/maven-metadata.xml in https://repo.gradle.org/gradle/libs-releases-local/ was cached in the local repository, resolution will not be reattempted until the update interval of gradle-repo has elapsed or updates are forced
[DEBUG] Failure to find org.eclipse.platform:org.eclipse.osgi/maven-metadata.xml in https://oss.sonatype.org/content/repositories/snapshots was cached in the local repository, resolution will not be reattempted until the update interval of sonatype-nexus-snapshots has elapsed or updates are forced
[DEBUG] Failure to find org.eclipse.platform:org.eclipse.osgi/maven-metadata.xml in http://maven.inria.fr/artifactory/spoon-public-snapshot was cached in the local repository, resolution will not be reattempted until the update interval of maven.inria.fr-snapshot has elapsed or updates are forced
[DEBUG] Could not find metadata org.eclipse.platform:org.eclipse.core.runtime/maven-metadata.xml in local (/home/spirals/danglot/.m2/repository)
[DEBUG] Skipped remote request for org.eclipse.platform:org.eclipse.core.runtime/maven-metadata.xml, locally cached metadata up-to-date.
[DEBUG] Skipped remote request for org.eclipse.platform:org.eclipse.core.runtime/maven-metadata.xml, already updated during this session.
[DEBUG] Failure to find org.eclipse.platform:org.eclipse.core.runtime/maven-metadata.xml in https://stamp-project.github.io/stamp-maven-repository/ was cached in the local repository, resolution will not be reattempted until the update interval of stamp-maven-repository-mvn-repo has elapsed or updates are forced
[DEBUG] Failure to find org.eclipse.platform:org.eclipse.core.runtime/maven-metadata.xml in https://repo.gradle.org/gradle/libs-releases-local/ was cached in the local repository, resolution will not be reattempted until the update interval of gradle-repo has elapsed or updates are forced
[DEBUG] Failure to find org.eclipse.platform:org.eclipse.core.runtime/maven-metadata.xml in https://oss.sonatype.org/content/repositories/snapshots was cached in the local repository, resolution will not be reattempted until the update interval of sonatype-nexus-snapshots has elapsed or updates are forced
[DEBUG] Failure to find org.eclipse.platform:org.eclipse.core.runtime/maven-metadata.xml in http://maven.inria.fr/artifactory/spoon-public-snapshot was cached in the local repository, resolution will not be reattempted until the update interval of maven.inria.fr-snapshot has elapsed or updates are forced
[DEBUG] Could not find metadata org.eclipse.platform:org.eclipse.core.runtime/maven-metadata.xml in local (/home/spirals/danglot/.m2/repository)
[DEBUG] Skipped remote request for org.eclipse.platform:org.eclipse.core.runtime/maven-metadata.xml, locally cached metadata up-to-date.
[DEBUG] Skipped remote request for org.eclipse.platform:org.eclipse.core.runtime/maven-metadata.xml, already updated during this session.
[DEBUG] Failure to find org.eclipse.platform:org.eclipse.core.runtime/maven-metadata.xml in https://stamp-project.github.io/stamp-maven-repository/ was cached in the local repository, resolution will not be reattempted until the update interval of stamp-maven-repository-mvn-repo has elapsed or updates are forced
[DEBUG] Failure to find org.eclipse.platform:org.eclipse.core.runtime/maven-metadata.xml in https://repo.gradle.org/gradle/libs-releases-local/ was cached in the local repository, resolution will not be reattempted until the update interval of gradle-repo has elapsed or updates are forced
[DEBUG] Failure to find org.eclipse.platform:org.eclipse.core.runtime/maven-metadata.xml in https://oss.sonatype.org/content/repositories/snapshots was cached in the local repository, resolution will not be reattempted until the update interval of sonatype-nexus-snapshots has elapsed or updates are forced
[DEBUG] Failure to find org.eclipse.platform:org.eclipse.core.runtime/maven-metadata.xml in http://maven.inria.fr/artifactory/spoon-public-snapshot was cached in the local repository, resolution will not be reattempted until the update interval of maven.inria.fr-snapshot has elapsed or updates are forced
[DEBUG] Could not find metadata org.eclipse.platform:org.eclipse.core.filesystem/maven-metadata.xml in local (/home/spirals/danglot/.m2/repository)
[DEBUG] Skipped remote request for org.eclipse.platform:org.eclipse.core.filesystem/maven-metadata.xml, locally cached metadata up-to-date.
[DEBUG] Skipped remote request for org.eclipse.platform:org.eclipse.core.filesystem/maven-metadata.xml, already updated during this session.
[DEBUG] Failure to find org.eclipse.platform:org.eclipse.core.filesystem/maven-metadata.xml in https://stamp-project.github.io/stamp-maven-repository/ was cached in the local repository, resolution will not be reattempted until the update interval of stamp-maven-repository-mvn-repo has elapsed or updates are forced
[DEBUG] Failure to find org.eclipse.platform:org.eclipse.core.filesystem/maven-metadata.xml in https://repo.gradle.org/gradle/libs-releases-local/ was cached in the local repository, resolution will not be reattempted until the update interval of gradle-repo has elapsed or updates are forced
[DEBUG] Failure to find org.eclipse.platform:org.eclipse.core.filesystem/maven-metadata.xml in https://oss.sonatype.org/content/repositories/snapshots was cached in the local repository, resolution will not be reattempted until the update interval of sonatype-nexus-snapshots has elapsed or updates are forced
[DEBUG] Failure to find org.eclipse.platform:org.eclipse.core.filesystem/maven-metadata.xml in http://maven.inria.fr/artifactory/spoon-public-snapshot was cached in the local repository, resolution will not be reattempted until the update interval of maven.inria.fr-snapshot has elapsed or updates are forced
[DEBUG] Could not find metadata org.eclipse.platform:org.eclipse.text/maven-metadata.xml in local (/home/spirals/danglot/.m2/repository)
[DEBUG] Skipped remote request for org.eclipse.platform:org.eclipse.text/maven-metadata.xml, locally cached metadata up-to-date.
[DEBUG] Failure to find org.eclipse.platform:org.eclipse.text/maven-metadata.xml in https://repo.gradle.org/gradle/libs-releases-local/ was cached in the local repository, resolution will not be reattempted until the update interval of gradle-repo has elapsed or updates are forced
[DEBUG] Failure to find org.eclipse.platform:org.eclipse.text/maven-metadata.xml in https://oss.sonatype.org/content/repositories/snapshots was cached in the local repository, resolution will not be reattempted until the update interval of sonatype-nexus-snapshots has elapsed or updates are forced
[DEBUG] Failure to find org.eclipse.platform:org.eclipse.text/maven-metadata.xml in http://maven.inria.fr/artifactory/spoon-public-snapshot was cached in the local repository, resolution will not be reattempted until the update interval of maven.inria.fr-snapshot has elapsed or updates are forced
[DEBUG] Using transporter WagonTransporter with priority -1.0 for https://stamp-project.github.io/stamp-maven-repository/
[DEBUG] Using connector BasicRepositoryConnector with priority 0.0 for https://stamp-project.github.io/stamp-maven-repository/
Downloading from stamp-maven-repository-mvn-repo: https://stamp-project.github.io/stamp-maven-repository/org/eclipse/platform/org.eclipse.text/maven-metadata.xml
[DEBUG] Writing tracking file /home/spirals/danglot/.m2/repository/org/eclipse/platform/org.eclipse.text/resolver-status.properties
[DEBUG] Could not find metadata org.eclipse.platform:org.eclipse.text/maven-metadata.xml in stamp-maven-repository-mvn-repo (https://stamp-project.github.io/stamp-maven-repository/)
[DEBUG] Could not find metadata org.eclipse.platform:org.eclipse.core.commands/maven-metadata.xml in local (/home/spirals/danglot/.m2/repository)
[DEBUG] Skipped remote request for org.eclipse.platform:org.eclipse.core.commands/maven-metadata.xml, locally cached metadata up-to-date.
[DEBUG] Failure to find org.eclipse.platform:org.eclipse.core.commands/maven-metadata.xml in https://repo.gradle.org/gradle/libs-releases-local/ was cached in the local repository, resolution will not be reattempted until the update interval of gradle-repo has elapsed or updates are forced
[DEBUG] Failure to find org.eclipse.platform:org.eclipse.core.commands/maven-metadata.xml in https://oss.sonatype.org/content/repositories/snapshots was cached in the local repository, resolution will not be reattempted until the update interval of sonatype-nexus-snapshots has elapsed or updates are forced
[DEBUG] Failure to find org.eclipse.platform:org.eclipse.core.commands/maven-metadata.xml in http://maven.inria.fr/artifactory/spoon-public-snapshot was cached in the local repository, resolution will not be reattempted until the update interval of maven.inria.fr-snapshot has elapsed or updates are forced
[DEBUG] Using transporter WagonTransporter with priority -1.0 for https://stamp-project.github.io/stamp-maven-repository/
[DEBUG] Using connector BasicRepositoryConnector with priority 0.0 for https://stamp-project.github.io/stamp-maven-repository/
Downloading from stamp-maven-repository-mvn-repo: https://stamp-project.github.io/stamp-maven-repository/org/eclipse/platform/org.eclipse.core.commands/maven-metadata.xml
[DEBUG] Writing tracking file /home/spirals/danglot/.m2/repository/org/eclipse/platform/org.eclipse.core.commands/resolver-status.properties
[DEBUG] Could not find metadata org.eclipse.platform:org.eclipse.core.commands/maven-metadata.xml in stamp-maven-repository-mvn-repo (https://stamp-project.github.io/stamp-maven-repository/)
[DEBUG] Could not find metadata org.eclipse.platform:org.eclipse.equinox.common/maven-metadata.xml in local (/home/spirals/danglot/.m2/repository)
[DEBUG] Skipped remote request for org.eclipse.platform:org.eclipse.equinox.common/maven-metadata.xml, locally cached metadata up-to-date.
[DEBUG] Skipped remote request for org.eclipse.platform:org.eclipse.equinox.common/maven-metadata.xml, already updated during this session.
[DEBUG] Failure to find org.eclipse.platform:org.eclipse.equinox.common/maven-metadata.xml in https://stamp-project.github.io/stamp-maven-repository/ was cached in the local repository, resolution will not be reattempted until the update interval of stamp-maven-repository-mvn-repo has elapsed or updates are forced
[DEBUG] Failure to find org.eclipse.platform:org.eclipse.equinox.common/maven-metadata.xml in https://repo.gradle.org/gradle/libs-releases-local/ was cached in the local repository, resolution will not be reattempted until the update interval of gradle-repo has elapsed or updates are forced
[DEBUG] Failure to find org.eclipse.platform:org.eclipse.equinox.common/maven-metadata.xml in https://oss.sonatype.org/content/repositories/snapshots was cached in the local repository, resolution will not be reattempted until the update interval of sonatype-nexus-snapshots has elapsed or updates are forced
[DEBUG] Failure to find org.eclipse.platform:org.eclipse.equinox.common/maven-metadata.xml in http://maven.inria.fr/artifactory/spoon-public-snapshot was cached in the local repository, resolution will not be reattempted until the update interval of maven.inria.fr-snapshot has elapsed or updates are forced
[DEBUG] Could not find metadata org.eclipse.platform:org.eclipse.core.runtime/maven-metadata.xml in local (/home/spirals/danglot/.m2/repository)
[DEBUG] Skipped remote request for org.eclipse.platform:org.eclipse.core.runtime/maven-metadata.xml, locally cached metadata up-to-date.
[DEBUG] Skipped remote request for org.eclipse.platform:org.eclipse.core.runtime/maven-metadata.xml, already updated during this session.
[DEBUG] Failure to find org.eclipse.platform:org.eclipse.core.runtime/maven-metadata.xml in https://stamp-project.github.io/stamp-maven-repository/ was cached in the local repository, resolution will not be reattempted until the update interval of stamp-maven-repository-mvn-repo has elapsed or updates are forced
[DEBUG] Failure to find org.eclipse.platform:org.eclipse.core.runtime/maven-metadata.xml in https://repo.gradle.org/gradle/libs-releases-local/ was cached in the local repository, resolution will not be reattempted until the update interval of gradle-repo has elapsed or updates are forced
[DEBUG] Failure to find org.eclipse.platform:org.eclipse.core.runtime/maven-metadata.xml in https://oss.sonatype.org/content/repositories/snapshots was cached in the local repository, resolution will not be reattempted until the update interval of sonatype-nexus-snapshots has elapsed or updates are forced
[DEBUG] Failure to find org.eclipse.platform:org.eclipse.core.runtime/maven-metadata.xml in http://maven.inria.fr/artifactory/spoon-public-snapshot was cached in the local repository, resolution will not be reattempted until the update interval of maven.inria.fr-snapshot has elapsed or updates are forced
[DEBUG] Dependency collection stats: {ConflictMarker.analyzeTime=4046255, ConflictMarker.markTime=906376, ConflictMarker.nodeCount=671, ConflictIdSorter.graphTime=4570143, ConflictIdSorter.topsortTime=151376, ConflictIdSorter.conflictIdCount=97, ConflictIdSorter.conflictIdCycleCount=0, ConflictResolver.totalTime=14705615, ConflictResolver.conflictItemCount=306, DefaultDependencyCollector.collectTime=4193356647, DefaultDependencyCollector.transformTime=24521839}
[DEBUG] eu.stamp-project:dspot-maven:jar:1.1.1-SNAPSHOT:
[DEBUG]    eu.stamp-project:dspot:jar:1.1.1-SNAPSHOT:compile
[DEBUG]       fr.inria.gforge.spoon:spoon-core:jar:7.1.0-SNAPSHOT:compile
[DEBUG]          org.eclipse.jdt:org.eclipse.jdt.core:jar:3.13.102:compile
[DEBUG]             org.eclipse.platform:org.eclipse.core.resources:jar:3.13.100:compile
[DEBUG]                org.eclipse.platform:org.eclipse.core.expressions:jar:3.6.200:compile
[DEBUG]             org.eclipse.platform:org.eclipse.core.runtime:jar:3.15.0:compile
[DEBUG]                org.eclipse.platform:org.eclipse.osgi:jar:3.13.100:compile
[DEBUG]                org.eclipse.platform:org.eclipse.equinox.common:jar:3.10.100:compile
[DEBUG]                org.eclipse.platform:org.eclipse.core.jobs:jar:3.10.100:compile
[DEBUG]                org.eclipse.platform:org.eclipse.equinox.registry:jar:3.8.100:compile
[DEBUG]                org.eclipse.platform:org.eclipse.equinox.preferences:jar:3.7.200:compile
[DEBUG]                org.eclipse.platform:org.eclipse.core.contenttype:jar:3.7.100:compile
[DEBUG]                org.eclipse.platform:org.eclipse.equinox.app:jar:1.3.600:compile
[DEBUG]             org.eclipse.platform:org.eclipse.core.filesystem:jar:1.7.200:compile
[DEBUG]             org.eclipse.platform:org.eclipse.text:jar:3.7.0:compile
[DEBUG]                org.eclipse.platform:org.eclipse.core.commands:jar:3.9.200:compile
[DEBUG]          com.martiansoftware:jsap:jar:2.1:compile
[DEBUG]          log4j:log4j:jar:1.2.17:compile
[DEBUG]          com.fasterxml.jackson.core:jackson-databind:jar:2.9.2:compile
[DEBUG]             com.fasterxml.jackson.core:jackson-annotations:jar:2.9.0:compile
[DEBUG]             com.fasterxml.jackson.core:jackson-core:jar:2.9.2:compile
[DEBUG]       junit:junit:jar:4.12:compile
[DEBUG]          org.hamcrest:hamcrest-core:jar:1.3:compile
[DEBUG]       com.google.code.gson:gson:jar:2.8.0:compile
[DEBUG]       org.apache.maven.shared:maven-invoker:jar:3.0.0:compile
[DEBUG]       org.slf4j:slf4j-api:jar:1.7.25:compile
[DEBUG]       org.slf4j:slf4j-log4j12:jar:1.7.25:compile
[DEBUG]       org.jacoco:org.jacoco.core:jar:0.7.9:compile
[DEBUG]          org.ow2.asm:asm-debug-all:jar:5.2:compile
[DEBUG]       eu.stamp-project:descartes:jar:1.1:compile
[DEBUG]          org.pitest:pitest:jar:1.2.0:compile
[DEBUG]          org.pitest:pitest-entry:jar:1.2.0:compile
[DEBUG]             com.thoughtworks.xstream:xstream:jar:1.4.8:compile
[DEBUG]                xmlpull:xmlpull:jar:1.1.3.1:compile
[DEBUG]                xpp3:xpp3_min:jar:1.1.4c:compile
[DEBUG]       org.gradle:gradle-tooling-api:jar:4.0.1:compile
[DEBUG]       org.mockito:mockito-core:jar:2.10.0:compile
[DEBUG]          net.bytebuddy:byte-buddy:jar:1.7.4:runtime
[DEBUG]          net.bytebuddy:byte-buddy-agent:jar:1.7.4:runtime
[DEBUG]          org.objenesis:objenesis:jar:2.6:runtime
[DEBUG]       eu.stamp-project:test-runner:jar:jar-with-dependencies:1.1.0:compile
[DEBUG]       org.openclover:clover:jar:4.2.1:compile
[DEBUG]       fr.inria.gforge.spoon.labs:gumtree-spoon-ast-diff:jar:1.3:compile
[DEBUG]          com.github.gumtreediff:core:jar:2.0.0:compile
[DEBUG]             com.github.mpkorstanje:simmetrics-core:jar:3.0.3:compile
[DEBUG]                commons-codec:commons-codec:jar:1.10:compile
[DEBUG]             net.sf.trove4j:trove4j:jar:3.0.3:compile
[DEBUG]    org.apache.maven:maven-plugin-api:jar:3.5.0:compile
[DEBUG]       org.apache.maven:maven-artifact:jar:3.5.0:compile
[DEBUG]       org.eclipse.sisu:org.eclipse.sisu.plexus:jar:0.3.3:compile
[DEBUG]          javax.enterprise:cdi-api:jar:1.0:compile
[DEBUG]             javax.annotation:jsr250-api:jar:1.0:compile
[DEBUG]          org.eclipse.sisu:org.eclipse.sisu.inject:jar:0.3.3:compile
[DEBUG]    org.apache.maven.plugin-testing:maven-plugin-testing-harness:jar:3.3.0:compile
[DEBUG]       commons-io:commons-io:jar:2.2:compile
[DEBUG]       org.codehaus.plexus:plexus-archiver:jar:2.2:compile
[DEBUG]          org.codehaus.plexus:plexus-io:jar:2.0.4:compile
[DEBUG]    org.apache.maven:maven-compat:jar:3.5.0:compile
[DEBUG]       org.apache.maven:maven-model-builder:jar:3.5.0:compile
[DEBUG]          org.apache.maven:maven-builder-support:jar:3.5.0:compile
[DEBUG]          com.google.guava:guava:jar:20.0:compile
[DEBUG]       org.apache.maven:maven-settings:jar:3.5.0:compile
[DEBUG]       org.apache.maven:maven-resolver-provider:jar:3.5.0:compile
[DEBUG]       org.apache.maven.resolver:maven-resolver-api:jar:1.0.3:compile
[DEBUG]       org.apache.maven.resolver:maven-resolver-util:jar:1.0.3:compile
[DEBUG]       org.apache.maven.resolver:maven-resolver-impl:jar:1.0.3:compile
[DEBUG]       org.codehaus.plexus:plexus-utils:jar:3.0.24:compile
[DEBUG]       org.codehaus.plexus:plexus-interpolation:jar:1.24:compile
[DEBUG]       org.codehaus.plexus:plexus-component-annotations:jar:1.7.1:compile
[DEBUG]       org.apache.maven.wagon:wagon-provider-api:jar:2.12:compile
[DEBUG]    org.apache.maven:maven-core:jar:3.5.0:compile
[DEBUG]       org.apache.maven:maven-settings-builder:jar:3.5.0:compile
[DEBUG]       org.apache.maven:maven-repository-metadata:jar:3.5.0:compile
[DEBUG]       org.apache.maven.resolver:maven-resolver-spi:jar:1.0.3:compile
[DEBUG]       org.apache.maven.shared:maven-shared-utils:jar:3.1.0:compile
[DEBUG]       com.google.inject:guice:jar:no_aop:4.0:compile
[DEBUG]          javax.inject:javax.inject:jar:1:compile
[DEBUG]          aopalliance:aopalliance:jar:1.0:compile
[DEBUG]       org.codehaus.plexus:plexus-classworlds:jar:2.5.2:compile
[DEBUG]       org.sonatype.plexus:plexus-sec-dispatcher:jar:1.4:compile
[DEBUG]          org.sonatype.plexus:plexus-cipher:jar:1.4:compile
[DEBUG]       org.apache.commons:commons-lang3:jar:3.5:compile
[DEBUG]    org.apache.maven:maven-model:jar:3.5.0:compile
[DEBUG]    org.apache.maven:maven-aether-provider:jar:3.3.9:compile
[DEBUG]       org.eclipse.aether:aether-api:jar:1.0.2.v20150114:compile
[DEBUG]       org.eclipse.aether:aether-spi:jar:1.0.2.v20150114:compile
[DEBUG]       org.eclipse.aether:aether-util:jar:1.0.2.v20150114:compile
[DEBUG]       org.eclipse.aether:aether-impl:jar:1.0.2.v20150114:compile
[DEBUG]    org.apache.maven:maven-project:jar:2.2.1:compile
[DEBUG]       org.apache.maven:maven-profile:jar:2.2.1:compile
[DEBUG]       org.apache.maven:maven-artifact-manager:jar:2.2.1:compile
[DEBUG]          backport-util-concurrent:backport-util-concurrent:jar:3.1:compile
[DEBUG]       org.apache.maven:maven-plugin-registry:jar:2.2.1:compile
[DEBUG]       org.codehaus.plexus:plexus-container-default:jar:1.0-alpha-9-stable-1:compile
[DEBUG]          classworlds:classworlds:jar:1.1-alpha-2:compile
[DEBUG] Created new class realm plugin>eu.stamp-project:dspot-maven:1.1.1-SNAPSHOT
[DEBUG] Importing foreign packages into class realm plugin>eu.stamp-project:dspot-maven:1.1.1-SNAPSHOT
[DEBUG]   Imported:  < maven.api
[DEBUG] Populating class realm plugin>eu.stamp-project:dspot-maven:1.1.1-SNAPSHOT
[DEBUG]   Included: eu.stamp-project:dspot-maven:jar:1.1.1-SNAPSHOT
[DEBUG]   Included: eu.stamp-project:dspot:jar:1.1.1-SNAPSHOT
[DEBUG]   Included: fr.inria.gforge.spoon:spoon-core:jar:7.1.0-SNAPSHOT
[DEBUG]   Included: org.eclipse.jdt:org.eclipse.jdt.core:jar:3.13.102
[DEBUG]   Included: org.eclipse.platform:org.eclipse.core.resources:jar:3.13.100
[DEBUG]   Included: org.eclipse.platform:org.eclipse.core.expressions:jar:3.6.200
[DEBUG]   Included: org.eclipse.platform:org.eclipse.core.runtime:jar:3.15.0
[DEBUG]   Included: org.eclipse.platform:org.eclipse.osgi:jar:3.13.100
[DEBUG]   Included: org.eclipse.platform:org.eclipse.equinox.common:jar:3.10.100
[DEBUG]   Included: org.eclipse.platform:org.eclipse.core.jobs:jar:3.10.100
[DEBUG]   Included: org.eclipse.platform:org.eclipse.equinox.registry:jar:3.8.100
[DEBUG]   Included: org.eclipse.platform:org.eclipse.equinox.preferences:jar:3.7.200
[DEBUG]   Included: org.eclipse.platform:org.eclipse.core.contenttype:jar:3.7.100
[DEBUG]   Included: org.eclipse.platform:org.eclipse.equinox.app:jar:1.3.600
[DEBUG]   Included: org.eclipse.platform:org.eclipse.core.filesystem:jar:1.7.200
[DEBUG]   Included: org.eclipse.platform:org.eclipse.text:jar:3.7.0
[DEBUG]   Included: org.eclipse.platform:org.eclipse.core.commands:jar:3.9.200
[DEBUG]   Included: com.martiansoftware:jsap:jar:2.1
[DEBUG]   Included: log4j:log4j:jar:1.2.17
[DEBUG]   Included: com.fasterxml.jackson.core:jackson-databind:jar:2.9.2
[DEBUG]   Included: com.fasterxml.jackson.core:jackson-annotations:jar:2.9.0
[DEBUG]   Included: com.fasterxml.jackson.core:jackson-core:jar:2.9.2
[DEBUG]   Included: junit:junit:jar:4.12
[DEBUG]   Included: org.hamcrest:hamcrest-core:jar:1.3
[DEBUG]   Included: com.google.code.gson:gson:jar:2.8.0
[DEBUG]   Included: org.apache.maven.shared:maven-invoker:jar:3.0.0
[DEBUG]   Included: org.slf4j:slf4j-log4j12:jar:1.7.25
[DEBUG]   Included: org.jacoco:org.jacoco.core:jar:0.7.9
[DEBUG]   Included: org.ow2.asm:asm-debug-all:jar:5.2
[DEBUG]   Included: eu.stamp-project:descartes:jar:1.1
[DEBUG]   Included: org.pitest:pitest:jar:1.2.0
[DEBUG]   Included: org.pitest:pitest-entry:jar:1.2.0
[DEBUG]   Included: com.thoughtworks.xstream:xstream:jar:1.4.8
[DEBUG]   Included: xmlpull:xmlpull:jar:1.1.3.1
[DEBUG]   Included: xpp3:xpp3_min:jar:1.1.4c
[DEBUG]   Included: org.gradle:gradle-tooling-api:jar:4.0.1
[DEBUG]   Included: org.mockito:mockito-core:jar:2.10.0
[DEBUG]   Included: net.bytebuddy:byte-buddy:jar:1.7.4
[DEBUG]   Included: net.bytebuddy:byte-buddy-agent:jar:1.7.4
[DEBUG]   Included: org.objenesis:objenesis:jar:2.6
[DEBUG]   Included: eu.stamp-project:test-runner:jar:jar-with-dependencies:1.1.0
[DEBUG]   Included: org.openclover:clover:jar:4.2.1
[DEBUG]   Included: fr.inria.gforge.spoon.labs:gumtree-spoon-ast-diff:jar:1.3
[DEBUG]   Included: com.github.gumtreediff:core:jar:2.0.0
[DEBUG]   Included: com.github.mpkorstanje:simmetrics-core:jar:3.0.3
[DEBUG]   Included: commons-codec:commons-codec:jar:1.10
[DEBUG]   Included: net.sf.trove4j:trove4j:jar:3.0.3
[DEBUG]   Included: javax.enterprise:cdi-api:jar:1.0
[DEBUG]   Included: org.eclipse.sisu:org.eclipse.sisu.inject:jar:0.3.3
[DEBUG]   Included: org.apache.maven.plugin-testing:maven-plugin-testing-harness:jar:3.3.0
[DEBUG]   Included: commons-io:commons-io:jar:2.2
[DEBUG]   Included: org.codehaus.plexus:plexus-archiver:jar:2.2
[DEBUG]   Included: org.codehaus.plexus:plexus-io:jar:2.0.4
[DEBUG]   Included: org.apache.maven:maven-builder-support:jar:3.5.0
[DEBUG]   Included: com.google.guava:guava:jar:20.0
[DEBUG]   Included: org.apache.maven.resolver:maven-resolver-util:jar:1.0.3
[DEBUG]   Included: org.codehaus.plexus:plexus-utils:jar:3.0.24
[DEBUG]   Included: org.codehaus.plexus:plexus-interpolation:jar:1.24
[DEBUG]   Included: org.codehaus.plexus:plexus-component-annotations:jar:1.7.1
[DEBUG]   Included: org.apache.maven.shared:maven-shared-utils:jar:3.1.0
[DEBUG]   Included: com.google.inject:guice:jar:no_aop:4.0
[DEBUG]   Included: aopalliance:aopalliance:jar:1.0
[DEBUG]   Included: org.sonatype.plexus:plexus-sec-dispatcher:jar:1.4
[DEBUG]   Included: org.sonatype.plexus:plexus-cipher:jar:1.4
[DEBUG]   Included: org.apache.commons:commons-lang3:jar:3.5
[DEBUG]   Included: org.eclipse.aether:aether-util:jar:1.0.2.v20150114
[DEBUG]   Included: backport-util-concurrent:backport-util-concurrent:jar:3.1
[DEBUG] Configuring mojo eu.stamp-project:dspot-maven:1.1.1-SNAPSHOT:amplify-unit-tests from plugin realm ClassRealm[plugin>eu.stamp-project:dspot-maven:1.1.1-SNAPSHOT, parent: sun.misc.Launcher$AppClassLoader@55f96302]
[DEBUG] Configuring mojo 'eu.stamp-project:dspot-maven:1.1.1-SNAPSHOT:amplify-unit-tests' with basic configurator -->
[DEBUG]   (f) amplifiers = [AllLiteralAmplifiers, MethodAdd, MethodRemove, MethodGeneratorAmplifier, ReturnValueAmplifier, NullifierAmplifier]
[DEBUG]   (f) automaticBuilder = MavenBuilder
[DEBUG]   (f) budgetizer = SimpleBudgetizer
[DEBUG]   (f) cases = []
[DEBUG]   (f) clean = true
[DEBUG]   (f) descartes = false
[DEBUG]   (f) example = false
[DEBUG]   (f) generateNewTestClass = true
[DEBUG]   (f) help = false
[DEBUG]   (f) iteration = 3
[DEBUG]   (f) maxTestAmplified = 200
[DEBUG]   (f) noMinimize = false
[DEBUG]   (f) outputPath = /tmp/icst-2019/september-2018/result/gson/commit_6_ada597e/input_amplification
[DEBUG]   (f) pathToSecondVersion = /tmp/icst-2019/september-2018/dataset/gson/gson
[DEBUG]   (f) pathToTestListCsv = /tmp/icst-2019/september-2018/result/gson/commit_6_ada597e/testsThatExecuteTheChanges.csv
[DEBUG]   (f) project = MavenProject: com.google.code.gson:gson:2.8.2-SNAPSHOT @ /tmp/icst-2019/september-2018/dataset/gson_parent/gson/pom.xml
[DEBUG]   (f) randomSeed = 23
[DEBUG]   (f) test = [all]
[DEBUG]   (f) testCriterion = ChangeDetectorSelector
[DEBUG]   (f) timeOut = 10000
[DEBUG]   (f) useMavenToExeTest = false
[DEBUG]   (f) verbose = true
[DEBUG]   (f) withComment = false
[DEBUG]   (f) workingDirectory = false
[DEBUG] -- end configuration --
[INFO] Path to runner Classes: /home/spirals/danglot/.m2/repository/eu/stamp-project/test-runner/1.1.0/test-runner-1.1.0-jar-with-dependencies.jar
[INFO] /home/spirals/danglot/.m2/repository/org/jacoco/org.jacoco.core/0.7.9/org.jacoco.core-0.7.9.jar
[INFO] /home/spirals/danglot/.m2/repository/org/ow2/asm/asm-debug-all/5.2/asm-debug-all-5.2.jar
[INFO] /home/spirals/danglot/.m2/repository/eu/stamp-project/test-runner/1.1.0/test-runner-1.1.0-jar-with-dependencies.jar
[WARNING] automaticBuilderName: unknown automatic builder specified in configuration, going to default.
[INFO] Default: provided Maven automatic builder.
[INFO] run maven clean test -DskipTests dependency:build-classpath -Dmdep.outputFile=target/dspot/classpath
[WARN] Maven will be executed in interactive mode, but no input stream has been configured for this MavenInvoker instance.
[INFO] Scanning for projects...
[WARNING] 
[WARNING] Some problems were encountered while building the effective model for com.google.code.gson:gson:jar:2.8.2-SNAPSHOT
[WARNING] 'build.plugins.plugin.version' for org.apache.maven.plugins:maven-jar-plugin is missing. @ com.google.code.gson:gson:[unknown-version], /tmp/icst-2019/september-2018/dataset/gson_parent/gson/pom.xml, line 46, column 15
[WARNING] 
[WARNING] It is highly recommended to fix these problems because they threaten the stability of your build.
[WARNING] 
[WARNING] For this reason, future Maven versions might no longer support building such malformed projects.
[WARNING] 
[INFO] 
[INFO] ---------------------< com.google.code.gson:gson >----------------------
[INFO] Building Gson 2.8.2-SNAPSHOT
[INFO] --------------------------------[ jar ]---------------------------------
[INFO] 
[INFO] --- maven-clean-plugin:2.5:clean (default-clean) @ gson ---
[INFO] Deleting /tmp/icst-2019/september-2018/dataset/gson_parent/gson/target
[INFO] 
[INFO] --- maven-enforcer-plugin:1.0:enforce (enforce-maven) @ gson ---
[INFO] Skipping Rule Enforcement.
[INFO] 
[INFO] --- maven-resources-plugin:2.6:resources (default-resources) @ gson ---
[INFO] Using 'UTF-8' encoding to copy filtered resources.
[INFO] skip non existing resourceDirectory /tmp/icst-2019/september-2018/dataset/gson_parent/gson/src/main/resources
[INFO] 
[INFO] --- maven-compiler-plugin:3.0:compile (default-compile) @ gson ---
[INFO] Changes detected - recompiling the module!
[INFO] Compiling 67 source files to /tmp/icst-2019/september-2018/dataset/gson_parent/gson/target/classes
[INFO] 
[INFO] --- bnd-maven-plugin:3.1.0:bnd-process (default) @ gson ---
[WARNING] Export com.google.gson,  has 1,  private references [com.google.gson.internal], 
[INFO] 
[INFO] --- maven-resources-plugin:2.6:testResources (default-testResources) @ gson ---
[INFO] Using 'UTF-8' encoding to copy filtered resources.
[INFO] skip non existing resourceDirectory /tmp/icst-2019/september-2018/dataset/gson_parent/gson/src/test/resources
[INFO] 
[INFO] --- maven-compiler-plugin:3.0:testCompile (default-testCompile) @ gson ---
[INFO] Changes detected - recompiling the module!
[INFO] Compiling 97 source files to /tmp/icst-2019/september-2018/dataset/gson_parent/gson/target/test-classes
[WARNING] /tmp/icst-2019/september-2018/dataset/gson_parent/gson/src/test/java/com/google/gson/stream/JsonReaderPathTest.java: Some input files use or override a deprecated API.
[WARNING] /tmp/icst-2019/september-2018/dataset/gson_parent/gson/src/test/java/com/google/gson/stream/JsonReaderPathTest.java: Recompile with -Xlint:deprecation for details.
[INFO] 
[INFO] --- maven-surefire-plugin:2.12.4:test (default-test) @ gson ---
[INFO] Tests are skipped.
[INFO] 
[INFO] --- maven-dependency-plugin:2.8:build-classpath (default-cli) @ gson ---
[INFO] Wrote classpath file '/tmp/icst-2019/september-2018/dataset/gson_parent/gson/target/dspot/classpath'.
[INFO] ------------------------------------------------------------------------
[INFO] BUILD SUCCESS
[INFO] ------------------------------------------------------------------------
[INFO] Total time: 7.021 s
[INFO] Finished at: 2018-09-27T21:47:41+02:00
[INFO] ------------------------------------------------------------------------
[ERROR] 2018-09-27 21:47:44 JDTCommentBuilder - // Note that the above example is taken from AdaptAnnotationTest. is not added into the AST
spoon.reflect.declaration.ParentNotInitializedException: parent not initialized for class spoon.support.reflect.code.CtCommentImpl (/tmp/icst-2019/september-2018/dataset/gson_parent/gson/src/main/java/com/google/gson/annotations/JsonAdapter.java:93)
	at spoon.support.reflect.declaration.CtElementImpl.getParent(CtElementImpl.java:382)
	at spoon.support.compiler.jdt.JDTCommentBuilder.insertCommentInAST(JDTCommentBuilder.java:484)
	at spoon.support.compiler.jdt.JDTCommentBuilder.buildComment(JDTCommentBuilder.java:156)
	at spoon.support.compiler.jdt.JDTCommentBuilder.build(JDTCommentBuilder.java:112)
	at spoon.support.compiler.jdt.JDTBasedSpoonCompiler.buildModel(JDTBasedSpoonCompiler.java:477)
	at spoon.support.compiler.jdt.JDTBasedSpoonCompiler.buildUnitsAndModel(JDTBasedSpoonCompiler.java:390)
	at spoon.support.compiler.jdt.JDTBasedSpoonCompiler.buildSources(JDTBasedSpoonCompiler.java:339)
	at spoon.support.compiler.jdt.JDTBasedSpoonCompiler.build(JDTBasedSpoonCompiler.java:122)
	at spoon.support.compiler.jdt.JDTBasedSpoonCompiler.build(JDTBasedSpoonCompiler.java:105)
	at spoon.Launcher.buildModel(Launcher.java:767)
	at eu.stamp_project.utils.compilation.DSpotCompiler.getSpoonModelOf(DSpotCompiler.java:102)
	at eu.stamp_project.utils.compilation.DSpotCompiler.createDSpotCompiler(DSpotCompiler.java:35)
	at eu.stamp_project.dspot.DSpot.<init>(DSpot.java:89)
	at eu.stamp_project.Main.run(Main.java:49)
	at eu.stamp_project.DSpotMojo.execute(DSpotMojo.java:263)
	at org.apache.maven.plugin.DefaultBuildPluginManager.executeMojo(DefaultBuildPluginManager.java:137)
	at org.apache.maven.lifecycle.internal.MojoExecutor.execute(MojoExecutor.java:208)
	at org.apache.maven.lifecycle.internal.MojoExecutor.execute(MojoExecutor.java:154)
	at org.apache.maven.lifecycle.internal.MojoExecutor.execute(MojoExecutor.java:146)
	at org.apache.maven.lifecycle.internal.LifecycleModuleBuilder.buildProject(LifecycleModuleBuilder.java:117)
	at org.apache.maven.lifecycle.internal.LifecycleModuleBuilder.buildProject(LifecycleModuleBuilder.java:81)
	at org.apache.maven.lifecycle.internal.builder.singlethreaded.SingleThreadedBuilder.build(SingleThreadedBuilder.java:56)
	at org.apache.maven.lifecycle.internal.LifecycleStarter.execute(LifecycleStarter.java:128)
	at org.apache.maven.DefaultMaven.doExecute(DefaultMaven.java:305)
	at org.apache.maven.DefaultMaven.doExecute(DefaultMaven.java:192)
	at org.apache.maven.DefaultMaven.execute(DefaultMaven.java:105)
	at org.apache.maven.cli.MavenCli.execute(MavenCli.java:954)
	at org.apache.maven.cli.MavenCli.doMain(MavenCli.java:288)
	at org.apache.maven.cli.MavenCli.main(MavenCli.java:192)
	at sun.reflect.NativeMethodAccessorImpl.invoke0(Native Method)
	at sun.reflect.NativeMethodAccessorImpl.invoke(NativeMethodAccessorImpl.java:62)
	at sun.reflect.DelegatingMethodAccessorImpl.invoke(DelegatingMethodAccessorImpl.java:43)
	at java.lang.reflect.Method.invoke(Method.java:498)
	at org.codehaus.plexus.classworlds.launcher.Launcher.launchEnhanced(Launcher.java:289)
	at org.codehaus.plexus.classworlds.launcher.Launcher.launch(Launcher.java:229)
	at org.codehaus.plexus.classworlds.launcher.Launcher.mainWithExitCode(Launcher.java:415)
	at org.codehaus.plexus.classworlds.launcher.Launcher.main(Launcher.java:356)
[ERROR] 2018-09-27 21:47:45 JDTCommentBuilder - // Field tag only annotation is not added into the AST
spoon.reflect.declaration.ParentNotInitializedException: parent not initialized for class spoon.support.reflect.code.CtCommentImpl (/tmp/icst-2019/september-2018/dataset/gson_parent/gson/src/test/java/com/google/gson/functional/ExclusionStrategyFunctionalTest.java:167)
	at spoon.support.reflect.declaration.CtElementImpl.getParent(CtElementImpl.java:382)
	at spoon.support.compiler.jdt.JDTCommentBuilder.insertCommentInAST(JDTCommentBuilder.java:484)
	at spoon.support.compiler.jdt.JDTCommentBuilder.buildComment(JDTCommentBuilder.java:156)
	at spoon.support.compiler.jdt.JDTCommentBuilder.build(JDTCommentBuilder.java:112)
	at spoon.support.compiler.jdt.JDTBasedSpoonCompiler.buildModel(JDTBasedSpoonCompiler.java:477)
	at spoon.support.compiler.jdt.JDTBasedSpoonCompiler.buildUnitsAndModel(JDTBasedSpoonCompiler.java:390)
	at spoon.support.compiler.jdt.JDTBasedSpoonCompiler.buildSources(JDTBasedSpoonCompiler.java:339)
	at spoon.support.compiler.jdt.JDTBasedSpoonCompiler.build(JDTBasedSpoonCompiler.java:122)
	at spoon.support.compiler.jdt.JDTBasedSpoonCompiler.build(JDTBasedSpoonCompiler.java:105)
	at spoon.Launcher.buildModel(Launcher.java:767)
	at eu.stamp_project.utils.compilation.DSpotCompiler.getSpoonModelOf(DSpotCompiler.java:102)
	at eu.stamp_project.utils.compilation.DSpotCompiler.createDSpotCompiler(DSpotCompiler.java:35)
	at eu.stamp_project.dspot.DSpot.<init>(DSpot.java:89)
	at eu.stamp_project.Main.run(Main.java:49)
	at eu.stamp_project.DSpotMojo.execute(DSpotMojo.java:263)
	at org.apache.maven.plugin.DefaultBuildPluginManager.executeMojo(DefaultBuildPluginManager.java:137)
	at org.apache.maven.lifecycle.internal.MojoExecutor.execute(MojoExecutor.java:208)
	at org.apache.maven.lifecycle.internal.MojoExecutor.execute(MojoExecutor.java:154)
	at org.apache.maven.lifecycle.internal.MojoExecutor.execute(MojoExecutor.java:146)
	at org.apache.maven.lifecycle.internal.LifecycleModuleBuilder.buildProject(LifecycleModuleBuilder.java:117)
	at org.apache.maven.lifecycle.internal.LifecycleModuleBuilder.buildProject(LifecycleModuleBuilder.java:81)
	at org.apache.maven.lifecycle.internal.builder.singlethreaded.SingleThreadedBuilder.build(SingleThreadedBuilder.java:56)
	at org.apache.maven.lifecycle.internal.LifecycleStarter.execute(LifecycleStarter.java:128)
	at org.apache.maven.DefaultMaven.doExecute(DefaultMaven.java:305)
	at org.apache.maven.DefaultMaven.doExecute(DefaultMaven.java:192)
	at org.apache.maven.DefaultMaven.execute(DefaultMaven.java:105)
	at org.apache.maven.cli.MavenCli.execute(MavenCli.java:954)
	at org.apache.maven.cli.MavenCli.doMain(MavenCli.java:288)
	at org.apache.maven.cli.MavenCli.main(MavenCli.java:192)
	at sun.reflect.NativeMethodAccessorImpl.invoke0(Native Method)
	at sun.reflect.NativeMethodAccessorImpl.invoke(NativeMethodAccessorImpl.java:62)
	at sun.reflect.DelegatingMethodAccessorImpl.invoke(DelegatingMethodAccessorImpl.java:43)
	at java.lang.reflect.Method.invoke(Method.java:498)
	at org.codehaus.plexus.classworlds.launcher.Launcher.launchEnhanced(Launcher.java:289)
	at org.codehaus.plexus.classworlds.launcher.Launcher.launch(Launcher.java:229)
	at org.codehaus.plexus.classworlds.launcher.Launcher.mainWithExitCode(Launcher.java:415)
	at org.codehaus.plexus.classworlds.launcher.Launcher.main(Launcher.java:356)
[INFO] run maven clean test -DskipTests dependency:build-classpath -Dmdep.outputFile=target/dspot/classpath
[WARN] Maven will be executed in interactive mode, but no input stream has been configured for this MavenInvoker instance.
[INFO] Scanning for projects...
[WARNING] 
[WARNING] Some problems were encountered while building the effective model for com.google.code.gson:gson:jar:2.8.2-SNAPSHOT
[WARNING] 'build.plugins.plugin.version' for org.apache.maven.plugins:maven-jar-plugin is missing. @ com.google.code.gson:gson:[unknown-version], /tmp/icst-2019/september-2018/dataset/gson/gson/pom.xml, line 46, column 15
[WARNING] 
[WARNING] It is highly recommended to fix these problems because they threaten the stability of your build.
[WARNING] 
[WARNING] For this reason, future Maven versions might no longer support building such malformed projects.
[WARNING] 
[INFO] 
[INFO] ---------------------< com.google.code.gson:gson >----------------------
[INFO] Building Gson 2.8.2-SNAPSHOT
[INFO] --------------------------------[ jar ]---------------------------------
[INFO] 
[INFO] --- maven-clean-plugin:2.5:clean (default-clean) @ gson ---
[INFO] Deleting /tmp/icst-2019/september-2018/dataset/gson/gson/target
[INFO] 
[INFO] --- maven-enforcer-plugin:1.0:enforce (enforce-maven) @ gson ---
[INFO] Skipping Rule Enforcement.
[INFO] 
[INFO] --- maven-resources-plugin:2.6:resources (default-resources) @ gson ---
[INFO] Using 'UTF-8' encoding to copy filtered resources.
[INFO] skip non existing resourceDirectory /tmp/icst-2019/september-2018/dataset/gson/gson/src/main/resources
[INFO] 
[INFO] --- maven-compiler-plugin:3.0:compile (default-compile) @ gson ---
[INFO] Changes detected - recompiling the module!
[INFO] Compiling 67 source files to /tmp/icst-2019/september-2018/dataset/gson/gson/target/classes
[INFO] 
[INFO] --- bnd-maven-plugin:3.1.0:bnd-process (default) @ gson ---
[WARNING] Export com.google.gson,  has 1,  private references [com.google.gson.internal], 
[INFO] 
[INFO] --- maven-resources-plugin:2.6:testResources (default-testResources) @ gson ---
[INFO] Using 'UTF-8' encoding to copy filtered resources.
[INFO] skip non existing resourceDirectory /tmp/icst-2019/september-2018/dataset/gson/gson/src/test/resources
[INFO] 
[INFO] --- maven-compiler-plugin:3.0:testCompile (default-testCompile) @ gson ---
[INFO] Changes detected - recompiling the module!
[INFO] Compiling 97 source files to /tmp/icst-2019/september-2018/dataset/gson/gson/target/test-classes
[WARNING] /tmp/icst-2019/september-2018/dataset/gson/gson/src/test/java/com/google/gson/common/MoreAsserts.java: Some input files use or override a deprecated API.
[WARNING] /tmp/icst-2019/september-2018/dataset/gson/gson/src/test/java/com/google/gson/common/MoreAsserts.java: Recompile with -Xlint:deprecation for details.
[INFO] 
[INFO] --- maven-surefire-plugin:2.12.4:test (default-test) @ gson ---
[INFO] Tests are skipped.
[INFO] 
[INFO] --- maven-dependency-plugin:2.8:build-classpath (default-cli) @ gson ---
[INFO] Wrote classpath file '/tmp/icst-2019/september-2018/dataset/gson/gson/target/dspot/classpath'.
[INFO] ------------------------------------------------------------------------
[INFO] BUILD SUCCESS
[INFO] ------------------------------------------------------------------------
[INFO] Total time: 6.720 s
[INFO] Finished at: 2018-09-27T21:47:54+02:00
[INFO] ------------------------------------------------------------------------
[INFO] Amplification of com.google.gson.stream.JsonWriterTest (5 test(s))
[INFO] Assertion amplification of com.google.gson.stream.JsonWriterTest (5 test(s))
[INFO] Run: java -classpath /tmp/icst-2019/september-2018/dataset/gson_parent/gson/target/test-classes:/tmp/icst-2019/september-2018/dataset/gson_parent/gson/target/classes/:/home/spirals/danglot/.m2/repository/junit/junit/4.12/junit-4.12.jar:/home/spirals/danglot/.m2/repository/org/hamcrest/hamcrest-core/1.3/hamcrest-core-1.3.jar:/tmp/icst-2019/september-2018/dataset/gson_parent/gson/target/dspot/dependencies/:/home/spirals/danglot/.m2/repository/eu/stamp-project/test-runner/1.1.0/test-runner-1.1.0-jar-with-dependencies.jar eu.stamp_project.testrunner.runner.test.TestRunner com.google.gson.stream.JsonWriterTest testDoubles:testPrettyPrintObject:testPrettyPrintArray:testNonFiniteDoubles:testTopLevelValueTypes
File saved to the following path: /tmp/icst-2019/september-2018/dataset/gson_parent/gson/target/dspot/TestListener.ser
Loading /tmp/icst-2019/september-2018/dataset/gson_parent/gson/target/dspot/TestListener.ser
[INFO] Test has been run: testTopLevelValueTypes,testPrettyPrintArray,testPrettyPrintObject,testNonFiniteDoubles,testDoubles
[INFO] Run tests. (5)
[INFO] Run: java -classpath /tmp/icst-2019/september-2018/dataset/gson_parent/gson/target/test-classes:/tmp/icst-2019/september-2018/dataset/gson_parent/gson/target/classes/:/home/spirals/danglot/.m2/repository/junit/junit/4.12/junit-4.12.jar:/home/spirals/danglot/.m2/repository/org/hamcrest/hamcrest-core/1.3/hamcrest-core-1.3.jar:/tmp/icst-2019/september-2018/dataset/gson_parent/gson/target/dspot/dependencies/:/home/spirals/danglot/.m2/repository/eu/stamp-project/test-runner/1.1.0/test-runner-1.1.0-jar-with-dependencies.jar eu.stamp_project.testrunner.runner.test.TestRunner com.google.gson.stream.JsonWriterTest testDoubles:testPrettyPrintObject:testPrettyPrintArray:testNonFiniteDoubles:testTopLevelValueTypes
File saved to the following path: /tmp/icst-2019/september-2018/dataset/gson_parent/gson/target/dspot/TestListener.ser
Loading /tmp/icst-2019/september-2018/dataset/gson_parent/gson/target/dspot/TestListener.ser
[INFO] Test has been run: testTopLevelValueTypes,testPrettyPrintArray,testPrettyPrintObject,testNonFiniteDoubles,testDoubles
[INFO] 5 test pass, generating assertion...
[INFO] Add observations points in passing tests.
[INFO] Instrumentation...
 20% |========== ]/ 40% |==================== ]- 60% |============================== ]\ 80% |======================================== ]|100% |================================================== ]/
[INFO] Run instrumented tests. (15)
[INFO] Run: java -classpath /tmp/icst-2019/september-2018/dataset/gson_parent/gson/target/test-classes:/tmp/icst-2019/september-2018/dataset/gson_parent/gson/target/classes/:/home/spirals/danglot/.m2/repository/junit/junit/4.12/junit-4.12.jar:/home/spirals/danglot/.m2/repository/org/hamcrest/hamcrest-core/1.3/hamcrest-core-1.3.jar:/tmp/icst-2019/september-2018/dataset/gson_parent/gson/target/dspot/dependencies/:/home/spirals/danglot/.m2/repository/eu/stamp-project/test-runner/1.1.0/test-runner-1.1.0-jar-with-dependencies.jar eu.stamp_project.testrunner.runner.test.TestRunner com.google.gson.stream.JsonWriterTest testDoubles_withlog0:testPrettyPrintObject_withlog0:testPrettyPrintArray_withlog0:testNonFiniteDoubles_withlog0:testTopLevelValueTypes_withlog0:testDoubles_withlog1:testPrettyPrintObject_withlog1:testPrettyPrintArray_withlog1:testNonFiniteDoubles_withlog1:testTopLevelValueTypes_withlog1:testDoubles_withlog2:testPrettyPrintObject_withlog2:testPrettyPrintArray_withlog2:testNonFiniteDoubles_withlog2:testTopLevelValueTypes_withlog2
File saved to the following path: /tmp/icst-2019/september-2018/dataset/gson_parent/gson/target/dspot/observations.ser
File saved to the following path: /tmp/icst-2019/september-2018/dataset/gson_parent/gson/target/dspot/TestListener.ser
Loading /tmp/icst-2019/september-2018/dataset/gson_parent/gson/target/dspot/TestListener.ser
[INFO] Test has been run: testPrettyPrintObject_withlog0,testPrettyPrintObject_withlog1,testPrettyPrintObject_withlog2,testDoubles_withlog0,testDoubles_withlog1,testDoubles_withlog2,testTopLevelValueTypes_withlog0,testTopLevelValueTypes_withlog1,testTopLevelValueTypes_withlog2,testNonFiniteDoubles_withlog0,testNonFiniteDoubles_withlog1,testNonFiniteDoubles_withlog2,testPrettyPrintArray_withlog0,testPrettyPrintArray_withlog1,testPrettyPrintArray_withlog2
[INFO] Generating assertions...
[INFO] 5 new tests with assertions generated
[INFO] Run: java -classpath /tmp/icst-2019/september-2018/dataset/gson_parent/gson/target/test-classes:/tmp/icst-2019/september-2018/dataset/gson_parent/gson/target/classes/:/home/spirals/danglot/.m2/repository/junit/junit/4.12/junit-4.12.jar:/home/spirals/danglot/.m2/repository/org/hamcrest/hamcrest-core/1.3/hamcrest-core-1.3.jar:/tmp/icst-2019/september-2018/dataset/gson_parent/gson/target/dspot/dependencies/:/home/spirals/danglot/.m2/repository/eu/stamp-project/test-runner/1.1.0/test-runner-1.1.0-jar-with-dependencies.jar eu.stamp_project.testrunner.runner.test.TestRunner com.google.gson.stream.JsonWriterTest testDoubles:testPrettyPrintObject:testPrettyPrintArray:testNonFiniteDoubles:testTopLevelValueTypes
File saved to the following path: /tmp/icst-2019/september-2018/dataset/gson_parent/gson/target/dspot/TestListener.ser
Loading /tmp/icst-2019/september-2018/dataset/gson_parent/gson/target/dspot/TestListener.ser
[INFO] Test has been run: testTopLevelValueTypes,testPrettyPrintArray,testPrettyPrintObject,testNonFiniteDoubles,testDoubles
[INFO] Assertion amplification: 5 test method(s) has been successfully amplified.
[WARN] 2018-09-27 21:48:01 Launcher - You specified the directory /tmp/icst-2019/september-2018/dataset/gson/gson/target/classes in source classpath, please note that only class files will be considered. Jars and subdirectories will be ignored.
[WARN] 2018-09-27 21:48:01 Launcher - You specified the directory /tmp/icst-2019/september-2018/dataset/gson/gson/target/test-classes in source classpath, please note that only class files will be considered. Jars and subdirectories will be ignored.
[WARN] 2018-09-27 21:48:01 Launcher - You specified the directory /tmp/icst-2019/september-2018/dataset/gson/gson/target/dspot/dependencies in source classpath, please note that only class files will be considered. Jars and subdirectories will be ignored.
[INFO] Run: java -classpath /tmp/icst-2019/september-2018/dataset/gson/gson/target/classes/:/tmp/icst-2019/september-2018/dataset/gson/gson/target/test-classes/:/home/spirals/danglot/.m2/repository/junit/junit/4.12/junit-4.12.jar:/home/spirals/danglot/.m2/repository/org/hamcrest/hamcrest-core/1.3/hamcrest-core-1.3.jar:/tmp/icst-2019/september-2018/dataset/gson/gson/target/dspot/dependencies/:/home/spirals/danglot/.m2/repository/eu/stamp-project/test-runner/1.1.0/test-runner-1.1.0-jar-with-dependencies.jar eu.stamp_project.testrunner.runner.test.TestRunner com.google.gson.stream.JsonWriterTest testDoubles:testPrettyPrintObject:testPrettyPrintArray:testNonFiniteDoubles:testTopLevelValueTypes
File saved to the following path: /tmp/icst-2019/september-2018/dataset/gson_parent/gson/target/dspot/TestListener.ser
Loading /tmp/icst-2019/september-2018/dataset/gson_parent/gson/target/dspot/TestListener.ser
[INFO] Test has been run: testTopLevelValueTypes,testPrettyPrintArray,testPrettyPrintObject,testNonFiniteDoubles,testDoubles
[INFO] 0 amplified test methods has been selected to be kept. (global: 0)
[INFO] Applying Input-amplification and Assertion-amplification test by test.
[INFO] Amplification of testDoubles, (1/5)
[INFO] iteration 0 / 3
[INFO] 1 tests selected to be amplified over 1 available tests
[INFO] Amplification of inputs...
100% |================================================== ]/
[INFO] 323 new tests generated
[WARNING] Too many tests have been generated: 323
[INFO] Number of generated test reduced to 200
[INFO] Run tests. (200)
[ERROR] Error(s) during compilation:
[ERROR] Pb(206) Invalid argument to operation ++/--
[ERROR] Pb(206) Invalid argument to operation ++/--
[INFO] Run: java -classpath /tmp/icst-2019/september-2018/dataset/gson_parent/gson/target/test-classes:/tmp/icst-2019/september-2018/dataset/gson_parent/gson/target/classes/:/home/spirals/danglot/.m2/repository/junit/junit/4.12/junit-4.12.jar:/home/spirals/danglot/.m2/repository/org/hamcrest/hamcrest-core/1.3/hamcrest-core-1.3.jar:/tmp/icst-2019/september-2018/dataset/gson_parent/gson/target/dspot/dependencies/:/home/spirals/danglot/.m2/repository/eu/stamp-project/test-runner/1.1.0/test-runner-1.1.0-jar-with-dependencies.jar eu.stamp_project.testrunner.runner.test.TestRunner com.google.gson.stream.JsonWriterTest testDoubles_remove66:testDoubles_remove67:testDoubles_remove71:testDoubles_remove72:testDoubles_remove70:testDoubles_remove63:testDoubles_remove73:testDoubles_remove64:testDoubles_remove69:testDoubles_remove65:testDoubles_remove68:testDoubles_remove74:testDoubleslitNum40:testDoubleslitNum48:testDoubleslitNum41:testDoubleslitNum49:testDoubleslitNum1:testDoubleslitNum9:testDoubleslitNum12:testDoubleslitNum11:testDoubleslitNum20:testDoubleslitNum30:testDoubleslitNum38:testDoubleslitNum28:testDoubleslitNum21:testDoubleslitNum42:testDoubleslitNum10:testDoubleslitNum19:testDoubleslitNum39:testDoubleslitNum29:testDoubles_rv329:testDoubles_rv307:testDoubles_rv285:testDoubles_rv197:testDoubleslitNum47:testDoubleslitNum46:testDoubles_rv263:testDoubles_rv241:testDoubles_rv219:testDoubles_rv153:testDoubleslitNum45:testDoubles_rv131:testDoubles_rv109:testDoubles_rv175:testDoubles_rv305:testDoubles_rv107:testDoubles_mg77:testDoubles_mg80:testDoubles_rv327:testDoubles_rv323:testDoubleslitNum13:testDoubleslitNum22:testDoubles_rv217:testDoubleslitNum44:testDoubles_add61:testDoubles_rv195:testDoubles_rv173:testDoubleslitNum3:testDoubleslitNum43:testDoubles_rv283:testDoubles_rv151:testDoubles_rv279:testDoubleslitNum32:testDoubles_rv261:testDoubles_rv129:testDoubles_rv169:testDoubles_rv235:testDoubles_rv239:testDoubles_add52:testDoubles_add55:testDoubles_rv191:testDoubles_mg78:testDoubles_rv125:testDoubles_rv103:testDoubles_add51:testDoubles_add56:testDoubles_rv257:testDoubles_add60:testDoubles_mg79:testDoubles_rv213:testDoubles_rv301:testDoubles_mg83:testDoubles_mg75:testDoubleslitNum18:testDoubleslitNum17:testDoubleslitNum27:testDoubleslitNum26:testDoubles_rv147:testDoubleslitNum8:testDoubleslitNum7:testDoubles_add50:testDoubles_mg76:testDoubleslitNum16:testDoubleslitNum25:testDoubleslitNum37:testDoubleslitNum36:testDoubles_rv267:testDoubles_add62:testDoubleslitNum6:testDoubles_rv333:testDoubles_rv289:testDoubles_rv311:testDoubleslitNum35:testDoubles_rv245:testDoubles_rv223:testDoubles_rv201:testDoubles_rv192:testDoubles_rv135:testDoubles_rv179:testDoubles_rv157:testDoubles_rv258:testDoubles_rv113:testDoubles_rv302:testDoubles_rv214:testDoubles_rv236:testDoubles_rv280:testDoubles_rv324:testDoubles_rv148:testDoubleslitNum15:testDoubleslitNum24:testDoubleslitNum14:testDoubleslitNum23:testDoubleslitNum5:testDoubleslitNum4:testDoubles_rv104:testDoubleslitNum34:testDoubles_rv170:testDoubles_rv126:testDoubleslitNum33:testDoubles_add57:testDoubles_rv326:testDoubles_rv238:testDoubles_rv304:testDoubles_rv282:testDoubles_rv260:testDoubles_add59:testDoubles_rv216:testDoubles_rv194:testDoubles_rv150:testDoubles_rv328:testDoubles_rv284:testDoubles_rv332:testDoubles_add58:testDoubles_rv288:testDoubles_rv172:testDoubles_rv128:testDoubles_rv106:testDoubles_rv306:testDoubles_rv262:testDoubles_rv240:testDoubles_rv310:testDoubles_rv222:testDoubles_rv196:testDoubles_rv218:testDoubles_rv152:testDoubles_rv266:testDoubles_rv244:testDoubles_rv178:testDoubles_rv200:testDoubles_rv134:testDoubles_rv174:testDoubles_rv130:testDoubles_rv108:testDoubles_rv156:testDoubles_rv112:testDoubles_rv331:testDoubles_rv287:testDoubles_rv221:testDoubles_rv309:testDoubles_rv199:testDoubles_rv265:testDoubles_rv243:testDoubles_rv133:testDoubles_rv155:testDoubles_add54:testDoubles_add53:testDoubles_rv177:testDoubles_rv111:testDoubles_rv330:testDoubles_rv308:testDoubles_rv286:testDoubles_rv264:testDoubles_rv242:testDoubles_rv220:testDoubles_rv198:testDoubles_rv176:testDoubles_rv132:testDoubles_rv110:testDoubles_rv290:testDoubles_rv312:testDoubles_rv334:testDoubles_rv154:testDoubles_rv224:testDoubles_rv246:testDoubles_rv202:testDoubles_rv268:testDoubles_rv136:testDoubles_rv158
File saved to the following path: /tmp/icst-2019/september-2018/dataset/gson_parent/gson/target/dspot/TestListener.ser
Loading /tmp/icst-2019/september-2018/dataset/gson_parent/gson/target/dspot/TestListener.ser
[INFO] Test has been run: testDoubles_mg77,testDoubles_remove64,testDoubles_remove65,testDoubles_remove66,testDoubles_remove67,testDoubles_remove68,testDoubles_remove69,testDoubles_remove70,testDoubles_remove71,testDoubles_remove72,testDoubles_remove74,testDoubleslitNum10,testDoubleslitNum11,testDoubleslitNum12,testDoubleslitNum16,testDoubleslitNum17,testDoubleslitNum18,testDoubleslitNum19,testDoubleslitNum20,testDoubleslitNum21,testDoubleslitNum25,testDoubleslitNum26,testDoubleslitNum27,testDoubleslitNum28,testDoubleslitNum29,testDoubleslitNum30,testDoubleslitNum35,testDoubleslitNum36,testDoubleslitNum37,testDoubleslitNum38,testDoubleslitNum39,testDoubleslitNum40,testDoubleslitNum41,testDoubleslitNum45,testDoubleslitNum46,testDoubleslitNum47,testDoubleslitNum48,testDoubleslitNum49,testDoubleslitNum1,testDoubleslitNum6,testDoubleslitNum7,testDoubleslitNum8,testDoubleslitNum9,testDoubles_add51,testDoubles_add52,testDoubles_add53,testDoubles_add54,testDoubles_add55,testDoubles_add56,testDoubles_add57,testDoubles_add58,testDoubles_add59,testDoubles_add61,testDoubles_add62,testDoubles_rv106,testDoubles_rv107,testDoubles_rv108,testDoubles_rv109,testDoubles_rv128,testDoubles_rv129,testDoubles_rv130,testDoubles_rv131,testDoubles_rv150,testDoubles_rv151,testDoubles_rv152,testDoubles_rv153,testDoubles_rv172,testDoubles_rv173,testDoubles_rv174,testDoubles_rv175,testDoubles_rv194,testDoubles_rv195,testDoubles_rv196,testDoubles_rv197,testDoubles_rv216,testDoubles_rv217,testDoubles_rv218,testDoubles_rv219,testDoubles_rv238,testDoubles_rv239,testDoubles_rv240,testDoubles_rv241,testDoubles_rv260,testDoubles_rv261,testDoubles_rv262,testDoubles_rv263,testDoubles_rv282,testDoubles_rv283,testDoubles_rv284,testDoubles_rv285,testDoubles_rv304,testDoubles_rv305,testDoubles_rv306,testDoubles_rv307,testDoubles_rv326,testDoubles_rv327,testDoubles_rv328,testDoubles_rv329,testDoubles_mg75(com.google.gson.stream.JsonWriterTest): JsonWriter is closed.,testDoubles_mg76(com.google.gson.stream.JsonWriterTest): JsonWriter is closed.,testDoubles_mg78(com.google.gson.stream.JsonWriterTest): JsonWriter is closed.,testDoubles_mg79(com.google.gson.stream.JsonWriterTest): JsonWriter is closed.,testDoubles_mg80(com.google.gson.stream.JsonWriterTest): JsonWriter is closed.,testDoubles_mg83(com.google.gson.stream.JsonWriterTest): JsonWriter is closed.,testDoubles_remove63(com.google.gson.stream.JsonWriterTest): JSON must have only one top-level value.,testDoubles_remove73(com.google.gson.stream.JsonWriterTest): Incomplete document,testDoubleslitNum13(com.google.gson.stream.JsonWriterTest): Numeric values must be finite, but was NaN,testDoubleslitNum14(com.google.gson.stream.JsonWriterTest): Numeric values must be finite, but was Infinity,testDoubleslitNum15(com.google.gson.stream.JsonWriterTest): Numeric values must be finite, but was -Infinity,testDoubleslitNum22(com.google.gson.stream.JsonWriterTest): Numeric values must be finite, but was NaN,testDoubleslitNum23(com.google.gson.stream.JsonWriterTest): Numeric values must be finite, but was Infinity,testDoubleslitNum24(com.google.gson.stream.JsonWriterTest): Numeric values must be finite, but was -Infinity,testDoubleslitNum32(com.google.gson.stream.JsonWriterTest): Numeric values must be finite, but was NaN,testDoubleslitNum33(com.google.gson.stream.JsonWriterTest): Numeric values must be finite, but was -Infinity,testDoubleslitNum34(com.google.gson.stream.JsonWriterTest): Numeric values must be finite, but was Infinity,testDoubleslitNum42(com.google.gson.stream.JsonWriterTest): Numeric values must be finite, but was NaN,testDoubleslitNum43(com.google.gson.stream.JsonWriterTest): Numeric values must be finite, but was Infinity,testDoubleslitNum44(com.google.gson.stream.JsonWriterTest): Numeric values must be finite, but was -Infinity,testDoubleslitNum3(com.google.gson.stream.JsonWriterTest): Numeric values must be finite, but was NaN,testDoubleslitNum4(com.google.gson.stream.JsonWriterTest): Numeric values must be finite, but was -Infinity,testDoubleslitNum5(com.google.gson.stream.JsonWriterTest): Numeric values must be finite, but was Infinity,testDoubles_add50(com.google.gson.stream.JsonWriterTest): Incomplete document,testDoubles_add60(com.google.gson.stream.JsonWriterTest): Nesting problem.,testDoubles_rv103(com.google.gson.stream.JsonWriterTest): JsonWriter is closed.,testDoubles_rv104(com.google.gson.stream.JsonWriterTest): JsonWriter is closed.,testDoubles_rv110(com.google.gson.stream.JsonWriterTest): JsonWriter is closed.,testDoubles_rv111(com.google.gson.stream.JsonWriterTest): JsonWriter is closed.,testDoubles_rv112(com.google.gson.stream.JsonWriterTest): JsonWriter is closed.,testDoubles_rv113(com.google.gson.stream.JsonWriterTest): JsonWriter is closed.,testDoubles_rv125(com.google.gson.stream.JsonWriterTest): JsonWriter is closed.,testDoubles_rv126(com.google.gson.stream.JsonWriterTest): JsonWriter is closed.,testDoubles_rv132(com.google.gson.stream.JsonWriterTest): JsonWriter is closed.,testDoubles_rv133(com.google.gson.stream.JsonWriterTest): JsonWriter is closed.,testDoubles_rv134(com.google.gson.stream.JsonWriterTest): JsonWriter is closed.,testDoubles_rv135(com.google.gson.stream.JsonWriterTest): JsonWriter is closed.,testDoubles_rv136(com.google.gson.stream.JsonWriterTest): JsonWriter is closed.,testDoubles_rv147(com.google.gson.stream.JsonWriterTest): JsonWriter is closed.,testDoubles_rv148(com.google.gson.stream.JsonWriterTest): JsonWriter is closed.,testDoubles_rv154(com.google.gson.stream.JsonWriterTest): JsonWriter is closed.,testDoubles_rv155(com.google.gson.stream.JsonWriterTest): JsonWriter is closed.,testDoubles_rv156(com.google.gson.stream.JsonWriterTest): JsonWriter is closed.,testDoubles_rv157(com.google.gson.stream.JsonWriterTest): JsonWriter is closed.,testDoubles_rv158(com.google.gson.stream.JsonWriterTest): JsonWriter is closed.,testDoubles_rv169(com.google.gson.stream.JsonWriterTest): JsonWriter is closed.,testDoubles_rv170(com.google.gson.stream.JsonWriterTest): JsonWriter is closed.,testDoubles_rv176(com.google.gson.stream.JsonWriterTest): JsonWriter is closed.,testDoubles_rv177(com.google.gson.stream.JsonWriterTest): JsonWriter is closed.,testDoubles_rv178(com.google.gson.stream.JsonWriterTest): JsonWriter is closed.,testDoubles_rv179(com.google.gson.stream.JsonWriterTest): JsonWriter is closed.,testDoubles_rv191(com.google.gson.stream.JsonWriterTest): JsonWriter is closed.,testDoubles_rv192(com.google.gson.stream.JsonWriterTest): JsonWriter is closed.,testDoubles_rv198(com.google.gson.stream.JsonWriterTest): JsonWriter is closed.,testDoubles_rv199(com.google.gson.stream.JsonWriterTest): JsonWriter is closed.,testDoubles_rv200(com.google.gson.stream.JsonWriterTest): JsonWriter is closed.,testDoubles_rv201(com.google.gson.stream.JsonWriterTest): JsonWriter is closed.,testDoubles_rv202(com.google.gson.stream.JsonWriterTest): JsonWriter is closed.,testDoubles_rv213(com.google.gson.stream.JsonWriterTest): JsonWriter is closed.,testDoubles_rv214(com.google.gson.stream.JsonWriterTest): JsonWriter is closed.,testDoubles_rv220(com.google.gson.stream.JsonWriterTest): JsonWriter is closed.,testDoubles_rv221(com.google.gson.stream.JsonWriterTest): JsonWriter is closed.,testDoubles_rv222(com.google.gson.stream.JsonWriterTest): JsonWriter is closed.,testDoubles_rv223(com.google.gson.stream.JsonWriterTest): JsonWriter is closed.,testDoubles_rv224(com.google.gson.stream.JsonWriterTest): JsonWriter is closed.,testDoubles_rv235(com.google.gson.stream.JsonWriterTest): JsonWriter is closed.,testDoubles_rv236(com.google.gson.stream.JsonWriterTest): JsonWriter is closed.,testDoubles_rv242(com.google.gson.stream.JsonWriterTest): JsonWriter is closed.,testDoubles_rv243(com.google.gson.stream.JsonWriterTest): JsonWriter is closed.,testDoubles_rv244(com.google.gson.stream.JsonWriterTest): JsonWriter is closed.,testDoubles_rv245(com.google.gson.stream.JsonWriterTest): JsonWriter is closed.,testDoubles_rv246(com.google.gson.stream.JsonWriterTest): JsonWriter is closed.,testDoubles_rv257(com.google.gson.stream.JsonWriterTest): JsonWriter is closed.,testDoubles_rv258(com.google.gson.stream.JsonWriterTest): JsonWriter is closed.,testDoubles_rv264(com.google.gson.stream.JsonWriterTest): JsonWriter is closed.,testDoubles_rv265(com.google.gson.stream.JsonWriterTest): JsonWriter is closed.,testDoubles_rv266(com.google.gson.stream.JsonWriterTest): JsonWriter is closed.,testDoubles_rv267(com.google.gson.stream.JsonWriterTest): JsonWriter is closed.,testDoubles_rv268(com.google.gson.stream.JsonWriterTest): JsonWriter is closed.,testDoubles_rv279(com.google.gson.stream.JsonWriterTest): JsonWriter is closed.,testDoubles_rv280(com.google.gson.stream.JsonWriterTest): JsonWriter is closed.,testDoubles_rv286(com.google.gson.stream.JsonWriterTest): JsonWriter is closed.,testDoubles_rv287(com.google.gson.stream.JsonWriterTest): JsonWriter is closed.,testDoubles_rv288(com.google.gson.stream.JsonWriterTest): JsonWriter is closed.,testDoubles_rv289(com.google.gson.stream.JsonWriterTest): JsonWriter is closed.,testDoubles_rv290(com.google.gson.stream.JsonWriterTest): JsonWriter is closed.,testDoubles_rv301(com.google.gson.stream.JsonWriterTest): JsonWriter is closed.,testDoubles_rv302(com.google.gson.stream.JsonWriterTest): JsonWriter is closed.,testDoubles_rv308(com.google.gson.stream.JsonWriterTest): JsonWriter is closed.,testDoubles_rv309(com.google.gson.stream.JsonWriterTest): JsonWriter is closed.,testDoubles_rv310(com.google.gson.stream.JsonWriterTest): JsonWriter is closed.,testDoubles_rv311(com.google.gson.stream.JsonWriterTest): JsonWriter is closed.,testDoubles_rv312(com.google.gson.stream.JsonWriterTest): JsonWriter is closed.,testDoubles_rv323(com.google.gson.stream.JsonWriterTest): JsonWriter is closed.,testDoubles_rv324(com.google.gson.stream.JsonWriterTest): JsonWriter is closed.,testDoubles_rv330(com.google.gson.stream.JsonWriterTest): JsonWriter is closed.,testDoubles_rv331(com.google.gson.stream.JsonWriterTest): JsonWriter is closed.,testDoubles_rv332(com.google.gson.stream.JsonWriterTest): JsonWriter is closed.,testDoubles_rv333(com.google.gson.stream.JsonWriterTest): JsonWriter is closed.,testDoubles_rv334(com.google.gson.stream.JsonWriterTest): JsonWriter is closed.
[INFO] 98 test pass, generating assertion...
[INFO] Add observations points in passing tests.
[INFO] Instrumentation...
  1% | ]/  2% |= ]-  3% |= ]\  4% |== ]|  5% |== ]/  6% |=== ]-  7% |=== ]\  8% |==== ]|  9% |==== ]/ 10% |===== ]- 11% |===== ]\ 12% |====== ]| 13% |====== ]/ 14% |======= ]- 15% |======= ]\ 16% |======== ]| 17% |======== ]/ 18% |========= ]- 19% |========= ]\ 20% |========== ]| 21% |========== ]/ 22% |=========== ]- 23% |=========== ]\ 24% |============ ]| 25% |============ ]/ 26% |============= ]- 27% |============= ]\ 28% |============== ]| 29% |============== ]/ 30% |=============== ]- 31% |=============== ]\ 32% |================ ]| 33% |================ ]/ 34% |================= ]- 35% |================= ]\ 36% |================== ]| 37% |================== ]/ 38% |=================== ]- 39% |=================== ]\ 40% |==================== ]| 41% |==================== ]/ 42% |===================== ]- 43% |===================== ]\ 44% |====================== ]| 45% |====================== ]/ 46% |======================= ]- 47% |======================= ]\ 48% |======================== ]| 50% |========================= ]/ 51% |========================= ]- 52% |========================== ]\ 53% |========================== ]| 54% |=========================== ]/ 55% |=========================== ]- 56% |============================ ]\ 57% |============================ ]| 58% |============================= ]/ 59% |============================= ]- 60% |============================== ]\ 61% |============================== ]| 62% |=============================== ]/ 63% |=============================== ]- 64% |================================ ]\ 65% |================================ ]| 66% |================================= ]/ 67% |================================= ]- 68% |================================== ]\ 69% |================================== ]| 70% |=================================== ]/ 71% |=================================== ]- 72% |==================================== ]\ 73% |==================================== ]| 74% |===================================== ]/ 75% |===================================== ]- 76% |====================================== ]\ 77% |====================================== ]| 78% |======================================= ]/ 79% |======================================= ]- 80% |======================================== ]\ 81% |======================================== ]| 82% |========================================= ]/ 83% |========================================= ]- 84% |========================================== ]\ 85% |========================================== ]| 86% |=========================================== ]/ 87% |=========================================== ]- 88% |============================================ ]\ 89% |============================================ ]| 90% |============================================= ]/ 91% |============================================= ]- 92% |============================================== ]\ 93% |============================================== ]| 94% |=============================================== ]/ 95% |=============================================== ]- 96% |================================================ ]\ 97% |================================================ ]| 98% |================================================= ]/100% |================================================== ]-
[INFO] Run instrumented tests. (294)
[INFO] Run: java -classpath /tmp/icst-2019/september-2018/dataset/gson_parent/gson/target/test-classes:/tmp/icst-2019/september-2018/dataset/gson_parent/gson/target/classes/:/home/spirals/danglot/.m2/repository/junit/junit/4.12/junit-4.12.jar:/home/spirals/danglot/.m2/repository/org/hamcrest/hamcrest-core/1.3/hamcrest-core-1.3.jar:/tmp/icst-2019/september-2018/dataset/gson_parent/gson/target/dspot/dependencies/:/home/spirals/danglot/.m2/repository/eu/stamp-project/test-runner/1.1.0/test-runner-1.1.0-jar-with-dependencies.jar eu.stamp_project.testrunner.runner.test.TestRunner com.google.gson.stream.JsonWriterTest testDoubles_remove66_withlog0:testDoubles_remove67_withlog0:testDoubles_remove71_withlog0:testDoubles_remove72_withlog0:testDoubles_remove70_withlog0:testDoubles_remove64_withlog0:testDoubles_remove69_withlog0:testDoubles_remove65_withlog0:testDoubles_remove68_withlog0:testDoubles_remove74_withlog0:testDoubleslitNum40_withlog0:testDoubleslitNum48_withlog0:testDoubleslitNum41_withlog0:testDoubleslitNum49_withlog0:testDoubleslitNum1_withlog0:testDoubleslitNum9_withlog0:testDoubleslitNum12_withlog0:testDoubleslitNum11_withlog0:testDoubleslitNum20_withlog0:testDoubleslitNum30_withlog0:testDoubleslitNum38_withlog0:testDoubleslitNum28_withlog0:testDoubleslitNum21_withlog0:testDoubleslitNum10_withlog0:testDoubleslitNum19_withlog0:testDoubleslitNum39_withlog0:testDoubleslitNum29_withlog0:testDoubles_rv329_withlog0:testDoubles_rv307_withlog0:testDoubles_rv285_withlog0:testDoubles_rv197_withlog0:testDoubleslitNum47_withlog0:testDoubleslitNum46_withlog0:testDoubles_rv263_withlog0:testDoubles_rv241_withlog0:testDoubles_rv219_withlog0:testDoubles_rv153_withlog0:testDoubleslitNum45_withlog0:testDoubles_rv131_withlog0:testDoubles_rv109_withlog0:testDoubles_rv175_withlog0:testDoubles_rv305_withlog0:testDoubles_rv107_withlog0:testDoubles_mg77_withlog0:testDoubles_rv327_withlog0:testDoubles_rv217_withlog0:testDoubles_add61_withlog0:testDoubles_rv195_withlog0:testDoubles_rv173_withlog0:testDoubles_rv283_withlog0:testDoubles_rv151_withlog0:testDoubles_rv261_withlog0:testDoubles_rv129_withlog0:testDoubles_rv239_withlog0:testDoubles_add52_withlog0:testDoubles_add55_withlog0:testDoubles_add51_withlog0:testDoubles_add56_withlog0:testDoubleslitNum18_withlog0:testDoubleslitNum17_withlog0:testDoubleslitNum27_withlog0:testDoubleslitNum26_withlog0:testDoubleslitNum8_withlog0:testDoubleslitNum7_withlog0:testDoubleslitNum16_withlog0:testDoubleslitNum25_withlog0:testDoubleslitNum37_withlog0:testDoubleslitNum36_withlog0:testDoubles_add62_withlog0:testDoubleslitNum6_withlog0:testDoubleslitNum35_withlog0:testDoubles_add57_withlog0:testDoubles_rv326_withlog0:testDoubles_rv238_withlog0:testDoubles_rv304_withlog0:testDoubles_rv282_withlog0:testDoubles_rv260_withlog0:testDoubles_add59_withlog0:testDoubles_rv216_withlog0:testDoubles_rv194_withlog0:testDoubles_rv150_withlog0:testDoubles_rv328_withlog0:testDoubles_rv284_withlog0:testDoubles_add58_withlog0:testDoubles_rv172_withlog0:testDoubles_rv128_withlog0:testDoubles_rv106_withlog0:testDoubles_rv306_withlog0:testDoubles_rv262_withlog0:testDoubles_rv240_withlog0:testDoubles_rv196_withlog0:testDoubles_rv218_withlog0:testDoubles_rv152_withlog0:testDoubles_rv174_withlog0:testDoubles_rv130_withlog0:testDoubles_rv108_withlog0:testDoubles_add54_withlog0:testDoubles_add53_withlog0:testDoubles_remove66_withlog1:testDoubles_remove67_withlog1:testDoubles_remove71_withlog1:testDoubles_remove72_withlog1:testDoubles_remove70_withlog1:testDoubles_remove64_withlog1:testDoubles_remove69_withlog1:testDoubles_remove65_withlog1:testDoubles_remove68_withlog1:testDoubles_remove74_withlog1:testDoubleslitNum40_withlog1:testDoubleslitNum48_withlog1:testDoubleslitNum41_withlog1:testDoubleslitNum49_withlog1:testDoubleslitNum1_withlog1:testDoubleslitNum9_withlog1:testDoubleslitNum12_withlog1:testDoubleslitNum11_withlog1:testDoubleslitNum20_withlog1:testDoubleslitNum30_withlog1:testDoubleslitNum38_withlog1:testDoubleslitNum28_withlog1:testDoubleslitNum21_withlog1:testDoubleslitNum10_withlog1:testDoubleslitNum19_withlog1:testDoubleslitNum39_withlog1:testDoubleslitNum29_withlog1:testDoubles_rv329_withlog1:testDoubles_rv307_withlog1:testDoubles_rv285_withlog1:testDoubles_rv197_withlog1:testDoubleslitNum47_withlog1:testDoubleslitNum46_withlog1:testDoubles_rv263_withlog1:testDoubles_rv241_withlog1:testDoubles_rv219_withlog1:testDoubles_rv153_withlog1:testDoubleslitNum45_withlog1:testDoubles_rv131_withlog1:testDoubles_rv109_withlog1:testDoubles_rv175_withlog1:testDoubles_rv305_withlog1:testDoubles_rv107_withlog1:testDoubles_mg77_withlog1:testDoubles_rv327_withlog1:testDoubles_rv217_withlog1:testDoubles_add61_withlog1:testDoubles_rv195_withlog1:testDoubles_rv173_withlog1:testDoubles_rv283_withlog1:testDoubles_rv151_withlog1:testDoubles_rv261_withlog1:testDoubles_rv129_withlog1:testDoubles_rv239_withlog1:testDoubles_add52_withlog1:testDoubles_add55_withlog1:testDoubles_add51_withlog1:testDoubles_add56_withlog1:testDoubleslitNum18_withlog1:testDoubleslitNum17_withlog1:testDoubleslitNum27_withlog1:testDoubleslitNum26_withlog1:testDoubleslitNum8_withlog1:testDoubleslitNum7_withlog1:testDoubleslitNum16_withlog1:testDoubleslitNum25_withlog1:testDoubleslitNum37_withlog1:testDoubleslitNum36_withlog1:testDoubles_add62_withlog1:testDoubleslitNum6_withlog1:testDoubleslitNum35_withlog1:testDoubles_add57_withlog1:testDoubles_rv326_withlog1:testDoubles_rv238_withlog1:testDoubles_rv304_withlog1:testDoubles_rv282_withlog1:testDoubles_rv260_withlog1:testDoubles_add59_withlog1:testDoubles_rv216_withlog1:testDoubles_rv194_withlog1:testDoubles_rv150_withlog1:testDoubles_rv328_withlog1:testDoubles_rv284_withlog1:testDoubles_add58_withlog1:testDoubles_rv172_withlog1:testDoubles_rv128_withlog1:testDoubles_rv106_withlog1:testDoubles_rv306_withlog1:testDoubles_rv262_withlog1:testDoubles_rv240_withlog1:testDoubles_rv196_withlog1:testDoubles_rv218_withlog1:testDoubles_rv152_withlog1:testDoubles_rv174_withlog1:testDoubles_rv130_withlog1:testDoubles_rv108_withlog1:testDoubles_add54_withlog1:testDoubles_add53_withlog1:testDoubles_remove66_withlog2:testDoubles_remove67_withlog2:testDoubles_remove71_withlog2:testDoubles_remove72_withlog2:testDoubles_remove70_withlog2:testDoubles_remove64_withlog2:testDoubles_remove69_withlog2:testDoubles_remove65_withlog2:testDoubles_remove68_withlog2:testDoubles_remove74_withlog2:testDoubleslitNum40_withlog2:testDoubleslitNum48_withlog2:testDoubleslitNum41_withlog2:testDoubleslitNum49_withlog2:testDoubleslitNum1_withlog2:testDoubleslitNum9_withlog2:testDoubleslitNum12_withlog2:testDoubleslitNum11_withlog2:testDoubleslitNum20_withlog2:testDoubleslitNum30_withlog2:testDoubleslitNum38_withlog2:testDoubleslitNum28_withlog2:testDoubleslitNum21_withlog2:testDoubleslitNum10_withlog2:testDoubleslitNum19_withlog2:testDoubleslitNum39_withlog2:testDoubleslitNum29_withlog2:testDoubles_rv329_withlog2:testDoubles_rv307_withlog2:testDoubles_rv285_withlog2:testDoubles_rv197_withlog2:testDoubleslitNum47_withlog2:testDoubleslitNum46_withlog2:testDoubles_rv263_withlog2:testDoubles_rv241_withlog2:testDoubles_rv219_withlog2:testDoubles_rv153_withlog2:testDoubleslitNum45_withlog2:testDoubles_rv131_withlog2:testDoubles_rv109_withlog2:testDoubles_rv175_withlog2:testDoubles_rv305_withlog2:testDoubles_rv107_withlog2:testDoubles_mg77_withlog2:testDoubles_rv327_withlog2:testDoubles_rv217_withlog2:testDoubles_add61_withlog2:testDoubles_rv195_withlog2:testDoubles_rv173_withlog2:testDoubles_rv283_withlog2:testDoubles_rv151_withlog2:testDoubles_rv261_withlog2:testDoubles_rv129_withlog2:testDoubles_rv239_withlog2:testDoubles_add52_withlog2:testDoubles_add55_withlog2:testDoubles_add51_withlog2:testDoubles_add56_withlog2:testDoubleslitNum18_withlog2:testDoubleslitNum17_withlog2:testDoubleslitNum27_withlog2:testDoubleslitNum26_withlog2:testDoubleslitNum8_withlog2:testDoubleslitNum7_withlog2:testDoubleslitNum16_withlog2:testDoubleslitNum25_withlog2:testDoubleslitNum37_withlog2:testDoubleslitNum36_withlog2:testDoubles_add62_withlog2:testDoubleslitNum6_withlog2:testDoubleslitNum35_withlog2:testDoubles_add57_withlog2:testDoubles_rv326_withlog2:testDoubles_rv238_withlog2:testDoubles_rv304_withlog2:testDoubles_rv282_withlog2:testDoubles_rv260_withlog2:testDoubles_add59_withlog2:testDoubles_rv216_withlog2:testDoubles_rv194_withlog2:testDoubles_rv150_withlog2:testDoubles_rv328_withlog2:testDoubles_rv284_withlog2:testDoubles_add58_withlog2:testDoubles_rv172_withlog2:testDoubles_rv128_withlog2:testDoubles_rv106_withlog2:testDoubles_rv306_withlog2:testDoubles_rv262_withlog2:testDoubles_rv240_withlog2:testDoubles_rv196_withlog2:testDoubles_rv218_withlog2:testDoubles_rv152_withlog2:testDoubles_rv174_withlog2:testDoubles_rv130_withlog2:testDoubles_rv108_withlog2:testDoubles_add54_withlog2:testDoubles_add53_withlog2
File saved to the following path: /tmp/icst-2019/september-2018/dataset/gson_parent/gson/target/dspot/observations.ser
File saved to the following path: /tmp/icst-2019/september-2018/dataset/gson_parent/gson/target/dspot/TestListener.ser
Loading /tmp/icst-2019/september-2018/dataset/gson_parent/gson/target/dspot/TestListener.ser
[INFO] Test has been run: testDoubles_rv196_withlog0,testDoubles_rv196_withlog1,testDoubles_rv196_withlog2,testDoubleslitNum10_withlog0,testDoubleslitNum10_withlog1,testDoubleslitNum10_withlog2,testDoubleslitNum7_withlog0,testDoubleslitNum7_withlog1,testDoubleslitNum7_withlog2,testDoubles_rv172_withlog0,testDoubles_rv172_withlog1,testDoubles_rv172_withlog2,testDoubles_rv195_withlog0,testDoubles_rv195_withlog1,testDoubles_rv195_withlog2,testDoubleslitNum6_withlog0,testDoubleslitNum6_withlog1,testDoubleslitNum6_withlog2,testDoubles_rv194_withlog0,testDoubles_rv194_withlog1,testDoubles_rv194_withlog2,testDoubles_remove74_withlog0,testDoubles_remove74_withlog1,testDoubles_remove74_withlog2,testDoubleslitNum30_withlog0,testDoubleslitNum30_withlog1,testDoubleslitNum30_withlog2,testDoubleslitNum29_withlog0,testDoubleslitNum29_withlog1,testDoubleslitNum29_withlog2,testDoubles_add62_withlog0,testDoubles_add62_withlog1,testDoubles_add62_withlog2,testDoubles_remove72_withlog0,testDoubles_remove72_withlog1,testDoubles_remove72_withlog2,testDoubleslitNum28_withlog0,testDoubleslitNum28_withlog1,testDoubleslitNum28_withlog2,testDoubles_rv219_withlog0,testDoubles_rv219_withlog1,testDoubles_rv219_withlog2,testDoubles_add61_withlog0,testDoubles_add61_withlog1,testDoubles_add61_withlog2,testDoubles_mg77_withlog0,testDoubles_mg77_withlog1,testDoubles_mg77_withlog2,testDoubles_remove71_withlog0,testDoubles_remove71_withlog1,testDoubles_remove71_withlog2,testDoubleslitNum27_withlog0,testDoubleslitNum27_withlog1,testDoubleslitNum27_withlog2,testDoubles_rv218_withlog0,testDoubles_rv218_withlog1,testDoubles_rv218_withlog2,testDoubleslitNum1_withlog0,testDoubleslitNum1_withlog1,testDoubleslitNum1_withlog2,testDoubles_add59_withlog0,testDoubles_add59_withlog1,testDoubles_add59_withlog2,testDoubles_remove70_withlog0,testDoubles_remove70_withlog1,testDoubles_remove70_withlog2,testDoubleslitNum26_withlog0,testDoubleslitNum26_withlog1,testDoubleslitNum26_withlog2,testDoubles_remove69_withlog0,testDoubles_remove69_withlog1,testDoubles_remove69_withlog2,testDoubles_rv217_withlog0,testDoubles_rv217_withlog1,testDoubles_rv217_withlog2,testDoubleslitNum49_withlog0,testDoubleslitNum49_withlog1,testDoubleslitNum49_withlog2,testDoubles_add58_withlog0,testDoubles_add58_withlog1,testDoubles_add58_withlog2,testDoubles_rv241_withlog0,testDoubles_rv241_withlog1,testDoubles_rv241_withlog2,testDoubleslitNum25_withlog0,testDoubleslitNum25_withlog1,testDoubleslitNum25_withlog2,testDoubles_remove68_withlog0,testDoubles_remove68_withlog1,testDoubles_remove68_withlog2,testDoubles_rv216_withlog0,testDoubles_rv216_withlog1,testDoubles_rv216_withlog2,testDoubleslitNum48_withlog0,testDoubleslitNum48_withlog1,testDoubleslitNum48_withlog2,testDoubles_add57_withlog0,testDoubles_add57_withlog1,testDoubles_add57_withlog2,testDoubles_rv240_withlog0,testDoubles_rv240_withlog1,testDoubles_rv240_withlog2,testDoubles_rv239_withlog0,testDoubles_rv239_withlog1,testDoubles_rv239_withlog2,testDoubles_remove67_withlog0,testDoubles_remove67_withlog1,testDoubles_remove67_withlog2,testDoubles_rv263_withlog0,testDoubles_rv263_withlog1,testDoubles_rv263_withlog2,testDoubleslitNum47_withlog0,testDoubleslitNum47_withlog1,testDoubleslitNum47_withlog2,testDoubles_add56_withlog0,testDoubles_add56_withlog1,testDoubles_add56_withlog2,testDoubles_rv238_withlog0,testDoubles_rv238_withlog1,testDoubles_rv238_withlog2,testDoubles_remove66_withlog0,testDoubles_remove66_withlog1,testDoubles_remove66_withlog2,testDoubles_rv262_withlog0,testDoubles_rv262_withlog1,testDoubles_rv262_withlog2,testDoubleslitNum46_withlog0,testDoubleslitNum46_withlog1,testDoubleslitNum46_withlog2,testDoubles_add55_withlog0,testDoubles_add55_withlog1,testDoubles_add55_withlog2,testDoubles_rv285_withlog0,testDoubles_rv285_withlog1,testDoubles_rv285_withlog2,testDoubles_remove65_withlog0,testDoubles_remove65_withlog1,testDoubles_remove65_withlog2,testDoubles_rv261_withlog0,testDoubles_rv261_withlog1,testDoubles_rv261_withlog2,testDoubleslitNum45_withlog0,testDoubleslitNum45_withlog1,testDoubleslitNum45_withlog2,testDoubles_add54_withlog0,testDoubles_add54_withlog1,testDoubles_add54_withlog2,testDoubleslitNum21_withlog0,testDoubleslitNum21_withlog1,testDoubleslitNum21_withlog2,testDoubles_rv284_withlog0,testDoubles_rv284_withlog1,testDoubles_rv284_withlog2,testDoubles_remove64_withlog0,testDoubles_remove64_withlog1,testDoubles_remove64_withlog2,testDoubles_rv260_withlog0,testDoubles_rv260_withlog1,testDoubles_rv260_withlog2,testDoubles_add53_withlog0,testDoubles_add53_withlog1,testDoubles_add53_withlog2,testDoubleslitNum20_withlog0,testDoubleslitNum20_withlog1,testDoubleslitNum20_withlog2,testDoubles_rv283_withlog0,testDoubles_rv283_withlog1,testDoubles_rv283_withlog2,testDoubleslitNum19_withlog0,testDoubleslitNum19_withlog1,testDoubleslitNum19_withlog2,testDoubles_add52_withlog0,testDoubles_add52_withlog1,testDoubles_add52_withlog2,testDoubles_rv109_withlog0,testDoubles_rv109_withlog1,testDoubles_rv109_withlog2,testDoubles_rv282_withlog0,testDoubles_rv282_withlog1,testDoubles_rv282_withlog2,testDoubleslitNum18_withlog0,testDoubleslitNum18_withlog1,testDoubleslitNum18_withlog2,testDoubles_add51_withlog0,testDoubles_add51_withlog1,testDoubles_add51_withlog2,testDoubles_rv108_withlog0,testDoubles_rv108_withlog1,testDoubles_rv108_withlog2,testDoubleslitNum17_withlog0,testDoubleslitNum17_withlog1,testDoubleslitNum17_withlog2,testDoubleslitNum41_withlog0,testDoubleslitNum41_withlog1,testDoubleslitNum41_withlog2,testDoubles_rv107_withlog0,testDoubles_rv107_withlog1,testDoubles_rv107_withlog2,testDoubleslitNum16_withlog0,testDoubleslitNum16_withlog1,testDoubleslitNum16_withlog2,testDoubles_rv131_withlog0,testDoubles_rv131_withlog1,testDoubles_rv131_withlog2,testDoubleslitNum40_withlog0,testDoubleslitNum40_withlog1,testDoubleslitNum40_withlog2,testDoubleslitNum39_withlog0,testDoubleslitNum39_withlog1,testDoubleslitNum39_withlog2,testDoubles_rv106_withlog0,testDoubles_rv106_withlog1,testDoubles_rv106_withlog2,testDoubles_rv307_withlog0,testDoubles_rv307_withlog1,testDoubles_rv307_withlog2,testDoubles_rv130_withlog0,testDoubles_rv130_withlog1,testDoubles_rv130_withlog2,testDoubles_rv129_withlog0,testDoubles_rv129_withlog1,testDoubles_rv129_withlog2,testDoubleslitNum38_withlog0,testDoubleslitNum38_withlog1,testDoubleslitNum38_withlog2,testDoubles_rv153_withlog0,testDoubles_rv153_withlog1,testDoubles_rv153_withlog2,testDoubles_rv306_withlog0,testDoubles_rv306_withlog1,testDoubles_rv306_withlog2,testDoubles_rv128_withlog0,testDoubles_rv128_withlog1,testDoubles_rv128_withlog2,testDoubleslitNum37_withlog0,testDoubleslitNum37_withlog1,testDoubleslitNum37_withlog2,testDoubles_rv329_withlog0,testDoubles_rv329_withlog1,testDoubles_rv329_withlog2,testDoubles_rv152_withlog0,testDoubles_rv152_withlog1,testDoubles_rv152_withlog2,testDoubles_rv305_withlog0,testDoubles_rv305_withlog1,testDoubles_rv305_withlog2,testDoubles_rv175_withlog0,testDoubles_rv175_withlog1,testDoubles_rv175_withlog2,testDoubleslitNum36_withlog0,testDoubleslitNum36_withlog1,testDoubleslitNum36_withlog2,testDoubles_rv328_withlog0,testDoubles_rv328_withlog1,testDoubles_rv328_withlog2,testDoubles_rv151_withlog0,testDoubles_rv151_withlog1,testDoubles_rv151_withlog2,testDoubleslitNum12_withlog0,testDoubleslitNum12_withlog1,testDoubleslitNum12_withlog2,testDoubles_rv304_withlog0,testDoubles_rv304_withlog1,testDoubles_rv304_withlog2,testDoubleslitNum9_withlog0,testDoubleslitNum9_withlog1,testDoubleslitNum9_withlog2,testDoubles_rv174_withlog0,testDoubles_rv174_withlog1,testDoubles_rv174_withlog2,testDoubleslitNum35_withlog0,testDoubleslitNum35_withlog1,testDoubleslitNum35_withlog2,testDoubles_rv327_withlog0,testDoubles_rv327_withlog1,testDoubles_rv327_withlog2,testDoubles_rv150_withlog0,testDoubles_rv150_withlog1,testDoubles_rv150_withlog2,testDoubles_rv197_withlog0,testDoubles_rv197_withlog1,testDoubles_rv197_withlog2,testDoubleslitNum11_withlog0,testDoubleslitNum11_withlog1,testDoubleslitNum11_withlog2,testDoubleslitNum8_withlog0,testDoubleslitNum8_withlog1,testDoubleslitNum8_withlog2,testDoubles_rv173_withlog0,testDoubles_rv173_withlog1,testDoubles_rv173_withlog2,testDoubles_rv326_withlog0,testDoubles_rv326_withlog1,testDoubles_rv326_withlog2
[INFO] Generating assertions...
[INFO] 100 test fail, generating try/catch/fail blocks...
[INFO] 198 new tests with assertions generated
[INFO] Run: java -classpath /tmp/icst-2019/september-2018/dataset/gson_parent/gson/target/test-classes:/tmp/icst-2019/september-2018/dataset/gson_parent/gson/target/classes/:/home/spirals/danglot/.m2/repository/junit/junit/4.12/junit-4.12.jar:/home/spirals/danglot/.m2/repository/org/hamcrest/hamcrest-core/1.3/hamcrest-core-1.3.jar:/tmp/icst-2019/september-2018/dataset/gson_parent/gson/target/dspot/dependencies/:/home/spirals/danglot/.m2/repository/eu/stamp-project/test-runner/1.1.0/test-runner-1.1.0-jar-with-dependencies.jar eu.stamp_project.testrunner.runner.test.TestRunner com.google.gson.stream.JsonWriterTest testDoubles_remove66:testDoubles_remove67:testDoubles_remove71:testDoubles_remove72:testDoubles_remove70:testDoubles_remove64:testDoubles_remove69:testDoubles_remove65:testDoubles_remove68:testDoubles_remove74:testDoubleslitNum40:testDoubleslitNum48:testDoubleslitNum41:testDoubleslitNum49:testDoubleslitNum1:testDoubleslitNum9:testDoubleslitNum12:testDoubleslitNum11:testDoubleslitNum20:testDoubleslitNum30:testDoubleslitNum38:testDoubleslitNum28:testDoubleslitNum21:testDoubleslitNum10:testDoubleslitNum19:testDoubleslitNum39:testDoubleslitNum29:testDoubles_rv329:testDoubles_rv307:testDoubles_rv285:testDoubles_rv197:testDoubleslitNum47:testDoubleslitNum46:testDoubles_rv263:testDoubles_rv241:testDoubles_rv219:testDoubles_rv153:testDoubleslitNum45:testDoubles_rv131:testDoubles_rv109:testDoubles_rv175:testDoubles_rv305:testDoubles_rv107:testDoubles_mg77:testDoubles_rv327:testDoubles_rv217:testDoubles_add61:testDoubles_rv195:testDoubles_rv173:testDoubles_rv283:testDoubles_rv151:testDoubles_rv261:testDoubles_rv129:testDoubles_rv239:testDoubles_add52:testDoubles_add55:testDoubles_add51:testDoubles_add56:testDoubleslitNum18:testDoubleslitNum17:testDoubleslitNum27:testDoubleslitNum26:testDoubleslitNum8:testDoubleslitNum7:testDoubleslitNum16:testDoubleslitNum25:testDoubleslitNum37:testDoubleslitNum36:testDoubles_add62:testDoubleslitNum6:testDoubleslitNum35:testDoubles_add57:testDoubles_rv326:testDoubles_rv238:testDoubles_rv304:testDoubles_rv282:testDoubles_rv260:testDoubles_add59:testDoubles_rv216:testDoubles_rv194:testDoubles_rv150:testDoubles_rv328:testDoubles_rv284:testDoubles_add58:testDoubles_rv172:testDoubles_rv128:testDoubles_rv106:testDoubles_rv306:testDoubles_rv262:testDoubles_rv240:testDoubles_rv196:testDoubles_rv218:testDoubles_rv152:testDoubles_rv174:testDoubles_rv130:testDoubles_rv108:testDoubles_add54:testDoubles_add53:testDoubles_remove63_failAssert0:testDoubles_remove73_failAssert1:testDoubleslitNum42_failAssert2:testDoubles_mg80_failAssert3:testDoubles_rv323_failAssert4:testDoubleslitNum13_failAssert5:testDoubleslitNum22_failAssert6:testDoubleslitNum44_failAssert7:testDoubleslitNum3_failAssert8:testDoubleslitNum43_failAssert9:testDoubles_rv279_failAssert10:testDoubleslitNum32_failAssert11:testDoubles_rv169_failAssert12:testDoubles_rv235_failAssert13:testDoubles_rv191_failAssert14:testDoubles_mg78_failAssert15:testDoubles_rv125_failAssert16:testDoubles_rv103_failAssert17:testDoubles_rv257_failAssert18:testDoubles_add60_failAssert19:testDoubles_mg79_failAssert20:testDoubles_rv213_failAssert21:testDoubles_rv301_failAssert22:testDoubles_mg83_failAssert23:testDoubles_mg75_failAssert24:testDoubles_rv147_failAssert25:testDoubles_add50_failAssert26:testDoubles_mg76_failAssert27:testDoubles_rv267_failAssert28:testDoubles_rv333_failAssert29:testDoubles_rv289_failAssert30:testDoubles_rv311_failAssert31:testDoubles_rv245_failAssert32:testDoubles_rv223_failAssert33:testDoubles_rv201_failAssert34:testDoubles_rv192_failAssert35:testDoubles_rv135_failAssert36:testDoubles_rv179_failAssert37:testDoubles_rv157_failAssert38:testDoubles_rv258_failAssert39:testDoubles_rv113_failAssert40:testDoubles_rv302_failAssert41:testDoubles_rv214_failAssert42:testDoubles_rv236_failAssert43:testDoubles_rv280_failAssert44:testDoubles_rv324_failAssert45:testDoubles_rv148_failAssert46:testDoubleslitNum15_failAssert47:testDoubleslitNum24_failAssert48:testDoubleslitNum14_failAssert49:testDoubleslitNum23_failAssert50:testDoubleslitNum5_failAssert51:testDoubleslitNum4_failAssert52:testDoubles_rv104_failAssert53:testDoubleslitNum34_failAssert54:testDoubles_rv170_failAssert55:testDoubles_rv126_failAssert56:testDoubleslitNum33_failAssert57:testDoubles_rv332_failAssert58:testDoubles_rv288_failAssert59:testDoubles_rv310_failAssert60:testDoubles_rv222_failAssert61:testDoubles_rv266_failAssert62:testDoubles_rv244_failAssert63:testDoubles_rv178_failAssert64:testDoubles_rv200_failAssert65:testDoubles_rv134_failAssert66:testDoubles_rv156_failAssert67:testDoubles_rv112_failAssert68:testDoubles_rv331_failAssert69:testDoubles_rv287_failAssert70:testDoubles_rv221_failAssert71:testDoubles_rv309_failAssert72:testDoubles_rv199_failAssert73:testDoubles_rv265_failAssert74:testDoubles_rv243_failAssert75:testDoubles_rv133_failAssert76:testDoubles_rv155_failAssert77:testDoubles_rv177_failAssert78:testDoubles_rv111_failAssert79:testDoubles_rv330_failAssert80:testDoubles_rv308_failAssert81:testDoubles_rv286_failAssert82:testDoubles_rv264_failAssert83:testDoubles_rv242_failAssert84:testDoubles_rv220_failAssert85:testDoubles_rv198_failAssert86:testDoubles_rv176_failAssert87:testDoubles_rv132_failAssert88:testDoubles_rv110_failAssert89:testDoubles_rv290_failAssert90:testDoubles_rv312_failAssert91:testDoubles_rv334_failAssert92:testDoubles_rv154_failAssert93:testDoubles_rv224_failAssert94:testDoubles_rv246_failAssert95:testDoubles_rv202_failAssert96:testDoubles_rv268_failAssert97:testDoubles_rv136_failAssert98:testDoubles_rv158_failAssert99
File saved to the following path: /tmp/icst-2019/september-2018/dataset/gson_parent/gson/target/dspot/TestListener.ser
Loading /tmp/icst-2019/september-2018/dataset/gson_parent/gson/target/dspot/TestListener.ser
[INFO] Test has been run: testDoubles_mg79_failAssert20,testDoubleslitNum42_failAssert2,testDoubles_rv178_failAssert64,testDoubles_rv264_failAssert83,testDoubles_rv302_failAssert41,testDoubles_rv104_failAssert53,testDoubles_mg83_failAssert23,testDoubles_rv246_failAssert95,testDoubles_rv332_failAssert58,testDoubles_rv147_failAssert25,testDoubles_rv134_failAssert66,testDoubles_rv220_failAssert85,testDoubles_mg78_failAssert15,testDoubles_rv289_failAssert30,testDoubles_rv177_failAssert78,testDoubles_rv301_failAssert22,testDoubles_rv202_failAssert96,testDoubles_rv103_failAssert17,testDoubleslitNum24_failAssert48,testDoubles_rv280_failAssert44,testDoubles_rv258_failAssert39,testDoubles_rv245_failAssert32,testDoubles_rv331_failAssert69,testDoubles_rv133_failAssert76,testDoubles_mg77,testDoubles_rv309_failAssert72,testDoubleslitNum22_failAssert6,testDoubles_rv288_failAssert59,testDoubles_rv176_failAssert87,testDoubles_rv214_failAssert42,testDoubles_rv201_failAssert34,testDoubleslitNum13_failAssert5,testDoubleslitNum23_failAssert50,testDoubles_rv257_failAssert18,testDoubles_rv158_failAssert99,testDoubles_rv244_failAssert63,testDoubles_rv330_failAssert80,testDoubles_rv132_failAssert88,testDoubles_rv308_failAssert81,testDoubles_mg76_failAssert27,testDoubles_rv287_failAssert70,testDoubleslitNum5_failAssert51,testDoubles_rv312_failAssert91,testDoubles_rv213_failAssert21,testDoubles_rv200_failAssert65,testDoubles_mg80_failAssert3,testDoubles_rv192_failAssert35,testDoubles_rv157_failAssert38,testDoubles_rv243_failAssert75,testDoubleslitNum3_failAssert8,testDoubles_add50_failAssert26,testDoubles_mg75_failAssert24,testDoubles_remove73_failAssert1,testDoubles_rv286_failAssert82,testDoubleslitNum4_failAssert52,testDoubles_rv324_failAssert45,testDoubles_rv311_failAssert31,testDoubles_rv126_failAssert56,testDoubles_rv113_failAssert40,testDoubles_remove64,testDoubles_remove65,testDoubles_remove66,testDoubles_remove67,testDoubles_remove68,testDoubles_remove69,testDoubles_remove70,testDoubles_remove71,testDoubles_remove72,testDoubles_remove74,testDoubleslitNum34_failAssert54,testDoubles_rv290_failAssert90,testDoubles_rv191_failAssert14,testDoubles_rv268_failAssert97,testDoubles_rv169_failAssert12,testDoubles_rv156_failAssert67,testDoubles_rv242_failAssert84,testDoubleslitNum10,testDoubleslitNum11,testDoubleslitNum12,testDoubleslitNum16,testDoubleslitNum17,testDoubleslitNum18,testDoubleslitNum19,testDoubleslitNum20,testDoubleslitNum21,testDoubleslitNum25,testDoubleslitNum26,testDoubleslitNum27,testDoubleslitNum28,testDoubleslitNum29,testDoubleslitNum30,testDoubleslitNum35,testDoubleslitNum36,testDoubleslitNum37,testDoubleslitNum38,testDoubleslitNum39,testDoubleslitNum40,testDoubleslitNum41,testDoubleslitNum45,testDoubleslitNum46,testDoubleslitNum47,testDoubleslitNum48,testDoubleslitNum49,testDoubles_remove63_failAssert0,testDoubles_rv199_failAssert73,testDoubles_rv224_failAssert94,testDoubles_rv310_failAssert60,testDoubles_rv125_failAssert16,testDoubles_rv112_failAssert68,testDoubleslitNum1,testDoubleslitNum6,testDoubleslitNum7,testDoubleslitNum8,testDoubleslitNum9,testDoubleslitNum33_failAssert57,testDoubles_rv267_failAssert28,testDoubles_rv155_failAssert77,testDoubles_rv323_failAssert4,testDoubleslitNum15_failAssert47,testDoubles_rv198_failAssert86,testDoubles_rv236_failAssert43,testDoubles_rv223_failAssert33,testDoubles_rv111_failAssert79,testDoubleslitNum32_failAssert11,testDoubles_rv279_failAssert10,testDoubles_rv266_failAssert62,testDoubles_rv154_failAssert93,testDoubles_add60_failAssert19,testDoubleslitNum14_failAssert49,testDoubles_rv334_failAssert92,testDoubles_rv235_failAssert13,testDoubles_rv136_failAssert98,testDoubles_rv222_failAssert61,testDoubles_rv110_failAssert89,testDoubleslitNum44_failAssert7,testDoubles_rv179_failAssert37,testDoubles_rv265_failAssert74,testDoubleslitNum43_failAssert9,testDoubles_rv170_failAssert55,testDoubles_rv333_failAssert29,testDoubles_rv148_failAssert46,testDoubles_rv135_failAssert36,testDoubles_rv221_failAssert71,testDoubles_add51,testDoubles_add52,testDoubles_add53,testDoubles_add54,testDoubles_add55,testDoubles_add56,testDoubles_add57,testDoubles_add58,testDoubles_add59,testDoubles_add61,testDoubles_add62,testDoubles_rv106,testDoubles_rv107,testDoubles_rv108,testDoubles_rv109,testDoubles_rv128,testDoubles_rv129,testDoubles_rv130,testDoubles_rv131,testDoubles_rv150,testDoubles_rv151,testDoubles_rv152,testDoubles_rv153,testDoubles_rv172,testDoubles_rv173,testDoubles_rv174,testDoubles_rv175,testDoubles_rv194,testDoubles_rv195,testDoubles_rv196,testDoubles_rv197,testDoubles_rv216,testDoubles_rv217,testDoubles_rv218,testDoubles_rv219,testDoubles_rv238,testDoubles_rv239,testDoubles_rv240,testDoubles_rv241,testDoubles_rv260,testDoubles_rv261,testDoubles_rv262,testDoubles_rv263,testDoubles_rv282,testDoubles_rv283,testDoubles_rv284,testDoubles_rv285,testDoubles_rv304,testDoubles_rv305,testDoubles_rv306,testDoubles_rv307,testDoubles_rv326,testDoubles_rv327,testDoubles_rv328,testDoubles_rv329
[INFO] Assertion amplification: 198 test method(s) has been successfully amplified.
[WARN] 2018-09-27 21:49:06 Launcher - You specified the directory /tmp/icst-2019/september-2018/dataset/gson/gson/target/classes in source classpath, please note that only class files will be considered. Jars and subdirectories will be ignored.
[WARN] 2018-09-27 21:49:06 Launcher - You specified the directory /tmp/icst-2019/september-2018/dataset/gson/gson/target/test-classes in source classpath, please note that only class files will be considered. Jars and subdirectories will be ignored.
[WARN] 2018-09-27 21:49:06 Launcher - You specified the directory /tmp/icst-2019/september-2018/dataset/gson/gson/target/dspot/dependencies in source classpath, please note that only class files will be considered. Jars and subdirectories will be ignored.
[INFO] Run: java -classpath /tmp/icst-2019/september-2018/dataset/gson/gson/target/classes/:/tmp/icst-2019/september-2018/dataset/gson/gson/target/test-classes/:/home/spirals/danglot/.m2/repository/junit/junit/4.12/junit-4.12.jar:/home/spirals/danglot/.m2/repository/org/hamcrest/hamcrest-core/1.3/hamcrest-core-1.3.jar:/tmp/icst-2019/september-2018/dataset/gson/gson/target/dspot/dependencies/:/home/spirals/danglot/.m2/repository/eu/stamp-project/test-runner/1.1.0/test-runner-1.1.0-jar-with-dependencies.jar eu.stamp_project.testrunner.runner.test.TestRunner com.google.gson.stream.JsonWriterTest testDoubles_remove66:testDoubles_remove67:testDoubles_remove71:testDoubles_remove72:testDoubles_remove70:testDoubles_remove64:testDoubles_remove69:testDoubles_remove65:testDoubles_remove68:testDoubles_remove74:testDoubleslitNum40:testDoubleslitNum48:testDoubleslitNum41:testDoubleslitNum49:testDoubleslitNum1:testDoubleslitNum9:testDoubleslitNum12:testDoubleslitNum11:testDoubleslitNum20:testDoubleslitNum30:testDoubleslitNum38:testDoubleslitNum28:testDoubleslitNum21:testDoubleslitNum10:testDoubleslitNum19:testDoubleslitNum39:testDoubleslitNum29:testDoubles_rv329:testDoubles_rv307:testDoubles_rv285:testDoubles_rv197:testDoubleslitNum47:testDoubleslitNum46:testDoubles_rv263:testDoubles_rv241:testDoubles_rv219:testDoubles_rv153:testDoubleslitNum45:testDoubles_rv131:testDoubles_rv109:testDoubles_rv175:testDoubles_rv305:testDoubles_rv107:testDoubles_mg77:testDoubles_rv327:testDoubles_rv217:testDoubles_add61:testDoubles_rv195:testDoubles_rv173:testDoubles_rv283:testDoubles_rv151:testDoubles_rv261:testDoubles_rv129:testDoubles_rv239:testDoubles_add52:testDoubles_add55:testDoubles_add51:testDoubles_add56:testDoubleslitNum18:testDoubleslitNum17:testDoubleslitNum27:testDoubleslitNum26:testDoubleslitNum8:testDoubleslitNum7:testDoubleslitNum16:testDoubleslitNum25:testDoubleslitNum37:testDoubleslitNum36:testDoubles_add62:testDoubleslitNum6:testDoubleslitNum35:testDoubles_add57:testDoubles_rv326:testDoubles_rv238:testDoubles_rv304:testDoubles_rv282:testDoubles_rv260:testDoubles_add59:testDoubles_rv216:testDoubles_rv194:testDoubles_rv150:testDoubles_rv328:testDoubles_rv284:testDoubles_add58:testDoubles_rv172:testDoubles_rv128:testDoubles_rv106:testDoubles_rv306:testDoubles_rv262:testDoubles_rv240:testDoubles_rv196:testDoubles_rv218:testDoubles_rv152:testDoubles_rv174:testDoubles_rv130:testDoubles_rv108:testDoubles_add54:testDoubles_add53:testDoubles_remove63_failAssert0:testDoubles_remove73_failAssert1:testDoubleslitNum42_failAssert2:testDoubles_mg80_failAssert3:testDoubles_rv323_failAssert4:testDoubleslitNum13_failAssert5:testDoubleslitNum22_failAssert6:testDoubleslitNum44_failAssert7:testDoubleslitNum3_failAssert8:testDoubleslitNum43_failAssert9:testDoubles_rv279_failAssert10:testDoubleslitNum32_failAssert11:testDoubles_rv169_failAssert12:testDoubles_rv235_failAssert13:testDoubles_rv191_failAssert14:testDoubles_mg78_failAssert15:testDoubles_rv125_failAssert16:testDoubles_rv103_failAssert17:testDoubles_rv257_failAssert18:testDoubles_add60_failAssert19:testDoubles_mg79_failAssert20:testDoubles_rv213_failAssert21:testDoubles_rv301_failAssert22:testDoubles_mg83_failAssert23:testDoubles_mg75_failAssert24:testDoubles_rv147_failAssert25:testDoubles_add50_failAssert26:testDoubles_mg76_failAssert27:testDoubles_rv267_failAssert28:testDoubles_rv333_failAssert29:testDoubles_rv289_failAssert30:testDoubles_rv311_failAssert31:testDoubles_rv245_failAssert32:testDoubles_rv223_failAssert33:testDoubles_rv201_failAssert34:testDoubles_rv192_failAssert35:testDoubles_rv135_failAssert36:testDoubles_rv179_failAssert37:testDoubles_rv157_failAssert38:testDoubles_rv258_failAssert39:testDoubles_rv113_failAssert40:testDoubles_rv302_failAssert41:testDoubles_rv214_failAssert42:testDoubles_rv236_failAssert43:testDoubles_rv280_failAssert44:testDoubles_rv324_failAssert45:testDoubles_rv148_failAssert46:testDoubleslitNum15_failAssert47:testDoubleslitNum24_failAssert48:testDoubleslitNum14_failAssert49:testDoubleslitNum23_failAssert50:testDoubleslitNum5_failAssert51:testDoubleslitNum4_failAssert52:testDoubles_rv104_failAssert53:testDoubleslitNum34_failAssert54:testDoubles_rv170_failAssert55:testDoubles_rv126_failAssert56:testDoubleslitNum33_failAssert57:testDoubles_rv332_failAssert58:testDoubles_rv288_failAssert59:testDoubles_rv310_failAssert60:testDoubles_rv222_failAssert61:testDoubles_rv266_failAssert62:testDoubles_rv244_failAssert63:testDoubles_rv178_failAssert64:testDoubles_rv200_failAssert65:testDoubles_rv134_failAssert66:testDoubles_rv156_failAssert67:testDoubles_rv112_failAssert68:testDoubles_rv331_failAssert69:testDoubles_rv287_failAssert70:testDoubles_rv221_failAssert71:testDoubles_rv309_failAssert72:testDoubles_rv199_failAssert73:testDoubles_rv265_failAssert74:testDoubles_rv243_failAssert75:testDoubles_rv133_failAssert76:testDoubles_rv155_failAssert77:testDoubles_rv177_failAssert78:testDoubles_rv111_failAssert79:testDoubles_rv330_failAssert80:testDoubles_rv308_failAssert81:testDoubles_rv286_failAssert82:testDoubles_rv264_failAssert83:testDoubles_rv242_failAssert84:testDoubles_rv220_failAssert85:testDoubles_rv198_failAssert86:testDoubles_rv176_failAssert87:testDoubles_rv132_failAssert88:testDoubles_rv110_failAssert89:testDoubles_rv290_failAssert90:testDoubles_rv312_failAssert91:testDoubles_rv334_failAssert92:testDoubles_rv154_failAssert93:testDoubles_rv224_failAssert94:testDoubles_rv246_failAssert95:testDoubles_rv202_failAssert96:testDoubles_rv268_failAssert97:testDoubles_rv136_failAssert98:testDoubles_rv158_failAssert99
File saved to the following path: /tmp/icst-2019/september-2018/dataset/gson_parent/gson/target/dspot/TestListener.ser
Loading /tmp/icst-2019/september-2018/dataset/gson_parent/gson/target/dspot/TestListener.ser
[INFO] Test has been run: testDoubles_mg79_failAssert20,testDoubleslitNum42_failAssert2,testDoubles_rv178_failAssert64,testDoubles_rv264_failAssert83,testDoubles_rv302_failAssert41,testDoubles_rv104_failAssert53,testDoubles_mg83_failAssert23,testDoubles_rv246_failAssert95,testDoubles_rv332_failAssert58,testDoubles_rv147_failAssert25,testDoubles_rv134_failAssert66,testDoubles_rv220_failAssert85,testDoubles_mg78_failAssert15,testDoubles_rv289_failAssert30,testDoubles_rv177_failAssert78,testDoubles_rv301_failAssert22,testDoubles_rv202_failAssert96,testDoubles_rv103_failAssert17,testDoubleslitNum24_failAssert48,testDoubles_rv280_failAssert44,testDoubles_rv258_failAssert39,testDoubles_rv245_failAssert32,testDoubles_rv331_failAssert69,testDoubles_rv133_failAssert76,testDoubles_mg77,testDoubles_rv309_failAssert72,testDoubleslitNum22_failAssert6,testDoubles_rv288_failAssert59,testDoubles_rv176_failAssert87,testDoubles_rv214_failAssert42,testDoubles_rv201_failAssert34,testDoubleslitNum13_failAssert5,testDoubleslitNum23_failAssert50,testDoubles_rv257_failAssert18,testDoubles_rv158_failAssert99,testDoubles_rv244_failAssert63,testDoubles_rv330_failAssert80,testDoubles_rv132_failAssert88,testDoubles_rv308_failAssert81,testDoubles_mg76_failAssert27,testDoubles_rv287_failAssert70,testDoubleslitNum5_failAssert51,testDoubles_rv312_failAssert91,testDoubles_rv213_failAssert21,testDoubles_rv200_failAssert65,testDoubles_mg80_failAssert3,testDoubles_rv192_failAssert35,testDoubles_rv157_failAssert38,testDoubles_rv243_failAssert75,testDoubleslitNum3_failAssert8,testDoubles_add50_failAssert26,testDoubles_mg75_failAssert24,testDoubles_remove73_failAssert1,testDoubles_rv286_failAssert82,testDoubleslitNum4_failAssert52,testDoubles_rv324_failAssert45,testDoubles_rv311_failAssert31,testDoubles_rv126_failAssert56,testDoubles_rv113_failAssert40,testDoubles_remove64,testDoubles_remove65,testDoubles_remove66,testDoubles_remove67,testDoubles_remove68,testDoubles_remove69,testDoubles_remove70,testDoubles_remove71,testDoubles_remove72,testDoubles_remove74,testDoubleslitNum34_failAssert54,testDoubles_rv290_failAssert90,testDoubles_rv191_failAssert14,testDoubles_rv268_failAssert97,testDoubles_rv169_failAssert12,testDoubles_rv156_failAssert67,testDoubles_rv242_failAssert84,testDoubleslitNum10,testDoubleslitNum11,testDoubleslitNum12,testDoubleslitNum16,testDoubleslitNum17,testDoubleslitNum18,testDoubleslitNum19,testDoubleslitNum20,testDoubleslitNum21,testDoubleslitNum25,testDoubleslitNum26,testDoubleslitNum27,testDoubleslitNum28,testDoubleslitNum29,testDoubleslitNum30,testDoubleslitNum35,testDoubleslitNum36,testDoubleslitNum37,testDoubleslitNum38,testDoubleslitNum39,testDoubleslitNum40,testDoubleslitNum41,testDoubleslitNum45,testDoubleslitNum46,testDoubleslitNum47,testDoubleslitNum48,testDoubleslitNum49,testDoubles_remove63_failAssert0,testDoubles_rv199_failAssert73,testDoubles_rv224_failAssert94,testDoubles_rv310_failAssert60,testDoubles_rv125_failAssert16,testDoubles_rv112_failAssert68,testDoubleslitNum1,testDoubleslitNum6,testDoubleslitNum7,testDoubleslitNum8,testDoubleslitNum9,testDoubleslitNum33_failAssert57,testDoubles_rv267_failAssert28,testDoubles_rv155_failAssert77,testDoubles_rv323_failAssert4,testDoubleslitNum15_failAssert47,testDoubles_rv198_failAssert86,testDoubles_rv236_failAssert43,testDoubles_rv223_failAssert33,testDoubles_rv111_failAssert79,testDoubleslitNum32_failAssert11,testDoubles_rv279_failAssert10,testDoubles_rv266_failAssert62,testDoubles_rv154_failAssert93,testDoubles_add60_failAssert19,testDoubleslitNum14_failAssert49,testDoubles_rv334_failAssert92,testDoubles_rv235_failAssert13,testDoubles_rv136_failAssert98,testDoubles_rv222_failAssert61,testDoubles_rv110_failAssert89,testDoubleslitNum44_failAssert7,testDoubles_rv179_failAssert37,testDoubles_rv265_failAssert74,testDoubleslitNum43_failAssert9,testDoubles_rv170_failAssert55,testDoubles_rv333_failAssert29,testDoubles_rv148_failAssert46,testDoubles_rv135_failAssert36,testDoubles_rv221_failAssert71,testDoubles_add51,testDoubles_add52,testDoubles_add53,testDoubles_add54,testDoubles_add55,testDoubles_add56,testDoubles_add57,testDoubles_add58,testDoubles_add59,testDoubles_add61,testDoubles_add62,testDoubles_rv106,testDoubles_rv107,testDoubles_rv108,testDoubles_rv109,testDoubles_rv128,testDoubles_rv129,testDoubles_rv130,testDoubles_rv131,testDoubles_rv150,testDoubles_rv151,testDoubles_rv152,testDoubles_rv153,testDoubles_rv172,testDoubles_rv173,testDoubles_rv174,testDoubles_rv175,testDoubles_rv194,testDoubles_rv195,testDoubles_rv196,testDoubles_rv197,testDoubles_rv216,testDoubles_rv217,testDoubles_rv218,testDoubles_rv219,testDoubles_rv238,testDoubles_rv239,testDoubles_rv240,testDoubles_rv241,testDoubles_rv260,testDoubles_rv261,testDoubles_rv262,testDoubles_rv263,testDoubles_rv282,testDoubles_rv283,testDoubles_rv284,testDoubles_rv285,testDoubles_rv304,testDoubles_rv305,testDoubles_rv306,testDoubles_rv307,testDoubles_rv326,testDoubles_rv327,testDoubles_rv328,testDoubles_rv329
[INFO] 0 amplified test methods has been selected to be kept.
[INFO] iteration 1 / 3
[INFO] 198 tests selected to be amplified over 198 available tests
[INFO] Amplification of inputs...
 15% |=============== ]\ 43% |===================== ]\  6% |===================== ]/ 31% |===================== ]- 90% |============================================= ]| 21% |============================================= ]\ 28% |============================================= ]| 65% |============================================= ]- 91% |============================================= ]/ 66% |============================================= ]\ 91% |============================================= ]- 66% |============================================= ]|  7% |============================================= ]- 44% |============================================= ]| 31% |============================================= ]\ 22% |============================================= ]| 16% |============================================= ]| 92% |============================================== ]\ 67% |============================================== ]/ 28% |============================================== ]/ 92% |============================================== ]| 67% |============================================== ]- 93% |============================================== ]/ 68% |============================================== ]\  7% |============================================== ]\ 32% |============================================== ]| 44% |============================================== ]/ 87% |============================================== ]- 16% |============================================== ]/ 62% |============================================== ]| 22% |============================================== ]/ 29% |============================================== ]- 88% |============================================== ]\ 63% |============================================== ]/ 88% |============================================== ]| 63% |============================================== ]- 32% |============================================== ]/ 45% |============================================== ]- 89% |============================================== ]/  8% |============================================== ]| 64% |============================================== ]\ 17% |============================================== ]- 23% |============================================== ]- 89% |============================================== ]- 64% |============================================== ]| 29% |============================================== ]\ 90% |============================================== ]\ 65% |============================================== ]/ 33% |============================================== ]- 45% |============================================== ]\ 96% |================================================ ]|  8% |================================================ ]/ 71% |================================================ ]- 17% |================================================ ]\ 97% |================================================ ]/ 23% |================================================ ]\ 72% |================================================ ]\ 30% |================================================ ]| 97% |================================================ ]- 72% |================================================ ]| 46% |================================================ ]| 33% |================================================ ]\ 98% |================================================= ]\ 73% |================================================= ]/  9% |================================================= ]- 18% |================================================= ]| 98% |================================================= ]| 73% |================================================= ]- 24% |================================================= ]| 74% |================================================= ]\ 99% |================================================= ]/ 30% |================================================= ]/ 74% |================================================= ]| 46% |================================================= ]/100% |================================================== ]-
 34% |================= ]| 68% |================================== ]| 12% |================================== ]/  9% |================================== ]\ 93% |============================================== ]- 69% |============================================== ]/ 24% |============================================== ]/ 94% |=============================================== ]\ 69% |=============================================== ]- 25% |=============================================== ]- 94% |=============================================== ]| 47% |=============================================== ]- 34% |=============================================== ]/ 70% |=============================================== ]\ 95% |=============================================== ]/ 10% |=============================================== ]| 13% |=============================================== ]- 70% |=============================================== ]| 95% |=============================================== ]- 18% |=============================================== ]/ 71% |=============================================== ]/ 96% |================================================ ]\ 25% |================================================ ]\ 47% |================================================ ]\ 56% |================================================ ]| 81% |================================================ ]/ 35% |================================================ ]- 10% |================================================ ]/ 13% |================================================ ]\ 57% |================================================ ]/ 81% |================================================ ]- 19% |================================================ ]- 57% |================================================ ]- 82% |================================================ ]\ 26% |================================================ ]| 58% |================================================ ]\ 48% |================================================ ]| 82% |================================================ ]| 35% |================================================ ]\ 58% |================================================ ]| 14% |================================================ ]| 83% |================================================ ]/ 11% |================================================ ]-  3% |================================================ ]\ 19% |================================================ ]\ 59% |================================================ ]/ 83% |================================================ ]-  0% |================================================ ]/[INFO] ------------------------------------------------------------------------
[INFO] BUILD FAILURE
[INFO] ------------------------------------------------------------------------
[INFO] Total time: 11:11 min
[INFO] Finished at: 2018-09-27T21:58:39+02:00
[INFO] ------------------------------------------------------------------------
[ERROR] OutOfMemoryError: GC overhead limit exceeded -> [Help 1]
java.lang.OutOfMemoryError
    at sun.reflect.NativeConstructorAccessorImpl.newInstance0 (Native Method)
    at sun.reflect.NativeConstructorAccessorImpl.newInstance (NativeConstructorAccessorImpl.java:62)
    at sun.reflect.DelegatingConstructorAccessorImpl.newInstance (DelegatingConstructorAccessorImpl.java:45)
    at java.lang.reflect.Constructor.newInstance (Constructor.java:423)
    at java.util.concurrent.ForkJoinTask.getThrowableException (ForkJoinTask.java:598)
    at java.util.concurrent.ForkJoinTask.reportException (ForkJoinTask.java:677)
    at java.util.concurrent.ForkJoinTask.invoke (ForkJoinTask.java:735)
    at java.util.stream.ReduceOps$ReduceOp.evaluateParallel (ReduceOps.java:714)
    at java.util.stream.AbstractPipeline.evaluate (AbstractPipeline.java:233)
    at java.util.stream.ReferencePipeline.collect (ReferencePipeline.java:499)
    at eu.stamp_project.dspot.budget.NoBudgetizer.inputAmplify (NoBudgetizer.java:55)
    at eu.stamp_project.dspot.Amplification.amplification (Amplification.java:134)
    at eu.stamp_project.dspot.Amplification.amplification (Amplification.java:97)
    at eu.stamp_project.dspot.DSpot.amplifyTest (DSpot.java:181)
    at eu.stamp_project.dspot.DSpot.amplifyTest (DSpot.java:171)
    at eu.stamp_project.Main.lambda$run$1 (Main.java:69)
    at java.util.stream.ReferencePipeline$3$1.accept (ReferencePipeline.java:193)
    at java.util.ArrayList$ArrayListSpliterator.forEachRemaining (ArrayList.java:1374)
    at java.util.stream.AbstractPipeline.copyInto (AbstractPipeline.java:481)
    at java.util.stream.AbstractPipeline.wrapAndCopyInto (AbstractPipeline.java:471)
    at java.util.stream.ReduceOps$ReduceOp.evaluateSequential (ReduceOps.java:708)
    at java.util.stream.AbstractPipeline.evaluate (Ab 84% |================================================ ]\stractPipeline.java:234)
    at java.util.stream.ReferencePipeline.collect (ReferencePipeline.java:499)
    at eu.stamp_project.Main.run (Main.java:71)
    at eu.stamp_project.DSpotMojo.execute (DSpotMojo.java:263)
    at org.apache.maven.plugin.DefaultBuildPluginManager.executeMojo (DefaultBuildPluginManager.java:137)
    at org.apache.maven.lifecycle.internal.MojoExecutor.execute (MojoExecutor.java:208)
    at org.apache.maven.lifecycle.internal.MojoExecutor.execute (MojoExecutor.java:154)
    at org.apache.maven.lifecycle.internal.MojoExecutor.execute (MojoExecutor.java:146)
    at org.apache.maven.lifecycle.internal.LifecycleModuleBuilder.buildProject (LifecycleModuleBuilder.java:117)
    at org.apache.maven.lifecycle.internal.LifecycleModuleBuilder.buildProject (LifecycleModuleBuilder.java:81)
    at org.apache.maven.lifecycle.internal.builder.singlethreaded.SingleThreadedBuilder.build (SingleThreadedBuilder.java:56)
    at org.apache.maven.lifecycle.internal.LifecycleStarter.execute (LifecycleStarter.java:128)
    at org.apache.maven.DefaultMaven.doExecute (DefaultMaven.java:305)
    at org.apache.maven.DefaultMaven.doExecute (DefaultMaven.java:192)
    at org.apache.maven.DefaultMaven.execute (DefaultMaven.java:105)
    at org.apache.maven.cli.MavenCli.execute (MavenCli.java:954)
    at org.apache.maven.cli.MavenCli.doMain (MavenCli.java:288)
    at org.apache.maven.cli.MavenCli.main (MavenCli.java:192)
    at sun.reflect.NativeMethodAccessorImpl.invoke0 (Native Method)
    at sun.reflect.NativeMethodAccessorImpl.invoke (NativeMethodAccessorImpl.java:62)
    at sun.reflect.DelegatingMethodAccessorImpl.invoke (DelegatingMethodAccessorImpl.java:43)
    at java.lang.reflect.Method.invoke (Method.java:498)
    at org.codehaus.plexus.classworlds.launcher.Launcher.launchEnhanced (Launcher.java:289)
    at org.codehaus.plexus.classworlds.launcher.Launcher.launch (Launcher.java:229)
    at org.codehaus.plexus.classworlds.launcher.Launcher.mainWithExitCode (Launcher.java:415)
    at org.codehaus.plexus.classworlds.launcher.Launcher.main (Launcher.java:356)
Caused by: java.lang.OutOfMemoryError: GC overhead limit exceeded 48% |================================================ ]/
    at java.util.Collections$EmptyList.toArray (Collections.java:4445)
    at java.util.ArrayList.<init> (ArrayList.java:177)
    at spoon.reflect.visitor.CtScanner.scan (CtScanner.java:146)
    at spoon.reflect.visitor.CtScanner.visitCtTypeAccess (CtScanner.java:785)
    at spoon.support.reflect.code.CtTypeAccessImpl.accept (CtTypeAccessImpl.java:35)
    at spoon.reflect.visitor.CtScanner.scan (CtScanner.java:181)
    at spoon.reflect.visitor.CtScanner.scan (CtScanner.java:173)
    at spoon.reflect.visitor.CtScanner.visitCtInvocation (CtScanner.java:505)
    at spoon.support.reflect.code.CtInvocationImpl.accept (CtInvocationImpl.java:55)
    at spoon.reflect.visitor.CtScanner.scan (CtScanner.java:181)
    at spoon.reflect.visitor.CtScanner.scan (CtScanner.java:173)
    at spoon.reflect.visitor.CtScanner.scan (CtScanner.java:147)
    at spoon.reflect.visitor.CtScanner.visitCtBlock (CtScanner.java:302)
    at spoon.support.reflect.code.CtBlockImpl.accept (CtBlockImpl.java:67)
    at spoon.reflect.visitor.CtScanner.scan (CtScanner.java:181)
    at spoon.reflect.visitor.CtScanner.scan (CtScanner.java:173)
    at spoon.reflect.visitor.CtScanner.visitCtMethod (CtScanner.java:559)
    at spoon.support.reflect.declaration.CtMethodImpl.accept (CtMethodImpl.java:72)
    at spoon.reflect.visitor.CtScanner.scan (CtScanner.java:181)
    at spoon.support.visitor.equals.CloneHelper.tailor (CloneHelper.java:137)
    at spoon.support.visitor.clone.CloneVisitor.visitCtMethod (CloneVisitor.java:503)
    at spoon.support.reflect.declaration.CtMethodImpl.accept (CtMethodImpl.java:72)
    at spoon.reflect.visitor.CtScanner.scan (CtScanner.java:181)
    at spoon.support.visitor.equals.CloneHelper.clone (CloneHelper.java:49)
    at spoon.support.reflect.declaration.CtElementImpl.clone (CtElementImpl.java:582)
    at spoon.support.reflect.declaration.CtNamedElementImpl.clone (CtNamedElementImpl.java:61)
    at spoon.support.reflect.declaration.CtExecutableImpl.clone (CtExecutableImpl.java:196)
    at spoon.support.reflect.declaration.CtMethodImpl.clone (CtMethodImpl.java:219)
    at eu.stamp_project.utils.CloneHelper.cloneMethod (CloneHelper.java:124)
    at eu.stamp_project.utils.CloneHelper.cloneTestMethod (CloneHelper.java:149)
    at eu.stamp_project.utils.CloneHelper.cloneTestMethodForAmp (CloneHelper.java:107)
    at eu.stamp_project.dspot.amplifier.AbstractAmplifier.replace (AbstractAmplifier.java:74)
[ERROR] 
[ERROR] 
[ERROR] For more information about the errors and possible solutions, please read the following articles:
[ERROR] [Help 1] http://cwiki.apache.org/confluence/display/MAVEN/OutOfMemoryError
