Apache Maven 3.5.4 (1edded0938998edf8bf061f1ceb3cfdeccf443fe; 2018-06-17T20:33:14+02:00)
Maven home: /home/spirals/danglot/apache-maven-3.5.4
Java version: 1.8.0_121, vendor: Oracle Corporation, runtime: /home/spirals/danglot/jdk1.8.0_121/jre
Default locale: en_US, platform encoding: ANSI_X3.4-1968
OS name: "linux", version: "3.16.0-4-amd64", arch: "amd64", family: "unix"
[DEBUG] Created new class realm maven.api
[DEBUG] Importing foreign packages into class realm maven.api
[DEBUG]   Imported: javax.annotation.* < plexus.core
[DEBUG]   Imported: javax.annotation.security.* < plexus.core
[DEBUG]   Imported: javax.enterprise.inject.* < plexus.core
[DEBUG]   Imported: javax.enterprise.util.* < plexus.core
[DEBUG]   Imported: javax.inject.* < plexus.core
[DEBUG]   Imported: org.apache.maven.* < plexus.core
[DEBUG]   Imported: org.apache.maven.artifact < plexus.core
[DEBUG]   Imported: org.apache.maven.classrealm < plexus.core
[DEBUG]   Imported: org.apache.maven.cli < plexus.core
[DEBUG]   Imported: org.apache.maven.configuration < plexus.core
[DEBUG]   Imported: org.apache.maven.exception < plexus.core
[DEBUG]   Imported: org.apache.maven.execution < plexus.core
[DEBUG]   Imported: org.apache.maven.execution.scope < plexus.core
[DEBUG]   Imported: org.apache.maven.lifecycle < plexus.core
[DEBUG]   Imported: org.apache.maven.model < plexus.core
[DEBUG]   Imported: org.apache.maven.monitor < plexus.core
[DEBUG]   Imported: org.apache.maven.plugin < plexus.core
[DEBUG]   Imported: org.apache.maven.profiles < plexus.core
[DEBUG]   Imported: org.apache.maven.project < plexus.core
[DEBUG]   Imported: org.apache.maven.reporting < plexus.core
[DEBUG]   Imported: org.apache.maven.repository < plexus.core
[DEBUG]   Imported: org.apache.maven.rtinfo < plexus.core
[DEBUG]   Imported: org.apache.maven.settings < plexus.core
[DEBUG]   Imported: org.apache.maven.toolchain < plexus.core
[DEBUG]   Imported: org.apache.maven.usability < plexus.core
[DEBUG]   Imported: org.apache.maven.wagon.* < plexus.core
[DEBUG]   Imported: org.apache.maven.wagon.authentication < plexus.core
[DEBUG]   Imported: org.apache.maven.wagon.authorization < plexus.core
[DEBUG]   Imported: org.apache.maven.wagon.events < plexus.core
[DEBUG]   Imported: org.apache.maven.wagon.observers < plexus.core
[DEBUG]   Imported: org.apache.maven.wagon.proxy < plexus.core
[DEBUG]   Imported: org.apache.maven.wagon.repository < plexus.core
[DEBUG]   Imported: org.apache.maven.wagon.resource < plexus.core
[DEBUG]   Imported: org.codehaus.classworlds < plexus.core
[DEBUG]   Imported: org.codehaus.plexus.* < plexus.core
[DEBUG]   Imported: org.codehaus.plexus.classworlds < plexus.core
[DEBUG]   Imported: org.codehaus.plexus.component < plexus.core
[DEBUG]   Imported: org.codehaus.plexus.configuration < plexus.core
[DEBUG]   Imported: org.codehaus.plexus.container < plexus.core
[DEBUG]   Imported: org.codehaus.plexus.context < plexus.core
[DEBUG]   Imported: org.codehaus.plexus.lifecycle < plexus.core
[DEBUG]   Imported: org.codehaus.plexus.logging < plexus.core
[DEBUG]   Imported: org.codehaus.plexus.personality < plexus.core
[DEBUG]   Imported: org.codehaus.plexus.util.xml.Xpp3Dom < plexus.core
[DEBUG]   Imported: org.codehaus.plexus.util.xml.pull.XmlPullParser < plexus.core
[DEBUG]   Imported: org.codehaus.plexus.util.xml.pull.XmlPullParserException < plexus.core
[DEBUG]   Imported: org.codehaus.plexus.util.xml.pull.XmlSerializer < plexus.core
[DEBUG]   Imported: org.eclipse.aether.* < plexus.core
[DEBUG]   Imported: org.eclipse.aether.artifact < plexus.core
[DEBUG]   Imported: org.eclipse.aether.collection < plexus.core
[DEBUG]   Imported: org.eclipse.aether.deployment < plexus.core
[DEBUG]   Imported: org.eclipse.aether.graph < plexus.core
[DEBUG]   Imported: org.eclipse.aether.impl < plexus.core
[DEBUG]   Imported: org.eclipse.aether.installation < plexus.core
[DEBUG]   Imported: org.eclipse.aether.internal.impl < plexus.core
[DEBUG]   Imported: org.eclipse.aether.metadata < plexus.core
[DEBUG]   Imported: org.eclipse.aether.repository < plexus.core
[DEBUG]   Imported: org.eclipse.aether.resolution < plexus.core
[DEBUG]   Imported: org.eclipse.aether.spi < plexus.core
[DEBUG]   Imported: org.eclipse.aether.transfer < plexus.core
[DEBUG]   Imported: org.eclipse.aether.version < plexus.core
[DEBUG]   Imported: org.fusesource.jansi.* < plexus.core
[DEBUG]   Imported: org.slf4j.* < plexus.core
[DEBUG]   Imported: org.slf4j.helpers.* < plexus.core
[DEBUG]   Imported: org.slf4j.spi.* < plexus.core
[DEBUG] Populating class realm maven.api
[INFO] Error stacktraces are turned on.
[DEBUG] Message scheme: color
[DEBUG] Message styles: debug info warning error success failure strong mojo project
[DEBUG] Reading global settings from /home/spirals/danglot/apache-maven-3.5.4/conf/settings.xml
[DEBUG] Reading user settings from /home/spirals/danglot/.m2/settings.xml
[DEBUG] Reading global toolchains from /home/spirals/danglot/apache-maven-3.5.4/conf/toolchains.xml
[DEBUG] Reading user toolchains from /home/spirals/danglot/.m2/toolchains.xml
[DEBUG] Using local repository at /home/spirals/danglot/.m2/repository
[DEBUG] Using manager EnhancedLocalRepositoryManager with priority 10.0 for /home/spirals/danglot/.m2/repository
[INFO] Scanning for projects...
[DEBUG] Extension realms for project org.jsoup:jsoup:jar:1.12.1-SNAPSHOT: (none)
[DEBUG] Looking up lifecycle mappings for packaging jar from ClassRealm[plexus.core, parent: null]
[DEBUG] === REACTOR BUILD PLAN ================================================
[DEBUG] Project: org.jsoup:jsoup:jar:1.12.1-SNAPSHOT
[DEBUG] Tasks:   [eu.stamp-project:dspot-maven:1.1.1-SNAPSHOT:amplify-unit-tests]
[DEBUG] Style:   Regular
[DEBUG] =======================================================================
[INFO] 
[INFO] --------------------------< org.jsoup:jsoup >---------------------------
[INFO] Building jsoup Java HTML Parser 1.12.1-SNAPSHOT
[INFO] --------------------------------[ jar ]---------------------------------
[DEBUG] Lifecycle default -> [validate, initialize, generate-sources, process-sources, generate-resources, process-resources, compile, process-classes, generate-test-sources, process-test-sources, generate-test-resources, process-test-resources, test-compile, process-test-classes, test, prepare-package, package, pre-integration-test, integration-test, post-integration-test, verify, install, deploy]
[DEBUG] Lifecycle clean -> [pre-clean, clean, post-clean]
[DEBUG] Lifecycle site -> [pre-site, site, post-site, site-deploy]
[DEBUG] === PROJECT BUILD PLAN ================================================
[DEBUG] Project:       org.jsoup:jsoup:1.12.1-SNAPSHOT
[DEBUG] Dependencies (collect): []
[DEBUG] Dependencies (resolve): [test]
[DEBUG] Repositories (dependencies): [central (https://repo.maven.apache.org/maven2, default, releases)]
[DEBUG] Repositories (plugins)     : [central (https://repo.maven.apache.org/maven2, default, releases)]
[DEBUG] -----------------------------------------------------------------------
[DEBUG] Goal:          eu.stamp-project:dspot-maven:1.1.1-SNAPSHOT:amplify-unit-tests (default-cli)
[DEBUG] Style:         Regular
[DEBUG] Configuration: <?xml version="1.0" encoding="UTF-8"?>
<configuration>
  <amplifiers default-value="None">${amplifiers}</amplifiers>
  <automaticBuilder default-value="MavenBuilder">${automatic-builder}</automaticBuilder>
  <budgetizer default-value="NoBudgetizer">${budgetizer}</budgetizer>
  <cases>${cases}</cases>
  <clean default-value="false">${clean}</clean>
  <descartes default-value="false">${descartes}</descartes>
  <example default-value="false">${example}</example>
  <generateNewTestClass default-value="false">${generate-new-test-class}</generateNewTestClass>
  <help default-value="false">${help}</help>
  <iteration default-value="3">${iteration}</iteration>
  <mavenHome>${maven-home}</mavenHome>
  <maxTestAmplified default-value="200">${max-test-amplified}</maxTestAmplified>
  <noMinimize default-value="false">${no-minimize}</noMinimize>
  <outputPath default-value="target/dspot/output">${output-path}</outputPath>
  <pathPitResult>${path-pit-result}</pathPitResult>
  <pathToProperties default-value="">${path-to-properties}</pathToProperties>
  <pathToSecondVersion default-value="">${path-to-second-version}</pathToSecondVersion>
  <pathToTestListCsv default-value="">${path-to-test-list-csv}</pathToTestListCsv>
  <project default-value="${project}"/>
  <randomSeed default-value="23">${randomSeed}</randomSeed>
  <test default-value="all">${test}</test>
  <testCriterion default-value="PitMutantScoreSelector">${test-criterion}</testCriterion>
  <timeOut default-value="10000">${timeOut}</timeOut>
  <useMavenToExeTest default-value="false">${use-maven-to-exe-test}</useMavenToExeTest>
  <verbose default-value="false">${verbose}</verbose>
  <withComment default-value="false">${with-comment}</withComment>
  <workingDirectory default-value="false">${working-directory}</workingDirectory>
</configuration>
[DEBUG] =======================================================================
[DEBUG] Dependency collection stats: {ConflictMarker.analyzeTime=944812, ConflictMarker.markTime=535750, ConflictMarker.nodeCount=13, ConflictIdSorter.graphTime=522769, ConflictIdSorter.topsortTime=391813, ConflictIdSorter.conflictIdCount=10, ConflictIdSorter.conflictIdCycleCount=0, ConflictResolver.totalTime=4094923, ConflictResolver.conflictItemCount=12, DefaultDependencyCollector.collectTime=142540319, DefaultDependencyCollector.transformTime=9039546}
[DEBUG] org.jsoup:jsoup:jar:1.12.1-SNAPSHOT
[DEBUG]    junit:junit:jar:4.12:test
[DEBUG]       org.hamcrest:hamcrest-core:jar:1.3:test
[DEBUG]    com.google.code.gson:gson:jar:2.7:test
[DEBUG]    org.eclipse.jetty:jetty-server:jar:9.2.22.v20170606:test
[DEBUG]       javax.servlet:javax.servlet-api:jar:3.1.0:test
[DEBUG]       org.eclipse.jetty:jetty-http:jar:9.2.22.v20170606:test
[DEBUG]          org.eclipse.jetty:jetty-util:jar:9.2.22.v20170606:test
[DEBUG]       org.eclipse.jetty:jetty-io:jar:9.2.22.v20170606:test
[DEBUG]    org.eclipse.jetty:jetty-servlet:jar:9.2.22.v20170606:test
[DEBUG]       org.eclipse.jetty:jetty-security:jar:9.2.22.v20170606:test
[INFO] 
[INFO] --- dspot-maven:1.1.1-SNAPSHOT:amplify-unit-tests (default-cli) @ jsoup ---
[DEBUG] Failure to find eu.stamp-project:dspot:1.1.1-SNAPSHOT/maven-metadata.xml in https://repo.gradle.org/gradle/libs-releases-local/ was cached in the local repository, resolution will not be reattempted until the update interval of gradle-repo has elapsed or updates are forced
[DEBUG] Skipped remote request for eu.stamp-project:dspot:1.1.1-SNAPSHOT/maven-metadata.xml, locally cached metadata up-to-date.
[DEBUG] Using transporter WagonTransporter with priority -1.0 for https://stamp-project.github.io/stamp-maven-repository/
[DEBUG] Using connector BasicRepositoryConnector with priority 0.0 for https://stamp-project.github.io/stamp-maven-repository/
Downloading from stamp-maven-repository-mvn-repo: https://stamp-project.github.io/stamp-maven-repository/eu/stamp-project/dspot/1.1.1-SNAPSHOT/maven-metadata.xml
[DEBUG] Writing tracking file /home/spirals/danglot/.m2/repository/eu/stamp-project/dspot/1.1.1-SNAPSHOT/resolver-status.properties
[DEBUG] Could not find metadata eu.stamp-project:dspot:1.1.1-SNAPSHOT/maven-metadata.xml in stamp-maven-repository-mvn-repo (https://stamp-project.github.io/stamp-maven-repository/)
[DEBUG] Skipped remote request for eu.stamp-project:dspot:1.1.1-SNAPSHOT/maven-metadata.xml, already updated during this session.
[DEBUG] Failure to find eu.stamp-project:dspot:1.1.1-SNAPSHOT/maven-metadata.xml in https://stamp-project.github.io/stamp-maven-repository/ was cached in the local repository, resolution will not be reattempted until the update interval of stamp-maven-repository-mvn-repo has elapsed or updates are forced
[DEBUG] Failure to find eu.stamp-project:dspot:1.1.1-SNAPSHOT/maven-metadata.xml in https://repo.gradle.org/gradle/libs-releases-local/ was cached in the local repository, resolution will not be reattempted until the update interval of gradle-repo has elapsed or updates are forced
[DEBUG] Skipped remote request for eu.stamp-project:dspot:1.1.1-SNAPSHOT/maven-metadata.xml, locally cached metadata up-to-date.
[DEBUG] Could not find metadata fr.inria.gforge.spoon:spoon-core:7.1.0-SNAPSHOT/maven-metadata.xml in local (/home/spirals/danglot/.m2/repository)
[DEBUG] Failure to find fr.inria.gforge.spoon:spoon-core:7.1.0-SNAPSHOT/maven-metadata.xml in https://repo.gradle.org/gradle/libs-releases-local/ was cached in the local repository, resolution will not be reattempted until the update interval of gradle-repo has elapsed or updates are forced
[DEBUG] Failure to find fr.inria.gforge.spoon:spoon-core:7.1.0-SNAPSHOT/maven-metadata.xml in https://oss.sonatype.org/content/repositories/snapshots was cached in the local repository, resolution will not be reattempted until the update interval of sonatype-nexus-snapshots has elapsed or updates are forced
[DEBUG] Skipped remote request for fr.inria.gforge.spoon:spoon-core:7.1.0-SNAPSHOT/maven-metadata.xml, locally cached metadata up-to-date.
[DEBUG] Using transporter WagonTransporter with priority -1.0 for https://stamp-project.github.io/stamp-maven-repository/
[DEBUG] Using connector BasicRepositoryConnector with priority 0.0 for https://stamp-project.github.io/stamp-maven-repository/
Downloading from stamp-maven-repository-mvn-repo: https://stamp-project.github.io/stamp-maven-repository/fr/inria/gforge/spoon/spoon-core/7.1.0-SNAPSHOT/maven-metadata.xml
[DEBUG] Writing tracking file /home/spirals/danglot/.m2/repository/fr/inria/gforge/spoon/spoon-core/7.1.0-SNAPSHOT/resolver-status.properties
[DEBUG] Could not find metadata fr.inria.gforge.spoon:spoon-core:7.1.0-SNAPSHOT/maven-metadata.xml in stamp-maven-repository-mvn-repo (https://stamp-project.github.io/stamp-maven-repository/)
[DEBUG] Could not find metadata fr.inria.gforge.spoon:spoon-core:7.1.0-SNAPSHOT/maven-metadata.xml in local (/home/spirals/danglot/.m2/repository)
[DEBUG] Skipped remote request for fr.inria.gforge.spoon:spoon-core:7.1.0-SNAPSHOT/maven-metadata.xml, already updated during this session.
[DEBUG] Failure to find fr.inria.gforge.spoon:spoon-core:7.1.0-SNAPSHOT/maven-metadata.xml in https://stamp-project.github.io/stamp-maven-repository/ was cached in the local repository, resolution will not be reattempted until the update interval of stamp-maven-repository-mvn-repo has elapsed or updates are forced
[DEBUG] Failure to find fr.inria.gforge.spoon:spoon-core:7.1.0-SNAPSHOT/maven-metadata.xml in https://repo.gradle.org/gradle/libs-releases-local/ was cached in the local repository, resolution will not be reattempted until the update interval of gradle-repo has elapsed or updates are forced
[DEBUG] Failure to find fr.inria.gforge.spoon:spoon-core:7.1.0-SNAPSHOT/maven-metadata.xml in https://oss.sonatype.org/content/repositories/snapshots was cached in the local repository, resolution will not be reattempted until the update interval of sonatype-nexus-snapshots has elapsed or updates are forced
[DEBUG] Skipped remote request for fr.inria.gforge.spoon:spoon-core:7.1.0-SNAPSHOT/maven-metadata.xml, locally cached metadata up-to-date.
[DEBUG] Could not find metadata org.eclipse.platform:org.eclipse.core.resources/maven-metadata.xml in local (/home/spirals/danglot/.m2/repository)
[DEBUG] Skipped remote request for org.eclipse.platform:org.eclipse.core.resources/maven-metadata.xml, locally cached metadata up-to-date.
[DEBUG] Failure to find org.eclipse.platform:org.eclipse.core.resources/maven-metadata.xml in https://repo.gradle.org/gradle/libs-releases-local/ was cached in the local repository, resolution will not be reattempted until the update interval of gradle-repo has elapsed or updates are forced
[DEBUG] Failure to find org.eclipse.platform:org.eclipse.core.resources/maven-metadata.xml in https://oss.sonatype.org/content/repositories/snapshots was cached in the local repository, resolution will not be reattempted until the update interval of sonatype-nexus-snapshots has elapsed or updates are forced
[DEBUG] Failure to find org.eclipse.platform:org.eclipse.core.resources/maven-metadata.xml in http://maven.inria.fr/artifactory/spoon-public-snapshot was cached in the local repository, resolution will not be reattempted until the update interval of maven.inria.fr-snapshot has elapsed or updates are forced
[DEBUG] Using transporter WagonTransporter with priority -1.0 for https://stamp-project.github.io/stamp-maven-repository/
[DEBUG] Using connector BasicRepositoryConnector with priority 0.0 for https://stamp-project.github.io/stamp-maven-repository/
Downloading from stamp-maven-repository-mvn-repo: https://stamp-project.github.io/stamp-maven-repository/org/eclipse/platform/org.eclipse.core.resources/maven-metadata.xml
[DEBUG] Writing tracking file /home/spirals/danglot/.m2/repository/org/eclipse/platform/org.eclipse.core.resources/resolver-status.properties
[DEBUG] Could not find metadata org.eclipse.platform:org.eclipse.core.resources/maven-metadata.xml in stamp-maven-repository-mvn-repo (https://stamp-project.github.io/stamp-maven-repository/)
[DEBUG] Could not find metadata org.eclipse.platform:org.eclipse.core.expressions/maven-metadata.xml in local (/home/spirals/danglot/.m2/repository)
[DEBUG] Skipped remote request for org.eclipse.platform:org.eclipse.core.expressions/maven-metadata.xml, locally cached metadata up-to-date.
[DEBUG] Failure to find org.eclipse.platform:org.eclipse.core.expressions/maven-metadata.xml in https://repo.gradle.org/gradle/libs-releases-local/ was cached in the local repository, resolution will not be reattempted until the update interval of gradle-repo has elapsed or updates are forced
[DEBUG] Failure to find org.eclipse.platform:org.eclipse.core.expressions/maven-metadata.xml in https://oss.sonatype.org/content/repositories/snapshots was cached in the local repository, resolution will not be reattempted until the update interval of sonatype-nexus-snapshots has elapsed or updates are forced
[DEBUG] Failure to find org.eclipse.platform:org.eclipse.core.expressions/maven-metadata.xml in http://maven.inria.fr/artifactory/spoon-public-snapshot was cached in the local repository, resolution will not be reattempted until the update interval of maven.inria.fr-snapshot has elapsed or updates are forced
[DEBUG] Using transporter WagonTransporter with priority -1.0 for https://stamp-project.github.io/stamp-maven-repository/
[DEBUG] Using connector BasicRepositoryConnector with priority 0.0 for https://stamp-project.github.io/stamp-maven-repository/
Downloading from stamp-maven-repository-mvn-repo: https://stamp-project.github.io/stamp-maven-repository/org/eclipse/platform/org.eclipse.core.expressions/maven-metadata.xml
[DEBUG] Writing tracking file /home/spirals/danglot/.m2/repository/org/eclipse/platform/org.eclipse.core.expressions/resolver-status.properties
[DEBUG] Could not find metadata org.eclipse.platform:org.eclipse.core.expressions/maven-metadata.xml in stamp-maven-repository-mvn-repo (https://stamp-project.github.io/stamp-maven-repository/)
[DEBUG] Could not find metadata org.eclipse.platform:org.eclipse.core.runtime/maven-metadata.xml in local (/home/spirals/danglot/.m2/repository)
[DEBUG] Skipped remote request for org.eclipse.platform:org.eclipse.core.runtime/maven-metadata.xml, locally cached metadata up-to-date.
[DEBUG] Failure to find org.eclipse.platform:org.eclipse.core.runtime/maven-metadata.xml in https://repo.gradle.org/gradle/libs-releases-local/ was cached in the local repository, resolution will not be reattempted until the update interval of gradle-repo has elapsed or updates are forced
[DEBUG] Failure to find org.eclipse.platform:org.eclipse.core.runtime/maven-metadata.xml in https://oss.sonatype.org/content/repositories/snapshots was cached in the local repository, resolution will not be reattempted until the update interval of sonatype-nexus-snapshots has elapsed or updates are forced
[DEBUG] Failure to find org.eclipse.platform:org.eclipse.core.runtime/maven-metadata.xml in http://maven.inria.fr/artifactory/spoon-public-snapshot was cached in the local repository, resolution will not be reattempted until the update interval of maven.inria.fr-snapshot has elapsed or updates are forced
[DEBUG] Using transporter WagonTransporter with priority -1.0 for https://stamp-project.github.io/stamp-maven-repository/
[DEBUG] Using connector BasicRepositoryConnector with priority 0.0 for https://stamp-project.github.io/stamp-maven-repository/
Downloading from stamp-maven-repository-mvn-repo: https://stamp-project.github.io/stamp-maven-repository/org/eclipse/platform/org.eclipse.core.runtime/maven-metadata.xml
[DEBUG] Writing tracking file /home/spirals/danglot/.m2/repository/org/eclipse/platform/org.eclipse.core.runtime/resolver-status.properties
[DEBUG] Could not find metadata org.eclipse.platform:org.eclipse.core.runtime/maven-metadata.xml in stamp-maven-repository-mvn-repo (https://stamp-project.github.io/stamp-maven-repository/)
[DEBUG] Could not find metadata org.eclipse.platform:org.eclipse.osgi/maven-metadata.xml in local (/home/spirals/danglot/.m2/repository)
[DEBUG] Skipped remote request for org.eclipse.platform:org.eclipse.osgi/maven-metadata.xml, locally cached metadata up-to-date.
[DEBUG] Failure to find org.eclipse.platform:org.eclipse.osgi/maven-metadata.xml in https://repo.gradle.org/gradle/libs-releases-local/ was cached in the local repository, resolution will not be reattempted until the update interval of gradle-repo has elapsed or updates are forced
[DEBUG] Failure to find org.eclipse.platform:org.eclipse.osgi/maven-metadata.xml in https://oss.sonatype.org/content/repositories/snapshots was cached in the local repository, resolution will not be reattempted until the update interval of sonatype-nexus-snapshots has elapsed or updates are forced
[DEBUG] Failure to find org.eclipse.platform:org.eclipse.osgi/maven-metadata.xml in http://maven.inria.fr/artifactory/spoon-public-snapshot was cached in the local repository, resolution will not be reattempted until the update interval of maven.inria.fr-snapshot has elapsed or updates are forced
[DEBUG] Using transporter WagonTransporter with priority -1.0 for https://stamp-project.github.io/stamp-maven-repository/
[DEBUG] Using connector BasicRepositoryConnector with priority 0.0 for https://stamp-project.github.io/stamp-maven-repository/
Downloading from stamp-maven-repository-mvn-repo: https://stamp-project.github.io/stamp-maven-repository/org/eclipse/platform/org.eclipse.osgi/maven-metadata.xml
[DEBUG] Writing tracking file /home/spirals/danglot/.m2/repository/org/eclipse/platform/org.eclipse.osgi/resolver-status.properties
[DEBUG] Could not find metadata org.eclipse.platform:org.eclipse.osgi/maven-metadata.xml in stamp-maven-repository-mvn-repo (https://stamp-project.github.io/stamp-maven-repository/)
[DEBUG] Could not find metadata org.eclipse.platform:org.eclipse.equinox.common/maven-metadata.xml in local (/home/spirals/danglot/.m2/repository)
[DEBUG] Skipped remote request for org.eclipse.platform:org.eclipse.equinox.common/maven-metadata.xml, locally cached metadata up-to-date.
[DEBUG] Failure to find org.eclipse.platform:org.eclipse.equinox.common/maven-metadata.xml in https://repo.gradle.org/gradle/libs-releases-local/ was cached in the local repository, resolution will not be reattempted until the update interval of gradle-repo has elapsed or updates are forced
[DEBUG] Failure to find org.eclipse.platform:org.eclipse.equinox.common/maven-metadata.xml in https://oss.sonatype.org/content/repositories/snapshots was cached in the local repository, resolution will not be reattempted until the update interval of sonatype-nexus-snapshots has elapsed or updates are forced
[DEBUG] Failure to find org.eclipse.platform:org.eclipse.equinox.common/maven-metadata.xml in http://maven.inria.fr/artifactory/spoon-public-snapshot was cached in the local repository, resolution will not be reattempted until the update interval of maven.inria.fr-snapshot has elapsed or updates are forced
[DEBUG] Using transporter WagonTransporter with priority -1.0 for https://stamp-project.github.io/stamp-maven-repository/
[DEBUG] Using connector BasicRepositoryConnector with priority 0.0 for https://stamp-project.github.io/stamp-maven-repository/
Downloading from stamp-maven-repository-mvn-repo: https://stamp-project.github.io/stamp-maven-repository/org/eclipse/platform/org.eclipse.equinox.common/maven-metadata.xml
[DEBUG] Writing tracking file /home/spirals/danglot/.m2/repository/org/eclipse/platform/org.eclipse.equinox.common/resolver-status.properties
[DEBUG] Could not find metadata org.eclipse.platform:org.eclipse.equinox.common/maven-metadata.xml in stamp-maven-repository-mvn-repo (https://stamp-project.github.io/stamp-maven-repository/)
[DEBUG] Could not find metadata org.eclipse.platform:org.eclipse.core.jobs/maven-metadata.xml in local (/home/spirals/danglot/.m2/repository)
[DEBUG] Skipped remote request for org.eclipse.platform:org.eclipse.core.jobs/maven-metadata.xml, locally cached metadata up-to-date.
[DEBUG] Failure to find org.eclipse.platform:org.eclipse.core.jobs/maven-metadata.xml in https://repo.gradle.org/gradle/libs-releases-local/ was cached in the local repository, resolution will not be reattempted until the update interval of gradle-repo has elapsed or updates are forced
[DEBUG] Failure to find org.eclipse.platform:org.eclipse.core.jobs/maven-metadata.xml in https://oss.sonatype.org/content/repositories/snapshots was cached in the local repository, resolution will not be reattempted until the update interval of sonatype-nexus-snapshots has elapsed or updates are forced
[DEBUG] Failure to find org.eclipse.platform:org.eclipse.core.jobs/maven-metadata.xml in http://maven.inria.fr/artifactory/spoon-public-snapshot was cached in the local repository, resolution will not be reattempted until the update interval of maven.inria.fr-snapshot has elapsed or updates are forced
[DEBUG] Using transporter WagonTransporter with priority -1.0 for https://stamp-project.github.io/stamp-maven-repository/
[DEBUG] Using connector BasicRepositoryConnector with priority 0.0 for https://stamp-project.github.io/stamp-maven-repository/
Downloading from stamp-maven-repository-mvn-repo: https://stamp-project.github.io/stamp-maven-repository/org/eclipse/platform/org.eclipse.core.jobs/maven-metadata.xml
[DEBUG] Writing tracking file /home/spirals/danglot/.m2/repository/org/eclipse/platform/org.eclipse.core.jobs/resolver-status.properties
[DEBUG] Could not find metadata org.eclipse.platform:org.eclipse.core.jobs/maven-metadata.xml in stamp-maven-repository-mvn-repo (https://stamp-project.github.io/stamp-maven-repository/)
[DEBUG] Could not find metadata org.eclipse.platform:org.eclipse.equinox.registry/maven-metadata.xml in local (/home/spirals/danglot/.m2/repository)
[DEBUG] Skipped remote request for org.eclipse.platform:org.eclipse.equinox.registry/maven-metadata.xml, locally cached metadata up-to-date.
[DEBUG] Failure to find org.eclipse.platform:org.eclipse.equinox.registry/maven-metadata.xml in https://repo.gradle.org/gradle/libs-releases-local/ was cached in the local repository, resolution will not be reattempted until the update interval of gradle-repo has elapsed or updates are forced
[DEBUG] Failure to find org.eclipse.platform:org.eclipse.equinox.registry/maven-metadata.xml in https://oss.sonatype.org/content/repositories/snapshots was cached in the local repository, resolution will not be reattempted until the update interval of sonatype-nexus-snapshots has elapsed or updates are forced
[DEBUG] Failure to find org.eclipse.platform:org.eclipse.equinox.registry/maven-metadata.xml in http://maven.inria.fr/artifactory/spoon-public-snapshot was cached in the local repository, resolution will not be reattempted until the update interval of maven.inria.fr-snapshot has elapsed or updates are forced
[DEBUG] Using transporter WagonTransporter with priority -1.0 for https://stamp-project.github.io/stamp-maven-repository/
[DEBUG] Using connector BasicRepositoryConnector with priority 0.0 for https://stamp-project.github.io/stamp-maven-repository/
Downloading from stamp-maven-repository-mvn-repo: https://stamp-project.github.io/stamp-maven-repository/org/eclipse/platform/org.eclipse.equinox.registry/maven-metadata.xml
[DEBUG] Writing tracking file /home/spirals/danglot/.m2/repository/org/eclipse/platform/org.eclipse.equinox.registry/resolver-status.properties
[DEBUG] Could not find metadata org.eclipse.platform:org.eclipse.equinox.registry/maven-metadata.xml in stamp-maven-repository-mvn-repo (https://stamp-project.github.io/stamp-maven-repository/)
[DEBUG] Could not find metadata org.eclipse.platform:org.eclipse.equinox.common/maven-metadata.xml in local (/home/spirals/danglot/.m2/repository)
[DEBUG] Skipped remote request for org.eclipse.platform:org.eclipse.equinox.common/maven-metadata.xml, locally cached metadata up-to-date.
[DEBUG] Skipped remote request for org.eclipse.platform:org.eclipse.equinox.common/maven-metadata.xml, already updated during this session.
[DEBUG] Failure to find org.eclipse.platform:org.eclipse.equinox.common/maven-metadata.xml in https://stamp-project.github.io/stamp-maven-repository/ was cached in the local repository, resolution will not be reattempted until the update interval of stamp-maven-repository-mvn-repo has elapsed or updates are forced
[DEBUG] Failure to find org.eclipse.platform:org.eclipse.equinox.common/maven-metadata.xml in https://repo.gradle.org/gradle/libs-releases-local/ was cached in the local repository, resolution will not be reattempted until the update interval of gradle-repo has elapsed or updates are forced
[DEBUG] Failure to find org.eclipse.platform:org.eclipse.equinox.common/maven-metadata.xml in https://oss.sonatype.org/content/repositories/snapshots was cached in the local repository, resolution will not be reattempted until the update interval of sonatype-nexus-snapshots has elapsed or updates are forced
[DEBUG] Failure to find org.eclipse.platform:org.eclipse.equinox.common/maven-metadata.xml in http://maven.inria.fr/artifactory/spoon-public-snapshot was cached in the local repository, resolution will not be reattempted until the update interval of maven.inria.fr-snapshot has elapsed or updates are forced
[DEBUG] Could not find metadata org.eclipse.platform:org.eclipse.equinox.preferences/maven-metadata.xml in local (/home/spirals/danglot/.m2/repository)
[DEBUG] Skipped remote request for org.eclipse.platform:org.eclipse.equinox.preferences/maven-metadata.xml, locally cached metadata up-to-date.
[DEBUG] Failure to find org.eclipse.platform:org.eclipse.equinox.preferences/maven-metadata.xml in https://repo.gradle.org/gradle/libs-releases-local/ was cached in the local repository, resolution will not be reattempted until the update interval of gradle-repo has elapsed or updates are forced
[DEBUG] Failure to find org.eclipse.platform:org.eclipse.equinox.preferences/maven-metadata.xml in https://oss.sonatype.org/content/repositories/snapshots was cached in the local repository, resolution will not be reattempted until the update interval of sonatype-nexus-snapshots has elapsed or updates are forced
[DEBUG] Failure to find org.eclipse.platform:org.eclipse.equinox.preferences/maven-metadata.xml in http://maven.inria.fr/artifactory/spoon-public-snapshot was cached in the local repository, resolution will not be reattempted until the update interval of maven.inria.fr-snapshot has elapsed or updates are forced
[DEBUG] Using transporter WagonTransporter with priority -1.0 for https://stamp-project.github.io/stamp-maven-repository/
[DEBUG] Using connector BasicRepositoryConnector with priority 0.0 for https://stamp-project.github.io/stamp-maven-repository/
Downloading from stamp-maven-repository-mvn-repo: https://stamp-project.github.io/stamp-maven-repository/org/eclipse/platform/org.eclipse.equinox.preferences/maven-metadata.xml
[DEBUG] Writing tracking file /home/spirals/danglot/.m2/repository/org/eclipse/platform/org.eclipse.equinox.preferences/resolver-status.properties
[DEBUG] Could not find metadata org.eclipse.platform:org.eclipse.equinox.preferences/maven-metadata.xml in stamp-maven-repository-mvn-repo (https://stamp-project.github.io/stamp-maven-repository/)
[DEBUG] Could not find metadata org.eclipse.platform:org.eclipse.equinox.common/maven-metadata.xml in local (/home/spirals/danglot/.m2/repository)
[DEBUG] Skipped remote request for org.eclipse.platform:org.eclipse.equinox.common/maven-metadata.xml, locally cached metadata up-to-date.
[DEBUG] Skipped remote request for org.eclipse.platform:org.eclipse.equinox.common/maven-metadata.xml, already updated during this session.
[DEBUG] Failure to find org.eclipse.platform:org.eclipse.equinox.common/maven-metadata.xml in https://stamp-project.github.io/stamp-maven-repository/ was cached in the local repository, resolution will not be reattempted until the update interval of stamp-maven-repository-mvn-repo has elapsed or updates are forced
[DEBUG] Failure to find org.eclipse.platform:org.eclipse.equinox.common/maven-metadata.xml in https://repo.gradle.org/gradle/libs-releases-local/ was cached in the local repository, resolution will not be reattempted until the update interval of gradle-repo has elapsed or updates are forced
[DEBUG] Failure to find org.eclipse.platform:org.eclipse.equinox.common/maven-metadata.xml in https://oss.sonatype.org/content/repositories/snapshots was cached in the local repository, resolution will not be reattempted until the update interval of sonatype-nexus-snapshots has elapsed or updates are forced
[DEBUG] Failure to find org.eclipse.platform:org.eclipse.equinox.common/maven-metadata.xml in http://maven.inria.fr/artifactory/spoon-public-snapshot was cached in the local repository, resolution will not be reattempted until the update interval of maven.inria.fr-snapshot has elapsed or updates are forced
[DEBUG] Could not find metadata org.eclipse.platform:org.eclipse.core.contenttype/maven-metadata.xml in local (/home/spirals/danglot/.m2/repository)
[DEBUG] Skipped remote request for org.eclipse.platform:org.eclipse.core.contenttype/maven-metadata.xml, locally cached metadata up-to-date.
[DEBUG] Failure to find org.eclipse.platform:org.eclipse.core.contenttype/maven-metadata.xml in https://repo.gradle.org/gradle/libs-releases-local/ was cached in the local repository, resolution will not be reattempted until the update interval of gradle-repo has elapsed or updates are forced
[DEBUG] Failure to find org.eclipse.platform:org.eclipse.core.contenttype/maven-metadata.xml in https://oss.sonatype.org/content/repositories/snapshots was cached in the local repository, resolution will not be reattempted until the update interval of sonatype-nexus-snapshots has elapsed or updates are forced
[DEBUG] Failure to find org.eclipse.platform:org.eclipse.core.contenttype/maven-metadata.xml in http://maven.inria.fr/artifactory/spoon-public-snapshot was cached in the local repository, resolution will not be reattempted until the update interval of maven.inria.fr-snapshot has elapsed or updates are forced
[DEBUG] Using transporter WagonTransporter with priority -1.0 for https://stamp-project.github.io/stamp-maven-repository/
[DEBUG] Using connector BasicRepositoryConnector with priority 0.0 for https://stamp-project.github.io/stamp-maven-repository/
Downloading from stamp-maven-repository-mvn-repo: https://stamp-project.github.io/stamp-maven-repository/org/eclipse/platform/org.eclipse.core.contenttype/maven-metadata.xml
[DEBUG] Writing tracking file /home/spirals/danglot/.m2/repository/org/eclipse/platform/org.eclipse.core.contenttype/resolver-status.properties
[DEBUG] Could not find metadata org.eclipse.platform:org.eclipse.core.contenttype/maven-metadata.xml in stamp-maven-repository-mvn-repo (https://stamp-project.github.io/stamp-maven-repository/)
[DEBUG] Could not find metadata org.eclipse.platform:org.eclipse.equinox.preferences/maven-metadata.xml in local (/home/spirals/danglot/.m2/repository)
[DEBUG] Skipped remote request for org.eclipse.platform:org.eclipse.equinox.preferences/maven-metadata.xml, locally cached metadata up-to-date.
[DEBUG] Skipped remote request for org.eclipse.platform:org.eclipse.equinox.preferences/maven-metadata.xml, already updated during this session.
[DEBUG] Failure to find org.eclipse.platform:org.eclipse.equinox.preferences/maven-metadata.xml in https://stamp-project.github.io/stamp-maven-repository/ was cached in the local repository, resolution will not be reattempted until the update interval of stamp-maven-repository-mvn-repo has elapsed or updates are forced
[DEBUG] Failure to find org.eclipse.platform:org.eclipse.equinox.preferences/maven-metadata.xml in https://repo.gradle.org/gradle/libs-releases-local/ was cached in the local repository, resolution will not be reattempted until the update interval of gradle-repo has elapsed or updates are forced
[DEBUG] Failure to find org.eclipse.platform:org.eclipse.equinox.preferences/maven-metadata.xml in https://oss.sonatype.org/content/repositories/snapshots was cached in the local repository, resolution will not be reattempted until the update interval of sonatype-nexus-snapshots has elapsed or updates are forced
[DEBUG] Failure to find org.eclipse.platform:org.eclipse.equinox.preferences/maven-metadata.xml in http://maven.inria.fr/artifactory/spoon-public-snapshot was cached in the local repository, resolution will not be reattempted until the update interval of maven.inria.fr-snapshot has elapsed or updates are forced
[DEBUG] Could not find metadata org.eclipse.platform:org.eclipse.equinox.registry/maven-metadata.xml in local (/home/spirals/danglot/.m2/repository)
[DEBUG] Skipped remote request for org.eclipse.platform:org.eclipse.equinox.registry/maven-metadata.xml, locally cached metadata up-to-date.
[DEBUG] Skipped remote request for org.eclipse.platform:org.eclipse.equinox.registry/maven-metadata.xml, already updated during this session.
[DEBUG] Failure to find org.eclipse.platform:org.eclipse.equinox.registry/maven-metadata.xml in https://stamp-project.github.io/stamp-maven-repository/ was cached in the local repository, resolution will not be reattempted until the update interval of stamp-maven-repository-mvn-repo has elapsed or updates are forced
[DEBUG] Failure to find org.eclipse.platform:org.eclipse.equinox.registry/maven-metadata.xml in https://repo.gradle.org/gradle/libs-releases-local/ was cached in the local repository, resolution will not be reattempted until the update interval of gradle-repo has elapsed or updates are forced
[DEBUG] Failure to find org.eclipse.platform:org.eclipse.equinox.registry/maven-metadata.xml in https://oss.sonatype.org/content/repositories/snapshots was cached in the local repository, resolution will not be reattempted until the update interval of sonatype-nexus-snapshots has elapsed or updates are forced
[DEBUG] Failure to find org.eclipse.platform:org.eclipse.equinox.registry/maven-metadata.xml in http://maven.inria.fr/artifactory/spoon-public-snapshot was cached in the local repository, resolution will not be reattempted until the update interval of maven.inria.fr-snapshot has elapsed or updates are forced
[DEBUG] Could not find metadata org.eclipse.platform:org.eclipse.equinox.app/maven-metadata.xml in local (/home/spirals/danglot/.m2/repository)
[DEBUG] Skipped remote request for org.eclipse.platform:org.eclipse.equinox.app/maven-metadata.xml, locally cached metadata up-to-date.
[DEBUG] Failure to find org.eclipse.platform:org.eclipse.equinox.app/maven-metadata.xml in https://repo.gradle.org/gradle/libs-releases-local/ was cached in the local repository, resolution will not be reattempted until the update interval of gradle-repo has elapsed or updates are forced
[DEBUG] Failure to find org.eclipse.platform:org.eclipse.equinox.app/maven-metadata.xml in https://oss.sonatype.org/content/repositories/snapshots was cached in the local repository, resolution will not be reattempted until the update interval of sonatype-nexus-snapshots has elapsed or updates are forced
[DEBUG] Failure to find org.eclipse.platform:org.eclipse.equinox.app/maven-metadata.xml in http://maven.inria.fr/artifactory/spoon-public-snapshot was cached in the local repository, resolution will not be reattempted until the update interval of maven.inria.fr-snapshot has elapsed or updates are forced
[DEBUG] Using transporter WagonTransporter with priority -1.0 for https://stamp-project.github.io/stamp-maven-repository/
[DEBUG] Using connector BasicRepositoryConnector with priority 0.0 for https://stamp-project.github.io/stamp-maven-repository/
Downloading from stamp-maven-repository-mvn-repo: https://stamp-project.github.io/stamp-maven-repository/org/eclipse/platform/org.eclipse.equinox.app/maven-metadata.xml
[DEBUG] Writing tracking file /home/spirals/danglot/.m2/repository/org/eclipse/platform/org.eclipse.equinox.app/resolver-status.properties
[DEBUG] Could not find metadata org.eclipse.platform:org.eclipse.equinox.app/maven-metadata.xml in stamp-maven-repository-mvn-repo (https://stamp-project.github.io/stamp-maven-repository/)
[DEBUG] Could not find metadata org.eclipse.platform:org.eclipse.equinox.registry/maven-metadata.xml in local (/home/spirals/danglot/.m2/repository)
[DEBUG] Skipped remote request for org.eclipse.platform:org.eclipse.equinox.registry/maven-metadata.xml, locally cached metadata up-to-date.
[DEBUG] Skipped remote request for org.eclipse.platform:org.eclipse.equinox.registry/maven-metadata.xml, already updated during this session.
[DEBUG] Failure to find org.eclipse.platform:org.eclipse.equinox.registry/maven-metadata.xml in https://stamp-project.github.io/stamp-maven-repository/ was cached in the local repository, resolution will not be reattempted until the update interval of stamp-maven-repository-mvn-repo has elapsed or updates are forced
[DEBUG] Failure to find org.eclipse.platform:org.eclipse.equinox.registry/maven-metadata.xml in https://repo.gradle.org/gradle/libs-releases-local/ was cached in the local repository, resolution will not be reattempted until the update interval of gradle-repo has elapsed or updates are forced
[DEBUG] Failure to find org.eclipse.platform:org.eclipse.equinox.registry/maven-metadata.xml in https://oss.sonatype.org/content/repositories/snapshots was cached in the local repository, resolution will not be reattempted until the update interval of sonatype-nexus-snapshots has elapsed or updates are forced
[DEBUG] Failure to find org.eclipse.platform:org.eclipse.equinox.registry/maven-metadata.xml in http://maven.inria.fr/artifactory/spoon-public-snapshot was cached in the local repository, resolution will not be reattempted until the update interval of maven.inria.fr-snapshot has elapsed or updates are forced
[DEBUG] Could not find metadata org.eclipse.platform:org.eclipse.osgi/maven-metadata.xml in local (/home/spirals/danglot/.m2/repository)
[DEBUG] Skipped remote request for org.eclipse.platform:org.eclipse.osgi/maven-metadata.xml, locally cached metadata up-to-date.
[DEBUG] Skipped remote request for org.eclipse.platform:org.eclipse.osgi/maven-metadata.xml, already updated during this session.
[DEBUG] Failure to find org.eclipse.platform:org.eclipse.osgi/maven-metadata.xml in https://stamp-project.github.io/stamp-maven-repository/ was cached in the local repository, resolution will not be reattempted until the update interval of stamp-maven-repository-mvn-repo has elapsed or updates are forced
[DEBUG] Failure to find org.eclipse.platform:org.eclipse.osgi/maven-metadata.xml in https://repo.gradle.org/gradle/libs-releases-local/ was cached in the local repository, resolution will not be reattempted until the update interval of gradle-repo has elapsed or updates are forced
[DEBUG] Failure to find org.eclipse.platform:org.eclipse.osgi/maven-metadata.xml in https://oss.sonatype.org/content/repositories/snapshots was cached in the local repository, resolution will not be reattempted until the update interval of sonatype-nexus-snapshots has elapsed or updates are forced
[DEBUG] Failure to find org.eclipse.platform:org.eclipse.osgi/maven-metadata.xml in http://maven.inria.fr/artifactory/spoon-public-snapshot was cached in the local repository, resolution will not be reattempted until the update interval of maven.inria.fr-snapshot has elapsed or updates are forced
[DEBUG] Could not find metadata org.eclipse.platform:org.eclipse.equinox.common/maven-metadata.xml in local (/home/spirals/danglot/.m2/repository)
[DEBUG] Skipped remote request for org.eclipse.platform:org.eclipse.equinox.common/maven-metadata.xml, locally cached metadata up-to-date.
[DEBUG] Skipped remote request for org.eclipse.platform:org.eclipse.equinox.common/maven-metadata.xml, already updated during this session.
[DEBUG] Failure to find org.eclipse.platform:org.eclipse.equinox.common/maven-metadata.xml in https://stamp-project.github.io/stamp-maven-repository/ was cached in the local repository, resolution will not be reattempted until the update interval of stamp-maven-repository-mvn-repo has elapsed or updates are forced
[DEBUG] Failure to find org.eclipse.platform:org.eclipse.equinox.common/maven-metadata.xml in https://repo.gradle.org/gradle/libs-releases-local/ was cached in the local repository, resolution will not be reattempted until the update interval of gradle-repo has elapsed or updates are forced
[DEBUG] Failure to find org.eclipse.platform:org.eclipse.equinox.common/maven-metadata.xml in https://oss.sonatype.org/content/repositories/snapshots was cached in the local repository, resolution will not be reattempted until the update interval of sonatype-nexus-snapshots has elapsed or updates are forced
[DEBUG] Failure to find org.eclipse.platform:org.eclipse.equinox.common/maven-metadata.xml in http://maven.inria.fr/artifactory/spoon-public-snapshot was cached in the local repository, resolution will not be reattempted until the update interval of maven.inria.fr-snapshot has elapsed or updates are forced
[DEBUG] Could not find metadata org.eclipse.platform:org.eclipse.core.jobs/maven-metadata.xml in local (/home/spirals/danglot/.m2/repository)
[DEBUG] Skipped remote request for org.eclipse.platform:org.eclipse.core.jobs/maven-metadata.xml, locally cached metadata up-to-date.
[DEBUG] Skipped remote request for org.eclipse.platform:org.eclipse.core.jobs/maven-metadata.xml, already updated during this session.
[DEBUG] Failure to find org.eclipse.platform:org.eclipse.core.jobs/maven-metadata.xml in https://stamp-project.github.io/stamp-maven-repository/ was cached in the local repository, resolution will not be reattempted until the update interval of stamp-maven-repository-mvn-repo has elapsed or updates are forced
[DEBUG] Failure to find org.eclipse.platform:org.eclipse.core.jobs/maven-metadata.xml in https://repo.gradle.org/gradle/libs-releases-local/ was cached in the local repository, resolution will not be reattempted until the update interval of gradle-repo has elapsed or updates are forced
[DEBUG] Failure to find org.eclipse.platform:org.eclipse.core.jobs/maven-metadata.xml in https://oss.sonatype.org/content/repositories/snapshots was cached in the local repository, resolution will not be reattempted until the update interval of sonatype-nexus-snapshots has elapsed or updates are forced
[DEBUG] Failure to find org.eclipse.platform:org.eclipse.core.jobs/maven-metadata.xml in http://maven.inria.fr/artifactory/spoon-public-snapshot was cached in the local repository, resolution will not be reattempted until the update interval of maven.inria.fr-snapshot has elapsed or updates are forced
[DEBUG] Could not find metadata org.eclipse.platform:org.eclipse.equinox.preferences/maven-metadata.xml in local (/home/spirals/danglot/.m2/repository)
[DEBUG] Skipped remote request for org.eclipse.platform:org.eclipse.equinox.preferences/maven-metadata.xml, locally cached metadata up-to-date.
[DEBUG] Skipped remote request for org.eclipse.platform:org.eclipse.equinox.preferences/maven-metadata.xml, already updated during this session.
[DEBUG] Failure to find org.eclipse.platform:org.eclipse.equinox.preferences/maven-metadata.xml in https://stamp-project.github.io/stamp-maven-repository/ was cached in the local repository, resolution will not be reattempted until the update interval of stamp-maven-repository-mvn-repo has elapsed or updates are forced
[DEBUG] Failure to find org.eclipse.platform:org.eclipse.equinox.preferences/maven-metadata.xml in https://repo.gradle.org/gradle/libs-releases-local/ was cached in the local repository, resolution will not be reattempted until the update interval of gradle-repo has elapsed or updates are forced
[DEBUG] Failure to find org.eclipse.platform:org.eclipse.equinox.preferences/maven-metadata.xml in https://oss.sonatype.org/content/repositories/snapshots was cached in the local repository, resolution will not be reattempted until the update interval of sonatype-nexus-snapshots has elapsed or updates are forced
[DEBUG] Failure to find org.eclipse.platform:org.eclipse.equinox.preferences/maven-metadata.xml in http://maven.inria.fr/artifactory/spoon-public-snapshot was cached in the local repository, resolution will not be reattempted until the update interval of maven.inria.fr-snapshot has elapsed or updates are forced
[DEBUG] Could not find metadata org.eclipse.platform:org.eclipse.core.contenttype/maven-metadata.xml in local (/home/spirals/danglot/.m2/repository)
[DEBUG] Skipped remote request for org.eclipse.platform:org.eclipse.core.contenttype/maven-metadata.xml, locally cached metadata up-to-date.
[DEBUG] Skipped remote request for org.eclipse.platform:org.eclipse.core.contenttype/maven-metadata.xml, already updated during this session.
[DEBUG] Failure to find org.eclipse.platform:org.eclipse.core.contenttype/maven-metadata.xml in https://stamp-project.github.io/stamp-maven-repository/ was cached in the local repository, resolution will not be reattempted until the update interval of stamp-maven-repository-mvn-repo has elapsed or updates are forced
[DEBUG] Failure to find org.eclipse.platform:org.eclipse.core.contenttype/maven-metadata.xml in https://repo.gradle.org/gradle/libs-releases-local/ was cached in the local repository, resolution will not be reattempted until the update interval of gradle-repo has elapsed or updates are forced
[DEBUG] Failure to find org.eclipse.platform:org.eclipse.core.contenttype/maven-metadata.xml in https://oss.sonatype.org/content/repositories/snapshots was cached in the local repository, resolution will not be reattempted until the update interval of sonatype-nexus-snapshots has elapsed or updates are forced
[DEBUG] Failure to find org.eclipse.platform:org.eclipse.core.contenttype/maven-metadata.xml in http://maven.inria.fr/artifactory/spoon-public-snapshot was cached in the local repository, resolution will not be reattempted until the update interval of maven.inria.fr-snapshot has elapsed or updates are forced
[DEBUG] Could not find metadata org.eclipse.platform:org.eclipse.equinox.app/maven-metadata.xml in local (/home/spirals/danglot/.m2/repository)
[DEBUG] Skipped remote request for org.eclipse.platform:org.eclipse.equinox.app/maven-metadata.xml, locally cached metadata up-to-date.
[DEBUG] Skipped remote request for org.eclipse.platform:org.eclipse.equinox.app/maven-metadata.xml, already updated during this session.
[DEBUG] Failure to find org.eclipse.platform:org.eclipse.equinox.app/maven-metadata.xml in https://stamp-project.github.io/stamp-maven-repository/ was cached in the local repository, resolution will not be reattempted until the update interval of stamp-maven-repository-mvn-repo has elapsed or updates are forced
[DEBUG] Failure to find org.eclipse.platform:org.eclipse.equinox.app/maven-metadata.xml in https://repo.gradle.org/gradle/libs-releases-local/ was cached in the local repository, resolution will not be reattempted until the update interval of gradle-repo has elapsed or updates are forced
[DEBUG] Failure to find org.eclipse.platform:org.eclipse.equinox.app/maven-metadata.xml in https://oss.sonatype.org/content/repositories/snapshots was cached in the local repository, resolution will not be reattempted until the update interval of sonatype-nexus-snapshots has elapsed or updates are forced
[DEBUG] Failure to find org.eclipse.platform:org.eclipse.equinox.app/maven-metadata.xml in http://maven.inria.fr/artifactory/spoon-public-snapshot was cached in the local repository, resolution will not be reattempted until the update interval of maven.inria.fr-snapshot has elapsed or updates are forced
[DEBUG] Could not find metadata org.eclipse.platform:org.eclipse.core.filesystem/maven-metadata.xml in local (/home/spirals/danglot/.m2/repository)
[DEBUG] Skipped remote request for org.eclipse.platform:org.eclipse.core.filesystem/maven-metadata.xml, locally cached metadata up-to-date.
[DEBUG] Failure to find org.eclipse.platform:org.eclipse.core.filesystem/maven-metadata.xml in https://repo.gradle.org/gradle/libs-releases-local/ was cached in the local repository, resolution will not be reattempted until the update interval of gradle-repo has elapsed or updates are forced
[DEBUG] Failure to find org.eclipse.platform:org.eclipse.core.filesystem/maven-metadata.xml in https://oss.sonatype.org/content/repositories/snapshots was cached in the local repository, resolution will not be reattempted until the update interval of sonatype-nexus-snapshots has elapsed or updates are forced
[DEBUG] Failure to find org.eclipse.platform:org.eclipse.core.filesystem/maven-metadata.xml in http://maven.inria.fr/artifactory/spoon-public-snapshot was cached in the local repository, resolution will not be reattempted until the update interval of maven.inria.fr-snapshot has elapsed or updates are forced
[DEBUG] Using transporter WagonTransporter with priority -1.0 for https://stamp-project.github.io/stamp-maven-repository/
[DEBUG] Using connector BasicRepositoryConnector with priority 0.0 for https://stamp-project.github.io/stamp-maven-repository/
Downloading from stamp-maven-repository-mvn-repo: https://stamp-project.github.io/stamp-maven-repository/org/eclipse/platform/org.eclipse.core.filesystem/maven-metadata.xml
[DEBUG] Writing tracking file /home/spirals/danglot/.m2/repository/org/eclipse/platform/org.eclipse.core.filesystem/resolver-status.properties
[DEBUG] Could not find metadata org.eclipse.platform:org.eclipse.core.filesystem/maven-metadata.xml in stamp-maven-repository-mvn-repo (https://stamp-project.github.io/stamp-maven-repository/)
[DEBUG] Could not find metadata org.eclipse.platform:org.eclipse.osgi/maven-metadata.xml in local (/home/spirals/danglot/.m2/repository)
[DEBUG] Skipped remote request for org.eclipse.platform:org.eclipse.osgi/maven-metadata.xml, locally cached metadata up-to-date.
[DEBUG] Skipped remote request for org.eclipse.platform:org.eclipse.osgi/maven-metadata.xml, already updated during this session.
[DEBUG] Failure to find org.eclipse.platform:org.eclipse.osgi/maven-metadata.xml in https://stamp-project.github.io/stamp-maven-repository/ was cached in the local repository, resolution will not be reattempted until the update interval of stamp-maven-repository-mvn-repo has elapsed or updates are forced
[DEBUG] Failure to find org.eclipse.platform:org.eclipse.osgi/maven-metadata.xml in https://repo.gradle.org/gradle/libs-releases-local/ was cached in the local repository, resolution will not be reattempted until the update interval of gradle-repo has elapsed or updates are forced
[DEBUG] Failure to find org.eclipse.platform:org.eclipse.osgi/maven-metadata.xml in https://oss.sonatype.org/content/repositories/snapshots was cached in the local repository, resolution will not be reattempted until the update interval of sonatype-nexus-snapshots has elapsed or updates are forced
[DEBUG] Failure to find org.eclipse.platform:org.eclipse.osgi/maven-metadata.xml in http://maven.inria.fr/artifactory/spoon-public-snapshot was cached in the local repository, resolution will not be reattempted until the update interval of maven.inria.fr-snapshot has elapsed or updates are forced
[DEBUG] Could not find metadata org.eclipse.platform:org.eclipse.core.runtime/maven-metadata.xml in local (/home/spirals/danglot/.m2/repository)
[DEBUG] Skipped remote request for org.eclipse.platform:org.eclipse.core.runtime/maven-metadata.xml, locally cached metadata up-to-date.
[DEBUG] Skipped remote request for org.eclipse.platform:org.eclipse.core.runtime/maven-metadata.xml, already updated during this session.
[DEBUG] Failure to find org.eclipse.platform:org.eclipse.core.runtime/maven-metadata.xml in https://stamp-project.github.io/stamp-maven-repository/ was cached in the local repository, resolution will not be reattempted until the update interval of stamp-maven-repository-mvn-repo has elapsed or updates are forced
[DEBUG] Failure to find org.eclipse.platform:org.eclipse.core.runtime/maven-metadata.xml in https://repo.gradle.org/gradle/libs-releases-local/ was cached in the local repository, resolution will not be reattempted until the update interval of gradle-repo has elapsed or updates are forced
[DEBUG] Failure to find org.eclipse.platform:org.eclipse.core.runtime/maven-metadata.xml in https://oss.sonatype.org/content/repositories/snapshots was cached in the local repository, resolution will not be reattempted until the update interval of sonatype-nexus-snapshots has elapsed or updates are forced
[DEBUG] Failure to find org.eclipse.platform:org.eclipse.core.runtime/maven-metadata.xml in http://maven.inria.fr/artifactory/spoon-public-snapshot was cached in the local repository, resolution will not be reattempted until the update interval of maven.inria.fr-snapshot has elapsed or updates are forced
[DEBUG] Could not find metadata org.eclipse.platform:org.eclipse.core.runtime/maven-metadata.xml in local (/home/spirals/danglot/.m2/repository)
[DEBUG] Skipped remote request for org.eclipse.platform:org.eclipse.core.runtime/maven-metadata.xml, locally cached metadata up-to-date.
[DEBUG] Skipped remote request for org.eclipse.platform:org.eclipse.core.runtime/maven-metadata.xml, already updated during this session.
[DEBUG] Failure to find org.eclipse.platform:org.eclipse.core.runtime/maven-metadata.xml in https://stamp-project.github.io/stamp-maven-repository/ was cached in the local repository, resolution will not be reattempted until the update interval of stamp-maven-repository-mvn-repo has elapsed or updates are forced
[DEBUG] Failure to find org.eclipse.platform:org.eclipse.core.runtime/maven-metadata.xml in https://repo.gradle.org/gradle/libs-releases-local/ was cached in the local repository, resolution will not be reattempted until the update interval of gradle-repo has elapsed or updates are forced
[DEBUG] Failure to find org.eclipse.platform:org.eclipse.core.runtime/maven-metadata.xml in https://oss.sonatype.org/content/repositories/snapshots was cached in the local repository, resolution will not be reattempted until the update interval of sonatype-nexus-snapshots has elapsed or updates are forced
[DEBUG] Failure to find org.eclipse.platform:org.eclipse.core.runtime/maven-metadata.xml in http://maven.inria.fr/artifactory/spoon-public-snapshot was cached in the local repository, resolution will not be reattempted until the update interval of maven.inria.fr-snapshot has elapsed or updates are forced
[DEBUG] Could not find metadata org.eclipse.platform:org.eclipse.core.filesystem/maven-metadata.xml in local (/home/spirals/danglot/.m2/repository)
[DEBUG] Skipped remote request for org.eclipse.platform:org.eclipse.core.filesystem/maven-metadata.xml, locally cached metadata up-to-date.
[DEBUG] Skipped remote request for org.eclipse.platform:org.eclipse.core.filesystem/maven-metadata.xml, already updated during this session.
[DEBUG] Failure to find org.eclipse.platform:org.eclipse.core.filesystem/maven-metadata.xml in https://stamp-project.github.io/stamp-maven-repository/ was cached in the local repository, resolution will not be reattempted until the update interval of stamp-maven-repository-mvn-repo has elapsed or updates are forced
[DEBUG] Failure to find org.eclipse.platform:org.eclipse.core.filesystem/maven-metadata.xml in https://repo.gradle.org/gradle/libs-releases-local/ was cached in the local repository, resolution will not be reattempted until the update interval of gradle-repo has elapsed or updates are forced
[DEBUG] Failure to find org.eclipse.platform:org.eclipse.core.filesystem/maven-metadata.xml in https://oss.sonatype.org/content/repositories/snapshots was cached in the local repository, resolution will not be reattempted until the update interval of sonatype-nexus-snapshots has elapsed or updates are forced
[DEBUG] Failure to find org.eclipse.platform:org.eclipse.core.filesystem/maven-metadata.xml in http://maven.inria.fr/artifactory/spoon-public-snapshot was cached in the local repository, resolution will not be reattempted until the update interval of maven.inria.fr-snapshot has elapsed or updates are forced
[DEBUG] Could not find metadata org.eclipse.platform:org.eclipse.text/maven-metadata.xml in local (/home/spirals/danglot/.m2/repository)
[DEBUG] Skipped remote request for org.eclipse.platform:org.eclipse.text/maven-metadata.xml, locally cached metadata up-to-date.
[DEBUG] Failure to find org.eclipse.platform:org.eclipse.text/maven-metadata.xml in https://repo.gradle.org/gradle/libs-releases-local/ was cached in the local repository, resolution will not be reattempted until the update interval of gradle-repo has elapsed or updates are forced
[DEBUG] Failure to find org.eclipse.platform:org.eclipse.text/maven-metadata.xml in https://oss.sonatype.org/content/repositories/snapshots was cached in the local repository, resolution will not be reattempted until the update interval of sonatype-nexus-snapshots has elapsed or updates are forced
[DEBUG] Failure to find org.eclipse.platform:org.eclipse.text/maven-metadata.xml in http://maven.inria.fr/artifactory/spoon-public-snapshot was cached in the local repository, resolution will not be reattempted until the update interval of maven.inria.fr-snapshot has elapsed or updates are forced
[DEBUG] Using transporter WagonTransporter with priority -1.0 for https://stamp-project.github.io/stamp-maven-repository/
[DEBUG] Using connector BasicRepositoryConnector with priority 0.0 for https://stamp-project.github.io/stamp-maven-repository/
Downloading from stamp-maven-repository-mvn-repo: https://stamp-project.github.io/stamp-maven-repository/org/eclipse/platform/org.eclipse.text/maven-metadata.xml
[DEBUG] Writing tracking file /home/spirals/danglot/.m2/repository/org/eclipse/platform/org.eclipse.text/resolver-status.properties
[DEBUG] Could not find metadata org.eclipse.platform:org.eclipse.text/maven-metadata.xml in stamp-maven-repository-mvn-repo (https://stamp-project.github.io/stamp-maven-repository/)
[DEBUG] Could not find metadata org.eclipse.platform:org.eclipse.core.commands/maven-metadata.xml in local (/home/spirals/danglot/.m2/repository)
[DEBUG] Skipped remote request for org.eclipse.platform:org.eclipse.core.commands/maven-metadata.xml, locally cached metadata up-to-date.
[DEBUG] Failure to find org.eclipse.platform:org.eclipse.core.commands/maven-metadata.xml in https://repo.gradle.org/gradle/libs-releases-local/ was cached in the local repository, resolution will not be reattempted until the update interval of gradle-repo has elapsed or updates are forced
[DEBUG] Failure to find org.eclipse.platform:org.eclipse.core.commands/maven-metadata.xml in https://oss.sonatype.org/content/repositories/snapshots was cached in the local repository, resolution will not be reattempted until the update interval of sonatype-nexus-snapshots has elapsed or updates are forced
[DEBUG] Failure to find org.eclipse.platform:org.eclipse.core.commands/maven-metadata.xml in http://maven.inria.fr/artifactory/spoon-public-snapshot was cached in the local repository, resolution will not be reattempted until the update interval of maven.inria.fr-snapshot has elapsed or updates are forced
[DEBUG] Using transporter WagonTransporter with priority -1.0 for https://stamp-project.github.io/stamp-maven-repository/
[DEBUG] Using connector BasicRepositoryConnector with priority 0.0 for https://stamp-project.github.io/stamp-maven-repository/
Downloading from stamp-maven-repository-mvn-repo: https://stamp-project.github.io/stamp-maven-repository/org/eclipse/platform/org.eclipse.core.commands/maven-metadata.xml
[DEBUG] Writing tracking file /home/spirals/danglot/.m2/repository/org/eclipse/platform/org.eclipse.core.commands/resolver-status.properties
[DEBUG] Could not find metadata org.eclipse.platform:org.eclipse.core.commands/maven-metadata.xml in stamp-maven-repository-mvn-repo (https://stamp-project.github.io/stamp-maven-repository/)
[DEBUG] Could not find metadata org.eclipse.platform:org.eclipse.equinox.common/maven-metadata.xml in local (/home/spirals/danglot/.m2/repository)
[DEBUG] Skipped remote request for org.eclipse.platform:org.eclipse.equinox.common/maven-metadata.xml, locally cached metadata up-to-date.
[DEBUG] Skipped remote request for org.eclipse.platform:org.eclipse.equinox.common/maven-metadata.xml, already updated during this session.
[DEBUG] Failure to find org.eclipse.platform:org.eclipse.equinox.common/maven-metadata.xml in https://stamp-project.github.io/stamp-maven-repository/ was cached in the local repository, resolution will not be reattempted until the update interval of stamp-maven-repository-mvn-repo has elapsed or updates are forced
[DEBUG] Failure to find org.eclipse.platform:org.eclipse.equinox.common/maven-metadata.xml in https://repo.gradle.org/gradle/libs-releases-local/ was cached in the local repository, resolution will not be reattempted until the update interval of gradle-repo has elapsed or updates are forced
[DEBUG] Failure to find org.eclipse.platform:org.eclipse.equinox.common/maven-metadata.xml in https://oss.sonatype.org/content/repositories/snapshots was cached in the local repository, resolution will not be reattempted until the update interval of sonatype-nexus-snapshots has elapsed or updates are forced
[DEBUG] Failure to find org.eclipse.platform:org.eclipse.equinox.common/maven-metadata.xml in http://maven.inria.fr/artifactory/spoon-public-snapshot was cached in the local repository, resolution will not be reattempted until the update interval of maven.inria.fr-snapshot has elapsed or updates are forced
[DEBUG] Could not find metadata org.eclipse.platform:org.eclipse.core.runtime/maven-metadata.xml in local (/home/spirals/danglot/.m2/repository)
[DEBUG] Skipped remote request for org.eclipse.platform:org.eclipse.core.runtime/maven-metadata.xml, locally cached metadata up-to-date.
[DEBUG] Skipped remote request for org.eclipse.platform:org.eclipse.core.runtime/maven-metadata.xml, already updated during this session.
[DEBUG] Failure to find org.eclipse.platform:org.eclipse.core.runtime/maven-metadata.xml in https://stamp-project.github.io/stamp-maven-repository/ was cached in the local repository, resolution will not be reattempted until the update interval of stamp-maven-repository-mvn-repo has elapsed or updates are forced
[DEBUG] Failure to find org.eclipse.platform:org.eclipse.core.runtime/maven-metadata.xml in https://repo.gradle.org/gradle/libs-releases-local/ was cached in the local repository, resolution will not be reattempted until the update interval of gradle-repo has elapsed or updates are forced
[DEBUG] Failure to find org.eclipse.platform:org.eclipse.core.runtime/maven-metadata.xml in https://oss.sonatype.org/content/repositories/snapshots was cached in the local repository, resolution will not be reattempted until the update interval of sonatype-nexus-snapshots has elapsed or updates are forced
[DEBUG] Failure to find org.eclipse.platform:org.eclipse.core.runtime/maven-metadata.xml in http://maven.inria.fr/artifactory/spoon-public-snapshot was cached in the local repository, resolution will not be reattempted until the update interval of maven.inria.fr-snapshot has elapsed or updates are forced
[DEBUG] Dependency collection stats: {ConflictMarker.analyzeTime=3634193, ConflictMarker.markTime=1040615, ConflictMarker.nodeCount=671, ConflictIdSorter.graphTime=2656794, ConflictIdSorter.topsortTime=132580, ConflictIdSorter.conflictIdCount=97, ConflictIdSorter.conflictIdCycleCount=0, ConflictResolver.totalTime=11984686, ConflictResolver.conflictItemCount=306, DefaultDependencyCollector.collectTime=4573805432, DefaultDependencyCollector.transformTime=19618615}
[DEBUG] eu.stamp-project:dspot-maven:jar:1.1.1-SNAPSHOT:
[DEBUG]    eu.stamp-project:dspot:jar:1.1.1-SNAPSHOT:compile
[DEBUG]       fr.inria.gforge.spoon:spoon-core:jar:7.1.0-SNAPSHOT:compile
[DEBUG]          org.eclipse.jdt:org.eclipse.jdt.core:jar:3.13.102:compile
[DEBUG]             org.eclipse.platform:org.eclipse.core.resources:jar:3.13.100:compile
[DEBUG]                org.eclipse.platform:org.eclipse.core.expressions:jar:3.6.200:compile
[DEBUG]             org.eclipse.platform:org.eclipse.core.runtime:jar:3.15.0:compile
[DEBUG]                org.eclipse.platform:org.eclipse.osgi:jar:3.13.100:compile
[DEBUG]                org.eclipse.platform:org.eclipse.equinox.common:jar:3.10.100:compile
[DEBUG]                org.eclipse.platform:org.eclipse.core.jobs:jar:3.10.100:compile
[DEBUG]                org.eclipse.platform:org.eclipse.equinox.registry:jar:3.8.100:compile
[DEBUG]                org.eclipse.platform:org.eclipse.equinox.preferences:jar:3.7.200:compile
[DEBUG]                org.eclipse.platform:org.eclipse.core.contenttype:jar:3.7.100:compile
[DEBUG]                org.eclipse.platform:org.eclipse.equinox.app:jar:1.3.600:compile
[DEBUG]             org.eclipse.platform:org.eclipse.core.filesystem:jar:1.7.200:compile
[DEBUG]             org.eclipse.platform:org.eclipse.text:jar:3.7.0:compile
[DEBUG]                org.eclipse.platform:org.eclipse.core.commands:jar:3.9.200:compile
[DEBUG]          com.martiansoftware:jsap:jar:2.1:compile
[DEBUG]          log4j:log4j:jar:1.2.17:compile
[DEBUG]          com.fasterxml.jackson.core:jackson-databind:jar:2.9.2:compile
[DEBUG]             com.fasterxml.jackson.core:jackson-annotations:jar:2.9.0:compile
[DEBUG]             com.fasterxml.jackson.core:jackson-core:jar:2.9.2:compile
[DEBUG]       junit:junit:jar:4.12:compile
[DEBUG]          org.hamcrest:hamcrest-core:jar:1.3:compile
[DEBUG]       com.google.code.gson:gson:jar:2.8.0:compile
[DEBUG]       org.apache.maven.shared:maven-invoker:jar:3.0.0:compile
[DEBUG]       org.slf4j:slf4j-api:jar:1.7.25:compile
[DEBUG]       org.slf4j:slf4j-log4j12:jar:1.7.25:compile
[DEBUG]       org.jacoco:org.jacoco.core:jar:0.7.9:compile
[DEBUG]          org.ow2.asm:asm-debug-all:jar:5.2:compile
[DEBUG]       eu.stamp-project:descartes:jar:1.1:compile
[DEBUG]          org.pitest:pitest:jar:1.2.0:compile
[DEBUG]          org.pitest:pitest-entry:jar:1.2.0:compile
[DEBUG]             com.thoughtworks.xstream:xstream:jar:1.4.8:compile
[DEBUG]                xmlpull:xmlpull:jar:1.1.3.1:compile
[DEBUG]                xpp3:xpp3_min:jar:1.1.4c:compile
[DEBUG]       org.gradle:gradle-tooling-api:jar:4.0.1:compile
[DEBUG]       org.mockito:mockito-core:jar:2.10.0:compile
[DEBUG]          net.bytebuddy:byte-buddy:jar:1.7.4:runtime
[DEBUG]          net.bytebuddy:byte-buddy-agent:jar:1.7.4:runtime
[DEBUG]          org.objenesis:objenesis:jar:2.6:runtime
[DEBUG]       eu.stamp-project:test-runner:jar:jar-with-dependencies:1.1.0:compile
[DEBUG]       org.openclover:clover:jar:4.2.1:compile
[DEBUG]       fr.inria.gforge.spoon.labs:gumtree-spoon-ast-diff:jar:1.3:compile
[DEBUG]          com.github.gumtreediff:core:jar:2.0.0:compile
[DEBUG]             com.github.mpkorstanje:simmetrics-core:jar:3.0.3:compile
[DEBUG]                commons-codec:commons-codec:jar:1.10:compile
[DEBUG]             net.sf.trove4j:trove4j:jar:3.0.3:compile
[DEBUG]    org.apache.maven:maven-plugin-api:jar:3.5.0:compile
[DEBUG]       org.apache.maven:maven-artifact:jar:3.5.0:compile
[DEBUG]       org.eclipse.sisu:org.eclipse.sisu.plexus:jar:0.3.3:compile
[DEBUG]          javax.enterprise:cdi-api:jar:1.0:compile
[DEBUG]             javax.annotation:jsr250-api:jar:1.0:compile
[DEBUG]          org.eclipse.sisu:org.eclipse.sisu.inject:jar:0.3.3:compile
[DEBUG]    org.apache.maven.plugin-testing:maven-plugin-testing-harness:jar:3.3.0:compile
[DEBUG]       commons-io:commons-io:jar:2.2:compile
[DEBUG]       org.codehaus.plexus:plexus-archiver:jar:2.2:compile
[DEBUG]          org.codehaus.plexus:plexus-io:jar:2.0.4:compile
[DEBUG]    org.apache.maven:maven-compat:jar:3.5.0:compile
[DEBUG]       org.apache.maven:maven-model-builder:jar:3.5.0:compile
[DEBUG]          org.apache.maven:maven-builder-support:jar:3.5.0:compile
[DEBUG]          com.google.guava:guava:jar:20.0:compile
[DEBUG]       org.apache.maven:maven-settings:jar:3.5.0:compile
[DEBUG]       org.apache.maven:maven-resolver-provider:jar:3.5.0:compile
[DEBUG]       org.apache.maven.resolver:maven-resolver-api:jar:1.0.3:compile
[DEBUG]       org.apache.maven.resolver:maven-resolver-util:jar:1.0.3:compile
[DEBUG]       org.apache.maven.resolver:maven-resolver-impl:jar:1.0.3:compile
[DEBUG]       org.codehaus.plexus:plexus-utils:jar:3.0.24:compile
[DEBUG]       org.codehaus.plexus:plexus-interpolation:jar:1.24:compile
[DEBUG]       org.codehaus.plexus:plexus-component-annotations:jar:1.7.1:compile
[DEBUG]       org.apache.maven.wagon:wagon-provider-api:jar:2.12:compile
[DEBUG]    org.apache.maven:maven-core:jar:3.5.0:compile
[DEBUG]       org.apache.maven:maven-settings-builder:jar:3.5.0:compile
[DEBUG]       org.apache.maven:maven-repository-metadata:jar:3.5.0:compile
[DEBUG]       org.apache.maven.resolver:maven-resolver-spi:jar:1.0.3:compile
[DEBUG]       org.apache.maven.shared:maven-shared-utils:jar:3.1.0:compile
[DEBUG]       com.google.inject:guice:jar:no_aop:4.0:compile
[DEBUG]          javax.inject:javax.inject:jar:1:compile
[DEBUG]          aopalliance:aopalliance:jar:1.0:compile
[DEBUG]       org.codehaus.plexus:plexus-classworlds:jar:2.5.2:compile
[DEBUG]       org.sonatype.plexus:plexus-sec-dispatcher:jar:1.4:compile
[DEBUG]          org.sonatype.plexus:plexus-cipher:jar:1.4:compile
[DEBUG]       org.apache.commons:commons-lang3:jar:3.5:compile
[DEBUG]    org.apache.maven:maven-model:jar:3.5.0:compile
[DEBUG]    org.apache.maven:maven-aether-provider:jar:3.3.9:compile
[DEBUG]       org.eclipse.aether:aether-api:jar:1.0.2.v20150114:compile
[DEBUG]       org.eclipse.aether:aether-spi:jar:1.0.2.v20150114:compile
[DEBUG]       org.eclipse.aether:aether-util:jar:1.0.2.v20150114:compile
[DEBUG]       org.eclipse.aether:aether-impl:jar:1.0.2.v20150114:compile
[DEBUG]    org.apache.maven:maven-project:jar:2.2.1:compile
[DEBUG]       org.apache.maven:maven-profile:jar:2.2.1:compile
[DEBUG]       org.apache.maven:maven-artifact-manager:jar:2.2.1:compile
[DEBUG]          backport-util-concurrent:backport-util-concurrent:jar:3.1:compile
[DEBUG]       org.apache.maven:maven-plugin-registry:jar:2.2.1:compile
[DEBUG]       org.codehaus.plexus:plexus-container-default:jar:1.0-alpha-9-stable-1:compile
[DEBUG]          classworlds:classworlds:jar:1.1-alpha-2:compile
[DEBUG] Created new class realm plugin>eu.stamp-project:dspot-maven:1.1.1-SNAPSHOT
[DEBUG] Importing foreign packages into class realm plugin>eu.stamp-project:dspot-maven:1.1.1-SNAPSHOT
[DEBUG]   Imported:  < maven.api
[DEBUG] Populating class realm plugin>eu.stamp-project:dspot-maven:1.1.1-SNAPSHOT
[DEBUG]   Included: eu.stamp-project:dspot-maven:jar:1.1.1-SNAPSHOT
[DEBUG]   Included: eu.stamp-project:dspot:jar:1.1.1-SNAPSHOT
[DEBUG]   Included: fr.inria.gforge.spoon:spoon-core:jar:7.1.0-SNAPSHOT
[DEBUG]   Included: org.eclipse.jdt:org.eclipse.jdt.core:jar:3.13.102
[DEBUG]   Included: org.eclipse.platform:org.eclipse.core.resources:jar:3.13.100
[DEBUG]   Included: org.eclipse.platform:org.eclipse.core.expressions:jar:3.6.200
[DEBUG]   Included: org.eclipse.platform:org.eclipse.core.runtime:jar:3.15.0
[DEBUG]   Included: org.eclipse.platform:org.eclipse.osgi:jar:3.13.100
[DEBUG]   Included: org.eclipse.platform:org.eclipse.equinox.common:jar:3.10.100
[DEBUG]   Included: org.eclipse.platform:org.eclipse.core.jobs:jar:3.10.100
[DEBUG]   Included: org.eclipse.platform:org.eclipse.equinox.registry:jar:3.8.100
[DEBUG]   Included: org.eclipse.platform:org.eclipse.equinox.preferences:jar:3.7.200
[DEBUG]   Included: org.eclipse.platform:org.eclipse.core.contenttype:jar:3.7.100
[DEBUG]   Included: org.eclipse.platform:org.eclipse.equinox.app:jar:1.3.600
[DEBUG]   Included: org.eclipse.platform:org.eclipse.core.filesystem:jar:1.7.200
[DEBUG]   Included: org.eclipse.platform:org.eclipse.text:jar:3.7.0
[DEBUG]   Included: org.eclipse.platform:org.eclipse.core.commands:jar:3.9.200
[DEBUG]   Included: com.martiansoftware:jsap:jar:2.1
[DEBUG]   Included: log4j:log4j:jar:1.2.17
[DEBUG]   Included: com.fasterxml.jackson.core:jackson-databind:jar:2.9.2
[DEBUG]   Included: com.fasterxml.jackson.core:jackson-annotations:jar:2.9.0
[DEBUG]   Included: com.fasterxml.jackson.core:jackson-core:jar:2.9.2
[DEBUG]   Included: junit:junit:jar:4.12
[DEBUG]   Included: org.hamcrest:hamcrest-core:jar:1.3
[DEBUG]   Included: com.google.code.gson:gson:jar:2.8.0
[DEBUG]   Included: org.apache.maven.shared:maven-invoker:jar:3.0.0
[DEBUG]   Included: org.slf4j:slf4j-log4j12:jar:1.7.25
[DEBUG]   Included: org.jacoco:org.jacoco.core:jar:0.7.9
[DEBUG]   Included: org.ow2.asm:asm-debug-all:jar:5.2
[DEBUG]   Included: eu.stamp-project:descartes:jar:1.1
[DEBUG]   Included: org.pitest:pitest:jar:1.2.0
[DEBUG]   Included: org.pitest:pitest-entry:jar:1.2.0
[DEBUG]   Included: com.thoughtworks.xstream:xstream:jar:1.4.8
[DEBUG]   Included: xmlpull:xmlpull:jar:1.1.3.1
[DEBUG]   Included: xpp3:xpp3_min:jar:1.1.4c
[DEBUG]   Included: org.gradle:gradle-tooling-api:jar:4.0.1
[DEBUG]   Included: org.mockito:mockito-core:jar:2.10.0
[DEBUG]   Included: net.bytebuddy:byte-buddy:jar:1.7.4
[DEBUG]   Included: net.bytebuddy:byte-buddy-agent:jar:1.7.4
[DEBUG]   Included: org.objenesis:objenesis:jar:2.6
[DEBUG]   Included: eu.stamp-project:test-runner:jar:jar-with-dependencies:1.1.0
[DEBUG]   Included: org.openclover:clover:jar:4.2.1
[DEBUG]   Included: fr.inria.gforge.spoon.labs:gumtree-spoon-ast-diff:jar:1.3
[DEBUG]   Included: com.github.gumtreediff:core:jar:2.0.0
[DEBUG]   Included: com.github.mpkorstanje:simmetrics-core:jar:3.0.3
[DEBUG]   Included: commons-codec:commons-codec:jar:1.10
[DEBUG]   Included: net.sf.trove4j:trove4j:jar:3.0.3
[DEBUG]   Included: javax.enterprise:cdi-api:jar:1.0
[DEBUG]   Included: org.eclipse.sisu:org.eclipse.sisu.inject:jar:0.3.3
[DEBUG]   Included: org.apache.maven.plugin-testing:maven-plugin-testing-harness:jar:3.3.0
[DEBUG]   Included: commons-io:commons-io:jar:2.2
[DEBUG]   Included: org.codehaus.plexus:plexus-archiver:jar:2.2
[DEBUG]   Included: org.codehaus.plexus:plexus-io:jar:2.0.4
[DEBUG]   Included: org.apache.maven:maven-builder-support:jar:3.5.0
[DEBUG]   Included: com.google.guava:guava:jar:20.0
[DEBUG]   Included: org.apache.maven.resolver:maven-resolver-util:jar:1.0.3
[DEBUG]   Included: org.codehaus.plexus:plexus-utils:jar:3.0.24
[DEBUG]   Included: org.codehaus.plexus:plexus-interpolation:jar:1.24
[DEBUG]   Included: org.codehaus.plexus:plexus-component-annotations:jar:1.7.1
[DEBUG]   Included: org.apache.maven.shared:maven-shared-utils:jar:3.1.0
[DEBUG]   Included: com.google.inject:guice:jar:no_aop:4.0
[DEBUG]   Included: aopalliance:aopalliance:jar:1.0
[DEBUG]   Included: org.sonatype.plexus:plexus-sec-dispatcher:jar:1.4
[DEBUG]   Included: org.sonatype.plexus:plexus-cipher:jar:1.4
[DEBUG]   Included: org.apache.commons:commons-lang3:jar:3.5
[DEBUG]   Included: org.eclipse.aether:aether-util:jar:1.0.2.v20150114
[DEBUG]   Included: backport-util-concurrent:backport-util-concurrent:jar:3.1
[DEBUG] Configuring mojo eu.stamp-project:dspot-maven:1.1.1-SNAPSHOT:amplify-unit-tests from plugin realm ClassRealm[plugin>eu.stamp-project:dspot-maven:1.1.1-SNAPSHOT, parent: sun.misc.Launcher$AppClassLoader@55f96302]
[DEBUG] Configuring mojo 'eu.stamp-project:dspot-maven:1.1.1-SNAPSHOT:amplify-unit-tests' with basic configurator -->
[DEBUG]   (f) amplifiers = [AllLiteralAmplifiers, MethodAdd, MethodRemove, MethodGeneratorAmplifier, ReturnValueAmplifier, NullifierAmplifier]
[DEBUG]   (f) automaticBuilder = MavenBuilder
[DEBUG]   (f) budgetizer = SimpleBudgetizer
[DEBUG]   (f) cases = []
[DEBUG]   (f) clean = true
[DEBUG]   (f) descartes = false
[DEBUG]   (f) example = false
[DEBUG]   (f) generateNewTestClass = true
[DEBUG]   (f) help = false
[DEBUG]   (f) iteration = 3
[DEBUG]   (f) maxTestAmplified = 200
[DEBUG]   (f) noMinimize = false
[DEBUG]   (f) outputPath = /tmp/icst-2019/september-2018/result/jsoup/commit_0_26adfcb/input_amplification
[DEBUG]   (f) pathToSecondVersion = /tmp/icst-2019/september-2018/dataset/jsoup
[DEBUG]   (f) pathToTestListCsv = /tmp/icst-2019/september-2018/result/jsoup/commit_0_26adfcb/testsThatExecuteTheChanges.csv
[DEBUG]   (f) project = MavenProject: org.jsoup:jsoup:1.12.1-SNAPSHOT @ /tmp/icst-2019/september-2018/dataset/jsoup_parent/pom.xml
[DEBUG]   (f) randomSeed = 23
[DEBUG]   (f) test = [all]
[DEBUG]   (f) testCriterion = ChangeDetectorSelector
[DEBUG]   (f) timeOut = 10000
[DEBUG]   (f) useMavenToExeTest = false
[DEBUG]   (f) verbose = true
[DEBUG]   (f) withComment = false
[DEBUG]   (f) workingDirectory = false
[DEBUG] -- end configuration --
[INFO] Path to runner Classes: /home/spirals/danglot/.m2/repository/eu/stamp-project/test-runner/1.1.0/test-runner-1.1.0-jar-with-dependencies.jar
[INFO] /home/spirals/danglot/.m2/repository/org/jacoco/org.jacoco.core/0.7.9/org.jacoco.core-0.7.9.jar
[INFO] /home/spirals/danglot/.m2/repository/org/ow2/asm/asm-debug-all/5.2/asm-debug-all-5.2.jar
[INFO] /home/spirals/danglot/.m2/repository/eu/stamp-project/test-runner/1.1.0/test-runner-1.1.0-jar-with-dependencies.jar
[WARNING] automaticBuilderName: unknown automatic builder specified in configuration, going to default.
[INFO] Default: provided Maven automatic builder.
[INFO] run maven clean test -DskipTests dependency:build-classpath -Dmdep.outputFile=target/dspot/classpath
[WARN] Maven will be executed in interactive mode, but no input stream has been configured for this MavenInvoker instance.
[INFO] Scanning for projects...
[INFO] 
[INFO] --------------------------< org.jsoup:jsoup >---------------------------
[INFO] Building jsoup Java HTML Parser 1.12.1-SNAPSHOT
[INFO] --------------------------------[ jar ]---------------------------------
[INFO] 
[INFO] --- maven-clean-plugin:2.5:clean (default-clean) @ jsoup ---
[INFO] Deleting /tmp/icst-2019/september-2018/dataset/jsoup_parent/target
[INFO] 
[INFO] --- maven-resources-plugin:3.0.1:resources (default-resources) @ jsoup ---
[INFO] Using 'UTF-8' encoding to copy filtered resources.
[INFO] Copying 0 resource
[INFO] Copying 3 resources to META-INF/
[INFO] 
[INFO] --- maven-compiler-plugin:3.5.1:compile (default-compile) @ jsoup ---
[INFO] Changes detected - recompiling the module!
[INFO] Compiling 68 source files to /tmp/icst-2019/september-2018/dataset/jsoup_parent/target/classes
[INFO] /tmp/icst-2019/september-2018/dataset/jsoup_parent/src/main/java/org/jsoup/nodes/Attributes.java: /tmp/icst-2019/september-2018/dataset/jsoup_parent/src/main/java/org/jsoup/nodes/Attributes.java uses or overrides a deprecated API.
[INFO] /tmp/icst-2019/september-2018/dataset/jsoup_parent/src/main/java/org/jsoup/nodes/Attributes.java: Recompile with -Xlint:deprecation for details.
[INFO] 
[INFO] --- animal-sniffer-maven-plugin:1.16:check (animal-sniffer) @ jsoup ---
[INFO] Checking unresolved references to net.sf.androidscents.signature:android-api-level-8:2.2_r3
[INFO] 
[INFO] >>> maven-bundle-plugin:2.5.4:manifest (bundle-manifest) > process-classes @ jsoup >>>
[INFO] 
[INFO] --- maven-resources-plugin:3.0.1:resources (default-resources) @ jsoup ---
[INFO] Using 'UTF-8' encoding to copy filtered resources.
[INFO] Copying 0 resource
[INFO] Copying 3 resources to META-INF/
[INFO] 
[INFO] --- maven-compiler-plugin:3.5.1:compile (default-compile) @ jsoup ---
[INFO] Changes detected - recompiling the module!
[INFO] Compiling 68 source files to /tmp/icst-2019/september-2018/dataset/jsoup_parent/target/classes
[INFO] /tmp/icst-2019/september-2018/dataset/jsoup_parent/src/main/java/org/jsoup/nodes/Attributes.java: /tmp/icst-2019/september-2018/dataset/jsoup_parent/src/main/java/org/jsoup/nodes/Attributes.java uses or overrides a deprecated API.
[INFO] /tmp/icst-2019/september-2018/dataset/jsoup_parent/src/main/java/org/jsoup/nodes/Attributes.java: Recompile with -Xlint:deprecation for details.
[INFO] 
[INFO] --- animal-sniffer-maven-plugin:1.16:check (animal-sniffer) @ jsoup ---
[INFO] Checking unresolved references to net.sf.androidscents.signature:android-api-level-8:2.2_r3
[INFO] 
[INFO] <<< maven-bundle-plugin:2.5.4:manifest (bundle-manifest) < process-classes @ jsoup <<<
[INFO] 
[INFO] 
[INFO] --- maven-bundle-plugin:2.5.4:manifest (bundle-manifest) @ jsoup ---
[INFO] 
[INFO] --- maven-resources-plugin:3.0.1:testResources (default-testResources) @ jsoup ---
[INFO] Using 'UTF-8' encoding to copy filtered resources.
[INFO] Copying 25 resources
[INFO] 
[INFO] --- maven-compiler-plugin:3.5.1:testCompile (default-testCompile) @ jsoup ---
[INFO] Changes detected - recompiling the module!
[INFO] Compiling 46 source files to /tmp/icst-2019/september-2018/dataset/jsoup_parent/target/test-classes
[INFO] /tmp/icst-2019/september-2018/dataset/jsoup_parent/src/test/java/org/jsoup/parser/AttributeParseTest.java: Some input files use or override a deprecated API.
[INFO] /tmp/icst-2019/september-2018/dataset/jsoup_parent/src/test/java/org/jsoup/parser/AttributeParseTest.java: Recompile with -Xlint:deprecation for details.
[INFO] 
[INFO] --- maven-surefire-plugin:2.12.4:test (default-test) @ jsoup ---
[INFO] Tests are skipped.
[INFO] 
[INFO] --- maven-dependency-plugin:2.8:build-classpath (default-cli) @ jsoup ---
[INFO] Wrote classpath file '/tmp/icst-2019/september-2018/dataset/jsoup_parent/target/dspot/classpath'.
[INFO] ------------------------------------------------------------------------
[INFO] BUILD SUCCESS
[INFO] ------------------------------------------------------------------------
[INFO] Total time: 8.954 s
[INFO] Finished at: 2018-09-27T12:19:33+02:00
[INFO] ------------------------------------------------------------------------
[INFO] run maven clean test -DskipTests dependency:build-classpath -Dmdep.outputFile=target/dspot/classpath
[WARN] Maven will be executed in interactive mode, but no input stream has been configured for this MavenInvoker instance.
[INFO] Scanning for projects...
[INFO] 
[INFO] --------------------------< org.jsoup:jsoup >---------------------------
[INFO] Building jsoup Java HTML Parser 1.12.1-SNAPSHOT
[INFO] --------------------------------[ jar ]---------------------------------
[INFO] 
[INFO] --- maven-clean-plugin:2.5:clean (default-clean) @ jsoup ---
[INFO] Deleting /tmp/icst-2019/september-2018/dataset/jsoup/target
[INFO] 
[INFO] --- maven-resources-plugin:3.0.1:resources (default-resources) @ jsoup ---
[INFO] Using 'UTF-8' encoding to copy filtered resources.
[INFO] Copying 0 resource
[INFO] Copying 3 resources to META-INF/
[INFO] 
[INFO] --- maven-compiler-plugin:3.5.1:compile (default-compile) @ jsoup ---
[INFO] Changes detected - recompiling the module!
[INFO] Compiling 68 source files to /tmp/icst-2019/september-2018/dataset/jsoup/target/classes
[INFO] /tmp/icst-2019/september-2018/dataset/jsoup/src/main/java/org/jsoup/nodes/Attributes.java: /tmp/icst-2019/september-2018/dataset/jsoup/src/main/java/org/jsoup/nodes/Attributes.java uses or overrides a deprecated API.
[INFO] /tmp/icst-2019/september-2018/dataset/jsoup/src/main/java/org/jsoup/nodes/Attributes.java: Recompile with -Xlint:deprecation for details.
[INFO] 
[INFO] --- animal-sniffer-maven-plugin:1.16:check (animal-sniffer) @ jsoup ---
[INFO] Checking unresolved references to net.sf.androidscents.signature:android-api-level-8:2.2_r3
[INFO] 
[INFO] >>> maven-bundle-plugin:2.5.4:manifest (bundle-manifest) > process-classes @ jsoup >>>
[INFO] 
[INFO] --- maven-resources-plugin:3.0.1:resources (default-resources) @ jsoup ---
[INFO] Using 'UTF-8' encoding to copy filtered resources.
[INFO] Copying 0 resource
[INFO] Copying 3 resources to META-INF/
[INFO] 
[INFO] --- maven-compiler-plugin:3.5.1:compile (default-compile) @ jsoup ---
[INFO] Changes detected - recompiling the module!
[INFO] Compiling 68 source files to /tmp/icst-2019/september-2018/dataset/jsoup/target/classes
[INFO] /tmp/icst-2019/september-2018/dataset/jsoup/src/main/java/org/jsoup/nodes/Attributes.java: /tmp/icst-2019/september-2018/dataset/jsoup/src/main/java/org/jsoup/nodes/Attributes.java uses or overrides a deprecated API.
[INFO] /tmp/icst-2019/september-2018/dataset/jsoup/src/main/java/org/jsoup/nodes/Attributes.java: Recompile with -Xlint:deprecation for details.
[INFO] 
[INFO] --- animal-sniffer-maven-plugin:1.16:check (animal-sniffer) @ jsoup ---
[INFO] Checking unresolved references to net.sf.androidscents.signature:android-api-level-8:2.2_r3
[INFO] 
[INFO] <<< maven-bundle-plugin:2.5.4:manifest (bundle-manifest) < process-classes @ jsoup <<<
[INFO] 
[INFO] 
[INFO] --- maven-bundle-plugin:2.5.4:manifest (bundle-manifest) @ jsoup ---
[INFO] 
[INFO] --- maven-resources-plugin:3.0.1:testResources (default-testResources) @ jsoup ---
[INFO] Using 'UTF-8' encoding to copy filtered resources.
[INFO] Copying 25 resources
[INFO] 
[INFO] --- maven-compiler-plugin:3.5.1:testCompile (default-testCompile) @ jsoup ---
[INFO] Changes detected - recompiling the module!
[INFO] Compiling 46 source files to /tmp/icst-2019/september-2018/dataset/jsoup/target/test-classes
[INFO] /tmp/icst-2019/september-2018/dataset/jsoup/src/test/java/org/jsoup/parser/AttributeParseTest.java: Some input files use or override a deprecated API.
[INFO] /tmp/icst-2019/september-2018/dataset/jsoup/src/test/java/org/jsoup/parser/AttributeParseTest.java: Recompile with -Xlint:deprecation for details.
[INFO] 
[INFO] --- maven-surefire-plugin:2.12.4:test (default-test) @ jsoup ---
[INFO] Tests are skipped.
[INFO] 
[INFO] --- maven-dependency-plugin:2.8:build-classpath (default-cli) @ jsoup ---
[INFO] Wrote classpath file '/tmp/icst-2019/september-2018/dataset/jsoup/target/dspot/classpath'.
[INFO] ------------------------------------------------------------------------
[INFO] BUILD SUCCESS
[INFO] ------------------------------------------------------------------------
[INFO] Total time: 8.607 s
[INFO] Finished at: 2018-09-27T12:19:47+02:00
[INFO] ------------------------------------------------------------------------
[INFO] Amplification of org.jsoup.select.ElementsTest (2 test(s))
[INFO] Assertion amplification of org.jsoup.select.ElementsTest (2 test(s))
[INFO] Run: java -classpath /tmp/icst-2019/september-2018/dataset/jsoup_parent/target/test-classes:/tmp/icst-2019/september-2018/dataset/jsoup_parent/target/classes/:/home/spirals/danglot/.m2/repository/junit/junit/4.12/junit-4.12.jar:/home/spirals/danglot/.m2/repository/org/hamcrest/hamcrest-core/1.3/hamcrest-core-1.3.jar:/home/spirals/danglot/.m2/repository/com/google/code/gson/gson/2.7/gson-2.7.jar:/home/spirals/danglot/.m2/repository/org/eclipse/jetty/jetty-server/9.2.22.v20170606/jetty-server-9.2.22.v20170606.jar:/home/spirals/danglot/.m2/repository/javax/servlet/javax.servlet-api/3.1.0/javax.servlet-api-3.1.0.jar:/home/spirals/danglot/.m2/repository/org/eclipse/jetty/jetty-http/9.2.22.v20170606/jetty-http-9.2.22.v20170606.jar:/home/spirals/danglot/.m2/repository/org/eclipse/jetty/jetty-util/9.2.22.v20170606/jetty-util-9.2.22.v20170606.jar:/home/spirals/danglot/.m2/repository/org/eclipse/jetty/jetty-io/9.2.22.v20170606/jetty-io-9.2.22.v20170606.jar:/home/spirals/danglot/.m2/repository/org/eclipse/jetty/jetty-servlet/9.2.22.v20170606/jetty-servlet-9.2.22.v20170606.jar:/home/spirals/danglot/.m2/repository/org/eclipse/jetty/jetty-security/9.2.22.v20170606/jetty-security-9.2.22.v20170606.jar:/tmp/icst-2019/september-2018/dataset/jsoup_parent/target/dspot/dependencies/:/home/spirals/danglot/.m2/repository/eu/stamp-project/test-runner/1.1.0/test-runner-1.1.0-jar-with-dependencies.jar eu.stamp_project.testrunner.runner.test.TestRunner org.jsoup.select.ElementsTest siblings:hasText
File saved to the following path: /tmp/icst-2019/september-2018/dataset/jsoup_parent/target/dspot/TestListener.ser
Loading /tmp/icst-2019/september-2018/dataset/jsoup_parent/target/dspot/TestListener.ser
[INFO] Test has been run: siblings,hasText
[INFO] Run tests. (2)
[INFO] Run: java -classpath /tmp/icst-2019/september-2018/dataset/jsoup_parent/target/test-classes:/tmp/icst-2019/september-2018/dataset/jsoup_parent/target/classes/:/home/spirals/danglot/.m2/repository/junit/junit/4.12/junit-4.12.jar:/home/spirals/danglot/.m2/repository/org/hamcrest/hamcrest-core/1.3/hamcrest-core-1.3.jar:/home/spirals/danglot/.m2/repository/com/google/code/gson/gson/2.7/gson-2.7.jar:/home/spirals/danglot/.m2/repository/org/eclipse/jetty/jetty-server/9.2.22.v20170606/jetty-server-9.2.22.v20170606.jar:/home/spirals/danglot/.m2/repository/javax/servlet/javax.servlet-api/3.1.0/javax.servlet-api-3.1.0.jar:/home/spirals/danglot/.m2/repository/org/eclipse/jetty/jetty-http/9.2.22.v20170606/jetty-http-9.2.22.v20170606.jar:/home/spirals/danglot/.m2/repository/org/eclipse/jetty/jetty-util/9.2.22.v20170606/jetty-util-9.2.22.v20170606.jar:/home/spirals/danglot/.m2/repository/org/eclipse/jetty/jetty-io/9.2.22.v20170606/jetty-io-9.2.22.v20170606.jar:/home/spirals/danglot/.m2/repository/org/eclipse/jetty/jetty-servlet/9.2.22.v20170606/jetty-servlet-9.2.22.v20170606.jar:/home/spirals/danglot/.m2/repository/org/eclipse/jetty/jetty-security/9.2.22.v20170606/jetty-security-9.2.22.v20170606.jar:/tmp/icst-2019/september-2018/dataset/jsoup_parent/target/dspot/dependencies/:/home/spirals/danglot/.m2/repository/eu/stamp-project/test-runner/1.1.0/test-runner-1.1.0-jar-with-dependencies.jar eu.stamp_project.testrunner.runner.test.TestRunner org.jsoup.select.ElementsTest siblings:hasText
File saved to the following path: /tmp/icst-2019/september-2018/dataset/jsoup_parent/target/dspot/TestListener.ser
Loading /tmp/icst-2019/september-2018/dataset/jsoup_parent/target/dspot/TestListener.ser
[INFO] Test has been run: siblings,hasText
[INFO] 2 test pass, generating assertion...
[INFO] Add observations points in passing tests.
[INFO] Instrumentation...
 50% |========================= ]/100% |================================================== ]-
[INFO] Run instrumented tests. (6)
[INFO] Run: java -classpath /tmp/icst-2019/september-2018/dataset/jsoup_parent/target/test-classes:/tmp/icst-2019/september-2018/dataset/jsoup_parent/target/classes/:/home/spirals/danglot/.m2/repository/junit/junit/4.12/junit-4.12.jar:/home/spirals/danglot/.m2/repository/org/hamcrest/hamcrest-core/1.3/hamcrest-core-1.3.jar:/home/spirals/danglot/.m2/repository/com/google/code/gson/gson/2.7/gson-2.7.jar:/home/spirals/danglot/.m2/repository/org/eclipse/jetty/jetty-server/9.2.22.v20170606/jetty-server-9.2.22.v20170606.jar:/home/spirals/danglot/.m2/repository/javax/servlet/javax.servlet-api/3.1.0/javax.servlet-api-3.1.0.jar:/home/spirals/danglot/.m2/repository/org/eclipse/jetty/jetty-http/9.2.22.v20170606/jetty-http-9.2.22.v20170606.jar:/home/spirals/danglot/.m2/repository/org/eclipse/jetty/jetty-util/9.2.22.v20170606/jetty-util-9.2.22.v20170606.jar:/home/spirals/danglot/.m2/repository/org/eclipse/jetty/jetty-io/9.2.22.v20170606/jetty-io-9.2.22.v20170606.jar:/home/spirals/danglot/.m2/repository/org/eclipse/jetty/jetty-servlet/9.2.22.v20170606/jetty-servlet-9.2.22.v20170606.jar:/home/spirals/danglot/.m2/repository/org/eclipse/jetty/jetty-security/9.2.22.v20170606/jetty-security-9.2.22.v20170606.jar:/tmp/icst-2019/september-2018/dataset/jsoup_parent/target/dspot/dependencies/:/home/spirals/danglot/.m2/repository/eu/stamp-project/test-runner/1.1.0/test-runner-1.1.0-jar-with-dependencies.jar eu.stamp_project.testrunner.runner.test.TestRunner org.jsoup.select.ElementsTest siblings_withlog0:hasText_withlog0:siblings_withlog1:hasText_withlog1:siblings_withlog2:hasText_withlog2
File saved to the following path: /tmp/icst-2019/september-2018/dataset/jsoup_parent/target/dspot/observations.ser
File saved to the following path: /tmp/icst-2019/september-2018/dataset/jsoup_parent/target/dspot/TestListener.ser
Loading /tmp/icst-2019/september-2018/dataset/jsoup_parent/target/dspot/TestListener.ser
[INFO] Test has been run: hasText_withlog0,hasText_withlog1,hasText_withlog2,siblings_withlog0,siblings_withlog1,siblings_withlog2
[INFO] Generating assertions...
[INFO] 2 new tests with assertions generated
[INFO] Run: java -classpath /tmp/icst-2019/september-2018/dataset/jsoup_parent/target/test-classes:/tmp/icst-2019/september-2018/dataset/jsoup_parent/target/classes/:/home/spirals/danglot/.m2/repository/junit/junit/4.12/junit-4.12.jar:/home/spirals/danglot/.m2/repository/org/hamcrest/hamcrest-core/1.3/hamcrest-core-1.3.jar:/home/spirals/danglot/.m2/repository/com/google/code/gson/gson/2.7/gson-2.7.jar:/home/spirals/danglot/.m2/repository/org/eclipse/jetty/jetty-server/9.2.22.v20170606/jetty-server-9.2.22.v20170606.jar:/home/spirals/danglot/.m2/repository/javax/servlet/javax.servlet-api/3.1.0/javax.servlet-api-3.1.0.jar:/home/spirals/danglot/.m2/repository/org/eclipse/jetty/jetty-http/9.2.22.v20170606/jetty-http-9.2.22.v20170606.jar:/home/spirals/danglot/.m2/repository/org/eclipse/jetty/jetty-util/9.2.22.v20170606/jetty-util-9.2.22.v20170606.jar:/home/spirals/danglot/.m2/repository/org/eclipse/jetty/jetty-io/9.2.22.v20170606/jetty-io-9.2.22.v20170606.jar:/home/spirals/danglot/.m2/repository/org/eclipse/jetty/jetty-servlet/9.2.22.v20170606/jetty-servlet-9.2.22.v20170606.jar:/home/spirals/danglot/.m2/repository/org/eclipse/jetty/jetty-security/9.2.22.v20170606/jetty-security-9.2.22.v20170606.jar:/tmp/icst-2019/september-2018/dataset/jsoup_parent/target/dspot/dependencies/:/home/spirals/danglot/.m2/repository/eu/stamp-project/test-runner/1.1.0/test-runner-1.1.0-jar-with-dependencies.jar eu.stamp_project.testrunner.runner.test.TestRunner org.jsoup.select.ElementsTest siblings:hasText
File saved to the following path: /tmp/icst-2019/september-2018/dataset/jsoup_parent/target/dspot/TestListener.ser
Loading /tmp/icst-2019/september-2018/dataset/jsoup_parent/target/dspot/TestListener.ser
[INFO] Test has been run: siblings,hasText
[INFO] Assertion amplification: 2 test method(s) has been successfully amplified.
[WARN] 2018-09-27 12:19:52 Launcher - You specified the directory /tmp/icst-2019/september-2018/dataset/jsoup/target/classes in source classpath, please note that only class files will be considered. Jars and subdirectories will be ignored.
[WARN] 2018-09-27 12:19:52 Launcher - You specified the directory /tmp/icst-2019/september-2018/dataset/jsoup/target/test-classes in source classpath, please note that only class files will be considered. Jars and subdirectories will be ignored.
[WARN] 2018-09-27 12:19:52 Launcher - You specified the directory /tmp/icst-2019/september-2018/dataset/jsoup/target/dspot/dependencies in source classpath, please note that only class files will be considered. Jars and subdirectories will be ignored.
[INFO] Run: java -classpath /tmp/icst-2019/september-2018/dataset/jsoup/target/classes/:/tmp/icst-2019/september-2018/dataset/jsoup/target/test-classes/:/home/spirals/danglot/.m2/repository/junit/junit/4.12/junit-4.12.jar:/home/spirals/danglot/.m2/repository/org/hamcrest/hamcrest-core/1.3/hamcrest-core-1.3.jar:/home/spirals/danglot/.m2/repository/com/google/code/gson/gson/2.7/gson-2.7.jar:/home/spirals/danglot/.m2/repository/org/eclipse/jetty/jetty-server/9.2.22.v20170606/jetty-server-9.2.22.v20170606.jar:/home/spirals/danglot/.m2/repository/javax/servlet/javax.servlet-api/3.1.0/javax.servlet-api-3.1.0.jar:/home/spirals/danglot/.m2/repository/org/eclipse/jetty/jetty-http/9.2.22.v20170606/jetty-http-9.2.22.v20170606.jar:/home/spirals/danglot/.m2/repository/org/eclipse/jetty/jetty-util/9.2.22.v20170606/jetty-util-9.2.22.v20170606.jar:/home/spirals/danglot/.m2/repository/org/eclipse/jetty/jetty-io/9.2.22.v20170606/jetty-io-9.2.22.v20170606.jar:/home/spirals/danglot/.m2/repository/org/eclipse/jetty/jetty-servlet/9.2.22.v20170606/jetty-servlet-9.2.22.v20170606.jar:/home/spirals/danglot/.m2/repository/org/eclipse/jetty/jetty-security/9.2.22.v20170606/jetty-security-9.2.22.v20170606.jar:/tmp/icst-2019/september-2018/dataset/jsoup/target/dspot/dependencies/:/home/spirals/danglot/.m2/repository/eu/stamp-project/test-runner/1.1.0/test-runner-1.1.0-jar-with-dependencies.jar eu.stamp_project.testrunner.runner.test.TestRunner org.jsoup.select.ElementsTest siblings:hasText
File saved to the following path: /tmp/icst-2019/september-2018/dataset/jsoup_parent/target/dspot/TestListener.ser
Loading /tmp/icst-2019/september-2018/dataset/jsoup_parent/target/dspot/TestListener.ser
[INFO] Test has been run: siblings,hasText
[INFO] 0 amplified test methods has been selected to be kept. (global: 0)
[INFO] Applying Input-amplification and Assertion-amplification test by test.
[INFO] Amplification of siblings, (1/2)
[INFO] iteration 0 / 3
[INFO] 1 tests selected to be amplified over 1 available tests
[INFO] Amplification of inputs...
100% |================================================== ]/
[INFO] 515 new tests generated
[WARNING] Too many tests have been generated: 515
[INFO] Number of generated test reduced to 200
[INFO] Run tests. (200)
[INFO] Run: java -classpath /tmp/icst-2019/september-2018/dataset/jsoup_parent/target/test-classes:/tmp/icst-2019/september-2018/dataset/jsoup_parent/target/classes/:/home/spirals/danglot/.m2/repository/junit/junit/4.12/junit-4.12.jar:/home/spirals/danglot/.m2/repository/org/hamcrest/hamcrest-core/1.3/hamcrest-core-1.3.jar:/home/spirals/danglot/.m2/repository/com/google/code/gson/gson/2.7/gson-2.7.jar:/home/spirals/danglot/.m2/repository/org/eclipse/jetty/jetty-server/9.2.22.v20170606/jetty-server-9.2.22.v20170606.jar:/home/spirals/danglot/.m2/repository/javax/servlet/javax.servlet-api/3.1.0/javax.servlet-api-3.1.0.jar:/home/spirals/danglot/.m2/repository/org/eclipse/jetty/jetty-http/9.2.22.v20170606/jetty-http-9.2.22.v20170606.jar:/home/spirals/danglot/.m2/repository/org/eclipse/jetty/jetty-util/9.2.22.v20170606/jetty-util-9.2.22.v20170606.jar:/home/spirals/danglot/.m2/repository/org/eclipse/jetty/jetty-io/9.2.22.v20170606/jetty-io-9.2.22.v20170606.jar:/home/spirals/danglot/.m2/repository/org/eclipse/jetty/jetty-servlet/9.2.22.v20170606/jetty-servlet-9.2.22.v20170606.jar:/home/spirals/danglot/.m2/repository/org/eclipse/jetty/jetty-security/9.2.22.v20170606/jetty-security-9.2.22.v20170606.jar:/tmp/icst-2019/september-2018/dataset/jsoup_parent/target/dspot/dependencies/:/home/spirals/danglot/.m2/repository/eu/stamp-project/test-runner/1.1.0/test-runner-1.1.0-jar-with-dependencies.jar eu.stamp_project.testrunner.runner.test.TestRunner org.jsoup.select.ElementsTest siblings_mg302:siblings_mg470:siblings_mg428:siblings_mg218:siblings_mg386:siblings_mg344:siblings_mg260:siblings_mg134:siblings_mg176:siblings_mg122:siblingsnull508:siblingslitString6:siblingslitString8:siblingslitString7:siblingslitString1:siblings_mg456:siblings_mg330:siblings_mg414:siblings_mg288:siblings_mg347:siblings_mg498:siblingsnull510:siblingsnull511:siblingsnull512:siblingsnull514:siblingsnull513:siblingsnull515:siblings_mg473:siblingslitString22:siblingslitString30:siblingslitString38:siblingslitString54:siblingslitString62:siblingslitString46:siblingslitString25:siblingslitString40:siblingslitString24:siblingslitString32:siblings_mg305:siblingslitString56:siblingslitString64:siblingslitString48:siblings_mg479:siblingslitString33:siblings_mg246:siblings_mg437:siblings_mg311:siblings_mg269:siblings_mg372:siblings_mg204:siblings_mg377:siblings_mg353:siblings_mg395:siblings_mg389:siblingslitString23:siblingslitString31:siblingslitString39:siblingslitString55:siblingslitString63:siblingslitString47:siblings_mg162:siblings_mg431:siblings_mg185:siblings_mg179:siblings_mg263:siblings_mg427:siblings_mg343:siblings_mg503:siblings_mg227:siblingslitString41:siblingslitString57:siblings_mg221:siblings_mg301:siblings_mg137:siblings_mg499:siblings_mg415:siblings_mg247:siblings_mg205:siblings_mg289:siblings_mg469:siblings_mg457:siblings_mg331:siblings_mg373:siblings_mg335:siblings_mg293:siblings_mg259:siblings_mg209:siblingsnull509:siblings_mg143:siblings_mg461:siblings_mg217:siblings_mg385:siblingslitString14:siblings_mg480:siblings_mg214:siblings_mg312:siblings_mg228:siblings_mg251:siblings_mg419:siblings_mg163:siblingslitString16:siblings_mg424:siblings_mg396:siblings_mg298:siblings_mg175:siblings_mg340:siblings_mg438:siblings_mg382:siblingslitString53:siblingslitString15:siblings_mg466:siblings_mg270:siblings_mg167:siblings_mg354:siblings_mg256:siblings_mg172:siblingslitString61:siblingslitString29:siblingslitString4:siblings_mg186:siblings_mg144:siblings_mg133:siblingslitString28:siblingslitString12:siblingslitString20:siblingslitString60:siblingslitString44:siblingslitString26:siblingslitString21:siblingslitString34:siblingslitString2:siblingslitString37:siblingslitString52:siblingslitString36:siblingslitString9:siblingslitString18:siblingslitString42:siblingslitString58:siblingslitString3:siblingslitString10:siblings_mg115:siblingslitString45:siblings_mg291:siblingslitString13:siblingslitString35:siblings_mg249:siblingslitString50:siblingslitString11:siblingslitString43:siblingslitString19:siblingslitString51:siblingslitString27:siblingslitString59:siblings_mg417:siblings_mg333:siblings_mg130:siblings_mg501:siblings_mg375:siblings_mg412:siblings_mg286:siblings_mg488:siblings_mg459:siblings_mg404:siblings_mg370:siblings_mg332:siblings_mg496:siblings_mg278:siblings_mg290:siblings_mg324:siblings_mg320:siblings_mg169:siblings_mg236:siblings_mg416:siblings_mg194:siblings_mg454:siblingslitString5:siblings_mg500:siblings_mg207:siblings_mg116:siblings_mg165:siblings_mg276:siblings_mg112:siblings_mg303:siblings_mg408:siblings_mg145:siblings_mg446:siblings_mg148:siblings_mg211:siblings_mg157:siblings_mg149:siblings_mg379:siblings_mg166:siblings_mg284:siblings_add90:siblings_add67:siblings_add68:siblings_mg114:siblings_mg421:siblings_mg463:siblings_mg253
File saved to the following path: /tmp/icst-2019/september-2018/dataset/jsoup_parent/target/dspot/TestListener.ser
Loading /tmp/icst-2019/september-2018/dataset/jsoup_parent/target/dspot/TestListener.ser
[INFO] Test has been run: siblingslitString2,siblingslitString4,siblingslitString41,siblingslitString42,siblings_add67,siblings_add68,siblings_add90,siblings_mg112,siblings_mg114,siblings_mg115,siblings_mg116,siblings_mg122,siblings_mg130,siblings_mg133,siblings_mg134,siblings_mg137,siblings_mg143,siblings_mg144,siblings_mg145,siblings_mg148,siblings_mg149,siblings_mg157,siblings_mg162,siblings_mg163,siblings_mg165,siblings_mg166,siblings_mg167,siblings_mg169,siblings_mg172,siblings_mg175,siblings_mg176,siblings_mg179,siblings_mg185,siblings_mg186,siblings_mg204,siblings_mg205,siblings_mg207,siblings_mg209,siblings_mg211,siblings_mg214,siblings_mg217,siblings_mg218,siblings_mg221,siblings_mg227,siblings_mg228,siblings_mg246,siblings_mg247,siblings_mg249,siblings_mg251,siblings_mg253,siblings_mg256,siblings_mg259,siblings_mg260,siblings_mg263,siblings_mg269,siblings_mg270,siblings_mg288,siblings_mg289,siblings_mg291,siblings_mg293,siblings_mg298,siblings_mg301,siblings_mg302,siblings_mg303,siblings_mg305,siblings_mg311,siblings_mg312,siblings_mg324,siblings_mg330,siblings_mg331,siblings_mg333,siblings_mg335,siblings_mg340,siblings_mg343,siblings_mg344,siblings_mg347,siblings_mg353,siblings_mg354,siblings_mg372,siblings_mg373,siblings_mg375,siblings_mg377,siblings_mg379,siblings_mg382,siblings_mg385,siblings_mg386,siblings_mg389,siblings_mg395,siblings_mg396,siblings_mg408,siblings_mg414,siblings_mg415,siblings_mg417,siblings_mg419,siblings_mg421,siblings_mg424,siblings_mg427,siblings_mg428,siblings_mg431,siblings_mg437,siblings_mg438,siblings_mg456,siblings_mg457,siblings_mg459,siblings_mg461,siblings_mg463,siblings_mg466,siblings_mg469,siblings_mg470,siblings_mg473,siblings_mg479,siblings_mg480,siblings_mg498,siblings_mg499,siblings_mg501,siblings_mg503,siblingsnull510,siblingsnull511,siblingsnull512,siblingsnull513,siblingsnull514,siblingsnull515,siblingslitString1(org.jsoup.select.ElementsTest): null,siblingslitString3(org.jsoup.select.ElementsTest): null,siblingslitString5(org.jsoup.select.ElementsTest): null,siblingslitString6(org.jsoup.select.ElementsTest): null,siblingslitString7(org.jsoup.select.ElementsTest): null,siblingslitString8(org.jsoup.select.ElementsTest): null,siblingslitString9(org.jsoup.select.ElementsTest): null,siblingslitString10(org.jsoup.select.ElementsTest): Could not parse query 'p;eq(3)': unexpected token at ';eq(3)',siblingslitString11(org.jsoup.select.ElementsTest): Index must be numeric,siblingslitString12(org.jsoup.select.ElementsTest): Could not parse query 'p:q(3)': unexpected token at ':q(3)',siblingslitString13(org.jsoup.select.ElementsTest): Could not parse query 'A=SO/wo': unexpected token at '=SO/wo',siblingslitString14(org.jsoup.select.ElementsTest): String must not be empty,siblingslitString15(org.jsoup.select.ElementsTest): Could not parse query '
': unexpected token at '',siblingslitString16(org.jsoup.select.ElementsTest): Could not parse query ':': unexpected token at ':',siblingslitString18(org.jsoup.select.ElementsTest): Could not parse query 'p:contaOns(6)': unexpected token at ':contaOns(6)',siblingslitString19(org.jsoup.select.ElementsTest): Could not parse query 'p:coSntains(6)': unexpected token at ':coSntains(6)',siblingslitString20(org.jsoup.select.ElementsTest): Could not parse query 'p:contins(6)': unexpected token at ':contins(6)',siblingslitString21(org.jsoup.select.ElementsTest): Could not parse query 'Rl&{ha!&Bcvg[': unexpected token at '&{ha!&Bcvg[',siblingslitString22(org.jsoup.select.ElementsTest): Could not parse query '': unexpected token at '',siblingslitString23(org.jsoup.select.ElementsTest): Could not parse query '
': unexpected token at '',siblingslitString24(org.jsoup.select.ElementsTest): Could not parse query ':': unexpected token at ':',siblingslitString25(org.jsoup.select.ElementsTest): null,siblingslitString26(org.jsoup.select.ElementsTest): Could not parse query 'p:con!ains(5)': unexpected token at ':con!ains(5)',siblingslitString27(org.jsoup.select.ElementsTest): null,siblingslitString28(org.jsoup.select.ElementsTest): Could not parse query 'p:contais(5)': unexpected token at ':contais(5)',siblingslitString29(org.jsoup.select.ElementsTest): Could not parse query '/|]6^FT)-ef&b': unexpected token at '/|]6^FT)-ef&b',siblingslitString30(org.jsoup.select.ElementsTest): Could not parse query '': unexpected token at '',siblingslitString31(org.jsoup.select.ElementsTest): Could not parse query '
': unexpected token at '',siblingslitString32(org.jsoup.select.ElementsTest): Could not parse query ':': unexpected token at ':',siblingslitString33(org.jsoup.select.ElementsTest): null,siblingslitString34(org.jsoup.select.ElementsTest): null,siblingslitString35(org.jsoup.select.ElementsTest): Could not parse query 'p:cont1ains(6)': unexpected token at ':cont1ains(6)',siblingslitString36(org.jsoup.select.ElementsTest): Could not parse query 'p:contains6)': unexpected token at ':contains6)',siblingslitString37(org.jsoup.select.ElementsTest): Could not parse query 'Ci*OdwpauR%h1': unexpected token at '%h1',siblingslitString38(org.jsoup.select.ElementsTest): Could not parse query '': unexpected token at '',siblingslitString39(org.jsoup.select.ElementsTest): Could not parse query '
': unexpected token at '',siblingslitString40(org.jsoup.select.ElementsTest): Could not parse query ':': unexpected token at ':',siblingslitString43(org.jsoup.select.ElementsTest): Could not parse query 'p:cUontains(1)': unexpected token at ':cUontains(1)',siblingslitString44(org.jsoup.select.ElementsTest): Could not parse query 'p:ontains(1)': unexpected token at ':ontains(1)',siblingslitString45(org.jsoup.select.ElementsTest): Could not parse query '1Rvnj|}8wu]&8': unexpected token at '}8wu]&8',siblingslitString46(org.jsoup.select.ElementsTest): Could not parse query '': unexpected token at '',siblingslitString47(org.jsoup.select.ElementsTest): Could not parse query '
': unexpected token at '',siblingslitString48(org.jsoup.select.ElementsTest): Could not parse query ':': unexpected token at ':',siblingslitString50(org.jsoup.select.ElementsTest): Could not parse query 'p:containsg3)': unexpected token at ':containsg3)',siblingslitString51(org.jsoup.select.ElementsTest): Could not parse query 'p:conta`ins(3)': unexpected token at ':conta`ins(3)',siblingslitString52(org.jsoup.select.ElementsTest): :contains(text) query must not be empty,siblingslitString53(org.jsoup.select.ElementsTest): Could not parse query ' V!3a(!.#b{[I': unexpected token at '!3a(!.#b{[I',siblingslitString54(org.jsoup.select.ElementsTest): Could not parse query '': unexpected token at '',siblingslitString55(org.jsoup.select.ElementsTest): Could not parse query '
': unexpected token at '',siblingslitString56(org.jsoup.select.ElementsTest): Could not parse query ':': unexpected token at ':',siblingslitString57(org.jsoup.select.ElementsTest): null,siblingslitString58(org.jsoup.select.ElementsTest): Could not parse query 'p:cYntains(1)': unexpected token at ':cYntains(1)',siblingslitString59(org.jsoup.select.ElementsTest): Could not parse query 'p:contaeins(1)': unexpected token at ':contaeins(1)',siblingslitString60(org.jsoup.select.ElementsTest): Could not parse query 'p:ontains(1)': unexpected token at ':ontains(1)',siblingslitString61(org.jsoup.select.ElementsTest): Could not parse query '%xHdm7#=ToX)D': unexpected token at '%xHdm7#=ToX)D',siblingslitString62(org.jsoup.select.ElementsTest): Could not parse query '': unexpected token at '',siblingslitString63(org.jsoup.select.ElementsTest): Could not parse query '
': unexpected token at '',siblingslitString64(org.jsoup.select.ElementsTest): Could not parse query ':': unexpected token at ':',siblings_mg194(org.jsoup.select.ElementsTest): Could not parse query 'NvMRz<]d[Uel1Jp:Aa]P': unexpected token at '<]d[Uel1Jp:Aa]P',siblings_mg236(org.jsoup.select.ElementsTest): Could not parse query 'NXuz7Gc/mJSB|*g1w/H}': unexpected token at '/mJSB|*g1w/H}',siblings_mg276(org.jsoup.select.ElementsTest): Could not parse query 'w{NUw]t2`oJKXQT)uuko': unexpected token at '{NUw]t2`oJKXQT)uuko',siblings_mg278(org.jsoup.select.ElementsTest): Could not parse query 'ua@F;_a&4Bc{v': unexpected token at '@F;_a&4Bc{v',siblings_mg284(org.jsoup.select.ElementsTest): Did not find balanced marker at '&<Aihc:4mdp[_EdB`v',siblings_mg286(org.jsoup.select.ElementsTest): Did not find balanced marker at '[KUdhw0!nnrtG]LM{',siblings_mg290(org.jsoup.select.ElementsTest): Could not parse query '^mgdhAD^|dc@;rWqb8+-': unexpected token at '^mgdhAD^|dc@;rWqb8+-',siblings_mg320(org.jsoup.select.ElementsTest): Could not parse query 'Iz;of%p.X)v_mKH*': unexpected token at ';of%p.X)v_mKH*',siblings_mg332(org.jsoup.select.ElementsTest): Could not parse query '/fW<J(^Wif:x,oIby}MP': unexpected token at '/fW<J(^Wif:x,oIby}MP',siblings_mg370(org.jsoup.select.ElementsTest): Could not parse query '39!TnKT>gIevY]dkqSht': unexpected token at '!TnKT>gIevY]dkqSht',siblings_mg404(org.jsoup.select.ElementsTest): Could not parse query '^e-eGm$:fw+YQ6rq<W]v': unexpected token at '^e-eGm$:fw+YQ6rq<W]v',siblings_mg412(org.jsoup.select.ElementsTest): Did not find balanced marker at '.-yo_g9<Hkeqn{p',siblings_mg416(org.jsoup.select.ElementsTest): Could not parse query '&I(mnT.nK7w|,dxKcm5[': unexpected token at '&I(mnT.nK7w|,dxKcm5[',siblings_mg446(org.jsoup.select.ElementsTest): Could not parse query '$:>o/lW&-[21$]n_{`I_': unexpected token at '$:>o/lW&-[21$]n_{`I_',siblings_mg454(org.jsoup.select.ElementsTest): Could not parse query 'hUaB;hvYoV%ZwP.I8O(4': unexpected token at ';hvYoV%ZwP.I8O(4',siblings_mg488(org.jsoup.select.ElementsTest): Could not parse query '&S:leb1;bIVLt3nhj8Pj': unexpected token at '&S:leb1;bIVLt3nhj8Pj',siblings_mg496(org.jsoup.select.ElementsTest): Could not parse query 'UN)AU$4HgD@uUId=zIrf': unexpected token at ')AU$4HgD@uUId=zIrf',siblings_mg500(org.jsoup.select.ElementsTest): Could not parse query 'Fc@aj6MF5:6[z{Ik(wF7': unexpected token at '@aj6MF5:6[z{Ik(wF7',siblingsnull508(org.jsoup.select.ElementsTest): null,siblingsnull509(org.jsoup.select.ElementsTest): String must not be empty
[INFO] 122 test pass, generating assertion...
[INFO] Add observations points in passing tests.
[INFO] Instrumentation...
  0% | ]/  1% | ]-  2% |= ]\  3% |= ]|  4% |== ]/  4% |== ]-  5% |== ]\  6% |=== ]|  7% |=== ]/  8% |==== ]-  9% |==== ]\  9% |==== ]| 10% |===== ]/ 11% |===== ]- 12% |====== ]\ 13% |====== ]| 13% |====== ]/ 14% |======= ]- 15% |======= ]\ 16% |======== ]| 17% |======== ]/ 18% |========= ]- 18% |========= ]\ 19% |========= ]| 20% |========== ]/ 21% |========== ]- 22% |=========== ]\ 22% |=========== ]| 23% |=========== ]/ 24% |============ ]- 25% |============ ]\ 26% |============= ]| 27% |============= ]/ 27% |============= ]- 28% |============== ]\ 29% |============== ]| 30% |=============== ]/ 31% |=============== ]- 31% |=============== ]\ 32% |================ ]| 33% |================ ]/ 34% |================= ]- 35% |================= ]\ 36% |================== ]| 36% |================== ]/ 37% |================== ]- 38% |=================== ]\ 39% |=================== ]| 40% |==================== ]/ 40% |==================== ]- 41% |==================== ]\ 42% |===================== ]| 43% |===================== ]/ 44% |====================== ]- 45% |====================== ]\ 45% |====================== ]| 46% |======================= ]/ 47% |======================= ]- 48% |======================== ]\ 49% |======================== ]| 50% |========================= ]/ 50% |========================= ]- 51% |========================= ]\ 52% |========================== ]| 53% |========================== ]/ 54% |=========================== ]- 54% |=========================== ]\ 55% |=========================== ]| 56% |============================ ]/ 57% |============================ ]- 58% |============================= ]\ 59% |============================= ]| 59% |============================= ]/ 60% |============================== ]- 61% |============================== ]\ 62% |=============================== ]| 63% |=============================== ]/ 63% |=============================== ]- 64% |================================ ]\ 65% |================================ ]| 66% |================================= ]/ 67% |================================= ]- 68% |================================== ]\ 68% |================================== ]| 69% |================================== ]/ 70% |=================================== ]- 71% |=================================== ]\ 72% |==================================== ]| 72% |==================================== ]/ 73% |==================================== ]- 74% |===================================== ]\ 75% |===================================== ]| 76% |====================================== ]/ 77% |====================================== ]- 77% |====================================== ]\ 78% |======================================= ]| 79% |======================================= ]/ 80% |======================================== ]- 81% |======================================== ]\ 81% |======================================== ]| 82% |========================================= ]/ 83% |========================================= ]- 84% |========================================== ]\ 85% |========================================== ]| 86% |=========================================== ]/ 86% |=========================================== ]- 87% |=========================================== ]\ 88% |============================================ ]| 89% |============================================ ]/ 90% |============================================= ]- 90% |============================================= ]\ 91% |============================================= ]| 92% |============================================== ]/ 93% |============================================== ]- 94% |=============================================== ]\ 95% |=============================================== ]| 95% |=============================================== ]/ 96% |================================================ ]- 97% |================================================ ]\ 98% |================================================= ]| 99% |================================================= ]/100% |================================================== ]-
[INFO] Run instrumented tests. (366)
[INFO] Run: java -classpath /tmp/icst-2019/september-2018/dataset/jsoup_parent/target/test-classes:/tmp/icst-2019/september-2018/dataset/jsoup_parent/target/classes/:/home/spirals/danglot/.m2/repository/junit/junit/4.12/junit-4.12.jar:/home/spirals/danglot/.m2/repository/org/hamcrest/hamcrest-core/1.3/hamcrest-core-1.3.jar:/home/spirals/danglot/.m2/repository/com/google/code/gson/gson/2.7/gson-2.7.jar:/home/spirals/danglot/.m2/repository/org/eclipse/jetty/jetty-server/9.2.22.v20170606/jetty-server-9.2.22.v20170606.jar:/home/spirals/danglot/.m2/repository/javax/servlet/javax.servlet-api/3.1.0/javax.servlet-api-3.1.0.jar:/home/spirals/danglot/.m2/repository/org/eclipse/jetty/jetty-http/9.2.22.v20170606/jetty-http-9.2.22.v20170606.jar:/home/spirals/danglot/.m2/repository/org/eclipse/jetty/jetty-util/9.2.22.v20170606/jetty-util-9.2.22.v20170606.jar:/home/spirals/danglot/.m2/repository/org/eclipse/jetty/jetty-io/9.2.22.v20170606/jetty-io-9.2.22.v20170606.jar:/home/spirals/danglot/.m2/repository/org/eclipse/jetty/jetty-servlet/9.2.22.v20170606/jetty-servlet-9.2.22.v20170606.jar:/home/spirals/danglot/.m2/repository/org/eclipse/jetty/jetty-security/9.2.22.v20170606/jetty-security-9.2.22.v20170606.jar:/tmp/icst-2019/september-2018/dataset/jsoup_parent/target/dspot/dependencies/:/home/spirals/danglot/.m2/repository/eu/stamp-project/test-runner/1.1.0/test-runner-1.1.0-jar-with-dependencies.jar eu.stamp_project.testrunner.runner.test.TestRunner org.jsoup.select.ElementsTest siblings_mg302_withlog0:siblings_mg470_withlog0:siblings_mg428_withlog0:siblings_mg218_withlog0:siblings_mg386_withlog0:siblings_mg344_withlog0:siblings_mg260_withlog0:siblings_mg134_withlog0:siblings_mg176_withlog0:siblings_mg122_withlog0:siblings_mg456_withlog0:siblings_mg330_withlog0:siblings_mg414_withlog0:siblings_mg288_withlog0:siblings_mg347_withlog0:siblings_mg498_withlog0:siblingsnull510_withlog0:siblingsnull511_withlog0:siblingsnull512_withlog0:siblingsnull514_withlog0:siblingsnull513_withlog0:siblingsnull515_withlog0:siblings_mg473_withlog0:siblings_mg305_withlog0:siblings_mg479_withlog0:siblings_mg246_withlog0:siblings_mg437_withlog0:siblings_mg311_withlog0:siblings_mg269_withlog0:siblings_mg372_withlog0:siblings_mg204_withlog0:siblings_mg377_withlog0:siblings_mg353_withlog0:siblings_mg395_withlog0:siblings_mg389_withlog0:siblings_mg162_withlog0:siblings_mg431_withlog0:siblings_mg185_withlog0:siblings_mg179_withlog0:siblings_mg263_withlog0:siblings_mg427_withlog0:siblings_mg343_withlog0:siblings_mg503_withlog0:siblings_mg227_withlog0:siblingslitString41_withlog0:siblings_mg221_withlog0:siblings_mg301_withlog0:siblings_mg137_withlog0:siblings_mg499_withlog0:siblings_mg415_withlog0:siblings_mg247_withlog0:siblings_mg205_withlog0:siblings_mg289_withlog0:siblings_mg469_withlog0:siblings_mg457_withlog0:siblings_mg331_withlog0:siblings_mg373_withlog0:siblings_mg335_withlog0:siblings_mg293_withlog0:siblings_mg259_withlog0:siblings_mg209_withlog0:siblings_mg143_withlog0:siblings_mg461_withlog0:siblings_mg217_withlog0:siblings_mg385_withlog0:siblings_mg480_withlog0:siblings_mg214_withlog0:siblings_mg312_withlog0:siblings_mg228_withlog0:siblings_mg251_withlog0:siblings_mg419_withlog0:siblings_mg163_withlog0:siblings_mg424_withlog0:siblings_mg396_withlog0:siblings_mg298_withlog0:siblings_mg175_withlog0:siblings_mg340_withlog0:siblings_mg438_withlog0:siblings_mg382_withlog0:siblings_mg466_withlog0:siblings_mg270_withlog0:siblings_mg167_withlog0:siblings_mg354_withlog0:siblings_mg256_withlog0:siblings_mg172_withlog0:siblingslitString4_withlog0:siblings_mg186_withlog0:siblings_mg144_withlog0:siblings_mg133_withlog0:siblingslitString2_withlog0:siblingslitString42_withlog0:siblings_mg115_withlog0:siblings_mg291_withlog0:siblings_mg249_withlog0:siblings_mg417_withlog0:siblings_mg333_withlog0:siblings_mg130_withlog0:siblings_mg501_withlog0:siblings_mg375_withlog0:siblings_mg459_withlog0:siblings_mg324_withlog0:siblings_mg169_withlog0:siblings_mg207_withlog0:siblings_mg116_withlog0:siblings_mg165_withlog0:siblings_mg112_withlog0:siblings_mg303_withlog0:siblings_mg408_withlog0:siblings_mg145_withlog0:siblings_mg148_withlog0:siblings_mg211_withlog0:siblings_mg157_withlog0:siblings_mg149_withlog0:siblings_mg379_withlog0:siblings_mg166_withlog0:siblings_add90_withlog0:siblings_add67_withlog0:siblings_add68_withlog0:siblings_mg114_withlog0:siblings_mg421_withlog0:siblings_mg463_withlog0:siblings_mg253_withlog0:siblings_mg302_withlog1:siblings_mg470_withlog1:siblings_mg428_withlog1:siblings_mg218_withlog1:siblings_mg386_withlog1:siblings_mg344_withlog1:siblings_mg260_withlog1:siblings_mg134_withlog1:siblings_mg176_withlog1:siblings_mg122_withlog1:siblings_mg456_withlog1:siblings_mg330_withlog1:siblings_mg414_withlog1:siblings_mg288_withlog1:siblings_mg347_withlog1:siblings_mg498_withlog1:siblingsnull510_withlog1:siblingsnull511_withlog1:siblingsnull512_withlog1:siblingsnull514_withlog1:siblingsnull513_withlog1:siblingsnull515_withlog1:siblings_mg473_withlog1:siblings_mg305_withlog1:siblings_mg479_withlog1:siblings_mg246_withlog1:siblings_mg437_withlog1:siblings_mg311_withlog1:siblings_mg269_withlog1:siblings_mg372_withlog1:siblings_mg204_withlog1:siblings_mg377_withlog1:siblings_mg353_withlog1:siblings_mg395_withlog1:siblings_mg389_withlog1:siblings_mg162_withlog1:siblings_mg431_withlog1:siblings_mg185_withlog1:siblings_mg179_withlog1:siblings_mg263_withlog1:siblings_mg427_withlog1:siblings_mg343_withlog1:siblings_mg503_withlog1:siblings_mg227_withlog1:siblingslitString41_withlog1:siblings_mg221_withlog1:siblings_mg301_withlog1:siblings_mg137_withlog1:siblings_mg499_withlog1:siblings_mg415_withlog1:siblings_mg247_withlog1:siblings_mg205_withlog1:siblings_mg289_withlog1:siblings_mg469_withlog1:siblings_mg457_withlog1:siblings_mg331_withlog1:siblings_mg373_withlog1:siblings_mg335_withlog1:siblings_mg293_withlog1:siblings_mg259_withlog1:siblings_mg209_withlog1:siblings_mg143_withlog1:siblings_mg461_withlog1:siblings_mg217_withlog1:siblings_mg385_withlog1:siblings_mg480_withlog1:siblings_mg214_withlog1:siblings_mg312_withlog1:siblings_mg228_withlog1:siblings_mg251_withlog1:siblings_mg419_withlog1:siblings_mg163_withlog1:siblings_mg424_withlog1:siblings_mg396_withlog1:siblings_mg298_withlog1:siblings_mg175_withlog1:siblings_mg340_withlog1:siblings_mg438_withlog1:siblings_mg382_withlog1:siblings_mg466_withlog1:siblings_mg270_withlog1:siblings_mg167_withlog1:siblings_mg354_withlog1:siblings_mg256_withlog1:siblings_mg172_withlog1:siblingslitString4_withlog1:siblings_mg186_withlog1:siblings_mg144_withlog1:siblings_mg133_withlog1:siblingslitString2_withlog1:siblingslitString42_withlog1:siblings_mg115_withlog1:siblings_mg291_withlog1:siblings_mg249_withlog1:siblings_mg417_withlog1:siblings_mg333_withlog1:siblings_mg130_withlog1:siblings_mg501_withlog1:siblings_mg375_withlog1:siblings_mg459_withlog1:siblings_mg324_withlog1:siblings_mg169_withlog1:siblings_mg207_withlog1:siblings_mg116_withlog1:siblings_mg165_withlog1:siblings_mg112_withlog1:siblings_mg303_withlog1:siblings_mg408_withlog1:siblings_mg145_withlog1:siblings_mg148_withlog1:siblings_mg211_withlog1:siblings_mg157_withlog1:siblings_mg149_withlog1:siblings_mg379_withlog1:siblings_mg166_withlog1:siblings_add90_withlog1:siblings_add67_withlog1:siblings_add68_withlog1:siblings_mg114_withlog1:siblings_mg421_withlog1:siblings_mg463_withlog1:siblings_mg253_withlog1:siblings_mg302_withlog2:siblings_mg470_withlog2:siblings_mg428_withlog2:siblings_mg218_withlog2:siblings_mg386_withlog2:siblings_mg344_withlog2:siblings_mg260_withlog2:siblings_mg134_withlog2:siblings_mg176_withlog2:siblings_mg122_withlog2:siblings_mg456_withlog2:siblings_mg330_withlog2:siblings_mg414_withlog2:siblings_mg288_withlog2:siblings_mg347_withlog2:siblings_mg498_withlog2:siblingsnull510_withlog2:siblingsnull511_withlog2:siblingsnull512_withlog2:siblingsnull514_withlog2:siblingsnull513_withlog2:siblingsnull515_withlog2:siblings_mg473_withlog2:siblings_mg305_withlog2:siblings_mg479_withlog2:siblings_mg246_withlog2:siblings_mg437_withlog2:siblings_mg311_withlog2:siblings_mg269_withlog2:siblings_mg372_withlog2:siblings_mg204_withlog2:siblings_mg377_withlog2:siblings_mg353_withlog2:siblings_mg395_withlog2:siblings_mg389_withlog2:siblings_mg162_withlog2:siblings_mg431_withlog2:siblings_mg185_withlog2:siblings_mg179_withlog2:siblings_mg263_withlog2:siblings_mg427_withlog2:siblings_mg343_withlog2:siblings_mg503_withlog2:siblings_mg227_withlog2:siblingslitString41_withlog2:siblings_mg221_withlog2:siblings_mg301_withlog2:siblings_mg137_withlog2:siblings_mg499_withlog2:siblings_mg415_withlog2:siblings_mg247_withlog2:siblings_mg205_withlog2:siblings_mg289_withlog2:siblings_mg469_withlog2:siblings_mg457_withlog2:siblings_mg331_withlog2:siblings_mg373_withlog2:siblings_mg335_withlog2:siblings_mg293_withlog2:siblings_mg259_withlog2:siblings_mg209_withlog2:siblings_mg143_withlog2:siblings_mg461_withlog2:siblings_mg217_withlog2:siblings_mg385_withlog2:siblings_mg480_withlog2:siblings_mg214_withlog2:siblings_mg312_withlog2:siblings_mg228_withlog2:siblings_mg251_withlog2:siblings_mg419_withlog2:siblings_mg163_withlog2:siblings_mg424_withlog2:siblings_mg396_withlog2:siblings_mg298_withlog2:siblings_mg175_withlog2:siblings_mg340_withlog2:siblings_mg438_withlog2:siblings_mg382_withlog2:siblings_mg466_withlog2:siblings_mg270_withlog2:siblings_mg167_withlog2:siblings_mg354_withlog2:siblings_mg256_withlog2:siblings_mg172_withlog2:siblingslitString4_withlog2:siblings_mg186_withlog2:siblings_mg144_withlog2:siblings_mg133_withlog2:siblingslitString2_withlog2:siblingslitString42_withlog2:siblings_mg115_withlog2:siblings_mg291_withlog2:siblings_mg249_withlog2:siblings_mg417_withlog2:siblings_mg333_withlog2:siblings_mg130_withlog2:siblings_mg501_withlog2:siblings_mg375_withlog2:siblings_mg459_withlog2:siblings_mg324_withlog2:siblings_mg169_withlog2:siblings_mg207_withlog2:siblings_mg116_withlog2:siblings_mg165_withlog2:siblings_mg112_withlog2:siblings_mg303_withlog2:siblings_mg408_withlog2:siblings_mg145_withlog2:siblings_mg148_withlog2:siblings_mg211_withlog2:siblings_mg157_withlog2:siblings_mg149_withlog2:siblings_mg379_withlog2:siblings_mg166_withlog2:siblings_add90_withlog2:siblings_add67_withlog2:siblings_add68_withlog2:siblings_mg114_withlog2:siblings_mg421_withlog2:siblings_mg463_withlog2:siblings_mg253_withlog2
File saved to the following path: /tmp/icst-2019/september-2018/dataset/jsoup_parent/target/dspot/observations.ser
File saved to the following path: /tmp/icst-2019/september-2018/dataset/jsoup_parent/target/dspot/TestListener.ser
Loading /tmp/icst-2019/september-2018/dataset/jsoup_parent/target/dspot/TestListener.ser
[INFO] Test has been run: siblings_mg186_withlog0,siblings_mg186_withlog1,siblings_mg186_withlog2,siblings_mg263_withlog0,siblings_mg263_withlog1,siblings_mg263_withlog2,siblings_add90_withlog0,siblings_add90_withlog1,siblings_add90_withlog2,siblings_mg340_withlog0,siblings_mg340_withlog1,siblings_mg340_withlog2,siblingsnull515_withlog0,siblingsnull515_withlog1,siblingsnull515_withlog2,siblings_mg162_withlog0,siblings_mg162_withlog1,siblings_mg162_withlog2,siblings_mg114_withlog0,siblings_mg114_withlog1,siblings_mg114_withlog2,siblings_mg185_withlog0,siblings_mg185_withlog1,siblings_mg185_withlog2,siblings_mg137_withlog0,siblings_mg137_withlog1,siblings_mg137_withlog2,siblings_mg214_withlog0,siblings_mg214_withlog1,siblings_mg214_withlog2,siblings_mg386_withlog0,siblings_mg386_withlog1,siblings_mg386_withlog2,siblingsnull514_withlog0,siblingsnull514_withlog1,siblingsnull514_withlog2,siblings_mg463_withlog0,siblings_mg463_withlog1,siblings_mg463_withlog2,siblings_mg415_withlog0,siblings_mg415_withlog1,siblings_mg415_withlog2,siblings_mg438_withlog0,siblings_mg438_withlog1,siblings_mg438_withlog2,siblings_mg385_withlog0,siblings_mg385_withlog1,siblings_mg385_withlog2,siblingsnull513_withlog0,siblingsnull513_withlog1,siblingsnull513_withlog2,siblings_mg414_withlog0,siblings_mg414_withlog1,siblings_mg414_withlog2,siblingslitString4_withlog0,siblingslitString4_withlog1,siblingslitString4_withlog2,siblings_mg112_withlog0,siblings_mg112_withlog1,siblings_mg112_withlog2,siblings_mg437_withlog0,siblings_mg437_withlog1,siblings_mg437_withlog2,siblings_mg260_withlog0,siblings_mg260_withlog1,siblings_mg260_withlog2,siblings_mg259_withlog0,siblings_mg259_withlog1,siblings_mg259_withlog2,siblingsnull512_withlog0,siblingsnull512_withlog1,siblingsnull512_withlog2,siblings_mg461_withlog0,siblings_mg461_withlog1,siblings_mg461_withlog2,siblings_mg312_withlog0,siblings_mg312_withlog1,siblings_mg312_withlog2,siblings_mg134_withlog0,siblings_mg134_withlog1,siblings_mg134_withlog2,siblings_mg211_withlog0,siblings_mg211_withlog1,siblings_mg211_withlog2,siblingslitString42_withlog0,siblingslitString42_withlog1,siblingslitString42_withlog2,siblings_mg335_withlog0,siblings_mg335_withlog1,siblings_mg335_withlog2,siblingsnull511_withlog0,siblingsnull511_withlog1,siblingsnull511_withlog2,siblingslitString2_withlog0,siblingslitString2_withlog1,siblingslitString2_withlog2,siblings_mg459_withlog0,siblings_mg459_withlog1,siblings_mg459_withlog2,siblings_mg157_withlog0,siblings_mg157_withlog1,siblings_mg157_withlog2,siblings_mg311_withlog0,siblings_mg311_withlog1,siblings_mg311_withlog2,siblings_mg133_withlog0,siblings_mg133_withlog1,siblings_mg133_withlog2,siblingslitString41_withlog0,siblingslitString41_withlog1,siblingslitString41_withlog2,siblings_mg209_withlog0,siblings_mg209_withlog1,siblings_mg209_withlog2,siblings_mg382_withlog0,siblings_mg382_withlog1,siblings_mg382_withlog2,siblingsnull510_withlog0,siblingsnull510_withlog1,siblingsnull510_withlog2,siblings_mg179_withlog0,siblings_mg179_withlog1,siblings_mg179_withlog2,siblings_mg256_withlog0,siblings_mg256_withlog1,siblings_mg256_withlog2,siblings_mg333_withlog0,siblings_mg333_withlog1,siblings_mg333_withlog2,siblings_mg457_withlog0,siblings_mg457_withlog1,siblings_mg457_withlog2,siblings_mg207_withlog0,siblings_mg207_withlog1,siblings_mg207_withlog2,siblings_mg379_withlog0,siblings_mg379_withlog1,siblings_mg379_withlog2,siblings_mg456_withlog0,siblings_mg456_withlog1,siblings_mg456_withlog2,siblings_mg408_withlog0,siblings_mg408_withlog1,siblings_mg408_withlog2,siblings_mg480_withlog0,siblings_mg480_withlog1,siblings_mg480_withlog2,siblings_mg130_withlog0,siblings_mg130_withlog1,siblings_mg130_withlog2,siblings_mg479_withlog0,siblings_mg479_withlog1,siblings_mg479_withlog2,siblings_mg331_withlog0,siblings_mg331_withlog1,siblings_mg331_withlog2,siblings_mg354_withlog0,siblings_mg354_withlog1,siblings_mg354_withlog2,siblings_mg431_withlog0,siblings_mg431_withlog1,siblings_mg431_withlog2,siblings_mg176_withlog0,siblings_mg176_withlog1,siblings_mg176_withlog2,siblings_mg253_withlog0,siblings_mg253_withlog1,siblings_mg253_withlog2,siblings_mg205_withlog0,siblings_mg205_withlog1,siblings_mg205_withlog2,siblings_mg330_withlog0,siblings_mg330_withlog1,siblings_mg330_withlog2,siblings_mg377_withlog0,siblings_mg377_withlog1,siblings_mg377_withlog2,siblings_mg228_withlog0,siblings_mg228_withlog1,siblings_mg228_withlog2,siblings_mg353_withlog0,siblings_mg353_withlog1,siblings_mg353_withlog2,siblings_mg305_withlog0,siblings_mg305_withlog1,siblings_mg305_withlog2,siblings_mg175_withlog0,siblings_mg175_withlog1,siblings_mg175_withlog2,siblings_mg204_withlog0,siblings_mg204_withlog1,siblings_mg204_withlog2,siblings_mg227_withlog0,siblings_mg227_withlog1,siblings_mg227_withlog2,siblings_mg428_withlog0,siblings_mg428_withlog1,siblings_mg428_withlog2,siblings_mg251_withlog0,siblings_mg251_withlog1,siblings_mg251_withlog2,siblings_mg298_withlog0,siblings_mg298_withlog1,siblings_mg298_withlog2,siblings_mg375_withlog0,siblings_mg375_withlog1,siblings_mg375_withlog2,siblings_mg499_withlog0,siblings_mg499_withlog1,siblings_mg499_withlog2,siblings_mg149_withlog0,siblings_mg149_withlog1,siblings_mg149_withlog2,siblings_mg303_withlog0,siblings_mg303_withlog1,siblings_mg303_withlog2,siblings_mg427_withlog0,siblings_mg427_withlog1,siblings_mg427_withlog2,siblings_mg249_withlog0,siblings_mg249_withlog1,siblings_mg249_withlog2,siblings_mg498_withlog0,siblings_mg498_withlog1,siblings_mg498_withlog2,siblings_mg148_withlog0,siblings_mg148_withlog1,siblings_mg148_withlog2,siblings_mg302_withlog0,siblings_mg302_withlog1,siblings_mg302_withlog2,siblings_mg172_withlog0,siblings_mg172_withlog1,siblings_mg172_withlog2,siblings_mg503_withlog0,siblings_mg503_withlog1,siblings_mg503_withlog2,siblings_mg373_withlog0,siblings_mg373_withlog1,siblings_mg373_withlog2,siblings_mg301_withlog0,siblings_mg301_withlog1,siblings_mg301_withlog2,siblings_mg396_withlog0,siblings_mg396_withlog1,siblings_mg396_withlog2,siblings_mg473_withlog0,siblings_mg473_withlog1,siblings_mg473_withlog2,siblings_mg247_withlog0,siblings_mg247_withlog1,siblings_mg247_withlog2,siblings_mg372_withlog0,siblings_mg372_withlog1,siblings_mg372_withlog2,siblings_mg324_withlog0,siblings_mg324_withlog1,siblings_mg324_withlog2,siblings_mg395_withlog0,siblings_mg395_withlog1,siblings_mg395_withlog2,siblings_mg347_withlog0,siblings_mg347_withlog1,siblings_mg347_withlog2,siblings_mg424_withlog0,siblings_mg424_withlog1,siblings_mg424_withlog2,siblings_mg122_withlog0,siblings_mg122_withlog1,siblings_mg122_withlog2,siblings_mg501_withlog0,siblings_mg501_withlog1,siblings_mg501_withlog2,siblings_mg169_withlog0,siblings_mg169_withlog1,siblings_mg169_withlog2,siblings_mg246_withlog0,siblings_mg246_withlog1,siblings_mg246_withlog2,siblings_mg145_withlog0,siblings_mg145_withlog1,siblings_mg145_withlog2,siblings_mg270_withlog0,siblings_mg270_withlog1,siblings_mg270_withlog2,siblings_mg269_withlog0,siblings_mg269_withlog1,siblings_mg269_withlog2,siblings_mg293_withlog0,siblings_mg293_withlog1,siblings_mg293_withlog2,siblings_mg144_withlog0,siblings_mg144_withlog1,siblings_mg144_withlog2,siblings_mg221_withlog0,siblings_mg221_withlog1,siblings_mg221_withlog2,siblings_mg470_withlog0,siblings_mg470_withlog1,siblings_mg470_withlog2,siblings_mg469_withlog0,siblings_mg469_withlog1,siblings_mg469_withlog2,siblings_mg167_withlog0,siblings_mg167_withlog1,siblings_mg167_withlog2,siblings_mg143_withlog0,siblings_mg143_withlog1,siblings_mg143_withlog2,siblings_mg344_withlog0,siblings_mg344_withlog1,siblings_mg344_withlog2,siblings_mg421_withlog0,siblings_mg421_withlog1,siblings_mg421_withlog2,siblings_mg166_withlog0,siblings_mg166_withlog1,siblings_mg166_withlog2,siblings_mg291_withlog0,siblings_mg291_withlog1,siblings_mg291_withlog2,siblings_mg218_withlog0,siblings_mg218_withlog1,siblings_mg218_withlog2,siblings_mg343_withlog0,siblings_mg343_withlog1,siblings_mg343_withlog2,siblings_mg419_withlog0,siblings_mg419_withlog1,siblings_mg419_withlog2,siblings_mg165_withlog0,siblings_mg165_withlog1,siblings_mg165_withlog2,siblings_mg289_withlog0,siblings_mg289_withlog1,siblings_mg289_withlog2,siblings_add68_withlog0,siblings_add68_withlog1,siblings_add68_withlog2,siblings_mg217_withlog0,siblings_mg217_withlog1,siblings_mg217_withlog2,siblings_mg389_withlog0,siblings_mg389_withlog1,siblings_mg389_withlog2,siblings_mg466_withlog0,siblings_mg466_withlog1,siblings_mg466_withlog2,siblings_mg116_withlog0,siblings_mg116_withlog1,siblings_mg116_withlog2,siblings_mg288_withlog0,siblings_mg288_withlog1,siblings_mg288_withlog2,siblings_add67_withlog0,siblings_add67_withlog1,siblings_add67_withlog2,siblings_mg417_withlog0,siblings_mg417_withlog1,siblings_mg417_withlog2,siblings_mg163_withlog0,siblings_mg163_withlog1,siblings_mg163_withlog2,siblings_mg115_withlog0,siblings_mg115_withlog1,siblings_mg115_withlog2
[INFO] Generating assertions...
[INFO] 78 test fail, generating try/catch/fail blocks...
[INFO] 200 new tests with assertions generated
[INFO] Run: java -classpath /tmp/icst-2019/september-2018/dataset/jsoup_parent/target/test-classes:/tmp/icst-2019/september-2018/dataset/jsoup_parent/target/classes/:/home/spirals/danglot/.m2/repository/junit/junit/4.12/junit-4.12.jar:/home/spirals/danglot/.m2/repository/org/hamcrest/hamcrest-core/1.3/hamcrest-core-1.3.jar:/home/spirals/danglot/.m2/repository/com/google/code/gson/gson/2.7/gson-2.7.jar:/home/spirals/danglot/.m2/repository/org/eclipse/jetty/jetty-server/9.2.22.v20170606/jetty-server-9.2.22.v20170606.jar:/home/spirals/danglot/.m2/repository/javax/servlet/javax.servlet-api/3.1.0/javax.servlet-api-3.1.0.jar:/home/spirals/danglot/.m2/repository/org/eclipse/jetty/jetty-http/9.2.22.v20170606/jetty-http-9.2.22.v20170606.jar:/home/spirals/danglot/.m2/repository/org/eclipse/jetty/jetty-util/9.2.22.v20170606/jetty-util-9.2.22.v20170606.jar:/home/spirals/danglot/.m2/repository/org/eclipse/jetty/jetty-io/9.2.22.v20170606/jetty-io-9.2.22.v20170606.jar:/home/spirals/danglot/.m2/repository/org/eclipse/jetty/jetty-servlet/9.2.22.v20170606/jetty-servlet-9.2.22.v20170606.jar:/home/spirals/danglot/.m2/repository/org/eclipse/jetty/jetty-security/9.2.22.v20170606/jetty-security-9.2.22.v20170606.jar:/tmp/icst-2019/september-2018/dataset/jsoup_parent/target/dspot/dependencies/:/home/spirals/danglot/.m2/repository/eu/stamp-project/test-runner/1.1.0/test-runner-1.1.0-jar-with-dependencies.jar eu.stamp_project.testrunner.runner.test.TestRunner org.jsoup.select.ElementsTest siblings_mg302:siblings_mg470:siblings_mg428:siblings_mg218:siblings_mg386:siblings_mg344:siblings_mg260:siblings_mg134:siblings_mg176:siblings_mg122:siblings_mg456:siblings_mg330:siblings_mg414:siblings_mg288:siblings_mg347:siblings_mg498:siblingsnull510:siblingsnull511:siblingsnull512:siblingsnull514:siblingsnull513:siblingsnull515:siblings_mg473:siblings_mg305:siblings_mg479:siblings_mg246:siblings_mg437:siblings_mg311:siblings_mg269:siblings_mg372:siblings_mg204:siblings_mg377:siblings_mg353:siblings_mg395:siblings_mg389:siblings_mg162:siblings_mg431:siblings_mg185:siblings_mg179:siblings_mg263:siblings_mg427:siblings_mg343:siblings_mg503:siblings_mg227:siblingslitString41:siblings_mg221:siblings_mg301:siblings_mg137:siblings_mg499:siblings_mg415:siblings_mg247:siblings_mg205:siblings_mg289:siblings_mg469:siblings_mg457:siblings_mg331:siblings_mg373:siblings_mg335:siblings_mg293:siblings_mg259:siblings_mg209:siblings_mg143:siblings_mg461:siblings_mg217:siblings_mg385:siblings_mg480:siblings_mg214:siblings_mg312:siblings_mg228:siblings_mg251:siblings_mg419:siblings_mg163:siblings_mg424:siblings_mg396:siblings_mg298:siblings_mg175:siblings_mg340:siblings_mg438:siblings_mg382:siblings_mg466:siblings_mg270:siblings_mg167:siblings_mg354:siblings_mg256:siblings_mg172:siblingslitString4:siblings_mg186:siblings_mg144:siblings_mg133:siblingslitString2:siblingslitString42:siblings_mg115:siblings_mg291:siblings_mg249:siblings_mg417:siblings_mg333:siblings_mg130:siblings_mg501:siblings_mg375:siblings_mg459:siblings_mg324:siblings_mg169:siblings_mg207:siblings_mg116:siblings_mg165:siblings_mg112:siblings_mg303:siblings_mg408:siblings_mg145:siblings_mg148:siblings_mg211:siblings_mg157:siblings_mg149:siblings_mg379:siblings_mg166:siblings_add90:siblings_add67:siblings_add68:siblings_mg114:siblings_mg421:siblings_mg463:siblings_mg253:siblingsnull508_failAssert0:siblingslitString6_failAssert1:siblingslitString8_failAssert2:siblingslitString7_failAssert3:siblingslitString1_failAssert4:siblingslitString22_failAssert5:siblingslitString30_failAssert6:siblingslitString38_failAssert7:siblingslitString54_failAssert8:siblingslitString62_failAssert9:siblingslitString46_failAssert10:siblingslitString25_failAssert11:siblingslitString40_failAssert12:siblingslitString24_failAssert13:siblingslitString32_failAssert14:siblingslitString56_failAssert15:siblingslitString64_failAssert16:siblingslitString48_failAssert17:siblingslitString33_failAssert18:siblingslitString23_failAssert19:siblingslitString31_failAssert20:siblingslitString39_failAssert21:siblingslitString55_failAssert22:siblingslitString63_failAssert23:siblingslitString47_failAssert24:siblingslitString57_failAssert25:siblingsnull509_failAssert26:siblingslitString14_failAssert27:siblingslitString16_failAssert28:siblingslitString53_failAssert29:siblingslitString15_failAssert30:siblingslitString61_failAssert31:siblingslitString29_failAssert32:siblingslitString28_failAssert33:siblingslitString12_failAssert34:siblingslitString20_failAssert35:siblingslitString60_failAssert36:siblingslitString44_failAssert37:siblingslitString26_failAssert38:siblingslitString21_failAssert39:siblingslitString34_failAssert40:siblingslitString37_failAssert41:siblingslitString52_failAssert42:siblingslitString36_failAssert43:siblingslitString9_failAssert44:siblingslitString18_failAssert45:siblingslitString58_failAssert46:siblingslitString3_failAssert47:siblingslitString10_failAssert48:siblingslitString45_failAssert49:siblingslitString13_failAssert50:siblingslitString35_failAssert51:siblingslitString50_failAssert52:siblingslitString11_failAssert53:siblingslitString43_failAssert54:siblingslitString19_failAssert55:siblingslitString51_failAssert56:siblingslitString27_failAssert57:siblingslitString59_failAssert58:siblings_mg412_failAssert59:siblings_mg286_failAssert60:siblings_mg488_failAssert61:siblings_mg404_failAssert62:siblings_mg370_failAssert63:siblings_mg332_failAssert64:siblings_mg496_failAssert65:siblings_mg278_failAssert66:siblings_mg290_failAssert67:siblings_mg320_failAssert68:siblings_mg236_failAssert69:siblings_mg416_failAssert70:siblings_mg194_failAssert71:siblings_mg454_failAssert72:siblingslitString5_failAssert73:siblings_mg500_failAssert74:siblings_mg276_failAssert75:siblings_mg446_failAssert76:siblings_mg284_failAssert77
File saved to the following path: /tmp/icst-2019/september-2018/dataset/jsoup_parent/target/dspot/TestListener.ser
Loading /tmp/icst-2019/september-2018/dataset/jsoup_parent/target/dspot/TestListener.ser
[INFO] Test has been run: siblings_mg284_failAssert77,siblings_mg370_failAssert63,siblings_mg236_failAssert69,siblingslitString36_failAssert43,siblingslitString23_failAssert19,siblingslitString10_failAssert48,siblings_mg416_failAssert70,siblingslitString53_failAssert29,siblingslitString40_failAssert12,siblingslitString3_failAssert47,siblingslitString18_failAssert45,siblings_mg446_failAssert76,siblingslitString2,siblingslitString4,siblingslitString48_failAssert17,siblingslitString35_failAssert51,siblings_mg278_failAssert66,siblingslitString1_failAssert4,siblingslitString38_failAssert7,siblingslitString52_failAssert42,siblings_mg320_failAssert68,siblingslitString54_failAssert8,siblingslitString62_failAssert9,siblingslitString47_failAssert24,siblingslitString34_failAssert40,siblingslitString21_failAssert39,siblings_mg488_failAssert61,siblings_mg500_failAssert74,siblingslitString64_failAssert16,siblingslitString51_failAssert56,siblingslitString29_failAssert32,siblingslitString16_failAssert28,siblings_mg332_failAssert64,siblingslitString59_failAssert58,siblingslitString46_failAssert10,siblingslitString33_failAssert18,siblingslitString9_failAssert44,siblingslitString20_failAssert35,siblingsnull508_failAssert0,siblings_mg276_failAssert75,siblingslitString63_failAssert23,siblingslitString50_failAssert52,siblingslitString28_failAssert33,siblingslitString15_failAssert30,siblings_mg194_failAssert71,siblingslitString41,siblingslitString42,siblingslitString58_failAssert46,siblingslitString45_failAssert49,siblingslitString32_failAssert14,siblings_mg412_failAssert59,siblingslitString27_failAssert57,siblingslitString14_failAssert27,siblingslitString57_failAssert25,siblingslitString44_failAssert37,siblingslitString31_failAssert20,siblings_add67,siblings_add68,siblings_add90,siblings_mg112,siblings_mg114,siblings_mg115,siblings_mg116,siblings_mg122,siblings_mg130,siblings_mg133,siblings_mg134,siblings_mg137,siblings_mg143,siblings_mg144,siblings_mg145,siblings_mg148,siblings_mg149,siblings_mg157,siblings_mg162,siblings_mg163,siblings_mg165,siblings_mg166,siblings_mg167,siblings_mg169,siblings_mg172,siblings_mg175,siblings_mg176,siblings_mg179,siblings_mg185,siblings_mg186,siblings_mg204,siblings_mg205,siblings_mg207,siblings_mg209,siblings_mg211,siblings_mg214,siblings_mg217,siblings_mg218,siblings_mg221,siblings_mg227,siblings_mg228,siblings_mg246,siblings_mg247,siblings_mg249,siblings_mg251,siblings_mg253,siblings_mg256,siblings_mg259,siblings_mg260,siblings_mg263,siblings_mg269,siblings_mg270,siblings_mg288,siblings_mg289,siblings_mg291,siblings_mg293,siblings_mg298,siblings_mg301,siblings_mg302,siblings_mg303,siblings_mg305,siblings_mg311,siblings_mg312,siblings_mg324,siblings_mg330,siblings_mg331,siblings_mg333,siblings_mg335,siblings_mg340,siblings_mg343,siblings_mg344,siblings_mg347,siblings_mg353,siblings_mg354,siblings_mg372,siblings_mg373,siblings_mg375,siblings_mg377,siblings_mg379,siblings_mg382,siblings_mg385,siblings_mg386,siblings_mg389,siblings_mg395,siblings_mg396,siblings_mg408,siblings_mg414,siblings_mg415,siblings_mg417,siblings_mg419,siblings_mg421,siblings_mg424,siblings_mg427,siblings_mg428,siblings_mg431,siblings_mg437,siblings_mg438,siblings_mg456,siblings_mg457,siblings_mg459,siblings_mg461,siblings_mg463,siblings_mg466,siblings_mg469,siblings_mg470,siblings_mg473,siblings_mg479,siblings_mg480,siblings_mg498,siblings_mg499,siblings_mg501,siblings_mg503,siblingsnull509_failAssert26,siblingslitString61_failAssert31,siblingslitString39_failAssert21,siblingslitString26_failAssert38,siblingslitString13_failAssert50,siblings_mg454_failAssert72,siblingslitString8_failAssert2,siblingslitString22_failAssert5,siblingslitString56_failAssert15,siblingslitString43_failAssert54,siblingslitString30_failAssert6,siblings_mg286_failAssert60,siblingslitString7_failAssert3,siblingslitString60_failAssert36,siblingslitString25_failAssert11,siblingslitString12_failAssert34,siblings_mg290_failAssert67,siblingslitString6_failAssert1,siblingslitString55_failAssert22,siblingslitString5_failAssert73,siblings_mg496_failAssert65,siblingslitString37_failAssert41,siblingslitString24_failAssert13,siblingslitString11_failAssert53,siblingsnull510,siblingsnull511,siblingsnull512,siblingsnull513,siblingsnull514,siblingsnull515,siblings_mg404_failAssert62,siblingslitString19_failAssert55
[INFO] Assertion amplification: 200 test method(s) has been successfully amplified.
[WARN] 2018-09-27 12:20:35 Launcher - You specified the directory /tmp/icst-2019/september-2018/dataset/jsoup/target/classes in source classpath, please note that only class files will be considered. Jars and subdirectories will be ignored.
[WARN] 2018-09-27 12:20:35 Launcher - You specified the directory /tmp/icst-2019/september-2018/dataset/jsoup/target/test-classes in source classpath, please note that only class files will be considered. Jars and subdirectories will be ignored.
[WARN] 2018-09-27 12:20:35 Launcher - You specified the directory /tmp/icst-2019/september-2018/dataset/jsoup/target/dspot/dependencies in source classpath, please note that only class files will be considered. Jars and subdirectories will be ignored.
[INFO] Run: java -classpath /tmp/icst-2019/september-2018/dataset/jsoup/target/classes/:/tmp/icst-2019/september-2018/dataset/jsoup/target/test-classes/:/home/spirals/danglot/.m2/repository/junit/junit/4.12/junit-4.12.jar:/home/spirals/danglot/.m2/repository/org/hamcrest/hamcrest-core/1.3/hamcrest-core-1.3.jar:/home/spirals/danglot/.m2/repository/com/google/code/gson/gson/2.7/gson-2.7.jar:/home/spirals/danglot/.m2/repository/org/eclipse/jetty/jetty-server/9.2.22.v20170606/jetty-server-9.2.22.v20170606.jar:/home/spirals/danglot/.m2/repository/javax/servlet/javax.servlet-api/3.1.0/javax.servlet-api-3.1.0.jar:/home/spirals/danglot/.m2/repository/org/eclipse/jetty/jetty-http/9.2.22.v20170606/jetty-http-9.2.22.v20170606.jar:/home/spirals/danglot/.m2/repository/org/eclipse/jetty/jetty-util/9.2.22.v20170606/jetty-util-9.2.22.v20170606.jar:/home/spirals/danglot/.m2/repository/org/eclipse/jetty/jetty-io/9.2.22.v20170606/jetty-io-9.2.22.v20170606.jar:/home/spirals/danglot/.m2/repository/org/eclipse/jetty/jetty-servlet/9.2.22.v20170606/jetty-servlet-9.2.22.v20170606.jar:/home/spirals/danglot/.m2/repository/org/eclipse/jetty/jetty-security/9.2.22.v20170606/jetty-security-9.2.22.v20170606.jar:/tmp/icst-2019/september-2018/dataset/jsoup/target/dspot/dependencies/:/home/spirals/danglot/.m2/repository/eu/stamp-project/test-runner/1.1.0/test-runner-1.1.0-jar-with-dependencies.jar eu.stamp_project.testrunner.runner.test.TestRunner org.jsoup.select.ElementsTest siblings_mg302:siblings_mg470:siblings_mg428:siblings_mg218:siblings_mg386:siblings_mg344:siblings_mg260:siblings_mg134:siblings_mg176:siblings_mg122:siblings_mg456:siblings_mg330:siblings_mg414:siblings_mg288:siblings_mg347:siblings_mg498:siblingsnull510:siblingsnull511:siblingsnull512:siblingsnull514:siblingsnull513:siblingsnull515:siblings_mg473:siblings_mg305:siblings_mg479:siblings_mg246:siblings_mg437:siblings_mg311:siblings_mg269:siblings_mg372:siblings_mg204:siblings_mg377:siblings_mg353:siblings_mg395:siblings_mg389:siblings_mg162:siblings_mg431:siblings_mg185:siblings_mg179:siblings_mg263:siblings_mg427:siblings_mg343:siblings_mg503:siblings_mg227:siblingslitString41:siblings_mg221:siblings_mg301:siblings_mg137:siblings_mg499:siblings_mg415:siblings_mg247:siblings_mg205:siblings_mg289:siblings_mg469:siblings_mg457:siblings_mg331:siblings_mg373:siblings_mg335:siblings_mg293:siblings_mg259:siblings_mg209:siblings_mg143:siblings_mg461:siblings_mg217:siblings_mg385:siblings_mg480:siblings_mg214:siblings_mg312:siblings_mg228:siblings_mg251:siblings_mg419:siblings_mg163:siblings_mg424:siblings_mg396:siblings_mg298:siblings_mg175:siblings_mg340:siblings_mg438:siblings_mg382:siblings_mg466:siblings_mg270:siblings_mg167:siblings_mg354:siblings_mg256:siblings_mg172:siblingslitString4:siblings_mg186:siblings_mg144:siblings_mg133:siblingslitString2:siblingslitString42:siblings_mg115:siblings_mg291:siblings_mg249:siblings_mg417:siblings_mg333:siblings_mg130:siblings_mg501:siblings_mg375:siblings_mg459:siblings_mg324:siblings_mg169:siblings_mg207:siblings_mg116:siblings_mg165:siblings_mg112:siblings_mg303:siblings_mg408:siblings_mg145:siblings_mg148:siblings_mg211:siblings_mg157:siblings_mg149:siblings_mg379:siblings_mg166:siblings_add90:siblings_add67:siblings_add68:siblings_mg114:siblings_mg421:siblings_mg463:siblings_mg253:siblingsnull508_failAssert0:siblingslitString6_failAssert1:siblingslitString8_failAssert2:siblingslitString7_failAssert3:siblingslitString1_failAssert4:siblingslitString22_failAssert5:siblingslitString30_failAssert6:siblingslitString38_failAssert7:siblingslitString54_failAssert8:siblingslitString62_failAssert9:siblingslitString46_failAssert10:siblingslitString25_failAssert11:siblingslitString40_failAssert12:siblingslitString24_failAssert13:siblingslitString32_failAssert14:siblingslitString56_failAssert15:siblingslitString64_failAssert16:siblingslitString48_failAssert17:siblingslitString33_failAssert18:siblingslitString23_failAssert19:siblingslitString31_failAssert20:siblingslitString39_failAssert21:siblingslitString55_failAssert22:siblingslitString63_failAssert23:siblingslitString47_failAssert24:siblingslitString57_failAssert25:siblingsnull509_failAssert26:siblingslitString14_failAssert27:siblingslitString16_failAssert28:siblingslitString53_failAssert29:siblingslitString15_failAssert30:siblingslitString61_failAssert31:siblingslitString29_failAssert32:siblingslitString28_failAssert33:siblingslitString12_failAssert34:siblingslitString20_failAssert35:siblingslitString60_failAssert36:siblingslitString44_failAssert37:siblingslitString26_failAssert38:siblingslitString21_failAssert39:siblingslitString34_failAssert40:siblingslitString37_failAssert41:siblingslitString52_failAssert42:siblingslitString36_failAssert43:siblingslitString9_failAssert44:siblingslitString18_failAssert45:siblingslitString58_failAssert46:siblingslitString3_failAssert47:siblingslitString10_failAssert48:siblingslitString45_failAssert49:siblingslitString13_failAssert50:siblingslitString35_failAssert51:siblingslitString50_failAssert52:siblingslitString11_failAssert53:siblingslitString43_failAssert54:siblingslitString19_failAssert55:siblingslitString51_failAssert56:siblingslitString27_failAssert57:siblingslitString59_failAssert58:siblings_mg412_failAssert59:siblings_mg286_failAssert60:siblings_mg488_failAssert61:siblings_mg404_failAssert62:siblings_mg370_failAssert63:siblings_mg332_failAssert64:siblings_mg496_failAssert65:siblings_mg278_failAssert66:siblings_mg290_failAssert67:siblings_mg320_failAssert68:siblings_mg236_failAssert69:siblings_mg416_failAssert70:siblings_mg194_failAssert71:siblings_mg454_failAssert72:siblingslitString5_failAssert73:siblings_mg500_failAssert74:siblings_mg276_failAssert75:siblings_mg446_failAssert76:siblings_mg284_failAssert77
File saved to the following path: /tmp/icst-2019/september-2018/dataset/jsoup_parent/target/dspot/TestListener.ser
Loading /tmp/icst-2019/september-2018/dataset/jsoup_parent/target/dspot/TestListener.ser
[INFO] Test has been run: siblings_mg284_failAssert77,siblings_mg370_failAssert63,siblings_mg236_failAssert69,siblingslitString36_failAssert43,siblingslitString23_failAssert19,siblingslitString10_failAssert48,siblings_mg416_failAssert70,siblingslitString53_failAssert29,siblingslitString40_failAssert12,siblingslitString3_failAssert47,siblingslitString18_failAssert45,siblings_mg446_failAssert76,siblingslitString2,siblingslitString4,siblingslitString48_failAssert17,siblingslitString35_failAssert51,siblings_mg278_failAssert66,siblingslitString1_failAssert4,siblingslitString38_failAssert7,siblingslitString52_failAssert42,siblings_mg320_failAssert68,siblingslitString54_failAssert8,siblingslitString62_failAssert9,siblingslitString47_failAssert24,siblingslitString34_failAssert40,siblingslitString21_failAssert39,siblings_mg488_failAssert61,siblings_mg500_failAssert74,siblingslitString64_failAssert16,siblingslitString51_failAssert56,siblingslitString29_failAssert32,siblingslitString16_failAssert28,siblings_mg332_failAssert64,siblingslitString59_failAssert58,siblingslitString46_failAssert10,siblingslitString33_failAssert18,siblingslitString9_failAssert44,siblingslitString20_failAssert35,siblingsnull508_failAssert0,siblings_mg276_failAssert75,siblingslitString63_failAssert23,siblingslitString50_failAssert52,siblingslitString28_failAssert33,siblingslitString15_failAssert30,siblings_mg194_failAssert71,siblingslitString41,siblingslitString42,siblingslitString58_failAssert46,siblingslitString45_failAssert49,siblingslitString32_failAssert14,siblings_mg412_failAssert59,siblingslitString27_failAssert57,siblingslitString14_failAssert27,siblingslitString57_failAssert25,siblingslitString44_failAssert37,siblingslitString31_failAssert20,siblings_add67,siblings_add68,siblings_add90,siblings_mg112,siblings_mg114,siblings_mg115,siblings_mg116,siblings_mg122,siblings_mg130,siblings_mg133,siblings_mg134,siblings_mg137,siblings_mg143,siblings_mg144,siblings_mg145,siblings_mg148,siblings_mg149,siblings_mg157,siblings_mg162,siblings_mg163,siblings_mg165,siblings_mg166,siblings_mg167,siblings_mg169,siblings_mg172,siblings_mg175,siblings_mg176,siblings_mg179,siblings_mg185,siblings_mg186,siblings_mg204,siblings_mg205,siblings_mg207,siblings_mg209,siblings_mg211,siblings_mg214,siblings_mg217,siblings_mg218,siblings_mg221,siblings_mg227,siblings_mg228,siblings_mg246,siblings_mg247,siblings_mg249,siblings_mg251,siblings_mg253,siblings_mg256,siblings_mg259,siblings_mg260,siblings_mg263,siblings_mg269,siblings_mg270,siblings_mg288,siblings_mg289,siblings_mg291,siblings_mg293,siblings_mg298,siblings_mg301,siblings_mg302,siblings_mg303,siblings_mg305,siblings_mg311,siblings_mg312,siblings_mg324,siblings_mg330,siblings_mg331,siblings_mg333,siblings_mg335,siblings_mg340,siblings_mg343,siblings_mg344,siblings_mg347,siblings_mg353,siblings_mg354,siblings_mg372,siblings_mg373,siblings_mg375,siblings_mg377,siblings_mg379,siblings_mg382,siblings_mg385,siblings_mg386,siblings_mg389,siblings_mg395,siblings_mg396,siblings_mg408,siblings_mg414,siblings_mg415,siblings_mg417,siblings_mg419,siblings_mg421,siblings_mg424,siblings_mg427,siblings_mg428,siblings_mg431,siblings_mg437,siblings_mg438,siblings_mg456,siblings_mg457,siblings_mg459,siblings_mg461,siblings_mg463,siblings_mg466,siblings_mg469,siblings_mg470,siblings_mg473,siblings_mg479,siblings_mg480,siblings_mg498,siblings_mg499,siblings_mg501,siblings_mg503,siblingsnull509_failAssert26,siblingslitString61_failAssert31,siblingslitString39_failAssert21,siblingslitString26_failAssert38,siblingslitString13_failAssert50,siblings_mg454_failAssert72,siblingslitString8_failAssert2,siblingslitString22_failAssert5,siblingslitString56_failAssert15,siblingslitString43_failAssert54,siblingslitString30_failAssert6,siblings_mg286_failAssert60,siblingslitString7_failAssert3,siblingslitString60_failAssert36,siblingslitString25_failAssert11,siblingslitString12_failAssert34,siblings_mg290_failAssert67,siblingslitString6_failAssert1,siblingslitString55_failAssert22,siblingslitString5_failAssert73,siblings_mg496_failAssert65,siblingslitString37_failAssert41,siblingslitString24_failAssert13,siblingslitString11_failAssert53,siblingsnull510,siblingsnull511,siblingsnull512,siblingsnull513,siblingsnull514,siblingsnull515,siblings_mg404_failAssert62,siblingslitString19_failAssert55
[INFO] 0 amplified test methods has been selected to be kept.
[INFO] iteration 1 / 3
[INFO] 200 tests selected to be amplified over 200 available tests
[INFO] Amplification of inputs...
 63% |=============================== ]- 88% |============================================ ]| 31% |============================================ ]\ 13% |============================================ ]- 63% |============================================ ]\ 88% |============================================ ]/ 64% |============================================ ]| 13% |============================================ ]\ 89% |============================================ ]- 32% |============================================ ]| 64% |============================================ ]/ 89% |============================================ ]\ 65% |============================================ ]- 14% |============================================ ]| 90% |============================================= ]| 32% |============================================= ]/ 65% |============================================= ]\ 90% |============================================= ]/ 66% |============================================= ]| 33% |============================================= ]- 91% |============================================= ]- 14% |============================================= ]/ 66% |============================================= ]/ 91% |============================================= ]\ 67% |============================================= ]- 33% |============================================= ]\ 15% |============================================= ]- 92% |============================================== ]| 67% |============================================== ]\ 92% |============================================== ]/ 68% |============================================== ]| 34% |============================================== ]| 15% |============================================== ]\ 68% |============================================== ]/ 93% |============================================== ]- 69% |============================================== ]- 93% |============================================== ]\ 34% |============================================== ]/ 16% |============================================== ]| 69% |============================================== ]\ 94% |=============================================== ]| 70% |=============================================== ]| 35% |=============================================== ]- 94% |=============================================== ]/ 70% |=============================================== ]/ 16% |=============================================== ]/ 95% |=============================================== ]- 71% |=============================================== ]- 95% |=============================================== ]\ 35% |=============================================== ]\ 71% |=============================================== ]\ 17% |=============================================== ]- 72% |=============================================== ]| 96% |================================================ ]| 72% |================================================ ]/ 96% |================================================ ]/ 36% |================================================ ]| 17% |================================================ ]\ 73% |================================================ ]- 97% |================================================ ]- 73% |================================================ ]\ 97% |================================================ ]\ 36% |================================================ ]/ 18% |================================================ ]| 74% |================================================ ]| 98% |================================================= ]| 74% |================================================= ]/ 98% |================================================= ]/ 75% |================================================= ]- 37% |================================================= ]- 18% |================================================= ]/ 99% |================================================= ]- 56% |================================================= ]/ 99% |================================================= ]\ 37% |================================================= ]\ 19% |================================================= ]-100% |================================================== ]|
 57% |============================ ]- 81% |======================================== ]\ 19% |======================================== ]\ 25% |======================================== ]\ 82% |========================================= ]| 57% |========================================= ]\ 82% |========================================= ]/ 20% |========================================= ]| 26% |========================================= ]| 83% |========================================= ]- 58% |========================================= ]| 83% |========================================= ]\ 84% |========================================== ]| 20% |========================================== ]/ 26% |========================================== ]/ 58% |========================================== ]/  6% |========================================== ]/ 75% |========================================== ]\  0% |========================================== ]/ 44% |========================================== ]| 38% |========================================== ]| 50% |========================================== ]/[INFO] ------------------------------------------------------------------------
[INFO] BUILD FAILURE
[INFO] ------------------------------------------------------------------------
[INFO] Total time: 20:19 h
[INFO] Finished at: 2018-09-28T08:39:03+02:00
[INFO] ------------------------------------------------------------------------
[ERROR] OutOfMemoryError: Java heap space -> [Help 1]
java.lang.OutOfMemoryError
    at sun.reflect.NativeConstructorAccessorImpl.newInstance0 (Native Method)
    at sun.reflect.NativeConstructorAccessorImpl.newInstance (NativeConstructorAccessorImpl.java:62)
    at sun.reflect.DelegatingConstructorAccessorImpl.newInstance (DelegatingConstructorAccessorImpl.java:45)
    at java.lang.reflect.Constructor.newInstance (Constructor.java:423)
    at java.util.concurrent.ForkJoinTask.getThrowableException (ForkJoinTask.java:598)
    at java.util.concurrent.ForkJoinTask.reportException (ForkJoinTask.java:677)
    at java.util.concurrent.ForkJoinTask.invoke (ForkJoinTask.java:735)
    at java.util.stream.ReduceOps$ReduceOp.evaluateParallel (ReduceOps.java:714)
    at java.util.stream.AbstractPipeline.evaluate (AbstractPipeline.java:233)
    at java.util.stream.ReferencePipeline.collect (ReferencePipeline.java:499)
    at eu.stamp_project.dspot.budget.NoBudgetizer.inputAmplify (NoBudgetizer.java:55)
    at eu.stamp_project.dspot.Amplification.amplification (Amplification.java:134)
    at eu.stamp_project.dspot.Amplification.amplification (Amplification.java:97)
    at eu.stamp_project.dspot.DSpot.amplifyTest (DSpot.java:181)
    at eu.stamp_project.dspot.DSpot.amplifyTest (DSpot.java:171)
    at eu.stamp_project.Main.lambda$run$1 (Main.java:69)
    at java.util.stream.ReferencePipeline$3$1.accept (ReferencePipeline.java:193)
    at java.util.ArrayList$ArrayListSpliterator.forEachRemaining (ArrayList.java:1374)
    at java.util.stream.AbstractPipeline.copyInto (AbstractPipeline.java:481)
    at java.util.stream.AbstractPipeline.wrapAndCopyInto (AbstractPipeline.java:471)
    at java.util.stream.ReduceOps$ReduceOp.evaluateSequential (ReduceOps.java:708)
    at java.util.stream.AbstractPipeline.evaluate (AbstractPipeline.java:234)
    at java.util.stream.ReferencePipeline.collect (ReferencePipeline.java:499)
    at eu.stamp_project.Main.run (Main.java:71)
    at eu.stamp_project.DSpotMojo.execute (DSpotMojo.java:263)
    at org.apache.maven.plugin.DefaultBuildPluginManager.executeMojo (DefaultBuildPluginManager.java:137)
    at org.apache.maven.lifecycle.internal.MojoExecutor.execute (MojoExecutor.java:208)
    at org.apache.maven.lifecycle.internal.MojoExecutor.execute (MojoExecutor.java:154)
    at org.apache.maven.lifecycle.internal.MojoExecutor.execute (MojoExecutor.java:146)
    at org.apache.maven.lifecycle.internal.LifecycleModuleBuilder.buildProject (LifecycleModuleBuilder.java:117)
    at org.apache.maven.lifecycle.internal.LifecycleModuleBuilder.buildProject (LifecycleModuleBuilder.java:81)
    at org.apache.maven.lifecycle.internal.builder.singlethreaded.SingleThreadedBuilder.build (SingleThreadedBuilder.java:56)
    at org.apache.maven.lifecycle.internal.LifecycleStarter.execute (LifecycleStarter.java:128)
    at org.apache.maven.DefaultMaven.doExecute (DefaultMaven.java:305)
    at org.apache.maven.DefaultMaven.doExecute (DefaultMaven.java:192)
    at org.apache.maven.DefaultMaven.execute (DefaultMaven.java:105)
    at org.apache.maven.cli.MavenCli.execute (MavenCli.java:954)
    at org.apache.maven.cli.MavenCli.doMain (MavenCli.java:288)
    at org.apache.maven.cli.MavenCli.main (MavenCli.java:192)
    at sun.reflect.NativeMethodAccessorImpl.invoke0 (Native Method)
    at sun.reflect.NativeMethodAccessorImpl.invoke (NativeMethodAccessorImpl.java:62)
    at sun.reflect.DelegatingMethodAccessorImpl.invoke (DelegatingMethodAccessorImpl.java:43)
    at java.lang.reflect.Method.invoke (Method.java:498)
    at org.codehaus.plexus.classworlds.launcher.Launcher.launchEnhanced (Launcher.java:289)
    at org.codehaus.plexus.classworlds.launcher.Launcher.launch (Launcher.java:229)
    at org.codehaus.plexus.classworlds.launcher.Launcher.mainWithExitCode (Launcher.java:415)
    at org.codehaus.plexus.classworlds.launcher.Launcher.main (Launcher.java:356)
Caused by: java.lang.OutOfMemoryError: Java heap space
    at java.util.Collections$EmptyList.toArray (Collections.java:4445)
    at java.util.ArrayList.<init> (ArrayList.java:177)
    at spoon.reflect.visitor.CtScanner.scan (CtScanner.java:146)
    at spoon.reflect.visitor.CtScanner.visitCtInvocation (CtScanner.java:503)
    at spoon.support.reflect.code.CtInvocationImpl.accept (CtInvocationImpl.java:55)
    at spoon.reflect.visitor.CtScanner.scan (CtScanner.java:181)
    at spoon.reflect.visitor.CtScanner.scan (CtScanner.java:173)
    at spoon.reflect.visitor.CtScanner.visitCtLocalVariable (CtScanner.java:525)
    at spoon.support.reflect.code.CtLocalVariableImpl.accept (CtLocalVariableImpl.java:64)
    at spoon.reflect.visitor.CtScanner.scan (CtScanner.java:181)
    at spoon.support.visitor.equals.CloneHelper.tailor (CloneHelper.java:137)
    at spoon.support.visitor.clone.CloneVisitor.visitCtLocalVariable (CloneVisitor.java:457)
    at spoon.support.reflect.code.CtLocalVariableImpl.accept (CtLocalVariableImpl.java:64)
    at spoon.reflect.visitor.CtScanner.scan (CtScanner.java:181)
    at spoon.support.visitor.equals.CloneHelper.clone (CloneHelper.java:49)
    at spoon.support.visitor.equals.CloneHelper.addClone (CloneHelper.java:109)
    at spoon.support.visitor.equals.CloneHelper.clone (CloneHelper.java:73)
    at spoon.support.visitor.clone.CloneVisitor.visitCtBlock (CloneVisitor.java:162)
    at spoon.support.reflect.code.CtBlockImpl.accept (CtBlockImpl.java:67)
    at spoon.reflect.visitor.CtScanner.scan (CtScanner.java:181)
    at spoon.support.visitor.equals.CloneHelper.clone (CloneHelper.java:49)
    at spoon.support.visitor.clone.CloneVisitor.visitCtMethod (CloneVisitor.java:500)
    at spoon.support.reflect.declaration.CtMethodImpl.accept (CtMethodImpl.java:72)
    at spoon.reflect.visitor.CtScanner.scan (CtScanner.java:181)
    at spoon.support.visitor.equals.CloneHelper.clone (CloneHelper.java:49)
    at spoon.support.reflect.declaration.CtElementImpl.clone (CtElementImpl.java:582)
    at spoon.support.reflect.declaration.CtNamedElementImpl.clone (CtNamedElementImpl.java:61)
    at spoon.support.reflect.declaration.CtExecutableImpl.clone (CtExecutableImpl.java:196)
    at spoon.support.reflect.declaration.CtMethodImpl.clone (CtMethodImpl.java:219)
    at eu.stamp_project.utils.CloneHelper.cloneMethod (CloneHelper.java:124)
    at eu.stamp_project.utils.CloneHelper.cloneTestMethod (CloneHelper.java:149)
    at eu.stamp_project.utils.CloneHelper.cloneTestMethodForAmp (CloneHelper.java:107)
[ERROR] 
[ERROR] 
[ERROR] For more information about the errors and possible solutions, please read the following articles:
[ERROR] [Help 1] http://cwiki.apache.org/confluence/display/MAVEN/OutOfMemoryError
