[INFO] Scanning for projects...
[INFO] 
[INFO] ---------------------------< io.scif:scifio >---------------------------
[INFO] Building SCIFIO Core 0.31.2-SNAPSHOT
[INFO] --------------------------------[ jar ]---------------------------------
[INFO] 
[INFO] --- dspot-maven:1.1.1-SNAPSHOT:amplify-unit-tests (default-cli) @ scifio ---
Downloading from stamp-maven-repository-mvn-repo: https://stamp-project.github.io/stamp-maven-repository/eu/stamp-project/dspot/1.1.1-SNAPSHOT/maven-metadata.xml
Downloading from stamp-maven-repository-mvn-repo: https://stamp-project.github.io/stamp-maven-repository/fr/inria/gforge/spoon/spoon-core/7.1.0-SNAPSHOT/maven-metadata.xml
Downloading from stamp-maven-repository-mvn-repo: https://stamp-project.github.io/stamp-maven-repository/org/eclipse/platform/org.eclipse.core.resources/maven-metadata.xml
Downloading from stamp-maven-repository-mvn-repo: https://stamp-project.github.io/stamp-maven-repository/org/eclipse/platform/org.eclipse.core.expressions/maven-metadata.xml
Downloading from stamp-maven-repository-mvn-repo: https://stamp-project.github.io/stamp-maven-repository/org/eclipse/platform/org.eclipse.core.runtime/maven-metadata.xml
Downloading from stamp-maven-repository-mvn-repo: https://stamp-project.github.io/stamp-maven-repository/org/eclipse/platform/org.eclipse.osgi/maven-metadata.xml
Downloading from stamp-maven-repository-mvn-repo: https://stamp-project.github.io/stamp-maven-repository/org/eclipse/platform/org.eclipse.equinox.common/maven-metadata.xml
Downloading from stamp-maven-repository-mvn-repo: https://stamp-project.github.io/stamp-maven-repository/org/eclipse/platform/org.eclipse.core.jobs/maven-metadata.xml
Downloading from stamp-maven-repository-mvn-repo: https://stamp-project.github.io/stamp-maven-repository/org/eclipse/platform/org.eclipse.equinox.registry/maven-metadata.xml
Downloading from stamp-maven-repository-mvn-repo: https://stamp-project.github.io/stamp-maven-repository/org/eclipse/platform/org.eclipse.equinox.preferences/maven-metadata.xml
Downloading from stamp-maven-repository-mvn-repo: https://stamp-project.github.io/stamp-maven-repository/org/eclipse/platform/org.eclipse.core.contenttype/maven-metadata.xml
Downloading from stamp-maven-repository-mvn-repo: https://stamp-project.github.io/stamp-maven-repository/org/eclipse/platform/org.eclipse.equinox.app/maven-metadata.xml
Downloading from stamp-maven-repository-mvn-repo: https://stamp-project.github.io/stamp-maven-repository/org/eclipse/platform/org.eclipse.core.filesystem/maven-metadata.xml
Downloading from stamp-maven-repository-mvn-repo: https://stamp-project.github.io/stamp-maven-repository/org/eclipse/platform/org.eclipse.text/maven-metadata.xml
Downloading from stamp-maven-repository-mvn-repo: https://stamp-project.github.io/stamp-maven-repository/org/eclipse/platform/org.eclipse.core.commands/maven-metadata.xml
[INFO] Path to runner Classes: /home/spirals/danglot/.m2/repository/eu/stamp-project/test-runner/1.1.0/test-runner-1.1.0-jar-with-dependencies.jar
[INFO] /home/spirals/danglot/.m2/repository/org/jacoco/org.jacoco.core/0.7.9/org.jacoco.core-0.7.9.jar
[INFO] /home/spirals/danglot/.m2/repository/org/ow2/asm/asm-debug-all/5.2/asm-debug-all-5.2.jar
[INFO] /home/spirals/danglot/.m2/repository/eu/stamp-project/test-runner/1.1.0/test-runner-1.1.0-jar-with-dependencies.jar
[WARNING] automaticBuilderName: unknown automatic builder specified in configuration, going to default.
[INFO] Default: provided Maven automatic builder.
[INFO] run maven clean test -DskipTests dependency:build-classpath -Dmdep.outputFile=target/dspot/classpath
[WARN] Maven will be executed in interactive mode, but no input stream has been configured for this MavenInvoker instance.
[INFO] Scanning for projects...
[INFO] 
[INFO] ---------------------------< io.scif:scifio >---------------------------
[INFO] Building SCIFIO Core 0.31.2-SNAPSHOT
[INFO] --------------------------------[ jar ]---------------------------------
[INFO] 
[INFO] --- maven-clean-plugin:3.0.0:clean (default-clean) @ scifio ---
[INFO] Deleting /tmp/icst-2019/september-2018/dataset/scifio_parent/target
[INFO] 
[INFO] --- maven-enforcer-plugin:1.4.1:enforce (enforce-rules) @ scifio ---
[INFO] Skipping Rule Enforcement.
[INFO] 
[INFO] --- build-helper-maven-plugin:1.12:regex-property (sanitize-version) @ scifio ---
[INFO] 
[INFO] --- buildnumber-maven-plugin:1.4:create (default) @ scifio ---
[INFO] Executing: /bin/sh -c cd '/tmp/icst-2019/september-2018/dataset/scifio_parent' && 'git' 'rev-parse' '--verify' 'HEAD'
[INFO] Working directory: /tmp/icst-2019/september-2018/dataset/scifio_parent
[INFO] Storing buildNumber: af3e35698fcbbdbae61a779e72a705a63b5a783b at timestamp: 1537622101856
[INFO] Storing buildScmBranch: master
[INFO] 
[INFO] --- scijava-maven-plugin:1.0.0:set-rootdir (set-rootdir) @ scifio ---
[INFO] Setting rootdir: /tmp/icst-2019/september-2018/dataset/scifio_parent
[INFO] 
[INFO] --- maven-resources-plugin:3.0.1:resources (default-resources) @ scifio ---
[INFO] Using 'UTF-8' encoding to copy filtered resources.
[INFO] skip non existing resourceDirectory /tmp/icst-2019/september-2018/dataset/scifio_parent/src/main/resources
[INFO] 
[INFO] --- maven-compiler-plugin:3.5.1:compile (default-compile) @ scifio ---
[INFO] Compiling 290 source files to /tmp/icst-2019/september-2018/dataset/scifio_parent/target/classes
[INFO] /tmp/icst-2019/september-2018/dataset/scifio_parent/src/main/java/io/scif/formats/qt/QTJavaService.java: Some input files use or override a deprecated API.
[INFO] /tmp/icst-2019/september-2018/dataset/scifio_parent/src/main/java/io/scif/formats/qt/QTJavaService.java: Recompile with -Xlint:deprecation for details.
[INFO] /tmp/icst-2019/september-2018/dataset/scifio_parent/src/main/java/io/scif/img/cell/SCIFIOCellImgCleaningProvider.java: Some input files use unchecked or unsafe operations.
[INFO] /tmp/icst-2019/september-2018/dataset/scifio_parent/src/main/java/io/scif/img/cell/SCIFIOCellImgCleaningProvider.java: Recompile with -Xlint:unchecked for details.
[INFO] 
[INFO] --- maven-resources-plugin:3.0.1:testResources (default-testResources) @ scifio ---
[INFO] Using 'UTF-8' encoding to copy filtered resources.
[INFO] Copying 2 resources
[INFO] 
[INFO] --- maven-compiler-plugin:3.5.1:testCompile (default-testCompile) @ scifio ---
[INFO] Compiling 69 source files to /tmp/icst-2019/september-2018/dataset/scifio_parent/target/test-classes
[INFO] /tmp/icst-2019/september-2018/dataset/scifio_parent/src/test/java/io/scif/img/cell/SCIFIOCellImgTest.java: Some input files use or override a deprecated API.
[INFO] /tmp/icst-2019/september-2018/dataset/scifio_parent/src/test/java/io/scif/img/cell/SCIFIOCellImgTest.java: Recompile with -Xlint:deprecation for details.
[INFO] /tmp/icst-2019/september-2018/dataset/scifio_parent/src/test/java/io/scif/io/TestParameters.java: /tmp/icst-2019/september-2018/dataset/scifio_parent/src/test/java/io/scif/io/TestParameters.java uses unchecked or unsafe operations.
[INFO] /tmp/icst-2019/september-2018/dataset/scifio_parent/src/test/java/io/scif/io/TestParameters.java: Recompile with -Xlint:unchecked for details.
[INFO] 
[INFO] --- maven-surefire-plugin:2.19.1:test (default-test) @ scifio ---
[INFO] Tests are skipped.
[INFO] 
[INFO] --- maven-dependency-plugin:2.10:build-classpath (default-cli) @ scifio ---
[INFO] Wrote classpath file '/tmp/icst-2019/september-2018/dataset/scifio_parent/target/dspot/classpath'.
[INFO] ------------------------------------------------------------------------
[INFO] BUILD SUCCESS
[INFO] ------------------------------------------------------------------------
[INFO] Total time: 13.574 s
[INFO] Finished at: 2018-09-22T15:15:12+02:00
[INFO] ------------------------------------------------------------------------
[INFO] run maven clean test -DskipTests dependency:build-classpath -Dmdep.outputFile=target/dspot/classpath
[WARN] Maven will be executed in interactive mode, but no input stream has been configured for this MavenInvoker instance.
[INFO] Scanning for projects...
[INFO] 
[INFO] ---------------------------< io.scif:scifio >---------------------------
[INFO] Building SCIFIO Core 0.31.2-SNAPSHOT
[INFO] --------------------------------[ jar ]---------------------------------
[INFO] 
[INFO] --- maven-clean-plugin:3.0.0:clean (default-clean) @ scifio ---
[INFO] Deleting /tmp/icst-2019/september-2018/dataset/scifio/target
[INFO] 
[INFO] --- maven-enforcer-plugin:1.4.1:enforce (enforce-rules) @ scifio ---
[INFO] Skipping Rule Enforcement.
[INFO] 
[INFO] --- build-helper-maven-plugin:1.12:regex-property (sanitize-version) @ scifio ---
[INFO] 
[INFO] --- buildnumber-maven-plugin:1.4:create (default) @ scifio ---
[INFO] Executing: /bin/sh -c cd '/tmp/icst-2019/september-2018/dataset/scifio' && 'git' 'rev-parse' '--verify' 'HEAD'
[INFO] Working directory: /tmp/icst-2019/september-2018/dataset/scifio
[INFO] Storing buildNumber: 4b637ff9e6d4dc394ddc0cee3a7d9d4a7f035611 at timestamp: 1537622124202
[INFO] Storing buildScmBranch: master
[INFO] 
[INFO] --- scijava-maven-plugin:1.0.0:set-rootdir (set-rootdir) @ scifio ---
[INFO] Setting rootdir: /tmp/icst-2019/september-2018/dataset/scifio
[INFO] 
[INFO] --- maven-resources-plugin:3.0.1:resources (default-resources) @ scifio ---
[INFO] Using 'UTF-8' encoding to copy filtered resources.
[INFO] skip non existing resourceDirectory /tmp/icst-2019/september-2018/dataset/scifio/src/main/resources
[INFO] 
[INFO] --- maven-compiler-plugin:3.5.1:compile (default-compile) @ scifio ---
[INFO] Compiling 290 source files to /tmp/icst-2019/september-2018/dataset/scifio/target/classes
[INFO] /tmp/icst-2019/september-2018/dataset/scifio/src/main/java/io/scif/formats/qt/QTJavaService.java: Some input files use or override a deprecated API.
[INFO] /tmp/icst-2019/september-2018/dataset/scifio/src/main/java/io/scif/formats/qt/QTJavaService.java: Recompile with -Xlint:deprecation for details.
[INFO] /tmp/icst-2019/september-2018/dataset/scifio/src/main/java/io/scif/gui/ComboFileFilter.java: Some input files use unchecked or unsafe operations.
[INFO] /tmp/icst-2019/september-2018/dataset/scifio/src/main/java/io/scif/gui/ComboFileFilter.java: Recompile with -Xlint:unchecked for details.
[INFO] 
[INFO] --- maven-resources-plugin:3.0.1:testResources (default-testResources) @ scifio ---
[INFO] Using 'UTF-8' encoding to copy filtered resources.
[INFO] Copying 2 resources
[INFO] 
[INFO] --- maven-compiler-plugin:3.5.1:testCompile (default-testCompile) @ scifio ---
[INFO] Compiling 69 source files to /tmp/icst-2019/september-2018/dataset/scifio/target/test-classes
[INFO] /tmp/icst-2019/september-2018/dataset/scifio/src/test/java/io/scif/io/LocationTest.java: Some input files use or override a deprecated API.
[INFO] /tmp/icst-2019/september-2018/dataset/scifio/src/test/java/io/scif/io/LocationTest.java: Recompile with -Xlint:deprecation for details.
[INFO] /tmp/icst-2019/september-2018/dataset/scifio/src/test/java/io/scif/io/TestParameters.java: /tmp/icst-2019/september-2018/dataset/scifio/src/test/java/io/scif/io/TestParameters.java uses unchecked or unsafe operations.
[INFO] /tmp/icst-2019/september-2018/dataset/scifio/src/test/java/io/scif/io/TestParameters.java: Recompile with -Xlint:unchecked for details.
[INFO] 
[INFO] --- maven-surefire-plugin:2.19.1:test (default-test) @ scifio ---
[INFO] Tests are skipped.
[INFO] 
[INFO] --- maven-dependency-plugin:2.10:build-classpath (default-cli) @ scifio ---
[INFO] Wrote classpath file '/tmp/icst-2019/september-2018/dataset/scifio/target/dspot/classpath'.
[INFO] ------------------------------------------------------------------------
[INFO] BUILD SUCCESS
[INFO] ------------------------------------------------------------------------
[INFO] Total time: 13.199 s
[INFO] Finished at: 2018-09-22T15:15:34+02:00
[INFO] ------------------------------------------------------------------------
[INFO] Amplification of io.scif.formats.ScancoISQFormatTest (2 test(s))
[INFO] Assertion amplification of io.scif.formats.ScancoISQFormatTest (2 test(s))
[INFO] Run: java -classpath /tmp/icst-2019/september-2018/dataset/scifio_parent/target/test-classes:/tmp/icst-2019/september-2018/dataset/scifio_parent/target/classes/:/home/spirals/danglot/.m2/repository/io/scif/scifio-jai-imageio/1.1.0/scifio-jai-imageio-1.1.0.jar:/home/spirals/danglot/.m2/repository/net/imagej/imagej-common/0.24.2/imagej-common-0.24.2.jar:/home/spirals/danglot/.m2/repository/net/imglib2/imglib2-roi/0.4.4/imglib2-roi-0.4.4.jar:/home/spirals/danglot/.m2/repository/net/sf/trove4j/trove4j/3.0.3/trove4j-3.0.3.jar:/home/spirals/danglot/.m2/repository/edu/ucar/udunits/4.3.18/udunits-4.3.18.jar:/home/spirals/danglot/.m2/repository/net/imglib2/imglib2/3.2.1/imglib2-3.2.1.jar:/home/spirals/danglot/.m2/repository/org/scijava/scijava-common/2.62.0/scijava-common-2.62.0.jar:/home/spirals/danglot/.m2/repository/org/scijava/scijava-expression-parser/3.1.0/scijava-expression-parser-3.1.0.jar:/home/spirals/danglot/.m2/repository/com/googlecode/gentyref/gentyref/1.1.0/gentyref-1.1.0.jar:/home/spirals/danglot/.m2/repository/org/bushe/eventbus/1.4/eventbus-1.4.jar:/home/spirals/danglot/.m2/repository/org/mapdb/mapdb/1.0.3/mapdb-1.0.3.jar:/home/spirals/danglot/.m2/repository/junit/junit/4.12/junit-4.12.jar:/home/spirals/danglot/.m2/repository/org/hamcrest/hamcrest-core/1.3/hamcrest-core-1.3.jar:/tmp/icst-2019/september-2018/dataset/scifio_parent/target/dspot/dependencies/:/home/spirals/danglot/.m2/repository/eu/stamp-project/test-runner/1.1.0/test-runner-1.1.0-jar-with-dependencies.jar eu.stamp_project.testrunner.runner.test.TestRunner io.scif.formats.ScancoISQFormatTest testPopulateImageMetadata:testTypedParse
File saved to the following path: /tmp/icst-2019/september-2018/dataset/scifio_parent/target/dspot/TestListener.ser
[ECLIPSE HELPER] Indexing annotations...
Loading /tmp/icst-2019/september-2018/dataset/scifio_parent/target/dspot/TestListener.ser
[INFO] Test has been run: testPopulateImageMetadata,testTypedParse
[INFO] Run tests. (2)
[INFO] Run: java -classpath /tmp/icst-2019/september-2018/dataset/scifio_parent/target/test-classes:/tmp/icst-2019/september-2018/dataset/scifio_parent/target/classes/:/home/spirals/danglot/.m2/repository/io/scif/scifio-jai-imageio/1.1.0/scifio-jai-imageio-1.1.0.jar:/home/spirals/danglot/.m2/repository/net/imagej/imagej-common/0.24.2/imagej-common-0.24.2.jar:/home/spirals/danglot/.m2/repository/net/imglib2/imglib2-roi/0.4.4/imglib2-roi-0.4.4.jar:/home/spirals/danglot/.m2/repository/net/sf/trove4j/trove4j/3.0.3/trove4j-3.0.3.jar:/home/spirals/danglot/.m2/repository/edu/ucar/udunits/4.3.18/udunits-4.3.18.jar:/home/spirals/danglot/.m2/repository/net/imglib2/imglib2/3.2.1/imglib2-3.2.1.jar:/home/spirals/danglot/.m2/repository/org/scijava/scijava-common/2.62.0/scijava-common-2.62.0.jar:/home/spirals/danglot/.m2/repository/org/scijava/scijava-expression-parser/3.1.0/scijava-expression-parser-3.1.0.jar:/home/spirals/danglot/.m2/repository/com/googlecode/gentyref/gentyref/1.1.0/gentyref-1.1.0.jar:/home/spirals/danglot/.m2/repository/org/bushe/eventbus/1.4/eventbus-1.4.jar:/home/spirals/danglot/.m2/repository/org/mapdb/mapdb/1.0.3/mapdb-1.0.3.jar:/home/spirals/danglot/.m2/repository/junit/junit/4.12/junit-4.12.jar:/home/spirals/danglot/.m2/repository/org/hamcrest/hamcrest-core/1.3/hamcrest-core-1.3.jar:/tmp/icst-2019/september-2018/dataset/scifio_parent/target/dspot/dependencies/:/home/spirals/danglot/.m2/repository/eu/stamp-project/test-runner/1.1.0/test-runner-1.1.0-jar-with-dependencies.jar eu.stamp_project.testrunner.runner.test.TestRunner io.scif.formats.ScancoISQFormatTest testPopulateImageMetadata:testTypedParse
File saved to the following path: /tmp/icst-2019/september-2018/dataset/scifio_parent/target/dspot/TestListener.ser
Loading /tmp/icst-2019/september-2018/dataset/scifio_parent/target/dspot/TestListener.ser
[INFO] Test has been run: testPopulateImageMetadata,testTypedParse
[INFO] 2 test pass, generating assertion...
[INFO] Add observations points in passing tests.
[INFO] Instrumentation...
 50% |========================= ]/100% |================================================== ]-
[INFO] Run instrumented tests. (6)
[INFO] Run: java -classpath /tmp/icst-2019/september-2018/dataset/scifio_parent/target/test-classes:/tmp/icst-2019/september-2018/dataset/scifio_parent/target/classes/:/home/spirals/danglot/.m2/repository/io/scif/scifio-jai-imageio/1.1.0/scifio-jai-imageio-1.1.0.jar:/home/spirals/danglot/.m2/repository/net/imagej/imagej-common/0.24.2/imagej-common-0.24.2.jar:/home/spirals/danglot/.m2/repository/net/imglib2/imglib2-roi/0.4.4/imglib2-roi-0.4.4.jar:/home/spirals/danglot/.m2/repository/net/sf/trove4j/trove4j/3.0.3/trove4j-3.0.3.jar:/home/spirals/danglot/.m2/repository/edu/ucar/udunits/4.3.18/udunits-4.3.18.jar:/home/spirals/danglot/.m2/repository/net/imglib2/imglib2/3.2.1/imglib2-3.2.1.jar:/home/spirals/danglot/.m2/repository/org/scijava/scijava-common/2.62.0/scijava-common-2.62.0.jar:/home/spirals/danglot/.m2/repository/org/scijava/scijava-expression-parser/3.1.0/scijava-expression-parser-3.1.0.jar:/home/spirals/danglot/.m2/repository/com/googlecode/gentyref/gentyref/1.1.0/gentyref-1.1.0.jar:/home/spirals/danglot/.m2/repository/org/bushe/eventbus/1.4/eventbus-1.4.jar:/home/spirals/danglot/.m2/repository/org/mapdb/mapdb/1.0.3/mapdb-1.0.3.jar:/home/spirals/danglot/.m2/repository/junit/junit/4.12/junit-4.12.jar:/home/spirals/danglot/.m2/repository/org/hamcrest/hamcrest-core/1.3/hamcrest-core-1.3.jar:/tmp/icst-2019/september-2018/dataset/scifio_parent/target/dspot/dependencies/:/home/spirals/danglot/.m2/repository/eu/stamp-project/test-runner/1.1.0/test-runner-1.1.0-jar-with-dependencies.jar eu.stamp_project.testrunner.runner.test.TestRunner io.scif.formats.ScancoISQFormatTest testPopulateImageMetadata_withlog0:testTypedParse_withlog0:testPopulateImageMetadata_withlog1:testTypedParse_withlog1:testPopulateImageMetadata_withlog2:testTypedParse_withlog2
File saved to the following path: /tmp/icst-2019/september-2018/dataset/scifio_parent/target/dspot/observations.ser
File saved to the following path: /tmp/icst-2019/september-2018/dataset/scifio_parent/target/dspot/TestListener.ser
Loading /tmp/icst-2019/september-2018/dataset/scifio_parent/target/dspot/TestListener.ser
[INFO] Test has been run: testTypedParse_withlog0,testTypedParse_withlog1,testTypedParse_withlog2,testPopulateImageMetadata_withlog0,testPopulateImageMetadata_withlog1,testPopulateImageMetadata_withlog2
[INFO] Generating assertions...
[INFO] 2 new tests with assertions generated
[ERROR] Error(s) during compilation:
[ERROR] Pb(3) The type HeapByteBuffer is not visible
[ERROR] Pb(3) The type java.nio.HeapByteBuffer is not visible
[ERROR] Pb(3) The type HeapByteBuffer is not visible
[ERROR] Pb(3) The type java.nio.HeapByteBuffer is not visible
[ERROR] Pb(3) The type HeapByteBuffer is not visible
[ERROR] Pb(3) The type java.nio.HeapByteBuffer is not visible
[ERROR] Pb(3) The type HeapByteBuffer is not visible
[ERROR] Pb(3) The type java.nio.HeapByteBuffer is not visible
[ERROR] Pb(3) The type HeapByteBuffer is not visible
[ERROR] Pb(3) The type java.nio.HeapByteBuffer is not visible
[ERROR] Pb(3) The type HeapByteBuffer is not visible
[ERROR] Pb(3) The type java.nio.HeapByteBuffer is not visible
[ERROR] Pb(3) The type HeapByteBuffer is not visible
[ERROR] Pb(3) The type java.nio.HeapByteBuffer is not visible
[ERROR] Pb(3) The type HeapByteBuffer is not visible
[ERROR] Pb(3) The type java.nio.HeapByteBuffer is not visible
[ERROR] Pb(3) The type HeapByteBuffer is not visible
[ERROR] Pb(3) The type java.nio.HeapByteBuffer is not visible
[ERROR] Pb(3) The type HeapByteBuffer is not visible
[ERROR] Pb(3) The type java.nio.HeapByteBuffer is not visible
[INFO] Run: java -classpath /tmp/icst-2019/september-2018/dataset/scifio_parent/target/test-classes:/tmp/icst-2019/september-2018/dataset/scifio_parent/target/classes/:/home/spirals/danglot/.m2/repository/io/scif/scifio-jai-imageio/1.1.0/scifio-jai-imageio-1.1.0.jar:/home/spirals/danglot/.m2/repository/net/imagej/imagej-common/0.24.2/imagej-common-0.24.2.jar:/home/spirals/danglot/.m2/repository/net/imglib2/imglib2-roi/0.4.4/imglib2-roi-0.4.4.jar:/home/spirals/danglot/.m2/repository/net/sf/trove4j/trove4j/3.0.3/trove4j-3.0.3.jar:/home/spirals/danglot/.m2/repository/edu/ucar/udunits/4.3.18/udunits-4.3.18.jar:/home/spirals/danglot/.m2/repository/net/imglib2/imglib2/3.2.1/imglib2-3.2.1.jar:/home/spirals/danglot/.m2/repository/org/scijava/scijava-common/2.62.0/scijava-common-2.62.0.jar:/home/spirals/danglot/.m2/repository/org/scijava/scijava-expression-parser/3.1.0/scijava-expression-parser-3.1.0.jar:/home/spirals/danglot/.m2/repository/com/googlecode/gentyref/gentyref/1.1.0/gentyref-1.1.0.jar:/home/spirals/danglot/.m2/repository/org/bushe/eventbus/1.4/eventbus-1.4.jar:/home/spirals/danglot/.m2/repository/org/mapdb/mapdb/1.0.3/mapdb-1.0.3.jar:/home/spirals/danglot/.m2/repository/junit/junit/4.12/junit-4.12.jar:/home/spirals/danglot/.m2/repository/org/hamcrest/hamcrest-core/1.3/hamcrest-core-1.3.jar:/tmp/icst-2019/september-2018/dataset/scifio_parent/target/dspot/dependencies/:/home/spirals/danglot/.m2/repository/eu/stamp-project/test-runner/1.1.0/test-runner-1.1.0-jar-with-dependencies.jar eu.stamp_project.testrunner.runner.test.TestRunner io.scif.formats.ScancoISQFormatTest testPopulateImageMetadata
File saved to the following path: /tmp/icst-2019/september-2018/dataset/scifio_parent/target/dspot/TestListener.ser
Loading /tmp/icst-2019/september-2018/dataset/scifio_parent/target/dspot/TestListener.ser
[INFO] Test has been run: testPopulateImageMetadata
[INFO] Assertion amplification: 1 test method(s) has been successfully amplified.
[WARN] 2018-09-22 15:16:17 Launcher - You specified the directory /tmp/icst-2019/september-2018/dataset/scifio/target/classes in source classpath, please note that only class files will be considered. Jars and subdirectories will be ignored.
[WARN] 2018-09-22 15:16:17 Launcher - You specified the directory /tmp/icst-2019/september-2018/dataset/scifio/target/test-classes in source classpath, please note that only class files will be considered. Jars and subdirectories will be ignored.
[WARN] 2018-09-22 15:16:17 Launcher - You specified the directory /tmp/icst-2019/september-2018/dataset/scifio/target/dspot/dependencies in source classpath, please note that only class files will be considered. Jars and subdirectories will be ignored.
[INFO] Run: java -classpath /tmp/icst-2019/september-2018/dataset/scifio/target/classes/:/tmp/icst-2019/september-2018/dataset/scifio/target/test-classes/:/home/spirals/danglot/.m2/repository/io/scif/scifio-jai-imageio/1.1.0/scifio-jai-imageio-1.1.0.jar:/home/spirals/danglot/.m2/repository/net/imagej/imagej-common/0.24.2/imagej-common-0.24.2.jar:/home/spirals/danglot/.m2/repository/net/imglib2/imglib2-roi/0.4.4/imglib2-roi-0.4.4.jar:/home/spirals/danglot/.m2/repository/net/sf/trove4j/trove4j/3.0.3/trove4j-3.0.3.jar:/home/spirals/danglot/.m2/repository/edu/ucar/udunits/4.3.18/udunits-4.3.18.jar:/home/spirals/danglot/.m2/repository/net/imglib2/imglib2/3.2.1/imglib2-3.2.1.jar:/home/spirals/danglot/.m2/repository/org/scijava/scijava-common/2.62.0/scijava-common-2.62.0.jar:/home/spirals/danglot/.m2/repository/org/scijava/scijava-expression-parser/3.1.0/scijava-expression-parser-3.1.0.jar:/home/spirals/danglot/.m2/repository/com/googlecode/gentyref/gentyref/1.1.0/gentyref-1.1.0.jar:/home/spirals/danglot/.m2/repository/org/bushe/eventbus/1.4/eventbus-1.4.jar:/home/spirals/danglot/.m2/repository/org/mapdb/mapdb/1.0.3/mapdb-1.0.3.jar:/home/spirals/danglot/.m2/repository/junit/junit/4.12/junit-4.12.jar:/home/spirals/danglot/.m2/repository/org/hamcrest/hamcrest-core/1.3/hamcrest-core-1.3.jar:/tmp/icst-2019/september-2018/dataset/scifio/target/dspot/dependencies/:/home/spirals/danglot/.m2/repository/eu/stamp-project/test-runner/1.1.0/test-runner-1.1.0-jar-with-dependencies.jar eu.stamp_project.testrunner.runner.test.TestRunner io.scif.formats.ScancoISQFormatTest testPopulateImageMetadata
File saved to the following path: /tmp/icst-2019/september-2018/dataset/scifio_parent/target/dspot/TestListener.ser
[ECLIPSE HELPER] Indexing annotations...
Loading /tmp/icst-2019/september-2018/dataset/scifio_parent/target/dspot/TestListener.ser
[INFO] Test has been run: testPopulateImageMetadata(io.scif.formats.ScancoISQFormatTest): expected:<...-2018/dataset/scifio[_parent]/target/classes/> but was:<...-2018/dataset/scifio[]/target/classes/>
[INFO] 1 amplified test methods has been selected to be kept. (global: 1)
[INFO] elapsedTime 45681
======= REPORT =======
1 amplified test fails on the new versions.
testPopulateImageMetadata(io.scif.formats.ScancoISQFormatTest): expected:<...-2018/dataset/scifio[_parent]/target/classes/> but was:<...-2018/dataset/scifio[]/target/classes/>

[INFO] Print AmplScancoISQFormatTest with 1?amplified test cases in /tmp/icst-2019/september-2018/result/scifio/commit_19_4b637ff/assert_amplification
[INFO] Amplification succeed.
[INFO] Elapsed time 46053 ms
[INFO] ------------------------------------------------------------------------
[INFO] BUILD SUCCESS
[INFO] ------------------------------------------------------------------------
[INFO] Total time: 01:28 min
[INFO] Finished at: 2018-09-22T15:16:20+02:00
[INFO] ------------------------------------------------------------------------
