Apache Maven 3.5.4 (1edded0938998edf8bf061f1ceb3cfdeccf443fe; 2018-06-17T20:33:14+02:00)
Maven home: /home/spirals/danglot/apache-maven-3.5.4
Java version: 1.8.0_121, vendor: Oracle Corporation, runtime: /home/spirals/danglot/jdk1.8.0_121/jre
Default locale: en_US, platform encoding: ANSI_X3.4-1968
OS name: "linux", version: "3.16.0-4-amd64", arch: "amd64", family: "unix"
[DEBUG] Created new class realm maven.api
[DEBUG] Importing foreign packages into class realm maven.api
[DEBUG]   Imported: javax.annotation.* < plexus.core
[DEBUG]   Imported: javax.annotation.security.* < plexus.core
[DEBUG]   Imported: javax.enterprise.inject.* < plexus.core
[DEBUG]   Imported: javax.enterprise.util.* < plexus.core
[DEBUG]   Imported: javax.inject.* < plexus.core
[DEBUG]   Imported: org.apache.maven.* < plexus.core
[DEBUG]   Imported: org.apache.maven.artifact < plexus.core
[DEBUG]   Imported: org.apache.maven.classrealm < plexus.core
[DEBUG]   Imported: org.apache.maven.cli < plexus.core
[DEBUG]   Imported: org.apache.maven.configuration < plexus.core
[DEBUG]   Imported: org.apache.maven.exception < plexus.core
[DEBUG]   Imported: org.apache.maven.execution < plexus.core
[DEBUG]   Imported: org.apache.maven.execution.scope < plexus.core
[DEBUG]   Imported: org.apache.maven.lifecycle < plexus.core
[DEBUG]   Imported: org.apache.maven.model < plexus.core
[DEBUG]   Imported: org.apache.maven.monitor < plexus.core
[DEBUG]   Imported: org.apache.maven.plugin < plexus.core
[DEBUG]   Imported: org.apache.maven.profiles < plexus.core
[DEBUG]   Imported: org.apache.maven.project < plexus.core
[DEBUG]   Imported: org.apache.maven.reporting < plexus.core
[DEBUG]   Imported: org.apache.maven.repository < plexus.core
[DEBUG]   Imported: org.apache.maven.rtinfo < plexus.core
[DEBUG]   Imported: org.apache.maven.settings < plexus.core
[DEBUG]   Imported: org.apache.maven.toolchain < plexus.core
[DEBUG]   Imported: org.apache.maven.usability < plexus.core
[DEBUG]   Imported: org.apache.maven.wagon.* < plexus.core
[DEBUG]   Imported: org.apache.maven.wagon.authentication < plexus.core
[DEBUG]   Imported: org.apache.maven.wagon.authorization < plexus.core
[DEBUG]   Imported: org.apache.maven.wagon.events < plexus.core
[DEBUG]   Imported: org.apache.maven.wagon.observers < plexus.core
[DEBUG]   Imported: org.apache.maven.wagon.proxy < plexus.core
[DEBUG]   Imported: org.apache.maven.wagon.repository < plexus.core
[DEBUG]   Imported: org.apache.maven.wagon.resource < plexus.core
[DEBUG]   Imported: org.codehaus.classworlds < plexus.core
[DEBUG]   Imported: org.codehaus.plexus.* < plexus.core
[DEBUG]   Imported: org.codehaus.plexus.classworlds < plexus.core
[DEBUG]   Imported: org.codehaus.plexus.component < plexus.core
[DEBUG]   Imported: org.codehaus.plexus.configuration < plexus.core
[DEBUG]   Imported: org.codehaus.plexus.container < plexus.core
[DEBUG]   Imported: org.codehaus.plexus.context < plexus.core
[DEBUG]   Imported: org.codehaus.plexus.lifecycle < plexus.core
[DEBUG]   Imported: org.codehaus.plexus.logging < plexus.core
[DEBUG]   Imported: org.codehaus.plexus.personality < plexus.core
[DEBUG]   Imported: org.codehaus.plexus.util.xml.Xpp3Dom < plexus.core
[DEBUG]   Imported: org.codehaus.plexus.util.xml.pull.XmlPullParser < plexus.core
[DEBUG]   Imported: org.codehaus.plexus.util.xml.pull.XmlPullParserException < plexus.core
[DEBUG]   Imported: org.codehaus.plexus.util.xml.pull.XmlSerializer < plexus.core
[DEBUG]   Imported: org.eclipse.aether.* < plexus.core
[DEBUG]   Imported: org.eclipse.aether.artifact < plexus.core
[DEBUG]   Imported: org.eclipse.aether.collection < plexus.core
[DEBUG]   Imported: org.eclipse.aether.deployment < plexus.core
[DEBUG]   Imported: org.eclipse.aether.graph < plexus.core
[DEBUG]   Imported: org.eclipse.aether.impl < plexus.core
[DEBUG]   Imported: org.eclipse.aether.installation < plexus.core
[DEBUG]   Imported: org.eclipse.aether.internal.impl < plexus.core
[DEBUG]   Imported: org.eclipse.aether.metadata < plexus.core
[DEBUG]   Imported: org.eclipse.aether.repository < plexus.core
[DEBUG]   Imported: org.eclipse.aether.resolution < plexus.core
[DEBUG]   Imported: org.eclipse.aether.spi < plexus.core
[DEBUG]   Imported: org.eclipse.aether.transfer < plexus.core
[DEBUG]   Imported: org.eclipse.aether.version < plexus.core
[DEBUG]   Imported: org.fusesource.jansi.* < plexus.core
[DEBUG]   Imported: org.slf4j.* < plexus.core
[DEBUG]   Imported: org.slf4j.helpers.* < plexus.core
[DEBUG]   Imported: org.slf4j.spi.* < plexus.core
[DEBUG] Populating class realm maven.api
[INFO] Error stacktraces are turned on.
[DEBUG] Message scheme: color
[DEBUG] Message styles: debug info warning error success failure strong mojo project
[DEBUG] Reading global settings from /home/spirals/danglot/apache-maven-3.5.4/conf/settings.xml
[DEBUG] Reading user settings from /home/spirals/danglot/.m2/settings.xml
[DEBUG] Reading global toolchains from /home/spirals/danglot/apache-maven-3.5.4/conf/toolchains.xml
[DEBUG] Reading user toolchains from /home/spirals/danglot/.m2/toolchains.xml
[DEBUG] Using local repository at /home/spirals/danglot/.m2/repository
[DEBUG] Using manager EnhancedLocalRepositoryManager with priority 10.0 for /home/spirals/danglot/.m2/repository
[INFO] Scanning for projects...
[DEBUG] Extension realms for project org.jsoup:jsoup:jar:1.11.3-SNAPSHOT: (none)
[DEBUG] Looking up lifecycle mappings for packaging jar from ClassRealm[plexus.core, parent: null]
[DEBUG] === REACTOR BUILD PLAN ================================================
[DEBUG] Project: org.jsoup:jsoup:jar:1.11.3-SNAPSHOT
[DEBUG] Tasks:   [eu.stamp-project:dspot-maven:1.1.1-SNAPSHOT:amplify-unit-tests]
[DEBUG] Style:   Regular
[DEBUG] =======================================================================
[INFO] 
[INFO] --------------------------< org.jsoup:jsoup >---------------------------
[INFO] Building jsoup Java HTML Parser 1.11.3-SNAPSHOT
[INFO] --------------------------------[ jar ]---------------------------------
[DEBUG] Lifecycle default -> [validate, initialize, generate-sources, process-sources, generate-resources, process-resources, compile, process-classes, generate-test-sources, process-test-sources, generate-test-resources, process-test-resources, test-compile, process-test-classes, test, prepare-package, package, pre-integration-test, integration-test, post-integration-test, verify, install, deploy]
[DEBUG] Lifecycle clean -> [pre-clean, clean, post-clean]
[DEBUG] Lifecycle site -> [pre-site, site, post-site, site-deploy]
[DEBUG] === PROJECT BUILD PLAN ================================================
[DEBUG] Project:       org.jsoup:jsoup:1.11.3-SNAPSHOT
[DEBUG] Dependencies (collect): []
[DEBUG] Dependencies (resolve): [test]
[DEBUG] Repositories (dependencies): [central (https://repo.maven.apache.org/maven2, default, releases)]
[DEBUG] Repositories (plugins)     : [central (https://repo.maven.apache.org/maven2, default, releases)]
[DEBUG] -----------------------------------------------------------------------
[DEBUG] Goal:          eu.stamp-project:dspot-maven:1.1.1-SNAPSHOT:amplify-unit-tests (default-cli)
[DEBUG] Style:         Regular
[DEBUG] Configuration: <?xml version="1.0" encoding="UTF-8"?>
<configuration>
  <amplifiers default-value="None">${amplifiers}</amplifiers>
  <automaticBuilder default-value="MavenBuilder">${automatic-builder}</automaticBuilder>
  <budgetizer default-value="NoBudgetizer">${budgetizer}</budgetizer>
  <cases>${cases}</cases>
  <clean default-value="false">${clean}</clean>
  <descartes default-value="false">${descartes}</descartes>
  <example default-value="false">${example}</example>
  <generateNewTestClass default-value="false">${generate-new-test-class}</generateNewTestClass>
  <help default-value="false">${help}</help>
  <iteration default-value="3">${iteration}</iteration>
  <mavenHome>${maven-home}</mavenHome>
  <maxTestAmplified default-value="200">${max-test-amplified}</maxTestAmplified>
  <noMinimize default-value="false">${no-minimize}</noMinimize>
  <outputPath default-value="target/dspot/output">${output-path}</outputPath>
  <pathPitResult>${path-pit-result}</pathPitResult>
  <pathToProperties default-value="">${path-to-properties}</pathToProperties>
  <pathToSecondVersion default-value="">${path-to-second-version}</pathToSecondVersion>
  <pathToTestListCsv default-value="">${path-to-test-list-csv}</pathToTestListCsv>
  <project default-value="${project}"/>
  <randomSeed default-value="23">${randomSeed}</randomSeed>
  <test default-value="all">${test}</test>
  <testCriterion default-value="PitMutantScoreSelector">${test-criterion}</testCriterion>
  <timeOut default-value="10000">${timeOut}</timeOut>
  <useMavenToExeTest default-value="false">${use-maven-to-exe-test}</useMavenToExeTest>
  <verbose default-value="false">${verbose}</verbose>
  <withComment default-value="false">${with-comment}</withComment>
  <workingDirectory default-value="false">${working-directory}</workingDirectory>
</configuration>
[DEBUG] =======================================================================
[DEBUG] Dependency collection stats: {ConflictMarker.analyzeTime=1122995, ConflictMarker.markTime=686887, ConflictMarker.nodeCount=13, ConflictIdSorter.graphTime=657244, ConflictIdSorter.topsortTime=602617, ConflictIdSorter.conflictIdCount=10, ConflictIdSorter.conflictIdCycleCount=0, ConflictResolver.totalTime=5710514, ConflictResolver.conflictItemCount=12, DefaultDependencyCollector.collectTime=201630403, DefaultDependencyCollector.transformTime=11821653}
[DEBUG] org.jsoup:jsoup:jar:1.11.3-SNAPSHOT
[DEBUG]    junit:junit:jar:4.12:test
[DEBUG]       org.hamcrest:hamcrest-core:jar:1.3:test
[DEBUG]    com.google.code.gson:gson:jar:2.7:test
[DEBUG]    org.eclipse.jetty:jetty-server:jar:9.2.22.v20170606:test
[DEBUG]       javax.servlet:javax.servlet-api:jar:3.1.0:test
[DEBUG]       org.eclipse.jetty:jetty-http:jar:9.2.22.v20170606:test
[DEBUG]          org.eclipse.jetty:jetty-util:jar:9.2.22.v20170606:test
[DEBUG]       org.eclipse.jetty:jetty-io:jar:9.2.22.v20170606:test
[DEBUG]    org.eclipse.jetty:jetty-servlet:jar:9.2.22.v20170606:test
[DEBUG]       org.eclipse.jetty:jetty-security:jar:9.2.22.v20170606:test
[INFO] 
[INFO] --- dspot-maven:1.1.1-SNAPSHOT:amplify-unit-tests (default-cli) @ jsoup ---
[DEBUG] Failure to find eu.stamp-project:dspot:1.1.1-SNAPSHOT/maven-metadata.xml in https://repo.gradle.org/gradle/libs-releases-local/ was cached in the local repository, resolution will not be reattempted until the update interval of gradle-repo has elapsed or updates are forced
[DEBUG] Skipped remote request for eu.stamp-project:dspot:1.1.1-SNAPSHOT/maven-metadata.xml, locally cached metadata up-to-date.
[DEBUG] Using transporter WagonTransporter with priority -1.0 for https://stamp-project.github.io/stamp-maven-repository/
[DEBUG] Using connector BasicRepositoryConnector with priority 0.0 for https://stamp-project.github.io/stamp-maven-repository/
Downloading from stamp-maven-repository-mvn-repo: https://stamp-project.github.io/stamp-maven-repository/eu/stamp-project/dspot/1.1.1-SNAPSHOT/maven-metadata.xml
[DEBUG] Writing tracking file /home/spirals/danglot/.m2/repository/eu/stamp-project/dspot/1.1.1-SNAPSHOT/resolver-status.properties
[DEBUG] Could not find metadata eu.stamp-project:dspot:1.1.1-SNAPSHOT/maven-metadata.xml in stamp-maven-repository-mvn-repo (https://stamp-project.github.io/stamp-maven-repository/)
[DEBUG] Skipped remote request for eu.stamp-project:dspot:1.1.1-SNAPSHOT/maven-metadata.xml, already updated during this session.
[DEBUG] Failure to find eu.stamp-project:dspot:1.1.1-SNAPSHOT/maven-metadata.xml in https://stamp-project.github.io/stamp-maven-repository/ was cached in the local repository, resolution will not be reattempted until the update interval of stamp-maven-repository-mvn-repo has elapsed or updates are forced
[DEBUG] Failure to find eu.stamp-project:dspot:1.1.1-SNAPSHOT/maven-metadata.xml in https://repo.gradle.org/gradle/libs-releases-local/ was cached in the local repository, resolution will not be reattempted until the update interval of gradle-repo has elapsed or updates are forced
[DEBUG] Skipped remote request for eu.stamp-project:dspot:1.1.1-SNAPSHOT/maven-metadata.xml, locally cached metadata up-to-date.
[DEBUG] Could not find metadata fr.inria.gforge.spoon:spoon-core:7.1.0-SNAPSHOT/maven-metadata.xml in local (/home/spirals/danglot/.m2/repository)
[DEBUG] Failure to find fr.inria.gforge.spoon:spoon-core:7.1.0-SNAPSHOT/maven-metadata.xml in https://repo.gradle.org/gradle/libs-releases-local/ was cached in the local repository, resolution will not be reattempted until the update interval of gradle-repo has elapsed or updates are forced
[DEBUG] Failure to find fr.inria.gforge.spoon:spoon-core:7.1.0-SNAPSHOT/maven-metadata.xml in https://oss.sonatype.org/content/repositories/snapshots was cached in the local repository, resolution will not be reattempted until the update interval of sonatype-nexus-snapshots has elapsed or updates are forced
[DEBUG] Skipped remote request for fr.inria.gforge.spoon:spoon-core:7.1.0-SNAPSHOT/maven-metadata.xml, locally cached metadata up-to-date.
[DEBUG] Using transporter WagonTransporter with priority -1.0 for https://stamp-project.github.io/stamp-maven-repository/
[DEBUG] Using connector BasicRepositoryConnector with priority 0.0 for https://stamp-project.github.io/stamp-maven-repository/
Downloading from stamp-maven-repository-mvn-repo: https://stamp-project.github.io/stamp-maven-repository/fr/inria/gforge/spoon/spoon-core/7.1.0-SNAPSHOT/maven-metadata.xml
[DEBUG] Writing tracking file /home/spirals/danglot/.m2/repository/fr/inria/gforge/spoon/spoon-core/7.1.0-SNAPSHOT/resolver-status.properties
[DEBUG] Could not find metadata fr.inria.gforge.spoon:spoon-core:7.1.0-SNAPSHOT/maven-metadata.xml in stamp-maven-repository-mvn-repo (https://stamp-project.github.io/stamp-maven-repository/)
[DEBUG] Could not find metadata fr.inria.gforge.spoon:spoon-core:7.1.0-SNAPSHOT/maven-metadata.xml in local (/home/spirals/danglot/.m2/repository)
[DEBUG] Skipped remote request for fr.inria.gforge.spoon:spoon-core:7.1.0-SNAPSHOT/maven-metadata.xml, already updated during this session.
[DEBUG] Failure to find fr.inria.gforge.spoon:spoon-core:7.1.0-SNAPSHOT/maven-metadata.xml in https://stamp-project.github.io/stamp-maven-repository/ was cached in the local repository, resolution will not be reattempted until the update interval of stamp-maven-repository-mvn-repo has elapsed or updates are forced
[DEBUG] Failure to find fr.inria.gforge.spoon:spoon-core:7.1.0-SNAPSHOT/maven-metadata.xml in https://repo.gradle.org/gradle/libs-releases-local/ was cached in the local repository, resolution will not be reattempted until the update interval of gradle-repo has elapsed or updates are forced
[DEBUG] Failure to find fr.inria.gforge.spoon:spoon-core:7.1.0-SNAPSHOT/maven-metadata.xml in https://oss.sonatype.org/content/repositories/snapshots was cached in the local repository, resolution will not be reattempted until the update interval of sonatype-nexus-snapshots has elapsed or updates are forced
[DEBUG] Skipped remote request for fr.inria.gforge.spoon:spoon-core:7.1.0-SNAPSHOT/maven-metadata.xml, locally cached metadata up-to-date.
[DEBUG] Could not find metadata org.eclipse.platform:org.eclipse.core.resources/maven-metadata.xml in local (/home/spirals/danglot/.m2/repository)
[DEBUG] Skipped remote request for org.eclipse.platform:org.eclipse.core.resources/maven-metadata.xml, locally cached metadata up-to-date.
[DEBUG] Failure to find org.eclipse.platform:org.eclipse.core.resources/maven-metadata.xml in https://repo.gradle.org/gradle/libs-releases-local/ was cached in the local repository, resolution will not be reattempted until the update interval of gradle-repo has elapsed or updates are forced
[DEBUG] Failure to find org.eclipse.platform:org.eclipse.core.resources/maven-metadata.xml in https://oss.sonatype.org/content/repositories/snapshots was cached in the local repository, resolution will not be reattempted until the update interval of sonatype-nexus-snapshots has elapsed or updates are forced
[DEBUG] Failure to find org.eclipse.platform:org.eclipse.core.resources/maven-metadata.xml in http://maven.inria.fr/artifactory/spoon-public-snapshot was cached in the local repository, resolution will not be reattempted until the update interval of maven.inria.fr-snapshot has elapsed or updates are forced
[DEBUG] Failure to find org.eclipse.platform:org.eclipse.core.resources/maven-metadata.xml in http://maven.inria.fr/artifactory/triskell-public-release was cached in the local repository, resolution will not be reattempted until the update interval of inria has elapsed or updates are forced
[DEBUG] Using transporter WagonTransporter with priority -1.0 for https://stamp-project.github.io/stamp-maven-repository/
[DEBUG] Using connector BasicRepositoryConnector with priority 0.0 for https://stamp-project.github.io/stamp-maven-repository/
Downloading from stamp-maven-repository-mvn-repo: https://stamp-project.github.io/stamp-maven-repository/org/eclipse/platform/org.eclipse.core.resources/maven-metadata.xml
[DEBUG] Writing tracking file /home/spirals/danglot/.m2/repository/org/eclipse/platform/org.eclipse.core.resources/resolver-status.properties
[DEBUG] Could not find metadata org.eclipse.platform:org.eclipse.core.resources/maven-metadata.xml in stamp-maven-repository-mvn-repo (https://stamp-project.github.io/stamp-maven-repository/)
[DEBUG] Could not find metadata org.eclipse.platform:org.eclipse.core.expressions/maven-metadata.xml in local (/home/spirals/danglot/.m2/repository)
[DEBUG] Skipped remote request for org.eclipse.platform:org.eclipse.core.expressions/maven-metadata.xml, locally cached metadata up-to-date.
[DEBUG] Failure to find org.eclipse.platform:org.eclipse.core.expressions/maven-metadata.xml in https://repo.gradle.org/gradle/libs-releases-local/ was cached in the local repository, resolution will not be reattempted until the update interval of gradle-repo has elapsed or updates are forced
[DEBUG] Failure to find org.eclipse.platform:org.eclipse.core.expressions/maven-metadata.xml in https://oss.sonatype.org/content/repositories/snapshots was cached in the local repository, resolution will not be reattempted until the update interval of sonatype-nexus-snapshots has elapsed or updates are forced
[DEBUG] Failure to find org.eclipse.platform:org.eclipse.core.expressions/maven-metadata.xml in http://maven.inria.fr/artifactory/spoon-public-snapshot was cached in the local repository, resolution will not be reattempted until the update interval of maven.inria.fr-snapshot has elapsed or updates are forced
[DEBUG] Failure to find org.eclipse.platform:org.eclipse.core.expressions/maven-metadata.xml in http://maven.inria.fr/artifactory/triskell-public-release was cached in the local repository, resolution will not be reattempted until the update interval of inria has elapsed or updates are forced
[DEBUG] Using transporter WagonTransporter with priority -1.0 for https://stamp-project.github.io/stamp-maven-repository/
[DEBUG] Using connector BasicRepositoryConnector with priority 0.0 for https://stamp-project.github.io/stamp-maven-repository/
Downloading from stamp-maven-repository-mvn-repo: https://stamp-project.github.io/stamp-maven-repository/org/eclipse/platform/org.eclipse.core.expressions/maven-metadata.xml
[DEBUG] Writing tracking file /home/spirals/danglot/.m2/repository/org/eclipse/platform/org.eclipse.core.expressions/resolver-status.properties
[DEBUG] Could not find metadata org.eclipse.platform:org.eclipse.core.expressions/maven-metadata.xml in stamp-maven-repository-mvn-repo (https://stamp-project.github.io/stamp-maven-repository/)
[DEBUG] Could not find metadata org.eclipse.platform:org.eclipse.core.runtime/maven-metadata.xml in local (/home/spirals/danglot/.m2/repository)
[DEBUG] Skipped remote request for org.eclipse.platform:org.eclipse.core.runtime/maven-metadata.xml, locally cached metadata up-to-date.
[DEBUG] Failure to find org.eclipse.platform:org.eclipse.core.runtime/maven-metadata.xml in https://repo.gradle.org/gradle/libs-releases-local/ was cached in the local repository, resolution will not be reattempted until the update interval of gradle-repo has elapsed or updates are forced
[DEBUG] Failure to find org.eclipse.platform:org.eclipse.core.runtime/maven-metadata.xml in https://oss.sonatype.org/content/repositories/snapshots was cached in the local repository, resolution will not be reattempted until the update interval of sonatype-nexus-snapshots has elapsed or updates are forced
[DEBUG] Failure to find org.eclipse.platform:org.eclipse.core.runtime/maven-metadata.xml in http://maven.inria.fr/artifactory/spoon-public-snapshot was cached in the local repository, resolution will not be reattempted until the update interval of maven.inria.fr-snapshot has elapsed or updates are forced
[DEBUG] Failure to find org.eclipse.platform:org.eclipse.core.runtime/maven-metadata.xml in http://maven.inria.fr/artifactory/triskell-public-release was cached in the local repository, resolution will not be reattempted until the update interval of inria has elapsed or updates are forced
[DEBUG] Using transporter WagonTransporter with priority -1.0 for https://stamp-project.github.io/stamp-maven-repository/
[DEBUG] Using connector BasicRepositoryConnector with priority 0.0 for https://stamp-project.github.io/stamp-maven-repository/
Downloading from stamp-maven-repository-mvn-repo: https://stamp-project.github.io/stamp-maven-repository/org/eclipse/platform/org.eclipse.core.runtime/maven-metadata.xml
[DEBUG] Writing tracking file /home/spirals/danglot/.m2/repository/org/eclipse/platform/org.eclipse.core.runtime/resolver-status.properties
[DEBUG] Could not find metadata org.eclipse.platform:org.eclipse.core.runtime/maven-metadata.xml in stamp-maven-repository-mvn-repo (https://stamp-project.github.io/stamp-maven-repository/)
[DEBUG] Could not find metadata org.eclipse.platform:org.eclipse.osgi/maven-metadata.xml in local (/home/spirals/danglot/.m2/repository)
[DEBUG] Skipped remote request for org.eclipse.platform:org.eclipse.osgi/maven-metadata.xml, locally cached metadata up-to-date.
[DEBUG] Failure to find org.eclipse.platform:org.eclipse.osgi/maven-metadata.xml in https://repo.gradle.org/gradle/libs-releases-local/ was cached in the local repository, resolution will not be reattempted until the update interval of gradle-repo has elapsed or updates are forced
[DEBUG] Failure to find org.eclipse.platform:org.eclipse.osgi/maven-metadata.xml in https://oss.sonatype.org/content/repositories/snapshots was cached in the local repository, resolution will not be reattempted until the update interval of sonatype-nexus-snapshots has elapsed or updates are forced
[DEBUG] Failure to find org.eclipse.platform:org.eclipse.osgi/maven-metadata.xml in http://maven.inria.fr/artifactory/spoon-public-snapshot was cached in the local repository, resolution will not be reattempted until the update interval of maven.inria.fr-snapshot has elapsed or updates are forced
[DEBUG] Failure to find org.eclipse.platform:org.eclipse.osgi/maven-metadata.xml in http://maven.inria.fr/artifactory/triskell-public-release was cached in the local repository, resolution will not be reattempted until the update interval of inria has elapsed or updates are forced
[DEBUG] Using transporter WagonTransporter with priority -1.0 for https://stamp-project.github.io/stamp-maven-repository/
[DEBUG] Using connector BasicRepositoryConnector with priority 0.0 for https://stamp-project.github.io/stamp-maven-repository/
Downloading from stamp-maven-repository-mvn-repo: https://stamp-project.github.io/stamp-maven-repository/org/eclipse/platform/org.eclipse.osgi/maven-metadata.xml
[DEBUG] Writing tracking file /home/spirals/danglot/.m2/repository/org/eclipse/platform/org.eclipse.osgi/resolver-status.properties
[DEBUG] Could not find metadata org.eclipse.platform:org.eclipse.osgi/maven-metadata.xml in stamp-maven-repository-mvn-repo (https://stamp-project.github.io/stamp-maven-repository/)
[DEBUG] Could not find metadata org.eclipse.platform:org.eclipse.equinox.common/maven-metadata.xml in local (/home/spirals/danglot/.m2/repository)
[DEBUG] Skipped remote request for org.eclipse.platform:org.eclipse.equinox.common/maven-metadata.xml, locally cached metadata up-to-date.
[DEBUG] Failure to find org.eclipse.platform:org.eclipse.equinox.common/maven-metadata.xml in https://repo.gradle.org/gradle/libs-releases-local/ was cached in the local repository, resolution will not be reattempted until the update interval of gradle-repo has elapsed or updates are forced
[DEBUG] Failure to find org.eclipse.platform:org.eclipse.equinox.common/maven-metadata.xml in https://oss.sonatype.org/content/repositories/snapshots was cached in the local repository, resolution will not be reattempted until the update interval of sonatype-nexus-snapshots has elapsed or updates are forced
[DEBUG] Failure to find org.eclipse.platform:org.eclipse.equinox.common/maven-metadata.xml in http://maven.inria.fr/artifactory/spoon-public-snapshot was cached in the local repository, resolution will not be reattempted until the update interval of maven.inria.fr-snapshot has elapsed or updates are forced
[DEBUG] Failure to find org.eclipse.platform:org.eclipse.equinox.common/maven-metadata.xml in http://maven.inria.fr/artifactory/triskell-public-release was cached in the local repository, resolution will not be reattempted until the update interval of inria has elapsed or updates are forced
[DEBUG] Using transporter WagonTransporter with priority -1.0 for https://stamp-project.github.io/stamp-maven-repository/
[DEBUG] Using connector BasicRepositoryConnector with priority 0.0 for https://stamp-project.github.io/stamp-maven-repository/
Downloading from stamp-maven-repository-mvn-repo: https://stamp-project.github.io/stamp-maven-repository/org/eclipse/platform/org.eclipse.equinox.common/maven-metadata.xml
[DEBUG] Writing tracking file /home/spirals/danglot/.m2/repository/org/eclipse/platform/org.eclipse.equinox.common/resolver-status.properties
[DEBUG] Could not find metadata org.eclipse.platform:org.eclipse.equinox.common/maven-metadata.xml in stamp-maven-repository-mvn-repo (https://stamp-project.github.io/stamp-maven-repository/)
[DEBUG] Could not find metadata org.eclipse.platform:org.eclipse.core.jobs/maven-metadata.xml in local (/home/spirals/danglot/.m2/repository)
[DEBUG] Skipped remote request for org.eclipse.platform:org.eclipse.core.jobs/maven-metadata.xml, locally cached metadata up-to-date.
[DEBUG] Failure to find org.eclipse.platform:org.eclipse.core.jobs/maven-metadata.xml in https://repo.gradle.org/gradle/libs-releases-local/ was cached in the local repository, resolution will not be reattempted until the update interval of gradle-repo has elapsed or updates are forced
[DEBUG] Failure to find org.eclipse.platform:org.eclipse.core.jobs/maven-metadata.xml in https://oss.sonatype.org/content/repositories/snapshots was cached in the local repository, resolution will not be reattempted until the update interval of sonatype-nexus-snapshots has elapsed or updates are forced
[DEBUG] Failure to find org.eclipse.platform:org.eclipse.core.jobs/maven-metadata.xml in http://maven.inria.fr/artifactory/spoon-public-snapshot was cached in the local repository, resolution will not be reattempted until the update interval of maven.inria.fr-snapshot has elapsed or updates are forced
[DEBUG] Failure to find org.eclipse.platform:org.eclipse.core.jobs/maven-metadata.xml in http://maven.inria.fr/artifactory/triskell-public-release was cached in the local repository, resolution will not be reattempted until the update interval of inria has elapsed or updates are forced
[DEBUG] Using transporter WagonTransporter with priority -1.0 for https://stamp-project.github.io/stamp-maven-repository/
[DEBUG] Using connector BasicRepositoryConnector with priority 0.0 for https://stamp-project.github.io/stamp-maven-repository/
Downloading from stamp-maven-repository-mvn-repo: https://stamp-project.github.io/stamp-maven-repository/org/eclipse/platform/org.eclipse.core.jobs/maven-metadata.xml
[DEBUG] Writing tracking file /home/spirals/danglot/.m2/repository/org/eclipse/platform/org.eclipse.core.jobs/resolver-status.properties
[DEBUG] Could not find metadata org.eclipse.platform:org.eclipse.core.jobs/maven-metadata.xml in stamp-maven-repository-mvn-repo (https://stamp-project.github.io/stamp-maven-repository/)
[DEBUG] Could not find metadata org.eclipse.platform:org.eclipse.equinox.registry/maven-metadata.xml in local (/home/spirals/danglot/.m2/repository)
[DEBUG] Skipped remote request for org.eclipse.platform:org.eclipse.equinox.registry/maven-metadata.xml, locally cached metadata up-to-date.
[DEBUG] Failure to find org.eclipse.platform:org.eclipse.equinox.registry/maven-metadata.xml in https://repo.gradle.org/gradle/libs-releases-local/ was cached in the local repository, resolution will not be reattempted until the update interval of gradle-repo has elapsed or updates are forced
[DEBUG] Failure to find org.eclipse.platform:org.eclipse.equinox.registry/maven-metadata.xml in https://oss.sonatype.org/content/repositories/snapshots was cached in the local repository, resolution will not be reattempted until the update interval of sonatype-nexus-snapshots has elapsed or updates are forced
[DEBUG] Failure to find org.eclipse.platform:org.eclipse.equinox.registry/maven-metadata.xml in http://maven.inria.fr/artifactory/spoon-public-snapshot was cached in the local repository, resolution will not be reattempted until the update interval of maven.inria.fr-snapshot has elapsed or updates are forced
[DEBUG] Failure to find org.eclipse.platform:org.eclipse.equinox.registry/maven-metadata.xml in http://maven.inria.fr/artifactory/triskell-public-release was cached in the local repository, resolution will not be reattempted until the update interval of inria has elapsed or updates are forced
[DEBUG] Using transporter WagonTransporter with priority -1.0 for https://stamp-project.github.io/stamp-maven-repository/
[DEBUG] Using connector BasicRepositoryConnector with priority 0.0 for https://stamp-project.github.io/stamp-maven-repository/
Downloading from stamp-maven-repository-mvn-repo: https://stamp-project.github.io/stamp-maven-repository/org/eclipse/platform/org.eclipse.equinox.registry/maven-metadata.xml
[DEBUG] Writing tracking file /home/spirals/danglot/.m2/repository/org/eclipse/platform/org.eclipse.equinox.registry/resolver-status.properties
[DEBUG] Could not find metadata org.eclipse.platform:org.eclipse.equinox.registry/maven-metadata.xml in stamp-maven-repository-mvn-repo (https://stamp-project.github.io/stamp-maven-repository/)
[DEBUG] Could not find metadata org.eclipse.platform:org.eclipse.equinox.common/maven-metadata.xml in local (/home/spirals/danglot/.m2/repository)
[DEBUG] Skipped remote request for org.eclipse.platform:org.eclipse.equinox.common/maven-metadata.xml, locally cached metadata up-to-date.
[DEBUG] Skipped remote request for org.eclipse.platform:org.eclipse.equinox.common/maven-metadata.xml, already updated during this session.
[DEBUG] Failure to find org.eclipse.platform:org.eclipse.equinox.common/maven-metadata.xml in https://stamp-project.github.io/stamp-maven-repository/ was cached in the local repository, resolution will not be reattempted until the update interval of stamp-maven-repository-mvn-repo has elapsed or updates are forced
[DEBUG] Failure to find org.eclipse.platform:org.eclipse.equinox.common/maven-metadata.xml in https://repo.gradle.org/gradle/libs-releases-local/ was cached in the local repository, resolution will not be reattempted until the update interval of gradle-repo has elapsed or updates are forced
[DEBUG] Failure to find org.eclipse.platform:org.eclipse.equinox.common/maven-metadata.xml in https://oss.sonatype.org/content/repositories/snapshots was cached in the local repository, resolution will not be reattempted until the update interval of sonatype-nexus-snapshots has elapsed or updates are forced
[DEBUG] Failure to find org.eclipse.platform:org.eclipse.equinox.common/maven-metadata.xml in http://maven.inria.fr/artifactory/spoon-public-snapshot was cached in the local repository, resolution will not be reattempted until the update interval of maven.inria.fr-snapshot has elapsed or updates are forced
[DEBUG] Failure to find org.eclipse.platform:org.eclipse.equinox.common/maven-metadata.xml in http://maven.inria.fr/artifactory/triskell-public-release was cached in the local repository, resolution will not be reattempted until the update interval of inria has elapsed or updates are forced
[DEBUG] Could not find metadata org.eclipse.platform:org.eclipse.equinox.preferences/maven-metadata.xml in local (/home/spirals/danglot/.m2/repository)
[DEBUG] Skipped remote request for org.eclipse.platform:org.eclipse.equinox.preferences/maven-metadata.xml, locally cached metadata up-to-date.
[DEBUG] Failure to find org.eclipse.platform:org.eclipse.equinox.preferences/maven-metadata.xml in https://repo.gradle.org/gradle/libs-releases-local/ was cached in the local repository, resolution will not be reattempted until the update interval of gradle-repo has elapsed or updates are forced
[DEBUG] Failure to find org.eclipse.platform:org.eclipse.equinox.preferences/maven-metadata.xml in https://oss.sonatype.org/content/repositories/snapshots was cached in the local repository, resolution will not be reattempted until the update interval of sonatype-nexus-snapshots has elapsed or updates are forced
[DEBUG] Failure to find org.eclipse.platform:org.eclipse.equinox.preferences/maven-metadata.xml in http://maven.inria.fr/artifactory/spoon-public-snapshot was cached in the local repository, resolution will not be reattempted until the update interval of maven.inria.fr-snapshot has elapsed or updates are forced
[DEBUG] Failure to find org.eclipse.platform:org.eclipse.equinox.preferences/maven-metadata.xml in http://maven.inria.fr/artifactory/triskell-public-release was cached in the local repository, resolution will not be reattempted until the update interval of inria has elapsed or updates are forced
[DEBUG] Using transporter WagonTransporter with priority -1.0 for https://stamp-project.github.io/stamp-maven-repository/
[DEBUG] Using connector BasicRepositoryConnector with priority 0.0 for https://stamp-project.github.io/stamp-maven-repository/
Downloading from stamp-maven-repository-mvn-repo: https://stamp-project.github.io/stamp-maven-repository/org/eclipse/platform/org.eclipse.equinox.preferences/maven-metadata.xml
[DEBUG] Writing tracking file /home/spirals/danglot/.m2/repository/org/eclipse/platform/org.eclipse.equinox.preferences/resolver-status.properties
[DEBUG] Could not find metadata org.eclipse.platform:org.eclipse.equinox.preferences/maven-metadata.xml in stamp-maven-repository-mvn-repo (https://stamp-project.github.io/stamp-maven-repository/)
[DEBUG] Could not find metadata org.eclipse.platform:org.eclipse.equinox.common/maven-metadata.xml in local (/home/spirals/danglot/.m2/repository)
[DEBUG] Skipped remote request for org.eclipse.platform:org.eclipse.equinox.common/maven-metadata.xml, locally cached metadata up-to-date.
[DEBUG] Skipped remote request for org.eclipse.platform:org.eclipse.equinox.common/maven-metadata.xml, already updated during this session.
[DEBUG] Failure to find org.eclipse.platform:org.eclipse.equinox.common/maven-metadata.xml in https://stamp-project.github.io/stamp-maven-repository/ was cached in the local repository, resolution will not be reattempted until the update interval of stamp-maven-repository-mvn-repo has elapsed or updates are forced
[DEBUG] Failure to find org.eclipse.platform:org.eclipse.equinox.common/maven-metadata.xml in https://repo.gradle.org/gradle/libs-releases-local/ was cached in the local repository, resolution will not be reattempted until the update interval of gradle-repo has elapsed or updates are forced
[DEBUG] Failure to find org.eclipse.platform:org.eclipse.equinox.common/maven-metadata.xml in https://oss.sonatype.org/content/repositories/snapshots was cached in the local repository, resolution will not be reattempted until the update interval of sonatype-nexus-snapshots has elapsed or updates are forced
[DEBUG] Failure to find org.eclipse.platform:org.eclipse.equinox.common/maven-metadata.xml in http://maven.inria.fr/artifactory/spoon-public-snapshot was cached in the local repository, resolution will not be reattempted until the update interval of maven.inria.fr-snapshot has elapsed or updates are forced
[DEBUG] Failure to find org.eclipse.platform:org.eclipse.equinox.common/maven-metadata.xml in http://maven.inria.fr/artifactory/triskell-public-release was cached in the local repository, resolution will not be reattempted until the update interval of inria has elapsed or updates are forced
[DEBUG] Could not find metadata org.eclipse.platform:org.eclipse.core.contenttype/maven-metadata.xml in local (/home/spirals/danglot/.m2/repository)
[DEBUG] Skipped remote request for org.eclipse.platform:org.eclipse.core.contenttype/maven-metadata.xml, locally cached metadata up-to-date.
[DEBUG] Failure to find org.eclipse.platform:org.eclipse.core.contenttype/maven-metadata.xml in https://repo.gradle.org/gradle/libs-releases-local/ was cached in the local repository, resolution will not be reattempted until the update interval of gradle-repo has elapsed or updates are forced
[DEBUG] Failure to find org.eclipse.platform:org.eclipse.core.contenttype/maven-metadata.xml in https://oss.sonatype.org/content/repositories/snapshots was cached in the local repository, resolution will not be reattempted until the update interval of sonatype-nexus-snapshots has elapsed or updates are forced
[DEBUG] Failure to find org.eclipse.platform:org.eclipse.core.contenttype/maven-metadata.xml in http://maven.inria.fr/artifactory/spoon-public-snapshot was cached in the local repository, resolution will not be reattempted until the update interval of maven.inria.fr-snapshot has elapsed or updates are forced
[DEBUG] Failure to find org.eclipse.platform:org.eclipse.core.contenttype/maven-metadata.xml in http://maven.inria.fr/artifactory/triskell-public-release was cached in the local repository, resolution will not be reattempted until the update interval of inria has elapsed or updates are forced
[DEBUG] Using transporter WagonTransporter with priority -1.0 for https://stamp-project.github.io/stamp-maven-repository/
[DEBUG] Using connector BasicRepositoryConnector with priority 0.0 for https://stamp-project.github.io/stamp-maven-repository/
Downloading from stamp-maven-repository-mvn-repo: https://stamp-project.github.io/stamp-maven-repository/org/eclipse/platform/org.eclipse.core.contenttype/maven-metadata.xml
[DEBUG] Writing tracking file /home/spirals/danglot/.m2/repository/org/eclipse/platform/org.eclipse.core.contenttype/resolver-status.properties
[DEBUG] Could not find metadata org.eclipse.platform:org.eclipse.core.contenttype/maven-metadata.xml in stamp-maven-repository-mvn-repo (https://stamp-project.github.io/stamp-maven-repository/)
[DEBUG] Could not find metadata org.eclipse.platform:org.eclipse.equinox.preferences/maven-metadata.xml in local (/home/spirals/danglot/.m2/repository)
[DEBUG] Skipped remote request for org.eclipse.platform:org.eclipse.equinox.preferences/maven-metadata.xml, locally cached metadata up-to-date.
[DEBUG] Skipped remote request for org.eclipse.platform:org.eclipse.equinox.preferences/maven-metadata.xml, already updated during this session.
[DEBUG] Failure to find org.eclipse.platform:org.eclipse.equinox.preferences/maven-metadata.xml in https://stamp-project.github.io/stamp-maven-repository/ was cached in the local repository, resolution will not be reattempted until the update interval of stamp-maven-repository-mvn-repo has elapsed or updates are forced
[DEBUG] Failure to find org.eclipse.platform:org.eclipse.equinox.preferences/maven-metadata.xml in https://repo.gradle.org/gradle/libs-releases-local/ was cached in the local repository, resolution will not be reattempted until the update interval of gradle-repo has elapsed or updates are forced
[DEBUG] Failure to find org.eclipse.platform:org.eclipse.equinox.preferences/maven-metadata.xml in https://oss.sonatype.org/content/repositories/snapshots was cached in the local repository, resolution will not be reattempted until the update interval of sonatype-nexus-snapshots has elapsed or updates are forced
[DEBUG] Failure to find org.eclipse.platform:org.eclipse.equinox.preferences/maven-metadata.xml in http://maven.inria.fr/artifactory/spoon-public-snapshot was cached in the local repository, resolution will not be reattempted until the update interval of maven.inria.fr-snapshot has elapsed or updates are forced
[DEBUG] Failure to find org.eclipse.platform:org.eclipse.equinox.preferences/maven-metadata.xml in http://maven.inria.fr/artifactory/triskell-public-release was cached in the local repository, resolution will not be reattempted until the update interval of inria has elapsed or updates are forced
[DEBUG] Could not find metadata org.eclipse.platform:org.eclipse.equinox.registry/maven-metadata.xml in local (/home/spirals/danglot/.m2/repository)
[DEBUG] Skipped remote request for org.eclipse.platform:org.eclipse.equinox.registry/maven-metadata.xml, locally cached metadata up-to-date.
[DEBUG] Skipped remote request for org.eclipse.platform:org.eclipse.equinox.registry/maven-metadata.xml, already updated during this session.
[DEBUG] Failure to find org.eclipse.platform:org.eclipse.equinox.registry/maven-metadata.xml in https://stamp-project.github.io/stamp-maven-repository/ was cached in the local repository, resolution will not be reattempted until the update interval of stamp-maven-repository-mvn-repo has elapsed or updates are forced
[DEBUG] Failure to find org.eclipse.platform:org.eclipse.equinox.registry/maven-metadata.xml in https://repo.gradle.org/gradle/libs-releases-local/ was cached in the local repository, resolution will not be reattempted until the update interval of gradle-repo has elapsed or updates are forced
[DEBUG] Failure to find org.eclipse.platform:org.eclipse.equinox.registry/maven-metadata.xml in https://oss.sonatype.org/content/repositories/snapshots was cached in the local repository, resolution will not be reattempted until the update interval of sonatype-nexus-snapshots has elapsed or updates are forced
[DEBUG] Failure to find org.eclipse.platform:org.eclipse.equinox.registry/maven-metadata.xml in http://maven.inria.fr/artifactory/spoon-public-snapshot was cached in the local repository, resolution will not be reattempted until the update interval of maven.inria.fr-snapshot has elapsed or updates are forced
[DEBUG] Failure to find org.eclipse.platform:org.eclipse.equinox.registry/maven-metadata.xml in http://maven.inria.fr/artifactory/triskell-public-release was cached in the local repository, resolution will not be reattempted until the update interval of inria has elapsed or updates are forced
[DEBUG] Could not find metadata org.eclipse.platform:org.eclipse.equinox.app/maven-metadata.xml in local (/home/spirals/danglot/.m2/repository)
[DEBUG] Skipped remote request for org.eclipse.platform:org.eclipse.equinox.app/maven-metadata.xml, locally cached metadata up-to-date.
[DEBUG] Failure to find org.eclipse.platform:org.eclipse.equinox.app/maven-metadata.xml in https://repo.gradle.org/gradle/libs-releases-local/ was cached in the local repository, resolution will not be reattempted until the update interval of gradle-repo has elapsed or updates are forced
[DEBUG] Failure to find org.eclipse.platform:org.eclipse.equinox.app/maven-metadata.xml in https://oss.sonatype.org/content/repositories/snapshots was cached in the local repository, resolution will not be reattempted until the update interval of sonatype-nexus-snapshots has elapsed or updates are forced
[DEBUG] Failure to find org.eclipse.platform:org.eclipse.equinox.app/maven-metadata.xml in http://maven.inria.fr/artifactory/spoon-public-snapshot was cached in the local repository, resolution will not be reattempted until the update interval of maven.inria.fr-snapshot has elapsed or updates are forced
[DEBUG] Failure to find org.eclipse.platform:org.eclipse.equinox.app/maven-metadata.xml in http://maven.inria.fr/artifactory/triskell-public-release was cached in the local repository, resolution will not be reattempted until the update interval of inria has elapsed or updates are forced
[DEBUG] Using transporter WagonTransporter with priority -1.0 for https://stamp-project.github.io/stamp-maven-repository/
[DEBUG] Using connector BasicRepositoryConnector with priority 0.0 for https://stamp-project.github.io/stamp-maven-repository/
Downloading from stamp-maven-repository-mvn-repo: https://stamp-project.github.io/stamp-maven-repository/org/eclipse/platform/org.eclipse.equinox.app/maven-metadata.xml
[DEBUG] Writing tracking file /home/spirals/danglot/.m2/repository/org/eclipse/platform/org.eclipse.equinox.app/resolver-status.properties
[DEBUG] Could not find metadata org.eclipse.platform:org.eclipse.equinox.app/maven-metadata.xml in stamp-maven-repository-mvn-repo (https://stamp-project.github.io/stamp-maven-repository/)
[DEBUG] Could not find metadata org.eclipse.platform:org.eclipse.equinox.registry/maven-metadata.xml in local (/home/spirals/danglot/.m2/repository)
[DEBUG] Skipped remote request for org.eclipse.platform:org.eclipse.equinox.registry/maven-metadata.xml, locally cached metadata up-to-date.
[DEBUG] Skipped remote request for org.eclipse.platform:org.eclipse.equinox.registry/maven-metadata.xml, already updated during this session.
[DEBUG] Failure to find org.eclipse.platform:org.eclipse.equinox.registry/maven-metadata.xml in https://stamp-project.github.io/stamp-maven-repository/ was cached in the local repository, resolution will not be reattempted until the update interval of stamp-maven-repository-mvn-repo has elapsed or updates are forced
[DEBUG] Failure to find org.eclipse.platform:org.eclipse.equinox.registry/maven-metadata.xml in https://repo.gradle.org/gradle/libs-releases-local/ was cached in the local repository, resolution will not be reattempted until the update interval of gradle-repo has elapsed or updates are forced
[DEBUG] Failure to find org.eclipse.platform:org.eclipse.equinox.registry/maven-metadata.xml in https://oss.sonatype.org/content/repositories/snapshots was cached in the local repository, resolution will not be reattempted until the update interval of sonatype-nexus-snapshots has elapsed or updates are forced
[DEBUG] Failure to find org.eclipse.platform:org.eclipse.equinox.registry/maven-metadata.xml in http://maven.inria.fr/artifactory/spoon-public-snapshot was cached in the local repository, resolution will not be reattempted until the update interval of maven.inria.fr-snapshot has elapsed or updates are forced
[DEBUG] Failure to find org.eclipse.platform:org.eclipse.equinox.registry/maven-metadata.xml in http://maven.inria.fr/artifactory/triskell-public-release was cached in the local repository, resolution will not be reattempted until the update interval of inria has elapsed or updates are forced
[DEBUG] Could not find metadata org.eclipse.platform:org.eclipse.osgi/maven-metadata.xml in local (/home/spirals/danglot/.m2/repository)
[DEBUG] Skipped remote request for org.eclipse.platform:org.eclipse.osgi/maven-metadata.xml, locally cached metadata up-to-date.
[DEBUG] Skipped remote request for org.eclipse.platform:org.eclipse.osgi/maven-metadata.xml, already updated during this session.
[DEBUG] Failure to find org.eclipse.platform:org.eclipse.osgi/maven-metadata.xml in https://stamp-project.github.io/stamp-maven-repository/ was cached in the local repository, resolution will not be reattempted until the update interval of stamp-maven-repository-mvn-repo has elapsed or updates are forced
[DEBUG] Failure to find org.eclipse.platform:org.eclipse.osgi/maven-metadata.xml in https://repo.gradle.org/gradle/libs-releases-local/ was cached in the local repository, resolution will not be reattempted until the update interval of gradle-repo has elapsed or updates are forced
[DEBUG] Failure to find org.eclipse.platform:org.eclipse.osgi/maven-metadata.xml in https://oss.sonatype.org/content/repositories/snapshots was cached in the local repository, resolution will not be reattempted until the update interval of sonatype-nexus-snapshots has elapsed or updates are forced
[DEBUG] Failure to find org.eclipse.platform:org.eclipse.osgi/maven-metadata.xml in http://maven.inria.fr/artifactory/spoon-public-snapshot was cached in the local repository, resolution will not be reattempted until the update interval of maven.inria.fr-snapshot has elapsed or updates are forced
[DEBUG] Failure to find org.eclipse.platform:org.eclipse.osgi/maven-metadata.xml in http://maven.inria.fr/artifactory/triskell-public-release was cached in the local repository, resolution will not be reattempted until the update interval of inria has elapsed or updates are forced
[DEBUG] Could not find metadata org.eclipse.platform:org.eclipse.equinox.common/maven-metadata.xml in local (/home/spirals/danglot/.m2/repository)
[DEBUG] Skipped remote request for org.eclipse.platform:org.eclipse.equinox.common/maven-metadata.xml, locally cached metadata up-to-date.
[DEBUG] Skipped remote request for org.eclipse.platform:org.eclipse.equinox.common/maven-metadata.xml, already updated during this session.
[DEBUG] Failure to find org.eclipse.platform:org.eclipse.equinox.common/maven-metadata.xml in https://stamp-project.github.io/stamp-maven-repository/ was cached in the local repository, resolution will not be reattempted until the update interval of stamp-maven-repository-mvn-repo has elapsed or updates are forced
[DEBUG] Failure to find org.eclipse.platform:org.eclipse.equinox.common/maven-metadata.xml in https://repo.gradle.org/gradle/libs-releases-local/ was cached in the local repository, resolution will not be reattempted until the update interval of gradle-repo has elapsed or updates are forced
[DEBUG] Failure to find org.eclipse.platform:org.eclipse.equinox.common/maven-metadata.xml in https://oss.sonatype.org/content/repositories/snapshots was cached in the local repository, resolution will not be reattempted until the update interval of sonatype-nexus-snapshots has elapsed or updates are forced
[DEBUG] Failure to find org.eclipse.platform:org.eclipse.equinox.common/maven-metadata.xml in http://maven.inria.fr/artifactory/spoon-public-snapshot was cached in the local repository, resolution will not be reattempted until the update interval of maven.inria.fr-snapshot has elapsed or updates are forced
[DEBUG] Failure to find org.eclipse.platform:org.eclipse.equinox.common/maven-metadata.xml in http://maven.inria.fr/artifactory/triskell-public-release was cached in the local repository, resolution will not be reattempted until the update interval of inria has elapsed or updates are forced
[DEBUG] Could not find metadata org.eclipse.platform:org.eclipse.core.jobs/maven-metadata.xml in local (/home/spirals/danglot/.m2/repository)
[DEBUG] Skipped remote request for org.eclipse.platform:org.eclipse.core.jobs/maven-metadata.xml, locally cached metadata up-to-date.
[DEBUG] Skipped remote request for org.eclipse.platform:org.eclipse.core.jobs/maven-metadata.xml, already updated during this session.
[DEBUG] Failure to find org.eclipse.platform:org.eclipse.core.jobs/maven-metadata.xml in https://stamp-project.github.io/stamp-maven-repository/ was cached in the local repository, resolution will not be reattempted until the update interval of stamp-maven-repository-mvn-repo has elapsed or updates are forced
[DEBUG] Failure to find org.eclipse.platform:org.eclipse.core.jobs/maven-metadata.xml in https://repo.gradle.org/gradle/libs-releases-local/ was cached in the local repository, resolution will not be reattempted until the update interval of gradle-repo has elapsed or updates are forced
[DEBUG] Failure to find org.eclipse.platform:org.eclipse.core.jobs/maven-metadata.xml in https://oss.sonatype.org/content/repositories/snapshots was cached in the local repository, resolution will not be reattempted until the update interval of sonatype-nexus-snapshots has elapsed or updates are forced
[DEBUG] Failure to find org.eclipse.platform:org.eclipse.core.jobs/maven-metadata.xml in http://maven.inria.fr/artifactory/spoon-public-snapshot was cached in the local repository, resolution will not be reattempted until the update interval of maven.inria.fr-snapshot has elapsed or updates are forced
[DEBUG] Failure to find org.eclipse.platform:org.eclipse.core.jobs/maven-metadata.xml in http://maven.inria.fr/artifactory/triskell-public-release was cached in the local repository, resolution will not be reattempted until the update interval of inria has elapsed or updates are forced
[DEBUG] Could not find metadata org.eclipse.platform:org.eclipse.equinox.preferences/maven-metadata.xml in local (/home/spirals/danglot/.m2/repository)
[DEBUG] Skipped remote request for org.eclipse.platform:org.eclipse.equinox.preferences/maven-metadata.xml, locally cached metadata up-to-date.
[DEBUG] Skipped remote request for org.eclipse.platform:org.eclipse.equinox.preferences/maven-metadata.xml, already updated during this session.
[DEBUG] Failure to find org.eclipse.platform:org.eclipse.equinox.preferences/maven-metadata.xml in https://stamp-project.github.io/stamp-maven-repository/ was cached in the local repository, resolution will not be reattempted until the update interval of stamp-maven-repository-mvn-repo has elapsed or updates are forced
[DEBUG] Failure to find org.eclipse.platform:org.eclipse.equinox.preferences/maven-metadata.xml in https://repo.gradle.org/gradle/libs-releases-local/ was cached in the local repository, resolution will not be reattempted until the update interval of gradle-repo has elapsed or updates are forced
[DEBUG] Failure to find org.eclipse.platform:org.eclipse.equinox.preferences/maven-metadata.xml in https://oss.sonatype.org/content/repositories/snapshots was cached in the local repository, resolution will not be reattempted until the update interval of sonatype-nexus-snapshots has elapsed or updates are forced
[DEBUG] Failure to find org.eclipse.platform:org.eclipse.equinox.preferences/maven-metadata.xml in http://maven.inria.fr/artifactory/spoon-public-snapshot was cached in the local repository, resolution will not be reattempted until the update interval of maven.inria.fr-snapshot has elapsed or updates are forced
[DEBUG] Failure to find org.eclipse.platform:org.eclipse.equinox.preferences/maven-metadata.xml in http://maven.inria.fr/artifactory/triskell-public-release was cached in the local repository, resolution will not be reattempted until the update interval of inria has elapsed or updates are forced
[DEBUG] Could not find metadata org.eclipse.platform:org.eclipse.core.contenttype/maven-metadata.xml in local (/home/spirals/danglot/.m2/repository)
[DEBUG] Skipped remote request for org.eclipse.platform:org.eclipse.core.contenttype/maven-metadata.xml, locally cached metadata up-to-date.
[DEBUG] Skipped remote request for org.eclipse.platform:org.eclipse.core.contenttype/maven-metadata.xml, already updated during this session.
[DEBUG] Failure to find org.eclipse.platform:org.eclipse.core.contenttype/maven-metadata.xml in https://stamp-project.github.io/stamp-maven-repository/ was cached in the local repository, resolution will not be reattempted until the update interval of stamp-maven-repository-mvn-repo has elapsed or updates are forced
[DEBUG] Failure to find org.eclipse.platform:org.eclipse.core.contenttype/maven-metadata.xml in https://repo.gradle.org/gradle/libs-releases-local/ was cached in the local repository, resolution will not be reattempted until the update interval of gradle-repo has elapsed or updates are forced
[DEBUG] Failure to find org.eclipse.platform:org.eclipse.core.contenttype/maven-metadata.xml in https://oss.sonatype.org/content/repositories/snapshots was cached in the local repository, resolution will not be reattempted until the update interval of sonatype-nexus-snapshots has elapsed or updates are forced
[DEBUG] Failure to find org.eclipse.platform:org.eclipse.core.contenttype/maven-metadata.xml in http://maven.inria.fr/artifactory/spoon-public-snapshot was cached in the local repository, resolution will not be reattempted until the update interval of maven.inria.fr-snapshot has elapsed or updates are forced
[DEBUG] Failure to find org.eclipse.platform:org.eclipse.core.contenttype/maven-metadata.xml in http://maven.inria.fr/artifactory/triskell-public-release was cached in the local repository, resolution will not be reattempted until the update interval of inria has elapsed or updates are forced
[DEBUG] Could not find metadata org.eclipse.platform:org.eclipse.equinox.app/maven-metadata.xml in local (/home/spirals/danglot/.m2/repository)
[DEBUG] Skipped remote request for org.eclipse.platform:org.eclipse.equinox.app/maven-metadata.xml, locally cached metadata up-to-date.
[DEBUG] Skipped remote request for org.eclipse.platform:org.eclipse.equinox.app/maven-metadata.xml, already updated during this session.
[DEBUG] Failure to find org.eclipse.platform:org.eclipse.equinox.app/maven-metadata.xml in https://stamp-project.github.io/stamp-maven-repository/ was cached in the local repository, resolution will not be reattempted until the update interval of stamp-maven-repository-mvn-repo has elapsed or updates are forced
[DEBUG] Failure to find org.eclipse.platform:org.eclipse.equinox.app/maven-metadata.xml in https://repo.gradle.org/gradle/libs-releases-local/ was cached in the local repository, resolution will not be reattempted until the update interval of gradle-repo has elapsed or updates are forced
[DEBUG] Failure to find org.eclipse.platform:org.eclipse.equinox.app/maven-metadata.xml in https://oss.sonatype.org/content/repositories/snapshots was cached in the local repository, resolution will not be reattempted until the update interval of sonatype-nexus-snapshots has elapsed or updates are forced
[DEBUG] Failure to find org.eclipse.platform:org.eclipse.equinox.app/maven-metadata.xml in http://maven.inria.fr/artifactory/spoon-public-snapshot was cached in the local repository, resolution will not be reattempted until the update interval of maven.inria.fr-snapshot has elapsed or updates are forced
[DEBUG] Failure to find org.eclipse.platform:org.eclipse.equinox.app/maven-metadata.xml in http://maven.inria.fr/artifactory/triskell-public-release was cached in the local repository, resolution will not be reattempted until the update interval of inria has elapsed or updates are forced
[DEBUG] Could not find metadata org.eclipse.platform:org.eclipse.core.filesystem/maven-metadata.xml in local (/home/spirals/danglot/.m2/repository)
[DEBUG] Skipped remote request for org.eclipse.platform:org.eclipse.core.filesystem/maven-metadata.xml, locally cached metadata up-to-date.
[DEBUG] Failure to find org.eclipse.platform:org.eclipse.core.filesystem/maven-metadata.xml in https://repo.gradle.org/gradle/libs-releases-local/ was cached in the local repository, resolution will not be reattempted until the update interval of gradle-repo has elapsed or updates are forced
[DEBUG] Failure to find org.eclipse.platform:org.eclipse.core.filesystem/maven-metadata.xml in https://oss.sonatype.org/content/repositories/snapshots was cached in the local repository, resolution will not be reattempted until the update interval of sonatype-nexus-snapshots has elapsed or updates are forced
[DEBUG] Failure to find org.eclipse.platform:org.eclipse.core.filesystem/maven-metadata.xml in http://maven.inria.fr/artifactory/spoon-public-snapshot was cached in the local repository, resolution will not be reattempted until the update interval of maven.inria.fr-snapshot has elapsed or updates are forced
[DEBUG] Failure to find org.eclipse.platform:org.eclipse.core.filesystem/maven-metadata.xml in http://maven.inria.fr/artifactory/triskell-public-release was cached in the local repository, resolution will not be reattempted until the update interval of inria has elapsed or updates are forced
[DEBUG] Using transporter WagonTransporter with priority -1.0 for https://stamp-project.github.io/stamp-maven-repository/
[DEBUG] Using connector BasicRepositoryConnector with priority 0.0 for https://stamp-project.github.io/stamp-maven-repository/
Downloading from stamp-maven-repository-mvn-repo: https://stamp-project.github.io/stamp-maven-repository/org/eclipse/platform/org.eclipse.core.filesystem/maven-metadata.xml
[DEBUG] Writing tracking file /home/spirals/danglot/.m2/repository/org/eclipse/platform/org.eclipse.core.filesystem/resolver-status.properties
[DEBUG] Could not find metadata org.eclipse.platform:org.eclipse.core.filesystem/maven-metadata.xml in stamp-maven-repository-mvn-repo (https://stamp-project.github.io/stamp-maven-repository/)
[DEBUG] Could not find metadata org.eclipse.platform:org.eclipse.osgi/maven-metadata.xml in local (/home/spirals/danglot/.m2/repository)
[DEBUG] Skipped remote request for org.eclipse.platform:org.eclipse.osgi/maven-metadata.xml, locally cached metadata up-to-date.
[DEBUG] Skipped remote request for org.eclipse.platform:org.eclipse.osgi/maven-metadata.xml, already updated during this session.
[DEBUG] Failure to find org.eclipse.platform:org.eclipse.osgi/maven-metadata.xml in https://stamp-project.github.io/stamp-maven-repository/ was cached in the local repository, resolution will not be reattempted until the update interval of stamp-maven-repository-mvn-repo has elapsed or updates are forced
[DEBUG] Failure to find org.eclipse.platform:org.eclipse.osgi/maven-metadata.xml in https://repo.gradle.org/gradle/libs-releases-local/ was cached in the local repository, resolution will not be reattempted until the update interval of gradle-repo has elapsed or updates are forced
[DEBUG] Failure to find org.eclipse.platform:org.eclipse.osgi/maven-metadata.xml in https://oss.sonatype.org/content/repositories/snapshots was cached in the local repository, resolution will not be reattempted until the update interval of sonatype-nexus-snapshots has elapsed or updates are forced
[DEBUG] Failure to find org.eclipse.platform:org.eclipse.osgi/maven-metadata.xml in http://maven.inria.fr/artifactory/spoon-public-snapshot was cached in the local repository, resolution will not be reattempted until the update interval of maven.inria.fr-snapshot has elapsed or updates are forced
[DEBUG] Failure to find org.eclipse.platform:org.eclipse.osgi/maven-metadata.xml in http://maven.inria.fr/artifactory/triskell-public-release was cached in the local repository, resolution will not be reattempted until the update interval of inria has elapsed or updates are forced
[DEBUG] Could not find metadata org.eclipse.platform:org.eclipse.core.runtime/maven-metadata.xml in local (/home/spirals/danglot/.m2/repository)
[DEBUG] Skipped remote request for org.eclipse.platform:org.eclipse.core.runtime/maven-metadata.xml, locally cached metadata up-to-date.
[DEBUG] Skipped remote request for org.eclipse.platform:org.eclipse.core.runtime/maven-metadata.xml, already updated during this session.
[DEBUG] Failure to find org.eclipse.platform:org.eclipse.core.runtime/maven-metadata.xml in https://stamp-project.github.io/stamp-maven-repository/ was cached in the local repository, resolution will not be reattempted until the update interval of stamp-maven-repository-mvn-repo has elapsed or updates are forced
[DEBUG] Failure to find org.eclipse.platform:org.eclipse.core.runtime/maven-metadata.xml in https://repo.gradle.org/gradle/libs-releases-local/ was cached in the local repository, resolution will not be reattempted until the update interval of gradle-repo has elapsed or updates are forced
[DEBUG] Failure to find org.eclipse.platform:org.eclipse.core.runtime/maven-metadata.xml in https://oss.sonatype.org/content/repositories/snapshots was cached in the local repository, resolution will not be reattempted until the update interval of sonatype-nexus-snapshots has elapsed or updates are forced
[DEBUG] Failure to find org.eclipse.platform:org.eclipse.core.runtime/maven-metadata.xml in http://maven.inria.fr/artifactory/spoon-public-snapshot was cached in the local repository, resolution will not be reattempted until the update interval of maven.inria.fr-snapshot has elapsed or updates are forced
[DEBUG] Failure to find org.eclipse.platform:org.eclipse.core.runtime/maven-metadata.xml in http://maven.inria.fr/artifactory/triskell-public-release was cached in the local repository, resolution will not be reattempted until the update interval of inria has elapsed or updates are forced
[DEBUG] Could not find metadata org.eclipse.platform:org.eclipse.core.runtime/maven-metadata.xml in local (/home/spirals/danglot/.m2/repository)
[DEBUG] Skipped remote request for org.eclipse.platform:org.eclipse.core.runtime/maven-metadata.xml, locally cached metadata up-to-date.
[DEBUG] Skipped remote request for org.eclipse.platform:org.eclipse.core.runtime/maven-metadata.xml, already updated during this session.
[DEBUG] Failure to find org.eclipse.platform:org.eclipse.core.runtime/maven-metadata.xml in https://stamp-project.github.io/stamp-maven-repository/ was cached in the local repository, resolution will not be reattempted until the update interval of stamp-maven-repository-mvn-repo has elapsed or updates are forced
[DEBUG] Failure to find org.eclipse.platform:org.eclipse.core.runtime/maven-metadata.xml in https://repo.gradle.org/gradle/libs-releases-local/ was cached in the local repository, resolution will not be reattempted until the update interval of gradle-repo has elapsed or updates are forced
[DEBUG] Failure to find org.eclipse.platform:org.eclipse.core.runtime/maven-metadata.xml in https://oss.sonatype.org/content/repositories/snapshots was cached in the local repository, resolution will not be reattempted until the update interval of sonatype-nexus-snapshots has elapsed or updates are forced
[DEBUG] Failure to find org.eclipse.platform:org.eclipse.core.runtime/maven-metadata.xml in http://maven.inria.fr/artifactory/spoon-public-snapshot was cached in the local repository, resolution will not be reattempted until the update interval of maven.inria.fr-snapshot has elapsed or updates are forced
[DEBUG] Failure to find org.eclipse.platform:org.eclipse.core.runtime/maven-metadata.xml in http://maven.inria.fr/artifactory/triskell-public-release was cached in the local repository, resolution will not be reattempted until the update interval of inria has elapsed or updates are forced
[DEBUG] Could not find metadata org.eclipse.platform:org.eclipse.core.filesystem/maven-metadata.xml in local (/home/spirals/danglot/.m2/repository)
[DEBUG] Skipped remote request for org.eclipse.platform:org.eclipse.core.filesystem/maven-metadata.xml, locally cached metadata up-to-date.
[DEBUG] Skipped remote request for org.eclipse.platform:org.eclipse.core.filesystem/maven-metadata.xml, already updated during this session.
[DEBUG] Failure to find org.eclipse.platform:org.eclipse.core.filesystem/maven-metadata.xml in https://stamp-project.github.io/stamp-maven-repository/ was cached in the local repository, resolution will not be reattempted until the update interval of stamp-maven-repository-mvn-repo has elapsed or updates are forced
[DEBUG] Failure to find org.eclipse.platform:org.eclipse.core.filesystem/maven-metadata.xml in https://repo.gradle.org/gradle/libs-releases-local/ was cached in the local repository, resolution will not be reattempted until the update interval of gradle-repo has elapsed or updates are forced
[DEBUG] Failure to find org.eclipse.platform:org.eclipse.core.filesystem/maven-metadata.xml in https://oss.sonatype.org/content/repositories/snapshots was cached in the local repository, resolution will not be reattempted until the update interval of sonatype-nexus-snapshots has elapsed or updates are forced
[DEBUG] Failure to find org.eclipse.platform:org.eclipse.core.filesystem/maven-metadata.xml in http://maven.inria.fr/artifactory/spoon-public-snapshot was cached in the local repository, resolution will not be reattempted until the update interval of maven.inria.fr-snapshot has elapsed or updates are forced
[DEBUG] Failure to find org.eclipse.platform:org.eclipse.core.filesystem/maven-metadata.xml in http://maven.inria.fr/artifactory/triskell-public-release was cached in the local repository, resolution will not be reattempted until the update interval of inria has elapsed or updates are forced
[DEBUG] Could not find metadata org.eclipse.platform:org.eclipse.text/maven-metadata.xml in local (/home/spirals/danglot/.m2/repository)
[DEBUG] Skipped remote request for org.eclipse.platform:org.eclipse.text/maven-metadata.xml, locally cached metadata up-to-date.
[DEBUG] Failure to find org.eclipse.platform:org.eclipse.text/maven-metadata.xml in https://repo.gradle.org/gradle/libs-releases-local/ was cached in the local repository, resolution will not be reattempted until the update interval of gradle-repo has elapsed or updates are forced
[DEBUG] Failure to find org.eclipse.platform:org.eclipse.text/maven-metadata.xml in https://oss.sonatype.org/content/repositories/snapshots was cached in the local repository, resolution will not be reattempted until the update interval of sonatype-nexus-snapshots has elapsed or updates are forced
[DEBUG] Failure to find org.eclipse.platform:org.eclipse.text/maven-metadata.xml in http://maven.inria.fr/artifactory/spoon-public-snapshot was cached in the local repository, resolution will not be reattempted until the update interval of maven.inria.fr-snapshot has elapsed or updates are forced
[DEBUG] Failure to find org.eclipse.platform:org.eclipse.text/maven-metadata.xml in http://maven.inria.fr/artifactory/triskell-public-release was cached in the local repository, resolution will not be reattempted until the update interval of inria has elapsed or updates are forced
[DEBUG] Using transporter WagonTransporter with priority -1.0 for https://stamp-project.github.io/stamp-maven-repository/
[DEBUG] Using connector BasicRepositoryConnector with priority 0.0 for https://stamp-project.github.io/stamp-maven-repository/
Downloading from stamp-maven-repository-mvn-repo: https://stamp-project.github.io/stamp-maven-repository/org/eclipse/platform/org.eclipse.text/maven-metadata.xml
[DEBUG] Writing tracking file /home/spirals/danglot/.m2/repository/org/eclipse/platform/org.eclipse.text/resolver-status.properties
[DEBUG] Could not find metadata org.eclipse.platform:org.eclipse.text/maven-metadata.xml in stamp-maven-repository-mvn-repo (https://stamp-project.github.io/stamp-maven-repository/)
[DEBUG] Could not find metadata org.eclipse.platform:org.eclipse.core.commands/maven-metadata.xml in local (/home/spirals/danglot/.m2/repository)
[DEBUG] Skipped remote request for org.eclipse.platform:org.eclipse.core.commands/maven-metadata.xml, locally cached metadata up-to-date.
[DEBUG] Failure to find org.eclipse.platform:org.eclipse.core.commands/maven-metadata.xml in https://repo.gradle.org/gradle/libs-releases-local/ was cached in the local repository, resolution will not be reattempted until the update interval of gradle-repo has elapsed or updates are forced
[DEBUG] Failure to find org.eclipse.platform:org.eclipse.core.commands/maven-metadata.xml in https://oss.sonatype.org/content/repositories/snapshots was cached in the local repository, resolution will not be reattempted until the update interval of sonatype-nexus-snapshots has elapsed or updates are forced
[DEBUG] Failure to find org.eclipse.platform:org.eclipse.core.commands/maven-metadata.xml in http://maven.inria.fr/artifactory/spoon-public-snapshot was cached in the local repository, resolution will not be reattempted until the update interval of maven.inria.fr-snapshot has elapsed or updates are forced
[DEBUG] Failure to find org.eclipse.platform:org.eclipse.core.commands/maven-metadata.xml in http://maven.inria.fr/artifactory/triskell-public-release was cached in the local repository, resolution will not be reattempted until the update interval of inria has elapsed or updates are forced
[DEBUG] Using transporter WagonTransporter with priority -1.0 for https://stamp-project.github.io/stamp-maven-repository/
[DEBUG] Using connector BasicRepositoryConnector with priority 0.0 for https://stamp-project.github.io/stamp-maven-repository/
Downloading from stamp-maven-repository-mvn-repo: https://stamp-project.github.io/stamp-maven-repository/org/eclipse/platform/org.eclipse.core.commands/maven-metadata.xml
[DEBUG] Writing tracking file /home/spirals/danglot/.m2/repository/org/eclipse/platform/org.eclipse.core.commands/resolver-status.properties
[DEBUG] Could not find metadata org.eclipse.platform:org.eclipse.core.commands/maven-metadata.xml in stamp-maven-repository-mvn-repo (https://stamp-project.github.io/stamp-maven-repository/)
[DEBUG] Could not find metadata org.eclipse.platform:org.eclipse.equinox.common/maven-metadata.xml in local (/home/spirals/danglot/.m2/repository)
[DEBUG] Skipped remote request for org.eclipse.platform:org.eclipse.equinox.common/maven-metadata.xml, locally cached metadata up-to-date.
[DEBUG] Skipped remote request for org.eclipse.platform:org.eclipse.equinox.common/maven-metadata.xml, already updated during this session.
[DEBUG] Failure to find org.eclipse.platform:org.eclipse.equinox.common/maven-metadata.xml in https://stamp-project.github.io/stamp-maven-repository/ was cached in the local repository, resolution will not be reattempted until the update interval of stamp-maven-repository-mvn-repo has elapsed or updates are forced
[DEBUG] Failure to find org.eclipse.platform:org.eclipse.equinox.common/maven-metadata.xml in https://repo.gradle.org/gradle/libs-releases-local/ was cached in the local repository, resolution will not be reattempted until the update interval of gradle-repo has elapsed or updates are forced
[DEBUG] Failure to find org.eclipse.platform:org.eclipse.equinox.common/maven-metadata.xml in https://oss.sonatype.org/content/repositories/snapshots was cached in the local repository, resolution will not be reattempted until the update interval of sonatype-nexus-snapshots has elapsed or updates are forced
[DEBUG] Failure to find org.eclipse.platform:org.eclipse.equinox.common/maven-metadata.xml in http://maven.inria.fr/artifactory/spoon-public-snapshot was cached in the local repository, resolution will not be reattempted until the update interval of maven.inria.fr-snapshot has elapsed or updates are forced
[DEBUG] Failure to find org.eclipse.platform:org.eclipse.equinox.common/maven-metadata.xml in http://maven.inria.fr/artifactory/triskell-public-release was cached in the local repository, resolution will not be reattempted until the update interval of inria has elapsed or updates are forced
[DEBUG] Could not find metadata org.eclipse.platform:org.eclipse.core.runtime/maven-metadata.xml in local (/home/spirals/danglot/.m2/repository)
[DEBUG] Skipped remote request for org.eclipse.platform:org.eclipse.core.runtime/maven-metadata.xml, locally cached metadata up-to-date.
[DEBUG] Skipped remote request for org.eclipse.platform:org.eclipse.core.runtime/maven-metadata.xml, already updated during this session.
[DEBUG] Failure to find org.eclipse.platform:org.eclipse.core.runtime/maven-metadata.xml in https://stamp-project.github.io/stamp-maven-repository/ was cached in the local repository, resolution will not be reattempted until the update interval of stamp-maven-repository-mvn-repo has elapsed or updates are forced
[DEBUG] Failure to find org.eclipse.platform:org.eclipse.core.runtime/maven-metadata.xml in https://repo.gradle.org/gradle/libs-releases-local/ was cached in the local repository, resolution will not be reattempted until the update interval of gradle-repo has elapsed or updates are forced
[DEBUG] Failure to find org.eclipse.platform:org.eclipse.core.runtime/maven-metadata.xml in https://oss.sonatype.org/content/repositories/snapshots was cached in the local repository, resolution will not be reattempted until the update interval of sonatype-nexus-snapshots has elapsed or updates are forced
[DEBUG] Failure to find org.eclipse.platform:org.eclipse.core.runtime/maven-metadata.xml in http://maven.inria.fr/artifactory/spoon-public-snapshot was cached in the local repository, resolution will not be reattempted until the update interval of maven.inria.fr-snapshot has elapsed or updates are forced
[DEBUG] Failure to find org.eclipse.platform:org.eclipse.core.runtime/maven-metadata.xml in http://maven.inria.fr/artifactory/triskell-public-release was cached in the local repository, resolution will not be reattempted until the update interval of inria has elapsed or updates are forced
[DEBUG] Dependency collection stats: {ConflictMarker.analyzeTime=6225117, ConflictMarker.markTime=2386210, ConflictMarker.nodeCount=672, ConflictIdSorter.graphTime=4177549, ConflictIdSorter.topsortTime=213033, ConflictIdSorter.conflictIdCount=98, ConflictIdSorter.conflictIdCycleCount=0, ConflictResolver.totalTime=22716166, ConflictResolver.conflictItemCount=307, DefaultDependencyCollector.collectTime=5139053540, DefaultDependencyCollector.transformTime=35899356}
[DEBUG] eu.stamp-project:dspot-maven:jar:1.1.1-SNAPSHOT:
[DEBUG]    eu.stamp-project:dspot:jar:1.1.1-SNAPSHOT:compile
[DEBUG]       fr.inria.gforge.spoon:spoon-core:jar:7.1.0-SNAPSHOT:compile
[DEBUG]          org.eclipse.jdt:org.eclipse.jdt.core:jar:3.13.102:compile
[DEBUG]             org.eclipse.platform:org.eclipse.core.resources:jar:3.13.100:compile
[DEBUG]                org.eclipse.platform:org.eclipse.core.expressions:jar:3.6.200:compile
[DEBUG]             org.eclipse.platform:org.eclipse.core.runtime:jar:3.15.0:compile
[DEBUG]                org.eclipse.platform:org.eclipse.osgi:jar:3.13.100:compile
[DEBUG]                org.eclipse.platform:org.eclipse.equinox.common:jar:3.10.100:compile
[DEBUG]                org.eclipse.platform:org.eclipse.core.jobs:jar:3.10.100:compile
[DEBUG]                org.eclipse.platform:org.eclipse.equinox.registry:jar:3.8.100:compile
[DEBUG]                org.eclipse.platform:org.eclipse.equinox.preferences:jar:3.7.200:compile
[DEBUG]                org.eclipse.platform:org.eclipse.core.contenttype:jar:3.7.100:compile
[DEBUG]                org.eclipse.platform:org.eclipse.equinox.app:jar:1.3.600:compile
[DEBUG]             org.eclipse.platform:org.eclipse.core.filesystem:jar:1.7.200:compile
[DEBUG]             org.eclipse.platform:org.eclipse.text:jar:3.7.0:compile
[DEBUG]                org.eclipse.platform:org.eclipse.core.commands:jar:3.9.200:compile
[DEBUG]          com.martiansoftware:jsap:jar:2.1:compile
[DEBUG]          log4j:log4j:jar:1.2.17:compile
[DEBUG]          com.fasterxml.jackson.core:jackson-databind:jar:2.9.2:compile
[DEBUG]             com.fasterxml.jackson.core:jackson-annotations:jar:2.9.0:compile
[DEBUG]             com.fasterxml.jackson.core:jackson-core:jar:2.9.2:compile
[DEBUG]          org.benf:cfr:jar:0.132.0:compile
[DEBUG]       junit:junit:jar:4.12:compile
[DEBUG]          org.hamcrest:hamcrest-core:jar:1.3:compile
[DEBUG]       com.google.code.gson:gson:jar:2.8.0:compile
[DEBUG]       org.apache.maven.shared:maven-invoker:jar:3.0.0:compile
[DEBUG]       org.slf4j:slf4j-api:jar:1.7.25:compile
[DEBUG]       org.slf4j:slf4j-log4j12:jar:1.7.25:compile
[DEBUG]       org.jacoco:org.jacoco.core:jar:0.7.9:compile
[DEBUG]          org.ow2.asm:asm-debug-all:jar:5.2:compile
[DEBUG]       eu.stamp-project:descartes:jar:1.1:compile
[DEBUG]          org.pitest:pitest:jar:1.2.0:compile
[DEBUG]          org.pitest:pitest-entry:jar:1.2.0:compile
[DEBUG]             com.thoughtworks.xstream:xstream:jar:1.4.8:compile
[DEBUG]                xmlpull:xmlpull:jar:1.1.3.1:compile
[DEBUG]                xpp3:xpp3_min:jar:1.1.4c:compile
[DEBUG]       org.gradle:gradle-tooling-api:jar:4.0.1:compile
[DEBUG]       org.mockito:mockito-core:jar:2.10.0:compile
[DEBUG]          net.bytebuddy:byte-buddy:jar:1.7.4:runtime
[DEBUG]          net.bytebuddy:byte-buddy-agent:jar:1.7.4:runtime
[DEBUG]          org.objenesis:objenesis:jar:2.6:runtime
[DEBUG]       eu.stamp-project:test-runner:jar:jar-with-dependencies:1.1.0:compile
[DEBUG]       org.openclover:clover:jar:4.2.1:compile
[DEBUG]       fr.inria.gforge.spoon.labs:gumtree-spoon-ast-diff:jar:1.3:compile
[DEBUG]          com.github.gumtreediff:core:jar:2.0.0:compile
[DEBUG]             com.github.mpkorstanje:simmetrics-core:jar:3.0.3:compile
[DEBUG]                commons-codec:commons-codec:jar:1.10:compile
[DEBUG]             net.sf.trove4j:trove4j:jar:3.0.3:compile
[DEBUG]    org.apache.maven:maven-plugin-api:jar:3.5.0:compile
[DEBUG]       org.apache.maven:maven-artifact:jar:3.5.0:compile
[DEBUG]       org.eclipse.sisu:org.eclipse.sisu.plexus:jar:0.3.3:compile
[DEBUG]          javax.enterprise:cdi-api:jar:1.0:compile
[DEBUG]             javax.annotation:jsr250-api:jar:1.0:compile
[DEBUG]          org.eclipse.sisu:org.eclipse.sisu.inject:jar:0.3.3:compile
[DEBUG]    org.apache.maven.plugin-testing:maven-plugin-testing-harness:jar:3.3.0:compile
[DEBUG]       commons-io:commons-io:jar:2.2:compile
[DEBUG]       org.codehaus.plexus:plexus-archiver:jar:2.2:compile
[DEBUG]          org.codehaus.plexus:plexus-io:jar:2.0.4:compile
[DEBUG]    org.apache.maven:maven-compat:jar:3.5.0:compile
[DEBUG]       org.apache.maven:maven-model-builder:jar:3.5.0:compile
[DEBUG]          org.apache.maven:maven-builder-support:jar:3.5.0:compile
[DEBUG]          com.google.guava:guava:jar:20.0:compile
[DEBUG]       org.apache.maven:maven-settings:jar:3.5.0:compile
[DEBUG]       org.apache.maven:maven-resolver-provider:jar:3.5.0:compile
[DEBUG]       org.apache.maven.resolver:maven-resolver-api:jar:1.0.3:compile
[DEBUG]       org.apache.maven.resolver:maven-resolver-util:jar:1.0.3:compile
[DEBUG]       org.apache.maven.resolver:maven-resolver-impl:jar:1.0.3:compile
[DEBUG]       org.codehaus.plexus:plexus-utils:jar:3.0.24:compile
[DEBUG]       org.codehaus.plexus:plexus-interpolation:jar:1.24:compile
[DEBUG]       org.codehaus.plexus:plexus-component-annotations:jar:1.7.1:compile
[DEBUG]       org.apache.maven.wagon:wagon-provider-api:jar:2.12:compile
[DEBUG]    org.apache.maven:maven-core:jar:3.5.0:compile
[DEBUG]       org.apache.maven:maven-settings-builder:jar:3.5.0:compile
[DEBUG]       org.apache.maven:maven-repository-metadata:jar:3.5.0:compile
[DEBUG]       org.apache.maven.resolver:maven-resolver-spi:jar:1.0.3:compile
[DEBUG]       org.apache.maven.shared:maven-shared-utils:jar:3.1.0:compile
[DEBUG]       com.google.inject:guice:jar:no_aop:4.0:compile
[DEBUG]          javax.inject:javax.inject:jar:1:compile
[DEBUG]          aopalliance:aopalliance:jar:1.0:compile
[DEBUG]       org.codehaus.plexus:plexus-classworlds:jar:2.5.2:compile
[DEBUG]       org.sonatype.plexus:plexus-sec-dispatcher:jar:1.4:compile
[DEBUG]          org.sonatype.plexus:plexus-cipher:jar:1.4:compile
[DEBUG]       org.apache.commons:commons-lang3:jar:3.5:compile
[DEBUG]    org.apache.maven:maven-model:jar:3.5.0:compile
[DEBUG]    org.apache.maven:maven-aether-provider:jar:3.3.9:compile
[DEBUG]       org.eclipse.aether:aether-api:jar:1.0.2.v20150114:compile
[DEBUG]       org.eclipse.aether:aether-spi:jar:1.0.2.v20150114:compile
[DEBUG]       org.eclipse.aether:aether-util:jar:1.0.2.v20150114:compile
[DEBUG]       org.eclipse.aether:aether-impl:jar:1.0.2.v20150114:compile
[DEBUG]    org.apache.maven:maven-project:jar:2.2.1:compile
[DEBUG]       org.apache.maven:maven-profile:jar:2.2.1:compile
[DEBUG]       org.apache.maven:maven-artifact-manager:jar:2.2.1:compile
[DEBUG]          backport-util-concurrent:backport-util-concurrent:jar:3.1:compile
[DEBUG]       org.apache.maven:maven-plugin-registry:jar:2.2.1:compile
[DEBUG]       org.codehaus.plexus:plexus-container-default:jar:1.0-alpha-9-stable-1:compile
[DEBUG]          classworlds:classworlds:jar:1.1-alpha-2:compile
[DEBUG] Created new class realm plugin>eu.stamp-project:dspot-maven:1.1.1-SNAPSHOT
[DEBUG] Importing foreign packages into class realm plugin>eu.stamp-project:dspot-maven:1.1.1-SNAPSHOT
[DEBUG]   Imported:  < maven.api
[DEBUG] Populating class realm plugin>eu.stamp-project:dspot-maven:1.1.1-SNAPSHOT
[DEBUG]   Included: eu.stamp-project:dspot-maven:jar:1.1.1-SNAPSHOT
[DEBUG]   Included: eu.stamp-project:dspot:jar:1.1.1-SNAPSHOT
[DEBUG]   Included: fr.inria.gforge.spoon:spoon-core:jar:7.1.0-SNAPSHOT
[DEBUG]   Included: org.eclipse.jdt:org.eclipse.jdt.core:jar:3.13.102
[DEBUG]   Included: org.eclipse.platform:org.eclipse.core.resources:jar:3.13.100
[DEBUG]   Included: org.eclipse.platform:org.eclipse.core.expressions:jar:3.6.200
[DEBUG]   Included: org.eclipse.platform:org.eclipse.core.runtime:jar:3.15.0
[DEBUG]   Included: org.eclipse.platform:org.eclipse.osgi:jar:3.13.100
[DEBUG]   Included: org.eclipse.platform:org.eclipse.equinox.common:jar:3.10.100
[DEBUG]   Included: org.eclipse.platform:org.eclipse.core.jobs:jar:3.10.100
[DEBUG]   Included: org.eclipse.platform:org.eclipse.equinox.registry:jar:3.8.100
[DEBUG]   Included: org.eclipse.platform:org.eclipse.equinox.preferences:jar:3.7.200
[DEBUG]   Included: org.eclipse.platform:org.eclipse.core.contenttype:jar:3.7.100
[DEBUG]   Included: org.eclipse.platform:org.eclipse.equinox.app:jar:1.3.600
[DEBUG]   Included: org.eclipse.platform:org.eclipse.core.filesystem:jar:1.7.200
[DEBUG]   Included: org.eclipse.platform:org.eclipse.text:jar:3.7.0
[DEBUG]   Included: org.eclipse.platform:org.eclipse.core.commands:jar:3.9.200
[DEBUG]   Included: com.martiansoftware:jsap:jar:2.1
[DEBUG]   Included: log4j:log4j:jar:1.2.17
[DEBUG]   Included: com.fasterxml.jackson.core:jackson-databind:jar:2.9.2
[DEBUG]   Included: com.fasterxml.jackson.core:jackson-annotations:jar:2.9.0
[DEBUG]   Included: com.fasterxml.jackson.core:jackson-core:jar:2.9.2
[DEBUG]   Included: org.benf:cfr:jar:0.132.0
[DEBUG]   Included: junit:junit:jar:4.12
[DEBUG]   Included: org.hamcrest:hamcrest-core:jar:1.3
[DEBUG]   Included: com.google.code.gson:gson:jar:2.8.0
[DEBUG]   Included: org.apache.maven.shared:maven-invoker:jar:3.0.0
[DEBUG]   Included: org.slf4j:slf4j-log4j12:jar:1.7.25
[DEBUG]   Included: org.jacoco:org.jacoco.core:jar:0.7.9
[DEBUG]   Included: org.ow2.asm:asm-debug-all:jar:5.2
[DEBUG]   Included: eu.stamp-project:descartes:jar:1.1
[DEBUG]   Included: org.pitest:pitest:jar:1.2.0
[DEBUG]   Included: org.pitest:pitest-entry:jar:1.2.0
[DEBUG]   Included: com.thoughtworks.xstream:xstream:jar:1.4.8
[DEBUG]   Included: xmlpull:xmlpull:jar:1.1.3.1
[DEBUG]   Included: xpp3:xpp3_min:jar:1.1.4c
[DEBUG]   Included: org.gradle:gradle-tooling-api:jar:4.0.1
[DEBUG]   Included: org.mockito:mockito-core:jar:2.10.0
[DEBUG]   Included: net.bytebuddy:byte-buddy:jar:1.7.4
[DEBUG]   Included: net.bytebuddy:byte-buddy-agent:jar:1.7.4
[DEBUG]   Included: org.objenesis:objenesis:jar:2.6
[DEBUG]   Included: eu.stamp-project:test-runner:jar:jar-with-dependencies:1.1.0
[DEBUG]   Included: org.openclover:clover:jar:4.2.1
[DEBUG]   Included: fr.inria.gforge.spoon.labs:gumtree-spoon-ast-diff:jar:1.3
[DEBUG]   Included: com.github.gumtreediff:core:jar:2.0.0
[DEBUG]   Included: com.github.mpkorstanje:simmetrics-core:jar:3.0.3
[DEBUG]   Included: commons-codec:commons-codec:jar:1.10
[DEBUG]   Included: net.sf.trove4j:trove4j:jar:3.0.3
[DEBUG]   Included: javax.enterprise:cdi-api:jar:1.0
[DEBUG]   Included: org.eclipse.sisu:org.eclipse.sisu.inject:jar:0.3.3
[DEBUG]   Included: org.apache.maven.plugin-testing:maven-plugin-testing-harness:jar:3.3.0
[DEBUG]   Included: commons-io:commons-io:jar:2.2
[DEBUG]   Included: org.codehaus.plexus:plexus-archiver:jar:2.2
[DEBUG]   Included: org.codehaus.plexus:plexus-io:jar:2.0.4
[DEBUG]   Included: org.apache.maven:maven-builder-support:jar:3.5.0
[DEBUG]   Included: com.google.guava:guava:jar:20.0
[DEBUG]   Included: org.apache.maven.resolver:maven-resolver-util:jar:1.0.3
[DEBUG]   Included: org.codehaus.plexus:plexus-utils:jar:3.0.24
[DEBUG]   Included: org.codehaus.plexus:plexus-interpolation:jar:1.24
[DEBUG]   Included: org.codehaus.plexus:plexus-component-annotations:jar:1.7.1
[DEBUG]   Included: org.apache.maven.shared:maven-shared-utils:jar:3.1.0
[DEBUG]   Included: com.google.inject:guice:jar:no_aop:4.0
[DEBUG]   Included: aopalliance:aopalliance:jar:1.0
[DEBUG]   Included: org.sonatype.plexus:plexus-sec-dispatcher:jar:1.4
[DEBUG]   Included: org.sonatype.plexus:plexus-cipher:jar:1.4
[DEBUG]   Included: org.apache.commons:commons-lang3:jar:3.5
[DEBUG]   Included: org.eclipse.aether:aether-util:jar:1.0.2.v20150114
[DEBUG]   Included: backport-util-concurrent:backport-util-concurrent:jar:3.1
[DEBUG] Configuring mojo eu.stamp-project:dspot-maven:1.1.1-SNAPSHOT:amplify-unit-tests from plugin realm ClassRealm[plugin>eu.stamp-project:dspot-maven:1.1.1-SNAPSHOT, parent: sun.misc.Launcher$AppClassLoader@55f96302]
[DEBUG] Configuring mojo 'eu.stamp-project:dspot-maven:1.1.1-SNAPSHOT:amplify-unit-tests' with basic configurator -->
[DEBUG]   (f) amplifiers = [TestDataMutator, MethodAdd, MethodRemove, MethodGeneratorAmplifier, ReturnValueAmplifier, NullifierAmplifier]
[DEBUG]   (f) automaticBuilder = MavenBuilder
[DEBUG]   (f) budgetizer = SimpleBudgetizer
[DEBUG]   (f) cases = []
[DEBUG]   (f) clean = true
[DEBUG]   (f) descartes = false
[DEBUG]   (f) example = false
[DEBUG]   (f) generateNewTestClass = true
[DEBUG]   (f) help = false
[DEBUG]   (f) iteration = 3
[DEBUG]   (f) maxTestAmplified = 200
[DEBUG]   (f) noMinimize = false
[DEBUG]   (f) outputPath = /tmp/icst-2019/september-2018/result/jsoup/commit_18_18ef323/input_amplification
[DEBUG]   (f) pathToSecondVersion = /tmp/icst-2019/september-2018/dataset/jsoup
[DEBUG]   (f) pathToTestListCsv = /tmp/icst-2019/september-2018/result/jsoup/commit_18_18ef323/testsThatExecuteTheChanges.csv
[DEBUG]   (f) project = MavenProject: org.jsoup:jsoup:1.11.3-SNAPSHOT @ /tmp/icst-2019/september-2018/dataset/jsoup_parent/pom.xml
[DEBUG]   (f) randomSeed = 23
[DEBUG]   (f) test = [all]
[DEBUG]   (f) testCriterion = ChangeDetectorSelector
[DEBUG]   (f) timeOut = 10000
[DEBUG]   (f) useMavenToExeTest = false
[DEBUG]   (f) verbose = true
[DEBUG]   (f) withComment = false
[DEBUG]   (f) workingDirectory = false
[DEBUG] -- end configuration --
[INFO] Path to runner Classes: /home/spirals/danglot/.m2/repository/eu/stamp-project/test-runner/1.1.0/test-runner-1.1.0-jar-with-dependencies.jar
[INFO] /home/spirals/danglot/.m2/repository/org/jacoco/org.jacoco.core/0.7.9/org.jacoco.core-0.7.9.jar
[INFO] /home/spirals/danglot/.m2/repository/org/ow2/asm/asm-debug-all/5.2/asm-debug-all-5.2.jar
[INFO] /home/spirals/danglot/.m2/repository/eu/stamp-project/test-runner/1.1.0/test-runner-1.1.0-jar-with-dependencies.jar
[WARNING] automaticBuilderName: unknown automatic builder specified in configuration, going to default.
[INFO] Default: provided Maven automatic builder.
[INFO] Using /home/spirals/danglot/apache-maven-3.5.4 for maven home
[INFO] run maven: {}/bin/mvn /home/spirals/danglot/apache-maven-3.5.4
[WARN] Maven will be executed in interactive mode, but no input stream has been configured for this MavenInvoker instance.
[INFO] Scanning for projects...
[INFO] 
[INFO] --------------------------< org.jsoup:jsoup >---------------------------
[INFO] Building jsoup Java HTML Parser 1.11.3-SNAPSHOT
[INFO] --------------------------------[ jar ]---------------------------------
[INFO] 
[INFO] --- maven-clean-plugin:2.5:clean (default-clean) @ jsoup ---
[INFO] Deleting /tmp/icst-2019/september-2018/dataset/jsoup_parent/target
[INFO] 
[INFO] --- maven-resources-plugin:3.0.1:resources (default-resources) @ jsoup ---
[INFO] Using 'UTF-8' encoding to copy filtered resources.
[INFO] Copying 0 resource
[INFO] Copying 3 resources to META-INF/
[INFO] 
[INFO] --- maven-compiler-plugin:3.5.1:compile (default-compile) @ jsoup ---
[INFO] Changes detected - recompiling the module!
[INFO] Compiling 67 source files to /tmp/icst-2019/september-2018/dataset/jsoup_parent/target/classes
[INFO] /tmp/icst-2019/september-2018/dataset/jsoup_parent/src/main/java/org/jsoup/nodes/Attributes.java: Some input files use or override a deprecated API.
[INFO] /tmp/icst-2019/september-2018/dataset/jsoup_parent/src/main/java/org/jsoup/nodes/Attributes.java: Recompile with -Xlint:deprecation for details.
[INFO] 
[INFO] --- animal-sniffer-maven-plugin:1.16:check (animal-sniffer) @ jsoup ---
[INFO] Checking unresolved references to net.sf.androidscents.signature:android-api-level-8:2.2_r3
[INFO] 
[INFO] >>> maven-bundle-plugin:2.5.4:manifest (bundle-manifest) > process-classes @ jsoup >>>
[INFO] 
[INFO] --- maven-resources-plugin:3.0.1:resources (default-resources) @ jsoup ---
[INFO] Using 'UTF-8' encoding to copy filtered resources.
[INFO] Copying 0 resource
[INFO] Copying 3 resources to META-INF/
[INFO] 
[INFO] --- maven-compiler-plugin:3.5.1:compile (default-compile) @ jsoup ---
[INFO] Changes detected - recompiling the module!
[INFO] Compiling 67 source files to /tmp/icst-2019/september-2018/dataset/jsoup_parent/target/classes
[INFO] /tmp/icst-2019/september-2018/dataset/jsoup_parent/src/main/java/org/jsoup/nodes/Attributes.java: Some input files use or override a deprecated API.
[INFO] /tmp/icst-2019/september-2018/dataset/jsoup_parent/src/main/java/org/jsoup/nodes/Attributes.java: Recompile with -Xlint:deprecation for details.
[INFO] 
[INFO] --- animal-sniffer-maven-plugin:1.16:check (animal-sniffer) @ jsoup ---
[INFO] Checking unresolved references to net.sf.androidscents.signature:android-api-level-8:2.2_r3
[INFO] 
[INFO] <<< maven-bundle-plugin:2.5.4:manifest (bundle-manifest) < process-classes @ jsoup <<<
[INFO] 
[INFO] 
[INFO] --- maven-bundle-plugin:2.5.4:manifest (bundle-manifest) @ jsoup ---
[INFO] 
[INFO] --- maven-resources-plugin:3.0.1:testResources (default-testResources) @ jsoup ---
[INFO] Using 'UTF-8' encoding to copy filtered resources.
[INFO] Copying 25 resources
[INFO] 
[INFO] --- maven-compiler-plugin:3.5.1:testCompile (default-testCompile) @ jsoup ---
[INFO] Changes detected - recompiling the module!
[INFO] Compiling 45 source files to /tmp/icst-2019/september-2018/dataset/jsoup_parent/target/test-classes
[INFO] /tmp/icst-2019/september-2018/dataset/jsoup_parent/src/test/java/org/jsoup/parser/AttributeParseTest.java: Some input files use or override a deprecated API.
[INFO] /tmp/icst-2019/september-2018/dataset/jsoup_parent/src/test/java/org/jsoup/parser/AttributeParseTest.java: Recompile with -Xlint:deprecation for details.
[INFO] 
[INFO] --- maven-surefire-plugin:2.12.4:test (default-test) @ jsoup ---
[INFO] Tests are skipped.
[INFO] 
[INFO] --- maven-dependency-plugin:2.8:build-classpath (default-cli) @ jsoup ---
[INFO] Wrote classpath file '/tmp/icst-2019/september-2018/dataset/jsoup_parent/target/dspot/classpath'.
[INFO] ------------------------------------------------------------------------
[INFO] BUILD SUCCESS
[INFO] ------------------------------------------------------------------------
[INFO] Total time: 10.341 s
[INFO] Finished at: 2018-10-01T06:46:45+02:00
[INFO] ------------------------------------------------------------------------
[INFO] Using /home/spirals/danglot/apache-maven-3.5.4 for maven home
[INFO] run maven: {}/bin/mvn /home/spirals/danglot/apache-maven-3.5.4
[WARN] Maven will be executed in interactive mode, but no input stream has been configured for this MavenInvoker instance.
[INFO] Scanning for projects...
[INFO] 
[INFO] --------------------------< org.jsoup:jsoup >---------------------------
[INFO] Building jsoup Java HTML Parser 1.11.3-SNAPSHOT
[INFO] --------------------------------[ jar ]---------------------------------
[INFO] 
[INFO] --- maven-clean-plugin:2.5:clean (default-clean) @ jsoup ---
[INFO] Deleting /tmp/icst-2019/september-2018/dataset/jsoup/target
[INFO] 
[INFO] --- maven-resources-plugin:3.0.1:resources (default-resources) @ jsoup ---
[INFO] Using 'UTF-8' encoding to copy filtered resources.
[INFO] Copying 0 resource
[INFO] Copying 3 resources to META-INF/
[INFO] 
[INFO] --- maven-compiler-plugin:3.5.1:compile (default-compile) @ jsoup ---
[INFO] Changes detected - recompiling the module!
[INFO] Compiling 67 source files to /tmp/icst-2019/september-2018/dataset/jsoup/target/classes
[INFO] /tmp/icst-2019/september-2018/dataset/jsoup/src/main/java/org/jsoup/nodes/Attributes.java: Some input files use or override a deprecated API.
[INFO] /tmp/icst-2019/september-2018/dataset/jsoup/src/main/java/org/jsoup/nodes/Attributes.java: Recompile with -Xlint:deprecation for details.
[INFO] 
[INFO] --- animal-sniffer-maven-plugin:1.16:check (animal-sniffer) @ jsoup ---
[INFO] Checking unresolved references to net.sf.androidscents.signature:android-api-level-8:2.2_r3
[INFO] 
[INFO] >>> maven-bundle-plugin:2.5.4:manifest (bundle-manifest) > process-classes @ jsoup >>>
[INFO] 
[INFO] --- maven-resources-plugin:3.0.1:resources (default-resources) @ jsoup ---
[INFO] Using 'UTF-8' encoding to copy filtered resources.
[INFO] Copying 0 resource
[INFO] Copying 3 resources to META-INF/
[INFO] 
[INFO] --- maven-compiler-plugin:3.5.1:compile (default-compile) @ jsoup ---
[INFO] Changes detected - recompiling the module!
[INFO] Compiling 67 source files to /tmp/icst-2019/september-2018/dataset/jsoup/target/classes
[INFO] /tmp/icst-2019/september-2018/dataset/jsoup/src/main/java/org/jsoup/nodes/Attributes.java: Some input files use or override a deprecated API.
[INFO] /tmp/icst-2019/september-2018/dataset/jsoup/src/main/java/org/jsoup/nodes/Attributes.java: Recompile with -Xlint:deprecation for details.
[INFO] 
[INFO] --- animal-sniffer-maven-plugin:1.16:check (animal-sniffer) @ jsoup ---
[INFO] Checking unresolved references to net.sf.androidscents.signature:android-api-level-8:2.2_r3
[INFO] 
[INFO] <<< maven-bundle-plugin:2.5.4:manifest (bundle-manifest) < process-classes @ jsoup <<<
[INFO] 
[INFO] 
[INFO] --- maven-bundle-plugin:2.5.4:manifest (bundle-manifest) @ jsoup ---
[INFO] 
[INFO] --- maven-resources-plugin:3.0.1:testResources (default-testResources) @ jsoup ---
[INFO] Using 'UTF-8' encoding to copy filtered resources.
[INFO] Copying 25 resources
[INFO] 
[INFO] --- maven-compiler-plugin:3.5.1:testCompile (default-testCompile) @ jsoup ---
[INFO] Changes detected - recompiling the module!
[INFO] Compiling 45 source files to /tmp/icst-2019/september-2018/dataset/jsoup/target/test-classes
[INFO] /tmp/icst-2019/september-2018/dataset/jsoup/src/test/java/org/jsoup/parser/AttributeParseTest.java: Some input files use or override a deprecated API.
[INFO] /tmp/icst-2019/september-2018/dataset/jsoup/src/test/java/org/jsoup/parser/AttributeParseTest.java: Recompile with -Xlint:deprecation for details.
[INFO] 
[INFO] --- maven-surefire-plugin:2.12.4:test (default-test) @ jsoup ---
[INFO] Tests are skipped.
[INFO] 
[INFO] --- maven-dependency-plugin:2.8:build-classpath (default-cli) @ jsoup ---
[INFO] Wrote classpath file '/tmp/icst-2019/september-2018/dataset/jsoup/target/dspot/classpath'.
[INFO] ------------------------------------------------------------------------
[INFO] BUILD SUCCESS
[INFO] ------------------------------------------------------------------------
[INFO] Total time: 9.485 s
[INFO] Finished at: 2018-10-01T06:47:01+02:00
[INFO] ------------------------------------------------------------------------
[INFO] Amplification of org.jsoup.helper.W3CDomTest (2 test(s))
[INFO] Assertion amplification of org.jsoup.helper.W3CDomTest (2 test(s))
[INFO] Run: java -classpath /tmp/icst-2019/september-2018/dataset/jsoup_parent/target/test-classes:/tmp/icst-2019/september-2018/dataset/jsoup_parent/target/classes/:/home/spirals/danglot/.m2/repository/junit/junit/4.12/junit-4.12.jar:/home/spirals/danglot/.m2/repository/org/hamcrest/hamcrest-core/1.3/hamcrest-core-1.3.jar:/home/spirals/danglot/.m2/repository/com/google/code/gson/gson/2.7/gson-2.7.jar:/home/spirals/danglot/.m2/repository/org/eclipse/jetty/jetty-server/9.2.22.v20170606/jetty-server-9.2.22.v20170606.jar:/home/spirals/danglot/.m2/repository/javax/servlet/javax.servlet-api/3.1.0/javax.servlet-api-3.1.0.jar:/home/spirals/danglot/.m2/repository/org/eclipse/jetty/jetty-http/9.2.22.v20170606/jetty-http-9.2.22.v20170606.jar:/home/spirals/danglot/.m2/repository/org/eclipse/jetty/jetty-util/9.2.22.v20170606/jetty-util-9.2.22.v20170606.jar:/home/spirals/danglot/.m2/repository/org/eclipse/jetty/jetty-io/9.2.22.v20170606/jetty-io-9.2.22.v20170606.jar:/home/spirals/danglot/.m2/repository/org/eclipse/jetty/jetty-servlet/9.2.22.v20170606/jetty-servlet-9.2.22.v20170606.jar:/home/spirals/danglot/.m2/repository/org/eclipse/jetty/jetty-security/9.2.22.v20170606/jetty-security-9.2.22.v20170606.jar:/tmp/icst-2019/september-2018/dataset/jsoup_parent/target/dspot/dependencies/:/home/spirals/danglot/.m2/repository/eu/stamp-project/test-runner/1.1.0/test-runner-1.1.0-jar-with-dependencies.jar eu.stamp_project.testrunner.runner.test.TestRunner org.jsoup.helper.W3CDomTest convertsGoogleLocation:convertsGoogle
File saved to the following path: /tmp/icst-2019/september-2018/dataset/jsoup_parent/target/dspot/TestListener.ser
Loading /tmp/icst-2019/september-2018/dataset/jsoup_parent/target/dspot/TestListener.ser
[INFO] Test has been run: convertsGoogleLocation,convertsGoogle
[INFO] Run tests. (2)
[INFO] Run: java -classpath /tmp/icst-2019/september-2018/dataset/jsoup_parent/target/test-classes:/tmp/icst-2019/september-2018/dataset/jsoup_parent/target/classes/:/home/spirals/danglot/.m2/repository/junit/junit/4.12/junit-4.12.jar:/home/spirals/danglot/.m2/repository/org/hamcrest/hamcrest-core/1.3/hamcrest-core-1.3.jar:/home/spirals/danglot/.m2/repository/com/google/code/gson/gson/2.7/gson-2.7.jar:/home/spirals/danglot/.m2/repository/org/eclipse/jetty/jetty-server/9.2.22.v20170606/jetty-server-9.2.22.v20170606.jar:/home/spirals/danglot/.m2/repository/javax/servlet/javax.servlet-api/3.1.0/javax.servlet-api-3.1.0.jar:/home/spirals/danglot/.m2/repository/org/eclipse/jetty/jetty-http/9.2.22.v20170606/jetty-http-9.2.22.v20170606.jar:/home/spirals/danglot/.m2/repository/org/eclipse/jetty/jetty-util/9.2.22.v20170606/jetty-util-9.2.22.v20170606.jar:/home/spirals/danglot/.m2/repository/org/eclipse/jetty/jetty-io/9.2.22.v20170606/jetty-io-9.2.22.v20170606.jar:/home/spirals/danglot/.m2/repository/org/eclipse/jetty/jetty-servlet/9.2.22.v20170606/jetty-servlet-9.2.22.v20170606.jar:/home/spirals/danglot/.m2/repository/org/eclipse/jetty/jetty-security/9.2.22.v20170606/jetty-security-9.2.22.v20170606.jar:/tmp/icst-2019/september-2018/dataset/jsoup_parent/target/dspot/dependencies/:/home/spirals/danglot/.m2/repository/eu/stamp-project/test-runner/1.1.0/test-runner-1.1.0-jar-with-dependencies.jar eu.stamp_project.testrunner.runner.test.TestRunner org.jsoup.helper.W3CDomTest convertsGoogleLocation:convertsGoogle
File saved to the following path: /tmp/icst-2019/september-2018/dataset/jsoup_parent/target/dspot/TestListener.ser
Loading /tmp/icst-2019/september-2018/dataset/jsoup_parent/target/dspot/TestListener.ser
[INFO] Test has been run: convertsGoogleLocation,convertsGoogle
[INFO] 2 test pass, generating assertion...
[INFO] Add observations points in passing tests.
[INFO] Instrumentation...
 50% |========================= ]/100% |================================================== ]-
[INFO] Run instrumented tests. (6)
[INFO] Run: java -classpath /tmp/icst-2019/september-2018/dataset/jsoup_parent/target/test-classes:/tmp/icst-2019/september-2018/dataset/jsoup_parent/target/classes/:/home/spirals/danglot/.m2/repository/junit/junit/4.12/junit-4.12.jar:/home/spirals/danglot/.m2/repository/org/hamcrest/hamcrest-core/1.3/hamcrest-core-1.3.jar:/home/spirals/danglot/.m2/repository/com/google/code/gson/gson/2.7/gson-2.7.jar:/home/spirals/danglot/.m2/repository/org/eclipse/jetty/jetty-server/9.2.22.v20170606/jetty-server-9.2.22.v20170606.jar:/home/spirals/danglot/.m2/repository/javax/servlet/javax.servlet-api/3.1.0/javax.servlet-api-3.1.0.jar:/home/spirals/danglot/.m2/repository/org/eclipse/jetty/jetty-http/9.2.22.v20170606/jetty-http-9.2.22.v20170606.jar:/home/spirals/danglot/.m2/repository/org/eclipse/jetty/jetty-util/9.2.22.v20170606/jetty-util-9.2.22.v20170606.jar:/home/spirals/danglot/.m2/repository/org/eclipse/jetty/jetty-io/9.2.22.v20170606/jetty-io-9.2.22.v20170606.jar:/home/spirals/danglot/.m2/repository/org/eclipse/jetty/jetty-servlet/9.2.22.v20170606/jetty-servlet-9.2.22.v20170606.jar:/home/spirals/danglot/.m2/repository/org/eclipse/jetty/jetty-security/9.2.22.v20170606/jetty-security-9.2.22.v20170606.jar:/tmp/icst-2019/september-2018/dataset/jsoup_parent/target/dspot/dependencies/:/home/spirals/danglot/.m2/repository/eu/stamp-project/test-runner/1.1.0/test-runner-1.1.0-jar-with-dependencies.jar eu.stamp_project.testrunner.runner.test.TestRunner org.jsoup.helper.W3CDomTest convertsGoogleLocation_withlog0:convertsGoogle_withlog0:convertsGoogleLocation_withlog1:convertsGoogle_withlog1:convertsGoogleLocation_withlog2:convertsGoogle_withlog2
File saved to the following path: /tmp/icst-2019/september-2018/dataset/jsoup_parent/target/dspot/observations.ser
File saved to the following path: /tmp/icst-2019/september-2018/dataset/jsoup_parent/target/dspot/TestListener.ser
Loading /tmp/icst-2019/september-2018/dataset/jsoup_parent/target/dspot/TestListener.ser
[INFO] Test has been run: convertsGoogle_withlog0,convertsGoogle_withlog1,convertsGoogle_withlog2,convertsGoogleLocation_withlog0,convertsGoogleLocation_withlog1,convertsGoogleLocation_withlog2
[INFO] Generating assertions...
[INFO] 2 new tests with assertions generated
[INFO] Run: java -classpath /tmp/icst-2019/september-2018/dataset/jsoup_parent/target/test-classes:/tmp/icst-2019/september-2018/dataset/jsoup_parent/target/classes/:/home/spirals/danglot/.m2/repository/junit/junit/4.12/junit-4.12.jar:/home/spirals/danglot/.m2/repository/org/hamcrest/hamcrest-core/1.3/hamcrest-core-1.3.jar:/home/spirals/danglot/.m2/repository/com/google/code/gson/gson/2.7/gson-2.7.jar:/home/spirals/danglot/.m2/repository/org/eclipse/jetty/jetty-server/9.2.22.v20170606/jetty-server-9.2.22.v20170606.jar:/home/spirals/danglot/.m2/repository/javax/servlet/javax.servlet-api/3.1.0/javax.servlet-api-3.1.0.jar:/home/spirals/danglot/.m2/repository/org/eclipse/jetty/jetty-http/9.2.22.v20170606/jetty-http-9.2.22.v20170606.jar:/home/spirals/danglot/.m2/repository/org/eclipse/jetty/jetty-util/9.2.22.v20170606/jetty-util-9.2.22.v20170606.jar:/home/spirals/danglot/.m2/repository/org/eclipse/jetty/jetty-io/9.2.22.v20170606/jetty-io-9.2.22.v20170606.jar:/home/spirals/danglot/.m2/repository/org/eclipse/jetty/jetty-servlet/9.2.22.v20170606/jetty-servlet-9.2.22.v20170606.jar:/home/spirals/danglot/.m2/repository/org/eclipse/jetty/jetty-security/9.2.22.v20170606/jetty-security-9.2.22.v20170606.jar:/tmp/icst-2019/september-2018/dataset/jsoup_parent/target/dspot/dependencies/:/home/spirals/danglot/.m2/repository/eu/stamp-project/test-runner/1.1.0/test-runner-1.1.0-jar-with-dependencies.jar eu.stamp_project.testrunner.runner.test.TestRunner org.jsoup.helper.W3CDomTest convertsGoogleLocation:convertsGoogle
File saved to the following path: /tmp/icst-2019/september-2018/dataset/jsoup_parent/target/dspot/TestListener.ser
Loading /tmp/icst-2019/september-2018/dataset/jsoup_parent/target/dspot/TestListener.ser
[INFO] Test has been run: convertsGoogleLocation,convertsGoogle
[INFO] Assertion amplification: 2 test method(s) has been successfully amplified.
[WARN] 2018-10-01 06:47:07 Launcher - You specified the directory /tmp/icst-2019/september-2018/dataset/jsoup/target/classes in source classpath, please note that only class files will be considered. Jars and subdirectories will be ignored.
[WARN] 2018-10-01 06:47:07 Launcher - You specified the directory /tmp/icst-2019/september-2018/dataset/jsoup/target/test-classes in source classpath, please note that only class files will be considered. Jars and subdirectories will be ignored.
[WARN] 2018-10-01 06:47:07 Launcher - You specified the directory /tmp/icst-2019/september-2018/dataset/jsoup/target/dspot/dependencies in source classpath, please note that only class files will be considered. Jars and subdirectories will be ignored.
[INFO] Run: java -classpath /tmp/icst-2019/september-2018/dataset/jsoup/target/classes/:/tmp/icst-2019/september-2018/dataset/jsoup/target/test-classes/:/home/spirals/danglot/.m2/repository/junit/junit/4.12/junit-4.12.jar:/home/spirals/danglot/.m2/repository/org/hamcrest/hamcrest-core/1.3/hamcrest-core-1.3.jar:/home/spirals/danglot/.m2/repository/com/google/code/gson/gson/2.7/gson-2.7.jar:/home/spirals/danglot/.m2/repository/org/eclipse/jetty/jetty-server/9.2.22.v20170606/jetty-server-9.2.22.v20170606.jar:/home/spirals/danglot/.m2/repository/javax/servlet/javax.servlet-api/3.1.0/javax.servlet-api-3.1.0.jar:/home/spirals/danglot/.m2/repository/org/eclipse/jetty/jetty-http/9.2.22.v20170606/jetty-http-9.2.22.v20170606.jar:/home/spirals/danglot/.m2/repository/org/eclipse/jetty/jetty-util/9.2.22.v20170606/jetty-util-9.2.22.v20170606.jar:/home/spirals/danglot/.m2/repository/org/eclipse/jetty/jetty-io/9.2.22.v20170606/jetty-io-9.2.22.v20170606.jar:/home/spirals/danglot/.m2/repository/org/eclipse/jetty/jetty-servlet/9.2.22.v20170606/jetty-servlet-9.2.22.v20170606.jar:/home/spirals/danglot/.m2/repository/org/eclipse/jetty/jetty-security/9.2.22.v20170606/jetty-security-9.2.22.v20170606.jar:/tmp/icst-2019/september-2018/dataset/jsoup/target/dspot/dependencies/:/home/spirals/danglot/.m2/repository/eu/stamp-project/test-runner/1.1.0/test-runner-1.1.0-jar-with-dependencies.jar eu.stamp_project.testrunner.runner.test.TestRunner org.jsoup.helper.W3CDomTest convertsGoogleLocation:convertsGoogle
File saved to the following path: /tmp/icst-2019/september-2018/dataset/jsoup_parent/target/dspot/TestListener.ser
Loading /tmp/icst-2019/september-2018/dataset/jsoup_parent/target/dspot/TestListener.ser
[INFO] Test has been run: convertsGoogle,convertsGoogleLocation(org.jsoup.helper.W3CDomTest): expected:<...r-2018/dataset/jsoup[_parent]/target/test-classes...> but was:<...r-2018/dataset/jsoup[]/target/test-classes...>
[INFO] 1 amplified test methods has been selected to be kept. (global: 1)
[INFO] Applying Input-amplification and Assertion-amplification test by test.
[INFO] Amplification of convertsGoogleLocation, (1/2)
[INFO] iteration 0 / 3
[INFO] 1 tests selected to be amplified over 1 available tests
[INFO] Amplification of inputs...
100% |================================================== ]/
[INFO] 41 new tests generated
[INFO] Run tests. (41)
[ERROR] Error(s) during compilation:
[ERROR] Pb(102) The method parse(String, String) is ambiguous for the type Jsoup
[INFO] Run: java -classpath /tmp/icst-2019/september-2018/dataset/jsoup_parent/target/test-classes:/tmp/icst-2019/september-2018/dataset/jsoup_parent/target/classes/:/home/spirals/danglot/.m2/repository/junit/junit/4.12/junit-4.12.jar:/home/spirals/danglot/.m2/repository/org/hamcrest/hamcrest-core/1.3/hamcrest-core-1.3.jar:/home/spirals/danglot/.m2/repository/com/google/code/gson/gson/2.7/gson-2.7.jar:/home/spirals/danglot/.m2/repository/org/eclipse/jetty/jetty-server/9.2.22.v20170606/jetty-server-9.2.22.v20170606.jar:/home/spirals/danglot/.m2/repository/javax/servlet/javax.servlet-api/3.1.0/javax.servlet-api-3.1.0.jar:/home/spirals/danglot/.m2/repository/org/eclipse/jetty/jetty-http/9.2.22.v20170606/jetty-http-9.2.22.v20170606.jar:/home/spirals/danglot/.m2/repository/org/eclipse/jetty/jetty-util/9.2.22.v20170606/jetty-util-9.2.22.v20170606.jar:/home/spirals/danglot/.m2/repository/org/eclipse/jetty/jetty-io/9.2.22.v20170606/jetty-io-9.2.22.v20170606.jar:/home/spirals/danglot/.m2/repository/org/eclipse/jetty/jetty-servlet/9.2.22.v20170606/jetty-servlet-9.2.22.v20170606.jar:/home/spirals/danglot/.m2/repository/org/eclipse/jetty/jetty-security/9.2.22.v20170606/jetty-security-9.2.22.v20170606.jar:/tmp/icst-2019/september-2018/dataset/jsoup_parent/target/dspot/dependencies/:/home/spirals/danglot/.m2/repository/eu/stamp-project/test-runner/1.1.0/test-runner-1.1.0-jar-with-dependencies.jar eu.stamp_project.testrunner.runner.test.TestRunner org.jsoup.helper.W3CDomTest convertsGoogleLocation_literalMutationString1:convertsGoogleLocation_literalMutationString2:convertsGoogleLocation_literalMutationString3:convertsGoogleLocation_literalMutationString4:convertsGoogleLocation_literalMutationString5:convertsGoogleLocation_literalMutationString6:convertsGoogleLocation_literalMutationString7:convertsGoogleLocation_literalMutationString8:convertsGoogleLocation_literalMutationString9:convertsGoogleLocation_literalMutationString10:convertsGoogleLocation_literalMutationString11:convertsGoogleLocation_literalMutationString12:convertsGoogleLocation_add13:convertsGoogleLocation_add14:convertsGoogleLocation_add15:convertsGoogleLocation_add16:convertsGoogleLocation_add17:convertsGoogleLocation_add18:convertsGoogleLocation_mg19:convertsGoogleLocation_mg20:convertsGoogleLocation_mg21:convertsGoogleLocation_mg22:convertsGoogleLocation_mg23:convertsGoogleLocation_mg24:convertsGoogleLocation_mg25:convertsGoogleLocation_mg26:convertsGoogleLocation_mg27:convertsGoogleLocation_mg28:convertsGoogleLocation_mg29:convertsGoogleLocation_mg30:convertsGoogleLocation_mg31:convertsGoogleLocation_mg32:convertsGoogleLocation_mg33:convertsGoogleLocation_mg34:convertsGoogleLocation_mg35:convertsGoogleLocation_mg36:convertsGoogleLocationnull37:convertsGoogleLocationnull39:convertsGoogleLocationnull40:convertsGoogleLocationnull41
File saved to the following path: /tmp/icst-2019/september-2018/dataset/jsoup_parent/target/dspot/TestListener.ser
Loading /tmp/icst-2019/september-2018/dataset/jsoup_parent/target/dspot/TestListener.ser
[INFO] Test has been run: convertsGoogleLocation_mg19,convertsGoogleLocation_mg20,convertsGoogleLocation_mg21,convertsGoogleLocation_mg22,convertsGoogleLocation_mg23,convertsGoogleLocation_mg24,convertsGoogleLocation_mg25,convertsGoogleLocation_mg26,convertsGoogleLocation_mg27,convertsGoogleLocation_mg28,convertsGoogleLocation_mg29,convertsGoogleLocation_mg30,convertsGoogleLocation_mg31,convertsGoogleLocation_mg32,convertsGoogleLocation_mg33,convertsGoogleLocation_mg34,convertsGoogleLocation_mg35,convertsGoogleLocation_add13,convertsGoogleLocation_add14,convertsGoogleLocation_add15,convertsGoogleLocation_add16,convertsGoogleLocation_add17,convertsGoogleLocation_add18,convertsGoogleLocationnull39,convertsGoogleLocationnull41,convertsGoogleLocation_mg36(org.jsoup.helper.W3CDomTest): Index: 0, Size: 0,convertsGoogleLocation_literalMutationString1(org.jsoup.helper.W3CDomTest): /tmp/icst-2019/september-2018/dataset/jsoup_parent/target/test-classes/org/jsoup/integration (Is a directory),convertsGoogleLocation_literalMutationString2(org.jsoup.helper.W3CDomTest): null,convertsGoogleLocation_literalMutationString3(org.jsoup.helper.W3CDomTest): null,convertsGoogleLocation_literalMutationString4(org.jsoup.helper.W3CDomTest): null,convertsGoogleLocation_literalMutationString5(org.jsoup.helper.W3CDomTest): null,convertsGoogleLocation_literalMutationString6(org.jsoup.helper.W3CDomTest): null,convertsGoogleLocation_literalMutationString7(org.jsoup.helper.W3CDomTest): U{F8,convertsGoogleLocation_literalMutationString8(org.jsoup.helper.W3CDomTest): 5:Wz,convertsGoogleLocation_literalMutationString9(org.jsoup.helper.W3CDomTest): Must set charset arg to character set of file to parse. Set to null to attempt to detect from HTML,convertsGoogleLocation_literalMutationString10(org.jsoup.helper.W3CDomTest):   ,convertsGoogleLocation_literalMutationString11(org.jsoup.helper.W3CDomTest): UF8,convertsGoogleLocation_literalMutationString12(org.jsoup.helper.W3CDomTest): UQTF8,convertsGoogleLocationnull37(org.jsoup.helper.W3CDomTest): null,convertsGoogleLocationnull40(org.jsoup.helper.W3CDomTest): Object must not be null
[INFO] 25 test pass, generating assertion...
[INFO] Add observations points in passing tests.
[INFO] Instrumentation...
  4% |== ]/  8% |==== ]- 12% |====== ]\ 16% |======== ]| 20% |========== ]/ 24% |============ ]- 28% |============== ]\ 32% |================ ]| 36% |================== ]/ 40% |==================== ]- 44% |====================== ]\ 48% |======================== ]| 52% |========================== ]/ 56% |============================ ]- 60% |============================== ]\ 64% |================================ ]| 68% |================================== ]/ 72% |==================================== ]- 76% |====================================== ]\ 80% |======================================== ]| 84% |========================================== ]/ 88% |============================================ ]- 92% |============================================== ]\ 96% |================================================ ]|100% |================================================== ]/
[INFO] Run instrumented tests. (75)
[INFO] Run: java -classpath /tmp/icst-2019/september-2018/dataset/jsoup_parent/target/test-classes:/tmp/icst-2019/september-2018/dataset/jsoup_parent/target/classes/:/home/spirals/danglot/.m2/repository/junit/junit/4.12/junit-4.12.jar:/home/spirals/danglot/.m2/repository/org/hamcrest/hamcrest-core/1.3/hamcrest-core-1.3.jar:/home/spirals/danglot/.m2/repository/com/google/code/gson/gson/2.7/gson-2.7.jar:/home/spirals/danglot/.m2/repository/org/eclipse/jetty/jetty-server/9.2.22.v20170606/jetty-server-9.2.22.v20170606.jar:/home/spirals/danglot/.m2/repository/javax/servlet/javax.servlet-api/3.1.0/javax.servlet-api-3.1.0.jar:/home/spirals/danglot/.m2/repository/org/eclipse/jetty/jetty-http/9.2.22.v20170606/jetty-http-9.2.22.v20170606.jar:/home/spirals/danglot/.m2/repository/org/eclipse/jetty/jetty-util/9.2.22.v20170606/jetty-util-9.2.22.v20170606.jar:/home/spirals/danglot/.m2/repository/org/eclipse/jetty/jetty-io/9.2.22.v20170606/jetty-io-9.2.22.v20170606.jar:/home/spirals/danglot/.m2/repository/org/eclipse/jetty/jetty-servlet/9.2.22.v20170606/jetty-servlet-9.2.22.v20170606.jar:/home/spirals/danglot/.m2/repository/org/eclipse/jetty/jetty-security/9.2.22.v20170606/jetty-security-9.2.22.v20170606.jar:/tmp/icst-2019/september-2018/dataset/jsoup_parent/target/dspot/dependencies/:/home/spirals/danglot/.m2/repository/eu/stamp-project/test-runner/1.1.0/test-runner-1.1.0-jar-with-dependencies.jar eu.stamp_project.testrunner.runner.test.TestRunner org.jsoup.helper.W3CDomTest convertsGoogleLocation_add13_withlog0:convertsGoogleLocation_add14_withlog0:convertsGoogleLocation_add15_withlog0:convertsGoogleLocation_add16_withlog0:convertsGoogleLocation_add17_withlog0:convertsGoogleLocation_add18_withlog0:convertsGoogleLocation_mg19_withlog0:convertsGoogleLocation_mg20_withlog0:convertsGoogleLocation_mg21_withlog0:convertsGoogleLocation_mg22_withlog0:convertsGoogleLocation_mg23_withlog0:convertsGoogleLocation_mg24_withlog0:convertsGoogleLocation_mg25_withlog0:convertsGoogleLocation_mg26_withlog0:convertsGoogleLocation_mg27_withlog0:convertsGoogleLocation_mg28_withlog0:convertsGoogleLocation_mg29_withlog0:convertsGoogleLocation_mg30_withlog0:convertsGoogleLocation_mg31_withlog0:convertsGoogleLocation_mg32_withlog0:convertsGoogleLocation_mg33_withlog0:convertsGoogleLocation_mg34_withlog0:convertsGoogleLocation_mg35_withlog0:convertsGoogleLocationnull39_withlog0:convertsGoogleLocationnull41_withlog0:convertsGoogleLocation_add13_withlog1:convertsGoogleLocation_add14_withlog1:convertsGoogleLocation_add15_withlog1:convertsGoogleLocation_add16_withlog1:convertsGoogleLocation_add17_withlog1:convertsGoogleLocation_add18_withlog1:convertsGoogleLocation_mg19_withlog1:convertsGoogleLocation_mg20_withlog1:convertsGoogleLocation_mg21_withlog1:convertsGoogleLocation_mg22_withlog1:convertsGoogleLocation_mg23_withlog1:convertsGoogleLocation_mg24_withlog1:convertsGoogleLocation_mg25_withlog1:convertsGoogleLocation_mg26_withlog1:convertsGoogleLocation_mg27_withlog1:convertsGoogleLocation_mg28_withlog1:convertsGoogleLocation_mg29_withlog1:convertsGoogleLocation_mg30_withlog1:convertsGoogleLocation_mg31_withlog1:convertsGoogleLocation_mg32_withlog1:convertsGoogleLocation_mg33_withlog1:convertsGoogleLocation_mg34_withlog1:convertsGoogleLocation_mg35_withlog1:convertsGoogleLocationnull39_withlog1:convertsGoogleLocationnull41_withlog1:convertsGoogleLocation_add13_withlog2:convertsGoogleLocation_add14_withlog2:convertsGoogleLocation_add15_withlog2:convertsGoogleLocation_add16_withlog2:convertsGoogleLocation_add17_withlog2:convertsGoogleLocation_add18_withlog2:convertsGoogleLocation_mg19_withlog2:convertsGoogleLocation_mg20_withlog2:convertsGoogleLocation_mg21_withlog2:convertsGoogleLocation_mg22_withlog2:convertsGoogleLocation_mg23_withlog2:convertsGoogleLocation_mg24_withlog2:convertsGoogleLocation_mg25_withlog2:convertsGoogleLocation_mg26_withlog2:convertsGoogleLocation_mg27_withlog2:convertsGoogleLocation_mg28_withlog2:convertsGoogleLocation_mg29_withlog2:convertsGoogleLocation_mg30_withlog2:convertsGoogleLocation_mg31_withlog2:convertsGoogleLocation_mg32_withlog2:convertsGoogleLocation_mg33_withlog2:convertsGoogleLocation_mg34_withlog2:convertsGoogleLocation_mg35_withlog2:convertsGoogleLocationnull39_withlog2:convertsGoogleLocationnull41_withlog2
File saved to the following path: /tmp/icst-2019/september-2018/dataset/jsoup_parent/target/dspot/observations.ser
File saved to the following path: /tmp/icst-2019/september-2018/dataset/jsoup_parent/target/dspot/TestListener.ser
Loading /tmp/icst-2019/september-2018/dataset/jsoup_parent/target/dspot/TestListener.ser
[INFO] Test has been run: convertsGoogleLocation_mg21_withlog0,convertsGoogleLocation_mg21_withlog1,convertsGoogleLocation_mg21_withlog2,convertsGoogleLocation_mg20_withlog0,convertsGoogleLocation_mg20_withlog1,convertsGoogleLocation_mg20_withlog2,convertsGoogleLocation_mg19_withlog0,convertsGoogleLocation_mg19_withlog1,convertsGoogleLocation_mg19_withlog2,convertsGoogleLocation_add18_withlog0,convertsGoogleLocation_add18_withlog1,convertsGoogleLocation_add18_withlog2,convertsGoogleLocation_add17_withlog0,convertsGoogleLocation_add17_withlog1,convertsGoogleLocation_add17_withlog2,convertsGoogleLocation_add16_withlog0,convertsGoogleLocation_add16_withlog1,convertsGoogleLocation_add16_withlog2,convertsGoogleLocation_add15_withlog0,convertsGoogleLocation_add15_withlog1,convertsGoogleLocation_add15_withlog2,convertsGoogleLocation_add14_withlog0,convertsGoogleLocation_add14_withlog1,convertsGoogleLocation_add14_withlog2,convertsGoogleLocation_add13_withlog0,convertsGoogleLocation_add13_withlog1,convertsGoogleLocation_add13_withlog2,convertsGoogleLocation_mg35_withlog0,convertsGoogleLocation_mg35_withlog1,convertsGoogleLocation_mg35_withlog2,convertsGoogleLocation_mg34_withlog0,convertsGoogleLocation_mg34_withlog1,convertsGoogleLocation_mg34_withlog2,convertsGoogleLocation_mg33_withlog0,convertsGoogleLocation_mg33_withlog1,convertsGoogleLocation_mg33_withlog2,convertsGoogleLocation_mg32_withlog0,convertsGoogleLocation_mg32_withlog1,convertsGoogleLocation_mg32_withlog2,convertsGoogleLocation_mg31_withlog0,convertsGoogleLocation_mg31_withlog1,convertsGoogleLocation_mg31_withlog2,convertsGoogleLocation_mg30_withlog0,convertsGoogleLocation_mg30_withlog1,convertsGoogleLocation_mg30_withlog2,convertsGoogleLocation_mg29_withlog0,convertsGoogleLocation_mg29_withlog1,convertsGoogleLocation_mg29_withlog2,convertsGoogleLocation_mg28_withlog0,convertsGoogleLocation_mg28_withlog1,convertsGoogleLocation_mg28_withlog2,convertsGoogleLocation_mg27_withlog0,convertsGoogleLocation_mg27_withlog1,convertsGoogleLocation_mg27_withlog2,convertsGoogleLocation_mg26_withlog0,convertsGoogleLocation_mg26_withlog1,convertsGoogleLocation_mg26_withlog2,convertsGoogleLocationnull41_withlog0,convertsGoogleLocationnull41_withlog1,convertsGoogleLocationnull41_withlog2,convertsGoogleLocation_mg25_withlog0,convertsGoogleLocation_mg25_withlog1,convertsGoogleLocation_mg25_withlog2,convertsGoogleLocationnull39_withlog0,convertsGoogleLocationnull39_withlog1,convertsGoogleLocationnull39_withlog2,convertsGoogleLocation_mg24_withlog0,convertsGoogleLocation_mg24_withlog1,convertsGoogleLocation_mg24_withlog2,convertsGoogleLocation_mg23_withlog0,convertsGoogleLocation_mg23_withlog1,convertsGoogleLocation_mg23_withlog2,convertsGoogleLocation_mg22_withlog0,convertsGoogleLocation_mg22_withlog1,convertsGoogleLocation_mg22_withlog2
[INFO] Generating assertions...
[INFO] 15 test fail, generating try/catch/fail blocks...
[INFO] 40 new tests with assertions generated
[ERROR] Error(s) during compilation:
[ERROR] Pb(3) The type UTF_8 is not visible
[ERROR] Pb(3) The type sun.nio.cs.UTF_8 is not visible
[ERROR] Pb(3) The type UTF_8 is not visible
[ERROR] Pb(3) The type sun.nio.cs.UTF_8 is not visible
[ERROR] Pb(3) The type UTF_8 is not visible
[ERROR] Pb(3) The type sun.nio.cs.UTF_8 is not visible
[INFO] Run: java -classpath /tmp/icst-2019/september-2018/dataset/jsoup_parent/target/test-classes:/tmp/icst-2019/september-2018/dataset/jsoup_parent/target/classes/:/home/spirals/danglot/.m2/repository/junit/junit/4.12/junit-4.12.jar:/home/spirals/danglot/.m2/repository/org/hamcrest/hamcrest-core/1.3/hamcrest-core-1.3.jar:/home/spirals/danglot/.m2/repository/com/google/code/gson/gson/2.7/gson-2.7.jar:/home/spirals/danglot/.m2/repository/org/eclipse/jetty/jetty-server/9.2.22.v20170606/jetty-server-9.2.22.v20170606.jar:/home/spirals/danglot/.m2/repository/javax/servlet/javax.servlet-api/3.1.0/javax.servlet-api-3.1.0.jar:/home/spirals/danglot/.m2/repository/org/eclipse/jetty/jetty-http/9.2.22.v20170606/jetty-http-9.2.22.v20170606.jar:/home/spirals/danglot/.m2/repository/org/eclipse/jetty/jetty-util/9.2.22.v20170606/jetty-util-9.2.22.v20170606.jar:/home/spirals/danglot/.m2/repository/org/eclipse/jetty/jetty-io/9.2.22.v20170606/jetty-io-9.2.22.v20170606.jar:/home/spirals/danglot/.m2/repository/org/eclipse/jetty/jetty-servlet/9.2.22.v20170606/jetty-servlet-9.2.22.v20170606.jar:/home/spirals/danglot/.m2/repository/org/eclipse/jetty/jetty-security/9.2.22.v20170606/jetty-security-9.2.22.v20170606.jar:/tmp/icst-2019/september-2018/dataset/jsoup_parent/target/dspot/dependencies/:/home/spirals/danglot/.m2/repository/eu/stamp-project/test-runner/1.1.0/test-runner-1.1.0-jar-with-dependencies.jar eu.stamp_project.testrunner.runner.test.TestRunner org.jsoup.helper.W3CDomTest convertsGoogleLocation_add13:convertsGoogleLocation_add14:convertsGoogleLocation_add15:convertsGoogleLocation_add16:convertsGoogleLocation_add17:convertsGoogleLocation_add18:convertsGoogleLocation_mg19:convertsGoogleLocation_mg21:convertsGoogleLocation_mg22:convertsGoogleLocation_mg23:convertsGoogleLocation_mg24:convertsGoogleLocation_mg25:convertsGoogleLocation_mg26:convertsGoogleLocation_mg27:convertsGoogleLocation_mg28:convertsGoogleLocation_mg29:convertsGoogleLocation_mg30:convertsGoogleLocation_mg31:convertsGoogleLocation_mg32:convertsGoogleLocation_mg33:convertsGoogleLocation_mg34:convertsGoogleLocation_mg35:convertsGoogleLocationnull39:convertsGoogleLocationnull41:convertsGoogleLocation_literalMutationString1_failAssert0:convertsGoogleLocation_literalMutationString2_failAssert1:convertsGoogleLocation_literalMutationString3_failAssert2:convertsGoogleLocation_literalMutationString4_failAssert3:convertsGoogleLocation_literalMutationString5_failAssert4:convertsGoogleLocation_literalMutationString6_failAssert5:convertsGoogleLocation_literalMutationString7_failAssert6:convertsGoogleLocation_literalMutationString8_failAssert7:convertsGoogleLocation_literalMutationString9_failAssert8:convertsGoogleLocation_literalMutationString10_failAssert9:convertsGoogleLocation_literalMutationString11_failAssert10:convertsGoogleLocation_literalMutationString12_failAssert11:convertsGoogleLocation_mg36_failAssert12:convertsGoogleLocationnull37_failAssert13:convertsGoogleLocationnull40_failAssert14
File saved to the following path: /tmp/icst-2019/september-2018/dataset/jsoup_parent/target/dspot/TestListener.ser
Loading /tmp/icst-2019/september-2018/dataset/jsoup_parent/target/dspot/TestListener.ser
[INFO] Test has been run: convertsGoogleLocationnull40_failAssert14,convertsGoogleLocation_literalMutationString9_failAssert8,convertsGoogleLocation_mg19,convertsGoogleLocation_mg21,convertsGoogleLocation_mg22,convertsGoogleLocation_mg23,convertsGoogleLocation_mg24,convertsGoogleLocation_mg25,convertsGoogleLocation_mg26,convertsGoogleLocation_mg27,convertsGoogleLocation_mg28,convertsGoogleLocation_mg29,convertsGoogleLocation_mg30,convertsGoogleLocation_mg31,convertsGoogleLocation_mg32,convertsGoogleLocation_mg33,convertsGoogleLocation_mg34,convertsGoogleLocation_mg35,convertsGoogleLocation_literalMutationString8_failAssert7,convertsGoogleLocation_literalMutationString7_failAssert6,convertsGoogleLocation_literalMutationString6_failAssert5,convertsGoogleLocation_literalMutationString10_failAssert9,convertsGoogleLocation_literalMutationString5_failAssert4,convertsGoogleLocation_literalMutationString4_failAssert3,convertsGoogleLocation_literalMutationString3_failAssert2,convertsGoogleLocation_literalMutationString2_failAssert1,convertsGoogleLocation_literalMutationString12_failAssert11,convertsGoogleLocation_literalMutationString1_failAssert0,convertsGoogleLocation_mg36_failAssert12,convertsGoogleLocation_literalMutationString11_failAssert10,convertsGoogleLocation_add14,convertsGoogleLocation_add15,convertsGoogleLocation_add16,convertsGoogleLocation_add17,convertsGoogleLocation_add18,convertsGoogleLocationnull39,convertsGoogleLocationnull41,convertsGoogleLocationnull37_failAssert13,convertsGoogleLocation_add13(org.jsoup.helper.W3CDomTest): expected:<128027295744> but was:<128023953408>
[INFO] Assertion amplification: 38 test method(s) has been successfully amplified.
[WARN] 2018-10-01 06:51:01 Launcher - You specified the directory /tmp/icst-2019/september-2018/dataset/jsoup/target/classes in source classpath, please note that only class files will be considered. Jars and subdirectories will be ignored.
[WARN] 2018-10-01 06:51:01 Launcher - You specified the directory /tmp/icst-2019/september-2018/dataset/jsoup/target/test-classes in source classpath, please note that only class files will be considered. Jars and subdirectories will be ignored.
[WARN] 2018-10-01 06:51:01 Launcher - You specified the directory /tmp/icst-2019/september-2018/dataset/jsoup/target/dspot/dependencies in source classpath, please note that only class files will be considered. Jars and subdirectories will be ignored.
[INFO] Run: java -classpath /tmp/icst-2019/september-2018/dataset/jsoup/target/classes/:/tmp/icst-2019/september-2018/dataset/jsoup/target/test-classes/:/home/spirals/danglot/.m2/repository/junit/junit/4.12/junit-4.12.jar:/home/spirals/danglot/.m2/repository/org/hamcrest/hamcrest-core/1.3/hamcrest-core-1.3.jar:/home/spirals/danglot/.m2/repository/com/google/code/gson/gson/2.7/gson-2.7.jar:/home/spirals/danglot/.m2/repository/org/eclipse/jetty/jetty-server/9.2.22.v20170606/jetty-server-9.2.22.v20170606.jar:/home/spirals/danglot/.m2/repository/javax/servlet/javax.servlet-api/3.1.0/javax.servlet-api-3.1.0.jar:/home/spirals/danglot/.m2/repository/org/eclipse/jetty/jetty-http/9.2.22.v20170606/jetty-http-9.2.22.v20170606.jar:/home/spirals/danglot/.m2/repository/org/eclipse/jetty/jetty-util/9.2.22.v20170606/jetty-util-9.2.22.v20170606.jar:/home/spirals/danglot/.m2/repository/org/eclipse/jetty/jetty-io/9.2.22.v20170606/jetty-io-9.2.22.v20170606.jar:/home/spirals/danglot/.m2/repository/org/eclipse/jetty/jetty-servlet/9.2.22.v20170606/jetty-servlet-9.2.22.v20170606.jar:/home/spirals/danglot/.m2/repository/org/eclipse/jetty/jetty-security/9.2.22.v20170606/jetty-security-9.2.22.v20170606.jar:/tmp/icst-2019/september-2018/dataset/jsoup/target/dspot/dependencies/:/home/spirals/danglot/.m2/repository/eu/stamp-project/test-runner/1.1.0/test-runner-1.1.0-jar-with-dependencies.jar eu.stamp_project.testrunner.runner.test.TestRunner org.jsoup.helper.W3CDomTest convertsGoogleLocation_add14:convertsGoogleLocation_add15:convertsGoogleLocation_add16:convertsGoogleLocation_add17:convertsGoogleLocation_add18:convertsGoogleLocation_mg19:convertsGoogleLocation_mg21:convertsGoogleLocation_mg22:convertsGoogleLocation_mg23:convertsGoogleLocation_mg24:convertsGoogleLocation_mg25:convertsGoogleLocation_mg26:convertsGoogleLocation_mg27:convertsGoogleLocation_mg28:convertsGoogleLocation_mg29:convertsGoogleLocation_mg30:convertsGoogleLocation_mg31:convertsGoogleLocation_mg32:convertsGoogleLocation_mg33:convertsGoogleLocation_mg34:convertsGoogleLocation_mg35:convertsGoogleLocationnull39:convertsGoogleLocationnull41:convertsGoogleLocation_literalMutationString1_failAssert0:convertsGoogleLocation_literalMutationString2_failAssert1:convertsGoogleLocation_literalMutationString3_failAssert2:convertsGoogleLocation_literalMutationString4_failAssert3:convertsGoogleLocation_literalMutationString5_failAssert4:convertsGoogleLocation_literalMutationString6_failAssert5:convertsGoogleLocation_literalMutationString7_failAssert6:convertsGoogleLocation_literalMutationString8_failAssert7:convertsGoogleLocation_literalMutationString9_failAssert8:convertsGoogleLocation_literalMutationString10_failAssert9:convertsGoogleLocation_literalMutationString11_failAssert10:convertsGoogleLocation_literalMutationString12_failAssert11:convertsGoogleLocation_mg36_failAssert12:convertsGoogleLocationnull37_failAssert13:convertsGoogleLocationnull40_failAssert14
File saved to the following path: /tmp/icst-2019/september-2018/dataset/jsoup_parent/target/dspot/TestListener.ser
Loading /tmp/icst-2019/september-2018/dataset/jsoup_parent/target/dspot/TestListener.ser
[INFO] Test has been run: convertsGoogleLocationnull40_failAssert14,convertsGoogleLocation_literalMutationString9_failAssert8,convertsGoogleLocation_literalMutationString8_failAssert7,convertsGoogleLocation_literalMutationString7_failAssert6,convertsGoogleLocation_literalMutationString6_failAssert5,convertsGoogleLocation_literalMutationString10_failAssert9,convertsGoogleLocation_literalMutationString5_failAssert4,convertsGoogleLocation_literalMutationString4_failAssert3,convertsGoogleLocation_literalMutationString3_failAssert2,convertsGoogleLocation_literalMutationString2_failAssert1,convertsGoogleLocation_literalMutationString12_failAssert11,convertsGoogleLocation_mg36_failAssert12,convertsGoogleLocation_literalMutationString11_failAssert10,convertsGoogleLocationnull37_failAssert13,convertsGoogleLocation_mg19(org.jsoup.helper.W3CDomTest): expected:<...r-2018/dataset/jsoup[_parent]/target/test-classes...> but was:<...r-2018/dataset/jsoup[]/target/test-classes...>,convertsGoogleLocation_mg21(org.jsoup.helper.W3CDomTest): expected:<...r-2018/dataset/jsoup[_parent]/target/test-classes...> but was:<...r-2018/dataset/jsoup[]/target/test-classes...>,convertsGoogleLocation_mg22(org.jsoup.helper.W3CDomTest): expected:<...r-2018/dataset/jsoup[_parent]/target/test-classes...> but was:<...r-2018/dataset/jsoup[]/target/test-classes...>,convertsGoogleLocation_mg23(org.jsoup.helper.W3CDomTest): expected:<...r-2018/dataset/jsoup[_parent]/target/test-classes...> but was:<...r-2018/dataset/jsoup[]/target/test-classes...>,convertsGoogleLocation_mg24(org.jsoup.helper.W3CDomTest): expected:<...r-2018/dataset/jsoup[_parent]/target/test-classes...> but was:<...r-2018/dataset/jsoup[]/target/test-classes...>,convertsGoogleLocation_mg25(org.jsoup.helper.W3CDomTest): expected:<...r-2018/dataset/jsoup[_parent]/target/test-classes...> but was:<...r-2018/dataset/jsoup[]/target/test-classes...>,convertsGoogleLocation_mg26(org.jsoup.helper.W3CDomTest): expected:<...r-2018/dataset/jsoup[_parent]/target/test-classes...> but was:<...r-2018/dataset/jsoup[]/target/test-classes...>,convertsGoogleLocation_mg27(org.jsoup.helper.W3CDomTest): expected:<...r-2018/dataset/jsoup[_parent]/target/test-classes...> but was:<...r-2018/dataset/jsoup[]/target/test-classes...>,convertsGoogleLocation_mg28(org.jsoup.helper.W3CDomTest): expected:<...r-2018/dataset/jsoup[_parent]/target/test-classes...> but was:<...r-2018/dataset/jsoup[]/target/test-classes...>,convertsGoogleLocation_mg29(org.jsoup.helper.W3CDomTest): expected:<...r-2018/dataset/jsoup[_parent]/target/test-classes...> but was:<...r-2018/dataset/jsoup[]/target/test-classes...>,convertsGoogleLocation_mg30(org.jsoup.helper.W3CDomTest): expected:<...r-2018/dataset/jsoup[_parent]/target/test-classes...> but was:<...r-2018/dataset/jsoup[]/target/test-classes...>,convertsGoogleLocation_mg31(org.jsoup.helper.W3CDomTest): expected:<...r-2018/dataset/jsoup[_parent]/target/test-classes...> but was:<...r-2018/dataset/jsoup[]/target/test-classes...>,convertsGoogleLocation_mg32(org.jsoup.helper.W3CDomTest): expected:<...r-2018/dataset/jsoup[_parent]/target/test-classes...> but was:<...r-2018/dataset/jsoup[]/target/test-classes...>,convertsGoogleLocation_mg33(org.jsoup.helper.W3CDomTest): expected:<...r-2018/dataset/jsoup[_parent]/target/test-classes...> but was:<...r-2018/dataset/jsoup[]/target/test-classes...>,convertsGoogleLocation_mg34(org.jsoup.helper.W3CDomTest): expected:<...r-2018/dataset/jsoup[_parent]/target/test-classes...> but was:<...r-2018/dataset/jsoup[]/target/test-classes...>,convertsGoogleLocation_mg35(org.jsoup.helper.W3CDomTest): expected:<...r-2018/dataset/jsoup[_parent]/target/test-classes...> but was:<...r-2018/dataset/jsoup[]/target/test-classes...>,convertsGoogleLocation_literalMutationString1_failAssert0(org.jsoup.helper.W3CDomTest): expected:<...r-2018/dataset/jsoup[_parent]/target/test-classes...> but was:<...r-2018/dataset/jsoup[]/target/test-classes...>,convertsGoogleLocation_add14(org.jsoup.helper.W3CDomTest): expected:<...r-2018/dataset/jsoup[_parent]/target/test-classes...> but was:<...r-2018/dataset/jsoup[]/target/test-classes...>,convertsGoogleLocation_add15(org.jsoup.helper.W3CDomTest): expected:<...r-2018/dataset/jsoup[_parent]/target/test-classes...> but was:<...r-2018/dataset/jsoup[]/target/test-classes...>,convertsGoogleLocation_add16(org.jsoup.helper.W3CDomTest): expected:<...r-2018/dataset/jsoup[_parent]/target/test-classes...> but was:<...r-2018/dataset/jsoup[]/target/test-classes...>,convertsGoogleLocation_add17(org.jsoup.helper.W3CDomTest): expected:<...r-2018/dataset/jsoup[_parent]/target/test-classes...> but was:<...r-2018/dataset/jsoup[]/target/test-classes...>,convertsGoogleLocation_add18(org.jsoup.helper.W3CDomTest): expected:<...r-2018/dataset/jsoup[_parent]/target/test-classes...> but was:<...r-2018/dataset/jsoup[]/target/test-classes...>,convertsGoogleLocationnull39(org.jsoup.helper.W3CDomTest): expected:<...r-2018/dataset/jsoup[_parent]/target/test-classes...> but was:<...r-2018/dataset/jsoup[]/target/test-classes...>,convertsGoogleLocationnull41(org.jsoup.helper.W3CDomTest): expected:<...r-2018/dataset/jsoup[_parent]/target/test-classes...> but was:<...r-2018/dataset/jsoup[]/target/test-classes...>
[INFO] 24 amplified test methods has been selected to be kept.
[INFO] iteration 1 / 3
[INFO] 38 tests selected to be amplified over 38 available tests
[INFO] Amplification of inputs...
 31% |============================================== ]| 44% |============================================== ]/ 81% |============================================== ]\ 15% |============================================== ]-  5% |============================================== ]- 92% |============================================== ]\ 65% |============================================== ]/  7% |============================================== ]\ 63% |============================================== ]| 86% |============================================== ]/ 89% |============================================== ]- 71% |============================================== ]\ 84% |============================================== ]| 10% |============================================== ]| 36% |============================================== ]- 97% |================================================ ]/ 78% |================================================ ]- 73% |================================================ ]| 28% |================================================ ]\100% |================================================== ]-
 68% |================================== ]- 76% |====================================== ]/ 26% |====================================== ]- 94% |=============================================== ]| 21% |=============================================== ]| 57% |=============================================== ]- 42% |=============================================== ]| 18% |=============================================== ]\ 60% |=============================================== ]\ 55% |=============================================== ]/ 39% |=============================================== ]\ 52% |=============================================== ]| 23% |=============================================== ]/ 13% |=============================================== ]/ 50% |=============================================== ]\  2% |=============================================== ]/ 34% |=============================================== ]/ 47% |=============================================== ]-[INFO] ------------------------------------------------------------------------
[INFO] BUILD FAILURE
[INFO] ------------------------------------------------------------------------
[INFO] Total time: 07:51 min
[INFO] Finished at: 2018-10-01T06:54:18+02:00
[INFO] ------------------------------------------------------------------------
[ERROR] OutOfMemoryError: GC overhead limit exceeded -> [Help 1]
java.lang.OutOfMemoryError
    at sun.reflect.NativeConstructorAccessorImpl.newInstance0 (Native Method)
    at sun.reflect.NativeConstructorAccessorImpl.newInstance (NativeConstructorAccessorImpl.java:62)
    at sun.reflect.DelegatingConstructorAccessorImpl.newInstance (DelegatingConstructorAccessorImpl.java:45)
    at java.lang.reflect.Constructor.newInstance (Constructor.java:423)
    at java.util.concurrent.ForkJoinTask.getThrowableException (ForkJoinTask.java:598)
    at java.util.concurrent.ForkJoinTask.reportException (ForkJoinTask.java:677)
    at java.util.concurrent.ForkJoinTask.invoke (ForkJoinTask.java:735)
    at java.util.stream.ReduceOps$ReduceOp.evaluateParallel (ReduceOps.java:714)
    at java.util.stream.AbstractPipeline.evaluate (AbstractPipeline.java:233)
    at java.util.stream.ReferencePipeline.collect (ReferencePipeline.java:499)
    at eu.stamp_project.dspot.budget.NoBudgetizer.inputAmplify (NoBudgetizer.java:55)
    at eu.stamp_project.dspot.Amplification.amplification (Amplification.java:134)
    at eu.stamp_project.dspot.Amplification.amplification (Amplification.java:97)
    at eu.stamp_project.dspot.DSpot.amplifyTest (DSpot.java:181)
    at eu.stamp_project.dspot.DSpot.amplifyTest (DSpot.java:171)
    at eu.stamp_project.Main.lambda$run$1 (Main.java:69)
    at java.util.stream.ReferencePipeline$3$1.accept (ReferencePipeline.java:193)
    at java.util.ArrayList$ArrayListSpliterator.forEachRemaining (ArrayList.java:1374)
    at java.util.stream.AbstractPipeline.copyInto (AbstractPipeline.java:481)
    at java.util.stream.AbstractPipeline.wrapAndCopyInto (AbstractPipeline.java:471)
    at java.util.stream.ReduceOps$ReduceOp.evaluateSequential (ReduceOps.java:708)
    at java.util.stream.AbstractPipeline.evaluate (AbstractPipeline.java:234)
    at java.util.stream.ReferencePipeline.collect (ReferencePipeline.java:499)
    at eu.stamp_project.Main.run (Main.java:71)
    at eu.stamp_project.DSpotMojo.execute (DSpotMojo.java:263)
    at org.apache.maven.plugin.DefaultBuildPluginManager.executeMojo (DefaultBuildPluginManager.java:137)
    at org.apache.maven.lifecycle.internal.MojoExecutor.execute (MojoExecutor.java:208)
    at org.apache.maven.lifecycle.internal.MojoExecutor.execute (MojoExecutor.java:154)
    at org.apache.maven.lifecycle.internal.MojoExecutor.execute (MojoExecutor.java:146)
    at org.apache.maven.lifecycle.internal.LifecycleModuleBuilder.buildProject (LifecycleModuleBuilder.java:117)
    at org.apache.maven.lifecycle.internal.LifecycleModuleBuilder.buildProject (LifecycleModuleBuilder.java:81)
    at org.apache.maven.lifecycle.internal.builder.singlethreaded.SingleThreadedBuilder.build (SingleThreadedBuilder.java:56)
    at org.apache.maven.lifecycle.internal.LifecycleStarter.execute (LifecycleStarter.java:128)
    at org.apache.maven.DefaultMaven.doExecute (DefaultMaven.java:305)
    at org.apache.maven.DefaultMaven.doExecute (DefaultMaven.java:192)
    at org.apache.maven.DefaultMaven.execute (DefaultMaven.java:105)
    at org.apache.maven.cli.MavenCli.execute (MavenCli.java:954)
    at org.apache.maven.cli.MavenCli.doMain (MavenCli.java:288)
    at org.apache.maven.cli.MavenCli.main (MavenCli.java:192)
    at sun.reflect.NativeMethodAccessorImpl.invoke0 (Native Method)
    at sun.reflect.NativeMethodAccessorImpl.invoke (NativeMethodAccessorImpl.java:62)
    at sun.reflect.DelegatingMethodAccessorImpl.invoke (DelegatingMethodAccessorImpl.java:43)
    at java.lang.reflect.Method.invoke (Method.java:498)
    at org.codehaus.plexus.classworlds.launcher.Launcher.launchEnhanced (Launcher.java:289)
    at org.codehaus.plexus.classworlds.launcher.Launcher.launch (Launcher.java:229)
    at org.codehaus.plexus.classworlds.launcher.Launcher.mainWithExitCode (Launcher.java:415)
    at org.codehaus.plexus.classworlds.launcher.Launcher.main (Launcher.java:356)
Caused by: java.lang.OutOfMemoryError: GC overhead limit exceeded
    at java.lang.Integer.toUnsignedString0 (Integer.java:313)
    at java.lang.Integer.toHexString (Integer.java:233)
    at java.lang.Object.toString (Object.java:236)
    at spoon.support.reflect.declaration.CtElementImpl.getShortRepresentation (CtElementImpl.java:121)
    at spoon.support.reflect.declaration.CtElementImpl.getAnnotations (CtElementImpl.java:179)
    at spoon.support.visitor.clone.CloneVisitor.visitCtTypeReference (CloneVisitor.java:780)
    at spoon.support.reflect.reference.CtTypeReferenceImpl.accept (CtTypeReferenceImpl.java:77)
    at spoon.reflect.visitor.CtScanner.scan (CtScanner.java:181)
    at spoon.support.visitor.equals.CloneHelper.clone (CloneHelper.java:49)
    at spoon.support.visitor.clone.CloneVisitor.visitCtExecutableReference (CloneVisitor.java:297)
    at spoon.support.reflect.reference.CtExecutableReferenceImpl.accept (CtExecutableReferenceImpl.java:86)
    at spoon.reflect.visitor.CtScanner.scan (CtScanner.java:181)
    at spoon.support.visitor.equals.CloneHelper.clone (CloneHelper.java:49)
    at spoon.support.visitor.clone.CloneVisitor.visitCtInvocation (CloneVisitor.java:429)
    at spoon.support.reflect.code.CtInvocationImpl.accept (CtInvocationImpl.java:55)
    at spoon.reflect.visitor.CtScanner.scan (CtScanner.java:181)
    at spoon.support.visitor.equals.CloneHelper.clone (CloneHelper.java:49)
    at spoon.support.visitor.clone.CloneVisitor.visitCtInvocation (CloneVisitor.java:428)
    at spoon.support.reflect.code.CtInvocationImpl.accept (CtInvocationImpl.java:55)
    at spoon.reflect.visitor.CtScanner.scan (CtScanner.java:181)
    at spoon.support.visitor.equals.CloneHelper.clone (CloneHelper.java:49)
    at spoon.support.visitor.clone.CloneVisitor.visitCtInvocation (CloneVisitor.java:428)
    at spoon.support.reflect.code.CtInvocationImpl.accept (CtInvocationImpl.java:55)
    at spoon.reflect.visitor.CtScanner.scan (CtScanner.java:181)
    at spoon.support.visitor.equals.CloneHelper.clone (CloneHelper.java:49)
    at spoon.support.visitor.equals.CloneHelper.addClone (CloneHelper.java:109)
    at spoon.support.visitor.equals.CloneHelper.clone (CloneHelper.java:73)
    at spoon.support.visitor.clone.CloneVisitor.visitCtInvocation (CloneVisitor.java:430)
    at spoon.support.reflect.code.CtInvocationImpl.accept (CtInvocationImpl.java:55)
    at spoon.reflect.visitor.CtScanner.scan (CtScanner.java:181)
    at spoon.support.visitor.equals.CloneHelper.clone (CloneHelper.java:49)
    at spoon.support.visitor.equals.CloneHelper.addClone (CloneHelper.java:109)
[ERROR] 
[ERROR] 
[ERROR] For more information about the errors and possible solutions, please read the following articles:
[ERROR] [Help 1] http://cwiki.apache.org/confluence/display/MAVEN/OutOfMemoryError
