[INFO] Scanning for projects...
[INFO] 
[INFO] ---------------------< com.google.code.gson:gson >----------------------
[INFO] Building Gson 2.3-SNAPSHOT
[INFO] --------------------------------[ jar ]---------------------------------
[INFO] 
[INFO] --- dspot-maven:1.1.1-SNAPSHOT:amplify-unit-tests (default-cli) @ gson ---
Downloading from stamp-maven-repository-mvn-repo: https://stamp-project.github.io/stamp-maven-repository/eu/stamp-project/dspot/1.1.1-SNAPSHOT/maven-metadata.xml
Downloading from stamp-maven-repository-mvn-repo: https://stamp-project.github.io/stamp-maven-repository/fr/inria/gforge/spoon/spoon-core/7.1.0-SNAPSHOT/maven-metadata.xml
Downloading from stamp-maven-repository-mvn-repo: https://stamp-project.github.io/stamp-maven-repository/org/eclipse/platform/org.eclipse.core.resources/maven-metadata.xml
Downloading from stamp-maven-repository-mvn-repo: https://stamp-project.github.io/stamp-maven-repository/org/eclipse/platform/org.eclipse.core.expressions/maven-metadata.xml
Downloading from stamp-maven-repository-mvn-repo: https://stamp-project.github.io/stamp-maven-repository/org/eclipse/platform/org.eclipse.core.runtime/maven-metadata.xml
Downloading from stamp-maven-repository-mvn-repo: https://stamp-project.github.io/stamp-maven-repository/org/eclipse/platform/org.eclipse.osgi/maven-metadata.xml
Downloading from stamp-maven-repository-mvn-repo: https://stamp-project.github.io/stamp-maven-repository/org/eclipse/platform/org.eclipse.equinox.common/maven-metadata.xml
Downloading from stamp-maven-repository-mvn-repo: https://stamp-project.github.io/stamp-maven-repository/org/eclipse/platform/org.eclipse.core.jobs/maven-metadata.xml
Downloading from stamp-maven-repository-mvn-repo: https://stamp-project.github.io/stamp-maven-repository/org/eclipse/platform/org.eclipse.equinox.registry/maven-metadata.xml
Downloading from stamp-maven-repository-mvn-repo: https://stamp-project.github.io/stamp-maven-repository/org/eclipse/platform/org.eclipse.equinox.preferences/maven-metadata.xml
Downloading from stamp-maven-repository-mvn-repo: https://stamp-project.github.io/stamp-maven-repository/org/eclipse/platform/org.eclipse.core.contenttype/maven-metadata.xml
Downloading from stamp-maven-repository-mvn-repo: https://stamp-project.github.io/stamp-maven-repository/org/eclipse/platform/org.eclipse.equinox.app/maven-metadata.xml
Downloading from stamp-maven-repository-mvn-repo: https://stamp-project.github.io/stamp-maven-repository/org/eclipse/platform/org.eclipse.core.filesystem/maven-metadata.xml
Downloading from stamp-maven-repository-mvn-repo: https://stamp-project.github.io/stamp-maven-repository/org/eclipse/platform/org.eclipse.text/maven-metadata.xml
Downloading from stamp-maven-repository-mvn-repo: https://stamp-project.github.io/stamp-maven-repository/org/eclipse/platform/org.eclipse.core.commands/maven-metadata.xml
[INFO] Path to runner Classes: /home/spirals/danglot/.m2/repository/eu/stamp-project/test-runner/1.1.0/test-runner-1.1.0-jar-with-dependencies.jar
[INFO] /home/spirals/danglot/.m2/repository/org/jacoco/org.jacoco.core/0.7.9/org.jacoco.core-0.7.9.jar
[INFO] /home/spirals/danglot/.m2/repository/org/ow2/asm/asm-debug-all/5.2/asm-debug-all-5.2.jar
[INFO] /home/spirals/danglot/.m2/repository/eu/stamp-project/test-runner/1.1.0/test-runner-1.1.0-jar-with-dependencies.jar
[WARNING] automaticBuilderName: unknown automatic builder specified in configuration, going to default.
[INFO] Default: provided Maven automatic builder.
[INFO] run maven clean test -DskipTests dependency:build-classpath -Dmdep.outputFile=target/dspot/classpath
[WARN] Maven will be executed in interactive mode, but no input stream has been configured for this MavenInvoker instance.
[INFO] Scanning for projects...
[INFO] 
[INFO] ---------------------< com.google.code.gson:gson >----------------------
[INFO] Building Gson 2.3-SNAPSHOT
[INFO] --------------------------------[ jar ]---------------------------------
[INFO] 
[INFO] --- maven-clean-plugin:2.5:clean (default-clean) @ gson ---
[INFO] Deleting /tmp/icst-2019/september-2018/dataset/gson_parent/gson/target
[INFO] 
[INFO] --- maven-enforcer-plugin:1.2:enforce (enforce-maven) @ gson ---
[INFO] Skipping Rule Enforcement.
[INFO] 
[INFO] --- maven-resources-plugin:2.6:resources (default-resources) @ gson ---
[INFO] Using 'UTF-8' encoding to copy filtered resources.
[INFO] skip non existing resourceDirectory /tmp/icst-2019/september-2018/dataset/gson_parent/gson/src/main/resources
[INFO] 
[INFO] --- maven-compiler-plugin:3.1:compile (default-compile) @ gson ---
[INFO] Changes detected - recompiling the module!
[INFO] Compiling 66 source files to /tmp/icst-2019/september-2018/dataset/gson_parent/gson/target/classes
[INFO] 
[INFO] --- maven-resources-plugin:2.6:testResources (default-testResources) @ gson ---
[INFO] Using 'UTF-8' encoding to copy filtered resources.
[INFO] skip non existing resourceDirectory /tmp/icst-2019/september-2018/dataset/gson_parent/gson/src/test/resources
[INFO] 
[INFO] --- maven-compiler-plugin:3.1:testCompile (default-testCompile) @ gson ---
[INFO] Changes detected - recompiling the module!
[INFO] Compiling 82 source files to /tmp/icst-2019/september-2018/dataset/gson_parent/gson/target/test-classes
[INFO] 
[INFO] --- maven-surefire-plugin:2.12.4:test (default-test) @ gson ---
[INFO] Tests are skipped.
[INFO] 
[INFO] --- maven-dependency-plugin:2.8:build-classpath (default-cli) @ gson ---
[INFO] Wrote classpath file '/tmp/icst-2019/september-2018/dataset/gson_parent/gson/target/dspot/classpath'.
[INFO] ------------------------------------------------------------------------
[INFO] BUILD SUCCESS
[INFO] ------------------------------------------------------------------------
[INFO] Total time: 5.814 s
[INFO] Finished at: 2018-09-23T13:49:57+02:00
[INFO] ------------------------------------------------------------------------
[ERROR] 2018-09-23 13:50:00 JDTCommentBuilder - // Note that the above example is taken from JsonAdapterANnotationTest. is not added into the AST
spoon.reflect.declaration.ParentNotInitializedException: parent not initialized for class spoon.support.reflect.code.CtCommentImpl (/tmp/icst-2019/september-2018/dataset/gson_parent/gson/src/main/java/com/google/gson/annotations/JsonAdapter.java:86)
	at spoon.support.reflect.declaration.CtElementImpl.getParent(CtElementImpl.java:384)
	at spoon.support.compiler.jdt.JDTCommentBuilder.insertCommentInAST(JDTCommentBuilder.java:484)
	at spoon.support.compiler.jdt.JDTCommentBuilder.buildComment(JDTCommentBuilder.java:156)
	at spoon.support.compiler.jdt.JDTCommentBuilder.build(JDTCommentBuilder.java:112)
	at spoon.support.compiler.jdt.JDTBasedSpoonCompiler.buildModel(JDTBasedSpoonCompiler.java:477)
	at spoon.support.compiler.jdt.JDTBasedSpoonCompiler.buildUnitsAndModel(JDTBasedSpoonCompiler.java:390)
	at spoon.support.compiler.jdt.JDTBasedSpoonCompiler.buildSources(JDTBasedSpoonCompiler.java:339)
	at spoon.support.compiler.jdt.JDTBasedSpoonCompiler.build(JDTBasedSpoonCompiler.java:122)
	at spoon.support.compiler.jdt.JDTBasedSpoonCompiler.build(JDTBasedSpoonCompiler.java:105)
	at spoon.Launcher.buildModel(Launcher.java:768)
	at eu.stamp_project.utils.compilation.DSpotCompiler.getSpoonModelOf(DSpotCompiler.java:102)
	at eu.stamp_project.utils.compilation.DSpotCompiler.createDSpotCompiler(DSpotCompiler.java:35)
	at eu.stamp_project.dspot.DSpot.<init>(DSpot.java:89)
	at eu.stamp_project.Main.run(Main.java:49)
	at eu.stamp_project.DSpotMojo.execute(DSpotMojo.java:263)
	at org.apache.maven.plugin.DefaultBuildPluginManager.executeMojo(DefaultBuildPluginManager.java:137)
	at org.apache.maven.lifecycle.internal.MojoExecutor.execute(MojoExecutor.java:208)
	at org.apache.maven.lifecycle.internal.MojoExecutor.execute(MojoExecutor.java:154)
	at org.apache.maven.lifecycle.internal.MojoExecutor.execute(MojoExecutor.java:146)
	at org.apache.maven.lifecycle.internal.LifecycleModuleBuilder.buildProject(LifecycleModuleBuilder.java:117)
	at org.apache.maven.lifecycle.internal.LifecycleModuleBuilder.buildProject(LifecycleModuleBuilder.java:81)
	at org.apache.maven.lifecycle.internal.builder.singlethreaded.SingleThreadedBuilder.build(SingleThreadedBuilder.java:56)
	at org.apache.maven.lifecycle.internal.LifecycleStarter.execute(LifecycleStarter.java:128)
	at org.apache.maven.DefaultMaven.doExecute(DefaultMaven.java:305)
	at org.apache.maven.DefaultMaven.doExecute(DefaultMaven.java:192)
	at org.apache.maven.DefaultMaven.execute(DefaultMaven.java:105)
	at org.apache.maven.cli.MavenCli.execute(MavenCli.java:954)
	at org.apache.maven.cli.MavenCli.doMain(MavenCli.java:288)
	at org.apache.maven.cli.MavenCli.main(MavenCli.java:192)
	at sun.reflect.NativeMethodAccessorImpl.invoke0(Native Method)
	at sun.reflect.NativeMethodAccessorImpl.invoke(NativeMethodAccessorImpl.java:62)
	at sun.reflect.DelegatingMethodAccessorImpl.invoke(DelegatingMethodAccessorImpl.java:43)
	at java.lang.reflect.Method.invoke(Method.java:498)
	at org.codehaus.plexus.classworlds.launcher.Launcher.launchEnhanced(Launcher.java:289)
	at org.codehaus.plexus.classworlds.launcher.Launcher.launch(Launcher.java:229)
	at org.codehaus.plexus.classworlds.launcher.Launcher.mainWithExitCode(Launcher.java:415)
	at org.codehaus.plexus.classworlds.launcher.Launcher.main(Launcher.java:356)
[ERROR] 2018-09-23 13:50:00 JDTCommentBuilder - // Field tag only annotation is not added into the AST
spoon.reflect.declaration.ParentNotInitializedException: parent not initialized for class spoon.support.reflect.code.CtCommentImpl (/tmp/icst-2019/september-2018/dataset/gson_parent/gson/src/test/java/com/google/gson/functional/ExclusionStrategyFunctionalTest.java:167)
	at spoon.support.reflect.declaration.CtElementImpl.getParent(CtElementImpl.java:384)
	at spoon.support.compiler.jdt.JDTCommentBuilder.insertCommentInAST(JDTCommentBuilder.java:484)
	at spoon.support.compiler.jdt.JDTCommentBuilder.buildComment(JDTCommentBuilder.java:156)
	at spoon.support.compiler.jdt.JDTCommentBuilder.build(JDTCommentBuilder.java:112)
	at spoon.support.compiler.jdt.JDTBasedSpoonCompiler.buildModel(JDTBasedSpoonCompiler.java:477)
	at spoon.support.compiler.jdt.JDTBasedSpoonCompiler.buildUnitsAndModel(JDTBasedSpoonCompiler.java:390)
	at spoon.support.compiler.jdt.JDTBasedSpoonCompiler.buildSources(JDTBasedSpoonCompiler.java:339)
	at spoon.support.compiler.jdt.JDTBasedSpoonCompiler.build(JDTBasedSpoonCompiler.java:122)
	at spoon.support.compiler.jdt.JDTBasedSpoonCompiler.build(JDTBasedSpoonCompiler.java:105)
	at spoon.Launcher.buildModel(Launcher.java:768)
	at eu.stamp_project.utils.compilation.DSpotCompiler.getSpoonModelOf(DSpotCompiler.java:102)
	at eu.stamp_project.utils.compilation.DSpotCompiler.createDSpotCompiler(DSpotCompiler.java:35)
	at eu.stamp_project.dspot.DSpot.<init>(DSpot.java:89)
	at eu.stamp_project.Main.run(Main.java:49)
	at eu.stamp_project.DSpotMojo.execute(DSpotMojo.java:263)
	at org.apache.maven.plugin.DefaultBuildPluginManager.executeMojo(DefaultBuildPluginManager.java:137)
	at org.apache.maven.lifecycle.internal.MojoExecutor.execute(MojoExecutor.java:208)
	at org.apache.maven.lifecycle.internal.MojoExecutor.execute(MojoExecutor.java:154)
	at org.apache.maven.lifecycle.internal.MojoExecutor.execute(MojoExecutor.java:146)
	at org.apache.maven.lifecycle.internal.LifecycleModuleBuilder.buildProject(LifecycleModuleBuilder.java:117)
	at org.apache.maven.lifecycle.internal.LifecycleModuleBuilder.buildProject(LifecycleModuleBuilder.java:81)
	at org.apache.maven.lifecycle.internal.builder.singlethreaded.SingleThreadedBuilder.build(SingleThreadedBuilder.java:56)
	at org.apache.maven.lifecycle.internal.LifecycleStarter.execute(LifecycleStarter.java:128)
	at org.apache.maven.DefaultMaven.doExecute(DefaultMaven.java:305)
	at org.apache.maven.DefaultMaven.doExecute(DefaultMaven.java:192)
	at org.apache.maven.DefaultMaven.execute(DefaultMaven.java:105)
	at org.apache.maven.cli.MavenCli.execute(MavenCli.java:954)
	at org.apache.maven.cli.MavenCli.doMain(MavenCli.java:288)
	at org.apache.maven.cli.MavenCli.main(MavenCli.java:192)
	at sun.reflect.NativeMethodAccessorImpl.invoke0(Native Method)
	at sun.reflect.NativeMethodAccessorImpl.invoke(NativeMethodAccessorImpl.java:62)
	at sun.reflect.DelegatingMethodAccessorImpl.invoke(DelegatingMethodAccessorImpl.java:43)
	at java.lang.reflect.Method.invoke(Method.java:498)
	at org.codehaus.plexus.classworlds.launcher.Launcher.launchEnhanced(Launcher.java:289)
	at org.codehaus.plexus.classworlds.launcher.Launcher.launch(Launcher.java:229)
	at org.codehaus.plexus.classworlds.launcher.Launcher.mainWithExitCode(Launcher.java:415)
	at org.codehaus.plexus.classworlds.launcher.Launcher.main(Launcher.java:356)
[INFO] run maven clean test -DskipTests dependency:build-classpath -Dmdep.outputFile=target/dspot/classpath
[WARN] Maven will be executed in interactive mode, but no input stream has been configured for this MavenInvoker instance.
[INFO] Scanning for projects...
[INFO] 
[INFO] ---------------------< com.google.code.gson:gson >----------------------
[INFO] Building Gson 2.3-SNAPSHOT
[INFO] --------------------------------[ jar ]---------------------------------
[INFO] 
[INFO] --- maven-clean-plugin:2.5:clean (default-clean) @ gson ---
[INFO] Deleting /tmp/icst-2019/september-2018/dataset/gson/gson/target
[INFO] 
[INFO] --- maven-enforcer-plugin:1.2:enforce (enforce-maven) @ gson ---
[INFO] Skipping Rule Enforcement.
[INFO] 
[INFO] --- maven-resources-plugin:2.6:resources (default-resources) @ gson ---
[INFO] Using 'UTF-8' encoding to copy filtered resources.
[INFO] skip non existing resourceDirectory /tmp/icst-2019/september-2018/dataset/gson/gson/src/main/resources
[INFO] 
[INFO] --- maven-compiler-plugin:3.1:compile (default-compile) @ gson ---
[INFO] Changes detected - recompiling the module!
[INFO] Compiling 66 source files to /tmp/icst-2019/september-2018/dataset/gson/gson/target/classes
[INFO] 
[INFO] --- maven-resources-plugin:2.6:testResources (default-testResources) @ gson ---
[INFO] Using 'UTF-8' encoding to copy filtered resources.
[INFO] skip non existing resourceDirectory /tmp/icst-2019/september-2018/dataset/gson/gson/src/test/resources
[INFO] 
[INFO] --- maven-compiler-plugin:3.1:testCompile (default-testCompile) @ gson ---
[INFO] Changes detected - recompiling the module!
[INFO] Compiling 82 source files to /tmp/icst-2019/september-2018/dataset/gson/gson/target/test-classes
[INFO] 
[INFO] --- maven-surefire-plugin:2.12.4:test (default-test) @ gson ---
[INFO] Tests are skipped.
[INFO] 
[INFO] --- maven-dependency-plugin:2.8:build-classpath (default-cli) @ gson ---
[INFO] Wrote classpath file '/tmp/icst-2019/september-2018/dataset/gson/gson/target/dspot/classpath'.
[INFO] ------------------------------------------------------------------------
[INFO] BUILD SUCCESS
[INFO] ------------------------------------------------------------------------
[INFO] Total time: 5.713 s
[INFO] Finished at: 2018-09-23T13:50:08+02:00
[INFO] ------------------------------------------------------------------------
[INFO] Amplification of com.google.gson.functional.JsonAdapterAnnotationOnClassesTest (6 test(s))
[INFO] Assertion amplification of com.google.gson.functional.JsonAdapterAnnotationOnClassesTest (6 test(s))
[INFO] Run: java -classpath /tmp/icst-2019/september-2018/dataset/gson_parent/gson/target/test-classes:/tmp/icst-2019/september-2018/dataset/gson_parent/gson/target/classes/:/home/spirals/danglot/.m2/repository/junit/junit/4.12/junit-4.12.jar:/home/spirals/danglot/.m2/repository/junit/junit/3.8.2/junit-3.8.2.jar:/tmp/icst-2019/september-2018/dataset/gson_parent/gson/target/dspot/dependencies/:/home/spirals/danglot/.m2/repository/eu/stamp-project/test-runner/1.1.0/test-runner-1.1.0-jar-with-dependencies.jar eu.stamp_project.testrunner.runner.test.TestRunner com.google.gson.functional.JsonAdapterAnnotationOnClassesTest testSuperclassTypeAdapterNotInvoked:testJsonAdapterInvoked:testIncorrectTypeAdapterFails:testRegisteredDeserializerOverridesJsonAdapter:testRegisteredSerializerOverridesJsonAdapter:testJsonAdapterInvoked
File saved to the following path: /tmp/icst-2019/september-2018/dataset/gson_parent/gson/target/dspot/TestListener.ser
Loading /tmp/icst-2019/september-2018/dataset/gson_parent/gson/target/dspot/TestListener.ser
[INFO] Test has been run: testJsonAdapterInvoked,testRegisteredDeserializerOverridesJsonAdapter,testRegisteredSerializerOverridesJsonAdapter,testSuperclassTypeAdapterNotInvoked,testIncorrectTypeAdapterFails
[INFO] Run tests. (6)
[INFO] Run: java -classpath /tmp/icst-2019/september-2018/dataset/gson_parent/gson/target/test-classes:/tmp/icst-2019/september-2018/dataset/gson_parent/gson/target/classes/:/home/spirals/danglot/.m2/repository/junit/junit/4.12/junit-4.12.jar:/home/spirals/danglot/.m2/repository/junit/junit/3.8.2/junit-3.8.2.jar:/tmp/icst-2019/september-2018/dataset/gson_parent/gson/target/dspot/dependencies/:/home/spirals/danglot/.m2/repository/eu/stamp-project/test-runner/1.1.0/test-runner-1.1.0-jar-with-dependencies.jar eu.stamp_project.testrunner.runner.test.TestRunner com.google.gson.functional.JsonAdapterAnnotationOnClassesTest testSuperclassTypeAdapterNotInvoked:testJsonAdapterInvoked:testIncorrectTypeAdapterFails:testRegisteredDeserializerOverridesJsonAdapter:testRegisteredSerializerOverridesJsonAdapter:testJsonAdapterInvoked
File saved to the following path: /tmp/icst-2019/september-2018/dataset/gson_parent/gson/target/dspot/TestListener.ser
Loading /tmp/icst-2019/september-2018/dataset/gson_parent/gson/target/dspot/TestListener.ser
[INFO] Test has been run: testJsonAdapterInvoked,testRegisteredDeserializerOverridesJsonAdapter,testRegisteredSerializerOverridesJsonAdapter,testSuperclassTypeAdapterNotInvoked,testIncorrectTypeAdapterFails
[INFO] 5 test pass, generating assertion...
[INFO] Add observations points in passing tests.
[INFO] Instrumentation...
 16% |======== ]/ 33% |================ ]- 50% |========================= ]\ 66% |================================= ]| 83% |========================================= ]/ 33% |========================================= ]-[INFO] Run instrumented tests. (18)
[INFO] Run: java -classpath /tmp/icst-2019/september-2018/dataset/gson_parent/gson/target/test-classes:/tmp/icst-2019/september-2018/dataset/gson_parent/gson/target/classes/:/home/spirals/danglot/.m2/repository/junit/junit/4.12/junit-4.12.jar:/home/spirals/danglot/.m2/repository/junit/junit/3.8.2/junit-3.8.2.jar:/tmp/icst-2019/september-2018/dataset/gson_parent/gson/target/dspot/dependencies/:/home/spirals/danglot/.m2/repository/eu/stamp-project/test-runner/1.1.0/test-runner-1.1.0-jar-with-dependencies.jar eu.stamp_project.testrunner.runner.test.TestRunner com.google.gson.functional.JsonAdapterAnnotationOnClassesTest testSuperclassTypeAdapterNotInvoked_withlog0:testJsonAdapterInvoked_withlog0:testIncorrectTypeAdapterFails_withlog0:testRegisteredDeserializerOverridesJsonAdapter_withlog0:testRegisteredSerializerOverridesJsonAdapter_withlog0:testJsonAdapterInvoked_withlog0:testSuperclassTypeAdapterNotInvoked_withlog1:testJsonAdapterInvoked_withlog1:testIncorrectTypeAdapterFails_withlog1:testRegisteredDeserializerOverridesJsonAdapter_withlog1:testRegisteredSerializerOverridesJsonAdapter_withlog1:testJsonAdapterInvoked_withlog1:testSuperclassTypeAdapterNotInvoked_withlog2:testJsonAdapterInvoked_withlog2:testIncorrectTypeAdapterFails_withlog2:testRegisteredDeserializerOverridesJsonAdapter_withlog2:testRegisteredSerializerOverridesJsonAdapter_withlog2:testJsonAdapterInvoked_withlog2
File saved to the following path: /tmp/icst-2019/september-2018/dataset/gson_parent/gson/target/dspot/observations.ser
File saved to the following path: /tmp/icst-2019/september-2018/dataset/gson_parent/gson/target/dspot/TestListener.ser
Loading /tmp/icst-2019/september-2018/dataset/gson_parent/gson/target/dspot/TestListener.ser
[INFO] Test has been run: testSuperclassTypeAdapterNotInvoked_withlog0,testSuperclassTypeAdapterNotInvoked_withlog1,testSuperclassTypeAdapterNotInvoked_withlog2,testRegisteredDeserializerOverridesJsonAdapter_withlog0,testRegisteredDeserializerOverridesJsonAdapter_withlog1,testRegisteredDeserializerOverridesJsonAdapter_withlog2,testJsonAdapterInvoked_withlog0,testJsonAdapterInvoked_withlog1,testJsonAdapterInvoked_withlog2,testRegisteredSerializerOverridesJsonAdapter_withlog0,testRegisteredSerializerOverridesJsonAdapter_withlog1,testRegisteredSerializerOverridesJsonAdapter_withlog2,testIncorrectTypeAdapterFails_withlog0,testIncorrectTypeAdapterFails_withlog1,testIncorrectTypeAdapterFails_withlog2
[INFO] Generating assertions...
[INFO] 5 new tests with assertions generated
[INFO] Run: java -classpath /tmp/icst-2019/september-2018/dataset/gson_parent/gson/target/test-classes:/tmp/icst-2019/september-2018/dataset/gson_parent/gson/target/classes/:/home/spirals/danglot/.m2/repository/junit/junit/4.12/junit-4.12.jar:/home/spirals/danglot/.m2/repository/junit/junit/3.8.2/junit-3.8.2.jar:/tmp/icst-2019/september-2018/dataset/gson_parent/gson/target/dspot/dependencies/:/home/spirals/danglot/.m2/repository/eu/stamp-project/test-runner/1.1.0/test-runner-1.1.0-jar-with-dependencies.jar eu.stamp_project.testrunner.runner.test.TestRunner com.google.gson.functional.JsonAdapterAnnotationOnClassesTest testSuperclassTypeAdapterNotInvoked:testJsonAdapterInvoked:testRegisteredDeserializerOverridesJsonAdapter:testRegisteredSerializerOverridesJsonAdapter:testJsonAdapterInvoked
File saved to the following path: /tmp/icst-2019/september-2018/dataset/gson_parent/gson/target/dspot/TestListener.ser
Loading /tmp/icst-2019/september-2018/dataset/gson_parent/gson/target/dspot/TestListener.ser
[INFO] Test has been run: testJsonAdapterInvoked,testRegisteredDeserializerOverridesJsonAdapter,testRegisteredSerializerOverridesJsonAdapter,testSuperclassTypeAdapterNotInvoked
[INFO] Assertion amplification: 5 test method(s) has been successfully amplified.
[WARN] 2018-09-23 13:50:12 Launcher - You specified the directory /tmp/icst-2019/september-2018/dataset/gson/gson/target/classes in source classpath, please note that only class files will be considered. Jars and subdirectories will be ignored.
[WARN] 2018-09-23 13:50:12 Launcher - You specified the directory /tmp/icst-2019/september-2018/dataset/gson/gson/target/test-classes in source classpath, please note that only class files will be considered. Jars and subdirectories will be ignored.
[WARN] 2018-09-23 13:50:12 Launcher - You specified the directory /tmp/icst-2019/september-2018/dataset/gson/gson/target/dspot/dependencies in source classpath, please note that only class files will be considered. Jars and subdirectories will be ignored.
[INFO] Run: java -classpath /tmp/icst-2019/september-2018/dataset/gson/gson/target/classes/:/tmp/icst-2019/september-2018/dataset/gson/gson/target/test-classes/:/home/spirals/danglot/.m2/repository/junit/junit/4.12/junit-4.12.jar:/home/spirals/danglot/.m2/repository/junit/junit/3.8.2/junit-3.8.2.jar:/tmp/icst-2019/september-2018/dataset/gson/gson/target/dspot/dependencies/:/home/spirals/danglot/.m2/repository/eu/stamp-project/test-runner/1.1.0/test-runner-1.1.0-jar-with-dependencies.jar eu.stamp_project.testrunner.runner.test.TestRunner com.google.gson.functional.JsonAdapterAnnotationOnClassesTest testSuperclassTypeAdapterNotInvoked:testJsonAdapterInvoked:testRegisteredDeserializerOverridesJsonAdapter:testRegisteredSerializerOverridesJsonAdapter:testJsonAdapterInvoked
File saved to the following path: /tmp/icst-2019/september-2018/dataset/gson_parent/gson/target/dspot/TestListener.ser
Loading /tmp/icst-2019/september-2018/dataset/gson_parent/gson/target/dspot/TestListener.ser
[INFO] Test has been run: testJsonAdapterInvoked,testRegisteredDeserializerOverridesJsonAdapter,testRegisteredSerializerOverridesJsonAdapter,testSuperclassTypeAdapterNotInvoked
[INFO] 0 amplified test methods has been selected to be kept. (global: 0)
[INFO] elapsedTime 4377
======= REPORT =======
0 amplified test fails on the new versions.

[WARNING] DSpot could not obtain any amplified test method.
[WARNING] You can customize the following options: --amplifiers, --test-criterion, --iteration, --budgetizer etc, and retry with a new configuration.
[INFO] Amplification of com.google.gson.functional.JsonAdapterAnnotationOnFieldsTest (4 test(s))
[INFO] Assertion amplification of com.google.gson.functional.JsonAdapterAnnotationOnFieldsTest (4 test(s))
[INFO] Run: java -classpath /tmp/icst-2019/september-2018/dataset/gson_parent/gson/target/test-classes:/tmp/icst-2019/september-2018/dataset/gson_parent/gson/target/classes/:/home/spirals/danglot/.m2/repository/junit/junit/4.12/junit-4.12.jar:/home/spirals/danglot/.m2/repository/junit/junit/3.8.2/junit-3.8.2.jar:/tmp/icst-2019/september-2018/dataset/gson_parent/gson/target/dspot/dependencies/:/home/spirals/danglot/.m2/repository/eu/stamp-project/test-runner/1.1.0/test-runner-1.1.0-jar-with-dependencies.jar eu.stamp_project.testrunner.runner.test.TestRunner com.google.gson.functional.JsonAdapterAnnotationOnFieldsTest testJsonAdapterInvoked:testFieldAnnotationSupersedesClassAnnotation:testJsonAdapterInvoked:testRegisteredTypeAdapterOverridesFieldAnnotation
File saved to the following path: /tmp/icst-2019/september-2018/dataset/gson_parent/gson/target/dspot/TestListener.ser
Loading /tmp/icst-2019/september-2018/dataset/gson_parent/gson/target/dspot/TestListener.ser
[INFO] Test has been run: testJsonAdapterInvoked,testRegisteredTypeAdapterOverridesFieldAnnotation,testFieldAnnotationSupersedesClassAnnotation(com.google.gson.functional.JsonAdapterAnnotationOnFieldsTest): expected:<{"user":["userJsonAdapter2"]}> but was:<{"user":[{"firstName":"Inderjeet","lastName":"Singh"}]}>
[INFO] Run tests. (3)
[INFO] Run: java -classpath /tmp/icst-2019/september-2018/dataset/gson_parent/gson/target/test-classes:/tmp/icst-2019/september-2018/dataset/gson_parent/gson/target/classes/:/home/spirals/danglot/.m2/repository/junit/junit/4.12/junit-4.12.jar:/home/spirals/danglot/.m2/repository/junit/junit/3.8.2/junit-3.8.2.jar:/tmp/icst-2019/september-2018/dataset/gson_parent/gson/target/dspot/dependencies/:/home/spirals/danglot/.m2/repository/eu/stamp-project/test-runner/1.1.0/test-runner-1.1.0-jar-with-dependencies.jar eu.stamp_project.testrunner.runner.test.TestRunner com.google.gson.functional.JsonAdapterAnnotationOnFieldsTest testJsonAdapterInvoked:testJsonAdapterInvoked:testRegisteredTypeAdapterOverridesFieldAnnotation
File saved to the following path: /tmp/icst-2019/september-2018/dataset/gson_parent/gson/target/dspot/TestListener.ser
Loading /tmp/icst-2019/september-2018/dataset/gson_parent/gson/target/dspot/TestListener.ser
[INFO] Test has been run: testJsonAdapterInvoked,testRegisteredTypeAdapterOverridesFieldAnnotation
[INFO] 2 test pass, generating assertion...
[INFO] Add observations points in passing tests.
[INFO] Instrumentation...
 33% |========================================= ]/ 33% |========================================= ]/100% |================================================== ]\
[INFO] Run instrumented tests. (9)
[INFO] Run: java -classpath /tmp/icst-2019/september-2018/dataset/gson_parent/gson/target/test-classes:/tmp/icst-2019/september-2018/dataset/gson_parent/gson/target/classes/:/home/spirals/danglot/.m2/repository/junit/junit/4.12/junit-4.12.jar:/home/spirals/danglot/.m2/repository/junit/junit/3.8.2/junit-3.8.2.jar:/tmp/icst-2019/september-2018/dataset/gson_parent/gson/target/dspot/dependencies/:/home/spirals/danglot/.m2/repository/eu/stamp-project/test-runner/1.1.0/test-runner-1.1.0-jar-with-dependencies.jar eu.stamp_project.testrunner.runner.test.TestRunner com.google.gson.functional.JsonAdapterAnnotationOnFieldsTest testJsonAdapterInvoked_withlog0:testJsonAdapterInvoked_withlog0:testRegisteredTypeAdapterOverridesFieldAnnotation_withlog0:testJsonAdapterInvoked_withlog1:testJsonAdapterInvoked_withlog1:testRegisteredTypeAdapterOverridesFieldAnnotation_withlog1:testJsonAdapterInvoked_withlog2:testJsonAdapterInvoked_withlog2:testRegisteredTypeAdapterOverridesFieldAnnotation_withlog2
File saved to the following path: /tmp/icst-2019/september-2018/dataset/gson_parent/gson/target/dspot/observations.ser
File saved to the following path: /tmp/icst-2019/september-2018/dataset/gson_parent/gson/target/dspot/TestListener.ser
Loading /tmp/icst-2019/september-2018/dataset/gson_parent/gson/target/dspot/TestListener.ser
[INFO] Test has been run: testRegisteredTypeAdapterOverridesFieldAnnotation_withlog0,testRegisteredTypeAdapterOverridesFieldAnnotation_withlog1,testRegisteredTypeAdapterOverridesFieldAnnotation_withlog2,testJsonAdapterInvoked_withlog0,testJsonAdapterInvoked_withlog1,testJsonAdapterInvoked_withlog2
[INFO] Generating assertions...
[INFO] 3 new tests with assertions generated
[INFO] Run: java -classpath /tmp/icst-2019/september-2018/dataset/gson_parent/gson/target/test-classes:/tmp/icst-2019/september-2018/dataset/gson_parent/gson/target/classes/:/home/spirals/danglot/.m2/repository/junit/junit/4.12/junit-4.12.jar:/home/spirals/danglot/.m2/repository/junit/junit/3.8.2/junit-3.8.2.jar:/tmp/icst-2019/september-2018/dataset/gson_parent/gson/target/dspot/dependencies/:/home/spirals/danglot/.m2/repository/eu/stamp-project/test-runner/1.1.0/test-runner-1.1.0-jar-with-dependencies.jar eu.stamp_project.testrunner.runner.test.TestRunner com.google.gson.functional.JsonAdapterAnnotationOnFieldsTest testJsonAdapterInvoked:testJsonAdapterInvoked:testRegisteredTypeAdapterOverridesFieldAnnotation
File saved to the following path: /tmp/icst-2019/september-2018/dataset/gson_parent/gson/target/dspot/TestListener.ser
Loading /tmp/icst-2019/september-2018/dataset/gson_parent/gson/target/dspot/TestListener.ser
[INFO] Test has been run: testJsonAdapterInvoked,testRegisteredTypeAdapterOverridesFieldAnnotation
[INFO] Assertion amplification: 3 test method(s) has been successfully amplified.
[WARN] 2018-09-23 13:50:16 Launcher - You specified the directory /tmp/icst-2019/september-2018/dataset/gson/gson/target/classes in source classpath, please note that only class files will be considered. Jars and subdirectories will be ignored.
[WARN] 2018-09-23 13:50:16 Launcher - You specified the directory /tmp/icst-2019/september-2018/dataset/gson/gson/target/test-classes in source classpath, please note that only class files will be considered. Jars and subdirectories will be ignored.
[WARN] 2018-09-23 13:50:16 Launcher - You specified the directory /tmp/icst-2019/september-2018/dataset/gson/gson/target/dspot/dependencies in source classpath, please note that only class files will be considered. Jars and subdirectories will be ignored.
[INFO] Run: java -classpath /tmp/icst-2019/september-2018/dataset/gson/gson/target/classes/:/tmp/icst-2019/september-2018/dataset/gson/gson/target/test-classes/:/home/spirals/danglot/.m2/repository/junit/junit/4.12/junit-4.12.jar:/home/spirals/danglot/.m2/repository/junit/junit/3.8.2/junit-3.8.2.jar:/tmp/icst-2019/september-2018/dataset/gson/gson/target/dspot/dependencies/:/home/spirals/danglot/.m2/repository/eu/stamp-project/test-runner/1.1.0/test-runner-1.1.0-jar-with-dependencies.jar eu.stamp_project.testrunner.runner.test.TestRunner com.google.gson.functional.JsonAdapterAnnotationOnFieldsTest testJsonAdapterInvoked:testJsonAdapterInvoked:testRegisteredTypeAdapterOverridesFieldAnnotation
File saved to the following path: /tmp/icst-2019/september-2018/dataset/gson_parent/gson/target/dspot/TestListener.ser
Loading /tmp/icst-2019/september-2018/dataset/gson_parent/gson/target/dspot/TestListener.ser
[INFO] Test has been run: testJsonAdapterInvoked,testRegisteredTypeAdapterOverridesFieldAnnotation
[INFO] 0 amplified test methods has been selected to be kept. (global: 0)
[INFO] elapsedTime 3360
======= REPORT =======
0 amplified test fails on the new versions.

[WARNING] DSpot could not obtain any amplified test method.
[WARNING] You can customize the following options: --amplifiers, --test-criterion, --iteration, --budgetizer etc, and retry with a new configuration.
[INFO] Amplification of com.google.gson.functional.MapTest (7 test(s))
[INFO] Assertion amplification of com.google.gson.functional.MapTest (7 test(s))
[ERROR] Error(s) during compilation:
[ERROR] Pb(232) Syntax error on token ".", delete this token
[ERROR] Pb(50) $Gson$Types cannot be resolved
[ERROR] Pb(50) $Gson$Types cannot be resolved
[INFO] Run: java -classpath /tmp/icst-2019/september-2018/dataset/gson_parent/gson/target/test-classes:/tmp/icst-2019/september-2018/dataset/gson_parent/gson/target/classes/:/home/spirals/danglot/.m2/repository/junit/junit/4.12/junit-4.12.jar:/home/spirals/danglot/.m2/repository/junit/junit/3.8.2/junit-3.8.2.jar:/tmp/icst-2019/september-2018/dataset/gson_parent/gson/target/dspot/dependencies/:/home/spirals/danglot/.m2/repository/eu/stamp-project/test-runner/1.1.0/test-runner-1.1.0-jar-with-dependencies.jar eu.stamp_project.testrunner.runner.test.TestRunner com.google.gson.functional.MapTest testInterfaceTypeMap:testInterfaceTypeMapWithSerializer:testMapSerializationWithNullValues:testGeneralMapField:testMapSerializationWithNullValuesSerialized:testComplexKeysDeserialization:testComplexKeysSerialization
File saved to the following path: /tmp/icst-2019/september-2018/dataset/gson_parent/gson/target/dspot/TestListener.ser
Loading /tmp/icst-2019/september-2018/dataset/gson_parent/gson/target/dspot/TestListener.ser
[INFO] Test has been run: testMapSerializationWithNullValuesSerialized,testComplexKeysDeserialization,testInterfaceTypeMap,testMapSerializationWithNullValues,testGeneralMapField,testComplexKeysSerialization,testInterfaceTypeMapWithSerializer
[INFO] Run tests. (7)
[ERROR] Error(s) during compilation:
[ERROR] Pb(232) Syntax error on token ".", delete this token
[ERROR] Pb(50) $Gson$Types cannot be resolved
[ERROR] Pb(50) $Gson$Types cannot be resolved
[INFO] Run: java -classpath /tmp/icst-2019/september-2018/dataset/gson_parent/gson/target/test-classes:/tmp/icst-2019/september-2018/dataset/gson_parent/gson/target/classes/:/home/spirals/danglot/.m2/repository/junit/junit/4.12/junit-4.12.jar:/home/spirals/danglot/.m2/repository/junit/junit/3.8.2/junit-3.8.2.jar:/tmp/icst-2019/september-2018/dataset/gson_parent/gson/target/dspot/dependencies/:/home/spirals/danglot/.m2/repository/eu/stamp-project/test-runner/1.1.0/test-runner-1.1.0-jar-with-dependencies.jar eu.stamp_project.testrunner.runner.test.TestRunner com.google.gson.functional.MapTest testInterfaceTypeMap:testInterfaceTypeMapWithSerializer:testMapSerializationWithNullValues:testGeneralMapField:testMapSerializationWithNullValuesSerialized:testComplexKeysDeserialization:testComplexKeysSerialization
File saved to the following path: /tmp/icst-2019/september-2018/dataset/gson_parent/gson/target/dspot/TestListener.ser
Loading /tmp/icst-2019/september-2018/dataset/gson_parent/gson/target/dspot/TestListener.ser
[INFO] Test has been run: testMapSerializationWithNullValuesSerialized,testComplexKeysDeserialization,testInterfaceTypeMap,testMapSerializationWithNullValues,testGeneralMapField,testComplexKeysSerialization,testInterfaceTypeMapWithSerializer
[INFO] 7 test pass, generating assertion...
[INFO] Add observations points in passing tests.
[INFO] Instrumentation...
 14% |======= ]/ 28% |============== ]- 42% |===================== ]\ 57% |============================ ]| 71% |=================================== ]/ 85% |========================================== ]-100% |================================================== ]\
[INFO] Run instrumented tests. (21)
[INFO] Run: java -classpath /tmp/icst-2019/september-2018/dataset/gson_parent/gson/target/test-classes:/tmp/icst-2019/september-2018/dataset/gson_parent/gson/target/classes/:/home/spirals/danglot/.m2/repository/junit/junit/4.12/junit-4.12.jar:/home/spirals/danglot/.m2/repository/junit/junit/3.8.2/junit-3.8.2.jar:/tmp/icst-2019/september-2018/dataset/gson_parent/gson/target/dspot/dependencies/:/home/spirals/danglot/.m2/repository/eu/stamp-project/test-runner/1.1.0/test-runner-1.1.0-jar-with-dependencies.jar eu.stamp_project.testrunner.runner.test.TestRunner com.google.gson.functional.MapTest testInterfaceTypeMap_withlog0:testInterfaceTypeMapWithSerializer_withlog0:testMapSerializationWithNullValues_withlog0:testGeneralMapField_withlog0:testMapSerializationWithNullValuesSerialized_withlog0:testComplexKeysDeserialization_withlog0:testComplexKeysSerialization_withlog0:testInterfaceTypeMap_withlog1:testInterfaceTypeMapWithSerializer_withlog1:testMapSerializationWithNullValues_withlog1:testGeneralMapField_withlog1:testMapSerializationWithNullValuesSerialized_withlog1:testComplexKeysDeserialization_withlog1:testComplexKeysSerialization_withlog1:testInterfaceTypeMap_withlog2:testInterfaceTypeMapWithSerializer_withlog2:testMapSerializationWithNullValues_withlog2:testGeneralMapField_withlog2:testMapSerializationWithNullValuesSerialized_withlog2:testComplexKeysDeserialization_withlog2:testComplexKeysSerialization_withlog2
File saved to the following path: /tmp/icst-2019/september-2018/dataset/gson_parent/gson/target/dspot/observations.ser
File saved to the following path: /tmp/icst-2019/september-2018/dataset/gson_parent/gson/target/dspot/TestListener.ser
Loading /tmp/icst-2019/september-2018/dataset/gson_parent/gson/target/dspot/TestListener.ser
[INFO] Test has been run: testComplexKeysDeserialization_withlog0,testComplexKeysDeserialization_withlog1,testComplexKeysDeserialization_withlog2,testInterfaceTypeMapWithSerializer_withlog0,testInterfaceTypeMapWithSerializer_withlog1,testInterfaceTypeMapWithSerializer_withlog2,testInterfaceTypeMap_withlog0,testInterfaceTypeMap_withlog1,testInterfaceTypeMap_withlog2,testMapSerializationWithNullValues_withlog0(com.google.gson.functional.MapTest): null,testMapSerializationWithNullValues_withlog1(com.google.gson.functional.MapTest): null,testMapSerializationWithNullValues_withlog2(com.google.gson.functional.MapTest): null,testGeneralMapField_withlog0(com.google.gson.functional.MapTest): null,testGeneralMapField_withlog1(com.google.gson.functional.MapTest): null,testGeneralMapField_withlog2(com.google.gson.functional.MapTest): null,testMapSerializationWithNullValuesSerialized_withlog0(com.google.gson.functional.MapTest): null,testMapSerializationWithNullValuesSerialized_withlog1(com.google.gson.functional.MapTest): null,testMapSerializationWithNullValuesSerialized_withlog2(com.google.gson.functional.MapTest): null,testComplexKeysSerialization_withlog0(com.google.gson.functional.MapTest): null,testComplexKeysSerialization_withlog1(com.google.gson.functional.MapTest): null,testComplexKeysSerialization_withlog2(com.google.gson.functional.MapTest): null
[WARNING] Some instrumented test failed!
[INFO] Generating assertions...
[INFO] 3 new tests with assertions generated
[ERROR] Error(s) during compilation:
[ERROR] Pb(232) Syntax error on token ".", delete this token
[ERROR] Pb(50) $Gson$Types cannot be resolved
[ERROR] Pb(50) $Gson$Types cannot be resolved
[INFO] Run: java -classpath /tmp/icst-2019/september-2018/dataset/gson_parent/gson/target/test-classes:/tmp/icst-2019/september-2018/dataset/gson_parent/gson/target/classes/:/home/spirals/danglot/.m2/repository/junit/junit/4.12/junit-4.12.jar:/home/spirals/danglot/.m2/repository/junit/junit/3.8.2/junit-3.8.2.jar:/tmp/icst-2019/september-2018/dataset/gson_parent/gson/target/dspot/dependencies/:/home/spirals/danglot/.m2/repository/eu/stamp-project/test-runner/1.1.0/test-runner-1.1.0-jar-with-dependencies.jar eu.stamp_project.testrunner.runner.test.TestRunner com.google.gson.functional.MapTest testInterfaceTypeMap:testInterfaceTypeMapWithSerializer:testComplexKeysDeserialization
File saved to the following path: /tmp/icst-2019/september-2018/dataset/gson_parent/gson/target/dspot/TestListener.ser
Loading /tmp/icst-2019/september-2018/dataset/gson_parent/gson/target/dspot/TestListener.ser
[INFO] Test has been run: testComplexKeysDeserialization,testInterfaceTypeMap,testInterfaceTypeMapWithSerializer
[INFO] Assertion amplification: 3 test method(s) has been successfully amplified.
[WARN] 2018-09-23 13:50:23 Launcher - You specified the directory /tmp/icst-2019/september-2018/dataset/gson/gson/target/classes in source classpath, please note that only class files will be considered. Jars and subdirectories will be ignored.
[WARN] 2018-09-23 13:50:23 Launcher - You specified the directory /tmp/icst-2019/september-2018/dataset/gson/gson/target/test-classes in source classpath, please note that only class files will be considered. Jars and subdirectories will be ignored.
[WARN] 2018-09-23 13:50:23 Launcher - You specified the directory /tmp/icst-2019/september-2018/dataset/gson/gson/target/dspot/dependencies in source classpath, please note that only class files will be considered. Jars and subdirectories will be ignored.
[INFO] Run: java -classpath /tmp/icst-2019/september-2018/dataset/gson/gson/target/classes/:/tmp/icst-2019/september-2018/dataset/gson/gson/target/test-classes/:/home/spirals/danglot/.m2/repository/junit/junit/4.12/junit-4.12.jar:/home/spirals/danglot/.m2/repository/junit/junit/3.8.2/junit-3.8.2.jar:/tmp/icst-2019/september-2018/dataset/gson/gson/target/dspot/dependencies/:/home/spirals/danglot/.m2/repository/eu/stamp-project/test-runner/1.1.0/test-runner-1.1.0-jar-with-dependencies.jar eu.stamp_project.testrunner.runner.test.TestRunner com.google.gson.functional.MapTest testInterfaceTypeMap:testInterfaceTypeMapWithSerializer:testComplexKeysDeserialization
File saved to the following path: /tmp/icst-2019/september-2018/dataset/gson_parent/gson/target/dspot/TestListener.ser
Loading /tmp/icst-2019/september-2018/dataset/gson_parent/gson/target/dspot/TestListener.ser
[INFO] Test has been run: testComplexKeysDeserialization,testInterfaceTypeMap,testInterfaceTypeMapWithSerializer
[INFO] 0 amplified test methods has been selected to be kept. (global: 0)
[INFO] elapsedTime 6828
======= REPORT =======
0 amplified test fails on the new versions.

[WARNING] DSpot could not obtain any amplified test method.
[WARNING] You can customize the following options: --amplifiers, --test-criterion, --iteration, --budgetizer etc, and retry with a new configuration.
[INFO] Amplification of com.google.gson.functional.DefaultTypeAdaptersTest (9 test(s))
[INFO] Assertion amplification of com.google.gson.functional.DefaultTypeAdaptersTest (9 test(s))
[INFO] Run: java -classpath /tmp/icst-2019/september-2018/dataset/gson_parent/gson/target/test-classes:/tmp/icst-2019/september-2018/dataset/gson_parent/gson/target/classes/:/home/spirals/danglot/.m2/repository/junit/junit/4.12/junit-4.12.jar:/home/spirals/danglot/.m2/repository/junit/junit/3.8.2/junit-3.8.2.jar:/tmp/icst-2019/september-2018/dataset/gson_parent/gson/target/dspot/dependencies/:/home/spirals/danglot/.m2/repository/eu/stamp-project/test-runner/1.1.0/test-runner-1.1.0-jar-with-dependencies.jar eu.stamp_project.testrunner.runner.test.TestRunner com.google.gson.functional.DefaultTypeAdaptersTest testUrlNullSerialization:testBigDecimalFieldSerialization:testBadValueForBigDecimalDeserialization:testBigIntegerFieldSerialization:testUrlNullDeserialization:testBigIntegerFieldDeserialization:testBigDecimalFieldDeserialization:testNullSerialization:testSetSerialization
File saved to the following path: /tmp/icst-2019/september-2018/dataset/gson_parent/gson/target/dspot/TestListener.ser
Loading /tmp/icst-2019/september-2018/dataset/gson_parent/gson/target/dspot/TestListener.ser
[INFO] Test has been run: testBigIntegerFieldDeserialization,testBadValueForBigDecimalDeserialization,testUrlNullDeserialization,testNullSerialization,testBigDecimalFieldDeserialization,testBigDecimalFieldSerialization,testSetSerialization,testUrlNullSerialization,testBigIntegerFieldSerialization
[INFO] Run tests. (9)
[INFO] Run: java -classpath /tmp/icst-2019/september-2018/dataset/gson_parent/gson/target/test-classes:/tmp/icst-2019/september-2018/dataset/gson_parent/gson/target/classes/:/home/spirals/danglot/.m2/repository/junit/junit/4.12/junit-4.12.jar:/home/spirals/danglot/.m2/repository/junit/junit/3.8.2/junit-3.8.2.jar:/tmp/icst-2019/september-2018/dataset/gson_parent/gson/target/dspot/dependencies/:/home/spirals/danglot/.m2/repository/eu/stamp-project/test-runner/1.1.0/test-runner-1.1.0-jar-with-dependencies.jar eu.stamp_project.testrunner.runner.test.TestRunner com.google.gson.functional.DefaultTypeAdaptersTest testUrlNullSerialization:testBigDecimalFieldSerialization:testBadValueForBigDecimalDeserialization:testBigIntegerFieldSerialization:testUrlNullDeserialization:testBigIntegerFieldDeserialization:testBigDecimalFieldDeserialization:testNullSerialization:testSetSerialization
File saved to the following path: /tmp/icst-2019/september-2018/dataset/gson_parent/gson/target/dspot/TestListener.ser
Loading /tmp/icst-2019/september-2018/dataset/gson_parent/gson/target/dspot/TestListener.ser
[INFO] Test has been run: testBigIntegerFieldDeserialization,testBadValueForBigDecimalDeserialization,testUrlNullDeserialization,testNullSerialization,testBigDecimalFieldDeserialization,testBigDecimalFieldSerialization,testSetSerialization,testUrlNullSerialization,testBigIntegerFieldSerialization
[INFO] 9 test pass, generating assertion...
[INFO] Add observations points in passing tests.
[INFO] Instrumentation...
 11% |===== ]/ 22% |=========== ]- 33% |================ ]\ 44% |====================== ]| 55% |=========================== ]/ 66% |================================= ]- 77% |====================================== ]\ 88% |============================================ ]|100% |================================================== ]/
[INFO] Run instrumented tests. (27)
[INFO] Run: java -classpath /tmp/icst-2019/september-2018/dataset/gson_parent/gson/target/test-classes:/tmp/icst-2019/september-2018/dataset/gson_parent/gson/target/classes/:/home/spirals/danglot/.m2/repository/junit/junit/4.12/junit-4.12.jar:/home/spirals/danglot/.m2/repository/junit/junit/3.8.2/junit-3.8.2.jar:/tmp/icst-2019/september-2018/dataset/gson_parent/gson/target/dspot/dependencies/:/home/spirals/danglot/.m2/repository/eu/stamp-project/test-runner/1.1.0/test-runner-1.1.0-jar-with-dependencies.jar eu.stamp_project.testrunner.runner.test.TestRunner com.google.gson.functional.DefaultTypeAdaptersTest testUrlNullSerialization_withlog0:testBigDecimalFieldSerialization_withlog0:testBadValueForBigDecimalDeserialization_withlog0:testBigIntegerFieldSerialization_withlog0:testUrlNullDeserialization_withlog0:testBigIntegerFieldDeserialization_withlog0:testBigDecimalFieldDeserialization_withlog0:testNullSerialization_withlog0:testSetSerialization_withlog0:testUrlNullSerialization_withlog1:testBigDecimalFieldSerialization_withlog1:testBadValueForBigDecimalDeserialization_withlog1:testBigIntegerFieldSerialization_withlog1:testUrlNullDeserialization_withlog1:testBigIntegerFieldDeserialization_withlog1:testBigDecimalFieldDeserialization_withlog1:testNullSerialization_withlog1:testSetSerialization_withlog1:testUrlNullSerialization_withlog2:testBigDecimalFieldSerialization_withlog2:testBadValueForBigDecimalDeserialization_withlog2:testBigIntegerFieldSerialization_withlog2:testUrlNullDeserialization_withlog2:testBigIntegerFieldDeserialization_withlog2:testBigDecimalFieldDeserialization_withlog2:testNullSerialization_withlog2:testSetSerialization_withlog2
File saved to the following path: /tmp/icst-2019/september-2018/dataset/gson_parent/gson/target/dspot/observations.ser
File saved to the following path: /tmp/icst-2019/september-2018/dataset/gson_parent/gson/target/dspot/TestListener.ser
Loading /tmp/icst-2019/september-2018/dataset/gson_parent/gson/target/dspot/TestListener.ser
[INFO] Test has been run: testBadValueForBigDecimalDeserialization_withlog0,testBadValueForBigDecimalDeserialization_withlog1,testBadValueForBigDecimalDeserialization_withlog2,testBigIntegerFieldSerialization_withlog0,testBigIntegerFieldSerialization_withlog1,testBigIntegerFieldSerialization_withlog2,testUrlNullDeserialization_withlog0,testUrlNullDeserialization_withlog1,testUrlNullDeserialization_withlog2,testBigDecimalFieldDeserialization_withlog0,testBigDecimalFieldDeserialization_withlog1,testBigDecimalFieldDeserialization_withlog2,testBigDecimalFieldSerialization_withlog0,testBigDecimalFieldSerialization_withlog1,testBigDecimalFieldSerialization_withlog2,testUrlNullSerialization_withlog0,testUrlNullSerialization_withlog1,testUrlNullSerialization_withlog2,testSetSerialization_withlog0,testSetSerialization_withlog1,testSetSerialization_withlog2,testBigIntegerFieldDeserialization_withlog0,testBigIntegerFieldDeserialization_withlog1,testBigIntegerFieldDeserialization_withlog2,testNullSerialization_withlog0,testNullSerialization_withlog1,testNullSerialization_withlog2
[INFO] Generating assertions...
[INFO] 7 new tests with assertions generated
[INFO] Run: java -classpath /tmp/icst-2019/september-2018/dataset/gson_parent/gson/target/test-classes:/tmp/icst-2019/september-2018/dataset/gson_parent/gson/target/classes/:/home/spirals/danglot/.m2/repository/junit/junit/4.12/junit-4.12.jar:/home/spirals/danglot/.m2/repository/junit/junit/3.8.2/junit-3.8.2.jar:/tmp/icst-2019/september-2018/dataset/gson_parent/gson/target/dspot/dependencies/:/home/spirals/danglot/.m2/repository/eu/stamp-project/test-runner/1.1.0/test-runner-1.1.0-jar-with-dependencies.jar eu.stamp_project.testrunner.runner.test.TestRunner com.google.gson.functional.DefaultTypeAdaptersTest testUrlNullSerialization:testBigDecimalFieldSerialization:testBigIntegerFieldSerialization:testUrlNullDeserialization:testBigIntegerFieldDeserialization:testBigDecimalFieldDeserialization:testSetSerialization
File saved to the following path: /tmp/icst-2019/september-2018/dataset/gson_parent/gson/target/dspot/TestListener.ser
Loading /tmp/icst-2019/september-2018/dataset/gson_parent/gson/target/dspot/TestListener.ser
[INFO] Test has been run: testBigIntegerFieldDeserialization,testUrlNullDeserialization,testBigDecimalFieldDeserialization,testBigDecimalFieldSerialization,testSetSerialization,testUrlNullSerialization,testBigIntegerFieldSerialization
[INFO] Assertion amplification: 7 test method(s) has been successfully amplified.
[WARN] 2018-09-23 13:50:29 Launcher - You specified the directory /tmp/icst-2019/september-2018/dataset/gson/gson/target/classes in source classpath, please note that only class files will be considered. Jars and subdirectories will be ignored.
[WARN] 2018-09-23 13:50:29 Launcher - You specified the directory /tmp/icst-2019/september-2018/dataset/gson/gson/target/test-classes in source classpath, please note that only class files will be considered. Jars and subdirectories will be ignored.
[WARN] 2018-09-23 13:50:29 Launcher - You specified the directory /tmp/icst-2019/september-2018/dataset/gson/gson/target/dspot/dependencies in source classpath, please note that only class files will be considered. Jars and subdirectories will be ignored.
[INFO] Run: java -classpath /tmp/icst-2019/september-2018/dataset/gson/gson/target/classes/:/tmp/icst-2019/september-2018/dataset/gson/gson/target/test-classes/:/home/spirals/danglot/.m2/repository/junit/junit/4.12/junit-4.12.jar:/home/spirals/danglot/.m2/repository/junit/junit/3.8.2/junit-3.8.2.jar:/tmp/icst-2019/september-2018/dataset/gson/gson/target/dspot/dependencies/:/home/spirals/danglot/.m2/repository/eu/stamp-project/test-runner/1.1.0/test-runner-1.1.0-jar-with-dependencies.jar eu.stamp_project.testrunner.runner.test.TestRunner com.google.gson.functional.DefaultTypeAdaptersTest testUrlNullSerialization:testBigDecimalFieldSerialization:testBigIntegerFieldSerialization:testUrlNullDeserialization:testBigIntegerFieldDeserialization:testBigDecimalFieldDeserialization:testSetSerialization
File saved to the following path: /tmp/icst-2019/september-2018/dataset/gson_parent/gson/target/dspot/TestListener.ser
Loading /tmp/icst-2019/september-2018/dataset/gson_parent/gson/target/dspot/TestListener.ser
[INFO] Test has been run: testBigIntegerFieldDeserialization,testUrlNullDeserialization,testBigDecimalFieldDeserialization,testBigDecimalFieldSerialization,testSetSerialization,testUrlNullSerialization,testBigIntegerFieldSerialization
[INFO] 0 amplified test methods has been selected to be kept. (global: 0)
[INFO] elapsedTime 5175
======= REPORT =======
0 amplified test fails on the new versions.

[WARNING] DSpot could not obtain any amplified test method.
[WARNING] You can customize the following options: --amplifiers, --test-criterion, --iteration, --budgetizer etc, and retry with a new configuration.
[INFO] Amplification of com.google.gson.functional.PrimitiveTest (2 test(s))
[INFO] Assertion amplification of com.google.gson.functional.PrimitiveTest (2 test(s))
[ERROR] Error(s) during compilation:
[ERROR] Pb(102) The method assertEquals(Object, Object) is ambiguous for the type Assert
[ERROR] Pb(102) The method assertEquals(Object, Object) is ambiguous for the type Assert
[ERROR] Pb(102) The method assertEquals(Object, Object) is ambiguous for the type Assert
[ERROR] Pb(102) The method assertEquals(Object, Object) is ambiguous for the type Assert
[INFO] Run: java -classpath /tmp/icst-2019/september-2018/dataset/gson_parent/gson/target/test-classes:/tmp/icst-2019/september-2018/dataset/gson_parent/gson/target/classes/:/home/spirals/danglot/.m2/repository/junit/junit/4.12/junit-4.12.jar:/home/spirals/danglot/.m2/repository/junit/junit/3.8.2/junit-3.8.2.jar:/tmp/icst-2019/september-2018/dataset/gson_parent/gson/target/dspot/dependencies/:/home/spirals/danglot/.m2/repository/eu/stamp-project/test-runner/1.1.0/test-runner-1.1.0-jar-with-dependencies.jar eu.stamp_project.testrunner.runner.test.TestRunner com.google.gson.functional.PrimitiveTest testMoreSpecificSerialization:testDeserializePrimitiveWrapperAsObjectField
File saved to the following path: /tmp/icst-2019/september-2018/dataset/gson_parent/gson/target/dspot/TestListener.ser
Loading /tmp/icst-2019/september-2018/dataset/gson_parent/gson/target/dspot/TestListener.ser
[INFO] Test has been run: testMoreSpecificSerialization,testDeserializePrimitiveWrapperAsObjectField
[INFO] Run tests. (2)
[ERROR] Error(s) during compilation:
[ERROR] Pb(102) The method assertEquals(Object, Object) is ambiguous for the type Assert
[ERROR] Pb(102) The method assertEquals(Object, Object) is ambiguous for the type Assert
[ERROR] Pb(102) The method assertEquals(Object, Object) is ambiguous for the type Assert
[ERROR] Pb(102) The method assertEquals(Object, Object) is ambiguous for the type Assert
[INFO] Run: java -classpath /tmp/icst-2019/september-2018/dataset/gson_parent/gson/target/test-classes:/tmp/icst-2019/september-2018/dataset/gson_parent/gson/target/classes/:/home/spirals/danglot/.m2/repository/junit/junit/4.12/junit-4.12.jar:/home/spirals/danglot/.m2/repository/junit/junit/3.8.2/junit-3.8.2.jar:/tmp/icst-2019/september-2018/dataset/gson_parent/gson/target/dspot/dependencies/:/home/spirals/danglot/.m2/repository/eu/stamp-project/test-runner/1.1.0/test-runner-1.1.0-jar-with-dependencies.jar eu.stamp_project.testrunner.runner.test.TestRunner com.google.gson.functional.PrimitiveTest testMoreSpecificSerialization:testDeserializePrimitiveWrapperAsObjectField
File saved to the following path: /tmp/icst-2019/september-2018/dataset/gson_parent/gson/target/dspot/TestListener.ser
Loading /tmp/icst-2019/september-2018/dataset/gson_parent/gson/target/dspot/TestListener.ser
[INFO] Test has been run: testMoreSpecificSerialization,testDeserializePrimitiveWrapperAsObjectField
[INFO] 2 test pass, generating assertion...
[INFO] Add observations points in passing tests.
[INFO] Instrumentation...
 50% |========================= ]/100% |================================================== ]-
[INFO] Run instrumented tests. (6)
[INFO] Run: java -classpath /tmp/icst-2019/september-2018/dataset/gson_parent/gson/target/test-classes:/tmp/icst-2019/september-2018/dataset/gson_parent/gson/target/classes/:/home/spirals/danglot/.m2/repository/junit/junit/4.12/junit-4.12.jar:/home/spirals/danglot/.m2/repository/junit/junit/3.8.2/junit-3.8.2.jar:/tmp/icst-2019/september-2018/dataset/gson_parent/gson/target/dspot/dependencies/:/home/spirals/danglot/.m2/repository/eu/stamp-project/test-runner/1.1.0/test-runner-1.1.0-jar-with-dependencies.jar eu.stamp_project.testrunner.runner.test.TestRunner com.google.gson.functional.PrimitiveTest testMoreSpecificSerialization_withlog0:testDeserializePrimitiveWrapperAsObjectField_withlog0:testMoreSpecificSerialization_withlog1:testDeserializePrimitiveWrapperAsObjectField_withlog1:testMoreSpecificSerialization_withlog2:testDeserializePrimitiveWrapperAsObjectField_withlog2
File saved to the following path: /tmp/icst-2019/september-2018/dataset/gson_parent/gson/target/dspot/observations.ser
File saved to the following path: /tmp/icst-2019/september-2018/dataset/gson_parent/gson/target/dspot/TestListener.ser
Loading /tmp/icst-2019/september-2018/dataset/gson_parent/gson/target/dspot/TestListener.ser
[INFO] Test has been run: testMoreSpecificSerialization_withlog0,testMoreSpecificSerialization_withlog1,testMoreSpecificSerialization_withlog2,testDeserializePrimitiveWrapperAsObjectField_withlog0,testDeserializePrimitiveWrapperAsObjectField_withlog1,testDeserializePrimitiveWrapperAsObjectField_withlog2
[INFO] Generating assertions...
[INFO] 2 new tests with assertions generated
[ERROR] Error(s) during compilation:
[ERROR] Pb(102) The method assertEquals(Object, Object) is ambiguous for the type Assert
[ERROR] Pb(102) The method assertEquals(Object, Object) is ambiguous for the type Assert
[ERROR] Pb(102) The method assertEquals(Object, Object) is ambiguous for the type Assert
[ERROR] Pb(102) The method assertEquals(Object, Object) is ambiguous for the type Assert
[INFO] Run: java -classpath /tmp/icst-2019/september-2018/dataset/gson_parent/gson/target/test-classes:/tmp/icst-2019/september-2018/dataset/gson_parent/gson/target/classes/:/home/spirals/danglot/.m2/repository/junit/junit/4.12/junit-4.12.jar:/home/spirals/danglot/.m2/repository/junit/junit/3.8.2/junit-3.8.2.jar:/tmp/icst-2019/september-2018/dataset/gson_parent/gson/target/dspot/dependencies/:/home/spirals/danglot/.m2/repository/eu/stamp-project/test-runner/1.1.0/test-runner-1.1.0-jar-with-dependencies.jar eu.stamp_project.testrunner.runner.test.TestRunner com.google.gson.functional.PrimitiveTest testMoreSpecificSerialization:testDeserializePrimitiveWrapperAsObjectField
File saved to the following path: /tmp/icst-2019/september-2018/dataset/gson_parent/gson/target/dspot/TestListener.ser
Loading /tmp/icst-2019/september-2018/dataset/gson_parent/gson/target/dspot/TestListener.ser
[INFO] Test has been run: testMoreSpecificSerialization,testDeserializePrimitiveWrapperAsObjectField
[INFO] Assertion amplification: 2 test method(s) has been successfully amplified.
[WARN] 2018-09-23 13:50:34 Launcher - You specified the directory /tmp/icst-2019/september-2018/dataset/gson/gson/target/classes in source classpath, please note that only class files will be considered. Jars and subdirectories will be ignored.
[WARN] 2018-09-23 13:50:34 Launcher - You specified the directory /tmp/icst-2019/september-2018/dataset/gson/gson/target/test-classes in source classpath, please note that only class files will be considered. Jars and subdirectories will be ignored.
[WARN] 2018-09-23 13:50:34 Launcher - You specified the directory /tmp/icst-2019/september-2018/dataset/gson/gson/target/dspot/dependencies in source classpath, please note that only class files will be considered. Jars and subdirectories will be ignored.
[INFO] Run: java -classpath /tmp/icst-2019/september-2018/dataset/gson/gson/target/classes/:/tmp/icst-2019/september-2018/dataset/gson/gson/target/test-classes/:/home/spirals/danglot/.m2/repository/junit/junit/4.12/junit-4.12.jar:/home/spirals/danglot/.m2/repository/junit/junit/3.8.2/junit-3.8.2.jar:/tmp/icst-2019/september-2018/dataset/gson/gson/target/dspot/dependencies/:/home/spirals/danglot/.m2/repository/eu/stamp-project/test-runner/1.1.0/test-runner-1.1.0-jar-with-dependencies.jar eu.stamp_project.testrunner.runner.test.TestRunner com.google.gson.functional.PrimitiveTest testMoreSpecificSerialization:testDeserializePrimitiveWrapperAsObjectField
File saved to the following path: /tmp/icst-2019/september-2018/dataset/gson_parent/gson/target/dspot/TestListener.ser
Loading /tmp/icst-2019/september-2018/dataset/gson_parent/gson/target/dspot/TestListener.ser
[INFO] Test has been run: testMoreSpecificSerialization,testDeserializePrimitiveWrapperAsObjectField
[INFO] 0 amplified test methods has been selected to be kept. (global: 0)
[INFO] elapsedTime 4388
======= REPORT =======
0 amplified test fails on the new versions.

[WARNING] DSpot could not obtain any amplified test method.
[WARNING] You can customize the following options: --amplifiers, --test-criterion, --iteration, --budgetizer etc, and retry with a new configuration.
[INFO] Amplification of com.google.gson.functional.NullObjectAndFieldTest (10 test(s))
[INFO] Assertion amplification of com.google.gson.functional.NullObjectAndFieldTest (10 test(s))
[INFO] Run: java -classpath /tmp/icst-2019/september-2018/dataset/gson_parent/gson/target/test-classes:/tmp/icst-2019/september-2018/dataset/gson_parent/gson/target/classes/:/home/spirals/danglot/.m2/repository/junit/junit/4.12/junit-4.12.jar:/home/spirals/danglot/.m2/repository/junit/junit/3.8.2/junit-3.8.2.jar:/tmp/icst-2019/september-2018/dataset/gson_parent/gson/target/dspot/dependencies/:/home/spirals/danglot/.m2/repository/eu/stamp-project/test-runner/1.1.0/test-runner-1.1.0-jar-with-dependencies.jar eu.stamp_project.testrunner.runner.test.TestRunner com.google.gson.functional.NullObjectAndFieldTest testExplicitSerializationOfNulls:testExplicitSerializationOfNullStringMembers:testExplicitNullSetsFieldToNullDuringDeserialization:testAbsentJsonElementsAreSetToNull:testPrintPrintingObjectWithNulls:testNullWrappedPrimitiveMemberDeserialization:testNullWrappedPrimitiveMemberSerialization:testExplicitSerializationOfNullArrayMembers:testExplicitDeserializationOfNulls:testExplicitSerializationOfNullCollectionMembers
File saved to the following path: /tmp/icst-2019/september-2018/dataset/gson_parent/gson/target/dspot/TestListener.ser
Loading /tmp/icst-2019/september-2018/dataset/gson_parent/gson/target/dspot/TestListener.ser
[INFO] Test has been run: testExplicitSerializationOfNullArrayMembers,testExplicitDeserializationOfNulls,testAbsentJsonElementsAreSetToNull,testExplicitSerializationOfNullCollectionMembers,testExplicitSerializationOfNullStringMembers,testExplicitNullSetsFieldToNullDuringDeserialization,testNullWrappedPrimitiveMemberSerialization,testExplicitSerializationOfNulls,testPrintPrintingObjectWithNulls,testNullWrappedPrimitiveMemberDeserialization
[INFO] Run tests. (10)
[INFO] Run: java -classpath /tmp/icst-2019/september-2018/dataset/gson_parent/gson/target/test-classes:/tmp/icst-2019/september-2018/dataset/gson_parent/gson/target/classes/:/home/spirals/danglot/.m2/repository/junit/junit/4.12/junit-4.12.jar:/home/spirals/danglot/.m2/repository/junit/junit/3.8.2/junit-3.8.2.jar:/tmp/icst-2019/september-2018/dataset/gson_parent/gson/target/dspot/dependencies/:/home/spirals/danglot/.m2/repository/eu/stamp-project/test-runner/1.1.0/test-runner-1.1.0-jar-with-dependencies.jar eu.stamp_project.testrunner.runner.test.TestRunner com.google.gson.functional.NullObjectAndFieldTest testExplicitSerializationOfNulls:testExplicitSerializationOfNullStringMembers:testExplicitNullSetsFieldToNullDuringDeserialization:testAbsentJsonElementsAreSetToNull:testPrintPrintingObjectWithNulls:testNullWrappedPrimitiveMemberDeserialization:testNullWrappedPrimitiveMemberSerialization:testExplicitSerializationOfNullArrayMembers:testExplicitDeserializationOfNulls:testExplicitSerializationOfNullCollectionMembers
File saved to the following path: /tmp/icst-2019/september-2018/dataset/gson_parent/gson/target/dspot/TestListener.ser
Loading /tmp/icst-2019/september-2018/dataset/gson_parent/gson/target/dspot/TestListener.ser
[INFO] Test has been run: testExplicitSerializationOfNullArrayMembers,testExplicitDeserializationOfNulls,testAbsentJsonElementsAreSetToNull,testExplicitSerializationOfNullCollectionMembers,testExplicitSerializationOfNullStringMembers,testExplicitNullSetsFieldToNullDuringDeserialization,testNullWrappedPrimitiveMemberSerialization,testExplicitSerializationOfNulls,testPrintPrintingObjectWithNulls,testNullWrappedPrimitiveMemberDeserialization
[INFO] 10 test pass, generating assertion...
[INFO] Add observations points in passing tests.
[INFO] Instrumentation...
 10% |===== ]/ 20% |========== ]- 30% |=============== ]\ 40% |==================== ]| 50% |========================= ]/ 60% |============================== ]- 70% |=================================== ]\ 80% |======================================== ]| 90% |============================================= ]/100% |================================================== ]-
[INFO] Run instrumented tests. (30)
[INFO] Run: java -classpath /tmp/icst-2019/september-2018/dataset/gson_parent/gson/target/test-classes:/tmp/icst-2019/september-2018/dataset/gson_parent/gson/target/classes/:/home/spirals/danglot/.m2/repository/junit/junit/4.12/junit-4.12.jar:/home/spirals/danglot/.m2/repository/junit/junit/3.8.2/junit-3.8.2.jar:/tmp/icst-2019/september-2018/dataset/gson_parent/gson/target/dspot/dependencies/:/home/spirals/danglot/.m2/repository/eu/stamp-project/test-runner/1.1.0/test-runner-1.1.0-jar-with-dependencies.jar eu.stamp_project.testrunner.runner.test.TestRunner com.google.gson.functional.NullObjectAndFieldTest testExplicitSerializationOfNulls_withlog0:testExplicitSerializationOfNullStringMembers_withlog0:testExplicitNullSetsFieldToNullDuringDeserialization_withlog0:testAbsentJsonElementsAreSetToNull_withlog0:testPrintPrintingObjectWithNulls_withlog0:testNullWrappedPrimitiveMemberDeserialization_withlog0:testNullWrappedPrimitiveMemberSerialization_withlog0:testExplicitSerializationOfNullArrayMembers_withlog0:testExplicitDeserializationOfNulls_withlog0:testExplicitSerializationOfNullCollectionMembers_withlog0:testExplicitSerializationOfNulls_withlog1:testExplicitSerializationOfNullStringMembers_withlog1:testExplicitNullSetsFieldToNullDuringDeserialization_withlog1:testAbsentJsonElementsAreSetToNull_withlog1:testPrintPrintingObjectWithNulls_withlog1:testNullWrappedPrimitiveMemberDeserialization_withlog1:testNullWrappedPrimitiveMemberSerialization_withlog1:testExplicitSerializationOfNullArrayMembers_withlog1:testExplicitDeserializationOfNulls_withlog1:testExplicitSerializationOfNullCollectionMembers_withlog1:testExplicitSerializationOfNulls_withlog2:testExplicitSerializationOfNullStringMembers_withlog2:testExplicitNullSetsFieldToNullDuringDeserialization_withlog2:testAbsentJsonElementsAreSetToNull_withlog2:testPrintPrintingObjectWithNulls_withlog2:testNullWrappedPrimitiveMemberDeserialization_withlog2:testNullWrappedPrimitiveMemberSerialization_withlog2:testExplicitSerializationOfNullArrayMembers_withlog2:testExplicitDeserializationOfNulls_withlog2:testExplicitSerializationOfNullCollectionMembers_withlog2
File saved to the following path: /tmp/icst-2019/september-2018/dataset/gson_parent/gson/target/dspot/observations.ser
File saved to the following path: /tmp/icst-2019/september-2018/dataset/gson_parent/gson/target/dspot/TestListener.ser
Loading /tmp/icst-2019/september-2018/dataset/gson_parent/gson/target/dspot/TestListener.ser
[INFO] Test has been run: testExplicitSerializationOfNulls_withlog0,testExplicitSerializationOfNulls_withlog1,testExplicitSerializationOfNulls_withlog2,testExplicitSerializationOfNullCollectionMembers_withlog0,testExplicitSerializationOfNullCollectionMembers_withlog1,testExplicitSerializationOfNullCollectionMembers_withlog2,testNullWrappedPrimitiveMemberDeserialization_withlog0,testNullWrappedPrimitiveMemberDeserialization_withlog1,testNullWrappedPrimitiveMemberDeserialization_withlog2,testPrintPrintingObjectWithNulls_withlog0,testPrintPrintingObjectWithNulls_withlog1,testPrintPrintingObjectWithNulls_withlog2,testExplicitSerializationOfNullStringMembers_withlog0,testExplicitSerializationOfNullStringMembers_withlog1,testExplicitSerializationOfNullStringMembers_withlog2,testNullWrappedPrimitiveMemberSerialization_withlog0,testNullWrappedPrimitiveMemberSerialization_withlog1,testNullWrappedPrimitiveMemberSerialization_withlog2,testAbsentJsonElementsAreSetToNull_withlog0,testAbsentJsonElementsAreSetToNull_withlog1,testAbsentJsonElementsAreSetToNull_withlog2,testExplicitSerializationOfNullArrayMembers_withlog0,testExplicitSerializationOfNullArrayMembers_withlog1,testExplicitSerializationOfNullArrayMembers_withlog2,testExplicitDeserializationOfNulls_withlog0,testExplicitDeserializationOfNulls_withlog1,testExplicitDeserializationOfNulls_withlog2,testExplicitNullSetsFieldToNullDuringDeserialization_withlog0,testExplicitNullSetsFieldToNullDuringDeserialization_withlog1,testExplicitNullSetsFieldToNullDuringDeserialization_withlog2
[INFO] Generating assertions...
[INFO] 8 new tests with assertions generated
[INFO] Run: java -classpath /tmp/icst-2019/september-2018/dataset/gson_parent/gson/target/test-classes:/tmp/icst-2019/september-2018/dataset/gson_parent/gson/target/classes/:/home/spirals/danglot/.m2/repository/junit/junit/4.12/junit-4.12.jar:/home/spirals/danglot/.m2/repository/junit/junit/3.8.2/junit-3.8.2.jar:/tmp/icst-2019/september-2018/dataset/gson_parent/gson/target/dspot/dependencies/:/home/spirals/danglot/.m2/repository/eu/stamp-project/test-runner/1.1.0/test-runner-1.1.0-jar-with-dependencies.jar eu.stamp_project.testrunner.runner.test.TestRunner com.google.gson.functional.NullObjectAndFieldTest testExplicitSerializationOfNulls:testExplicitSerializationOfNullStringMembers:testExplicitNullSetsFieldToNullDuringDeserialization:testPrintPrintingObjectWithNulls:testNullWrappedPrimitiveMemberDeserialization:testNullWrappedPrimitiveMemberSerialization:testExplicitSerializationOfNullArrayMembers:testExplicitSerializationOfNullCollectionMembers
File saved to the following path: /tmp/icst-2019/september-2018/dataset/gson_parent/gson/target/dspot/TestListener.ser
Loading /tmp/icst-2019/september-2018/dataset/gson_parent/gson/target/dspot/TestListener.ser
[INFO] Test has been run: testExplicitSerializationOfNullArrayMembers,testExplicitSerializationOfNullCollectionMembers,testExplicitSerializationOfNullStringMembers,testExplicitNullSetsFieldToNullDuringDeserialization,testNullWrappedPrimitiveMemberSerialization,testExplicitSerializationOfNulls,testPrintPrintingObjectWithNulls,testNullWrappedPrimitiveMemberDeserialization
[INFO] Assertion amplification: 8 test method(s) has been successfully amplified.
[WARN] 2018-09-23 13:50:38 Launcher - You specified the directory /tmp/icst-2019/september-2018/dataset/gson/gson/target/classes in source classpath, please note that only class files will be considered. Jars and subdirectories will be ignored.
[WARN] 2018-09-23 13:50:38 Launcher - You specified the directory /tmp/icst-2019/september-2018/dataset/gson/gson/target/test-classes in source classpath, please note that only class files will be considered. Jars and subdirectories will be ignored.
[WARN] 2018-09-23 13:50:38 Launcher - You specified the directory /tmp/icst-2019/september-2018/dataset/gson/gson/target/dspot/dependencies in source classpath, please note that only class files will be considered. Jars and subdirectories will be ignored.
[INFO] Run: java -classpath /tmp/icst-2019/september-2018/dataset/gson/gson/target/classes/:/tmp/icst-2019/september-2018/dataset/gson/gson/target/test-classes/:/home/spirals/danglot/.m2/repository/junit/junit/4.12/junit-4.12.jar:/home/spirals/danglot/.m2/repository/junit/junit/3.8.2/junit-3.8.2.jar:/tmp/icst-2019/september-2018/dataset/gson/gson/target/dspot/dependencies/:/home/spirals/danglot/.m2/repository/eu/stamp-project/test-runner/1.1.0/test-runner-1.1.0-jar-with-dependencies.jar eu.stamp_project.testrunner.runner.test.TestRunner com.google.gson.functional.NullObjectAndFieldTest testExplicitSerializationOfNulls:testExplicitSerializationOfNullStringMembers:testExplicitNullSetsFieldToNullDuringDeserialization:testPrintPrintingObjectWithNulls:testNullWrappedPrimitiveMemberDeserialization:testNullWrappedPrimitiveMemberSerialization:testExplicitSerializationOfNullArrayMembers:testExplicitSerializationOfNullCollectionMembers
File saved to the following path: /tmp/icst-2019/september-2018/dataset/gson_parent/gson/target/dspot/TestListener.ser
Loading /tmp/icst-2019/september-2018/dataset/gson_parent/gson/target/dspot/TestListener.ser
[INFO] Test has been run: testExplicitSerializationOfNullArrayMembers,testExplicitSerializationOfNullCollectionMembers,testExplicitSerializationOfNullStringMembers,testExplicitNullSetsFieldToNullDuringDeserialization,testNullWrappedPrimitiveMemberSerialization,testExplicitSerializationOfNulls,testPrintPrintingObjectWithNulls,testNullWrappedPrimitiveMemberDeserialization
[INFO] 0 amplified test methods has been selected to be kept. (global: 0)
[INFO] elapsedTime 3930
======= REPORT =======
0 amplified test fails on the new versions.

[WARNING] DSpot could not obtain any amplified test method.
[WARNING] You can customize the following options: --amplifiers, --test-criterion, --iteration, --budgetizer etc, and retry with a new configuration.
[INFO] Amplification of com.google.gson.GsonTypeAdapterTest (1 test(s))
[INFO] Assertion amplification of com.google.gson.GsonTypeAdapterTest (1 test(s))
[INFO] Run: java -classpath /tmp/icst-2019/september-2018/dataset/gson_parent/gson/target/test-classes:/tmp/icst-2019/september-2018/dataset/gson_parent/gson/target/classes/:/home/spirals/danglot/.m2/repository/junit/junit/4.12/junit-4.12.jar:/home/spirals/danglot/.m2/repository/junit/junit/3.8.2/junit-3.8.2.jar:/tmp/icst-2019/september-2018/dataset/gson_parent/gson/target/dspot/dependencies/:/home/spirals/danglot/.m2/repository/eu/stamp-project/test-runner/1.1.0/test-runner-1.1.0-jar-with-dependencies.jar eu.stamp_project.testrunner.runner.test.TestRunner com.google.gson.GsonTypeAdapterTest testDeserializerForAbstractClass
File saved to the following path: /tmp/icst-2019/september-2018/dataset/gson_parent/gson/target/dspot/TestListener.ser
Loading /tmp/icst-2019/september-2018/dataset/gson_parent/gson/target/dspot/TestListener.ser
[INFO] Test has been run: testDeserializerForAbstractClass
[INFO] Run tests. (1)
[INFO] Run: java -classpath /tmp/icst-2019/september-2018/dataset/gson_parent/gson/target/test-classes:/tmp/icst-2019/september-2018/dataset/gson_parent/gson/target/classes/:/home/spirals/danglot/.m2/repository/junit/junit/4.12/junit-4.12.jar:/home/spirals/danglot/.m2/repository/junit/junit/3.8.2/junit-3.8.2.jar:/tmp/icst-2019/september-2018/dataset/gson_parent/gson/target/dspot/dependencies/:/home/spirals/danglot/.m2/repository/eu/stamp-project/test-runner/1.1.0/test-runner-1.1.0-jar-with-dependencies.jar eu.stamp_project.testrunner.runner.test.TestRunner com.google.gson.GsonTypeAdapterTest testDeserializerForAbstractClass
File saved to the following path: /tmp/icst-2019/september-2018/dataset/gson_parent/gson/target/dspot/TestListener.ser
Loading /tmp/icst-2019/september-2018/dataset/gson_parent/gson/target/dspot/TestListener.ser
[INFO] Test has been run: testDeserializerForAbstractClass
[INFO] 1 test pass, generating assertion...
[INFO] Add observations points in passing tests.
[INFO] Instrumentation...
100% |================================================== ]/
[INFO] Run instrumented tests. (3)
[INFO] Run: java -classpath /tmp/icst-2019/september-2018/dataset/gson_parent/gson/target/test-classes:/tmp/icst-2019/september-2018/dataset/gson_parent/gson/target/classes/:/home/spirals/danglot/.m2/repository/junit/junit/4.12/junit-4.12.jar:/home/spirals/danglot/.m2/repository/junit/junit/3.8.2/junit-3.8.2.jar:/tmp/icst-2019/september-2018/dataset/gson_parent/gson/target/dspot/dependencies/:/home/spirals/danglot/.m2/repository/eu/stamp-project/test-runner/1.1.0/test-runner-1.1.0-jar-with-dependencies.jar eu.stamp_project.testrunner.runner.test.TestRunner com.google.gson.GsonTypeAdapterTest testDeserializerForAbstractClass_withlog0:testDeserializerForAbstractClass_withlog1:testDeserializerForAbstractClass_withlog2
File saved to the following path: /tmp/icst-2019/september-2018/dataset/gson_parent/gson/target/dspot/observations.ser
File saved to the following path: /tmp/icst-2019/september-2018/dataset/gson_parent/gson/target/dspot/TestListener.ser
Loading /tmp/icst-2019/september-2018/dataset/gson_parent/gson/target/dspot/TestListener.ser
[INFO] Test has been run: testDeserializerForAbstractClass_withlog0,testDeserializerForAbstractClass_withlog1,testDeserializerForAbstractClass_withlog2
[INFO] Generating assertions...
[INFO] 1 new tests with assertions generated
[INFO] Run: java -classpath /tmp/icst-2019/september-2018/dataset/gson_parent/gson/target/test-classes:/tmp/icst-2019/september-2018/dataset/gson_parent/gson/target/classes/:/home/spirals/danglot/.m2/repository/junit/junit/4.12/junit-4.12.jar:/home/spirals/danglot/.m2/repository/junit/junit/3.8.2/junit-3.8.2.jar:/tmp/icst-2019/september-2018/dataset/gson_parent/gson/target/dspot/dependencies/:/home/spirals/danglot/.m2/repository/eu/stamp-project/test-runner/1.1.0/test-runner-1.1.0-jar-with-dependencies.jar eu.stamp_project.testrunner.runner.test.TestRunner com.google.gson.GsonTypeAdapterTest testDeserializerForAbstractClass
File saved to the following path: /tmp/icst-2019/september-2018/dataset/gson_parent/gson/target/dspot/TestListener.ser
Loading /tmp/icst-2019/september-2018/dataset/gson_parent/gson/target/dspot/TestListener.ser
[INFO] Test has been run: testDeserializerForAbstractClass
[INFO] Assertion amplification: 1 test method(s) has been successfully amplified.
[WARN] 2018-09-23 13:50:41 Launcher - You specified the directory /tmp/icst-2019/september-2018/dataset/gson/gson/target/classes in source classpath, please note that only class files will be considered. Jars and subdirectories will be ignored.
[WARN] 2018-09-23 13:50:41 Launcher - You specified the directory /tmp/icst-2019/september-2018/dataset/gson/gson/target/test-classes in source classpath, please note that only class files will be considered. Jars and subdirectories will be ignored.
[WARN] 2018-09-23 13:50:41 Launcher - You specified the directory /tmp/icst-2019/september-2018/dataset/gson/gson/target/dspot/dependencies in source classpath, please note that only class files will be considered. Jars and subdirectories will be ignored.
[INFO] Run: java -classpath /tmp/icst-2019/september-2018/dataset/gson/gson/target/classes/:/tmp/icst-2019/september-2018/dataset/gson/gson/target/test-classes/:/home/spirals/danglot/.m2/repository/junit/junit/4.12/junit-4.12.jar:/home/spirals/danglot/.m2/repository/junit/junit/3.8.2/junit-3.8.2.jar:/tmp/icst-2019/september-2018/dataset/gson/gson/target/dspot/dependencies/:/home/spirals/danglot/.m2/repository/eu/stamp-project/test-runner/1.1.0/test-runner-1.1.0-jar-with-dependencies.jar eu.stamp_project.testrunner.runner.test.TestRunner com.google.gson.GsonTypeAdapterTest testDeserializerForAbstractClass
File saved to the following path: /tmp/icst-2019/september-2018/dataset/gson_parent/gson/target/dspot/TestListener.ser
Loading /tmp/icst-2019/september-2018/dataset/gson_parent/gson/target/dspot/TestListener.ser
[INFO] Test has been run: testDeserializerForAbstractClass
[INFO] 0 amplified test methods has been selected to be kept. (global: 0)
[INFO] elapsedTime 2875
======= REPORT =======
0 amplified test fails on the new versions.

[WARNING] DSpot could not obtain any amplified test method.
[WARNING] You can customize the following options: --amplifiers, --test-criterion, --iteration, --budgetizer etc, and retry with a new configuration.
[INFO] Amplification of com.google.gson.functional.InstanceCreatorTest (3 test(s))
[INFO] Assertion amplification of com.google.gson.functional.InstanceCreatorTest (3 test(s))
[INFO] Run: java -classpath /tmp/icst-2019/september-2018/dataset/gson_parent/gson/target/test-classes:/tmp/icst-2019/september-2018/dataset/gson_parent/gson/target/classes/:/home/spirals/danglot/.m2/repository/junit/junit/4.12/junit-4.12.jar:/home/spirals/danglot/.m2/repository/junit/junit/3.8.2/junit-3.8.2.jar:/tmp/icst-2019/september-2018/dataset/gson_parent/gson/target/dspot/dependencies/:/home/spirals/danglot/.m2/repository/eu/stamp-project/test-runner/1.1.0/test-runner-1.1.0-jar-with-dependencies.jar eu.stamp_project.testrunner.runner.test.TestRunner com.google.gson.functional.InstanceCreatorTest testInstanceCreatorReturnsBaseType:testInstanceCreatorReturnsSubTypeForTopLevelObject:testInstanceCreatorReturnsSubTypeForField
File saved to the following path: /tmp/icst-2019/september-2018/dataset/gson_parent/gson/target/dspot/TestListener.ser
Loading /tmp/icst-2019/september-2018/dataset/gson_parent/gson/target/dspot/TestListener.ser
[INFO] Test has been run: testInstanceCreatorReturnsSubTypeForField,testInstanceCreatorReturnsSubTypeForTopLevelObject,testInstanceCreatorReturnsBaseType
[INFO] Run tests. (3)
[INFO] Run: java -classpath /tmp/icst-2019/september-2018/dataset/gson_parent/gson/target/test-classes:/tmp/icst-2019/september-2018/dataset/gson_parent/gson/target/classes/:/home/spirals/danglot/.m2/repository/junit/junit/4.12/junit-4.12.jar:/home/spirals/danglot/.m2/repository/junit/junit/3.8.2/junit-3.8.2.jar:/tmp/icst-2019/september-2018/dataset/gson_parent/gson/target/dspot/dependencies/:/home/spirals/danglot/.m2/repository/eu/stamp-project/test-runner/1.1.0/test-runner-1.1.0-jar-with-dependencies.jar eu.stamp_project.testrunner.runner.test.TestRunner com.google.gson.functional.InstanceCreatorTest testInstanceCreatorReturnsBaseType:testInstanceCreatorReturnsSubTypeForTopLevelObject:testInstanceCreatorReturnsSubTypeForField
File saved to the following path: /tmp/icst-2019/september-2018/dataset/gson_parent/gson/target/dspot/TestListener.ser
Loading /tmp/icst-2019/september-2018/dataset/gson_parent/gson/target/dspot/TestListener.ser
[INFO] Test has been run: testInstanceCreatorReturnsSubTypeForField,testInstanceCreatorReturnsSubTypeForTopLevelObject,testInstanceCreatorReturnsBaseType
[INFO] 3 test pass, generating assertion...
[INFO] Add observations points in passing tests.
[INFO] Instrumentation...
 33% |================ ]/ 66% |================================= ]-100% |================================================== ]\
[INFO] Run instrumented tests. (9)
[INFO] Run: java -classpath /tmp/icst-2019/september-2018/dataset/gson_parent/gson/target/test-classes:/tmp/icst-2019/september-2018/dataset/gson_parent/gson/target/classes/:/home/spirals/danglot/.m2/repository/junit/junit/4.12/junit-4.12.jar:/home/spirals/danglot/.m2/repository/junit/junit/3.8.2/junit-3.8.2.jar:/tmp/icst-2019/september-2018/dataset/gson_parent/gson/target/dspot/dependencies/:/home/spirals/danglot/.m2/repository/eu/stamp-project/test-runner/1.1.0/test-runner-1.1.0-jar-with-dependencies.jar eu.stamp_project.testrunner.runner.test.TestRunner com.google.gson.functional.InstanceCreatorTest testInstanceCreatorReturnsBaseType_withlog0:testInstanceCreatorReturnsSubTypeForTopLevelObject_withlog0:testInstanceCreatorReturnsSubTypeForField_withlog0:testInstanceCreatorReturnsBaseType_withlog1:testInstanceCreatorReturnsSubTypeForTopLevelObject_withlog1:testInstanceCreatorReturnsSubTypeForField_withlog1:testInstanceCreatorReturnsBaseType_withlog2:testInstanceCreatorReturnsSubTypeForTopLevelObject_withlog2:testInstanceCreatorReturnsSubTypeForField_withlog2
File saved to the following path: /tmp/icst-2019/september-2018/dataset/gson_parent/gson/target/dspot/observations.ser
File saved to the following path: /tmp/icst-2019/september-2018/dataset/gson_parent/gson/target/dspot/TestListener.ser
Loading /tmp/icst-2019/september-2018/dataset/gson_parent/gson/target/dspot/TestListener.ser
[INFO] Test has been run: testInstanceCreatorReturnsSubTypeForField_withlog0,testInstanceCreatorReturnsSubTypeForField_withlog1,testInstanceCreatorReturnsSubTypeForField_withlog2,testInstanceCreatorReturnsSubTypeForTopLevelObject_withlog0,testInstanceCreatorReturnsSubTypeForTopLevelObject_withlog1,testInstanceCreatorReturnsSubTypeForTopLevelObject_withlog2,testInstanceCreatorReturnsBaseType_withlog0,testInstanceCreatorReturnsBaseType_withlog1,testInstanceCreatorReturnsBaseType_withlog2
[INFO] Generating assertions...
[INFO] 3 new tests with assertions generated
[INFO] Run: java -classpath /tmp/icst-2019/september-2018/dataset/gson_parent/gson/target/test-classes:/tmp/icst-2019/september-2018/dataset/gson_parent/gson/target/classes/:/home/spirals/danglot/.m2/repository/junit/junit/4.12/junit-4.12.jar:/home/spirals/danglot/.m2/repository/junit/junit/3.8.2/junit-3.8.2.jar:/tmp/icst-2019/september-2018/dataset/gson_parent/gson/target/dspot/dependencies/:/home/spirals/danglot/.m2/repository/eu/stamp-project/test-runner/1.1.0/test-runner-1.1.0-jar-with-dependencies.jar eu.stamp_project.testrunner.runner.test.TestRunner com.google.gson.functional.InstanceCreatorTest testInstanceCreatorReturnsBaseType:testInstanceCreatorReturnsSubTypeForTopLevelObject:testInstanceCreatorReturnsSubTypeForField
File saved to the following path: /tmp/icst-2019/september-2018/dataset/gson_parent/gson/target/dspot/TestListener.ser
Loading /tmp/icst-2019/september-2018/dataset/gson_parent/gson/target/dspot/TestListener.ser
[INFO] Test has been run: testInstanceCreatorReturnsSubTypeForField,testInstanceCreatorReturnsSubTypeForTopLevelObject,testInstanceCreatorReturnsBaseType
[INFO] Assertion amplification: 3 test method(s) has been successfully amplified.
[WARN] 2018-09-23 13:50:44 Launcher - You specified the directory /tmp/icst-2019/september-2018/dataset/gson/gson/target/classes in source classpath, please note that only class files will be considered. Jars and subdirectories will be ignored.
[WARN] 2018-09-23 13:50:44 Launcher - You specified the directory /tmp/icst-2019/september-2018/dataset/gson/gson/target/test-classes in source classpath, please note that only class files will be considered. Jars and subdirectories will be ignored.
[WARN] 2018-09-23 13:50:44 Launcher - You specified the directory /tmp/icst-2019/september-2018/dataset/gson/gson/target/dspot/dependencies in source classpath, please note that only class files will be considered. Jars and subdirectories will be ignored.
[INFO] Run: java -classpath /tmp/icst-2019/september-2018/dataset/gson/gson/target/classes/:/tmp/icst-2019/september-2018/dataset/gson/gson/target/test-classes/:/home/spirals/danglot/.m2/repository/junit/junit/4.12/junit-4.12.jar:/home/spirals/danglot/.m2/repository/junit/junit/3.8.2/junit-3.8.2.jar:/tmp/icst-2019/september-2018/dataset/gson/gson/target/dspot/dependencies/:/home/spirals/danglot/.m2/repository/eu/stamp-project/test-runner/1.1.0/test-runner-1.1.0-jar-with-dependencies.jar eu.stamp_project.testrunner.runner.test.TestRunner com.google.gson.functional.InstanceCreatorTest testInstanceCreatorReturnsBaseType:testInstanceCreatorReturnsSubTypeForTopLevelObject:testInstanceCreatorReturnsSubTypeForField
File saved to the following path: /tmp/icst-2019/september-2018/dataset/gson_parent/gson/target/dspot/TestListener.ser
Loading /tmp/icst-2019/september-2018/dataset/gson_parent/gson/target/dspot/TestListener.ser
[INFO] Test has been run: testInstanceCreatorReturnsSubTypeForField,testInstanceCreatorReturnsSubTypeForTopLevelObject,testInstanceCreatorReturnsBaseType
[INFO] 0 amplified test methods has been selected to be kept. (global: 0)
[INFO] elapsedTime 2977
======= REPORT =======
0 amplified test fails on the new versions.

[WARNING] DSpot could not obtain any amplified test method.
[WARNING] You can customize the following options: --amplifiers, --test-criterion, --iteration, --budgetizer etc, and retry with a new configuration.
[INFO] Amplification of com.google.gson.functional.VersioningTest (8 test(s))
[INFO] Assertion amplification of com.google.gson.functional.VersioningTest (8 test(s))
[INFO] Run: java -classpath /tmp/icst-2019/september-2018/dataset/gson_parent/gson/target/test-classes:/tmp/icst-2019/september-2018/dataset/gson_parent/gson/target/classes/:/home/spirals/danglot/.m2/repository/junit/junit/4.12/junit-4.12.jar:/home/spirals/danglot/.m2/repository/junit/junit/3.8.2/junit-3.8.2.jar:/tmp/icst-2019/september-2018/dataset/gson_parent/gson/target/dspot/dependencies/:/home/spirals/danglot/.m2/repository/eu/stamp-project/test-runner/1.1.0/test-runner-1.1.0-jar-with-dependencies.jar eu.stamp_project.testrunner.runner.test.TestRunner com.google.gson.functional.VersioningTest testVersionedClassesDeserialization:testVersionedClassesSerialization:testVersionedGsonMixingSinceAndUntilDeserialization:testVersionedUntilSerialization:testVersionedGsonMixingSinceAndUntilSerialization:testVersionedUntilDeserialization:testVersionedGsonWithUnversionedClassesSerialization:testVersionedGsonWithUnversionedClassesDeserialization
File saved to the following path: /tmp/icst-2019/september-2018/dataset/gson_parent/gson/target/dspot/TestListener.ser
Loading /tmp/icst-2019/september-2018/dataset/gson_parent/gson/target/dspot/TestListener.ser
[INFO] Test has been run: testVersionedGsonMixingSinceAndUntilSerialization,testVersionedGsonMixingSinceAndUntilDeserialization,testVersionedClassesDeserialization,testVersionedGsonWithUnversionedClassesSerialization,testVersionedClassesSerialization,testVersionedUntilDeserialization,testVersionedGsonWithUnversionedClassesDeserialization,testVersionedUntilSerialization
[INFO] Run tests. (8)
[INFO] Run: java -classpath /tmp/icst-2019/september-2018/dataset/gson_parent/gson/target/test-classes:/tmp/icst-2019/september-2018/dataset/gson_parent/gson/target/classes/:/home/spirals/danglot/.m2/repository/junit/junit/4.12/junit-4.12.jar:/home/spirals/danglot/.m2/repository/junit/junit/3.8.2/junit-3.8.2.jar:/tmp/icst-2019/september-2018/dataset/gson_parent/gson/target/dspot/dependencies/:/home/spirals/danglot/.m2/repository/eu/stamp-project/test-runner/1.1.0/test-runner-1.1.0-jar-with-dependencies.jar eu.stamp_project.testrunner.runner.test.TestRunner com.google.gson.functional.VersioningTest testVersionedClassesDeserialization:testVersionedClassesSerialization:testVersionedGsonMixingSinceAndUntilDeserialization:testVersionedUntilSerialization:testVersionedGsonMixingSinceAndUntilSerialization:testVersionedUntilDeserialization:testVersionedGsonWithUnversionedClassesSerialization:testVersionedGsonWithUnversionedClassesDeserialization
File saved to the following path: /tmp/icst-2019/september-2018/dataset/gson_parent/gson/target/dspot/TestListener.ser
Loading /tmp/icst-2019/september-2018/dataset/gson_parent/gson/target/dspot/TestListener.ser
[INFO] Test has been run: testVersionedGsonMixingSinceAndUntilSerialization,testVersionedGsonMixingSinceAndUntilDeserialization,testVersionedClassesDeserialization,testVersionedGsonWithUnversionedClassesSerialization,testVersionedClassesSerialization,testVersionedUntilDeserialization,testVersionedGsonWithUnversionedClassesDeserialization,testVersionedUntilSerialization
[INFO] 8 test pass, generating assertion...
[INFO] Add observations points in passing tests.
[INFO] Instrumentation...
 12% |====== ]/ 25% |============ ]- 37% |================== ]\ 50% |========================= ]| 62% |=============================== ]/ 75% |===================================== ]- 87% |=========================================== ]\100% |================================================== ]|
[INFO] Run instrumented tests. (24)
[INFO] Run: java -classpath /tmp/icst-2019/september-2018/dataset/gson_parent/gson/target/test-classes:/tmp/icst-2019/september-2018/dataset/gson_parent/gson/target/classes/:/home/spirals/danglot/.m2/repository/junit/junit/4.12/junit-4.12.jar:/home/spirals/danglot/.m2/repository/junit/junit/3.8.2/junit-3.8.2.jar:/tmp/icst-2019/september-2018/dataset/gson_parent/gson/target/dspot/dependencies/:/home/spirals/danglot/.m2/repository/eu/stamp-project/test-runner/1.1.0/test-runner-1.1.0-jar-with-dependencies.jar eu.stamp_project.testrunner.runner.test.TestRunner com.google.gson.functional.VersioningTest testVersionedClassesDeserialization_withlog0:testVersionedClassesSerialization_withlog0:testVersionedGsonMixingSinceAndUntilDeserialization_withlog0:testVersionedUntilSerialization_withlog0:testVersionedGsonMixingSinceAndUntilSerialization_withlog0:testVersionedUntilDeserialization_withlog0:testVersionedGsonWithUnversionedClassesSerialization_withlog0:testVersionedGsonWithUnversionedClassesDeserialization_withlog0:testVersionedClassesDeserialization_withlog1:testVersionedClassesSerialization_withlog1:testVersionedGsonMixingSinceAndUntilDeserialization_withlog1:testVersionedUntilSerialization_withlog1:testVersionedGsonMixingSinceAndUntilSerialization_withlog1:testVersionedUntilDeserialization_withlog1:testVersionedGsonWithUnversionedClassesSerialization_withlog1:testVersionedGsonWithUnversionedClassesDeserialization_withlog1:testVersionedClassesDeserialization_withlog2:testVersionedClassesSerialization_withlog2:testVersionedGsonMixingSinceAndUntilDeserialization_withlog2:testVersionedUntilSerialization_withlog2:testVersionedGsonMixingSinceAndUntilSerialization_withlog2:testVersionedUntilDeserialization_withlog2:testVersionedGsonWithUnversionedClassesSerialization_withlog2:testVersionedGsonWithUnversionedClassesDeserialization_withlog2
File saved to the following path: /tmp/icst-2019/september-2018/dataset/gson_parent/gson/target/dspot/observations.ser
File saved to the following path: /tmp/icst-2019/september-2018/dataset/gson_parent/gson/target/dspot/TestListener.ser
Loading /tmp/icst-2019/september-2018/dataset/gson_parent/gson/target/dspot/TestListener.ser
[INFO] Test has been run: testVersionedGsonWithUnversionedClassesSerialization_withlog0,testVersionedGsonWithUnversionedClassesSerialization_withlog1,testVersionedGsonWithUnversionedClassesSerialization_withlog2,testVersionedGsonMixingSinceAndUntilDeserialization_withlog0,testVersionedGsonMixingSinceAndUntilDeserialization_withlog1,testVersionedGsonMixingSinceAndUntilDeserialization_withlog2,testVersionedUntilSerialization_withlog0,testVersionedUntilSerialization_withlog1,testVersionedUntilSerialization_withlog2,testVersionedUntilDeserialization_withlog0,testVersionedUntilDeserialization_withlog1,testVersionedUntilDeserialization_withlog2,testVersionedGsonWithUnversionedClassesDeserialization_withlog0,testVersionedGsonWithUnversionedClassesDeserialization_withlog1,testVersionedGsonWithUnversionedClassesDeserialization_withlog2,testVersionedGsonMixingSinceAndUntilSerialization_withlog0,testVersionedGsonMixingSinceAndUntilSerialization_withlog1,testVersionedGsonMixingSinceAndUntilSerialization_withlog2,testVersionedClassesSerialization_withlog0,testVersionedClassesSerialization_withlog1,testVersionedClassesSerialization_withlog2,testVersionedClassesDeserialization_withlog0,testVersionedClassesDeserialization_withlog1,testVersionedClassesDeserialization_withlog2
[INFO] Generating assertions...
[INFO] 8 new tests with assertions generated
[INFO] Run: java -classpath /tmp/icst-2019/september-2018/dataset/gson_parent/gson/target/test-classes:/tmp/icst-2019/september-2018/dataset/gson_parent/gson/target/classes/:/home/spirals/danglot/.m2/repository/junit/junit/4.12/junit-4.12.jar:/home/spirals/danglot/.m2/repository/junit/junit/3.8.2/junit-3.8.2.jar:/tmp/icst-2019/september-2018/dataset/gson_parent/gson/target/dspot/dependencies/:/home/spirals/danglot/.m2/repository/eu/stamp-project/test-runner/1.1.0/test-runner-1.1.0-jar-with-dependencies.jar eu.stamp_project.testrunner.runner.test.TestRunner com.google.gson.functional.VersioningTest testVersionedClassesDeserialization:testVersionedClassesSerialization:testVersionedGsonMixingSinceAndUntilDeserialization:testVersionedUntilSerialization:testVersionedGsonMixingSinceAndUntilSerialization:testVersionedUntilDeserialization:testVersionedGsonWithUnversionedClassesSerialization:testVersionedGsonWithUnversionedClassesDeserialization
File saved to the following path: /tmp/icst-2019/september-2018/dataset/gson_parent/gson/target/dspot/TestListener.ser
Loading /tmp/icst-2019/september-2018/dataset/gson_parent/gson/target/dspot/TestListener.ser
[INFO] Test has been run: testVersionedGsonMixingSinceAndUntilSerialization,testVersionedGsonMixingSinceAndUntilDeserialization,testVersionedClassesDeserialization,testVersionedGsonWithUnversionedClassesSerialization,testVersionedClassesSerialization,testVersionedUntilDeserialization,testVersionedGsonWithUnversionedClassesDeserialization,testVersionedUntilSerialization
[INFO] Assertion amplification: 8 test method(s) has been successfully amplified.
[WARN] 2018-09-23 13:50:48 Launcher - You specified the directory /tmp/icst-2019/september-2018/dataset/gson/gson/target/classes in source classpath, please note that only class files will be considered. Jars and subdirectories will be ignored.
[WARN] 2018-09-23 13:50:48 Launcher - You specified the directory /tmp/icst-2019/september-2018/dataset/gson/gson/target/test-classes in source classpath, please note that only class files will be considered. Jars and subdirectories will be ignored.
[WARN] 2018-09-23 13:50:48 Launcher - You specified the directory /tmp/icst-2019/september-2018/dataset/gson/gson/target/dspot/dependencies in source classpath, please note that only class files will be considered. Jars and subdirectories will be ignored.
[INFO] Run: java -classpath /tmp/icst-2019/september-2018/dataset/gson/gson/target/classes/:/tmp/icst-2019/september-2018/dataset/gson/gson/target/test-classes/:/home/spirals/danglot/.m2/repository/junit/junit/4.12/junit-4.12.jar:/home/spirals/danglot/.m2/repository/junit/junit/3.8.2/junit-3.8.2.jar:/tmp/icst-2019/september-2018/dataset/gson/gson/target/dspot/dependencies/:/home/spirals/danglot/.m2/repository/eu/stamp-project/test-runner/1.1.0/test-runner-1.1.0-jar-with-dependencies.jar eu.stamp_project.testrunner.runner.test.TestRunner com.google.gson.functional.VersioningTest testVersionedClassesDeserialization:testVersionedClassesSerialization:testVersionedGsonMixingSinceAndUntilDeserialization:testVersionedUntilSerialization:testVersionedGsonMixingSinceAndUntilSerialization:testVersionedUntilDeserialization:testVersionedGsonWithUnversionedClassesSerialization:testVersionedGsonWithUnversionedClassesDeserialization
File saved to the following path: /tmp/icst-2019/september-2018/dataset/gson_parent/gson/target/dspot/TestListener.ser
Loading /tmp/icst-2019/september-2018/dataset/gson_parent/gson/target/dspot/TestListener.ser
[INFO] Test has been run: testVersionedGsonMixingSinceAndUntilSerialization,testVersionedGsonMixingSinceAndUntilDeserialization,testVersionedClassesDeserialization,testVersionedGsonWithUnversionedClassesSerialization,testVersionedClassesSerialization,testVersionedUntilDeserialization,testVersionedGsonWithUnversionedClassesDeserialization,testVersionedUntilSerialization
[INFO] 0 amplified test methods has been selected to be kept. (global: 0)
[INFO] elapsedTime 3653
======= REPORT =======
0 amplified test fails on the new versions.

[WARNING] DSpot could not obtain any amplified test method.
[WARNING] You can customize the following options: --amplifiers, --test-criterion, --iteration, --budgetizer etc, and retry with a new configuration.
[INFO] Amplification of com.google.gson.functional.ObjectTest (38 test(s))
[INFO] Assertion amplification of com.google.gson.functional.ObjectTest (38 test(s))
[INFO] Run: java -classpath /tmp/icst-2019/september-2018/dataset/gson_parent/gson/target/test-classes:/tmp/icst-2019/september-2018/dataset/gson_parent/gson/target/classes/:/home/spirals/danglot/.m2/repository/junit/junit/4.12/junit-4.12.jar:/home/spirals/danglot/.m2/repository/junit/junit/3.8.2/junit-3.8.2.jar:/tmp/icst-2019/september-2018/dataset/gson_parent/gson/target/dspot/dependencies/:/home/spirals/danglot/.m2/repository/eu/stamp-project/test-runner/1.1.0/test-runner-1.1.0-jar-with-dependencies.jar eu.stamp_project.testrunner.runner.test.TestRunner com.google.gson.functional.ObjectTest testNullSerialization:testInnerClassSerialization:testSingletonLists:testNullArraysDeserialization:testArrayOfArraysDeserialization:testStringFieldWithEmptyValueSerialization:testNullPrimitiveFieldsDeserialization:testClassWithObjectFieldSerialization:testObjectFieldNamesWithoutQuotesDeserialization:testArrayOfArraysSerialization:testClassWithNoFieldsSerialization:testClassWithTransientFieldsSerialization:testStringFieldWithNumberValueDeserialization:testBagOfPrimitiveWrappersDeserialization:testEmptyCollectionInAnObjectSerialization:testPrimitiveArrayFieldSerialization:testArrayOfObjectsAsFields:testBagOfPrimitiveWrappersSerialization:testClassWithTransientFieldsDeserialization:testPrivateNoArgConstructorDeserialization:testNullObjectFieldsDeserialization:testBagOfPrimitivesSerialization:testNestedDeserialization:testNullFieldsSerialization:testClassWithNoFieldsDeserialization:testJsonInMixedQuotesDeserialization:testArrayOfObjectsDeserialization:testClassWithTransientFieldsDeserializationTransientFieldsPassedInJsonAreIgnored:testInnerClassDeserialization:testNullFieldsDeserialization:testPrimitiveArrayInAnObjectDeserialization:testStringFieldWithEmptyValueDeserialization:testDateAsMapObjectField:testEmptyCollectionInAnObjectDeserialization:testBagOfPrimitivesDeserialization:testArrayOfObjectsSerialization:testJsonInSingleQuotesDeserialization:testNestedSerialization
File saved to the following path: /tmp/icst-2019/september-2018/dataset/gson_parent/gson/target/dspot/TestListener.ser
Loading /tmp/icst-2019/september-2018/dataset/gson_parent/gson/target/dspot/TestListener.ser
[INFO] Test has been run: testClassWithTransientFieldsSerialization,testSingletonLists,testPrimitiveArrayInAnObjectDeserialization,testStringFieldWithEmptyValueDeserialization,testArrayOfArraysSerialization,testClassWithTransientFieldsDeserializationTransientFieldsPassedInJsonAreIgnored,testArrayOfObjectsDeserialization,testClassWithObjectFieldSerialization,testNullPrimitiveFieldsDeserialization,testPrivateNoArgConstructorDeserialization,testStringFieldWithEmptyValueSerialization,testBagOfPrimitiveWrappersDeserialization,testInnerClassSerialization,testBagOfPrimitivesDeserialization,testNullSerialization,testArrayOfObjectsAsFields,testNullArraysDeserialization,testClassWithTransientFieldsDeserialization,testArrayOfObjectsSerialization,testJsonInMixedQuotesDeserialization,testPrimitiveArrayFieldSerialization,testNestedSerialization,testClassWithNoFieldsSerialization,testObjectFieldNamesWithoutQuotesDeserialization,testEmptyCollectionInAnObjectSerialization,testStringFieldWithNumberValueDeserialization,testJsonInSingleQuotesDeserialization,testClassWithNoFieldsDeserialization,testNullFieldsSerialization,testArrayOfArraysDeserialization,testBagOfPrimitiveWrappersSerialization,testDateAsMapObjectField,testNullFieldsDeserialization,testBagOfPrimitivesSerialization,testEmptyCollectionInAnObjectDeserialization,testNullObjectFieldsDeserialization,testNestedDeserialization,testInnerClassDeserialization
[INFO] Run tests. (38)
[INFO] Run: java -classpath /tmp/icst-2019/september-2018/dataset/gson_parent/gson/target/test-classes:/tmp/icst-2019/september-2018/dataset/gson_parent/gson/target/classes/:/home/spirals/danglot/.m2/repository/junit/junit/4.12/junit-4.12.jar:/home/spirals/danglot/.m2/repository/junit/junit/3.8.2/junit-3.8.2.jar:/tmp/icst-2019/september-2018/dataset/gson_parent/gson/target/dspot/dependencies/:/home/spirals/danglot/.m2/repository/eu/stamp-project/test-runner/1.1.0/test-runner-1.1.0-jar-with-dependencies.jar eu.stamp_project.testrunner.runner.test.TestRunner com.google.gson.functional.ObjectTest testNullSerialization:testInnerClassSerialization:testSingletonLists:testNullArraysDeserialization:testArrayOfArraysDeserialization:testStringFieldWithEmptyValueSerialization:testNullPrimitiveFieldsDeserialization:testClassWithObjectFieldSerialization:testObjectFieldNamesWithoutQuotesDeserialization:testArrayOfArraysSerialization:testClassWithNoFieldsSerialization:testClassWithTransientFieldsSerialization:testStringFieldWithNumberValueDeserialization:testBagOfPrimitiveWrappersDeserialization:testEmptyCollectionInAnObjectSerialization:testPrimitiveArrayFieldSerialization:testArrayOfObjectsAsFields:testBagOfPrimitiveWrappersSerialization:testClassWithTransientFieldsDeserialization:testPrivateNoArgConstructorDeserialization:testNullObjectFieldsDeserialization:testBagOfPrimitivesSerialization:testNestedDeserialization:testNullFieldsSerialization:testClassWithNoFieldsDeserialization:testJsonInMixedQuotesDeserialization:testArrayOfObjectsDeserialization:testClassWithTransientFieldsDeserializationTransientFieldsPassedInJsonAreIgnored:testInnerClassDeserialization:testNullFieldsDeserialization:testPrimitiveArrayInAnObjectDeserialization:testStringFieldWithEmptyValueDeserialization:testDateAsMapObjectField:testEmptyCollectionInAnObjectDeserialization:testBagOfPrimitivesDeserialization:testArrayOfObjectsSerialization:testJsonInSingleQuotesDeserialization:testNestedSerialization
File saved to the following path: /tmp/icst-2019/september-2018/dataset/gson_parent/gson/target/dspot/TestListener.ser
Loading /tmp/icst-2019/september-2018/dataset/gson_parent/gson/target/dspot/TestListener.ser
[INFO] Test has been run: testClassWithTransientFieldsSerialization,testSingletonLists,testPrimitiveArrayInAnObjectDeserialization,testStringFieldWithEmptyValueDeserialization,testArrayOfArraysSerialization,testClassWithTransientFieldsDeserializationTransientFieldsPassedInJsonAreIgnored,testArrayOfObjectsDeserialization,testClassWithObjectFieldSerialization,testNullPrimitiveFieldsDeserialization,testPrivateNoArgConstructorDeserialization,testStringFieldWithEmptyValueSerialization,testBagOfPrimitiveWrappersDeserialization,testInnerClassSerialization,testBagOfPrimitivesDeserialization,testNullSerialization,testArrayOfObjectsAsFields,testNullArraysDeserialization,testClassWithTransientFieldsDeserialization,testArrayOfObjectsSerialization,testJsonInMixedQuotesDeserialization,testPrimitiveArrayFieldSerialization,testNestedSerialization,testClassWithNoFieldsSerialization,testObjectFieldNamesWithoutQuotesDeserialization,testEmptyCollectionInAnObjectSerialization,testStringFieldWithNumberValueDeserialization,testJsonInSingleQuotesDeserialization,testClassWithNoFieldsDeserialization,testNullFieldsSerialization,testArrayOfArraysDeserialization,testBagOfPrimitiveWrappersSerialization,testDateAsMapObjectField,testNullFieldsDeserialization,testBagOfPrimitivesSerialization,testEmptyCollectionInAnObjectDeserialization,testNullObjectFieldsDeserialization,testNestedDeserialization,testInnerClassDeserialization
[INFO] 38 test pass, generating assertion...
[INFO] Add observations points in passing tests.
[INFO] Instrumentation...
  2% |= ]/  5% |== ]-  7% |=== ]\ 10% |===== ]| 13% |====== ]/ 15% |======= ]- 18% |========= ]\ 21% |========== ]| 23% |=========== ]/ 26% |============= ]- 28% |============== ]\ 31% |=============== ]| 34% |================= ]/ 36% |================== ]- 39% |=================== ]\ 42% |===================== ]| 44% |====================== ]/ 47% |======================= ]- 50% |========================= ]\ 52% |========================== ]| 55% |=========================== ]/ 57% |============================ ]- 60% |============================== ]\ 63% |=============================== ]| 65% |================================ ]/ 68% |================================== ]- 71% |=================================== ]\ 73% |==================================== ]| 76% |====================================== ]/ 78% |======================================= ]- 81% |======================================== ]\ 84% |========================================== ]| 86% |=========================================== ]/ 89% |============================================ ]- 92% |============================================== ]\ 94% |=============================================== ]| 97% |================================================ ]/100% |================================================== ]-
[INFO] Run instrumented tests. (114)
[INFO] Run: java -classpath /tmp/icst-2019/september-2018/dataset/gson_parent/gson/target/test-classes:/tmp/icst-2019/september-2018/dataset/gson_parent/gson/target/classes/:/home/spirals/danglot/.m2/repository/junit/junit/4.12/junit-4.12.jar:/home/spirals/danglot/.m2/repository/junit/junit/3.8.2/junit-3.8.2.jar:/tmp/icst-2019/september-2018/dataset/gson_parent/gson/target/dspot/dependencies/:/home/spirals/danglot/.m2/repository/eu/stamp-project/test-runner/1.1.0/test-runner-1.1.0-jar-with-dependencies.jar eu.stamp_project.testrunner.runner.test.TestRunner com.google.gson.functional.ObjectTest testNullSerialization_withlog0:testInnerClassSerialization_withlog0:testSingletonLists_withlog0:testNullArraysDeserialization_withlog0:testArrayOfArraysDeserialization_withlog0:testStringFieldWithEmptyValueSerialization_withlog0:testNullPrimitiveFieldsDeserialization_withlog0:testClassWithObjectFieldSerialization_withlog0:testObjectFieldNamesWithoutQuotesDeserialization_withlog0:testArrayOfArraysSerialization_withlog0:testClassWithNoFieldsSerialization_withlog0:testClassWithTransientFieldsSerialization_withlog0:testStringFieldWithNumberValueDeserialization_withlog0:testBagOfPrimitiveWrappersDeserialization_withlog0:testEmptyCollectionInAnObjectSerialization_withlog0:testPrimitiveArrayFieldSerialization_withlog0:testArrayOfObjectsAsFields_withlog0:testBagOfPrimitiveWrappersSerialization_withlog0:testClassWithTransientFieldsDeserialization_withlog0:testPrivateNoArgConstructorDeserialization_withlog0:testNullObjectFieldsDeserialization_withlog0:testBagOfPrimitivesSerialization_withlog0:testNestedDeserialization_withlog0:testNullFieldsSerialization_withlog0:testClassWithNoFieldsDeserialization_withlog0:testJsonInMixedQuotesDeserialization_withlog0:testArrayOfObjectsDeserialization_withlog0:testClassWithTransientFieldsDeserializationTransientFieldsPassedInJsonAreIgnored_withlog0:testInnerClassDeserialization_withlog0:testNullFieldsDeserialization_withlog0:testPrimitiveArrayInAnObjectDeserialization_withlog0:testStringFieldWithEmptyValueDeserialization_withlog0:testDateAsMapObjectField_withlog0:testEmptyCollectionInAnObjectDeserialization_withlog0:testBagOfPrimitivesDeserialization_withlog0:testArrayOfObjectsSerialization_withlog0:testJsonInSingleQuotesDeserialization_withlog0:testNestedSerialization_withlog0:testNullSerialization_withlog1:testInnerClassSerialization_withlog1:testSingletonLists_withlog1:testNullArraysDeserialization_withlog1:testArrayOfArraysDeserialization_withlog1:testStringFieldWithEmptyValueSerialization_withlog1:testNullPrimitiveFieldsDeserialization_withlog1:testClassWithObjectFieldSerialization_withlog1:testObjectFieldNamesWithoutQuotesDeserialization_withlog1:testArrayOfArraysSerialization_withlog1:testClassWithNoFieldsSerialization_withlog1:testClassWithTransientFieldsSerialization_withlog1:testStringFieldWithNumberValueDeserialization_withlog1:testBagOfPrimitiveWrappersDeserialization_withlog1:testEmptyCollectionInAnObjectSerialization_withlog1:testPrimitiveArrayFieldSerialization_withlog1:testArrayOfObjectsAsFields_withlog1:testBagOfPrimitiveWrappersSerialization_withlog1:testClassWithTransientFieldsDeserialization_withlog1:testPrivateNoArgConstructorDeserialization_withlog1:testNullObjectFieldsDeserialization_withlog1:testBagOfPrimitivesSerialization_withlog1:testNestedDeserialization_withlog1:testNullFieldsSerialization_withlog1:testClassWithNoFieldsDeserialization_withlog1:testJsonInMixedQuotesDeserialization_withlog1:testArrayOfObjectsDeserialization_withlog1:testClassWithTransientFieldsDeserializationTransientFieldsPassedInJsonAreIgnored_withlog1:testInnerClassDeserialization_withlog1:testNullFieldsDeserialization_withlog1:testPrimitiveArrayInAnObjectDeserialization_withlog1:testStringFieldWithEmptyValueDeserialization_withlog1:testDateAsMapObjectField_withlog1:testEmptyCollectionInAnObjectDeserialization_withlog1:testBagOfPrimitivesDeserialization_withlog1:testArrayOfObjectsSerialization_withlog1:testJsonInSingleQuotesDeserialization_withlog1:testNestedSerialization_withlog1:testNullSerialization_withlog2:testInnerClassSerialization_withlog2:testSingletonLists_withlog2:testNullArraysDeserialization_withlog2:testArrayOfArraysDeserialization_withlog2:testStringFieldWithEmptyValueSerialization_withlog2:testNullPrimitiveFieldsDeserialization_withlog2:testClassWithObjectFieldSerialization_withlog2:testObjectFieldNamesWithoutQuotesDeserialization_withlog2:testArrayOfArraysSerialization_withlog2:testClassWithNoFieldsSerialization_withlog2:testClassWithTransientFieldsSerialization_withlog2:testStringFieldWithNumberValueDeserialization_withlog2:testBagOfPrimitiveWrappersDeserialization_withlog2:testEmptyCollectionInAnObjectSerialization_withlog2:testPrimitiveArrayFieldSerialization_withlog2:testArrayOfObjectsAsFields_withlog2:testBagOfPrimitiveWrappersSerialization_withlog2:testClassWithTransientFieldsDeserialization_withlog2:testPrivateNoArgConstructorDeserialization_withlog2:testNullObjectFieldsDeserialization_withlog2:testBagOfPrimitivesSerialization_withlog2:testNestedDeserialization_withlog2:testNullFieldsSerialization_withlog2:testClassWithNoFieldsDeserialization_withlog2:testJsonInMixedQuotesDeserialization_withlog2:testArrayOfObjectsDeserialization_withlog2:testClassWithTransientFieldsDeserializationTransientFieldsPassedInJsonAreIgnored_withlog2:testInnerClassDeserialization_withlog2:testNullFieldsDeserialization_withlog2:testPrimitiveArrayInAnObjectDeserialization_withlog2:testStringFieldWithEmptyValueDeserialization_withlog2:testDateAsMapObjectField_withlog2:testEmptyCollectionInAnObjectDeserialization_withlog2:testBagOfPrimitivesDeserialization_withlog2:testArrayOfObjectsSerialization_withlog2:testJsonInSingleQuotesDeserialization_withlog2:testNestedSerialization_withlog2
File saved to the following path: /tmp/icst-2019/september-2018/dataset/gson_parent/gson/target/dspot/observations.ser
File saved to the following path: /tmp/icst-2019/september-2018/dataset/gson_parent/gson/target/dspot/TestListener.ser
Loading /tmp/icst-2019/september-2018/dataset/gson_parent/gson/target/dspot/TestListener.ser
[INFO] Test has been run: testClassWithObjectFieldSerialization_withlog0,testClassWithObjectFieldSerialization_withlog1,testClassWithObjectFieldSerialization_withlog2,testArrayOfObjectsAsFields_withlog0,testArrayOfObjectsAsFields_withlog1,testArrayOfObjectsAsFields_withlog2,testArrayOfObjectsDeserialization_withlog0,testArrayOfObjectsDeserialization_withlog1,testArrayOfObjectsDeserialization_withlog2,testArrayOfArraysSerialization_withlog0,testArrayOfArraysSerialization_withlog1,testArrayOfArraysSerialization_withlog2,testBagOfPrimitiveWrappersDeserialization_withlog0,testBagOfPrimitiveWrappersDeserialization_withlog1,testBagOfPrimitiveWrappersDeserialization_withlog2,testNullFieldsDeserialization_withlog0,testNullFieldsDeserialization_withlog1,testNullFieldsDeserialization_withlog2,testStringFieldWithNumberValueDeserialization_withlog0,testStringFieldWithNumberValueDeserialization_withlog1,testStringFieldWithNumberValueDeserialization_withlog2,testInnerClassDeserialization_withlog0,testInnerClassDeserialization_withlog1,testInnerClassDeserialization_withlog2,testSingletonLists_withlog0,testSingletonLists_withlog1,testSingletonLists_withlog2,testObjectFieldNamesWithoutQuotesDeserialization_withlog0,testObjectFieldNamesWithoutQuotesDeserialization_withlog1,testObjectFieldNamesWithoutQuotesDeserialization_withlog2,testStringFieldWithEmptyValueSerialization_withlog0,testStringFieldWithEmptyValueSerialization_withlog1,testStringFieldWithEmptyValueSerialization_withlog2,testEmptyCollectionInAnObjectDeserialization_withlog0,testEmptyCollectionInAnObjectDeserialization_withlog1,testEmptyCollectionInAnObjectDeserialization_withlog2,testArrayOfObjectsSerialization_withlog0,testArrayOfObjectsSerialization_withlog1,testArrayOfObjectsSerialization_withlog2,testEmptyCollectionInAnObjectSerialization_withlog0,testEmptyCollectionInAnObjectSerialization_withlog1,testEmptyCollectionInAnObjectSerialization_withlog2,testInnerClassSerialization_withlog0,testInnerClassSerialization_withlog1,testInnerClassSerialization_withlog2,testBagOfPrimitiveWrappersSerialization_withlog0,testBagOfPrimitiveWrappersSerialization_withlog1,testBagOfPrimitiveWrappersSerialization_withlog2,testArrayOfArraysDeserialization_withlog0,testArrayOfArraysDeserialization_withlog1,testArrayOfArraysDeserialization_withlog2,testClassWithTransientFieldsDeserialization_withlog0,testClassWithTransientFieldsDeserialization_withlog1,testClassWithTransientFieldsDeserialization_withlog2,testNullArraysDeserialization_withlog0,testNullArraysDeserialization_withlog1,testNullArraysDeserialization_withlog2,testBagOfPrimitivesSerialization_withlog0,testBagOfPrimitivesSerialization_withlog1,testBagOfPrimitivesSerialization_withlog2,testPrimitiveArrayInAnObjectDeserialization_withlog0,testPrimitiveArrayInAnObjectDeserialization_withlog1,testPrimitiveArrayInAnObjectDeserialization_withlog2,testStringFieldWithEmptyValueDeserialization_withlog0,testStringFieldWithEmptyValueDeserialization_withlog1,testStringFieldWithEmptyValueDeserialization_withlog2,testNestedDeserialization_withlog0,testNestedDeserialization_withlog1,testNestedDeserialization_withlog2,testClassWithTransientFieldsDeserializationTransientFieldsPassedInJsonAreIgnored_withlog0,testClassWithTransientFieldsDeserializationTransientFieldsPassedInJsonAreIgnored_withlog1,testClassWithTransientFieldsDeserializationTransientFieldsPassedInJsonAreIgnored_withlog2,testClassWithNoFieldsDeserialization_withlog0,testClassWithNoFieldsDeserialization_withlog1,testClassWithNoFieldsDeserialization_withlog2,testNestedSerialization_withlog0,testNestedSerialization_withlog1,testNestedSerialization_withlog2,testNullFieldsSerialization_withlog0,testNullFieldsSerialization_withlog1,testNullFieldsSerialization_withlog2,testJsonInMixedQuotesDeserialization_withlog0,testJsonInMixedQuotesDeserialization_withlog1,testJsonInMixedQuotesDeserialization_withlog2,testBagOfPrimitivesDeserialization_withlog0,testBagOfPrimitivesDeserialization_withlog1,testBagOfPrimitivesDeserialization_withlog2,testNullPrimitiveFieldsDeserialization_withlog0,testNullPrimitiveFieldsDeserialization_withlog1,testNullPrimitiveFieldsDeserialization_withlog2,testPrimitiveArrayFieldSerialization_withlog0,testPrimitiveArrayFieldSerialization_withlog1,testPrimitiveArrayFieldSerialization_withlog2,testJsonInSingleQuotesDeserialization_withlog0,testJsonInSingleQuotesDeserialization_withlog1,testJsonInSingleQuotesDeserialization_withlog2,testPrivateNoArgConstructorDeserialization_withlog0,testPrivateNoArgConstructorDeserialization_withlog1,testPrivateNoArgConstructorDeserialization_withlog2,testClassWithNoFieldsSerialization_withlog0,testClassWithNoFieldsSerialization_withlog1,testClassWithNoFieldsSerialization_withlog2,testClassWithTransientFieldsSerialization_withlog0,testClassWithTransientFieldsSerialization_withlog1,testClassWithTransientFieldsSerialization_withlog2,testNullSerialization_withlog0,testNullSerialization_withlog1,testNullSerialization_withlog2,testNullObjectFieldsDeserialization_withlog0,testNullObjectFieldsDeserialization_withlog1,testNullObjectFieldsDeserialization_withlog2,testDateAsMapObjectField_withlog0(com.google.gson.functional.ObjectTest): null,testDateAsMapObjectField_withlog1(com.google.gson.functional.ObjectTest): null,testDateAsMapObjectField_withlog2(com.google.gson.functional.ObjectTest): null
[WARNING] Some instrumented test failed!
[INFO] Generating assertions...
[INFO] 36 new tests with assertions generated
[INFO] Run: java -classpath /tmp/icst-2019/september-2018/dataset/gson_parent/gson/target/test-classes:/tmp/icst-2019/september-2018/dataset/gson_parent/gson/target/classes/:/home/spirals/danglot/.m2/repository/junit/junit/4.12/junit-4.12.jar:/home/spirals/danglot/.m2/repository/junit/junit/3.8.2/junit-3.8.2.jar:/tmp/icst-2019/september-2018/dataset/gson_parent/gson/target/dspot/dependencies/:/home/spirals/danglot/.m2/repository/eu/stamp-project/test-runner/1.1.0/test-runner-1.1.0-jar-with-dependencies.jar eu.stamp_project.testrunner.runner.test.TestRunner com.google.gson.functional.ObjectTest testNullSerialization:testInnerClassSerialization:testSingletonLists:testNullArraysDeserialization:testArrayOfArraysDeserialization:testStringFieldWithEmptyValueSerialization:testNullPrimitiveFieldsDeserialization:testClassWithObjectFieldSerialization:testObjectFieldNamesWithoutQuotesDeserialization:testArrayOfArraysSerialization:testClassWithNoFieldsSerialization:testClassWithTransientFieldsSerialization:testStringFieldWithNumberValueDeserialization:testBagOfPrimitiveWrappersDeserialization:testEmptyCollectionInAnObjectSerialization:testPrimitiveArrayFieldSerialization:testArrayOfObjectsAsFields:testBagOfPrimitiveWrappersSerialization:testClassWithTransientFieldsDeserialization:testNullObjectFieldsDeserialization:testBagOfPrimitivesSerialization:testNestedDeserialization:testNullFieldsSerialization:testClassWithNoFieldsDeserialization:testJsonInMixedQuotesDeserialization:testArrayOfObjectsDeserialization:testClassWithTransientFieldsDeserializationTransientFieldsPassedInJsonAreIgnored:testInnerClassDeserialization:testNullFieldsDeserialization:testPrimitiveArrayInAnObjectDeserialization:testStringFieldWithEmptyValueDeserialization:testEmptyCollectionInAnObjectDeserialization:testBagOfPrimitivesDeserialization:testArrayOfObjectsSerialization:testJsonInSingleQuotesDeserialization:testNestedSerialization
File saved to the following path: /tmp/icst-2019/september-2018/dataset/gson_parent/gson/target/dspot/TestListener.ser
Loading /tmp/icst-2019/september-2018/dataset/gson_parent/gson/target/dspot/TestListener.ser
[INFO] Test has been run: testClassWithTransientFieldsSerialization,testSingletonLists,testPrimitiveArrayInAnObjectDeserialization,testStringFieldWithEmptyValueDeserialization,testArrayOfArraysSerialization,testClassWithTransientFieldsDeserializationTransientFieldsPassedInJsonAreIgnored,testArrayOfObjectsDeserialization,testClassWithObjectFieldSerialization,testNullPrimitiveFieldsDeserialization,testStringFieldWithEmptyValueSerialization,testBagOfPrimitiveWrappersDeserialization,testInnerClassSerialization,testBagOfPrimitivesDeserialization,testNullSerialization,testArrayOfObjectsAsFields,testNullArraysDeserialization,testClassWithTransientFieldsDeserialization,testArrayOfObjectsSerialization,testJsonInMixedQuotesDeserialization,testPrimitiveArrayFieldSerialization,testNestedSerialization,testClassWithNoFieldsSerialization,testObjectFieldNamesWithoutQuotesDeserialization,testEmptyCollectionInAnObjectSerialization,testStringFieldWithNumberValueDeserialization,testJsonInSingleQuotesDeserialization,testClassWithNoFieldsDeserialization,testNullFieldsSerialization,testArrayOfArraysDeserialization,testBagOfPrimitiveWrappersSerialization,testNullFieldsDeserialization,testBagOfPrimitivesSerialization,testEmptyCollectionInAnObjectDeserialization,testNullObjectFieldsDeserialization,testNestedDeserialization,testInnerClassDeserialization
[INFO] Assertion amplification: 36 test method(s) has been successfully amplified.
[WARN] 2018-09-23 13:50:55 Launcher - You specified the directory /tmp/icst-2019/september-2018/dataset/gson/gson/target/classes in source classpath, please note that only class files will be considered. Jars and subdirectories will be ignored.
[WARN] 2018-09-23 13:50:55 Launcher - You specified the directory /tmp/icst-2019/september-2018/dataset/gson/gson/target/test-classes in source classpath, please note that only class files will be considered. Jars and subdirectories will be ignored.
[WARN] 2018-09-23 13:50:55 Launcher - You specified the directory /tmp/icst-2019/september-2018/dataset/gson/gson/target/dspot/dependencies in source classpath, please note that only class files will be considered. Jars and subdirectories will be ignored.
[INFO] Run: java -classpath /tmp/icst-2019/september-2018/dataset/gson/gson/target/classes/:/tmp/icst-2019/september-2018/dataset/gson/gson/target/test-classes/:/home/spirals/danglot/.m2/repository/junit/junit/4.12/junit-4.12.jar:/home/spirals/danglot/.m2/repository/junit/junit/3.8.2/junit-3.8.2.jar:/tmp/icst-2019/september-2018/dataset/gson/gson/target/dspot/dependencies/:/home/spirals/danglot/.m2/repository/eu/stamp-project/test-runner/1.1.0/test-runner-1.1.0-jar-with-dependencies.jar eu.stamp_project.testrunner.runner.test.TestRunner com.google.gson.functional.ObjectTest testNullSerialization:testInnerClassSerialization:testSingletonLists:testNullArraysDeserialization:testArrayOfArraysDeserialization:testStringFieldWithEmptyValueSerialization:testNullPrimitiveFieldsDeserialization:testClassWithObjectFieldSerialization:testObjectFieldNamesWithoutQuotesDeserialization:testArrayOfArraysSerialization:testClassWithNoFieldsSerialization:testClassWithTransientFieldsSerialization:testStringFieldWithNumberValueDeserialization:testBagOfPrimitiveWrappersDeserialization:testEmptyCollectionInAnObjectSerialization:testPrimitiveArrayFieldSerialization:testArrayOfObjectsAsFields:testBagOfPrimitiveWrappersSerialization:testClassWithTransientFieldsDeserialization:testNullObjectFieldsDeserialization:testBagOfPrimitivesSerialization:testNestedDeserialization:testNullFieldsSerialization:testClassWithNoFieldsDeserialization:testJsonInMixedQuotesDeserialization:testArrayOfObjectsDeserialization:testClassWithTransientFieldsDeserializationTransientFieldsPassedInJsonAreIgnored:testInnerClassDeserialization:testNullFieldsDeserialization:testPrimitiveArrayInAnObjectDeserialization:testStringFieldWithEmptyValueDeserialization:testEmptyCollectionInAnObjectDeserialization:testBagOfPrimitivesDeserialization:testArrayOfObjectsSerialization:testJsonInSingleQuotesDeserialization:testNestedSerialization
File saved to the following path: /tmp/icst-2019/september-2018/dataset/gson_parent/gson/target/dspot/TestListener.ser
Loading /tmp/icst-2019/september-2018/dataset/gson_parent/gson/target/dspot/TestListener.ser
[INFO] Test has been run: testClassWithTransientFieldsSerialization,testSingletonLists,testPrimitiveArrayInAnObjectDeserialization,testStringFieldWithEmptyValueDeserialization,testArrayOfArraysSerialization,testClassWithTransientFieldsDeserializationTransientFieldsPassedInJsonAreIgnored,testArrayOfObjectsDeserialization,testClassWithObjectFieldSerialization,testNullPrimitiveFieldsDeserialization,testStringFieldWithEmptyValueSerialization,testBagOfPrimitiveWrappersDeserialization,testInnerClassSerialization,testBagOfPrimitivesDeserialization,testNullSerialization,testArrayOfObjectsAsFields,testNullArraysDeserialization,testClassWithTransientFieldsDeserialization,testArrayOfObjectsSerialization,testJsonInMixedQuotesDeserialization,testPrimitiveArrayFieldSerialization,testNestedSerialization,testClassWithNoFieldsSerialization,testObjectFieldNamesWithoutQuotesDeserialization,testEmptyCollectionInAnObjectSerialization,testStringFieldWithNumberValueDeserialization,testJsonInSingleQuotesDeserialization,testClassWithNoFieldsDeserialization,testNullFieldsSerialization,testArrayOfArraysDeserialization,testBagOfPrimitiveWrappersSerialization,testNullFieldsDeserialization,testBagOfPrimitivesSerialization,testEmptyCollectionInAnObjectDeserialization,testNullObjectFieldsDeserialization,testNestedDeserialization,testInnerClassDeserialization
[INFO] 0 amplified test methods has been selected to be kept. (global: 0)
[INFO] elapsedTime 7737
======= REPORT =======
0 amplified test fails on the new versions.

[WARNING] DSpot could not obtain any amplified test method.
[WARNING] You can customize the following options: --amplifiers, --test-criterion, --iteration, --budgetizer etc, and retry with a new configuration.
[INFO] Amplification of com.google.gson.functional.PrettyPrintingTest (3 test(s))
[INFO] Assertion amplification of com.google.gson.functional.PrettyPrintingTest (3 test(s))
[INFO] Run: java -classpath /tmp/icst-2019/september-2018/dataset/gson_parent/gson/target/test-classes:/tmp/icst-2019/september-2018/dataset/gson_parent/gson/target/classes/:/home/spirals/danglot/.m2/repository/junit/junit/4.12/junit-4.12.jar:/home/spirals/danglot/.m2/repository/junit/junit/3.8.2/junit-3.8.2.jar:/tmp/icst-2019/september-2018/dataset/gson_parent/gson/target/dspot/dependencies/:/home/spirals/danglot/.m2/repository/eu/stamp-project/test-runner/1.1.0/test-runner-1.1.0-jar-with-dependencies.jar eu.stamp_project.testrunner.runner.test.TestRunner com.google.gson.functional.PrettyPrintingTest testEmptyMapField:testPrettyPrintArrayOfObjects:testPrettyPrintList
File saved to the following path: /tmp/icst-2019/september-2018/dataset/gson_parent/gson/target/dspot/TestListener.ser
Loading /tmp/icst-2019/september-2018/dataset/gson_parent/gson/target/dspot/TestListener.ser
[INFO] Test has been run: testEmptyMapField,testPrettyPrintArrayOfObjects,testPrettyPrintList
[INFO] Run tests. (3)
[INFO] Run: java -classpath /tmp/icst-2019/september-2018/dataset/gson_parent/gson/target/test-classes:/tmp/icst-2019/september-2018/dataset/gson_parent/gson/target/classes/:/home/spirals/danglot/.m2/repository/junit/junit/4.12/junit-4.12.jar:/home/spirals/danglot/.m2/repository/junit/junit/3.8.2/junit-3.8.2.jar:/tmp/icst-2019/september-2018/dataset/gson_parent/gson/target/dspot/dependencies/:/home/spirals/danglot/.m2/repository/eu/stamp-project/test-runner/1.1.0/test-runner-1.1.0-jar-with-dependencies.jar eu.stamp_project.testrunner.runner.test.TestRunner com.google.gson.functional.PrettyPrintingTest testEmptyMapField:testPrettyPrintArrayOfObjects:testPrettyPrintList
File saved to the following path: /tmp/icst-2019/september-2018/dataset/gson_parent/gson/target/dspot/TestListener.ser
Loading /tmp/icst-2019/september-2018/dataset/gson_parent/gson/target/dspot/TestListener.ser
[INFO] Test has been run: testEmptyMapField,testPrettyPrintArrayOfObjects,testPrettyPrintList
[INFO] 3 test pass, generating assertion...
[INFO] Add observations points in passing tests.
[INFO] Instrumentation...
 33% |================ ]/ 66% |================================= ]-100% |================================================== ]\
[INFO] Run instrumented tests. (9)
[INFO] Run: java -classpath /tmp/icst-2019/september-2018/dataset/gson_parent/gson/target/test-classes:/tmp/icst-2019/september-2018/dataset/gson_parent/gson/target/classes/:/home/spirals/danglot/.m2/repository/junit/junit/4.12/junit-4.12.jar:/home/spirals/danglot/.m2/repository/junit/junit/3.8.2/junit-3.8.2.jar:/tmp/icst-2019/september-2018/dataset/gson_parent/gson/target/dspot/dependencies/:/home/spirals/danglot/.m2/repository/eu/stamp-project/test-runner/1.1.0/test-runner-1.1.0-jar-with-dependencies.jar eu.stamp_project.testrunner.runner.test.TestRunner com.google.gson.functional.PrettyPrintingTest testEmptyMapField_withlog0:testPrettyPrintArrayOfObjects_withlog0:testPrettyPrintList_withlog0:testEmptyMapField_withlog1:testPrettyPrintArrayOfObjects_withlog1:testPrettyPrintList_withlog1:testEmptyMapField_withlog2:testPrettyPrintArrayOfObjects_withlog2:testPrettyPrintList_withlog2
File saved to the following path: /tmp/icst-2019/september-2018/dataset/gson_parent/gson/target/dspot/observations.ser
File saved to the following path: /tmp/icst-2019/september-2018/dataset/gson_parent/gson/target/dspot/TestListener.ser
Loading /tmp/icst-2019/september-2018/dataset/gson_parent/gson/target/dspot/TestListener.ser
[INFO] Test has been run: testEmptyMapField_withlog0,testEmptyMapField_withlog1,testEmptyMapField_withlog2,testPrettyPrintArrayOfObjects_withlog0,testPrettyPrintArrayOfObjects_withlog1,testPrettyPrintArrayOfObjects_withlog2,testPrettyPrintList_withlog0,testPrettyPrintList_withlog1,testPrettyPrintList_withlog2
[INFO] Generating assertions...
[INFO] 3 new tests with assertions generated
[INFO] Run: java -classpath /tmp/icst-2019/september-2018/dataset/gson_parent/gson/target/test-classes:/tmp/icst-2019/september-2018/dataset/gson_parent/gson/target/classes/:/home/spirals/danglot/.m2/repository/junit/junit/4.12/junit-4.12.jar:/home/spirals/danglot/.m2/repository/junit/junit/3.8.2/junit-3.8.2.jar:/tmp/icst-2019/september-2018/dataset/gson_parent/gson/target/dspot/dependencies/:/home/spirals/danglot/.m2/repository/eu/stamp-project/test-runner/1.1.0/test-runner-1.1.0-jar-with-dependencies.jar eu.stamp_project.testrunner.runner.test.TestRunner com.google.gson.functional.PrettyPrintingTest testEmptyMapField:testPrettyPrintArrayOfObjects:testPrettyPrintList
File saved to the following path: /tmp/icst-2019/september-2018/dataset/gson_parent/gson/target/dspot/TestListener.ser
Loading /tmp/icst-2019/september-2018/dataset/gson_parent/gson/target/dspot/TestListener.ser
[INFO] Test has been run: testEmptyMapField,testPrettyPrintArrayOfObjects,testPrettyPrintList
[INFO] Assertion amplification: 3 test method(s) has been successfully amplified.
[WARN] 2018-09-23 13:50:59 Launcher - You specified the directory /tmp/icst-2019/september-2018/dataset/gson/gson/target/classes in source classpath, please note that only class files will be considered. Jars and subdirectories will be ignored.
[WARN] 2018-09-23 13:50:59 Launcher - You specified the directory /tmp/icst-2019/september-2018/dataset/gson/gson/target/test-classes in source classpath, please note that only class files will be considered. Jars and subdirectories will be ignored.
[WARN] 2018-09-23 13:50:59 Launcher - You specified the directory /tmp/icst-2019/september-2018/dataset/gson/gson/target/dspot/dependencies in source classpath, please note that only class files will be considered. Jars and subdirectories will be ignored.
[INFO] Run: java -classpath /tmp/icst-2019/september-2018/dataset/gson/gson/target/classes/:/tmp/icst-2019/september-2018/dataset/gson/gson/target/test-classes/:/home/spirals/danglot/.m2/repository/junit/junit/4.12/junit-4.12.jar:/home/spirals/danglot/.m2/repository/junit/junit/3.8.2/junit-3.8.2.jar:/tmp/icst-2019/september-2018/dataset/gson/gson/target/dspot/dependencies/:/home/spirals/danglot/.m2/repository/eu/stamp-project/test-runner/1.1.0/test-runner-1.1.0-jar-with-dependencies.jar eu.stamp_project.testrunner.runner.test.TestRunner com.google.gson.functional.PrettyPrintingTest testEmptyMapField:testPrettyPrintArrayOfObjects:testPrettyPrintList
File saved to the following path: /tmp/icst-2019/september-2018/dataset/gson_parent/gson/target/dspot/TestListener.ser
Loading /tmp/icst-2019/september-2018/dataset/gson_parent/gson/target/dspot/TestListener.ser
[INFO] Test has been run: testEmptyMapField,testPrettyPrintArrayOfObjects,testPrettyPrintList
[INFO] 0 amplified test methods has been selected to be kept. (global: 0)
[INFO] elapsedTime 2989
======= REPORT =======
0 amplified test fails on the new versions.

[WARNING] DSpot could not obtain any amplified test method.
[WARNING] You can customize the following options: --amplifiers, --test-criterion, --iteration, --budgetizer etc, and retry with a new configuration.
[INFO] Amplification of com.google.gson.functional.EnumTest (2 test(s))
[INFO] Assertion amplification of com.google.gson.functional.EnumTest (2 test(s))
[INFO] Run: java -classpath /tmp/icst-2019/september-2018/dataset/gson_parent/gson/target/test-classes:/tmp/icst-2019/september-2018/dataset/gson_parent/gson/target/classes/:/home/spirals/danglot/.m2/repository/junit/junit/4.12/junit-4.12.jar:/home/spirals/danglot/.m2/repository/junit/junit/3.8.2/junit-3.8.2.jar:/tmp/icst-2019/september-2018/dataset/gson_parent/gson/target/dspot/dependencies/:/home/spirals/danglot/.m2/repository/eu/stamp-project/test-runner/1.1.0/test-runner-1.1.0-jar-with-dependencies.jar eu.stamp_project.testrunner.runner.test.TestRunner com.google.gson.functional.EnumTest testClassWithEnumFieldDeserialization:testClassWithEnumFieldSerialization
File saved to the following path: /tmp/icst-2019/september-2018/dataset/gson_parent/gson/target/dspot/TestListener.ser
Loading /tmp/icst-2019/september-2018/dataset/gson_parent/gson/target/dspot/TestListener.ser
[INFO] Test has been run: testClassWithEnumFieldSerialization,testClassWithEnumFieldDeserialization
[INFO] Run tests. (2)
[INFO] Run: java -classpath /tmp/icst-2019/september-2018/dataset/gson_parent/gson/target/test-classes:/tmp/icst-2019/september-2018/dataset/gson_parent/gson/target/classes/:/home/spirals/danglot/.m2/repository/junit/junit/4.12/junit-4.12.jar:/home/spirals/danglot/.m2/repository/junit/junit/3.8.2/junit-3.8.2.jar:/tmp/icst-2019/september-2018/dataset/gson_parent/gson/target/dspot/dependencies/:/home/spirals/danglot/.m2/repository/eu/stamp-project/test-runner/1.1.0/test-runner-1.1.0-jar-with-dependencies.jar eu.stamp_project.testrunner.runner.test.TestRunner com.google.gson.functional.EnumTest testClassWithEnumFieldDeserialization:testClassWithEnumFieldSerialization
File saved to the following path: /tmp/icst-2019/september-2018/dataset/gson_parent/gson/target/dspot/TestListener.ser
Loading /tmp/icst-2019/september-2018/dataset/gson_parent/gson/target/dspot/TestListener.ser
[INFO] Test has been run: testClassWithEnumFieldSerialization,testClassWithEnumFieldDeserialization
[INFO] 2 test pass, generating assertion...
[INFO] Add observations points in passing tests.
[INFO] Instrumentation...
 50% |========================= ]/100% |================================================== ]-
[INFO] Run instrumented tests. (6)
[INFO] Run: java -classpath /tmp/icst-2019/september-2018/dataset/gson_parent/gson/target/test-classes:/tmp/icst-2019/september-2018/dataset/gson_parent/gson/target/classes/:/home/spirals/danglot/.m2/repository/junit/junit/4.12/junit-4.12.jar:/home/spirals/danglot/.m2/repository/junit/junit/3.8.2/junit-3.8.2.jar:/tmp/icst-2019/september-2018/dataset/gson_parent/gson/target/dspot/dependencies/:/home/spirals/danglot/.m2/repository/eu/stamp-project/test-runner/1.1.0/test-runner-1.1.0-jar-with-dependencies.jar eu.stamp_project.testrunner.runner.test.TestRunner com.google.gson.functional.EnumTest testClassWithEnumFieldDeserialization_withlog0:testClassWithEnumFieldSerialization_withlog0:testClassWithEnumFieldDeserialization_withlog1:testClassWithEnumFieldSerialization_withlog1:testClassWithEnumFieldDeserialization_withlog2:testClassWithEnumFieldSerialization_withlog2
File saved to the following path: /tmp/icst-2019/september-2018/dataset/gson_parent/gson/target/dspot/observations.ser
File saved to the following path: /tmp/icst-2019/september-2018/dataset/gson_parent/gson/target/dspot/TestListener.ser
Loading /tmp/icst-2019/september-2018/dataset/gson_parent/gson/target/dspot/TestListener.ser
[INFO] Test has been run: testClassWithEnumFieldSerialization_withlog0,testClassWithEnumFieldSerialization_withlog1,testClassWithEnumFieldSerialization_withlog2,testClassWithEnumFieldDeserialization_withlog0,testClassWithEnumFieldDeserialization_withlog1,testClassWithEnumFieldDeserialization_withlog2
[INFO] Generating assertions...
[INFO] 2 new tests with assertions generated
[INFO] Run: java -classpath /tmp/icst-2019/september-2018/dataset/gson_parent/gson/target/test-classes:/tmp/icst-2019/september-2018/dataset/gson_parent/gson/target/classes/:/home/spirals/danglot/.m2/repository/junit/junit/4.12/junit-4.12.jar:/home/spirals/danglot/.m2/repository/junit/junit/3.8.2/junit-3.8.2.jar:/tmp/icst-2019/september-2018/dataset/gson_parent/gson/target/dspot/dependencies/:/home/spirals/danglot/.m2/repository/eu/stamp-project/test-runner/1.1.0/test-runner-1.1.0-jar-with-dependencies.jar eu.stamp_project.testrunner.runner.test.TestRunner com.google.gson.functional.EnumTest testClassWithEnumFieldDeserialization:testClassWithEnumFieldSerialization
File saved to the following path: /tmp/icst-2019/september-2018/dataset/gson_parent/gson/target/dspot/TestListener.ser
Loading /tmp/icst-2019/september-2018/dataset/gson_parent/gson/target/dspot/TestListener.ser
[INFO] Test has been run: testClassWithEnumFieldSerialization,testClassWithEnumFieldDeserialization
[INFO] Assertion amplification: 2 test method(s) has been successfully amplified.
[WARN] 2018-09-23 13:51:03 Launcher - You specified the directory /tmp/icst-2019/september-2018/dataset/gson/gson/target/classes in source classpath, please note that only class files will be considered. Jars and subdirectories will be ignored.
[WARN] 2018-09-23 13:51:03 Launcher - You specified the directory /tmp/icst-2019/september-2018/dataset/gson/gson/target/test-classes in source classpath, please note that only class files will be considered. Jars and subdirectories will be ignored.
[WARN] 2018-09-23 13:51:03 Launcher - You specified the directory /tmp/icst-2019/september-2018/dataset/gson/gson/target/dspot/dependencies in source classpath, please note that only class files will be considered. Jars and subdirectories will be ignored.
[INFO] Run: java -classpath /tmp/icst-2019/september-2018/dataset/gson/gson/target/classes/:/tmp/icst-2019/september-2018/dataset/gson/gson/target/test-classes/:/home/spirals/danglot/.m2/repository/junit/junit/4.12/junit-4.12.jar:/home/spirals/danglot/.m2/repository/junit/junit/3.8.2/junit-3.8.2.jar:/tmp/icst-2019/september-2018/dataset/gson/gson/target/dspot/dependencies/:/home/spirals/danglot/.m2/repository/eu/stamp-project/test-runner/1.1.0/test-runner-1.1.0-jar-with-dependencies.jar eu.stamp_project.testrunner.runner.test.TestRunner com.google.gson.functional.EnumTest testClassWithEnumFieldDeserialization:testClassWithEnumFieldSerialization
File saved to the following path: /tmp/icst-2019/september-2018/dataset/gson_parent/gson/target/dspot/TestListener.ser
Loading /tmp/icst-2019/september-2018/dataset/gson_parent/gson/target/dspot/TestListener.ser
[INFO] Test has been run: testClassWithEnumFieldSerialization,testClassWithEnumFieldDeserialization
[INFO] 0 amplified test methods has been selected to be kept. (global: 0)
[INFO] elapsedTime 3450
======= REPORT =======
0 amplified test fails on the new versions.

[WARNING] DSpot could not obtain any amplified test method.
[WARNING] You can customize the following options: --amplifiers, --test-criterion, --iteration, --budgetizer etc, and retry with a new configuration.
[INFO] Amplification of com.google.gson.functional.TreeTypeAdaptersTest (2 test(s))
[INFO] Assertion amplification of com.google.gson.functional.TreeTypeAdaptersTest (2 test(s))
[INFO] Run: java -classpath /tmp/icst-2019/september-2018/dataset/gson_parent/gson/target/test-classes:/tmp/icst-2019/september-2018/dataset/gson_parent/gson/target/classes/:/home/spirals/danglot/.m2/repository/junit/junit/4.12/junit-4.12.jar:/home/spirals/danglot/.m2/repository/junit/junit/3.8.2/junit-3.8.2.jar:/tmp/icst-2019/september-2018/dataset/gson_parent/gson/target/dspot/dependencies/:/home/spirals/danglot/.m2/repository/eu/stamp-project/test-runner/1.1.0/test-runner-1.1.0-jar-with-dependencies.jar eu.stamp_project.testrunner.runner.test.TestRunner com.google.gson.functional.TreeTypeAdaptersTest testDeserializeId:testSerializeId
File saved to the following path: /tmp/icst-2019/september-2018/dataset/gson_parent/gson/target/dspot/TestListener.ser
Loading /tmp/icst-2019/september-2018/dataset/gson_parent/gson/target/dspot/TestListener.ser
[INFO] Test has been run: testSerializeId,testDeserializeId
[INFO] Run tests. (2)
[INFO] Run: java -classpath /tmp/icst-2019/september-2018/dataset/gson_parent/gson/target/test-classes:/tmp/icst-2019/september-2018/dataset/gson_parent/gson/target/classes/:/home/spirals/danglot/.m2/repository/junit/junit/4.12/junit-4.12.jar:/home/spirals/danglot/.m2/repository/junit/junit/3.8.2/junit-3.8.2.jar:/tmp/icst-2019/september-2018/dataset/gson_parent/gson/target/dspot/dependencies/:/home/spirals/danglot/.m2/repository/eu/stamp-project/test-runner/1.1.0/test-runner-1.1.0-jar-with-dependencies.jar eu.stamp_project.testrunner.runner.test.TestRunner com.google.gson.functional.TreeTypeAdaptersTest testDeserializeId:testSerializeId
File saved to the following path: /tmp/icst-2019/september-2018/dataset/gson_parent/gson/target/dspot/TestListener.ser
Loading /tmp/icst-2019/september-2018/dataset/gson_parent/gson/target/dspot/TestListener.ser
[INFO] Test has been run: testSerializeId,testDeserializeId
[INFO] 2 test pass, generating assertion...
[INFO] Add observations points in passing tests.
[INFO] Instrumentation...
 50% |========================= ]/100% |================================================== ]-
[INFO] Run instrumented tests. (6)
[INFO] Run: java -classpath /tmp/icst-2019/september-2018/dataset/gson_parent/gson/target/test-classes:/tmp/icst-2019/september-2018/dataset/gson_parent/gson/target/classes/:/home/spirals/danglot/.m2/repository/junit/junit/4.12/junit-4.12.jar:/home/spirals/danglot/.m2/repository/junit/junit/3.8.2/junit-3.8.2.jar:/tmp/icst-2019/september-2018/dataset/gson_parent/gson/target/dspot/dependencies/:/home/spirals/danglot/.m2/repository/eu/stamp-project/test-runner/1.1.0/test-runner-1.1.0-jar-with-dependencies.jar eu.stamp_project.testrunner.runner.test.TestRunner com.google.gson.functional.TreeTypeAdaptersTest testDeserializeId_withlog0:testSerializeId_withlog0:testDeserializeId_withlog1:testSerializeId_withlog1:testDeserializeId_withlog2:testSerializeId_withlog2
File saved to the following path: /tmp/icst-2019/september-2018/dataset/gson_parent/gson/target/dspot/observations.ser
File saved to the following path: /tmp/icst-2019/september-2018/dataset/gson_parent/gson/target/dspot/TestListener.ser
Loading /tmp/icst-2019/september-2018/dataset/gson_parent/gson/target/dspot/TestListener.ser
[INFO] Test has been run: testDeserializeId_withlog0,testDeserializeId_withlog1,testDeserializeId_withlog2,testSerializeId_withlog0,testSerializeId_withlog1,testSerializeId_withlog2
[INFO] Generating assertions...
[INFO] 2 new tests with assertions generated
[INFO] Run: java -classpath /tmp/icst-2019/september-2018/dataset/gson_parent/gson/target/test-classes:/tmp/icst-2019/september-2018/dataset/gson_parent/gson/target/classes/:/home/spirals/danglot/.m2/repository/junit/junit/4.12/junit-4.12.jar:/home/spirals/danglot/.m2/repository/junit/junit/3.8.2/junit-3.8.2.jar:/tmp/icst-2019/september-2018/dataset/gson_parent/gson/target/dspot/dependencies/:/home/spirals/danglot/.m2/repository/eu/stamp-project/test-runner/1.1.0/test-runner-1.1.0-jar-with-dependencies.jar eu.stamp_project.testrunner.runner.test.TestRunner com.google.gson.functional.TreeTypeAdaptersTest testDeserializeId:testSerializeId
File saved to the following path: /tmp/icst-2019/september-2018/dataset/gson_parent/gson/target/dspot/TestListener.ser
Loading /tmp/icst-2019/september-2018/dataset/gson_parent/gson/target/dspot/TestListener.ser
[INFO] Test has been run: testSerializeId,testDeserializeId
[INFO] Assertion amplification: 2 test method(s) has been successfully amplified.
[WARN] 2018-09-23 13:51:06 Launcher - You specified the directory /tmp/icst-2019/september-2018/dataset/gson/gson/target/classes in source classpath, please note that only class files will be considered. Jars and subdirectories will be ignored.
[WARN] 2018-09-23 13:51:06 Launcher - You specified the directory /tmp/icst-2019/september-2018/dataset/gson/gson/target/test-classes in source classpath, please note that only class files will be considered. Jars and subdirectories will be ignored.
[WARN] 2018-09-23 13:51:06 Launcher - You specified the directory /tmp/icst-2019/september-2018/dataset/gson/gson/target/dspot/dependencies in source classpath, please note that only class files will be considered. Jars and subdirectories will be ignored.
[INFO] Run: java -classpath /tmp/icst-2019/september-2018/dataset/gson/gson/target/classes/:/tmp/icst-2019/september-2018/dataset/gson/gson/target/test-classes/:/home/spirals/danglot/.m2/repository/junit/junit/4.12/junit-4.12.jar:/home/spirals/danglot/.m2/repository/junit/junit/3.8.2/junit-3.8.2.jar:/tmp/icst-2019/september-2018/dataset/gson/gson/target/dspot/dependencies/:/home/spirals/danglot/.m2/repository/eu/stamp-project/test-runner/1.1.0/test-runner-1.1.0-jar-with-dependencies.jar eu.stamp_project.testrunner.runner.test.TestRunner com.google.gson.functional.TreeTypeAdaptersTest testDeserializeId:testSerializeId
File saved to the following path: /tmp/icst-2019/september-2018/dataset/gson_parent/gson/target/dspot/TestListener.ser
Loading /tmp/icst-2019/september-2018/dataset/gson_parent/gson/target/dspot/TestListener.ser
[INFO] Test has been run: testSerializeId,testDeserializeId
[INFO] 0 amplified test methods has been selected to be kept. (global: 0)
[INFO] elapsedTime 3356
======= REPORT =======
0 amplified test fails on the new versions.

[WARNING] DSpot could not obtain any amplified test method.
[WARNING] You can customize the following options: --amplifiers, --test-criterion, --iteration, --budgetizer etc, and retry with a new configuration.
[INFO] Amplification of com.google.gson.functional.InheritanceTest (13 test(s))
[INFO] Assertion amplification of com.google.gson.functional.InheritanceTest (13 test(s))
[INFO] Run: java -classpath /tmp/icst-2019/september-2018/dataset/gson_parent/gson/target/test-classes:/tmp/icst-2019/september-2018/dataset/gson_parent/gson/target/classes/:/home/spirals/danglot/.m2/repository/junit/junit/4.12/junit-4.12.jar:/home/spirals/danglot/.m2/repository/junit/junit/3.8.2/junit-3.8.2.jar:/tmp/icst-2019/september-2018/dataset/gson_parent/gson/target/dspot/dependencies/:/home/spirals/danglot/.m2/repository/eu/stamp-project/test-runner/1.1.0/test-runner-1.1.0-jar-with-dependencies.jar eu.stamp_project.testrunner.runner.test.TestRunner com.google.gson.functional.InheritanceTest testClassWithBaseFieldSerialization:testSubInterfacesOfCollectionDeserialization:testSubInterfacesOfCollectionSerialization:testSubClassDeserialization:testBaseSerializedAsBaseWhenSpecifiedWithExplicitTypeForToJsonMethod:testClassWithBaseArrayFieldSerialization:testSubClassSerialization:testBaseSerializedAsBaseWhenSpecifiedWithExplicitType:testBaseSerializedAsSubWhenSpecifiedWithExplicitTypeForToJsonMethod:testBaseSerializedAsSubForToJsonMethod:testClassWithBaseCollectionFieldSerialization:testBaseSerializedAsSubWhenSpecifiedWithExplicitType:testBaseSerializedAsSub
File saved to the following path: /tmp/icst-2019/september-2018/dataset/gson_parent/gson/target/dspot/TestListener.ser
Loading /tmp/icst-2019/september-2018/dataset/gson_parent/gson/target/dspot/TestListener.ser
[INFO] Test has been run: testBaseSerializedAsBaseWhenSpecifiedWithExplicitType,testClassWithBaseCollectionFieldSerialization,testBaseSerializedAsSubWhenSpecifiedWithExplicitType,testBaseSerializedAsSubWhenSpecifiedWithExplicitTypeForToJsonMethod,testSubInterfacesOfCollectionSerialization,testBaseSerializedAsBaseWhenSpecifiedWithExplicitTypeForToJsonMethod,testClassWithBaseArrayFieldSerialization,testBaseSerializedAsSub,testSubInterfacesOfCollectionDeserialization,testSubClassDeserialization,testSubClassSerialization,testBaseSerializedAsSubForToJsonMethod,testClassWithBaseFieldSerialization
[INFO] Run tests. (13)
[INFO] Run: java -classpath /tmp/icst-2019/september-2018/dataset/gson_parent/gson/target/test-classes:/tmp/icst-2019/september-2018/dataset/gson_parent/gson/target/classes/:/home/spirals/danglot/.m2/repository/junit/junit/4.12/junit-4.12.jar:/home/spirals/danglot/.m2/repository/junit/junit/3.8.2/junit-3.8.2.jar:/tmp/icst-2019/september-2018/dataset/gson_parent/gson/target/dspot/dependencies/:/home/spirals/danglot/.m2/repository/eu/stamp-project/test-runner/1.1.0/test-runner-1.1.0-jar-with-dependencies.jar eu.stamp_project.testrunner.runner.test.TestRunner com.google.gson.functional.InheritanceTest testClassWithBaseFieldSerialization:testSubInterfacesOfCollectionDeserialization:testSubInterfacesOfCollectionSerialization:testSubClassDeserialization:testBaseSerializedAsBaseWhenSpecifiedWithExplicitTypeForToJsonMethod:testClassWithBaseArrayFieldSerialization:testSubClassSerialization:testBaseSerializedAsBaseWhenSpecifiedWithExplicitType:testBaseSerializedAsSubWhenSpecifiedWithExplicitTypeForToJsonMethod:testBaseSerializedAsSubForToJsonMethod:testClassWithBaseCollectionFieldSerialization:testBaseSerializedAsSubWhenSpecifiedWithExplicitType:testBaseSerializedAsSub
File saved to the following path: /tmp/icst-2019/september-2018/dataset/gson_parent/gson/target/dspot/TestListener.ser
Loading /tmp/icst-2019/september-2018/dataset/gson_parent/gson/target/dspot/TestListener.ser
[INFO] Test has been run: testBaseSerializedAsBaseWhenSpecifiedWithExplicitType,testClassWithBaseCollectionFieldSerialization,testBaseSerializedAsSubWhenSpecifiedWithExplicitType,testBaseSerializedAsSubWhenSpecifiedWithExplicitTypeForToJsonMethod,testSubInterfacesOfCollectionSerialization,testBaseSerializedAsBaseWhenSpecifiedWithExplicitTypeForToJsonMethod,testClassWithBaseArrayFieldSerialization,testBaseSerializedAsSub,testSubInterfacesOfCollectionDeserialization,testSubClassDeserialization,testSubClassSerialization,testBaseSerializedAsSubForToJsonMethod,testClassWithBaseFieldSerialization
[INFO] 13 test pass, generating assertion...
[INFO] Add observations points in passing tests.
[INFO] Instrumentation...
  7% |=== ]/ 15% |======= ]- 23% |=========== ]\ 30% |=============== ]| 38% |=================== ]/ 46% |======================= ]-[INFO] ------------------------------------------------------------------------
[INFO] BUILD FAILURE
[INFO] ------------------------------------------------------------------------
[INFO] Total time: 01:24 min
[INFO] Finished at: 2018-09-23T13:51:08+02:00
[INFO] ------------------------------------------------------------------------
[ERROR] Failed to execute goal eu.stamp-project:dspot-maven:1.1.1-SNAPSHOT:amplify-unit-tests (default-cli) on project gson: Execution default-cli of goal eu.stamp-project:dspot-maven:1.1.1-SNAPSHOT:amplify-unit-tests failed: java.lang.NullPointerException -> [Help 1]
[ERROR] 
[ERROR] To see the full stack trace of the errors, re-run Maven with the -e switch.
[ERROR] Re-run Maven using the -X switch to enable full debug logging.
[ERROR] 
[ERROR] For more information about the errors and possible solutions, please read the following articles:
[ERROR] [Help 1] http://cwiki.apache.org/confluence/display/MAVEN/PluginExecutionException
