Apache Maven 3.5.4 (1edded0938998edf8bf061f1ceb3cfdeccf443fe; 2018-06-17T20:33:14+02:00)
Maven home: /home/spirals/danglot/apache-maven-3.5.4
Java version: 1.8.0_121, vendor: Oracle Corporation, runtime: /home/spirals/danglot/jdk1.8.0_121/jre
Default locale: en_US, platform encoding: ANSI_X3.4-1968
OS name: "linux", version: "3.16.0-4-amd64", arch: "amd64", family: "unix"
[DEBUG] Created new class realm maven.api
[DEBUG] Importing foreign packages into class realm maven.api
[DEBUG]   Imported: javax.annotation.* < plexus.core
[DEBUG]   Imported: javax.annotation.security.* < plexus.core
[DEBUG]   Imported: javax.enterprise.inject.* < plexus.core
[DEBUG]   Imported: javax.enterprise.util.* < plexus.core
[DEBUG]   Imported: javax.inject.* < plexus.core
[DEBUG]   Imported: org.apache.maven.* < plexus.core
[DEBUG]   Imported: org.apache.maven.artifact < plexus.core
[DEBUG]   Imported: org.apache.maven.classrealm < plexus.core
[DEBUG]   Imported: org.apache.maven.cli < plexus.core
[DEBUG]   Imported: org.apache.maven.configuration < plexus.core
[DEBUG]   Imported: org.apache.maven.exception < plexus.core
[DEBUG]   Imported: org.apache.maven.execution < plexus.core
[DEBUG]   Imported: org.apache.maven.execution.scope < plexus.core
[DEBUG]   Imported: org.apache.maven.lifecycle < plexus.core
[DEBUG]   Imported: org.apache.maven.model < plexus.core
[DEBUG]   Imported: org.apache.maven.monitor < plexus.core
[DEBUG]   Imported: org.apache.maven.plugin < plexus.core
[DEBUG]   Imported: org.apache.maven.profiles < plexus.core
[DEBUG]   Imported: org.apache.maven.project < plexus.core
[DEBUG]   Imported: org.apache.maven.reporting < plexus.core
[DEBUG]   Imported: org.apache.maven.repository < plexus.core
[DEBUG]   Imported: org.apache.maven.rtinfo < plexus.core
[DEBUG]   Imported: org.apache.maven.settings < plexus.core
[DEBUG]   Imported: org.apache.maven.toolchain < plexus.core
[DEBUG]   Imported: org.apache.maven.usability < plexus.core
[DEBUG]   Imported: org.apache.maven.wagon.* < plexus.core
[DEBUG]   Imported: org.apache.maven.wagon.authentication < plexus.core
[DEBUG]   Imported: org.apache.maven.wagon.authorization < plexus.core
[DEBUG]   Imported: org.apache.maven.wagon.events < plexus.core
[DEBUG]   Imported: org.apache.maven.wagon.observers < plexus.core
[DEBUG]   Imported: org.apache.maven.wagon.proxy < plexus.core
[DEBUG]   Imported: org.apache.maven.wagon.repository < plexus.core
[DEBUG]   Imported: org.apache.maven.wagon.resource < plexus.core
[DEBUG]   Imported: org.codehaus.classworlds < plexus.core
[DEBUG]   Imported: org.codehaus.plexus.* < plexus.core
[DEBUG]   Imported: org.codehaus.plexus.classworlds < plexus.core
[DEBUG]   Imported: org.codehaus.plexus.component < plexus.core
[DEBUG]   Imported: org.codehaus.plexus.configuration < plexus.core
[DEBUG]   Imported: org.codehaus.plexus.container < plexus.core
[DEBUG]   Imported: org.codehaus.plexus.context < plexus.core
[DEBUG]   Imported: org.codehaus.plexus.lifecycle < plexus.core
[DEBUG]   Imported: org.codehaus.plexus.logging < plexus.core
[DEBUG]   Imported: org.codehaus.plexus.personality < plexus.core
[DEBUG]   Imported: org.codehaus.plexus.util.xml.Xpp3Dom < plexus.core
[DEBUG]   Imported: org.codehaus.plexus.util.xml.pull.XmlPullParser < plexus.core
[DEBUG]   Imported: org.codehaus.plexus.util.xml.pull.XmlPullParserException < plexus.core
[DEBUG]   Imported: org.codehaus.plexus.util.xml.pull.XmlSerializer < plexus.core
[DEBUG]   Imported: org.eclipse.aether.* < plexus.core
[DEBUG]   Imported: org.eclipse.aether.artifact < plexus.core
[DEBUG]   Imported: org.eclipse.aether.collection < plexus.core
[DEBUG]   Imported: org.eclipse.aether.deployment < plexus.core
[DEBUG]   Imported: org.eclipse.aether.graph < plexus.core
[DEBUG]   Imported: org.eclipse.aether.impl < plexus.core
[DEBUG]   Imported: org.eclipse.aether.installation < plexus.core
[DEBUG]   Imported: org.eclipse.aether.internal.impl < plexus.core
[DEBUG]   Imported: org.eclipse.aether.metadata < plexus.core
[DEBUG]   Imported: org.eclipse.aether.repository < plexus.core
[DEBUG]   Imported: org.eclipse.aether.resolution < plexus.core
[DEBUG]   Imported: org.eclipse.aether.spi < plexus.core
[DEBUG]   Imported: org.eclipse.aether.transfer < plexus.core
[DEBUG]   Imported: org.eclipse.aether.version < plexus.core
[DEBUG]   Imported: org.fusesource.jansi.* < plexus.core
[DEBUG]   Imported: org.slf4j.* < plexus.core
[DEBUG]   Imported: org.slf4j.helpers.* < plexus.core
[DEBUG]   Imported: org.slf4j.spi.* < plexus.core
[DEBUG] Populating class realm maven.api
[INFO] Error stacktraces are turned on.
[DEBUG] Message scheme: color
[DEBUG] Message styles: debug info warning error success failure strong mojo project
[DEBUG] Reading global settings from /home/spirals/danglot/apache-maven-3.5.4/conf/settings.xml
[DEBUG] Reading user settings from /home/spirals/danglot/.m2/settings.xml
[DEBUG] Reading global toolchains from /home/spirals/danglot/apache-maven-3.5.4/conf/toolchains.xml
[DEBUG] Reading user toolchains from /home/spirals/danglot/.m2/toolchains.xml
[DEBUG] Using local repository at /home/spirals/danglot/.m2/repository
[DEBUG] Using manager EnhancedLocalRepositoryManager with priority 10.0 for /home/spirals/danglot/.m2/repository
[INFO] Scanning for projects...
[DEBUG] Extension realms for project joda-time:joda-time:jar:2.9.9: (none)
[DEBUG] Looking up lifecycle mappings for packaging jar from ClassRealm[plexus.core, parent: null]
[WARNING] The project joda-time:joda-time:jar:2.9.9 uses prerequisites which is only intended for maven-plugin projects but not for non maven-plugin projects. For such purposes you should use the maven-enforcer-plugin. See https://maven.apache.org/enforcer/enforcer-rules/requireMavenVersion.html
[DEBUG] === REACTOR BUILD PLAN ================================================
[DEBUG] Project: joda-time:joda-time:jar:2.9.9
[DEBUG] Tasks:   [eu.stamp-project:dspot-maven:1.1.1-SNAPSHOT:amplify-unit-tests]
[DEBUG] Style:   Regular
[DEBUG] =======================================================================
[INFO] 
[INFO] ------------------------< joda-time:joda-time >-------------------------
[INFO] Building Joda-Time 2.9.9
[INFO] --------------------------------[ jar ]---------------------------------
[DEBUG] Lifecycle default -> [validate, initialize, generate-sources, process-sources, generate-resources, process-resources, compile, process-classes, generate-test-sources, process-test-sources, generate-test-resources, process-test-resources, test-compile, process-test-classes, test, prepare-package, package, pre-integration-test, integration-test, post-integration-test, verify, install, deploy]
[DEBUG] Lifecycle clean -> [pre-clean, clean, post-clean]
[DEBUG] Lifecycle site -> [pre-site, site, post-site, site-deploy]
[DEBUG] === PROJECT BUILD PLAN ================================================
[DEBUG] Project:       joda-time:joda-time:2.9.9
[DEBUG] Dependencies (collect): []
[DEBUG] Dependencies (resolve): [test]
[DEBUG] Repositories (dependencies): [central (https://repo.maven.apache.org/maven2, default, releases)]
[DEBUG] Repositories (plugins)     : [central (https://repo.maven.apache.org/maven2, default, releases)]
[DEBUG] -----------------------------------------------------------------------
[DEBUG] Goal:          eu.stamp-project:dspot-maven:1.1.1-SNAPSHOT:amplify-unit-tests (default-cli)
[DEBUG] Style:         Regular
[DEBUG] Configuration: <?xml version="1.0" encoding="UTF-8"?>
<configuration>
  <amplifiers default-value="None">${amplifiers}</amplifiers>
  <automaticBuilder default-value="MavenBuilder">${automatic-builder}</automaticBuilder>
  <budgetizer default-value="NoBudgetizer">${budgetizer}</budgetizer>
  <cases>${cases}</cases>
  <clean default-value="false">${clean}</clean>
  <descartes default-value="false">${descartes}</descartes>
  <example default-value="false">${example}</example>
  <generateNewTestClass default-value="false">${generate-new-test-class}</generateNewTestClass>
  <help default-value="false">${help}</help>
  <iteration default-value="3">${iteration}</iteration>
  <mavenHome>${maven-home}</mavenHome>
  <maxTestAmplified default-value="200">${max-test-amplified}</maxTestAmplified>
  <noMinimize default-value="false">${no-minimize}</noMinimize>
  <outputPath default-value="target/dspot/output">${output-path}</outputPath>
  <pathPitResult>${path-pit-result}</pathPitResult>
  <pathToProperties default-value="">${path-to-properties}</pathToProperties>
  <pathToSecondVersion default-value="">${path-to-second-version}</pathToSecondVersion>
  <pathToTestListCsv default-value="">${path-to-test-list-csv}</pathToTestListCsv>
  <project default-value="${project}"/>
  <randomSeed default-value="23">${randomSeed}</randomSeed>
  <test default-value="all">${test}</test>
  <testCriterion default-value="PitMutantScoreSelector">${test-criterion}</testCriterion>
  <timeOut default-value="10000">${timeOut}</timeOut>
  <useMavenToExeTest default-value="false">${use-maven-to-exe-test}</useMavenToExeTest>
  <verbose default-value="false">${verbose}</verbose>
  <withComment default-value="false">${with-comment}</withComment>
  <workingDirectory default-value="false">${working-directory}</workingDirectory>
</configuration>
[DEBUG] =======================================================================
[DEBUG] Dependency collection stats: {ConflictMarker.analyzeTime=783763, ConflictMarker.markTime=455488, ConflictMarker.nodeCount=3, ConflictIdSorter.graphTime=456038, ConflictIdSorter.topsortTime=355121, ConflictIdSorter.conflictIdCount=2, ConflictIdSorter.conflictIdCycleCount=0, ConflictResolver.totalTime=2795814, ConflictResolver.conflictItemCount=2, DefaultDependencyCollector.collectTime=20822925, DefaultDependencyCollector.transformTime=7159455}
[DEBUG] joda-time:joda-time:jar:2.9.9
[DEBUG]    org.joda:joda-convert:jar:1.2:compile (optional)
[DEBUG]    junit:junit:jar:3.8.2:test
[INFO] 
[INFO] --- dspot-maven:1.1.1-SNAPSHOT:amplify-unit-tests (default-cli) @ joda-time ---
[DEBUG] Failure to find eu.stamp-project:dspot:1.1.1-SNAPSHOT/maven-metadata.xml in https://repo.gradle.org/gradle/libs-releases-local/ was cached in the local repository, resolution will not be reattempted until the update interval of gradle-repo has elapsed or updates are forced
[DEBUG] Skipped remote request for eu.stamp-project:dspot:1.1.1-SNAPSHOT/maven-metadata.xml, locally cached metadata up-to-date.
[DEBUG] Using transporter WagonTransporter with priority -1.0 for https://stamp-project.github.io/stamp-maven-repository/
[DEBUG] Using connector BasicRepositoryConnector with priority 0.0 for https://stamp-project.github.io/stamp-maven-repository/
Downloading from stamp-maven-repository-mvn-repo: https://stamp-project.github.io/stamp-maven-repository/eu/stamp-project/dspot/1.1.1-SNAPSHOT/maven-metadata.xml
[DEBUG] Writing tracking file /home/spirals/danglot/.m2/repository/eu/stamp-project/dspot/1.1.1-SNAPSHOT/resolver-status.properties
[DEBUG] Could not find metadata eu.stamp-project:dspot:1.1.1-SNAPSHOT/maven-metadata.xml in stamp-maven-repository-mvn-repo (https://stamp-project.github.io/stamp-maven-repository/)
[DEBUG] Skipped remote request for eu.stamp-project:dspot:1.1.1-SNAPSHOT/maven-metadata.xml, already updated during this session.
[DEBUG] Failure to find eu.stamp-project:dspot:1.1.1-SNAPSHOT/maven-metadata.xml in https://stamp-project.github.io/stamp-maven-repository/ was cached in the local repository, resolution will not be reattempted until the update interval of stamp-maven-repository-mvn-repo has elapsed or updates are forced
[DEBUG] Failure to find eu.stamp-project:dspot:1.1.1-SNAPSHOT/maven-metadata.xml in https://repo.gradle.org/gradle/libs-releases-local/ was cached in the local repository, resolution will not be reattempted until the update interval of gradle-repo has elapsed or updates are forced
[DEBUG] Skipped remote request for eu.stamp-project:dspot:1.1.1-SNAPSHOT/maven-metadata.xml, locally cached metadata up-to-date.
[DEBUG] Could not find metadata fr.inria.gforge.spoon:spoon-core:7.1.0-SNAPSHOT/maven-metadata.xml in local (/home/spirals/danglot/.m2/repository)
[DEBUG] Failure to find fr.inria.gforge.spoon:spoon-core:7.1.0-SNAPSHOT/maven-metadata.xml in https://repo.gradle.org/gradle/libs-releases-local/ was cached in the local repository, resolution will not be reattempted until the update interval of gradle-repo has elapsed or updates are forced
[DEBUG] Failure to find fr.inria.gforge.spoon:spoon-core:7.1.0-SNAPSHOT/maven-metadata.xml in https://oss.sonatype.org/content/repositories/snapshots was cached in the local repository, resolution will not be reattempted until the update interval of sonatype-nexus-snapshots has elapsed or updates are forced
[DEBUG] Skipped remote request for fr.inria.gforge.spoon:spoon-core:7.1.0-SNAPSHOT/maven-metadata.xml, locally cached metadata up-to-date.
[DEBUG] Using transporter WagonTransporter with priority -1.0 for https://stamp-project.github.io/stamp-maven-repository/
[DEBUG] Using connector BasicRepositoryConnector with priority 0.0 for https://stamp-project.github.io/stamp-maven-repository/
Downloading from stamp-maven-repository-mvn-repo: https://stamp-project.github.io/stamp-maven-repository/fr/inria/gforge/spoon/spoon-core/7.1.0-SNAPSHOT/maven-metadata.xml
[DEBUG] Writing tracking file /home/spirals/danglot/.m2/repository/fr/inria/gforge/spoon/spoon-core/7.1.0-SNAPSHOT/resolver-status.properties
[DEBUG] Could not find metadata fr.inria.gforge.spoon:spoon-core:7.1.0-SNAPSHOT/maven-metadata.xml in stamp-maven-repository-mvn-repo (https://stamp-project.github.io/stamp-maven-repository/)
[DEBUG] Could not find metadata fr.inria.gforge.spoon:spoon-core:7.1.0-SNAPSHOT/maven-metadata.xml in local (/home/spirals/danglot/.m2/repository)
[DEBUG] Skipped remote request for fr.inria.gforge.spoon:spoon-core:7.1.0-SNAPSHOT/maven-metadata.xml, already updated during this session.
[DEBUG] Failure to find fr.inria.gforge.spoon:spoon-core:7.1.0-SNAPSHOT/maven-metadata.xml in https://stamp-project.github.io/stamp-maven-repository/ was cached in the local repository, resolution will not be reattempted until the update interval of stamp-maven-repository-mvn-repo has elapsed or updates are forced
[DEBUG] Failure to find fr.inria.gforge.spoon:spoon-core:7.1.0-SNAPSHOT/maven-metadata.xml in https://repo.gradle.org/gradle/libs-releases-local/ was cached in the local repository, resolution will not be reattempted until the update interval of gradle-repo has elapsed or updates are forced
[DEBUG] Failure to find fr.inria.gforge.spoon:spoon-core:7.1.0-SNAPSHOT/maven-metadata.xml in https://oss.sonatype.org/content/repositories/snapshots was cached in the local repository, resolution will not be reattempted until the update interval of sonatype-nexus-snapshots has elapsed or updates are forced
[DEBUG] Skipped remote request for fr.inria.gforge.spoon:spoon-core:7.1.0-SNAPSHOT/maven-metadata.xml, locally cached metadata up-to-date.
[DEBUG] Could not find metadata org.eclipse.platform:org.eclipse.core.resources/maven-metadata.xml in local (/home/spirals/danglot/.m2/repository)
[DEBUG] Skipped remote request for org.eclipse.platform:org.eclipse.core.resources/maven-metadata.xml, locally cached metadata up-to-date.
[DEBUG] Failure to find org.eclipse.platform:org.eclipse.core.resources/maven-metadata.xml in https://repo.gradle.org/gradle/libs-releases-local/ was cached in the local repository, resolution will not be reattempted until the update interval of gradle-repo has elapsed or updates are forced
[DEBUG] Failure to find org.eclipse.platform:org.eclipse.core.resources/maven-metadata.xml in https://oss.sonatype.org/content/repositories/snapshots was cached in the local repository, resolution will not be reattempted until the update interval of sonatype-nexus-snapshots has elapsed or updates are forced
[DEBUG] Failure to find org.eclipse.platform:org.eclipse.core.resources/maven-metadata.xml in http://maven.inria.fr/artifactory/spoon-public-snapshot was cached in the local repository, resolution will not be reattempted until the update interval of maven.inria.fr-snapshot has elapsed or updates are forced
[DEBUG] Failure to find org.eclipse.platform:org.eclipse.core.resources/maven-metadata.xml in http://maven.inria.fr/artifactory/triskell-public-release was cached in the local repository, resolution will not be reattempted until the update interval of inria has elapsed or updates are forced
[DEBUG] Using transporter WagonTransporter with priority -1.0 for https://stamp-project.github.io/stamp-maven-repository/
[DEBUG] Using connector BasicRepositoryConnector with priority 0.0 for https://stamp-project.github.io/stamp-maven-repository/
Downloading from stamp-maven-repository-mvn-repo: https://stamp-project.github.io/stamp-maven-repository/org/eclipse/platform/org.eclipse.core.resources/maven-metadata.xml
[DEBUG] Writing tracking file /home/spirals/danglot/.m2/repository/org/eclipse/platform/org.eclipse.core.resources/resolver-status.properties
[DEBUG] Could not find metadata org.eclipse.platform:org.eclipse.core.resources/maven-metadata.xml in stamp-maven-repository-mvn-repo (https://stamp-project.github.io/stamp-maven-repository/)
[DEBUG] Could not find metadata org.eclipse.platform:org.eclipse.core.expressions/maven-metadata.xml in local (/home/spirals/danglot/.m2/repository)
[DEBUG] Skipped remote request for org.eclipse.platform:org.eclipse.core.expressions/maven-metadata.xml, locally cached metadata up-to-date.
[DEBUG] Failure to find org.eclipse.platform:org.eclipse.core.expressions/maven-metadata.xml in https://repo.gradle.org/gradle/libs-releases-local/ was cached in the local repository, resolution will not be reattempted until the update interval of gradle-repo has elapsed or updates are forced
[DEBUG] Failure to find org.eclipse.platform:org.eclipse.core.expressions/maven-metadata.xml in https://oss.sonatype.org/content/repositories/snapshots was cached in the local repository, resolution will not be reattempted until the update interval of sonatype-nexus-snapshots has elapsed or updates are forced
[DEBUG] Failure to find org.eclipse.platform:org.eclipse.core.expressions/maven-metadata.xml in http://maven.inria.fr/artifactory/spoon-public-snapshot was cached in the local repository, resolution will not be reattempted until the update interval of maven.inria.fr-snapshot has elapsed or updates are forced
[DEBUG] Failure to find org.eclipse.platform:org.eclipse.core.expressions/maven-metadata.xml in http://maven.inria.fr/artifactory/triskell-public-release was cached in the local repository, resolution will not be reattempted until the update interval of inria has elapsed or updates are forced
[DEBUG] Using transporter WagonTransporter with priority -1.0 for https://stamp-project.github.io/stamp-maven-repository/
[DEBUG] Using connector BasicRepositoryConnector with priority 0.0 for https://stamp-project.github.io/stamp-maven-repository/
Downloading from stamp-maven-repository-mvn-repo: https://stamp-project.github.io/stamp-maven-repository/org/eclipse/platform/org.eclipse.core.expressions/maven-metadata.xml
[DEBUG] Writing tracking file /home/spirals/danglot/.m2/repository/org/eclipse/platform/org.eclipse.core.expressions/resolver-status.properties
[DEBUG] Could not find metadata org.eclipse.platform:org.eclipse.core.expressions/maven-metadata.xml in stamp-maven-repository-mvn-repo (https://stamp-project.github.io/stamp-maven-repository/)
[DEBUG] Could not find metadata org.eclipse.platform:org.eclipse.core.runtime/maven-metadata.xml in local (/home/spirals/danglot/.m2/repository)
[DEBUG] Skipped remote request for org.eclipse.platform:org.eclipse.core.runtime/maven-metadata.xml, locally cached metadata up-to-date.
[DEBUG] Failure to find org.eclipse.platform:org.eclipse.core.runtime/maven-metadata.xml in https://repo.gradle.org/gradle/libs-releases-local/ was cached in the local repository, resolution will not be reattempted until the update interval of gradle-repo has elapsed or updates are forced
[DEBUG] Failure to find org.eclipse.platform:org.eclipse.core.runtime/maven-metadata.xml in https://oss.sonatype.org/content/repositories/snapshots was cached in the local repository, resolution will not be reattempted until the update interval of sonatype-nexus-snapshots has elapsed or updates are forced
[DEBUG] Failure to find org.eclipse.platform:org.eclipse.core.runtime/maven-metadata.xml in http://maven.inria.fr/artifactory/spoon-public-snapshot was cached in the local repository, resolution will not be reattempted until the update interval of maven.inria.fr-snapshot has elapsed or updates are forced
[DEBUG] Failure to find org.eclipse.platform:org.eclipse.core.runtime/maven-metadata.xml in http://maven.inria.fr/artifactory/triskell-public-release was cached in the local repository, resolution will not be reattempted until the update interval of inria has elapsed or updates are forced
[DEBUG] Using transporter WagonTransporter with priority -1.0 for https://stamp-project.github.io/stamp-maven-repository/
[DEBUG] Using connector BasicRepositoryConnector with priority 0.0 for https://stamp-project.github.io/stamp-maven-repository/
Downloading from stamp-maven-repository-mvn-repo: https://stamp-project.github.io/stamp-maven-repository/org/eclipse/platform/org.eclipse.core.runtime/maven-metadata.xml
[DEBUG] Writing tracking file /home/spirals/danglot/.m2/repository/org/eclipse/platform/org.eclipse.core.runtime/resolver-status.properties
[DEBUG] Could not find metadata org.eclipse.platform:org.eclipse.core.runtime/maven-metadata.xml in stamp-maven-repository-mvn-repo (https://stamp-project.github.io/stamp-maven-repository/)
[DEBUG] Could not find metadata org.eclipse.platform:org.eclipse.osgi/maven-metadata.xml in local (/home/spirals/danglot/.m2/repository)
[DEBUG] Skipped remote request for org.eclipse.platform:org.eclipse.osgi/maven-metadata.xml, locally cached metadata up-to-date.
[DEBUG] Failure to find org.eclipse.platform:org.eclipse.osgi/maven-metadata.xml in https://repo.gradle.org/gradle/libs-releases-local/ was cached in the local repository, resolution will not be reattempted until the update interval of gradle-repo has elapsed or updates are forced
[DEBUG] Failure to find org.eclipse.platform:org.eclipse.osgi/maven-metadata.xml in https://oss.sonatype.org/content/repositories/snapshots was cached in the local repository, resolution will not be reattempted until the update interval of sonatype-nexus-snapshots has elapsed or updates are forced
[DEBUG] Failure to find org.eclipse.platform:org.eclipse.osgi/maven-metadata.xml in http://maven.inria.fr/artifactory/spoon-public-snapshot was cached in the local repository, resolution will not be reattempted until the update interval of maven.inria.fr-snapshot has elapsed or updates are forced
[DEBUG] Failure to find org.eclipse.platform:org.eclipse.osgi/maven-metadata.xml in http://maven.inria.fr/artifactory/triskell-public-release was cached in the local repository, resolution will not be reattempted until the update interval of inria has elapsed or updates are forced
[DEBUG] Using transporter WagonTransporter with priority -1.0 for https://stamp-project.github.io/stamp-maven-repository/
[DEBUG] Using connector BasicRepositoryConnector with priority 0.0 for https://stamp-project.github.io/stamp-maven-repository/
Downloading from stamp-maven-repository-mvn-repo: https://stamp-project.github.io/stamp-maven-repository/org/eclipse/platform/org.eclipse.osgi/maven-metadata.xml
[DEBUG] Writing tracking file /home/spirals/danglot/.m2/repository/org/eclipse/platform/org.eclipse.osgi/resolver-status.properties
[DEBUG] Could not find metadata org.eclipse.platform:org.eclipse.osgi/maven-metadata.xml in stamp-maven-repository-mvn-repo (https://stamp-project.github.io/stamp-maven-repository/)
[DEBUG] Could not find metadata org.eclipse.platform:org.eclipse.equinox.common/maven-metadata.xml in local (/home/spirals/danglot/.m2/repository)
[DEBUG] Skipped remote request for org.eclipse.platform:org.eclipse.equinox.common/maven-metadata.xml, locally cached metadata up-to-date.
[DEBUG] Failure to find org.eclipse.platform:org.eclipse.equinox.common/maven-metadata.xml in https://repo.gradle.org/gradle/libs-releases-local/ was cached in the local repository, resolution will not be reattempted until the update interval of gradle-repo has elapsed or updates are forced
[DEBUG] Failure to find org.eclipse.platform:org.eclipse.equinox.common/maven-metadata.xml in https://oss.sonatype.org/content/repositories/snapshots was cached in the local repository, resolution will not be reattempted until the update interval of sonatype-nexus-snapshots has elapsed or updates are forced
[DEBUG] Failure to find org.eclipse.platform:org.eclipse.equinox.common/maven-metadata.xml in http://maven.inria.fr/artifactory/spoon-public-snapshot was cached in the local repository, resolution will not be reattempted until the update interval of maven.inria.fr-snapshot has elapsed or updates are forced
[DEBUG] Failure to find org.eclipse.platform:org.eclipse.equinox.common/maven-metadata.xml in http://maven.inria.fr/artifactory/triskell-public-release was cached in the local repository, resolution will not be reattempted until the update interval of inria has elapsed or updates are forced
[DEBUG] Using transporter WagonTransporter with priority -1.0 for https://stamp-project.github.io/stamp-maven-repository/
[DEBUG] Using connector BasicRepositoryConnector with priority 0.0 for https://stamp-project.github.io/stamp-maven-repository/
Downloading from stamp-maven-repository-mvn-repo: https://stamp-project.github.io/stamp-maven-repository/org/eclipse/platform/org.eclipse.equinox.common/maven-metadata.xml
[DEBUG] Writing tracking file /home/spirals/danglot/.m2/repository/org/eclipse/platform/org.eclipse.equinox.common/resolver-status.properties
[DEBUG] Could not find metadata org.eclipse.platform:org.eclipse.equinox.common/maven-metadata.xml in stamp-maven-repository-mvn-repo (https://stamp-project.github.io/stamp-maven-repository/)
[DEBUG] Could not find metadata org.eclipse.platform:org.eclipse.core.jobs/maven-metadata.xml in local (/home/spirals/danglot/.m2/repository)
[DEBUG] Skipped remote request for org.eclipse.platform:org.eclipse.core.jobs/maven-metadata.xml, locally cached metadata up-to-date.
[DEBUG] Failure to find org.eclipse.platform:org.eclipse.core.jobs/maven-metadata.xml in https://repo.gradle.org/gradle/libs-releases-local/ was cached in the local repository, resolution will not be reattempted until the update interval of gradle-repo has elapsed or updates are forced
[DEBUG] Failure to find org.eclipse.platform:org.eclipse.core.jobs/maven-metadata.xml in https://oss.sonatype.org/content/repositories/snapshots was cached in the local repository, resolution will not be reattempted until the update interval of sonatype-nexus-snapshots has elapsed or updates are forced
[DEBUG] Failure to find org.eclipse.platform:org.eclipse.core.jobs/maven-metadata.xml in http://maven.inria.fr/artifactory/spoon-public-snapshot was cached in the local repository, resolution will not be reattempted until the update interval of maven.inria.fr-snapshot has elapsed or updates are forced
[DEBUG] Failure to find org.eclipse.platform:org.eclipse.core.jobs/maven-metadata.xml in http://maven.inria.fr/artifactory/triskell-public-release was cached in the local repository, resolution will not be reattempted until the update interval of inria has elapsed or updates are forced
[DEBUG] Using transporter WagonTransporter with priority -1.0 for https://stamp-project.github.io/stamp-maven-repository/
[DEBUG] Using connector BasicRepositoryConnector with priority 0.0 for https://stamp-project.github.io/stamp-maven-repository/
Downloading from stamp-maven-repository-mvn-repo: https://stamp-project.github.io/stamp-maven-repository/org/eclipse/platform/org.eclipse.core.jobs/maven-metadata.xml
[DEBUG] Writing tracking file /home/spirals/danglot/.m2/repository/org/eclipse/platform/org.eclipse.core.jobs/resolver-status.properties
[DEBUG] Could not find metadata org.eclipse.platform:org.eclipse.core.jobs/maven-metadata.xml in stamp-maven-repository-mvn-repo (https://stamp-project.github.io/stamp-maven-repository/)
[DEBUG] Could not find metadata org.eclipse.platform:org.eclipse.equinox.registry/maven-metadata.xml in local (/home/spirals/danglot/.m2/repository)
[DEBUG] Skipped remote request for org.eclipse.platform:org.eclipse.equinox.registry/maven-metadata.xml, locally cached metadata up-to-date.
[DEBUG] Failure to find org.eclipse.platform:org.eclipse.equinox.registry/maven-metadata.xml in https://repo.gradle.org/gradle/libs-releases-local/ was cached in the local repository, resolution will not be reattempted until the update interval of gradle-repo has elapsed or updates are forced
[DEBUG] Failure to find org.eclipse.platform:org.eclipse.equinox.registry/maven-metadata.xml in https://oss.sonatype.org/content/repositories/snapshots was cached in the local repository, resolution will not be reattempted until the update interval of sonatype-nexus-snapshots has elapsed or updates are forced
[DEBUG] Failure to find org.eclipse.platform:org.eclipse.equinox.registry/maven-metadata.xml in http://maven.inria.fr/artifactory/spoon-public-snapshot was cached in the local repository, resolution will not be reattempted until the update interval of maven.inria.fr-snapshot has elapsed or updates are forced
[DEBUG] Failure to find org.eclipse.platform:org.eclipse.equinox.registry/maven-metadata.xml in http://maven.inria.fr/artifactory/triskell-public-release was cached in the local repository, resolution will not be reattempted until the update interval of inria has elapsed or updates are forced
[DEBUG] Using transporter WagonTransporter with priority -1.0 for https://stamp-project.github.io/stamp-maven-repository/
[DEBUG] Using connector BasicRepositoryConnector with priority 0.0 for https://stamp-project.github.io/stamp-maven-repository/
Downloading from stamp-maven-repository-mvn-repo: https://stamp-project.github.io/stamp-maven-repository/org/eclipse/platform/org.eclipse.equinox.registry/maven-metadata.xml
[DEBUG] Writing tracking file /home/spirals/danglot/.m2/repository/org/eclipse/platform/org.eclipse.equinox.registry/resolver-status.properties
[DEBUG] Could not find metadata org.eclipse.platform:org.eclipse.equinox.registry/maven-metadata.xml in stamp-maven-repository-mvn-repo (https://stamp-project.github.io/stamp-maven-repository/)
[DEBUG] Could not find metadata org.eclipse.platform:org.eclipse.equinox.common/maven-metadata.xml in local (/home/spirals/danglot/.m2/repository)
[DEBUG] Skipped remote request for org.eclipse.platform:org.eclipse.equinox.common/maven-metadata.xml, locally cached metadata up-to-date.
[DEBUG] Skipped remote request for org.eclipse.platform:org.eclipse.equinox.common/maven-metadata.xml, already updated during this session.
[DEBUG] Failure to find org.eclipse.platform:org.eclipse.equinox.common/maven-metadata.xml in https://stamp-project.github.io/stamp-maven-repository/ was cached in the local repository, resolution will not be reattempted until the update interval of stamp-maven-repository-mvn-repo has elapsed or updates are forced
[DEBUG] Failure to find org.eclipse.platform:org.eclipse.equinox.common/maven-metadata.xml in https://repo.gradle.org/gradle/libs-releases-local/ was cached in the local repository, resolution will not be reattempted until the update interval of gradle-repo has elapsed or updates are forced
[DEBUG] Failure to find org.eclipse.platform:org.eclipse.equinox.common/maven-metadata.xml in https://oss.sonatype.org/content/repositories/snapshots was cached in the local repository, resolution will not be reattempted until the update interval of sonatype-nexus-snapshots has elapsed or updates are forced
[DEBUG] Failure to find org.eclipse.platform:org.eclipse.equinox.common/maven-metadata.xml in http://maven.inria.fr/artifactory/spoon-public-snapshot was cached in the local repository, resolution will not be reattempted until the update interval of maven.inria.fr-snapshot has elapsed or updates are forced
[DEBUG] Failure to find org.eclipse.platform:org.eclipse.equinox.common/maven-metadata.xml in http://maven.inria.fr/artifactory/triskell-public-release was cached in the local repository, resolution will not be reattempted until the update interval of inria has elapsed or updates are forced
[DEBUG] Could not find metadata org.eclipse.platform:org.eclipse.equinox.preferences/maven-metadata.xml in local (/home/spirals/danglot/.m2/repository)
[DEBUG] Skipped remote request for org.eclipse.platform:org.eclipse.equinox.preferences/maven-metadata.xml, locally cached metadata up-to-date.
[DEBUG] Failure to find org.eclipse.platform:org.eclipse.equinox.preferences/maven-metadata.xml in https://repo.gradle.org/gradle/libs-releases-local/ was cached in the local repository, resolution will not be reattempted until the update interval of gradle-repo has elapsed or updates are forced
[DEBUG] Failure to find org.eclipse.platform:org.eclipse.equinox.preferences/maven-metadata.xml in https://oss.sonatype.org/content/repositories/snapshots was cached in the local repository, resolution will not be reattempted until the update interval of sonatype-nexus-snapshots has elapsed or updates are forced
[DEBUG] Failure to find org.eclipse.platform:org.eclipse.equinox.preferences/maven-metadata.xml in http://maven.inria.fr/artifactory/spoon-public-snapshot was cached in the local repository, resolution will not be reattempted until the update interval of maven.inria.fr-snapshot has elapsed or updates are forced
[DEBUG] Failure to find org.eclipse.platform:org.eclipse.equinox.preferences/maven-metadata.xml in http://maven.inria.fr/artifactory/triskell-public-release was cached in the local repository, resolution will not be reattempted until the update interval of inria has elapsed or updates are forced
[DEBUG] Using transporter WagonTransporter with priority -1.0 for https://stamp-project.github.io/stamp-maven-repository/
[DEBUG] Using connector BasicRepositoryConnector with priority 0.0 for https://stamp-project.github.io/stamp-maven-repository/
Downloading from stamp-maven-repository-mvn-repo: https://stamp-project.github.io/stamp-maven-repository/org/eclipse/platform/org.eclipse.equinox.preferences/maven-metadata.xml
[DEBUG] Writing tracking file /home/spirals/danglot/.m2/repository/org/eclipse/platform/org.eclipse.equinox.preferences/resolver-status.properties
[DEBUG] Could not find metadata org.eclipse.platform:org.eclipse.equinox.preferences/maven-metadata.xml in stamp-maven-repository-mvn-repo (https://stamp-project.github.io/stamp-maven-repository/)
[DEBUG] Could not find metadata org.eclipse.platform:org.eclipse.equinox.common/maven-metadata.xml in local (/home/spirals/danglot/.m2/repository)
[DEBUG] Skipped remote request for org.eclipse.platform:org.eclipse.equinox.common/maven-metadata.xml, locally cached metadata up-to-date.
[DEBUG] Skipped remote request for org.eclipse.platform:org.eclipse.equinox.common/maven-metadata.xml, already updated during this session.
[DEBUG] Failure to find org.eclipse.platform:org.eclipse.equinox.common/maven-metadata.xml in https://stamp-project.github.io/stamp-maven-repository/ was cached in the local repository, resolution will not be reattempted until the update interval of stamp-maven-repository-mvn-repo has elapsed or updates are forced
[DEBUG] Failure to find org.eclipse.platform:org.eclipse.equinox.common/maven-metadata.xml in https://repo.gradle.org/gradle/libs-releases-local/ was cached in the local repository, resolution will not be reattempted until the update interval of gradle-repo has elapsed or updates are forced
[DEBUG] Failure to find org.eclipse.platform:org.eclipse.equinox.common/maven-metadata.xml in https://oss.sonatype.org/content/repositories/snapshots was cached in the local repository, resolution will not be reattempted until the update interval of sonatype-nexus-snapshots has elapsed or updates are forced
[DEBUG] Failure to find org.eclipse.platform:org.eclipse.equinox.common/maven-metadata.xml in http://maven.inria.fr/artifactory/spoon-public-snapshot was cached in the local repository, resolution will not be reattempted until the update interval of maven.inria.fr-snapshot has elapsed or updates are forced
[DEBUG] Failure to find org.eclipse.platform:org.eclipse.equinox.common/maven-metadata.xml in http://maven.inria.fr/artifactory/triskell-public-release was cached in the local repository, resolution will not be reattempted until the update interval of inria has elapsed or updates are forced
[DEBUG] Could not find metadata org.eclipse.platform:org.eclipse.core.contenttype/maven-metadata.xml in local (/home/spirals/danglot/.m2/repository)
[DEBUG] Skipped remote request for org.eclipse.platform:org.eclipse.core.contenttype/maven-metadata.xml, locally cached metadata up-to-date.
[DEBUG] Failure to find org.eclipse.platform:org.eclipse.core.contenttype/maven-metadata.xml in https://repo.gradle.org/gradle/libs-releases-local/ was cached in the local repository, resolution will not be reattempted until the update interval of gradle-repo has elapsed or updates are forced
[DEBUG] Failure to find org.eclipse.platform:org.eclipse.core.contenttype/maven-metadata.xml in https://oss.sonatype.org/content/repositories/snapshots was cached in the local repository, resolution will not be reattempted until the update interval of sonatype-nexus-snapshots has elapsed or updates are forced
[DEBUG] Failure to find org.eclipse.platform:org.eclipse.core.contenttype/maven-metadata.xml in http://maven.inria.fr/artifactory/spoon-public-snapshot was cached in the local repository, resolution will not be reattempted until the update interval of maven.inria.fr-snapshot has elapsed or updates are forced
[DEBUG] Failure to find org.eclipse.platform:org.eclipse.core.contenttype/maven-metadata.xml in http://maven.inria.fr/artifactory/triskell-public-release was cached in the local repository, resolution will not be reattempted until the update interval of inria has elapsed or updates are forced
[DEBUG] Using transporter WagonTransporter with priority -1.0 for https://stamp-project.github.io/stamp-maven-repository/
[DEBUG] Using connector BasicRepositoryConnector with priority 0.0 for https://stamp-project.github.io/stamp-maven-repository/
Downloading from stamp-maven-repository-mvn-repo: https://stamp-project.github.io/stamp-maven-repository/org/eclipse/platform/org.eclipse.core.contenttype/maven-metadata.xml
[DEBUG] Writing tracking file /home/spirals/danglot/.m2/repository/org/eclipse/platform/org.eclipse.core.contenttype/resolver-status.properties
[DEBUG] Could not find metadata org.eclipse.platform:org.eclipse.core.contenttype/maven-metadata.xml in stamp-maven-repository-mvn-repo (https://stamp-project.github.io/stamp-maven-repository/)
[DEBUG] Could not find metadata org.eclipse.platform:org.eclipse.equinox.preferences/maven-metadata.xml in local (/home/spirals/danglot/.m2/repository)
[DEBUG] Skipped remote request for org.eclipse.platform:org.eclipse.equinox.preferences/maven-metadata.xml, locally cached metadata up-to-date.
[DEBUG] Skipped remote request for org.eclipse.platform:org.eclipse.equinox.preferences/maven-metadata.xml, already updated during this session.
[DEBUG] Failure to find org.eclipse.platform:org.eclipse.equinox.preferences/maven-metadata.xml in https://stamp-project.github.io/stamp-maven-repository/ was cached in the local repository, resolution will not be reattempted until the update interval of stamp-maven-repository-mvn-repo has elapsed or updates are forced
[DEBUG] Failure to find org.eclipse.platform:org.eclipse.equinox.preferences/maven-metadata.xml in https://repo.gradle.org/gradle/libs-releases-local/ was cached in the local repository, resolution will not be reattempted until the update interval of gradle-repo has elapsed or updates are forced
[DEBUG] Failure to find org.eclipse.platform:org.eclipse.equinox.preferences/maven-metadata.xml in https://oss.sonatype.org/content/repositories/snapshots was cached in the local repository, resolution will not be reattempted until the update interval of sonatype-nexus-snapshots has elapsed or updates are forced
[DEBUG] Failure to find org.eclipse.platform:org.eclipse.equinox.preferences/maven-metadata.xml in http://maven.inria.fr/artifactory/spoon-public-snapshot was cached in the local repository, resolution will not be reattempted until the update interval of maven.inria.fr-snapshot has elapsed or updates are forced
[DEBUG] Failure to find org.eclipse.platform:org.eclipse.equinox.preferences/maven-metadata.xml in http://maven.inria.fr/artifactory/triskell-public-release was cached in the local repository, resolution will not be reattempted until the update interval of inria has elapsed or updates are forced
[DEBUG] Could not find metadata org.eclipse.platform:org.eclipse.equinox.registry/maven-metadata.xml in local (/home/spirals/danglot/.m2/repository)
[DEBUG] Skipped remote request for org.eclipse.platform:org.eclipse.equinox.registry/maven-metadata.xml, locally cached metadata up-to-date.
[DEBUG] Skipped remote request for org.eclipse.platform:org.eclipse.equinox.registry/maven-metadata.xml, already updated during this session.
[DEBUG] Failure to find org.eclipse.platform:org.eclipse.equinox.registry/maven-metadata.xml in https://stamp-project.github.io/stamp-maven-repository/ was cached in the local repository, resolution will not be reattempted until the update interval of stamp-maven-repository-mvn-repo has elapsed or updates are forced
[DEBUG] Failure to find org.eclipse.platform:org.eclipse.equinox.registry/maven-metadata.xml in https://repo.gradle.org/gradle/libs-releases-local/ was cached in the local repository, resolution will not be reattempted until the update interval of gradle-repo has elapsed or updates are forced
[DEBUG] Failure to find org.eclipse.platform:org.eclipse.equinox.registry/maven-metadata.xml in https://oss.sonatype.org/content/repositories/snapshots was cached in the local repository, resolution will not be reattempted until the update interval of sonatype-nexus-snapshots has elapsed or updates are forced
[DEBUG] Failure to find org.eclipse.platform:org.eclipse.equinox.registry/maven-metadata.xml in http://maven.inria.fr/artifactory/spoon-public-snapshot was cached in the local repository, resolution will not be reattempted until the update interval of maven.inria.fr-snapshot has elapsed or updates are forced
[DEBUG] Failure to find org.eclipse.platform:org.eclipse.equinox.registry/maven-metadata.xml in http://maven.inria.fr/artifactory/triskell-public-release was cached in the local repository, resolution will not be reattempted until the update interval of inria has elapsed or updates are forced
[DEBUG] Could not find metadata org.eclipse.platform:org.eclipse.equinox.app/maven-metadata.xml in local (/home/spirals/danglot/.m2/repository)
[DEBUG] Skipped remote request for org.eclipse.platform:org.eclipse.equinox.app/maven-metadata.xml, locally cached metadata up-to-date.
[DEBUG] Failure to find org.eclipse.platform:org.eclipse.equinox.app/maven-metadata.xml in https://repo.gradle.org/gradle/libs-releases-local/ was cached in the local repository, resolution will not be reattempted until the update interval of gradle-repo has elapsed or updates are forced
[DEBUG] Failure to find org.eclipse.platform:org.eclipse.equinox.app/maven-metadata.xml in https://oss.sonatype.org/content/repositories/snapshots was cached in the local repository, resolution will not be reattempted until the update interval of sonatype-nexus-snapshots has elapsed or updates are forced
[DEBUG] Failure to find org.eclipse.platform:org.eclipse.equinox.app/maven-metadata.xml in http://maven.inria.fr/artifactory/spoon-public-snapshot was cached in the local repository, resolution will not be reattempted until the update interval of maven.inria.fr-snapshot has elapsed or updates are forced
[DEBUG] Failure to find org.eclipse.platform:org.eclipse.equinox.app/maven-metadata.xml in http://maven.inria.fr/artifactory/triskell-public-release was cached in the local repository, resolution will not be reattempted until the update interval of inria has elapsed or updates are forced
[DEBUG] Using transporter WagonTransporter with priority -1.0 for https://stamp-project.github.io/stamp-maven-repository/
[DEBUG] Using connector BasicRepositoryConnector with priority 0.0 for https://stamp-project.github.io/stamp-maven-repository/
Downloading from stamp-maven-repository-mvn-repo: https://stamp-project.github.io/stamp-maven-repository/org/eclipse/platform/org.eclipse.equinox.app/maven-metadata.xml
[DEBUG] Writing tracking file /home/spirals/danglot/.m2/repository/org/eclipse/platform/org.eclipse.equinox.app/resolver-status.properties
[DEBUG] Could not find metadata org.eclipse.platform:org.eclipse.equinox.app/maven-metadata.xml in stamp-maven-repository-mvn-repo (https://stamp-project.github.io/stamp-maven-repository/)
[DEBUG] Could not find metadata org.eclipse.platform:org.eclipse.equinox.registry/maven-metadata.xml in local (/home/spirals/danglot/.m2/repository)
[DEBUG] Skipped remote request for org.eclipse.platform:org.eclipse.equinox.registry/maven-metadata.xml, locally cached metadata up-to-date.
[DEBUG] Skipped remote request for org.eclipse.platform:org.eclipse.equinox.registry/maven-metadata.xml, already updated during this session.
[DEBUG] Failure to find org.eclipse.platform:org.eclipse.equinox.registry/maven-metadata.xml in https://stamp-project.github.io/stamp-maven-repository/ was cached in the local repository, resolution will not be reattempted until the update interval of stamp-maven-repository-mvn-repo has elapsed or updates are forced
[DEBUG] Failure to find org.eclipse.platform:org.eclipse.equinox.registry/maven-metadata.xml in https://repo.gradle.org/gradle/libs-releases-local/ was cached in the local repository, resolution will not be reattempted until the update interval of gradle-repo has elapsed or updates are forced
[DEBUG] Failure to find org.eclipse.platform:org.eclipse.equinox.registry/maven-metadata.xml in https://oss.sonatype.org/content/repositories/snapshots was cached in the local repository, resolution will not be reattempted until the update interval of sonatype-nexus-snapshots has elapsed or updates are forced
[DEBUG] Failure to find org.eclipse.platform:org.eclipse.equinox.registry/maven-metadata.xml in http://maven.inria.fr/artifactory/spoon-public-snapshot was cached in the local repository, resolution will not be reattempted until the update interval of maven.inria.fr-snapshot has elapsed or updates are forced
[DEBUG] Failure to find org.eclipse.platform:org.eclipse.equinox.registry/maven-metadata.xml in http://maven.inria.fr/artifactory/triskell-public-release was cached in the local repository, resolution will not be reattempted until the update interval of inria has elapsed or updates are forced
[DEBUG] Could not find metadata org.eclipse.platform:org.eclipse.osgi/maven-metadata.xml in local (/home/spirals/danglot/.m2/repository)
[DEBUG] Skipped remote request for org.eclipse.platform:org.eclipse.osgi/maven-metadata.xml, locally cached metadata up-to-date.
[DEBUG] Skipped remote request for org.eclipse.platform:org.eclipse.osgi/maven-metadata.xml, already updated during this session.
[DEBUG] Failure to find org.eclipse.platform:org.eclipse.osgi/maven-metadata.xml in https://stamp-project.github.io/stamp-maven-repository/ was cached in the local repository, resolution will not be reattempted until the update interval of stamp-maven-repository-mvn-repo has elapsed or updates are forced
[DEBUG] Failure to find org.eclipse.platform:org.eclipse.osgi/maven-metadata.xml in https://repo.gradle.org/gradle/libs-releases-local/ was cached in the local repository, resolution will not be reattempted until the update interval of gradle-repo has elapsed or updates are forced
[DEBUG] Failure to find org.eclipse.platform:org.eclipse.osgi/maven-metadata.xml in https://oss.sonatype.org/content/repositories/snapshots was cached in the local repository, resolution will not be reattempted until the update interval of sonatype-nexus-snapshots has elapsed or updates are forced
[DEBUG] Failure to find org.eclipse.platform:org.eclipse.osgi/maven-metadata.xml in http://maven.inria.fr/artifactory/spoon-public-snapshot was cached in the local repository, resolution will not be reattempted until the update interval of maven.inria.fr-snapshot has elapsed or updates are forced
[DEBUG] Failure to find org.eclipse.platform:org.eclipse.osgi/maven-metadata.xml in http://maven.inria.fr/artifactory/triskell-public-release was cached in the local repository, resolution will not be reattempted until the update interval of inria has elapsed or updates are forced
[DEBUG] Could not find metadata org.eclipse.platform:org.eclipse.equinox.common/maven-metadata.xml in local (/home/spirals/danglot/.m2/repository)
[DEBUG] Skipped remote request for org.eclipse.platform:org.eclipse.equinox.common/maven-metadata.xml, locally cached metadata up-to-date.
[DEBUG] Skipped remote request for org.eclipse.platform:org.eclipse.equinox.common/maven-metadata.xml, already updated during this session.
[DEBUG] Failure to find org.eclipse.platform:org.eclipse.equinox.common/maven-metadata.xml in https://stamp-project.github.io/stamp-maven-repository/ was cached in the local repository, resolution will not be reattempted until the update interval of stamp-maven-repository-mvn-repo has elapsed or updates are forced
[DEBUG] Failure to find org.eclipse.platform:org.eclipse.equinox.common/maven-metadata.xml in https://repo.gradle.org/gradle/libs-releases-local/ was cached in the local repository, resolution will not be reattempted until the update interval of gradle-repo has elapsed or updates are forced
[DEBUG] Failure to find org.eclipse.platform:org.eclipse.equinox.common/maven-metadata.xml in https://oss.sonatype.org/content/repositories/snapshots was cached in the local repository, resolution will not be reattempted until the update interval of sonatype-nexus-snapshots has elapsed or updates are forced
[DEBUG] Failure to find org.eclipse.platform:org.eclipse.equinox.common/maven-metadata.xml in http://maven.inria.fr/artifactory/spoon-public-snapshot was cached in the local repository, resolution will not be reattempted until the update interval of maven.inria.fr-snapshot has elapsed or updates are forced
[DEBUG] Failure to find org.eclipse.platform:org.eclipse.equinox.common/maven-metadata.xml in http://maven.inria.fr/artifactory/triskell-public-release was cached in the local repository, resolution will not be reattempted until the update interval of inria has elapsed or updates are forced
[DEBUG] Could not find metadata org.eclipse.platform:org.eclipse.core.jobs/maven-metadata.xml in local (/home/spirals/danglot/.m2/repository)
[DEBUG] Skipped remote request for org.eclipse.platform:org.eclipse.core.jobs/maven-metadata.xml, locally cached metadata up-to-date.
[DEBUG] Skipped remote request for org.eclipse.platform:org.eclipse.core.jobs/maven-metadata.xml, already updated during this session.
[DEBUG] Failure to find org.eclipse.platform:org.eclipse.core.jobs/maven-metadata.xml in https://stamp-project.github.io/stamp-maven-repository/ was cached in the local repository, resolution will not be reattempted until the update interval of stamp-maven-repository-mvn-repo has elapsed or updates are forced
[DEBUG] Failure to find org.eclipse.platform:org.eclipse.core.jobs/maven-metadata.xml in https://repo.gradle.org/gradle/libs-releases-local/ was cached in the local repository, resolution will not be reattempted until the update interval of gradle-repo has elapsed or updates are forced
[DEBUG] Failure to find org.eclipse.platform:org.eclipse.core.jobs/maven-metadata.xml in https://oss.sonatype.org/content/repositories/snapshots was cached in the local repository, resolution will not be reattempted until the update interval of sonatype-nexus-snapshots has elapsed or updates are forced
[DEBUG] Failure to find org.eclipse.platform:org.eclipse.core.jobs/maven-metadata.xml in http://maven.inria.fr/artifactory/spoon-public-snapshot was cached in the local repository, resolution will not be reattempted until the update interval of maven.inria.fr-snapshot has elapsed or updates are forced
[DEBUG] Failure to find org.eclipse.platform:org.eclipse.core.jobs/maven-metadata.xml in http://maven.inria.fr/artifactory/triskell-public-release was cached in the local repository, resolution will not be reattempted until the update interval of inria has elapsed or updates are forced
[DEBUG] Could not find metadata org.eclipse.platform:org.eclipse.equinox.preferences/maven-metadata.xml in local (/home/spirals/danglot/.m2/repository)
[DEBUG] Skipped remote request for org.eclipse.platform:org.eclipse.equinox.preferences/maven-metadata.xml, locally cached metadata up-to-date.
[DEBUG] Skipped remote request for org.eclipse.platform:org.eclipse.equinox.preferences/maven-metadata.xml, already updated during this session.
[DEBUG] Failure to find org.eclipse.platform:org.eclipse.equinox.preferences/maven-metadata.xml in https://stamp-project.github.io/stamp-maven-repository/ was cached in the local repository, resolution will not be reattempted until the update interval of stamp-maven-repository-mvn-repo has elapsed or updates are forced
[DEBUG] Failure to find org.eclipse.platform:org.eclipse.equinox.preferences/maven-metadata.xml in https://repo.gradle.org/gradle/libs-releases-local/ was cached in the local repository, resolution will not be reattempted until the update interval of gradle-repo has elapsed or updates are forced
[DEBUG] Failure to find org.eclipse.platform:org.eclipse.equinox.preferences/maven-metadata.xml in https://oss.sonatype.org/content/repositories/snapshots was cached in the local repository, resolution will not be reattempted until the update interval of sonatype-nexus-snapshots has elapsed or updates are forced
[DEBUG] Failure to find org.eclipse.platform:org.eclipse.equinox.preferences/maven-metadata.xml in http://maven.inria.fr/artifactory/spoon-public-snapshot was cached in the local repository, resolution will not be reattempted until the update interval of maven.inria.fr-snapshot has elapsed or updates are forced
[DEBUG] Failure to find org.eclipse.platform:org.eclipse.equinox.preferences/maven-metadata.xml in http://maven.inria.fr/artifactory/triskell-public-release was cached in the local repository, resolution will not be reattempted until the update interval of inria has elapsed or updates are forced
[DEBUG] Could not find metadata org.eclipse.platform:org.eclipse.core.contenttype/maven-metadata.xml in local (/home/spirals/danglot/.m2/repository)
[DEBUG] Skipped remote request for org.eclipse.platform:org.eclipse.core.contenttype/maven-metadata.xml, locally cached metadata up-to-date.
[DEBUG] Skipped remote request for org.eclipse.platform:org.eclipse.core.contenttype/maven-metadata.xml, already updated during this session.
[DEBUG] Failure to find org.eclipse.platform:org.eclipse.core.contenttype/maven-metadata.xml in https://stamp-project.github.io/stamp-maven-repository/ was cached in the local repository, resolution will not be reattempted until the update interval of stamp-maven-repository-mvn-repo has elapsed or updates are forced
[DEBUG] Failure to find org.eclipse.platform:org.eclipse.core.contenttype/maven-metadata.xml in https://repo.gradle.org/gradle/libs-releases-local/ was cached in the local repository, resolution will not be reattempted until the update interval of gradle-repo has elapsed or updates are forced
[DEBUG] Failure to find org.eclipse.platform:org.eclipse.core.contenttype/maven-metadata.xml in https://oss.sonatype.org/content/repositories/snapshots was cached in the local repository, resolution will not be reattempted until the update interval of sonatype-nexus-snapshots has elapsed or updates are forced
[DEBUG] Failure to find org.eclipse.platform:org.eclipse.core.contenttype/maven-metadata.xml in http://maven.inria.fr/artifactory/spoon-public-snapshot was cached in the local repository, resolution will not be reattempted until the update interval of maven.inria.fr-snapshot has elapsed or updates are forced
[DEBUG] Failure to find org.eclipse.platform:org.eclipse.core.contenttype/maven-metadata.xml in http://maven.inria.fr/artifactory/triskell-public-release was cached in the local repository, resolution will not be reattempted until the update interval of inria has elapsed or updates are forced
[DEBUG] Could not find metadata org.eclipse.platform:org.eclipse.equinox.app/maven-metadata.xml in local (/home/spirals/danglot/.m2/repository)
[DEBUG] Skipped remote request for org.eclipse.platform:org.eclipse.equinox.app/maven-metadata.xml, locally cached metadata up-to-date.
[DEBUG] Skipped remote request for org.eclipse.platform:org.eclipse.equinox.app/maven-metadata.xml, already updated during this session.
[DEBUG] Failure to find org.eclipse.platform:org.eclipse.equinox.app/maven-metadata.xml in https://stamp-project.github.io/stamp-maven-repository/ was cached in the local repository, resolution will not be reattempted until the update interval of stamp-maven-repository-mvn-repo has elapsed or updates are forced
[DEBUG] Failure to find org.eclipse.platform:org.eclipse.equinox.app/maven-metadata.xml in https://repo.gradle.org/gradle/libs-releases-local/ was cached in the local repository, resolution will not be reattempted until the update interval of gradle-repo has elapsed or updates are forced
[DEBUG] Failure to find org.eclipse.platform:org.eclipse.equinox.app/maven-metadata.xml in https://oss.sonatype.org/content/repositories/snapshots was cached in the local repository, resolution will not be reattempted until the update interval of sonatype-nexus-snapshots has elapsed or updates are forced
[DEBUG] Failure to find org.eclipse.platform:org.eclipse.equinox.app/maven-metadata.xml in http://maven.inria.fr/artifactory/spoon-public-snapshot was cached in the local repository, resolution will not be reattempted until the update interval of maven.inria.fr-snapshot has elapsed or updates are forced
[DEBUG] Failure to find org.eclipse.platform:org.eclipse.equinox.app/maven-metadata.xml in http://maven.inria.fr/artifactory/triskell-public-release was cached in the local repository, resolution will not be reattempted until the update interval of inria has elapsed or updates are forced
[DEBUG] Could not find metadata org.eclipse.platform:org.eclipse.core.filesystem/maven-metadata.xml in local (/home/spirals/danglot/.m2/repository)
[DEBUG] Skipped remote request for org.eclipse.platform:org.eclipse.core.filesystem/maven-metadata.xml, locally cached metadata up-to-date.
[DEBUG] Failure to find org.eclipse.platform:org.eclipse.core.filesystem/maven-metadata.xml in https://repo.gradle.org/gradle/libs-releases-local/ was cached in the local repository, resolution will not be reattempted until the update interval of gradle-repo has elapsed or updates are forced
[DEBUG] Failure to find org.eclipse.platform:org.eclipse.core.filesystem/maven-metadata.xml in https://oss.sonatype.org/content/repositories/snapshots was cached in the local repository, resolution will not be reattempted until the update interval of sonatype-nexus-snapshots has elapsed or updates are forced
[DEBUG] Failure to find org.eclipse.platform:org.eclipse.core.filesystem/maven-metadata.xml in http://maven.inria.fr/artifactory/spoon-public-snapshot was cached in the local repository, resolution will not be reattempted until the update interval of maven.inria.fr-snapshot has elapsed or updates are forced
[DEBUG] Failure to find org.eclipse.platform:org.eclipse.core.filesystem/maven-metadata.xml in http://maven.inria.fr/artifactory/triskell-public-release was cached in the local repository, resolution will not be reattempted until the update interval of inria has elapsed or updates are forced
[DEBUG] Using transporter WagonTransporter with priority -1.0 for https://stamp-project.github.io/stamp-maven-repository/
[DEBUG] Using connector BasicRepositoryConnector with priority 0.0 for https://stamp-project.github.io/stamp-maven-repository/
Downloading from stamp-maven-repository-mvn-repo: https://stamp-project.github.io/stamp-maven-repository/org/eclipse/platform/org.eclipse.core.filesystem/maven-metadata.xml
[DEBUG] Writing tracking file /home/spirals/danglot/.m2/repository/org/eclipse/platform/org.eclipse.core.filesystem/resolver-status.properties
[DEBUG] Could not find metadata org.eclipse.platform:org.eclipse.core.filesystem/maven-metadata.xml in stamp-maven-repository-mvn-repo (https://stamp-project.github.io/stamp-maven-repository/)
[DEBUG] Could not find metadata org.eclipse.platform:org.eclipse.osgi/maven-metadata.xml in local (/home/spirals/danglot/.m2/repository)
[DEBUG] Skipped remote request for org.eclipse.platform:org.eclipse.osgi/maven-metadata.xml, locally cached metadata up-to-date.
[DEBUG] Skipped remote request for org.eclipse.platform:org.eclipse.osgi/maven-metadata.xml, already updated during this session.
[DEBUG] Failure to find org.eclipse.platform:org.eclipse.osgi/maven-metadata.xml in https://stamp-project.github.io/stamp-maven-repository/ was cached in the local repository, resolution will not be reattempted until the update interval of stamp-maven-repository-mvn-repo has elapsed or updates are forced
[DEBUG] Failure to find org.eclipse.platform:org.eclipse.osgi/maven-metadata.xml in https://repo.gradle.org/gradle/libs-releases-local/ was cached in the local repository, resolution will not be reattempted until the update interval of gradle-repo has elapsed or updates are forced
[DEBUG] Failure to find org.eclipse.platform:org.eclipse.osgi/maven-metadata.xml in https://oss.sonatype.org/content/repositories/snapshots was cached in the local repository, resolution will not be reattempted until the update interval of sonatype-nexus-snapshots has elapsed or updates are forced
[DEBUG] Failure to find org.eclipse.platform:org.eclipse.osgi/maven-metadata.xml in http://maven.inria.fr/artifactory/spoon-public-snapshot was cached in the local repository, resolution will not be reattempted until the update interval of maven.inria.fr-snapshot has elapsed or updates are forced
[DEBUG] Failure to find org.eclipse.platform:org.eclipse.osgi/maven-metadata.xml in http://maven.inria.fr/artifactory/triskell-public-release was cached in the local repository, resolution will not be reattempted until the update interval of inria has elapsed or updates are forced
[DEBUG] Could not find metadata org.eclipse.platform:org.eclipse.core.runtime/maven-metadata.xml in local (/home/spirals/danglot/.m2/repository)
[DEBUG] Skipped remote request for org.eclipse.platform:org.eclipse.core.runtime/maven-metadata.xml, locally cached metadata up-to-date.
[DEBUG] Skipped remote request for org.eclipse.platform:org.eclipse.core.runtime/maven-metadata.xml, already updated during this session.
[DEBUG] Failure to find org.eclipse.platform:org.eclipse.core.runtime/maven-metadata.xml in https://stamp-project.github.io/stamp-maven-repository/ was cached in the local repository, resolution will not be reattempted until the update interval of stamp-maven-repository-mvn-repo has elapsed or updates are forced
[DEBUG] Failure to find org.eclipse.platform:org.eclipse.core.runtime/maven-metadata.xml in https://repo.gradle.org/gradle/libs-releases-local/ was cached in the local repository, resolution will not be reattempted until the update interval of gradle-repo has elapsed or updates are forced
[DEBUG] Failure to find org.eclipse.platform:org.eclipse.core.runtime/maven-metadata.xml in https://oss.sonatype.org/content/repositories/snapshots was cached in the local repository, resolution will not be reattempted until the update interval of sonatype-nexus-snapshots has elapsed or updates are forced
[DEBUG] Failure to find org.eclipse.platform:org.eclipse.core.runtime/maven-metadata.xml in http://maven.inria.fr/artifactory/spoon-public-snapshot was cached in the local repository, resolution will not be reattempted until the update interval of maven.inria.fr-snapshot has elapsed or updates are forced
[DEBUG] Failure to find org.eclipse.platform:org.eclipse.core.runtime/maven-metadata.xml in http://maven.inria.fr/artifactory/triskell-public-release was cached in the local repository, resolution will not be reattempted until the update interval of inria has elapsed or updates are forced
[DEBUG] Could not find metadata org.eclipse.platform:org.eclipse.core.runtime/maven-metadata.xml in local (/home/spirals/danglot/.m2/repository)
[DEBUG] Skipped remote request for org.eclipse.platform:org.eclipse.core.runtime/maven-metadata.xml, locally cached metadata up-to-date.
[DEBUG] Skipped remote request for org.eclipse.platform:org.eclipse.core.runtime/maven-metadata.xml, already updated during this session.
[DEBUG] Failure to find org.eclipse.platform:org.eclipse.core.runtime/maven-metadata.xml in https://stamp-project.github.io/stamp-maven-repository/ was cached in the local repository, resolution will not be reattempted until the update interval of stamp-maven-repository-mvn-repo has elapsed or updates are forced
[DEBUG] Failure to find org.eclipse.platform:org.eclipse.core.runtime/maven-metadata.xml in https://repo.gradle.org/gradle/libs-releases-local/ was cached in the local repository, resolution will not be reattempted until the update interval of gradle-repo has elapsed or updates are forced
[DEBUG] Failure to find org.eclipse.platform:org.eclipse.core.runtime/maven-metadata.xml in https://oss.sonatype.org/content/repositories/snapshots was cached in the local repository, resolution will not be reattempted until the update interval of sonatype-nexus-snapshots has elapsed or updates are forced
[DEBUG] Failure to find org.eclipse.platform:org.eclipse.core.runtime/maven-metadata.xml in http://maven.inria.fr/artifactory/spoon-public-snapshot was cached in the local repository, resolution will not be reattempted until the update interval of maven.inria.fr-snapshot has elapsed or updates are forced
[DEBUG] Failure to find org.eclipse.platform:org.eclipse.core.runtime/maven-metadata.xml in http://maven.inria.fr/artifactory/triskell-public-release was cached in the local repository, resolution will not be reattempted until the update interval of inria has elapsed or updates are forced
[DEBUG] Could not find metadata org.eclipse.platform:org.eclipse.core.filesystem/maven-metadata.xml in local (/home/spirals/danglot/.m2/repository)
[DEBUG] Skipped remote request for org.eclipse.platform:org.eclipse.core.filesystem/maven-metadata.xml, locally cached metadata up-to-date.
[DEBUG] Skipped remote request for org.eclipse.platform:org.eclipse.core.filesystem/maven-metadata.xml, already updated during this session.
[DEBUG] Failure to find org.eclipse.platform:org.eclipse.core.filesystem/maven-metadata.xml in https://stamp-project.github.io/stamp-maven-repository/ was cached in the local repository, resolution will not be reattempted until the update interval of stamp-maven-repository-mvn-repo has elapsed or updates are forced
[DEBUG] Failure to find org.eclipse.platform:org.eclipse.core.filesystem/maven-metadata.xml in https://repo.gradle.org/gradle/libs-releases-local/ was cached in the local repository, resolution will not be reattempted until the update interval of gradle-repo has elapsed or updates are forced
[DEBUG] Failure to find org.eclipse.platform:org.eclipse.core.filesystem/maven-metadata.xml in https://oss.sonatype.org/content/repositories/snapshots was cached in the local repository, resolution will not be reattempted until the update interval of sonatype-nexus-snapshots has elapsed or updates are forced
[DEBUG] Failure to find org.eclipse.platform:org.eclipse.core.filesystem/maven-metadata.xml in http://maven.inria.fr/artifactory/spoon-public-snapshot was cached in the local repository, resolution will not be reattempted until the update interval of maven.inria.fr-snapshot has elapsed or updates are forced
[DEBUG] Failure to find org.eclipse.platform:org.eclipse.core.filesystem/maven-metadata.xml in http://maven.inria.fr/artifactory/triskell-public-release was cached in the local repository, resolution will not be reattempted until the update interval of inria has elapsed or updates are forced
[DEBUG] Could not find metadata org.eclipse.platform:org.eclipse.text/maven-metadata.xml in local (/home/spirals/danglot/.m2/repository)
[DEBUG] Skipped remote request for org.eclipse.platform:org.eclipse.text/maven-metadata.xml, locally cached metadata up-to-date.
[DEBUG] Failure to find org.eclipse.platform:org.eclipse.text/maven-metadata.xml in https://repo.gradle.org/gradle/libs-releases-local/ was cached in the local repository, resolution will not be reattempted until the update interval of gradle-repo has elapsed or updates are forced
[DEBUG] Failure to find org.eclipse.platform:org.eclipse.text/maven-metadata.xml in https://oss.sonatype.org/content/repositories/snapshots was cached in the local repository, resolution will not be reattempted until the update interval of sonatype-nexus-snapshots has elapsed or updates are forced
[DEBUG] Failure to find org.eclipse.platform:org.eclipse.text/maven-metadata.xml in http://maven.inria.fr/artifactory/spoon-public-snapshot was cached in the local repository, resolution will not be reattempted until the update interval of maven.inria.fr-snapshot has elapsed or updates are forced
[DEBUG] Failure to find org.eclipse.platform:org.eclipse.text/maven-metadata.xml in http://maven.inria.fr/artifactory/triskell-public-release was cached in the local repository, resolution will not be reattempted until the update interval of inria has elapsed or updates are forced
[DEBUG] Using transporter WagonTransporter with priority -1.0 for https://stamp-project.github.io/stamp-maven-repository/
[DEBUG] Using connector BasicRepositoryConnector with priority 0.0 for https://stamp-project.github.io/stamp-maven-repository/
Downloading from stamp-maven-repository-mvn-repo: https://stamp-project.github.io/stamp-maven-repository/org/eclipse/platform/org.eclipse.text/maven-metadata.xml
[DEBUG] Writing tracking file /home/spirals/danglot/.m2/repository/org/eclipse/platform/org.eclipse.text/resolver-status.properties
[DEBUG] Could not find metadata org.eclipse.platform:org.eclipse.text/maven-metadata.xml in stamp-maven-repository-mvn-repo (https://stamp-project.github.io/stamp-maven-repository/)
[DEBUG] Could not find metadata org.eclipse.platform:org.eclipse.core.commands/maven-metadata.xml in local (/home/spirals/danglot/.m2/repository)
[DEBUG] Skipped remote request for org.eclipse.platform:org.eclipse.core.commands/maven-metadata.xml, locally cached metadata up-to-date.
[DEBUG] Failure to find org.eclipse.platform:org.eclipse.core.commands/maven-metadata.xml in https://repo.gradle.org/gradle/libs-releases-local/ was cached in the local repository, resolution will not be reattempted until the update interval of gradle-repo has elapsed or updates are forced
[DEBUG] Failure to find org.eclipse.platform:org.eclipse.core.commands/maven-metadata.xml in https://oss.sonatype.org/content/repositories/snapshots was cached in the local repository, resolution will not be reattempted until the update interval of sonatype-nexus-snapshots has elapsed or updates are forced
[DEBUG] Failure to find org.eclipse.platform:org.eclipse.core.commands/maven-metadata.xml in http://maven.inria.fr/artifactory/spoon-public-snapshot was cached in the local repository, resolution will not be reattempted until the update interval of maven.inria.fr-snapshot has elapsed or updates are forced
[DEBUG] Failure to find org.eclipse.platform:org.eclipse.core.commands/maven-metadata.xml in http://maven.inria.fr/artifactory/triskell-public-release was cached in the local repository, resolution will not be reattempted until the update interval of inria has elapsed or updates are forced
[DEBUG] Using transporter WagonTransporter with priority -1.0 for https://stamp-project.github.io/stamp-maven-repository/
[DEBUG] Using connector BasicRepositoryConnector with priority 0.0 for https://stamp-project.github.io/stamp-maven-repository/
Downloading from stamp-maven-repository-mvn-repo: https://stamp-project.github.io/stamp-maven-repository/org/eclipse/platform/org.eclipse.core.commands/maven-metadata.xml
[DEBUG] Writing tracking file /home/spirals/danglot/.m2/repository/org/eclipse/platform/org.eclipse.core.commands/resolver-status.properties
[DEBUG] Could not find metadata org.eclipse.platform:org.eclipse.core.commands/maven-metadata.xml in stamp-maven-repository-mvn-repo (https://stamp-project.github.io/stamp-maven-repository/)
[DEBUG] Could not find metadata org.eclipse.platform:org.eclipse.equinox.common/maven-metadata.xml in local (/home/spirals/danglot/.m2/repository)
[DEBUG] Skipped remote request for org.eclipse.platform:org.eclipse.equinox.common/maven-metadata.xml, locally cached metadata up-to-date.
[DEBUG] Skipped remote request for org.eclipse.platform:org.eclipse.equinox.common/maven-metadata.xml, already updated during this session.
[DEBUG] Failure to find org.eclipse.platform:org.eclipse.equinox.common/maven-metadata.xml in https://stamp-project.github.io/stamp-maven-repository/ was cached in the local repository, resolution will not be reattempted until the update interval of stamp-maven-repository-mvn-repo has elapsed or updates are forced
[DEBUG] Failure to find org.eclipse.platform:org.eclipse.equinox.common/maven-metadata.xml in https://repo.gradle.org/gradle/libs-releases-local/ was cached in the local repository, resolution will not be reattempted until the update interval of gradle-repo has elapsed or updates are forced
[DEBUG] Failure to find org.eclipse.platform:org.eclipse.equinox.common/maven-metadata.xml in https://oss.sonatype.org/content/repositories/snapshots was cached in the local repository, resolution will not be reattempted until the update interval of sonatype-nexus-snapshots has elapsed or updates are forced
[DEBUG] Failure to find org.eclipse.platform:org.eclipse.equinox.common/maven-metadata.xml in http://maven.inria.fr/artifactory/spoon-public-snapshot was cached in the local repository, resolution will not be reattempted until the update interval of maven.inria.fr-snapshot has elapsed or updates are forced
[DEBUG] Failure to find org.eclipse.platform:org.eclipse.equinox.common/maven-metadata.xml in http://maven.inria.fr/artifactory/triskell-public-release was cached in the local repository, resolution will not be reattempted until the update interval of inria has elapsed or updates are forced
[DEBUG] Could not find metadata org.eclipse.platform:org.eclipse.core.runtime/maven-metadata.xml in local (/home/spirals/danglot/.m2/repository)
[DEBUG] Skipped remote request for org.eclipse.platform:org.eclipse.core.runtime/maven-metadata.xml, locally cached metadata up-to-date.
[DEBUG] Skipped remote request for org.eclipse.platform:org.eclipse.core.runtime/maven-metadata.xml, already updated during this session.
[DEBUG] Failure to find org.eclipse.platform:org.eclipse.core.runtime/maven-metadata.xml in https://stamp-project.github.io/stamp-maven-repository/ was cached in the local repository, resolution will not be reattempted until the update interval of stamp-maven-repository-mvn-repo has elapsed or updates are forced
[DEBUG] Failure to find org.eclipse.platform:org.eclipse.core.runtime/maven-metadata.xml in https://repo.gradle.org/gradle/libs-releases-local/ was cached in the local repository, resolution will not be reattempted until the update interval of gradle-repo has elapsed or updates are forced
[DEBUG] Failure to find org.eclipse.platform:org.eclipse.core.runtime/maven-metadata.xml in https://oss.sonatype.org/content/repositories/snapshots was cached in the local repository, resolution will not be reattempted until the update interval of sonatype-nexus-snapshots has elapsed or updates are forced
[DEBUG] Failure to find org.eclipse.platform:org.eclipse.core.runtime/maven-metadata.xml in http://maven.inria.fr/artifactory/spoon-public-snapshot was cached in the local repository, resolution will not be reattempted until the update interval of maven.inria.fr-snapshot has elapsed or updates are forced
[DEBUG] Failure to find org.eclipse.platform:org.eclipse.core.runtime/maven-metadata.xml in http://maven.inria.fr/artifactory/triskell-public-release was cached in the local repository, resolution will not be reattempted until the update interval of inria has elapsed or updates are forced
[DEBUG] Dependency collection stats: {ConflictMarker.analyzeTime=3611424, ConflictMarker.markTime=782343, ConflictMarker.nodeCount=672, ConflictIdSorter.graphTime=2576749, ConflictIdSorter.topsortTime=137464, ConflictIdSorter.conflictIdCount=98, ConflictIdSorter.conflictIdCycleCount=0, ConflictResolver.totalTime=12532420, ConflictResolver.conflictItemCount=307, DefaultDependencyCollector.collectTime=5130381482, DefaultDependencyCollector.transformTime=19813061}
[DEBUG] eu.stamp-project:dspot-maven:jar:1.1.1-SNAPSHOT:
[DEBUG]    eu.stamp-project:dspot:jar:1.1.1-SNAPSHOT:compile
[DEBUG]       fr.inria.gforge.spoon:spoon-core:jar:7.1.0-SNAPSHOT:compile
[DEBUG]          org.eclipse.jdt:org.eclipse.jdt.core:jar:3.13.102:compile
[DEBUG]             org.eclipse.platform:org.eclipse.core.resources:jar:3.13.100:compile
[DEBUG]                org.eclipse.platform:org.eclipse.core.expressions:jar:3.6.200:compile
[DEBUG]             org.eclipse.platform:org.eclipse.core.runtime:jar:3.15.0:compile
[DEBUG]                org.eclipse.platform:org.eclipse.osgi:jar:3.13.100:compile
[DEBUG]                org.eclipse.platform:org.eclipse.equinox.common:jar:3.10.100:compile
[DEBUG]                org.eclipse.platform:org.eclipse.core.jobs:jar:3.10.100:compile
[DEBUG]                org.eclipse.platform:org.eclipse.equinox.registry:jar:3.8.100:compile
[DEBUG]                org.eclipse.platform:org.eclipse.equinox.preferences:jar:3.7.200:compile
[DEBUG]                org.eclipse.platform:org.eclipse.core.contenttype:jar:3.7.100:compile
[DEBUG]                org.eclipse.platform:org.eclipse.equinox.app:jar:1.3.600:compile
[DEBUG]             org.eclipse.platform:org.eclipse.core.filesystem:jar:1.7.200:compile
[DEBUG]             org.eclipse.platform:org.eclipse.text:jar:3.7.0:compile
[DEBUG]                org.eclipse.platform:org.eclipse.core.commands:jar:3.9.200:compile
[DEBUG]          com.martiansoftware:jsap:jar:2.1:compile
[DEBUG]          log4j:log4j:jar:1.2.17:compile
[DEBUG]          com.fasterxml.jackson.core:jackson-databind:jar:2.9.2:compile
[DEBUG]             com.fasterxml.jackson.core:jackson-annotations:jar:2.9.0:compile
[DEBUG]             com.fasterxml.jackson.core:jackson-core:jar:2.9.2:compile
[DEBUG]          org.benf:cfr:jar:0.132.0:compile
[DEBUG]       junit:junit:jar:4.12:compile
[DEBUG]          org.hamcrest:hamcrest-core:jar:1.3:compile
[DEBUG]       com.google.code.gson:gson:jar:2.8.0:compile
[DEBUG]       org.apache.maven.shared:maven-invoker:jar:3.0.0:compile
[DEBUG]       org.slf4j:slf4j-api:jar:1.7.25:compile
[DEBUG]       org.slf4j:slf4j-log4j12:jar:1.7.25:compile
[DEBUG]       org.jacoco:org.jacoco.core:jar:0.7.9:compile
[DEBUG]          org.ow2.asm:asm-debug-all:jar:5.2:compile
[DEBUG]       eu.stamp-project:descartes:jar:1.1:compile
[DEBUG]          org.pitest:pitest:jar:1.2.0:compile
[DEBUG]          org.pitest:pitest-entry:jar:1.2.0:compile
[DEBUG]             com.thoughtworks.xstream:xstream:jar:1.4.8:compile
[DEBUG]                xmlpull:xmlpull:jar:1.1.3.1:compile
[DEBUG]                xpp3:xpp3_min:jar:1.1.4c:compile
[DEBUG]       org.gradle:gradle-tooling-api:jar:4.0.1:compile
[DEBUG]       org.mockito:mockito-core:jar:2.10.0:compile
[DEBUG]          net.bytebuddy:byte-buddy:jar:1.7.4:runtime
[DEBUG]          net.bytebuddy:byte-buddy-agent:jar:1.7.4:runtime
[DEBUG]          org.objenesis:objenesis:jar:2.6:runtime
[DEBUG]       eu.stamp-project:test-runner:jar:jar-with-dependencies:1.1.0:compile
[DEBUG]       org.openclover:clover:jar:4.2.1:compile
[DEBUG]       fr.inria.gforge.spoon.labs:gumtree-spoon-ast-diff:jar:1.3:compile
[DEBUG]          com.github.gumtreediff:core:jar:2.0.0:compile
[DEBUG]             com.github.mpkorstanje:simmetrics-core:jar:3.0.3:compile
[DEBUG]                commons-codec:commons-codec:jar:1.10:compile
[DEBUG]             net.sf.trove4j:trove4j:jar:3.0.3:compile
[DEBUG]    org.apache.maven:maven-plugin-api:jar:3.5.0:compile
[DEBUG]       org.apache.maven:maven-artifact:jar:3.5.0:compile
[DEBUG]       org.eclipse.sisu:org.eclipse.sisu.plexus:jar:0.3.3:compile
[DEBUG]          javax.enterprise:cdi-api:jar:1.0:compile
[DEBUG]             javax.annotation:jsr250-api:jar:1.0:compile
[DEBUG]          org.eclipse.sisu:org.eclipse.sisu.inject:jar:0.3.3:compile
[DEBUG]    org.apache.maven.plugin-testing:maven-plugin-testing-harness:jar:3.3.0:compile
[DEBUG]       commons-io:commons-io:jar:2.2:compile
[DEBUG]       org.codehaus.plexus:plexus-archiver:jar:2.2:compile
[DEBUG]          org.codehaus.plexus:plexus-io:jar:2.0.4:compile
[DEBUG]    org.apache.maven:maven-compat:jar:3.5.0:compile
[DEBUG]       org.apache.maven:maven-model-builder:jar:3.5.0:compile
[DEBUG]          org.apache.maven:maven-builder-support:jar:3.5.0:compile
[DEBUG]          com.google.guava:guava:jar:20.0:compile
[DEBUG]       org.apache.maven:maven-settings:jar:3.5.0:compile
[DEBUG]       org.apache.maven:maven-resolver-provider:jar:3.5.0:compile
[DEBUG]       org.apache.maven.resolver:maven-resolver-api:jar:1.0.3:compile
[DEBUG]       org.apache.maven.resolver:maven-resolver-util:jar:1.0.3:compile
[DEBUG]       org.apache.maven.resolver:maven-resolver-impl:jar:1.0.3:compile
[DEBUG]       org.codehaus.plexus:plexus-utils:jar:3.0.24:compile
[DEBUG]       org.codehaus.plexus:plexus-interpolation:jar:1.24:compile
[DEBUG]       org.codehaus.plexus:plexus-component-annotations:jar:1.7.1:compile
[DEBUG]       org.apache.maven.wagon:wagon-provider-api:jar:2.12:compile
[DEBUG]    org.apache.maven:maven-core:jar:3.5.0:compile
[DEBUG]       org.apache.maven:maven-settings-builder:jar:3.5.0:compile
[DEBUG]       org.apache.maven:maven-repository-metadata:jar:3.5.0:compile
[DEBUG]       org.apache.maven.resolver:maven-resolver-spi:jar:1.0.3:compile
[DEBUG]       org.apache.maven.shared:maven-shared-utils:jar:3.1.0:compile
[DEBUG]       com.google.inject:guice:jar:no_aop:4.0:compile
[DEBUG]          javax.inject:javax.inject:jar:1:compile
[DEBUG]          aopalliance:aopalliance:jar:1.0:compile
[DEBUG]       org.codehaus.plexus:plexus-classworlds:jar:2.5.2:compile
[DEBUG]       org.sonatype.plexus:plexus-sec-dispatcher:jar:1.4:compile
[DEBUG]          org.sonatype.plexus:plexus-cipher:jar:1.4:compile
[DEBUG]       org.apache.commons:commons-lang3:jar:3.5:compile
[DEBUG]    org.apache.maven:maven-model:jar:3.5.0:compile
[DEBUG]    org.apache.maven:maven-aether-provider:jar:3.3.9:compile
[DEBUG]       org.eclipse.aether:aether-api:jar:1.0.2.v20150114:compile
[DEBUG]       org.eclipse.aether:aether-spi:jar:1.0.2.v20150114:compile
[DEBUG]       org.eclipse.aether:aether-util:jar:1.0.2.v20150114:compile
[DEBUG]       org.eclipse.aether:aether-impl:jar:1.0.2.v20150114:compile
[DEBUG]    org.apache.maven:maven-project:jar:2.2.1:compile
[DEBUG]       org.apache.maven:maven-profile:jar:2.2.1:compile
[DEBUG]       org.apache.maven:maven-artifact-manager:jar:2.2.1:compile
[DEBUG]          backport-util-concurrent:backport-util-concurrent:jar:3.1:compile
[DEBUG]       org.apache.maven:maven-plugin-registry:jar:2.2.1:compile
[DEBUG]       org.codehaus.plexus:plexus-container-default:jar:1.0-alpha-9-stable-1:compile
[DEBUG]          classworlds:classworlds:jar:1.1-alpha-2:compile
[DEBUG] Created new class realm plugin>eu.stamp-project:dspot-maven:1.1.1-SNAPSHOT
[DEBUG] Importing foreign packages into class realm plugin>eu.stamp-project:dspot-maven:1.1.1-SNAPSHOT
[DEBUG]   Imported:  < maven.api
[DEBUG] Populating class realm plugin>eu.stamp-project:dspot-maven:1.1.1-SNAPSHOT
[DEBUG]   Included: eu.stamp-project:dspot-maven:jar:1.1.1-SNAPSHOT
[DEBUG]   Included: eu.stamp-project:dspot:jar:1.1.1-SNAPSHOT
[DEBUG]   Included: fr.inria.gforge.spoon:spoon-core:jar:7.1.0-SNAPSHOT
[DEBUG]   Included: org.eclipse.jdt:org.eclipse.jdt.core:jar:3.13.102
[DEBUG]   Included: org.eclipse.platform:org.eclipse.core.resources:jar:3.13.100
[DEBUG]   Included: org.eclipse.platform:org.eclipse.core.expressions:jar:3.6.200
[DEBUG]   Included: org.eclipse.platform:org.eclipse.core.runtime:jar:3.15.0
[DEBUG]   Included: org.eclipse.platform:org.eclipse.osgi:jar:3.13.100
[DEBUG]   Included: org.eclipse.platform:org.eclipse.equinox.common:jar:3.10.100
[DEBUG]   Included: org.eclipse.platform:org.eclipse.core.jobs:jar:3.10.100
[DEBUG]   Included: org.eclipse.platform:org.eclipse.equinox.registry:jar:3.8.100
[DEBUG]   Included: org.eclipse.platform:org.eclipse.equinox.preferences:jar:3.7.200
[DEBUG]   Included: org.eclipse.platform:org.eclipse.core.contenttype:jar:3.7.100
[DEBUG]   Included: org.eclipse.platform:org.eclipse.equinox.app:jar:1.3.600
[DEBUG]   Included: org.eclipse.platform:org.eclipse.core.filesystem:jar:1.7.200
[DEBUG]   Included: org.eclipse.platform:org.eclipse.text:jar:3.7.0
[DEBUG]   Included: org.eclipse.platform:org.eclipse.core.commands:jar:3.9.200
[DEBUG]   Included: com.martiansoftware:jsap:jar:2.1
[DEBUG]   Included: log4j:log4j:jar:1.2.17
[DEBUG]   Included: com.fasterxml.jackson.core:jackson-databind:jar:2.9.2
[DEBUG]   Included: com.fasterxml.jackson.core:jackson-annotations:jar:2.9.0
[DEBUG]   Included: com.fasterxml.jackson.core:jackson-core:jar:2.9.2
[DEBUG]   Included: org.benf:cfr:jar:0.132.0
[DEBUG]   Included: junit:junit:jar:4.12
[DEBUG]   Included: org.hamcrest:hamcrest-core:jar:1.3
[DEBUG]   Included: com.google.code.gson:gson:jar:2.8.0
[DEBUG]   Included: org.apache.maven.shared:maven-invoker:jar:3.0.0
[DEBUG]   Included: org.slf4j:slf4j-log4j12:jar:1.7.25
[DEBUG]   Included: org.jacoco:org.jacoco.core:jar:0.7.9
[DEBUG]   Included: org.ow2.asm:asm-debug-all:jar:5.2
[DEBUG]   Included: eu.stamp-project:descartes:jar:1.1
[DEBUG]   Included: org.pitest:pitest:jar:1.2.0
[DEBUG]   Included: org.pitest:pitest-entry:jar:1.2.0
[DEBUG]   Included: com.thoughtworks.xstream:xstream:jar:1.4.8
[DEBUG]   Included: xmlpull:xmlpull:jar:1.1.3.1
[DEBUG]   Included: xpp3:xpp3_min:jar:1.1.4c
[DEBUG]   Included: org.gradle:gradle-tooling-api:jar:4.0.1
[DEBUG]   Included: org.mockito:mockito-core:jar:2.10.0
[DEBUG]   Included: net.bytebuddy:byte-buddy:jar:1.7.4
[DEBUG]   Included: net.bytebuddy:byte-buddy-agent:jar:1.7.4
[DEBUG]   Included: org.objenesis:objenesis:jar:2.6
[DEBUG]   Included: eu.stamp-project:test-runner:jar:jar-with-dependencies:1.1.0
[DEBUG]   Included: org.openclover:clover:jar:4.2.1
[DEBUG]   Included: fr.inria.gforge.spoon.labs:gumtree-spoon-ast-diff:jar:1.3
[DEBUG]   Included: com.github.gumtreediff:core:jar:2.0.0
[DEBUG]   Included: com.github.mpkorstanje:simmetrics-core:jar:3.0.3
[DEBUG]   Included: commons-codec:commons-codec:jar:1.10
[DEBUG]   Included: net.sf.trove4j:trove4j:jar:3.0.3
[DEBUG]   Included: javax.enterprise:cdi-api:jar:1.0
[DEBUG]   Included: org.eclipse.sisu:org.eclipse.sisu.inject:jar:0.3.3
[DEBUG]   Included: org.apache.maven.plugin-testing:maven-plugin-testing-harness:jar:3.3.0
[DEBUG]   Included: commons-io:commons-io:jar:2.2
[DEBUG]   Included: org.codehaus.plexus:plexus-archiver:jar:2.2
[DEBUG]   Included: org.codehaus.plexus:plexus-io:jar:2.0.4
[DEBUG]   Included: org.apache.maven:maven-builder-support:jar:3.5.0
[DEBUG]   Included: com.google.guava:guava:jar:20.0
[DEBUG]   Included: org.apache.maven.resolver:maven-resolver-util:jar:1.0.3
[DEBUG]   Included: org.codehaus.plexus:plexus-utils:jar:3.0.24
[DEBUG]   Included: org.codehaus.plexus:plexus-interpolation:jar:1.24
[DEBUG]   Included: org.codehaus.plexus:plexus-component-annotations:jar:1.7.1
[DEBUG]   Included: org.apache.maven.shared:maven-shared-utils:jar:3.1.0
[DEBUG]   Included: com.google.inject:guice:jar:no_aop:4.0
[DEBUG]   Included: aopalliance:aopalliance:jar:1.0
[DEBUG]   Included: org.sonatype.plexus:plexus-sec-dispatcher:jar:1.4
[DEBUG]   Included: org.sonatype.plexus:plexus-cipher:jar:1.4
[DEBUG]   Included: org.apache.commons:commons-lang3:jar:3.5
[DEBUG]   Included: org.eclipse.aether:aether-util:jar:1.0.2.v20150114
[DEBUG]   Included: backport-util-concurrent:backport-util-concurrent:jar:3.1
[DEBUG] Configuring mojo eu.stamp-project:dspot-maven:1.1.1-SNAPSHOT:amplify-unit-tests from plugin realm ClassRealm[plugin>eu.stamp-project:dspot-maven:1.1.1-SNAPSHOT, parent: sun.misc.Launcher$AppClassLoader@55f96302]
[DEBUG] Configuring mojo 'eu.stamp-project:dspot-maven:1.1.1-SNAPSHOT:amplify-unit-tests' with basic configurator -->
[DEBUG]   (f) amplifiers = [TestDataMutator, MethodAdd, MethodRemove, MethodGeneratorAmplifier, ReturnValueAmplifier, NullifierAmplifier]
[DEBUG]   (f) automaticBuilder = MavenBuilder
[DEBUG]   (f) budgetizer = SimpleBudgetizer
[DEBUG]   (f) cases = []
[DEBUG]   (f) clean = true
[DEBUG]   (f) descartes = false
[DEBUG]   (f) example = false
[DEBUG]   (f) generateNewTestClass = true
[DEBUG]   (f) help = false
[DEBUG]   (f) iteration = 3
[DEBUG]   (f) maxTestAmplified = 200
[DEBUG]   (f) noMinimize = false
[DEBUG]   (f) outputPath = /tmp/icst-2019/september-2018/result/joda-time/commit_8_0b06056/input_amplification
[DEBUG]   (f) pathToSecondVersion = /tmp/icst-2019/september-2018/dataset/joda-time
[DEBUG]   (f) pathToTestListCsv = /tmp/icst-2019/september-2018/result/joda-time/commit_8_0b06056/testsThatExecuteTheChanges.csv
[DEBUG]   (f) project = MavenProject: joda-time:joda-time:2.9.9 @ /tmp/icst-2019/september-2018/dataset/joda-time_parent/pom.xml
[DEBUG]   (f) randomSeed = 23
[DEBUG]   (f) test = [all]
[DEBUG]   (f) testCriterion = ChangeDetectorSelector
[DEBUG]   (f) timeOut = 10000
[DEBUG]   (f) useMavenToExeTest = false
[DEBUG]   (f) verbose = true
[DEBUG]   (f) withComment = false
[DEBUG]   (f) workingDirectory = false
[DEBUG] -- end configuration --
[INFO] Path to runner Classes: /home/spirals/danglot/.m2/repository/eu/stamp-project/test-runner/1.1.0/test-runner-1.1.0-jar-with-dependencies.jar
[INFO] /home/spirals/danglot/.m2/repository/org/jacoco/org.jacoco.core/0.7.9/org.jacoco.core-0.7.9.jar
[INFO] /home/spirals/danglot/.m2/repository/org/ow2/asm/asm-debug-all/5.2/asm-debug-all-5.2.jar
[INFO] /home/spirals/danglot/.m2/repository/eu/stamp-project/test-runner/1.1.0/test-runner-1.1.0-jar-with-dependencies.jar
[WARNING] automaticBuilderName: unknown automatic builder specified in configuration, going to default.
[INFO] Default: provided Maven automatic builder.
[INFO] Using /home/spirals/danglot/apache-maven-3.5.4 for maven home
[INFO] run maven: {}/bin/mvn /home/spirals/danglot/apache-maven-3.5.4
[WARN] Maven will be executed in interactive mode, but no input stream has been configured for this MavenInvoker instance.
[INFO] Scanning for projects...
[WARNING] The project joda-time:joda-time:jar:2.9.9 uses prerequisites which is only intended for maven-plugin projects but not for non maven-plugin projects. For such purposes you should use the maven-enforcer-plugin. See https://maven.apache.org/enforcer/enforcer-rules/requireMavenVersion.html
[INFO] 
[INFO] ------------------------< joda-time:joda-time >-------------------------
[INFO] Building Joda-Time 2.9.9
[INFO] --------------------------------[ jar ]---------------------------------
[INFO] 
[INFO] --- maven-clean-plugin:2.6.1:clean (default-clean) @ joda-time ---
[INFO] Deleting /tmp/icst-2019/september-2018/dataset/joda-time_parent/target
[INFO] 
[INFO] --- maven-resources-plugin:2.7:resources (default-resources) @ joda-time ---
[INFO] Using 'UTF-8' encoding to copy filtered resources.
[INFO] Copying 2 resources to META-INF
[INFO] Copying 15 resources
[INFO] 
[INFO] --- maven-compiler-plugin:3.3:compile (default-compile) @ joda-time ---
[INFO] Changes detected - recompiling the module!
[INFO] Compiling 166 source files to /tmp/icst-2019/september-2018/dataset/joda-time_parent/target/classes
[INFO] 
[INFO] --- exec-maven-plugin:1.4.0:java (compile-tzdb) @ joda-time ---
Writing zoneinfo files
Writing ZoneInfoMap
[INFO] 
[INFO] --- maven-resources-plugin:2.7:testResources (default-testResources) @ joda-time ---
[INFO] Using 'UTF-8' encoding to copy filtered resources.
[INFO] Copying 35 resources
[INFO] 
[INFO] --- maven-compiler-plugin:3.3:testCompile (default-testCompile) @ joda-time ---
[INFO] Changes detected - recompiling the module!
[INFO] Compiling 158 source files to /tmp/icst-2019/september-2018/dataset/joda-time_parent/target/test-classes
[INFO] 
[INFO] --- maven-surefire-plugin:2.18.1:test (default-test) @ joda-time ---
[INFO] Tests are skipped.
[INFO] 
[INFO] --- maven-dependency-plugin:2.10:build-classpath (default-cli) @ joda-time ---
[INFO] Wrote classpath file '/tmp/icst-2019/september-2018/dataset/joda-time_parent/target/dspot/classpath'.
[INFO] ------------------------------------------------------------------------
[INFO] BUILD SUCCESS
[INFO] ------------------------------------------------------------------------
[INFO] Total time: 16.277 s
[INFO] Finished at: 2018-09-29T04:42:03+02:00
[INFO] ------------------------------------------------------------------------
[INFO] Using /home/spirals/danglot/apache-maven-3.5.4 for maven home
[INFO] run maven: {}/bin/mvn /home/spirals/danglot/apache-maven-3.5.4
[WARN] Maven will be executed in interactive mode, but no input stream has been configured for this MavenInvoker instance.
[INFO] Scanning for projects...
[WARNING] The project joda-time:joda-time:jar:2.9.9 uses prerequisites which is only intended for maven-plugin projects but not for non maven-plugin projects. For such purposes you should use the maven-enforcer-plugin. See https://maven.apache.org/enforcer/enforcer-rules/requireMavenVersion.html
[INFO] 
[INFO] ------------------------< joda-time:joda-time >-------------------------
[INFO] Building Joda-Time 2.9.9
[INFO] --------------------------------[ jar ]---------------------------------
[INFO] 
[INFO] --- maven-clean-plugin:2.6.1:clean (default-clean) @ joda-time ---
[INFO] Deleting /tmp/icst-2019/september-2018/dataset/joda-time/target
[INFO] 
[INFO] --- maven-resources-plugin:2.7:resources (default-resources) @ joda-time ---
[INFO] Using 'UTF-8' encoding to copy filtered resources.
[INFO] Copying 2 resources to META-INF
[INFO] Copying 15 resources
[INFO] 
[INFO] --- maven-compiler-plugin:3.3:compile (default-compile) @ joda-time ---
[INFO] Changes detected - recompiling the module!
[INFO] Compiling 166 source files to /tmp/icst-2019/september-2018/dataset/joda-time/target/classes
[INFO] 
[INFO] --- exec-maven-plugin:1.4.0:java (compile-tzdb) @ joda-time ---
Writing zoneinfo files
Writing ZoneInfoMap
[INFO] 
[INFO] --- maven-resources-plugin:2.7:testResources (default-testResources) @ joda-time ---
[INFO] Using 'UTF-8' encoding to copy filtered resources.
[INFO] Copying 35 resources
[INFO] 
[INFO] --- maven-compiler-plugin:3.3:testCompile (default-testCompile) @ joda-time ---
[INFO] Changes detected - recompiling the module!
[INFO] Compiling 158 source files to /tmp/icst-2019/september-2018/dataset/joda-time/target/test-classes
[INFO] 
[INFO] --- maven-surefire-plugin:2.18.1:test (default-test) @ joda-time ---
[INFO] Tests are skipped.
[INFO] 
[INFO] --- maven-dependency-plugin:2.10:build-classpath (default-cli) @ joda-time ---
[INFO] Wrote classpath file '/tmp/icst-2019/september-2018/dataset/joda-time/target/dspot/classpath'.
[INFO] ------------------------------------------------------------------------
[INFO] BUILD SUCCESS
[INFO] ------------------------------------------------------------------------
[INFO] Total time: 16.107 s
[INFO] Finished at: 2018-09-29T04:42:29+02:00
[INFO] ------------------------------------------------------------------------
[INFO] Amplification of org.joda.time.tz.TestCompiler (1 test(s))
[INFO] Assertion amplification of org.joda.time.tz.TestCompiler (1 test(s))
[ERROR] Error(s) during compilation:
[ERROR] Pb(130) The constructor Object(String) is undefined
[ERROR] Error(s) during compilation:
[ERROR] Pb(130) The constructor Object(String) is undefined
[ERROR] Error(s) during compilation:
[ERROR] Pb(130) The constructor Object(String) is undefined
[ERROR] Error(s) during compilation:
[ERROR] Pb(130) The constructor Object(String) is undefined
[WARNING] Trying three time to compile with no success. Give up.
[INFO] Run: java -classpath /tmp/icst-2019/september-2018/dataset/joda-time_parent/target/test-classes:/tmp/icst-2019/september-2018/dataset/joda-time_parent/target/classes/:/home/spirals/danglot/.m2/repository/junit/junit/4.12/junit-4.12.jar:/home/spirals/danglot/.m2/repository/org/joda/joda-convert/1.2/joda-convert-1.2.jar:/home/spirals/danglot/.m2/repository/junit/junit/3.8.2/junit-3.8.2.jar:/tmp/icst-2019/september-2018/dataset/joda-time_parent/target/dspot/dependencies/:/home/spirals/danglot/.m2/repository/eu/stamp-project/test-runner/1.1.0/test-runner-1.1.0-jar-with-dependencies.jar eu.stamp_project.testrunner.runner.test.TestRunner org.joda.time.tz.TestCompiler testCompile
File saved to the following path: /tmp/icst-2019/september-2018/dataset/joda-time_parent/target/dspot/TestListener.ser
Loading /tmp/icst-2019/september-2018/dataset/joda-time_parent/target/dspot/TestListener.ser
[INFO] Test has been run: initializationError(org.junit.runner.manipulation.Filter): No tests found matching Filter test methods according their simple name: [testCompile] from org.junit.internal.requests.ClassRequest@b81eda8
[INFO] 0 amplified test methods has been selected to be kept. (global: 0)
[INFO] Applying Input-amplification and Assertion-amplification test by test.
[INFO] Amplification of testCompile, (1/1)
[INFO] iteration 0 / 3
[INFO] 1 tests selected to be amplified over 1 available tests
[INFO] Amplification of inputs...
100% |================================================== ]/
[INFO] 23 new tests generated
[INFO] Run tests. (23)
[ERROR] Error(s) during compilation:
[ERROR] Pb(130) The constructor Object(String) is undefined
[ERROR] Error(s) during compilation:
[ERROR] Pb(130) The constructor Object(String) is undefined
[ERROR] Error(s) during compilation:
[ERROR] Pb(130) The constructor Object(String) is undefined
[ERROR] Error(s) during compilation:
[ERROR] Pb(130) The constructor Object(String) is undefined
[WARNING] Trying three time to compile with no success. Give up.
[INFO] Run: java -classpath /tmp/icst-2019/september-2018/dataset/joda-time_parent/target/test-classes:/tmp/icst-2019/september-2018/dataset/joda-time_parent/target/classes/:/home/spirals/danglot/.m2/repository/junit/junit/4.12/junit-4.12.jar:/home/spirals/danglot/.m2/repository/org/joda/joda-convert/1.2/joda-convert-1.2.jar:/home/spirals/danglot/.m2/repository/junit/junit/3.8.2/junit-3.8.2.jar:/tmp/icst-2019/september-2018/dataset/joda-time_parent/target/dspot/dependencies/:/home/spirals/danglot/.m2/repository/eu/stamp-project/test-runner/1.1.0/test-runner-1.1.0-jar-with-dependencies.jar eu.stamp_project.testrunner.runner.test.TestRunner org.joda.time.tz.TestCompiler testCompile_literalMutationString1:testCompile_literalMutationString2:testCompile_literalMutationString3:testCompile_literalMutationString4:testCompile_literalMutationString5:testCompile_literalMutationString6:testCompile_add7:testCompile_add8:testCompile_add9:testCompile_add10:testCompile_mg11:testCompile_mg12:testCompile_mg13:testCompile_mg14:testCompile_mg15:testCompile_mg16:testCompile_mg17:testCompile_mg18:testCompile_mg19:testCompile_mg20:testCompile_mg21:testCompile_mg22:testCompilenull23
File saved to the following path: /tmp/icst-2019/september-2018/dataset/joda-time_parent/target/dspot/TestListener.ser
Loading /tmp/icst-2019/september-2018/dataset/joda-time_parent/target/dspot/TestListener.ser
[INFO] Test has been run: initializationError(org.junit.runner.manipulation.Filter): No tests found matching Filter test methods according their simple name: [testCompile_literalMutationString1, testCompile_literalMutationString2, testCompile_literalMutationString3, testCompile_literalMutationString4, testCompile_literalMutationString5, testCompile_literalMutationString6, testCompile_add7, testCompile_add8, testCompile_add9, testCompile_add10, testCompile_mg11, testCompile_mg12, testCompile_mg13, testCompile_mg14, testCompile_mg15, testCompile_mg16, testCompile_mg17, testCompile_mg18, testCompile_mg19, testCompile_mg20, testCompile_mg21, testCompile_mg22, testCompilenull23] from org.junit.internal.requests.ClassRequest@b81eda8
[INFO] 1 test fail, generating try/catch/fail blocks...
[INFO] Could not generate any test with assertions
[INFO] iteration 1 / 3
[INFO] 23 tests selected to be amplified over 23 available tests
[INFO] Amplification of inputs...
 65% |============================================= ]\ 13% |============================================= ]\ 30% |============================================= ]\ 91% |============================================= ]/ 34% |============================================= ]|100% |================================================== ]\
 21% |========== ]/ 73% |==================================== ]/ 95% |=============================================== ]- 69% |=============================================== ]| 26% |=============================================== ]- 17% |=============================================== ]| 43% |=============================================== ]-  8% |=============================================== ]- 82% |=============================================== ]\ 47% |=============================================== ]\ 56% |=============================================== ]/  4% |=============================================== ]/ 60% |=============================================== ]- 39% |=============================================== ]/ 52% |=============================================== ]| 78% |=============================================== ]- 86% |=============================================== ]|[INFO] 610 new tests generated
[WARNING] Too many tests have been generated: 610
[INFO] Number of generated test reduced to 200
[INFO] Run tests. (200)
[ERROR] Error(s) during compilation:
[ERROR] Pb(130) The constructor Object(String) is undefined
[ERROR] Error(s) during compilation:
[ERROR] Pb(130) The constructor Object(String) is undefined
[ERROR] Error(s) during compilation:
[ERROR] Pb(130) The constructor Object(String) is undefined
[ERROR] Error(s) during compilation:
[ERROR] Pb(130) The constructor Object(String) is undefined
[WARNING] Trying three time to compile with no success. Give up.
[INFO] Run: java -classpath /tmp/icst-2019/september-2018/dataset/joda-time_parent/target/test-classes:/tmp/icst-2019/september-2018/dataset/joda-time_parent/target/classes/:/home/spirals/danglot/.m2/repository/junit/junit/4.12/junit-4.12.jar:/home/spirals/danglot/.m2/repository/org/joda/joda-convert/1.2/joda-convert-1.2.jar:/home/spirals/danglot/.m2/repository/junit/junit/3.8.2/junit-3.8.2.jar:/tmp/icst-2019/september-2018/dataset/joda-time_parent/target/dspot/dependencies/:/home/spirals/danglot/.m2/repository/eu/stamp-project/test-runner/1.1.0/test-runner-1.1.0-jar-with-dependencies.jar eu.stamp_project.testrunner.runner.test.TestRunner org.joda.time.tz.TestCompiler testCompile_mg13_mg426:testCompile_mg20_mg636:testCompile_mg16_mg308:testCompile_mg19_mg462:testCompile_mg13_mg440:testCompile_mg13_mg443:testCompile_mg13_mg433:testCompile_mg20_mg621:testCompile_mg16_mg318:testCompile_mg16_mg315:testCompile_mg20_mg647:testCompile_mg12_mg541:testCompile_mg11_mg468:testCompile_mg13_mg421:testCompile_mg19_mg476:testCompile_mg13_mg424:testCompile_mg11_mg474:testCompile_mg19_mg478:testCompile_mg19_mg465:testCompile_mg16_mg320:testCompile_mg20_mg650:testCompile_mg16_mg303:testCompile_mg11_mg471:testCompile_mg16_mg306:testCompile_mg20_mg625:testCompile_mg20_mg653:testCompile_add9null584:testCompile_mg19_mg460:testCompile_add10null378:testCompile_mg19_mg461:testCompile_mg22null375:testCompilenull23_mg167:testCompile_literalMutationString1null505:testCompile_literalMutationString6null331:testCompile_literalMutationString4null345:testCompile_literalMutationString2null393:testCompile_literalMutationString3null168:testCompile_literalMutationString5null275:testCompile_mg12_mg553:testCompile_mg20_mg654:testCompile_add8_rv184:testCompile_add9_literalMutationString510:testCompile_add10_literalMutationString333:testCompile_mg20_mg590:testCompile_literalMutationString1_mg456:testCompile_mg17_mg208:testCompile_mg22_literalMutationString226:testCompile_add8_rv200:testCompile_mg12_mg556:testCompile_literalMutationString3_literalMutationString47:testCompile_literalMutationString1_literalMutationString400:testCompile_literalMutationString5_literalMutationString170:testCompile_literalMutationString6_literalMutationString270:testCompile_literalMutationString2_literalMutationString348:testCompile_literalMutationString4_literalMutationString277:testCompile_mg22_rv328:testCompile_literalMutationString1_literalMutationString397:testCompile_mg13_mg435:testCompile_literalMutationString2_literalMutationString355:testCompile_mg14_mg495:testCompile_add8null268:testCompile_add8null269:testCompile_add9_literalMutationString512:testCompile_add9_mg528:testCompile_add9_literalMutationString511:testCompile_mg17_mg218:testCompile_add10_literalMutationString339:testCompile_add10_mg374:testCompile_add9_literalMutationString509:testCompile_mg13_mg428:testCompile_add10_literalMutationString335:testCompile_add9_literalMutationString513:testCompile_mg22_mg265:testCompile_add9_literalMutationString508:testCompile_literalMutationString2_mg373:testCompile_mg22_literalMutationString231:testCompile_mg22_literalMutationString227:testCompile_add10_literalMutationString341:testCompile_mg14_mg503:testCompile_add10_literalMutationString338:testCompile_literalMutationString4_mg322:testCompile_mg18_mg567:testCompile_literalMutationString3_literalMutationString83:testCompile_add10_literalMutationString336:testCompile_literalMutationString3_mg116:testCompile_mg13_mg447:testCompile_mg22_literalMutationString228:testCompile_literalMutationString6_mg313:testCompile_mg21_mg75:testCompile_literalMutationString2_literalMutationString357:testCompile_literalMutationString3_literalMutationString54:testCompile_literalMutationString1_literalMutationString402:testCompile_literalMutationString4_literalMutationString280:testCompile_literalMutationString5_literalMutationString172:testCompile_literalMutationString6_literalMutationString272:testCompile_literalMutationString4_literalMutationString285:testCompile_mg22_literalMutationString229:testCompile_mg11_mg494:testCompile_literalMutationString2_literalMutationString352:testCompile_mg22_literalMutationString230:testCompile_literalMutationString5_mg219:testCompile_literalMutationString3_literalMutationString80:testCompile_literalMutationString2_literalMutationString354:testCompile_literalMutationString4_literalMutationString282:testCompile_add7_mg74:testCompile_literalMutationString5_literalMutationString171:testCompile_mg16_mg316:testCompile_literalMutationString6_literalMutationString276:testCompile_literalMutationString4_literalMutationString284:testCompile_literalMutationString3_literalMutationString57:testCompile_literalMutationString6_literalMutationString274:testCompile_literalMutationString4_literalMutationString279:testCompile_mg13_mg437:testCompile_literalMutationString3_literalMutationString60:testCompile_literalMutationString6_literalMutationString273:testCompile_literalMutationString6_literalMutationString271:testCompile_literalMutationString5_literalMutationString174:testCompile_mg20_mg645:testCompile_add8_literalMutationString128:testCompile_add8_literalMutationString137:testCompile_literalMutationString5_literalMutationString173:testCompile_mg20_mg646:testCompile_mg11_mg454:testCompile_literalMutationString5_literalMutationString169:testCompile_mg12_mg539:testCompile_mg15_mg119:testCompile_add8_rv193:testCompile_mg11_mg467:testCompile_mg12_mg540:testCompile_add8_rv204:testCompile_mg12_mg557:testCompile_mg13_mg430:testCompile_mg16_mg312:testCompile_mg21_mg91:testCompile_literalMutationString2_literalMutationString350:testCompile_mg15null182:testCompile_add7_mg93:testCompilenull23_mg157:testCompile_mg18_mg573:testCompile_mg19_mg466:testCompile_mg18_mg570:testCompile_mg16_mg329:testCompile_add7null126:testCompilenull23_mg162:testCompile_mg18null585:testCompile_mg16_mg317:testCompile_mg21null141:testCompile_mg19_mg463:testCompile_add8_literalMutationString133:testCompile_add8_mg161:testCompile_add8_literalMutationString140:testCompile_add8_literalMutationString129:testCompile_add8_literalMutationString139:testCompile_mg14_mg504:testCompilenull23_mg166:testCompile_mg14_mg500:testCompile_add8_literalMutationString143:testCompile_add8_literalMutationString131:testCompile_mg16_mg314:testCompile_add8_literalMutationString134:testCompile_add8_literalMutationString136:testCompile_mg14null524:testCompile_mg15_literalMutationString94:testCompile_mg19_mg482:testCompile_add8_literalMutationString135:testCompile_add8_literalMutationString138:testCompilenull23_mg155:testCompile_literalMutationString1_mg417:testCompile_add8_mg146:testCompile_mg19_mg475:testCompile_add7_literalMutationString47:testCompile_mg18_literalMutationString549:testCompile_mg20_mg637:testCompile_literalMutationString1_mg448:testCompile_mg17null238:testCompile_mg20_mg620:testCompilenull23_mg160:testCompile_mg19_mg464:testCompile_mg21_literalMutationString62:testCompile_mg21_mg84:testCompile_add7_mg82:testCompile_mg20_mg640:testCompile_mg17_mg213:testCompile_literalMutationString1_mg455:testCompile_mg22_rv334:testCompile_add9_mg518:testCompile_mg22_rv324:testCompile_mg15_literalMutationNumber50:testCompile_add10_mg349:testCompile_mg20_mg624:testCompile_mg15_mg122:testCompile_mg15_mg132:testCompile_mg15_literalMutationString115:testCompile_mg15_literalMutationString96:testCompile_mg14_literalMutationString486:testCompile_mg22_rv351:testCompile_mg20_mg634:testCompile_mg22_mg236:testCompile_add9_mg521:testCompile_literalMutationString1_mg415
File saved to the following path: /tmp/icst-2019/september-2018/dataset/joda-time_parent/target/dspot/TestListener.ser
Loading /tmp/icst-2019/september-2018/dataset/joda-time_parent/target/dspot/TestListener.ser
[INFO] Test has been run: initializationError(org.junit.runner.manipulation.Filter): No tests found matching Filter test methods according their simple name: [testCompile_mg13_mg426, testCompile_mg20_mg636, testCompile_mg16_mg308, testCompile_mg19_mg462, testCompile_mg13_mg440, testCompile_mg13_mg443, testCompile_mg13_mg433, testCompile_mg20_mg621, testCompile_mg16_mg318, testCompile_mg16_mg315, testCompile_mg20_mg647, testCompile_mg12_mg541, testCompile_mg11_mg468, testCompile_mg13_mg421, testCompile_mg19_mg476, testCompile_mg13_mg424, testCompile_mg11_mg474, testCompile_mg19_mg478, testCompile_mg19_mg465, testCompile_mg16_mg320, testCompile_mg20_mg650, testCompile_mg16_mg303, testCompile_mg11_mg471, testCompile_mg16_mg306, testCompile_mg20_mg625, testCompile_mg20_mg653, testCompile_add9null584, testCompile_mg19_mg460, testCompile_add10null378, testCompile_mg19_mg461, testCompile_mg22null375, testCompilenull23_mg167, testCompile_literalMutationString1null505, testCompile_literalMutationString6null331, testCompile_literalMutationString4null345, testCompile_literalMutationString2null393, testCompile_literalMutationString3null168, testCompile_literalMutationString5null275, testCompile_mg12_mg553, testCompile_mg20_mg654, testCompile_add8_rv184, testCompile_add9_literalMutationString510, testCompile_add10_literalMutationString333, testCompile_mg20_mg590, testCompile_literalMutationString1_mg456, testCompile_mg17_mg208, testCompile_mg22_literalMutationString226, testCompile_add8_rv200, testCompile_mg12_mg556, testCompile_literalMutationString3_literalMutationString47, testCompile_literalMutationString1_literalMutationString400, testCompile_literalMutationString5_literalMutationString170, testCompile_literalMutationString6_literalMutationString270, testCompile_literalMutationString2_literalMutationString348, testCompile_literalMutationString4_literalMutationString277, testCompile_mg22_rv328, testCompile_literalMutationString1_literalMutationString397, testCompile_mg13_mg435, testCompile_literalMutationString2_literalMutationString355, testCompile_mg14_mg495, testCompile_add8null268, testCompile_add8null269, testCompile_add9_literalMutationString512, testCompile_add9_mg528, testCompile_add9_literalMutationString511, testCompile_mg17_mg218, testCompile_add10_literalMutationString339, testCompile_add10_mg374, testCompile_add9_literalMutationString509, testCompile_mg13_mg428, testCompile_add10_literalMutationString335, testCompile_add9_literalMutationString513, testCompile_mg22_mg265, testCompile_add9_literalMutationString508, testCompile_literalMutationString2_mg373, testCompile_mg22_literalMutationString231, testCompile_mg22_literalMutationString227, testCompile_add10_literalMutationString341, testCompile_mg14_mg503, testCompile_add10_literalMutationString338, testCompile_literalMutationString4_mg322, testCompile_mg18_mg567, testCompile_literalMutationString3_literalMutationString83, testCompile_add10_literalMutationString336, testCompile_literalMutationString3_mg116, testCompile_mg13_mg447, testCompile_mg22_literalMutationString228, testCompile_literalMutationString6_mg313, testCompile_mg21_mg75, testCompile_literalMutationString2_literalMutationString357, testCompile_literalMutationString3_literalMutationString54, testCompile_literalMutationString1_literalMutationString402, testCompile_literalMutationString4_literalMutationString280, testCompile_literalMutationString5_literalMutationString172, testCompile_literalMutationString6_literalMutationString272, testCompile_literalMutationString4_literalMutationString285, testCompile_mg22_literalMutationString229, testCompile_mg11_mg494, testCompile_literalMutationString2_literalMutationString352, testCompile_mg22_literalMutationString230, testCompile_literalMutationString5_mg219, testCompile_literalMutationString3_literalMutationString80, testCompile_literalMutationString2_literalMutationString354, testCompile_literalMutationString4_literalMutationString282, testCompile_add7_mg74, testCompile_literalMutationString5_literalMutationString171, testCompile_mg16_mg316, testCompile_literalMutationString6_literalMutationString276, testCompile_literalMutationString4_literalMutationString284, testCompile_literalMutationString3_literalMutationString57, testCompile_literalMutationString6_literalMutationString274, testCompile_literalMutationString4_literalMutationString279, testCompile_mg13_mg437, testCompile_literalMutationString3_literalMutationString60, testCompile_literalMutationString6_literalMutationString273, testCompile_literalMutationString6_literalMutationString271, testCompile_literalMutationString5_literalMutationString174, testCompile_mg20_mg645, testCompile_add8_literalMutationString128, testCompile_add8_literalMutationString137, testCompile_literalMutationString5_literalMutationString173, testCompile_mg20_mg646, testCompile_mg11_mg454, testCompile_literalMutationString5_literalMutationString169, testCompile_mg12_mg539, testCompile_mg15_mg119, testCompile_add8_rv193, testCompile_mg11_mg467, testCompile_mg12_mg540, testCompile_add8_rv204, testCompile_mg12_mg557, testCompile_mg13_mg430, testCompile_mg16_mg312, testCompile_mg21_mg91, testCompile_literalMutationString2_literalMutationString350, testCompile_mg15null182, testCompile_add7_mg93, testCompilenull23_mg157, testCompile_mg18_mg573, testCompile_mg19_mg466, testCompile_mg18_mg570, testCompile_mg16_mg329, testCompile_add7null126, testCompilenull23_mg162, testCompile_mg18null585, testCompile_mg16_mg317, testCompile_mg21null141, testCompile_mg19_mg463, testCompile_add8_literalMutationString133, testCompile_add8_mg161, testCompile_add8_literalMutationString140, testCompile_add8_literalMutationString129, testCompile_add8_literalMutationString139, testCompile_mg14_mg504, testCompilenull23_mg166, testCompile_mg14_mg500, testCompile_add8_literalMutationString143, testCompile_add8_literalMutationString131, testCompile_mg16_mg314, testCompile_add8_literalMutationString134, testCompile_add8_literalMutationString136, testCompile_mg14null524, testCompile_mg15_literalMutationString94, testCompile_mg19_mg482, testCompile_add8_literalMutationString135, testCompile_add8_literalMutationString138, testCompilenull23_mg155, testCompile_literalMutationString1_mg417, testCompile_add8_mg146, testCompile_mg19_mg475, testCompile_add7_literalMutationString47, testCompile_mg18_literalMutationString549, testCompile_mg20_mg637, testCompile_literalMutationString1_mg448, testCompile_mg17null238, testCompile_mg20_mg620, testCompilenull23_mg160, testCompile_mg19_mg464, testCompile_mg21_literalMutationString62, testCompile_mg21_mg84, testCompile_add7_mg82, testCompile_mg20_mg640, testCompile_mg17_mg213, testCompile_literalMutationString1_mg455, testCompile_mg22_rv334, testCompile_add9_mg518, testCompile_mg22_rv324, testCompile_mg15_literalMutationNumber50, testCompile_add10_mg349, testCompile_mg20_mg624, testCompile_mg15_mg122, testCompile_mg15_mg132, testCompile_mg15_literalMutationString115, testCompile_mg15_literalMutationString96, testCompile_mg14_literalMutationString486, testCompile_mg22_rv351, testCompile_mg20_mg634, testCompile_mg22_mg236, testCompile_add9_mg521, testCompile_literalMutationString1_mg415] from org.junit.internal.requests.ClassRequest@b81eda8
[INFO] 1 test fail, generating try/catch/fail blocks...
[INFO] Could not generate any test with assertions
[INFO] iteration 2 / 3
[INFO] 200 tests selected to be amplified over 200 available tests
[INFO] Amplification of inputs...
 31% |=============================================== ]\ 88% |=============================================== ]| 56% |=============================================== ]/ 63% |=============================================== ]- 32% |=============================================== ]| 57% |=============================================== ]- 32% |=============================================== ]/ 57% |=============================================== ]\ 63% |=============================================== ]\ 88% |=============================================== ]/ 33% |=============================================== ]- 58% |=============================================== ]| 89% |=============================================== ]- 58% |=============================================== ]/ 33% |=============================================== ]\ 34% |=============================================== ]| 89% |=============================================== ]\ 59% |=============================================== ]- 64% |=============================================== ]| 34% |=============================================== ]/ 90% |=============================================== ]| 35% |=============================================== ]- 59% |=============================================== ]\ 64% |=============================================== ]/ 60% |=============================================== ]| 90% |=============================================== ]/ 65% |=============================================== ]- 35% |=============================================== ]\ 60% |=============================================== ]/ 36% |=============================================== ]| 61% |=============================================== ]- 65% |=============================================== ]\ 91% |=============================================== ]- 36% |=============================================== ]/ 61% |=============================================== ]\ 66% |=============================================== ]| 37% |=============================================== ]- 62% |=============================================== ]| 66% |=============================================== ]/ 62% |=============================================== ]/ 37% |=============================================== ]\ 91% |=============================================== ]\ 25% |=============================================== ]\ 50% |=============================================== ]/ 92% |=============================================== ]| 26% |=============================================== ]| 67% |=============================================== ]- 92% |=============================================== ]/ 26% |=============================================== ]/ 51% |=============================================== ]- 51% |=============================================== ]\ 93% |=============================================== ]- 67% |=============================================== ]\ 27% |=============================================== ]- 52% |=============================================== ]| 68% |=============================================== ]| 27% |=============================================== ]\ 52% |=============================================== ]/ 93% |=============================================== ]\ 68% |=============================================== ]/ 28% |=============================================== ]| 53% |=============================================== ]- 94% |=============================================== ]| 69% |=============================================== ]- 28% |=============================================== ]/ 53% |=============================================== ]\ 94% |=============================================== ]/ 69% |=============================================== ]\ 29% |=============================================== ]- 95% |=============================================== ]- 54% |=============================================== ]| 29% |=============================================== ]\ 70% |=============================================== ]| 54% |=============================================== ]/ 30% |=============================================== ]| 55% |=============================================== ]- 70% |=============================================== ]/ 30% |=============================================== ]/ 55% |=============================================== ]\ 71% |=============================================== ]- 56% |=============================================== ]| 95% |=============================================== ]\ 13% |=============================================== ]- 31% |=============================================== ]- 44% |=============================================== ]| 71% |=============================================== ]\ 96% |================================================ ]| 13% |================================================ ]\ 72% |================================================ ]| 44% |================================================ ]/ 14% |================================================ ]| 72% |================================================ ]/ 45% |================================================ ]- 96% |================================================ ]/ 14% |================================================ ]/ 73% |================================================ ]- 45% |================================================ ]\ 97% |================================================ ]- 15% |================================================ ]- 46% |================================================ ]| 73% |================================================ ]\ 97% |================================================ ]\ 46% |================================================ ]/ 15% |================================================ ]\ 74% |================================================ ]| 98% |================================================= ]| 47% |================================================= ]- 16% |================================================= ]| 47% |================================================= ]\ 74% |================================================= ]/ 16% |================================================= ]/ 48% |================================================= ]| 98% |================================================= ]/ 75% |================================================= ]- 17% |================================================= ]- 48% |================================================= ]/ 38% |================================================= ]| 17% |================================================= ]\ 38% |================================================= ]/ 18% |================================================= ]| 49% |================================================= ]- 18% |================================================= ]/ 99% |================================================= ]- 39% |================================================= ]- 19% |================================================= ]- 39% |================================================= ]\ 19% |================================================= ]\ 49% |================================================= ]\ 99% |================================================= ]\ 50% |================================================= ]|100% |================================================== ]|
 20% |==================== ]| 40% |==================== ]|  6% |==================== ]/ 81% |======================================== ]\ 82% |========================================= ]| 40% |========================================= ]/ 20% |========================================= ]/  7% |========================================= ]- 82% |========================================= ]/ 21% |========================================= ]- 41% |========================================= ]- 83% |========================================= ]-  7% |========================================= ]\ 41% |========================================= ]\ 21% |========================================= ]\ 83% |========================================= ]\ 42% |========================================= ]| 84% |========================================== ]| 42% |========================================== ]/ 22% |========================================== ]|  8% |========================================== ]| 43% |========================================== ]- 84% |========================================== ]/ 85% |========================================== ]-  8% |========================================== ]/ 22% |========================================== ]/ 43% |========================================== ]\ 23% |========================================== ]- 85% |========================================== ]\ 23% |========================================== ]\ 86% |=========================================== ]|  0% |=========================================== ]/  9% |=========================================== ]- 86% |=========================================== ]/ 24% |=========================================== ]|  1% |=========================================== ]-  9% |=========================================== ]\ 24% |=========================================== ]/ 87% |=========================================== ]- 25% |=========================================== ]- 10% |=========================================== ]| 87% |=========================================== ]\ 75% |=========================================== ]\ 76% |=========================================== ]|  1% |=========================================== ]\ 10% |=========================================== ]/ 76% |=========================================== ]/  2% |=========================================== ]| 77% |=========================================== ]-  2% |=========================================== ]/ 11% |=========================================== ]-  3% |=========================================== ]- 77% |=========================================== ]\ 11% |=========================================== ]\ 78% |=========================================== ]| 12% |=========================================== ]|  3% |=========================================== ]\ 78% |=========================================== ]/ 12% |=========================================== ]/  4% |=========================================== ]| 79% |=========================================== ]- 79% |=========================================== ]\  4% |=========================================== ]/ 80% |=========================================== ]| 80% |=========================================== ]/  5% |=========================================== ]- 81% |=========================================== ]-  5% |=========================================== ]\  6% |=========================================== ]|[INFO] 8064 new tests generated
[WARNING] Too many tests have been generated: 8064
[INFO] Number of generated test reduced to 200
[INFO] Run tests. (200)
[ERROR] Error(s) during compilation:
[ERROR] Pb(130) The constructor Object(String) is undefined
[ERROR] Error(s) during compilation:
[ERROR] Pb(130) The constructor Object(String) is undefined
[ERROR] Error(s) during compilation:
[ERROR] Pb(130) The constructor Object(String) is undefined
[ERROR] Error(s) during compilation:
[ERROR] Pb(130) The constructor Object(String) is undefined
[WARNING] Trying three time to compile with no success. Give up.
[INFO] Run: java -classpath /tmp/icst-2019/september-2018/dataset/joda-time_parent/target/test-classes:/tmp/icst-2019/september-2018/dataset/joda-time_parent/target/classes/:/home/spirals/danglot/.m2/repository/junit/junit/4.12/junit-4.12.jar:/home/spirals/danglot/.m2/repository/org/joda/joda-convert/1.2/joda-convert-1.2.jar:/home/spirals/danglot/.m2/repository/junit/junit/3.8.2/junit-3.8.2.jar:/tmp/icst-2019/september-2018/dataset/joda-time_parent/target/dspot/dependencies/:/home/spirals/danglot/.m2/repository/eu/stamp-project/test-runner/1.1.0/test-runner-1.1.0-jar-with-dependencies.jar eu.stamp_project.testrunner.runner.test.TestRunner org.joda.time.tz.TestCompiler testCompile_mg20_mg636_rv7270:testCompile_mg20_mg636_mg7073:testCompile_mg20_mg636_rv7216:testCompile_mg13_mg443_mg8049:testCompile_mg20_mg621_mg8468:testCompile_mg20_mg636_rv7236:testCompile_mg20_mg625_rv8605:testCompile_mg13_mg426_mg6645:testCompile_mg20_mg647_mg8907:testCompile_mg20_mg636_mg7100:testCompile_mg19_mg478_mg6674:testCompile_mg16_mg308_mg7457:testCompile_mg20_mg636_mg7039:testCompile_mg13_mg426_mg6663:testCompile_mg20_mg636_rv7132:testCompile_mg20_mg650_mg7620:testCompile_mg13_mg426_mg6654:testCompile_mg16_mg320_mg7350:testCompile_mg20_mg636_mg7113:testCompile_mg13_mg443_mg8032:testCompile_mg19_mg462_mg7640:testCompile_mg20_mg625_mg8418:testCompile_mg20_mg636_mg7062:testCompile_mg13_mg440_mg7789:testCompile_mg20_mg653_mg3880:testCompile_mg13_mg443_mg8064:testCompile_mg13_mg433_mg8196:testCompile_mg20_mg621_mg8444:testCompile_mg19_mg462_mg7652:testCompile_mg20_mg654_mg5446:testCompile_mg20_mg621_mg8488:testCompile_mg20_mg654_mg5520:testCompile_mg16_mg318_mg8669:testCompile_mg13_mg440_mg7799:testCompile_mg19_mg462_mg7646:testCompile_mg13_mg426_mg6667:testCompile_mg20_mg647_mg8892:testCompile_mg13_mg443_mg8078:testCompile_mg16_mg308_mg7463:testCompile_mg20_mg625_rv8579:testCompile_mg20_mg590_mg6242:testCompile_mg13_mg443_mg8038:testCompile_mg20_mg590_mg6112:testCompile_mg20_mg636_mg7107:testCompile_mg20_mg650_mg7589:testCompile_mg20_mg636_mg7116:testCompile_mg20_mg625_mg8384:testCompile_mg20_mg621_mg8451:testCompile_mg16_mg315_mg8808:testCompile_mg20_mg637_rv6894:testCompile_mg20_mg647_mg8918:testCompile_mg16_mg308_mg7460:testCompile_mg12_mg541_mg8955:testCompile_mg13_mg443_mg8070:testCompile_mg11_mg494_mg5027:testCompile_mg11_mg468_mg5469:testCompile_add8null269null3901:testCompile_add8null268null3792:testCompile_mg20_mg636_rv7274:testCompile_mg20_mg640_rv2402:testCompile_mg13_mg421_mg5712:testCompile_mg20_mg636_rv7211:testCompile_add9_mg528null1077:testCompile_add9null584_mg3973:testCompile_mg20_mg636_rv7284:testCompile_mg20_mg624_rv3616:testCompile_mg19_mg478_mg6634:testCompile_mg19_mg476_mg5902:testCompile_mg13_mg426_mg6639:testCompile_mg13_mg424_mg6122:testCompile_mg13_mg426_mg6642:testCompile_add10_mg374null1460:testCompile_add10null378_mg4164:testCompile_mg16_mg318_mg8682:testCompile_add9_literalMutationString512null964:testCompile_mg20_mg625_rv8587:testCompile_add9_literalMutationString511null1156:testCompile_mg20_mg636_rv7231:testCompile_add9_literalMutationString513null2166:testCompile_add9_literalMutationString509null1562:testCompile_add9_literalMutationString508null2445:testCompile_add9_literalMutationString510null5879:testCompile_mg20_mg646_mg2040:testCompile_mg20_mg636_mg7082:testCompile_mg22_mg265null2347:testCompile_add8_rv204_mg1858:testCompile_mg22null375_mg4386:testCompilenull23_mg167_mg4486:testCompile_mg20_mg634_rv4891:testCompile_mg20_mg621_mg8495:testCompile_mg20_mg636_mg7099:testCompile_mg19_mg478_mg6698:testCompile_add10_literalMutationString341null5112:testCompile_add10_literalMutationString335null1911:testCompile_add10_literalMutationString339null1335:testCompile_mg11_mg474_mg6419:testCompile_add10_literalMutationString333null5964:testCompile_add10_literalMutationString338null5554:testCompile_add10_literalMutationString336null5955:testCompile_mg20_mg636_rv7266:testCompile_mg19_mg465_mg7046:testCompile_mg20_mg645_mg1472:testCompile_mg20_mg654_mg5505:testCompile_mg20_mg647_mg8924:testCompile_mg13_mg440_mg7811:testCompile_literalMutationString5null275_mg5111:testCompile_literalMutationString1null505_mg4608:testCompile_literalMutationString4_mg322null5751:testCompile_literalMutationString3_mg116null6139:testCompile_literalMutationString5_mg219null2706:testCompile_literalMutationString2_mg373null2556:testCompile_literalMutationString1_mg456null6429:testCompile_literalMutationString6null331_mg4788:testCompile_literalMutationString2null393_mg4929:testCompile_literalMutationString6_mg313null3988:testCompile_literalMutationString4null345_mg4869:testCompile_literalMutationString3null168_mg4995:testCompile_mg12_mg557_mg2109:testCompile_mg22_literalMutationString230null5346:testCompile_mg22_literalMutationString227null5035:testCompile_mg22_literalMutationString226null6741:testCompile_mg22_literalMutationString228null6545:testCompile_mg16_mg315_mg8814:testCompile_mg22_literalMutationString229null4943:testCompile_mg22_literalMutationString231null4899:testCompile_mg20_mg636_mg6945:testCompile_mg20_mg636_rv7239:testCompile_mg20_mg654_mg5408:testCompile_mg13_mg433_mg8203:testCompile_mg11_mg468_mg5483:testCompile_mg16_mg320_mg7361:testCompile_mg20_mg650_mg7641:testCompile_literalMutationString3_literalMutationString60null1085:testCompile_literalMutationString3_literalMutationString80null2743:testCompile_literalMutationString3_literalMutationString54null4276:testCompile_literalMutationString3_literalMutationString47null7182:testCompile_literalMutationString3_literalMutationString83null5924:testCompile_literalMutationString3_literalMutationString57null3596:testCompile_literalMutationString1_literalMutationString402null4345:testCompile_literalMutationString2_literalMutationString350null2840:testCompile_literalMutationString6_literalMutationString270null2800:testCompile_literalMutationString5_literalMutationString172null4501:testCompile_literalMutationString4_literalMutationString280null4413:testCompile_literalMutationString5_literalMutationString171null3090:testCompile_mg16_mg308_mg7464:testCompile_literalMutationString5_literalMutationString170null2705:testCompile_literalMutationString2_literalMutationString352null5244:testCompile_literalMutationString2_literalMutationString354null2822:testCompile_literalMutationString5_literalMutationString173null1921:testCompile_mg13_mg440_mg7816:testCompile_literalMutationString1_literalMutationString400null2599:testCompile_literalMutationString6_literalMutationString273null1191:testCompile_literalMutationString5_literalMutationString169null2412:testCompile_literalMutationString2_literalMutationString355null3445:testCompile_literalMutationString6_literalMutationString271null1276:testCompile_literalMutationString6_literalMutationString272null4561:testCompile_literalMutationString5_literalMutationString174null1366:testCompile_literalMutationString2_literalMutationString357null4166:testCompile_literalMutationString1_literalMutationString397null3175:testCompile_literalMutationString6_literalMutationString276null3391:testCompile_literalMutationString4_literalMutationString282null2875:testCompile_literalMutationString2_literalMutationString348null2857:testCompile_literalMutationString4_literalMutationString285null4763:testCompile_literalMutationString4_literalMutationString284null3486:testCompile_literalMutationString6_literalMutationString274null3674:testCompile_literalMutationString4_literalMutationString279null3743:testCompile_literalMutationString4_literalMutationString277null2927:testCompile_mg20_mg636_rv7259:testCompile_add8_literalMutationString128null1670:testCompile_add8_literalMutationString137null1866:testCompile_add8null268_literalMutationString3595:testCompile_add8null269_literalMutationString3799:testCompile_mg20_mg653_mg3862:testCompile_mg20_mg636_rv7268:testCompile_mg11_mg471_mg8012:testCompile_mg20_mg636_rv7287:testCompile_add9_mg528_literalMutationString965:testCompile_mg13_mg443_mg8080:testCompile_mg16_mg306_mg8176:testCompile_mg16_mg303_mg7851:testCompile_mg20_mg636_rv7246:testCompile_add9_literalMutationString510_mg5794:testCompile_mg20_mg636_rv7242:testCompile_mg20_mg621_mg8504:testCompile_mg20_mg636_rv7277:testCompile_mg16_mg308_mg7455:testCompile_mg20_mg625_mg8441:testCompile_mg20_mg636_rv7263:testCompile_mg19_mg465_mg7052:testCompile_mg11_mg468_mg5476:testCompile_mg13_mg433_mg8200:testCompile_mg13_mg424_mg6134:testCompile_mg20_mg647_mg8896:testCompile_mg20_mg636_rv7158:testCompile_mg16_mg320_mg7335:testCompile_mg16_mg308_mg7456:testCompile_mg16_mg318_mg8685:testCompile_mg20_mg636_rv7257:testCompile_add10_mg374_literalMutationString1336:testCompile_add10_literalMutationString333_mg5914
File saved to the following path: /tmp/icst-2019/september-2018/dataset/joda-time_parent/target/dspot/TestListener.ser
Loading /tmp/icst-2019/september-2018/dataset/joda-time_parent/target/dspot/TestListener.ser
[INFO] Test has been run: initializationError(org.junit.runner.manipulation.Filter): No tests found matching Filter test methods according their simple name: [testCompile_mg20_mg636_rv7270, testCompile_mg20_mg636_mg7073, testCompile_mg20_mg636_rv7216, testCompile_mg13_mg443_mg8049, testCompile_mg20_mg621_mg8468, testCompile_mg20_mg636_rv7236, testCompile_mg20_mg625_rv8605, testCompile_mg13_mg426_mg6645, testCompile_mg20_mg647_mg8907, testCompile_mg20_mg636_mg7100, testCompile_mg19_mg478_mg6674, testCompile_mg16_mg308_mg7457, testCompile_mg20_mg636_mg7039, testCompile_mg13_mg426_mg6663, testCompile_mg20_mg636_rv7132, testCompile_mg20_mg650_mg7620, testCompile_mg13_mg426_mg6654, testCompile_mg16_mg320_mg7350, testCompile_mg20_mg636_mg7113, testCompile_mg13_mg443_mg8032, testCompile_mg19_mg462_mg7640, testCompile_mg20_mg625_mg8418, testCompile_mg20_mg636_mg7062, testCompile_mg13_mg440_mg7789, testCompile_mg20_mg653_mg3880, testCompile_mg13_mg443_mg8064, testCompile_mg13_mg433_mg8196, testCompile_mg20_mg621_mg8444, testCompile_mg19_mg462_mg7652, testCompile_mg20_mg654_mg5446, testCompile_mg20_mg621_mg8488, testCompile_mg20_mg654_mg5520, testCompile_mg16_mg318_mg8669, testCompile_mg13_mg440_mg7799, testCompile_mg19_mg462_mg7646, testCompile_mg13_mg426_mg6667, testCompile_mg20_mg647_mg8892, testCompile_mg13_mg443_mg8078, testCompile_mg16_mg308_mg7463, testCompile_mg20_mg625_rv8579, testCompile_mg20_mg590_mg6242, testCompile_mg13_mg443_mg8038, testCompile_mg20_mg590_mg6112, testCompile_mg20_mg636_mg7107, testCompile_mg20_mg650_mg7589, testCompile_mg20_mg636_mg7116, testCompile_mg20_mg625_mg8384, testCompile_mg20_mg621_mg8451, testCompile_mg16_mg315_mg8808, testCompile_mg20_mg637_rv6894, testCompile_mg20_mg647_mg8918, testCompile_mg16_mg308_mg7460, testCompile_mg12_mg541_mg8955, testCompile_mg13_mg443_mg8070, testCompile_mg11_mg494_mg5027, testCompile_mg11_mg468_mg5469, testCompile_add8null269null3901, testCompile_add8null268null3792, testCompile_mg20_mg636_rv7274, testCompile_mg20_mg640_rv2402, testCompile_mg13_mg421_mg5712, testCompile_mg20_mg636_rv7211, testCompile_add9_mg528null1077, testCompile_add9null584_mg3973, testCompile_mg20_mg636_rv7284, testCompile_mg20_mg624_rv3616, testCompile_mg19_mg478_mg6634, testCompile_mg19_mg476_mg5902, testCompile_mg13_mg426_mg6639, testCompile_mg13_mg424_mg6122, testCompile_mg13_mg426_mg6642, testCompile_add10_mg374null1460, testCompile_add10null378_mg4164, testCompile_mg16_mg318_mg8682, testCompile_add9_literalMutationString512null964, testCompile_mg20_mg625_rv8587, testCompile_add9_literalMutationString511null1156, testCompile_mg20_mg636_rv7231, testCompile_add9_literalMutationString513null2166, testCompile_add9_literalMutationString509null1562, testCompile_add9_literalMutationString508null2445, testCompile_add9_literalMutationString510null5879, testCompile_mg20_mg646_mg2040, testCompile_mg20_mg636_mg7082, testCompile_mg22_mg265null2347, testCompile_add8_rv204_mg1858, testCompile_mg22null375_mg4386, testCompilenull23_mg167_mg4486, testCompile_mg20_mg634_rv4891, testCompile_mg20_mg621_mg8495, testCompile_mg20_mg636_mg7099, testCompile_mg19_mg478_mg6698, testCompile_add10_literalMutationString341null5112, testCompile_add10_literalMutationString335null1911, testCompile_add10_literalMutationString339null1335, testCompile_mg11_mg474_mg6419, testCompile_add10_literalMutationString333null5964, testCompile_add10_literalMutationString338null5554, testCompile_add10_literalMutationString336null5955, testCompile_mg20_mg636_rv7266, testCompile_mg19_mg465_mg7046, testCompile_mg20_mg645_mg1472, testCompile_mg20_mg654_mg5505, testCompile_mg20_mg647_mg8924, testCompile_mg13_mg440_mg7811, testCompile_literalMutationString5null275_mg5111, testCompile_literalMutationString1null505_mg4608, testCompile_literalMutationString4_mg322null5751, testCompile_literalMutationString3_mg116null6139, testCompile_literalMutationString5_mg219null2706, testCompile_literalMutationString2_mg373null2556, testCompile_literalMutationString1_mg456null6429, testCompile_literalMutationString6null331_mg4788, testCompile_literalMutationString2null393_mg4929, testCompile_literalMutationString6_mg313null3988, testCompile_literalMutationString4null345_mg4869, testCompile_literalMutationString3null168_mg4995, testCompile_mg12_mg557_mg2109, testCompile_mg22_literalMutationString230null5346, testCompile_mg22_literalMutationString227null5035, testCompile_mg22_literalMutationString226null6741, testCompile_mg22_literalMutationString228null6545, testCompile_mg16_mg315_mg8814, testCompile_mg22_literalMutationString229null4943, testCompile_mg22_literalMutationString231null4899, testCompile_mg20_mg636_mg6945, testCompile_mg20_mg636_rv7239, testCompile_mg20_mg654_mg5408, testCompile_mg13_mg433_mg8203, testCompile_mg11_mg468_mg5483, testCompile_mg16_mg320_mg7361, testCompile_mg20_mg650_mg7641, testCompile_literalMutationString3_literalMutationString60null1085, testCompile_literalMutationString3_literalMutationString80null2743, testCompile_literalMutationString3_literalMutationString54null4276, testCompile_literalMutationString3_literalMutationString47null7182, testCompile_literalMutationString3_literalMutationString83null5924, testCompile_literalMutationString3_literalMutationString57null3596, testCompile_literalMutationString1_literalMutationString402null4345, testCompile_literalMutationString2_literalMutationString350null2840, testCompile_literalMutationString6_literalMutationString270null2800, testCompile_literalMutationString5_literalMutationString172null4501, testCompile_literalMutationString4_literalMutationString280null4413, testCompile_literalMutationString5_literalMutationString171null3090, testCompile_mg16_mg308_mg7464, testCompile_literalMutationString5_literalMutationString170null2705, testCompile_literalMutationString2_literalMutationString352null5244, testCompile_literalMutationString2_literalMutationString354null2822, testCompile_literalMutationString5_literalMutationString173null1921, testCompile_mg13_mg440_mg7816, testCompile_literalMutationString1_literalMutationString400null2599, testCompile_literalMutationString6_literalMutationString273null1191, testCompile_literalMutationString5_literalMutationString169null2412, testCompile_literalMutationString2_literalMutationString355null3445, testCompile_literalMutationString6_literalMutationString271null1276, testCompile_literalMutationString6_literalMutationString272null4561, testCompile_literalMutationString5_literalMutationString174null1366, testCompile_literalMutationString2_literalMutationString357null4166, testCompile_literalMutationString1_literalMutationString397null3175, testCompile_literalMutationString6_literalMutationString276null3391, testCompile_literalMutationString4_literalMutationString282null2875, testCompile_literalMutationString2_literalMutationString348null2857, testCompile_literalMutationString4_literalMutationString285null4763, testCompile_literalMutationString4_literalMutationString284null3486, testCompile_literalMutationString6_literalMutationString274null3674, testCompile_literalMutationString4_literalMutationString279null3743, testCompile_literalMutationString4_literalMutationString277null2927, testCompile_mg20_mg636_rv7259, testCompile_add8_literalMutationString128null1670, testCompile_add8_literalMutationString137null1866, testCompile_add8null268_literalMutationString3595, testCompile_add8null269_literalMutationString3799, testCompile_mg20_mg653_mg3862, testCompile_mg20_mg636_rv7268, testCompile_mg11_mg471_mg8012, testCompile_mg20_mg636_rv7287, testCompile_add9_mg528_literalMutationString965, testCompile_mg13_mg443_mg8080, testCompile_mg16_mg306_mg8176, testCompile_mg16_mg303_mg7851, testCompile_mg20_mg636_rv7246, testCompile_add9_literalMutationString510_mg5794, testCompile_mg20_mg636_rv7242, testCompile_mg20_mg621_mg8504, testCompile_mg20_mg636_rv7277, testCompile_mg16_mg308_mg7455, testCompile_mg20_mg625_mg8441, testCompile_mg20_mg636_rv7263, testCompile_mg19_mg465_mg7052, testCompile_mg11_mg468_mg5476, testCompile_mg13_mg433_mg8200, testCompile_mg13_mg424_mg6134, testCompile_mg20_mg647_mg8896, testCompile_mg20_mg636_rv7158, testCompile_mg16_mg320_mg7335, testCompile_mg16_mg308_mg7456, testCompile_mg16_mg318_mg8685, testCompile_mg20_mg636_rv7257, testCompile_add10_mg374_literalMutationString1336, testCompile_add10_literalMutationString333_mg5914] from org.junit.internal.requests.ClassRequest@b81eda8
[INFO] 1 test fail, generating try/catch/fail blocks...
[INFO] Could not generate any test with assertions
[INFO] 0 amplified test methods has been selected to be kept. (global: 0)
[INFO] elapsedTime 52246
======= REPORT =======
0 amplified test fails on the new versions.

[WARNING] DSpot could not obtain any amplified test method.
[WARNING] You can customize the following options: --amplifiers, --test-criterion, --iteration, --budgetizer etc, and retry with a new configuration.
[INFO] Amplification of org.joda.time.TestDateTimeZone (1 test(s))
[INFO] Assertion amplification of org.joda.time.TestDateTimeZone (1 test(s))
[ERROR] Error(s) during compilation:
[ERROR] Pb(130) The constructor Object(String) is undefined
[ERROR] Error(s) during compilation:
[ERROR] Pb(130) The constructor Object(String) is undefined
[ERROR] Error(s) during compilation:
[ERROR] Pb(130) The constructor Object(String) is undefined
[ERROR] Error(s) during compilation:
[ERROR] Pb(130) The constructor Object(String) is undefined
[WARNING] Trying three time to compile with no success. Give up.
[INFO] Run: java -classpath /tmp/icst-2019/september-2018/dataset/joda-time_parent/target/test-classes:/tmp/icst-2019/september-2018/dataset/joda-time_parent/target/classes/:/home/spirals/danglot/.m2/repository/junit/junit/4.12/junit-4.12.jar:/home/spirals/danglot/.m2/repository/org/joda/joda-convert/1.2/joda-convert-1.2.jar:/home/spirals/danglot/.m2/repository/junit/junit/3.8.2/junit-3.8.2.jar:/tmp/icst-2019/september-2018/dataset/joda-time_parent/target/dspot/dependencies/:/home/spirals/danglot/.m2/repository/eu/stamp-project/test-runner/1.1.0/test-runner-1.1.0-jar-with-dependencies.jar eu.stamp_project.testrunner.runner.test.TestRunner org.joda.time.TestDateTimeZone testProvider
File saved to the following path: /tmp/icst-2019/september-2018/dataset/joda-time_parent/target/dspot/TestListener.ser
Loading /tmp/icst-2019/september-2018/dataset/joda-time_parent/target/dspot/TestListener.ser
[INFO] Test has been run: initializationError(org.junit.runner.manipulation.Filter): No tests found matching Filter test methods according their simple name: [testProvider] from org.junit.internal.requests.ClassRequest@2b71fc7e
[INFO] 0 amplified test methods has been selected to be kept. (global: 0)
[INFO] Applying Input-amplification and Assertion-amplification test by test.
[INFO] Amplification of testProvider, (1/1)
[INFO] iteration 0 / 3
[INFO] 1 tests selected to be amplified over 1 available tests
[INFO] Amplification of inputs...
100% |================================================== ]/
[INFO] 136 new tests generated
[INFO] Run tests. (136)
[ERROR] Error(s) during compilation:
[ERROR] Pb(130) The constructor Object(String) is undefined
[ERROR] Pb(50) __DSPOT_invoc_63 cannot be resolved
[ERROR] Pb(50) __DSPOT_invoc_63 cannot be resolved
[ERROR] Pb(50) __DSPOT_invoc_63 cannot be resolved
[ERROR] Pb(50) __DSPOT_invoc_63 cannot be resolved
[ERROR] Pb(50) __DSPOT_invoc_63 cannot be resolved
[ERROR] Pb(50) __DSPOT_invoc_63 cannot be resolved
[ERROR] Pb(50) __DSPOT_invoc_63 cannot be resolved
[ERROR] Pb(50) __DSPOT_invoc_63 cannot be resolved
[ERROR] Pb(50) __DSPOT_invoc_63 cannot be resolved
[ERROR] Pb(50) __DSPOT_invoc_86 cannot be resolved
[ERROR] Pb(50) __DSPOT_invoc_86 cannot be resolved
[ERROR] Pb(50) __DSPOT_invoc_86 cannot be resolved
[ERROR] Pb(50) __DSPOT_invoc_86 cannot be resolved
[ERROR] Pb(50) __DSPOT_invoc_86 cannot be resolved
[ERROR] Pb(50) __DSPOT_invoc_86 cannot be resolved
[ERROR] Pb(50) __DSPOT_invoc_86 cannot be resolved
[ERROR] Pb(50) __DSPOT_invoc_86 cannot be resolved
[ERROR] Pb(50) __DSPOT_invoc_86 cannot be resolved
[ERROR] Error(s) during compilation:
[ERROR] Pb(130) The constructor Object(String) is undefined
[ERROR] Error(s) during compilation:
[ERROR] Pb(130) The constructor Object(String) is undefined
[ERROR] Error(s) during compilation:
[ERROR] Pb(130) The constructor Object(String) is undefined
[WARNING] Trying three time to compile with no success. Give up.
[INFO] Run: java -classpath /tmp/icst-2019/september-2018/dataset/joda-time_parent/target/test-classes:/tmp/icst-2019/september-2018/dataset/joda-time_parent/target/classes/:/home/spirals/danglot/.m2/repository/junit/junit/4.12/junit-4.12.jar:/home/spirals/danglot/.m2/repository/org/joda/joda-convert/1.2/joda-convert-1.2.jar:/home/spirals/danglot/.m2/repository/junit/junit/3.8.2/junit-3.8.2.jar:/tmp/icst-2019/september-2018/dataset/joda-time_parent/target/dspot/dependencies/:/home/spirals/danglot/.m2/repository/eu/stamp-project/test-runner/1.1.0/test-runner-1.1.0-jar-with-dependencies.jar eu.stamp_project.testrunner.runner.test.TestRunner org.joda.time.TestDateTimeZone testProvider_literalMutationString1:testProvider_literalMutationString2:testProvider_literalMutationString3:testProvider_literalMutationString4:testProvider_literalMutationString5:testProvider_literalMutationString6:testProvider_literalMutationString7:testProvider_literalMutationString8:testProvider_literalMutationString9:testProvider_literalMutationString10:testProvider_literalMutationString11:testProvider_literalMutationString12:testProvider_literalMutationString13:testProvider_literalMutationString14:testProvider_literalMutationString15:testProvider_literalMutationString16:testProvider_literalMutationString17:testProvider_literalMutationString18:testProvider_literalMutationString19:testProvider_literalMutationString20:testProvider_literalMutationString21:testProvider_literalMutationString22:testProvider_literalMutationString23:testProvider_literalMutationString24:testProvider_literalMutationString25:testProvider_literalMutationString26:testProvider_literalMutationString27:testProvider_literalMutationString28:testProvider_literalMutationString29:testProvider_literalMutationString30:testProvider_literalMutationString31:testProvider_literalMutationString32:testProvider_literalMutationString33:testProvider_literalMutationString34:testProvider_literalMutationString35:testProvider_literalMutationString36:testProvider_literalMutationString37:testProvider_literalMutationString38:testProvider_literalMutationString39:testProvider_literalMutationString40:testProvider_literalMutationString41:testProvider_literalMutationString42:testProvider_literalMutationString43:testProvider_literalMutationString44:testProvider_literalMutationString45:testProvider_literalMutationString46:testProvider_literalMutationString47:testProvider_literalMutationString48:testProvider_literalMutationString49:testProvider_literalMutationString50:testProvider_literalMutationString51:testProvider_literalMutationString52:testProvider_literalMutationString53:testProvider_literalMutationString54:testProvider_literalMutationString55:testProvider_literalMutationString56:testProvider_literalMutationString57:testProvider_literalMutationString58:testProvider_literalMutationString59:testProvider_literalMutationString60:testProvider_add61:testProvider_add62:testProvider_add63:testProvider_add64:testProvider_add65:testProvider_add66:testProvider_add67:testProvider_add68:testProvider_add69:testProvider_add70:testProvider_add71:testProvider_add72:testProvider_add73:testProvider_add74:testProvider_add75:testProvider_add76:testProvider_add77:testProvider_add78:testProvider_add79:testProvider_add80:testProvider_add81:testProvider_add82:testProvider_add83:testProvider_add84:testProvider_add85:testProvider_add86:testProvider_add87:testProvider_add88:testProvider_add89:testProvider_add90:testProvider_add91:testProvider_add92:testProvider_add93:testProvider_add94:testProvider_add95:testProvider_add96:testProvider_add97:testProvider_add98:testProvider_add99:testProvider_add100:testProvider_add101:testProvider_add102:testProvider_add103:testProvider_add104:testProvider_add105:testProvider_add106:testProvider_add107:testProvidernull128:testProvidernull129:testProvidernull130:testProvidernull131:testProvidernull132:testProvidernull133:testProvidernull134:testProvidernull135:testProvidernull136:testProvidernull137:testProvidernull138
File saved to the following path: /tmp/icst-2019/september-2018/dataset/joda-time_parent/target/dspot/TestListener.ser
Loading /tmp/icst-2019/september-2018/dataset/joda-time_parent/target/dspot/TestListener.ser
[INFO] Test has been run: initializationError(org.junit.runner.manipulation.Filter): No tests found matching Filter test methods according their simple name: [testProvider_literalMutationString1, testProvider_literalMutationString2, testProvider_literalMutationString3, testProvider_literalMutationString4, testProvider_literalMutationString5, testProvider_literalMutationString6, testProvider_literalMutationString7, testProvider_literalMutationString8, testProvider_literalMutationString9, testProvider_literalMutationString10, testProvider_literalMutationString11, testProvider_literalMutationString12, testProvider_literalMutationString13, testProvider_literalMutationString14, testProvider_literalMutationString15, testProvider_literalMutationString16, testProvider_literalMutationString17, testProvider_literalMutationString18, testProvider_literalMutationString19, testProvider_literalMutationString20, testProvider_literalMutationString21, testProvider_literalMutationString22, testProvider_literalMutationString23, testProvider_literalMutationString24, testProvider_literalMutationString25, testProvider_literalMutationString26, testProvider_literalMutationString27, testProvider_literalMutationString28, testProvider_literalMutationString29, testProvider_literalMutationString30, testProvider_literalMutationString31, testProvider_literalMutationString32, testProvider_literalMutationString33, testProvider_literalMutationString34, testProvider_literalMutationString35, testProvider_literalMutationString36, testProvider_literalMutationString37, testProvider_literalMutationString38, testProvider_literalMutationString39, testProvider_literalMutationString40, testProvider_literalMutationString41, testProvider_literalMutationString42, testProvider_literalMutationString43, testProvider_literalMutationString44, testProvider_literalMutationString45, testProvider_literalMutationString46, testProvider_literalMutationString47, testProvider_literalMutationString48, testProvider_literalMutationString49, testProvider_literalMutationString50, testProvider_literalMutationString51, testProvider_literalMutationString52, testProvider_literalMutationString53, testProvider_literalMutationString54, testProvider_literalMutationString55, testProvider_literalMutationString56, testProvider_literalMutationString57, testProvider_literalMutationString58, testProvider_literalMutationString59, testProvider_literalMutationString60, testProvider_add61, testProvider_add62, testProvider_add63, testProvider_add64, testProvider_add65, testProvider_add66, testProvider_add67, testProvider_add68, testProvider_add69, testProvider_add70, testProvider_add71, testProvider_add72, testProvider_add73, testProvider_add74, testProvider_add75, testProvider_add76, testProvider_add77, testProvider_add78, testProvider_add79, testProvider_add80, testProvider_add81, testProvider_add82, testProvider_add83, testProvider_add84, testProvider_add85, testProvider_add86, testProvider_add87, testProvider_add88, testProvider_add89, testProvider_add90, testProvider_add91, testProvider_add92, testProvider_add93, testProvider_add94, testProvider_add95, testProvider_add96, testProvider_add97, testProvider_add98, testProvider_add99, testProvider_add100, testProvider_add101, testProvider_add102, testProvider_add103, testProvider_add104, testProvider_add105, testProvider_add106, testProvider_add107, testProvidernull128, testProvidernull129, testProvidernull130, testProvidernull131, testProvidernull132, testProvidernull133, testProvidernull134, testProvidernull135, testProvidernull136, testProvidernull137, testProvidernull138] from org.junit.internal.requests.ClassRequest@2b71fc7e
[INFO] 1 test fail, generating try/catch/fail blocks...
[INFO] Could not generate any test with assertions
[INFO] iteration 1 / 3
[INFO] 136 tests selected to be amplified over 136 available tests
[INFO] Amplification of inputs...
 63% |============================================ ]- 81% |============================================ ]\ 31% |============================================ ]\ 88% |============================================ ]| 82% |============================================ ]| 88% |============================================ ]/ 32% |============================================ ]| 63% |============================================ ]\ 83% |============================================ ]/ 89% |============================================ ]- 83% |============================================ ]- 33% |============================================ ]/ 90% |============================================= ]\ 84% |============================================= ]\ 33% |============================================= ]- 64% |============================================= ]| 91% |============================================= ]| 85% |============================================= ]| 65% |============================================= ]/ 34% |============================================= ]\ 86% |============================================= ]/ 91% |============================================= ]/ 35% |============================================= ]| 86% |============================================= ]- 92% |============================================== ]- 66% |============================================== ]- 36% |============================================== ]/ 87% |============================================== ]\ 36% |============================================== ]- 66% |============================================== ]\ 93% |============================================== ]\ 75% |============================================== ]\ 37% |============================================== ]\ 94% |=============================================== ]| 76% |=============================================== ]| 67% |=============================================== ]| 94% |=============================================== ]/ 25% |=============================================== ]\ 68% |=============================================== ]/ 77% |=============================================== ]/ 95% |=============================================== ]- 26% |=============================================== ]| 77% |=============================================== ]- 96% |================================================ ]\ 69% |================================================ ]- 27% |================================================ ]/ 97% |================================================ ]| 78% |================================================ ]\ 69% |================================================ ]\ 27% |================================================ ]- 79% |================================================ ]| 70% |================================================ ]| 97% |================================================ ]/ 28% |================================================ ]\ 71% |================================================ ]/ 98% |================================================= ]- 80% |================================================= ]/ 29% |================================================= ]| 72% |================================================= ]- 99% |================================================= ]\ 30% |================================================= ]/ 80% |================================================= ]-100% |================================================== ]| 72% |================================================== ]\
 56% |============================ ]/ 30% |============================ ]- 50% |============================ ]/ 73% |==================================== ]| 44% |==================================== ]| 51% |==================================== ]- 57% |==================================== ]- 44% |==================================== ]/ 74% |===================================== ]/ 52% |===================================== ]\ 45% |===================================== ]- 58% |===================================== ]\ 75% |===================================== ]- 46% |===================================== ]\ 52% |===================================== ]| 13% |===================================== ]- 58% |===================================== ]| 47% |===================================== ]| 53% |===================================== ]/ 13% |===================================== ]\ 59% |===================================== ]/ 54% |===================================== ]- 14% |===================================== ]| 47% |===================================== ]/ 60% |===================================== ]- 15% |===================================== ]/ 55% |===================================== ]\ 61% |===================================== ]\ 16% |===================================== ]- 55% |===================================== ]| 48% |===================================== ]- 61% |===================================== ]| 16% |===================================== ]\ 38% |===================================== ]| 49% |===================================== ]\ 17% |===================================== ]| 62% |===================================== ]/ 38% |===================================== ]/ 50% |===================================== ]| 18% |===================================== ]/  6% |===================================== ]/ 39% |===================================== ]- 19% |===================================== ]-  0% |===================================== ]/  7% |===================================== ]- 40% |===================================== ]\ 19% |===================================== ]\  1% |===================================== ]-  8% |===================================== ]\ 41% |===================================== ]| 20% |===================================== ]|  2% |===================================== ]\  8% |===================================== ]| 41% |===================================== ]/ 21% |===================================== ]/  2% |===================================== ]|  9% |===================================== ]/ 42% |===================================== ]- 22% |===================================== ]-  3% |===================================== ]/ 10% |===================================== ]- 43% |===================================== ]\ 22% |===================================== ]\  4% |===================================== ]- 11% |===================================== ]\ 23% |===================================== ]|  5% |===================================== ]\ 11% |===================================== ]| 24% |===================================== ]/  5% |===================================== ]| 12% |===================================== ]/ 25% |===================================== ]-[INFO] 12468 new tests generated
[WARNING] Too many tests have been generated: 12468
[INFO] Number of generated test reduced to 200
[INFO] Run tests. (200)
[ERROR] Error(s) during compilation:
[ERROR] Pb(130) The constructor Object(String) is undefined
[ERROR] Pb(50) __DSPOT_invoc_89 cannot be resolved
[ERROR] Pb(50) __DSPOT_invoc_66 cannot be resolved
[ERROR] Pb(50) __DSPOT_invoc_52 cannot be resolved
[ERROR] Pb(50) __DSPOT_invoc_66 cannot be resolved
[ERROR] Pb(50) __DSPOT_invoc_89 cannot be resolved
[ERROR] Pb(50) __DSPOT_invoc_52 cannot be resolved
[ERROR] Pb(50) __DSPOT_invoc_63 cannot be resolved
[ERROR] Pb(50) __DSPOT_invoc_63 cannot be resolved
[ERROR] Pb(50) __DSPOT_invoc_86 cannot be resolved
[ERROR] Pb(50) __DSPOT_invoc_63 cannot be resolved
[ERROR] Pb(50) __DSPOT_invoc_86 cannot be resolved
[ERROR] Pb(50) __DSPOT_invoc_63 cannot be resolved
[ERROR] Pb(50) __DSPOT_invoc_63 cannot be resolved
[ERROR] Pb(50) __DSPOT_invoc_63 cannot be resolved
[ERROR] Pb(50) __DSPOT_invoc_63 cannot be resolved
[ERROR] Pb(50) __DSPOT_invoc_63 cannot be resolved
[ERROR] Pb(50) __DSPOT_invoc_86 cannot be resolved
[ERROR] Pb(50) __DSPOT_invoc_63 cannot be resolved
[ERROR] Pb(50) __DSPOT_invoc_63 cannot be resolved
[ERROR] Error(s) during compilation:
[ERROR] Pb(130) The constructor Object(String) is undefined
[ERROR] Pb(50) __DSPOT_invoc_63 cannot be resolved
[ERROR] Pb(50) __DSPOT_invoc_86 cannot be resolved
[ERROR] Pb(50) __DSPOT_invoc_63 cannot be resolved
[ERROR] Pb(50) __DSPOT_invoc_86 cannot be resolved
[ERROR] Pb(50) __DSPOT_invoc_63 cannot be resolved
[ERROR] Pb(50) __DSPOT_invoc_91 cannot be resolved
[ERROR] Pb(50) __DSPOT_invoc_63 cannot be resolved
[ERROR] Pb(50) __DSPOT_invoc_89 cannot be resolved
[ERROR] Pb(50) __DSPOT_invoc_63 cannot be resolved
[ERROR] Pb(50) __DSPOT_invoc_86 cannot be resolved
[ERROR] Pb(50) __DSPOT_invoc_63 cannot be resolved
[ERROR] Pb(50) __DSPOT_invoc_89 cannot be resolved
[ERROR] Pb(50) __DSPOT_invoc_86 cannot be resolved
[ERROR] Pb(50) __DSPOT_invoc_63 cannot be resolved
[ERROR] Pb(50) __DSPOT_invoc_89 cannot be resolved
[ERROR] Pb(50) __DSPOT_invoc_63 cannot be resolved
[ERROR] Pb(50) __DSPOT_invoc_86 cannot be resolved
[ERROR] Pb(50) __DSPOT_invoc_63 cannot be resolved
[ERROR] Pb(50) __DSPOT_invoc_91 cannot be resolved
[ERROR] Error(s) during compilation:
[ERROR] Pb(130) The constructor Object(String) is undefined
[ERROR] Error(s) during compilation:
[ERROR] Pb(130) The constructor Object(String) is undefined
[WARNING] Trying three time to compile with no success. Give up.
[INFO] Run: java -classpath /tmp/icst-2019/september-2018/dataset/joda-time_parent/target/test-classes:/tmp/icst-2019/september-2018/dataset/joda-time_parent/target/classes/:/home/spirals/danglot/.m2/repository/junit/junit/4.12/junit-4.12.jar:/home/spirals/danglot/.m2/repository/org/joda/joda-convert/1.2/joda-convert-1.2.jar:/home/spirals/danglot/.m2/repository/junit/junit/3.8.2/junit-3.8.2.jar:/tmp/icst-2019/september-2018/dataset/joda-time_parent/target/dspot/dependencies/:/home/spirals/danglot/.m2/repository/eu/stamp-project/test-runner/1.1.0/test-runner-1.1.0-jar-with-dependencies.jar eu.stamp_project.testrunner.runner.test.TestRunner org.joda.time.TestDateTimeZone testProvider_add84_rv9329:testProvider_add93_rv3959:testProvider_add65_rv8752:testProvider_add65_rv8792:testProvider_add93_rv4003:testProvider_add84_rv9363:testProvider_add64_rv8004:testProvider_add64_rv8035:testProvider_add84_rv9317:testProvider_add93_rv3943:testProvider_add65_rv8739:testProvider_add84_rv9307:testProvider_add93_rv3927:testProvider_add65_rv8722:testProvider_add93_rv4029:testProvider_add65_rv8818:testProvider_add84_rv9322:testProvider_add84_rv9390:testProvider_add65_rv8746:testProvider_add93_rv3951:testProvider_add84_rv9424:testProvider_add93_rv4065:testProvider_add93_rv4025:testProvider_add65_rv8853:testProvider_add84_rv9387:testProvider_add65_rv8813:testProvider_add84_rv9349:testProvider_add84_rv9281:testProvider_add93_rv3892:testProvider_add93_rv3983:testProvider_add65_rv8770:testProvider_add65_rv8675:testProvider_add64_rv7993:testProvidernull133null4502:testProvidernull131null3808:testProvider_add64_rv7983:testProvidernull131null3812:testProvidernull131null3830:testProvidernull133null4524:testProvidernull133null4508:testProvidernull134null4924:testProvidernull138null6262:testProvidernull134null4918:testProvidernull138null6265:testProvider_add64_rv8058:testProvidernull134null4934:testProvidernull138null6267
File saved to the following path: /tmp/icst-2019/september-2018/dataset/joda-time_parent/target/dspot/TestListener.ser
Loading /tmp/icst-2019/september-2018/dataset/joda-time_parent/target/dspot/TestListener.ser
[INFO] Test has been run: initializationError(org.junit.runner.manipulation.Filter): No tests found matching Filter test methods according their simple name: [testProvider_add84_rv9329, testProvider_add93_rv3959, testProvider_add65_rv8752, testProvider_add65_rv8792, testProvider_add93_rv4003, testProvider_add84_rv9363, testProvider_add64_rv8004, testProvider_add64_rv8035, testProvider_add84_rv9317, testProvider_add93_rv3943, testProvider_add65_rv8739, testProvider_add84_rv9307, testProvider_add93_rv3927, testProvider_add65_rv8722, testProvider_add93_rv4029, testProvider_add65_rv8818, testProvider_add84_rv9322, testProvider_add84_rv9390, testProvider_add65_rv8746, testProvider_add93_rv3951, testProvider_add84_rv9424, testProvider_add93_rv4065, testProvider_add93_rv4025, testProvider_add65_rv8853, testProvider_add84_rv9387, testProvider_add65_rv8813, testProvider_add84_rv9349, testProvider_add84_rv9281, testProvider_add93_rv3892, testProvider_add93_rv3983, testProvider_add65_rv8770, testProvider_add65_rv8675, testProvider_add64_rv7993, testProvidernull133null4502, testProvidernull131null3808, testProvider_add64_rv7983, testProvidernull131null3812, testProvidernull131null3830, testProvidernull133null4524, testProvidernull133null4508, testProvidernull134null4924, testProvidernull138null6262, testProvidernull134null4918, testProvidernull138null6265, testProvider_add64_rv8058, testProvidernull134null4934, testProvidernull138null6267] from org.junit.internal.requests.ClassRequest@2b71fc7e
[INFO] 1 test fail, generating try/catch/fail blocks...
[INFO] Could not generate any test with assertions
[INFO] iteration 2 / 3
[INFO] 200 tests selected to be amplified over 200 available tests
[INFO] Amplification of inputs...
 13% |============================================ ]- 88% |============================================ ]| 63% |============================================ ]- 31% |============================================ ]\ 88% |============================================ ]/ 13% |============================================ ]\ 32% |============================================ ]| 63% |============================================ ]\ 89% |============================================ ]- 14% |============================================ ]| 32% |============================================ ]/ 89% |============================================ ]\ 64% |============================================ ]| 33% |============================================ ]- 14% |============================================ ]/ 90% |============================================= ]| 64% |============================================= ]/ 33% |============================================= ]\ 15% |============================================= ]- 90% |============================================= ]/ 34% |============================================= ]| 65% |============================================= ]- 15% |============================================= ]\ 91% |============================================= ]- 34% |============================================= ]/ 16% |============================================= ]| 91% |============================================= ]\ 65% |============================================= ]\ 35% |============================================= ]- 16% |============================================= ]/ 66% |============================================= ]| 92% |============================================== ]| 17% |============================================== ]- 35% |============================================== ]\ 92% |============================================== ]/ 66% |============================================== ]/ 36% |============================================== ]| 17% |============================================== ]\ 93% |============================================== ]- 67% |============================================== ]- 36% |============================================== ]/ 18% |============================================== ]| 93% |============================================== ]\ 67% |============================================== ]\ 37% |============================================== ]- 18% |============================================== ]/ 94% |=============================================== ]| 68% |=============================================== ]| 94% |=============================================== ]/ 37% |=============================================== ]\ 19% |=============================================== ]- 68% |=============================================== ]/ 95% |=============================================== ]- 25% |=============================================== ]\ 19% |=============================================== ]\ 69% |=============================================== ]- 26% |=============================================== ]| 95% |=============================================== ]\ 20% |=============================================== ]| 69% |=============================================== ]\ 96% |================================================ ]| 26% |================================================ ]/ 20% |================================================ ]/ 27% |================================================ ]- 96% |================================================ ]/ 70% |================================================ ]| 21% |================================================ ]- 97% |================================================ ]- 27% |================================================ ]\ 70% |================================================ ]/ 97% |================================================ ]\ 21% |================================================ ]\ 71% |================================================ ]- 28% |================================================ ]| 22% |================================================ ]| 71% |================================================ ]\ 98% |================================================= ]| 28% |================================================= ]/ 22% |================================================= ]/ 72% |================================================= ]| 98% |================================================= ]/ 29% |================================================= ]- 23% |================================================= ]- 72% |================================================= ]/ 29% |================================================= ]\ 99% |================================================= ]- 23% |================================================= ]\ 73% |================================================= ]- 30% |================================================= ]| 24% |================================================= ]| 99% |================================================= ]\ 30% |================================================= ]/ 73% |================================================= ]\ 24% |================================================= ]/ 31% |================================================= ]-100% |================================================== ]|
 74% |===================================== ]| 25% |===================================== ]- 44% |===================================== ]| 74% |===================================== ]/ 81% |======================================== ]\  6% |======================================== ]/ 75% |======================================== ]- 44% |======================================== ]/ 82% |========================================= ]|  7% |========================================= ]- 56% |========================================= ]/ 82% |========================================= ]/ 45% |========================================= ]-  7% |========================================= ]\ 57% |========================================= ]- 83% |========================================= ]- 45% |========================================= ]\ 57% |========================================= ]\ 83% |========================================= ]\  8% |========================================= ]| 46% |========================================= ]| 58% |========================================= ]| 84% |========================================== ]|  8% |========================================== ]/ 46% |========================================== ]/ 84% |========================================== ]/ 58% |========================================== ]/  9% |========================================== ]- 85% |========================================== ]- 59% |========================================== ]- 47% |========================================== ]-  9% |========================================== ]\ 85% |========================================== ]\ 59% |========================================== ]\ 10% |========================================== ]| 47% |========================================== ]\ 86% |=========================================== ]| 10% |=========================================== ]/ 48% |=========================================== ]| 60% |=========================================== ]| 86% |=========================================== ]/ 48% |=========================================== ]/ 60% |=========================================== ]/ 11% |=========================================== ]- 87% |=========================================== ]- 49% |=========================================== ]- 11% |=========================================== ]\ 87% |=========================================== ]\ 61% |=========================================== ]- 49% |=========================================== ]\ 75% |=========================================== ]\ 12% |=========================================== ]| 61% |=========================================== ]\ 76% |=========================================== ]| 50% |=========================================== ]| 62% |=========================================== ]| 12% |=========================================== ]/ 76% |=========================================== ]/ 38% |=========================================== ]| 62% |=========================================== ]/  0% |=========================================== ]/ 77% |=========================================== ]- 38% |=========================================== ]/ 50% |=========================================== ]/ 77% |=========================================== ]\  1% |=========================================== ]- 39% |=========================================== ]- 51% |=========================================== ]- 78% |=========================================== ]| 39% |=========================================== ]\  1% |=========================================== ]\ 78% |=========================================== ]/ 51% |=========================================== ]\ 79% |=========================================== ]- 40% |=========================================== ]|  2% |=========================================== ]| 52% |=========================================== ]| 79% |=========================================== ]\ 40% |=========================================== ]/ 52% |=========================================== ]/ 80% |=========================================== ]|  2% |=========================================== ]/ 41% |=========================================== ]- 53% |=========================================== ]- 80% |=========================================== ]/  3% |=========================================== ]- 41% |=========================================== ]\ 53% |=========================================== ]\ 81% |=========================================== ]- 42% |=========================================== ]|  3% |=========================================== ]\ 54% |=========================================== ]| 42% |=========================================== ]/  4% |=========================================== ]| 54% |=========================================== ]/ 43% |=========================================== ]-  4% |=========================================== ]/ 43% |=========================================== ]\ 55% |=========================================== ]-  5% |=========================================== ]- 55% |=========================================== ]\ 56% |=========================================== ]|  5% |=========================================== ]\  6% |=========================================== ]|[INFO] 20119 new tests generated
[WARNING] Too many tests have been generated: 20119
[INFO] Number of generated test reduced to 200
[INFO] Run tests. (200)
[ERROR] Error(s) during compilation:
[ERROR] Pb(130) The constructor Object(String) is undefined
[ERROR] Pb(50) __DSPOT_invoc_89 cannot be resolved
[ERROR] Pb(50) __DSPOT_invoc_66 cannot be resolved
[ERROR] Pb(50) __DSPOT_invoc_63 cannot be resolved
[ERROR] Pb(50) __DSPOT_invoc_89 cannot be resolved
[ERROR] Pb(100) The method getMethod(String, Class<?>[]) is undefined for the type Method
[ERROR] Pb(50) __DSPOT_invoc_86 cannot be resolved
[ERROR] Error(s) during compilation:
[ERROR] Pb(130) The constructor Object(String) is undefined
[ERROR] Error(s) during compilation:
[ERROR] Pb(130) The constructor Object(String) is undefined
[ERROR] Error(s) during compilation:
[ERROR] Pb(130) The constructor Object(String) is undefined
[WARNING] Trying three time to compile with no success. Give up.
[INFO] Run: java -classpath /tmp/icst-2019/september-2018/dataset/joda-time_parent/target/test-classes:/tmp/icst-2019/september-2018/dataset/joda-time_parent/target/classes/:/home/spirals/danglot/.m2/repository/junit/junit/4.12/junit-4.12.jar:/home/spirals/danglot/.m2/repository/org/joda/joda-convert/1.2/joda-convert-1.2.jar:/home/spirals/danglot/.m2/repository/junit/junit/3.8.2/junit-3.8.2.jar:/tmp/icst-2019/september-2018/dataset/joda-time_parent/target/dspot/dependencies/:/home/spirals/danglot/.m2/repository/eu/stamp-project/test-runner/1.1.0/test-runner-1.1.0-jar-with-dependencies.jar eu.stamp_project.testrunner.runner.test.TestRunner org.joda.time.TestDateTimeZone testProvidernull133null4502null30012:testProvidernull133null4502null30022:testProvidernull131null3830null13466:testProvidernull131null3812null27471:testProvidernull133null4508null14058:testProvidernull131null3808null30646:testProvidernull131null3808null30655:testProvidernull133null4524null13757:testProvidernull138null6265null15252:testProvidernull134null4924null14358:testProvidernull134null4918null14960:testProvidernull138null6262null14648:testProvidernull133null4508null14070:testProvidernull133null4524null13762:testProvidernull131null3812null27482:testProvidernull131null3830null13469:testProvidernull134null4924null14373:testProvidernull138null6262null14652:testProvidernull134null4934null19326:testProvidernull134null4934null19329:testProvidernull138null6265null15259:testProvidernull138null6267null19622:testProvidernull134null4918null14973:testProvidernull138null6267null19618:testProvidernull133null4502null30009:testProvidernull131null3808null30644:testProvidernull133null4502null30015:testProvidernull131null3808null30648:testProvidernull133null4508null14060:testProvidernull131null3830null13464:testProvidernull133null4524null13760:testProvidernull134null4924null14360:testProvidernull131null3812null27468:testProvidernull138null6262null14644:testProvidernull138null6265null15255:testProvidernull134null4918null14959:testProvidernull131null3830null13471:testProvidernull133null4508null14064:testProvidernull131null3812null27473:testProvidernull133null4524null13764:testProvidernull134null4924null14364:testProvidernull138null6262null14653:testProvidernull138null6265null15263:testProvidernull134null4918null14964:testProvidernull134null4934null19327:testProvidernull138null6267null19620:testProvidernull134null4934null19331:testProvidernull138null6267null19625:testProvidernull131null3830_literalMutationString13254:testProvidernull131null3808_literalMutationString30521:testProvidernull133null4524_literalMutationString13525:testProvidernull131null3808_literalMutationString30436:testProvidernull131null3812_literalMutationString27247:testProvidernull138null6262_literalMutationString14422:testProvidernull138null6265_literalMutationString15023:testProvidernull133null4502_literalMutationString29872:testProvidernull133null4508_literalMutationString13819:testProvidernull133null4502_literalMutationString29783:testProvidernull134null4918_literalMutationString14751:testProvidernull134null4924_literalMutationString14098:testProvidernull131null3812_literalMutationString27332:testProvidernull134null4924_literalMutationString14213:testProvidernull131null3830_literalMutationString13277:testProvidernull133null4508_literalMutationString13924:testProvidernull133null4524_literalMutationString13568:testProvidernull134null4934_literalMutationString19133:testProvidernull138null6262_literalMutationString14445:testProvidernull134null4918_literalMutationString14832:testProvidernull138null6265_literalMutationString15065:testProvidernull138null6267_literalMutationString19413:testProvidernull134null4934_literalMutationString19087:testProvidernull138null6267_literalMutationString19369:testProvidernull133null4502null30006:testProvidernull131null3808null30641:testProvidernull131null3808_literalMutationString30412:testProvidernull133null4502_literalMutationString29757:testProvidernull131null3830null13462:testProvidernull133null4508null14054:testProvidernull133null4524null13755:testProvidernull131null3812null27466:testProvidernull134null4924null14355:testProvidernull133null4502_literalMutationString29805:testProvidernull131null3808_literalMutationString30456:testProvidernull138null6262null14643:testProvidernull138null6265null15248:testProvidernull134null4918null14955:testProvidernull131null3830_literalMutationString13228:testProvidernull134null4924_literalMutationString14112:testProvidernull131null3812_literalMutationString27235:testProvidernull138null6262_literalMutationString14410:testProvidernull133null4524_literalMutationString13545:testProvidernull138null6265_literalMutationString15044:testProvidernull133null4508_literalMutationString13837:testProvidernull134null4918_literalMutationString14725:testProvider_add84_rv9329_rv29464:testProvidernull131null3830_literalMutationString13300:testProvidernull134null4924_literalMutationString14144:testProvidernull131null3812_literalMutationString27266:testProvidernull134null4934null19323:testProvidernull133null4508_literalMutationString13862:testProvidernull138null6265_literalMutationString15080:testProvidernull133null4524_literalMutationString13589:testProvidernull138null6262_literalMutationString14466:testProvidernull138null6267null19616:testProvidernull134null4918_literalMutationString14776:testProvider_add93_rv3959_rv30021:testProvidernull134null4934_literalMutationString19109:testProvidernull138null6267_literalMutationString19388:testProvidernull134null4934_literalMutationString19153:testProvidernull138null6267_literalMutationString19436:testProvidernull133null4502null30001:testProvidernull131null3808null30637:testProvidernull133null4502null30004:testProvidernull133null4502null30016:testProvidernull131null3808null30651:testProvidernull131null3808null30639:testProvidernull133null4502null30019:testProvidernull131null3808null30652:testProvidernull131null3830null13456:testProvidernull133null4508null14049:testProvidernull138null6265null15241:testProvidernull131null3812null27459:testProvidernull133null4524null13749:testProvidernull134null4924null14349:testProvidernull138null6262null14638:testProvidernull134null4918null14949:testProvidernull133null4508null14050:testProvidernull131null3830null13475:testProvidernull131null3812null27462:testProvidernull133null4524null13752:testProvidernull131null3830null13459:testProvidernull133null4508null14066:testProvidernull134null4924null14353:testProvidernull131null3812null27477:testProvidernull133null4524null13767:testProvidernull138null6265null15244:testProvidernull134null4924null14367:testProvidernull134null4918null14951:testProvidernull138null6265null15265:testProvidernull138null6262null14639:testProvidernull138null6262null14657:testProvidernull131null3812null27480:testProvidernull133null4524null13770:testProvidernull134null4918null14968:testProvidernull131null3830null13479:testProvidernull133null4508null14069:testProvidernull138null6262null14661:testProvidernull134null4924null14369:testProvidernull138null6265null15268:testProvidernull134null4918null14969:testProvider_add93_rv4003_rv33207:testProvidernull134null4934null19319:testProvidernull138null6267null19611:testProvidernull133null4502_literalMutationString29733:testProvidernull131null3808_literalMutationString30394:testProvidernull134null4934null19320:testProvidernull134null4934null19333:testProvidernull138null6267null19613:testProvidernull138null6267null19626:testProvidernull134null4934null19334:testProvidernull138null6267null19629:testProvidernull131null3830_literalMutationString13203:testProvidernull131null3812_literalMutationString27210:testProvidernull133null4524_literalMutationString13506:testProvidernull138null6265_literalMutationString15000:testProvidernull134null4924_literalMutationString14085:testProvidernull133null4508_literalMutationString13794:testProvidernull134null4918_literalMutationString14690:testProvidernull138null6262_literalMutationString14397:testProvidernull131null3808_literalMutationString30440:testProvidernull131null3808_literalMutationString30524:testProvidernull131null3830_literalMutationString13258:testProvidernull133null4524_literalMutationString13528:testProvidernull133null4508_literalMutationString13823:testProvidernull138null6262_literalMutationString14423:testProvidernull131null3812_literalMutationString27249:testProvidernull138null6265_literalMutationString15027:testProvidernull133null4502_literalMutationString29785:testProvidernull134null4924_literalMutationString14099:testProvidernull133null4502_literalMutationString29877:testProvidernull134null4918_literalMutationString14756:testProvidernull134null4934_literalMutationString19062:testProvidernull138null6267_literalMutationString19352:testProvidernull131null3830_literalMutationString13281:testProvidernull134null4924_literalMutationString14221:testProvidernull131null3812_literalMutationString27336:testProvidernull133null4524_literalMutationString13572:testProvidernull133null4508_literalMutationString13931:testProvidernull138null6262_literalMutationString14455:testProvidernull134null4934_literalMutationString19136:testProvidernull134null4918_literalMutationString14835:testProvidernull138null6265_literalMutationString15068:testProvidernull134null4934_literalMutationString19094:testProvidernull138null6267_literalMutationString19371
File saved to the following path: /tmp/icst-2019/september-2018/dataset/joda-time_parent/target/dspot/TestListener.ser
Loading /tmp/icst-2019/september-2018/dataset/joda-time_parent/target/dspot/TestListener.ser
[INFO] Test has been run: initializationError(org.junit.runner.manipulation.Filter): No tests found matching Filter test methods according their simple name: [testProvidernull133null4502null30012, testProvidernull133null4502null30022, testProvidernull131null3830null13466, testProvidernull131null3812null27471, testProvidernull133null4508null14058, testProvidernull131null3808null30646, testProvidernull131null3808null30655, testProvidernull133null4524null13757, testProvidernull138null6265null15252, testProvidernull134null4924null14358, testProvidernull134null4918null14960, testProvidernull138null6262null14648, testProvidernull133null4508null14070, testProvidernull133null4524null13762, testProvidernull131null3812null27482, testProvidernull131null3830null13469, testProvidernull134null4924null14373, testProvidernull138null6262null14652, testProvidernull134null4934null19326, testProvidernull134null4934null19329, testProvidernull138null6265null15259, testProvidernull138null6267null19622, testProvidernull134null4918null14973, testProvidernull138null6267null19618, testProvidernull133null4502null30009, testProvidernull131null3808null30644, testProvidernull133null4502null30015, testProvidernull131null3808null30648, testProvidernull133null4508null14060, testProvidernull131null3830null13464, testProvidernull133null4524null13760, testProvidernull134null4924null14360, testProvidernull131null3812null27468, testProvidernull138null6262null14644, testProvidernull138null6265null15255, testProvidernull134null4918null14959, testProvidernull131null3830null13471, testProvidernull133null4508null14064, testProvidernull131null3812null27473, testProvidernull133null4524null13764, testProvidernull134null4924null14364, testProvidernull138null6262null14653, testProvidernull138null6265null15263, testProvidernull134null4918null14964, testProvidernull134null4934null19327, testProvidernull138null6267null19620, testProvidernull134null4934null19331, testProvidernull138null6267null19625, testProvidernull131null3830_literalMutationString13254, testProvidernull131null3808_literalMutationString30521, testProvidernull133null4524_literalMutationString13525, testProvidernull131null3808_literalMutationString30436, testProvidernull131null3812_literalMutationString27247, testProvidernull138null6262_literalMutationString14422, testProvidernull138null6265_literalMutationString15023, testProvidernull133null4502_literalMutationString29872, testProvidernull133null4508_literalMutationString13819, testProvidernull133null4502_literalMutationString29783, testProvidernull134null4918_literalMutationString14751, testProvidernull134null4924_literalMutationString14098, testProvidernull131null3812_literalMutationString27332, testProvidernull134null4924_literalMutationString14213, testProvidernull131null3830_literalMutationString13277, testProvidernull133null4508_literalMutationString13924, testProvidernull133null4524_literalMutationString13568, testProvidernull134null4934_literalMutationString19133, testProvidernull138null6262_literalMutationString14445, testProvidernull134null4918_literalMutationString14832, testProvidernull138null6265_literalMutationString15065, testProvidernull138null6267_literalMutationString19413, testProvidernull134null4934_literalMutationString19087, testProvidernull138null6267_literalMutationString19369, testProvidernull133null4502null30006, testProvidernull131null3808null30641, testProvidernull131null3808_literalMutationString30412, testProvidernull133null4502_literalMutationString29757, testProvidernull131null3830null13462, testProvidernull133null4508null14054, testProvidernull133null4524null13755, testProvidernull131null3812null27466, testProvidernull134null4924null14355, testProvidernull133null4502_literalMutationString29805, testProvidernull131null3808_literalMutationString30456, testProvidernull138null6262null14643, testProvidernull138null6265null15248, testProvidernull134null4918null14955, testProvidernull131null3830_literalMutationString13228, testProvidernull134null4924_literalMutationString14112, testProvidernull131null3812_literalMutationString27235, testProvidernull138null6262_literalMutationString14410, testProvidernull133null4524_literalMutationString13545, testProvidernull138null6265_literalMutationString15044, testProvidernull133null4508_literalMutationString13837, testProvidernull134null4918_literalMutationString14725, testProvider_add84_rv9329_rv29464, testProvidernull131null3830_literalMutationString13300, testProvidernull134null4924_literalMutationString14144, testProvidernull131null3812_literalMutationString27266, testProvidernull134null4934null19323, testProvidernull133null4508_literalMutationString13862, testProvidernull138null6265_literalMutationString15080, testProvidernull133null4524_literalMutationString13589, testProvidernull138null6262_literalMutationString14466, testProvidernull138null6267null19616, testProvidernull134null4918_literalMutationString14776, testProvider_add93_rv3959_rv30021, testProvidernull134null4934_literalMutationString19109, testProvidernull138null6267_literalMutationString19388, testProvidernull134null4934_literalMutationString19153, testProvidernull138null6267_literalMutationString19436, testProvidernull133null4502null30001, testProvidernull131null3808null30637, testProvidernull133null4502null30004, testProvidernull133null4502null30016, testProvidernull131null3808null30651, testProvidernull131null3808null30639, testProvidernull133null4502null30019, testProvidernull131null3808null30652, testProvidernull131null3830null13456, testProvidernull133null4508null14049, testProvidernull138null6265null15241, testProvidernull131null3812null27459, testProvidernull133null4524null13749, testProvidernull134null4924null14349, testProvidernull138null6262null14638, testProvidernull134null4918null14949, testProvidernull133null4508null14050, testProvidernull131null3830null13475, testProvidernull131null3812null27462, testProvidernull133null4524null13752, testProvidernull131null3830null13459, testProvidernull133null4508null14066, testProvidernull134null4924null14353, testProvidernull131null3812null27477, testProvidernull133null4524null13767, testProvidernull138null6265null15244, testProvidernull134null4924null14367, testProvidernull134null4918null14951, testProvidernull138null6265null15265, testProvidernull138null6262null14639, testProvidernull138null6262null14657, testProvidernull131null3812null27480, testProvidernull133null4524null13770, testProvidernull134null4918null14968, testProvidernull131null3830null13479, testProvidernull133null4508null14069, testProvidernull138null6262null14661, testProvidernull134null4924null14369, testProvidernull138null6265null15268, testProvidernull134null4918null14969, testProvider_add93_rv4003_rv33207, testProvidernull134null4934null19319, testProvidernull138null6267null19611, testProvidernull133null4502_literalMutationString29733, testProvidernull131null3808_literalMutationString30394, testProvidernull134null4934null19320, testProvidernull134null4934null19333, testProvidernull138null6267null19613, testProvidernull138null6267null19626, testProvidernull134null4934null19334, testProvidernull138null6267null19629, testProvidernull131null3830_literalMutationString13203, testProvidernull131null3812_literalMutationString27210, testProvidernull133null4524_literalMutationString13506, testProvidernull138null6265_literalMutationString15000, testProvidernull134null4924_literalMutationString14085, testProvidernull133null4508_literalMutationString13794, testProvidernull134null4918_literalMutationString14690, testProvidernull138null6262_literalMutationString14397, testProvidernull131null3808_literalMutationString30440, testProvidernull131null3808_literalMutationString30524, testProvidernull131null3830_literalMutationString13258, testProvidernull133null4524_literalMutationString13528, testProvidernull133null4508_literalMutationString13823, testProvidernull138null6262_literalMutationString14423, testProvidernull131null3812_literalMutationString27249, testProvidernull138null6265_literalMutationString15027, testProvidernull133null4502_literalMutationString29785, testProvidernull134null4924_literalMutationString14099, testProvidernull133null4502_literalMutationString29877, testProvidernull134null4918_literalMutationString14756, testProvidernull134null4934_literalMutationString19062, testProvidernull138null6267_literalMutationString19352, testProvidernull131null3830_literalMutationString13281, testProvidernull134null4924_literalMutationString14221, testProvidernull131null3812_literalMutationString27336, testProvidernull133null4524_literalMutationString13572, testProvidernull133null4508_literalMutationString13931, testProvidernull138null6262_literalMutationString14455, testProvidernull134null4934_literalMutationString19136, testProvidernull134null4918_literalMutationString14835, testProvidernull138null6265_literalMutationString15068, testProvidernull134null4934_literalMutationString19094, testProvidernull138null6267_literalMutationString19371] from org.junit.internal.requests.ClassRequest@2b71fc7e
[INFO] 1 test fail, generating try/catch/fail blocks...
[INFO] Could not generate any test with assertions
[INFO] 0 amplified test methods has been selected to be kept. (global: 0)
[INFO] elapsedTime 930194
======= REPORT =======
0 amplified test fails on the new versions.

[WARNING] DSpot could not obtain any amplified test method.
[WARNING] You can customize the following options: --amplifiers, --test-criterion, --iteration, --budgetizer etc, and retry with a new configuration.
[INFO] Amplification succeed.
[INFO] Elapsed time 988080 ms
[INFO] ------------------------------------------------------------------------
[INFO] BUILD SUCCESS
[INFO] ------------------------------------------------------------------------
[INFO] Total time: 17:18 min
[INFO] Finished at: 2018-09-29T04:58:58+02:00
[INFO] ------------------------------------------------------------------------
