Apache Maven 3.5.4 (1edded0938998edf8bf061f1ceb3cfdeccf443fe; 2018-06-17T20:33:14+02:00)
Maven home: /home/spirals/danglot/apache-maven-3.5.4
Java version: 1.8.0_121, vendor: Oracle Corporation, runtime: /home/spirals/danglot/jdk1.8.0_121/jre
Default locale: en_US, platform encoding: ANSI_X3.4-1968
OS name: "linux", version: "3.16.0-4-amd64", arch: "amd64", family: "unix"
[DEBUG] Created new class realm maven.api
[DEBUG] Importing foreign packages into class realm maven.api
[DEBUG]   Imported: javax.annotation.* < plexus.core
[DEBUG]   Imported: javax.annotation.security.* < plexus.core
[DEBUG]   Imported: javax.enterprise.inject.* < plexus.core
[DEBUG]   Imported: javax.enterprise.util.* < plexus.core
[DEBUG]   Imported: javax.inject.* < plexus.core
[DEBUG]   Imported: org.apache.maven.* < plexus.core
[DEBUG]   Imported: org.apache.maven.artifact < plexus.core
[DEBUG]   Imported: org.apache.maven.classrealm < plexus.core
[DEBUG]   Imported: org.apache.maven.cli < plexus.core
[DEBUG]   Imported: org.apache.maven.configuration < plexus.core
[DEBUG]   Imported: org.apache.maven.exception < plexus.core
[DEBUG]   Imported: org.apache.maven.execution < plexus.core
[DEBUG]   Imported: org.apache.maven.execution.scope < plexus.core
[DEBUG]   Imported: org.apache.maven.lifecycle < plexus.core
[DEBUG]   Imported: org.apache.maven.model < plexus.core
[DEBUG]   Imported: org.apache.maven.monitor < plexus.core
[DEBUG]   Imported: org.apache.maven.plugin < plexus.core
[DEBUG]   Imported: org.apache.maven.profiles < plexus.core
[DEBUG]   Imported: org.apache.maven.project < plexus.core
[DEBUG]   Imported: org.apache.maven.reporting < plexus.core
[DEBUG]   Imported: org.apache.maven.repository < plexus.core
[DEBUG]   Imported: org.apache.maven.rtinfo < plexus.core
[DEBUG]   Imported: org.apache.maven.settings < plexus.core
[DEBUG]   Imported: org.apache.maven.toolchain < plexus.core
[DEBUG]   Imported: org.apache.maven.usability < plexus.core
[DEBUG]   Imported: org.apache.maven.wagon.* < plexus.core
[DEBUG]   Imported: org.apache.maven.wagon.authentication < plexus.core
[DEBUG]   Imported: org.apache.maven.wagon.authorization < plexus.core
[DEBUG]   Imported: org.apache.maven.wagon.events < plexus.core
[DEBUG]   Imported: org.apache.maven.wagon.observers < plexus.core
[DEBUG]   Imported: org.apache.maven.wagon.proxy < plexus.core
[DEBUG]   Imported: org.apache.maven.wagon.repository < plexus.core
[DEBUG]   Imported: org.apache.maven.wagon.resource < plexus.core
[DEBUG]   Imported: org.codehaus.classworlds < plexus.core
[DEBUG]   Imported: org.codehaus.plexus.* < plexus.core
[DEBUG]   Imported: org.codehaus.plexus.classworlds < plexus.core
[DEBUG]   Imported: org.codehaus.plexus.component < plexus.core
[DEBUG]   Imported: org.codehaus.plexus.configuration < plexus.core
[DEBUG]   Imported: org.codehaus.plexus.container < plexus.core
[DEBUG]   Imported: org.codehaus.plexus.context < plexus.core
[DEBUG]   Imported: org.codehaus.plexus.lifecycle < plexus.core
[DEBUG]   Imported: org.codehaus.plexus.logging < plexus.core
[DEBUG]   Imported: org.codehaus.plexus.personality < plexus.core
[DEBUG]   Imported: org.codehaus.plexus.util.xml.Xpp3Dom < plexus.core
[DEBUG]   Imported: org.codehaus.plexus.util.xml.pull.XmlPullParser < plexus.core
[DEBUG]   Imported: org.codehaus.plexus.util.xml.pull.XmlPullParserException < plexus.core
[DEBUG]   Imported: org.codehaus.plexus.util.xml.pull.XmlSerializer < plexus.core
[DEBUG]   Imported: org.eclipse.aether.* < plexus.core
[DEBUG]   Imported: org.eclipse.aether.artifact < plexus.core
[DEBUG]   Imported: org.eclipse.aether.collection < plexus.core
[DEBUG]   Imported: org.eclipse.aether.deployment < plexus.core
[DEBUG]   Imported: org.eclipse.aether.graph < plexus.core
[DEBUG]   Imported: org.eclipse.aether.impl < plexus.core
[DEBUG]   Imported: org.eclipse.aether.installation < plexus.core
[DEBUG]   Imported: org.eclipse.aether.internal.impl < plexus.core
[DEBUG]   Imported: org.eclipse.aether.metadata < plexus.core
[DEBUG]   Imported: org.eclipse.aether.repository < plexus.core
[DEBUG]   Imported: org.eclipse.aether.resolution < plexus.core
[DEBUG]   Imported: org.eclipse.aether.spi < plexus.core
[DEBUG]   Imported: org.eclipse.aether.transfer < plexus.core
[DEBUG]   Imported: org.eclipse.aether.version < plexus.core
[DEBUG]   Imported: org.fusesource.jansi.* < plexus.core
[DEBUG]   Imported: org.slf4j.* < plexus.core
[DEBUG]   Imported: org.slf4j.helpers.* < plexus.core
[DEBUG]   Imported: org.slf4j.spi.* < plexus.core
[DEBUG] Populating class realm maven.api
[INFO] Error stacktraces are turned on.
[DEBUG] Message scheme: color
[DEBUG] Message styles: debug info warning error success failure strong mojo project
[DEBUG] Reading global settings from /home/spirals/danglot/apache-maven-3.5.4/conf/settings.xml
[DEBUG] Reading user settings from /home/spirals/danglot/.m2/settings.xml
[DEBUG] Reading global toolchains from /home/spirals/danglot/apache-maven-3.5.4/conf/toolchains.xml
[DEBUG] Reading user toolchains from /home/spirals/danglot/.m2/toolchains.xml
[DEBUG] Using local repository at /home/spirals/danglot/.m2/repository
[DEBUG] Using manager EnhancedLocalRepositoryManager with priority 10.0 for /home/spirals/danglot/.m2/repository
[INFO] Scanning for projects...
[DEBUG] Extension realms for project commons-io:commons-io:jar:2.6-SNAPSHOT: (none)
[DEBUG] Looking up lifecycle mappings for packaging jar from ClassRealm[plexus.core, parent: null]
[DEBUG] Extension realms for project org.apache.commons:commons-parent:pom:38: (none)
[DEBUG] Looking up lifecycle mappings for packaging pom from ClassRealm[plexus.core, parent: null]
[DEBUG] Extension realms for project org.apache:apache:pom:16: (none)
[DEBUG] Looking up lifecycle mappings for packaging pom from ClassRealm[plexus.core, parent: null]
[DEBUG] === REACTOR BUILD PLAN ================================================
[DEBUG] Project: commons-io:commons-io:jar:2.6-SNAPSHOT
[DEBUG] Tasks:   [eu.stamp-project:dspot-maven:1.1.1-SNAPSHOT:amplify-unit-tests]
[DEBUG] Style:   Regular
[DEBUG] =======================================================================
[INFO] 
[INFO] -----------------------< commons-io:commons-io >------------------------
[INFO] Building Apache Commons IO 2.6-SNAPSHOT
[INFO] --------------------------------[ jar ]---------------------------------
[DEBUG] Lifecycle default -> [validate, initialize, generate-sources, process-sources, generate-resources, process-resources, compile, process-classes, generate-test-sources, process-test-sources, generate-test-resources, process-test-resources, test-compile, process-test-classes, test, prepare-package, package, pre-integration-test, integration-test, post-integration-test, verify, install, deploy]
[DEBUG] Lifecycle clean -> [pre-clean, clean, post-clean]
[DEBUG] Lifecycle site -> [pre-site, site, post-site, site-deploy]
[DEBUG] === PROJECT BUILD PLAN ================================================
[DEBUG] Project:       commons-io:commons-io:2.6-SNAPSHOT
[DEBUG] Dependencies (collect): []
[DEBUG] Dependencies (resolve): [test]
[DEBUG] Repositories (dependencies): [apache.snapshots (http://repository.apache.org/snapshots, default, snapshots), central (https://repo.maven.apache.org/maven2, default, releases)]
[DEBUG] Repositories (plugins)     : [central (https://repo.maven.apache.org/maven2, default, releases)]
[DEBUG] -----------------------------------------------------------------------
[DEBUG] Goal:          eu.stamp-project:dspot-maven:1.1.1-SNAPSHOT:amplify-unit-tests (default-cli)
[DEBUG] Style:         Regular
[DEBUG] Configuration: <?xml version="1.0" encoding="UTF-8"?>
<configuration>
  <amplifiers default-value="None">${amplifiers}</amplifiers>
  <automaticBuilder default-value="MavenBuilder">${automatic-builder}</automaticBuilder>
  <budgetizer default-value="NoBudgetizer">${budgetizer}</budgetizer>
  <cases>${cases}</cases>
  <clean default-value="false">${clean}</clean>
  <descartes default-value="false">${descartes}</descartes>
  <example default-value="false">${example}</example>
  <generateNewTestClass default-value="false">${generate-new-test-class}</generateNewTestClass>
  <help default-value="false">${help}</help>
  <iteration default-value="3">${iteration}</iteration>
  <mavenHome>${maven-home}</mavenHome>
  <maxTestAmplified default-value="200">${max-test-amplified}</maxTestAmplified>
  <noMinimize default-value="false">${no-minimize}</noMinimize>
  <outputPath default-value="target/dspot/output">${output-path}</outputPath>
  <pathPitResult>${path-pit-result}</pathPitResult>
  <pathToProperties default-value="">${path-to-properties}</pathToProperties>
  <pathToSecondVersion default-value="">${path-to-second-version}</pathToSecondVersion>
  <pathToTestListCsv default-value="">${path-to-test-list-csv}</pathToTestListCsv>
  <project default-value="${project}"/>
  <randomSeed default-value="23">${randomSeed}</randomSeed>
  <test default-value="all">${test}</test>
  <testCriterion default-value="PitMutantScoreSelector">${test-criterion}</testCriterion>
  <timeOut default-value="10000">${timeOut}</timeOut>
  <useMavenToExeTest default-value="false">${use-maven-to-exe-test}</useMavenToExeTest>
  <verbose default-value="false">${verbose}</verbose>
  <withComment default-value="false">${with-comment}</withComment>
  <workingDirectory default-value="false">${working-directory}</workingDirectory>
</configuration>
[DEBUG] =======================================================================
[DEBUG] Dependency collection stats: {ConflictMarker.analyzeTime=814051, ConflictMarker.markTime=441952, ConflictMarker.nodeCount=3, ConflictIdSorter.graphTime=462044, ConflictIdSorter.topsortTime=420333, ConflictIdSorter.conflictIdCount=2, ConflictIdSorter.conflictIdCycleCount=0, ConflictResolver.totalTime=3976181, ConflictResolver.conflictItemCount=2, DefaultDependencyCollector.collectTime=151205014, DefaultDependencyCollector.transformTime=32541228}
[DEBUG] commons-io:commons-io:jar:2.6-SNAPSHOT
[DEBUG]    junit:junit:jar:4.12:test
[DEBUG]       org.hamcrest:hamcrest-core:jar:1.3:test
[INFO] 
[INFO] --- dspot-maven:1.1.1-SNAPSHOT:amplify-unit-tests (default-cli) @ commons-io ---
[DEBUG] Skipped remote request for eu.stamp-project:dspot:1.1.1-SNAPSHOT/maven-metadata.xml, locally installed metadata up-to-date.
[DEBUG] Skipped remote request for eu.stamp-project:dspot:1.1.1-SNAPSHOT/maven-metadata.xml, locally installed metadata up-to-date.
[DEBUG] Using transporter WagonTransporter with priority -1.0 for https://stamp-project.github.io/stamp-maven-repository/
[DEBUG] Using connector BasicRepositoryConnector with priority 0.0 for https://stamp-project.github.io/stamp-maven-repository/
Downloading from stamp-maven-repository-mvn-repo: https://stamp-project.github.io/stamp-maven-repository/eu/stamp-project/dspot/1.1.1-SNAPSHOT/maven-metadata.xml
[DEBUG] Writing tracking file /home/spirals/danglot/.m2/repository/eu/stamp-project/dspot/1.1.1-SNAPSHOT/resolver-status.properties
[DEBUG] Could not find metadata eu.stamp-project:dspot:1.1.1-SNAPSHOT/maven-metadata.xml in stamp-maven-repository-mvn-repo (https://stamp-project.github.io/stamp-maven-repository/)
[DEBUG] Skipped remote request for eu.stamp-project:dspot:1.1.1-SNAPSHOT/maven-metadata.xml, already updated during this session.
[DEBUG] Failure to find eu.stamp-project:dspot:1.1.1-SNAPSHOT/maven-metadata.xml in https://stamp-project.github.io/stamp-maven-repository/ was cached in the local repository, resolution will not be reattempted until the update interval of stamp-maven-repository-mvn-repo has elapsed or updates are forced
[DEBUG] Skipped remote request for eu.stamp-project:dspot:1.1.1-SNAPSHOT/maven-metadata.xml, locally installed metadata up-to-date.
[DEBUG] Skipped remote request for eu.stamp-project:dspot:1.1.1-SNAPSHOT/maven-metadata.xml, locally installed metadata up-to-date.
[DEBUG] Could not find metadata fr.inria.gforge.spoon:spoon-core:7.1.0-SNAPSHOT/maven-metadata.xml in local (/home/spirals/danglot/.m2/repository)
[DEBUG] Failure to find fr.inria.gforge.spoon:spoon-core:7.1.0-SNAPSHOT/maven-metadata.xml in https://repo.gradle.org/gradle/libs-releases-local/ was cached in the local repository, resolution will not be reattempted until the update interval of gradle-repo has elapsed or updates are forced
[DEBUG] Failure to find fr.inria.gforge.spoon:spoon-core:7.1.0-SNAPSHOT/maven-metadata.xml in https://oss.sonatype.org/content/repositories/snapshots was cached in the local repository, resolution will not be reattempted until the update interval of sonatype-nexus-snapshots has elapsed or updates are forced
[DEBUG] Skipped remote request for fr.inria.gforge.spoon:spoon-core:7.1.0-SNAPSHOT/maven-metadata.xml, locally cached metadata up-to-date.
[DEBUG] Using transporter WagonTransporter with priority -1.0 for https://stamp-project.github.io/stamp-maven-repository/
[DEBUG] Using connector BasicRepositoryConnector with priority 0.0 for https://stamp-project.github.io/stamp-maven-repository/
Downloading from stamp-maven-repository-mvn-repo: https://stamp-project.github.io/stamp-maven-repository/fr/inria/gforge/spoon/spoon-core/7.1.0-SNAPSHOT/maven-metadata.xml
[DEBUG] Writing tracking file /home/spirals/danglot/.m2/repository/fr/inria/gforge/spoon/spoon-core/7.1.0-SNAPSHOT/resolver-status.properties
[DEBUG] Could not find metadata fr.inria.gforge.spoon:spoon-core:7.1.0-SNAPSHOT/maven-metadata.xml in stamp-maven-repository-mvn-repo (https://stamp-project.github.io/stamp-maven-repository/)
[DEBUG] Could not find metadata fr.inria.gforge.spoon:spoon-core:7.1.0-SNAPSHOT/maven-metadata.xml in local (/home/spirals/danglot/.m2/repository)
[DEBUG] Skipped remote request for fr.inria.gforge.spoon:spoon-core:7.1.0-SNAPSHOT/maven-metadata.xml, already updated during this session.
[DEBUG] Failure to find fr.inria.gforge.spoon:spoon-core:7.1.0-SNAPSHOT/maven-metadata.xml in https://stamp-project.github.io/stamp-maven-repository/ was cached in the local repository, resolution will not be reattempted until the update interval of stamp-maven-repository-mvn-repo has elapsed or updates are forced
[DEBUG] Failure to find fr.inria.gforge.spoon:spoon-core:7.1.0-SNAPSHOT/maven-metadata.xml in https://repo.gradle.org/gradle/libs-releases-local/ was cached in the local repository, resolution will not be reattempted until the update interval of gradle-repo has elapsed or updates are forced
[DEBUG] Failure to find fr.inria.gforge.spoon:spoon-core:7.1.0-SNAPSHOT/maven-metadata.xml in https://oss.sonatype.org/content/repositories/snapshots was cached in the local repository, resolution will not be reattempted until the update interval of sonatype-nexus-snapshots has elapsed or updates are forced
[DEBUG] Skipped remote request for fr.inria.gforge.spoon:spoon-core:7.1.0-SNAPSHOT/maven-metadata.xml, locally cached metadata up-to-date.
[DEBUG] Could not find metadata org.eclipse.platform:org.eclipse.core.resources/maven-metadata.xml in local (/home/spirals/danglot/.m2/repository)
[DEBUG] Skipped remote request for org.eclipse.platform:org.eclipse.core.resources/maven-metadata.xml, locally cached metadata up-to-date.
[DEBUG] Failure to find org.eclipse.platform:org.eclipse.core.resources/maven-metadata.xml in https://repo.gradle.org/gradle/libs-releases-local/ was cached in the local repository, resolution will not be reattempted until the update interval of gradle-repo has elapsed or updates are forced
[DEBUG] Failure to find org.eclipse.platform:org.eclipse.core.resources/maven-metadata.xml in https://oss.sonatype.org/content/repositories/snapshots was cached in the local repository, resolution will not be reattempted until the update interval of sonatype-nexus-snapshots has elapsed or updates are forced
[DEBUG] Failure to find org.eclipse.platform:org.eclipse.core.resources/maven-metadata.xml in http://maven.inria.fr/artifactory/spoon-public-snapshot was cached in the local repository, resolution will not be reattempted until the update interval of maven.inria.fr-snapshot has elapsed or updates are forced
[DEBUG] Failure to find org.eclipse.platform:org.eclipse.core.resources/maven-metadata.xml in http://maven.inria.fr/artifactory/triskell-public-release was cached in the local repository, resolution will not be reattempted until the update interval of inria has elapsed or updates are forced
[DEBUG] Using transporter WagonTransporter with priority -1.0 for https://stamp-project.github.io/stamp-maven-repository/
[DEBUG] Using connector BasicRepositoryConnector with priority 0.0 for https://stamp-project.github.io/stamp-maven-repository/
Downloading from stamp-maven-repository-mvn-repo: https://stamp-project.github.io/stamp-maven-repository/org/eclipse/platform/org.eclipse.core.resources/maven-metadata.xml
[DEBUG] Writing tracking file /home/spirals/danglot/.m2/repository/org/eclipse/platform/org.eclipse.core.resources/resolver-status.properties
[DEBUG] Could not find metadata org.eclipse.platform:org.eclipse.core.resources/maven-metadata.xml in stamp-maven-repository-mvn-repo (https://stamp-project.github.io/stamp-maven-repository/)
[DEBUG] Could not find metadata org.eclipse.platform:org.eclipse.core.expressions/maven-metadata.xml in local (/home/spirals/danglot/.m2/repository)
[DEBUG] Skipped remote request for org.eclipse.platform:org.eclipse.core.expressions/maven-metadata.xml, locally cached metadata up-to-date.
[DEBUG] Failure to find org.eclipse.platform:org.eclipse.core.expressions/maven-metadata.xml in https://repo.gradle.org/gradle/libs-releases-local/ was cached in the local repository, resolution will not be reattempted until the update interval of gradle-repo has elapsed or updates are forced
[DEBUG] Failure to find org.eclipse.platform:org.eclipse.core.expressions/maven-metadata.xml in https://oss.sonatype.org/content/repositories/snapshots was cached in the local repository, resolution will not be reattempted until the update interval of sonatype-nexus-snapshots has elapsed or updates are forced
[DEBUG] Failure to find org.eclipse.platform:org.eclipse.core.expressions/maven-metadata.xml in http://maven.inria.fr/artifactory/spoon-public-snapshot was cached in the local repository, resolution will not be reattempted until the update interval of maven.inria.fr-snapshot has elapsed or updates are forced
[DEBUG] Failure to find org.eclipse.platform:org.eclipse.core.expressions/maven-metadata.xml in http://maven.inria.fr/artifactory/triskell-public-release was cached in the local repository, resolution will not be reattempted until the update interval of inria has elapsed or updates are forced
[DEBUG] Using transporter WagonTransporter with priority -1.0 for https://stamp-project.github.io/stamp-maven-repository/
[DEBUG] Using connector BasicRepositoryConnector with priority 0.0 for https://stamp-project.github.io/stamp-maven-repository/
Downloading from stamp-maven-repository-mvn-repo: https://stamp-project.github.io/stamp-maven-repository/org/eclipse/platform/org.eclipse.core.expressions/maven-metadata.xml
[DEBUG] Writing tracking file /home/spirals/danglot/.m2/repository/org/eclipse/platform/org.eclipse.core.expressions/resolver-status.properties
[DEBUG] Could not find metadata org.eclipse.platform:org.eclipse.core.expressions/maven-metadata.xml in stamp-maven-repository-mvn-repo (https://stamp-project.github.io/stamp-maven-repository/)
[DEBUG] Could not find metadata org.eclipse.platform:org.eclipse.core.runtime/maven-metadata.xml in local (/home/spirals/danglot/.m2/repository)
[DEBUG] Skipped remote request for org.eclipse.platform:org.eclipse.core.runtime/maven-metadata.xml, locally cached metadata up-to-date.
[DEBUG] Failure to find org.eclipse.platform:org.eclipse.core.runtime/maven-metadata.xml in https://repo.gradle.org/gradle/libs-releases-local/ was cached in the local repository, resolution will not be reattempted until the update interval of gradle-repo has elapsed or updates are forced
[DEBUG] Failure to find org.eclipse.platform:org.eclipse.core.runtime/maven-metadata.xml in https://oss.sonatype.org/content/repositories/snapshots was cached in the local repository, resolution will not be reattempted until the update interval of sonatype-nexus-snapshots has elapsed or updates are forced
[DEBUG] Failure to find org.eclipse.platform:org.eclipse.core.runtime/maven-metadata.xml in http://maven.inria.fr/artifactory/spoon-public-snapshot was cached in the local repository, resolution will not be reattempted until the update interval of maven.inria.fr-snapshot has elapsed or updates are forced
[DEBUG] Failure to find org.eclipse.platform:org.eclipse.core.runtime/maven-metadata.xml in http://maven.inria.fr/artifactory/triskell-public-release was cached in the local repository, resolution will not be reattempted until the update interval of inria has elapsed or updates are forced
[DEBUG] Using transporter WagonTransporter with priority -1.0 for https://stamp-project.github.io/stamp-maven-repository/
[DEBUG] Using connector BasicRepositoryConnector with priority 0.0 for https://stamp-project.github.io/stamp-maven-repository/
Downloading from stamp-maven-repository-mvn-repo: https://stamp-project.github.io/stamp-maven-repository/org/eclipse/platform/org.eclipse.core.runtime/maven-metadata.xml
[DEBUG] Writing tracking file /home/spirals/danglot/.m2/repository/org/eclipse/platform/org.eclipse.core.runtime/resolver-status.properties
[DEBUG] Could not find metadata org.eclipse.platform:org.eclipse.core.runtime/maven-metadata.xml in stamp-maven-repository-mvn-repo (https://stamp-project.github.io/stamp-maven-repository/)
[DEBUG] Could not find metadata org.eclipse.platform:org.eclipse.osgi/maven-metadata.xml in local (/home/spirals/danglot/.m2/repository)
[DEBUG] Skipped remote request for org.eclipse.platform:org.eclipse.osgi/maven-metadata.xml, locally cached metadata up-to-date.
[DEBUG] Failure to find org.eclipse.platform:org.eclipse.osgi/maven-metadata.xml in https://repo.gradle.org/gradle/libs-releases-local/ was cached in the local repository, resolution will not be reattempted until the update interval of gradle-repo has elapsed or updates are forced
[DEBUG] Failure to find org.eclipse.platform:org.eclipse.osgi/maven-metadata.xml in https://oss.sonatype.org/content/repositories/snapshots was cached in the local repository, resolution will not be reattempted until the update interval of sonatype-nexus-snapshots has elapsed or updates are forced
[DEBUG] Failure to find org.eclipse.platform:org.eclipse.osgi/maven-metadata.xml in http://maven.inria.fr/artifactory/spoon-public-snapshot was cached in the local repository, resolution will not be reattempted until the update interval of maven.inria.fr-snapshot has elapsed or updates are forced
[DEBUG] Failure to find org.eclipse.platform:org.eclipse.osgi/maven-metadata.xml in http://maven.inria.fr/artifactory/triskell-public-release was cached in the local repository, resolution will not be reattempted until the update interval of inria has elapsed or updates are forced
[DEBUG] Using transporter WagonTransporter with priority -1.0 for https://stamp-project.github.io/stamp-maven-repository/
[DEBUG] Using connector BasicRepositoryConnector with priority 0.0 for https://stamp-project.github.io/stamp-maven-repository/
Downloading from stamp-maven-repository-mvn-repo: https://stamp-project.github.io/stamp-maven-repository/org/eclipse/platform/org.eclipse.osgi/maven-metadata.xml
[DEBUG] Writing tracking file /home/spirals/danglot/.m2/repository/org/eclipse/platform/org.eclipse.osgi/resolver-status.properties
[DEBUG] Could not find metadata org.eclipse.platform:org.eclipse.osgi/maven-metadata.xml in stamp-maven-repository-mvn-repo (https://stamp-project.github.io/stamp-maven-repository/)
[DEBUG] Could not find metadata org.eclipse.platform:org.eclipse.equinox.common/maven-metadata.xml in local (/home/spirals/danglot/.m2/repository)
[DEBUG] Skipped remote request for org.eclipse.platform:org.eclipse.equinox.common/maven-metadata.xml, locally cached metadata up-to-date.
[DEBUG] Failure to find org.eclipse.platform:org.eclipse.equinox.common/maven-metadata.xml in https://repo.gradle.org/gradle/libs-releases-local/ was cached in the local repository, resolution will not be reattempted until the update interval of gradle-repo has elapsed or updates are forced
[DEBUG] Failure to find org.eclipse.platform:org.eclipse.equinox.common/maven-metadata.xml in https://oss.sonatype.org/content/repositories/snapshots was cached in the local repository, resolution will not be reattempted until the update interval of sonatype-nexus-snapshots has elapsed or updates are forced
[DEBUG] Failure to find org.eclipse.platform:org.eclipse.equinox.common/maven-metadata.xml in http://maven.inria.fr/artifactory/spoon-public-snapshot was cached in the local repository, resolution will not be reattempted until the update interval of maven.inria.fr-snapshot has elapsed or updates are forced
[DEBUG] Failure to find org.eclipse.platform:org.eclipse.equinox.common/maven-metadata.xml in http://maven.inria.fr/artifactory/triskell-public-release was cached in the local repository, resolution will not be reattempted until the update interval of inria has elapsed or updates are forced
[DEBUG] Using transporter WagonTransporter with priority -1.0 for https://stamp-project.github.io/stamp-maven-repository/
[DEBUG] Using connector BasicRepositoryConnector with priority 0.0 for https://stamp-project.github.io/stamp-maven-repository/
Downloading from stamp-maven-repository-mvn-repo: https://stamp-project.github.io/stamp-maven-repository/org/eclipse/platform/org.eclipse.equinox.common/maven-metadata.xml
[DEBUG] Writing tracking file /home/spirals/danglot/.m2/repository/org/eclipse/platform/org.eclipse.equinox.common/resolver-status.properties
[DEBUG] Could not find metadata org.eclipse.platform:org.eclipse.equinox.common/maven-metadata.xml in stamp-maven-repository-mvn-repo (https://stamp-project.github.io/stamp-maven-repository/)
[DEBUG] Could not find metadata org.eclipse.platform:org.eclipse.core.jobs/maven-metadata.xml in local (/home/spirals/danglot/.m2/repository)
[DEBUG] Skipped remote request for org.eclipse.platform:org.eclipse.core.jobs/maven-metadata.xml, locally cached metadata up-to-date.
[DEBUG] Failure to find org.eclipse.platform:org.eclipse.core.jobs/maven-metadata.xml in https://repo.gradle.org/gradle/libs-releases-local/ was cached in the local repository, resolution will not be reattempted until the update interval of gradle-repo has elapsed or updates are forced
[DEBUG] Failure to find org.eclipse.platform:org.eclipse.core.jobs/maven-metadata.xml in https://oss.sonatype.org/content/repositories/snapshots was cached in the local repository, resolution will not be reattempted until the update interval of sonatype-nexus-snapshots has elapsed or updates are forced
[DEBUG] Failure to find org.eclipse.platform:org.eclipse.core.jobs/maven-metadata.xml in http://maven.inria.fr/artifactory/spoon-public-snapshot was cached in the local repository, resolution will not be reattempted until the update interval of maven.inria.fr-snapshot has elapsed or updates are forced
[DEBUG] Failure to find org.eclipse.platform:org.eclipse.core.jobs/maven-metadata.xml in http://maven.inria.fr/artifactory/triskell-public-release was cached in the local repository, resolution will not be reattempted until the update interval of inria has elapsed or updates are forced
[DEBUG] Using transporter WagonTransporter with priority -1.0 for https://stamp-project.github.io/stamp-maven-repository/
[DEBUG] Using connector BasicRepositoryConnector with priority 0.0 for https://stamp-project.github.io/stamp-maven-repository/
Downloading from stamp-maven-repository-mvn-repo: https://stamp-project.github.io/stamp-maven-repository/org/eclipse/platform/org.eclipse.core.jobs/maven-metadata.xml
[DEBUG] Writing tracking file /home/spirals/danglot/.m2/repository/org/eclipse/platform/org.eclipse.core.jobs/resolver-status.properties
[DEBUG] Could not find metadata org.eclipse.platform:org.eclipse.core.jobs/maven-metadata.xml in stamp-maven-repository-mvn-repo (https://stamp-project.github.io/stamp-maven-repository/)
[DEBUG] Could not find metadata org.eclipse.platform:org.eclipse.equinox.registry/maven-metadata.xml in local (/home/spirals/danglot/.m2/repository)
[DEBUG] Skipped remote request for org.eclipse.platform:org.eclipse.equinox.registry/maven-metadata.xml, locally cached metadata up-to-date.
[DEBUG] Failure to find org.eclipse.platform:org.eclipse.equinox.registry/maven-metadata.xml in https://repo.gradle.org/gradle/libs-releases-local/ was cached in the local repository, resolution will not be reattempted until the update interval of gradle-repo has elapsed or updates are forced
[DEBUG] Failure to find org.eclipse.platform:org.eclipse.equinox.registry/maven-metadata.xml in https://oss.sonatype.org/content/repositories/snapshots was cached in the local repository, resolution will not be reattempted until the update interval of sonatype-nexus-snapshots has elapsed or updates are forced
[DEBUG] Failure to find org.eclipse.platform:org.eclipse.equinox.registry/maven-metadata.xml in http://maven.inria.fr/artifactory/spoon-public-snapshot was cached in the local repository, resolution will not be reattempted until the update interval of maven.inria.fr-snapshot has elapsed or updates are forced
[DEBUG] Failure to find org.eclipse.platform:org.eclipse.equinox.registry/maven-metadata.xml in http://maven.inria.fr/artifactory/triskell-public-release was cached in the local repository, resolution will not be reattempted until the update interval of inria has elapsed or updates are forced
[DEBUG] Using transporter WagonTransporter with priority -1.0 for https://stamp-project.github.io/stamp-maven-repository/
[DEBUG] Using connector BasicRepositoryConnector with priority 0.0 for https://stamp-project.github.io/stamp-maven-repository/
Downloading from stamp-maven-repository-mvn-repo: https://stamp-project.github.io/stamp-maven-repository/org/eclipse/platform/org.eclipse.equinox.registry/maven-metadata.xml
[DEBUG] Writing tracking file /home/spirals/danglot/.m2/repository/org/eclipse/platform/org.eclipse.equinox.registry/resolver-status.properties
[DEBUG] Could not find metadata org.eclipse.platform:org.eclipse.equinox.registry/maven-metadata.xml in stamp-maven-repository-mvn-repo (https://stamp-project.github.io/stamp-maven-repository/)
[DEBUG] Could not find metadata org.eclipse.platform:org.eclipse.equinox.common/maven-metadata.xml in local (/home/spirals/danglot/.m2/repository)
[DEBUG] Skipped remote request for org.eclipse.platform:org.eclipse.equinox.common/maven-metadata.xml, locally cached metadata up-to-date.
[DEBUG] Skipped remote request for org.eclipse.platform:org.eclipse.equinox.common/maven-metadata.xml, already updated during this session.
[DEBUG] Failure to find org.eclipse.platform:org.eclipse.equinox.common/maven-metadata.xml in https://stamp-project.github.io/stamp-maven-repository/ was cached in the local repository, resolution will not be reattempted until the update interval of stamp-maven-repository-mvn-repo has elapsed or updates are forced
[DEBUG] Failure to find org.eclipse.platform:org.eclipse.equinox.common/maven-metadata.xml in https://repo.gradle.org/gradle/libs-releases-local/ was cached in the local repository, resolution will not be reattempted until the update interval of gradle-repo has elapsed or updates are forced
[DEBUG] Failure to find org.eclipse.platform:org.eclipse.equinox.common/maven-metadata.xml in https://oss.sonatype.org/content/repositories/snapshots was cached in the local repository, resolution will not be reattempted until the update interval of sonatype-nexus-snapshots has elapsed or updates are forced
[DEBUG] Failure to find org.eclipse.platform:org.eclipse.equinox.common/maven-metadata.xml in http://maven.inria.fr/artifactory/spoon-public-snapshot was cached in the local repository, resolution will not be reattempted until the update interval of maven.inria.fr-snapshot has elapsed or updates are forced
[DEBUG] Failure to find org.eclipse.platform:org.eclipse.equinox.common/maven-metadata.xml in http://maven.inria.fr/artifactory/triskell-public-release was cached in the local repository, resolution will not be reattempted until the update interval of inria has elapsed or updates are forced
[DEBUG] Could not find metadata org.eclipse.platform:org.eclipse.equinox.preferences/maven-metadata.xml in local (/home/spirals/danglot/.m2/repository)
[DEBUG] Skipped remote request for org.eclipse.platform:org.eclipse.equinox.preferences/maven-metadata.xml, locally cached metadata up-to-date.
[DEBUG] Failure to find org.eclipse.platform:org.eclipse.equinox.preferences/maven-metadata.xml in https://repo.gradle.org/gradle/libs-releases-local/ was cached in the local repository, resolution will not be reattempted until the update interval of gradle-repo has elapsed or updates are forced
[DEBUG] Failure to find org.eclipse.platform:org.eclipse.equinox.preferences/maven-metadata.xml in https://oss.sonatype.org/content/repositories/snapshots was cached in the local repository, resolution will not be reattempted until the update interval of sonatype-nexus-snapshots has elapsed or updates are forced
[DEBUG] Failure to find org.eclipse.platform:org.eclipse.equinox.preferences/maven-metadata.xml in http://maven.inria.fr/artifactory/spoon-public-snapshot was cached in the local repository, resolution will not be reattempted until the update interval of maven.inria.fr-snapshot has elapsed or updates are forced
[DEBUG] Failure to find org.eclipse.platform:org.eclipse.equinox.preferences/maven-metadata.xml in http://maven.inria.fr/artifactory/triskell-public-release was cached in the local repository, resolution will not be reattempted until the update interval of inria has elapsed or updates are forced
[DEBUG] Using transporter WagonTransporter with priority -1.0 for https://stamp-project.github.io/stamp-maven-repository/
[DEBUG] Using connector BasicRepositoryConnector with priority 0.0 for https://stamp-project.github.io/stamp-maven-repository/
Downloading from stamp-maven-repository-mvn-repo: https://stamp-project.github.io/stamp-maven-repository/org/eclipse/platform/org.eclipse.equinox.preferences/maven-metadata.xml
[DEBUG] Writing tracking file /home/spirals/danglot/.m2/repository/org/eclipse/platform/org.eclipse.equinox.preferences/resolver-status.properties
[DEBUG] Could not find metadata org.eclipse.platform:org.eclipse.equinox.preferences/maven-metadata.xml in stamp-maven-repository-mvn-repo (https://stamp-project.github.io/stamp-maven-repository/)
[DEBUG] Could not find metadata org.eclipse.platform:org.eclipse.equinox.common/maven-metadata.xml in local (/home/spirals/danglot/.m2/repository)
[DEBUG] Skipped remote request for org.eclipse.platform:org.eclipse.equinox.common/maven-metadata.xml, locally cached metadata up-to-date.
[DEBUG] Skipped remote request for org.eclipse.platform:org.eclipse.equinox.common/maven-metadata.xml, already updated during this session.
[DEBUG] Failure to find org.eclipse.platform:org.eclipse.equinox.common/maven-metadata.xml in https://stamp-project.github.io/stamp-maven-repository/ was cached in the local repository, resolution will not be reattempted until the update interval of stamp-maven-repository-mvn-repo has elapsed or updates are forced
[DEBUG] Failure to find org.eclipse.platform:org.eclipse.equinox.common/maven-metadata.xml in https://repo.gradle.org/gradle/libs-releases-local/ was cached in the local repository, resolution will not be reattempted until the update interval of gradle-repo has elapsed or updates are forced
[DEBUG] Failure to find org.eclipse.platform:org.eclipse.equinox.common/maven-metadata.xml in https://oss.sonatype.org/content/repositories/snapshots was cached in the local repository, resolution will not be reattempted until the update interval of sonatype-nexus-snapshots has elapsed or updates are forced
[DEBUG] Failure to find org.eclipse.platform:org.eclipse.equinox.common/maven-metadata.xml in http://maven.inria.fr/artifactory/spoon-public-snapshot was cached in the local repository, resolution will not be reattempted until the update interval of maven.inria.fr-snapshot has elapsed or updates are forced
[DEBUG] Failure to find org.eclipse.platform:org.eclipse.equinox.common/maven-metadata.xml in http://maven.inria.fr/artifactory/triskell-public-release was cached in the local repository, resolution will not be reattempted until the update interval of inria has elapsed or updates are forced
[DEBUG] Could not find metadata org.eclipse.platform:org.eclipse.core.contenttype/maven-metadata.xml in local (/home/spirals/danglot/.m2/repository)
[DEBUG] Skipped remote request for org.eclipse.platform:org.eclipse.core.contenttype/maven-metadata.xml, locally cached metadata up-to-date.
[DEBUG] Failure to find org.eclipse.platform:org.eclipse.core.contenttype/maven-metadata.xml in https://repo.gradle.org/gradle/libs-releases-local/ was cached in the local repository, resolution will not be reattempted until the update interval of gradle-repo has elapsed or updates are forced
[DEBUG] Failure to find org.eclipse.platform:org.eclipse.core.contenttype/maven-metadata.xml in https://oss.sonatype.org/content/repositories/snapshots was cached in the local repository, resolution will not be reattempted until the update interval of sonatype-nexus-snapshots has elapsed or updates are forced
[DEBUG] Failure to find org.eclipse.platform:org.eclipse.core.contenttype/maven-metadata.xml in http://maven.inria.fr/artifactory/spoon-public-snapshot was cached in the local repository, resolution will not be reattempted until the update interval of maven.inria.fr-snapshot has elapsed or updates are forced
[DEBUG] Failure to find org.eclipse.platform:org.eclipse.core.contenttype/maven-metadata.xml in http://maven.inria.fr/artifactory/triskell-public-release was cached in the local repository, resolution will not be reattempted until the update interval of inria has elapsed or updates are forced
[DEBUG] Using transporter WagonTransporter with priority -1.0 for https://stamp-project.github.io/stamp-maven-repository/
[DEBUG] Using connector BasicRepositoryConnector with priority 0.0 for https://stamp-project.github.io/stamp-maven-repository/
Downloading from stamp-maven-repository-mvn-repo: https://stamp-project.github.io/stamp-maven-repository/org/eclipse/platform/org.eclipse.core.contenttype/maven-metadata.xml
[DEBUG] Writing tracking file /home/spirals/danglot/.m2/repository/org/eclipse/platform/org.eclipse.core.contenttype/resolver-status.properties
[DEBUG] Could not find metadata org.eclipse.platform:org.eclipse.core.contenttype/maven-metadata.xml in stamp-maven-repository-mvn-repo (https://stamp-project.github.io/stamp-maven-repository/)
[DEBUG] Could not find metadata org.eclipse.platform:org.eclipse.equinox.preferences/maven-metadata.xml in local (/home/spirals/danglot/.m2/repository)
[DEBUG] Skipped remote request for org.eclipse.platform:org.eclipse.equinox.preferences/maven-metadata.xml, locally cached metadata up-to-date.
[DEBUG] Skipped remote request for org.eclipse.platform:org.eclipse.equinox.preferences/maven-metadata.xml, already updated during this session.
[DEBUG] Failure to find org.eclipse.platform:org.eclipse.equinox.preferences/maven-metadata.xml in https://stamp-project.github.io/stamp-maven-repository/ was cached in the local repository, resolution will not be reattempted until the update interval of stamp-maven-repository-mvn-repo has elapsed or updates are forced
[DEBUG] Failure to find org.eclipse.platform:org.eclipse.equinox.preferences/maven-metadata.xml in https://repo.gradle.org/gradle/libs-releases-local/ was cached in the local repository, resolution will not be reattempted until the update interval of gradle-repo has elapsed or updates are forced
[DEBUG] Failure to find org.eclipse.platform:org.eclipse.equinox.preferences/maven-metadata.xml in https://oss.sonatype.org/content/repositories/snapshots was cached in the local repository, resolution will not be reattempted until the update interval of sonatype-nexus-snapshots has elapsed or updates are forced
[DEBUG] Failure to find org.eclipse.platform:org.eclipse.equinox.preferences/maven-metadata.xml in http://maven.inria.fr/artifactory/spoon-public-snapshot was cached in the local repository, resolution will not be reattempted until the update interval of maven.inria.fr-snapshot has elapsed or updates are forced
[DEBUG] Failure to find org.eclipse.platform:org.eclipse.equinox.preferences/maven-metadata.xml in http://maven.inria.fr/artifactory/triskell-public-release was cached in the local repository, resolution will not be reattempted until the update interval of inria has elapsed or updates are forced
[DEBUG] Could not find metadata org.eclipse.platform:org.eclipse.equinox.registry/maven-metadata.xml in local (/home/spirals/danglot/.m2/repository)
[DEBUG] Skipped remote request for org.eclipse.platform:org.eclipse.equinox.registry/maven-metadata.xml, locally cached metadata up-to-date.
[DEBUG] Skipped remote request for org.eclipse.platform:org.eclipse.equinox.registry/maven-metadata.xml, already updated during this session.
[DEBUG] Failure to find org.eclipse.platform:org.eclipse.equinox.registry/maven-metadata.xml in https://stamp-project.github.io/stamp-maven-repository/ was cached in the local repository, resolution will not be reattempted until the update interval of stamp-maven-repository-mvn-repo has elapsed or updates are forced
[DEBUG] Failure to find org.eclipse.platform:org.eclipse.equinox.registry/maven-metadata.xml in https://repo.gradle.org/gradle/libs-releases-local/ was cached in the local repository, resolution will not be reattempted until the update interval of gradle-repo has elapsed or updates are forced
[DEBUG] Failure to find org.eclipse.platform:org.eclipse.equinox.registry/maven-metadata.xml in https://oss.sonatype.org/content/repositories/snapshots was cached in the local repository, resolution will not be reattempted until the update interval of sonatype-nexus-snapshots has elapsed or updates are forced
[DEBUG] Failure to find org.eclipse.platform:org.eclipse.equinox.registry/maven-metadata.xml in http://maven.inria.fr/artifactory/spoon-public-snapshot was cached in the local repository, resolution will not be reattempted until the update interval of maven.inria.fr-snapshot has elapsed or updates are forced
[DEBUG] Failure to find org.eclipse.platform:org.eclipse.equinox.registry/maven-metadata.xml in http://maven.inria.fr/artifactory/triskell-public-release was cached in the local repository, resolution will not be reattempted until the update interval of inria has elapsed or updates are forced
[DEBUG] Could not find metadata org.eclipse.platform:org.eclipse.equinox.app/maven-metadata.xml in local (/home/spirals/danglot/.m2/repository)
[DEBUG] Skipped remote request for org.eclipse.platform:org.eclipse.equinox.app/maven-metadata.xml, locally cached metadata up-to-date.
[DEBUG] Failure to find org.eclipse.platform:org.eclipse.equinox.app/maven-metadata.xml in https://repo.gradle.org/gradle/libs-releases-local/ was cached in the local repository, resolution will not be reattempted until the update interval of gradle-repo has elapsed or updates are forced
[DEBUG] Failure to find org.eclipse.platform:org.eclipse.equinox.app/maven-metadata.xml in https://oss.sonatype.org/content/repositories/snapshots was cached in the local repository, resolution will not be reattempted until the update interval of sonatype-nexus-snapshots has elapsed or updates are forced
[DEBUG] Failure to find org.eclipse.platform:org.eclipse.equinox.app/maven-metadata.xml in http://maven.inria.fr/artifactory/spoon-public-snapshot was cached in the local repository, resolution will not be reattempted until the update interval of maven.inria.fr-snapshot has elapsed or updates are forced
[DEBUG] Failure to find org.eclipse.platform:org.eclipse.equinox.app/maven-metadata.xml in http://maven.inria.fr/artifactory/triskell-public-release was cached in the local repository, resolution will not be reattempted until the update interval of inria has elapsed or updates are forced
[DEBUG] Using transporter WagonTransporter with priority -1.0 for https://stamp-project.github.io/stamp-maven-repository/
[DEBUG] Using connector BasicRepositoryConnector with priority 0.0 for https://stamp-project.github.io/stamp-maven-repository/
Downloading from stamp-maven-repository-mvn-repo: https://stamp-project.github.io/stamp-maven-repository/org/eclipse/platform/org.eclipse.equinox.app/maven-metadata.xml
[DEBUG] Writing tracking file /home/spirals/danglot/.m2/repository/org/eclipse/platform/org.eclipse.equinox.app/resolver-status.properties
[DEBUG] Could not find metadata org.eclipse.platform:org.eclipse.equinox.app/maven-metadata.xml in stamp-maven-repository-mvn-repo (https://stamp-project.github.io/stamp-maven-repository/)
[DEBUG] Could not find metadata org.eclipse.platform:org.eclipse.equinox.registry/maven-metadata.xml in local (/home/spirals/danglot/.m2/repository)
[DEBUG] Skipped remote request for org.eclipse.platform:org.eclipse.equinox.registry/maven-metadata.xml, locally cached metadata up-to-date.
[DEBUG] Skipped remote request for org.eclipse.platform:org.eclipse.equinox.registry/maven-metadata.xml, already updated during this session.
[DEBUG] Failure to find org.eclipse.platform:org.eclipse.equinox.registry/maven-metadata.xml in https://stamp-project.github.io/stamp-maven-repository/ was cached in the local repository, resolution will not be reattempted until the update interval of stamp-maven-repository-mvn-repo has elapsed or updates are forced
[DEBUG] Failure to find org.eclipse.platform:org.eclipse.equinox.registry/maven-metadata.xml in https://repo.gradle.org/gradle/libs-releases-local/ was cached in the local repository, resolution will not be reattempted until the update interval of gradle-repo has elapsed or updates are forced
[DEBUG] Failure to find org.eclipse.platform:org.eclipse.equinox.registry/maven-metadata.xml in https://oss.sonatype.org/content/repositories/snapshots was cached in the local repository, resolution will not be reattempted until the update interval of sonatype-nexus-snapshots has elapsed or updates are forced
[DEBUG] Failure to find org.eclipse.platform:org.eclipse.equinox.registry/maven-metadata.xml in http://maven.inria.fr/artifactory/spoon-public-snapshot was cached in the local repository, resolution will not be reattempted until the update interval of maven.inria.fr-snapshot has elapsed or updates are forced
[DEBUG] Failure to find org.eclipse.platform:org.eclipse.equinox.registry/maven-metadata.xml in http://maven.inria.fr/artifactory/triskell-public-release was cached in the local repository, resolution will not be reattempted until the update interval of inria has elapsed or updates are forced
[DEBUG] Could not find metadata org.eclipse.platform:org.eclipse.osgi/maven-metadata.xml in local (/home/spirals/danglot/.m2/repository)
[DEBUG] Skipped remote request for org.eclipse.platform:org.eclipse.osgi/maven-metadata.xml, locally cached metadata up-to-date.
[DEBUG] Skipped remote request for org.eclipse.platform:org.eclipse.osgi/maven-metadata.xml, already updated during this session.
[DEBUG] Failure to find org.eclipse.platform:org.eclipse.osgi/maven-metadata.xml in https://stamp-project.github.io/stamp-maven-repository/ was cached in the local repository, resolution will not be reattempted until the update interval of stamp-maven-repository-mvn-repo has elapsed or updates are forced
[DEBUG] Failure to find org.eclipse.platform:org.eclipse.osgi/maven-metadata.xml in https://repo.gradle.org/gradle/libs-releases-local/ was cached in the local repository, resolution will not be reattempted until the update interval of gradle-repo has elapsed or updates are forced
[DEBUG] Failure to find org.eclipse.platform:org.eclipse.osgi/maven-metadata.xml in https://oss.sonatype.org/content/repositories/snapshots was cached in the local repository, resolution will not be reattempted until the update interval of sonatype-nexus-snapshots has elapsed or updates are forced
[DEBUG] Failure to find org.eclipse.platform:org.eclipse.osgi/maven-metadata.xml in http://maven.inria.fr/artifactory/spoon-public-snapshot was cached in the local repository, resolution will not be reattempted until the update interval of maven.inria.fr-snapshot has elapsed or updates are forced
[DEBUG] Failure to find org.eclipse.platform:org.eclipse.osgi/maven-metadata.xml in http://maven.inria.fr/artifactory/triskell-public-release was cached in the local repository, resolution will not be reattempted until the update interval of inria has elapsed or updates are forced
[DEBUG] Could not find metadata org.eclipse.platform:org.eclipse.equinox.common/maven-metadata.xml in local (/home/spirals/danglot/.m2/repository)
[DEBUG] Skipped remote request for org.eclipse.platform:org.eclipse.equinox.common/maven-metadata.xml, locally cached metadata up-to-date.
[DEBUG] Skipped remote request for org.eclipse.platform:org.eclipse.equinox.common/maven-metadata.xml, already updated during this session.
[DEBUG] Failure to find org.eclipse.platform:org.eclipse.equinox.common/maven-metadata.xml in https://stamp-project.github.io/stamp-maven-repository/ was cached in the local repository, resolution will not be reattempted until the update interval of stamp-maven-repository-mvn-repo has elapsed or updates are forced
[DEBUG] Failure to find org.eclipse.platform:org.eclipse.equinox.common/maven-metadata.xml in https://repo.gradle.org/gradle/libs-releases-local/ was cached in the local repository, resolution will not be reattempted until the update interval of gradle-repo has elapsed or updates are forced
[DEBUG] Failure to find org.eclipse.platform:org.eclipse.equinox.common/maven-metadata.xml in https://oss.sonatype.org/content/repositories/snapshots was cached in the local repository, resolution will not be reattempted until the update interval of sonatype-nexus-snapshots has elapsed or updates are forced
[DEBUG] Failure to find org.eclipse.platform:org.eclipse.equinox.common/maven-metadata.xml in http://maven.inria.fr/artifactory/spoon-public-snapshot was cached in the local repository, resolution will not be reattempted until the update interval of maven.inria.fr-snapshot has elapsed or updates are forced
[DEBUG] Failure to find org.eclipse.platform:org.eclipse.equinox.common/maven-metadata.xml in http://maven.inria.fr/artifactory/triskell-public-release was cached in the local repository, resolution will not be reattempted until the update interval of inria has elapsed or updates are forced
[DEBUG] Could not find metadata org.eclipse.platform:org.eclipse.core.jobs/maven-metadata.xml in local (/home/spirals/danglot/.m2/repository)
[DEBUG] Skipped remote request for org.eclipse.platform:org.eclipse.core.jobs/maven-metadata.xml, locally cached metadata up-to-date.
[DEBUG] Skipped remote request for org.eclipse.platform:org.eclipse.core.jobs/maven-metadata.xml, already updated during this session.
[DEBUG] Failure to find org.eclipse.platform:org.eclipse.core.jobs/maven-metadata.xml in https://stamp-project.github.io/stamp-maven-repository/ was cached in the local repository, resolution will not be reattempted until the update interval of stamp-maven-repository-mvn-repo has elapsed or updates are forced
[DEBUG] Failure to find org.eclipse.platform:org.eclipse.core.jobs/maven-metadata.xml in https://repo.gradle.org/gradle/libs-releases-local/ was cached in the local repository, resolution will not be reattempted until the update interval of gradle-repo has elapsed or updates are forced
[DEBUG] Failure to find org.eclipse.platform:org.eclipse.core.jobs/maven-metadata.xml in https://oss.sonatype.org/content/repositories/snapshots was cached in the local repository, resolution will not be reattempted until the update interval of sonatype-nexus-snapshots has elapsed or updates are forced
[DEBUG] Failure to find org.eclipse.platform:org.eclipse.core.jobs/maven-metadata.xml in http://maven.inria.fr/artifactory/spoon-public-snapshot was cached in the local repository, resolution will not be reattempted until the update interval of maven.inria.fr-snapshot has elapsed or updates are forced
[DEBUG] Failure to find org.eclipse.platform:org.eclipse.core.jobs/maven-metadata.xml in http://maven.inria.fr/artifactory/triskell-public-release was cached in the local repository, resolution will not be reattempted until the update interval of inria has elapsed or updates are forced
[DEBUG] Could not find metadata org.eclipse.platform:org.eclipse.equinox.preferences/maven-metadata.xml in local (/home/spirals/danglot/.m2/repository)
[DEBUG] Skipped remote request for org.eclipse.platform:org.eclipse.equinox.preferences/maven-metadata.xml, locally cached metadata up-to-date.
[DEBUG] Skipped remote request for org.eclipse.platform:org.eclipse.equinox.preferences/maven-metadata.xml, already updated during this session.
[DEBUG] Failure to find org.eclipse.platform:org.eclipse.equinox.preferences/maven-metadata.xml in https://stamp-project.github.io/stamp-maven-repository/ was cached in the local repository, resolution will not be reattempted until the update interval of stamp-maven-repository-mvn-repo has elapsed or updates are forced
[DEBUG] Failure to find org.eclipse.platform:org.eclipse.equinox.preferences/maven-metadata.xml in https://repo.gradle.org/gradle/libs-releases-local/ was cached in the local repository, resolution will not be reattempted until the update interval of gradle-repo has elapsed or updates are forced
[DEBUG] Failure to find org.eclipse.platform:org.eclipse.equinox.preferences/maven-metadata.xml in https://oss.sonatype.org/content/repositories/snapshots was cached in the local repository, resolution will not be reattempted until the update interval of sonatype-nexus-snapshots has elapsed or updates are forced
[DEBUG] Failure to find org.eclipse.platform:org.eclipse.equinox.preferences/maven-metadata.xml in http://maven.inria.fr/artifactory/spoon-public-snapshot was cached in the local repository, resolution will not be reattempted until the update interval of maven.inria.fr-snapshot has elapsed or updates are forced
[DEBUG] Failure to find org.eclipse.platform:org.eclipse.equinox.preferences/maven-metadata.xml in http://maven.inria.fr/artifactory/triskell-public-release was cached in the local repository, resolution will not be reattempted until the update interval of inria has elapsed or updates are forced
[DEBUG] Could not find metadata org.eclipse.platform:org.eclipse.core.contenttype/maven-metadata.xml in local (/home/spirals/danglot/.m2/repository)
[DEBUG] Skipped remote request for org.eclipse.platform:org.eclipse.core.contenttype/maven-metadata.xml, locally cached metadata up-to-date.
[DEBUG] Skipped remote request for org.eclipse.platform:org.eclipse.core.contenttype/maven-metadata.xml, already updated during this session.
[DEBUG] Failure to find org.eclipse.platform:org.eclipse.core.contenttype/maven-metadata.xml in https://stamp-project.github.io/stamp-maven-repository/ was cached in the local repository, resolution will not be reattempted until the update interval of stamp-maven-repository-mvn-repo has elapsed or updates are forced
[DEBUG] Failure to find org.eclipse.platform:org.eclipse.core.contenttype/maven-metadata.xml in https://repo.gradle.org/gradle/libs-releases-local/ was cached in the local repository, resolution will not be reattempted until the update interval of gradle-repo has elapsed or updates are forced
[DEBUG] Failure to find org.eclipse.platform:org.eclipse.core.contenttype/maven-metadata.xml in https://oss.sonatype.org/content/repositories/snapshots was cached in the local repository, resolution will not be reattempted until the update interval of sonatype-nexus-snapshots has elapsed or updates are forced
[DEBUG] Failure to find org.eclipse.platform:org.eclipse.core.contenttype/maven-metadata.xml in http://maven.inria.fr/artifactory/spoon-public-snapshot was cached in the local repository, resolution will not be reattempted until the update interval of maven.inria.fr-snapshot has elapsed or updates are forced
[DEBUG] Failure to find org.eclipse.platform:org.eclipse.core.contenttype/maven-metadata.xml in http://maven.inria.fr/artifactory/triskell-public-release was cached in the local repository, resolution will not be reattempted until the update interval of inria has elapsed or updates are forced
[DEBUG] Could not find metadata org.eclipse.platform:org.eclipse.equinox.app/maven-metadata.xml in local (/home/spirals/danglot/.m2/repository)
[DEBUG] Skipped remote request for org.eclipse.platform:org.eclipse.equinox.app/maven-metadata.xml, locally cached metadata up-to-date.
[DEBUG] Skipped remote request for org.eclipse.platform:org.eclipse.equinox.app/maven-metadata.xml, already updated during this session.
[DEBUG] Failure to find org.eclipse.platform:org.eclipse.equinox.app/maven-metadata.xml in https://stamp-project.github.io/stamp-maven-repository/ was cached in the local repository, resolution will not be reattempted until the update interval of stamp-maven-repository-mvn-repo has elapsed or updates are forced
[DEBUG] Failure to find org.eclipse.platform:org.eclipse.equinox.app/maven-metadata.xml in https://repo.gradle.org/gradle/libs-releases-local/ was cached in the local repository, resolution will not be reattempted until the update interval of gradle-repo has elapsed or updates are forced
[DEBUG] Failure to find org.eclipse.platform:org.eclipse.equinox.app/maven-metadata.xml in https://oss.sonatype.org/content/repositories/snapshots was cached in the local repository, resolution will not be reattempted until the update interval of sonatype-nexus-snapshots has elapsed or updates are forced
[DEBUG] Failure to find org.eclipse.platform:org.eclipse.equinox.app/maven-metadata.xml in http://maven.inria.fr/artifactory/spoon-public-snapshot was cached in the local repository, resolution will not be reattempted until the update interval of maven.inria.fr-snapshot has elapsed or updates are forced
[DEBUG] Failure to find org.eclipse.platform:org.eclipse.equinox.app/maven-metadata.xml in http://maven.inria.fr/artifactory/triskell-public-release was cached in the local repository, resolution will not be reattempted until the update interval of inria has elapsed or updates are forced
[DEBUG] Could not find metadata org.eclipse.platform:org.eclipse.core.filesystem/maven-metadata.xml in local (/home/spirals/danglot/.m2/repository)
[DEBUG] Skipped remote request for org.eclipse.platform:org.eclipse.core.filesystem/maven-metadata.xml, locally cached metadata up-to-date.
[DEBUG] Failure to find org.eclipse.platform:org.eclipse.core.filesystem/maven-metadata.xml in https://repo.gradle.org/gradle/libs-releases-local/ was cached in the local repository, resolution will not be reattempted until the update interval of gradle-repo has elapsed or updates are forced
[DEBUG] Failure to find org.eclipse.platform:org.eclipse.core.filesystem/maven-metadata.xml in https://oss.sonatype.org/content/repositories/snapshots was cached in the local repository, resolution will not be reattempted until the update interval of sonatype-nexus-snapshots has elapsed or updates are forced
[DEBUG] Failure to find org.eclipse.platform:org.eclipse.core.filesystem/maven-metadata.xml in http://maven.inria.fr/artifactory/spoon-public-snapshot was cached in the local repository, resolution will not be reattempted until the update interval of maven.inria.fr-snapshot has elapsed or updates are forced
[DEBUG] Failure to find org.eclipse.platform:org.eclipse.core.filesystem/maven-metadata.xml in http://maven.inria.fr/artifactory/triskell-public-release was cached in the local repository, resolution will not be reattempted until the update interval of inria has elapsed or updates are forced
[DEBUG] Using transporter WagonTransporter with priority -1.0 for https://stamp-project.github.io/stamp-maven-repository/
[DEBUG] Using connector BasicRepositoryConnector with priority 0.0 for https://stamp-project.github.io/stamp-maven-repository/
Downloading from stamp-maven-repository-mvn-repo: https://stamp-project.github.io/stamp-maven-repository/org/eclipse/platform/org.eclipse.core.filesystem/maven-metadata.xml
[DEBUG] Writing tracking file /home/spirals/danglot/.m2/repository/org/eclipse/platform/org.eclipse.core.filesystem/resolver-status.properties
[DEBUG] Could not find metadata org.eclipse.platform:org.eclipse.core.filesystem/maven-metadata.xml in stamp-maven-repository-mvn-repo (https://stamp-project.github.io/stamp-maven-repository/)
[DEBUG] Could not find metadata org.eclipse.platform:org.eclipse.osgi/maven-metadata.xml in local (/home/spirals/danglot/.m2/repository)
[DEBUG] Skipped remote request for org.eclipse.platform:org.eclipse.osgi/maven-metadata.xml, locally cached metadata up-to-date.
[DEBUG] Skipped remote request for org.eclipse.platform:org.eclipse.osgi/maven-metadata.xml, already updated during this session.
[DEBUG] Failure to find org.eclipse.platform:org.eclipse.osgi/maven-metadata.xml in https://stamp-project.github.io/stamp-maven-repository/ was cached in the local repository, resolution will not be reattempted until the update interval of stamp-maven-repository-mvn-repo has elapsed or updates are forced
[DEBUG] Failure to find org.eclipse.platform:org.eclipse.osgi/maven-metadata.xml in https://repo.gradle.org/gradle/libs-releases-local/ was cached in the local repository, resolution will not be reattempted until the update interval of gradle-repo has elapsed or updates are forced
[DEBUG] Failure to find org.eclipse.platform:org.eclipse.osgi/maven-metadata.xml in https://oss.sonatype.org/content/repositories/snapshots was cached in the local repository, resolution will not be reattempted until the update interval of sonatype-nexus-snapshots has elapsed or updates are forced
[DEBUG] Failure to find org.eclipse.platform:org.eclipse.osgi/maven-metadata.xml in http://maven.inria.fr/artifactory/spoon-public-snapshot was cached in the local repository, resolution will not be reattempted until the update interval of maven.inria.fr-snapshot has elapsed or updates are forced
[DEBUG] Failure to find org.eclipse.platform:org.eclipse.osgi/maven-metadata.xml in http://maven.inria.fr/artifactory/triskell-public-release was cached in the local repository, resolution will not be reattempted until the update interval of inria has elapsed or updates are forced
[DEBUG] Could not find metadata org.eclipse.platform:org.eclipse.core.runtime/maven-metadata.xml in local (/home/spirals/danglot/.m2/repository)
[DEBUG] Skipped remote request for org.eclipse.platform:org.eclipse.core.runtime/maven-metadata.xml, locally cached metadata up-to-date.
[DEBUG] Skipped remote request for org.eclipse.platform:org.eclipse.core.runtime/maven-metadata.xml, already updated during this session.
[DEBUG] Failure to find org.eclipse.platform:org.eclipse.core.runtime/maven-metadata.xml in https://stamp-project.github.io/stamp-maven-repository/ was cached in the local repository, resolution will not be reattempted until the update interval of stamp-maven-repository-mvn-repo has elapsed or updates are forced
[DEBUG] Failure to find org.eclipse.platform:org.eclipse.core.runtime/maven-metadata.xml in https://repo.gradle.org/gradle/libs-releases-local/ was cached in the local repository, resolution will not be reattempted until the update interval of gradle-repo has elapsed or updates are forced
[DEBUG] Failure to find org.eclipse.platform:org.eclipse.core.runtime/maven-metadata.xml in https://oss.sonatype.org/content/repositories/snapshots was cached in the local repository, resolution will not be reattempted until the update interval of sonatype-nexus-snapshots has elapsed or updates are forced
[DEBUG] Failure to find org.eclipse.platform:org.eclipse.core.runtime/maven-metadata.xml in http://maven.inria.fr/artifactory/spoon-public-snapshot was cached in the local repository, resolution will not be reattempted until the update interval of maven.inria.fr-snapshot has elapsed or updates are forced
[DEBUG] Failure to find org.eclipse.platform:org.eclipse.core.runtime/maven-metadata.xml in http://maven.inria.fr/artifactory/triskell-public-release was cached in the local repository, resolution will not be reattempted until the update interval of inria has elapsed or updates are forced
[DEBUG] Could not find metadata org.eclipse.platform:org.eclipse.core.runtime/maven-metadata.xml in local (/home/spirals/danglot/.m2/repository)
[DEBUG] Skipped remote request for org.eclipse.platform:org.eclipse.core.runtime/maven-metadata.xml, locally cached metadata up-to-date.
[DEBUG] Skipped remote request for org.eclipse.platform:org.eclipse.core.runtime/maven-metadata.xml, already updated during this session.
[DEBUG] Failure to find org.eclipse.platform:org.eclipse.core.runtime/maven-metadata.xml in https://stamp-project.github.io/stamp-maven-repository/ was cached in the local repository, resolution will not be reattempted until the update interval of stamp-maven-repository-mvn-repo has elapsed or updates are forced
[DEBUG] Failure to find org.eclipse.platform:org.eclipse.core.runtime/maven-metadata.xml in https://repo.gradle.org/gradle/libs-releases-local/ was cached in the local repository, resolution will not be reattempted until the update interval of gradle-repo has elapsed or updates are forced
[DEBUG] Failure to find org.eclipse.platform:org.eclipse.core.runtime/maven-metadata.xml in https://oss.sonatype.org/content/repositories/snapshots was cached in the local repository, resolution will not be reattempted until the update interval of sonatype-nexus-snapshots has elapsed or updates are forced
[DEBUG] Failure to find org.eclipse.platform:org.eclipse.core.runtime/maven-metadata.xml in http://maven.inria.fr/artifactory/spoon-public-snapshot was cached in the local repository, resolution will not be reattempted until the update interval of maven.inria.fr-snapshot has elapsed or updates are forced
[DEBUG] Failure to find org.eclipse.platform:org.eclipse.core.runtime/maven-metadata.xml in http://maven.inria.fr/artifactory/triskell-public-release was cached in the local repository, resolution will not be reattempted until the update interval of inria has elapsed or updates are forced
[DEBUG] Could not find metadata org.eclipse.platform:org.eclipse.core.filesystem/maven-metadata.xml in local (/home/spirals/danglot/.m2/repository)
[DEBUG] Skipped remote request for org.eclipse.platform:org.eclipse.core.filesystem/maven-metadata.xml, locally cached metadata up-to-date.
[DEBUG] Skipped remote request for org.eclipse.platform:org.eclipse.core.filesystem/maven-metadata.xml, already updated during this session.
[DEBUG] Failure to find org.eclipse.platform:org.eclipse.core.filesystem/maven-metadata.xml in https://stamp-project.github.io/stamp-maven-repository/ was cached in the local repository, resolution will not be reattempted until the update interval of stamp-maven-repository-mvn-repo has elapsed or updates are forced
[DEBUG] Failure to find org.eclipse.platform:org.eclipse.core.filesystem/maven-metadata.xml in https://repo.gradle.org/gradle/libs-releases-local/ was cached in the local repository, resolution will not be reattempted until the update interval of gradle-repo has elapsed or updates are forced
[DEBUG] Failure to find org.eclipse.platform:org.eclipse.core.filesystem/maven-metadata.xml in https://oss.sonatype.org/content/repositories/snapshots was cached in the local repository, resolution will not be reattempted until the update interval of sonatype-nexus-snapshots has elapsed or updates are forced
[DEBUG] Failure to find org.eclipse.platform:org.eclipse.core.filesystem/maven-metadata.xml in http://maven.inria.fr/artifactory/spoon-public-snapshot was cached in the local repository, resolution will not be reattempted until the update interval of maven.inria.fr-snapshot has elapsed or updates are forced
[DEBUG] Failure to find org.eclipse.platform:org.eclipse.core.filesystem/maven-metadata.xml in http://maven.inria.fr/artifactory/triskell-public-release was cached in the local repository, resolution will not be reattempted until the update interval of inria has elapsed or updates are forced
[DEBUG] Could not find metadata org.eclipse.platform:org.eclipse.text/maven-metadata.xml in local (/home/spirals/danglot/.m2/repository)
[DEBUG] Skipped remote request for org.eclipse.platform:org.eclipse.text/maven-metadata.xml, locally cached metadata up-to-date.
[DEBUG] Failure to find org.eclipse.platform:org.eclipse.text/maven-metadata.xml in https://repo.gradle.org/gradle/libs-releases-local/ was cached in the local repository, resolution will not be reattempted until the update interval of gradle-repo has elapsed or updates are forced
[DEBUG] Failure to find org.eclipse.platform:org.eclipse.text/maven-metadata.xml in https://oss.sonatype.org/content/repositories/snapshots was cached in the local repository, resolution will not be reattempted until the update interval of sonatype-nexus-snapshots has elapsed or updates are forced
[DEBUG] Failure to find org.eclipse.platform:org.eclipse.text/maven-metadata.xml in http://maven.inria.fr/artifactory/spoon-public-snapshot was cached in the local repository, resolution will not be reattempted until the update interval of maven.inria.fr-snapshot has elapsed or updates are forced
[DEBUG] Failure to find org.eclipse.platform:org.eclipse.text/maven-metadata.xml in http://maven.inria.fr/artifactory/triskell-public-release was cached in the local repository, resolution will not be reattempted until the update interval of inria has elapsed or updates are forced
[DEBUG] Using transporter WagonTransporter with priority -1.0 for https://stamp-project.github.io/stamp-maven-repository/
[DEBUG] Using connector BasicRepositoryConnector with priority 0.0 for https://stamp-project.github.io/stamp-maven-repository/
Downloading from stamp-maven-repository-mvn-repo: https://stamp-project.github.io/stamp-maven-repository/org/eclipse/platform/org.eclipse.text/maven-metadata.xml
[DEBUG] Writing tracking file /home/spirals/danglot/.m2/repository/org/eclipse/platform/org.eclipse.text/resolver-status.properties
[DEBUG] Could not find metadata org.eclipse.platform:org.eclipse.text/maven-metadata.xml in stamp-maven-repository-mvn-repo (https://stamp-project.github.io/stamp-maven-repository/)
[DEBUG] Could not find metadata org.eclipse.platform:org.eclipse.core.commands/maven-metadata.xml in local (/home/spirals/danglot/.m2/repository)
[DEBUG] Skipped remote request for org.eclipse.platform:org.eclipse.core.commands/maven-metadata.xml, locally cached metadata up-to-date.
[DEBUG] Failure to find org.eclipse.platform:org.eclipse.core.commands/maven-metadata.xml in https://repo.gradle.org/gradle/libs-releases-local/ was cached in the local repository, resolution will not be reattempted until the update interval of gradle-repo has elapsed or updates are forced
[DEBUG] Failure to find org.eclipse.platform:org.eclipse.core.commands/maven-metadata.xml in https://oss.sonatype.org/content/repositories/snapshots was cached in the local repository, resolution will not be reattempted until the update interval of sonatype-nexus-snapshots has elapsed or updates are forced
[DEBUG] Failure to find org.eclipse.platform:org.eclipse.core.commands/maven-metadata.xml in http://maven.inria.fr/artifactory/spoon-public-snapshot was cached in the local repository, resolution will not be reattempted until the update interval of maven.inria.fr-snapshot has elapsed or updates are forced
[DEBUG] Failure to find org.eclipse.platform:org.eclipse.core.commands/maven-metadata.xml in http://maven.inria.fr/artifactory/triskell-public-release was cached in the local repository, resolution will not be reattempted until the update interval of inria has elapsed or updates are forced
[DEBUG] Using transporter WagonTransporter with priority -1.0 for https://stamp-project.github.io/stamp-maven-repository/
[DEBUG] Using connector BasicRepositoryConnector with priority 0.0 for https://stamp-project.github.io/stamp-maven-repository/
Downloading from stamp-maven-repository-mvn-repo: https://stamp-project.github.io/stamp-maven-repository/org/eclipse/platform/org.eclipse.core.commands/maven-metadata.xml
[DEBUG] Writing tracking file /home/spirals/danglot/.m2/repository/org/eclipse/platform/org.eclipse.core.commands/resolver-status.properties
[DEBUG] Could not find metadata org.eclipse.platform:org.eclipse.core.commands/maven-metadata.xml in stamp-maven-repository-mvn-repo (https://stamp-project.github.io/stamp-maven-repository/)
[DEBUG] Could not find metadata org.eclipse.platform:org.eclipse.equinox.common/maven-metadata.xml in local (/home/spirals/danglot/.m2/repository)
[DEBUG] Skipped remote request for org.eclipse.platform:org.eclipse.equinox.common/maven-metadata.xml, locally cached metadata up-to-date.
[DEBUG] Skipped remote request for org.eclipse.platform:org.eclipse.equinox.common/maven-metadata.xml, already updated during this session.
[DEBUG] Failure to find org.eclipse.platform:org.eclipse.equinox.common/maven-metadata.xml in https://stamp-project.github.io/stamp-maven-repository/ was cached in the local repository, resolution will not be reattempted until the update interval of stamp-maven-repository-mvn-repo has elapsed or updates are forced
[DEBUG] Failure to find org.eclipse.platform:org.eclipse.equinox.common/maven-metadata.xml in https://repo.gradle.org/gradle/libs-releases-local/ was cached in the local repository, resolution will not be reattempted until the update interval of gradle-repo has elapsed or updates are forced
[DEBUG] Failure to find org.eclipse.platform:org.eclipse.equinox.common/maven-metadata.xml in https://oss.sonatype.org/content/repositories/snapshots was cached in the local repository, resolution will not be reattempted until the update interval of sonatype-nexus-snapshots has elapsed or updates are forced
[DEBUG] Failure to find org.eclipse.platform:org.eclipse.equinox.common/maven-metadata.xml in http://maven.inria.fr/artifactory/spoon-public-snapshot was cached in the local repository, resolution will not be reattempted until the update interval of maven.inria.fr-snapshot has elapsed or updates are forced
[DEBUG] Failure to find org.eclipse.platform:org.eclipse.equinox.common/maven-metadata.xml in http://maven.inria.fr/artifactory/triskell-public-release was cached in the local repository, resolution will not be reattempted until the update interval of inria has elapsed or updates are forced
[DEBUG] Could not find metadata org.eclipse.platform:org.eclipse.core.runtime/maven-metadata.xml in local (/home/spirals/danglot/.m2/repository)
[DEBUG] Skipped remote request for org.eclipse.platform:org.eclipse.core.runtime/maven-metadata.xml, locally cached metadata up-to-date.
[DEBUG] Skipped remote request for org.eclipse.platform:org.eclipse.core.runtime/maven-metadata.xml, already updated during this session.
[DEBUG] Failure to find org.eclipse.platform:org.eclipse.core.runtime/maven-metadata.xml in https://stamp-project.github.io/stamp-maven-repository/ was cached in the local repository, resolution will not be reattempted until the update interval of stamp-maven-repository-mvn-repo has elapsed or updates are forced
[DEBUG] Failure to find org.eclipse.platform:org.eclipse.core.runtime/maven-metadata.xml in https://repo.gradle.org/gradle/libs-releases-local/ was cached in the local repository, resolution will not be reattempted until the update interval of gradle-repo has elapsed or updates are forced
[DEBUG] Failure to find org.eclipse.platform:org.eclipse.core.runtime/maven-metadata.xml in https://oss.sonatype.org/content/repositories/snapshots was cached in the local repository, resolution will not be reattempted until the update interval of sonatype-nexus-snapshots has elapsed or updates are forced
[DEBUG] Failure to find org.eclipse.platform:org.eclipse.core.runtime/maven-metadata.xml in http://maven.inria.fr/artifactory/spoon-public-snapshot was cached in the local repository, resolution will not be reattempted until the update interval of maven.inria.fr-snapshot has elapsed or updates are forced
[DEBUG] Failure to find org.eclipse.platform:org.eclipse.core.runtime/maven-metadata.xml in http://maven.inria.fr/artifactory/triskell-public-release was cached in the local repository, resolution will not be reattempted until the update interval of inria has elapsed or updates are forced
[DEBUG] Dependency collection stats: {ConflictMarker.analyzeTime=8879023, ConflictMarker.markTime=1822186, ConflictMarker.nodeCount=672, ConflictIdSorter.graphTime=11171238, ConflictIdSorter.topsortTime=190472, ConflictIdSorter.conflictIdCount=98, ConflictIdSorter.conflictIdCycleCount=0, ConflictResolver.totalTime=116455270, ConflictResolver.conflictItemCount=307, DefaultDependencyCollector.collectTime=11734821059, DefaultDependencyCollector.transformTime=138720926}
[DEBUG] eu.stamp-project:dspot-maven:jar:1.1.1-SNAPSHOT:
[DEBUG]    eu.stamp-project:dspot:jar:1.1.1-SNAPSHOT:compile
[DEBUG]       fr.inria.gforge.spoon:spoon-core:jar:7.1.0-SNAPSHOT:compile
[DEBUG]          org.eclipse.jdt:org.eclipse.jdt.core:jar:3.13.102:compile
[DEBUG]             org.eclipse.platform:org.eclipse.core.resources:jar:3.13.100:compile
[DEBUG]                org.eclipse.platform:org.eclipse.core.expressions:jar:3.6.200:compile
[DEBUG]             org.eclipse.platform:org.eclipse.core.runtime:jar:3.15.0:compile
[DEBUG]                org.eclipse.platform:org.eclipse.osgi:jar:3.13.100:compile
[DEBUG]                org.eclipse.platform:org.eclipse.equinox.common:jar:3.10.100:compile
[DEBUG]                org.eclipse.platform:org.eclipse.core.jobs:jar:3.10.100:compile
[DEBUG]                org.eclipse.platform:org.eclipse.equinox.registry:jar:3.8.100:compile
[DEBUG]                org.eclipse.platform:org.eclipse.equinox.preferences:jar:3.7.200:compile
[DEBUG]                org.eclipse.platform:org.eclipse.core.contenttype:jar:3.7.100:compile
[DEBUG]                org.eclipse.platform:org.eclipse.equinox.app:jar:1.3.600:compile
[DEBUG]             org.eclipse.platform:org.eclipse.core.filesystem:jar:1.7.200:compile
[DEBUG]             org.eclipse.platform:org.eclipse.text:jar:3.7.0:compile
[DEBUG]                org.eclipse.platform:org.eclipse.core.commands:jar:3.9.200:compile
[DEBUG]          com.martiansoftware:jsap:jar:2.1:compile
[DEBUG]          log4j:log4j:jar:1.2.17:compile
[DEBUG]          com.fasterxml.jackson.core:jackson-databind:jar:2.9.2:compile
[DEBUG]             com.fasterxml.jackson.core:jackson-annotations:jar:2.9.0:compile
[DEBUG]             com.fasterxml.jackson.core:jackson-core:jar:2.9.2:compile
[DEBUG]          org.benf:cfr:jar:0.132.0:compile
[DEBUG]       junit:junit:jar:4.12:compile
[DEBUG]          org.hamcrest:hamcrest-core:jar:1.3:compile
[DEBUG]       com.google.code.gson:gson:jar:2.8.0:compile
[DEBUG]       org.apache.maven.shared:maven-invoker:jar:3.0.0:compile
[DEBUG]       org.slf4j:slf4j-api:jar:1.7.25:compile
[DEBUG]       org.slf4j:slf4j-log4j12:jar:1.7.25:compile
[DEBUG]       org.jacoco:org.jacoco.core:jar:0.7.9:compile
[DEBUG]          org.ow2.asm:asm-debug-all:jar:5.2:compile
[DEBUG]       eu.stamp-project:descartes:jar:1.1:compile
[DEBUG]          org.pitest:pitest:jar:1.2.0:compile
[DEBUG]          org.pitest:pitest-entry:jar:1.2.0:compile
[DEBUG]             com.thoughtworks.xstream:xstream:jar:1.4.8:compile
[DEBUG]                xmlpull:xmlpull:jar:1.1.3.1:compile
[DEBUG]                xpp3:xpp3_min:jar:1.1.4c:compile
[DEBUG]       org.gradle:gradle-tooling-api:jar:4.0.1:compile
[DEBUG]       org.mockito:mockito-core:jar:2.10.0:compile
[DEBUG]          net.bytebuddy:byte-buddy:jar:1.7.4:runtime
[DEBUG]          net.bytebuddy:byte-buddy-agent:jar:1.7.4:runtime
[DEBUG]          org.objenesis:objenesis:jar:2.6:runtime
[DEBUG]       eu.stamp-project:test-runner:jar:jar-with-dependencies:1.1.0:compile
[DEBUG]       org.openclover:clover:jar:4.2.1:compile
[DEBUG]       fr.inria.gforge.spoon.labs:gumtree-spoon-ast-diff:jar:1.3:compile
[DEBUG]          com.github.gumtreediff:core:jar:2.0.0:compile
[DEBUG]             com.github.mpkorstanje:simmetrics-core:jar:3.0.3:compile
[DEBUG]                commons-codec:commons-codec:jar:1.10:compile
[DEBUG]             net.sf.trove4j:trove4j:jar:3.0.3:compile
[DEBUG]    org.apache.maven:maven-plugin-api:jar:3.5.0:compile
[DEBUG]       org.apache.maven:maven-artifact:jar:3.5.0:compile
[DEBUG]       org.eclipse.sisu:org.eclipse.sisu.plexus:jar:0.3.3:compile
[DEBUG]          javax.enterprise:cdi-api:jar:1.0:compile
[DEBUG]             javax.annotation:jsr250-api:jar:1.0:compile
[DEBUG]          org.eclipse.sisu:org.eclipse.sisu.inject:jar:0.3.3:compile
[DEBUG]    org.apache.maven.plugin-testing:maven-plugin-testing-harness:jar:3.3.0:compile
[DEBUG]       commons-io:commons-io:jar:2.2:compile
[DEBUG]       org.codehaus.plexus:plexus-archiver:jar:2.2:compile
[DEBUG]          org.codehaus.plexus:plexus-io:jar:2.0.4:compile
[DEBUG]    org.apache.maven:maven-compat:jar:3.5.0:compile
[DEBUG]       org.apache.maven:maven-model-builder:jar:3.5.0:compile
[DEBUG]          org.apache.maven:maven-builder-support:jar:3.5.0:compile
[DEBUG]          com.google.guava:guava:jar:20.0:compile
[DEBUG]       org.apache.maven:maven-settings:jar:3.5.0:compile
[DEBUG]       org.apache.maven:maven-resolver-provider:jar:3.5.0:compile
[DEBUG]       org.apache.maven.resolver:maven-resolver-api:jar:1.0.3:compile
[DEBUG]       org.apache.maven.resolver:maven-resolver-util:jar:1.0.3:compile
[DEBUG]       org.apache.maven.resolver:maven-resolver-impl:jar:1.0.3:compile
[DEBUG]       org.codehaus.plexus:plexus-utils:jar:3.0.24:compile
[DEBUG]       org.codehaus.plexus:plexus-interpolation:jar:1.24:compile
[DEBUG]       org.codehaus.plexus:plexus-component-annotations:jar:1.7.1:compile
[DEBUG]       org.apache.maven.wagon:wagon-provider-api:jar:2.12:compile
[DEBUG]    org.apache.maven:maven-core:jar:3.5.0:compile
[DEBUG]       org.apache.maven:maven-settings-builder:jar:3.5.0:compile
[DEBUG]       org.apache.maven:maven-repository-metadata:jar:3.5.0:compile
[DEBUG]       org.apache.maven.resolver:maven-resolver-spi:jar:1.0.3:compile
[DEBUG]       org.apache.maven.shared:maven-shared-utils:jar:3.1.0:compile
[DEBUG]       com.google.inject:guice:jar:no_aop:4.0:compile
[DEBUG]          javax.inject:javax.inject:jar:1:compile
[DEBUG]          aopalliance:aopalliance:jar:1.0:compile
[DEBUG]       org.codehaus.plexus:plexus-classworlds:jar:2.5.2:compile
[DEBUG]       org.sonatype.plexus:plexus-sec-dispatcher:jar:1.4:compile
[DEBUG]          org.sonatype.plexus:plexus-cipher:jar:1.4:compile
[DEBUG]       org.apache.commons:commons-lang3:jar:3.5:compile
[DEBUG]    org.apache.maven:maven-model:jar:3.5.0:compile
[DEBUG]    org.apache.maven:maven-aether-provider:jar:3.3.9:compile
[DEBUG]       org.eclipse.aether:aether-api:jar:1.0.2.v20150114:compile
[DEBUG]       org.eclipse.aether:aether-spi:jar:1.0.2.v20150114:compile
[DEBUG]       org.eclipse.aether:aether-util:jar:1.0.2.v20150114:compile
[DEBUG]       org.eclipse.aether:aether-impl:jar:1.0.2.v20150114:compile
[DEBUG]    org.apache.maven:maven-project:jar:2.2.1:compile
[DEBUG]       org.apache.maven:maven-profile:jar:2.2.1:compile
[DEBUG]       org.apache.maven:maven-artifact-manager:jar:2.2.1:compile
[DEBUG]          backport-util-concurrent:backport-util-concurrent:jar:3.1:compile
[DEBUG]       org.apache.maven:maven-plugin-registry:jar:2.2.1:compile
[DEBUG]       org.codehaus.plexus:plexus-container-default:jar:1.0-alpha-9-stable-1:compile
[DEBUG]          classworlds:classworlds:jar:1.1-alpha-2:compile
[DEBUG] Created new class realm plugin>eu.stamp-project:dspot-maven:1.1.1-SNAPSHOT
[DEBUG] Importing foreign packages into class realm plugin>eu.stamp-project:dspot-maven:1.1.1-SNAPSHOT
[DEBUG]   Imported:  < maven.api
[DEBUG] Populating class realm plugin>eu.stamp-project:dspot-maven:1.1.1-SNAPSHOT
[DEBUG]   Included: eu.stamp-project:dspot-maven:jar:1.1.1-SNAPSHOT
[DEBUG]   Included: eu.stamp-project:dspot:jar:1.1.1-SNAPSHOT
[DEBUG]   Included: fr.inria.gforge.spoon:spoon-core:jar:7.1.0-SNAPSHOT
[DEBUG]   Included: org.eclipse.jdt:org.eclipse.jdt.core:jar:3.13.102
[DEBUG]   Included: org.eclipse.platform:org.eclipse.core.resources:jar:3.13.100
[DEBUG]   Included: org.eclipse.platform:org.eclipse.core.expressions:jar:3.6.200
[DEBUG]   Included: org.eclipse.platform:org.eclipse.core.runtime:jar:3.15.0
[DEBUG]   Included: org.eclipse.platform:org.eclipse.osgi:jar:3.13.100
[DEBUG]   Included: org.eclipse.platform:org.eclipse.equinox.common:jar:3.10.100
[DEBUG]   Included: org.eclipse.platform:org.eclipse.core.jobs:jar:3.10.100
[DEBUG]   Included: org.eclipse.platform:org.eclipse.equinox.registry:jar:3.8.100
[DEBUG]   Included: org.eclipse.platform:org.eclipse.equinox.preferences:jar:3.7.200
[DEBUG]   Included: org.eclipse.platform:org.eclipse.core.contenttype:jar:3.7.100
[DEBUG]   Included: org.eclipse.platform:org.eclipse.equinox.app:jar:1.3.600
[DEBUG]   Included: org.eclipse.platform:org.eclipse.core.filesystem:jar:1.7.200
[DEBUG]   Included: org.eclipse.platform:org.eclipse.text:jar:3.7.0
[DEBUG]   Included: org.eclipse.platform:org.eclipse.core.commands:jar:3.9.200
[DEBUG]   Included: com.martiansoftware:jsap:jar:2.1
[DEBUG]   Included: log4j:log4j:jar:1.2.17
[DEBUG]   Included: com.fasterxml.jackson.core:jackson-databind:jar:2.9.2
[DEBUG]   Included: com.fasterxml.jackson.core:jackson-annotations:jar:2.9.0
[DEBUG]   Included: com.fasterxml.jackson.core:jackson-core:jar:2.9.2
[DEBUG]   Included: org.benf:cfr:jar:0.132.0
[DEBUG]   Included: junit:junit:jar:4.12
[DEBUG]   Included: org.hamcrest:hamcrest-core:jar:1.3
[DEBUG]   Included: com.google.code.gson:gson:jar:2.8.0
[DEBUG]   Included: org.apache.maven.shared:maven-invoker:jar:3.0.0
[DEBUG]   Included: org.slf4j:slf4j-log4j12:jar:1.7.25
[DEBUG]   Included: org.jacoco:org.jacoco.core:jar:0.7.9
[DEBUG]   Included: org.ow2.asm:asm-debug-all:jar:5.2
[DEBUG]   Included: eu.stamp-project:descartes:jar:1.1
[DEBUG]   Included: org.pitest:pitest:jar:1.2.0
[DEBUG]   Included: org.pitest:pitest-entry:jar:1.2.0
[DEBUG]   Included: com.thoughtworks.xstream:xstream:jar:1.4.8
[DEBUG]   Included: xmlpull:xmlpull:jar:1.1.3.1
[DEBUG]   Included: xpp3:xpp3_min:jar:1.1.4c
[DEBUG]   Included: org.gradle:gradle-tooling-api:jar:4.0.1
[DEBUG]   Included: org.mockito:mockito-core:jar:2.10.0
[DEBUG]   Included: net.bytebuddy:byte-buddy:jar:1.7.4
[DEBUG]   Included: net.bytebuddy:byte-buddy-agent:jar:1.7.4
[DEBUG]   Included: org.objenesis:objenesis:jar:2.6
[DEBUG]   Included: eu.stamp-project:test-runner:jar:jar-with-dependencies:1.1.0
[DEBUG]   Included: org.openclover:clover:jar:4.2.1
[DEBUG]   Included: fr.inria.gforge.spoon.labs:gumtree-spoon-ast-diff:jar:1.3
[DEBUG]   Included: com.github.gumtreediff:core:jar:2.0.0
[DEBUG]   Included: com.github.mpkorstanje:simmetrics-core:jar:3.0.3
[DEBUG]   Included: commons-codec:commons-codec:jar:1.10
[DEBUG]   Included: net.sf.trove4j:trove4j:jar:3.0.3
[DEBUG]   Included: javax.enterprise:cdi-api:jar:1.0
[DEBUG]   Included: org.eclipse.sisu:org.eclipse.sisu.inject:jar:0.3.3
[DEBUG]   Included: org.apache.maven.plugin-testing:maven-plugin-testing-harness:jar:3.3.0
[DEBUG]   Included: commons-io:commons-io:jar:2.2
[DEBUG]   Included: org.codehaus.plexus:plexus-archiver:jar:2.2
[DEBUG]   Included: org.codehaus.plexus:plexus-io:jar:2.0.4
[DEBUG]   Included: org.apache.maven:maven-builder-support:jar:3.5.0
[DEBUG]   Included: com.google.guava:guava:jar:20.0
[DEBUG]   Included: org.apache.maven.resolver:maven-resolver-util:jar:1.0.3
[DEBUG]   Included: org.codehaus.plexus:plexus-utils:jar:3.0.24
[DEBUG]   Included: org.codehaus.plexus:plexus-interpolation:jar:1.24
[DEBUG]   Included: org.codehaus.plexus:plexus-component-annotations:jar:1.7.1
[DEBUG]   Included: org.apache.maven.shared:maven-shared-utils:jar:3.1.0
[DEBUG]   Included: com.google.inject:guice:jar:no_aop:4.0
[DEBUG]   Included: aopalliance:aopalliance:jar:1.0
[DEBUG]   Included: org.sonatype.plexus:plexus-sec-dispatcher:jar:1.4
[DEBUG]   Included: org.sonatype.plexus:plexus-cipher:jar:1.4
[DEBUG]   Included: org.apache.commons:commons-lang3:jar:3.5
[DEBUG]   Included: org.eclipse.aether:aether-util:jar:1.0.2.v20150114
[DEBUG]   Included: backport-util-concurrent:backport-util-concurrent:jar:3.1
[DEBUG] Configuring mojo eu.stamp-project:dspot-maven:1.1.1-SNAPSHOT:amplify-unit-tests from plugin realm ClassRealm[plugin>eu.stamp-project:dspot-maven:1.1.1-SNAPSHOT, parent: sun.misc.Launcher$AppClassLoader@55f96302]
[DEBUG] Configuring mojo 'eu.stamp-project:dspot-maven:1.1.1-SNAPSHOT:amplify-unit-tests' with basic configurator -->
[DEBUG]   (f) amplifiers = [TestDataMutator, MethodAdd, MethodRemove, MethodGeneratorAmplifier, ReturnValueAmplifier, NullifierAmplifier]
[DEBUG]   (f) automaticBuilder = MavenBuilder
[DEBUG]   (f) budgetizer = SimpleBudgetizer
[DEBUG]   (f) cases = []
[DEBUG]   (f) clean = true
[DEBUG]   (f) descartes = false
[DEBUG]   (f) example = false
[DEBUG]   (f) generateNewTestClass = true
[DEBUG]   (f) help = false
[DEBUG]   (f) iteration = 3
[DEBUG]   (f) maxTestAmplified = 200
[DEBUG]   (f) noMinimize = false
[DEBUG]   (f) outputPath = /tmp/icst-2019/september-2018/result/commons-io/commit_9_e76397c/input_amplification
[DEBUG]   (f) pathToSecondVersion = /tmp/icst-2019/september-2018/dataset/commons-io
[DEBUG]   (f) pathToTestListCsv = /tmp/icst-2019/september-2018/result/commons-io/commit_9_e76397c/testsThatExecuteTheChanges.csv
[DEBUG]   (f) project = MavenProject: commons-io:commons-io:2.6-SNAPSHOT @ /tmp/icst-2019/september-2018/dataset/commons-io_parent/pom.xml
[DEBUG]   (f) randomSeed = 23
[DEBUG]   (f) test = [all]
[DEBUG]   (f) testCriterion = ChangeDetectorSelector
[DEBUG]   (f) timeOut = 10000
[DEBUG]   (f) useMavenToExeTest = false
[DEBUG]   (f) verbose = true
[DEBUG]   (f) withComment = false
[DEBUG]   (f) workingDirectory = false
[DEBUG] -- end configuration --
[INFO] Path to runner Classes: /home/spirals/danglot/.m2/repository/eu/stamp-project/test-runner/1.1.0/test-runner-1.1.0-jar-with-dependencies.jar
[INFO] /home/spirals/danglot/.m2/repository/org/jacoco/org.jacoco.core/0.7.9/org.jacoco.core-0.7.9.jar
[INFO] /home/spirals/danglot/.m2/repository/org/ow2/asm/asm-debug-all/5.2/asm-debug-all-5.2.jar
[INFO] /home/spirals/danglot/.m2/repository/eu/stamp-project/test-runner/1.1.0/test-runner-1.1.0-jar-with-dependencies.jar
[WARNING] automaticBuilderName: unknown automatic builder specified in configuration, going to default.
[INFO] Default: provided Maven automatic builder.
[INFO] Using /home/spirals/danglot/apache-maven-3.5.4 for maven home
[INFO] run maven: /home/spirals/danglot/apache-maven-3.5.4/bin/mvn clean test -DskipTests dependency:build-classpath -Dmdep.outputFile=target/dspot/classpath
[WARN] Maven will be executed in interactive mode, but no input stream has been configured for this MavenInvoker instance.
[INFO] Scanning for projects...
[INFO] 
[INFO] -----------------------< commons-io:commons-io >------------------------
[INFO] Building Apache Commons IO 2.6-SNAPSHOT
[INFO] --------------------------------[ jar ]---------------------------------
[INFO] 
[INFO] --- maven-clean-plugin:2.6.1:clean (default-clean) @ commons-io ---
[INFO] Deleting /tmp/icst-2019/september-2018/dataset/commons-io_parent/target
[INFO] 
[INFO] --- maven-enforcer-plugin:1.3.1:enforce (enforce-maven-3) @ commons-io ---
[INFO] Skipping Rule Enforcement.
[INFO] 
[INFO] --- build-helper-maven-plugin:1.8:parse-version (parse-version) @ commons-io ---
[INFO] 
[INFO] --- maven-antrun-plugin:1.8:run (javadoc.resources) @ commons-io ---
[INFO] Executing tasks

main:
     [copy] Copying 2 files to /tmp/icst-2019/september-2018/dataset/commons-io_parent/target/apidocs/META-INF
[INFO] Executed tasks
[INFO] 
[INFO] --- maven-remote-resources-plugin:1.5:process (default) @ commons-io ---
[INFO] 
[INFO] --- buildnumber-maven-plugin:1.3:create (default) @ commons-io ---
[INFO] Executing: /bin/sh -c cd /tmp/icst-2019/september-2018/dataset/commons-io_parent && svn --non-interactive info
[INFO] Working directory: /tmp/icst-2019/september-2018/dataset/commons-io_parent
[INFO] Storing buildNumber: ?????? at timestamp: 1538431156925
[INFO] Executing: /bin/sh -c cd /tmp/icst-2019/september-2018/dataset/commons-io_parent && svn --non-interactive info
[INFO] Working directory: /tmp/icst-2019/september-2018/dataset/commons-io_parent
[INFO] Storing buildScmBranch: UNKNOWN_BRANCH
[INFO] 
[INFO] --- maven-resources-plugin:2.7:resources (default-resources) @ commons-io ---
[INFO] Using 'iso-8859-1' encoding to copy filtered resources.
[INFO] skip non existing resourceDirectory /tmp/icst-2019/september-2018/dataset/commons-io_parent/src/main/resources
[INFO] Copying 2 resources to META-INF
[INFO] 
[INFO] --- maven-compiler-plugin:3.2:compile (default-compile) @ commons-io ---
[INFO] Changes detected - recompiling the module!
[INFO] Compiling 110 source files to /tmp/icst-2019/september-2018/dataset/commons-io_parent/target/classes
[INFO] 
[INFO] --- maven-bundle-plugin:2.5.3:manifest (bundle-manifest) @ commons-io ---
[INFO] 
[INFO] --- animal-sniffer-maven-plugin:1.13:check (checkAPIcompatibility) @ commons-io ---
[INFO] Checking unresolved references to org.codehaus.mojo.signature:java16:1.0
[INFO] 
[INFO] --- maven-resources-plugin:2.7:testResources (default-testResources) @ commons-io ---
[INFO] Using 'iso-8859-1' encoding to copy filtered resources.
[INFO] Copying 19 resources
[INFO] Copying 2 resources to META-INF
[INFO] 
[INFO] --- maven-compiler-plugin:3.2:testCompile (default-testCompile) @ commons-io ---
[INFO] Changes detected - recompiling the module!
[INFO] Compiling 103 source files to /tmp/icst-2019/september-2018/dataset/commons-io_parent/target/test-classes
[INFO] 
[INFO] --- maven-surefire-plugin:2.18.1:test (default-test) @ commons-io ---
[INFO] Tests are skipped.
[INFO] 
[INFO] --- maven-dependency-plugin:2.8:build-classpath (default-cli) @ commons-io ---
[INFO] Wrote classpath file '/tmp/icst-2019/september-2018/dataset/commons-io_parent/target/dspot/classpath'.
[INFO] ------------------------------------------------------------------------
[INFO] BUILD SUCCESS
[INFO] ------------------------------------------------------------------------
[INFO] Total time: 52.986 s
[INFO] Finished at: 2018-10-01T23:59:58+02:00
[INFO] ------------------------------------------------------------------------
[INFO] Using /home/spirals/danglot/apache-maven-3.5.4 for maven home
[INFO] run maven: /home/spirals/danglot/apache-maven-3.5.4/bin/mvn clean test -DskipTests dependency:build-classpath -Dmdep.outputFile=target/dspot/classpath
[WARN] Maven will be executed in interactive mode, but no input stream has been configured for this MavenInvoker instance.
[INFO] Scanning for projects...
[INFO] 
[INFO] -----------------------< commons-io:commons-io >------------------------
[INFO] Building Apache Commons IO 2.6-SNAPSHOT
[INFO] --------------------------------[ jar ]---------------------------------
[INFO] 
[INFO] --- maven-clean-plugin:2.6.1:clean (default-clean) @ commons-io ---
[INFO] Deleting /tmp/icst-2019/september-2018/dataset/commons-io/target
[INFO] 
[INFO] --- maven-enforcer-plugin:1.3.1:enforce (enforce-maven-3) @ commons-io ---
[INFO] Skipping Rule Enforcement.
[INFO] 
[INFO] --- build-helper-maven-plugin:1.8:parse-version (parse-version) @ commons-io ---
[INFO] 
[INFO] --- maven-antrun-plugin:1.8:run (javadoc.resources) @ commons-io ---
[INFO] Executing tasks

main:
     [copy] Copying 2 files to /tmp/icst-2019/september-2018/dataset/commons-io/target/apidocs/META-INF
[INFO] Executed tasks
[INFO] 
[INFO] --- maven-remote-resources-plugin:1.5:process (default) @ commons-io ---
[INFO] 
[INFO] --- buildnumber-maven-plugin:1.3:create (default) @ commons-io ---
[INFO] Executing: /bin/sh -c cd /tmp/icst-2019/september-2018/dataset/commons-io && svn --non-interactive info
[INFO] Working directory: /tmp/icst-2019/september-2018/dataset/commons-io
[INFO] Storing buildNumber: ?????? at timestamp: 1538431240372
[INFO] Executing: /bin/sh -c cd /tmp/icst-2019/september-2018/dataset/commons-io && svn --non-interactive info
[INFO] Working directory: /tmp/icst-2019/september-2018/dataset/commons-io
[INFO] Storing buildScmBranch: UNKNOWN_BRANCH
[INFO] 
[INFO] --- maven-resources-plugin:2.7:resources (default-resources) @ commons-io ---
[INFO] Using 'iso-8859-1' encoding to copy filtered resources.
[INFO] skip non existing resourceDirectory /tmp/icst-2019/september-2018/dataset/commons-io/src/main/resources
[INFO] Copying 2 resources to META-INF
[INFO] 
[INFO] --- maven-compiler-plugin:3.2:compile (default-compile) @ commons-io ---
[INFO] Changes detected - recompiling the module!
[INFO] Compiling 110 source files to /tmp/icst-2019/september-2018/dataset/commons-io/target/classes
[INFO] 
[INFO] --- maven-bundle-plugin:2.5.3:manifest (bundle-manifest) @ commons-io ---
[INFO] 
[INFO] --- animal-sniffer-maven-plugin:1.13:check (checkAPIcompatibility) @ commons-io ---
[INFO] Checking unresolved references to org.codehaus.mojo.signature:java16:1.0
[INFO] 
[INFO] --- maven-resources-plugin:2.7:testResources (default-testResources) @ commons-io ---
[INFO] Using 'iso-8859-1' encoding to copy filtered resources.
[INFO] Copying 19 resources
[INFO] Copying 2 resources to META-INF
[INFO] 
[INFO] --- maven-compiler-plugin:3.2:testCompile (default-testCompile) @ commons-io ---
[INFO] Changes detected - recompiling the module!
[INFO] Compiling 103 source files to /tmp/icst-2019/september-2018/dataset/commons-io/target/test-classes
[INFO] 
[INFO] --- maven-surefire-plugin:2.18.1:test (default-test) @ commons-io ---
[INFO] Tests are skipped.
[INFO] 
[INFO] --- maven-dependency-plugin:2.8:build-classpath (default-cli) @ commons-io ---
[INFO] Wrote classpath file '/tmp/icst-2019/september-2018/dataset/commons-io/target/dspot/classpath'.
[INFO] ------------------------------------------------------------------------
[INFO] BUILD SUCCESS
[INFO] ------------------------------------------------------------------------
[INFO] Total time: 56.247 s
[INFO] Finished at: 2018-10-02T00:01:24+02:00
[INFO] ------------------------------------------------------------------------
[WARN] 2018-10-02 00:01:26 Launcher - You specified the directory /tmp/icst-2019/september-2018/dataset/commons-io_parent/target/classes in source classpath, please note that only class files will be considered. Jars and subdirectories will be ignored.
[WARN] 2018-10-02 00:01:26 Launcher - You're trying to give source code in the classpath, this should be given to addInputSource [/tmp/icst-2019/september-2018/dataset/commons-io_parent/target/test-classes/org/apache/commons/io/testtools/FileBasedTestCase.java]
[WARN] 2018-10-02 00:01:26 Launcher - You specified the directory /tmp/icst-2019/september-2018/dataset/commons-io_parent/target/test-classes in source classpath, please note that only class files will be considered. Jars and subdirectories will be ignored.
[WARN] 2018-10-02 00:01:26 Launcher - You specified the directory /tmp/icst-2019/september-2018/dataset/commons-io_parent/target/dspot/dependencies in source classpath, please note that only class files will be considered. Jars and subdirectories will be ignored.
[INFO] Amplification of org.apache.commons.io.input.TailerTest (7 test(s))
[INFO] Assertion amplification of org.apache.commons.io.input.TailerTest (7 test(s))
[ERROR] Error(s) during compilation:
[ERROR] Pb(130) The constructor Object(String) is undefined
[INFO] Run: java -classpath /tmp/icst-2019/september-2018/dataset/commons-io_parent/target/test-classes:/tmp/icst-2019/september-2018/dataset/commons-io_parent/target/classes/:/home/spirals/danglot/.m2/repository/junit/junit/4.12/junit-4.12.jar:/home/spirals/danglot/.m2/repository/org/hamcrest/hamcrest-core/1.3/hamcrest-core-1.3.jar:/tmp/icst-2019/september-2018/dataset/commons-io_parent/target/dspot/dependencies/:/home/spirals/danglot/.m2/repository/eu/stamp-project/test-runner/1.1.0/test-runner-1.1.0-jar-with-dependencies.jar eu.stamp_project.testrunner.runner.test.TestRunner org.apache.commons.io.input.TailerTest testTailerEof:testBufferBreak:testLongFile:testMultiByteBreak:testIO335:testTailerEndOfFileReached:testTailer
File saved to the following path: /tmp/icst-2019/september-2018/dataset/commons-io_parent/target/dspot/TestListener.ser
Loading /tmp/icst-2019/september-2018/dataset/commons-io_parent/target/dspot/TestListener.ser
[INFO] Test has been run: initializationError(org.apache.commons.io.input.TailerTest): Test class should have exactly one public zero-argument constructor
[INFO] 0 amplified test methods has been selected to be kept. (global: 0)
[INFO] Applying Input-amplification and Assertion-amplification test by test.
[INFO] Amplification of testTailerEof, (1/7)
[INFO] iteration 0 / 3
[INFO] 1 tests selected to be amplified over 1 available tests
[INFO] Amplification of inputs...
100% |================================================== ]/
[INFO] 74 new tests generated
[INFO] Run tests. (74)
[ERROR] Error(s) during compilation:
[ERROR] Pb(102) The method closeQuietly(Reader) is ambiguous for the type IOUtils
[ERROR] Pb(102) The method closeQuietly(Reader) is ambiguous for the type IOUtils
[INFO] Run: java -classpath /tmp/icst-2019/september-2018/dataset/commons-io_parent/target/test-classes:/tmp/icst-2019/september-2018/dataset/commons-io_parent/target/classes/:/home/spirals/danglot/.m2/repository/junit/junit/4.12/junit-4.12.jar:/home/spirals/danglot/.m2/repository/org/hamcrest/hamcrest-core/1.3/hamcrest-core-1.3.jar:/tmp/icst-2019/september-2018/dataset/commons-io_parent/target/dspot/dependencies/:/home/spirals/danglot/.m2/repository/eu/stamp-project/test-runner/1.1.0/test-runner-1.1.0-jar-with-dependencies.jar eu.stamp_project.testrunner.runner.test.TestRunner org.apache.commons.io.input.TailerTest testTailerEof_literalMutationNumber1:testTailerEof_literalMutationNumber2:testTailerEof_literalMutationNumber3:testTailerEof_literalMutationNumber4:testTailerEof_literalMutationNumber5:testTailerEof_literalMutationString6:testTailerEof_literalMutationString7:testTailerEof_literalMutationString8:testTailerEof_literalMutationString9:testTailerEof_literalMutationString10:testTailerEof_literalMutationString11:testTailerEof_literalMutationNumber12:testTailerEof_literalMutationNumber13:testTailerEof_literalMutationNumber14:testTailerEof_literalMutationNumber15:testTailerEof_literalMutationBoolean16:testTailerEof_literalMutationString17:testTailerEof_literalMutationString18:testTailerEof_literalMutationString19:testTailerEof_literalMutationString20:testTailerEof_literalMutationString21:testTailerEof_literalMutationString22:testTailerEof_literalMutationNumber23:testTailerEof_literalMutationNumber24:testTailerEof_literalMutationNumber25:testTailerEof_literalMutationNumber26:testTailerEof_literalMutationString27:testTailerEof_literalMutationString28:testTailerEof_literalMutationString29:testTailerEof_literalMutationString30:testTailerEof_literalMutationString31:testTailerEof_literalMutationString32:testTailerEof_literalMutationNumber33:testTailerEof_literalMutationNumber34:testTailerEof_literalMutationNumber35:testTailerEof_literalMutationNumber36:testTailerEof_literalMutationNumber37:testTailerEof_literalMutationNumber38:testTailerEof_literalMutationNumber39:testTailerEof_literalMutationNumber40:testTailerEof_literalMutationNumber41:testTailerEof_literalMutationNumber42:testTailerEof_literalMutationNumber43:testTailerEof_literalMutationNumber44:testTailerEof_add45:testTailerEof_add46:testTailerEof_add47:testTailerEof_add48:testTailerEof_add49:testTailerEof_add50:testTailerEof_add51:testTailerEof_add52:testTailerEof_add53:testTailerEof_add54:testTailerEof_add55:testTailerEof_add56:testTailerEof_add57:testTailerEof_add58:testTailerEof_add59:testTailerEof_add60:testTailerEof_remove61:testTailerEof_remove62:testTailerEof_mg63:testTailerEof_mg64:testTailerEof_mg65:testTailerEof_mg66:testTailerEof_mg67:testTailerEof_mg68:testTailerEof_mg69:testTailerEof_mg70:testTailerEofnull71:testTailerEofnull72:testTailerEofnull73
File saved to the following path: /tmp/icst-2019/september-2018/dataset/commons-io_parent/target/dspot/TestListener.ser
Loading /tmp/icst-2019/september-2018/dataset/commons-io_parent/target/dspot/TestListener.ser
[INFO] Test has been run: initializationError(org.apache.commons.io.input.TailerTest): Test class should have exactly one public zero-argument constructor
[INFO] 1 test fail, generating try/catch/fail blocks...
[INFO] Could not generate any test with assertions
[INFO] iteration 1 / 3
[INFO] 74 tests selected to be amplified over 74 available tests
[INFO] Amplification of inputs...
 66% |================================= ]/ 67% |================================= ]- 71% |=================================== ]/ 72% |==================================== ]- 58% |==================================== ]\ 68% |==================================== ]\ 56% |==================================== ]- 59% |==================================== ]| 90% |============================================= ]\ 51% |============================================= ]- 32% |============================================= ]| 82% |============================================= ]/ 52% |============================================= ]\ 78% |============================================= ]- 60% |============================================= ]/ 77% |============================================= ]/ 54% |============================================= ]| 16% |============================================= ]| 74% |============================================= ]\ 55% |============================================= ]/ 70% |============================================= ]| 64% |============================================= ]| 97% |================================================ ]| 62% |================================================ ]- 95% |================================================ ]\ 81% |================================================ ]| 79% |================================================ ]\ 85% |================================================ ]\ 75% |================================================ ]| 48% |================================================ ]| 40% |================================================ ]- 63% |================================================ ]\ 45% |================================================ ]- 31% |================================================ ]\ 47% |================================================ ]\ 98% |================================================= ]/ 94% |================================================= ]- 50% |================================================= ]/ 89% |================================================= ]-100% |================================================== ]-
 27% |============= ]|  8% |============= ]- 25% |============= ]\ 28% |============== ]/ 17% |============== ]/ 29% |============== ]- 93% |============================================== ]/ 39% |============================================== ]/ 35% |============================================== ]- 43% |============================================== ]| 83% |============================================== ]- 44% |============================================== ]/ 86% |============================================== ]| 91% |============================================== ]| 21% |============================================== ]| 36% |============================================== ]\  9% |============================================== ]\ 10% |============================================== ]|  4% |============================================== ]\  6% |============================================== ]/ 87% |============================================== ]/ 33% |============================================== ]/ 37% |============================================== ]| 41% |============================================== ]\ 12% |============================================== ]/ 14% |============================================== ]\ 20% |============================================== ]\ 24% |============================================== ]- 22% |============================================== ]/  2% |============================================== ]-  1% |============================================== ]/  5% |============================================== ]| 13% |============================================== ]- 18% |============================================== ]-[INFO] 4226 new tests generated
[WARNING] Too many tests have been generated: 4226
[INFO] Number of generated test reduced to 200
[INFO] Run tests. (200)
[ERROR] Error(s) during compilation:
[ERROR] Pb(102) The method closeQuietly(Reader) is ambiguous for the type IOUtils
[ERROR] Pb(102) The method closeQuietly(Reader) is ambiguous for the type IOUtils
[ERROR] Pb(102) The method handle(String) is ambiguous for the type TailerTest.TestTailerListener
[ERROR] Pb(102) The method closeQuietly(Reader) is ambiguous for the type IOUtils
[ERROR] Pb(102) The method closeQuietly(Reader) is ambiguous for the type IOUtils
[INFO] Run: java -classpath /tmp/icst-2019/september-2018/dataset/commons-io_parent/target/test-classes:/tmp/icst-2019/september-2018/dataset/commons-io_parent/target/classes/:/home/spirals/danglot/.m2/repository/junit/junit/4.12/junit-4.12.jar:/home/spirals/danglot/.m2/repository/org/hamcrest/hamcrest-core/1.3/hamcrest-core-1.3.jar:/tmp/icst-2019/september-2018/dataset/commons-io_parent/target/dspot/dependencies/:/home/spirals/danglot/.m2/repository/eu/stamp-project/test-runner/1.1.0/test-runner-1.1.0-jar-with-dependencies.jar eu.stamp_project.testrunner.runner.test.TestRunner org.apache.commons.io.input.TailerTest testTailerEof_add45_rv1447:testTailerEof_add45_rv1848:testTailerEof_add45_rv1488:testTailerEof_literalMutationNumber12_mg1338:testTailerEof_mg68_mg4123:testTailerEof_literalMutationNumber40_mg1327:testTailerEof_mg67_mg1479:testTailerEof_add48_mg1420:testTailerEof_add45_rv1919:testTailerEof_add45_rv2003:testTailerEof_add45_rv2001:testTailerEof_literalMutationNumber35_mg2608:testTailerEof_mg67_mg1480:testTailerEof_add53_mg1386:testTailerEof_literalMutationNumber41_mg1320:testTailerEof_literalMutationNumber15_mg4092:testTailerEof_literalMutationString28_mg3837:testTailerEof_literalMutationNumber3_mg3904:testTailerEof_literalMutationString29_mg3563:testTailerEof_literalMutationNumber24_mg1219:testTailerEof_mg65_mg3990:testTailerEof_add45_rv1920:testTailerEof_add45_rv1918:testTailerEof_literalMutationString21_mg2785:testTailerEof_literalMutationNumber1_mg4200:testTailerEof_add45_rv2002:testTailerEof_add45_rv2000:testTailerEof_literalMutationNumber37_mg2757:testTailerEof_literalMutationString30_mg2635:testTailerEof_literalMutationString18_mg4128:testTailerEof_mg68_mg4129:testTailerEof_mg67_literalMutationString865:testTailerEof_mg67_literalMutationString1153:testTailerEof_add52_mg1429:testTailerEof_add45_mg1354:testTailerEof_literalMutationNumber5_mg3902:testTailerEof_mg67_mg1415:testTailerEof_add45_mg1355:testTailerEof_mg67_literalMutationString468:testTailerEof_mg67_mg1416:testTailerEof_mg67_literalMutationString327:testTailerEof_mg67_mg1417:testTailerEof_literalMutationNumber23_mg2684:testTailerEof_literalMutationBoolean16_mg3996:testTailerEof_literalMutationNumber36_mg2705:testTailerEof_literalMutationNumber13_mg2876:testTailerEof_literalMutationString32_mg3783:testTailerEof_mg67_literalMutationString1199:testTailerEof_mg67_literalMutationString866:testTailerEof_mg67_literalMutationNumber1240:testTailerEof_add46_mg1491:testTailerEof_mg67_literalMutationString480:testTailerEofnull72_mg1402:testTailerEof_mg67_literalMutationString326:testTailerEof_mg67_literalMutationNumber1286:testTailerEof_mg67_literalMutationNumber1393:testTailerEof_mg67_literalMutationNumber1239:testTailerEof_mg67_literalMutationNumber1287:testTailerEof_mg67_literalMutationNumber1238:testTailerEof_mg67_literalMutationNumber1284:testTailerEof_mg67_literalMutationNumber1285:testTailerEof_mg67_literalMutationNumber1057:testTailerEof_mg67_literalMutationNumber1236:testTailerEof_mg67_literalMutationNumber1283:testTailerEof_mg67_literalMutationNumber1237:testTailerEof_mg67_literalMutationNumber446:testTailerEof_mg67_literalMutationNumber730:testTailerEof_mg67_literalMutationString1059:testTailerEof_mg67_literalMutationString325:testTailerEof_mg67_literalMutationString864:testTailerEof_mg67_literalMutationNumber1001:testTailerEof_mg67_literalMutationNumber1200:testTailerEof_mg67_literalMutationNumber1002:testTailerEof_mg67_literalMutationBoolean790:testTailerEof_mg67_literalMutationNumber442:testTailerEof_mg67_literalMutationString324:testTailerEof_mg67_literalMutationNumber980:testTailerEof_mg67_literalMutationNumber445:testTailerEof_mg67_literalMutationNumber661:testTailerEof_mg67_literalMutationNumber443:testTailerEof_mg67_literalMutationNumber732:testTailerEof_mg67_literalMutationNumber731:testTailerEof_mg67_literalMutationString469:testTailerEof_mg67_literalMutationString328:testTailerEof_mg67_literalMutationString1152:testTailerEof_mg67_literalMutationNumber441:testTailerEof_mg67_literalMutationString1198:testTailerEof_mg67_literalMutationString933:testTailerEof_mg67_literalMutationString932:testTailerEof_mg67_literalMutationString478:testTailerEof_add47_mg2490:testTailerEof_mg67_mg1403:testTailerEof_mg67_literalMutationString479:testTailerEof_mg67_literalMutationString791:testTailerEof_mg70_mg2728:testTailerEof_mg67_literalMutationString1058:testTailerEof_add60_mg2521:testTailerEof_mg67_mg1487:testTailerEof_mg67_mg1486:testTailerEof_literalMutationString19_mg2736:testTailerEof_add59_mg2715:testTailerEof_add60_mg2522:testTailerEof_add45_rv1535:testTailerEof_add45_rv1512:testTailerEof_literalMutationString6_mg2569:testTailerEof_add45_rv1511:testTailerEof_add45_rv1510:testTailerEof_literalMutationString22_mg2838:testTailerEof_add54_mg1266:testTailerEof_literalMutationNumber33_mg4007:testTailerEof_add45_rv1654:testTailerEof_mg64_mg3982:testTailerEof_add45_rv1618:testTailerEof_add45_rv1616:testTailerEof_add45_rv1481:testTailerEof_mg67_literalMutationString197:testTailerEof_mg67_literalMutationString467:testTailerEof_add45_rv1767:testTailerEof_literalMutationString7_mg4071:testTailerEof_add45_rv1483:testTailerEof_mg66_mg2614:testTailerEof_add45_rv1593:testTailerEof_literalMutationString9_mg3986:testTailerEof_add45_rv1738:testTailerEof_add45_rv1921:testTailerEof_mg67null1959:testTailerEof_mg67null1961:testTailerEof_mg67null1960:testTailerEof_add45_rv1656:testTailerEof_add45_rv1444:testTailerEof_add50_mg1362:testTailerEof_add45_rv1788:testTailerEof_add45_rv1595:testTailerEof_literalMutationString8_mg3999:testTailerEof_literalMutationNumber25_mg3834:testTailerEof_add45_rv2086:testTailerEof_add45_rv1446:testTailerEof_literalMutationNumber2_mg4163:testTailerEof_add45_rv1740:testTailerEof_add45_rv1655:testTailerEof_literalMutationNumber39_mg1361:testTailerEof_literalMutationNumber4_mg4311:testTailerEof_literalMutationNumber14_mg4345:testTailerEof_literalMutationNumber34_mg2704:testTailerEof_add45_rv1617:testTailerEof_add45_rv1594:testTailerEof_add45_rv1445:testTailerEof_add45_rv1489:testTailerEof_literalMutationNumber38_mg1366:testTailerEof_add45_rv1847:testTailerEof_add45_rv1786:testTailerEof_add45_rv1482:testTailerEof_add45_rv2085:testTailerEof_literalMutationString10_mg4364:testTailerEof_add45_rv1739:testTailerEof_add45_rv1846:testTailerEof_literalMutationString19_mg2761:testTailerEof_add58_mg1276:testTailerEof_add45_rv2088:testTailerEof_add45_rv2087:testTailerEof_literalMutationString27_mg4002:testTailerEof_add45_rv1787:testTailerEof_literalMutationString17_mg4107:testTailerEof_add57_mg1331:testTailerEof_mg63_mg2656:testTailerEof_add56_mg2654:testTailerEof_mg68_literalMutationString3594:testTailerEof_add49_mg321:testTailerEof_literalMutationString30_mg2636:testTailerEof_add51_mg1269:testTailerEof_add55_mg1369:testTailerEof_mg68_literalMutationString3778:testTailerEof_mg69_mg2896:testTailerEof_add53_mg1435:testTailerEof_add59_mg2766:testTailerEof_add49_mg384:testTailerEof_remove61null1426:testTailerEof_remove61null1427:testTailerEof_remove61_literalMutationString277:testTailerEof_remove62null4164:testTailerEof_remove62null4165:testTailerEof_remove62null4166:testTailerEof_mg65_mg3991:testTailerEof_remove61_mg1216:testTailerEof_mg64_mg4030:testTailerEof_add52_mg1430:testTailerEof_add48_mg1473:testTailerEof_remove62_literalMutationString3049:testTailerEof_mg68_mg4078:testTailerEof_literalMutationString7_mg4072:testTailerEof_literalMutationString31_mg4018:testTailerEof_add45_literalMutationString537:testTailerEof_mg66_mg2615:testTailerEof_literalMutationNumber26_mg3310:testTailerEof_literalMutationString20_mg2803
File saved to the following path: /tmp/icst-2019/september-2018/dataset/commons-io_parent/target/dspot/TestListener.ser
Loading /tmp/icst-2019/september-2018/dataset/commons-io_parent/target/dspot/TestListener.ser
[INFO] Test has been run: initializationError(org.apache.commons.io.input.TailerTest): Test class should have exactly one public zero-argument constructor
[INFO] 1 test fail, generating try/catch/fail blocks...
[INFO] Could not generate any test with assertions
[INFO] iteration 2 / 3
[INFO] 200 tests selected to be amplified over 200 available tests
[INFO] Amplification of inputs...
 33% |============================================== ]- 16% |============================================== ]/  8% |============================================== ]|  4% |============================================== ]| 45% |============================================== ]\ 52% |============================================== ]| 54% |============================================== ]| 58% |============================================== ]| 61% |============================================== ]- 66% |============================================== ]/ 72% |============================================== ]/ 82% |============================================== ]| 77% |============================================== ]- 79% |============================================== ]- 83% |============================================== ]- 86% |============================================== ]| 97% |================================================ ]- 91% |================================================ ]- 93% |================================================ ]- 97% |================================================= ]\ 91% |================================================= ]\ 95% |================================================= ]\ 89% |================================================= ]\ 99% |================================================= ]\ 80% |================================================= ]/ 33% |================================================= ]\ 93% |================================================= ]\ 92% |================================================= ]| 52% |================================================= ]/ 58% |================================================= ]/ 77% |================================================= ]\ 67% |================================================= ]- 46% |================================================= ]| 17% |================================================= ]- 73% |================================================= ]- 61% |================================================= ]\ 82% |================================================= ]/100% |================================================== ]| 83% |================================================== ]\ 86% |================================================== ]/  8% |================================================== ]/ 98% |================================================== ]|  4% |================================================== ]/
 79% |======================================= ]\ 80% |======================================== ]| 90% |============================================= ]| 51% |============================================= ]- 81% |============================================= ]- 87% |============================================= ]- 81% |============================================= ]\ 62% |============================================= ]| 96% |================================================ ]|  3% |================================================ ]\  9% |================================================ ]- 57% |================================================ ]- 16% |================================================ ]| 62% |================================================ ]/ 51% |================================================ ]\ 53% |================================================ ]- 57% |================================================ ]\  7% |================================================ ]-  5% |================================================ ]\  2% |================================================ ]| 60% |================================================ ]| 92% |================================================ ]/ 98% |================================================= ]/ 84% |================================================= ]|  6% |================================================= ]| 18% |================================================= ]|  7% |================================================= ]\ 11% |================================================= ]- 96% |================================================= ]/  5% |================================================= ]- 46% |================================================= ]/ 78% |================================================= ]/ 60% |================================================= ]/  2% |================================================= ]/ 29% |================================================= ]-  1% |================================================= ]- 94% |================================================= ]/ 34% |================================================= ]|  6% |================================================= ]/ 72% |================================================= ]| 36% |================================================= ]| 54% |================================================= ]/ 59% |================================================= ]\ 99% |================================================= ]- 27% |================================================= ]- 87% |================================================= ]\ 88% |================================================= ]/ 18% |================================================= ]/ 11% |================================================= ]\ 44% |================================================= ]/ 50% |================================================= ]/ 78% |================================================= ]| 95% |================================================= ]- 29% |================================================= ]\ 66% |================================================= ]|  3% |================================================= ]- 90% |================================================= ]/ 32% |================================================= ]| 59% |================================================= ]- 10% |================================================= ]| 74% |================================================= ]/ 53% |================================================= ]\ 36% |================================================= ]/  0% |================================================= ]/ 27% |================================================= ]\ 30% |================================================= ]/ 85% |================================================= ]- 89% |================================================= ]- 94% |================================================= ]| 76% |================================================= ]| 28% |================================================= ]/ 75% |================================================= ]- 31% |================================================= ]\ 55% |================================================= ]\ 70% |================================================= ]/ 37% |================================================= ]- 17% |================================================= ]\ 56% |================================================= ]/ 12% |================================================= ]| 73% |================================================= ]\ 84% |================================================= ]/ 56% |================================================= ]| 88% |================================================= ]| 30% |================================================= ]| 28% |================================================= ]| 32% |================================================= ]/  1% |================================================= ]\ 76% |================================================= ]/ 10% |================================================= ]/ 85% |================================================= ]\ 31% |================================================= ]-  9% |================================================= ]\ 35% |================================================= ]- 45% |================================================= ]- 74% |================================================= ]| 12% |================================================= ]/ 55% |================================================= ]- 69% |================================================= ]\ 64% |================================================= ]/ 26% |================================================= ]| 41% |================================================= ]\ 34% |================================================= ]/ 22% |================================================= ]/ 69% |================================================= ]- 14% |================================================= ]/ 20% |================================================= ]/ 75% |================================================= ]\ 71% |================================================= ]- 39% |================================================= ]\ 37% |================================================= ]\ 68% |================================================= ]| 38% |================================================= ]/ 24% |================================================= ]/ 44% |================================================= ]| 43% |================================================= ]- 41% |================================================= ]- 35% |================================================= ]\ 42% |================================================= ]/ 63% |================================================= ]\ 19% |================================================= ]\ 48% |================================================= ]/ 49% |================================================= ]- 49% |================================================= ]\ 26% |================================================= ]/ 50% |================================================= ]| 25% |================================================= ]\ 47% |================================================= ]\ 21% |================================================= ]- 48% |================================================= ]| 38% |================================================= ]| 13% |================================================= ]\ 71% |================================================= ]\ 13% |================================================= ]- 40% |================================================= ]| 15% |================================================= ]- 23% |================================================= ]\ 25% |================================================= ]- 47% |================================================= ]- 22% |================================================= ]| 14% |================================================= ]| 40% |================================================= ]/ 67% |================================================= ]\ 63% |================================================= ]- 64% |================================================= ]| 43% |================================================= ]\ 65% |================================================= ]- 19% |================================================= ]- 42% |================================================= ]| 23% |================================================= ]- 15% |================================================= ]\ 65% |================================================= ]\ 70% |================================================= ]| 68% |================================================= ]/ 21% |================================================= ]\ 39% |================================================= ]- 24% |================================================= ]| 20% |================================================= ]|[INFO] 12784 new tests generated
[WARNING] Too many tests have been generated: 12784
[INFO] Number of generated test reduced to 200
[INFO] Run tests. (200)
[ERROR] Error(s) during compilation:
[ERROR] Pb(102) The method closeQuietly(Reader) is ambiguous for the type IOUtils
[ERROR] Pb(102) The method closeQuietly(Reader) is ambiguous for the type IOUtils
[ERROR] Pb(102) The method closeQuietly(Reader) is ambiguous for the type IOUtils
[ERROR] Pb(102) The method closeQuietly(Reader) is ambiguous for the type IOUtils
[ERROR] Pb(102) The method closeQuietly(Reader) is ambiguous for the type IOUtils
[ERROR] Pb(102) The method closeQuietly(Reader) is ambiguous for the type IOUtils
[ERROR] Pb(102) The method closeQuietly(Reader) is ambiguous for the type IOUtils
[ERROR] Pb(102) The method closeQuietly(Reader) is ambiguous for the type IOUtils
[ERROR] Pb(102) The method closeQuietly(Reader) is ambiguous for the type IOUtils
[ERROR] Pb(102) The method closeQuietly(Reader) is ambiguous for the type IOUtils
[ERROR] Pb(102) The method closeQuietly(Reader) is ambiguous for the type IOUtils
[ERROR] Pb(102) The method closeQuietly(Reader) is ambiguous for the type IOUtils
[ERROR] Pb(102) The method closeQuietly(Reader) is ambiguous for the type IOUtils
[ERROR] Pb(102) The method closeQuietly(Reader) is ambiguous for the type IOUtils
[ERROR] Pb(102) The method closeQuietly(Reader) is ambiguous for the type IOUtils
[ERROR] Pb(102) The method closeQuietly(Reader) is ambiguous for the type IOUtils
[ERROR] Pb(102) The method closeQuietly(Reader) is ambiguous for the type IOUtils
[ERROR] Pb(102) The method closeQuietly(Reader) is ambiguous for the type IOUtils
[ERROR] Pb(102) The method closeQuietly(Reader) is ambiguous for the type IOUtils
[ERROR] Pb(102) The method closeQuietly(Reader) is ambiguous for the type IOUtils
[INFO] Run: java -classpath /tmp/icst-2019/september-2018/dataset/commons-io_parent/target/test-classes:/tmp/icst-2019/september-2018/dataset/commons-io_parent/target/classes/:/home/spirals/danglot/.m2/repository/junit/junit/4.12/junit-4.12.jar:/home/spirals/danglot/.m2/repository/org/hamcrest/hamcrest-core/1.3/hamcrest-core-1.3.jar:/tmp/icst-2019/september-2018/dataset/commons-io_parent/target/dspot/dependencies/:/home/spirals/danglot/.m2/repository/eu/stamp-project/test-runner/1.1.0/test-runner-1.1.0-jar-with-dependencies.jar eu.stamp_project.testrunner.runner.test.TestRunner org.apache.commons.io.input.TailerTest testTailerEof_add45_rv1447_mg11709:testTailerEof_add45_rv1447_mg11649:testTailerEof_add45_rv1848_mg10344:testTailerEof_add45_rv1488_mg13925:testTailerEof_add45_rv1447_mg11861:testTailerEof_add45_rv1447_mg11623:testTailerEof_add45_literalMutationString537_rv8566:testTailerEof_add45_rv1510_rv6149:testTailerEof_add45_mg1355_rv17255:testTailerEof_add45_rv1447_mg11711:testTailerEof_add45_rv1447_mg11794:testTailerEof_add45_rv1848_mg10346:testTailerEof_add45_rv1447_mg11774:testTailerEof_add45_rv1848_mg10457:testTailerEof_add45_rv1919_mg6807:testTailerEof_add45_rv1848_mg10459:testTailerEof_add45_rv1848_mg10202:testTailerEof_add45_rv1848_mg10640:testTailerEof_add45_rv1848_mg10081:testTailerEof_add45_rv1447_mg11862:testTailerEof_add45_rv1848_mg10678:testTailerEof_add45_literalMutationString537_rv8676:testTailerEof_add45_rv1616_rv10419:testTailerEof_literalMutationNumber15_mg4092_mg5741:testTailerEof_add45_rv1488_mg13926:testTailerEof_mg67_literalMutationString480_mg14621:testTailerEof_add45_rv1447_mg11712:testTailerEof_add45_rv1447_mg11710:testTailerEof_add45_rv1848_mg10345:testTailerEof_add45_rv1447_mg11775:testTailerEof_add45_rv1447_mg11773:testTailerEof_add45_rv1848_mg10347:testTailerEof_literalMutationNumber40_mg1327_mg11312:testTailerEof_add45_rv1848_mg10349:testTailerEof_add45_rv1848_mg10458:testTailerEof_literalMutationString6_mg2569_mg8568:testTailerEof_literalMutationNumber12_mg1338_mg8496:testTailerEof_mg67_mg1479_mg7388:testTailerEof_add47_mg2490_mg8291:testTailerEof_remove61null1427null5883:testTailerEof_remove61null1426null12551:testTailerEof_mg68_mg4123_mg9658:testTailerEof_remove61_literalMutationString277null6711:testTailerEof_remove61_literalMutationString277null6712:testTailerEof_remove61null1427_literalMutationString4839:testTailerEof_remove61null1426_literalMutationString10650:testTailerEof_remove62null4164null8530:testTailerEof_remove62null4164null8533:testTailerEof_remove62null4165null5962:testTailerEof_remove62null4165null5963:testTailerEof_remove62null4166null7916:testTailerEof_remove62null4166null7917:testTailerEof_remove62null4165_literalMutationString5036:testTailerEof_remove62null4166_literalMutationString6058:testTailerEof_remove62_literalMutationString3049null9434:testTailerEof_remove62null4164_literalMutationString7924:testTailerEof_remove62_literalMutationString3049null9367:testTailerEof_remove62_literalMutationString3049null9439:testTailerEof_mg67_literalMutationString478_mg5663:testTailerEof_add45_rv2087_rv7600:testTailerEof_mg68_mg4129_mg7752:testTailerEof_remove61null1427_mg5803:testTailerEof_remove61null1426_mg12413:testTailerEof_remove61null1427_mg5804:testTailerEof_remove61null1426_mg12414:testTailerEof_remove61null1427_literalMutationString5184:testTailerEof_literalMutationNumber1_mg4200_mg15517:testTailerEof_mg67_literalMutationString325_mg13683:testTailerEof_remove61null1426_literalMutationString12157:testTailerEof_remove61_literalMutationString277_mg6570:testTailerEof_mg67_literalMutationNumber1393_mg12838:testTailerEof_literalMutationNumber12_mg1338_mg8497:testTailerEof_remove61null1427_literalMutationString5047:testTailerEof_remove62null4164_mg8381:testTailerEof_remove62null4165_mg5738:testTailerEof_remove61null1426_literalMutationString10670:testTailerEof_remove62null4166_mg7879:testTailerEof_remove61_literalMutationString277_mg6571:testTailerEof_mg67_literalMutationString1198_mg14311:testTailerEof_literalMutationNumber35_mg2608_mg8593:testTailerEof_remove61null1426_literalMutationString11239:testTailerEof_remove61_literalMutationString277_literalMutationString6227:testTailerEof_remove61null1427_mg5491:testTailerEof_remove62null4164_mg8416:testTailerEof_remove62null4165_mg5856:testTailerEof_remove62null4166_mg7880:testTailerEof_remove61null1426_mg12315:testTailerEof_literalMutationNumber34_mg2704_mg8945:testTailerEof_remove62null4164_literalMutationString8106:testTailerEof_remove62null4165_literalMutationString5335:testTailerEof_remove62null4166_literalMutationString6375:testTailerEof_remove61null1426_literalMutationString12160:testTailerEof_remove61null1427_literalMutationString5000:testTailerEof_remove61_literalMutationString277_literalMutationString6034:testTailerEof_remove61null1427_literalMutationString5183:testTailerEof_remove61null1426_literalMutationString11465:testTailerEof_remove62null4166_literalMutationString6105:testTailerEof_remove62_literalMutationString3049_mg9142:testTailerEof_remove61null1427_literalMutationString5070:testTailerEof_remove61null1427_literalMutationString4857:testTailerEof_remove61null1427_literalMutationString5185:testTailerEof_remove61null1427_literalMutationString5067:testTailerEof_remove61_literalMutationString277_mg6503:testTailerEof_remove62null4165_literalMutationString5107:testTailerEof_remove62null4166_literalMutationString6206:testTailerEof_remove61null1426_literalMutationString10692:testTailerEof_remove61null1427_literalMutationNumber4831:testTailerEof_remove61null1427_literalMutationString5293:testTailerEof_add45_mg1354_rv8734:testTailerEof_remove61null1426_literalMutationString11249:testTailerEof_remove61null1426_literalMutationString12159:testTailerEof_remove61null1427_literalMutationString5068:testTailerEof_remove62null4164_literalMutationString7989:testTailerEof_remove62null4164_literalMutationString7926:testTailerEof_remove61null1426_literalMutationNumber10560:testTailerEof_remove61null1427_literalMutationString4999:testTailerEof_remove61null1427_literalMutationNumber5071:testTailerEof_remove61null1427_literalMutationNumber5073:testTailerEof_remove61null1427_literalMutationNumber5072:testTailerEof_remove61null1427_literalMutationNumber5182:testTailerEof_remove61null1427_literalMutationNumber5362:testTailerEof_remove61null1427_literalMutationNumber5444:testTailerEof_remove61null1427_literalMutationNumber5363:testTailerEof_remove61null1427_literalMutationNumber5445:testTailerEof_remove61null1427_literalMutationNumber5446:testTailerEof_remove61null1427_literalMutationNumber5294:testTailerEof_remove61null1427_literalMutationNumber5448:testTailerEof_remove61null1427_literalMutationNumber5296:testTailerEof_remove61null1427_literalMutationNumber4836:testTailerEof_remove61null1427_literalMutationNumber5447:testTailerEof_remove61null1427_literalMutationNumber5295:testTailerEof_remove61null1427_literalMutationNumber5449:testTailerEof_remove61null1427_literalMutationNumber4837:testTailerEof_remove62_literalMutationString3049_mg9143:testTailerEof_remove61null1427_literalMutationBoolean5046:testTailerEof_remove61null1427_literalMutationNumber4835
File saved to the following path: /tmp/icst-2019/september-2018/dataset/commons-io_parent/target/dspot/TestListener.ser
Loading /tmp/icst-2019/september-2018/dataset/commons-io_parent/target/dspot/TestListener.ser
[INFO] Test has been run: initializationError(org.apache.commons.io.input.TailerTest): Test class should have exactly one public zero-argument constructor
[INFO] 1 test fail, generating try/catch/fail blocks...
[INFO] Could not generate any test with assertions
[INFO] 0 amplified test methods has been selected to be kept. (global: 0)
[INFO] Amplification of testBufferBreak, (2/7)
[INFO] iteration 0 / 3
[INFO] 1 tests selected to be amplified over 1 available tests
[INFO] Amplification of inputs...
100% |================================================== ]/
[INFO] 60 new tests generated
[INFO] Run tests. (60)
[INFO] Run: java -classpath /tmp/icst-2019/september-2018/dataset/commons-io_parent/target/test-classes:/tmp/icst-2019/september-2018/dataset/commons-io_parent/target/classes/:/home/spirals/danglot/.m2/repository/junit/junit/4.12/junit-4.12.jar:/home/spirals/danglot/.m2/repository/org/hamcrest/hamcrest-core/1.3/hamcrest-core-1.3.jar:/tmp/icst-2019/september-2018/dataset/commons-io_parent/target/dspot/dependencies/:/home/spirals/danglot/.m2/repository/eu/stamp-project/test-runner/1.1.0/test-runner-1.1.0-jar-with-dependencies.jar eu.stamp_project.testrunner.runner.test.TestRunner org.apache.commons.io.input.TailerTest testBufferBreak_literalMutationNumber17568:testBufferBreak_literalMutationNumber17569:testBufferBreak_literalMutationNumber17570:testBufferBreak_literalMutationNumber17571:testBufferBreak_literalMutationNumber17572:testBufferBreak_literalMutationString17573:testBufferBreak_literalMutationString17574:testBufferBreak_literalMutationString17575:testBufferBreak_literalMutationString17576:testBufferBreak_literalMutationString17577:testBufferBreak_literalMutationString17578:testBufferBreak_literalMutationNumber17579:testBufferBreak_literalMutationNumber17580:testBufferBreak_literalMutationNumber17581:testBufferBreak_literalMutationNumber17582:testBufferBreak_literalMutationString17583:testBufferBreak_literalMutationString17584:testBufferBreak_literalMutationString17585:testBufferBreak_literalMutationString17586:testBufferBreak_literalMutationString17587:testBufferBreak_literalMutationString17588:testBufferBreak_literalMutationBoolean17589:testBufferBreak_literalMutationNumber17590:testBufferBreak_literalMutationNumber17591:testBufferBreak_literalMutationNumber17592:testBufferBreak_literalMutationNumber17593:testBufferBreak_literalMutationNumber17594:testBufferBreak_literalMutationNumber17595:testBufferBreak_literalMutationNumber17596:testBufferBreak_literalMutationNumber17597:testBufferBreak_literalMutationString17598:testBufferBreak_literalMutationString17599:testBufferBreak_literalMutationString17600:testBufferBreak_literalMutationString17601:testBufferBreak_literalMutationString17602:testBufferBreak_literalMutationString17603:testBufferBreak_add17604:testBufferBreak_add17605:testBufferBreak_add17606:testBufferBreak_add17607:testBufferBreak_add17608:testBufferBreak_add17609:testBufferBreak_add17610:testBufferBreak_add17611:testBufferBreak_add17612:testBufferBreak_add17613:testBufferBreak_add17614:testBufferBreak_remove17615:testBufferBreak_remove17616:testBufferBreak_remove17617:testBufferBreak_remove17618:testBufferBreak_mg17619:testBufferBreak_mg17620:testBufferBreak_mg17621:testBufferBreak_mg17622:testBufferBreak_mg17623:testBufferBreak_mg17624:testBufferBreaknull17625:testBufferBreaknull17626:testBufferBreaknull17627
File saved to the following path: /tmp/icst-2019/september-2018/dataset/commons-io_parent/target/dspot/TestListener.ser
Loading /tmp/icst-2019/september-2018/dataset/commons-io_parent/target/dspot/TestListener.ser
[INFO] Test has been run: initializationError(org.apache.commons.io.input.TailerTest): Test class should have exactly one public zero-argument constructor
[INFO] 1 test fail, generating try/catch/fail blocks...
[INFO] Could not generate any test with assertions
[INFO] iteration 1 / 3
[INFO] 60 tests selected to be amplified over 60 available tests
[INFO] Amplification of inputs...
 66% |================================= ]| 33% |================================= ]| 58% |================================= ]\ 56% |================================= ]- 65% |================================= ]\ 63% |================================= ]- 68% |================================== ]/ 61% |================================== ]/ 60% |================================== ]| 51% |================================== ]\ 98% |================================================= ]\ 16% |================================================= ]- 91% |================================================= ]\ 83% |================================================= ]- 53% |================================================= ]| 96% |================================================= ]- 73% |================================================= ]| 55% |================================================= ]/ 46% |================================================= ]| 41% |================================================= ]/ 71% |================================================= ]\ 90% |================================================= ]-100% |================================================== ]|
 93% |============================================== ]| 50% |============================================== ]- 31% |============================================== ]\ 81% |============================================== ]/ 45% |============================================== ]\ 88% |============================================== ]/ 40% |============================================== ]| 48% |============================================== ]/ 28% |============================================== ]/ 95% |=============================================== ]/ 38% |=============================================== ]\ 26% |=============================================== ]| 43% |=============================================== ]- 30% |=============================================== ]- 36% |=============================================== ]- 78% |=============================================== ]\  8% |=============================================== ]/ 70% |=============================================== ]- 86% |=============================================== ]| 85% |=============================================== ]\  3% |=============================================== ]- 76% |=============================================== ]- 75% |=============================================== ]/ 23% |=============================================== ]-  1% |=============================================== ]/ 80% |=============================================== ]| 35% |=============================================== ]/ 11% |=============================================== ]\  6% |=============================================== ]| 15% |=============================================== ]/ 18% |=============================================== ]\ 13% |=============================================== ]| 10% |=============================================== ]-  5% |=============================================== ]\ 21% |=============================================== ]/ 20% |=============================================== ]| 25% |=============================================== ]\[INFO] 2749 new tests generated
[WARNING] Too many tests have been generated: 2749
[INFO] Number of generated test reduced to 200
[INFO] Run tests. (200)
[INFO] Run: java -classpath /tmp/icst-2019/september-2018/dataset/commons-io_parent/target/test-classes:/tmp/icst-2019/september-2018/dataset/commons-io_parent/target/classes/:/home/spirals/danglot/.m2/repository/junit/junit/4.12/junit-4.12.jar:/home/spirals/danglot/.m2/repository/org/hamcrest/hamcrest-core/1.3/hamcrest-core-1.3.jar:/tmp/icst-2019/september-2018/dataset/commons-io_parent/target/dspot/dependencies/:/home/spirals/danglot/.m2/repository/eu/stamp-project/test-runner/1.1.0/test-runner-1.1.0-jar-with-dependencies.jar eu.stamp_project.testrunner.runner.test.TestRunner org.apache.commons.io.input.TailerTest testBufferBreak_mg17623_mg18584:testBufferBreak_literalMutationString17602_mg18693:testBufferBreak_literalMutationString17588_mg19998:testBufferBreak_literalMutationString17574_mg20334:testBufferBreak_remove17618_mg20015:testBufferBreak_add17604_rv19085:testBufferBreak_add17604_rv19074:testBufferBreak_add17604_rv19155:testBufferBreak_add17604_rv19105:testBufferBreak_literalMutationNumber17597_mg19022:testBufferBreaknull17626_mg19078:testBufferBreak_add17604_rv18876:testBufferBreak_add17604_rv18906:testBufferBreak_literalMutationNumber17580_mg20324:testBufferBreak_mg17624_mg19744:testBufferBreak_mg17620_mg19368:testBufferBreak_literalMutationString17584_mg19572:testBufferBreak_add17604_mg18755:testBufferBreak_add17604_rv19087:testBufferBreak_add17604_rv19083:testBufferBreak_literalMutationNumber17568_mg19973:testBufferBreak_add17604_rv19136:testBufferBreak_add17604_rv19104:testBufferBreak_literalMutationString17577_mg19350:testBufferBreak_mg17623_mg18587:testBufferBreak_mg17624_mg19758:testBufferBreak_literalMutationBoolean17589_mg20106:testBufferBreak_literalMutationNumber17570_mg20412:testBufferBreak_add17609_mg19887:testBufferBreak_literalMutationNumber17591_mg19205:testBufferBreak_literalMutationString17575_mg20408:testBufferBreak_remove17616_mg19127:testBufferBreaknull17627_mg18503:testBufferBreak_literalMutationNumber17579_mg20382:testBufferBreak_add17611_mg19042:testBufferBreak_add17604_mg18759:testBufferBreak_literalMutationNumber17594_mg19049:testBufferBreak_literalMutationNumber17569_mg20022:testBufferBreak_add17610_mg18683:testBufferBreak_add17614_mg19949:testBufferBreak_add17612_mg20059:testBufferBreaknull17625_mg18593:testBufferBreak_literalMutationString17598_mg19052:testBufferBreak_literalMutationString17599_mg18342:testBufferBreak_add17613_mg20039:testBufferBreak_add17604_rv18942:testBufferBreak_add17604_rv18938:testBufferBreak_add17604_rv18934:testBufferBreak_add17604_rv18909:testBufferBreak_literalMutationNumber17572_mg20025:testBufferBreak_add17604_rv19031:testBufferBreak_add17604_rv19025:testBufferBreak_add17604_rv18878:testBufferBreak_add17604_rv19016:testBufferBreak_add17604_rv18897:testBufferBreak_add17604_rv19064:testBufferBreak_add17604_rv18950:testBufferBreak_add17604_rv19043:testBufferBreak_add17604_rv19089:testBufferBreak_literalMutationString17600_mg18440:testBufferBreak_add17604_rv19040:testBufferBreak_add17604_rv18803:testBufferBreak_add17610_mg18717:testBufferBreak_remove17616null19438:testBufferBreak_literalMutationNumber17590_mg19082:testBufferBreak_literalMutationString17585_mg19904:testBufferBreak_add17604_rv18976:testBufferBreak_add17604_rv19069:testBufferBreak_add17604_rv19167:testBufferBreak_add17604_rv18850:testBufferBreak_literalMutationNumber17582_mg20427:testBufferBreak_add17604_rv19045:testBufferBreak_add17604_rv19035:testBufferBreak_literalMutationString17603_mg18689:testBufferBreak_literalMutationNumber17595_mg18306:testBufferBreak_literalMutationString17586_mg19130:testBufferBreak_add17604_rv19019:testBufferBreak_add17604_rv18973:testBufferBreak_remove17616_literalMutationString18585:testBufferBreak_literalMutationNumber17596_mg19411:testBufferBreak_add17604_rv18820:testBufferBreak_add17604_rv18908:testBufferBreak_literalMutationNumber17581_mg19806:testBufferBreak_add17604_rv19073:testBufferBreak_add17604_rv19065:testBufferBreak_add17604_rv18896:testBufferBreak_remove17616null19435:testBufferBreak_add17604_rv19158:testBufferBreak_add17604_rv19044:testBufferBreak_add17605_mg18866:testBufferBreak_add17604_rv19070:testBufferBreak_mg17623_literalMutationString18486:testBufferBreak_add17604_rv19199:testBufferBreak_add17604_rv19185:testBufferBreak_mg17619_mg19746:testBufferBreak_add17604_rv19066:testBufferBreak_add17607_mg18152:testBufferBreak_literalMutationString17587_mg18359:testBufferBreak_mg17623_literalMutationString18260:testBufferBreak_literalMutationString17587_mg18375:testBufferBreak_mg17624_literalMutationString19558:testBufferBreak_add17606_mg18578:testBufferBreak_mg17624_literalMutationString19419:testBufferBreak_literalMutationString17599_mg18345:testBufferBreak_mg17623_mg18581:testBufferBreak_add17606_mg18579:testBufferBreak_remove17615null20345:testBufferBreak_remove17615_mg20261:testBufferBreak_remove17618null20186:testBufferBreak_mg17624_mg19690:testBufferBreak_remove17615_literalMutationString19740:testBufferBreak_mg17621_mg18414:testBufferBreak_mg17623_mg18582:testBufferBreak_remove17617null18536:testBufferBreak_mg17620_mg19386:testBufferBreak_remove17615null20339:testBufferBreak_mg17622_mg18243:testBufferBreak_mg17623_mg18583:testBufferBreak_remove17616_literalMutationString19061:testBufferBreak_remove17618_literalMutationString19313:testBufferBreak_remove17618null20184:testBufferBreak_remove17618null20185:testBufferBreak_add17611_mg19086:testBufferBreak_literalMutationString17576_mg20349:testBufferBreak_mg17624_mg19715:testBufferBreak_mg17624_literalMutationString18764:testBufferBreak_mg17623_literalMutationString18489:testBufferBreak_mg17623_literalMutationString17984:testBufferBreak_mg17623_literalMutationString18024:testBufferBreak_literalMutationString17583_mg19614:testBufferBreak_remove17617_literalMutationString17961:testBufferBreak_add17608_mg19053:testBufferBreak_mg17623_literalMutationNumber17879:testBufferBreak_mg17624_mg19722:testBufferBreak_mg17623_literalMutationString18304:testBufferBreak_mg17623_literalMutationNumber18071:testBufferBreak_mg17621_mg18415:testBufferBreak_remove17617null18502:testBufferBreak_remove17617null18505:testBufferBreak_mg17623_literalMutationString18447:testBufferBreak_literalMutationString17601_mg18377:testBufferBreak_literalMutationNumber17593_mg19939:testBufferBreak_literalMutationNumber17571_mg20198:testBufferBreak_mg17623_literalMutationNumber17782:testBufferBreak_mg17623_literalMutationBoolean18381:testBufferBreak_mg17623_literalMutationNumber17790:testBufferBreak_mg17623_literalMutationNumber18391:testBufferBreak_mg17623_literalMutationNumber18393:testBufferBreak_mg17623_literalMutationNumber17822:testBufferBreak_mg17623_literalMutationNumber18445:testBufferBreak_mg17623_literalMutationNumber18128:testBufferBreak_mg17623_literalMutationNumber18417:testBufferBreak_mg17623_literalMutationNumber18444:testBufferBreak_mg17623_literalMutationNumber18163:testBufferBreak_mg17623_literalMutationNumber18441:testBufferBreak_mg17623_literalMutationNumber18442:testBufferBreak_mg17623_literalMutationNumber18052:testBufferBreak_mg17623_literalMutationNumber18423:testBufferBreak_literalMutationNumber17592_mg18805:testBufferBreak_mg17623_literalMutationString18303:testBufferBreak_mg17624_literalMutationString18832:testBufferBreak_remove17616_literalMutationString18703:testBufferBreak_mg17623_literalMutationString18003:testBufferBreak_mg17623_literalMutationString18467:testBufferBreak_mg17623_literalMutationNumber17750:testBufferBreak_mg17623_literalMutationString18343:testBufferBreak_literalMutationString17578_mg20313:testBufferBreak_mg17623_literalMutationString18459:testBufferBreak_remove17616_mg19121:testBufferBreak_mg17623_literalMutationString18045:testBufferBreak_literalMutationString17577_mg19351:testBufferBreak_mg17623_literalMutationString18268:testBufferBreak_literalMutationString17573_mg20293:testBufferBreak_mg17624_literalMutationString19485:testBufferBreak_mg17624_literalMutationString18829:testBufferBreak_mg17624_literalMutationString19146:testBufferBreak_mg17624_literalMutationString19123:testBufferBreak_mg17622_mg18277:testBufferBreak_add17604_literalMutationString18558:testBufferBreak_mg17624_literalMutationString18882:testBufferBreak_mg17624_literalMutationString19556:testBufferBreak_mg17624_literalMutationNumber19195:testBufferBreak_mg17624_literalMutationNumber19084:testBufferBreak_literalMutationString17578_mg20315:testBufferBreak_add17608_mg19102:testBufferBreak_mg17624_literalMutationString19603:testBufferBreak_mg17624_literalMutationBoolean19488:testBufferBreak_mg17624_literalMutationNumber18979:testBufferBreak_mg17624_literalMutationNumber19489:testBufferBreak_mg17624_literalMutationNumber18922:testBufferBreak_mg17624_literalMutationNumber19498:testBufferBreak_mg17624_literalMutationNumber19548:testBufferBreak_mg17624_literalMutationString19142:testBufferBreak_mg17624_literalMutationNumber19194:testBufferBreak_mg17624_literalMutationNumber19555:testBufferBreak_mg17624_literalMutationNumber19554:testBufferBreak_mg17624_literalMutationNumber19046:testBufferBreak_mg17624_literalMutationNumber19553:testBufferBreak_remove17616_literalMutationString18727:testBufferBreak_mg17624_literalMutationNumber19234
File saved to the following path: /tmp/icst-2019/september-2018/dataset/commons-io_parent/target/dspot/TestListener.ser
Loading /tmp/icst-2019/september-2018/dataset/commons-io_parent/target/dspot/TestListener.ser
[INFO] Test has been run: initializationError(org.apache.commons.io.input.TailerTest): Test class should have exactly one public zero-argument constructor
[INFO] 1 test fail, generating try/catch/fail blocks...
[INFO] Could not generate any test with assertions
[INFO] iteration 2 / 3
[INFO] 200 tests selected to be amplified over 200 available tests
[INFO] Amplification of inputs...
 66% |=============================================== ]/ 33% |=============================================== ]- 91% |=============================================== ]\ 58% |=============================================== ]| 16% |=============================================== ]/ 61% |=============================================== ]- 52% |=============================================== ]| 54% |=============================================== ]| 60% |=============================================== ]| 62% |=============================================== ]| 57% |=============================================== ]- 83% |=============================================== ]- 59% |=============================================== ]\ 55% |=============================================== ]\  8% |=============================================== ]| 58% |=============================================== ]/ 56% |=============================================== ]/ 22% |=============================================== ]/ 79% |=============================================== ]- 86% |=============================================== ]| 51% |=============================================== ]- 83% |=============================================== ]\ 82% |=============================================== ]| 77% |=============================================== ]- 85% |=============================================== ]- 60% |=============================================== ]/ 61% |=============================================== ]\ 80% |=============================================== ]/ 54% |=============================================== ]/ 56% |=============================================== ]| 23% |=============================================== ]- 53% |=============================================== ]\ 57% |=============================================== ]\ 33% |=============================================== ]\ 62% |=============================================== ]/ 82% |=============================================== ]/ 67% |=============================================== ]- 84% |=============================================== ]/ 92% |=============================================== ]| 84% |=============================================== ]| 59% |=============================================== ]- 51% |=============================================== ]\ 17% |=============================================== ]- 79% |=============================================== ]\ 86% |=============================================== ]/ 52% |=============================================== ]/ 77% |=============================================== ]\  8% |=============================================== ]/ 50% |=============================================== ]/ 80% |=============================================== ]| 97% |================================================ ]\ 20% |================================================ ]/ 85% |================================================ ]\ 22% |================================================ ]| 55% |================================================ ]- 24% |================================================ ]/ 81% |================================================ ]- 89% |================================================ ]\ 34% |================================================ ]| 91% |================================================ ]- 93% |================================================ ]- 81% |================================================ ]\ 16% |================================================ ]| 78% |================================================ ]/ 92% |================================================ ]/ 87% |================================================ ]- 72% |================================================ ]/  4% |================================================ ]| 78% |================================================ ]| 66% |================================================ ]|  9% |================================================ ]- 11% |================================================ ]- 53% |================================================ ]- 95% |================================================ ]\ 64% |================================================ ]/ 21% |================================================ ]- 10% |================================================ ]| 98% |================================================= ]| 32% |================================================= ]|  9% |================================================= ]\ 93% |================================================= ]\ 99% |================================================= ]\ 70% |================================================= ]/  7% |================================================= ]- 14% |================================================= ]/  4% |================================================= ]/ 18% |================================================= ]| 90% |================================================= ]| 76% |================================================= ]| 73% |================================================= ]- 87% |================================================= ]\ 25% |================================================= ]- 13% |================================================= ]\ 32% |================================================= ]/ 68% |================================================= ]| 65% |================================================= ]-100% |================================================== ]|
 11% |===== ]\ 96% |================================================ ]| 21% |================================================ ]\ 94% |================================================ ]/ 10% |================================================ ]/ 98% |================================================= ]/ 97% |================================================= ]- 71% |================================================= ]- 13% |================================================= ]- 23% |================================================= ]\  3% |================================================= ]\ 17% |================================================= ]\ 15% |================================================= ]- 90% |================================================= ]/  7% |================================================= ]\ 76% |================================================= ]/ 31% |================================================= ]\ 72% |================================================= ]| 68% |================================================= ]/ 45% |================================================= ]\ 65% |================================================= ]\ 74% |================================================= ]/ 95% |================================================= ]- 12% |================================================= ]| 14% |================================================= ]| 67% |================================================= ]\ 18% |================================================= ]/ 19% |================================================= ]\ 96% |================================================= ]/ 99% |================================================= ]- 71% |================================================= ]\ 63% |================================================= ]\ 15% |================================================= ]\ 88% |================================================= ]/ 75% |================================================= ]\ 63% |================================================= ]- 19% |================================================= ]- 73% |================================================= ]\  6% |================================================= ]/ 24% |================================================= ]|  5% |================================================= ]\ 94% |================================================= ]| 46% |================================================= ]| 75% |================================================= ]- 41% |================================================= ]\  2% |================================================= ]|  1% |================================================= ]-  5% |================================================= ]- 36% |================================================= ]| 12% |================================================= ]/  2% |================================================= ]/ 69% |================================================= ]\ 48% |================================================= ]/ 64% |================================================= ]|  0% |================================================= ]/ 20% |================================================= ]| 47% |================================================= ]\ 47% |================================================= ]- 49% |================================================= ]\ 89% |================================================= ]- 69% |================================================= ]- 44% |================================================= ]/ 74% |================================================= ]| 29% |================================================= ]- 35% |================================================= ]- 46% |================================================= ]/ 27% |================================================= ]-  6% |================================================= ]| 42% |================================================= ]| 36% |================================================= ]/ 37% |================================================= ]- 30% |================================================= ]/ 70% |================================================= ]| 88% |================================================= ]| 26% |================================================= ]| 49% |================================================= ]- 50% |================================================= ]| 34% |================================================= ]/ 45% |================================================= ]-  3% |================================================= ]-  1% |================================================= ]\ 39% |================================================= ]\ 29% |================================================= ]\ 27% |================================================= ]\ 35% |================================================= ]\ 43% |================================================= ]- 48% |================================================= ]| 37% |================================================= ]\ 41% |================================================= ]- 25% |================================================= ]\ 42% |================================================= ]/ 31% |================================================= ]- 44% |================================================= ]| 30% |================================================= ]| 38% |================================================= ]/ 28% |================================================= ]/ 26% |================================================= ]/ 40% |================================================= ]| 38% |================================================= ]| 28% |================================================= ]| 43% |================================================= ]\ 39% |================================================= ]- 40% |================================================= ]/[INFO] 10145 new tests generated
[WARNING] Too many tests have been generated: 10145
[INFO] Number of generated test reduced to 200
[INFO] Run tests. (200)
[INFO] ------------------------------------------------------------------------
[INFO] BUILD FAILURE
[INFO] ------------------------------------------------------------------------
[INFO] Total time: 11:55 h
[INFO] Finished at: 2018-10-02T11:53:56+02:00
[INFO] ------------------------------------------------------------------------
[ERROR] Failed to execute goal eu.stamp-project:dspot-maven:1.1.1-SNAPSHOT:amplify-unit-tests (default-cli) on project commons-io: Execution default-cli of goal eu.stamp-project:dspot-maven:1.1.1-SNAPSHOT:amplify-unit-tests failed: java.lang.RuntimeException: java.util.zip.ZipException: invalid LOC header (bad signature) -> [Help 1]
org.apache.maven.lifecycle.LifecycleExecutionException: Failed to execute goal eu.stamp-project:dspot-maven:1.1.1-SNAPSHOT:amplify-unit-tests (default-cli) on project commons-io: Execution default-cli of goal eu.stamp-project:dspot-maven:1.1.1-SNAPSHOT:amplify-unit-tests failed: java.lang.RuntimeException: java.util.zip.ZipException: invalid LOC header (bad signature)
    at org.apache.maven.lifecycle.internal.MojoExecutor.execute (MojoExecutor.java:213)
    at org.apache.maven.lifecycle.internal.MojoExecutor.execute (MojoExecutor.java:154)
    at org.apache.maven.lifecycle.internal.MojoExecutor.execute (MojoExecutor.java:146)
    at org.apache.maven.lifecycle.internal.LifecycleModuleBuilder.buildProject (LifecycleModuleBuilder.java:117)
    at org.apache.maven.lifecycle.internal.LifecycleModuleBuilder.buildProject (LifecycleModuleBuilder.java:81)
    at org.apache.maven.lifecycle.internal.builder.singlethreaded.SingleThreadedBuilder.build (SingleThreadedBuilder.java:56)
    at org.apache.maven.lifecycle.internal.LifecycleStarter.execute (LifecycleStarter.java:128)
    at org.apache.maven.DefaultMaven.doExecute (DefaultMaven.java:305)
    at org.apache.maven.DefaultMaven.doExecute (DefaultMaven.java:192)
    at org.apache.maven.DefaultMaven.execute (DefaultMaven.java:105)
    at org.apache.maven.cli.MavenCli.execute (MavenCli.java:954)
    at org.apache.maven.cli.MavenCli.doMain (MavenCli.java:288)
    at org.apache.maven.cli.MavenCli.main (MavenCli.java:192)
    at sun.reflect.NativeMethodAccessorImpl.invoke0 (Native Method)
    at sun.reflect.NativeMethodAccessorImpl.invoke (NativeMethodAccessorImpl.java:62)
    at sun.reflect.DelegatingMethodAccessorImpl.invoke (DelegatingMethodAccessorImpl.java:43)
    at java.lang.reflect.Method.invoke (Method.java:498)
    at org.codehaus.plexus.classworlds.launcher.Launcher.launchEnhanced (Launcher.java:289)
    at org.codehaus.plexus.classworlds.launcher.Launcher.launch (Launcher.java:229)
    at org.codehaus.plexus.classworlds.launcher.Launcher.mainWithExitCode (Launcher.java:415)
    at org.codehaus.plexus.classworlds.launcher.Launcher.main (Launcher.java:356)
Caused by: org.apache.maven.plugin.PluginExecutionException: Execution default-cli of goal eu.stamp-project:dspot-maven:1.1.1-SNAPSHOT:amplify-unit-tests failed: java.lang.RuntimeException: java.util.zip.ZipException: invalid LOC header (bad signature)
    at org.apache.maven.plugin.DefaultBuildPluginManager.executeMojo (DefaultBuildPluginManager.java:148)
    at org.apache.maven.lifecycle.internal.MojoExecutor.execute (MojoExecutor.java:208)
    at org.apache.maven.lifecycle.internal.MojoExecutor.execute (MojoExecutor.java:154)
    at org.apache.maven.lifecycle.internal.MojoExecutor.execute (MojoExecutor.java:146)
    at org.apache.maven.lifecycle.internal.LifecycleModuleBuilder.buildProject (LifecycleModuleBuilder.java:117)
    at org.apache.maven.lifecycle.internal.LifecycleModuleBuilder.buildProject (LifecycleModuleBuilder.java:81)
    at org.apache.maven.lifecycle.internal.builder.singlethreaded.SingleThreadedBuilder.build (SingleThreadedBuilder.java:56)
    at org.apache.maven.lifecycle.internal.LifecycleStarter.execute (LifecycleStarter.java:128)
    at org.apache.maven.DefaultMaven.doExecute (DefaultMaven.java:305)
    at org.apache.maven.DefaultMaven.doExecute (DefaultMaven.java:192)
    at org.apache.maven.DefaultMaven.execute (DefaultMaven.java:105)
    at org.apache.maven.cli.MavenCli.execute (MavenCli.java:954)
    at org.apache.maven.cli.MavenCli.doMain (MavenCli.java:288)
    at org.apache.maven.cli.MavenCli.main (MavenCli.java:192)
    at sun.reflect.NativeMethodAccessorImpl.invoke0 (Native Method)
    at sun.reflect.NativeMethodAccessorImpl.invoke (NativeMethodAccessorImpl.java:62)
    at sun.reflect.DelegatingMethodAccessorImpl.invoke (DelegatingMethodAccessorImpl.java:43)
    at java.lang.reflect.Method.invoke (Method.java:498)
    at org.codehaus.plexus.classworlds.launcher.Launcher.launchEnhanced (Launcher.java:289)
    at org.codehaus.plexus.classworlds.launcher.Launcher.launch (Launcher.java:229)
    at org.codehaus.plexus.classworlds.launcher.Launcher.mainWithExitCode (Launcher.java:415)
    at org.codehaus.plexus.classworlds.launcher.Launcher.main (Launcher.java:356)
Caused by: java.lang.RuntimeException: java.lang.RuntimeException: java.util.zip.ZipException: invalid LOC header (bad signature)
    at eu.stamp_project.DSpotMojo.execute (DSpotMojo.java:265)
    at org.apache.maven.plugin.DefaultBuildPluginManager.executeMojo (DefaultBuildPluginManager.java:137)
    at org.apache.maven.lifecycle.internal.MojoExecutor.execute (MojoExecutor.java:208)
    at org.apache.maven.lifecycle.internal.MojoExecutor.execute (MojoExecutor.java:154)
    at org.apache.maven.lifecycle.internal.MojoExecutor.execute (MojoExecutor.java:146)
    at org.apache.maven.lifecycle.internal.LifecycleModuleBuilder.buildProject (LifecycleModuleBuilder.java:117)
    at org.apache.maven.lifecycle.internal.LifecycleModuleBuilder.buildProject (LifecycleModuleBuilder.java:81)
    at org.apache.maven.lifecycle.internal.builder.singlethreaded.SingleThreadedBuilder.build (SingleThreadedBuilder.java:56)
    at org.apache.maven.lifecycle.internal.LifecycleStarter.execute (LifecycleStarter.java:128)
    at org.apache.maven.DefaultMaven.doExecute (DefaultMaven.java:305)
    at org.apache.maven.DefaultMaven.doExecute (DefaultMaven.java:192)
    at org.apache.maven.DefaultMaven.execute (DefaultMaven.java:105)
    at org.apache.maven.cli.MavenCli.execute (MavenCli.java:954)
    at org.apache.maven.cli.MavenCli.doMain (MavenCli.java:288)
    at org.apache.maven.cli.MavenCli.main (MavenCli.java:192)
    at sun.reflect.NativeMethodAccessorImpl.invoke0 (Native Method)
    at sun.reflect.NativeMethodAccessorImpl.invoke (NativeMethodAccessorImpl.java:62)
    at sun.reflect.DelegatingMethodAccessorImpl.invoke (DelegatingMethodAccessorImpl.java:43)
    at java.lang.reflect.Method.invoke (Method.java:498)
    at org.codehaus.plexus.classworlds.launcher.Launcher.launchEnhanced (Launcher.java:289)
    at org.codehaus.plexus.classworlds.launcher.Launcher.launch (Launcher.java:229)
    at org.codehaus.plexus.classworlds.launcher.Launcher.mainWithExitCode (Launcher.java:415)
    at org.codehaus.plexus.classworlds.launcher.Launcher.main (Launcher.java:356)
Caused by: java.lang.RuntimeException: java.util.zip.ZipException: invalid LOC header (bad signature)
    at eu.stamp_project.utils.DSpotUtils.lambda$copyPackageFromResources$3 (DSpotUtils.java:136)
    at java.util.Spliterators$ArraySpliterator.forEachRemaining (Spliterators.java:948)
    at java.util.stream.ReferencePipeline$Head.forEach (ReferencePipeline.java:580)
    at eu.stamp_project.utils.DSpotUtils.copyPackageFromResources (DSpotUtils.java:118)
    at eu.stamp_project.utils.compilation.TestCompiler.compileAndRun (TestCompiler.java:92)
    at eu.stamp_project.dspot.assertgenerator.AssertGenerator.innerAssertionAmplification (AssertGenerator.java:100)
    at eu.stamp_project.dspot.assertgenerator.AssertGenerator.assertionAmplification (AssertGenerator.java:71)
    at eu.stamp_project.dspot.Amplification.assertionsAmplification (Amplification.java:150)
    at eu.stamp_project.dspot.Amplification.amplification (Amplification.java:135)
    at eu.stamp_project.dspot.Amplification.amplification (Amplification.java:97)
    at eu.stamp_project.dspot.DSpot.amplifyTest (DSpot.java:181)
    at eu.stamp_project.dspot.DSpot.amplifyTest (DSpot.java:171)
    at eu.stamp_project.Main.lambda$run$1 (Main.java:69)
    at java.util.stream.ReferencePipeline$3$1.accept (ReferencePipeline.java:193)
    at java.util.ArrayList$ArrayListSpliterator.forEachRemaining (ArrayList.java:1374)
    at java.util.stream.AbstractPipeline.copyInto (AbstractPipeline.java:481)
    at java.util.stream.AbstractPipeline.wrapAndCopyInto (AbstractPipeline.java:471)
    at java.util.stream.ReduceOps$ReduceOp.evaluateSequential (ReduceOps.java:708)
    at java.util.stream.AbstractPipeline.evaluate (AbstractPipeline.java:234)
    at java.util.stream.ReferencePipeline.collect (ReferencePipeline.java:499)
    at eu.stamp_project.Main.run (Main.java:71)
    at eu.stamp_project.DSpotMojo.execute (DSpotMojo.java:263)
    at org.apache.maven.plugin.DefaultBuildPluginManager.executeMojo (DefaultBuildPluginManager.java:137)
    at org.apache.maven.lifecycle.internal.MojoExecutor.execute (MojoExecutor.java:208)
    at org.apache.maven.lifecycle.internal.MojoExecutor.execute (MojoExecutor.java:154)
    at org.apache.maven.lifecycle.internal.MojoExecutor.execute (MojoExecutor.java:146)
    at org.apache.maven.lifecycle.internal.LifecycleModuleBuilder.buildProject (LifecycleModuleBuilder.java:117)
    at org.apache.maven.lifecycle.internal.LifecycleModuleBuilder.buildProject (LifecycleModuleBuilder.java:81)
    at org.apache.maven.lifecycle.internal.builder.singlethreaded.SingleThreadedBuilder.build (SingleThreadedBuilder.java:56)
    at org.apache.maven.lifecycle.internal.LifecycleStarter.execute (LifecycleStarter.java:128)
    at org.apache.maven.DefaultMaven.doExecute (DefaultMaven.java:305)
    at org.apache.maven.DefaultMaven.doExecute (DefaultMaven.java:192)
    at org.apache.maven.DefaultMaven.execute (DefaultMaven.java:105)
    at org.apache.maven.cli.MavenCli.execute (MavenCli.java:954)
    at org.apache.maven.cli.MavenCli.doMain (MavenCli.java:288)
    at org.apache.maven.cli.MavenCli.main (MavenCli.java:192)
    at sun.reflect.NativeMethodAccessorImpl.invoke0 (Native Method)
    at sun.reflect.NativeMethodAccessorImpl.invoke (NativeMethodAccessorImpl.java:62)
    at sun.reflect.DelegatingMethodAccessorImpl.invoke (DelegatingMethodAccessorImpl.java:43)
    at java.lang.reflect.Method.invoke (Method.java:498)
    at org.codehaus.plexus.classworlds.launcher.Launcher.launchEnhanced (Launcher.java:289)
    at org.codehaus.plexus.classworlds.launcher.Launcher.launch (Launcher.java:229)
    at org.codehaus.plexus.classworlds.launcher.Launcher.mainWithExitCode (Launcher.java:415)
    at org.codehaus.plexus.classworlds.launcher.Launcher.main (Launcher.java:356)
Caused by: java.util.zip.ZipException: invalid LOC header (bad signature)
    at java.util.zip.ZipFile.read (Native Method)
    at java.util.zip.ZipFile.access$1400 (ZipFile.java:60)
    at java.util.zip.ZipFile$ZipFileInputStream.read (ZipFile.java:717)
    at java.util.zip.ZipFile$ZipFileInflaterInputStream.fill (ZipFile.java:419)
    at java.util.zip.InflaterInputStream.read (InflaterInputStream.java:158)
    at java.io.FilterInputStream.read (FilterInputStream.java:133)
    at java.io.FilterInputStream.read (FilterInputStream.java:107)
    at eu.stamp_project.utils.DSpotUtils.lambda$copyPackageFromResources$3 (DSpotUtils.java:131)
    at java.util.Spliterators$ArraySpliterator.forEachRemaining (Spliterators.java:948)
    at java.util.stream.ReferencePipeline$Head.forEach (ReferencePipeline.java:580)
    at eu.stamp_project.utils.DSpotUtils.copyPackageFromResources (DSpotUtils.java:118)
    at eu.stamp_project.utils.compilation.TestCompiler.compileAndRun (TestCompiler.java:92)
    at eu.stamp_project.dspot.assertgenerator.AssertGenerator.innerAssertionAmplification (AssertGenerator.java:100)
    at eu.stamp_project.dspot.assertgenerator.AssertGenerator.assertionAmplification (AssertGenerator.java:71)
    at eu.stamp_project.dspot.Amplification.assertionsAmplification (Amplification.java:150)
    at eu.stamp_project.dspot.Amplification.amplification (Amplification.java:135)
    at eu.stamp_project.dspot.Amplification.amplification (Amplification.java:97)
    at eu.stamp_project.dspot.DSpot.amplifyTest (DSpot.java:181)
    at eu.stamp_project.dspot.DSpot.amplifyTest (DSpot.java:171)
    at eu.stamp_project.Main.lambda$run$1 (Main.java:69)
    at java.util.stream.ReferencePipeline$3$1.accept (ReferencePipeline.java:193)
    at java.util.ArrayList$ArrayListSpliterator.forEachRemaining (ArrayList.java:1374)
    at java.util.stream.AbstractPipeline.copyInto (AbstractPipeline.java:481)
    at java.util.stream.AbstractPipeline.wrapAndCopyInto (AbstractPipeline.java:471)
    at java.util.stream.ReduceOps$ReduceOp.evaluateSequential (ReduceOps.java:708)
    at java.util.stream.AbstractPipeline.evaluate (AbstractPipeline.java:234)
    at java.util.stream.ReferencePipeline.collect (ReferencePipeline.java:499)
    at eu.stamp_project.Main.run (Main.java:71)
    at eu.stamp_project.DSpotMojo.execute (DSpotMojo.java:263)
    at org.apache.maven.plugin.DefaultBuildPluginManager.executeMojo (DefaultBuildPluginManager.java:137)
    at org.apache.maven.lifecycle.internal.MojoExecutor.execute (MojoExecutor.java:208)
    at org.apache.maven.lifecycle.internal.MojoExecutor.execute (MojoExecutor.java:154)
    at org.apache.maven.lifecycle.internal.MojoExecutor.execute (MojoExecutor.java:146)
    at org.apache.maven.lifecycle.internal.LifecycleModuleBuilder.buildProject (LifecycleModuleBuilder.java:117)
    at org.apache.maven.lifecycle.internal.LifecycleModuleBuilder.buildProject (LifecycleModuleBuilder.java:81)
    at org.apache.maven.lifecycle.internal.builder.singlethreaded.SingleThreadedBuilder.build (SingleThreadedBuilder.java:56)
    at org.apache.maven.lifecycle.internal.LifecycleStarter.execute (LifecycleStarter.java:128)
    at org.apache.maven.DefaultMaven.doExecute (DefaultMaven.java:305)
    at org.apache.maven.DefaultMaven.doExecute (DefaultMaven.java:192)
    at org.apache.maven.DefaultMaven.execute (DefaultMaven.java:105)
    at org.apache.maven.cli.MavenCli.execute (MavenCli.java:954)
    at org.apache.maven.cli.MavenCli.doMain (MavenCli.java:288)
    at org.apache.maven.cli.MavenCli.main (MavenCli.java:192)
    at sun.reflect.NativeMethodAccessorImpl.invoke0 (Native Method)
    at sun.reflect.NativeMethodAccessorImpl.invoke (NativeMethodAccessorImpl.java:62)
    at sun.reflect.DelegatingMethodAccessorImpl.invoke (DelegatingMethodAccessorImpl.java:43)
    at java.lang.reflect.Method.invoke (Method.java:498)
    at org.codehaus.plexus.classworlds.launcher.Launcher.launchEnhanced (Launcher.java:289)
    at org.codehaus.plexus.classworlds.launcher.Launcher.launch (Launcher.java:229)
    at org.codehaus.plexus.classworlds.launcher.Launcher.mainWithExitCode (Launcher.java:415)
    at org.codehaus.plexus.classworlds.launcher.Launcher.main (Launcher.java:356)
[ERROR] 
[ERROR] 
[ERROR] For more information about the errors and possible solutions, please read the following articles:
[ERROR] [Help 1] http://cwiki.apache.org/confluence/display/MAVEN/PluginExecutionException
