[INFO] Scanning for projects...
[INFO] 
[INFO] ------------------< org.apache.commons:commons-lang3 >------------------
[INFO] Building Apache Commons Lang 3.8-SNAPSHOT
[INFO] --------------------------------[ jar ]---------------------------------
[INFO] 
[INFO] --- dspot-maven:1.1.1-SNAPSHOT:amplify-unit-tests (default-cli) @ commons-lang3 ---
Downloading from stamp-maven-repository-mvn-repo: https://stamp-project.github.io/stamp-maven-repository/eu/stamp-project/dspot/1.1.1-SNAPSHOT/maven-metadata.xml
Downloading from stamp-maven-repository-mvn-repo: https://stamp-project.github.io/stamp-maven-repository/fr/inria/gforge/spoon/spoon-core/7.1.0-SNAPSHOT/maven-metadata.xml
Downloading from stamp-maven-repository-mvn-repo: https://stamp-project.github.io/stamp-maven-repository/org/eclipse/platform/org.eclipse.core.resources/maven-metadata.xml
Downloading from stamp-maven-repository-mvn-repo: https://stamp-project.github.io/stamp-maven-repository/org/eclipse/platform/org.eclipse.core.expressions/maven-metadata.xml
Downloading from stamp-maven-repository-mvn-repo: https://stamp-project.github.io/stamp-maven-repository/org/eclipse/platform/org.eclipse.core.runtime/maven-metadata.xml
Downloading from stamp-maven-repository-mvn-repo: https://stamp-project.github.io/stamp-maven-repository/org/eclipse/platform/org.eclipse.osgi/maven-metadata.xml
Downloading from stamp-maven-repository-mvn-repo: https://stamp-project.github.io/stamp-maven-repository/org/eclipse/platform/org.eclipse.equinox.common/maven-metadata.xml
Downloading from stamp-maven-repository-mvn-repo: https://stamp-project.github.io/stamp-maven-repository/org/eclipse/platform/org.eclipse.core.jobs/maven-metadata.xml
Downloading from stamp-maven-repository-mvn-repo: https://stamp-project.github.io/stamp-maven-repository/org/eclipse/platform/org.eclipse.equinox.registry/maven-metadata.xml
Downloading from stamp-maven-repository-mvn-repo: https://stamp-project.github.io/stamp-maven-repository/org/eclipse/platform/org.eclipse.equinox.preferences/maven-metadata.xml
Downloading from stamp-maven-repository-mvn-repo: https://stamp-project.github.io/stamp-maven-repository/org/eclipse/platform/org.eclipse.core.contenttype/maven-metadata.xml
Downloading from stamp-maven-repository-mvn-repo: https://stamp-project.github.io/stamp-maven-repository/org/eclipse/platform/org.eclipse.equinox.app/maven-metadata.xml
Downloading from stamp-maven-repository-mvn-repo: https://stamp-project.github.io/stamp-maven-repository/org/eclipse/platform/org.eclipse.core.filesystem/maven-metadata.xml
Downloading from stamp-maven-repository-mvn-repo: https://stamp-project.github.io/stamp-maven-repository/org/eclipse/platform/org.eclipse.text/maven-metadata.xml
Downloading from stamp-maven-repository-mvn-repo: https://stamp-project.github.io/stamp-maven-repository/org/eclipse/platform/org.eclipse.core.commands/maven-metadata.xml
[INFO] Path to runner Classes: /home/spirals/danglot/.m2/repository/eu/stamp-project/test-runner/1.1.0/test-runner-1.1.0-jar-with-dependencies.jar
[INFO] /home/spirals/danglot/.m2/repository/org/jacoco/org.jacoco.core/0.7.9/org.jacoco.core-0.7.9.jar
[INFO] /home/spirals/danglot/.m2/repository/org/ow2/asm/asm-debug-all/5.2/asm-debug-all-5.2.jar
[INFO] /home/spirals/danglot/.m2/repository/eu/stamp-project/test-runner/1.1.0/test-runner-1.1.0-jar-with-dependencies.jar
[WARNING] automaticBuilderName: unknown automatic builder specified in configuration, going to default.
[INFO] Default: provided Maven automatic builder.
[INFO] run maven clean test -DskipTests dependency:build-classpath -Dmdep.outputFile=target/dspot/classpath
[WARN] Maven will be executed in interactive mode, but no input stream has been configured for this MavenInvoker instance.
[INFO] Scanning for projects...
[INFO] 
[INFO] ------------------< org.apache.commons:commons-lang3 >------------------
[INFO] Building Apache Commons Lang 3.8-SNAPSHOT
[INFO] --------------------------------[ jar ]---------------------------------
[INFO] 
[INFO] --- maven-clean-plugin:3.0.0:clean (default-clean) @ commons-lang3 ---
[INFO] Deleting /tmp/icst-2019/september-2018/dataset/commons-lang_parent/target
[INFO] 
[INFO] --- maven-enforcer-plugin:1.4.1:enforce (enforce-maven-3) @ commons-lang3 ---
[INFO] Skipping Rule Enforcement.
[INFO] 
[INFO] --- build-helper-maven-plugin:3.0.0:parse-version (parse-version) @ commons-lang3 ---
[INFO] 
[INFO] --- maven-antrun-plugin:1.8:run (javadoc.resources) @ commons-lang3 ---
[INFO] Executing tasks

main:
     [copy] Copying 2 files to /tmp/icst-2019/september-2018/dataset/commons-lang_parent/target/apidocs/META-INF
[INFO] Executed tasks
[INFO] 
[INFO] --- maven-remote-resources-plugin:1.5:process (process-resource-bundles) @ commons-lang3 ---
[INFO] 
[INFO] --- buildnumber-maven-plugin:1.4:create (default) @ commons-lang3 ---
[INFO] Executing: /bin/sh -c cd '/tmp/icst-2019/september-2018/dataset/commons-lang_parent' && 'git' 'rev-parse' '--verify' 'HEAD'
[INFO] Working directory: /tmp/icst-2019/september-2018/dataset/commons-lang_parent
[INFO] Storing buildNumber: 2ce40494073aa4e9bdcba4c39d24727b7141d227 at timestamp: 1537731904049
[INFO] Storing buildScmBranch: master
[INFO] 
[INFO] --- maven-resources-plugin:2.7:resources (default-resources) @ commons-lang3 ---
[INFO] Using 'ISO-8859-1' encoding to copy filtered resources.
[INFO] skip non existing resourceDirectory /tmp/icst-2019/september-2018/dataset/commons-lang_parent/src/main/resources
[INFO] Copying 2 resources to META-INF
[INFO] 
[INFO] --- maven-compiler-plugin:3.7.0:compile (default-compile) @ commons-lang3 ---
[INFO] Changes detected - recompiling the module!
[INFO] Compiling 152 source files to /tmp/icst-2019/september-2018/dataset/commons-lang_parent/target/classes
[INFO] /tmp/icst-2019/september-2018/dataset/commons-lang_parent/src/main/java/org/apache/commons/lang3/StringEscapeUtils.java: Some input files use or override a deprecated API.
[INFO] /tmp/icst-2019/september-2018/dataset/commons-lang_parent/src/main/java/org/apache/commons/lang3/StringEscapeUtils.java: Recompile with -Xlint:deprecation for details.
[INFO] /tmp/icst-2019/september-2018/dataset/commons-lang_parent/src/main/java/org/apache/commons/lang3/text/StrBuilder.java: Some input files use unchecked or unsafe operations.
[INFO] /tmp/icst-2019/september-2018/dataset/commons-lang_parent/src/main/java/org/apache/commons/lang3/text/StrBuilder.java: Recompile with -Xlint:unchecked for details.
[INFO] 
[INFO] --- maven-bundle-plugin:3.4.0:manifest (bundle-manifest) @ commons-lang3 ---
[INFO] 
[INFO] --- animal-sniffer-maven-plugin:1.16:check (checkAPIcompatibility) @ commons-lang3 ---
[INFO] Checking unresolved references to org.codehaus.mojo.signature:java17:1.0
[INFO] 
[INFO] --- maven-resources-plugin:2.7:testResources (default-testResources) @ commons-lang3 ---
[INFO] Using 'ISO-8859-1' encoding to copy filtered resources.
[INFO] Copying 2 resources
[INFO] Copying 2 resources to META-INF
[INFO] 
[INFO] --- maven-compiler-plugin:3.7.0:testCompile (default-testCompile) @ commons-lang3 ---
[INFO] Changes detected - recompiling the module!
[INFO] Compiling 173 source files to /tmp/icst-2019/september-2018/dataset/commons-lang_parent/target/test-classes
[INFO] /tmp/icst-2019/september-2018/dataset/commons-lang_parent/src/test/java/org/apache/commons/lang3/StringEscapeUtilsTest.java: Some input files use or override a deprecated API.
[INFO] /tmp/icst-2019/september-2018/dataset/commons-lang_parent/src/test/java/org/apache/commons/lang3/StringEscapeUtilsTest.java: Recompile with -Xlint:deprecation for details.
[INFO] /tmp/icst-2019/september-2018/dataset/commons-lang_parent/src/test/java/org/apache/commons/lang3/EnumUtilsTest.java: /tmp/icst-2019/september-2018/dataset/commons-lang_parent/src/test/java/org/apache/commons/lang3/EnumUtilsTest.java uses unchecked or unsafe operations.
[INFO] /tmp/icst-2019/september-2018/dataset/commons-lang_parent/src/test/java/org/apache/commons/lang3/EnumUtilsTest.java: Recompile with -Xlint:unchecked for details.
[INFO] 
[INFO] --- maven-surefire-plugin:2.20.1:test (default-test) @ commons-lang3 ---
[INFO] Tests are skipped.
[INFO] 
[INFO] --- maven-dependency-plugin:2.10:build-classpath (default-cli) @ commons-lang3 ---
[INFO] Wrote classpath file '/tmp/icst-2019/september-2018/dataset/commons-lang_parent/target/dspot/classpath'.
[INFO] ------------------------------------------------------------------------
[INFO] BUILD SUCCESS
[INFO] ------------------------------------------------------------------------
[INFO] Total time: 15.767 s
[INFO] Finished at: 2018-09-23T21:45:16+02:00
[INFO] ------------------------------------------------------------------------
[INFO] run maven clean test -DskipTests dependency:build-classpath -Dmdep.outputFile=target/dspot/classpath
[WARN] Maven will be executed in interactive mode, but no input stream has been configured for this MavenInvoker instance.
[INFO] Scanning for projects...
[INFO] 
[INFO] ------------------< org.apache.commons:commons-lang3 >------------------
[INFO] Building Apache Commons Lang 3.8-SNAPSHOT
[INFO] --------------------------------[ jar ]---------------------------------
[INFO] 
[INFO] --- maven-clean-plugin:3.0.0:clean (default-clean) @ commons-lang3 ---
[INFO] Deleting /tmp/icst-2019/september-2018/dataset/commons-lang/target
[INFO] 
[INFO] --- maven-enforcer-plugin:1.4.1:enforce (enforce-maven-3) @ commons-lang3 ---
[INFO] Skipping Rule Enforcement.
[INFO] 
[INFO] --- build-helper-maven-plugin:3.0.0:parse-version (parse-version) @ commons-lang3 ---
[INFO] 
[INFO] --- maven-antrun-plugin:1.8:run (javadoc.resources) @ commons-lang3 ---
[INFO] Executing tasks

main:
     [copy] Copying 2 files to /tmp/icst-2019/september-2018/dataset/commons-lang/target/apidocs/META-INF
[INFO] Executed tasks
[INFO] 
[INFO] --- maven-remote-resources-plugin:1.5:process (process-resource-bundles) @ commons-lang3 ---
[INFO] 
[INFO] --- buildnumber-maven-plugin:1.4:create (default) @ commons-lang3 ---
[INFO] Executing: /bin/sh -c cd '/tmp/icst-2019/september-2018/dataset/commons-lang' && 'git' 'rev-parse' '--verify' 'HEAD'
[INFO] Working directory: /tmp/icst-2019/september-2018/dataset/commons-lang
[INFO] Storing buildNumber: 2e9f3a80146262511ca7bcdd3411f095dff4951d at timestamp: 1537731931620
[INFO] Storing buildScmBranch: master
[INFO] 
[INFO] --- maven-resources-plugin:2.7:resources (default-resources) @ commons-lang3 ---
[INFO] Using 'ISO-8859-1' encoding to copy filtered resources.
[INFO] skip non existing resourceDirectory /tmp/icst-2019/september-2018/dataset/commons-lang/src/main/resources
[INFO] Copying 2 resources to META-INF
[INFO] 
[INFO] --- maven-compiler-plugin:3.7.0:compile (default-compile) @ commons-lang3 ---
[INFO] Changes detected - recompiling the module!
[INFO] Compiling 152 source files to /tmp/icst-2019/september-2018/dataset/commons-lang/target/classes
[INFO] /tmp/icst-2019/september-2018/dataset/commons-lang/src/main/java/org/apache/commons/lang3/StringEscapeUtils.java: Some input files use or override a deprecated API.
[INFO] /tmp/icst-2019/september-2018/dataset/commons-lang/src/main/java/org/apache/commons/lang3/StringEscapeUtils.java: Recompile with -Xlint:deprecation for details.
[INFO] /tmp/icst-2019/september-2018/dataset/commons-lang/src/main/java/org/apache/commons/lang3/text/StrBuilder.java: Some input files use unchecked or unsafe operations.
[INFO] /tmp/icst-2019/september-2018/dataset/commons-lang/src/main/java/org/apache/commons/lang3/text/StrBuilder.java: Recompile with -Xlint:unchecked for details.
[INFO] 
[INFO] --- maven-bundle-plugin:3.4.0:manifest (bundle-manifest) @ commons-lang3 ---
[INFO] 
[INFO] --- animal-sniffer-maven-plugin:1.16:check (checkAPIcompatibility) @ commons-lang3 ---
[INFO] Checking unresolved references to org.codehaus.mojo.signature:java17:1.0
[INFO] 
[INFO] --- maven-resources-plugin:2.7:testResources (default-testResources) @ commons-lang3 ---
[INFO] Using 'ISO-8859-1' encoding to copy filtered resources.
[INFO] Copying 2 resources
[INFO] Copying 2 resources to META-INF
[INFO] 
[INFO] --- maven-compiler-plugin:3.7.0:testCompile (default-testCompile) @ commons-lang3 ---
[INFO] Changes detected - recompiling the module!
[INFO] Compiling 173 source files to /tmp/icst-2019/september-2018/dataset/commons-lang/target/test-classes
[INFO] /tmp/icst-2019/september-2018/dataset/commons-lang/src/test/java/org/apache/commons/lang3/StringUtilsTest.java: Some input files use or override a deprecated API.
[INFO] /tmp/icst-2019/september-2018/dataset/commons-lang/src/test/java/org/apache/commons/lang3/StringUtilsTest.java: Recompile with -Xlint:deprecation for details.
[INFO] /tmp/icst-2019/september-2018/dataset/commons-lang/src/test/java/org/apache/commons/lang3/EnumUtilsTest.java: /tmp/icst-2019/september-2018/dataset/commons-lang/src/test/java/org/apache/commons/lang3/EnumUtilsTest.java uses unchecked or unsafe operations.
[INFO] /tmp/icst-2019/september-2018/dataset/commons-lang/src/test/java/org/apache/commons/lang3/EnumUtilsTest.java: Recompile with -Xlint:unchecked for details.
[INFO] 
[INFO] --- maven-surefire-plugin:2.20.1:test (default-test) @ commons-lang3 ---
[INFO] Tests are skipped.
[INFO] 
[INFO] --- maven-dependency-plugin:2.10:build-classpath (default-cli) @ commons-lang3 ---
[INFO] Wrote classpath file '/tmp/icst-2019/september-2018/dataset/commons-lang/target/dspot/classpath'.
[INFO] ------------------------------------------------------------------------
[INFO] BUILD SUCCESS
[INFO] ------------------------------------------------------------------------
[INFO] Total time: 15.518 s
[INFO] Finished at: 2018-09-23T21:45:43+02:00
[INFO] ------------------------------------------------------------------------
[INFO] Amplification of org.apache.commons.lang3.builder.DiffBuilderTest (24 test(s))
[INFO] Assertion amplification of org.apache.commons.lang3.builder.DiffBuilderTest (24 test(s))
[INFO] Run: java -classpath /tmp/icst-2019/september-2018/dataset/commons-lang_parent/target/test-classes:/tmp/icst-2019/september-2018/dataset/commons-lang_parent/target/classes/:/home/spirals/danglot/.m2/repository/junit/junit/4.12/junit-4.12.jar:/home/spirals/danglot/.m2/repository/org/hamcrest/hamcrest-core/1.3/hamcrest-core-1.3.jar:/home/spirals/danglot/.m2/repository/org/hamcrest/hamcrest-all/1.3/hamcrest-all-1.3.jar:/home/spirals/danglot/.m2/repository/org/easymock/easymock/3.5.1/easymock-3.5.1.jar:/home/spirals/danglot/.m2/repository/org/objenesis/objenesis/2.6/objenesis-2.6.jar:/home/spirals/danglot/.m2/repository/org/openjdk/jmh/jmh-core/1.19/jmh-core-1.19.jar:/home/spirals/danglot/.m2/repository/net/sf/jopt-simple/jopt-simple/4.6/jopt-simple-4.6.jar:/home/spirals/danglot/.m2/repository/org/apache/commons/commons-math3/3.2/commons-math3-3.2.jar:/home/spirals/danglot/.m2/repository/org/openjdk/jmh/jmh-generator-annprocess/1.19/jmh-generator-annprocess-1.19.jar:/tmp/icst-2019/september-2018/dataset/commons-lang_parent/target/dspot/dependencies/:/home/spirals/danglot/.m2/repository/eu/stamp-project/test-runner/1.1.0/test-runner-1.1.0-jar-with-dependencies.jar eu.stamp_project.testrunner.runner.test.TestRunner org.apache.commons.lang3.builder.DiffBuilderTest testObjectArray:testBoolean:testFloatArray:testIntArray:testSimilarObjectIgnoresAppends:testObjectsNotSameButEqual:testObjectArrayEqual:testByte:testDoubleArray:testInt:testBooleanArray:testDiffResult:testLongArray:testFloat:testLong:testShortArray:testShort:testObjectsNotSameNorEqual:testObjectsSameAndEqual:testChar:testObject:testCharArray:testDouble:testByteArray
File saved to the following path: /tmp/icst-2019/september-2018/dataset/commons-lang_parent/target/dspot/TestListener.ser
Loading /tmp/icst-2019/september-2018/dataset/commons-lang_parent/target/dspot/TestListener.ser
[INFO] Test has been run: testCharArray,testObjectArray,testFloatArray,testObjectsNotSameButEqual,testInt,testByteArray,testFloat,testShort,testByte,testChar,testLong,testObjectsSameAndEqual,testBoolean,testBooleanArray,testSimilarObjectIgnoresAppends,testDiffResult,testLongArray,testShortArray,testObjectArrayEqual,testObjectsNotSameNorEqual,testIntArray,testDouble,testObject,testDoubleArray
[INFO] Run tests. (24)
[INFO] Run: java -classpath /tmp/icst-2019/september-2018/dataset/commons-lang_parent/target/test-classes:/tmp/icst-2019/september-2018/dataset/commons-lang_parent/target/classes/:/home/spirals/danglot/.m2/repository/junit/junit/4.12/junit-4.12.jar:/home/spirals/danglot/.m2/repository/org/hamcrest/hamcrest-core/1.3/hamcrest-core-1.3.jar:/home/spirals/danglot/.m2/repository/org/hamcrest/hamcrest-all/1.3/hamcrest-all-1.3.jar:/home/spirals/danglot/.m2/repository/org/easymock/easymock/3.5.1/easymock-3.5.1.jar:/home/spirals/danglot/.m2/repository/org/objenesis/objenesis/2.6/objenesis-2.6.jar:/home/spirals/danglot/.m2/repository/org/openjdk/jmh/jmh-core/1.19/jmh-core-1.19.jar:/home/spirals/danglot/.m2/repository/net/sf/jopt-simple/jopt-simple/4.6/jopt-simple-4.6.jar:/home/spirals/danglot/.m2/repository/org/apache/commons/commons-math3/3.2/commons-math3-3.2.jar:/home/spirals/danglot/.m2/repository/org/openjdk/jmh/jmh-generator-annprocess/1.19/jmh-generator-annprocess-1.19.jar:/tmp/icst-2019/september-2018/dataset/commons-lang_parent/target/dspot/dependencies/:/home/spirals/danglot/.m2/repository/eu/stamp-project/test-runner/1.1.0/test-runner-1.1.0-jar-with-dependencies.jar eu.stamp_project.testrunner.runner.test.TestRunner org.apache.commons.lang3.builder.DiffBuilderTest testObjectArray:testBoolean:testFloatArray:testIntArray:testSimilarObjectIgnoresAppends:testObjectsNotSameButEqual:testObjectArrayEqual:testByte:testDoubleArray:testInt:testBooleanArray:testDiffResult:testLongArray:testFloat:testLong:testShortArray:testShort:testObjectsNotSameNorEqual:testObjectsSameAndEqual:testChar:testObject:testCharArray:testDouble:testByteArray
File saved to the following path: /tmp/icst-2019/september-2018/dataset/commons-lang_parent/target/dspot/TestListener.ser
Loading /tmp/icst-2019/september-2018/dataset/commons-lang_parent/target/dspot/TestListener.ser
[INFO] Test has been run: testCharArray,testObjectArray,testFloatArray,testObjectsNotSameButEqual,testInt,testByteArray,testFloat,testShort,testByte,testChar,testLong,testObjectsSameAndEqual,testBoolean,testBooleanArray,testSimilarObjectIgnoresAppends,testDiffResult,testLongArray,testShortArray,testObjectArrayEqual,testObjectsNotSameNorEqual,testIntArray,testDouble,testObject,testDoubleArray
[INFO] 24 test pass, generating assertion...
[INFO] Add observations points in passing tests.
[INFO] Instrumentation...
  4% |== ]/  8% |==== ]- 12% |====== ]\ 16% |======== ]| 20% |========== ]/ 25% |============ ]- 29% |============== ]\ 33% |================ ]| 37% |================== ]/ 41% |==================== ]- 45% |====================== ]\ 50% |========================= ]| 54% |=========================== ]/ 58% |============================= ]- 62% |=============================== ]\ 66% |================================= ]| 70% |=================================== ]/ 75% |===================================== ]- 79% |======================================= ]\ 83% |========================================= ]| 87% |=========================================== ]/ 91% |============================================= ]- 95% |=============================================== ]\100% |================================================== ]|
[INFO] Run instrumented tests. (72)
[INFO] Run: java -classpath /tmp/icst-2019/september-2018/dataset/commons-lang_parent/target/test-classes:/tmp/icst-2019/september-2018/dataset/commons-lang_parent/target/classes/:/home/spirals/danglot/.m2/repository/junit/junit/4.12/junit-4.12.jar:/home/spirals/danglot/.m2/repository/org/hamcrest/hamcrest-core/1.3/hamcrest-core-1.3.jar:/home/spirals/danglot/.m2/repository/org/hamcrest/hamcrest-all/1.3/hamcrest-all-1.3.jar:/home/spirals/danglot/.m2/repository/org/easymock/easymock/3.5.1/easymock-3.5.1.jar:/home/spirals/danglot/.m2/repository/org/objenesis/objenesis/2.6/objenesis-2.6.jar:/home/spirals/danglot/.m2/repository/org/openjdk/jmh/jmh-core/1.19/jmh-core-1.19.jar:/home/spirals/danglot/.m2/repository/net/sf/jopt-simple/jopt-simple/4.6/jopt-simple-4.6.jar:/home/spirals/danglot/.m2/repository/org/apache/commons/commons-math3/3.2/commons-math3-3.2.jar:/home/spirals/danglot/.m2/repository/org/openjdk/jmh/jmh-generator-annprocess/1.19/jmh-generator-annprocess-1.19.jar:/tmp/icst-2019/september-2018/dataset/commons-lang_parent/target/dspot/dependencies/:/home/spirals/danglot/.m2/repository/eu/stamp-project/test-runner/1.1.0/test-runner-1.1.0-jar-with-dependencies.jar eu.stamp_project.testrunner.runner.test.TestRunner org.apache.commons.lang3.builder.DiffBuilderTest testObjectArray_withlog0:testBoolean_withlog0:testFloatArray_withlog0:testIntArray_withlog0:testSimilarObjectIgnoresAppends_withlog0:testObjectsNotSameButEqual_withlog0:testObjectArrayEqual_withlog0:testByte_withlog0:testDoubleArray_withlog0:testInt_withlog0:testBooleanArray_withlog0:testDiffResult_withlog0:testLongArray_withlog0:testFloat_withlog0:testLong_withlog0:testShortArray_withlog0:testShort_withlog0:testObjectsNotSameNorEqual_withlog0:testObjectsSameAndEqual_withlog0:testChar_withlog0:testObject_withlog0:testCharArray_withlog0:testDouble_withlog0:testByteArray_withlog0:testObjectArray_withlog1:testBoolean_withlog1:testFloatArray_withlog1:testIntArray_withlog1:testSimilarObjectIgnoresAppends_withlog1:testObjectsNotSameButEqual_withlog1:testObjectArrayEqual_withlog1:testByte_withlog1:testDoubleArray_withlog1:testInt_withlog1:testBooleanArray_withlog1:testDiffResult_withlog1:testLongArray_withlog1:testFloat_withlog1:testLong_withlog1:testShortArray_withlog1:testShort_withlog1:testObjectsNotSameNorEqual_withlog1:testObjectsSameAndEqual_withlog1:testChar_withlog1:testObject_withlog1:testCharArray_withlog1:testDouble_withlog1:testByteArray_withlog1:testObjectArray_withlog2:testBoolean_withlog2:testFloatArray_withlog2:testIntArray_withlog2:testSimilarObjectIgnoresAppends_withlog2:testObjectsNotSameButEqual_withlog2:testObjectArrayEqual_withlog2:testByte_withlog2:testDoubleArray_withlog2:testInt_withlog2:testBooleanArray_withlog2:testDiffResult_withlog2:testLongArray_withlog2:testFloat_withlog2:testLong_withlog2:testShortArray_withlog2:testShort_withlog2:testObjectsNotSameNorEqual_withlog2:testObjectsSameAndEqual_withlog2:testChar_withlog2:testObject_withlog2:testCharArray_withlog2:testDouble_withlog2:testByteArray_withlog2
File saved to the following path: /tmp/icst-2019/september-2018/dataset/commons-lang_parent/target/dspot/observations.ser
File saved to the following path: /tmp/icst-2019/september-2018/dataset/commons-lang_parent/target/dspot/TestListener.ser
Loading /tmp/icst-2019/september-2018/dataset/commons-lang_parent/target/dspot/TestListener.ser
[INFO] Test has been run: testCharArray_withlog0,testCharArray_withlog1,testCharArray_withlog2,testFloat_withlog0,testFloat_withlog1,testFloat_withlog2,testObjectsNotSameButEqual_withlog0,testObjectsNotSameButEqual_withlog1,testObjectsNotSameButEqual_withlog2,testObjectArray_withlog0,testObjectArray_withlog1,testObjectArray_withlog2,testShortArray_withlog0,testShortArray_withlog1,testShortArray_withlog2,testObjectArrayEqual_withlog0,testObjectArrayEqual_withlog1,testObjectArrayEqual_withlog2,testChar_withlog0,testChar_withlog1,testChar_withlog2,testBoolean_withlog0,testBoolean_withlog1,testBoolean_withlog2,testIntArray_withlog0,testIntArray_withlog1,testIntArray_withlog2,testInt_withlog0,testInt_withlog1,testInt_withlog2,testDouble_withlog0,testDouble_withlog1,testDouble_withlog2,testBooleanArray_withlog0,testBooleanArray_withlog1,testBooleanArray_withlog2,testByte_withlog0,testByte_withlog1,testByte_withlog2,testObjectsSameAndEqual_withlog0,testObjectsSameAndEqual_withlog1,testObjectsSameAndEqual_withlog2,testShort_withlog0,testShort_withlog1,testShort_withlog2,testLongArray_withlog0,testLongArray_withlog1,testLongArray_withlog2,testObject_withlog0,testObject_withlog1,testObject_withlog2,testDoubleArray_withlog0,testDoubleArray_withlog1,testDoubleArray_withlog2,testFloatArray_withlog0,testFloatArray_withlog1,testFloatArray_withlog2,testByteArray_withlog0,testByteArray_withlog1,testByteArray_withlog2,testSimilarObjectIgnoresAppends_withlog0,testSimilarObjectIgnoresAppends_withlog1,testSimilarObjectIgnoresAppends_withlog2,testObjectsNotSameNorEqual_withlog0,testObjectsNotSameNorEqual_withlog1,testObjectsNotSameNorEqual_withlog2,testDiffResult_withlog0,testDiffResult_withlog1,testDiffResult_withlog2,testLong_withlog0,testLong_withlog1,testLong_withlog2
[INFO] Generating assertions...
[INFO] 24 new tests with assertions generated
[ERROR] Error(s) during compilation:
[ERROR] Pb(240) Syntax error, insert ")" to complete Expression
[ERROR] Pb(240) Syntax error, insert ")" to complete Expression
[ERROR] Pb(240) Syntax error, insert ")" to complete Expression
[ERROR] Pb(240) Syntax error, insert ")" to complete Expression
[ERROR] Pb(240) Syntax error, insert ")" to complete Expression
[ERROR] Pb(240) Syntax error, insert ")" to complete Expression
[ERROR] Pb(240) Syntax error, insert ")" to complete Expression
[ERROR] Pb(240) Syntax error, insert ")" to complete Expression
[ERROR] Pb(240) Syntax error, insert ")" to complete Expression
[ERROR] Pb(240) Syntax error, insert ")" to complete Expression
[ERROR] Pb(240) Syntax error, insert ")" to complete Expression
[ERROR] Pb(240) Syntax error, insert ")" to complete Expression
[ERROR] Pb(240) Syntax error, insert ")" to complete Expression
[ERROR] Pb(240) Syntax error, insert ")" to complete Expression
[ERROR] Pb(240) Syntax error, insert ")" to complete Expression
[ERROR] Pb(240) Syntax error, insert ")" to complete Expression
[ERROR] Pb(240) Syntax error, insert ")" to complete Expression
[ERROR] Pb(240) Syntax error, insert ")" to complete Expression
[ERROR] Pb(240) Syntax error, insert ")" to complete Expression
[ERROR] Pb(240) Syntax error, insert ")" to complete Expression
[INFO] Run: java -classpath /tmp/icst-2019/september-2018/dataset/commons-lang_parent/target/test-classes:/tmp/icst-2019/september-2018/dataset/commons-lang_parent/target/classes/:/home/spirals/danglot/.m2/repository/junit/junit/4.12/junit-4.12.jar:/home/spirals/danglot/.m2/repository/org/hamcrest/hamcrest-core/1.3/hamcrest-core-1.3.jar:/home/spirals/danglot/.m2/repository/org/hamcrest/hamcrest-all/1.3/hamcrest-all-1.3.jar:/home/spirals/danglot/.m2/repository/org/easymock/easymock/3.5.1/easymock-3.5.1.jar:/home/spirals/danglot/.m2/repository/org/objenesis/objenesis/2.6/objenesis-2.6.jar:/home/spirals/danglot/.m2/repository/org/openjdk/jmh/jmh-core/1.19/jmh-core-1.19.jar:/home/spirals/danglot/.m2/repository/net/sf/jopt-simple/jopt-simple/4.6/jopt-simple-4.6.jar:/home/spirals/danglot/.m2/repository/org/apache/commons/commons-math3/3.2/commons-math3-3.2.jar:/home/spirals/danglot/.m2/repository/org/openjdk/jmh/jmh-generator-annprocess/1.19/jmh-generator-annprocess-1.19.jar:/tmp/icst-2019/september-2018/dataset/commons-lang_parent/target/dspot/dependencies/:/home/spirals/danglot/.m2/repository/eu/stamp-project/test-runner/1.1.0/test-runner-1.1.0-jar-with-dependencies.jar eu.stamp_project.testrunner.runner.test.TestRunner org.apache.commons.lang3.builder.DiffBuilderTest testSimilarObjectIgnoresAppends:testObjectsNotSameButEqual:testObjectArrayEqual:testDiffResult:testObjectsNotSameNorEqual:testObjectsSameAndEqual
File saved to the following path: /tmp/icst-2019/september-2018/dataset/commons-lang_parent/target/dspot/TestListener.ser
Loading /tmp/icst-2019/september-2018/dataset/commons-lang_parent/target/dspot/TestListener.ser
[INFO] Test has been run: testObjectsNotSameButEqual,testObjectsSameAndEqual,testSimilarObjectIgnoresAppends,testDiffResult,testObjectArrayEqual,testObjectsNotSameNorEqual
[INFO] Assertion amplification: 6 test method(s) has been successfully amplified.
[WARN] 2018-09-23 21:45:52 Launcher - You specified the directory /tmp/icst-2019/september-2018/dataset/commons-lang/target/classes in source classpath, please note that only class files will be considered. Jars and subdirectories will be ignored.
[WARN] 2018-09-23 21:45:52 Launcher - You specified the directory /tmp/icst-2019/september-2018/dataset/commons-lang/target/test-classes in source classpath, please note that only class files will be considered. Jars and subdirectories will be ignored.
[WARN] 2018-09-23 21:45:52 Launcher - You specified the directory /tmp/icst-2019/september-2018/dataset/commons-lang/target/dspot/dependencies in source classpath, please note that only class files will be considered. Jars and subdirectories will be ignored.
[INFO] Run: java -classpath /tmp/icst-2019/september-2018/dataset/commons-lang/target/classes/:/tmp/icst-2019/september-2018/dataset/commons-lang/target/test-classes/:/home/spirals/danglot/.m2/repository/junit/junit/4.12/junit-4.12.jar:/home/spirals/danglot/.m2/repository/org/hamcrest/hamcrest-core/1.3/hamcrest-core-1.3.jar:/home/spirals/danglot/.m2/repository/org/hamcrest/hamcrest-all/1.3/hamcrest-all-1.3.jar:/home/spirals/danglot/.m2/repository/org/easymock/easymock/3.5.1/easymock-3.5.1.jar:/home/spirals/danglot/.m2/repository/org/objenesis/objenesis/2.6/objenesis-2.6.jar:/home/spirals/danglot/.m2/repository/org/openjdk/jmh/jmh-core/1.19/jmh-core-1.19.jar:/home/spirals/danglot/.m2/repository/net/sf/jopt-simple/jopt-simple/4.6/jopt-simple-4.6.jar:/home/spirals/danglot/.m2/repository/org/apache/commons/commons-math3/3.2/commons-math3-3.2.jar:/home/spirals/danglot/.m2/repository/org/openjdk/jmh/jmh-generator-annprocess/1.19/jmh-generator-annprocess-1.19.jar:/tmp/icst-2019/september-2018/dataset/commons-lang/target/dspot/dependencies/:/home/spirals/danglot/.m2/repository/eu/stamp-project/test-runner/1.1.0/test-runner-1.1.0-jar-with-dependencies.jar eu.stamp_project.testrunner.runner.test.TestRunner org.apache.commons.lang3.builder.DiffBuilderTest testSimilarObjectIgnoresAppends:testObjectsNotSameButEqual:testObjectArrayEqual:testDiffResult:testObjectsNotSameNorEqual:testObjectsSameAndEqual
File saved to the following path: /tmp/icst-2019/september-2018/dataset/commons-lang_parent/target/dspot/TestListener.ser
Loading /tmp/icst-2019/september-2018/dataset/commons-lang_parent/target/dspot/TestListener.ser
[INFO] Test has been run: testObjectsNotSameButEqual,testObjectsSameAndEqual,testSimilarObjectIgnoresAppends,testDiffResult,testObjectArrayEqual,testObjectsNotSameNorEqual
[INFO] 0 amplified test methods has been selected to be kept. (global: 0)
[INFO] elapsedTime 8061
======= REPORT =======
0 amplified test fails on the new versions.

[WARNING] DSpot could not obtain any amplified test method.
[WARNING] You can customize the following options: --amplifiers, --test-criterion, --iteration, --budgetizer etc, and retry with a new configuration.
[INFO] Amplification of org.apache.commons.lang3.builder.ReflectionDiffBuilderTest (6 test(s))
[INFO] Assertion amplification of org.apache.commons.lang3.builder.ReflectionDiffBuilderTest (6 test(s))
[INFO] Run: java -classpath /tmp/icst-2019/september-2018/dataset/commons-lang_parent/target/test-classes:/tmp/icst-2019/september-2018/dataset/commons-lang_parent/target/classes/:/home/spirals/danglot/.m2/repository/junit/junit/4.12/junit-4.12.jar:/home/spirals/danglot/.m2/repository/org/hamcrest/hamcrest-core/1.3/hamcrest-core-1.3.jar:/home/spirals/danglot/.m2/repository/org/hamcrest/hamcrest-all/1.3/hamcrest-all-1.3.jar:/home/spirals/danglot/.m2/repository/org/easymock/easymock/3.5.1/easymock-3.5.1.jar:/home/spirals/danglot/.m2/repository/org/objenesis/objenesis/2.6/objenesis-2.6.jar:/home/spirals/danglot/.m2/repository/org/openjdk/jmh/jmh-core/1.19/jmh-core-1.19.jar:/home/spirals/danglot/.m2/repository/net/sf/jopt-simple/jopt-simple/4.6/jopt-simple-4.6.jar:/home/spirals/danglot/.m2/repository/org/apache/commons/commons-math3/3.2/commons-math3-3.2.jar:/home/spirals/danglot/.m2/repository/org/openjdk/jmh/jmh-generator-annprocess/1.19/jmh-generator-annprocess-1.19.jar:/tmp/icst-2019/september-2018/dataset/commons-lang_parent/target/dspot/dependencies/:/home/spirals/danglot/.m2/repository/eu/stamp-project/test-runner/1.1.0/test-runner-1.1.0-jar-with-dependencies.jar eu.stamp_project.testrunner.runner.test.TestRunner org.apache.commons.lang3.builder.ReflectionDiffBuilderTest test_primitive_difference:test_array_difference:test_no_differences:test_transient_field_difference:test_difference_in_inherited_field:test_no_differences_inheritance
File saved to the following path: /tmp/icst-2019/september-2018/dataset/commons-lang_parent/target/dspot/TestListener.ser
Loading /tmp/icst-2019/september-2018/dataset/commons-lang_parent/target/dspot/TestListener.ser
[INFO] Test has been run: test_difference_in_inherited_field,test_no_differences_inheritance,test_primitive_difference,test_array_difference,test_transient_field_difference,test_no_differences
[INFO] Run tests. (6)
[INFO] Run: java -classpath /tmp/icst-2019/september-2018/dataset/commons-lang_parent/target/test-classes:/tmp/icst-2019/september-2018/dataset/commons-lang_parent/target/classes/:/home/spirals/danglot/.m2/repository/junit/junit/4.12/junit-4.12.jar:/home/spirals/danglot/.m2/repository/org/hamcrest/hamcrest-core/1.3/hamcrest-core-1.3.jar:/home/spirals/danglot/.m2/repository/org/hamcrest/hamcrest-all/1.3/hamcrest-all-1.3.jar:/home/spirals/danglot/.m2/repository/org/easymock/easymock/3.5.1/easymock-3.5.1.jar:/home/spirals/danglot/.m2/repository/org/objenesis/objenesis/2.6/objenesis-2.6.jar:/home/spirals/danglot/.m2/repository/org/openjdk/jmh/jmh-core/1.19/jmh-core-1.19.jar:/home/spirals/danglot/.m2/repository/net/sf/jopt-simple/jopt-simple/4.6/jopt-simple-4.6.jar:/home/spirals/danglot/.m2/repository/org/apache/commons/commons-math3/3.2/commons-math3-3.2.jar:/home/spirals/danglot/.m2/repository/org/openjdk/jmh/jmh-generator-annprocess/1.19/jmh-generator-annprocess-1.19.jar:/tmp/icst-2019/september-2018/dataset/commons-lang_parent/target/dspot/dependencies/:/home/spirals/danglot/.m2/repository/eu/stamp-project/test-runner/1.1.0/test-runner-1.1.0-jar-with-dependencies.jar eu.stamp_project.testrunner.runner.test.TestRunner org.apache.commons.lang3.builder.ReflectionDiffBuilderTest test_primitive_difference:test_array_difference:test_no_differences:test_transient_field_difference:test_difference_in_inherited_field:test_no_differences_inheritance
File saved to the following path: /tmp/icst-2019/september-2018/dataset/commons-lang_parent/target/dspot/TestListener.ser
Loading /tmp/icst-2019/september-2018/dataset/commons-lang_parent/target/dspot/TestListener.ser
[INFO] Test has been run: test_difference_in_inherited_field,test_no_differences_inheritance,test_primitive_difference,test_array_difference,test_transient_field_difference,test_no_differences
[INFO] 6 test pass, generating assertion...
[INFO] Add observations points in passing tests.
[INFO] Instrumentation...
 16% |======== ]/ 33% |================ ]- 50% |========================= ]\ 66% |================================= ]| 83% |========================================= ]/100% |================================================== ]-
[INFO] Run instrumented tests. (18)
[INFO] Run: java -classpath /tmp/icst-2019/september-2018/dataset/commons-lang_parent/target/test-classes:/tmp/icst-2019/september-2018/dataset/commons-lang_parent/target/classes/:/home/spirals/danglot/.m2/repository/junit/junit/4.12/junit-4.12.jar:/home/spirals/danglot/.m2/repository/org/hamcrest/hamcrest-core/1.3/hamcrest-core-1.3.jar:/home/spirals/danglot/.m2/repository/org/hamcrest/hamcrest-all/1.3/hamcrest-all-1.3.jar:/home/spirals/danglot/.m2/repository/org/easymock/easymock/3.5.1/easymock-3.5.1.jar:/home/spirals/danglot/.m2/repository/org/objenesis/objenesis/2.6/objenesis-2.6.jar:/home/spirals/danglot/.m2/repository/org/openjdk/jmh/jmh-core/1.19/jmh-core-1.19.jar:/home/spirals/danglot/.m2/repository/net/sf/jopt-simple/jopt-simple/4.6/jopt-simple-4.6.jar:/home/spirals/danglot/.m2/repository/org/apache/commons/commons-math3/3.2/commons-math3-3.2.jar:/home/spirals/danglot/.m2/repository/org/openjdk/jmh/jmh-generator-annprocess/1.19/jmh-generator-annprocess-1.19.jar:/tmp/icst-2019/september-2018/dataset/commons-lang_parent/target/dspot/dependencies/:/home/spirals/danglot/.m2/repository/eu/stamp-project/test-runner/1.1.0/test-runner-1.1.0-jar-with-dependencies.jar eu.stamp_project.testrunner.runner.test.TestRunner org.apache.commons.lang3.builder.ReflectionDiffBuilderTest test_primitive_difference_withlog0:test_array_difference_withlog0:test_no_differences_withlog0:test_transient_field_difference_withlog0:test_difference_in_inherited_field_withlog0:test_no_differences_inheritance_withlog0:test_primitive_difference_withlog1:test_array_difference_withlog1:test_no_differences_withlog1:test_transient_field_difference_withlog1:test_difference_in_inherited_field_withlog1:test_no_differences_inheritance_withlog1:test_primitive_difference_withlog2:test_array_difference_withlog2:test_no_differences_withlog2:test_transient_field_difference_withlog2:test_difference_in_inherited_field_withlog2:test_no_differences_inheritance_withlog2
File saved to the following path: /tmp/icst-2019/september-2018/dataset/commons-lang_parent/target/dspot/observations.ser
File saved to the following path: /tmp/icst-2019/september-2018/dataset/commons-lang_parent/target/dspot/TestListener.ser
Loading /tmp/icst-2019/september-2018/dataset/commons-lang_parent/target/dspot/TestListener.ser
[INFO] Test has been run: test_transient_field_difference_withlog0,test_transient_field_difference_withlog1,test_transient_field_difference_withlog2,test_primitive_difference_withlog0,test_primitive_difference_withlog1,test_primitive_difference_withlog2,test_array_difference_withlog0,test_array_difference_withlog1,test_array_difference_withlog2,test_no_differences_withlog0,test_no_differences_withlog1,test_no_differences_withlog2,test_difference_in_inherited_field_withlog0,test_difference_in_inherited_field_withlog1,test_difference_in_inherited_field_withlog2,test_no_differences_inheritance_withlog0,test_no_differences_inheritance_withlog1,test_no_differences_inheritance_withlog2
[INFO] Generating assertions...
[INFO] 6 new tests with assertions generated
[INFO] Run: java -classpath /tmp/icst-2019/september-2018/dataset/commons-lang_parent/target/test-classes:/tmp/icst-2019/september-2018/dataset/commons-lang_parent/target/classes/:/home/spirals/danglot/.m2/repository/junit/junit/4.12/junit-4.12.jar:/home/spirals/danglot/.m2/repository/org/hamcrest/hamcrest-core/1.3/hamcrest-core-1.3.jar:/home/spirals/danglot/.m2/repository/org/hamcrest/hamcrest-all/1.3/hamcrest-all-1.3.jar:/home/spirals/danglot/.m2/repository/org/easymock/easymock/3.5.1/easymock-3.5.1.jar:/home/spirals/danglot/.m2/repository/org/objenesis/objenesis/2.6/objenesis-2.6.jar:/home/spirals/danglot/.m2/repository/org/openjdk/jmh/jmh-core/1.19/jmh-core-1.19.jar:/home/spirals/danglot/.m2/repository/net/sf/jopt-simple/jopt-simple/4.6/jopt-simple-4.6.jar:/home/spirals/danglot/.m2/repository/org/apache/commons/commons-math3/3.2/commons-math3-3.2.jar:/home/spirals/danglot/.m2/repository/org/openjdk/jmh/jmh-generator-annprocess/1.19/jmh-generator-annprocess-1.19.jar:/tmp/icst-2019/september-2018/dataset/commons-lang_parent/target/dspot/dependencies/:/home/spirals/danglot/.m2/repository/eu/stamp-project/test-runner/1.1.0/test-runner-1.1.0-jar-with-dependencies.jar eu.stamp_project.testrunner.runner.test.TestRunner org.apache.commons.lang3.builder.ReflectionDiffBuilderTest test_primitive_difference:test_array_difference:test_no_differences:test_transient_field_difference:test_difference_in_inherited_field:test_no_differences_inheritance
File saved to the following path: /tmp/icst-2019/september-2018/dataset/commons-lang_parent/target/dspot/TestListener.ser
Loading /tmp/icst-2019/september-2018/dataset/commons-lang_parent/target/dspot/TestListener.ser
[INFO] Test has been run: test_difference_in_inherited_field,test_no_differences_inheritance,test_primitive_difference,test_array_difference,test_transient_field_difference,test_no_differences
[INFO] Assertion amplification: 6 test method(s) has been successfully amplified.
[WARN] 2018-09-23 21:45:56 Launcher - You specified the directory /tmp/icst-2019/september-2018/dataset/commons-lang/target/classes in source classpath, please note that only class files will be considered. Jars and subdirectories will be ignored.
[WARN] 2018-09-23 21:45:56 Launcher - You specified the directory /tmp/icst-2019/september-2018/dataset/commons-lang/target/test-classes in source classpath, please note that only class files will be considered. Jars and subdirectories will be ignored.
[WARN] 2018-09-23 21:45:56 Launcher - You specified the directory /tmp/icst-2019/september-2018/dataset/commons-lang/target/dspot/dependencies in source classpath, please note that only class files will be considered. Jars and subdirectories will be ignored.
[INFO] Run: java -classpath /tmp/icst-2019/september-2018/dataset/commons-lang/target/classes/:/tmp/icst-2019/september-2018/dataset/commons-lang/target/test-classes/:/home/spirals/danglot/.m2/repository/junit/junit/4.12/junit-4.12.jar:/home/spirals/danglot/.m2/repository/org/hamcrest/hamcrest-core/1.3/hamcrest-core-1.3.jar:/home/spirals/danglot/.m2/repository/org/hamcrest/hamcrest-all/1.3/hamcrest-all-1.3.jar:/home/spirals/danglot/.m2/repository/org/easymock/easymock/3.5.1/easymock-3.5.1.jar:/home/spirals/danglot/.m2/repository/org/objenesis/objenesis/2.6/objenesis-2.6.jar:/home/spirals/danglot/.m2/repository/org/openjdk/jmh/jmh-core/1.19/jmh-core-1.19.jar:/home/spirals/danglot/.m2/repository/net/sf/jopt-simple/jopt-simple/4.6/jopt-simple-4.6.jar:/home/spirals/danglot/.m2/repository/org/apache/commons/commons-math3/3.2/commons-math3-3.2.jar:/home/spirals/danglot/.m2/repository/org/openjdk/jmh/jmh-generator-annprocess/1.19/jmh-generator-annprocess-1.19.jar:/tmp/icst-2019/september-2018/dataset/commons-lang/target/dspot/dependencies/:/home/spirals/danglot/.m2/repository/eu/stamp-project/test-runner/1.1.0/test-runner-1.1.0-jar-with-dependencies.jar eu.stamp_project.testrunner.runner.test.TestRunner org.apache.commons.lang3.builder.ReflectionDiffBuilderTest test_primitive_difference:test_array_difference:test_no_differences:test_transient_field_difference:test_difference_in_inherited_field:test_no_differences_inheritance
File saved to the following path: /tmp/icst-2019/september-2018/dataset/commons-lang_parent/target/dspot/TestListener.ser
Loading /tmp/icst-2019/september-2018/dataset/commons-lang_parent/target/dspot/TestListener.ser
[INFO] Test has been run: test_difference_in_inherited_field,test_no_differences_inheritance,test_primitive_difference,test_array_difference,test_transient_field_difference,test_no_differences
[INFO] 0 amplified test methods has been selected to be kept. (global: 0)
[INFO] elapsedTime 3194
======= REPORT =======
0 amplified test fails on the new versions.

[WARNING] DSpot could not obtain any amplified test method.
[WARNING] You can customize the following options: --amplifiers, --test-criterion, --iteration, --budgetizer etc, and retry with a new configuration.
[INFO] Amplification of org.apache.commons.lang3.builder.EqualsBuilderTest (28 test(s))
[INFO] Assertion amplification of org.apache.commons.lang3.builder.EqualsBuilderTest (28 test(s))
[INFO] Run: java -classpath /tmp/icst-2019/september-2018/dataset/commons-lang_parent/target/test-classes:/tmp/icst-2019/september-2018/dataset/commons-lang_parent/target/classes/:/home/spirals/danglot/.m2/repository/junit/junit/4.12/junit-4.12.jar:/home/spirals/danglot/.m2/repository/org/hamcrest/hamcrest-core/1.3/hamcrest-core-1.3.jar:/home/spirals/danglot/.m2/repository/org/hamcrest/hamcrest-all/1.3/hamcrest-all-1.3.jar:/home/spirals/danglot/.m2/repository/org/easymock/easymock/3.5.1/easymock-3.5.1.jar:/home/spirals/danglot/.m2/repository/org/objenesis/objenesis/2.6/objenesis-2.6.jar:/home/spirals/danglot/.m2/repository/org/openjdk/jmh/jmh-core/1.19/jmh-core-1.19.jar:/home/spirals/danglot/.m2/repository/net/sf/jopt-simple/jopt-simple/4.6/jopt-simple-4.6.jar:/home/spirals/danglot/.m2/repository/org/apache/commons/commons-math3/3.2/commons-math3-3.2.jar:/home/spirals/danglot/.m2/repository/org/openjdk/jmh/jmh-generator-annprocess/1.19/jmh-generator-annprocess-1.19.jar:/tmp/icst-2019/september-2018/dataset/commons-lang_parent/target/dspot/dependencies/:/home/spirals/danglot/.m2/repository/eu/stamp-project/test-runner/1.1.0/test-runner-1.1.0-jar-with-dependencies.jar eu.stamp_project.testrunner.runner.test.TestRunner org.apache.commons.lang3.builder.EqualsBuilderTest testObjectArray:testBoolean:testFloatArray:testIntArray:testByte:testDoubleArray:testInt:testBooleanArray:testLongArray:testFloat:testLong:testShortArray:testShort:testChar:testObject:testCharArray:testDouble:testByteArray:testReflectionAppend:testReflectionEqualsExcludeFields:testObjectRecursiveCycleSelfreference:testObjectRecursiveCycle:testCyclicalObjectReferences:testReflectionArrays:testObjectRecursive:testReflectionEquals:testToEqualsExclude:testReflectionHierarchyEquals
File saved to the following path: /tmp/icst-2019/september-2018/dataset/commons-lang_parent/target/dspot/TestListener.ser
Loading /tmp/icst-2019/september-2018/dataset/commons-lang_parent/target/dspot/TestListener.ser
[INFO] Test has been run: testCharArray,testObjectRecursiveCycle,testObjectArray,testFloatArray,testReflectionAppend,testReflectionArrays,testReflectionEquals,testInt,testByteArray,testObjectRecursiveCycleSelfreference,testFloat,testShort,testByte,testChar,testLong,testCyclicalObjectReferences,testReflectionEqualsExcludeFields,testBoolean,testBooleanArray,testLongArray,testObjectRecursive,testShortArray,testToEqualsExclude,testIntArray,testDouble,testReflectionHierarchyEquals,testObject,testDoubleArray
[INFO] Run tests. (28)
[INFO] Run: java -classpath /tmp/icst-2019/september-2018/dataset/commons-lang_parent/target/test-classes:/tmp/icst-2019/september-2018/dataset/commons-lang_parent/target/classes/:/home/spirals/danglot/.m2/repository/junit/junit/4.12/junit-4.12.jar:/home/spirals/danglot/.m2/repository/org/hamcrest/hamcrest-core/1.3/hamcrest-core-1.3.jar:/home/spirals/danglot/.m2/repository/org/hamcrest/hamcrest-all/1.3/hamcrest-all-1.3.jar:/home/spirals/danglot/.m2/repository/org/easymock/easymock/3.5.1/easymock-3.5.1.jar:/home/spirals/danglot/.m2/repository/org/objenesis/objenesis/2.6/objenesis-2.6.jar:/home/spirals/danglot/.m2/repository/org/openjdk/jmh/jmh-core/1.19/jmh-core-1.19.jar:/home/spirals/danglot/.m2/repository/net/sf/jopt-simple/jopt-simple/4.6/jopt-simple-4.6.jar:/home/spirals/danglot/.m2/repository/org/apache/commons/commons-math3/3.2/commons-math3-3.2.jar:/home/spirals/danglot/.m2/repository/org/openjdk/jmh/jmh-generator-annprocess/1.19/jmh-generator-annprocess-1.19.jar:/tmp/icst-2019/september-2018/dataset/commons-lang_parent/target/dspot/dependencies/:/home/spirals/danglot/.m2/repository/eu/stamp-project/test-runner/1.1.0/test-runner-1.1.0-jar-with-dependencies.jar eu.stamp_project.testrunner.runner.test.TestRunner org.apache.commons.lang3.builder.EqualsBuilderTest testObjectArray:testBoolean:testFloatArray:testIntArray:testByte:testDoubleArray:testInt:testBooleanArray:testLongArray:testFloat:testLong:testShortArray:testShort:testChar:testObject:testCharArray:testDouble:testByteArray:testReflectionAppend:testReflectionEqualsExcludeFields:testObjectRecursiveCycleSelfreference:testObjectRecursiveCycle:testCyclicalObjectReferences:testReflectionArrays:testObjectRecursive:testReflectionEquals:testToEqualsExclude:testReflectionHierarchyEquals
File saved to the following path: /tmp/icst-2019/september-2018/dataset/commons-lang_parent/target/dspot/TestListener.ser
Loading /tmp/icst-2019/september-2018/dataset/commons-lang_parent/target/dspot/TestListener.ser
[INFO] Test has been run: testCharArray,testObjectRecursiveCycle,testObjectArray,testFloatArray,testReflectionAppend,testReflectionArrays,testReflectionEquals,testInt,testByteArray,testObjectRecursiveCycleSelfreference,testFloat,testShort,testByte,testChar,testLong,testCyclicalObjectReferences,testReflectionEqualsExcludeFields,testBoolean,testBooleanArray,testLongArray,testObjectRecursive,testShortArray,testToEqualsExclude,testIntArray,testDouble,testReflectionHierarchyEquals,testObject,testDoubleArray
[INFO] 28 test pass, generating assertion...
[INFO] Add observations points in passing tests.
[INFO] Instrumentation...
  3% |= ]/  7% |=== ]- 10% |===== ]\ 14% |======= ]| 17% |======== ]/ 21% |========== ]- 25% |============ ]\ 28% |============== ]| 32% |================ ]/ 35% |================= ]- 39% |=================== ]\ 42% |===================== ]| 46% |======================= ]/ 50% |========================= ]- 53% |========================== ]\ 57% |============================ ]| 60% |============================== ]/ 64% |================================ ]- 67% |================================= ]\ 71% |=================================== ]| 75% |===================================== ]/ 78% |======================================= ]- 82% |========================================= ]\ 85% |========================================== ]| 89% |============================================ ]/ 92% |============================================== ]- 96% |================================================ ]\100% |================================================== ]|
[INFO] Run instrumented tests. (84)
[INFO] Run: java -classpath /tmp/icst-2019/september-2018/dataset/commons-lang_parent/target/test-classes:/tmp/icst-2019/september-2018/dataset/commons-lang_parent/target/classes/:/home/spirals/danglot/.m2/repository/junit/junit/4.12/junit-4.12.jar:/home/spirals/danglot/.m2/repository/org/hamcrest/hamcrest-core/1.3/hamcrest-core-1.3.jar:/home/spirals/danglot/.m2/repository/org/hamcrest/hamcrest-all/1.3/hamcrest-all-1.3.jar:/home/spirals/danglot/.m2/repository/org/easymock/easymock/3.5.1/easymock-3.5.1.jar:/home/spirals/danglot/.m2/repository/org/objenesis/objenesis/2.6/objenesis-2.6.jar:/home/spirals/danglot/.m2/repository/org/openjdk/jmh/jmh-core/1.19/jmh-core-1.19.jar:/home/spirals/danglot/.m2/repository/net/sf/jopt-simple/jopt-simple/4.6/jopt-simple-4.6.jar:/home/spirals/danglot/.m2/repository/org/apache/commons/commons-math3/3.2/commons-math3-3.2.jar:/home/spirals/danglot/.m2/repository/org/openjdk/jmh/jmh-generator-annprocess/1.19/jmh-generator-annprocess-1.19.jar:/tmp/icst-2019/september-2018/dataset/commons-lang_parent/target/dspot/dependencies/:/home/spirals/danglot/.m2/repository/eu/stamp-project/test-runner/1.1.0/test-runner-1.1.0-jar-with-dependencies.jar eu.stamp_project.testrunner.runner.test.TestRunner org.apache.commons.lang3.builder.EqualsBuilderTest testObjectArray_withlog0:testBoolean_withlog0:testFloatArray_withlog0:testIntArray_withlog0:testByte_withlog0:testDoubleArray_withlog0:testInt_withlog0:testBooleanArray_withlog0:testLongArray_withlog0:testFloat_withlog0:testLong_withlog0:testShortArray_withlog0:testShort_withlog0:testChar_withlog0:testObject_withlog0:testCharArray_withlog0:testDouble_withlog0:testByteArray_withlog0:testReflectionAppend_withlog0:testReflectionEqualsExcludeFields_withlog0:testObjectRecursiveCycleSelfreference_withlog0:testObjectRecursiveCycle_withlog0:testCyclicalObjectReferences_withlog0:testReflectionArrays_withlog0:testObjectRecursive_withlog0:testReflectionEquals_withlog0:testToEqualsExclude_withlog0:testReflectionHierarchyEquals_withlog0:testObjectArray_withlog1:testBoolean_withlog1:testFloatArray_withlog1:testIntArray_withlog1:testByte_withlog1:testDoubleArray_withlog1:testInt_withlog1:testBooleanArray_withlog1:testLongArray_withlog1:testFloat_withlog1:testLong_withlog1:testShortArray_withlog1:testShort_withlog1:testChar_withlog1:testObject_withlog1:testCharArray_withlog1:testDouble_withlog1:testByteArray_withlog1:testReflectionAppend_withlog1:testReflectionEqualsExcludeFields_withlog1:testObjectRecursiveCycleSelfreference_withlog1:testObjectRecursiveCycle_withlog1:testCyclicalObjectReferences_withlog1:testReflectionArrays_withlog1:testObjectRecursive_withlog1:testReflectionEquals_withlog1:testToEqualsExclude_withlog1:testReflectionHierarchyEquals_withlog1:testObjectArray_withlog2:testBoolean_withlog2:testFloatArray_withlog2:testIntArray_withlog2:testByte_withlog2:testDoubleArray_withlog2:testInt_withlog2:testBooleanArray_withlog2:testLongArray_withlog2:testFloat_withlog2:testLong_withlog2:testShortArray_withlog2:testShort_withlog2:testChar_withlog2:testObject_withlog2:testCharArray_withlog2:testDouble_withlog2:testByteArray_withlog2:testReflectionAppend_withlog2:testReflectionEqualsExcludeFields_withlog2:testObjectRecursiveCycleSelfreference_withlog2:testObjectRecursiveCycle_withlog2:testCyclicalObjectReferences_withlog2:testReflectionArrays_withlog2:testObjectRecursive_withlog2:testReflectionEquals_withlog2:testToEqualsExclude_withlog2:testReflectionHierarchyEquals_withlog2
File saved to the following path: /tmp/icst-2019/september-2018/dataset/commons-lang_parent/target/dspot/observations.ser
File saved to the following path: /tmp/icst-2019/september-2018/dataset/commons-lang_parent/target/dspot/TestListener.ser
Loading /tmp/icst-2019/september-2018/dataset/commons-lang_parent/target/dspot/TestListener.ser
[INFO] Test has been run: testCharArray_withlog0,testCharArray_withlog1,testCharArray_withlog2,testFloat_withlog0,testFloat_withlog1,testFloat_withlog2,testShortArray_withlog0,testShortArray_withlog1,testShortArray_withlog2,testReflectionEqualsExcludeFields_withlog0,testReflectionEqualsExcludeFields_withlog1,testReflectionEqualsExcludeFields_withlog2,testChar_withlog0,testChar_withlog1,testChar_withlog2,testToEqualsExclude_withlog0,testToEqualsExclude_withlog1,testToEqualsExclude_withlog2,testBoolean_withlog0,testBoolean_withlog1,testBoolean_withlog2,testObjectRecursive_withlog0,testObjectRecursive_withlog1,testObjectRecursive_withlog2,testReflectionEquals_withlog0,testReflectionEquals_withlog1,testReflectionEquals_withlog2,testIntArray_withlog0,testIntArray_withlog1,testIntArray_withlog2,testInt_withlog0,testInt_withlog1,testInt_withlog2,testReflectionAppend_withlog0,testReflectionAppend_withlog1,testReflectionAppend_withlog2,testDouble_withlog0,testDouble_withlog1,testDouble_withlog2,testObjectRecursiveCycle_withlog0,testObjectRecursiveCycle_withlog1,testObjectRecursiveCycle_withlog2,testBooleanArray_withlog0,testBooleanArray_withlog1,testBooleanArray_withlog2,testByte_withlog0,testByte_withlog1,testByte_withlog2,testReflectionArrays_withlog0,testReflectionArrays_withlog1,testReflectionArrays_withlog2,testObjectRecursiveCycleSelfreference_withlog0,testObjectRecursiveCycleSelfreference_withlog1,testObjectRecursiveCycleSelfreference_withlog2,testShort_withlog0,testShort_withlog1,testShort_withlog2,testCyclicalObjectReferences_withlog0,testCyclicalObjectReferences_withlog1,testCyclicalObjectReferences_withlog2,testLongArray_withlog0,testLongArray_withlog1,testLongArray_withlog2,testObject_withlog0,testObject_withlog1,testObject_withlog2,testDoubleArray_withlog0,testDoubleArray_withlog1,testDoubleArray_withlog2,testFloatArray_withlog0,testFloatArray_withlog1,testFloatArray_withlog2,testByteArray_withlog0,testByteArray_withlog1,testByteArray_withlog2,testReflectionHierarchyEquals_withlog0,testReflectionHierarchyEquals_withlog1,testReflectionHierarchyEquals_withlog2,testLong_withlog0,testLong_withlog1,testLong_withlog2,testObjectArray_withlog0(org.apache.commons.lang3.builder.EqualsBuilderTest): null,testObjectArray_withlog1(org.apache.commons.lang3.builder.EqualsBuilderTest): null,testObjectArray_withlog2(org.apache.commons.lang3.builder.EqualsBuilderTest): null
[WARNING] Some instrumented test failed!
[INFO] Generating assertions...
[INFO] 8 new tests with assertions generated
[INFO] Run: java -classpath /tmp/icst-2019/september-2018/dataset/commons-lang_parent/target/test-classes:/tmp/icst-2019/september-2018/dataset/commons-lang_parent/target/classes/:/home/spirals/danglot/.m2/repository/junit/junit/4.12/junit-4.12.jar:/home/spirals/danglot/.m2/repository/org/hamcrest/hamcrest-core/1.3/hamcrest-core-1.3.jar:/home/spirals/danglot/.m2/repository/org/hamcrest/hamcrest-all/1.3/hamcrest-all-1.3.jar:/home/spirals/danglot/.m2/repository/org/easymock/easymock/3.5.1/easymock-3.5.1.jar:/home/spirals/danglot/.m2/repository/org/objenesis/objenesis/2.6/objenesis-2.6.jar:/home/spirals/danglot/.m2/repository/org/openjdk/jmh/jmh-core/1.19/jmh-core-1.19.jar:/home/spirals/danglot/.m2/repository/net/sf/jopt-simple/jopt-simple/4.6/jopt-simple-4.6.jar:/home/spirals/danglot/.m2/repository/org/apache/commons/commons-math3/3.2/commons-math3-3.2.jar:/home/spirals/danglot/.m2/repository/org/openjdk/jmh/jmh-generator-annprocess/1.19/jmh-generator-annprocess-1.19.jar:/tmp/icst-2019/september-2018/dataset/commons-lang_parent/target/dspot/dependencies/:/home/spirals/danglot/.m2/repository/eu/stamp-project/test-runner/1.1.0/test-runner-1.1.0-jar-with-dependencies.jar eu.stamp_project.testrunner.runner.test.TestRunner org.apache.commons.lang3.builder.EqualsBuilderTest testReflectionAppend:testReflectionEqualsExcludeFields:testObjectRecursiveCycle:testCyclicalObjectReferences:testReflectionArrays:testReflectionEquals:testToEqualsExclude:testReflectionHierarchyEquals
File saved to the following path: /tmp/icst-2019/september-2018/dataset/commons-lang_parent/target/dspot/TestListener.ser
Loading /tmp/icst-2019/september-2018/dataset/commons-lang_parent/target/dspot/TestListener.ser
[INFO] Test has been run: testObjectRecursiveCycle,testReflectionAppend,testReflectionArrays,testReflectionEquals,testCyclicalObjectReferences,testReflectionEqualsExcludeFields,testToEqualsExclude,testReflectionHierarchyEquals
[INFO] Assertion amplification: 8 test method(s) has been successfully amplified.
[WARN] 2018-09-23 21:46:08 Launcher - You specified the directory /tmp/icst-2019/september-2018/dataset/commons-lang/target/classes in source classpath, please note that only class files will be considered. Jars and subdirectories will be ignored.
[WARN] 2018-09-23 21:46:08 Launcher - You specified the directory /tmp/icst-2019/september-2018/dataset/commons-lang/target/test-classes in source classpath, please note that only class files will be considered. Jars and subdirectories will be ignored.
[WARN] 2018-09-23 21:46:08 Launcher - You specified the directory /tmp/icst-2019/september-2018/dataset/commons-lang/target/dspot/dependencies in source classpath, please note that only class files will be considered. Jars and subdirectories will be ignored.
[INFO] Run: java -classpath /tmp/icst-2019/september-2018/dataset/commons-lang/target/classes/:/tmp/icst-2019/september-2018/dataset/commons-lang/target/test-classes/:/home/spirals/danglot/.m2/repository/junit/junit/4.12/junit-4.12.jar:/home/spirals/danglot/.m2/repository/org/hamcrest/hamcrest-core/1.3/hamcrest-core-1.3.jar:/home/spirals/danglot/.m2/repository/org/hamcrest/hamcrest-all/1.3/hamcrest-all-1.3.jar:/home/spirals/danglot/.m2/repository/org/easymock/easymock/3.5.1/easymock-3.5.1.jar:/home/spirals/danglot/.m2/repository/org/objenesis/objenesis/2.6/objenesis-2.6.jar:/home/spirals/danglot/.m2/repository/org/openjdk/jmh/jmh-core/1.19/jmh-core-1.19.jar:/home/spirals/danglot/.m2/repository/net/sf/jopt-simple/jopt-simple/4.6/jopt-simple-4.6.jar:/home/spirals/danglot/.m2/repository/org/apache/commons/commons-math3/3.2/commons-math3-3.2.jar:/home/spirals/danglot/.m2/repository/org/openjdk/jmh/jmh-generator-annprocess/1.19/jmh-generator-annprocess-1.19.jar:/tmp/icst-2019/september-2018/dataset/commons-lang/target/dspot/dependencies/:/home/spirals/danglot/.m2/repository/eu/stamp-project/test-runner/1.1.0/test-runner-1.1.0-jar-with-dependencies.jar eu.stamp_project.testrunner.runner.test.TestRunner org.apache.commons.lang3.builder.EqualsBuilderTest testReflectionAppend:testReflectionEqualsExcludeFields:testObjectRecursiveCycle:testCyclicalObjectReferences:testReflectionArrays:testReflectionEquals:testToEqualsExclude:testReflectionHierarchyEquals
File saved to the following path: /tmp/icst-2019/september-2018/dataset/commons-lang_parent/target/dspot/TestListener.ser
Loading /tmp/icst-2019/september-2018/dataset/commons-lang_parent/target/dspot/TestListener.ser
[INFO] Test has been run: testObjectRecursiveCycle,testReflectionAppend,testReflectionArrays,testReflectionEquals,testCyclicalObjectReferences,testReflectionEqualsExcludeFields,testToEqualsExclude,testReflectionHierarchyEquals
[INFO] 0 amplified test methods has been selected to be kept. (global: 0)
[INFO] elapsedTime 11686
======= REPORT =======
0 amplified test fails on the new versions.

[WARNING] DSpot could not obtain any amplified test method.
[WARNING] You can customize the following options: --amplifiers, --test-criterion, --iteration, --budgetizer etc, and retry with a new configuration.
[INFO] Amplification of org.apache.commons.lang3.builder.HashCodeBuilderAndEqualsBuilderTest (4 test(s))
[INFO] Assertion amplification of org.apache.commons.lang3.builder.HashCodeBuilderAndEqualsBuilderTest (4 test(s))
[INFO] Run: java -classpath /tmp/icst-2019/september-2018/dataset/commons-lang_parent/target/test-classes:/tmp/icst-2019/september-2018/dataset/commons-lang_parent/target/classes/:/home/spirals/danglot/.m2/repository/junit/junit/4.12/junit-4.12.jar:/home/spirals/danglot/.m2/repository/org/hamcrest/hamcrest-core/1.3/hamcrest-core-1.3.jar:/home/spirals/danglot/.m2/repository/org/hamcrest/hamcrest-all/1.3/hamcrest-all-1.3.jar:/home/spirals/danglot/.m2/repository/org/easymock/easymock/3.5.1/easymock-3.5.1.jar:/home/spirals/danglot/.m2/repository/org/objenesis/objenesis/2.6/objenesis-2.6.jar:/home/spirals/danglot/.m2/repository/org/openjdk/jmh/jmh-core/1.19/jmh-core-1.19.jar:/home/spirals/danglot/.m2/repository/net/sf/jopt-simple/jopt-simple/4.6/jopt-simple-4.6.jar:/home/spirals/danglot/.m2/repository/org/apache/commons/commons-math3/3.2/commons-math3-3.2.jar:/home/spirals/danglot/.m2/repository/org/openjdk/jmh/jmh-generator-annprocess/1.19/jmh-generator-annprocess-1.19.jar:/tmp/icst-2019/september-2018/dataset/commons-lang_parent/target/dspot/dependencies/:/home/spirals/danglot/.m2/repository/eu/stamp-project/test-runner/1.1.0/test-runner-1.1.0-jar-with-dependencies.jar eu.stamp_project.testrunner.runner.test.TestRunner org.apache.commons.lang3.builder.HashCodeBuilderAndEqualsBuilderTest testInteger:testFixture:testFixtureWithTransients:testIntegerWithTransients
File saved to the following path: /tmp/icst-2019/september-2018/dataset/commons-lang_parent/target/dspot/TestListener.ser
Loading /tmp/icst-2019/september-2018/dataset/commons-lang_parent/target/dspot/TestListener.ser
[INFO] Test has been run: testIntegerWithTransients,testFixture,testFixtureWithTransients,testInteger
[INFO] Run tests. (4)
[INFO] Run: java -classpath /tmp/icst-2019/september-2018/dataset/commons-lang_parent/target/test-classes:/tmp/icst-2019/september-2018/dataset/commons-lang_parent/target/classes/:/home/spirals/danglot/.m2/repository/junit/junit/4.12/junit-4.12.jar:/home/spirals/danglot/.m2/repository/org/hamcrest/hamcrest-core/1.3/hamcrest-core-1.3.jar:/home/spirals/danglot/.m2/repository/org/hamcrest/hamcrest-all/1.3/hamcrest-all-1.3.jar:/home/spirals/danglot/.m2/repository/org/easymock/easymock/3.5.1/easymock-3.5.1.jar:/home/spirals/danglot/.m2/repository/org/objenesis/objenesis/2.6/objenesis-2.6.jar:/home/spirals/danglot/.m2/repository/org/openjdk/jmh/jmh-core/1.19/jmh-core-1.19.jar:/home/spirals/danglot/.m2/repository/net/sf/jopt-simple/jopt-simple/4.6/jopt-simple-4.6.jar:/home/spirals/danglot/.m2/repository/org/apache/commons/commons-math3/3.2/commons-math3-3.2.jar:/home/spirals/danglot/.m2/repository/org/openjdk/jmh/jmh-generator-annprocess/1.19/jmh-generator-annprocess-1.19.jar:/tmp/icst-2019/september-2018/dataset/commons-lang_parent/target/dspot/dependencies/:/home/spirals/danglot/.m2/repository/eu/stamp-project/test-runner/1.1.0/test-runner-1.1.0-jar-with-dependencies.jar eu.stamp_project.testrunner.runner.test.TestRunner org.apache.commons.lang3.builder.HashCodeBuilderAndEqualsBuilderTest testInteger:testFixture:testFixtureWithTransients:testIntegerWithTransients
File saved to the following path: /tmp/icst-2019/september-2018/dataset/commons-lang_parent/target/dspot/TestListener.ser
Loading /tmp/icst-2019/september-2018/dataset/commons-lang_parent/target/dspot/TestListener.ser
[INFO] Test has been run: testIntegerWithTransients,testFixture,testFixtureWithTransients,testInteger
[INFO] 4 test pass, generating assertion...
[INFO] Add observations points in passing tests.
[INFO] Instrumentation...
 25% |============ ]/ 50% |========================= ]- 75% |===================================== ]\100% |================================================== ]|
[INFO] Run instrumented tests. (12)
[INFO] Run: java -classpath /tmp/icst-2019/september-2018/dataset/commons-lang_parent/target/test-classes:/tmp/icst-2019/september-2018/dataset/commons-lang_parent/target/classes/:/home/spirals/danglot/.m2/repository/junit/junit/4.12/junit-4.12.jar:/home/spirals/danglot/.m2/repository/org/hamcrest/hamcrest-core/1.3/hamcrest-core-1.3.jar:/home/spirals/danglot/.m2/repository/org/hamcrest/hamcrest-all/1.3/hamcrest-all-1.3.jar:/home/spirals/danglot/.m2/repository/org/easymock/easymock/3.5.1/easymock-3.5.1.jar:/home/spirals/danglot/.m2/repository/org/objenesis/objenesis/2.6/objenesis-2.6.jar:/home/spirals/danglot/.m2/repository/org/openjdk/jmh/jmh-core/1.19/jmh-core-1.19.jar:/home/spirals/danglot/.m2/repository/net/sf/jopt-simple/jopt-simple/4.6/jopt-simple-4.6.jar:/home/spirals/danglot/.m2/repository/org/apache/commons/commons-math3/3.2/commons-math3-3.2.jar:/home/spirals/danglot/.m2/repository/org/openjdk/jmh/jmh-generator-annprocess/1.19/jmh-generator-annprocess-1.19.jar:/tmp/icst-2019/september-2018/dataset/commons-lang_parent/target/dspot/dependencies/:/home/spirals/danglot/.m2/repository/eu/stamp-project/test-runner/1.1.0/test-runner-1.1.0-jar-with-dependencies.jar eu.stamp_project.testrunner.runner.test.TestRunner org.apache.commons.lang3.builder.HashCodeBuilderAndEqualsBuilderTest testInteger_withlog0:testFixture_withlog0:testFixtureWithTransients_withlog0:testIntegerWithTransients_withlog0:testInteger_withlog1:testFixture_withlog1:testFixtureWithTransients_withlog1:testIntegerWithTransients_withlog1:testInteger_withlog2:testFixture_withlog2:testFixtureWithTransients_withlog2:testIntegerWithTransients_withlog2
File saved to the following path: /tmp/icst-2019/september-2018/dataset/commons-lang_parent/target/dspot/observations.ser
File saved to the following path: /tmp/icst-2019/september-2018/dataset/commons-lang_parent/target/dspot/TestListener.ser
Loading /tmp/icst-2019/september-2018/dataset/commons-lang_parent/target/dspot/TestListener.ser
[INFO] Test has been run: testInteger_withlog0,testInteger_withlog1,testInteger_withlog2,testIntegerWithTransients_withlog0,testIntegerWithTransients_withlog1,testIntegerWithTransients_withlog2,testFixtureWithTransients_withlog0,testFixtureWithTransients_withlog1,testFixtureWithTransients_withlog2,testFixture_withlog0,testFixture_withlog1,testFixture_withlog2
[INFO] Generating assertions...
[INFO] Could not generate any test with assertions
[INFO] 0 amplified test methods has been selected to be kept. (global: 0)
[INFO] elapsedTime 1307
======= REPORT =======
0 amplified test fails on the new versions.

[WARNING] DSpot could not obtain any amplified test method.
[WARNING] You can customize the following options: --amplifiers, --test-criterion, --iteration, --budgetizer etc, and retry with a new configuration.
[INFO] Amplification of org.apache.commons.lang3.builder.CompareToBuilderTest (21 test(s))
[INFO] Assertion amplification of org.apache.commons.lang3.builder.CompareToBuilderTest (21 test(s))
[INFO] Run: java -classpath /tmp/icst-2019/september-2018/dataset/commons-lang_parent/target/test-classes:/tmp/icst-2019/september-2018/dataset/commons-lang_parent/target/classes/:/home/spirals/danglot/.m2/repository/junit/junit/4.12/junit-4.12.jar:/home/spirals/danglot/.m2/repository/org/hamcrest/hamcrest-core/1.3/hamcrest-core-1.3.jar:/home/spirals/danglot/.m2/repository/org/hamcrest/hamcrest-all/1.3/hamcrest-all-1.3.jar:/home/spirals/danglot/.m2/repository/org/easymock/easymock/3.5.1/easymock-3.5.1.jar:/home/spirals/danglot/.m2/repository/org/objenesis/objenesis/2.6/objenesis-2.6.jar:/home/spirals/danglot/.m2/repository/org/openjdk/jmh/jmh-core/1.19/jmh-core-1.19.jar:/home/spirals/danglot/.m2/repository/net/sf/jopt-simple/jopt-simple/4.6/jopt-simple-4.6.jar:/home/spirals/danglot/.m2/repository/org/apache/commons/commons-math3/3.2/commons-math3-3.2.jar:/home/spirals/danglot/.m2/repository/org/openjdk/jmh/jmh-generator-annprocess/1.19/jmh-generator-annprocess-1.19.jar:/tmp/icst-2019/september-2018/dataset/commons-lang_parent/target/dspot/dependencies/:/home/spirals/danglot/.m2/repository/eu/stamp-project/test-runner/1.1.0/test-runner-1.1.0-jar-with-dependencies.jar eu.stamp_project.testrunner.runner.test.TestRunner org.apache.commons.lang3.builder.CompareToBuilderTest testObjectArray:testBoolean:testFloatArray:testIntArray:testByte:testDoubleArray:testInt:testBooleanArray:testLongArray:testFloat:testLong:testShortArray:testShort:testChar:testObject:testCharArray:testDouble:testByteArray:testReflectionHierarchyCompareTransients:testReflectionHierarchyCompareExcludeFields:testReflectionHierarchyCompare
File saved to the following path: /tmp/icst-2019/september-2018/dataset/commons-lang_parent/target/dspot/TestListener.ser
Loading /tmp/icst-2019/september-2018/dataset/commons-lang_parent/target/dspot/TestListener.ser
[INFO] Test has been run: testCharArray,testObjectArray,testFloatArray,testReflectionHierarchyCompareExcludeFields,testReflectionHierarchyCompare,testInt,testByteArray,testFloat,testShort,testByte,testChar,testLong,testBoolean,testBooleanArray,testLongArray,testReflectionHierarchyCompareTransients,testShortArray,testIntArray,testDouble,testObject,testDoubleArray
[INFO] Run tests. (21)
[INFO] Run: java -classpath /tmp/icst-2019/september-2018/dataset/commons-lang_parent/target/test-classes:/tmp/icst-2019/september-2018/dataset/commons-lang_parent/target/classes/:/home/spirals/danglot/.m2/repository/junit/junit/4.12/junit-4.12.jar:/home/spirals/danglot/.m2/repository/org/hamcrest/hamcrest-core/1.3/hamcrest-core-1.3.jar:/home/spirals/danglot/.m2/repository/org/hamcrest/hamcrest-all/1.3/hamcrest-all-1.3.jar:/home/spirals/danglot/.m2/repository/org/easymock/easymock/3.5.1/easymock-3.5.1.jar:/home/spirals/danglot/.m2/repository/org/objenesis/objenesis/2.6/objenesis-2.6.jar:/home/spirals/danglot/.m2/repository/org/openjdk/jmh/jmh-core/1.19/jmh-core-1.19.jar:/home/spirals/danglot/.m2/repository/net/sf/jopt-simple/jopt-simple/4.6/jopt-simple-4.6.jar:/home/spirals/danglot/.m2/repository/org/apache/commons/commons-math3/3.2/commons-math3-3.2.jar:/home/spirals/danglot/.m2/repository/org/openjdk/jmh/jmh-generator-annprocess/1.19/jmh-generator-annprocess-1.19.jar:/tmp/icst-2019/september-2018/dataset/commons-lang_parent/target/dspot/dependencies/:/home/spirals/danglot/.m2/repository/eu/stamp-project/test-runner/1.1.0/test-runner-1.1.0-jar-with-dependencies.jar eu.stamp_project.testrunner.runner.test.TestRunner org.apache.commons.lang3.builder.CompareToBuilderTest testObjectArray:testBoolean:testFloatArray:testIntArray:testByte:testDoubleArray:testInt:testBooleanArray:testLongArray:testFloat:testLong:testShortArray:testShort:testChar:testObject:testCharArray:testDouble:testByteArray:testReflectionHierarchyCompareTransients:testReflectionHierarchyCompareExcludeFields:testReflectionHierarchyCompare
File saved to the following path: /tmp/icst-2019/september-2018/dataset/commons-lang_parent/target/dspot/TestListener.ser
Loading /tmp/icst-2019/september-2018/dataset/commons-lang_parent/target/dspot/TestListener.ser
[INFO] Test has been run: testCharArray,testObjectArray,testFloatArray,testReflectionHierarchyCompareExcludeFields,testReflectionHierarchyCompare,testInt,testByteArray,testFloat,testShort,testByte,testChar,testLong,testBoolean,testBooleanArray,testLongArray,testReflectionHierarchyCompareTransients,testShortArray,testIntArray,testDouble,testObject,testDoubleArray
[INFO] 21 test pass, generating assertion...
[INFO] Add observations points in passing tests.
[INFO] Instrumentation...
  4% |== ]/  9% |==== ]- 14% |======= ]\ 19% |========= ]| 23% |=========== ]/ 28% |============== ]- 33% |================ ]\ 38% |=================== ]| 42% |===================== ]/ 47% |======================= ]- 52% |========================== ]\ 57% |============================ ]| 61% |============================== ]/ 66% |================================= ]- 71% |=================================== ]\ 76% |====================================== ]| 80% |======================================== ]/ 85% |========================================== ]- 90% |============================================= ]\ 95% |=============================================== ]|100% |================================================== ]/
[INFO] Run instrumented tests. (63)
[INFO] Run: java -classpath /tmp/icst-2019/september-2018/dataset/commons-lang_parent/target/test-classes:/tmp/icst-2019/september-2018/dataset/commons-lang_parent/target/classes/:/home/spirals/danglot/.m2/repository/junit/junit/4.12/junit-4.12.jar:/home/spirals/danglot/.m2/repository/org/hamcrest/hamcrest-core/1.3/hamcrest-core-1.3.jar:/home/spirals/danglot/.m2/repository/org/hamcrest/hamcrest-all/1.3/hamcrest-all-1.3.jar:/home/spirals/danglot/.m2/repository/org/easymock/easymock/3.5.1/easymock-3.5.1.jar:/home/spirals/danglot/.m2/repository/org/objenesis/objenesis/2.6/objenesis-2.6.jar:/home/spirals/danglot/.m2/repository/org/openjdk/jmh/jmh-core/1.19/jmh-core-1.19.jar:/home/spirals/danglot/.m2/repository/net/sf/jopt-simple/jopt-simple/4.6/jopt-simple-4.6.jar:/home/spirals/danglot/.m2/repository/org/apache/commons/commons-math3/3.2/commons-math3-3.2.jar:/home/spirals/danglot/.m2/repository/org/openjdk/jmh/jmh-generator-annprocess/1.19/jmh-generator-annprocess-1.19.jar:/tmp/icst-2019/september-2018/dataset/commons-lang_parent/target/dspot/dependencies/:/home/spirals/danglot/.m2/repository/eu/stamp-project/test-runner/1.1.0/test-runner-1.1.0-jar-with-dependencies.jar eu.stamp_project.testrunner.runner.test.TestRunner org.apache.commons.lang3.builder.CompareToBuilderTest testObjectArray_withlog0:testBoolean_withlog0:testFloatArray_withlog0:testIntArray_withlog0:testByte_withlog0:testDoubleArray_withlog0:testInt_withlog0:testBooleanArray_withlog0:testLongArray_withlog0:testFloat_withlog0:testLong_withlog0:testShortArray_withlog0:testShort_withlog0:testChar_withlog0:testObject_withlog0:testCharArray_withlog0:testDouble_withlog0:testByteArray_withlog0:testReflectionHierarchyCompareTransients_withlog0:testReflectionHierarchyCompareExcludeFields_withlog0:testReflectionHierarchyCompare_withlog0:testObjectArray_withlog1:testBoolean_withlog1:testFloatArray_withlog1:testIntArray_withlog1:testByte_withlog1:testDoubleArray_withlog1:testInt_withlog1:testBooleanArray_withlog1:testLongArray_withlog1:testFloat_withlog1:testLong_withlog1:testShortArray_withlog1:testShort_withlog1:testChar_withlog1:testObject_withlog1:testCharArray_withlog1:testDouble_withlog1:testByteArray_withlog1:testReflectionHierarchyCompareTransients_withlog1:testReflectionHierarchyCompareExcludeFields_withlog1:testReflectionHierarchyCompare_withlog1:testObjectArray_withlog2:testBoolean_withlog2:testFloatArray_withlog2:testIntArray_withlog2:testByte_withlog2:testDoubleArray_withlog2:testInt_withlog2:testBooleanArray_withlog2:testLongArray_withlog2:testFloat_withlog2:testLong_withlog2:testShortArray_withlog2:testShort_withlog2:testChar_withlog2:testObject_withlog2:testCharArray_withlog2:testDouble_withlog2:testByteArray_withlog2:testReflectionHierarchyCompareTransients_withlog2:testReflectionHierarchyCompareExcludeFields_withlog2:testReflectionHierarchyCompare_withlog2
File saved to the following path: /tmp/icst-2019/september-2018/dataset/commons-lang_parent/target/dspot/observations.ser
File saved to the following path: /tmp/icst-2019/september-2018/dataset/commons-lang_parent/target/dspot/TestListener.ser
Loading /tmp/icst-2019/september-2018/dataset/commons-lang_parent/target/dspot/TestListener.ser
[INFO] Test has been run: testCharArray_withlog0,testCharArray_withlog1,testCharArray_withlog2,testFloat_withlog0,testFloat_withlog1,testFloat_withlog2,testObjectArray_withlog0,testObjectArray_withlog1,testObjectArray_withlog2,testShortArray_withlog0,testShortArray_withlog1,testShortArray_withlog2,testChar_withlog0,testChar_withlog1,testChar_withlog2,testReflectionHierarchyCompareTransients_withlog0,testReflectionHierarchyCompareTransients_withlog1,testReflectionHierarchyCompareTransients_withlog2,testBoolean_withlog0,testBoolean_withlog1,testBoolean_withlog2,testIntArray_withlog0,testIntArray_withlog1,testIntArray_withlog2,testInt_withlog0,testInt_withlog1,testInt_withlog2,testDouble_withlog0,testDouble_withlog1,testDouble_withlog2,testBooleanArray_withlog0,testBooleanArray_withlog1,testBooleanArray_withlog2,testByte_withlog0,testByte_withlog1,testByte_withlog2,testShort_withlog0,testShort_withlog1,testShort_withlog2,testLongArray_withlog0,testLongArray_withlog1,testLongArray_withlog2,testObject_withlog0,testObject_withlog1,testObject_withlog2,testDoubleArray_withlog0,testDoubleArray_withlog1,testDoubleArray_withlog2,testFloatArray_withlog0,testFloatArray_withlog1,testFloatArray_withlog2,testByteArray_withlog0,testByteArray_withlog1,testByteArray_withlog2,testReflectionHierarchyCompare_withlog0,testReflectionHierarchyCompare_withlog1,testReflectionHierarchyCompare_withlog2,testReflectionHierarchyCompareExcludeFields_withlog0,testReflectionHierarchyCompareExcludeFields_withlog1,testReflectionHierarchyCompareExcludeFields_withlog2,testLong_withlog0,testLong_withlog1,testLong_withlog2
[INFO] Generating assertions...
[INFO] Could not generate any test with assertions
[INFO] 0 amplified test methods has been selected to be kept. (global: 0)
[INFO] elapsedTime 3040
======= REPORT =======
0 amplified test fails on the new versions.

[WARNING] DSpot could not obtain any amplified test method.
[WARNING] You can customize the following options: --amplifiers, --test-criterion, --iteration, --budgetizer etc, and retry with a new configuration.
[INFO] Amplification succeed.
[INFO] Elapsed time 33179 ms
[INFO] ------------------------------------------------------------------------
[INFO] BUILD SUCCESS
[INFO] ------------------------------------------------------------------------
[INFO] Total time: 01:23 min
[INFO] Finished at: 2018-09-23T21:46:16+02:00
[INFO] ------------------------------------------------------------------------
