Apache Maven 3.5.4 (1edded0938998edf8bf061f1ceb3cfdeccf443fe; 2018-06-17T20:33:14+02:00)
Maven home: /home/spirals/danglot/apache-maven-3.5.4
Java version: 1.8.0_121, vendor: Oracle Corporation, runtime: /home/spirals/danglot/jdk1.8.0_121/jre
Default locale: en_US, platform encoding: ANSI_X3.4-1968
OS name: "linux", version: "3.16.0-4-amd64", arch: "amd64", family: "unix"
[DEBUG] Created new class realm maven.api
[DEBUG] Importing foreign packages into class realm maven.api
[DEBUG]   Imported: javax.annotation.* < plexus.core
[DEBUG]   Imported: javax.annotation.security.* < plexus.core
[DEBUG]   Imported: javax.enterprise.inject.* < plexus.core
[DEBUG]   Imported: javax.enterprise.util.* < plexus.core
[DEBUG]   Imported: javax.inject.* < plexus.core
[DEBUG]   Imported: org.apache.maven.* < plexus.core
[DEBUG]   Imported: org.apache.maven.artifact < plexus.core
[DEBUG]   Imported: org.apache.maven.classrealm < plexus.core
[DEBUG]   Imported: org.apache.maven.cli < plexus.core
[DEBUG]   Imported: org.apache.maven.configuration < plexus.core
[DEBUG]   Imported: org.apache.maven.exception < plexus.core
[DEBUG]   Imported: org.apache.maven.execution < plexus.core
[DEBUG]   Imported: org.apache.maven.execution.scope < plexus.core
[DEBUG]   Imported: org.apache.maven.lifecycle < plexus.core
[DEBUG]   Imported: org.apache.maven.model < plexus.core
[DEBUG]   Imported: org.apache.maven.monitor < plexus.core
[DEBUG]   Imported: org.apache.maven.plugin < plexus.core
[DEBUG]   Imported: org.apache.maven.profiles < plexus.core
[DEBUG]   Imported: org.apache.maven.project < plexus.core
[DEBUG]   Imported: org.apache.maven.reporting < plexus.core
[DEBUG]   Imported: org.apache.maven.repository < plexus.core
[DEBUG]   Imported: org.apache.maven.rtinfo < plexus.core
[DEBUG]   Imported: org.apache.maven.settings < plexus.core
[DEBUG]   Imported: org.apache.maven.toolchain < plexus.core
[DEBUG]   Imported: org.apache.maven.usability < plexus.core
[DEBUG]   Imported: org.apache.maven.wagon.* < plexus.core
[DEBUG]   Imported: org.apache.maven.wagon.authentication < plexus.core
[DEBUG]   Imported: org.apache.maven.wagon.authorization < plexus.core
[DEBUG]   Imported: org.apache.maven.wagon.events < plexus.core
[DEBUG]   Imported: org.apache.maven.wagon.observers < plexus.core
[DEBUG]   Imported: org.apache.maven.wagon.proxy < plexus.core
[DEBUG]   Imported: org.apache.maven.wagon.repository < plexus.core
[DEBUG]   Imported: org.apache.maven.wagon.resource < plexus.core
[DEBUG]   Imported: org.codehaus.classworlds < plexus.core
[DEBUG]   Imported: org.codehaus.plexus.* < plexus.core
[DEBUG]   Imported: org.codehaus.plexus.classworlds < plexus.core
[DEBUG]   Imported: org.codehaus.plexus.component < plexus.core
[DEBUG]   Imported: org.codehaus.plexus.configuration < plexus.core
[DEBUG]   Imported: org.codehaus.plexus.container < plexus.core
[DEBUG]   Imported: org.codehaus.plexus.context < plexus.core
[DEBUG]   Imported: org.codehaus.plexus.lifecycle < plexus.core
[DEBUG]   Imported: org.codehaus.plexus.logging < plexus.core
[DEBUG]   Imported: org.codehaus.plexus.personality < plexus.core
[DEBUG]   Imported: org.codehaus.plexus.util.xml.Xpp3Dom < plexus.core
[DEBUG]   Imported: org.codehaus.plexus.util.xml.pull.XmlPullParser < plexus.core
[DEBUG]   Imported: org.codehaus.plexus.util.xml.pull.XmlPullParserException < plexus.core
[DEBUG]   Imported: org.codehaus.plexus.util.xml.pull.XmlSerializer < plexus.core
[DEBUG]   Imported: org.eclipse.aether.* < plexus.core
[DEBUG]   Imported: org.eclipse.aether.artifact < plexus.core
[DEBUG]   Imported: org.eclipse.aether.collection < plexus.core
[DEBUG]   Imported: org.eclipse.aether.deployment < plexus.core
[DEBUG]   Imported: org.eclipse.aether.graph < plexus.core
[DEBUG]   Imported: org.eclipse.aether.impl < plexus.core
[DEBUG]   Imported: org.eclipse.aether.installation < plexus.core
[DEBUG]   Imported: org.eclipse.aether.internal.impl < plexus.core
[DEBUG]   Imported: org.eclipse.aether.metadata < plexus.core
[DEBUG]   Imported: org.eclipse.aether.repository < plexus.core
[DEBUG]   Imported: org.eclipse.aether.resolution < plexus.core
[DEBUG]   Imported: org.eclipse.aether.spi < plexus.core
[DEBUG]   Imported: org.eclipse.aether.transfer < plexus.core
[DEBUG]   Imported: org.eclipse.aether.version < plexus.core
[DEBUG]   Imported: org.fusesource.jansi.* < plexus.core
[DEBUG]   Imported: org.slf4j.* < plexus.core
[DEBUG]   Imported: org.slf4j.helpers.* < plexus.core
[DEBUG]   Imported: org.slf4j.spi.* < plexus.core
[DEBUG] Populating class realm maven.api
[INFO] Error stacktraces are turned on.
[DEBUG] Message scheme: color
[DEBUG] Message styles: debug info warning error success failure strong mojo project
[DEBUG] Reading global settings from /home/spirals/danglot/apache-maven-3.5.4/conf/settings.xml
[DEBUG] Reading user settings from /home/spirals/danglot/.m2/settings.xml
[DEBUG] Reading global toolchains from /home/spirals/danglot/apache-maven-3.5.4/conf/toolchains.xml
[DEBUG] Reading user toolchains from /home/spirals/danglot/.m2/toolchains.xml
[DEBUG] Using local repository at /home/spirals/danglot/.m2/repository
[DEBUG] Using manager EnhancedLocalRepositoryManager with priority 10.0 for /home/spirals/danglot/.m2/repository
[INFO] Scanning for projects...
[DEBUG] Extension realms for project org.apache.commons:commons-lang3:jar:3.8-SNAPSHOT: (none)
[DEBUG] Looking up lifecycle mappings for packaging jar from ClassRealm[plexus.core, parent: null]
[DEBUG] Extension realms for project org.apache.commons:commons-parent:pom:46: (none)
[DEBUG] Looking up lifecycle mappings for packaging pom from ClassRealm[plexus.core, parent: null]
[DEBUG] Extension realms for project org.apache:apache:pom:19: (none)
[DEBUG] Looking up lifecycle mappings for packaging pom from ClassRealm[plexus.core, parent: null]
[DEBUG] === REACTOR BUILD PLAN ================================================
[DEBUG] Project: org.apache.commons:commons-lang3:jar:3.8-SNAPSHOT
[DEBUG] Tasks:   [eu.stamp-project:dspot-maven:1.1.1-SNAPSHOT:amplify-unit-tests]
[DEBUG] Style:   Regular
[DEBUG] =======================================================================
[INFO] 
[INFO] ------------------< org.apache.commons:commons-lang3 >------------------
[INFO] Building Apache Commons Lang 3.8-SNAPSHOT
[INFO] --------------------------------[ jar ]---------------------------------
[DEBUG] Lifecycle default -> [validate, initialize, generate-sources, process-sources, generate-resources, process-resources, compile, process-classes, generate-test-sources, process-test-sources, generate-test-resources, process-test-resources, test-compile, process-test-classes, test, prepare-package, package, pre-integration-test, integration-test, post-integration-test, verify, install, deploy]
[DEBUG] Lifecycle clean -> [pre-clean, clean, post-clean]
[DEBUG] Lifecycle site -> [pre-site, site, post-site, site-deploy]
[DEBUG] === PROJECT BUILD PLAN ================================================
[DEBUG] Project:       org.apache.commons:commons-lang3:3.8-SNAPSHOT
[DEBUG] Dependencies (collect): []
[DEBUG] Dependencies (resolve): [test]
[DEBUG] Repositories (dependencies): [apache.snapshots (https://repository.apache.org/snapshots, default, snapshots), central (https://repo.maven.apache.org/maven2, default, releases)]
[DEBUG] Repositories (plugins)     : [central (https://repo.maven.apache.org/maven2, default, releases)]
[DEBUG] -----------------------------------------------------------------------
[DEBUG] Goal:          eu.stamp-project:dspot-maven:1.1.1-SNAPSHOT:amplify-unit-tests (default-cli)
[DEBUG] Style:         Regular
[DEBUG] Configuration: <?xml version="1.0" encoding="UTF-8"?>
<configuration>
  <amplifiers default-value="None">${amplifiers}</amplifiers>
  <automaticBuilder default-value="MavenBuilder">${automatic-builder}</automaticBuilder>
  <budgetizer default-value="NoBudgetizer">${budgetizer}</budgetizer>
  <cases>${cases}</cases>
  <clean default-value="false">${clean}</clean>
  <descartes default-value="false">${descartes}</descartes>
  <example default-value="false">${example}</example>
  <generateNewTestClass default-value="false">${generate-new-test-class}</generateNewTestClass>
  <help default-value="false">${help}</help>
  <iteration default-value="3">${iteration}</iteration>
  <mavenHome>${maven-home}</mavenHome>
  <maxTestAmplified default-value="200">${max-test-amplified}</maxTestAmplified>
  <noMinimize default-value="false">${no-minimize}</noMinimize>
  <outputPath default-value="target/dspot/output">${output-path}</outputPath>
  <pathPitResult>${path-pit-result}</pathPitResult>
  <pathToProperties default-value="">${path-to-properties}</pathToProperties>
  <pathToSecondVersion default-value="">${path-to-second-version}</pathToSecondVersion>
  <pathToTestListCsv default-value="">${path-to-test-list-csv}</pathToTestListCsv>
  <project default-value="${project}"/>
  <randomSeed default-value="23">${randomSeed}</randomSeed>
  <test default-value="all">${test}</test>
  <testCriterion default-value="PitMutantScoreSelector">${test-criterion}</testCriterion>
  <timeOut default-value="10000">${timeOut}</timeOut>
  <useMavenToExeTest default-value="false">${use-maven-to-exe-test}</useMavenToExeTest>
  <verbose default-value="false">${verbose}</verbose>
  <withComment default-value="false">${with-comment}</withComment>
  <workingDirectory default-value="false">${working-directory}</workingDirectory>
</configuration>
[DEBUG] =======================================================================
[DEBUG] Dependency collection stats: {ConflictMarker.analyzeTime=1242983, ConflictMarker.markTime=631811, ConflictMarker.nodeCount=11, ConflictIdSorter.graphTime=668086, ConflictIdSorter.topsortTime=522072, ConflictIdSorter.conflictIdCount=9, ConflictIdSorter.conflictIdCycleCount=0, ConflictResolver.totalTime=5423063, ConflictResolver.conflictItemCount=10, DefaultDependencyCollector.collectTime=130456802, DefaultDependencyCollector.transformTime=11424546}
[DEBUG] org.apache.commons:commons-lang3:jar:3.8-SNAPSHOT
[DEBUG]    junit:junit:jar:4.12:test
[DEBUG]       org.hamcrest:hamcrest-core:jar:1.3:test
[DEBUG]    org.hamcrest:hamcrest-all:jar:1.3:test
[DEBUG]    org.easymock:easymock:jar:3.5.1:test
[DEBUG]       org.objenesis:objenesis:jar:2.6:test
[DEBUG]    org.openjdk.jmh:jmh-core:jar:1.19:test
[DEBUG]       net.sf.jopt-simple:jopt-simple:jar:4.6:test
[DEBUG]       org.apache.commons:commons-math3:jar:3.2:test
[DEBUG]    org.openjdk.jmh:jmh-generator-annprocess:jar:1.19:test
[INFO] 
[INFO] --- dspot-maven:1.1.1-SNAPSHOT:amplify-unit-tests (default-cli) @ commons-lang3 ---
[DEBUG] Skipped remote request for eu.stamp-project:dspot:1.1.1-SNAPSHOT/maven-metadata.xml, locally installed metadata up-to-date.
[DEBUG] Skipped remote request for eu.stamp-project:dspot:1.1.1-SNAPSHOT/maven-metadata.xml, locally installed metadata up-to-date.
[DEBUG] Using transporter WagonTransporter with priority -1.0 for https://stamp-project.github.io/stamp-maven-repository/
[DEBUG] Using connector BasicRepositoryConnector with priority 0.0 for https://stamp-project.github.io/stamp-maven-repository/
Downloading from stamp-maven-repository-mvn-repo: https://stamp-project.github.io/stamp-maven-repository/eu/stamp-project/dspot/1.1.1-SNAPSHOT/maven-metadata.xml
[DEBUG] Writing tracking file /home/spirals/danglot/.m2/repository/eu/stamp-project/dspot/1.1.1-SNAPSHOT/resolver-status.properties
[DEBUG] Could not find metadata eu.stamp-project:dspot:1.1.1-SNAPSHOT/maven-metadata.xml in stamp-maven-repository-mvn-repo (https://stamp-project.github.io/stamp-maven-repository/)
[DEBUG] Skipped remote request for eu.stamp-project:dspot:1.1.1-SNAPSHOT/maven-metadata.xml, already updated during this session.
[DEBUG] Failure to find eu.stamp-project:dspot:1.1.1-SNAPSHOT/maven-metadata.xml in https://stamp-project.github.io/stamp-maven-repository/ was cached in the local repository, resolution will not be reattempted until the update interval of stamp-maven-repository-mvn-repo has elapsed or updates are forced
[DEBUG] Skipped remote request for eu.stamp-project:dspot:1.1.1-SNAPSHOT/maven-metadata.xml, locally installed metadata up-to-date.
[DEBUG] Skipped remote request for eu.stamp-project:dspot:1.1.1-SNAPSHOT/maven-metadata.xml, locally installed metadata up-to-date.
[DEBUG] Could not find metadata fr.inria.gforge.spoon:spoon-core:7.1.0-SNAPSHOT/maven-metadata.xml in local (/home/spirals/danglot/.m2/repository)
[DEBUG] Failure to find fr.inria.gforge.spoon:spoon-core:7.1.0-SNAPSHOT/maven-metadata.xml in https://repo.gradle.org/gradle/libs-releases-local/ was cached in the local repository, resolution will not be reattempted until the update interval of gradle-repo has elapsed or updates are forced
[DEBUG] Failure to find fr.inria.gforge.spoon:spoon-core:7.1.0-SNAPSHOT/maven-metadata.xml in https://oss.sonatype.org/content/repositories/snapshots was cached in the local repository, resolution will not be reattempted until the update interval of sonatype-nexus-snapshots has elapsed or updates are forced
[DEBUG] Skipped remote request for fr.inria.gforge.spoon:spoon-core:7.1.0-SNAPSHOT/maven-metadata.xml, locally cached metadata up-to-date.
[DEBUG] Using transporter WagonTransporter with priority -1.0 for https://stamp-project.github.io/stamp-maven-repository/
[DEBUG] Using connector BasicRepositoryConnector with priority 0.0 for https://stamp-project.github.io/stamp-maven-repository/
Downloading from stamp-maven-repository-mvn-repo: https://stamp-project.github.io/stamp-maven-repository/fr/inria/gforge/spoon/spoon-core/7.1.0-SNAPSHOT/maven-metadata.xml
[DEBUG] Writing tracking file /home/spirals/danglot/.m2/repository/fr/inria/gforge/spoon/spoon-core/7.1.0-SNAPSHOT/resolver-status.properties
[DEBUG] Could not find metadata fr.inria.gforge.spoon:spoon-core:7.1.0-SNAPSHOT/maven-metadata.xml in stamp-maven-repository-mvn-repo (https://stamp-project.github.io/stamp-maven-repository/)
[DEBUG] Could not find metadata fr.inria.gforge.spoon:spoon-core:7.1.0-SNAPSHOT/maven-metadata.xml in local (/home/spirals/danglot/.m2/repository)
[DEBUG] Skipped remote request for fr.inria.gforge.spoon:spoon-core:7.1.0-SNAPSHOT/maven-metadata.xml, already updated during this session.
[DEBUG] Failure to find fr.inria.gforge.spoon:spoon-core:7.1.0-SNAPSHOT/maven-metadata.xml in https://stamp-project.github.io/stamp-maven-repository/ was cached in the local repository, resolution will not be reattempted until the update interval of stamp-maven-repository-mvn-repo has elapsed or updates are forced
[DEBUG] Failure to find fr.inria.gforge.spoon:spoon-core:7.1.0-SNAPSHOT/maven-metadata.xml in https://repo.gradle.org/gradle/libs-releases-local/ was cached in the local repository, resolution will not be reattempted until the update interval of gradle-repo has elapsed or updates are forced
[DEBUG] Failure to find fr.inria.gforge.spoon:spoon-core:7.1.0-SNAPSHOT/maven-metadata.xml in https://oss.sonatype.org/content/repositories/snapshots was cached in the local repository, resolution will not be reattempted until the update interval of sonatype-nexus-snapshots has elapsed or updates are forced
[DEBUG] Skipped remote request for fr.inria.gforge.spoon:spoon-core:7.1.0-SNAPSHOT/maven-metadata.xml, locally cached metadata up-to-date.
[DEBUG] Could not find metadata org.eclipse.platform:org.eclipse.core.resources/maven-metadata.xml in local (/home/spirals/danglot/.m2/repository)
[DEBUG] Skipped remote request for org.eclipse.platform:org.eclipse.core.resources/maven-metadata.xml, locally cached metadata up-to-date.
[DEBUG] Failure to find org.eclipse.platform:org.eclipse.core.resources/maven-metadata.xml in https://repo.gradle.org/gradle/libs-releases-local/ was cached in the local repository, resolution will not be reattempted until the update interval of gradle-repo has elapsed or updates are forced
[DEBUG] Failure to find org.eclipse.platform:org.eclipse.core.resources/maven-metadata.xml in https://oss.sonatype.org/content/repositories/snapshots was cached in the local repository, resolution will not be reattempted until the update interval of sonatype-nexus-snapshots has elapsed or updates are forced
[DEBUG] Failure to find org.eclipse.platform:org.eclipse.core.resources/maven-metadata.xml in http://maven.inria.fr/artifactory/spoon-public-snapshot was cached in the local repository, resolution will not be reattempted until the update interval of maven.inria.fr-snapshot has elapsed or updates are forced
[DEBUG] Failure to find org.eclipse.platform:org.eclipse.core.resources/maven-metadata.xml in http://maven.inria.fr/artifactory/triskell-public-release was cached in the local repository, resolution will not be reattempted until the update interval of inria has elapsed or updates are forced
[DEBUG] Using transporter WagonTransporter with priority -1.0 for https://stamp-project.github.io/stamp-maven-repository/
[DEBUG] Using connector BasicRepositoryConnector with priority 0.0 for https://stamp-project.github.io/stamp-maven-repository/
Downloading from stamp-maven-repository-mvn-repo: https://stamp-project.github.io/stamp-maven-repository/org/eclipse/platform/org.eclipse.core.resources/maven-metadata.xml
[DEBUG] Writing tracking file /home/spirals/danglot/.m2/repository/org/eclipse/platform/org.eclipse.core.resources/resolver-status.properties
[DEBUG] Could not find metadata org.eclipse.platform:org.eclipse.core.resources/maven-metadata.xml in stamp-maven-repository-mvn-repo (https://stamp-project.github.io/stamp-maven-repository/)
[DEBUG] Could not find metadata org.eclipse.platform:org.eclipse.core.expressions/maven-metadata.xml in local (/home/spirals/danglot/.m2/repository)
[DEBUG] Skipped remote request for org.eclipse.platform:org.eclipse.core.expressions/maven-metadata.xml, locally cached metadata up-to-date.
[DEBUG] Failure to find org.eclipse.platform:org.eclipse.core.expressions/maven-metadata.xml in https://repo.gradle.org/gradle/libs-releases-local/ was cached in the local repository, resolution will not be reattempted until the update interval of gradle-repo has elapsed or updates are forced
[DEBUG] Failure to find org.eclipse.platform:org.eclipse.core.expressions/maven-metadata.xml in https://oss.sonatype.org/content/repositories/snapshots was cached in the local repository, resolution will not be reattempted until the update interval of sonatype-nexus-snapshots has elapsed or updates are forced
[DEBUG] Failure to find org.eclipse.platform:org.eclipse.core.expressions/maven-metadata.xml in http://maven.inria.fr/artifactory/spoon-public-snapshot was cached in the local repository, resolution will not be reattempted until the update interval of maven.inria.fr-snapshot has elapsed or updates are forced
[DEBUG] Failure to find org.eclipse.platform:org.eclipse.core.expressions/maven-metadata.xml in http://maven.inria.fr/artifactory/triskell-public-release was cached in the local repository, resolution will not be reattempted until the update interval of inria has elapsed or updates are forced
[DEBUG] Using transporter WagonTransporter with priority -1.0 for https://stamp-project.github.io/stamp-maven-repository/
[DEBUG] Using connector BasicRepositoryConnector with priority 0.0 for https://stamp-project.github.io/stamp-maven-repository/
Downloading from stamp-maven-repository-mvn-repo: https://stamp-project.github.io/stamp-maven-repository/org/eclipse/platform/org.eclipse.core.expressions/maven-metadata.xml
[DEBUG] Writing tracking file /home/spirals/danglot/.m2/repository/org/eclipse/platform/org.eclipse.core.expressions/resolver-status.properties
[DEBUG] Could not find metadata org.eclipse.platform:org.eclipse.core.expressions/maven-metadata.xml in stamp-maven-repository-mvn-repo (https://stamp-project.github.io/stamp-maven-repository/)
[DEBUG] Could not find metadata org.eclipse.platform:org.eclipse.core.runtime/maven-metadata.xml in local (/home/spirals/danglot/.m2/repository)
[DEBUG] Skipped remote request for org.eclipse.platform:org.eclipse.core.runtime/maven-metadata.xml, locally cached metadata up-to-date.
[DEBUG] Failure to find org.eclipse.platform:org.eclipse.core.runtime/maven-metadata.xml in https://repo.gradle.org/gradle/libs-releases-local/ was cached in the local repository, resolution will not be reattempted until the update interval of gradle-repo has elapsed or updates are forced
[DEBUG] Failure to find org.eclipse.platform:org.eclipse.core.runtime/maven-metadata.xml in https://oss.sonatype.org/content/repositories/snapshots was cached in the local repository, resolution will not be reattempted until the update interval of sonatype-nexus-snapshots has elapsed or updates are forced
[DEBUG] Failure to find org.eclipse.platform:org.eclipse.core.runtime/maven-metadata.xml in http://maven.inria.fr/artifactory/spoon-public-snapshot was cached in the local repository, resolution will not be reattempted until the update interval of maven.inria.fr-snapshot has elapsed or updates are forced
[DEBUG] Failure to find org.eclipse.platform:org.eclipse.core.runtime/maven-metadata.xml in http://maven.inria.fr/artifactory/triskell-public-release was cached in the local repository, resolution will not be reattempted until the update interval of inria has elapsed or updates are forced
[DEBUG] Using transporter WagonTransporter with priority -1.0 for https://stamp-project.github.io/stamp-maven-repository/
[DEBUG] Using connector BasicRepositoryConnector with priority 0.0 for https://stamp-project.github.io/stamp-maven-repository/
Downloading from stamp-maven-repository-mvn-repo: https://stamp-project.github.io/stamp-maven-repository/org/eclipse/platform/org.eclipse.core.runtime/maven-metadata.xml
[DEBUG] Writing tracking file /home/spirals/danglot/.m2/repository/org/eclipse/platform/org.eclipse.core.runtime/resolver-status.properties
[DEBUG] Could not find metadata org.eclipse.platform:org.eclipse.core.runtime/maven-metadata.xml in stamp-maven-repository-mvn-repo (https://stamp-project.github.io/stamp-maven-repository/)
[DEBUG] Could not find metadata org.eclipse.platform:org.eclipse.osgi/maven-metadata.xml in local (/home/spirals/danglot/.m2/repository)
[DEBUG] Skipped remote request for org.eclipse.platform:org.eclipse.osgi/maven-metadata.xml, locally cached metadata up-to-date.
[DEBUG] Failure to find org.eclipse.platform:org.eclipse.osgi/maven-metadata.xml in https://repo.gradle.org/gradle/libs-releases-local/ was cached in the local repository, resolution will not be reattempted until the update interval of gradle-repo has elapsed or updates are forced
[DEBUG] Failure to find org.eclipse.platform:org.eclipse.osgi/maven-metadata.xml in https://oss.sonatype.org/content/repositories/snapshots was cached in the local repository, resolution will not be reattempted until the update interval of sonatype-nexus-snapshots has elapsed or updates are forced
[DEBUG] Failure to find org.eclipse.platform:org.eclipse.osgi/maven-metadata.xml in http://maven.inria.fr/artifactory/spoon-public-snapshot was cached in the local repository, resolution will not be reattempted until the update interval of maven.inria.fr-snapshot has elapsed or updates are forced
[DEBUG] Failure to find org.eclipse.platform:org.eclipse.osgi/maven-metadata.xml in http://maven.inria.fr/artifactory/triskell-public-release was cached in the local repository, resolution will not be reattempted until the update interval of inria has elapsed or updates are forced
[DEBUG] Using transporter WagonTransporter with priority -1.0 for https://stamp-project.github.io/stamp-maven-repository/
[DEBUG] Using connector BasicRepositoryConnector with priority 0.0 for https://stamp-project.github.io/stamp-maven-repository/
Downloading from stamp-maven-repository-mvn-repo: https://stamp-project.github.io/stamp-maven-repository/org/eclipse/platform/org.eclipse.osgi/maven-metadata.xml
[DEBUG] Writing tracking file /home/spirals/danglot/.m2/repository/org/eclipse/platform/org.eclipse.osgi/resolver-status.properties
[DEBUG] Could not find metadata org.eclipse.platform:org.eclipse.osgi/maven-metadata.xml in stamp-maven-repository-mvn-repo (https://stamp-project.github.io/stamp-maven-repository/)
[DEBUG] Could not find metadata org.eclipse.platform:org.eclipse.equinox.common/maven-metadata.xml in local (/home/spirals/danglot/.m2/repository)
[DEBUG] Skipped remote request for org.eclipse.platform:org.eclipse.equinox.common/maven-metadata.xml, locally cached metadata up-to-date.
[DEBUG] Failure to find org.eclipse.platform:org.eclipse.equinox.common/maven-metadata.xml in https://repo.gradle.org/gradle/libs-releases-local/ was cached in the local repository, resolution will not be reattempted until the update interval of gradle-repo has elapsed or updates are forced
[DEBUG] Failure to find org.eclipse.platform:org.eclipse.equinox.common/maven-metadata.xml in https://oss.sonatype.org/content/repositories/snapshots was cached in the local repository, resolution will not be reattempted until the update interval of sonatype-nexus-snapshots has elapsed or updates are forced
[DEBUG] Failure to find org.eclipse.platform:org.eclipse.equinox.common/maven-metadata.xml in http://maven.inria.fr/artifactory/spoon-public-snapshot was cached in the local repository, resolution will not be reattempted until the update interval of maven.inria.fr-snapshot has elapsed or updates are forced
[DEBUG] Failure to find org.eclipse.platform:org.eclipse.equinox.common/maven-metadata.xml in http://maven.inria.fr/artifactory/triskell-public-release was cached in the local repository, resolution will not be reattempted until the update interval of inria has elapsed or updates are forced
[DEBUG] Using transporter WagonTransporter with priority -1.0 for https://stamp-project.github.io/stamp-maven-repository/
[DEBUG] Using connector BasicRepositoryConnector with priority 0.0 for https://stamp-project.github.io/stamp-maven-repository/
Downloading from stamp-maven-repository-mvn-repo: https://stamp-project.github.io/stamp-maven-repository/org/eclipse/platform/org.eclipse.equinox.common/maven-metadata.xml
[DEBUG] Writing tracking file /home/spirals/danglot/.m2/repository/org/eclipse/platform/org.eclipse.equinox.common/resolver-status.properties
[DEBUG] Could not find metadata org.eclipse.platform:org.eclipse.equinox.common/maven-metadata.xml in stamp-maven-repository-mvn-repo (https://stamp-project.github.io/stamp-maven-repository/)
[DEBUG] Could not find metadata org.eclipse.platform:org.eclipse.core.jobs/maven-metadata.xml in local (/home/spirals/danglot/.m2/repository)
[DEBUG] Skipped remote request for org.eclipse.platform:org.eclipse.core.jobs/maven-metadata.xml, locally cached metadata up-to-date.
[DEBUG] Failure to find org.eclipse.platform:org.eclipse.core.jobs/maven-metadata.xml in https://repo.gradle.org/gradle/libs-releases-local/ was cached in the local repository, resolution will not be reattempted until the update interval of gradle-repo has elapsed or updates are forced
[DEBUG] Failure to find org.eclipse.platform:org.eclipse.core.jobs/maven-metadata.xml in https://oss.sonatype.org/content/repositories/snapshots was cached in the local repository, resolution will not be reattempted until the update interval of sonatype-nexus-snapshots has elapsed or updates are forced
[DEBUG] Failure to find org.eclipse.platform:org.eclipse.core.jobs/maven-metadata.xml in http://maven.inria.fr/artifactory/spoon-public-snapshot was cached in the local repository, resolution will not be reattempted until the update interval of maven.inria.fr-snapshot has elapsed or updates are forced
[DEBUG] Failure to find org.eclipse.platform:org.eclipse.core.jobs/maven-metadata.xml in http://maven.inria.fr/artifactory/triskell-public-release was cached in the local repository, resolution will not be reattempted until the update interval of inria has elapsed or updates are forced
[DEBUG] Using transporter WagonTransporter with priority -1.0 for https://stamp-project.github.io/stamp-maven-repository/
[DEBUG] Using connector BasicRepositoryConnector with priority 0.0 for https://stamp-project.github.io/stamp-maven-repository/
Downloading from stamp-maven-repository-mvn-repo: https://stamp-project.github.io/stamp-maven-repository/org/eclipse/platform/org.eclipse.core.jobs/maven-metadata.xml
[DEBUG] Writing tracking file /home/spirals/danglot/.m2/repository/org/eclipse/platform/org.eclipse.core.jobs/resolver-status.properties
[DEBUG] Could not find metadata org.eclipse.platform:org.eclipse.core.jobs/maven-metadata.xml in stamp-maven-repository-mvn-repo (https://stamp-project.github.io/stamp-maven-repository/)
[DEBUG] Could not find metadata org.eclipse.platform:org.eclipse.equinox.registry/maven-metadata.xml in local (/home/spirals/danglot/.m2/repository)
[DEBUG] Skipped remote request for org.eclipse.platform:org.eclipse.equinox.registry/maven-metadata.xml, locally cached metadata up-to-date.
[DEBUG] Failure to find org.eclipse.platform:org.eclipse.equinox.registry/maven-metadata.xml in https://repo.gradle.org/gradle/libs-releases-local/ was cached in the local repository, resolution will not be reattempted until the update interval of gradle-repo has elapsed or updates are forced
[DEBUG] Failure to find org.eclipse.platform:org.eclipse.equinox.registry/maven-metadata.xml in https://oss.sonatype.org/content/repositories/snapshots was cached in the local repository, resolution will not be reattempted until the update interval of sonatype-nexus-snapshots has elapsed or updates are forced
[DEBUG] Failure to find org.eclipse.platform:org.eclipse.equinox.registry/maven-metadata.xml in http://maven.inria.fr/artifactory/spoon-public-snapshot was cached in the local repository, resolution will not be reattempted until the update interval of maven.inria.fr-snapshot has elapsed or updates are forced
[DEBUG] Failure to find org.eclipse.platform:org.eclipse.equinox.registry/maven-metadata.xml in http://maven.inria.fr/artifactory/triskell-public-release was cached in the local repository, resolution will not be reattempted until the update interval of inria has elapsed or updates are forced
[DEBUG] Using transporter WagonTransporter with priority -1.0 for https://stamp-project.github.io/stamp-maven-repository/
[DEBUG] Using connector BasicRepositoryConnector with priority 0.0 for https://stamp-project.github.io/stamp-maven-repository/
Downloading from stamp-maven-repository-mvn-repo: https://stamp-project.github.io/stamp-maven-repository/org/eclipse/platform/org.eclipse.equinox.registry/maven-metadata.xml
[DEBUG] Writing tracking file /home/spirals/danglot/.m2/repository/org/eclipse/platform/org.eclipse.equinox.registry/resolver-status.properties
[DEBUG] Could not find metadata org.eclipse.platform:org.eclipse.equinox.registry/maven-metadata.xml in stamp-maven-repository-mvn-repo (https://stamp-project.github.io/stamp-maven-repository/)
[DEBUG] Could not find metadata org.eclipse.platform:org.eclipse.equinox.common/maven-metadata.xml in local (/home/spirals/danglot/.m2/repository)
[DEBUG] Skipped remote request for org.eclipse.platform:org.eclipse.equinox.common/maven-metadata.xml, locally cached metadata up-to-date.
[DEBUG] Skipped remote request for org.eclipse.platform:org.eclipse.equinox.common/maven-metadata.xml, already updated during this session.
[DEBUG] Failure to find org.eclipse.platform:org.eclipse.equinox.common/maven-metadata.xml in https://stamp-project.github.io/stamp-maven-repository/ was cached in the local repository, resolution will not be reattempted until the update interval of stamp-maven-repository-mvn-repo has elapsed or updates are forced
[DEBUG] Failure to find org.eclipse.platform:org.eclipse.equinox.common/maven-metadata.xml in https://repo.gradle.org/gradle/libs-releases-local/ was cached in the local repository, resolution will not be reattempted until the update interval of gradle-repo has elapsed or updates are forced
[DEBUG] Failure to find org.eclipse.platform:org.eclipse.equinox.common/maven-metadata.xml in https://oss.sonatype.org/content/repositories/snapshots was cached in the local repository, resolution will not be reattempted until the update interval of sonatype-nexus-snapshots has elapsed or updates are forced
[DEBUG] Failure to find org.eclipse.platform:org.eclipse.equinox.common/maven-metadata.xml in http://maven.inria.fr/artifactory/spoon-public-snapshot was cached in the local repository, resolution will not be reattempted until the update interval of maven.inria.fr-snapshot has elapsed or updates are forced
[DEBUG] Failure to find org.eclipse.platform:org.eclipse.equinox.common/maven-metadata.xml in http://maven.inria.fr/artifactory/triskell-public-release was cached in the local repository, resolution will not be reattempted until the update interval of inria has elapsed or updates are forced
[DEBUG] Could not find metadata org.eclipse.platform:org.eclipse.equinox.preferences/maven-metadata.xml in local (/home/spirals/danglot/.m2/repository)
[DEBUG] Skipped remote request for org.eclipse.platform:org.eclipse.equinox.preferences/maven-metadata.xml, locally cached metadata up-to-date.
[DEBUG] Failure to find org.eclipse.platform:org.eclipse.equinox.preferences/maven-metadata.xml in https://repo.gradle.org/gradle/libs-releases-local/ was cached in the local repository, resolution will not be reattempted until the update interval of gradle-repo has elapsed or updates are forced
[DEBUG] Failure to find org.eclipse.platform:org.eclipse.equinox.preferences/maven-metadata.xml in https://oss.sonatype.org/content/repositories/snapshots was cached in the local repository, resolution will not be reattempted until the update interval of sonatype-nexus-snapshots has elapsed or updates are forced
[DEBUG] Failure to find org.eclipse.platform:org.eclipse.equinox.preferences/maven-metadata.xml in http://maven.inria.fr/artifactory/spoon-public-snapshot was cached in the local repository, resolution will not be reattempted until the update interval of maven.inria.fr-snapshot has elapsed or updates are forced
[DEBUG] Failure to find org.eclipse.platform:org.eclipse.equinox.preferences/maven-metadata.xml in http://maven.inria.fr/artifactory/triskell-public-release was cached in the local repository, resolution will not be reattempted until the update interval of inria has elapsed or updates are forced
[DEBUG] Using transporter WagonTransporter with priority -1.0 for https://stamp-project.github.io/stamp-maven-repository/
[DEBUG] Using connector BasicRepositoryConnector with priority 0.0 for https://stamp-project.github.io/stamp-maven-repository/
Downloading from stamp-maven-repository-mvn-repo: https://stamp-project.github.io/stamp-maven-repository/org/eclipse/platform/org.eclipse.equinox.preferences/maven-metadata.xml
[DEBUG] Writing tracking file /home/spirals/danglot/.m2/repository/org/eclipse/platform/org.eclipse.equinox.preferences/resolver-status.properties
[DEBUG] Could not find metadata org.eclipse.platform:org.eclipse.equinox.preferences/maven-metadata.xml in stamp-maven-repository-mvn-repo (https://stamp-project.github.io/stamp-maven-repository/)
[DEBUG] Could not find metadata org.eclipse.platform:org.eclipse.equinox.common/maven-metadata.xml in local (/home/spirals/danglot/.m2/repository)
[DEBUG] Skipped remote request for org.eclipse.platform:org.eclipse.equinox.common/maven-metadata.xml, locally cached metadata up-to-date.
[DEBUG] Skipped remote request for org.eclipse.platform:org.eclipse.equinox.common/maven-metadata.xml, already updated during this session.
[DEBUG] Failure to find org.eclipse.platform:org.eclipse.equinox.common/maven-metadata.xml in https://stamp-project.github.io/stamp-maven-repository/ was cached in the local repository, resolution will not be reattempted until the update interval of stamp-maven-repository-mvn-repo has elapsed or updates are forced
[DEBUG] Failure to find org.eclipse.platform:org.eclipse.equinox.common/maven-metadata.xml in https://repo.gradle.org/gradle/libs-releases-local/ was cached in the local repository, resolution will not be reattempted until the update interval of gradle-repo has elapsed or updates are forced
[DEBUG] Failure to find org.eclipse.platform:org.eclipse.equinox.common/maven-metadata.xml in https://oss.sonatype.org/content/repositories/snapshots was cached in the local repository, resolution will not be reattempted until the update interval of sonatype-nexus-snapshots has elapsed or updates are forced
[DEBUG] Failure to find org.eclipse.platform:org.eclipse.equinox.common/maven-metadata.xml in http://maven.inria.fr/artifactory/spoon-public-snapshot was cached in the local repository, resolution will not be reattempted until the update interval of maven.inria.fr-snapshot has elapsed or updates are forced
[DEBUG] Failure to find org.eclipse.platform:org.eclipse.equinox.common/maven-metadata.xml in http://maven.inria.fr/artifactory/triskell-public-release was cached in the local repository, resolution will not be reattempted until the update interval of inria has elapsed or updates are forced
[DEBUG] Could not find metadata org.eclipse.platform:org.eclipse.core.contenttype/maven-metadata.xml in local (/home/spirals/danglot/.m2/repository)
[DEBUG] Skipped remote request for org.eclipse.platform:org.eclipse.core.contenttype/maven-metadata.xml, locally cached metadata up-to-date.
[DEBUG] Failure to find org.eclipse.platform:org.eclipse.core.contenttype/maven-metadata.xml in https://repo.gradle.org/gradle/libs-releases-local/ was cached in the local repository, resolution will not be reattempted until the update interval of gradle-repo has elapsed or updates are forced
[DEBUG] Failure to find org.eclipse.platform:org.eclipse.core.contenttype/maven-metadata.xml in https://oss.sonatype.org/content/repositories/snapshots was cached in the local repository, resolution will not be reattempted until the update interval of sonatype-nexus-snapshots has elapsed or updates are forced
[DEBUG] Failure to find org.eclipse.platform:org.eclipse.core.contenttype/maven-metadata.xml in http://maven.inria.fr/artifactory/spoon-public-snapshot was cached in the local repository, resolution will not be reattempted until the update interval of maven.inria.fr-snapshot has elapsed or updates are forced
[DEBUG] Failure to find org.eclipse.platform:org.eclipse.core.contenttype/maven-metadata.xml in http://maven.inria.fr/artifactory/triskell-public-release was cached in the local repository, resolution will not be reattempted until the update interval of inria has elapsed or updates are forced
[DEBUG] Using transporter WagonTransporter with priority -1.0 for https://stamp-project.github.io/stamp-maven-repository/
[DEBUG] Using connector BasicRepositoryConnector with priority 0.0 for https://stamp-project.github.io/stamp-maven-repository/
Downloading from stamp-maven-repository-mvn-repo: https://stamp-project.github.io/stamp-maven-repository/org/eclipse/platform/org.eclipse.core.contenttype/maven-metadata.xml
[DEBUG] Writing tracking file /home/spirals/danglot/.m2/repository/org/eclipse/platform/org.eclipse.core.contenttype/resolver-status.properties
[DEBUG] Could not find metadata org.eclipse.platform:org.eclipse.core.contenttype/maven-metadata.xml in stamp-maven-repository-mvn-repo (https://stamp-project.github.io/stamp-maven-repository/)
[DEBUG] Could not find metadata org.eclipse.platform:org.eclipse.equinox.preferences/maven-metadata.xml in local (/home/spirals/danglot/.m2/repository)
[DEBUG] Skipped remote request for org.eclipse.platform:org.eclipse.equinox.preferences/maven-metadata.xml, locally cached metadata up-to-date.
[DEBUG] Skipped remote request for org.eclipse.platform:org.eclipse.equinox.preferences/maven-metadata.xml, already updated during this session.
[DEBUG] Failure to find org.eclipse.platform:org.eclipse.equinox.preferences/maven-metadata.xml in https://stamp-project.github.io/stamp-maven-repository/ was cached in the local repository, resolution will not be reattempted until the update interval of stamp-maven-repository-mvn-repo has elapsed or updates are forced
[DEBUG] Failure to find org.eclipse.platform:org.eclipse.equinox.preferences/maven-metadata.xml in https://repo.gradle.org/gradle/libs-releases-local/ was cached in the local repository, resolution will not be reattempted until the update interval of gradle-repo has elapsed or updates are forced
[DEBUG] Failure to find org.eclipse.platform:org.eclipse.equinox.preferences/maven-metadata.xml in https://oss.sonatype.org/content/repositories/snapshots was cached in the local repository, resolution will not be reattempted until the update interval of sonatype-nexus-snapshots has elapsed or updates are forced
[DEBUG] Failure to find org.eclipse.platform:org.eclipse.equinox.preferences/maven-metadata.xml in http://maven.inria.fr/artifactory/spoon-public-snapshot was cached in the local repository, resolution will not be reattempted until the update interval of maven.inria.fr-snapshot has elapsed or updates are forced
[DEBUG] Failure to find org.eclipse.platform:org.eclipse.equinox.preferences/maven-metadata.xml in http://maven.inria.fr/artifactory/triskell-public-release was cached in the local repository, resolution will not be reattempted until the update interval of inria has elapsed or updates are forced
[DEBUG] Could not find metadata org.eclipse.platform:org.eclipse.equinox.registry/maven-metadata.xml in local (/home/spirals/danglot/.m2/repository)
[DEBUG] Skipped remote request for org.eclipse.platform:org.eclipse.equinox.registry/maven-metadata.xml, locally cached metadata up-to-date.
[DEBUG] Skipped remote request for org.eclipse.platform:org.eclipse.equinox.registry/maven-metadata.xml, already updated during this session.
[DEBUG] Failure to find org.eclipse.platform:org.eclipse.equinox.registry/maven-metadata.xml in https://stamp-project.github.io/stamp-maven-repository/ was cached in the local repository, resolution will not be reattempted until the update interval of stamp-maven-repository-mvn-repo has elapsed or updates are forced
[DEBUG] Failure to find org.eclipse.platform:org.eclipse.equinox.registry/maven-metadata.xml in https://repo.gradle.org/gradle/libs-releases-local/ was cached in the local repository, resolution will not be reattempted until the update interval of gradle-repo has elapsed or updates are forced
[DEBUG] Failure to find org.eclipse.platform:org.eclipse.equinox.registry/maven-metadata.xml in https://oss.sonatype.org/content/repositories/snapshots was cached in the local repository, resolution will not be reattempted until the update interval of sonatype-nexus-snapshots has elapsed or updates are forced
[DEBUG] Failure to find org.eclipse.platform:org.eclipse.equinox.registry/maven-metadata.xml in http://maven.inria.fr/artifactory/spoon-public-snapshot was cached in the local repository, resolution will not be reattempted until the update interval of maven.inria.fr-snapshot has elapsed or updates are forced
[DEBUG] Failure to find org.eclipse.platform:org.eclipse.equinox.registry/maven-metadata.xml in http://maven.inria.fr/artifactory/triskell-public-release was cached in the local repository, resolution will not be reattempted until the update interval of inria has elapsed or updates are forced
[DEBUG] Could not find metadata org.eclipse.platform:org.eclipse.equinox.app/maven-metadata.xml in local (/home/spirals/danglot/.m2/repository)
[DEBUG] Skipped remote request for org.eclipse.platform:org.eclipse.equinox.app/maven-metadata.xml, locally cached metadata up-to-date.
[DEBUG] Failure to find org.eclipse.platform:org.eclipse.equinox.app/maven-metadata.xml in https://repo.gradle.org/gradle/libs-releases-local/ was cached in the local repository, resolution will not be reattempted until the update interval of gradle-repo has elapsed or updates are forced
[DEBUG] Failure to find org.eclipse.platform:org.eclipse.equinox.app/maven-metadata.xml in https://oss.sonatype.org/content/repositories/snapshots was cached in the local repository, resolution will not be reattempted until the update interval of sonatype-nexus-snapshots has elapsed or updates are forced
[DEBUG] Failure to find org.eclipse.platform:org.eclipse.equinox.app/maven-metadata.xml in http://maven.inria.fr/artifactory/spoon-public-snapshot was cached in the local repository, resolution will not be reattempted until the update interval of maven.inria.fr-snapshot has elapsed or updates are forced
[DEBUG] Failure to find org.eclipse.platform:org.eclipse.equinox.app/maven-metadata.xml in http://maven.inria.fr/artifactory/triskell-public-release was cached in the local repository, resolution will not be reattempted until the update interval of inria has elapsed or updates are forced
[DEBUG] Using transporter WagonTransporter with priority -1.0 for https://stamp-project.github.io/stamp-maven-repository/
[DEBUG] Using connector BasicRepositoryConnector with priority 0.0 for https://stamp-project.github.io/stamp-maven-repository/
Downloading from stamp-maven-repository-mvn-repo: https://stamp-project.github.io/stamp-maven-repository/org/eclipse/platform/org.eclipse.equinox.app/maven-metadata.xml
[DEBUG] Writing tracking file /home/spirals/danglot/.m2/repository/org/eclipse/platform/org.eclipse.equinox.app/resolver-status.properties
[DEBUG] Could not find metadata org.eclipse.platform:org.eclipse.equinox.app/maven-metadata.xml in stamp-maven-repository-mvn-repo (https://stamp-project.github.io/stamp-maven-repository/)
[DEBUG] Could not find metadata org.eclipse.platform:org.eclipse.equinox.registry/maven-metadata.xml in local (/home/spirals/danglot/.m2/repository)
[DEBUG] Skipped remote request for org.eclipse.platform:org.eclipse.equinox.registry/maven-metadata.xml, locally cached metadata up-to-date.
[DEBUG] Skipped remote request for org.eclipse.platform:org.eclipse.equinox.registry/maven-metadata.xml, already updated during this session.
[DEBUG] Failure to find org.eclipse.platform:org.eclipse.equinox.registry/maven-metadata.xml in https://stamp-project.github.io/stamp-maven-repository/ was cached in the local repository, resolution will not be reattempted until the update interval of stamp-maven-repository-mvn-repo has elapsed or updates are forced
[DEBUG] Failure to find org.eclipse.platform:org.eclipse.equinox.registry/maven-metadata.xml in https://repo.gradle.org/gradle/libs-releases-local/ was cached in the local repository, resolution will not be reattempted until the update interval of gradle-repo has elapsed or updates are forced
[DEBUG] Failure to find org.eclipse.platform:org.eclipse.equinox.registry/maven-metadata.xml in https://oss.sonatype.org/content/repositories/snapshots was cached in the local repository, resolution will not be reattempted until the update interval of sonatype-nexus-snapshots has elapsed or updates are forced
[DEBUG] Failure to find org.eclipse.platform:org.eclipse.equinox.registry/maven-metadata.xml in http://maven.inria.fr/artifactory/spoon-public-snapshot was cached in the local repository, resolution will not be reattempted until the update interval of maven.inria.fr-snapshot has elapsed or updates are forced
[DEBUG] Failure to find org.eclipse.platform:org.eclipse.equinox.registry/maven-metadata.xml in http://maven.inria.fr/artifactory/triskell-public-release was cached in the local repository, resolution will not be reattempted until the update interval of inria has elapsed or updates are forced
[DEBUG] Could not find metadata org.eclipse.platform:org.eclipse.osgi/maven-metadata.xml in local (/home/spirals/danglot/.m2/repository)
[DEBUG] Skipped remote request for org.eclipse.platform:org.eclipse.osgi/maven-metadata.xml, locally cached metadata up-to-date.
[DEBUG] Skipped remote request for org.eclipse.platform:org.eclipse.osgi/maven-metadata.xml, already updated during this session.
[DEBUG] Failure to find org.eclipse.platform:org.eclipse.osgi/maven-metadata.xml in https://stamp-project.github.io/stamp-maven-repository/ was cached in the local repository, resolution will not be reattempted until the update interval of stamp-maven-repository-mvn-repo has elapsed or updates are forced
[DEBUG] Failure to find org.eclipse.platform:org.eclipse.osgi/maven-metadata.xml in https://repo.gradle.org/gradle/libs-releases-local/ was cached in the local repository, resolution will not be reattempted until the update interval of gradle-repo has elapsed or updates are forced
[DEBUG] Failure to find org.eclipse.platform:org.eclipse.osgi/maven-metadata.xml in https://oss.sonatype.org/content/repositories/snapshots was cached in the local repository, resolution will not be reattempted until the update interval of sonatype-nexus-snapshots has elapsed or updates are forced
[DEBUG] Failure to find org.eclipse.platform:org.eclipse.osgi/maven-metadata.xml in http://maven.inria.fr/artifactory/spoon-public-snapshot was cached in the local repository, resolution will not be reattempted until the update interval of maven.inria.fr-snapshot has elapsed or updates are forced
[DEBUG] Failure to find org.eclipse.platform:org.eclipse.osgi/maven-metadata.xml in http://maven.inria.fr/artifactory/triskell-public-release was cached in the local repository, resolution will not be reattempted until the update interval of inria has elapsed or updates are forced
[DEBUG] Could not find metadata org.eclipse.platform:org.eclipse.equinox.common/maven-metadata.xml in local (/home/spirals/danglot/.m2/repository)
[DEBUG] Skipped remote request for org.eclipse.platform:org.eclipse.equinox.common/maven-metadata.xml, locally cached metadata up-to-date.
[DEBUG] Skipped remote request for org.eclipse.platform:org.eclipse.equinox.common/maven-metadata.xml, already updated during this session.
[DEBUG] Failure to find org.eclipse.platform:org.eclipse.equinox.common/maven-metadata.xml in https://stamp-project.github.io/stamp-maven-repository/ was cached in the local repository, resolution will not be reattempted until the update interval of stamp-maven-repository-mvn-repo has elapsed or updates are forced
[DEBUG] Failure to find org.eclipse.platform:org.eclipse.equinox.common/maven-metadata.xml in https://repo.gradle.org/gradle/libs-releases-local/ was cached in the local repository, resolution will not be reattempted until the update interval of gradle-repo has elapsed or updates are forced
[DEBUG] Failure to find org.eclipse.platform:org.eclipse.equinox.common/maven-metadata.xml in https://oss.sonatype.org/content/repositories/snapshots was cached in the local repository, resolution will not be reattempted until the update interval of sonatype-nexus-snapshots has elapsed or updates are forced
[DEBUG] Failure to find org.eclipse.platform:org.eclipse.equinox.common/maven-metadata.xml in http://maven.inria.fr/artifactory/spoon-public-snapshot was cached in the local repository, resolution will not be reattempted until the update interval of maven.inria.fr-snapshot has elapsed or updates are forced
[DEBUG] Failure to find org.eclipse.platform:org.eclipse.equinox.common/maven-metadata.xml in http://maven.inria.fr/artifactory/triskell-public-release was cached in the local repository, resolution will not be reattempted until the update interval of inria has elapsed or updates are forced
[DEBUG] Could not find metadata org.eclipse.platform:org.eclipse.core.jobs/maven-metadata.xml in local (/home/spirals/danglot/.m2/repository)
[DEBUG] Skipped remote request for org.eclipse.platform:org.eclipse.core.jobs/maven-metadata.xml, locally cached metadata up-to-date.
[DEBUG] Skipped remote request for org.eclipse.platform:org.eclipse.core.jobs/maven-metadata.xml, already updated during this session.
[DEBUG] Failure to find org.eclipse.platform:org.eclipse.core.jobs/maven-metadata.xml in https://stamp-project.github.io/stamp-maven-repository/ was cached in the local repository, resolution will not be reattempted until the update interval of stamp-maven-repository-mvn-repo has elapsed or updates are forced
[DEBUG] Failure to find org.eclipse.platform:org.eclipse.core.jobs/maven-metadata.xml in https://repo.gradle.org/gradle/libs-releases-local/ was cached in the local repository, resolution will not be reattempted until the update interval of gradle-repo has elapsed or updates are forced
[DEBUG] Failure to find org.eclipse.platform:org.eclipse.core.jobs/maven-metadata.xml in https://oss.sonatype.org/content/repositories/snapshots was cached in the local repository, resolution will not be reattempted until the update interval of sonatype-nexus-snapshots has elapsed or updates are forced
[DEBUG] Failure to find org.eclipse.platform:org.eclipse.core.jobs/maven-metadata.xml in http://maven.inria.fr/artifactory/spoon-public-snapshot was cached in the local repository, resolution will not be reattempted until the update interval of maven.inria.fr-snapshot has elapsed or updates are forced
[DEBUG] Failure to find org.eclipse.platform:org.eclipse.core.jobs/maven-metadata.xml in http://maven.inria.fr/artifactory/triskell-public-release was cached in the local repository, resolution will not be reattempted until the update interval of inria has elapsed or updates are forced
[DEBUG] Could not find metadata org.eclipse.platform:org.eclipse.equinox.preferences/maven-metadata.xml in local (/home/spirals/danglot/.m2/repository)
[DEBUG] Skipped remote request for org.eclipse.platform:org.eclipse.equinox.preferences/maven-metadata.xml, locally cached metadata up-to-date.
[DEBUG] Skipped remote request for org.eclipse.platform:org.eclipse.equinox.preferences/maven-metadata.xml, already updated during this session.
[DEBUG] Failure to find org.eclipse.platform:org.eclipse.equinox.preferences/maven-metadata.xml in https://stamp-project.github.io/stamp-maven-repository/ was cached in the local repository, resolution will not be reattempted until the update interval of stamp-maven-repository-mvn-repo has elapsed or updates are forced
[DEBUG] Failure to find org.eclipse.platform:org.eclipse.equinox.preferences/maven-metadata.xml in https://repo.gradle.org/gradle/libs-releases-local/ was cached in the local repository, resolution will not be reattempted until the update interval of gradle-repo has elapsed or updates are forced
[DEBUG] Failure to find org.eclipse.platform:org.eclipse.equinox.preferences/maven-metadata.xml in https://oss.sonatype.org/content/repositories/snapshots was cached in the local repository, resolution will not be reattempted until the update interval of sonatype-nexus-snapshots has elapsed or updates are forced
[DEBUG] Failure to find org.eclipse.platform:org.eclipse.equinox.preferences/maven-metadata.xml in http://maven.inria.fr/artifactory/spoon-public-snapshot was cached in the local repository, resolution will not be reattempted until the update interval of maven.inria.fr-snapshot has elapsed or updates are forced
[DEBUG] Failure to find org.eclipse.platform:org.eclipse.equinox.preferences/maven-metadata.xml in http://maven.inria.fr/artifactory/triskell-public-release was cached in the local repository, resolution will not be reattempted until the update interval of inria has elapsed or updates are forced
[DEBUG] Could not find metadata org.eclipse.platform:org.eclipse.core.contenttype/maven-metadata.xml in local (/home/spirals/danglot/.m2/repository)
[DEBUG] Skipped remote request for org.eclipse.platform:org.eclipse.core.contenttype/maven-metadata.xml, locally cached metadata up-to-date.
[DEBUG] Skipped remote request for org.eclipse.platform:org.eclipse.core.contenttype/maven-metadata.xml, already updated during this session.
[DEBUG] Failure to find org.eclipse.platform:org.eclipse.core.contenttype/maven-metadata.xml in https://stamp-project.github.io/stamp-maven-repository/ was cached in the local repository, resolution will not be reattempted until the update interval of stamp-maven-repository-mvn-repo has elapsed or updates are forced
[DEBUG] Failure to find org.eclipse.platform:org.eclipse.core.contenttype/maven-metadata.xml in https://repo.gradle.org/gradle/libs-releases-local/ was cached in the local repository, resolution will not be reattempted until the update interval of gradle-repo has elapsed or updates are forced
[DEBUG] Failure to find org.eclipse.platform:org.eclipse.core.contenttype/maven-metadata.xml in https://oss.sonatype.org/content/repositories/snapshots was cached in the local repository, resolution will not be reattempted until the update interval of sonatype-nexus-snapshots has elapsed or updates are forced
[DEBUG] Failure to find org.eclipse.platform:org.eclipse.core.contenttype/maven-metadata.xml in http://maven.inria.fr/artifactory/spoon-public-snapshot was cached in the local repository, resolution will not be reattempted until the update interval of maven.inria.fr-snapshot has elapsed or updates are forced
[DEBUG] Failure to find org.eclipse.platform:org.eclipse.core.contenttype/maven-metadata.xml in http://maven.inria.fr/artifactory/triskell-public-release was cached in the local repository, resolution will not be reattempted until the update interval of inria has elapsed or updates are forced
[DEBUG] Could not find metadata org.eclipse.platform:org.eclipse.equinox.app/maven-metadata.xml in local (/home/spirals/danglot/.m2/repository)
[DEBUG] Skipped remote request for org.eclipse.platform:org.eclipse.equinox.app/maven-metadata.xml, locally cached metadata up-to-date.
[DEBUG] Skipped remote request for org.eclipse.platform:org.eclipse.equinox.app/maven-metadata.xml, already updated during this session.
[DEBUG] Failure to find org.eclipse.platform:org.eclipse.equinox.app/maven-metadata.xml in https://stamp-project.github.io/stamp-maven-repository/ was cached in the local repository, resolution will not be reattempted until the update interval of stamp-maven-repository-mvn-repo has elapsed or updates are forced
[DEBUG] Failure to find org.eclipse.platform:org.eclipse.equinox.app/maven-metadata.xml in https://repo.gradle.org/gradle/libs-releases-local/ was cached in the local repository, resolution will not be reattempted until the update interval of gradle-repo has elapsed or updates are forced
[DEBUG] Failure to find org.eclipse.platform:org.eclipse.equinox.app/maven-metadata.xml in https://oss.sonatype.org/content/repositories/snapshots was cached in the local repository, resolution will not be reattempted until the update interval of sonatype-nexus-snapshots has elapsed or updates are forced
[DEBUG] Failure to find org.eclipse.platform:org.eclipse.equinox.app/maven-metadata.xml in http://maven.inria.fr/artifactory/spoon-public-snapshot was cached in the local repository, resolution will not be reattempted until the update interval of maven.inria.fr-snapshot has elapsed or updates are forced
[DEBUG] Failure to find org.eclipse.platform:org.eclipse.equinox.app/maven-metadata.xml in http://maven.inria.fr/artifactory/triskell-public-release was cached in the local repository, resolution will not be reattempted until the update interval of inria has elapsed or updates are forced
[DEBUG] Could not find metadata org.eclipse.platform:org.eclipse.core.filesystem/maven-metadata.xml in local (/home/spirals/danglot/.m2/repository)
[DEBUG] Skipped remote request for org.eclipse.platform:org.eclipse.core.filesystem/maven-metadata.xml, locally cached metadata up-to-date.
[DEBUG] Failure to find org.eclipse.platform:org.eclipse.core.filesystem/maven-metadata.xml in https://repo.gradle.org/gradle/libs-releases-local/ was cached in the local repository, resolution will not be reattempted until the update interval of gradle-repo has elapsed or updates are forced
[DEBUG] Failure to find org.eclipse.platform:org.eclipse.core.filesystem/maven-metadata.xml in https://oss.sonatype.org/content/repositories/snapshots was cached in the local repository, resolution will not be reattempted until the update interval of sonatype-nexus-snapshots has elapsed or updates are forced
[DEBUG] Failure to find org.eclipse.platform:org.eclipse.core.filesystem/maven-metadata.xml in http://maven.inria.fr/artifactory/spoon-public-snapshot was cached in the local repository, resolution will not be reattempted until the update interval of maven.inria.fr-snapshot has elapsed or updates are forced
[DEBUG] Failure to find org.eclipse.platform:org.eclipse.core.filesystem/maven-metadata.xml in http://maven.inria.fr/artifactory/triskell-public-release was cached in the local repository, resolution will not be reattempted until the update interval of inria has elapsed or updates are forced
[DEBUG] Using transporter WagonTransporter with priority -1.0 for https://stamp-project.github.io/stamp-maven-repository/
[DEBUG] Using connector BasicRepositoryConnector with priority 0.0 for https://stamp-project.github.io/stamp-maven-repository/
Downloading from stamp-maven-repository-mvn-repo: https://stamp-project.github.io/stamp-maven-repository/org/eclipse/platform/org.eclipse.core.filesystem/maven-metadata.xml
[DEBUG] Writing tracking file /home/spirals/danglot/.m2/repository/org/eclipse/platform/org.eclipse.core.filesystem/resolver-status.properties
[DEBUG] Could not find metadata org.eclipse.platform:org.eclipse.core.filesystem/maven-metadata.xml in stamp-maven-repository-mvn-repo (https://stamp-project.github.io/stamp-maven-repository/)
[DEBUG] Could not find metadata org.eclipse.platform:org.eclipse.osgi/maven-metadata.xml in local (/home/spirals/danglot/.m2/repository)
[DEBUG] Skipped remote request for org.eclipse.platform:org.eclipse.osgi/maven-metadata.xml, locally cached metadata up-to-date.
[DEBUG] Skipped remote request for org.eclipse.platform:org.eclipse.osgi/maven-metadata.xml, already updated during this session.
[DEBUG] Failure to find org.eclipse.platform:org.eclipse.osgi/maven-metadata.xml in https://stamp-project.github.io/stamp-maven-repository/ was cached in the local repository, resolution will not be reattempted until the update interval of stamp-maven-repository-mvn-repo has elapsed or updates are forced
[DEBUG] Failure to find org.eclipse.platform:org.eclipse.osgi/maven-metadata.xml in https://repo.gradle.org/gradle/libs-releases-local/ was cached in the local repository, resolution will not be reattempted until the update interval of gradle-repo has elapsed or updates are forced
[DEBUG] Failure to find org.eclipse.platform:org.eclipse.osgi/maven-metadata.xml in https://oss.sonatype.org/content/repositories/snapshots was cached in the local repository, resolution will not be reattempted until the update interval of sonatype-nexus-snapshots has elapsed or updates are forced
[DEBUG] Failure to find org.eclipse.platform:org.eclipse.osgi/maven-metadata.xml in http://maven.inria.fr/artifactory/spoon-public-snapshot was cached in the local repository, resolution will not be reattempted until the update interval of maven.inria.fr-snapshot has elapsed or updates are forced
[DEBUG] Failure to find org.eclipse.platform:org.eclipse.osgi/maven-metadata.xml in http://maven.inria.fr/artifactory/triskell-public-release was cached in the local repository, resolution will not be reattempted until the update interval of inria has elapsed or updates are forced
[DEBUG] Could not find metadata org.eclipse.platform:org.eclipse.core.runtime/maven-metadata.xml in local (/home/spirals/danglot/.m2/repository)
[DEBUG] Skipped remote request for org.eclipse.platform:org.eclipse.core.runtime/maven-metadata.xml, locally cached metadata up-to-date.
[DEBUG] Skipped remote request for org.eclipse.platform:org.eclipse.core.runtime/maven-metadata.xml, already updated during this session.
[DEBUG] Failure to find org.eclipse.platform:org.eclipse.core.runtime/maven-metadata.xml in https://stamp-project.github.io/stamp-maven-repository/ was cached in the local repository, resolution will not be reattempted until the update interval of stamp-maven-repository-mvn-repo has elapsed or updates are forced
[DEBUG] Failure to find org.eclipse.platform:org.eclipse.core.runtime/maven-metadata.xml in https://repo.gradle.org/gradle/libs-releases-local/ was cached in the local repository, resolution will not be reattempted until the update interval of gradle-repo has elapsed or updates are forced
[DEBUG] Failure to find org.eclipse.platform:org.eclipse.core.runtime/maven-metadata.xml in https://oss.sonatype.org/content/repositories/snapshots was cached in the local repository, resolution will not be reattempted until the update interval of sonatype-nexus-snapshots has elapsed or updates are forced
[DEBUG] Failure to find org.eclipse.platform:org.eclipse.core.runtime/maven-metadata.xml in http://maven.inria.fr/artifactory/spoon-public-snapshot was cached in the local repository, resolution will not be reattempted until the update interval of maven.inria.fr-snapshot has elapsed or updates are forced
[DEBUG] Failure to find org.eclipse.platform:org.eclipse.core.runtime/maven-metadata.xml in http://maven.inria.fr/artifactory/triskell-public-release was cached in the local repository, resolution will not be reattempted until the update interval of inria has elapsed or updates are forced
[DEBUG] Could not find metadata org.eclipse.platform:org.eclipse.core.runtime/maven-metadata.xml in local (/home/spirals/danglot/.m2/repository)
[DEBUG] Skipped remote request for org.eclipse.platform:org.eclipse.core.runtime/maven-metadata.xml, locally cached metadata up-to-date.
[DEBUG] Skipped remote request for org.eclipse.platform:org.eclipse.core.runtime/maven-metadata.xml, already updated during this session.
[DEBUG] Failure to find org.eclipse.platform:org.eclipse.core.runtime/maven-metadata.xml in https://stamp-project.github.io/stamp-maven-repository/ was cached in the local repository, resolution will not be reattempted until the update interval of stamp-maven-repository-mvn-repo has elapsed or updates are forced
[DEBUG] Failure to find org.eclipse.platform:org.eclipse.core.runtime/maven-metadata.xml in https://repo.gradle.org/gradle/libs-releases-local/ was cached in the local repository, resolution will not be reattempted until the update interval of gradle-repo has elapsed or updates are forced
[DEBUG] Failure to find org.eclipse.platform:org.eclipse.core.runtime/maven-metadata.xml in https://oss.sonatype.org/content/repositories/snapshots was cached in the local repository, resolution will not be reattempted until the update interval of sonatype-nexus-snapshots has elapsed or updates are forced
[DEBUG] Failure to find org.eclipse.platform:org.eclipse.core.runtime/maven-metadata.xml in http://maven.inria.fr/artifactory/spoon-public-snapshot was cached in the local repository, resolution will not be reattempted until the update interval of maven.inria.fr-snapshot has elapsed or updates are forced
[DEBUG] Failure to find org.eclipse.platform:org.eclipse.core.runtime/maven-metadata.xml in http://maven.inria.fr/artifactory/triskell-public-release was cached in the local repository, resolution will not be reattempted until the update interval of inria has elapsed or updates are forced
[DEBUG] Could not find metadata org.eclipse.platform:org.eclipse.core.filesystem/maven-metadata.xml in local (/home/spirals/danglot/.m2/repository)
[DEBUG] Skipped remote request for org.eclipse.platform:org.eclipse.core.filesystem/maven-metadata.xml, locally cached metadata up-to-date.
[DEBUG] Skipped remote request for org.eclipse.platform:org.eclipse.core.filesystem/maven-metadata.xml, already updated during this session.
[DEBUG] Failure to find org.eclipse.platform:org.eclipse.core.filesystem/maven-metadata.xml in https://stamp-project.github.io/stamp-maven-repository/ was cached in the local repository, resolution will not be reattempted until the update interval of stamp-maven-repository-mvn-repo has elapsed or updates are forced
[DEBUG] Failure to find org.eclipse.platform:org.eclipse.core.filesystem/maven-metadata.xml in https://repo.gradle.org/gradle/libs-releases-local/ was cached in the local repository, resolution will not be reattempted until the update interval of gradle-repo has elapsed or updates are forced
[DEBUG] Failure to find org.eclipse.platform:org.eclipse.core.filesystem/maven-metadata.xml in https://oss.sonatype.org/content/repositories/snapshots was cached in the local repository, resolution will not be reattempted until the update interval of sonatype-nexus-snapshots has elapsed or updates are forced
[DEBUG] Failure to find org.eclipse.platform:org.eclipse.core.filesystem/maven-metadata.xml in http://maven.inria.fr/artifactory/spoon-public-snapshot was cached in the local repository, resolution will not be reattempted until the update interval of maven.inria.fr-snapshot has elapsed or updates are forced
[DEBUG] Failure to find org.eclipse.platform:org.eclipse.core.filesystem/maven-metadata.xml in http://maven.inria.fr/artifactory/triskell-public-release was cached in the local repository, resolution will not be reattempted until the update interval of inria has elapsed or updates are forced
[DEBUG] Could not find metadata org.eclipse.platform:org.eclipse.text/maven-metadata.xml in local (/home/spirals/danglot/.m2/repository)
[DEBUG] Skipped remote request for org.eclipse.platform:org.eclipse.text/maven-metadata.xml, locally cached metadata up-to-date.
[DEBUG] Failure to find org.eclipse.platform:org.eclipse.text/maven-metadata.xml in https://repo.gradle.org/gradle/libs-releases-local/ was cached in the local repository, resolution will not be reattempted until the update interval of gradle-repo has elapsed or updates are forced
[DEBUG] Failure to find org.eclipse.platform:org.eclipse.text/maven-metadata.xml in https://oss.sonatype.org/content/repositories/snapshots was cached in the local repository, resolution will not be reattempted until the update interval of sonatype-nexus-snapshots has elapsed or updates are forced
[DEBUG] Failure to find org.eclipse.platform:org.eclipse.text/maven-metadata.xml in http://maven.inria.fr/artifactory/spoon-public-snapshot was cached in the local repository, resolution will not be reattempted until the update interval of maven.inria.fr-snapshot has elapsed or updates are forced
[DEBUG] Failure to find org.eclipse.platform:org.eclipse.text/maven-metadata.xml in http://maven.inria.fr/artifactory/triskell-public-release was cached in the local repository, resolution will not be reattempted until the update interval of inria has elapsed or updates are forced
[DEBUG] Using transporter WagonTransporter with priority -1.0 for https://stamp-project.github.io/stamp-maven-repository/
[DEBUG] Using connector BasicRepositoryConnector with priority 0.0 for https://stamp-project.github.io/stamp-maven-repository/
Downloading from stamp-maven-repository-mvn-repo: https://stamp-project.github.io/stamp-maven-repository/org/eclipse/platform/org.eclipse.text/maven-metadata.xml
[DEBUG] Writing tracking file /home/spirals/danglot/.m2/repository/org/eclipse/platform/org.eclipse.text/resolver-status.properties
[DEBUG] Could not find metadata org.eclipse.platform:org.eclipse.text/maven-metadata.xml in stamp-maven-repository-mvn-repo (https://stamp-project.github.io/stamp-maven-repository/)
[DEBUG] Could not find metadata org.eclipse.platform:org.eclipse.core.commands/maven-metadata.xml in local (/home/spirals/danglot/.m2/repository)
[DEBUG] Skipped remote request for org.eclipse.platform:org.eclipse.core.commands/maven-metadata.xml, locally cached metadata up-to-date.
[DEBUG] Failure to find org.eclipse.platform:org.eclipse.core.commands/maven-metadata.xml in https://repo.gradle.org/gradle/libs-releases-local/ was cached in the local repository, resolution will not be reattempted until the update interval of gradle-repo has elapsed or updates are forced
[DEBUG] Failure to find org.eclipse.platform:org.eclipse.core.commands/maven-metadata.xml in https://oss.sonatype.org/content/repositories/snapshots was cached in the local repository, resolution will not be reattempted until the update interval of sonatype-nexus-snapshots has elapsed or updates are forced
[DEBUG] Failure to find org.eclipse.platform:org.eclipse.core.commands/maven-metadata.xml in http://maven.inria.fr/artifactory/spoon-public-snapshot was cached in the local repository, resolution will not be reattempted until the update interval of maven.inria.fr-snapshot has elapsed or updates are forced
[DEBUG] Failure to find org.eclipse.platform:org.eclipse.core.commands/maven-metadata.xml in http://maven.inria.fr/artifactory/triskell-public-release was cached in the local repository, resolution will not be reattempted until the update interval of inria has elapsed or updates are forced
[DEBUG] Using transporter WagonTransporter with priority -1.0 for https://stamp-project.github.io/stamp-maven-repository/
[DEBUG] Using connector BasicRepositoryConnector with priority 0.0 for https://stamp-project.github.io/stamp-maven-repository/
Downloading from stamp-maven-repository-mvn-repo: https://stamp-project.github.io/stamp-maven-repository/org/eclipse/platform/org.eclipse.core.commands/maven-metadata.xml
[DEBUG] Writing tracking file /home/spirals/danglot/.m2/repository/org/eclipse/platform/org.eclipse.core.commands/resolver-status.properties
[DEBUG] Could not find metadata org.eclipse.platform:org.eclipse.core.commands/maven-metadata.xml in stamp-maven-repository-mvn-repo (https://stamp-project.github.io/stamp-maven-repository/)
[DEBUG] Could not find metadata org.eclipse.platform:org.eclipse.equinox.common/maven-metadata.xml in local (/home/spirals/danglot/.m2/repository)
[DEBUG] Skipped remote request for org.eclipse.platform:org.eclipse.equinox.common/maven-metadata.xml, locally cached metadata up-to-date.
[DEBUG] Skipped remote request for org.eclipse.platform:org.eclipse.equinox.common/maven-metadata.xml, already updated during this session.
[DEBUG] Failure to find org.eclipse.platform:org.eclipse.equinox.common/maven-metadata.xml in https://stamp-project.github.io/stamp-maven-repository/ was cached in the local repository, resolution will not be reattempted until the update interval of stamp-maven-repository-mvn-repo has elapsed or updates are forced
[DEBUG] Failure to find org.eclipse.platform:org.eclipse.equinox.common/maven-metadata.xml in https://repo.gradle.org/gradle/libs-releases-local/ was cached in the local repository, resolution will not be reattempted until the update interval of gradle-repo has elapsed or updates are forced
[DEBUG] Failure to find org.eclipse.platform:org.eclipse.equinox.common/maven-metadata.xml in https://oss.sonatype.org/content/repositories/snapshots was cached in the local repository, resolution will not be reattempted until the update interval of sonatype-nexus-snapshots has elapsed or updates are forced
[DEBUG] Failure to find org.eclipse.platform:org.eclipse.equinox.common/maven-metadata.xml in http://maven.inria.fr/artifactory/spoon-public-snapshot was cached in the local repository, resolution will not be reattempted until the update interval of maven.inria.fr-snapshot has elapsed or updates are forced
[DEBUG] Failure to find org.eclipse.platform:org.eclipse.equinox.common/maven-metadata.xml in http://maven.inria.fr/artifactory/triskell-public-release was cached in the local repository, resolution will not be reattempted until the update interval of inria has elapsed or updates are forced
[DEBUG] Could not find metadata org.eclipse.platform:org.eclipse.core.runtime/maven-metadata.xml in local (/home/spirals/danglot/.m2/repository)
[DEBUG] Skipped remote request for org.eclipse.platform:org.eclipse.core.runtime/maven-metadata.xml, locally cached metadata up-to-date.
[DEBUG] Skipped remote request for org.eclipse.platform:org.eclipse.core.runtime/maven-metadata.xml, already updated during this session.
[DEBUG] Failure to find org.eclipse.platform:org.eclipse.core.runtime/maven-metadata.xml in https://stamp-project.github.io/stamp-maven-repository/ was cached in the local repository, resolution will not be reattempted until the update interval of stamp-maven-repository-mvn-repo has elapsed or updates are forced
[DEBUG] Failure to find org.eclipse.platform:org.eclipse.core.runtime/maven-metadata.xml in https://repo.gradle.org/gradle/libs-releases-local/ was cached in the local repository, resolution will not be reattempted until the update interval of gradle-repo has elapsed or updates are forced
[DEBUG] Failure to find org.eclipse.platform:org.eclipse.core.runtime/maven-metadata.xml in https://oss.sonatype.org/content/repositories/snapshots was cached in the local repository, resolution will not be reattempted until the update interval of sonatype-nexus-snapshots has elapsed or updates are forced
[DEBUG] Failure to find org.eclipse.platform:org.eclipse.core.runtime/maven-metadata.xml in http://maven.inria.fr/artifactory/spoon-public-snapshot was cached in the local repository, resolution will not be reattempted until the update interval of maven.inria.fr-snapshot has elapsed or updates are forced
[DEBUG] Failure to find org.eclipse.platform:org.eclipse.core.runtime/maven-metadata.xml in http://maven.inria.fr/artifactory/triskell-public-release was cached in the local repository, resolution will not be reattempted until the update interval of inria has elapsed or updates are forced
[DEBUG] Dependency collection stats: {ConflictMarker.analyzeTime=6341809, ConflictMarker.markTime=2098179, ConflictMarker.nodeCount=672, ConflictIdSorter.graphTime=3898261, ConflictIdSorter.topsortTime=235739, ConflictIdSorter.conflictIdCount=98, ConflictIdSorter.conflictIdCycleCount=0, ConflictResolver.totalTime=23250114, ConflictResolver.conflictItemCount=307, DefaultDependencyCollector.collectTime=5221502366, DefaultDependencyCollector.transformTime=36049082}
[DEBUG] eu.stamp-project:dspot-maven:jar:1.1.1-SNAPSHOT:
[DEBUG]    eu.stamp-project:dspot:jar:1.1.1-SNAPSHOT:compile
[DEBUG]       fr.inria.gforge.spoon:spoon-core:jar:7.1.0-SNAPSHOT:compile
[DEBUG]          org.eclipse.jdt:org.eclipse.jdt.core:jar:3.13.102:compile
[DEBUG]             org.eclipse.platform:org.eclipse.core.resources:jar:3.13.100:compile
[DEBUG]                org.eclipse.platform:org.eclipse.core.expressions:jar:3.6.200:compile
[DEBUG]             org.eclipse.platform:org.eclipse.core.runtime:jar:3.15.0:compile
[DEBUG]                org.eclipse.platform:org.eclipse.osgi:jar:3.13.100:compile
[DEBUG]                org.eclipse.platform:org.eclipse.equinox.common:jar:3.10.100:compile
[DEBUG]                org.eclipse.platform:org.eclipse.core.jobs:jar:3.10.100:compile
[DEBUG]                org.eclipse.platform:org.eclipse.equinox.registry:jar:3.8.100:compile
[DEBUG]                org.eclipse.platform:org.eclipse.equinox.preferences:jar:3.7.200:compile
[DEBUG]                org.eclipse.platform:org.eclipse.core.contenttype:jar:3.7.100:compile
[DEBUG]                org.eclipse.platform:org.eclipse.equinox.app:jar:1.3.600:compile
[DEBUG]             org.eclipse.platform:org.eclipse.core.filesystem:jar:1.7.200:compile
[DEBUG]             org.eclipse.platform:org.eclipse.text:jar:3.7.0:compile
[DEBUG]                org.eclipse.platform:org.eclipse.core.commands:jar:3.9.200:compile
[DEBUG]          com.martiansoftware:jsap:jar:2.1:compile
[DEBUG]          log4j:log4j:jar:1.2.17:compile
[DEBUG]          com.fasterxml.jackson.core:jackson-databind:jar:2.9.2:compile
[DEBUG]             com.fasterxml.jackson.core:jackson-annotations:jar:2.9.0:compile
[DEBUG]             com.fasterxml.jackson.core:jackson-core:jar:2.9.2:compile
[DEBUG]          org.benf:cfr:jar:0.132.0:compile
[DEBUG]       junit:junit:jar:4.12:compile
[DEBUG]          org.hamcrest:hamcrest-core:jar:1.3:compile
[DEBUG]       com.google.code.gson:gson:jar:2.8.0:compile
[DEBUG]       org.apache.maven.shared:maven-invoker:jar:3.0.0:compile
[DEBUG]       org.slf4j:slf4j-api:jar:1.7.25:compile
[DEBUG]       org.slf4j:slf4j-log4j12:jar:1.7.25:compile
[DEBUG]       org.jacoco:org.jacoco.core:jar:0.7.9:compile
[DEBUG]          org.ow2.asm:asm-debug-all:jar:5.2:compile
[DEBUG]       eu.stamp-project:descartes:jar:1.1:compile
[DEBUG]          org.pitest:pitest:jar:1.2.0:compile
[DEBUG]          org.pitest:pitest-entry:jar:1.2.0:compile
[DEBUG]             com.thoughtworks.xstream:xstream:jar:1.4.8:compile
[DEBUG]                xmlpull:xmlpull:jar:1.1.3.1:compile
[DEBUG]                xpp3:xpp3_min:jar:1.1.4c:compile
[DEBUG]       org.gradle:gradle-tooling-api:jar:4.0.1:compile
[DEBUG]       org.mockito:mockito-core:jar:2.10.0:compile
[DEBUG]          net.bytebuddy:byte-buddy:jar:1.7.4:runtime
[DEBUG]          net.bytebuddy:byte-buddy-agent:jar:1.7.4:runtime
[DEBUG]          org.objenesis:objenesis:jar:2.6:runtime
[DEBUG]       eu.stamp-project:test-runner:jar:jar-with-dependencies:1.1.0:compile
[DEBUG]       org.openclover:clover:jar:4.2.1:compile
[DEBUG]       fr.inria.gforge.spoon.labs:gumtree-spoon-ast-diff:jar:1.3:compile
[DEBUG]          com.github.gumtreediff:core:jar:2.0.0:compile
[DEBUG]             com.github.mpkorstanje:simmetrics-core:jar:3.0.3:compile
[DEBUG]                commons-codec:commons-codec:jar:1.10:compile
[DEBUG]             net.sf.trove4j:trove4j:jar:3.0.3:compile
[DEBUG]    org.apache.maven:maven-plugin-api:jar:3.5.0:compile
[DEBUG]       org.apache.maven:maven-artifact:jar:3.5.0:compile
[DEBUG]       org.eclipse.sisu:org.eclipse.sisu.plexus:jar:0.3.3:compile
[DEBUG]          javax.enterprise:cdi-api:jar:1.0:compile
[DEBUG]             javax.annotation:jsr250-api:jar:1.0:compile
[DEBUG]          org.eclipse.sisu:org.eclipse.sisu.inject:jar:0.3.3:compile
[DEBUG]    org.apache.maven.plugin-testing:maven-plugin-testing-harness:jar:3.3.0:compile
[DEBUG]       commons-io:commons-io:jar:2.2:compile
[DEBUG]       org.codehaus.plexus:plexus-archiver:jar:2.2:compile
[DEBUG]          org.codehaus.plexus:plexus-io:jar:2.0.4:compile
[DEBUG]    org.apache.maven:maven-compat:jar:3.5.0:compile
[DEBUG]       org.apache.maven:maven-model-builder:jar:3.5.0:compile
[DEBUG]          org.apache.maven:maven-builder-support:jar:3.5.0:compile
[DEBUG]          com.google.guava:guava:jar:20.0:compile
[DEBUG]       org.apache.maven:maven-settings:jar:3.5.0:compile
[DEBUG]       org.apache.maven:maven-resolver-provider:jar:3.5.0:compile
[DEBUG]       org.apache.maven.resolver:maven-resolver-api:jar:1.0.3:compile
[DEBUG]       org.apache.maven.resolver:maven-resolver-util:jar:1.0.3:compile
[DEBUG]       org.apache.maven.resolver:maven-resolver-impl:jar:1.0.3:compile
[DEBUG]       org.codehaus.plexus:plexus-utils:jar:3.0.24:compile
[DEBUG]       org.codehaus.plexus:plexus-interpolation:jar:1.24:compile
[DEBUG]       org.codehaus.plexus:plexus-component-annotations:jar:1.7.1:compile
[DEBUG]       org.apache.maven.wagon:wagon-provider-api:jar:2.12:compile
[DEBUG]    org.apache.maven:maven-core:jar:3.5.0:compile
[DEBUG]       org.apache.maven:maven-settings-builder:jar:3.5.0:compile
[DEBUG]       org.apache.maven:maven-repository-metadata:jar:3.5.0:compile
[DEBUG]       org.apache.maven.resolver:maven-resolver-spi:jar:1.0.3:compile
[DEBUG]       org.apache.maven.shared:maven-shared-utils:jar:3.1.0:compile
[DEBUG]       com.google.inject:guice:jar:no_aop:4.0:compile
[DEBUG]          javax.inject:javax.inject:jar:1:compile
[DEBUG]          aopalliance:aopalliance:jar:1.0:compile
[DEBUG]       org.codehaus.plexus:plexus-classworlds:jar:2.5.2:compile
[DEBUG]       org.sonatype.plexus:plexus-sec-dispatcher:jar:1.4:compile
[DEBUG]          org.sonatype.plexus:plexus-cipher:jar:1.4:compile
[DEBUG]       org.apache.commons:commons-lang3:jar:3.5:compile
[DEBUG]    org.apache.maven:maven-model:jar:3.5.0:compile
[DEBUG]    org.apache.maven:maven-aether-provider:jar:3.3.9:compile
[DEBUG]       org.eclipse.aether:aether-api:jar:1.0.2.v20150114:compile
[DEBUG]       org.eclipse.aether:aether-spi:jar:1.0.2.v20150114:compile
[DEBUG]       org.eclipse.aether:aether-util:jar:1.0.2.v20150114:compile
[DEBUG]       org.eclipse.aether:aether-impl:jar:1.0.2.v20150114:compile
[DEBUG]    org.apache.maven:maven-project:jar:2.2.1:compile
[DEBUG]       org.apache.maven:maven-profile:jar:2.2.1:compile
[DEBUG]       org.apache.maven:maven-artifact-manager:jar:2.2.1:compile
[DEBUG]          backport-util-concurrent:backport-util-concurrent:jar:3.1:compile
[DEBUG]       org.apache.maven:maven-plugin-registry:jar:2.2.1:compile
[DEBUG]       org.codehaus.plexus:plexus-container-default:jar:1.0-alpha-9-stable-1:compile
[DEBUG]          classworlds:classworlds:jar:1.1-alpha-2:compile
[DEBUG] Created new class realm plugin>eu.stamp-project:dspot-maven:1.1.1-SNAPSHOT
[DEBUG] Importing foreign packages into class realm plugin>eu.stamp-project:dspot-maven:1.1.1-SNAPSHOT
[DEBUG]   Imported:  < maven.api
[DEBUG] Populating class realm plugin>eu.stamp-project:dspot-maven:1.1.1-SNAPSHOT
[DEBUG]   Included: eu.stamp-project:dspot-maven:jar:1.1.1-SNAPSHOT
[DEBUG]   Included: eu.stamp-project:dspot:jar:1.1.1-SNAPSHOT
[DEBUG]   Included: fr.inria.gforge.spoon:spoon-core:jar:7.1.0-SNAPSHOT
[DEBUG]   Included: org.eclipse.jdt:org.eclipse.jdt.core:jar:3.13.102
[DEBUG]   Included: org.eclipse.platform:org.eclipse.core.resources:jar:3.13.100
[DEBUG]   Included: org.eclipse.platform:org.eclipse.core.expressions:jar:3.6.200
[DEBUG]   Included: org.eclipse.platform:org.eclipse.core.runtime:jar:3.15.0
[DEBUG]   Included: org.eclipse.platform:org.eclipse.osgi:jar:3.13.100
[DEBUG]   Included: org.eclipse.platform:org.eclipse.equinox.common:jar:3.10.100
[DEBUG]   Included: org.eclipse.platform:org.eclipse.core.jobs:jar:3.10.100
[DEBUG]   Included: org.eclipse.platform:org.eclipse.equinox.registry:jar:3.8.100
[DEBUG]   Included: org.eclipse.platform:org.eclipse.equinox.preferences:jar:3.7.200
[DEBUG]   Included: org.eclipse.platform:org.eclipse.core.contenttype:jar:3.7.100
[DEBUG]   Included: org.eclipse.platform:org.eclipse.equinox.app:jar:1.3.600
[DEBUG]   Included: org.eclipse.platform:org.eclipse.core.filesystem:jar:1.7.200
[DEBUG]   Included: org.eclipse.platform:org.eclipse.text:jar:3.7.0
[DEBUG]   Included: org.eclipse.platform:org.eclipse.core.commands:jar:3.9.200
[DEBUG]   Included: com.martiansoftware:jsap:jar:2.1
[DEBUG]   Included: log4j:log4j:jar:1.2.17
[DEBUG]   Included: com.fasterxml.jackson.core:jackson-databind:jar:2.9.2
[DEBUG]   Included: com.fasterxml.jackson.core:jackson-annotations:jar:2.9.0
[DEBUG]   Included: com.fasterxml.jackson.core:jackson-core:jar:2.9.2
[DEBUG]   Included: org.benf:cfr:jar:0.132.0
[DEBUG]   Included: junit:junit:jar:4.12
[DEBUG]   Included: org.hamcrest:hamcrest-core:jar:1.3
[DEBUG]   Included: com.google.code.gson:gson:jar:2.8.0
[DEBUG]   Included: org.apache.maven.shared:maven-invoker:jar:3.0.0
[DEBUG]   Included: org.slf4j:slf4j-log4j12:jar:1.7.25
[DEBUG]   Included: org.jacoco:org.jacoco.core:jar:0.7.9
[DEBUG]   Included: org.ow2.asm:asm-debug-all:jar:5.2
[DEBUG]   Included: eu.stamp-project:descartes:jar:1.1
[DEBUG]   Included: org.pitest:pitest:jar:1.2.0
[DEBUG]   Included: org.pitest:pitest-entry:jar:1.2.0
[DEBUG]   Included: com.thoughtworks.xstream:xstream:jar:1.4.8
[DEBUG]   Included: xmlpull:xmlpull:jar:1.1.3.1
[DEBUG]   Included: xpp3:xpp3_min:jar:1.1.4c
[DEBUG]   Included: org.gradle:gradle-tooling-api:jar:4.0.1
[DEBUG]   Included: org.mockito:mockito-core:jar:2.10.0
[DEBUG]   Included: net.bytebuddy:byte-buddy:jar:1.7.4
[DEBUG]   Included: net.bytebuddy:byte-buddy-agent:jar:1.7.4
[DEBUG]   Included: org.objenesis:objenesis:jar:2.6
[DEBUG]   Included: eu.stamp-project:test-runner:jar:jar-with-dependencies:1.1.0
[DEBUG]   Included: org.openclover:clover:jar:4.2.1
[DEBUG]   Included: fr.inria.gforge.spoon.labs:gumtree-spoon-ast-diff:jar:1.3
[DEBUG]   Included: com.github.gumtreediff:core:jar:2.0.0
[DEBUG]   Included: com.github.mpkorstanje:simmetrics-core:jar:3.0.3
[DEBUG]   Included: commons-codec:commons-codec:jar:1.10
[DEBUG]   Included: net.sf.trove4j:trove4j:jar:3.0.3
[DEBUG]   Included: javax.enterprise:cdi-api:jar:1.0
[DEBUG]   Included: org.eclipse.sisu:org.eclipse.sisu.inject:jar:0.3.3
[DEBUG]   Included: org.apache.maven.plugin-testing:maven-plugin-testing-harness:jar:3.3.0
[DEBUG]   Included: commons-io:commons-io:jar:2.2
[DEBUG]   Included: org.codehaus.plexus:plexus-archiver:jar:2.2
[DEBUG]   Included: org.codehaus.plexus:plexus-io:jar:2.0.4
[DEBUG]   Included: org.apache.maven:maven-builder-support:jar:3.5.0
[DEBUG]   Included: com.google.guava:guava:jar:20.0
[DEBUG]   Included: org.apache.maven.resolver:maven-resolver-util:jar:1.0.3
[DEBUG]   Included: org.codehaus.plexus:plexus-utils:jar:3.0.24
[DEBUG]   Included: org.codehaus.plexus:plexus-interpolation:jar:1.24
[DEBUG]   Included: org.codehaus.plexus:plexus-component-annotations:jar:1.7.1
[DEBUG]   Included: org.apache.maven.shared:maven-shared-utils:jar:3.1.0
[DEBUG]   Included: com.google.inject:guice:jar:no_aop:4.0
[DEBUG]   Included: aopalliance:aopalliance:jar:1.0
[DEBUG]   Included: org.sonatype.plexus:plexus-sec-dispatcher:jar:1.4
[DEBUG]   Included: org.sonatype.plexus:plexus-cipher:jar:1.4
[DEBUG]   Included: org.apache.commons:commons-lang3:jar:3.5
[DEBUG]   Included: org.eclipse.aether:aether-util:jar:1.0.2.v20150114
[DEBUG]   Included: backport-util-concurrent:backport-util-concurrent:jar:3.1
[DEBUG] Configuring mojo eu.stamp-project:dspot-maven:1.1.1-SNAPSHOT:amplify-unit-tests from plugin realm ClassRealm[plugin>eu.stamp-project:dspot-maven:1.1.1-SNAPSHOT, parent: sun.misc.Launcher$AppClassLoader@55f96302]
[DEBUG] Configuring mojo 'eu.stamp-project:dspot-maven:1.1.1-SNAPSHOT:amplify-unit-tests' with basic configurator -->
[DEBUG]   (f) amplifiers = [TestDataMutator, MethodAdd, MethodRemove, MethodGeneratorAmplifier, ReturnValueAmplifier, NullifierAmplifier]
[DEBUG]   (f) automaticBuilder = MavenBuilder
[DEBUG]   (f) budgetizer = SimpleBudgetizer
[DEBUG]   (f) cases = []
[DEBUG]   (f) clean = true
[DEBUG]   (f) descartes = false
[DEBUG]   (f) example = false
[DEBUG]   (f) generateNewTestClass = true
[DEBUG]   (f) help = false
[DEBUG]   (f) iteration = 3
[DEBUG]   (f) maxTestAmplified = 200
[DEBUG]   (f) noMinimize = false
[DEBUG]   (f) outputPath = /tmp/icst-2019/september-2018/result/commons-lang/commit_6_77febcf/input_amplification
[DEBUG]   (f) pathToSecondVersion = /tmp/icst-2019/september-2018/dataset/commons-lang
[DEBUG]   (f) pathToTestListCsv = /tmp/icst-2019/september-2018/result/commons-lang/commit_6_77febcf/testsThatExecuteTheChanges.csv
[DEBUG]   (f) project = MavenProject: org.apache.commons:commons-lang3:3.8-SNAPSHOT @ /tmp/icst-2019/september-2018/dataset/commons-lang_parent/pom.xml
[DEBUG]   (f) randomSeed = 23
[DEBUG]   (f) test = [all]
[DEBUG]   (f) testCriterion = ChangeDetectorSelector
[DEBUG]   (f) timeOut = 10000
[DEBUG]   (f) useMavenToExeTest = false
[DEBUG]   (f) verbose = true
[DEBUG]   (f) withComment = false
[DEBUG]   (f) workingDirectory = false
[DEBUG] -- end configuration --
[INFO] Path to runner Classes: /home/spirals/danglot/.m2/repository/eu/stamp-project/test-runner/1.1.0/test-runner-1.1.0-jar-with-dependencies.jar
[INFO] /home/spirals/danglot/.m2/repository/org/jacoco/org.jacoco.core/0.7.9/org.jacoco.core-0.7.9.jar
[INFO] /home/spirals/danglot/.m2/repository/org/ow2/asm/asm-debug-all/5.2/asm-debug-all-5.2.jar
[INFO] /home/spirals/danglot/.m2/repository/eu/stamp-project/test-runner/1.1.0/test-runner-1.1.0-jar-with-dependencies.jar
[WARNING] automaticBuilderName: unknown automatic builder specified in configuration, going to default.
[INFO] Default: provided Maven automatic builder.
[INFO] Using /home/spirals/danglot/apache-maven-3.5.4 for maven home
[INFO] run maven: {}/bin/mvn /home/spirals/danglot/apache-maven-3.5.4
[WARN] Maven will be executed in interactive mode, but no input stream has been configured for this MavenInvoker instance.
[INFO] Scanning for projects...
[INFO] 
[INFO] ------------------< org.apache.commons:commons-lang3 >------------------
[INFO] Building Apache Commons Lang 3.8-SNAPSHOT
[INFO] --------------------------------[ jar ]---------------------------------
[INFO] 
[INFO] --- maven-clean-plugin:3.0.0:clean (default-clean) @ commons-lang3 ---
[INFO] Deleting /tmp/icst-2019/september-2018/dataset/commons-lang_parent/target
[INFO] 
[INFO] --- maven-enforcer-plugin:3.0.0-M1:enforce (enforce-maven-version) @ commons-lang3 ---
[INFO] Skipping Rule Enforcement.
[INFO] 
[INFO] --- maven-enforcer-plugin:3.0.0-M1:enforce (enforce-maven-3) @ commons-lang3 ---
[INFO] Skipping Rule Enforcement.
[INFO] 
[INFO] --- build-helper-maven-plugin:3.0.0:parse-version (parse-version) @ commons-lang3 ---
[INFO] 
[INFO] --- maven-antrun-plugin:1.8:run (javadoc.resources) @ commons-lang3 ---
[INFO] Executing tasks

main:
     [copy] Copying 2 files to /tmp/icst-2019/september-2018/dataset/commons-lang_parent/target/apidocs/META-INF
[INFO] Executed tasks
[INFO] 
[INFO] --- maven-remote-resources-plugin:1.5:process (process-resource-bundles) @ commons-lang3 ---
[INFO] 
[INFO] --- buildnumber-maven-plugin:1.4:create (default) @ commons-lang3 ---
[INFO] Executing: /bin/sh -c cd '/tmp/icst-2019/september-2018/dataset/commons-lang_parent' && 'git' 'rev-parse' '--verify' 'HEAD'
[INFO] Working directory: /tmp/icst-2019/september-2018/dataset/commons-lang_parent
[INFO] Storing buildNumber: b610707cd072f07efb816074a4844bb1b31e482c at timestamp: 1538258109318
[INFO] Storing buildScmBranch: master
[INFO] 
[INFO] --- maven-resources-plugin:3.0.2:resources (default-resources) @ commons-lang3 ---
[INFO] Using 'ISO-8859-1' encoding to copy filtered resources.
[INFO] skip non existing resourceDirectory /tmp/icst-2019/september-2018/dataset/commons-lang_parent/src/main/resources
[INFO] Copying 2 resources to META-INF
[INFO] 
[INFO] --- maven-compiler-plugin:3.7.0:compile (default-compile) @ commons-lang3 ---
[INFO] Changes detected - recompiling the module!
[INFO] Compiling 153 source files to /tmp/icst-2019/september-2018/dataset/commons-lang_parent/target/classes
[INFO] /tmp/icst-2019/september-2018/dataset/commons-lang_parent/src/main/java/org/apache/commons/lang3/builder/ToStringStyle.java: Some input files use or override a deprecated API.
[INFO] /tmp/icst-2019/september-2018/dataset/commons-lang_parent/src/main/java/org/apache/commons/lang3/builder/ToStringStyle.java: Recompile with -Xlint:deprecation for details.
[INFO] /tmp/icst-2019/september-2018/dataset/commons-lang_parent/src/main/java/org/apache/commons/lang3/text/StrBuilder.java: Some input files use unchecked or unsafe operations.
[INFO] /tmp/icst-2019/september-2018/dataset/commons-lang_parent/src/main/java/org/apache/commons/lang3/text/StrBuilder.java: Recompile with -Xlint:unchecked for details.
[INFO] 
[INFO] --- maven-bundle-plugin:3.5.0:manifest (bundle-manifest) @ commons-lang3 ---
[INFO] 
[INFO] --- animal-sniffer-maven-plugin:1.16:check (checkAPIcompatibility) @ commons-lang3 ---
[INFO] Checking unresolved references to org.codehaus.mojo.signature:java17:1.0
[INFO] 
[INFO] --- maven-resources-plugin:3.0.2:testResources (default-testResources) @ commons-lang3 ---
[INFO] Using 'ISO-8859-1' encoding to copy filtered resources.
[INFO] Copying 2 resources
[INFO] Copying 2 resources to META-INF
[INFO] 
[INFO] --- maven-compiler-plugin:3.7.0:testCompile (default-testCompile) @ commons-lang3 ---
[INFO] Changes detected - recompiling the module!
[INFO] Compiling 174 source files to /tmp/icst-2019/september-2018/dataset/commons-lang_parent/target/test-classes
[INFO] /tmp/icst-2019/september-2018/dataset/commons-lang_parent/src/test/java/org/apache/commons/lang3/StringEscapeUtilsTest.java: Some input files use or override a deprecated API.
[INFO] /tmp/icst-2019/september-2018/dataset/commons-lang_parent/src/test/java/org/apache/commons/lang3/StringEscapeUtilsTest.java: Recompile with -Xlint:deprecation for details.
[INFO] /tmp/icst-2019/september-2018/dataset/commons-lang_parent/src/test/java/org/apache/commons/lang3/EnumUtilsTest.java: /tmp/icst-2019/september-2018/dataset/commons-lang_parent/src/test/java/org/apache/commons/lang3/EnumUtilsTest.java uses unchecked or unsafe operations.
[INFO] /tmp/icst-2019/september-2018/dataset/commons-lang_parent/src/test/java/org/apache/commons/lang3/EnumUtilsTest.java: Recompile with -Xlint:unchecked for details.
[INFO] 
[INFO] --- maven-surefire-plugin:2.21.0:test (default-test) @ commons-lang3 ---
[INFO] Tests are skipped.
[INFO] 
[INFO] --- maven-dependency-plugin:2.10:build-classpath (default-cli) @ commons-lang3 ---
[INFO] Wrote classpath file '/tmp/icst-2019/september-2018/dataset/commons-lang_parent/target/dspot/classpath'.
[INFO] ------------------------------------------------------------------------
[INFO] BUILD SUCCESS
[INFO] ------------------------------------------------------------------------
[INFO] Total time: 21.356 s
[INFO] Finished at: 2018-09-29T23:55:26+02:00
[INFO] ------------------------------------------------------------------------
[INFO] Using /home/spirals/danglot/apache-maven-3.5.4 for maven home
[INFO] run maven: {}/bin/mvn /home/spirals/danglot/apache-maven-3.5.4
[WARN] Maven will be executed in interactive mode, but no input stream has been configured for this MavenInvoker instance.
[INFO] Scanning for projects...
[INFO] 
[INFO] ------------------< org.apache.commons:commons-lang3 >------------------
[INFO] Building Apache Commons Lang 3.8-SNAPSHOT
[INFO] --------------------------------[ jar ]---------------------------------
[INFO] 
[INFO] --- maven-clean-plugin:3.0.0:clean (default-clean) @ commons-lang3 ---
[INFO] Deleting /tmp/icst-2019/september-2018/dataset/commons-lang/target
[INFO] 
[INFO] --- maven-enforcer-plugin:3.0.0-M1:enforce (enforce-maven-version) @ commons-lang3 ---
[INFO] Skipping Rule Enforcement.
[INFO] 
[INFO] --- maven-enforcer-plugin:3.0.0-M1:enforce (enforce-maven-3) @ commons-lang3 ---
[INFO] Skipping Rule Enforcement.
[INFO] 
[INFO] --- build-helper-maven-plugin:3.0.0:parse-version (parse-version) @ commons-lang3 ---
[INFO] 
[INFO] --- maven-antrun-plugin:1.8:run (javadoc.resources) @ commons-lang3 ---
[INFO] Executing tasks

main:
     [copy] Copying 2 files to /tmp/icst-2019/september-2018/dataset/commons-lang/target/apidocs/META-INF
[INFO] Executed tasks
[INFO] 
[INFO] --- maven-remote-resources-plugin:1.5:process (process-resource-bundles) @ commons-lang3 ---
[INFO] 
[INFO] --- buildnumber-maven-plugin:1.4:create (default) @ commons-lang3 ---
[INFO] Executing: /bin/sh -c cd '/tmp/icst-2019/september-2018/dataset/commons-lang' && 'git' 'rev-parse' '--verify' 'HEAD'
[INFO] Working directory: /tmp/icst-2019/september-2018/dataset/commons-lang
[INFO] Storing buildNumber: 77febcfa8d3a5e078330c4911a94e399589734e5 at timestamp: 1538258146797
[INFO] Storing buildScmBranch: master
[INFO] 
[INFO] --- maven-resources-plugin:3.0.2:resources (default-resources) @ commons-lang3 ---
[INFO] Using 'ISO-8859-1' encoding to copy filtered resources.
[INFO] skip non existing resourceDirectory /tmp/icst-2019/september-2018/dataset/commons-lang/src/main/resources
[INFO] Copying 2 resources to META-INF
[INFO] 
[INFO] --- maven-compiler-plugin:3.7.0:compile (default-compile) @ commons-lang3 ---
[INFO] Changes detected - recompiling the module!
[INFO] Compiling 153 source files to /tmp/icst-2019/september-2018/dataset/commons-lang/target/classes
[INFO] /tmp/icst-2019/september-2018/dataset/commons-lang/src/main/java/org/apache/commons/lang3/builder/ToStringStyle.java: Some input files use or override a deprecated API.
[INFO] /tmp/icst-2019/september-2018/dataset/commons-lang/src/main/java/org/apache/commons/lang3/builder/ToStringStyle.java: Recompile with -Xlint:deprecation for details.
[INFO] /tmp/icst-2019/september-2018/dataset/commons-lang/src/main/java/org/apache/commons/lang3/text/StrBuilder.java: Some input files use unchecked or unsafe operations.
[INFO] /tmp/icst-2019/september-2018/dataset/commons-lang/src/main/java/org/apache/commons/lang3/text/StrBuilder.java: Recompile with -Xlint:unchecked for details.
[INFO] 
[INFO] --- maven-bundle-plugin:3.5.0:manifest (bundle-manifest) @ commons-lang3 ---
[INFO] 
[INFO] --- animal-sniffer-maven-plugin:1.16:check (checkAPIcompatibility) @ commons-lang3 ---
[INFO] Checking unresolved references to org.codehaus.mojo.signature:java17:1.0
[INFO] 
[INFO] --- maven-resources-plugin:3.0.2:testResources (default-testResources) @ commons-lang3 ---
[INFO] Using 'ISO-8859-1' encoding to copy filtered resources.
[INFO] Copying 2 resources
[INFO] Copying 2 resources to META-INF
[INFO] 
[INFO] --- maven-compiler-plugin:3.7.0:testCompile (default-testCompile) @ commons-lang3 ---
[INFO] Changes detected - recompiling the module!
[INFO] Compiling 174 source files to /tmp/icst-2019/september-2018/dataset/commons-lang/target/test-classes
[INFO] /tmp/icst-2019/september-2018/dataset/commons-lang/src/test/java/org/apache/commons/lang3/StringUtilsTest.java: Some input files use or override a deprecated API.
[INFO] /tmp/icst-2019/september-2018/dataset/commons-lang/src/test/java/org/apache/commons/lang3/StringUtilsTest.java: Recompile with -Xlint:deprecation for details.
[INFO] /tmp/icst-2019/september-2018/dataset/commons-lang/src/test/java/org/apache/commons/lang3/EnumUtilsTest.java: /tmp/icst-2019/september-2018/dataset/commons-lang/src/test/java/org/apache/commons/lang3/EnumUtilsTest.java uses unchecked or unsafe operations.
[INFO] /tmp/icst-2019/september-2018/dataset/commons-lang/src/test/java/org/apache/commons/lang3/EnumUtilsTest.java: Recompile with -Xlint:unchecked for details.
[INFO] 
[INFO] --- maven-surefire-plugin:2.21.0:test (default-test) @ commons-lang3 ---
[INFO] Tests are skipped.
[INFO] 
[INFO] --- maven-dependency-plugin:2.10:build-classpath (default-cli) @ commons-lang3 ---
[INFO] Wrote classpath file '/tmp/icst-2019/september-2018/dataset/commons-lang/target/dspot/classpath'.
[INFO] ------------------------------------------------------------------------
[INFO] BUILD SUCCESS
[INFO] ------------------------------------------------------------------------
[INFO] Total time: 20.022 s
[INFO] Finished at: 2018-09-29T23:56:02+02:00
[INFO] ------------------------------------------------------------------------
[INFO] Amplification of org.apache.commons.lang3.ArchUtilsTest (1 test(s))
[INFO] Assertion amplification of org.apache.commons.lang3.ArchUtilsTest (1 test(s))
[ERROR] Error(s) during compilation:
[ERROR] Pb(115) The method assertEqualsTypeNotNull(Processor.Type, Processor) in the type ArchUtilsTest is not applicable for the arguments (String, Processor)
[ERROR] Pb(115) The method assertNotEqualsTypeNotNull(Processor.Type, Processor) in the type ArchUtilsTest is not applicable for the arguments (String, Processor)
[ERROR] Pb(115) The method assertEqualsTypeNotNull(Processor.Type, Processor) in the type ArchUtilsTest is not applicable for the arguments (String, Processor)
[ERROR] Pb(115) The method assertNotEqualsTypeNotNull(Processor.Type, Processor) in the type ArchUtilsTest is not applicable for the arguments (String, Processor)
[ERROR] Pb(115) The method assertEqualsTypeNotNull(Processor.Type, Processor) in the type ArchUtilsTest is not applicable for the arguments (String, Processor)
[ERROR] Pb(115) The method assertEqualsTypeNotNull(Processor.Type, Processor) in the type ArchUtilsTest is not applicable for the arguments (String, Processor)
eu.stamp_project.dspot.AmplificationException: Every test methods are uncompilable
	at eu.stamp_project.utils.compilation.TestCompiler.compileAndDiscardUncompilableMethods(TestCompiler.java:124)
	at eu.stamp_project.utils.compilation.TestCompiler.compileAndRun(TestCompiler.java:93)
	at eu.stamp_project.utils.compilation.TestCompiler.compileRunAndDiscardUncompilableAndFailingTestMethods(TestCompiler.java:55)
	at eu.stamp_project.dspot.Amplification.amplification(Amplification.java:82)
	at eu.stamp_project.dspot.DSpot.amplifyTest(DSpot.java:181)
	at eu.stamp_project.dspot.DSpot.amplifyTest(DSpot.java:171)
	at eu.stamp_project.Main.lambda$run$1(Main.java:69)
	at java.util.stream.ReferencePipeline$3$1.accept(ReferencePipeline.java:193)
	at java.util.ArrayList$ArrayListSpliterator.forEachRemaining(ArrayList.java:1374)
	at java.util.stream.AbstractPipeline.copyInto(AbstractPipeline.java:481)
	at java.util.stream.AbstractPipeline.wrapAndCopyInto(AbstractPipeline.java:471)
	at java.util.stream.ReduceOps$ReduceOp.evaluateSequential(ReduceOps.java:708)
	at java.util.stream.AbstractPipeline.evaluate(AbstractPipeline.java:234)
	at java.util.stream.ReferencePipeline.collect(ReferencePipeline.java:499)
	at eu.stamp_project.Main.run(Main.java:71)
	at eu.stamp_project.DSpotMojo.execute(DSpotMojo.java:263)
	at org.apache.maven.plugin.DefaultBuildPluginManager.executeMojo(DefaultBuildPluginManager.java:137)
	at org.apache.maven.lifecycle.internal.MojoExecutor.execute(MojoExecutor.java:208)
	at org.apache.maven.lifecycle.internal.MojoExecutor.execute(MojoExecutor.java:154)
	at org.apache.maven.lifecycle.internal.MojoExecutor.execute(MojoExecutor.java:146)
	at org.apache.maven.lifecycle.internal.LifecycleModuleBuilder.buildProject(LifecycleModuleBuilder.java:117)
	at org.apache.maven.lifecycle.internal.LifecycleModuleBuilder.buildProject(LifecycleModuleBuilder.java:81)
	at org.apache.maven.lifecycle.internal.builder.singlethreaded.SingleThreadedBuilder.build(SingleThreadedBuilder.java:56)
	at org.apache.maven.lifecycle.internal.LifecycleStarter.execute(LifecycleStarter.java:128)
	at org.apache.maven.DefaultMaven.doExecute(DefaultMaven.java:305)
	at org.apache.maven.DefaultMaven.doExecute(DefaultMaven.java:192)
	at org.apache.maven.DefaultMaven.execute(DefaultMaven.java:105)
	at org.apache.maven.cli.MavenCli.execute(MavenCli.java:954)
	at org.apache.maven.cli.MavenCli.doMain(MavenCli.java:288)
	at org.apache.maven.cli.MavenCli.main(MavenCli.java:192)
	at sun.reflect.NativeMethodAccessorImpl.invoke0(Native Method)
	at sun.reflect.NativeMethodAccessorImpl.invoke(NativeMethodAccessorImpl.java:62)
	at sun.reflect.DelegatingMethodAccessorImpl.invoke(DelegatingMethodAccessorImpl.java:43)
	at java.lang.reflect.Method.invoke(Method.java:498)
	at org.codehaus.plexus.classworlds.launcher.Launcher.launchEnhanced(Launcher.java:289)
	at org.codehaus.plexus.classworlds.launcher.Launcher.launch(Launcher.java:229)
	at org.codehaus.plexus.classworlds.launcher.Launcher.mainWithExitCode(Launcher.java:415)
	at org.codehaus.plexus.classworlds.launcher.Launcher.main(Launcher.java:356)
[INFO] 0 amplified test methods has been selected to be kept. (global: 0)
[INFO] Applying Input-amplification and Assertion-amplification test by test.
[INFO] elapsedTime 6734
======= REPORT =======
0 amplified test fails on the new versions.

[WARNING] DSpot could not obtain any amplified test method.
[WARNING] You can customize the following options: --amplifiers, --test-criterion, --iteration, --budgetizer etc, and retry with a new configuration.
[INFO] Amplification of org.apache.commons.lang3.BitFieldTest (2 test(s))
[INFO] Assertion amplification of org.apache.commons.lang3.BitFieldTest (2 test(s))
[INFO] Run: java -classpath /tmp/icst-2019/september-2018/dataset/commons-lang_parent/target/test-classes:/tmp/icst-2019/september-2018/dataset/commons-lang_parent/target/classes/:/home/spirals/danglot/.m2/repository/junit/junit/4.12/junit-4.12.jar:/home/spirals/danglot/.m2/repository/org/hamcrest/hamcrest-core/1.3/hamcrest-core-1.3.jar:/home/spirals/danglot/.m2/repository/org/hamcrest/hamcrest-all/1.3/hamcrest-all-1.3.jar:/home/spirals/danglot/.m2/repository/org/easymock/easymock/3.5.1/easymock-3.5.1.jar:/home/spirals/danglot/.m2/repository/org/objenesis/objenesis/2.6/objenesis-2.6.jar:/home/spirals/danglot/.m2/repository/org/openjdk/jmh/jmh-core/1.19/jmh-core-1.19.jar:/home/spirals/danglot/.m2/repository/net/sf/jopt-simple/jopt-simple/4.6/jopt-simple-4.6.jar:/home/spirals/danglot/.m2/repository/org/apache/commons/commons-math3/3.2/commons-math3-3.2.jar:/home/spirals/danglot/.m2/repository/org/openjdk/jmh/jmh-generator-annprocess/1.19/jmh-generator-annprocess-1.19.jar:/tmp/icst-2019/september-2018/dataset/commons-lang_parent/target/dspot/dependencies/:/home/spirals/danglot/.m2/repository/eu/stamp-project/test-runner/1.1.0/test-runner-1.1.0-jar-with-dependencies.jar eu.stamp_project.testrunner.runner.test.TestRunner org.apache.commons.lang3.BitFieldTest testByte:testByte
File saved to the following path: /tmp/icst-2019/september-2018/dataset/commons-lang_parent/target/dspot/TestListener.ser
Loading /tmp/icst-2019/september-2018/dataset/commons-lang_parent/target/dspot/TestListener.ser
[INFO] Test has been run: testByte
[INFO] Run tests. (2)
[INFO] Run: java -classpath /tmp/icst-2019/september-2018/dataset/commons-lang_parent/target/test-classes:/tmp/icst-2019/september-2018/dataset/commons-lang_parent/target/classes/:/home/spirals/danglot/.m2/repository/junit/junit/4.12/junit-4.12.jar:/home/spirals/danglot/.m2/repository/org/hamcrest/hamcrest-core/1.3/hamcrest-core-1.3.jar:/home/spirals/danglot/.m2/repository/org/hamcrest/hamcrest-all/1.3/hamcrest-all-1.3.jar:/home/spirals/danglot/.m2/repository/org/easymock/easymock/3.5.1/easymock-3.5.1.jar:/home/spirals/danglot/.m2/repository/org/objenesis/objenesis/2.6/objenesis-2.6.jar:/home/spirals/danglot/.m2/repository/org/openjdk/jmh/jmh-core/1.19/jmh-core-1.19.jar:/home/spirals/danglot/.m2/repository/net/sf/jopt-simple/jopt-simple/4.6/jopt-simple-4.6.jar:/home/spirals/danglot/.m2/repository/org/apache/commons/commons-math3/3.2/commons-math3-3.2.jar:/home/spirals/danglot/.m2/repository/org/openjdk/jmh/jmh-generator-annprocess/1.19/jmh-generator-annprocess-1.19.jar:/tmp/icst-2019/september-2018/dataset/commons-lang_parent/target/dspot/dependencies/:/home/spirals/danglot/.m2/repository/eu/stamp-project/test-runner/1.1.0/test-runner-1.1.0-jar-with-dependencies.jar eu.stamp_project.testrunner.runner.test.TestRunner org.apache.commons.lang3.BitFieldTest testByte:testByte
File saved to the following path: /tmp/icst-2019/september-2018/dataset/commons-lang_parent/target/dspot/TestListener.ser
Loading /tmp/icst-2019/september-2018/dataset/commons-lang_parent/target/dspot/TestListener.ser
[INFO] Test has been run: testByte
[INFO] 1 test pass, generating assertion...
[INFO] Add observations points in passing tests.
[INFO] Instrumentation...
 50% |========================= ]/ 50% |========================= ]/[INFO] Run instrumented tests. (6)
[INFO] Run: java -classpath /tmp/icst-2019/september-2018/dataset/commons-lang_parent/target/test-classes:/tmp/icst-2019/september-2018/dataset/commons-lang_parent/target/classes/:/home/spirals/danglot/.m2/repository/junit/junit/4.12/junit-4.12.jar:/home/spirals/danglot/.m2/repository/org/hamcrest/hamcrest-core/1.3/hamcrest-core-1.3.jar:/home/spirals/danglot/.m2/repository/org/hamcrest/hamcrest-all/1.3/hamcrest-all-1.3.jar:/home/spirals/danglot/.m2/repository/org/easymock/easymock/3.5.1/easymock-3.5.1.jar:/home/spirals/danglot/.m2/repository/org/objenesis/objenesis/2.6/objenesis-2.6.jar:/home/spirals/danglot/.m2/repository/org/openjdk/jmh/jmh-core/1.19/jmh-core-1.19.jar:/home/spirals/danglot/.m2/repository/net/sf/jopt-simple/jopt-simple/4.6/jopt-simple-4.6.jar:/home/spirals/danglot/.m2/repository/org/apache/commons/commons-math3/3.2/commons-math3-3.2.jar:/home/spirals/danglot/.m2/repository/org/openjdk/jmh/jmh-generator-annprocess/1.19/jmh-generator-annprocess-1.19.jar:/tmp/icst-2019/september-2018/dataset/commons-lang_parent/target/dspot/dependencies/:/home/spirals/danglot/.m2/repository/eu/stamp-project/test-runner/1.1.0/test-runner-1.1.0-jar-with-dependencies.jar eu.stamp_project.testrunner.runner.test.TestRunner org.apache.commons.lang3.BitFieldTest testByte_withlog0:testByte_withlog0:testByte_withlog1:testByte_withlog1:testByte_withlog2:testByte_withlog2
File saved to the following path: /tmp/icst-2019/september-2018/dataset/commons-lang_parent/target/dspot/observations.ser
File saved to the following path: /tmp/icst-2019/september-2018/dataset/commons-lang_parent/target/dspot/TestListener.ser
Loading /tmp/icst-2019/september-2018/dataset/commons-lang_parent/target/dspot/TestListener.ser
[INFO] Test has been run: testByte_withlog0,testByte_withlog1,testByte_withlog2
[INFO] Generating assertions...
[INFO] 2 new tests with assertions generated
[INFO] Run: java -classpath /tmp/icst-2019/september-2018/dataset/commons-lang_parent/target/test-classes:/tmp/icst-2019/september-2018/dataset/commons-lang_parent/target/classes/:/home/spirals/danglot/.m2/repository/junit/junit/4.12/junit-4.12.jar:/home/spirals/danglot/.m2/repository/org/hamcrest/hamcrest-core/1.3/hamcrest-core-1.3.jar:/home/spirals/danglot/.m2/repository/org/hamcrest/hamcrest-all/1.3/hamcrest-all-1.3.jar:/home/spirals/danglot/.m2/repository/org/easymock/easymock/3.5.1/easymock-3.5.1.jar:/home/spirals/danglot/.m2/repository/org/objenesis/objenesis/2.6/objenesis-2.6.jar:/home/spirals/danglot/.m2/repository/org/openjdk/jmh/jmh-core/1.19/jmh-core-1.19.jar:/home/spirals/danglot/.m2/repository/net/sf/jopt-simple/jopt-simple/4.6/jopt-simple-4.6.jar:/home/spirals/danglot/.m2/repository/org/apache/commons/commons-math3/3.2/commons-math3-3.2.jar:/home/spirals/danglot/.m2/repository/org/openjdk/jmh/jmh-generator-annprocess/1.19/jmh-generator-annprocess-1.19.jar:/tmp/icst-2019/september-2018/dataset/commons-lang_parent/target/dspot/dependencies/:/home/spirals/danglot/.m2/repository/eu/stamp-project/test-runner/1.1.0/test-runner-1.1.0-jar-with-dependencies.jar eu.stamp_project.testrunner.runner.test.TestRunner org.apache.commons.lang3.BitFieldTest testByte:testByte
File saved to the following path: /tmp/icst-2019/september-2018/dataset/commons-lang_parent/target/dspot/TestListener.ser
Loading /tmp/icst-2019/september-2018/dataset/commons-lang_parent/target/dspot/TestListener.ser
[INFO] Test has been run: testByte
[INFO] Assertion amplification: 2 test method(s) has been successfully amplified.
[WARN] 2018-09-29 23:56:13 Launcher - You specified the directory /tmp/icst-2019/september-2018/dataset/commons-lang/target/classes in source classpath, please note that only class files will be considered. Jars and subdirectories will be ignored.
[WARN] 2018-09-29 23:56:13 Launcher - You specified the directory /tmp/icst-2019/september-2018/dataset/commons-lang/target/test-classes in source classpath, please note that only class files will be considered. Jars and subdirectories will be ignored.
[WARN] 2018-09-29 23:56:13 Launcher - You specified the directory /tmp/icst-2019/september-2018/dataset/commons-lang/target/dspot/dependencies in source classpath, please note that only class files will be considered. Jars and subdirectories will be ignored.
[INFO] Run: java -classpath /tmp/icst-2019/september-2018/dataset/commons-lang/target/classes/:/tmp/icst-2019/september-2018/dataset/commons-lang/target/test-classes/:/home/spirals/danglot/.m2/repository/junit/junit/4.12/junit-4.12.jar:/home/spirals/danglot/.m2/repository/org/hamcrest/hamcrest-core/1.3/hamcrest-core-1.3.jar:/home/spirals/danglot/.m2/repository/org/hamcrest/hamcrest-all/1.3/hamcrest-all-1.3.jar:/home/spirals/danglot/.m2/repository/org/easymock/easymock/3.5.1/easymock-3.5.1.jar:/home/spirals/danglot/.m2/repository/org/objenesis/objenesis/2.6/objenesis-2.6.jar:/home/spirals/danglot/.m2/repository/org/openjdk/jmh/jmh-core/1.19/jmh-core-1.19.jar:/home/spirals/danglot/.m2/repository/net/sf/jopt-simple/jopt-simple/4.6/jopt-simple-4.6.jar:/home/spirals/danglot/.m2/repository/org/apache/commons/commons-math3/3.2/commons-math3-3.2.jar:/home/spirals/danglot/.m2/repository/org/openjdk/jmh/jmh-generator-annprocess/1.19/jmh-generator-annprocess-1.19.jar:/tmp/icst-2019/september-2018/dataset/commons-lang/target/dspot/dependencies/:/home/spirals/danglot/.m2/repository/eu/stamp-project/test-runner/1.1.0/test-runner-1.1.0-jar-with-dependencies.jar eu.stamp_project.testrunner.runner.test.TestRunner org.apache.commons.lang3.BitFieldTest testByte:testByte
File saved to the following path: /tmp/icst-2019/september-2018/dataset/commons-lang_parent/target/dspot/TestListener.ser
Loading /tmp/icst-2019/september-2018/dataset/commons-lang_parent/target/dspot/TestListener.ser
[INFO] Test has been run: testByte
[INFO] 0 amplified test methods has been selected to be kept. (global: 0)
[INFO] Applying Input-amplification and Assertion-amplification test by test.
[INFO] Amplification of testByte, (1/2)
[INFO] iteration 0 / 3
[INFO] 1 tests selected to be amplified over 1 available tests
[INFO] Amplification of inputs...
100% |================================================== ]/
[INFO] 263 new tests generated
[WARNING] Too many tests have been generated: 263
[INFO] Number of generated test reduced to 200
[INFO] Run tests. (200)
[ERROR] Error(s) during compilation:
[ERROR] Pb(115) The method setByteBoolean(byte, boolean) in the type BitField is not applicable for the arguments (int, boolean)
[ERROR] Pb(115) The method setByteBoolean(byte, boolean) in the type BitField is not applicable for the arguments (int, boolean)
[ERROR] Pb(115) The method setByteBoolean(byte, boolean) in the type BitField is not applicable for the arguments (int, boolean)
[ERROR] Pb(115) The method setByteBoolean(byte, boolean) in the type BitField is not applicable for the arguments (int, boolean)
[ERROR] Pb(115) The method setByteBoolean(byte, boolean) in the type BitField is not applicable for the arguments (int, boolean)
[ERROR] Pb(115) The method setByteBoolean(byte, boolean) in the type BitField is not applicable for the arguments (int, boolean)
[INFO] Run: java -classpath /tmp/icst-2019/september-2018/dataset/commons-lang_parent/target/test-classes:/tmp/icst-2019/september-2018/dataset/commons-lang_parent/target/classes/:/home/spirals/danglot/.m2/repository/junit/junit/4.12/junit-4.12.jar:/home/spirals/danglot/.m2/repository/org/hamcrest/hamcrest-core/1.3/hamcrest-core-1.3.jar:/home/spirals/danglot/.m2/repository/org/hamcrest/hamcrest-all/1.3/hamcrest-all-1.3.jar:/home/spirals/danglot/.m2/repository/org/easymock/easymock/3.5.1/easymock-3.5.1.jar:/home/spirals/danglot/.m2/repository/org/objenesis/objenesis/2.6/objenesis-2.6.jar:/home/spirals/danglot/.m2/repository/org/openjdk/jmh/jmh-core/1.19/jmh-core-1.19.jar:/home/spirals/danglot/.m2/repository/net/sf/jopt-simple/jopt-simple/4.6/jopt-simple-4.6.jar:/home/spirals/danglot/.m2/repository/org/apache/commons/commons-math3/3.2/commons-math3-3.2.jar:/home/spirals/danglot/.m2/repository/org/openjdk/jmh/jmh-generator-annprocess/1.19/jmh-generator-annprocess-1.19.jar:/tmp/icst-2019/september-2018/dataset/commons-lang_parent/target/dspot/dependencies/:/home/spirals/danglot/.m2/repository/eu/stamp-project/test-runner/1.1.0/test-runner-1.1.0-jar-with-dependencies.jar eu.stamp_project.testrunner.runner.test.TestRunner org.apache.commons.lang3.BitFieldTest testByte_add260:testByte_add262:testByte_add259:testByte_add257:testByte_add258:testByte_add261:testByte_add251:testByte_add256:testByte_add255:testByte_add254:testByte_add253:testByte_add252:testByte_add248:testByte_add249:testByte_add250:testByte_add247:testByte_add246:testByte_add245:testByte_add244:testByte_add243:testByte_add263:testByte_literalMutationNumber96:testByte_literalMutationNumber97:testByte_literalMutationNumber210:testByte_literalMutationNumber203:testByte_literalMutationNumber204:testByte_literalMutationNumber60:testByte_literalMutationNumber218:testByte_literalMutationNumber209:testByte_literalMutationNumber219:testByte_literalMutationNumber1:testByte_literalMutationNumber84:testByte_literalMutationNumber3:testByte_literalMutationNumber85:testByte_literalMutationNumber4:testByte_literalMutationNumber72:testByte_literalMutationNumber73:testByte_literalMutationNumber5:testByte_literalMutationNumber6:testByte_literalMutationNumber59:testByte_literalMutationNumber8:testByte_literalMutationNumber9:testByte_literalMutationNumber94:testByte_literalMutationNumber57:testByte_literalMutationNumber240:testByte_literalMutationNumber241:testByte_literalMutationNumber2:testByte_literalMutationNumber190:testByte_literalMutationNumber170:testByte_literalMutationNumber191:testByte_literalMutationNumber227:testByte_literalMutationNumber201:testByte_literalMutationNumber228:testByte_literalMutationNumber10:testByte_literalMutationNumber13:testByte_literalMutationNumber22:testByte_literalMutationNumber30:testByte_literalMutationNumber47:testByte_literalMutationNumber163:testByte_literalMutationNumber12:testByte_literalMutationNumber14:testByte_literalMutationNumber20:testByte_literalMutationNumber24:testByte_literalMutationNumber33:testByte_literalMutationNumber35:testByte_literalMutationNumber48:testByte_literalMutationNumber50:testByte_literalMutationNumber164:testByte_literalMutationNumber7:testByte_literalMutationNumber15:testByte_literalMutationNumber25:testByte_literalMutationNumber36:testByte_literalMutationNumber41:testByte_literalMutationNumber45:testByte_literalMutationNumber82:testByte_literalMutationNumber31:testByte_literalMutationNumber42:testByte_literalMutationNumber196:testByte_literalMutationNumber23:testByte_literalMutationNumber51:testByte_literalMutationNumber62:testByte_literalMutationNumber183:testByte_literalMutationNumber197:testByte_literalMutationNumber16:testByte_literalMutationNumber53:testByte_literalMutationNumber61:testByte_literalMutationNumber184:testByte_literalMutationNumber207:testByte_literalMutationNumber18:testByte_literalMutationNumber26:testByte_literalMutationNumber43:testByte_literalMutationNumber54:testByte_literalMutationNumber70:testByte_literalMutationNumber90:testByte_literalMutationNumber161:testByte_literalMutationNumber169:testByte_literalMutationNumber19:testByte_literalMutationNumber27:testByte_literalMutationNumber38:testByte_literalMutationNumber63:testByte_literalMutationNumber74:testByte_literalMutationNumber81:testByte_literalMutationNumber177:testByte_literalMutationNumber29:testByte_literalMutationNumber34:testByte_literalMutationNumber37:testByte_literalMutationNumber58:testByte_literalMutationNumber65:testByte_literalMutationNumber178:testByte_literalMutationNumber55:testByte_literalMutationNumber66:testByte_literalMutationNumber91:testByte_literalMutationNumber39:testByte_literalMutationNumber71:testByte_literalMutationNumber75:testByte_literalMutationNumber86:testByte_literalMutationNumber93:testByte_literalMutationNumber49:testByte_literalMutationNumber77:testByte_literalMutationNumber67:testByte_literalMutationNumber78:testByte_literalMutationNumber167:testByte_literalMutationNumber69:testByte_literalMutationNumber87:testByte_literalMutationNumber95:testByte_literalMutationNumber98:testByte_literalMutationNumber89:testByte_literalMutationNumber79:testByte_literalMutationNumber99:testByte_literalMutationNumber150:testByte_literalMutationNumber151:testByte_literalMutationNumber222:testByte_literalMutationNumber40:testByte_literalMutationNumber101:testByte_literalMutationNumber111:testByte_literalMutationNumber120:testByte_literalMutationNumber102:testByte_literalMutationNumber110:testByte_literalMutationNumber112:testByte_literalMutationNumber121:testByte_literalMutationNumber131:testByte_literalMutationNumber200:testByte_literalMutationNumber211:testByte_literalMutationNumber220:testByte_literalMutationNumber221:testByte_literalMutationNumber113:testByte_literalMutationNumber122:testByte_literalMutationNumber132:testByte_literalMutationNumber140:testByte_literalMutationNumber141:testByte_literalMutationNumber143:testByte_literalMutationNumber156:testByte_literalMutationNumber225:testByte_literalMutationNumber52:testByte_literalMutationNumber144:testByte_literalMutationNumber157:testByte_literalMutationNumber17:testByte_literalMutationNumber103:testByte_literalMutationNumber124:testByte_literalMutationNumber130:testByte_literalMutationNumber154:testByte_literalMutationNumber202:testByte_literalMutationNumber205:testByte_literalMutationNumber214:testByte_literalMutationNumber105:testByte_literalMutationNumber116:testByte_literalMutationNumber126:testByte_literalMutationNumber135:testByte_literalMutationNumber137:testByte_literalMutationNumber162:testByte_literalMutationNumber213:testByte_literalMutationNumber215:testByte_literalMutationNumber242:testByte_literalMutationNumber28:testByte_literalMutationNumber64:testByte_literalMutationNumber107:testByte_literalMutationNumber115:testByte_literalMutationNumber117:testByte_literalMutationNumber127:testByte_literalMutationNumber133:testByte_literalMutationNumber138:testByte_literalMutationNumber153:testByte_literalMutationNumber216:testByte_literalMutationNumber238:testByte_literalMutationNumber46:testByte_literalMutationNumber108:testByte_literalMutationNumber118:testByte_literalMutationNumber148:testByte_literalMutationNumber152:testByte_literalMutationNumber172:testByte_literalMutationNumber194:testByte_literalMutationNumber206:testByte_literalMutationNumber224:testByte_literalMutationNumber125
File saved to the following path: /tmp/icst-2019/september-2018/dataset/commons-lang_parent/target/dspot/TestListener.ser
Loading /tmp/icst-2019/september-2018/dataset/commons-lang_parent/target/dspot/TestListener.ser
[INFO] Test has been run: testByte_literalMutationNumber101,testByte_literalMutationNumber102,testByte_literalMutationNumber103,testByte_literalMutationNumber105,testByte_literalMutationNumber107,testByte_literalMutationNumber108,testByte_literalMutationNumber110,testByte_literalMutationNumber111,testByte_literalMutationNumber112,testByte_literalMutationNumber113,testByte_literalMutationNumber115,testByte_literalMutationNumber116,testByte_literalMutationNumber117,testByte_literalMutationNumber118,testByte_literalMutationNumber120,testByte_literalMutationNumber121,testByte_literalMutationNumber122,testByte_literalMutationNumber124,testByte_literalMutationNumber125,testByte_literalMutationNumber126,testByte_literalMutationNumber127,testByte_literalMutationNumber130,testByte_literalMutationNumber131,testByte_literalMutationNumber132,testByte_literalMutationNumber133,testByte_literalMutationNumber135,testByte_literalMutationNumber137,testByte_literalMutationNumber138,testByte_literalMutationNumber140,testByte_literalMutationNumber141,testByte_literalMutationNumber143,testByte_literalMutationNumber144,testByte_literalMutationNumber148,testByte_literalMutationNumber150,testByte_literalMutationNumber151,testByte_literalMutationNumber152,testByte_literalMutationNumber153,testByte_literalMutationNumber154,testByte_literalMutationNumber156,testByte_literalMutationNumber157,testByte_literalMutationNumber161,testByte_literalMutationNumber162,testByte_literalMutationNumber163,testByte_literalMutationNumber164,testByte_literalMutationNumber167,testByte_literalMutationNumber169,testByte_literalMutationNumber170,testByte_literalMutationNumber172,testByte_literalMutationNumber177,testByte_literalMutationNumber178,testByte_literalMutationNumber183,testByte_literalMutationNumber184,testByte_literalMutationNumber190,testByte_literalMutationNumber191,testByte_literalMutationNumber194,testByte_literalMutationNumber196,testByte_literalMutationNumber197,testByte_literalMutationNumber200,testByte_literalMutationNumber201,testByte_literalMutationNumber202,testByte_literalMutationNumber203,testByte_literalMutationNumber204,testByte_literalMutationNumber205,testByte_literalMutationNumber206,testByte_literalMutationNumber207,testByte_literalMutationNumber209,testByte_literalMutationNumber210,testByte_literalMutationNumber211,testByte_literalMutationNumber213,testByte_literalMutationNumber214,testByte_literalMutationNumber215,testByte_literalMutationNumber216,testByte_literalMutationNumber218,testByte_literalMutationNumber219,testByte_literalMutationNumber220,testByte_literalMutationNumber221,testByte_literalMutationNumber222,testByte_literalMutationNumber224,testByte_literalMutationNumber225,testByte_literalMutationNumber227,testByte_literalMutationNumber228,testByte_literalMutationNumber238,testByte_literalMutationNumber240,testByte_literalMutationNumber241,testByte_literalMutationNumber242,testByte_literalMutationNumber10,testByte_literalMutationNumber12,testByte_literalMutationNumber13,testByte_literalMutationNumber14,testByte_literalMutationNumber15,testByte_literalMutationNumber16,testByte_literalMutationNumber17,testByte_literalMutationNumber18,testByte_literalMutationNumber19,testByte_literalMutationNumber20,testByte_literalMutationNumber22,testByte_literalMutationNumber23,testByte_literalMutationNumber24,testByte_literalMutationNumber25,testByte_literalMutationNumber26,testByte_literalMutationNumber27,testByte_literalMutationNumber28,testByte_literalMutationNumber29,testByte_literalMutationNumber30,testByte_literalMutationNumber31,testByte_literalMutationNumber33,testByte_literalMutationNumber34,testByte_literalMutationNumber35,testByte_literalMutationNumber36,testByte_literalMutationNumber37,testByte_literalMutationNumber38,testByte_literalMutationNumber39,testByte_literalMutationNumber40,testByte_literalMutationNumber41,testByte_literalMutationNumber42,testByte_literalMutationNumber43,testByte_literalMutationNumber45,testByte_literalMutationNumber46,testByte_literalMutationNumber47,testByte_literalMutationNumber48,testByte_literalMutationNumber49,testByte_literalMutationNumber50,testByte_literalMutationNumber51,testByte_literalMutationNumber52,testByte_literalMutationNumber53,testByte_literalMutationNumber54,testByte_literalMutationNumber55,testByte_literalMutationNumber57,testByte_literalMutationNumber58,testByte_literalMutationNumber59,testByte_literalMutationNumber60,testByte_literalMutationNumber61,testByte_literalMutationNumber62,testByte_literalMutationNumber63,testByte_literalMutationNumber64,testByte_literalMutationNumber65,testByte_literalMutationNumber66,testByte_literalMutationNumber67,testByte_literalMutationNumber69,testByte_literalMutationNumber70,testByte_literalMutationNumber71,testByte_literalMutationNumber72,testByte_literalMutationNumber73,testByte_literalMutationNumber74,testByte_literalMutationNumber75,testByte_literalMutationNumber77,testByte_literalMutationNumber78,testByte_literalMutationNumber79,testByte_literalMutationNumber81,testByte_literalMutationNumber82,testByte_literalMutationNumber84,testByte_literalMutationNumber85,testByte_literalMutationNumber86,testByte_literalMutationNumber87,testByte_literalMutationNumber89,testByte_literalMutationNumber90,testByte_literalMutationNumber91,testByte_literalMutationNumber93,testByte_literalMutationNumber94,testByte_literalMutationNumber95,testByte_literalMutationNumber96,testByte_literalMutationNumber97,testByte_literalMutationNumber98,testByte_literalMutationNumber99,testByte_add243,testByte_add244,testByte_add245,testByte_add246,testByte_add247,testByte_add248,testByte_add249,testByte_add250,testByte_add251,testByte_add252,testByte_add253,testByte_add254,testByte_add255,testByte_add256,testByte_add257,testByte_add258,testByte_add259,testByte_add260,testByte_add261,testByte_add262,testByte_add263,testByte_literalMutationNumber1,testByte_literalMutationNumber2,testByte_literalMutationNumber3,testByte_literalMutationNumber4,testByte_literalMutationNumber5,testByte_literalMutationNumber6,testByte_literalMutationNumber7,testByte_literalMutationNumber8,testByte_literalMutationNumber9
[INFO] 194 test pass, generating assertion...
[INFO] Add observations points in passing tests.
[INFO] Instrumentation...
  0% | ]/  1% | ]-  1% | ]\  2% |= ]|  2% |= ]/  3% |= ]-  3% |= ]\  4% |== ]|  4% |== ]/  5% |== ]-  5% |== ]\  6% |=== ]|  6% |=== ]/  7% |=== ]-  7% |=== ]\  8% |==== ]|  8% |==== ]/  9% |==== ]-  9% |==== ]\ 10% |===== ]| 10% |===== ]/ 11% |===== ]- 11% |===== ]\ 12% |====== ]| 12% |====== ]/ 13% |====== ]- 13% |====== ]\ 14% |======= ]| 14% |======= ]/ 15% |======= ]- 15% |======= ]\ 16% |======== ]| 17% |======== ]/ 17% |======== ]- 18% |========= ]\ 18% |========= ]| 19% |========= ]/ 19% |========= ]- 20% |========== ]\ 20% |========== ]| 21% |========== ]/ 21% |========== ]- 22% |=========== ]\ 22% |=========== ]| 23% |=========== ]/ 23% |=========== ]- 24% |============ ]\ 24% |============ ]| 25% |============ ]/ 25% |============ ]- 26% |============= ]\ 26% |============= ]| 27% |============= ]/ 27% |============= ]- 28% |============== ]\ 28% |============== ]| 29% |============== ]/ 29% |============== ]- 30% |=============== ]\ 30% |=============== ]| 31% |=============== ]/ 31% |=============== ]- 32% |================ ]\ 32% |================ ]| 33% |================ ]/ 34% |================= ]- 34% |================= ]\ 35% |================= ]| 35% |================= ]/ 36% |================== ]- 36% |================== ]\ 37% |================== ]| 37% |================== ]/ 38% |=================== ]- 38% |=================== ]\ 39% |=================== ]| 39% |=================== ]/ 40% |==================== ]- 40% |==================== ]\ 41% |==================== ]| 41% |==================== ]/ 42% |===================== ]- 42% |===================== ]\ 43% |===================== ]| 43% |===================== ]/ 44% |====================== ]- 44% |====================== ]\ 45% |====================== ]| 45% |====================== ]/ 46% |======================= ]- 46% |======================= ]\ 47% |======================= ]| 47% |======================= ]/ 48% |======================== ]- 48% |======================== ]\ 49% |======================== ]| 50% |========================= ]/ 50% |========================= ]- 51% |========================= ]\ 51% |========================= ]| 52% |========================== ]/ 52% |========================== ]- 53% |========================== ]\ 53% |========================== ]| 54% |=========================== ]/ 54% |=========================== ]- 55% |=========================== ]\ 55% |=========================== ]| 56% |============================ ]/ 56% |============================ ]- 57% |============================ ]\ 57% |============================ ]| 58% |============================= ]/ 58% |============================= ]- 59% |============================= ]\ 59% |============================= ]| 60% |============================== ]/ 60% |============================== ]- 61% |============================== ]\ 61% |============================== ]| 62% |=============================== ]/ 62% |=============================== ]- 63% |=============================== ]\ 63% |=============================== ]| 64% |================================ ]/ 64% |================================ ]- 65% |================================ ]\ 65% |================================ ]| 66% |================================= ]/ 67% |================================= ]- 67% |================================= ]\ 68% |================================== ]| 68% |================================== ]/ 69% |================================== ]- 69% |================================== ]\ 70% |=================================== ]| 70% |=================================== ]/ 71% |=================================== ]- 71% |=================================== ]\ 72% |==================================== ]| 72% |==================================== ]/ 73% |==================================== ]- 73% |==================================== ]\ 74% |===================================== ]| 74% |===================================== ]/ 75% |===================================== ]- 75% |===================================== ]\ 76% |====================================== ]| 76% |====================================== ]/ 77% |====================================== ]- 77% |====================================== ]\ 78% |======================================= ]| 78% |======================================= ]/ 79% |======================================= ]- 79% |======================================= ]\ 80% |======================================== ]| 80% |======================================== ]/ 81% |======================================== ]- 81% |======================================== ]\ 82% |========================================= ]| 82% |========================================= ]/ 83% |========================================= ]- 84% |========================================== ]\ 84% |========================================== ]| 85% |========================================== ]/ 85% |========================================== ]- 86% |=========================================== ]\ 86% |=========================================== ]| 87% |=========================================== ]/ 87% |=========================================== ]- 88% |============================================ ]\ 88% |============================================ ]| 89% |============================================ ]/ 89% |============================================ ]- 90% |============================================= ]\ 90% |============================================= ]| 91% |============================================= ]/ 91% |============================================= ]- 92% |============================================== ]\ 92% |============================================== ]| 93% |============================================== ]/ 93% |============================================== ]- 94% |=============================================== ]\ 94% |=============================================== ]| 95% |=============================================== ]/ 95% |=============================================== ]- 96% |================================================ ]\ 96% |================================================ ]| 97% |================================================ ]/ 97% |================================================ ]- 98% |================================================= ]\ 98% |================================================= ]| 99% |================================================= ]/100% |================================================== ]-
[INFO] Run instrumented tests. (582)
[INFO] Run: java -classpath /tmp/icst-2019/september-2018/dataset/commons-lang_parent/target/test-classes:/tmp/icst-2019/september-2018/dataset/commons-lang_parent/target/classes/:/home/spirals/danglot/.m2/repository/junit/junit/4.12/junit-4.12.jar:/home/spirals/danglot/.m2/repository/org/hamcrest/hamcrest-core/1.3/hamcrest-core-1.3.jar:/home/spirals/danglot/.m2/repository/org/hamcrest/hamcrest-all/1.3/hamcrest-all-1.3.jar:/home/spirals/danglot/.m2/repository/org/easymock/easymock/3.5.1/easymock-3.5.1.jar:/home/spirals/danglot/.m2/repository/org/objenesis/objenesis/2.6/objenesis-2.6.jar:/home/spirals/danglot/.m2/repository/org/openjdk/jmh/jmh-core/1.19/jmh-core-1.19.jar:/home/spirals/danglot/.m2/repository/net/sf/jopt-simple/jopt-simple/4.6/jopt-simple-4.6.jar:/home/spirals/danglot/.m2/repository/org/apache/commons/commons-math3/3.2/commons-math3-3.2.jar:/home/spirals/danglot/.m2/repository/org/openjdk/jmh/jmh-generator-annprocess/1.19/jmh-generator-annprocess-1.19.jar:/tmp/icst-2019/september-2018/dataset/commons-lang_parent/target/dspot/dependencies/:/home/spirals/danglot/.m2/repository/eu/stamp-project/test-runner/1.1.0/test-runner-1.1.0-jar-with-dependencies.jar eu.stamp_project.testrunner.runner.test.TestRunner org.apache.commons.lang3.BitFieldTest testByte_add260_withlog0:testByte_add262_withlog0:testByte_add259_withlog0:testByte_add257_withlog0:testByte_add258_withlog0:testByte_add261_withlog0:testByte_add251_withlog0:testByte_add256_withlog0:testByte_add255_withlog0:testByte_add254_withlog0:testByte_add253_withlog0:testByte_add252_withlog0:testByte_add248_withlog0:testByte_add249_withlog0:testByte_add250_withlog0:testByte_add247_withlog0:testByte_add246_withlog0:testByte_add245_withlog0:testByte_add244_withlog0:testByte_add243_withlog0:testByte_add263_withlog0:testByte_literalMutationNumber96_withlog0:testByte_literalMutationNumber97_withlog0:testByte_literalMutationNumber210_withlog0:testByte_literalMutationNumber203_withlog0:testByte_literalMutationNumber204_withlog0:testByte_literalMutationNumber60_withlog0:testByte_literalMutationNumber218_withlog0:testByte_literalMutationNumber209_withlog0:testByte_literalMutationNumber219_withlog0:testByte_literalMutationNumber1_withlog0:testByte_literalMutationNumber84_withlog0:testByte_literalMutationNumber3_withlog0:testByte_literalMutationNumber85_withlog0:testByte_literalMutationNumber4_withlog0:testByte_literalMutationNumber72_withlog0:testByte_literalMutationNumber73_withlog0:testByte_literalMutationNumber5_withlog0:testByte_literalMutationNumber6_withlog0:testByte_literalMutationNumber59_withlog0:testByte_literalMutationNumber8_withlog0:testByte_literalMutationNumber9_withlog0:testByte_literalMutationNumber94_withlog0:testByte_literalMutationNumber57_withlog0:testByte_literalMutationNumber240_withlog0:testByte_literalMutationNumber241_withlog0:testByte_literalMutationNumber2_withlog0:testByte_literalMutationNumber190_withlog0:testByte_literalMutationNumber170_withlog0:testByte_literalMutationNumber191_withlog0:testByte_literalMutationNumber227_withlog0:testByte_literalMutationNumber201_withlog0:testByte_literalMutationNumber228_withlog0:testByte_literalMutationNumber10_withlog0:testByte_literalMutationNumber13_withlog0:testByte_literalMutationNumber22_withlog0:testByte_literalMutationNumber30_withlog0:testByte_literalMutationNumber47_withlog0:testByte_literalMutationNumber163_withlog0:testByte_literalMutationNumber12_withlog0:testByte_literalMutationNumber14_withlog0:testByte_literalMutationNumber20_withlog0:testByte_literalMutationNumber24_withlog0:testByte_literalMutationNumber33_withlog0:testByte_literalMutationNumber35_withlog0:testByte_literalMutationNumber48_withlog0:testByte_literalMutationNumber50_withlog0:testByte_literalMutationNumber164_withlog0:testByte_literalMutationNumber7_withlog0:testByte_literalMutationNumber15_withlog0:testByte_literalMutationNumber25_withlog0:testByte_literalMutationNumber36_withlog0:testByte_literalMutationNumber41_withlog0:testByte_literalMutationNumber45_withlog0:testByte_literalMutationNumber82_withlog0:testByte_literalMutationNumber31_withlog0:testByte_literalMutationNumber42_withlog0:testByte_literalMutationNumber196_withlog0:testByte_literalMutationNumber23_withlog0:testByte_literalMutationNumber51_withlog0:testByte_literalMutationNumber62_withlog0:testByte_literalMutationNumber183_withlog0:testByte_literalMutationNumber197_withlog0:testByte_literalMutationNumber16_withlog0:testByte_literalMutationNumber53_withlog0:testByte_literalMutationNumber61_withlog0:testByte_literalMutationNumber184_withlog0:testByte_literalMutationNumber207_withlog0:testByte_literalMutationNumber18_withlog0:testByte_literalMutationNumber26_withlog0:testByte_literalMutationNumber43_withlog0:testByte_literalMutationNumber54_withlog0:testByte_literalMutationNumber70_withlog0:testByte_literalMutationNumber90_withlog0:testByte_literalMutationNumber161_withlog0:testByte_literalMutationNumber169_withlog0:testByte_literalMutationNumber19_withlog0:testByte_literalMutationNumber27_withlog0:testByte_literalMutationNumber38_withlog0:testByte_literalMutationNumber63_withlog0:testByte_literalMutationNumber74_withlog0:testByte_literalMutationNumber81_withlog0:testByte_literalMutationNumber177_withlog0:testByte_literalMutationNumber29_withlog0:testByte_literalMutationNumber34_withlog0:testByte_literalMutationNumber37_withlog0:testByte_literalMutationNumber58_withlog0:testByte_literalMutationNumber65_withlog0:testByte_literalMutationNumber178_withlog0:testByte_literalMutationNumber55_withlog0:testByte_literalMutationNumber66_withlog0:testByte_literalMutationNumber91_withlog0:testByte_literalMutationNumber39_withlog0:testByte_literalMutationNumber71_withlog0:testByte_literalMutationNumber75_withlog0:testByte_literalMutationNumber86_withlog0:testByte_literalMutationNumber93_withlog0:testByte_literalMutationNumber49_withlog0:testByte_literalMutationNumber77_withlog0:testByte_literalMutationNumber67_withlog0:testByte_literalMutationNumber78_withlog0:testByte_literalMutationNumber167_withlog0:testByte_literalMutationNumber69_withlog0:testByte_literalMutationNumber87_withlog0:testByte_literalMutationNumber95_withlog0:testByte_literalMutationNumber98_withlog0:testByte_literalMutationNumber89_withlog0:testByte_literalMutationNumber79_withlog0:testByte_literalMutationNumber99_withlog0:testByte_literalMutationNumber150_withlog0:testByte_literalMutationNumber151_withlog0:testByte_literalMutationNumber222_withlog0:testByte_literalMutationNumber40_withlog0:testByte_literalMutationNumber101_withlog0:testByte_literalMutationNumber111_withlog0:testByte_literalMutationNumber120_withlog0:testByte_literalMutationNumber102_withlog0:testByte_literalMutationNumber110_withlog0:testByte_literalMutationNumber112_withlog0:testByte_literalMutationNumber121_withlog0:testByte_literalMutationNumber131_withlog0:testByte_literalMutationNumber200_withlog0:testByte_literalMutationNumber211_withlog0:testByte_literalMutationNumber220_withlog0:testByte_literalMutationNumber221_withlog0:testByte_literalMutationNumber113_withlog0:testByte_literalMutationNumber122_withlog0:testByte_literalMutationNumber132_withlog0:testByte_literalMutationNumber140_withlog0:testByte_literalMutationNumber141_withlog0:testByte_literalMutationNumber143_withlog0:testByte_literalMutationNumber156_withlog0:testByte_literalMutationNumber225_withlog0:testByte_literalMutationNumber52_withlog0:testByte_literalMutationNumber144_withlog0:testByte_literalMutationNumber157_withlog0:testByte_literalMutationNumber17_withlog0:testByte_literalMutationNumber103_withlog0:testByte_literalMutationNumber124_withlog0:testByte_literalMutationNumber130_withlog0:testByte_literalMutationNumber154_withlog0:testByte_literalMutationNumber202_withlog0:testByte_literalMutationNumber205_withlog0:testByte_literalMutationNumber214_withlog0:testByte_literalMutationNumber105_withlog0:testByte_literalMutationNumber116_withlog0:testByte_literalMutationNumber126_withlog0:testByte_literalMutationNumber135_withlog0:testByte_literalMutationNumber137_withlog0:testByte_literalMutationNumber162_withlog0:testByte_literalMutationNumber213_withlog0:testByte_literalMutationNumber215_withlog0:testByte_literalMutationNumber242_withlog0:testByte_literalMutationNumber28_withlog0:testByte_literalMutationNumber64_withlog0:testByte_literalMutationNumber107_withlog0:testByte_literalMutationNumber115_withlog0:testByte_literalMutationNumber117_withlog0:testByte_literalMutationNumber127_withlog0:testByte_literalMutationNumber133_withlog0:testByte_literalMutationNumber138_withlog0:testByte_literalMutationNumber153_withlog0:testByte_literalMutationNumber216_withlog0:testByte_literalMutationNumber238_withlog0:testByte_literalMutationNumber46_withlog0:testByte_literalMutationNumber108_withlog0:testByte_literalMutationNumber118_withlog0:testByte_literalMutationNumber148_withlog0:testByte_literalMutationNumber152_withlog0:testByte_literalMutationNumber172_withlog0:testByte_literalMutationNumber194_withlog0:testByte_literalMutationNumber206_withlog0:testByte_literalMutationNumber224_withlog0:testByte_literalMutationNumber125_withlog0:testByte_add260_withlog1:testByte_add262_withlog1:testByte_add259_withlog1:testByte_add257_withlog1:testByte_add258_withlog1:testByte_add261_withlog1:testByte_add251_withlog1:testByte_add256_withlog1:testByte_add255_withlog1:testByte_add254_withlog1:testByte_add253_withlog1:testByte_add252_withlog1:testByte_add248_withlog1:testByte_add249_withlog1:testByte_add250_withlog1:testByte_add247_withlog1:testByte_add246_withlog1:testByte_add245_withlog1:testByte_add244_withlog1:testByte_add243_withlog1:testByte_add263_withlog1:testByte_literalMutationNumber96_withlog1:testByte_literalMutationNumber97_withlog1:testByte_literalMutationNumber210_withlog1:testByte_literalMutationNumber203_withlog1:testByte_literalMutationNumber204_withlog1:testByte_literalMutationNumber60_withlog1:testByte_literalMutationNumber218_withlog1:testByte_literalMutationNumber209_withlog1:testByte_literalMutationNumber219_withlog1:testByte_literalMutationNumber1_withlog1:testByte_literalMutationNumber84_withlog1:testByte_literalMutationNumber3_withlog1:testByte_literalMutationNumber85_withlog1:testByte_literalMutationNumber4_withlog1:testByte_literalMutationNumber72_withlog1:testByte_literalMutationNumber73_withlog1:testByte_literalMutationNumber5_withlog1:testByte_literalMutationNumber6_withlog1:testByte_literalMutationNumber59_withlog1:testByte_literalMutationNumber8_withlog1:testByte_literalMutationNumber9_withlog1:testByte_literalMutationNumber94_withlog1:testByte_literalMutationNumber57_withlog1:testByte_literalMutationNumber240_withlog1:testByte_literalMutationNumber241_withlog1:testByte_literalMutationNumber2_withlog1:testByte_literalMutationNumber190_withlog1:testByte_literalMutationNumber170_withlog1:testByte_literalMutationNumber191_withlog1:testByte_literalMutationNumber227_withlog1:testByte_literalMutationNumber201_withlog1:testByte_literalMutationNumber228_withlog1:testByte_literalMutationNumber10_withlog1:testByte_literalMutationNumber13_withlog1:testByte_literalMutationNumber22_withlog1:testByte_literalMutationNumber30_withlog1:testByte_literalMutationNumber47_withlog1:testByte_literalMutationNumber163_withlog1:testByte_literalMutationNumber12_withlog1:testByte_literalMutationNumber14_withlog1:testByte_literalMutationNumber20_withlog1:testByte_literalMutationNumber24_withlog1:testByte_literalMutationNumber33_withlog1:testByte_literalMutationNumber35_withlog1:testByte_literalMutationNumber48_withlog1:testByte_literalMutationNumber50_withlog1:testByte_literalMutationNumber164_withlog1:testByte_literalMutationNumber7_withlog1:testByte_literalMutationNumber15_withlog1:testByte_literalMutationNumber25_withlog1:testByte_literalMutationNumber36_withlog1:testByte_literalMutationNumber41_withlog1:testByte_literalMutationNumber45_withlog1:testByte_literalMutationNumber82_withlog1:testByte_literalMutationNumber31_withlog1:testByte_literalMutationNumber42_withlog1:testByte_literalMutationNumber196_withlog1:testByte_literalMutationNumber23_withlog1:testByte_literalMutationNumber51_withlog1:testByte_literalMutationNumber62_withlog1:testByte_literalMutationNumber183_withlog1:testByte_literalMutationNumber197_withlog1:testByte_literalMutationNumber16_withlog1:testByte_literalMutationNumber53_withlog1:testByte_literalMutationNumber61_withlog1:testByte_literalMutationNumber184_withlog1:testByte_literalMutationNumber207_withlog1:testByte_literalMutationNumber18_withlog1:testByte_literalMutationNumber26_withlog1:testByte_literalMutationNumber43_withlog1:testByte_literalMutationNumber54_withlog1:testByte_literalMutationNumber70_withlog1:testByte_literalMutationNumber90_withlog1:testByte_literalMutationNumber161_withlog1:testByte_literalMutationNumber169_withlog1:testByte_literalMutationNumber19_withlog1:testByte_literalMutationNumber27_withlog1:testByte_literalMutationNumber38_withlog1:testByte_literalMutationNumber63_withlog1:testByte_literalMutationNumber74_withlog1:testByte_literalMutationNumber81_withlog1:testByte_literalMutationNumber177_withlog1:testByte_literalMutationNumber29_withlog1:testByte_literalMutationNumber34_withlog1:testByte_literalMutationNumber37_withlog1:testByte_literalMutationNumber58_withlog1:testByte_literalMutationNumber65_withlog1:testByte_literalMutationNumber178_withlog1:testByte_literalMutationNumber55_withlog1:testByte_literalMutationNumber66_withlog1:testByte_literalMutationNumber91_withlog1:testByte_literalMutationNumber39_withlog1:testByte_literalMutationNumber71_withlog1:testByte_literalMutationNumber75_withlog1:testByte_literalMutationNumber86_withlog1:testByte_literalMutationNumber93_withlog1:testByte_literalMutationNumber49_withlog1:testByte_literalMutationNumber77_withlog1:testByte_literalMutationNumber67_withlog1:testByte_literalMutationNumber78_withlog1:testByte_literalMutationNumber167_withlog1:testByte_literalMutationNumber69_withlog1:testByte_literalMutationNumber87_withlog1:testByte_literalMutationNumber95_withlog1:testByte_literalMutationNumber98_withlog1:testByte_literalMutationNumber89_withlog1:testByte_literalMutationNumber79_withlog1:testByte_literalMutationNumber99_withlog1:testByte_literalMutationNumber150_withlog1:testByte_literalMutationNumber151_withlog1:testByte_literalMutationNumber222_withlog1:testByte_literalMutationNumber40_withlog1:testByte_literalMutationNumber101_withlog1:testByte_literalMutationNumber111_withlog1:testByte_literalMutationNumber120_withlog1:testByte_literalMutationNumber102_withlog1:testByte_literalMutationNumber110_withlog1:testByte_literalMutationNumber112_withlog1:testByte_literalMutationNumber121_withlog1:testByte_literalMutationNumber131_withlog1:testByte_literalMutationNumber200_withlog1:testByte_literalMutationNumber211_withlog1:testByte_literalMutationNumber220_withlog1:testByte_literalMutationNumber221_withlog1:testByte_literalMutationNumber113_withlog1:testByte_literalMutationNumber122_withlog1:testByte_literalMutationNumber132_withlog1:testByte_literalMutationNumber140_withlog1:testByte_literalMutationNumber141_withlog1:testByte_literalMutationNumber143_withlog1:testByte_literalMutationNumber156_withlog1:testByte_literalMutationNumber225_withlog1:testByte_literalMutationNumber52_withlog1:testByte_literalMutationNumber144_withlog1:testByte_literalMutationNumber157_withlog1:testByte_literalMutationNumber17_withlog1:testByte_literalMutationNumber103_withlog1:testByte_literalMutationNumber124_withlog1:testByte_literalMutationNumber130_withlog1:testByte_literalMutationNumber154_withlog1:testByte_literalMutationNumber202_withlog1:testByte_literalMutationNumber205_withlog1:testByte_literalMutationNumber214_withlog1:testByte_literalMutationNumber105_withlog1:testByte_literalMutationNumber116_withlog1:testByte_literalMutationNumber126_withlog1:testByte_literalMutationNumber135_withlog1:testByte_literalMutationNumber137_withlog1:testByte_literalMutationNumber162_withlog1:testByte_literalMutationNumber213_withlog1:testByte_literalMutationNumber215_withlog1:testByte_literalMutationNumber242_withlog1:testByte_literalMutationNumber28_withlog1:testByte_literalMutationNumber64_withlog1:testByte_literalMutationNumber107_withlog1:testByte_literalMutationNumber115_withlog1:testByte_literalMutationNumber117_withlog1:testByte_literalMutationNumber127_withlog1:testByte_literalMutationNumber133_withlog1:testByte_literalMutationNumber138_withlog1:testByte_literalMutationNumber153_withlog1:testByte_literalMutationNumber216_withlog1:testByte_literalMutationNumber238_withlog1:testByte_literalMutationNumber46_withlog1:testByte_literalMutationNumber108_withlog1:testByte_literalMutationNumber118_withlog1:testByte_literalMutationNumber148_withlog1:testByte_literalMutationNumber152_withlog1:testByte_literalMutationNumber172_withlog1:testByte_literalMutationNumber194_withlog1:testByte_literalMutationNumber206_withlog1:testByte_literalMutationNumber224_withlog1:testByte_literalMutationNumber125_withlog1:testByte_add260_withlog2:testByte_add262_withlog2:testByte_add259_withlog2:testByte_add257_withlog2:testByte_add258_withlog2:testByte_add261_withlog2:testByte_add251_withlog2:testByte_add256_withlog2:testByte_add255_withlog2:testByte_add254_withlog2:testByte_add253_withlog2:testByte_add252_withlog2:testByte_add248_withlog2:testByte_add249_withlog2:testByte_add250_withlog2:testByte_add247_withlog2:testByte_add246_withlog2:testByte_add245_withlog2:testByte_add244_withlog2:testByte_add243_withlog2:testByte_add263_withlog2:testByte_literalMutationNumber96_withlog2:testByte_literalMutationNumber97_withlog2:testByte_literalMutationNumber210_withlog2:testByte_literalMutationNumber203_withlog2:testByte_literalMutationNumber204_withlog2:testByte_literalMutationNumber60_withlog2:testByte_literalMutationNumber218_withlog2:testByte_literalMutationNumber209_withlog2:testByte_literalMutationNumber219_withlog2:testByte_literalMutationNumber1_withlog2:testByte_literalMutationNumber84_withlog2:testByte_literalMutationNumber3_withlog2:testByte_literalMutationNumber85_withlog2:testByte_literalMutationNumber4_withlog2:testByte_literalMutationNumber72_withlog2:testByte_literalMutationNumber73_withlog2:testByte_literalMutationNumber5_withlog2:testByte_literalMutationNumber6_withlog2:testByte_literalMutationNumber59_withlog2:testByte_literalMutationNumber8_withlog2:testByte_literalMutationNumber9_withlog2:testByte_literalMutationNumber94_withlog2:testByte_literalMutationNumber57_withlog2:testByte_literalMutationNumber240_withlog2:testByte_literalMutationNumber241_withlog2:testByte_literalMutationNumber2_withlog2:testByte_literalMutationNumber190_withlog2:testByte_literalMutationNumber170_withlog2:testByte_literalMutationNumber191_withlog2:testByte_literalMutationNumber227_withlog2:testByte_literalMutationNumber201_withlog2:testByte_literalMutationNumber228_withlog2:testByte_literalMutationNumber10_withlog2:testByte_literalMutationNumber13_withlog2:testByte_literalMutationNumber22_withlog2:testByte_literalMutationNumber30_withlog2:testByte_literalMutationNumber47_withlog2:testByte_literalMutationNumber163_withlog2:testByte_literalMutationNumber12_withlog2:testByte_literalMutationNumber14_withlog2:testByte_literalMutationNumber20_withlog2:testByte_literalMutationNumber24_withlog2:testByte_literalMutationNumber33_withlog2:testByte_literalMutationNumber35_withlog2:testByte_literalMutationNumber48_withlog2:testByte_literalMutationNumber50_withlog2:testByte_literalMutationNumber164_withlog2:testByte_literalMutationNumber7_withlog2:testByte_literalMutationNumber15_withlog2:testByte_literalMutationNumber25_withlog2:testByte_literalMutationNumber36_withlog2:testByte_literalMutationNumber41_withlog2:testByte_literalMutationNumber45_withlog2:testByte_literalMutationNumber82_withlog2:testByte_literalMutationNumber31_withlog2:testByte_literalMutationNumber42_withlog2:testByte_literalMutationNumber196_withlog2:testByte_literalMutationNumber23_withlog2:testByte_literalMutationNumber51_withlog2:testByte_literalMutationNumber62_withlog2:testByte_literalMutationNumber183_withlog2:testByte_literalMutationNumber197_withlog2:testByte_literalMutationNumber16_withlog2:testByte_literalMutationNumber53_withlog2:testByte_literalMutationNumber61_withlog2:testByte_literalMutationNumber184_withlog2:testByte_literalMutationNumber207_withlog2:testByte_literalMutationNumber18_withlog2:testByte_literalMutationNumber26_withlog2:testByte_literalMutationNumber43_withlog2:testByte_literalMutationNumber54_withlog2:testByte_literalMutationNumber70_withlog2:testByte_literalMutationNumber90_withlog2:testByte_literalMutationNumber161_withlog2:testByte_literalMutationNumber169_withlog2:testByte_literalMutationNumber19_withlog2:testByte_literalMutationNumber27_withlog2:testByte_literalMutationNumber38_withlog2:testByte_literalMutationNumber63_withlog2:testByte_literalMutationNumber74_withlog2:testByte_literalMutationNumber81_withlog2:testByte_literalMutationNumber177_withlog2:testByte_literalMutationNumber29_withlog2:testByte_literalMutationNumber34_withlog2:testByte_literalMutationNumber37_withlog2:testByte_literalMutationNumber58_withlog2:testByte_literalMutationNumber65_withlog2:testByte_literalMutationNumber178_withlog2:testByte_literalMutationNumber55_withlog2:testByte_literalMutationNumber66_withlog2:testByte_literalMutationNumber91_withlog2:testByte_literalMutationNumber39_withlog2:testByte_literalMutationNumber71_withlog2:testByte_literalMutationNumber75_withlog2:testByte_literalMutationNumber86_withlog2:testByte_literalMutationNumber93_withlog2:testByte_literalMutationNumber49_withlog2:testByte_literalMutationNumber77_withlog2:testByte_literalMutationNumber67_withlog2:testByte_literalMutationNumber78_withlog2:testByte_literalMutationNumber167_withlog2:testByte_literalMutationNumber69_withlog2:testByte_literalMutationNumber87_withlog2:testByte_literalMutationNumber95_withlog2:testByte_literalMutationNumber98_withlog2:testByte_literalMutationNumber89_withlog2:testByte_literalMutationNumber79_withlog2:testByte_literalMutationNumber99_withlog2:testByte_literalMutationNumber150_withlog2:testByte_literalMutationNumber151_withlog2:testByte_literalMutationNumber222_withlog2:testByte_literalMutationNumber40_withlog2:testByte_literalMutationNumber101_withlog2:testByte_literalMutationNumber111_withlog2:testByte_literalMutationNumber120_withlog2:testByte_literalMutationNumber102_withlog2:testByte_literalMutationNumber110_withlog2:testByte_literalMutationNumber112_withlog2:testByte_literalMutationNumber121_withlog2:testByte_literalMutationNumber131_withlog2:testByte_literalMutationNumber200_withlog2:testByte_literalMutationNumber211_withlog2:testByte_literalMutationNumber220_withlog2:testByte_literalMutationNumber221_withlog2:testByte_literalMutationNumber113_withlog2:testByte_literalMutationNumber122_withlog2:testByte_literalMutationNumber132_withlog2:testByte_literalMutationNumber140_withlog2:testByte_literalMutationNumber141_withlog2:testByte_literalMutationNumber143_withlog2:testByte_literalMutationNumber156_withlog2:testByte_literalMutationNumber225_withlog2:testByte_literalMutationNumber52_withlog2:testByte_literalMutationNumber144_withlog2:testByte_literalMutationNumber157_withlog2:testByte_literalMutationNumber17_withlog2:testByte_literalMutationNumber103_withlog2:testByte_literalMutationNumber124_withlog2:testByte_literalMutationNumber130_withlog2:testByte_literalMutationNumber154_withlog2:testByte_literalMutationNumber202_withlog2:testByte_literalMutationNumber205_withlog2:testByte_literalMutationNumber214_withlog2:testByte_literalMutationNumber105_withlog2:testByte_literalMutationNumber116_withlog2:testByte_literalMutationNumber126_withlog2:testByte_literalMutationNumber135_withlog2:testByte_literalMutationNumber137_withlog2:testByte_literalMutationNumber162_withlog2:testByte_literalMutationNumber213_withlog2:testByte_literalMutationNumber215_withlog2:testByte_literalMutationNumber242_withlog2:testByte_literalMutationNumber28_withlog2:testByte_literalMutationNumber64_withlog2:testByte_literalMutationNumber107_withlog2:testByte_literalMutationNumber115_withlog2:testByte_literalMutationNumber117_withlog2:testByte_literalMutationNumber127_withlog2:testByte_literalMutationNumber133_withlog2:testByte_literalMutationNumber138_withlog2:testByte_literalMutationNumber153_withlog2:testByte_literalMutationNumber216_withlog2:testByte_literalMutationNumber238_withlog2:testByte_literalMutationNumber46_withlog2:testByte_literalMutationNumber108_withlog2:testByte_literalMutationNumber118_withlog2:testByte_literalMutationNumber148_withlog2:testByte_literalMutationNumber152_withlog2:testByte_literalMutationNumber172_withlog2:testByte_literalMutationNumber194_withlog2:testByte_literalMutationNumber206_withlog2:testByte_literalMutationNumber224_withlog2:testByte_literalMutationNumber125_withlog2
File saved to the following path: /tmp/icst-2019/september-2018/dataset/commons-lang_parent/target/dspot/observations.ser
File saved to the following path: /tmp/icst-2019/september-2018/dataset/commons-lang_parent/target/dspot/TestListener.ser
Loading /tmp/icst-2019/september-2018/dataset/commons-lang_parent/target/dspot/TestListener.ser
[INFO] Test has been run: testByte_literalMutationNumber150_withlog0,testByte_literalMutationNumber150_withlog1,testByte_literalMutationNumber150_withlog2,testByte_literalMutationNumber102_withlog0,testByte_literalMutationNumber102_withlog1,testByte_literalMutationNumber102_withlog2,testByte_add250_withlog0,testByte_add250_withlog1,testByte_add250_withlog2,testByte_literalMutationNumber197_withlog0,testByte_literalMutationNumber197_withlog1,testByte_literalMutationNumber197_withlog2,testByte_literalMutationNumber50_withlog0,testByte_literalMutationNumber50_withlog1,testByte_literalMutationNumber50_withlog2,testByte_add249_withlog0,testByte_add249_withlog1,testByte_add249_withlog2,testByte_literalMutationNumber97_withlog0,testByte_literalMutationNumber97_withlog1,testByte_literalMutationNumber97_withlog2,testByte_literalMutationNumber49_withlog0,testByte_literalMutationNumber49_withlog1,testByte_literalMutationNumber49_withlog2,testByte_literalMutationNumber125_withlog0,testByte_literalMutationNumber125_withlog1,testByte_literalMutationNumber125_withlog2,testByte_literalMutationNumber202_withlog0,testByte_literalMutationNumber202_withlog1,testByte_literalMutationNumber202_withlog2,testByte_literalMutationNumber73_withlog0,testByte_literalMutationNumber73_withlog1,testByte_literalMutationNumber73_withlog2,testByte_literalMutationNumber25_withlog0,testByte_literalMutationNumber25_withlog1,testByte_literalMutationNumber25_withlog2,testByte_literalMutationNumber101_withlog0,testByte_literalMutationNumber101_withlog1,testByte_literalMutationNumber101_withlog2,testByte_literalMutationNumber196_withlog0,testByte_literalMutationNumber196_withlog1,testByte_literalMutationNumber196_withlog2,testByte_literalMutationNumber148_withlog0,testByte_literalMutationNumber148_withlog1,testByte_literalMutationNumber148_withlog2,testByte_literalMutationNumber225_withlog0,testByte_literalMutationNumber225_withlog1,testByte_literalMutationNumber225_withlog2,testByte_add248_withlog0,testByte_add248_withlog1,testByte_add248_withlog2,testByte_literalMutationNumber96_withlog0,testByte_literalMutationNumber96_withlog1,testByte_literalMutationNumber96_withlog2,testByte_literalMutationNumber48_withlog0,testByte_literalMutationNumber48_withlog1,testByte_literalMutationNumber48_withlog2,testByte_literalMutationNumber172_withlog0,testByte_literalMutationNumber172_withlog1,testByte_literalMutationNumber172_withlog2,testByte_literalMutationNumber124_withlog0,testByte_literalMutationNumber124_withlog1,testByte_literalMutationNumber124_withlog2,testByte_literalMutationNumber201_withlog0,testByte_literalMutationNumber201_withlog1,testByte_literalMutationNumber201_withlog2,testByte_literalMutationNumber72_withlog0,testByte_literalMutationNumber72_withlog1,testByte_literalMutationNumber72_withlog2,testByte_literalMutationNumber24_withlog0,testByte_literalMutationNumber24_withlog1,testByte_literalMutationNumber24_withlog2,testByte_literalMutationNumber224_withlog0,testByte_literalMutationNumber224_withlog1,testByte_literalMutationNumber224_withlog2,testByte_add247_withlog0,testByte_add247_withlog1,testByte_add247_withlog2,testByte_literalMutationNumber95_withlog0,testByte_literalMutationNumber95_withlog1,testByte_literalMutationNumber95_withlog2,testByte_literalMutationNumber47_withlog0,testByte_literalMutationNumber47_withlog1,testByte_literalMutationNumber47_withlog2,testByte_literalMutationNumber200_withlog0,testByte_literalMutationNumber200_withlog1,testByte_literalMutationNumber200_withlog2,testByte_literalMutationNumber71_withlog0,testByte_literalMutationNumber71_withlog1,testByte_literalMutationNumber71_withlog2,testByte_literalMutationNumber23_withlog0,testByte_literalMutationNumber23_withlog1,testByte_literalMutationNumber23_withlog2,testByte_literalMutationNumber194_withlog0,testByte_literalMutationNumber194_withlog1,testByte_literalMutationNumber194_withlog2,testByte_add246_withlog0,testByte_add246_withlog1,testByte_add246_withlog2,testByte_literalMutationNumber94_withlog0,testByte_literalMutationNumber94_withlog1,testByte_literalMutationNumber94_withlog2,testByte_literalMutationNumber46_withlog0,testByte_literalMutationNumber46_withlog1,testByte_literalMutationNumber46_withlog2,testByte_literalMutationNumber170_withlog0,testByte_literalMutationNumber170_withlog1,testByte_literalMutationNumber170_withlog2,testByte_literalMutationNumber122_withlog0,testByte_literalMutationNumber122_withlog1,testByte_literalMutationNumber122_withlog2,testByte_literalMutationNumber169_withlog0,testByte_literalMutationNumber169_withlog1,testByte_literalMutationNumber169_withlog2,testByte_literalMutationNumber70_withlog0,testByte_literalMutationNumber70_withlog1,testByte_literalMutationNumber70_withlog2,testByte_literalMutationNumber22_withlog0,testByte_literalMutationNumber22_withlog1,testByte_literalMutationNumber22_withlog2,testByte_literalMutationNumber69_withlog0,testByte_literalMutationNumber69_withlog1,testByte_literalMutationNumber69_withlog2,testByte_literalMutationNumber222_withlog0,testByte_literalMutationNumber222_withlog1,testByte_literalMutationNumber222_withlog2,testByte_add245_withlog0,testByte_add245_withlog1,testByte_add245_withlog2,testByte_literalMutationNumber93_withlog0,testByte_literalMutationNumber93_withlog1,testByte_literalMutationNumber93_withlog2,testByte_literalMutationNumber45_withlog0,testByte_literalMutationNumber45_withlog1,testByte_literalMutationNumber45_withlog2,testByte_literalMutationNumber121_withlog0,testByte_literalMutationNumber121_withlog1,testByte_literalMutationNumber121_withlog2,testByte_literalMutationNumber144_withlog0,testByte_literalMutationNumber144_withlog1,testByte_literalMutationNumber144_withlog2,testByte_literalMutationNumber221_withlog0,testByte_literalMutationNumber221_withlog1,testByte_literalMutationNumber221_withlog2,testByte_add244_withlog0,testByte_add244_withlog1,testByte_add244_withlog2,testByte_literalMutationNumber120_withlog0,testByte_literalMutationNumber120_withlog1,testByte_literalMutationNumber120_withlog2,testByte_literalMutationNumber167_withlog0,testByte_literalMutationNumber167_withlog1,testByte_literalMutationNumber167_withlog2,testByte_literalMutationNumber20_withlog0,testByte_literalMutationNumber20_withlog1,testByte_literalMutationNumber20_withlog2,testByte_literalMutationNumber67_withlog0,testByte_literalMutationNumber67_withlog1,testByte_literalMutationNumber67_withlog2,testByte_literalMutationNumber19_withlog0,testByte_literalMutationNumber19_withlog1,testByte_literalMutationNumber19_withlog2,testByte_literalMutationNumber191_withlog0,testByte_literalMutationNumber191_withlog1,testByte_literalMutationNumber191_withlog2,testByte_literalMutationNumber143_withlog0,testByte_literalMutationNumber143_withlog1,testByte_literalMutationNumber143_withlog2,testByte_literalMutationNumber220_withlog0,testByte_literalMutationNumber220_withlog1,testByte_literalMutationNumber220_withlog2,testByte_add243_withlog0,testByte_add243_withlog1,testByte_add243_withlog2,testByte_literalMutationNumber219_withlog0,testByte_literalMutationNumber219_withlog1,testByte_literalMutationNumber219_withlog2,testByte_literalMutationNumber91_withlog0,testByte_literalMutationNumber91_withlog1,testByte_literalMutationNumber91_withlog2,testByte_literalMutationNumber43_withlog0,testByte_literalMutationNumber43_withlog1,testByte_literalMutationNumber43_withlog2,testByte_literalMutationNumber118_withlog0,testByte_literalMutationNumber118_withlog1,testByte_literalMutationNumber118_withlog2,testByte_literalMutationNumber66_withlog0,testByte_literalMutationNumber66_withlog1,testByte_literalMutationNumber66_withlog2,testByte_literalMutationNumber18_withlog0,testByte_literalMutationNumber18_withlog1,testByte_literalMutationNumber18_withlog2,testByte_literalMutationNumber190_withlog0,testByte_literalMutationNumber190_withlog1,testByte_literalMutationNumber190_withlog2,testByte_literalMutationNumber218_withlog0,testByte_literalMutationNumber218_withlog1,testByte_literalMutationNumber218_withlog2,testByte_literalMutationNumber90_withlog0,testByte_literalMutationNumber90_withlog1,testByte_literalMutationNumber90_withlog2,testByte_literalMutationNumber42_withlog0,testByte_literalMutationNumber42_withlog1,testByte_literalMutationNumber42_withlog2,testByte_literalMutationNumber89_withlog0,testByte_literalMutationNumber89_withlog1,testByte_literalMutationNumber89_withlog2,testByte_literalMutationNumber117_withlog0,testByte_literalMutationNumber117_withlog1,testByte_literalMutationNumber117_withlog2,testByte_literalMutationNumber242_withlog0,testByte_literalMutationNumber242_withlog1,testByte_literalMutationNumber242_withlog2,testByte_literalMutationNumber65_withlog0,testByte_literalMutationNumber65_withlog1,testByte_literalMutationNumber65_withlog2,testByte_literalMutationNumber17_withlog0,testByte_literalMutationNumber17_withlog1,testByte_literalMutationNumber17_withlog2,testByte_literalMutationNumber141_withlog0,testByte_literalMutationNumber141_withlog1,testByte_literalMutationNumber141_withlog2,testByte_literalMutationNumber41_withlog0,testByte_literalMutationNumber41_withlog1,testByte_literalMutationNumber41_withlog2,testByte_literalMutationNumber164_withlog0,testByte_literalMutationNumber164_withlog1,testByte_literalMutationNumber164_withlog2,testByte_literalMutationNumber116_withlog0,testByte_literalMutationNumber116_withlog1,testByte_literalMutationNumber116_withlog2,testByte_literalMutationNumber241_withlog0,testByte_literalMutationNumber241_withlog1,testByte_literalMutationNumber241_withlog2,testByte_literalMutationNumber64_withlog0,testByte_literalMutationNumber64_withlog1,testByte_literalMutationNumber64_withlog2,testByte_literalMutationNumber16_withlog0,testByte_literalMutationNumber16_withlog1,testByte_literalMutationNumber16_withlog2,testByte_literalMutationNumber140_withlog0,testByte_literalMutationNumber140_withlog1,testByte_literalMutationNumber140_withlog2,testByte_literalMutationNumber216_withlog0,testByte_literalMutationNumber216_withlog1,testByte_literalMutationNumber216_withlog2,testByte_literalMutationNumber40_withlog0,testByte_literalMutationNumber40_withlog1,testByte_literalMutationNumber40_withlog2,testByte_literalMutationNumber87_withlog0,testByte_literalMutationNumber87_withlog1,testByte_literalMutationNumber87_withlog2,testByte_literalMutationNumber39_withlog0,testByte_literalMutationNumber39_withlog1,testByte_literalMutationNumber39_withlog2,testByte_literalMutationNumber163_withlog0,testByte_literalMutationNumber163_withlog1,testByte_literalMutationNumber163_withlog2,testByte_literalMutationNumber115_withlog0,testByte_literalMutationNumber115_withlog1,testByte_literalMutationNumber115_withlog2,testByte_literalMutationNumber240_withlog0,testByte_literalMutationNumber240_withlog1,testByte_literalMutationNumber240_withlog2,testByte_add263_withlog0,testByte_add263_withlog1,testByte_add263_withlog2,testByte_literalMutationNumber63_withlog0,testByte_literalMutationNumber63_withlog1,testByte_literalMutationNumber63_withlog2,testByte_literalMutationNumber15_withlog0,testByte_literalMutationNumber15_withlog1,testByte_literalMutationNumber15_withlog2,testByte_literalMutationNumber138_withlog0,testByte_literalMutationNumber138_withlog1,testByte_literalMutationNumber138_withlog2,testByte_literalMutationNumber215_withlog0,testByte_literalMutationNumber215_withlog1,testByte_literalMutationNumber215_withlog2,testByte_literalMutationNumber86_withlog0,testByte_literalMutationNumber86_withlog1,testByte_literalMutationNumber86_withlog2,testByte_literalMutationNumber38_withlog0,testByte_literalMutationNumber38_withlog1,testByte_literalMutationNumber38_withlog2,testByte_literalMutationNumber162_withlog0,testByte_literalMutationNumber162_withlog1,testByte_literalMutationNumber162_withlog2,testByte_add262_withlog0,testByte_add262_withlog1,testByte_add262_withlog2,testByte_literalMutationNumber238_withlog0,testByte_literalMutationNumber238_withlog1,testByte_literalMutationNumber238_withlog2,testByte_literalMutationNumber62_withlog0,testByte_literalMutationNumber62_withlog1,testByte_literalMutationNumber62_withlog2,testByte_literalMutationNumber14_withlog0,testByte_literalMutationNumber14_withlog1,testByte_literalMutationNumber14_withlog2,testByte_literalMutationNumber137_withlog0,testByte_literalMutationNumber137_withlog1,testByte_literalMutationNumber137_withlog2,testByte_literalMutationNumber214_withlog0,testByte_literalMutationNumber214_withlog1,testByte_literalMutationNumber214_withlog2,testByte_literalMutationNumber85_withlog0,testByte_literalMutationNumber85_withlog1,testByte_literalMutationNumber85_withlog2,testByte_literalMutationNumber37_withlog0,testByte_literalMutationNumber37_withlog1,testByte_literalMutationNumber37_withlog2,testByte_literalMutationNumber161_withlog0,testByte_literalMutationNumber161_withlog1,testByte_literalMutationNumber161_withlog2,testByte_literalMutationNumber113_withlog0,testByte_literalMutationNumber113_withlog1,testByte_literalMutationNumber113_withlog2,testByte_add261_withlog0,testByte_add261_withlog1,testByte_add261_withlog2,testByte_literalMutationNumber61_withlog0,testByte_literalMutationNumber61_withlog1,testByte_literalMutationNumber61_withlog2,testByte_literalMutationNumber13_withlog0,testByte_literalMutationNumber13_withlog1,testByte_literalMutationNumber13_withlog2,testByte_literalMutationNumber184_withlog0,testByte_literalMutationNumber184_withlog1,testByte_literalMutationNumber184_withlog2,testByte_literalMutationNumber213_withlog0,testByte_literalMutationNumber213_withlog1,testByte_literalMutationNumber213_withlog2,testByte_literalMutationNumber84_withlog0,testByte_literalMutationNumber84_withlog1,testByte_literalMutationNumber84_withlog2,testByte_literalMutationNumber36_withlog0,testByte_literalMutationNumber36_withlog1,testByte_literalMutationNumber36_withlog2,testByte_literalMutationNumber112_withlog0,testByte_literalMutationNumber112_withlog1,testByte_literalMutationNumber112_withlog2,testByte_add260_withlog0,testByte_add260_withlog1,testByte_add260_withlog2,testByte_literalMutationNumber60_withlog0,testByte_literalMutationNumber60_withlog1,testByte_literalMutationNumber60_withlog2,testByte_add259_withlog0,testByte_add259_withlog1,testByte_add259_withlog2,testByte_literalMutationNumber12_withlog0,testByte_literalMutationNumber12_withlog1,testByte_literalMutationNumber12_withlog2,testByte_literalMutationNumber59_withlog0,testByte_literalMutationNumber59_withlog1,testByte_literalMutationNumber59_withlog2,testByte_literalMutationNumber183_withlog0,testByte_literalMutationNumber183_withlog1,testByte_literalMutationNumber183_withlog2,testByte_literalMutationNumber135_withlog0,testByte_literalMutationNumber135_withlog1,testByte_literalMutationNumber135_withlog2,testByte_literalMutationNumber35_withlog0,testByte_literalMutationNumber35_withlog1,testByte_literalMutationNumber35_withlog2,testByte_literalMutationNumber111_withlog0,testByte_literalMutationNumber111_withlog1,testByte_literalMutationNumber111_withlog2,testByte_literalMutationNumber9_withlog0,testByte_literalMutationNumber9_withlog1,testByte_literalMutationNumber9_withlog2,testByte_add258_withlog0,testByte_add258_withlog1,testByte_add258_withlog2,testByte_literalMutationNumber58_withlog0,testByte_literalMutationNumber58_withlog1,testByte_literalMutationNumber58_withlog2,testByte_literalMutationNumber211_withlog0,testByte_literalMutationNumber211_withlog1,testByte_literalMutationNumber211_withlog2,testByte_literalMutationNumber82_withlog0,testByte_literalMutationNumber82_withlog1,testByte_literalMutationNumber82_withlog2,testByte_literalMutationNumber34_withlog0,testByte_literalMutationNumber34_withlog1,testByte_literalMutationNumber34_withlog2,testByte_literalMutationNumber110_withlog0,testByte_literalMutationNumber110_withlog1,testByte_literalMutationNumber110_withlog2,testByte_literalMutationNumber8_withlog0,testByte_literalMutationNumber8_withlog1,testByte_literalMutationNumber8_withlog2,testByte_literalMutationNumber157_withlog0,testByte_literalMutationNumber157_withlog1,testByte_literalMutationNumber157_withlog2,testByte_add257_withlog0,testByte_add257_withlog1,testByte_add257_withlog2,testByte_literalMutationNumber10_withlog0,testByte_literalMutationNumber10_withlog1,testByte_literalMutationNumber10_withlog2,testByte_literalMutationNumber57_withlog0,testByte_literalMutationNumber57_withlog1,testByte_literalMutationNumber57_withlog2,testByte_literalMutationNumber133_withlog0,testByte_literalMutationNumber133_withlog1,testByte_literalMutationNumber133_withlog2,testByte_literalMutationNumber210_withlog0,testByte_literalMutationNumber210_withlog1,testByte_literalMutationNumber210_withlog2,testByte_literalMutationNumber209_withlog0,testByte_literalMutationNumber209_withlog1,testByte_literalMutationNumber209_withlog2,testByte_literalMutationNumber81_withlog0,testByte_literalMutationNumber81_withlog1,testByte_literalMutationNumber81_withlog2,testByte_literalMutationNumber33_withlog0,testByte_literalMutationNumber33_withlog1,testByte_literalMutationNumber33_withlog2,testByte_literalMutationNumber7_withlog0,testByte_literalMutationNumber7_withlog1,testByte_literalMutationNumber7_withlog2,testByte_literalMutationNumber156_withlog0,testByte_literalMutationNumber156_withlog1,testByte_literalMutationNumber156_withlog2,testByte_literalMutationNumber108_withlog0,testByte_literalMutationNumber108_withlog1,testByte_literalMutationNumber108_withlog2,testByte_add256_withlog0,testByte_add256_withlog1,testByte_add256_withlog2,testByte_literalMutationNumber132_withlog0,testByte_literalMutationNumber132_withlog1,testByte_literalMutationNumber132_withlog2,testByte_literalMutationNumber79_withlog0,testByte_literalMutationNumber79_withlog1,testByte_literalMutationNumber79_withlog2,testByte_literalMutationNumber6_withlog0,testByte_literalMutationNumber6_withlog1,testByte_literalMutationNumber6_withlog2,testByte_literalMutationNumber107_withlog0,testByte_literalMutationNumber107_withlog1,testByte_literalMutationNumber107_withlog2,testByte_add255_withlog0,testByte_add255_withlog1,testByte_add255_withlog2,testByte_literalMutationNumber55_withlog0,testByte_literalMutationNumber55_withlog1,testByte_literalMutationNumber55_withlog2,testByte_literalMutationNumber131_withlog0,testByte_literalMutationNumber131_withlog1,testByte_literalMutationNumber131_withlog2,testByte_literalMutationNumber178_withlog0,testByte_literalMutationNumber178_withlog1,testByte_literalMutationNumber178_withlog2,testByte_literalMutationNumber207_withlog0,testByte_literalMutationNumber207_withlog1,testByte_literalMutationNumber207_withlog2,testByte_literalMutationNumber31_withlog0,testByte_literalMutationNumber31_withlog1,testByte_literalMutationNumber31_withlog2,testByte_literalMutationNumber78_withlog0,testByte_literalMutationNumber78_withlog1,testByte_literalMutationNumber78_withlog2,testByte_literalMutationNumber5_withlog0,testByte_literalMutationNumber5_withlog1,testByte_literalMutationNumber5_withlog2,testByte_literalMutationNumber154_withlog0,testByte_literalMutationNumber154_withlog1,testByte_literalMutationNumber154_withlog2,testByte_add254_withlog0,testByte_add254_withlog1,testByte_add254_withlog2,testByte_literalMutationNumber54_withlog0,testByte_literalMutationNumber54_withlog1,testByte_literalMutationNumber54_withlog2,testByte_literalMutationNumber130_withlog0,testByte_literalMutationNumber130_withlog1,testByte_literalMutationNumber130_withlog2,testByte_literalMutationNumber177_withlog0,testByte_literalMutationNumber177_withlog1,testByte_literalMutationNumber177_withlog2,testByte_literalMutationNumber206_withlog0,testByte_literalMutationNumber206_withlog1,testByte_literalMutationNumber206_withlog2,testByte_literalMutationNumber30_withlog0,testByte_literalMutationNumber30_withlog1,testByte_literalMutationNumber30_withlog2,testByte_literalMutationNumber77_withlog0,testByte_literalMutationNumber77_withlog1,testByte_literalMutationNumber77_withlog2,testByte_literalMutationNumber29_withlog0,testByte_literalMutationNumber29_withlog1,testByte_literalMutationNumber29_withlog2,testByte_literalMutationNumber4_withlog0,testByte_literalMutationNumber4_withlog1,testByte_literalMutationNumber4_withlog2,testByte_literalMutationNumber153_withlog0,testByte_literalMutationNumber153_withlog1,testByte_literalMutationNumber153_withlog2,testByte_literalMutationNumber105_withlog0,testByte_literalMutationNumber105_withlog1,testByte_literalMutationNumber105_withlog2,testByte_add253_withlog0,testByte_add253_withlog1,testByte_add253_withlog2,testByte_literalMutationNumber53_withlog0,testByte_literalMutationNumber53_withlog1,testByte_literalMutationNumber53_withlog2,testByte_literalMutationNumber205_withlog0,testByte_literalMutationNumber205_withlog1,testByte_literalMutationNumber205_withlog2,testByte_literalMutationNumber28_withlog0,testByte_literalMutationNumber28_withlog1,testByte_literalMutationNumber28_withlog2,testByte_literalMutationNumber3_withlog0,testByte_literalMutationNumber3_withlog1,testByte_literalMutationNumber3_withlog2,testByte_literalMutationNumber152_withlog0,testByte_literalMutationNumber152_withlog1,testByte_literalMutationNumber152_withlog2,testByte_add252_withlog0,testByte_add252_withlog1,testByte_add252_withlog2,testByte_literalMutationNumber228_withlog0,testByte_literalMutationNumber228_withlog1,testByte_literalMutationNumber228_withlog2,testByte_literalMutationNumber52_withlog0,testByte_literalMutationNumber52_withlog1,testByte_literalMutationNumber52_withlog2,testByte_literalMutationNumber99_withlog0,testByte_literalMutationNumber99_withlog1,testByte_literalMutationNumber99_withlog2,testByte_literalMutationNumber127_withlog0,testByte_literalMutationNumber127_withlog1,testByte_literalMutationNumber127_withlog2,testByte_literalMutationNumber204_withlog0,testByte_literalMutationNumber204_withlog1,testByte_literalMutationNumber204_withlog2,testByte_literalMutationNumber75_withlog0,testByte_literalMutationNumber75_withlog1,testByte_literalMutationNumber75_withlog2,testByte_literalMutationNumber27_withlog0,testByte_literalMutationNumber27_withlog1,testByte_literalMutationNumber27_withlog2,testByte_literalMutationNumber2_withlog0,testByte_literalMutationNumber2_withlog1,testByte_literalMutationNumber2_withlog2,testByte_literalMutationNumber151_withlog0,testByte_literalMutationNumber151_withlog1,testByte_literalMutationNumber151_withlog2,testByte_literalMutationNumber103_withlog0,testByte_literalMutationNumber103_withlog1,testByte_literalMutationNumber103_withlog2,testByte_add251_withlog0,testByte_add251_withlog1,testByte_add251_withlog2,testByte_literalMutationNumber227_withlog0,testByte_literalMutationNumber227_withlog1,testByte_literalMutationNumber227_withlog2,testByte_literalMutationNumber51_withlog0,testByte_literalMutationNumber51_withlog1,testByte_literalMutationNumber51_withlog2,testByte_literalMutationNumber98_withlog0,testByte_literalMutationNumber98_withlog1,testByte_literalMutationNumber98_withlog2,testByte_literalMutationNumber126_withlog0,testByte_literalMutationNumber126_withlog1,testByte_literalMutationNumber126_withlog2,testByte_literalMutationNumber203_withlog0,testByte_literalMutationNumber203_withlog1,testByte_literalMutationNumber203_withlog2,testByte_literalMutationNumber74_withlog0,testByte_literalMutationNumber74_withlog1,testByte_literalMutationNumber74_withlog2,testByte_literalMutationNumber26_withlog0,testByte_literalMutationNumber26_withlog1,testByte_literalMutationNumber26_withlog2,testByte_literalMutationNumber1_withlog0,testByte_literalMutationNumber1_withlog1,testByte_literalMutationNumber1_withlog2
[INFO] Generating assertions...
[INFO] 194 new tests with assertions generated
[INFO] Run: java -classpath /tmp/icst-2019/september-2018/dataset/commons-lang_parent/target/test-classes:/tmp/icst-2019/september-2018/dataset/commons-lang_parent/target/classes/:/home/spirals/danglot/.m2/repository/junit/junit/4.12/junit-4.12.jar:/home/spirals/danglot/.m2/repository/org/hamcrest/hamcrest-core/1.3/hamcrest-core-1.3.jar:/home/spirals/danglot/.m2/repository/org/hamcrest/hamcrest-all/1.3/hamcrest-all-1.3.jar:/home/spirals/danglot/.m2/repository/org/easymock/easymock/3.5.1/easymock-3.5.1.jar:/home/spirals/danglot/.m2/repository/org/objenesis/objenesis/2.6/objenesis-2.6.jar:/home/spirals/danglot/.m2/repository/org/openjdk/jmh/jmh-core/1.19/jmh-core-1.19.jar:/home/spirals/danglot/.m2/repository/net/sf/jopt-simple/jopt-simple/4.6/jopt-simple-4.6.jar:/home/spirals/danglot/.m2/repository/org/apache/commons/commons-math3/3.2/commons-math3-3.2.jar:/home/spirals/danglot/.m2/repository/org/openjdk/jmh/jmh-generator-annprocess/1.19/jmh-generator-annprocess-1.19.jar:/tmp/icst-2019/september-2018/dataset/commons-lang_parent/target/dspot/dependencies/:/home/spirals/danglot/.m2/repository/eu/stamp-project/test-runner/1.1.0/test-runner-1.1.0-jar-with-dependencies.jar eu.stamp_project.testrunner.runner.test.TestRunner org.apache.commons.lang3.BitFieldTest testByte_add260:testByte_add262:testByte_add259:testByte_add257:testByte_add258:testByte_add261:testByte_add251:testByte_add256:testByte_add255:testByte_add254:testByte_add253:testByte_add252:testByte_add248:testByte_add249:testByte_add250:testByte_add247:testByte_add246:testByte_add245:testByte_add244:testByte_add243:testByte_add263:testByte_literalMutationNumber96:testByte_literalMutationNumber97:testByte_literalMutationNumber210:testByte_literalMutationNumber203:testByte_literalMutationNumber204:testByte_literalMutationNumber60:testByte_literalMutationNumber218:testByte_literalMutationNumber209:testByte_literalMutationNumber219:testByte_literalMutationNumber1:testByte_literalMutationNumber84:testByte_literalMutationNumber3:testByte_literalMutationNumber85:testByte_literalMutationNumber4:testByte_literalMutationNumber72:testByte_literalMutationNumber73:testByte_literalMutationNumber5:testByte_literalMutationNumber6:testByte_literalMutationNumber59:testByte_literalMutationNumber8:testByte_literalMutationNumber9:testByte_literalMutationNumber94:testByte_literalMutationNumber57:testByte_literalMutationNumber240:testByte_literalMutationNumber241:testByte_literalMutationNumber2:testByte_literalMutationNumber190:testByte_literalMutationNumber170:testByte_literalMutationNumber191:testByte_literalMutationNumber227:testByte_literalMutationNumber201:testByte_literalMutationNumber228:testByte_literalMutationNumber10:testByte_literalMutationNumber13:testByte_literalMutationNumber22:testByte_literalMutationNumber30:testByte_literalMutationNumber47:testByte_literalMutationNumber163:testByte_literalMutationNumber12:testByte_literalMutationNumber14:testByte_literalMutationNumber20:testByte_literalMutationNumber24:testByte_literalMutationNumber33:testByte_literalMutationNumber35:testByte_literalMutationNumber48:testByte_literalMutationNumber50:testByte_literalMutationNumber164:testByte_literalMutationNumber7:testByte_literalMutationNumber15:testByte_literalMutationNumber25:testByte_literalMutationNumber36:testByte_literalMutationNumber41:testByte_literalMutationNumber45:testByte_literalMutationNumber82:testByte_literalMutationNumber31:testByte_literalMutationNumber42:testByte_literalMutationNumber196:testByte_literalMutationNumber23:testByte_literalMutationNumber51:testByte_literalMutationNumber62:testByte_literalMutationNumber183:testByte_literalMutationNumber197:testByte_literalMutationNumber16:testByte_literalMutationNumber53:testByte_literalMutationNumber61:testByte_literalMutationNumber184:testByte_literalMutationNumber207:testByte_literalMutationNumber18:testByte_literalMutationNumber26:testByte_literalMutationNumber43:testByte_literalMutationNumber54:testByte_literalMutationNumber70:testByte_literalMutationNumber90:testByte_literalMutationNumber161:testByte_literalMutationNumber169:testByte_literalMutationNumber19:testByte_literalMutationNumber27:testByte_literalMutationNumber38:testByte_literalMutationNumber63:testByte_literalMutationNumber74:testByte_literalMutationNumber81:testByte_literalMutationNumber177:testByte_literalMutationNumber29:testByte_literalMutationNumber34:testByte_literalMutationNumber37:testByte_literalMutationNumber58:testByte_literalMutationNumber65:testByte_literalMutationNumber178:testByte_literalMutationNumber55:testByte_literalMutationNumber66:testByte_literalMutationNumber91:testByte_literalMutationNumber39:testByte_literalMutationNumber71:testByte_literalMutationNumber75:testByte_literalMutationNumber86:testByte_literalMutationNumber93:testByte_literalMutationNumber49:testByte_literalMutationNumber77:testByte_literalMutationNumber67:testByte_literalMutationNumber78:testByte_literalMutationNumber167:testByte_literalMutationNumber69:testByte_literalMutationNumber87:testByte_literalMutationNumber95:testByte_literalMutationNumber98:testByte_literalMutationNumber89:testByte_literalMutationNumber79:testByte_literalMutationNumber99:testByte_literalMutationNumber150:testByte_literalMutationNumber151:testByte_literalMutationNumber222:testByte_literalMutationNumber40:testByte_literalMutationNumber101:testByte_literalMutationNumber111:testByte_literalMutationNumber120:testByte_literalMutationNumber102:testByte_literalMutationNumber110:testByte_literalMutationNumber112:testByte_literalMutationNumber121:testByte_literalMutationNumber131:testByte_literalMutationNumber200:testByte_literalMutationNumber211:testByte_literalMutationNumber220:testByte_literalMutationNumber221:testByte_literalMutationNumber113:testByte_literalMutationNumber122:testByte_literalMutationNumber132:testByte_literalMutationNumber140:testByte_literalMutationNumber141:testByte_literalMutationNumber143:testByte_literalMutationNumber156:testByte_literalMutationNumber225:testByte_literalMutationNumber52:testByte_literalMutationNumber144:testByte_literalMutationNumber157:testByte_literalMutationNumber17:testByte_literalMutationNumber103:testByte_literalMutationNumber124:testByte_literalMutationNumber130:testByte_literalMutationNumber154:testByte_literalMutationNumber202:testByte_literalMutationNumber205:testByte_literalMutationNumber214:testByte_literalMutationNumber105:testByte_literalMutationNumber116:testByte_literalMutationNumber126:testByte_literalMutationNumber135:testByte_literalMutationNumber137:testByte_literalMutationNumber162:testByte_literalMutationNumber213:testByte_literalMutationNumber215:testByte_literalMutationNumber242:testByte_literalMutationNumber28:testByte_literalMutationNumber64:testByte_literalMutationNumber107:testByte_literalMutationNumber115:testByte_literalMutationNumber117:testByte_literalMutationNumber127:testByte_literalMutationNumber133:testByte_literalMutationNumber138:testByte_literalMutationNumber153:testByte_literalMutationNumber216:testByte_literalMutationNumber238:testByte_literalMutationNumber46:testByte_literalMutationNumber108:testByte_literalMutationNumber118:testByte_literalMutationNumber148:testByte_literalMutationNumber152:testByte_literalMutationNumber172:testByte_literalMutationNumber194:testByte_literalMutationNumber206:testByte_literalMutationNumber224:testByte_literalMutationNumber125
File saved to the following path: /tmp/icst-2019/september-2018/dataset/commons-lang_parent/target/dspot/TestListener.ser
Loading /tmp/icst-2019/september-2018/dataset/commons-lang_parent/target/dspot/TestListener.ser
[INFO] Test has been run: testByte_literalMutationNumber101,testByte_literalMutationNumber102,testByte_literalMutationNumber103,testByte_literalMutationNumber105,testByte_literalMutationNumber107,testByte_literalMutationNumber108,testByte_literalMutationNumber110,testByte_literalMutationNumber111,testByte_literalMutationNumber112,testByte_literalMutationNumber113,testByte_literalMutationNumber115,testByte_literalMutationNumber116,testByte_literalMutationNumber117,testByte_literalMutationNumber118,testByte_literalMutationNumber120,testByte_literalMutationNumber121,testByte_literalMutationNumber122,testByte_literalMutationNumber124,testByte_literalMutationNumber125,testByte_literalMutationNumber126,testByte_literalMutationNumber127,testByte_literalMutationNumber130,testByte_literalMutationNumber131,testByte_literalMutationNumber132,testByte_literalMutationNumber133,testByte_literalMutationNumber135,testByte_literalMutationNumber137,testByte_literalMutationNumber138,testByte_literalMutationNumber140,testByte_literalMutationNumber141,testByte_literalMutationNumber143,testByte_literalMutationNumber144,testByte_literalMutationNumber148,testByte_literalMutationNumber150,testByte_literalMutationNumber151,testByte_literalMutationNumber152,testByte_literalMutationNumber153,testByte_literalMutationNumber154,testByte_literalMutationNumber156,testByte_literalMutationNumber157,testByte_literalMutationNumber161,testByte_literalMutationNumber162,testByte_literalMutationNumber163,testByte_literalMutationNumber164,testByte_literalMutationNumber167,testByte_literalMutationNumber169,testByte_literalMutationNumber170,testByte_literalMutationNumber172,testByte_literalMutationNumber177,testByte_literalMutationNumber178,testByte_literalMutationNumber183,testByte_literalMutationNumber184,testByte_literalMutationNumber190,testByte_literalMutationNumber191,testByte_literalMutationNumber194,testByte_literalMutationNumber196,testByte_literalMutationNumber197,testByte_literalMutationNumber200,testByte_literalMutationNumber201,testByte_literalMutationNumber202,testByte_literalMutationNumber203,testByte_literalMutationNumber204,testByte_literalMutationNumber205,testByte_literalMutationNumber206,testByte_literalMutationNumber207,testByte_literalMutationNumber209,testByte_literalMutationNumber210,testByte_literalMutationNumber211,testByte_literalMutationNumber213,testByte_literalMutationNumber214,testByte_literalMutationNumber215,testByte_literalMutationNumber216,testByte_literalMutationNumber218,testByte_literalMutationNumber219,testByte_literalMutationNumber220,testByte_literalMutationNumber221,testByte_literalMutationNumber222,testByte_literalMutationNumber224,testByte_literalMutationNumber225,testByte_literalMutationNumber227,testByte_literalMutationNumber228,testByte_literalMutationNumber238,testByte_literalMutationNumber240,testByte_literalMutationNumber241,testByte_literalMutationNumber242,testByte_literalMutationNumber10,testByte_literalMutationNumber12,testByte_literalMutationNumber13,testByte_literalMutationNumber14,testByte_literalMutationNumber15,testByte_literalMutationNumber16,testByte_literalMutationNumber17,testByte_literalMutationNumber18,testByte_literalMutationNumber19,testByte_literalMutationNumber20,testByte_literalMutationNumber22,testByte_literalMutationNumber23,testByte_literalMutationNumber24,testByte_literalMutationNumber25,testByte_literalMutationNumber26,testByte_literalMutationNumber27,testByte_literalMutationNumber28,testByte_literalMutationNumber29,testByte_literalMutationNumber30,testByte_literalMutationNumber31,testByte_literalMutationNumber33,testByte_literalMutationNumber34,testByte_literalMutationNumber35,testByte_literalMutationNumber36,testByte_literalMutationNumber37,testByte_literalMutationNumber38,testByte_literalMutationNumber39,testByte_literalMutationNumber40,testByte_literalMutationNumber41,testByte_literalMutationNumber42,testByte_literalMutationNumber43,testByte_literalMutationNumber45,testByte_literalMutationNumber46,testByte_literalMutationNumber47,testByte_literalMutationNumber48,testByte_literalMutationNumber49,testByte_literalMutationNumber50,testByte_literalMutationNumber51,testByte_literalMutationNumber52,testByte_literalMutationNumber53,testByte_literalMutationNumber54,testByte_literalMutationNumber55,testByte_literalMutationNumber57,testByte_literalMutationNumber58,testByte_literalMutationNumber59,testByte_literalMutationNumber60,testByte_literalMutationNumber61,testByte_literalMutationNumber62,testByte_literalMutationNumber63,testByte_literalMutationNumber64,testByte_literalMutationNumber65,testByte_literalMutationNumber66,testByte_literalMutationNumber67,testByte_literalMutationNumber69,testByte_literalMutationNumber70,testByte_literalMutationNumber71,testByte_literalMutationNumber72,testByte_literalMutationNumber73,testByte_literalMutationNumber74,testByte_literalMutationNumber75,testByte_literalMutationNumber77,testByte_literalMutationNumber78,testByte_literalMutationNumber79,testByte_literalMutationNumber81,testByte_literalMutationNumber82,testByte_literalMutationNumber84,testByte_literalMutationNumber85,testByte_literalMutationNumber86,testByte_literalMutationNumber87,testByte_literalMutationNumber89,testByte_literalMutationNumber90,testByte_literalMutationNumber91,testByte_literalMutationNumber93,testByte_literalMutationNumber94,testByte_literalMutationNumber95,testByte_literalMutationNumber96,testByte_literalMutationNumber97,testByte_literalMutationNumber98,testByte_literalMutationNumber99,testByte_add243,testByte_add244,testByte_add245,testByte_add246,testByte_add247,testByte_add248,testByte_add249,testByte_add250,testByte_add251,testByte_add252,testByte_add253,testByte_add254,testByte_add255,testByte_add256,testByte_add257,testByte_add258,testByte_add259,testByte_add260,testByte_add261,testByte_add262,testByte_add263,testByte_literalMutationNumber1,testByte_literalMutationNumber2,testByte_literalMutationNumber3,testByte_literalMutationNumber4,testByte_literalMutationNumber5,testByte_literalMutationNumber6,testByte_literalMutationNumber7,testByte_literalMutationNumber8,testByte_literalMutationNumber9
[INFO] Assertion amplification: 194 test method(s) has been successfully amplified.
[WARN] 2018-09-29 23:56:48 Launcher - You specified the directory /tmp/icst-2019/september-2018/dataset/commons-lang/target/classes in source classpath, please note that only class files will be considered. Jars and subdirectories will be ignored.
[WARN] 2018-09-29 23:56:48 Launcher - You specified the directory /tmp/icst-2019/september-2018/dataset/commons-lang/target/test-classes in source classpath, please note that only class files will be considered. Jars and subdirectories will be ignored.
[WARN] 2018-09-29 23:56:48 Launcher - You specified the directory /tmp/icst-2019/september-2018/dataset/commons-lang/target/dspot/dependencies in source classpath, please note that only class files will be considered. Jars and subdirectories will be ignored.
[INFO] Run: java -classpath /tmp/icst-2019/september-2018/dataset/commons-lang/target/classes/:/tmp/icst-2019/september-2018/dataset/commons-lang/target/test-classes/:/home/spirals/danglot/.m2/repository/junit/junit/4.12/junit-4.12.jar:/home/spirals/danglot/.m2/repository/org/hamcrest/hamcrest-core/1.3/hamcrest-core-1.3.jar:/home/spirals/danglot/.m2/repository/org/hamcrest/hamcrest-all/1.3/hamcrest-all-1.3.jar:/home/spirals/danglot/.m2/repository/org/easymock/easymock/3.5.1/easymock-3.5.1.jar:/home/spirals/danglot/.m2/repository/org/objenesis/objenesis/2.6/objenesis-2.6.jar:/home/spirals/danglot/.m2/repository/org/openjdk/jmh/jmh-core/1.19/jmh-core-1.19.jar:/home/spirals/danglot/.m2/repository/net/sf/jopt-simple/jopt-simple/4.6/jopt-simple-4.6.jar:/home/spirals/danglot/.m2/repository/org/apache/commons/commons-math3/3.2/commons-math3-3.2.jar:/home/spirals/danglot/.m2/repository/org/openjdk/jmh/jmh-generator-annprocess/1.19/jmh-generator-annprocess-1.19.jar:/tmp/icst-2019/september-2018/dataset/commons-lang/target/dspot/dependencies/:/home/spirals/danglot/.m2/repository/eu/stamp-project/test-runner/1.1.0/test-runner-1.1.0-jar-with-dependencies.jar eu.stamp_project.testrunner.runner.test.TestRunner org.apache.commons.lang3.BitFieldTest testByte_add260:testByte_add262:testByte_add259:testByte_add257:testByte_add258:testByte_add261:testByte_add251:testByte_add256:testByte_add255:testByte_add254:testByte_add253:testByte_add252:testByte_add248:testByte_add249:testByte_add250:testByte_add247:testByte_add246:testByte_add245:testByte_add244:testByte_add243:testByte_add263:testByte_literalMutationNumber96:testByte_literalMutationNumber97:testByte_literalMutationNumber210:testByte_literalMutationNumber203:testByte_literalMutationNumber204:testByte_literalMutationNumber60:testByte_literalMutationNumber218:testByte_literalMutationNumber209:testByte_literalMutationNumber219:testByte_literalMutationNumber1:testByte_literalMutationNumber84:testByte_literalMutationNumber3:testByte_literalMutationNumber85:testByte_literalMutationNumber4:testByte_literalMutationNumber72:testByte_literalMutationNumber73:testByte_literalMutationNumber5:testByte_literalMutationNumber6:testByte_literalMutationNumber59:testByte_literalMutationNumber8:testByte_literalMutationNumber9:testByte_literalMutationNumber94:testByte_literalMutationNumber57:testByte_literalMutationNumber240:testByte_literalMutationNumber241:testByte_literalMutationNumber2:testByte_literalMutationNumber190:testByte_literalMutationNumber170:testByte_literalMutationNumber191:testByte_literalMutationNumber227:testByte_literalMutationNumber201:testByte_literalMutationNumber228:testByte_literalMutationNumber10:testByte_literalMutationNumber13:testByte_literalMutationNumber22:testByte_literalMutationNumber30:testByte_literalMutationNumber47:testByte_literalMutationNumber163:testByte_literalMutationNumber12:testByte_literalMutationNumber14:testByte_literalMutationNumber20:testByte_literalMutationNumber24:testByte_literalMutationNumber33:testByte_literalMutationNumber35:testByte_literalMutationNumber48:testByte_literalMutationNumber50:testByte_literalMutationNumber164:testByte_literalMutationNumber7:testByte_literalMutationNumber15:testByte_literalMutationNumber25:testByte_literalMutationNumber36:testByte_literalMutationNumber41:testByte_literalMutationNumber45:testByte_literalMutationNumber82:testByte_literalMutationNumber31:testByte_literalMutationNumber42:testByte_literalMutationNumber196:testByte_literalMutationNumber23:testByte_literalMutationNumber51:testByte_literalMutationNumber62:testByte_literalMutationNumber183:testByte_literalMutationNumber197:testByte_literalMutationNumber16:testByte_literalMutationNumber53:testByte_literalMutationNumber61:testByte_literalMutationNumber184:testByte_literalMutationNumber207:testByte_literalMutationNumber18:testByte_literalMutationNumber26:testByte_literalMutationNumber43:testByte_literalMutationNumber54:testByte_literalMutationNumber70:testByte_literalMutationNumber90:testByte_literalMutationNumber161:testByte_literalMutationNumber169:testByte_literalMutationNumber19:testByte_literalMutationNumber27:testByte_literalMutationNumber38:testByte_literalMutationNumber63:testByte_literalMutationNumber74:testByte_literalMutationNumber81:testByte_literalMutationNumber177:testByte_literalMutationNumber29:testByte_literalMutationNumber34:testByte_literalMutationNumber37:testByte_literalMutationNumber58:testByte_literalMutationNumber65:testByte_literalMutationNumber178:testByte_literalMutationNumber55:testByte_literalMutationNumber66:testByte_literalMutationNumber91:testByte_literalMutationNumber39:testByte_literalMutationNumber71:testByte_literalMutationNumber75:testByte_literalMutationNumber86:testByte_literalMutationNumber93:testByte_literalMutationNumber49:testByte_literalMutationNumber77:testByte_literalMutationNumber67:testByte_literalMutationNumber78:testByte_literalMutationNumber167:testByte_literalMutationNumber69:testByte_literalMutationNumber87:testByte_literalMutationNumber95:testByte_literalMutationNumber98:testByte_literalMutationNumber89:testByte_literalMutationNumber79:testByte_literalMutationNumber99:testByte_literalMutationNumber150:testByte_literalMutationNumber151:testByte_literalMutationNumber222:testByte_literalMutationNumber40:testByte_literalMutationNumber101:testByte_literalMutationNumber111:testByte_literalMutationNumber120:testByte_literalMutationNumber102:testByte_literalMutationNumber110:testByte_literalMutationNumber112:testByte_literalMutationNumber121:testByte_literalMutationNumber131:testByte_literalMutationNumber200:testByte_literalMutationNumber211:testByte_literalMutationNumber220:testByte_literalMutationNumber221:testByte_literalMutationNumber113:testByte_literalMutationNumber122:testByte_literalMutationNumber132:testByte_literalMutationNumber140:testByte_literalMutationNumber141:testByte_literalMutationNumber143:testByte_literalMutationNumber156:testByte_literalMutationNumber225:testByte_literalMutationNumber52:testByte_literalMutationNumber144:testByte_literalMutationNumber157:testByte_literalMutationNumber17:testByte_literalMutationNumber103:testByte_literalMutationNumber124:testByte_literalMutationNumber130:testByte_literalMutationNumber154:testByte_literalMutationNumber202:testByte_literalMutationNumber205:testByte_literalMutationNumber214:testByte_literalMutationNumber105:testByte_literalMutationNumber116:testByte_literalMutationNumber126:testByte_literalMutationNumber135:testByte_literalMutationNumber137:testByte_literalMutationNumber162:testByte_literalMutationNumber213:testByte_literalMutationNumber215:testByte_literalMutationNumber242:testByte_literalMutationNumber28:testByte_literalMutationNumber64:testByte_literalMutationNumber107:testByte_literalMutationNumber115:testByte_literalMutationNumber117:testByte_literalMutationNumber127:testByte_literalMutationNumber133:testByte_literalMutationNumber138:testByte_literalMutationNumber153:testByte_literalMutationNumber216:testByte_literalMutationNumber238:testByte_literalMutationNumber46:testByte_literalMutationNumber108:testByte_literalMutationNumber118:testByte_literalMutationNumber148:testByte_literalMutationNumber152:testByte_literalMutationNumber172:testByte_literalMutationNumber194:testByte_literalMutationNumber206:testByte_literalMutationNumber224:testByte_literalMutationNumber125
File saved to the following path: /tmp/icst-2019/september-2018/dataset/commons-lang_parent/target/dspot/TestListener.ser
Loading /tmp/icst-2019/september-2018/dataset/commons-lang_parent/target/dspot/TestListener.ser
[INFO] Test has been run: testByte_literalMutationNumber101,testByte_literalMutationNumber102,testByte_literalMutationNumber103,testByte_literalMutationNumber105,testByte_literalMutationNumber107,testByte_literalMutationNumber108,testByte_literalMutationNumber110,testByte_literalMutationNumber111,testByte_literalMutationNumber112,testByte_literalMutationNumber113,testByte_literalMutationNumber115,testByte_literalMutationNumber116,testByte_literalMutationNumber117,testByte_literalMutationNumber118,testByte_literalMutationNumber120,testByte_literalMutationNumber121,testByte_literalMutationNumber122,testByte_literalMutationNumber124,testByte_literalMutationNumber125,testByte_literalMutationNumber126,testByte_literalMutationNumber127,testByte_literalMutationNumber130,testByte_literalMutationNumber131,testByte_literalMutationNumber132,testByte_literalMutationNumber133,testByte_literalMutationNumber135,testByte_literalMutationNumber137,testByte_literalMutationNumber138,testByte_literalMutationNumber140,testByte_literalMutationNumber141,testByte_literalMutationNumber143,testByte_literalMutationNumber144,testByte_literalMutationNumber148,testByte_literalMutationNumber150,testByte_literalMutationNumber151,testByte_literalMutationNumber152,testByte_literalMutationNumber153,testByte_literalMutationNumber154,testByte_literalMutationNumber156,testByte_literalMutationNumber157,testByte_literalMutationNumber161,testByte_literalMutationNumber162,testByte_literalMutationNumber163,testByte_literalMutationNumber164,testByte_literalMutationNumber167,testByte_literalMutationNumber169,testByte_literalMutationNumber170,testByte_literalMutationNumber172,testByte_literalMutationNumber177,testByte_literalMutationNumber178,testByte_literalMutationNumber183,testByte_literalMutationNumber184,testByte_literalMutationNumber190,testByte_literalMutationNumber191,testByte_literalMutationNumber194,testByte_literalMutationNumber196,testByte_literalMutationNumber197,testByte_literalMutationNumber200,testByte_literalMutationNumber201,testByte_literalMutationNumber202,testByte_literalMutationNumber203,testByte_literalMutationNumber204,testByte_literalMutationNumber205,testByte_literalMutationNumber206,testByte_literalMutationNumber207,testByte_literalMutationNumber209,testByte_literalMutationNumber210,testByte_literalMutationNumber211,testByte_literalMutationNumber213,testByte_literalMutationNumber214,testByte_literalMutationNumber215,testByte_literalMutationNumber216,testByte_literalMutationNumber218,testByte_literalMutationNumber219,testByte_literalMutationNumber220,testByte_literalMutationNumber221,testByte_literalMutationNumber222,testByte_literalMutationNumber224,testByte_literalMutationNumber225,testByte_literalMutationNumber227,testByte_literalMutationNumber228,testByte_literalMutationNumber238,testByte_literalMutationNumber240,testByte_literalMutationNumber241,testByte_literalMutationNumber242,testByte_literalMutationNumber10,testByte_literalMutationNumber12,testByte_literalMutationNumber13,testByte_literalMutationNumber14,testByte_literalMutationNumber15,testByte_literalMutationNumber16,testByte_literalMutationNumber17,testByte_literalMutationNumber18,testByte_literalMutationNumber19,testByte_literalMutationNumber20,testByte_literalMutationNumber22,testByte_literalMutationNumber23,testByte_literalMutationNumber24,testByte_literalMutationNumber25,testByte_literalMutationNumber26,testByte_literalMutationNumber27,testByte_literalMutationNumber28,testByte_literalMutationNumber29,testByte_literalMutationNumber30,testByte_literalMutationNumber31,testByte_literalMutationNumber33,testByte_literalMutationNumber34,testByte_literalMutationNumber35,testByte_literalMutationNumber36,testByte_literalMutationNumber37,testByte_literalMutationNumber38,testByte_literalMutationNumber39,testByte_literalMutationNumber40,testByte_literalMutationNumber41,testByte_literalMutationNumber42,testByte_literalMutationNumber43,testByte_literalMutationNumber45,testByte_literalMutationNumber46,testByte_literalMutationNumber47,testByte_literalMutationNumber48,testByte_literalMutationNumber49,testByte_literalMutationNumber50,testByte_literalMutationNumber51,testByte_literalMutationNumber52,testByte_literalMutationNumber53,testByte_literalMutationNumber54,testByte_literalMutationNumber55,testByte_literalMutationNumber57,testByte_literalMutationNumber58,testByte_literalMutationNumber59,testByte_literalMutationNumber60,testByte_literalMutationNumber61,testByte_literalMutationNumber62,testByte_literalMutationNumber63,testByte_literalMutationNumber64,testByte_literalMutationNumber65,testByte_literalMutationNumber66,testByte_literalMutationNumber67,testByte_literalMutationNumber69,testByte_literalMutationNumber70,testByte_literalMutationNumber71,testByte_literalMutationNumber72,testByte_literalMutationNumber73,testByte_literalMutationNumber74,testByte_literalMutationNumber75,testByte_literalMutationNumber77,testByte_literalMutationNumber78,testByte_literalMutationNumber79,testByte_literalMutationNumber81,testByte_literalMutationNumber82,testByte_literalMutationNumber84,testByte_literalMutationNumber85,testByte_literalMutationNumber86,testByte_literalMutationNumber87,testByte_literalMutationNumber89,testByte_literalMutationNumber90,testByte_literalMutationNumber91,testByte_literalMutationNumber93,testByte_literalMutationNumber94,testByte_literalMutationNumber95,testByte_literalMutationNumber96,testByte_literalMutationNumber97,testByte_literalMutationNumber98,testByte_literalMutationNumber99,testByte_add243,testByte_add244,testByte_add245,testByte_add246,testByte_add247,testByte_add248,testByte_add249,testByte_add250,testByte_add251,testByte_add252,testByte_add253,testByte_add254,testByte_add255,testByte_add256,testByte_add257,testByte_add258,testByte_add259,testByte_add260,testByte_add261,testByte_add262,testByte_add263,testByte_literalMutationNumber1,testByte_literalMutationNumber2,testByte_literalMutationNumber3,testByte_literalMutationNumber4,testByte_literalMutationNumber5,testByte_literalMutationNumber6,testByte_literalMutationNumber7,testByte_literalMutationNumber8,testByte_literalMutationNumber9
[INFO] 0 amplified test methods has been selected to be kept.
[INFO] iteration 1 / 3
[INFO] 194 tests selected to be amplified over 194 available tests
[INFO] Amplification of inputs...
 62% |=============================== ]- 87% |=========================================== ]- 31% |=========================================== ]/ 12% |=========================================== ]/ 31% |=========================================== ]- 63% |=========================================== ]\ 13% |=========================================== ]- 88% |============================================ ]\ 63% |============================================ ]| 32% |============================================ ]\ 88% |============================================ ]| 13% |============================================ ]\ 89% |============================================ ]/ 32% |============================================ ]| 64% |============================================ ]/ 14% |============================================ ]| 33% |============================================ ]/ 89% |============================================ ]- 64% |============================================ ]- 14% |============================================ ]/ 90% |============================================= ]\ 34% |============================================= ]- 65% |============================================= ]\ 15% |============================================= ]- 90% |============================================= ]| 34% |============================================= ]\ 65% |============================================= ]| 15% |============================================= ]\ 19% |============================================= ]/ 91% |============================================= ]/ 35% |============================================= ]| 66% |============================================= ]/ 93% |============================================== ]- 19% |============================================== ]- 35% |============================================== ]/ 81% |============================================== ]-[INFO] ------------------------------------------------------------------------
[INFO] BUILD FAILURE
[INFO] ------------------------------------------------------------------------
[INFO] Total time: 03:10 h
[INFO] Finished at: 2018-09-30T03:05:42+02:00
[INFO] ------------------------------------------------------------------------
[ERROR] OutOfMemoryError: Java heap space -> [Help 1]
java.lang.OutOfMemoryError
    at sun.reflect.NativeConstructorAccessorImpl.newInstance0 (Native Method)
    at sun.reflect.NativeConstructorAccessorImpl.newInstance (NativeConstructorAccessorImpl.java:62)
    at sun.reflect.DelegatingConstructorAccessorImpl.newInstance (DelegatingConstructorAccessorImpl.java:45)
    at java.lang.reflect.Constructor.newInstance (Constructor.java:423)
    at java.util.concurrent.ForkJoinTask.getThrowableException (ForkJoinTask.java:598)
    at java.util.concurrent.ForkJoinTask.reportException (ForkJoinTask.java:677)
    at java.util.concurrent.ForkJoinTask.invoke (ForkJoinTask.java:735)
    at java.util.stream.ReduceOps$ReduceOp.evaluateParallel (ReduceOps.java:714)
    at java.util.stream.AbstractPipeline.evaluate (AbstractPipeline.java:233)
    at java.util.stream.ReferencePipeline.collect (ReferencePipeline.java:499)
    at eu.stamp_project.dspot.budget.NoBudgetizer.inputAmplify (NoBudgetizer.java:55)
    at eu.stamp_project.dspot.Amplification.amplification (Amplification.java:134)
    at eu.stamp_project.dspot.Amplification.amplification (Amplification.java:97)
    at eu.stamp_project.dspot.DSpot.amplifyTest (DSpot.java:181)
    at eu.stamp_project.dspot.DSpot.amplifyTest (DSpot.java:171)
    at eu.stamp_project.Main.lambda$run$1 (Main.java:69)
    at java.util.stream.ReferencePipeline$3$1.accept (ReferencePipeline.java:193)
    at java.util.ArrayList$ArrayListSpliterator.forEachRemaining (ArrayList.java:1374)
    at java.util.stream.AbstractPipeline.copyInto (AbstractPipeline.java:481)
    at java.util.stream.AbstractPipeline.wrapAndCopyInto (AbstractPipeline.java:471)
    at java.util.stream.ReduceOps$ReduceOp.evaluateSequential (ReduceOps.java:708)
    at java.util.stream.AbstractPipeline.evaluate (AbstractPipeline.java:234)
    at java.util.stream.ReferencePipeline.collect (ReferencePipeline.java:499)
    at eu.stamp_project.Main.run (Main.java:71)
    at eu.stamp_project.DSpotMojo.execute (DSpotMojo.java:263)
    at org.apache.maven.plugin.DefaultBuildPluginManager.executeMojo (DefaultBuildPluginManager.java:137)
    at org.apache.maven.lifecycle.internal.MojoExecutor.execute (MojoExecutor.java:208)
    at org.apache.maven.lifecycle.internal.MojoExecutor.execute (MojoExecutor.java:154)
    at org.apache.maven.lifecycle.internal.MojoExecutor.execute (MojoExecutor.java:146)
    at org.apache.maven.lifecycle.internal.LifecycleModuleBuilder.buildProject (LifecycleModuleBuilder.java:117)
    at org.apache.maven.lifecycle.internal.LifecycleModuleBuilder.buildProject (LifecycleModuleBuilder.java:81)
    at org.apache.maven.lifecycle.internal.builder.singlethreaded.SingleThreadedBuilder.build (SingleThreadedBuilder.java:56)
    at org.apache.maven.lifecycle.internal.LifecycleStarter.execute (LifecycleStarter.java:128)
    at org.apache.maven.DefaultMaven.doExecute (DefaultMaven.java:305)
    at org.apache.maven.DefaultMaven.doExecute (DefaultMaven.java:192)
    at org.apache.maven.DefaultMaven.execute (DefaultMaven.java:105)
    at org.apache.maven.cli.MavenCli.execute (MavenCli.java:954)
    at org.apache.maven.cli.MavenCli.doMain (MavenCli.java:288)
    at org.apache.maven.cli.MavenCli.main (MavenCli.java:192)
    at sun.reflect.NativeMethodAccessorImpl.invoke0 (Native Method)
    at sun.reflect.NativeMethodAccessorImpl.invoke (NativeMethodAccessorImpl.java:62)
    at sun.reflect.DelegatingMethodAccessorImpl.invoke (DelegatingMethodAccessorImpl.java:43)
    at java.lang.reflect.Method.invoke (Method.java:498)
    at org.codehaus.plexus.classworlds.launcher.Launcher.launchEnhanced (Launcher.java:289)
    at org.codehaus.plexus.classworlds.launcher.Launcher.launch (Launcher.java:229)
    at org.codehaus.plexus.classworlds.launcher.Launcher.mainWithExitCode (Launcher.java:415)
    at org.codehaus.plexus.classworlds.launcher.Launcher.main (Launcher.java:356)
Caused by: java.lang.OutOfMemoryError: Java heap space
    at java.util.Collections$EmptyList.toArray (Collections.java:4445)
    at java.util.ArrayList.<init> (ArrayList.java:177)
    at spoon.reflect.visitor.CtScanner.scan (CtScanner.java:146)
    at spoon.reflect.visitor.CtScanner.visitCtExecutableReference (CtScanner.java:408)
    at spoon.support.visitor.equals.CloneHelper$1.visitCtExecutableReference (CloneHelper.java:135)
    at spoon.support.reflect.reference.CtExecutableReferenceImpl.accept (CtExecutableReferenceImpl.java:86)
    at spoon.reflect.visitor.CtScanner.scan (CtScanner.java:181)
    at spoon.reflect.visitor.CtScanner.scan (CtScanner.java:173)
    at spoon.reflect.visitor.CtScanner.visitCtInvocation (CtScanner.java:506)
    at spoon.support.reflect.code.CtInvocationImpl.accept (CtInvocationImpl.java:55)
    at spoon.reflect.visitor.CtScanner.scan (CtScanner.java:181)
    at spoon.reflect.visitor.CtScanner.scan (CtScanner.java:173)
    at spoon.reflect.visitor.CtScanner.scan (CtScanner.java:147)
    at spoon.reflect.visitor.CtScanner.visitCtBlock (CtScanner.java:302)
    at spoon.support.reflect.code.CtBlockImpl.accept (CtBlockImpl.java:67)
    at spoon.reflect.visitor.CtScanner.scan (CtScanner.java:181)
    at spoon.reflect.visitor.CtScanner.scan (CtScanner.java:173)
    at spoon.reflect.visitor.CtScanner.visitCtMethod (CtScanner.java:559)
    at spoon.support.reflect.declaration.CtMethodImpl.accept (CtMethodImpl.java:72)
    at spoon.reflect.visitor.CtScanner.scan (CtScanner.java:181)
    at spoon.support.visitor.equals.CloneHelper.tailor (CloneHelper.java:137)
    at spoon.support.visitor.clone.CloneVisitor.visitCtMethod (CloneVisitor.java:503)
    at spoon.support.reflect.declaration.CtMethodImpl.accept (CtMethodImpl.java:72)
    at spoon.reflect.visitor.CtScanner.scan (CtScanner.java:181)
    at spoon.support.visitor.equals.CloneHelper.clone (CloneHelper.java:49)
    at spoon.support.reflect.declaration.CtElementImpl.clone (CtElementImpl.java:576)
    at spoon.support.reflect.declaration.CtNamedElementImpl.clone (CtNamedElementImpl.java:61)
    at spoon.support.reflect.declaration.CtExecutableImpl.clone (CtExecutableImpl.java:196)
    at spoon.support.reflect.declaration.CtMethodImpl.clone (CtMethodImpl.java:219)
    at eu.stamp_project.utils.CloneHelper.cloneMethod (CloneHelper.java:124)
    at eu.stamp_project.utils.CloneHelper.cloneTestMethod (CloneHelper.java:149)
    at eu.stamp_project.utils.CloneHelper.cloneTestMethodForAmp (CloneHelper.java:107)
[ERROR] 
[ERROR] 
[ERROR] For more information about the errors and possible solutions, please read the following articles:
[ERROR] [Help 1] http://cwiki.apache.org/confluence/display/MAVEN/OutOfMemoryError
