[INFO] Scanning for projects...
[INFO] 
[INFO] ---------------------------< io.scif:scifio >---------------------------
[INFO] Building SCIFIO Core 0.27.4-SNAPSHOT
[INFO] --------------------------------[ jar ]---------------------------------
[INFO] 
[INFO] --- dspot-maven:1.1.1-SNAPSHOT:amplify-unit-tests (default-cli) @ scifio ---
Downloading from stamp-maven-repository-mvn-repo: https://stamp-project.github.io/stamp-maven-repository/eu/stamp-project/dspot/1.1.1-SNAPSHOT/maven-metadata.xml
Downloading from stamp-maven-repository-mvn-repo: https://stamp-project.github.io/stamp-maven-repository/fr/inria/gforge/spoon/spoon-core/7.1.0-SNAPSHOT/maven-metadata.xml
Downloading from stamp-maven-repository-mvn-repo: https://stamp-project.github.io/stamp-maven-repository/org/eclipse/platform/org.eclipse.core.resources/maven-metadata.xml
Downloading from stamp-maven-repository-mvn-repo: https://stamp-project.github.io/stamp-maven-repository/org/eclipse/platform/org.eclipse.core.expressions/maven-metadata.xml
Downloading from stamp-maven-repository-mvn-repo: https://stamp-project.github.io/stamp-maven-repository/org/eclipse/platform/org.eclipse.core.runtime/maven-metadata.xml
Downloading from stamp-maven-repository-mvn-repo: https://stamp-project.github.io/stamp-maven-repository/org/eclipse/platform/org.eclipse.osgi/maven-metadata.xml
Downloading from stamp-maven-repository-mvn-repo: https://stamp-project.github.io/stamp-maven-repository/org/eclipse/platform/org.eclipse.equinox.common/maven-metadata.xml
Downloading from stamp-maven-repository-mvn-repo: https://stamp-project.github.io/stamp-maven-repository/org/eclipse/platform/org.eclipse.core.jobs/maven-metadata.xml
Downloading from stamp-maven-repository-mvn-repo: https://stamp-project.github.io/stamp-maven-repository/org/eclipse/platform/org.eclipse.equinox.registry/maven-metadata.xml
Downloading from stamp-maven-repository-mvn-repo: https://stamp-project.github.io/stamp-maven-repository/org/eclipse/platform/org.eclipse.equinox.preferences/maven-metadata.xml
Downloading from stamp-maven-repository-mvn-repo: https://stamp-project.github.io/stamp-maven-repository/org/eclipse/platform/org.eclipse.core.contenttype/maven-metadata.xml
Downloading from stamp-maven-repository-mvn-repo: https://stamp-project.github.io/stamp-maven-repository/org/eclipse/platform/org.eclipse.equinox.app/maven-metadata.xml
Downloading from stamp-maven-repository-mvn-repo: https://stamp-project.github.io/stamp-maven-repository/org/eclipse/platform/org.eclipse.core.filesystem/maven-metadata.xml
Downloading from stamp-maven-repository-mvn-repo: https://stamp-project.github.io/stamp-maven-repository/org/eclipse/platform/org.eclipse.text/maven-metadata.xml
Downloading from stamp-maven-repository-mvn-repo: https://stamp-project.github.io/stamp-maven-repository/org/eclipse/platform/org.eclipse.core.commands/maven-metadata.xml
[INFO] Path to runner Classes: /home/spirals/danglot/.m2/repository/eu/stamp-project/test-runner/1.1.0/test-runner-1.1.0-jar-with-dependencies.jar
[INFO] /home/spirals/danglot/.m2/repository/org/jacoco/org.jacoco.core/0.7.9/org.jacoco.core-0.7.9.jar
[INFO] /home/spirals/danglot/.m2/repository/org/ow2/asm/asm-debug-all/5.2/asm-debug-all-5.2.jar
[INFO] /home/spirals/danglot/.m2/repository/eu/stamp-project/test-runner/1.1.0/test-runner-1.1.0-jar-with-dependencies.jar
[WARNING] automaticBuilderName: unknown automatic builder specified in configuration, going to default.
[INFO] Default: provided Maven automatic builder.
[INFO] run maven clean test -DskipTests dependency:build-classpath -Dmdep.outputFile=target/dspot/classpath
[WARN] Maven will be executed in interactive mode, but no input stream has been configured for this MavenInvoker instance.
[INFO] Scanning for projects...
Downloading from central: https://repo.maven.apache.org/maven2/org/fusesource/mvnplugins/maven-graph-plugin/1.30/maven-graph-plugin-1.30.pom
Progress (1): 2.2/2.4 kB
Progress (1): 2.4 kB    
                    
Downloaded from central: https://repo.maven.apache.org/maven2/org/fusesource/mvnplugins/maven-graph-plugin/1.30/maven-graph-plugin-1.30.pom (2.4 kB at 3.7 kB/s)
Downloading from central: https://repo.maven.apache.org/maven2/org/fusesource/mvnplugins/mvnplugins/1.30/mvnplugins-1.30.pom
Progress (1): 2.2/9.2 kB
Progress (1): 5.0/9.2 kB
Progress (1): 7.8/9.2 kB
Progress (1): 9.2 kB    
                    
Downloaded from central: https://repo.maven.apache.org/maven2/org/fusesource/mvnplugins/mvnplugins/1.30/mvnplugins-1.30.pom (9.2 kB at 16 kB/s)
Downloading from central: https://repo.maven.apache.org/maven2/org/fusesource/mvnplugins/maven-graph-plugin/1.30/maven-graph-plugin-1.30.jar
Progress (1): 2.2/23 kB
Progress (1): 5.0/23 kB
Progress (1): 7.7/23 kB
Progress (1): 10/23 kB 
Progress (1): 13/23 kB
Progress (1): 16/23 kB
Progress (1): 19/23 kB
Progress (1): 21/23 kB
Progress (1): 23 kB   
                   
Downloaded from central: https://repo.maven.apache.org/maven2/org/fusesource/mvnplugins/maven-graph-plugin/1.30/maven-graph-plugin-1.30.jar (23 kB at 44 kB/s)
Downloading from central: https://repo.maven.apache.org/maven2/com/zenjava/javafx-maven-plugin/8.1.2/javafx-maven-plugin-8.1.2.pom
Progress (1): 2.2/9.3 kB
Progress (1): 5.0/9.3 kB
Progress (1): 7.8/9.3 kB
Progress (1): 9.3 kB    
                    
Downloaded from central: https://repo.maven.apache.org/maven2/com/zenjava/javafx-maven-plugin/8.1.2/javafx-maven-plugin-8.1.2.pom (9.3 kB at 19 kB/s)
Downloading from central: https://repo.maven.apache.org/maven2/com/zenjava/javafx-maven-plugin/8.1.2/javafx-maven-plugin-8.1.2.jar
Progress (1): 2.2/38 kB
Progress (1): 5.0/38 kB
Progress (1): 7.7/38 kB
Progress (1): 10/38 kB 
Progress (1): 13/38 kB
Progress (1): 16/38 kB
Progress (1): 19/38 kB
Progress (1): 21/38 kB
Progress (1): 24/38 kB
Progress (1): 27/38 kB
Progress (1): 30/38 kB
Progress (1): 32/38 kB
Progress (1): 35/38 kB
Progress (1): 38/38 kB
Progress (1): 38 kB   
                   
Downloaded from central: https://repo.maven.apache.org/maven2/com/zenjava/javafx-maven-plugin/8.1.2/javafx-maven-plugin-8.1.2.jar (38 kB at 45 kB/s)
Downloading from central: https://repo.maven.apache.org/maven2/com/github/maven-nar/nar-maven-plugin/3.2.0/nar-maven-plugin-3.2.0.pom
Progress (1): 2.2/21 kB
Progress (1): 5.0/21 kB
Progress (1): 7.8/21 kB
Progress (1): 11/21 kB 
Progress (1): 13/21 kB
Progress (1): 16/21 kB
Progress (1): 19/21 kB
Progress (1): 21/21 kB
Progress (1): 21 kB   
                   
Downloaded from central: https://repo.maven.apache.org/maven2/com/github/maven-nar/nar-maven-plugin/3.2.0/nar-maven-plugin-3.2.0.pom (21 kB at 32 kB/s)
Downloading from central: https://repo.maven.apache.org/maven2/com/github/maven-nar/nar-maven-plugin/3.2.0/nar-maven-plugin-3.2.0.jar
Progress (1): 2.2/587 kB
Progress (1): 5.0/587 kB
Progress (1): 7.7/587 kB
Progress (1): 10/587 kB 
Progress (1): 13/587 kB
Progress (1): 16/587 kB
Progress (1): 19/587 kB
Progress (1): 21/587 kB
Progress (1): 24/587 kB
Progress (1): 27/587 kB
Progress (1): 30/587 kB
Progress (1): 32/587 kB
Progress (1): 36/587 kB
Progress (1): 40/587 kB
Progress (1): 45/587 kB
Progress (1): 49/587 kB
Progress (1): 53/587 kB
Progress (1): 57/587 kB
Progress (1): 61/587 kB
Progress (1): 65/587 kB
Progress (1): 69/587 kB
Progress (1): 73/587 kB
Progress (1): 77/587 kB
Progress (1): 81/587 kB
Progress (1): 85/587 kB
Progress (1): 90/587 kB
Progress (1): 94/587 kB
Progress (1): 98/587 kB
Progress (1): 102/587 kB
Progress (1): 106/587 kB
Progress (1): 110/587 kB
Progress (1): 114/587 kB
Progress (1): 118/587 kB
Progress (1): 122/587 kB
Progress (1): 126/587 kB
Progress (1): 131/587 kB
Progress (1): 135/587 kB
Progress (1): 139/587 kB
Progress (1): 143/587 kB
Progress (1): 147/587 kB
Progress (1): 151/587 kB
Progress (1): 155/587 kB
Progress (1): 159/587 kB
Progress (1): 163/587 kB
Progress (1): 167/587 kB
Progress (1): 171/587 kB
Progress (1): 176/587 kB
Progress (1): 180/587 kB
Progress (1): 184/587 kB
Progress (1): 188/587 kB
Progress (1): 192/587 kB
Progress (1): 196/587 kB
Progress (1): 200/587 kB
Progress (1): 204/587 kB
Progress (1): 208/587 kB
Progress (1): 212/587 kB
Progress (1): 217/587 kB
Progress (1): 221/587 kB
Progress (1): 225/587 kB
Progress (1): 229/587 kB
Progress (1): 233/587 kB
Progress (1): 237/587 kB
Progress (1): 241/587 kB
Progress (1): 245/587 kB
Progress (1): 249/587 kB
Progress (1): 253/587 kB
Progress (1): 258/587 kB
Progress (1): 262/587 kB
Progress (1): 266/587 kB
Progress (1): 270/587 kB
Progress (1): 274/587 kB
Progress (1): 278/587 kB
Progress (1): 282/587 kB
Progress (1): 286/587 kB
Progress (1): 290/587 kB
Progress (1): 294/587 kB
Progress (1): 298/587 kB
Progress (1): 303/587 kB
Progress (1): 307/587 kB
Progress (1): 311/587 kB
Progress (1): 315/587 kB
Progress (1): 319/587 kB
Progress (1): 323/587 kB
Progress (1): 327/587 kB
Progress (1): 331/587 kB
Progress (1): 335/587 kB
Progress (1): 339/587 kB
Progress (1): 344/587 kB
Progress (1): 346/587 kB
Progress (1): 349/587 kB
Progress (1): 352/587 kB
Progress (1): 355/587 kB
Progress (1): 357/587 kB
Progress (1): 360/587 kB
Progress (1): 363/587 kB
Progress (1): 365/587 kB
Progress (1): 368/587 kB
Progress (1): 371/587 kB
Progress (1): 374/587 kB
Progress (1): 376/587 kB
Progress (1): 380/587 kB
Progress (1): 384/587 kB
Progress (1): 389/587 kB
Progress (1): 393/587 kB
Progress (1): 397/587 kB
Progress (1): 401/587 kB
Progress (1): 405/587 kB
Progress (1): 409/587 kB
Progress (1): 413/587 kB
Progress (1): 417/587 kB
Progress (1): 421/587 kB
Progress (1): 425/587 kB
Progress (1): 430/587 kB
Progress (1): 434/587 kB
Progress (1): 438/587 kB
Progress (1): 442/587 kB
Progress (1): 446/587 kB
Progress (1): 450/587 kB
Progress (1): 454/587 kB
Progress (1): 458/587 kB
Progress (1): 462/587 kB
Progress (1): 466/587 kB
Progress (1): 470/587 kB
Progress (1): 475/587 kB
Progress (1): 477/587 kB
Progress (1): 480/587 kB
Progress (1): 483/587 kB
Progress (1): 486/587 kB
Progress (1): 488/587 kB
Progress (1): 491/587 kB
Progress (1): 494/587 kB
Progress (1): 496/587 kB
Progress (1): 499/587 kB
Progress (1): 502/587 kB
Progress (1): 505/587 kB
Progress (1): 507/587 kB
Progress (1): 511/587 kB
Progress (1): 516/587 kB
Progress (1): 520/587 kB
Progress (1): 524/587 kB
Progress (1): 528/587 kB
Progress (1): 532/587 kB
Progress (1): 536/587 kB
Progress (1): 540/587 kB
Progress (1): 544/587 kB
Progress (1): 548/587 kB
Progress (1): 552/587 kB
Progress (1): 557/587 kB
Progress (1): 561/587 kB
Progress (1): 565/587 kB
Progress (1): 569/587 kB
Progress (1): 573/587 kB
Progress (1): 577/587 kB
Progress (1): 581/587 kB
Progress (1): 585/587 kB
Progress (1): 587 kB    
                    
Downloaded from central: https://repo.maven.apache.org/maven2/com/github/maven-nar/nar-maven-plugin/3.2.0/nar-maven-plugin-3.2.0.jar (587 kB at 88 kB/s)
Downloading from central: https://repo.maven.apache.org/maven2/org/codehaus/mojo/license-maven-plugin/1.6/license-maven-plugin-1.6.pom
Progress (1): 2.2/19 kB
Progress (1): 5.0/19 kB
Progress (1): 7.8/19 kB
Progress (1): 11/19 kB 
Progress (1): 13/19 kB
Progress (1): 16/19 kB
Progress (1): 19 kB   
                   
Downloaded from central: https://repo.maven.apache.org/maven2/org/codehaus/mojo/license-maven-plugin/1.6/license-maven-plugin-1.6.pom (19 kB at 23 kB/s)
Downloading from central: https://repo.maven.apache.org/maven2/org/codehaus/mojo/license-maven-plugin/1.6/license-maven-plugin-1.6.jar
Progress (1): 2.2/261 kB
Progress (1): 5.0/261 kB
Progress (1): 7.7/261 kB
Progress (1): 10/261 kB 
Progress (1): 13/261 kB
Progress (1): 16/261 kB
Progress (1): 19/261 kB
Progress (1): 21/261 kB
Progress (1): 24/261 kB
Progress (1): 27/261 kB
Progress (1): 30/261 kB
Progress (1): 32/261 kB
Progress (1): 36/261 kB
Progress (1): 40/261 kB
Progress (1): 45/261 kB
Progress (1): 49/261 kB
Progress (1): 53/261 kB
Progress (1): 57/261 kB
Progress (1): 61/261 kB
Progress (1): 65/261 kB
Progress (1): 69/261 kB
Progress (1): 73/261 kB
Progress (1): 77/261 kB
Progress (1): 81/261 kB
Progress (1): 85/261 kB
Progress (1): 90/261 kB
Progress (1): 94/261 kB
Progress (1): 98/261 kB
Progress (1): 102/261 kB
Progress (1): 106/261 kB
Progress (1): 110/261 kB
Progress (1): 114/261 kB
Progress (1): 118/261 kB
Progress (1): 122/261 kB
Progress (1): 126/261 kB
Progress (1): 131/261 kB
Progress (1): 135/261 kB
Progress (1): 139/261 kB
Progress (1): 143/261 kB
Progress (1): 147/261 kB
Progress (1): 151/261 kB
Progress (1): 155/261 kB
Progress (1): 159/261 kB
Progress (1): 163/261 kB
Progress (1): 167/261 kB
Progress (1): 171/261 kB
Progress (1): 176/261 kB
Progress (1): 180/261 kB
Progress (1): 184/261 kB
Progress (1): 188/261 kB
Progress (1): 192/261 kB
Progress (1): 196/261 kB
Progress (1): 200/261 kB
Progress (1): 204/261 kB
Progress (1): 208/261 kB
Progress (1): 212/261 kB
Progress (1): 217/261 kB
Progress (1): 221/261 kB
Progress (1): 225/261 kB
Progress (1): 229/261 kB
Progress (1): 233/261 kB
Progress (1): 237/261 kB
Progress (1): 241/261 kB
Progress (1): 245/261 kB
Progress (1): 249/261 kB
Progress (1): 253/261 kB
Progress (1): 258/261 kB
Progress (1): 261 kB    
                    
Downloaded from central: https://repo.maven.apache.org/maven2/org/codehaus/mojo/license-maven-plugin/1.6/license-maven-plugin-1.6.jar (261 kB at 93 kB/s)
[INFO] 
[INFO] ---------------------------< io.scif:scifio >---------------------------
[INFO] Building SCIFIO Core 0.27.4-SNAPSHOT
[INFO] --------------------------------[ jar ]---------------------------------
[INFO] 
[INFO] --- maven-clean-plugin:2.5:clean (default-clean) @ scifio ---
[INFO] Deleting /tmp/icst-2019/september-2018/dataset/scifio_parent/target
[INFO] 
[INFO] --- maven-enforcer-plugin:1.3.1:enforce (enforce-rules) @ scifio ---
[INFO] Skipping Rule Enforcement.
[INFO] 
[INFO] --- build-helper-maven-plugin:1.9.1:regex-property (sanitize-version) @ scifio ---
[INFO] 
[INFO] --- buildnumber-maven-plugin:1.3:create (default) @ scifio ---
[INFO] Executing: /bin/sh -c cd /tmp/icst-2019/september-2018/dataset/scifio_parent && git rev-parse --verify HEAD
[INFO] Working directory: /tmp/icst-2019/september-2018/dataset/scifio_parent
[INFO] Storing buildNumber: 6f2bbc452e96e78518e6da7e502e1861f293bdab at timestamp: 1537621040229
[INFO] Storing buildScmBranch: master
[INFO] 
[INFO] --- maven-resources-plugin:2.6:resources (default-resources) @ scifio ---
[INFO] Using 'UTF-8' encoding to copy filtered resources.
[INFO] skip non existing resourceDirectory /tmp/icst-2019/september-2018/dataset/scifio_parent/src/main/resources
[INFO] 
[INFO] --- maven-compiler-plugin:3.1:compile (default-compile) @ scifio ---
[INFO] Changes detected - recompiling the module!
[INFO] Compiling 287 source files to /tmp/icst-2019/september-2018/dataset/scifio_parent/target/classes
[WARNING] /tmp/icst-2019/september-2018/dataset/scifio_parent/src/main/java/io/scif/img/cell/SCIFIOCellImgCleaningProvider.java: Some input files use unchecked or unsafe operations.
[WARNING] /tmp/icst-2019/september-2018/dataset/scifio_parent/src/main/java/io/scif/img/cell/SCIFIOCellImgCleaningProvider.java: Recompile with -Xlint:unchecked for details.
[INFO] 
[INFO] --- maven-resources-plugin:2.6:testResources (default-testResources) @ scifio ---
[INFO] Using 'UTF-8' encoding to copy filtered resources.
[INFO] Copying 1 resource
[INFO] 
[INFO] --- maven-compiler-plugin:3.1:testCompile (default-testCompile) @ scifio ---
[INFO] Changes detected - recompiling the module!
[INFO] Compiling 68 source files to /tmp/icst-2019/september-2018/dataset/scifio_parent/target/test-classes
[WARNING] /tmp/icst-2019/september-2018/dataset/scifio_parent/src/test/java/io/scif/img/cell/SCIFIOCellImgTest.java: Some input files use or override a deprecated API.
[WARNING] /tmp/icst-2019/september-2018/dataset/scifio_parent/src/test/java/io/scif/img/cell/SCIFIOCellImgTest.java: Recompile with -Xlint:deprecation for details.
[INFO] 
[INFO] --- maven-surefire-plugin:2.17:test (default-test) @ scifio ---
[INFO] Tests are skipped.
[INFO] 
[INFO] --- maven-dependency-plugin:2.8:build-classpath (default-cli) @ scifio ---
[INFO] Wrote classpath file '/tmp/icst-2019/september-2018/dataset/scifio_parent/target/dspot/classpath'.
[INFO] ------------------------------------------------------------------------
[INFO] BUILD SUCCESS
[INFO] ------------------------------------------------------------------------
[INFO] Total time: 27.194 s
[INFO] Finished at: 2018-09-22T14:57:29+02:00
[INFO] ------------------------------------------------------------------------
[INFO] run maven clean test -DskipTests dependency:build-classpath -Dmdep.outputFile=target/dspot/classpath
[WARN] Maven will be executed in interactive mode, but no input stream has been configured for this MavenInvoker instance.
[INFO] Scanning for projects...
[INFO] 
[INFO] ---------------------------< io.scif:scifio >---------------------------
[INFO] Building SCIFIO Core 0.27.4-SNAPSHOT
[INFO] --------------------------------[ jar ]---------------------------------
[INFO] 
[INFO] --- maven-clean-plugin:2.5:clean (default-clean) @ scifio ---
[INFO] Deleting /tmp/icst-2019/september-2018/dataset/scifio/target
[INFO] 
[INFO] --- maven-enforcer-plugin:1.3.1:enforce (enforce-rules) @ scifio ---
[INFO] Skipping Rule Enforcement.
[INFO] 
[INFO] --- build-helper-maven-plugin:1.9.1:regex-property (sanitize-version) @ scifio ---
[INFO] 
[INFO] --- buildnumber-maven-plugin:1.3:create (default) @ scifio ---
[INFO] Executing: /bin/sh -c cd /tmp/icst-2019/september-2018/dataset/scifio && git rev-parse --verify HEAD
[INFO] Working directory: /tmp/icst-2019/september-2018/dataset/scifio
[INFO] Storing buildNumber: d0e8c85118ab0fc475bef3b9da3ef14bfe7aee24 at timestamp: 1537621059461
[INFO] Storing buildScmBranch: master
[INFO] 
[INFO] --- maven-resources-plugin:2.6:resources (default-resources) @ scifio ---
[INFO] Using 'UTF-8' encoding to copy filtered resources.
[INFO] skip non existing resourceDirectory /tmp/icst-2019/september-2018/dataset/scifio/src/main/resources
[INFO] 
[INFO] --- maven-compiler-plugin:3.1:compile (default-compile) @ scifio ---
[INFO] Changes detected - recompiling the module!
[INFO] Compiling 287 source files to /tmp/icst-2019/september-2018/dataset/scifio/target/classes
[WARNING] /tmp/icst-2019/september-2018/dataset/scifio/src/main/java/io/scif/gui/ComboFileFilter.java: Some input files use unchecked or unsafe operations.
[WARNING] /tmp/icst-2019/september-2018/dataset/scifio/src/main/java/io/scif/gui/ComboFileFilter.java: Recompile with -Xlint:unchecked for details.
[INFO] 
[INFO] --- maven-resources-plugin:2.6:testResources (default-testResources) @ scifio ---
[INFO] Using 'UTF-8' encoding to copy filtered resources.
[INFO] Copying 1 resource
[INFO] 
[INFO] --- maven-compiler-plugin:3.1:testCompile (default-testCompile) @ scifio ---
[INFO] Changes detected - recompiling the module!
[INFO] Compiling 68 source files to /tmp/icst-2019/september-2018/dataset/scifio/target/test-classes
[WARNING] /tmp/icst-2019/september-2018/dataset/scifio/src/test/java/io/scif/io/LocationTest.java: Some input files use or override a deprecated API.
[WARNING] /tmp/icst-2019/september-2018/dataset/scifio/src/test/java/io/scif/io/LocationTest.java: Recompile with -Xlint:deprecation for details.
[INFO] 
[INFO] --- maven-surefire-plugin:2.17:test (default-test) @ scifio ---
[INFO] Tests are skipped.
[INFO] 
[INFO] --- maven-dependency-plugin:2.8:build-classpath (default-cli) @ scifio ---
[INFO] Wrote classpath file '/tmp/icst-2019/september-2018/dataset/scifio/target/dspot/classpath'.
[INFO] ------------------------------------------------------------------------
[INFO] BUILD SUCCESS
[INFO] ------------------------------------------------------------------------
[INFO] Total time: 10.813 s
[INFO] Finished at: 2018-09-22T14:57:47+02:00
[INFO] ------------------------------------------------------------------------
[INFO] Amplification of io.scif.img.ImgOpenerTest (2 test(s))
[INFO] Assertion amplification of io.scif.img.ImgOpenerTest (2 test(s))
[INFO] Run: java -classpath /tmp/icst-2019/september-2018/dataset/scifio_parent/target/test-classes:/tmp/icst-2019/september-2018/dataset/scifio_parent/target/classes/:/home/spirals/danglot/.m2/repository/io/scif/scifio-jai-imageio/1.1.0/scifio-jai-imageio-1.1.0.jar:/home/spirals/danglot/.m2/repository/net/imagej/imagej-common/0.18.1/imagej-common-0.18.1.jar:/home/spirals/danglot/.m2/repository/net/imglib2/imglib2-roi/0.4.2/imglib2-roi-0.4.2.jar:/home/spirals/danglot/.m2/repository/net/sf/trove4j/trove4j/3.0.3/trove4j-3.0.3.jar:/home/spirals/danglot/.m2/repository/edu/ucar/udunits/4.3.18/udunits-4.3.18.jar:/home/spirals/danglot/.m2/repository/net/imglib2/imglib2/2.4.1/imglib2-2.4.1.jar:/home/spirals/danglot/.m2/repository/org/scijava/scijava-common/2.49.1/scijava-common-2.49.1.jar:/home/spirals/danglot/.m2/repository/com/googlecode/gentyref/gentyref/1.1.0/gentyref-1.1.0.jar:/home/spirals/danglot/.m2/repository/org/bushe/eventbus/1.4/eventbus-1.4.jar:/home/spirals/danglot/.m2/repository/org/mapdb/mapdb/1.0.3/mapdb-1.0.3.jar:/home/spirals/danglot/.m2/repository/junit/junit/4.11/junit-4.11.jar:/home/spirals/danglot/.m2/repository/org/hamcrest/hamcrest-core/1.3/hamcrest-core-1.3.jar:/tmp/icst-2019/september-2018/dataset/scifio_parent/target/dspot/dependencies/:/home/spirals/danglot/.m2/repository/eu/stamp-project/test-runner/1.1.0/test-runner-1.1.0-jar-with-dependencies.jar eu.stamp_project.testrunner.runner.test.TestRunner io.scif.img.ImgOpenerTest testCalibrationUnits:testImgCalibration
File saved to the following path: /tmp/icst-2019/september-2018/dataset/scifio_parent/target/dspot/TestListener.ser
[WARNING] Timeout when running java -classpath /tmp/icst-2019/september-2018/dataset/scifio_parent/target/test-classes:/tmp/icst-2019/september-2018/dataset/scifio_parent/target/classes/:/home/spirals/danglot/.m2/repository/io/scif/scifio-jai-imageio/1.1.0/scifio-jai-imageio-1.1.0.jar:/home/spirals/danglot/.m2/repository/net/imagej/imagej-common/0.18.1/imagej-common-0.18.1.jar:/home/spirals/danglot/.m2/repository/net/imglib2/imglib2-roi/0.4.2/imglib2-roi-0.4.2.jar:/home/spirals/danglot/.m2/repository/net/sf/trove4j/trove4j/3.0.3/trove4j-3.0.3.jar:/home/spirals/danglot/.m2/repository/edu/ucar/udunits/4.3.18/udunits-4.3.18.jar:/home/spirals/danglot/.m2/repository/net/imglib2/imglib2/2.4.1/imglib2-2.4.1.jar:/home/spirals/danglot/.m2/repository/org/scijava/scijava-common/2.49.1/scijava-common-2.49.1.jar:/home/spirals/danglot/.m2/repository/com/googlecode/gentyref/gentyref/1.1.0/gentyref-1.1.0.jar:/home/spirals/danglot/.m2/repository/org/bushe/eventbus/1.4/eventbus-1.4.jar:/home/spirals/danglot/.m2/repository/org/mapdb/mapdb/1.0.3/mapdb-1.0.3.jar:/home/spirals/danglot/.m2/repository/junit/junit/4.11/junit-4.11.jar:/home/spirals/danglot/.m2/repository/org/hamcrest/hamcrest-core/1.3/hamcrest-core-1.3.jar:/tmp/icst-2019/september-2018/dataset/scifio_parent/target/dspot/dependencies/:/home/spirals/danglot/.m2/repository/eu/stamp-project/test-runner/1.1.0/test-runner-1.1.0-jar-with-dependencies.jar eu.stamp_project.testrunner.runner.test.TestRunner io.scif.img.ImgOpenerTest testCalibrationUnits:testImgCalibration
[WARNING] Timeout during execution of io.scif.img.ImgOpenerTest: testCalibrationUnits,testImgCalibration
eu.stamp_project.dspot.AmplificationException: java.util.concurrent.TimeoutException
	at eu.stamp_project.utils.compilation.TestRunner.runGivenTestMethods(TestRunner.java:75)
	at eu.stamp_project.utils.compilation.TestCompiler.compileAndRun(TestCompiler.java:99)
	at eu.stamp_project.utils.compilation.TestCompiler.compileRunAndDiscardUncompilableAndFailingTestMethods(TestCompiler.java:55)
	at eu.stamp_project.dspot.Amplification.amplification(Amplification.java:82)
	at eu.stamp_project.dspot.DSpot.amplifyTest(DSpot.java:180)
	at eu.stamp_project.dspot.DSpot.amplifyTest(DSpot.java:170)
	at eu.stamp_project.Main.lambda$run$1(Main.java:69)
	at java.util.stream.ReferencePipeline$3$1.accept(ReferencePipeline.java:193)
	at java.util.ArrayList$ArrayListSpliterator.forEachRemaining(ArrayList.java:1374)
	at java.util.stream.AbstractPipeline.copyInto(AbstractPipeline.java:481)
	at java.util.stream.AbstractPipeline.wrapAndCopyInto(AbstractPipeline.java:471)
	at java.util.stream.ReduceOps$ReduceOp.evaluateSequential(ReduceOps.java:708)
	at java.util.stream.AbstractPipeline.evaluate(AbstractPipeline.java:234)
	at java.util.stream.ReferencePipeline.collect(ReferencePipeline.java:499)
	at eu.stamp_project.Main.run(Main.java:71)
	at eu.stamp_project.DSpotMojo.execute(DSpotMojo.java:263)
	at org.apache.maven.plugin.DefaultBuildPluginManager.executeMojo(DefaultBuildPluginManager.java:137)
	at org.apache.maven.lifecycle.internal.MojoExecutor.execute(MojoExecutor.java:208)
	at org.apache.maven.lifecycle.internal.MojoExecutor.execute(MojoExecutor.java:154)
	at org.apache.maven.lifecycle.internal.MojoExecutor.execute(MojoExecutor.java:146)
	at org.apache.maven.lifecycle.internal.LifecycleModuleBuilder.buildProject(LifecycleModuleBuilder.java:117)
	at org.apache.maven.lifecycle.internal.LifecycleModuleBuilder.buildProject(LifecycleModuleBuilder.java:81)
	at org.apache.maven.lifecycle.internal.builder.singlethreaded.SingleThreadedBuilder.build(SingleThreadedBuilder.java:56)
	at org.apache.maven.lifecycle.internal.LifecycleStarter.execute(LifecycleStarter.java:128)
	at org.apache.maven.DefaultMaven.doExecute(DefaultMaven.java:305)
	at org.apache.maven.DefaultMaven.doExecute(DefaultMaven.java:192)
	at org.apache.maven.DefaultMaven.execute(DefaultMaven.java:105)
	at org.apache.maven.cli.MavenCli.execute(MavenCli.java:954)
	at org.apache.maven.cli.MavenCli.doMain(MavenCli.java:288)
	at org.apache.maven.cli.MavenCli.main(MavenCli.java:192)
	at sun.reflect.NativeMethodAccessorImpl.invoke0(Native Method)
	at sun.reflect.NativeMethodAccessorImpl.invoke(NativeMethodAccessorImpl.java:62)
	at sun.reflect.DelegatingMethodAccessorImpl.invoke(DelegatingMethodAccessorImpl.java:43)
	at java.lang.reflect.Method.invoke(Method.java:498)
	at org.codehaus.plexus.classworlds.launcher.Launcher.launchEnhanced(Launcher.java:289)
	at org.codehaus.plexus.classworlds.launcher.Launcher.launch(Launcher.java:229)
	at org.codehaus.plexus.classworlds.launcher.Launcher.mainWithExitCode(Launcher.java:415)
	at org.codehaus.plexus.classworlds.launcher.Launcher.main(Launcher.java:356)
Caused by: java.util.concurrent.TimeoutException
	at java.util.concurrent.FutureTask.get(FutureTask.java:205)
	at eu.stamp_project.testrunner.EntryPoint.runGivenCommandLine(EntryPoint.java:356)
	at eu.stamp_project.testrunner.EntryPoint.runTests(EntryPoint.java:178)
	at eu.stamp_project.testrunner.EntryPoint.runTests(EntryPoint.java:165)
	at eu.stamp_project.utils.compilation.TestRunner.runGivenTestMethods(TestRunner.java:61)
	... 37 more
[INFO] 0 amplified test methods has been selected to be kept. (global: 0)
[INFO] elapsedTime 21507
======= REPORT =======
0 amplified test fails on the new versions.

[INFO] ------------------------------------------------------------------------
[INFO] BUILD FAILURE
[INFO] ------------------------------------------------------------------------
[INFO] Total time: 01:15 min
[INFO] Finished at: 2018-09-22T14:58:09+02:00
[INFO] ------------------------------------------------------------------------
[ERROR] Failed to execute goal eu.stamp-project:dspot-maven:1.1.1-SNAPSHOT:amplify-unit-tests (default-cli) on project scifio: Execution default-cli of goal eu.stamp-project:dspot-maven:1.1.1-SNAPSHOT:amplify-unit-tests failed: java.lang.RuntimeException: java.lang.NullPointerException -> [Help 1]
[ERROR] 
[ERROR] To see the full stack trace of the errors, re-run Maven with the -e switch.
[ERROR] Re-run Maven using the -X switch to enable full debug logging.
[ERROR] 
[ERROR] For more information about the errors and possible solutions, please read the following articles:
[ERROR] [Help 1] http://cwiki.apache.org/confluence/display/MAVEN/PluginExecutionException
