[1mApache Maven 3.5.3[m
Maven home: /usr/share/maven
Java version: 1.8.0_181, vendor: Oracle Corporation
Java home: /home/bdanglot/Documents/jdk1.8.0_181/jre
Default locale: en_GB, platform encoding: UTF-8
OS name: "linux", version: "4.18.0-6.1-liquorix-amd64", arch: "amd64", family: "unix"
[[1;36mDEBUG[m] Created new class realm maven.api
[[1;36mDEBUG[m] Importing foreign packages into class realm maven.api
[[1;36mDEBUG[m]   Imported: javax.annotation.* < plexus.core
[[1;36mDEBUG[m]   Imported: javax.annotation.security.* < plexus.core
[[1;36mDEBUG[m]   Imported: javax.enterprise.inject.* < plexus.core
[[1;36mDEBUG[m]   Imported: javax.enterprise.util.* < plexus.core
[[1;36mDEBUG[m]   Imported: javax.inject.* < plexus.core
[[1;36mDEBUG[m]   Imported: org.apache.maven.* < plexus.core
[[1;36mDEBUG[m]   Imported: org.apache.maven.artifact < plexus.core
[[1;36mDEBUG[m]   Imported: org.apache.maven.classrealm < plexus.core
[[1;36mDEBUG[m]   Imported: org.apache.maven.cli < plexus.core
[[1;36mDEBUG[m]   Imported: org.apache.maven.configuration < plexus.core
[[1;36mDEBUG[m]   Imported: org.apache.maven.exception < plexus.core
[[1;36mDEBUG[m]   Imported: org.apache.maven.execution < plexus.core
[[1;36mDEBUG[m]   Imported: org.apache.maven.execution.scope < plexus.core
[[1;36mDEBUG[m]   Imported: org.apache.maven.lifecycle < plexus.core
[[1;36mDEBUG[m]   Imported: org.apache.maven.model < plexus.core
[[1;36mDEBUG[m]   Imported: org.apache.maven.monitor < plexus.core
[[1;36mDEBUG[m]   Imported: org.apache.maven.plugin < plexus.core
[[1;36mDEBUG[m]   Imported: org.apache.maven.profiles < plexus.core
[[1;36mDEBUG[m]   Imported: org.apache.maven.project < plexus.core
[[1;36mDEBUG[m]   Imported: org.apache.maven.reporting < plexus.core
[[1;36mDEBUG[m]   Imported: org.apache.maven.repository < plexus.core
[[1;36mDEBUG[m]   Imported: org.apache.maven.rtinfo < plexus.core
[[1;36mDEBUG[m]   Imported: org.apache.maven.settings < plexus.core
[[1;36mDEBUG[m]   Imported: org.apache.maven.toolchain < plexus.core
[[1;36mDEBUG[m]   Imported: org.apache.maven.usability < plexus.core
[[1;36mDEBUG[m]   Imported: org.apache.maven.wagon.* < plexus.core
[[1;36mDEBUG[m]   Imported: org.apache.maven.wagon.authentication < plexus.core
[[1;36mDEBUG[m]   Imported: org.apache.maven.wagon.authorization < plexus.core
[[1;36mDEBUG[m]   Imported: org.apache.maven.wagon.events < plexus.core
[[1;36mDEBUG[m]   Imported: org.apache.maven.wagon.observers < plexus.core
[[1;36mDEBUG[m]   Imported: org.apache.maven.wagon.proxy < plexus.core
[[1;36mDEBUG[m]   Imported: org.apache.maven.wagon.repository < plexus.core
[[1;36mDEBUG[m]   Imported: org.apache.maven.wagon.resource < plexus.core
[[1;36mDEBUG[m]   Imported: org.codehaus.classworlds < plexus.core
[[1;36mDEBUG[m]   Imported: org.codehaus.plexus.* < plexus.core
[[1;36mDEBUG[m]   Imported: org.codehaus.plexus.classworlds < plexus.core
[[1;36mDEBUG[m]   Imported: org.codehaus.plexus.component < plexus.core
[[1;36mDEBUG[m]   Imported: org.codehaus.plexus.configuration < plexus.core
[[1;36mDEBUG[m]   Imported: org.codehaus.plexus.container < plexus.core
[[1;36mDEBUG[m]   Imported: org.codehaus.plexus.context < plexus.core
[[1;36mDEBUG[m]   Imported: org.codehaus.plexus.lifecycle < plexus.core
[[1;36mDEBUG[m]   Imported: org.codehaus.plexus.logging < plexus.core
[[1;36mDEBUG[m]   Imported: org.codehaus.plexus.personality < plexus.core
[[1;36mDEBUG[m]   Imported: org.codehaus.plexus.util.xml.Xpp3Dom < plexus.core
[[1;36mDEBUG[m]   Imported: org.codehaus.plexus.util.xml.pull.XmlPullParser < plexus.core
[[1;36mDEBUG[m]   Imported: org.codehaus.plexus.util.xml.pull.XmlPullParserException < plexus.core
[[1;36mDEBUG[m]   Imported: org.codehaus.plexus.util.xml.pull.XmlSerializer < plexus.core
[[1;36mDEBUG[m]   Imported: org.eclipse.aether.* < plexus.core
[[1;36mDEBUG[m]   Imported: org.eclipse.aether.artifact < plexus.core
[[1;36mDEBUG[m]   Imported: org.eclipse.aether.collection < plexus.core
[[1;36mDEBUG[m]   Imported: org.eclipse.aether.deployment < plexus.core
[[1;36mDEBUG[m]   Imported: org.eclipse.aether.graph < plexus.core
[[1;36mDEBUG[m]   Imported: org.eclipse.aether.impl < plexus.core
[[1;36mDEBUG[m]   Imported: org.eclipse.aether.installation < plexus.core
[[1;36mDEBUG[m]   Imported: org.eclipse.aether.internal.impl < plexus.core
[[1;36mDEBUG[m]   Imported: org.eclipse.aether.metadata < plexus.core
[[1;36mDEBUG[m]   Imported: org.eclipse.aether.repository < plexus.core
[[1;36mDEBUG[m]   Imported: org.eclipse.aether.resolution < plexus.core
[[1;36mDEBUG[m]   Imported: org.eclipse.aether.spi < plexus.core
[[1;36mDEBUG[m]   Imported: org.eclipse.aether.transfer < plexus.core
[[1;36mDEBUG[m]   Imported: org.eclipse.aether.version < plexus.core
[[1;36mDEBUG[m]   Imported: org.fusesource.jansi.* < plexus.core
[[1;36mDEBUG[m]   Imported: org.slf4j.* < plexus.core
[[1;36mDEBUG[m]   Imported: org.slf4j.helpers.* < plexus.core
[[1;36mDEBUG[m]   Imported: org.slf4j.spi.* < plexus.core
[[1;36mDEBUG[m] Populating class realm maven.api
[[1;34mINFO[m] Error stacktraces are turned on.
[[1;36mDEBUG[m] Message scheme: color
[[1;36mDEBUG[m] Message styles: [1;36mdebug[m [1;34minfo[m [1;33mwarning[m [1;31merror[m [1;32msuccess[m [1;31mfailure[m [1mstrong[m [32mmojo[m [36mproject[m
[[1;36mDEBUG[m] Reading global settings from /usr/share/maven/conf/settings.xml
[[1;36mDEBUG[m] Reading user settings from /home/bdanglot/.m2/settings.xml
[[1;36mDEBUG[m] Reading global toolchains from /usr/share/maven/conf/toolchains.xml
[[1;36mDEBUG[m] Reading user toolchains from /home/bdanglot/.m2/toolchains.xml
[[1;36mDEBUG[m] Using local repository at /home/bdanglot/.m2/repository
[[1;36mDEBUG[m] Using manager EnhancedLocalRepositoryManager with priority 10.0 for /home/bdanglot/.m2/repository
[[1;34mINFO[m] Scanning for projects...
[[1;36mDEBUG[m] Extension realms for project com.google.code.gson:gson:jar:2.7-SNAPSHOT: (none)
[[1;36mDEBUG[m] Looking up lifecycle mappings for packaging jar from ClassRealm[plexus.core, parent: null]
[[1;36mDEBUG[m] Extension realms for project com.google.code.gson:gson-parent:pom:2.7-SNAPSHOT: (none)
[[1;36mDEBUG[m] Looking up lifecycle mappings for packaging pom from ClassRealm[plexus.core, parent: null]
[[1;36mDEBUG[m] Extension realms for project org.sonatype.oss:oss-parent:pom:7: (none)
[[1;36mDEBUG[m] Looking up lifecycle mappings for packaging pom from ClassRealm[plexus.core, parent: null]
[[1;36mDEBUG[m] === REACTOR BUILD PLAN ================================================
[[1;36mDEBUG[m] Project: com.google.code.gson:gson:jar:2.7-SNAPSHOT
[[1;36mDEBUG[m] Tasks:   [eu.stamp-project:dspot-maven:1.1.1-SNAPSHOT:amplify-unit-tests]
[[1;36mDEBUG[m] Style:   Regular
[[1;36mDEBUG[m] =======================================================================
[[1;34mINFO[m] 
[[1;34mINFO[m] [1m---------------------< [0;36mcom.google.code.gson:gson[0;1m >----------------------[m
[[1;34mINFO[m] [1mBuilding Gson 2.7-SNAPSHOT[m
[[1;34mINFO[m] [1m--------------------------------[ jar ]---------------------------------[m
[[1;36mDEBUG[m] Lifecycle default -> [validate, initialize, generate-sources, process-sources, generate-resources, process-resources, compile, process-classes, generate-test-sources, process-test-sources, generate-test-resources, process-test-resources, test-compile, process-test-classes, test, prepare-package, package, pre-integration-test, integration-test, post-integration-test, verify, install, deploy]
[[1;36mDEBUG[m] Lifecycle clean -> [pre-clean, clean, post-clean]
[[1;36mDEBUG[m] Lifecycle site -> [pre-site, site, post-site, site-deploy]
[[1;36mDEBUG[m] === PROJECT BUILD PLAN ================================================
[[1;36mDEBUG[m] Project:       com.google.code.gson:gson:2.7-SNAPSHOT
[[1;36mDEBUG[m] Dependencies (collect): []
[[1;36mDEBUG[m] Dependencies (resolve): [test]
[[1;36mDEBUG[m] Repositories (dependencies): [sonatype-nexus-snapshots (https://oss.sonatype.org/content/repositories/snapshots, default, snapshots), central (https://repo.maven.apache.org/maven2, default, releases)]
[[1;36mDEBUG[m] Repositories (plugins)     : [central (https://repo.maven.apache.org/maven2, default, releases)]
[[1;36mDEBUG[m] -----------------------------------------------------------------------
[[1;36mDEBUG[m] Goal:          eu.stamp-project:dspot-maven:1.1.1-SNAPSHOT:amplify-unit-tests (default-cli)
[[1;36mDEBUG[m] Style:         Regular
[[1;36mDEBUG[m] Configuration: <?xml version="1.0" encoding="UTF-8"?>
<configuration>
  <amplifiers default-value="None">${amplifiers}</amplifiers>
  <automaticBuilder default-value="MavenBuilder">${automatic-builder}</automaticBuilder>
  <budgetizer default-value="NoBudgetizer">${budgetizer}</budgetizer>
  <cases>${cases}</cases>
  <clean default-value="false">${clean}</clean>
  <descartes default-value="false">${descartes}</descartes>
  <example default-value="false">${example}</example>
  <generateNewTestClass default-value="false">${generate-new-test-class}</generateNewTestClass>
  <help default-value="false">${help}</help>
  <iteration default-value="3">${iteration}</iteration>
  <mavenHome>${maven-home}</mavenHome>
  <maxTestAmplified default-value="200">${max-test-amplified}</maxTestAmplified>
  <noMinimize default-value="false">${no-minimize}</noMinimize>
  <outputPath default-value="target/dspot/output">${output-path}</outputPath>
  <pathPitResult>${path-pit-result}</pathPitResult>
  <pathToProperties default-value="">${path-to-properties}</pathToProperties>
  <pathToSecondVersion default-value="">${path-to-second-version}</pathToSecondVersion>
  <pathToTestListCsv default-value="">${path-to-test-list-csv}</pathToTestListCsv>
  <project default-value="${project}"/>
  <randomSeed default-value="23">${randomSeed}</randomSeed>
  <test default-value="all">${test}</test>
  <testCriterion default-value="PitMutantScoreSelector">${test-criterion}</testCriterion>
  <timeOut default-value="10000">${timeOut}</timeOut>
  <useMavenToExeTest default-value="false">${use-maven-to-exe-test}</useMavenToExeTest>
  <verbose default-value="false">${verbose}</verbose>
  <withComment default-value="false">${with-comment}</withComment>
  <workingDirectory default-value="false">${working-directory}</workingDirectory>
</configuration>
[[1;36mDEBUG[m] =======================================================================
[[1;36mDEBUG[m] Dependency collection stats: {ConflictMarker.analyzeTime=673186, ConflictMarker.markTime=406945, ConflictMarker.nodeCount=2, ConflictIdSorter.graphTime=408498, ConflictIdSorter.topsortTime=363435, ConflictIdSorter.conflictIdCount=1, ConflictIdSorter.conflictIdCycleCount=0, ConflictResolver.totalTime=3220699, ConflictResolver.conflictItemCount=1, DefaultDependencyCollector.collectTime=6718641, DefaultDependencyCollector.transformTime=7091378}
[[1;36mDEBUG[m] com.google.code.gson:gson:jar:2.7-SNAPSHOT
[[1;36mDEBUG[m]    junit:junit:jar:3.8.2:test
[[1;34mINFO[m] 
[[1;34mINFO[m] [1m--- [0;32mdspot-maven:1.1.1-SNAPSHOT:amplify-unit-tests[m [1m(default-cli)[m @ [36mgson[0;1m ---[m
[[1;36mDEBUG[m] Using transporter WagonTransporter with priority -1.0 for https://stamp-project.github.io/stamp-maven-repository/
[[1;36mDEBUG[m] Using transporter WagonTransporter with priority -1.0 for https://repo.gradle.org/gradle/libs-releases-local/
[[1;36mDEBUG[m] Using transporter WagonTransporter with priority -1.0 for https://oss.sonatype.org/content/repositories/snapshots
[[1;36mDEBUG[m] Using connector BasicRepositoryConnector with priority 0.0 for https://repo.gradle.org/gradle/libs-releases-local/
[[1;36mDEBUG[m] Using connector BasicRepositoryConnector with priority 0.0 for https://stamp-project.github.io/stamp-maven-repository/
[[1;36mDEBUG[m] Using connector BasicRepositoryConnector with priority 0.0 for https://oss.sonatype.org/content/repositories/snapshots
Downloading from sonatype-nexus-snapshots: https://oss.sonatype.org/content/repositories/snapshots/eu/stamp-project/dspot/1.1.1-SNAPSHOT/maven-metadata.xml
Downloading from gradle-repo: https://repo.gradle.org/gradle/libs-releases-local/eu/stamp-project/dspot/1.1.1-SNAPSHOT/maven-metadata.xml
Downloading from stamp-maven-repository-mvn-repo: https://stamp-project.github.io/stamp-maven-repository/eu/stamp-project/dspot/1.1.1-SNAPSHOT/maven-metadata.xml
[[1;36mDEBUG[m] Writing tracking file /home/bdanglot/.m2/repository/eu/stamp-project/dspot/1.1.1-SNAPSHOT/resolver-status.properties
[[1;36mDEBUG[m] Writing tracking file /home/bdanglot/.m2/repository/eu/stamp-project/dspot/1.1.1-SNAPSHOT/resolver-status.properties
Progress (1): maven-metadata.xml (1.0 kB)                                         Downloaded from sonatype-nexus-snapshots: https://oss.sonatype.org/content/repositories/snapshots/eu/stamp-project/dspot/1.1.1-SNAPSHOT/maven-metadata.xml (1.0 kB at 953 B/s)
[[1;36mDEBUG[m] Writing tracking file /home/bdanglot/.m2/repository/eu/stamp-project/dspot/1.1.1-SNAPSHOT/resolver-status.properties
[[1;36mDEBUG[m] Could not find metadata eu.stamp-project:dspot:1.1.1-SNAPSHOT/maven-metadata.xml in stamp-maven-repository-mvn-repo (https://stamp-project.github.io/stamp-maven-repository/)
[[1;36mDEBUG[m] Could not find metadata eu.stamp-project:dspot:1.1.1-SNAPSHOT/maven-metadata.xml in gradle-repo (https://repo.gradle.org/gradle/libs-releases-local/)
[[1;36mDEBUG[m] Skipped remote request for eu.stamp-project:dspot:1.1.1-SNAPSHOT/maven-metadata.xml, already updated during this session.
[[1;36mDEBUG[m] Failure to find eu.stamp-project:dspot:1.1.1-SNAPSHOT/maven-metadata.xml in https://stamp-project.github.io/stamp-maven-repository/ was cached in the local repository, resolution will not be reattempted until the update interval of stamp-maven-repository-mvn-repo has elapsed or updates are forced
[[1;36mDEBUG[m] Skipped remote request for eu.stamp-project:dspot:1.1.1-SNAPSHOT/maven-metadata.xml, already updated during this session.
[[1;36mDEBUG[m] Failure to find eu.stamp-project:dspot:1.1.1-SNAPSHOT/maven-metadata.xml in https://repo.gradle.org/gradle/libs-releases-local/ was cached in the local repository, resolution will not be reattempted until the update interval of gradle-repo has elapsed or updates are forced
[[1;36mDEBUG[m] Skipped remote request for eu.stamp-project:dspot:1.1.1-SNAPSHOT/maven-metadata.xml, already updated during this session.
[[1;36mDEBUG[m] Using transporter WagonTransporter with priority -1.0 for https://stamp-project.github.io/stamp-maven-repository/
[[1;36mDEBUG[m] Using connector BasicRepositoryConnector with priority 0.0 for https://stamp-project.github.io/stamp-maven-repository/
Downloading from stamp-maven-repository-mvn-repo: https://stamp-project.github.io/stamp-maven-repository/eu/stamp-project/dspot/1.1.1-SNAPSHOT/dspot-1.1.1-20180928.073426-268.pom
[[1;36mDEBUG[m] Writing tracking file /home/bdanglot/.m2/repository/eu/stamp-project/dspot/1.1.1-SNAPSHOT/dspot-1.1.1-20180928.073426-268.pom.lastUpdated
[[1;36mDEBUG[m] Using transporter WagonTransporter with priority -1.0 for https://repo.gradle.org/gradle/libs-releases-local/
[[1;36mDEBUG[m] Using connector BasicRepositoryConnector with priority 0.0 for https://repo.gradle.org/gradle/libs-releases-local/
Downloading from gradle-repo: https://repo.gradle.org/gradle/libs-releases-local/eu/stamp-project/dspot/1.1.1-SNAPSHOT/dspot-1.1.1-20180928.073426-268.pom
[[1;36mDEBUG[m] Writing tracking file /home/bdanglot/.m2/repository/eu/stamp-project/dspot/1.1.1-SNAPSHOT/dspot-1.1.1-20180928.073426-268.pom.lastUpdated
[[1;36mDEBUG[m] Using transporter WagonTransporter with priority -1.0 for https://oss.sonatype.org/content/repositories/snapshots
[[1;36mDEBUG[m] Using connector BasicRepositoryConnector with priority 0.0 for https://oss.sonatype.org/content/repositories/snapshots
Downloading from sonatype-nexus-snapshots: https://oss.sonatype.org/content/repositories/snapshots/eu/stamp-project/dspot/1.1.1-SNAPSHOT/dspot-1.1.1-20180928.073426-268.pom
Progress (1): dspot-1.1.1-20180928.073426-268.pom (3.8/10 kB)Progress (1): dspot-1.1.1-20180928.073426-268.pom (7.9/10 kB)Progress (1): dspot-1.1.1-20180928.073426-268.pom (10 kB)                                                             Downloaded from sonatype-nexus-snapshots: https://oss.sonatype.org/content/repositories/snapshots/eu/stamp-project/dspot/1.1.1-SNAPSHOT/dspot-1.1.1-20180928.073426-268.pom (10 kB at 23 kB/s)
[[1;36mDEBUG[m] Writing tracking file /home/bdanglot/.m2/repository/eu/stamp-project/dspot/1.1.1-SNAPSHOT/_remote.repositories
[[1;36mDEBUG[m] Writing tracking file /home/bdanglot/.m2/repository/eu/stamp-project/dspot/1.1.1-SNAPSHOT/dspot-1.1.1-20180928.073426-268.pom.lastUpdated
[[1;36mDEBUG[m] Could not find metadata fr.inria.gforge.spoon:spoon-core:7.1.0-SNAPSHOT/maven-metadata.xml in local (/home/bdanglot/.m2/repository)
[[1;36mDEBUG[m] Using transporter WagonTransporter with priority -1.0 for https://repo.gradle.org/gradle/libs-releases-local/
[[1;36mDEBUG[m] Using connector BasicRepositoryConnector with priority 0.0 for https://repo.gradle.org/gradle/libs-releases-local/
[[1;36mDEBUG[m] Using transporter WagonTransporter with priority -1.0 for https://oss.sonatype.org/content/repositories/snapshots
Downloading from gradle-repo: https://repo.gradle.org/gradle/libs-releases-local/fr/inria/gforge/spoon/spoon-core/7.1.0-SNAPSHOT/maven-metadata.xml
[[1;36mDEBUG[m] Using connector BasicRepositoryConnector with priority 0.0 for https://oss.sonatype.org/content/repositories/snapshots
[[1;36mDEBUG[m] Using transporter WagonTransporter with priority -1.0 for https://stamp-project.github.io/stamp-maven-repository/
Downloading from sonatype-nexus-snapshots: https://oss.sonatype.org/content/repositories/snapshots/fr/inria/gforge/spoon/spoon-core/7.1.0-SNAPSHOT/maven-metadata.xml
[[1;36mDEBUG[m] Using connector BasicRepositoryConnector with priority 0.0 for https://stamp-project.github.io/stamp-maven-repository/
Downloading from stamp-maven-repository-mvn-repo: https://stamp-project.github.io/stamp-maven-repository/fr/inria/gforge/spoon/spoon-core/7.1.0-SNAPSHOT/maven-metadata.xml
[[1;36mDEBUG[m] Using transporter WagonTransporter with priority -1.0 for http://maven.inria.fr/artifactory/spoon-public-snapshot
[[1;36mDEBUG[m] Using connector BasicRepositoryConnector with priority 0.0 for http://maven.inria.fr/artifactory/spoon-public-snapshot
Downloading from maven.inria.fr-snapshot: http://maven.inria.fr/artifactory/spoon-public-snapshot/fr/inria/gforge/spoon/spoon-core/7.1.0-SNAPSHOT/maven-metadata.xml
[[1;36mDEBUG[m] Writing tracking file /home/bdanglot/.m2/repository/fr/inria/gforge/spoon/spoon-core/7.1.0-SNAPSHOT/resolver-status.properties
[[1;36mDEBUG[m] Writing tracking file /home/bdanglot/.m2/repository/fr/inria/gforge/spoon/spoon-core/7.1.0-SNAPSHOT/resolver-status.properties
[[1;36mDEBUG[m] Writing tracking file /home/bdanglot/.m2/repository/fr/inria/gforge/spoon/spoon-core/7.1.0-SNAPSHOT/resolver-status.properties
Progress (1): maven-metadata.xml (1.0 kB)                                         Downloaded from maven.inria.fr-snapshot: http://maven.inria.fr/artifactory/spoon-public-snapshot/fr/inria/gforge/spoon/spoon-core/7.1.0-SNAPSHOT/maven-metadata.xml (1.0 kB at 2.5 kB/s)
[[1;36mDEBUG[m] Writing tracking file /home/bdanglot/.m2/repository/fr/inria/gforge/spoon/spoon-core/7.1.0-SNAPSHOT/resolver-status.properties
[[1;36mDEBUG[m] Could not find metadata fr.inria.gforge.spoon:spoon-core:7.1.0-SNAPSHOT/maven-metadata.xml in stamp-maven-repository-mvn-repo (https://stamp-project.github.io/stamp-maven-repository/)
[[1;36mDEBUG[m] Could not find metadata fr.inria.gforge.spoon:spoon-core:7.1.0-SNAPSHOT/maven-metadata.xml in gradle-repo (https://repo.gradle.org/gradle/libs-releases-local/)
[[1;36mDEBUG[m] Could not find metadata fr.inria.gforge.spoon:spoon-core:7.1.0-SNAPSHOT/maven-metadata.xml in sonatype-nexus-snapshots (https://oss.sonatype.org/content/repositories/snapshots)
[[1;36mDEBUG[m] Could not find metadata fr.inria.gforge.spoon:spoon-core:7.1.0-SNAPSHOT/maven-metadata.xml in local (/home/bdanglot/.m2/repository)
[[1;36mDEBUG[m] Skipped remote request for fr.inria.gforge.spoon:spoon-core:7.1.0-SNAPSHOT/maven-metadata.xml, already updated during this session.
[[1;36mDEBUG[m] Failure to find fr.inria.gforge.spoon:spoon-core:7.1.0-SNAPSHOT/maven-metadata.xml in https://stamp-project.github.io/stamp-maven-repository/ was cached in the local repository, resolution will not be reattempted until the update interval of stamp-maven-repository-mvn-repo has elapsed or updates are forced
[[1;36mDEBUG[m] Skipped remote request for fr.inria.gforge.spoon:spoon-core:7.1.0-SNAPSHOT/maven-metadata.xml, already updated during this session.
[[1;36mDEBUG[m] Failure to find fr.inria.gforge.spoon:spoon-core:7.1.0-SNAPSHOT/maven-metadata.xml in https://repo.gradle.org/gradle/libs-releases-local/ was cached in the local repository, resolution will not be reattempted until the update interval of gradle-repo has elapsed or updates are forced
[[1;36mDEBUG[m] Skipped remote request for fr.inria.gforge.spoon:spoon-core:7.1.0-SNAPSHOT/maven-metadata.xml, already updated during this session.
[[1;36mDEBUG[m] Failure to find fr.inria.gforge.spoon:spoon-core:7.1.0-SNAPSHOT/maven-metadata.xml in https://oss.sonatype.org/content/repositories/snapshots was cached in the local repository, resolution will not be reattempted until the update interval of sonatype-nexus-snapshots has elapsed or updates are forced
[[1;36mDEBUG[m] Skipped remote request for fr.inria.gforge.spoon:spoon-core:7.1.0-SNAPSHOT/maven-metadata.xml, already updated during this session.
[[1;36mDEBUG[m] Using transporter WagonTransporter with priority -1.0 for https://stamp-project.github.io/stamp-maven-repository/
[[1;36mDEBUG[m] Using connector BasicRepositoryConnector with priority 0.0 for https://stamp-project.github.io/stamp-maven-repository/
Downloading from stamp-maven-repository-mvn-repo: https://stamp-project.github.io/stamp-maven-repository/fr/inria/gforge/spoon/spoon-core/7.1.0-SNAPSHOT/spoon-core-7.1.0-20180927.224951-217.pom
[[1;36mDEBUG[m] Writing tracking file /home/bdanglot/.m2/repository/fr/inria/gforge/spoon/spoon-core/7.1.0-SNAPSHOT/spoon-core-7.1.0-20180927.224951-217.pom.lastUpdated
[[1;36mDEBUG[m] Using transporter WagonTransporter with priority -1.0 for https://repo.gradle.org/gradle/libs-releases-local/
[[1;36mDEBUG[m] Using connector BasicRepositoryConnector with priority 0.0 for https://repo.gradle.org/gradle/libs-releases-local/
Downloading from gradle-repo: https://repo.gradle.org/gradle/libs-releases-local/fr/inria/gforge/spoon/spoon-core/7.1.0-SNAPSHOT/spoon-core-7.1.0-20180927.224951-217.pom
[[1;36mDEBUG[m] Writing tracking file /home/bdanglot/.m2/repository/fr/inria/gforge/spoon/spoon-core/7.1.0-SNAPSHOT/spoon-core-7.1.0-20180927.224951-217.pom.lastUpdated
[[1;36mDEBUG[m] Using transporter WagonTransporter with priority -1.0 for https://oss.sonatype.org/content/repositories/snapshots
[[1;36mDEBUG[m] Using connector BasicRepositoryConnector with priority 0.0 for https://oss.sonatype.org/content/repositories/snapshots
Downloading from sonatype-nexus-snapshots: https://oss.sonatype.org/content/repositories/snapshots/fr/inria/gforge/spoon/spoon-core/7.1.0-SNAPSHOT/spoon-core-7.1.0-20180927.224951-217.pom
[[1;36mDEBUG[m] Writing tracking file /home/bdanglot/.m2/repository/fr/inria/gforge/spoon/spoon-core/7.1.0-SNAPSHOT/spoon-core-7.1.0-20180927.224951-217.pom.lastUpdated
[[1;36mDEBUG[m] Using transporter WagonTransporter with priority -1.0 for http://maven.inria.fr/artifactory/spoon-public-snapshot
[[1;36mDEBUG[m] Using connector BasicRepositoryConnector with priority 0.0 for http://maven.inria.fr/artifactory/spoon-public-snapshot
Downloading from maven.inria.fr-snapshot: http://maven.inria.fr/artifactory/spoon-public-snapshot/fr/inria/gforge/spoon/spoon-core/7.1.0-SNAPSHOT/spoon-core-7.1.0-20180927.224951-217.pom
Progress (1): spoon-core-7.1.0-20180927.224951-217.pom (3.6/23 kB)Progress (1): spoon-core-7.1.0-20180927.224951-217.pom (7.7/23 kB)Progress (1): spoon-core-7.1.0-20180927.224951-217.pom (12/23 kB) Progress (1): spoon-core-7.1.0-20180927.224951-217.pom (13/23 kB)Progress (1): spoon-core-7.1.0-20180927.224951-217.pom (17/23 kB)Progress (1): spoon-core-7.1.0-20180927.224951-217.pom (21/23 kB)Progress (1): spoon-core-7.1.0-20180927.224951-217.pom (23 kB)                                                                 Downloaded from maven.inria.fr-snapshot: http://maven.inria.fr/artifactory/spoon-public-snapshot/fr/inria/gforge/spoon/spoon-core/7.1.0-SNAPSHOT/spoon-core-7.1.0-20180927.224951-217.pom (23 kB at 153 kB/s)
[[1;36mDEBUG[m] Writing tracking file /home/bdanglot/.m2/repository/fr/inria/gforge/spoon/spoon-core/7.1.0-SNAPSHOT/_remote.repositories
[[1;36mDEBUG[m] Writing tracking file /home/bdanglot/.m2/repository/fr/inria/gforge/spoon/spoon-core/7.1.0-SNAPSHOT/spoon-core-7.1.0-20180927.224951-217.pom.lastUpdated
[[1;36mDEBUG[m] Could not find metadata org.eclipse.platform:org.eclipse.core.resources/maven-metadata.xml in local (/home/bdanglot/.m2/repository)
[[1;36mDEBUG[m] Skipped remote request for org.eclipse.platform:org.eclipse.core.resources/maven-metadata.xml, locally cached metadata up-to-date.
[[1;36mDEBUG[m] Failure to find org.eclipse.platform:org.eclipse.core.resources/maven-metadata.xml in https://oss.sonatype.org/content/repositories/snapshots was cached in the local repository, resolution will not be reattempted until the update interval of sonatype-nexus-snapshots has elapsed or updates are forced
[[1;36mDEBUG[m] Failure to find org.eclipse.platform:org.eclipse.core.resources/maven-metadata.xml in http://maven.inria.fr/artifactory/spoon-public-snapshot was cached in the local repository, resolution will not be reattempted until the update interval of maven.inria.fr-snapshot has elapsed or updates are forced
[[1;36mDEBUG[m] Using transporter WagonTransporter with priority -1.0 for https://stamp-project.github.io/stamp-maven-repository/
[[1;36mDEBUG[m] Using connector BasicRepositoryConnector with priority 0.0 for https://stamp-project.github.io/stamp-maven-repository/
Downloading from stamp-maven-repository-mvn-repo: https://stamp-project.github.io/stamp-maven-repository/org/eclipse/platform/org.eclipse.core.resources/maven-metadata.xml
[[1;36mDEBUG[m] Using transporter WagonTransporter with priority -1.0 for https://repo.gradle.org/gradle/libs-releases-local/
[[1;36mDEBUG[m] Using transporter WagonTransporter with priority -1.0 for http://maven.inria.fr/artifactory/triskell-public-release
[[1;36mDEBUG[m] Using connector BasicRepositoryConnector with priority 0.0 for http://maven.inria.fr/artifactory/triskell-public-release
Downloading from inria: http://maven.inria.fr/artifactory/triskell-public-release/org/eclipse/platform/org.eclipse.core.resources/maven-metadata.xml
[[1;36mDEBUG[m] Using connector BasicRepositoryConnector with priority 0.0 for https://repo.gradle.org/gradle/libs-releases-local/
Downloading from gradle-repo: https://repo.gradle.org/gradle/libs-releases-local/org/eclipse/platform/org.eclipse.core.resources/maven-metadata.xml
[[1;36mDEBUG[m] Writing tracking file /home/bdanglot/.m2/repository/org/eclipse/platform/org.eclipse.core.resources/resolver-status.properties
[[1;36mDEBUG[m] Writing tracking file /home/bdanglot/.m2/repository/org/eclipse/platform/org.eclipse.core.resources/resolver-status.properties
[[1;36mDEBUG[m] Writing tracking file /home/bdanglot/.m2/repository/org/eclipse/platform/org.eclipse.core.resources/resolver-status.properties
[[1;36mDEBUG[m] Could not find metadata org.eclipse.platform:org.eclipse.core.resources/maven-metadata.xml in stamp-maven-repository-mvn-repo (https://stamp-project.github.io/stamp-maven-repository/)
[[1;36mDEBUG[m] Could not find metadata org.eclipse.platform:org.eclipse.core.resources/maven-metadata.xml in gradle-repo (https://repo.gradle.org/gradle/libs-releases-local/)
[[1;36mDEBUG[m] Could not find metadata org.eclipse.platform:org.eclipse.core.resources/maven-metadata.xml in inria (http://maven.inria.fr/artifactory/triskell-public-release)
[[1;36mDEBUG[m] Could not find metadata org.eclipse.platform:org.eclipse.core.expressions/maven-metadata.xml in local (/home/bdanglot/.m2/repository)
[[1;36mDEBUG[m] Skipped remote request for org.eclipse.platform:org.eclipse.core.expressions/maven-metadata.xml, locally cached metadata up-to-date.
[[1;36mDEBUG[m] Failure to find org.eclipse.platform:org.eclipse.core.expressions/maven-metadata.xml in https://oss.sonatype.org/content/repositories/snapshots was cached in the local repository, resolution will not be reattempted until the update interval of sonatype-nexus-snapshots has elapsed or updates are forced
[[1;36mDEBUG[m] Failure to find org.eclipse.platform:org.eclipse.core.expressions/maven-metadata.xml in http://maven.inria.fr/artifactory/spoon-public-snapshot was cached in the local repository, resolution will not be reattempted until the update interval of maven.inria.fr-snapshot has elapsed or updates are forced
[[1;36mDEBUG[m] Using transporter WagonTransporter with priority -1.0 for https://stamp-project.github.io/stamp-maven-repository/
[[1;36mDEBUG[m] Using transporter WagonTransporter with priority -1.0 for https://repo.gradle.org/gradle/libs-releases-local/
[[1;36mDEBUG[m] Using connector BasicRepositoryConnector with priority 0.0 for https://repo.gradle.org/gradle/libs-releases-local/
[[1;36mDEBUG[m] Using connector BasicRepositoryConnector with priority 0.0 for https://stamp-project.github.io/stamp-maven-repository/
Downloading from gradle-repo: https://repo.gradle.org/gradle/libs-releases-local/org/eclipse/platform/org.eclipse.core.expressions/maven-metadata.xml
Downloading from stamp-maven-repository-mvn-repo: https://stamp-project.github.io/stamp-maven-repository/org/eclipse/platform/org.eclipse.core.expressions/maven-metadata.xml
[[1;36mDEBUG[m] Using transporter WagonTransporter with priority -1.0 for http://maven.inria.fr/artifactory/triskell-public-release
[[1;36mDEBUG[m] Using connector BasicRepositoryConnector with priority 0.0 for http://maven.inria.fr/artifactory/triskell-public-release
Downloading from inria: http://maven.inria.fr/artifactory/triskell-public-release/org/eclipse/platform/org.eclipse.core.expressions/maven-metadata.xml
[[1;36mDEBUG[m] Writing tracking file /home/bdanglot/.m2/repository/org/eclipse/platform/org.eclipse.core.expressions/resolver-status.properties
[[1;36mDEBUG[m] Writing tracking file /home/bdanglot/.m2/repository/org/eclipse/platform/org.eclipse.core.expressions/resolver-status.properties
[[1;36mDEBUG[m] Writing tracking file /home/bdanglot/.m2/repository/org/eclipse/platform/org.eclipse.core.expressions/resolver-status.properties
[[1;36mDEBUG[m] Could not find metadata org.eclipse.platform:org.eclipse.core.expressions/maven-metadata.xml in stamp-maven-repository-mvn-repo (https://stamp-project.github.io/stamp-maven-repository/)
[[1;36mDEBUG[m] Could not find metadata org.eclipse.platform:org.eclipse.core.expressions/maven-metadata.xml in gradle-repo (https://repo.gradle.org/gradle/libs-releases-local/)
[[1;36mDEBUG[m] Could not find metadata org.eclipse.platform:org.eclipse.core.expressions/maven-metadata.xml in inria (http://maven.inria.fr/artifactory/triskell-public-release)
[[1;36mDEBUG[m] Could not find metadata org.eclipse.platform:org.eclipse.core.runtime/maven-metadata.xml in local (/home/bdanglot/.m2/repository)
[[1;36mDEBUG[m] Skipped remote request for org.eclipse.platform:org.eclipse.core.runtime/maven-metadata.xml, locally cached metadata up-to-date.
[[1;36mDEBUG[m] Failure to find org.eclipse.platform:org.eclipse.core.runtime/maven-metadata.xml in https://oss.sonatype.org/content/repositories/snapshots was cached in the local repository, resolution will not be reattempted until the update interval of sonatype-nexus-snapshots has elapsed or updates are forced
[[1;36mDEBUG[m] Failure to find org.eclipse.platform:org.eclipse.core.runtime/maven-metadata.xml in http://maven.inria.fr/artifactory/spoon-public-snapshot was cached in the local repository, resolution will not be reattempted until the update interval of maven.inria.fr-snapshot has elapsed or updates are forced
[[1;36mDEBUG[m] Using transporter WagonTransporter with priority -1.0 for https://stamp-project.github.io/stamp-maven-repository/
[[1;36mDEBUG[m] Using connector BasicRepositoryConnector with priority 0.0 for https://stamp-project.github.io/stamp-maven-repository/
Downloading from stamp-maven-repository-mvn-repo: https://stamp-project.github.io/stamp-maven-repository/org/eclipse/platform/org.eclipse.core.runtime/maven-metadata.xml
[[1;36mDEBUG[m] Using transporter WagonTransporter with priority -1.0 for https://repo.gradle.org/gradle/libs-releases-local/
[[1;36mDEBUG[m] Using connector BasicRepositoryConnector with priority 0.0 for https://repo.gradle.org/gradle/libs-releases-local/
[[1;36mDEBUG[m] Using transporter WagonTransporter with priority -1.0 for http://maven.inria.fr/artifactory/triskell-public-release
[[1;36mDEBUG[m] Using connector BasicRepositoryConnector with priority 0.0 for http://maven.inria.fr/artifactory/triskell-public-release
Downloading from gradle-repo: https://repo.gradle.org/gradle/libs-releases-local/org/eclipse/platform/org.eclipse.core.runtime/maven-metadata.xml
Downloading from inria: http://maven.inria.fr/artifactory/triskell-public-release/org/eclipse/platform/org.eclipse.core.runtime/maven-metadata.xml
[[1;36mDEBUG[m] Writing tracking file /home/bdanglot/.m2/repository/org/eclipse/platform/org.eclipse.core.runtime/resolver-status.properties
[[1;36mDEBUG[m] Writing tracking file /home/bdanglot/.m2/repository/org/eclipse/platform/org.eclipse.core.runtime/resolver-status.properties
[[1;36mDEBUG[m] Writing tracking file /home/bdanglot/.m2/repository/org/eclipse/platform/org.eclipse.core.runtime/resolver-status.properties
[[1;36mDEBUG[m] Could not find metadata org.eclipse.platform:org.eclipse.core.runtime/maven-metadata.xml in stamp-maven-repository-mvn-repo (https://stamp-project.github.io/stamp-maven-repository/)
[[1;36mDEBUG[m] Could not find metadata org.eclipse.platform:org.eclipse.core.runtime/maven-metadata.xml in gradle-repo (https://repo.gradle.org/gradle/libs-releases-local/)
[[1;36mDEBUG[m] Could not find metadata org.eclipse.platform:org.eclipse.core.runtime/maven-metadata.xml in inria (http://maven.inria.fr/artifactory/triskell-public-release)
[[1;36mDEBUG[m] Could not find metadata org.eclipse.platform:org.eclipse.osgi/maven-metadata.xml in local (/home/bdanglot/.m2/repository)
[[1;36mDEBUG[m] Skipped remote request for org.eclipse.platform:org.eclipse.osgi/maven-metadata.xml, locally cached metadata up-to-date.
[[1;36mDEBUG[m] Failure to find org.eclipse.platform:org.eclipse.osgi/maven-metadata.xml in https://oss.sonatype.org/content/repositories/snapshots was cached in the local repository, resolution will not be reattempted until the update interval of sonatype-nexus-snapshots has elapsed or updates are forced
[[1;36mDEBUG[m] Failure to find org.eclipse.platform:org.eclipse.osgi/maven-metadata.xml in http://maven.inria.fr/artifactory/spoon-public-snapshot was cached in the local repository, resolution will not be reattempted until the update interval of maven.inria.fr-snapshot has elapsed or updates are forced
[[1;36mDEBUG[m] Using transporter WagonTransporter with priority -1.0 for https://stamp-project.github.io/stamp-maven-repository/
[[1;36mDEBUG[m] Using connector BasicRepositoryConnector with priority 0.0 for https://stamp-project.github.io/stamp-maven-repository/
Downloading from stamp-maven-repository-mvn-repo: https://stamp-project.github.io/stamp-maven-repository/org/eclipse/platform/org.eclipse.osgi/maven-metadata.xml
[[1;36mDEBUG[m] Using transporter WagonTransporter with priority -1.0 for https://repo.gradle.org/gradle/libs-releases-local/
[[1;36mDEBUG[m] Using connector BasicRepositoryConnector with priority 0.0 for https://repo.gradle.org/gradle/libs-releases-local/
Downloading from gradle-repo: https://repo.gradle.org/gradle/libs-releases-local/org/eclipse/platform/org.eclipse.osgi/maven-metadata.xml
[[1;36mDEBUG[m] Using transporter WagonTransporter with priority -1.0 for http://maven.inria.fr/artifactory/triskell-public-release
[[1;36mDEBUG[m] Using connector BasicRepositoryConnector with priority 0.0 for http://maven.inria.fr/artifactory/triskell-public-release
Downloading from inria: http://maven.inria.fr/artifactory/triskell-public-release/org/eclipse/platform/org.eclipse.osgi/maven-metadata.xml
[[1;36mDEBUG[m] Writing tracking file /home/bdanglot/.m2/repository/org/eclipse/platform/org.eclipse.osgi/resolver-status.properties
[[1;36mDEBUG[m] Writing tracking file /home/bdanglot/.m2/repository/org/eclipse/platform/org.eclipse.osgi/resolver-status.properties
[[1;36mDEBUG[m] Writing tracking file /home/bdanglot/.m2/repository/org/eclipse/platform/org.eclipse.osgi/resolver-status.properties
[[1;36mDEBUG[m] Could not find metadata org.eclipse.platform:org.eclipse.osgi/maven-metadata.xml in stamp-maven-repository-mvn-repo (https://stamp-project.github.io/stamp-maven-repository/)
[[1;36mDEBUG[m] Could not find metadata org.eclipse.platform:org.eclipse.osgi/maven-metadata.xml in gradle-repo (https://repo.gradle.org/gradle/libs-releases-local/)
[[1;36mDEBUG[m] Could not find metadata org.eclipse.platform:org.eclipse.osgi/maven-metadata.xml in inria (http://maven.inria.fr/artifactory/triskell-public-release)
[[1;36mDEBUG[m] Could not find metadata org.eclipse.platform:org.eclipse.equinox.common/maven-metadata.xml in local (/home/bdanglot/.m2/repository)
[[1;36mDEBUG[m] Skipped remote request for org.eclipse.platform:org.eclipse.equinox.common/maven-metadata.xml, locally cached metadata up-to-date.
[[1;36mDEBUG[m] Failure to find org.eclipse.platform:org.eclipse.equinox.common/maven-metadata.xml in https://oss.sonatype.org/content/repositories/snapshots was cached in the local repository, resolution will not be reattempted until the update interval of sonatype-nexus-snapshots has elapsed or updates are forced
[[1;36mDEBUG[m] Failure to find org.eclipse.platform:org.eclipse.equinox.common/maven-metadata.xml in http://maven.inria.fr/artifactory/spoon-public-snapshot was cached in the local repository, resolution will not be reattempted until the update interval of maven.inria.fr-snapshot has elapsed or updates are forced
[[1;36mDEBUG[m] Using transporter WagonTransporter with priority -1.0 for https://stamp-project.github.io/stamp-maven-repository/
[[1;36mDEBUG[m] Using transporter WagonTransporter with priority -1.0 for https://repo.gradle.org/gradle/libs-releases-local/
[[1;36mDEBUG[m] Using connector BasicRepositoryConnector with priority 0.0 for https://stamp-project.github.io/stamp-maven-repository/
[[1;36mDEBUG[m] Using connector BasicRepositoryConnector with priority 0.0 for https://repo.gradle.org/gradle/libs-releases-local/
Downloading from gradle-repo: https://repo.gradle.org/gradle/libs-releases-local/org/eclipse/platform/org.eclipse.equinox.common/maven-metadata.xml
Downloading from stamp-maven-repository-mvn-repo: https://stamp-project.github.io/stamp-maven-repository/org/eclipse/platform/org.eclipse.equinox.common/maven-metadata.xml
[[1;36mDEBUG[m] Using transporter WagonTransporter with priority -1.0 for http://maven.inria.fr/artifactory/triskell-public-release
[[1;36mDEBUG[m] Using connector BasicRepositoryConnector with priority 0.0 for http://maven.inria.fr/artifactory/triskell-public-release
Downloading from inria: http://maven.inria.fr/artifactory/triskell-public-release/org/eclipse/platform/org.eclipse.equinox.common/maven-metadata.xml
[[1;36mDEBUG[m] Writing tracking file /home/bdanglot/.m2/repository/org/eclipse/platform/org.eclipse.equinox.common/resolver-status.properties
[[1;36mDEBUG[m] Writing tracking file /home/bdanglot/.m2/repository/org/eclipse/platform/org.eclipse.equinox.common/resolver-status.properties
[[1;36mDEBUG[m] Writing tracking file /home/bdanglot/.m2/repository/org/eclipse/platform/org.eclipse.equinox.common/resolver-status.properties
[[1;36mDEBUG[m] Could not find metadata org.eclipse.platform:org.eclipse.equinox.common/maven-metadata.xml in stamp-maven-repository-mvn-repo (https://stamp-project.github.io/stamp-maven-repository/)
[[1;36mDEBUG[m] Could not find metadata org.eclipse.platform:org.eclipse.equinox.common/maven-metadata.xml in gradle-repo (https://repo.gradle.org/gradle/libs-releases-local/)
[[1;36mDEBUG[m] Could not find metadata org.eclipse.platform:org.eclipse.equinox.common/maven-metadata.xml in inria (http://maven.inria.fr/artifactory/triskell-public-release)
[[1;36mDEBUG[m] Could not find metadata org.eclipse.platform:org.eclipse.core.jobs/maven-metadata.xml in local (/home/bdanglot/.m2/repository)
[[1;36mDEBUG[m] Skipped remote request for org.eclipse.platform:org.eclipse.core.jobs/maven-metadata.xml, locally cached metadata up-to-date.
[[1;36mDEBUG[m] Failure to find org.eclipse.platform:org.eclipse.core.jobs/maven-metadata.xml in https://oss.sonatype.org/content/repositories/snapshots was cached in the local repository, resolution will not be reattempted until the update interval of sonatype-nexus-snapshots has elapsed or updates are forced
[[1;36mDEBUG[m] Failure to find org.eclipse.platform:org.eclipse.core.jobs/maven-metadata.xml in http://maven.inria.fr/artifactory/spoon-public-snapshot was cached in the local repository, resolution will not be reattempted until the update interval of maven.inria.fr-snapshot has elapsed or updates are forced
[[1;36mDEBUG[m] Using transporter WagonTransporter with priority -1.0 for https://repo.gradle.org/gradle/libs-releases-local/
[[1;36mDEBUG[m] Using connector BasicRepositoryConnector with priority 0.0 for https://repo.gradle.org/gradle/libs-releases-local/
Downloading from gradle-repo: https://repo.gradle.org/gradle/libs-releases-local/org/eclipse/platform/org.eclipse.core.jobs/maven-metadata.xml
[[1;36mDEBUG[m] Using transporter WagonTransporter with priority -1.0 for http://maven.inria.fr/artifactory/triskell-public-release
[[1;36mDEBUG[m] Using transporter WagonTransporter with priority -1.0 for https://stamp-project.github.io/stamp-maven-repository/
[[1;36mDEBUG[m] Using connector BasicRepositoryConnector with priority 0.0 for http://maven.inria.fr/artifactory/triskell-public-release
[[1;36mDEBUG[m] Using connector BasicRepositoryConnector with priority 0.0 for https://stamp-project.github.io/stamp-maven-repository/
Downloading from stamp-maven-repository-mvn-repo: https://stamp-project.github.io/stamp-maven-repository/org/eclipse/platform/org.eclipse.core.jobs/maven-metadata.xml
Downloading from inria: http://maven.inria.fr/artifactory/triskell-public-release/org/eclipse/platform/org.eclipse.core.jobs/maven-metadata.xml
[[1;36mDEBUG[m] Writing tracking file /home/bdanglot/.m2/repository/org/eclipse/platform/org.eclipse.core.jobs/resolver-status.properties
[[1;36mDEBUG[m] Writing tracking file /home/bdanglot/.m2/repository/org/eclipse/platform/org.eclipse.core.jobs/resolver-status.properties
[[1;36mDEBUG[m] Writing tracking file /home/bdanglot/.m2/repository/org/eclipse/platform/org.eclipse.core.jobs/resolver-status.properties
[[1;36mDEBUG[m] Could not find metadata org.eclipse.platform:org.eclipse.core.jobs/maven-metadata.xml in stamp-maven-repository-mvn-repo (https://stamp-project.github.io/stamp-maven-repository/)
[[1;36mDEBUG[m] Could not find metadata org.eclipse.platform:org.eclipse.core.jobs/maven-metadata.xml in gradle-repo (https://repo.gradle.org/gradle/libs-releases-local/)
[[1;36mDEBUG[m] Could not find metadata org.eclipse.platform:org.eclipse.core.jobs/maven-metadata.xml in inria (http://maven.inria.fr/artifactory/triskell-public-release)
[[1;36mDEBUG[m] Could not find metadata org.eclipse.platform:org.eclipse.equinox.registry/maven-metadata.xml in local (/home/bdanglot/.m2/repository)
[[1;36mDEBUG[m] Skipped remote request for org.eclipse.platform:org.eclipse.equinox.registry/maven-metadata.xml, locally cached metadata up-to-date.
[[1;36mDEBUG[m] Failure to find org.eclipse.platform:org.eclipse.equinox.registry/maven-metadata.xml in https://oss.sonatype.org/content/repositories/snapshots was cached in the local repository, resolution will not be reattempted until the update interval of sonatype-nexus-snapshots has elapsed or updates are forced
[[1;36mDEBUG[m] Failure to find org.eclipse.platform:org.eclipse.equinox.registry/maven-metadata.xml in http://maven.inria.fr/artifactory/spoon-public-snapshot was cached in the local repository, resolution will not be reattempted until the update interval of maven.inria.fr-snapshot has elapsed or updates are forced
[[1;36mDEBUG[m] Using transporter WagonTransporter with priority -1.0 for http://maven.inria.fr/artifactory/triskell-public-release
[[1;36mDEBUG[m] Using connector BasicRepositoryConnector with priority 0.0 for http://maven.inria.fr/artifactory/triskell-public-release
[[1;36mDEBUG[m] Using transporter WagonTransporter with priority -1.0 for https://stamp-project.github.io/stamp-maven-repository/
Downloading from inria: http://maven.inria.fr/artifactory/triskell-public-release/org/eclipse/platform/org.eclipse.equinox.registry/maven-metadata.xml
[[1;36mDEBUG[m] Using connector BasicRepositoryConnector with priority 0.0 for https://stamp-project.github.io/stamp-maven-repository/
Downloading from stamp-maven-repository-mvn-repo: https://stamp-project.github.io/stamp-maven-repository/org/eclipse/platform/org.eclipse.equinox.registry/maven-metadata.xml
[[1;36mDEBUG[m] Using transporter WagonTransporter with priority -1.0 for https://repo.gradle.org/gradle/libs-releases-local/
[[1;36mDEBUG[m] Using connector BasicRepositoryConnector with priority 0.0 for https://repo.gradle.org/gradle/libs-releases-local/
Downloading from gradle-repo: https://repo.gradle.org/gradle/libs-releases-local/org/eclipse/platform/org.eclipse.equinox.registry/maven-metadata.xml
[[1;36mDEBUG[m] Writing tracking file /home/bdanglot/.m2/repository/org/eclipse/platform/org.eclipse.equinox.registry/resolver-status.properties
[[1;36mDEBUG[m] Writing tracking file /home/bdanglot/.m2/repository/org/eclipse/platform/org.eclipse.equinox.registry/resolver-status.properties
[[1;36mDEBUG[m] Writing tracking file /home/bdanglot/.m2/repository/org/eclipse/platform/org.eclipse.equinox.registry/resolver-status.properties
[[1;36mDEBUG[m] Could not find metadata org.eclipse.platform:org.eclipse.equinox.registry/maven-metadata.xml in stamp-maven-repository-mvn-repo (https://stamp-project.github.io/stamp-maven-repository/)
[[1;36mDEBUG[m] Could not find metadata org.eclipse.platform:org.eclipse.equinox.registry/maven-metadata.xml in gradle-repo (https://repo.gradle.org/gradle/libs-releases-local/)
[[1;36mDEBUG[m] Could not find metadata org.eclipse.platform:org.eclipse.equinox.registry/maven-metadata.xml in inria (http://maven.inria.fr/artifactory/triskell-public-release)
[[1;36mDEBUG[m] Could not find metadata org.eclipse.platform:org.eclipse.equinox.common/maven-metadata.xml in local (/home/bdanglot/.m2/repository)
[[1;36mDEBUG[m] Skipped remote request for org.eclipse.platform:org.eclipse.equinox.common/maven-metadata.xml, locally cached metadata up-to-date.
[[1;36mDEBUG[m] Skipped remote request for org.eclipse.platform:org.eclipse.equinox.common/maven-metadata.xml, already updated during this session.
[[1;36mDEBUG[m] Failure to find org.eclipse.platform:org.eclipse.equinox.common/maven-metadata.xml in https://stamp-project.github.io/stamp-maven-repository/ was cached in the local repository, resolution will not be reattempted until the update interval of stamp-maven-repository-mvn-repo has elapsed or updates are forced
[[1;36mDEBUG[m] Skipped remote request for org.eclipse.platform:org.eclipse.equinox.common/maven-metadata.xml, already updated during this session.
[[1;36mDEBUG[m] Failure to find org.eclipse.platform:org.eclipse.equinox.common/maven-metadata.xml in https://repo.gradle.org/gradle/libs-releases-local/ was cached in the local repository, resolution will not be reattempted until the update interval of gradle-repo has elapsed or updates are forced
[[1;36mDEBUG[m] Failure to find org.eclipse.platform:org.eclipse.equinox.common/maven-metadata.xml in https://oss.sonatype.org/content/repositories/snapshots was cached in the local repository, resolution will not be reattempted until the update interval of sonatype-nexus-snapshots has elapsed or updates are forced
[[1;36mDEBUG[m] Failure to find org.eclipse.platform:org.eclipse.equinox.common/maven-metadata.xml in http://maven.inria.fr/artifactory/spoon-public-snapshot was cached in the local repository, resolution will not be reattempted until the update interval of maven.inria.fr-snapshot has elapsed or updates are forced
[[1;36mDEBUG[m] Skipped remote request for org.eclipse.platform:org.eclipse.equinox.common/maven-metadata.xml, already updated during this session.
[[1;36mDEBUG[m] Failure to find org.eclipse.platform:org.eclipse.equinox.common/maven-metadata.xml in http://maven.inria.fr/artifactory/triskell-public-release was cached in the local repository, resolution will not be reattempted until the update interval of inria has elapsed or updates are forced
[[1;36mDEBUG[m] Could not find metadata org.eclipse.platform:org.eclipse.equinox.preferences/maven-metadata.xml in local (/home/bdanglot/.m2/repository)
[[1;36mDEBUG[m] Skipped remote request for org.eclipse.platform:org.eclipse.equinox.preferences/maven-metadata.xml, locally cached metadata up-to-date.
[[1;36mDEBUG[m] Failure to find org.eclipse.platform:org.eclipse.equinox.preferences/maven-metadata.xml in https://oss.sonatype.org/content/repositories/snapshots was cached in the local repository, resolution will not be reattempted until the update interval of sonatype-nexus-snapshots has elapsed or updates are forced
[[1;36mDEBUG[m] Failure to find org.eclipse.platform:org.eclipse.equinox.preferences/maven-metadata.xml in http://maven.inria.fr/artifactory/spoon-public-snapshot was cached in the local repository, resolution will not be reattempted until the update interval of maven.inria.fr-snapshot has elapsed or updates are forced
[[1;36mDEBUG[m] Using transporter WagonTransporter with priority -1.0 for https://stamp-project.github.io/stamp-maven-repository/
[[1;36mDEBUG[m] Using connector BasicRepositoryConnector with priority 0.0 for https://stamp-project.github.io/stamp-maven-repository/
Downloading from stamp-maven-repository-mvn-repo: https://stamp-project.github.io/stamp-maven-repository/org/eclipse/platform/org.eclipse.equinox.preferences/maven-metadata.xml
[[1;36mDEBUG[m] Using transporter WagonTransporter with priority -1.0 for https://repo.gradle.org/gradle/libs-releases-local/
[[1;36mDEBUG[m] Using connector BasicRepositoryConnector with priority 0.0 for https://repo.gradle.org/gradle/libs-releases-local/
[[1;36mDEBUG[m] Using transporter WagonTransporter with priority -1.0 for http://maven.inria.fr/artifactory/triskell-public-release
[[1;36mDEBUG[m] Using connector BasicRepositoryConnector with priority 0.0 for http://maven.inria.fr/artifactory/triskell-public-release
Downloading from gradle-repo: https://repo.gradle.org/gradle/libs-releases-local/org/eclipse/platform/org.eclipse.equinox.preferences/maven-metadata.xml
Downloading from inria: http://maven.inria.fr/artifactory/triskell-public-release/org/eclipse/platform/org.eclipse.equinox.preferences/maven-metadata.xml
[[1;36mDEBUG[m] Writing tracking file /home/bdanglot/.m2/repository/org/eclipse/platform/org.eclipse.equinox.preferences/resolver-status.properties
[[1;36mDEBUG[m] Writing tracking file /home/bdanglot/.m2/repository/org/eclipse/platform/org.eclipse.equinox.preferences/resolver-status.properties
[[1;36mDEBUG[m] Writing tracking file /home/bdanglot/.m2/repository/org/eclipse/platform/org.eclipse.equinox.preferences/resolver-status.properties
[[1;36mDEBUG[m] Could not find metadata org.eclipse.platform:org.eclipse.equinox.preferences/maven-metadata.xml in stamp-maven-repository-mvn-repo (https://stamp-project.github.io/stamp-maven-repository/)
[[1;36mDEBUG[m] Could not find metadata org.eclipse.platform:org.eclipse.equinox.preferences/maven-metadata.xml in gradle-repo (https://repo.gradle.org/gradle/libs-releases-local/)
[[1;36mDEBUG[m] Could not find metadata org.eclipse.platform:org.eclipse.equinox.preferences/maven-metadata.xml in inria (http://maven.inria.fr/artifactory/triskell-public-release)
[[1;36mDEBUG[m] Could not find metadata org.eclipse.platform:org.eclipse.equinox.common/maven-metadata.xml in local (/home/bdanglot/.m2/repository)
[[1;36mDEBUG[m] Skipped remote request for org.eclipse.platform:org.eclipse.equinox.common/maven-metadata.xml, locally cached metadata up-to-date.
[[1;36mDEBUG[m] Skipped remote request for org.eclipse.platform:org.eclipse.equinox.common/maven-metadata.xml, already updated during this session.
[[1;36mDEBUG[m] Failure to find org.eclipse.platform:org.eclipse.equinox.common/maven-metadata.xml in https://stamp-project.github.io/stamp-maven-repository/ was cached in the local repository, resolution will not be reattempted until the update interval of stamp-maven-repository-mvn-repo has elapsed or updates are forced
[[1;36mDEBUG[m] Skipped remote request for org.eclipse.platform:org.eclipse.equinox.common/maven-metadata.xml, already updated during this session.
[[1;36mDEBUG[m] Failure to find org.eclipse.platform:org.eclipse.equinox.common/maven-metadata.xml in https://repo.gradle.org/gradle/libs-releases-local/ was cached in the local repository, resolution will not be reattempted until the update interval of gradle-repo has elapsed or updates are forced
[[1;36mDEBUG[m] Failure to find org.eclipse.platform:org.eclipse.equinox.common/maven-metadata.xml in https://oss.sonatype.org/content/repositories/snapshots was cached in the local repository, resolution will not be reattempted until the update interval of sonatype-nexus-snapshots has elapsed or updates are forced
[[1;36mDEBUG[m] Failure to find org.eclipse.platform:org.eclipse.equinox.common/maven-metadata.xml in http://maven.inria.fr/artifactory/spoon-public-snapshot was cached in the local repository, resolution will not be reattempted until the update interval of maven.inria.fr-snapshot has elapsed or updates are forced
[[1;36mDEBUG[m] Skipped remote request for org.eclipse.platform:org.eclipse.equinox.common/maven-metadata.xml, already updated during this session.
[[1;36mDEBUG[m] Failure to find org.eclipse.platform:org.eclipse.equinox.common/maven-metadata.xml in http://maven.inria.fr/artifactory/triskell-public-release was cached in the local repository, resolution will not be reattempted until the update interval of inria has elapsed or updates are forced
[[1;36mDEBUG[m] Could not find metadata org.eclipse.platform:org.eclipse.core.contenttype/maven-metadata.xml in local (/home/bdanglot/.m2/repository)
[[1;36mDEBUG[m] Skipped remote request for org.eclipse.platform:org.eclipse.core.contenttype/maven-metadata.xml, locally cached metadata up-to-date.
[[1;36mDEBUG[m] Failure to find org.eclipse.platform:org.eclipse.core.contenttype/maven-metadata.xml in https://oss.sonatype.org/content/repositories/snapshots was cached in the local repository, resolution will not be reattempted until the update interval of sonatype-nexus-snapshots has elapsed or updates are forced
[[1;36mDEBUG[m] Failure to find org.eclipse.platform:org.eclipse.core.contenttype/maven-metadata.xml in http://maven.inria.fr/artifactory/spoon-public-snapshot was cached in the local repository, resolution will not be reattempted until the update interval of maven.inria.fr-snapshot has elapsed or updates are forced
[[1;36mDEBUG[m] Using transporter WagonTransporter with priority -1.0 for https://repo.gradle.org/gradle/libs-releases-local/
[[1;36mDEBUG[m] Using transporter WagonTransporter with priority -1.0 for https://stamp-project.github.io/stamp-maven-repository/
[[1;36mDEBUG[m] Using connector BasicRepositoryConnector with priority 0.0 for https://repo.gradle.org/gradle/libs-releases-local/
[[1;36mDEBUG[m] Using connector BasicRepositoryConnector with priority 0.0 for https://stamp-project.github.io/stamp-maven-repository/
Downloading from stamp-maven-repository-mvn-repo: https://stamp-project.github.io/stamp-maven-repository/org/eclipse/platform/org.eclipse.core.contenttype/maven-metadata.xml
[[1;36mDEBUG[m] Using transporter WagonTransporter with priority -1.0 for http://maven.inria.fr/artifactory/triskell-public-release
[[1;36mDEBUG[m] Using connector BasicRepositoryConnector with priority 0.0 for http://maven.inria.fr/artifactory/triskell-public-release
Downloading from inria: http://maven.inria.fr/artifactory/triskell-public-release/org/eclipse/platform/org.eclipse.core.contenttype/maven-metadata.xml
Downloading from gradle-repo: https://repo.gradle.org/gradle/libs-releases-local/org/eclipse/platform/org.eclipse.core.contenttype/maven-metadata.xml
[[1;36mDEBUG[m] Writing tracking file /home/bdanglot/.m2/repository/org/eclipse/platform/org.eclipse.core.contenttype/resolver-status.properties
[[1;36mDEBUG[m] Writing tracking file /home/bdanglot/.m2/repository/org/eclipse/platform/org.eclipse.core.contenttype/resolver-status.properties
[[1;36mDEBUG[m] Writing tracking file /home/bdanglot/.m2/repository/org/eclipse/platform/org.eclipse.core.contenttype/resolver-status.properties
[[1;36mDEBUG[m] Could not find metadata org.eclipse.platform:org.eclipse.core.contenttype/maven-metadata.xml in stamp-maven-repository-mvn-repo (https://stamp-project.github.io/stamp-maven-repository/)
[[1;36mDEBUG[m] Could not find metadata org.eclipse.platform:org.eclipse.core.contenttype/maven-metadata.xml in gradle-repo (https://repo.gradle.org/gradle/libs-releases-local/)
[[1;36mDEBUG[m] Could not find metadata org.eclipse.platform:org.eclipse.core.contenttype/maven-metadata.xml in inria (http://maven.inria.fr/artifactory/triskell-public-release)
[[1;36mDEBUG[m] Could not find metadata org.eclipse.platform:org.eclipse.equinox.preferences/maven-metadata.xml in local (/home/bdanglot/.m2/repository)
[[1;36mDEBUG[m] Skipped remote request for org.eclipse.platform:org.eclipse.equinox.preferences/maven-metadata.xml, locally cached metadata up-to-date.
[[1;36mDEBUG[m] Skipped remote request for org.eclipse.platform:org.eclipse.equinox.preferences/maven-metadata.xml, already updated during this session.
[[1;36mDEBUG[m] Failure to find org.eclipse.platform:org.eclipse.equinox.preferences/maven-metadata.xml in https://stamp-project.github.io/stamp-maven-repository/ was cached in the local repository, resolution will not be reattempted until the update interval of stamp-maven-repository-mvn-repo has elapsed or updates are forced
[[1;36mDEBUG[m] Skipped remote request for org.eclipse.platform:org.eclipse.equinox.preferences/maven-metadata.xml, already updated during this session.
[[1;36mDEBUG[m] Failure to find org.eclipse.platform:org.eclipse.equinox.preferences/maven-metadata.xml in https://repo.gradle.org/gradle/libs-releases-local/ was cached in the local repository, resolution will not be reattempted until the update interval of gradle-repo has elapsed or updates are forced
[[1;36mDEBUG[m] Failure to find org.eclipse.platform:org.eclipse.equinox.preferences/maven-metadata.xml in https://oss.sonatype.org/content/repositories/snapshots was cached in the local repository, resolution will not be reattempted until the update interval of sonatype-nexus-snapshots has elapsed or updates are forced
[[1;36mDEBUG[m] Failure to find org.eclipse.platform:org.eclipse.equinox.preferences/maven-metadata.xml in http://maven.inria.fr/artifactory/spoon-public-snapshot was cached in the local repository, resolution will not be reattempted until the update interval of maven.inria.fr-snapshot has elapsed or updates are forced
[[1;36mDEBUG[m] Skipped remote request for org.eclipse.platform:org.eclipse.equinox.preferences/maven-metadata.xml, already updated during this session.
[[1;36mDEBUG[m] Failure to find org.eclipse.platform:org.eclipse.equinox.preferences/maven-metadata.xml in http://maven.inria.fr/artifactory/triskell-public-release was cached in the local repository, resolution will not be reattempted until the update interval of inria has elapsed or updates are forced
[[1;36mDEBUG[m] Could not find metadata org.eclipse.platform:org.eclipse.equinox.registry/maven-metadata.xml in local (/home/bdanglot/.m2/repository)
[[1;36mDEBUG[m] Skipped remote request for org.eclipse.platform:org.eclipse.equinox.registry/maven-metadata.xml, locally cached metadata up-to-date.
[[1;36mDEBUG[m] Skipped remote request for org.eclipse.platform:org.eclipse.equinox.registry/maven-metadata.xml, already updated during this session.
[[1;36mDEBUG[m] Failure to find org.eclipse.platform:org.eclipse.equinox.registry/maven-metadata.xml in https://stamp-project.github.io/stamp-maven-repository/ was cached in the local repository, resolution will not be reattempted until the update interval of stamp-maven-repository-mvn-repo has elapsed or updates are forced
[[1;36mDEBUG[m] Skipped remote request for org.eclipse.platform:org.eclipse.equinox.registry/maven-metadata.xml, already updated during this session.
[[1;36mDEBUG[m] Failure to find org.eclipse.platform:org.eclipse.equinox.registry/maven-metadata.xml in https://repo.gradle.org/gradle/libs-releases-local/ was cached in the local repository, resolution will not be reattempted until the update interval of gradle-repo has elapsed or updates are forced
[[1;36mDEBUG[m] Failure to find org.eclipse.platform:org.eclipse.equinox.registry/maven-metadata.xml in https://oss.sonatype.org/content/repositories/snapshots was cached in the local repository, resolution will not be reattempted until the update interval of sonatype-nexus-snapshots has elapsed or updates are forced
[[1;36mDEBUG[m] Failure to find org.eclipse.platform:org.eclipse.equinox.registry/maven-metadata.xml in http://maven.inria.fr/artifactory/spoon-public-snapshot was cached in the local repository, resolution will not be reattempted until the update interval of maven.inria.fr-snapshot has elapsed or updates are forced
[[1;36mDEBUG[m] Skipped remote request for org.eclipse.platform:org.eclipse.equinox.registry/maven-metadata.xml, already updated during this session.
[[1;36mDEBUG[m] Failure to find org.eclipse.platform:org.eclipse.equinox.registry/maven-metadata.xml in http://maven.inria.fr/artifactory/triskell-public-release was cached in the local repository, resolution will not be reattempted until the update interval of inria has elapsed or updates are forced
[[1;36mDEBUG[m] Could not find metadata org.eclipse.platform:org.eclipse.equinox.app/maven-metadata.xml in local (/home/bdanglot/.m2/repository)
[[1;36mDEBUG[m] Skipped remote request for org.eclipse.platform:org.eclipse.equinox.app/maven-metadata.xml, locally cached metadata up-to-date.
[[1;36mDEBUG[m] Failure to find org.eclipse.platform:org.eclipse.equinox.app/maven-metadata.xml in https://oss.sonatype.org/content/repositories/snapshots was cached in the local repository, resolution will not be reattempted until the update interval of sonatype-nexus-snapshots has elapsed or updates are forced
[[1;36mDEBUG[m] Failure to find org.eclipse.platform:org.eclipse.equinox.app/maven-metadata.xml in http://maven.inria.fr/artifactory/spoon-public-snapshot was cached in the local repository, resolution will not be reattempted until the update interval of maven.inria.fr-snapshot has elapsed or updates are forced
[[1;36mDEBUG[m] Using transporter WagonTransporter with priority -1.0 for https://stamp-project.github.io/stamp-maven-repository/
[[1;36mDEBUG[m] Using connector BasicRepositoryConnector with priority 0.0 for https://stamp-project.github.io/stamp-maven-repository/
Downloading from stamp-maven-repository-mvn-repo: https://stamp-project.github.io/stamp-maven-repository/org/eclipse/platform/org.eclipse.equinox.app/maven-metadata.xml
[[1;36mDEBUG[m] Using transporter WagonTransporter with priority -1.0 for https://repo.gradle.org/gradle/libs-releases-local/
[[1;36mDEBUG[m] Using connector BasicRepositoryConnector with priority 0.0 for https://repo.gradle.org/gradle/libs-releases-local/
[[1;36mDEBUG[m] Using transporter WagonTransporter with priority -1.0 for http://maven.inria.fr/artifactory/triskell-public-release
Downloading from gradle-repo: https://repo.gradle.org/gradle/libs-releases-local/org/eclipse/platform/org.eclipse.equinox.app/maven-metadata.xml
[[1;36mDEBUG[m] Using connector BasicRepositoryConnector with priority 0.0 for http://maven.inria.fr/artifactory/triskell-public-release
Downloading from inria: http://maven.inria.fr/artifactory/triskell-public-release/org/eclipse/platform/org.eclipse.equinox.app/maven-metadata.xml
[[1;36mDEBUG[m] Writing tracking file /home/bdanglot/.m2/repository/org/eclipse/platform/org.eclipse.equinox.app/resolver-status.properties
[[1;36mDEBUG[m] Writing tracking file /home/bdanglot/.m2/repository/org/eclipse/platform/org.eclipse.equinox.app/resolver-status.properties
[[1;36mDEBUG[m] Writing tracking file /home/bdanglot/.m2/repository/org/eclipse/platform/org.eclipse.equinox.app/resolver-status.properties
[[1;36mDEBUG[m] Could not find metadata org.eclipse.platform:org.eclipse.equinox.app/maven-metadata.xml in stamp-maven-repository-mvn-repo (https://stamp-project.github.io/stamp-maven-repository/)
[[1;36mDEBUG[m] Could not find metadata org.eclipse.platform:org.eclipse.equinox.app/maven-metadata.xml in gradle-repo (https://repo.gradle.org/gradle/libs-releases-local/)
[[1;36mDEBUG[m] Could not find metadata org.eclipse.platform:org.eclipse.equinox.app/maven-metadata.xml in inria (http://maven.inria.fr/artifactory/triskell-public-release)
[[1;36mDEBUG[m] Could not find metadata org.eclipse.platform:org.eclipse.equinox.registry/maven-metadata.xml in local (/home/bdanglot/.m2/repository)
[[1;36mDEBUG[m] Skipped remote request for org.eclipse.platform:org.eclipse.equinox.registry/maven-metadata.xml, locally cached metadata up-to-date.
[[1;36mDEBUG[m] Skipped remote request for org.eclipse.platform:org.eclipse.equinox.registry/maven-metadata.xml, already updated during this session.
[[1;36mDEBUG[m] Failure to find org.eclipse.platform:org.eclipse.equinox.registry/maven-metadata.xml in https://stamp-project.github.io/stamp-maven-repository/ was cached in the local repository, resolution will not be reattempted until the update interval of stamp-maven-repository-mvn-repo has elapsed or updates are forced
[[1;36mDEBUG[m] Skipped remote request for org.eclipse.platform:org.eclipse.equinox.registry/maven-metadata.xml, already updated during this session.
[[1;36mDEBUG[m] Failure to find org.eclipse.platform:org.eclipse.equinox.registry/maven-metadata.xml in https://repo.gradle.org/gradle/libs-releases-local/ was cached in the local repository, resolution will not be reattempted until the update interval of gradle-repo has elapsed or updates are forced
[[1;36mDEBUG[m] Failure to find org.eclipse.platform:org.eclipse.equinox.registry/maven-metadata.xml in https://oss.sonatype.org/content/repositories/snapshots was cached in the local repository, resolution will not be reattempted until the update interval of sonatype-nexus-snapshots has elapsed or updates are forced
[[1;36mDEBUG[m] Failure to find org.eclipse.platform:org.eclipse.equinox.registry/maven-metadata.xml in http://maven.inria.fr/artifactory/spoon-public-snapshot was cached in the local repository, resolution will not be reattempted until the update interval of maven.inria.fr-snapshot has elapsed or updates are forced
[[1;36mDEBUG[m] Skipped remote request for org.eclipse.platform:org.eclipse.equinox.registry/maven-metadata.xml, already updated during this session.
[[1;36mDEBUG[m] Failure to find org.eclipse.platform:org.eclipse.equinox.registry/maven-metadata.xml in http://maven.inria.fr/artifactory/triskell-public-release was cached in the local repository, resolution will not be reattempted until the update interval of inria has elapsed or updates are forced
[[1;36mDEBUG[m] Could not find metadata org.eclipse.platform:org.eclipse.osgi/maven-metadata.xml in local (/home/bdanglot/.m2/repository)
[[1;36mDEBUG[m] Skipped remote request for org.eclipse.platform:org.eclipse.osgi/maven-metadata.xml, locally cached metadata up-to-date.
[[1;36mDEBUG[m] Skipped remote request for org.eclipse.platform:org.eclipse.osgi/maven-metadata.xml, already updated during this session.
[[1;36mDEBUG[m] Failure to find org.eclipse.platform:org.eclipse.osgi/maven-metadata.xml in https://stamp-project.github.io/stamp-maven-repository/ was cached in the local repository, resolution will not be reattempted until the update interval of stamp-maven-repository-mvn-repo has elapsed or updates are forced
[[1;36mDEBUG[m] Skipped remote request for org.eclipse.platform:org.eclipse.osgi/maven-metadata.xml, already updated during this session.
[[1;36mDEBUG[m] Failure to find org.eclipse.platform:org.eclipse.osgi/maven-metadata.xml in https://repo.gradle.org/gradle/libs-releases-local/ was cached in the local repository, resolution will not be reattempted until the update interval of gradle-repo has elapsed or updates are forced
[[1;36mDEBUG[m] Failure to find org.eclipse.platform:org.eclipse.osgi/maven-metadata.xml in https://oss.sonatype.org/content/repositories/snapshots was cached in the local repository, resolution will not be reattempted until the update interval of sonatype-nexus-snapshots has elapsed or updates are forced
[[1;36mDEBUG[m] Failure to find org.eclipse.platform:org.eclipse.osgi/maven-metadata.xml in http://maven.inria.fr/artifactory/spoon-public-snapshot was cached in the local repository, resolution will not be reattempted until the update interval of maven.inria.fr-snapshot has elapsed or updates are forced
[[1;36mDEBUG[m] Skipped remote request for org.eclipse.platform:org.eclipse.osgi/maven-metadata.xml, already updated during this session.
[[1;36mDEBUG[m] Failure to find org.eclipse.platform:org.eclipse.osgi/maven-metadata.xml in http://maven.inria.fr/artifactory/triskell-public-release was cached in the local repository, resolution will not be reattempted until the update interval of inria has elapsed or updates are forced
[[1;36mDEBUG[m] Could not find metadata org.eclipse.platform:org.eclipse.equinox.common/maven-metadata.xml in local (/home/bdanglot/.m2/repository)
[[1;36mDEBUG[m] Skipped remote request for org.eclipse.platform:org.eclipse.equinox.common/maven-metadata.xml, locally cached metadata up-to-date.
[[1;36mDEBUG[m] Skipped remote request for org.eclipse.platform:org.eclipse.equinox.common/maven-metadata.xml, already updated during this session.
[[1;36mDEBUG[m] Failure to find org.eclipse.platform:org.eclipse.equinox.common/maven-metadata.xml in https://stamp-project.github.io/stamp-maven-repository/ was cached in the local repository, resolution will not be reattempted until the update interval of stamp-maven-repository-mvn-repo has elapsed or updates are forced
[[1;36mDEBUG[m] Skipped remote request for org.eclipse.platform:org.eclipse.equinox.common/maven-metadata.xml, already updated during this session.
[[1;36mDEBUG[m] Failure to find org.eclipse.platform:org.eclipse.equinox.common/maven-metadata.xml in https://repo.gradle.org/gradle/libs-releases-local/ was cached in the local repository, resolution will not be reattempted until the update interval of gradle-repo has elapsed or updates are forced
[[1;36mDEBUG[m] Failure to find org.eclipse.platform:org.eclipse.equinox.common/maven-metadata.xml in https://oss.sonatype.org/content/repositories/snapshots was cached in the local repository, resolution will not be reattempted until the update interval of sonatype-nexus-snapshots has elapsed or updates are forced
[[1;36mDEBUG[m] Failure to find org.eclipse.platform:org.eclipse.equinox.common/maven-metadata.xml in http://maven.inria.fr/artifactory/spoon-public-snapshot was cached in the local repository, resolution will not be reattempted until the update interval of maven.inria.fr-snapshot has elapsed or updates are forced
[[1;36mDEBUG[m] Skipped remote request for org.eclipse.platform:org.eclipse.equinox.common/maven-metadata.xml, already updated during this session.
[[1;36mDEBUG[m] Failure to find org.eclipse.platform:org.eclipse.equinox.common/maven-metadata.xml in http://maven.inria.fr/artifactory/triskell-public-release was cached in the local repository, resolution will not be reattempted until the update interval of inria has elapsed or updates are forced
[[1;36mDEBUG[m] Could not find metadata org.eclipse.platform:org.eclipse.core.jobs/maven-metadata.xml in local (/home/bdanglot/.m2/repository)
[[1;36mDEBUG[m] Skipped remote request for org.eclipse.platform:org.eclipse.core.jobs/maven-metadata.xml, locally cached metadata up-to-date.
[[1;36mDEBUG[m] Skipped remote request for org.eclipse.platform:org.eclipse.core.jobs/maven-metadata.xml, already updated during this session.
[[1;36mDEBUG[m] Failure to find org.eclipse.platform:org.eclipse.core.jobs/maven-metadata.xml in https://stamp-project.github.io/stamp-maven-repository/ was cached in the local repository, resolution will not be reattempted until the update interval of stamp-maven-repository-mvn-repo has elapsed or updates are forced
[[1;36mDEBUG[m] Skipped remote request for org.eclipse.platform:org.eclipse.core.jobs/maven-metadata.xml, already updated during this session.
[[1;36mDEBUG[m] Failure to find org.eclipse.platform:org.eclipse.core.jobs/maven-metadata.xml in https://repo.gradle.org/gradle/libs-releases-local/ was cached in the local repository, resolution will not be reattempted until the update interval of gradle-repo has elapsed or updates are forced
[[1;36mDEBUG[m] Failure to find org.eclipse.platform:org.eclipse.core.jobs/maven-metadata.xml in https://oss.sonatype.org/content/repositories/snapshots was cached in the local repository, resolution will not be reattempted until the update interval of sonatype-nexus-snapshots has elapsed or updates are forced
[[1;36mDEBUG[m] Failure to find org.eclipse.platform:org.eclipse.core.jobs/maven-metadata.xml in http://maven.inria.fr/artifactory/spoon-public-snapshot was cached in the local repository, resolution will not be reattempted until the update interval of maven.inria.fr-snapshot has elapsed or updates are forced
[[1;36mDEBUG[m] Skipped remote request for org.eclipse.platform:org.eclipse.core.jobs/maven-metadata.xml, already updated during this session.
[[1;36mDEBUG[m] Failure to find org.eclipse.platform:org.eclipse.core.jobs/maven-metadata.xml in http://maven.inria.fr/artifactory/triskell-public-release was cached in the local repository, resolution will not be reattempted until the update interval of inria has elapsed or updates are forced
[[1;36mDEBUG[m] Could not find metadata org.eclipse.platform:org.eclipse.equinox.preferences/maven-metadata.xml in local (/home/bdanglot/.m2/repository)
[[1;36mDEBUG[m] Skipped remote request for org.eclipse.platform:org.eclipse.equinox.preferences/maven-metadata.xml, locally cached metadata up-to-date.
[[1;36mDEBUG[m] Skipped remote request for org.eclipse.platform:org.eclipse.equinox.preferences/maven-metadata.xml, already updated during this session.
[[1;36mDEBUG[m] Failure to find org.eclipse.platform:org.eclipse.equinox.preferences/maven-metadata.xml in https://stamp-project.github.io/stamp-maven-repository/ was cached in the local repository, resolution will not be reattempted until the update interval of stamp-maven-repository-mvn-repo has elapsed or updates are forced
[[1;36mDEBUG[m] Skipped remote request for org.eclipse.platform:org.eclipse.equinox.preferences/maven-metadata.xml, already updated during this session.
[[1;36mDEBUG[m] Failure to find org.eclipse.platform:org.eclipse.equinox.preferences/maven-metadata.xml in https://repo.gradle.org/gradle/libs-releases-local/ was cached in the local repository, resolution will not be reattempted until the update interval of gradle-repo has elapsed or updates are forced
[[1;36mDEBUG[m] Failure to find org.eclipse.platform:org.eclipse.equinox.preferences/maven-metadata.xml in https://oss.sonatype.org/content/repositories/snapshots was cached in the local repository, resolution will not be reattempted until the update interval of sonatype-nexus-snapshots has elapsed or updates are forced
[[1;36mDEBUG[m] Failure to find org.eclipse.platform:org.eclipse.equinox.preferences/maven-metadata.xml in http://maven.inria.fr/artifactory/spoon-public-snapshot was cached in the local repository, resolution will not be reattempted until the update interval of maven.inria.fr-snapshot has elapsed or updates are forced
[[1;36mDEBUG[m] Skipped remote request for org.eclipse.platform:org.eclipse.equinox.preferences/maven-metadata.xml, already updated during this session.
[[1;36mDEBUG[m] Failure to find org.eclipse.platform:org.eclipse.equinox.preferences/maven-metadata.xml in http://maven.inria.fr/artifactory/triskell-public-release was cached in the local repository, resolution will not be reattempted until the update interval of inria has elapsed or updates are forced
[[1;36mDEBUG[m] Could not find metadata org.eclipse.platform:org.eclipse.core.contenttype/maven-metadata.xml in local (/home/bdanglot/.m2/repository)
[[1;36mDEBUG[m] Skipped remote request for org.eclipse.platform:org.eclipse.core.contenttype/maven-metadata.xml, locally cached metadata up-to-date.
[[1;36mDEBUG[m] Skipped remote request for org.eclipse.platform:org.eclipse.core.contenttype/maven-metadata.xml, already updated during this session.
[[1;36mDEBUG[m] Failure to find org.eclipse.platform:org.eclipse.core.contenttype/maven-metadata.xml in https://stamp-project.github.io/stamp-maven-repository/ was cached in the local repository, resolution will not be reattempted until the update interval of stamp-maven-repository-mvn-repo has elapsed or updates are forced
[[1;36mDEBUG[m] Skipped remote request for org.eclipse.platform:org.eclipse.core.contenttype/maven-metadata.xml, already updated during this session.
[[1;36mDEBUG[m] Failure to find org.eclipse.platform:org.eclipse.core.contenttype/maven-metadata.xml in https://repo.gradle.org/gradle/libs-releases-local/ was cached in the local repository, resolution will not be reattempted until the update interval of gradle-repo has elapsed or updates are forced
[[1;36mDEBUG[m] Failure to find org.eclipse.platform:org.eclipse.core.contenttype/maven-metadata.xml in https://oss.sonatype.org/content/repositories/snapshots was cached in the local repository, resolution will not be reattempted until the update interval of sonatype-nexus-snapshots has elapsed or updates are forced
[[1;36mDEBUG[m] Failure to find org.eclipse.platform:org.eclipse.core.contenttype/maven-metadata.xml in http://maven.inria.fr/artifactory/spoon-public-snapshot was cached in the local repository, resolution will not be reattempted until the update interval of maven.inria.fr-snapshot has elapsed or updates are forced
[[1;36mDEBUG[m] Skipped remote request for org.eclipse.platform:org.eclipse.core.contenttype/maven-metadata.xml, already updated during this session.
[[1;36mDEBUG[m] Failure to find org.eclipse.platform:org.eclipse.core.contenttype/maven-metadata.xml in http://maven.inria.fr/artifactory/triskell-public-release was cached in the local repository, resolution will not be reattempted until the update interval of inria has elapsed or updates are forced
[[1;36mDEBUG[m] Could not find metadata org.eclipse.platform:org.eclipse.equinox.app/maven-metadata.xml in local (/home/bdanglot/.m2/repository)
[[1;36mDEBUG[m] Skipped remote request for org.eclipse.platform:org.eclipse.equinox.app/maven-metadata.xml, locally cached metadata up-to-date.
[[1;36mDEBUG[m] Skipped remote request for org.eclipse.platform:org.eclipse.equinox.app/maven-metadata.xml, already updated during this session.
[[1;36mDEBUG[m] Failure to find org.eclipse.platform:org.eclipse.equinox.app/maven-metadata.xml in https://stamp-project.github.io/stamp-maven-repository/ was cached in the local repository, resolution will not be reattempted until the update interval of stamp-maven-repository-mvn-repo has elapsed or updates are forced
[[1;36mDEBUG[m] Skipped remote request for org.eclipse.platform:org.eclipse.equinox.app/maven-metadata.xml, already updated during this session.
[[1;36mDEBUG[m] Failure to find org.eclipse.platform:org.eclipse.equinox.app/maven-metadata.xml in https://repo.gradle.org/gradle/libs-releases-local/ was cached in the local repository, resolution will not be reattempted until the update interval of gradle-repo has elapsed or updates are forced
[[1;36mDEBUG[m] Failure to find org.eclipse.platform:org.eclipse.equinox.app/maven-metadata.xml in https://oss.sonatype.org/content/repositories/snapshots was cached in the local repository, resolution will not be reattempted until the update interval of sonatype-nexus-snapshots has elapsed or updates are forced
[[1;36mDEBUG[m] Failure to find org.eclipse.platform:org.eclipse.equinox.app/maven-metadata.xml in http://maven.inria.fr/artifactory/spoon-public-snapshot was cached in the local repository, resolution will not be reattempted until the update interval of maven.inria.fr-snapshot has elapsed or updates are forced
[[1;36mDEBUG[m] Skipped remote request for org.eclipse.platform:org.eclipse.equinox.app/maven-metadata.xml, already updated during this session.
[[1;36mDEBUG[m] Failure to find org.eclipse.platform:org.eclipse.equinox.app/maven-metadata.xml in http://maven.inria.fr/artifactory/triskell-public-release was cached in the local repository, resolution will not be reattempted until the update interval of inria has elapsed or updates are forced
[[1;36mDEBUG[m] Could not find metadata org.eclipse.platform:org.eclipse.core.filesystem/maven-metadata.xml in local (/home/bdanglot/.m2/repository)
[[1;36mDEBUG[m] Skipped remote request for org.eclipse.platform:org.eclipse.core.filesystem/maven-metadata.xml, locally cached metadata up-to-date.
[[1;36mDEBUG[m] Failure to find org.eclipse.platform:org.eclipse.core.filesystem/maven-metadata.xml in https://oss.sonatype.org/content/repositories/snapshots was cached in the local repository, resolution will not be reattempted until the update interval of sonatype-nexus-snapshots has elapsed or updates are forced
[[1;36mDEBUG[m] Failure to find org.eclipse.platform:org.eclipse.core.filesystem/maven-metadata.xml in http://maven.inria.fr/artifactory/spoon-public-snapshot was cached in the local repository, resolution will not be reattempted until the update interval of maven.inria.fr-snapshot has elapsed or updates are forced
[[1;36mDEBUG[m] Using transporter WagonTransporter with priority -1.0 for https://repo.gradle.org/gradle/libs-releases-local/
[[1;36mDEBUG[m] Using connector BasicRepositoryConnector with priority 0.0 for https://repo.gradle.org/gradle/libs-releases-local/
Downloading from gradle-repo: https://repo.gradle.org/gradle/libs-releases-local/org/eclipse/platform/org.eclipse.core.filesystem/maven-metadata.xml
[[1;36mDEBUG[m] Using transporter WagonTransporter with priority -1.0 for http://maven.inria.fr/artifactory/triskell-public-release
[[1;36mDEBUG[m] Using connector BasicRepositoryConnector with priority 0.0 for http://maven.inria.fr/artifactory/triskell-public-release
Downloading from inria: http://maven.inria.fr/artifactory/triskell-public-release/org/eclipse/platform/org.eclipse.core.filesystem/maven-metadata.xml
[[1;36mDEBUG[m] Using transporter WagonTransporter with priority -1.0 for https://stamp-project.github.io/stamp-maven-repository/
[[1;36mDEBUG[m] Using connector BasicRepositoryConnector with priority 0.0 for https://stamp-project.github.io/stamp-maven-repository/
Downloading from stamp-maven-repository-mvn-repo: https://stamp-project.github.io/stamp-maven-repository/org/eclipse/platform/org.eclipse.core.filesystem/maven-metadata.xml
[[1;36mDEBUG[m] Writing tracking file /home/bdanglot/.m2/repository/org/eclipse/platform/org.eclipse.core.filesystem/resolver-status.properties
[[1;36mDEBUG[m] Writing tracking file /home/bdanglot/.m2/repository/org/eclipse/platform/org.eclipse.core.filesystem/resolver-status.properties
[[1;36mDEBUG[m] Writing tracking file /home/bdanglot/.m2/repository/org/eclipse/platform/org.eclipse.core.filesystem/resolver-status.properties
[[1;36mDEBUG[m] Could not find metadata org.eclipse.platform:org.eclipse.core.filesystem/maven-metadata.xml in stamp-maven-repository-mvn-repo (https://stamp-project.github.io/stamp-maven-repository/)
[[1;36mDEBUG[m] Could not find metadata org.eclipse.platform:org.eclipse.core.filesystem/maven-metadata.xml in gradle-repo (https://repo.gradle.org/gradle/libs-releases-local/)
[[1;36mDEBUG[m] Could not find metadata org.eclipse.platform:org.eclipse.core.filesystem/maven-metadata.xml in inria (http://maven.inria.fr/artifactory/triskell-public-release)
[[1;36mDEBUG[m] Could not find metadata org.eclipse.platform:org.eclipse.osgi/maven-metadata.xml in local (/home/bdanglot/.m2/repository)
[[1;36mDEBUG[m] Skipped remote request for org.eclipse.platform:org.eclipse.osgi/maven-metadata.xml, locally cached metadata up-to-date.
[[1;36mDEBUG[m] Skipped remote request for org.eclipse.platform:org.eclipse.osgi/maven-metadata.xml, already updated during this session.
[[1;36mDEBUG[m] Failure to find org.eclipse.platform:org.eclipse.osgi/maven-metadata.xml in https://stamp-project.github.io/stamp-maven-repository/ was cached in the local repository, resolution will not be reattempted until the update interval of stamp-maven-repository-mvn-repo has elapsed or updates are forced
[[1;36mDEBUG[m] Skipped remote request for org.eclipse.platform:org.eclipse.osgi/maven-metadata.xml, already updated during this session.
[[1;36mDEBUG[m] Failure to find org.eclipse.platform:org.eclipse.osgi/maven-metadata.xml in https://repo.gradle.org/gradle/libs-releases-local/ was cached in the local repository, resolution will not be reattempted until the update interval of gradle-repo has elapsed or updates are forced
[[1;36mDEBUG[m] Failure to find org.eclipse.platform:org.eclipse.osgi/maven-metadata.xml in https://oss.sonatype.org/content/repositories/snapshots was cached in the local repository, resolution will not be reattempted until the update interval of sonatype-nexus-snapshots has elapsed or updates are forced
[[1;36mDEBUG[m] Failure to find org.eclipse.platform:org.eclipse.osgi/maven-metadata.xml in http://maven.inria.fr/artifactory/spoon-public-snapshot was cached in the local repository, resolution will not be reattempted until the update interval of maven.inria.fr-snapshot has elapsed or updates are forced
[[1;36mDEBUG[m] Skipped remote request for org.eclipse.platform:org.eclipse.osgi/maven-metadata.xml, already updated during this session.
[[1;36mDEBUG[m] Failure to find org.eclipse.platform:org.eclipse.osgi/maven-metadata.xml in http://maven.inria.fr/artifactory/triskell-public-release was cached in the local repository, resolution will not be reattempted until the update interval of inria has elapsed or updates are forced
[[1;36mDEBUG[m] Could not find metadata org.eclipse.platform:org.eclipse.core.runtime/maven-metadata.xml in local (/home/bdanglot/.m2/repository)
[[1;36mDEBUG[m] Skipped remote request for org.eclipse.platform:org.eclipse.core.runtime/maven-metadata.xml, locally cached metadata up-to-date.
[[1;36mDEBUG[m] Skipped remote request for org.eclipse.platform:org.eclipse.core.runtime/maven-metadata.xml, already updated during this session.
[[1;36mDEBUG[m] Failure to find org.eclipse.platform:org.eclipse.core.runtime/maven-metadata.xml in https://stamp-project.github.io/stamp-maven-repository/ was cached in the local repository, resolution will not be reattempted until the update interval of stamp-maven-repository-mvn-repo has elapsed or updates are forced
[[1;36mDEBUG[m] Skipped remote request for org.eclipse.platform:org.eclipse.core.runtime/maven-metadata.xml, already updated during this session.
[[1;36mDEBUG[m] Failure to find org.eclipse.platform:org.eclipse.core.runtime/maven-metadata.xml in https://repo.gradle.org/gradle/libs-releases-local/ was cached in the local repository, resolution will not be reattempted until the update interval of gradle-repo has elapsed or updates are forced
[[1;36mDEBUG[m] Failure to find org.eclipse.platform:org.eclipse.core.runtime/maven-metadata.xml in https://oss.sonatype.org/content/repositories/snapshots was cached in the local repository, resolution will not be reattempted until the update interval of sonatype-nexus-snapshots has elapsed or updates are forced
[[1;36mDEBUG[m] Failure to find org.eclipse.platform:org.eclipse.core.runtime/maven-metadata.xml in http://maven.inria.fr/artifactory/spoon-public-snapshot was cached in the local repository, resolution will not be reattempted until the update interval of maven.inria.fr-snapshot has elapsed or updates are forced
[[1;36mDEBUG[m] Skipped remote request for org.eclipse.platform:org.eclipse.core.runtime/maven-metadata.xml, already updated during this session.
[[1;36mDEBUG[m] Failure to find org.eclipse.platform:org.eclipse.core.runtime/maven-metadata.xml in http://maven.inria.fr/artifactory/triskell-public-release was cached in the local repository, resolution will not be reattempted until the update interval of inria has elapsed or updates are forced
[[1;36mDEBUG[m] Could not find metadata org.eclipse.platform:org.eclipse.core.runtime/maven-metadata.xml in local (/home/bdanglot/.m2/repository)
[[1;36mDEBUG[m] Skipped remote request for org.eclipse.platform:org.eclipse.core.runtime/maven-metadata.xml, locally cached metadata up-to-date.
[[1;36mDEBUG[m] Skipped remote request for org.eclipse.platform:org.eclipse.core.runtime/maven-metadata.xml, already updated during this session.
[[1;36mDEBUG[m] Failure to find org.eclipse.platform:org.eclipse.core.runtime/maven-metadata.xml in https://stamp-project.github.io/stamp-maven-repository/ was cached in the local repository, resolution will not be reattempted until the update interval of stamp-maven-repository-mvn-repo has elapsed or updates are forced
[[1;36mDEBUG[m] Skipped remote request for org.eclipse.platform:org.eclipse.core.runtime/maven-metadata.xml, already updated during this session.
[[1;36mDEBUG[m] Failure to find org.eclipse.platform:org.eclipse.core.runtime/maven-metadata.xml in https://repo.gradle.org/gradle/libs-releases-local/ was cached in the local repository, resolution will not be reattempted until the update interval of gradle-repo has elapsed or updates are forced
[[1;36mDEBUG[m] Failure to find org.eclipse.platform:org.eclipse.core.runtime/maven-metadata.xml in https://oss.sonatype.org/content/repositories/snapshots was cached in the local repository, resolution will not be reattempted until the update interval of sonatype-nexus-snapshots has elapsed or updates are forced
[[1;36mDEBUG[m] Failure to find org.eclipse.platform:org.eclipse.core.runtime/maven-metadata.xml in http://maven.inria.fr/artifactory/spoon-public-snapshot was cached in the local repository, resolution will not be reattempted until the update interval of maven.inria.fr-snapshot has elapsed or updates are forced
[[1;36mDEBUG[m] Skipped remote request for org.eclipse.platform:org.eclipse.core.runtime/maven-metadata.xml, already updated during this session.
[[1;36mDEBUG[m] Failure to find org.eclipse.platform:org.eclipse.core.runtime/maven-metadata.xml in http://maven.inria.fr/artifactory/triskell-public-release was cached in the local repository, resolution will not be reattempted until the update interval of inria has elapsed or updates are forced
[[1;36mDEBUG[m] Could not find metadata org.eclipse.platform:org.eclipse.core.filesystem/maven-metadata.xml in local (/home/bdanglot/.m2/repository)
[[1;36mDEBUG[m] Skipped remote request for org.eclipse.platform:org.eclipse.core.filesystem/maven-metadata.xml, locally cached metadata up-to-date.
[[1;36mDEBUG[m] Skipped remote request for org.eclipse.platform:org.eclipse.core.filesystem/maven-metadata.xml, already updated during this session.
[[1;36mDEBUG[m] Failure to find org.eclipse.platform:org.eclipse.core.filesystem/maven-metadata.xml in https://stamp-project.github.io/stamp-maven-repository/ was cached in the local repository, resolution will not be reattempted until the update interval of stamp-maven-repository-mvn-repo has elapsed or updates are forced
[[1;36mDEBUG[m] Skipped remote request for org.eclipse.platform:org.eclipse.core.filesystem/maven-metadata.xml, already updated during this session.
[[1;36mDEBUG[m] Failure to find org.eclipse.platform:org.eclipse.core.filesystem/maven-metadata.xml in https://repo.gradle.org/gradle/libs-releases-local/ was cached in the local repository, resolution will not be reattempted until the update interval of gradle-repo has elapsed or updates are forced
[[1;36mDEBUG[m] Failure to find org.eclipse.platform:org.eclipse.core.filesystem/maven-metadata.xml in https://oss.sonatype.org/content/repositories/snapshots was cached in the local repository, resolution will not be reattempted until the update interval of sonatype-nexus-snapshots has elapsed or updates are forced
[[1;36mDEBUG[m] Failure to find org.eclipse.platform:org.eclipse.core.filesystem/maven-metadata.xml in http://maven.inria.fr/artifactory/spoon-public-snapshot was cached in the local repository, resolution will not be reattempted until the update interval of maven.inria.fr-snapshot has elapsed or updates are forced
[[1;36mDEBUG[m] Skipped remote request for org.eclipse.platform:org.eclipse.core.filesystem/maven-metadata.xml, already updated during this session.
[[1;36mDEBUG[m] Failure to find org.eclipse.platform:org.eclipse.core.filesystem/maven-metadata.xml in http://maven.inria.fr/artifactory/triskell-public-release was cached in the local repository, resolution will not be reattempted until the update interval of inria has elapsed or updates are forced
[[1;36mDEBUG[m] Could not find metadata org.eclipse.platform:org.eclipse.text/maven-metadata.xml in local (/home/bdanglot/.m2/repository)
[[1;36mDEBUG[m] Skipped remote request for org.eclipse.platform:org.eclipse.text/maven-metadata.xml, locally cached metadata up-to-date.
[[1;36mDEBUG[m] Failure to find org.eclipse.platform:org.eclipse.text/maven-metadata.xml in https://oss.sonatype.org/content/repositories/snapshots was cached in the local repository, resolution will not be reattempted until the update interval of sonatype-nexus-snapshots has elapsed or updates are forced
[[1;36mDEBUG[m] Failure to find org.eclipse.platform:org.eclipse.text/maven-metadata.xml in http://maven.inria.fr/artifactory/spoon-public-snapshot was cached in the local repository, resolution will not be reattempted until the update interval of maven.inria.fr-snapshot has elapsed or updates are forced
[[1;36mDEBUG[m] Using transporter WagonTransporter with priority -1.0 for https://stamp-project.github.io/stamp-maven-repository/
[[1;36mDEBUG[m] Using connector BasicRepositoryConnector with priority 0.0 for https://stamp-project.github.io/stamp-maven-repository/
Downloading from stamp-maven-repository-mvn-repo: https://stamp-project.github.io/stamp-maven-repository/org/eclipse/platform/org.eclipse.text/maven-metadata.xml
[[1;36mDEBUG[m] Using transporter WagonTransporter with priority -1.0 for https://repo.gradle.org/gradle/libs-releases-local/
[[1;36mDEBUG[m] Using connector BasicRepositoryConnector with priority 0.0 for https://repo.gradle.org/gradle/libs-releases-local/
Downloading from gradle-repo: https://repo.gradle.org/gradle/libs-releases-local/org/eclipse/platform/org.eclipse.text/maven-metadata.xml
[[1;36mDEBUG[m] Using transporter WagonTransporter with priority -1.0 for http://maven.inria.fr/artifactory/triskell-public-release
[[1;36mDEBUG[m] Using connector BasicRepositoryConnector with priority 0.0 for http://maven.inria.fr/artifactory/triskell-public-release
Downloading from inria: http://maven.inria.fr/artifactory/triskell-public-release/org/eclipse/platform/org.eclipse.text/maven-metadata.xml
[[1;36mDEBUG[m] Writing tracking file /home/bdanglot/.m2/repository/org/eclipse/platform/org.eclipse.text/resolver-status.properties
[[1;36mDEBUG[m] Writing tracking file /home/bdanglot/.m2/repository/org/eclipse/platform/org.eclipse.text/resolver-status.properties
[[1;36mDEBUG[m] Writing tracking file /home/bdanglot/.m2/repository/org/eclipse/platform/org.eclipse.text/resolver-status.properties
[[1;36mDEBUG[m] Could not find metadata org.eclipse.platform:org.eclipse.text/maven-metadata.xml in stamp-maven-repository-mvn-repo (https://stamp-project.github.io/stamp-maven-repository/)
[[1;36mDEBUG[m] Could not find metadata org.eclipse.platform:org.eclipse.text/maven-metadata.xml in gradle-repo (https://repo.gradle.org/gradle/libs-releases-local/)
[[1;36mDEBUG[m] Could not find metadata org.eclipse.platform:org.eclipse.text/maven-metadata.xml in inria (http://maven.inria.fr/artifactory/triskell-public-release)
[[1;36mDEBUG[m] Could not find metadata org.eclipse.platform:org.eclipse.core.commands/maven-metadata.xml in local (/home/bdanglot/.m2/repository)
[[1;36mDEBUG[m] Skipped remote request for org.eclipse.platform:org.eclipse.core.commands/maven-metadata.xml, locally cached metadata up-to-date.
[[1;36mDEBUG[m] Failure to find org.eclipse.platform:org.eclipse.core.commands/maven-metadata.xml in https://oss.sonatype.org/content/repositories/snapshots was cached in the local repository, resolution will not be reattempted until the update interval of sonatype-nexus-snapshots has elapsed or updates are forced
[[1;36mDEBUG[m] Failure to find org.eclipse.platform:org.eclipse.core.commands/maven-metadata.xml in http://maven.inria.fr/artifactory/spoon-public-snapshot was cached in the local repository, resolution will not be reattempted until the update interval of maven.inria.fr-snapshot has elapsed or updates are forced
[[1;36mDEBUG[m] Using transporter WagonTransporter with priority -1.0 for https://repo.gradle.org/gradle/libs-releases-local/
[[1;36mDEBUG[m] Using connector BasicRepositoryConnector with priority 0.0 for https://repo.gradle.org/gradle/libs-releases-local/
Downloading from gradle-repo: https://repo.gradle.org/gradle/libs-releases-local/org/eclipse/platform/org.eclipse.core.commands/maven-metadata.xml
[[1;36mDEBUG[m] Using transporter WagonTransporter with priority -1.0 for http://maven.inria.fr/artifactory/triskell-public-release
[[1;36mDEBUG[m] Using connector BasicRepositoryConnector with priority 0.0 for http://maven.inria.fr/artifactory/triskell-public-release
Downloading from inria: http://maven.inria.fr/artifactory/triskell-public-release/org/eclipse/platform/org.eclipse.core.commands/maven-metadata.xml
[[1;36mDEBUG[m] Using transporter WagonTransporter with priority -1.0 for https://stamp-project.github.io/stamp-maven-repository/
[[1;36mDEBUG[m] Using connector BasicRepositoryConnector with priority 0.0 for https://stamp-project.github.io/stamp-maven-repository/
Downloading from stamp-maven-repository-mvn-repo: https://stamp-project.github.io/stamp-maven-repository/org/eclipse/platform/org.eclipse.core.commands/maven-metadata.xml
[[1;36mDEBUG[m] Writing tracking file /home/bdanglot/.m2/repository/org/eclipse/platform/org.eclipse.core.commands/resolver-status.properties
[[1;36mDEBUG[m] Writing tracking file /home/bdanglot/.m2/repository/org/eclipse/platform/org.eclipse.core.commands/resolver-status.properties
[[1;36mDEBUG[m] Writing tracking file /home/bdanglot/.m2/repository/org/eclipse/platform/org.eclipse.core.commands/resolver-status.properties
[[1;36mDEBUG[m] Could not find metadata org.eclipse.platform:org.eclipse.core.commands/maven-metadata.xml in stamp-maven-repository-mvn-repo (https://stamp-project.github.io/stamp-maven-repository/)
[[1;36mDEBUG[m] Could not find metadata org.eclipse.platform:org.eclipse.core.commands/maven-metadata.xml in gradle-repo (https://repo.gradle.org/gradle/libs-releases-local/)
[[1;36mDEBUG[m] Could not find metadata org.eclipse.platform:org.eclipse.core.commands/maven-metadata.xml in inria (http://maven.inria.fr/artifactory/triskell-public-release)
[[1;36mDEBUG[m] Could not find metadata org.eclipse.platform:org.eclipse.equinox.common/maven-metadata.xml in local (/home/bdanglot/.m2/repository)
[[1;36mDEBUG[m] Skipped remote request for org.eclipse.platform:org.eclipse.equinox.common/maven-metadata.xml, locally cached metadata up-to-date.
[[1;36mDEBUG[m] Skipped remote request for org.eclipse.platform:org.eclipse.equinox.common/maven-metadata.xml, already updated during this session.
[[1;36mDEBUG[m] Failure to find org.eclipse.platform:org.eclipse.equinox.common/maven-metadata.xml in https://stamp-project.github.io/stamp-maven-repository/ was cached in the local repository, resolution will not be reattempted until the update interval of stamp-maven-repository-mvn-repo has elapsed or updates are forced
[[1;36mDEBUG[m] Skipped remote request for org.eclipse.platform:org.eclipse.equinox.common/maven-metadata.xml, already updated during this session.
[[1;36mDEBUG[m] Failure to find org.eclipse.platform:org.eclipse.equinox.common/maven-metadata.xml in https://repo.gradle.org/gradle/libs-releases-local/ was cached in the local repository, resolution will not be reattempted until the update interval of gradle-repo has elapsed or updates are forced
[[1;36mDEBUG[m] Failure to find org.eclipse.platform:org.eclipse.equinox.common/maven-metadata.xml in https://oss.sonatype.org/content/repositories/snapshots was cached in the local repository, resolution will not be reattempted until the update interval of sonatype-nexus-snapshots has elapsed or updates are forced
[[1;36mDEBUG[m] Failure to find org.eclipse.platform:org.eclipse.equinox.common/maven-metadata.xml in http://maven.inria.fr/artifactory/spoon-public-snapshot was cached in the local repository, resolution will not be reattempted until the update interval of maven.inria.fr-snapshot has elapsed or updates are forced
[[1;36mDEBUG[m] Skipped remote request for org.eclipse.platform:org.eclipse.equinox.common/maven-metadata.xml, already updated during this session.
[[1;36mDEBUG[m] Failure to find org.eclipse.platform:org.eclipse.equinox.common/maven-metadata.xml in http://maven.inria.fr/artifactory/triskell-public-release was cached in the local repository, resolution will not be reattempted until the update interval of inria has elapsed or updates are forced
[[1;36mDEBUG[m] Could not find metadata org.eclipse.platform:org.eclipse.core.runtime/maven-metadata.xml in local (/home/bdanglot/.m2/repository)
[[1;36mDEBUG[m] Skipped remote request for org.eclipse.platform:org.eclipse.core.runtime/maven-metadata.xml, locally cached metadata up-to-date.
[[1;36mDEBUG[m] Skipped remote request for org.eclipse.platform:org.eclipse.core.runtime/maven-metadata.xml, already updated during this session.
[[1;36mDEBUG[m] Failure to find org.eclipse.platform:org.eclipse.core.runtime/maven-metadata.xml in https://stamp-project.github.io/stamp-maven-repository/ was cached in the local repository, resolution will not be reattempted until the update interval of stamp-maven-repository-mvn-repo has elapsed or updates are forced
[[1;36mDEBUG[m] Skipped remote request for org.eclipse.platform:org.eclipse.core.runtime/maven-metadata.xml, already updated during this session.
[[1;36mDEBUG[m] Failure to find org.eclipse.platform:org.eclipse.core.runtime/maven-metadata.xml in https://repo.gradle.org/gradle/libs-releases-local/ was cached in the local repository, resolution will not be reattempted until the update interval of gradle-repo has elapsed or updates are forced
[[1;36mDEBUG[m] Failure to find org.eclipse.platform:org.eclipse.core.runtime/maven-metadata.xml in https://oss.sonatype.org/content/repositories/snapshots was cached in the local repository, resolution will not be reattempted until the update interval of sonatype-nexus-snapshots has elapsed or updates are forced
[[1;36mDEBUG[m] Failure to find org.eclipse.platform:org.eclipse.core.runtime/maven-metadata.xml in http://maven.inria.fr/artifactory/spoon-public-snapshot was cached in the local repository, resolution will not be reattempted until the update interval of maven.inria.fr-snapshot has elapsed or updates are forced
[[1;36mDEBUG[m] Skipped remote request for org.eclipse.platform:org.eclipse.core.runtime/maven-metadata.xml, already updated during this session.
[[1;36mDEBUG[m] Failure to find org.eclipse.platform:org.eclipse.core.runtime/maven-metadata.xml in http://maven.inria.fr/artifactory/triskell-public-release was cached in the local repository, resolution will not be reattempted until the update interval of inria has elapsed or updates are forced
[[1;36mDEBUG[m] Using transporter WagonTransporter with priority -1.0 for https://repo.maven.apache.org/maven2
[[1;36mDEBUG[m] Using connector BasicRepositoryConnector with priority 0.0 for https://repo.maven.apache.org/maven2
Downloading from central: https://repo.maven.apache.org/maven2/org/benf/cfr/0.132.0/cfr-0.132.0.pom
[[1;36mDEBUG[m] Writing tracking file /home/bdanglot/.m2/repository/org/benf/cfr/0.132.0/cfr-0.132.0.pom.lastUpdated
[[1;36mDEBUG[m] Using transporter WagonTransporter with priority -1.0 for https://stamp-project.github.io/stamp-maven-repository/
[[1;36mDEBUG[m] Using connector BasicRepositoryConnector with priority 0.0 for https://stamp-project.github.io/stamp-maven-repository/
Downloading from stamp-maven-repository-mvn-repo: https://stamp-project.github.io/stamp-maven-repository/org/benf/cfr/0.132.0/cfr-0.132.0.pom
[[1;36mDEBUG[m] Writing tracking file /home/bdanglot/.m2/repository/org/benf/cfr/0.132.0/cfr-0.132.0.pom.lastUpdated
[[1;36mDEBUG[m] Using transporter WagonTransporter with priority -1.0 for https://repo.gradle.org/gradle/libs-releases-local/
[[1;36mDEBUG[m] Using connector BasicRepositoryConnector with priority 0.0 for https://repo.gradle.org/gradle/libs-releases-local/
Downloading from gradle-repo: https://repo.gradle.org/gradle/libs-releases-local/org/benf/cfr/0.132.0/cfr-0.132.0.pom
[[1;36mDEBUG[m] Writing tracking file /home/bdanglot/.m2/repository/org/benf/cfr/0.132.0/cfr-0.132.0.pom.lastUpdated
[[1;36mDEBUG[m] Using transporter WagonTransporter with priority -1.0 for http://maven.inria.fr/artifactory/spoon-public-snapshot
[[1;36mDEBUG[m] Using connector BasicRepositoryConnector with priority 0.0 for http://maven.inria.fr/artifactory/spoon-public-snapshot
Downloading from maven.inria.fr-snapshot: http://maven.inria.fr/artifactory/spoon-public-snapshot/org/benf/cfr/0.132.0/cfr-0.132.0.pom
[[1;36mDEBUG[m] Writing tracking file /home/bdanglot/.m2/repository/org/benf/cfr/0.132.0/cfr-0.132.0.pom.lastUpdated
[[1;36mDEBUG[m] Using transporter WagonTransporter with priority -1.0 for http://maven.inria.fr/artifactory/triskell-public-release
[[1;36mDEBUG[m] Using connector BasicRepositoryConnector with priority 0.0 for http://maven.inria.fr/artifactory/triskell-public-release
Downloading from inria: http://maven.inria.fr/artifactory/triskell-public-release/org/benf/cfr/0.132.0/cfr-0.132.0.pom
Progress (1): cfr-0.132.0.pom (2.4 kB)                                      Downloaded from inria: http://maven.inria.fr/artifactory/triskell-public-release/org/benf/cfr/0.132.0/cfr-0.132.0.pom (2.4 kB at 16 kB/s)
[[1;36mDEBUG[m] Writing tracking file /home/bdanglot/.m2/repository/org/benf/cfr/0.132.0/_remote.repositories
[[1;36mDEBUG[m] Writing tracking file /home/bdanglot/.m2/repository/org/benf/cfr/0.132.0/cfr-0.132.0.pom.lastUpdated
[[1;36mDEBUG[m] Dependency collection stats: {ConflictMarker.analyzeTime=6119079, ConflictMarker.markTime=3995628, ConflictMarker.nodeCount=672, ConflictIdSorter.graphTime=5909794, ConflictIdSorter.topsortTime=139082, ConflictIdSorter.conflictIdCount=98, ConflictIdSorter.conflictIdCycleCount=0, ConflictResolver.totalTime=33901741, ConflictResolver.conflictItemCount=307, DefaultDependencyCollector.collectTime=10787749175, DefaultDependencyCollector.transformTime=50221064}
[[1;36mDEBUG[m] eu.stamp-project:dspot-maven:jar:1.1.1-SNAPSHOT:
[[1;36mDEBUG[m]    eu.stamp-project:dspot:jar:1.1.1-SNAPSHOT:compile
[[1;36mDEBUG[m]       fr.inria.gforge.spoon:spoon-core:jar:7.1.0-SNAPSHOT:compile
[[1;36mDEBUG[m]          org.eclipse.jdt:org.eclipse.jdt.core:jar:3.13.102:compile
[[1;36mDEBUG[m]             org.eclipse.platform:org.eclipse.core.resources:jar:3.13.100:compile
[[1;36mDEBUG[m]                org.eclipse.platform:org.eclipse.core.expressions:jar:3.6.200:compile
[[1;36mDEBUG[m]             org.eclipse.platform:org.eclipse.core.runtime:jar:3.15.0:compile
[[1;36mDEBUG[m]                org.eclipse.platform:org.eclipse.osgi:jar:3.13.100:compile
[[1;36mDEBUG[m]                org.eclipse.platform:org.eclipse.equinox.common:jar:3.10.100:compile
[[1;36mDEBUG[m]                org.eclipse.platform:org.eclipse.core.jobs:jar:3.10.100:compile
[[1;36mDEBUG[m]                org.eclipse.platform:org.eclipse.equinox.registry:jar:3.8.100:compile
[[1;36mDEBUG[m]                org.eclipse.platform:org.eclipse.equinox.preferences:jar:3.7.200:compile
[[1;36mDEBUG[m]                org.eclipse.platform:org.eclipse.core.contenttype:jar:3.7.100:compile
[[1;36mDEBUG[m]                org.eclipse.platform:org.eclipse.equinox.app:jar:1.3.600:compile
[[1;36mDEBUG[m]             org.eclipse.platform:org.eclipse.core.filesystem:jar:1.7.200:compile
[[1;36mDEBUG[m]             org.eclipse.platform:org.eclipse.text:jar:3.7.0:compile
[[1;36mDEBUG[m]                org.eclipse.platform:org.eclipse.core.commands:jar:3.9.200:compile
[[1;36mDEBUG[m]          com.martiansoftware:jsap:jar:2.1:compile
[[1;36mDEBUG[m]          log4j:log4j:jar:1.2.17:compile
[[1;36mDEBUG[m]          com.fasterxml.jackson.core:jackson-databind:jar:2.9.2:compile
[[1;36mDEBUG[m]             com.fasterxml.jackson.core:jackson-annotations:jar:2.9.0:compile
[[1;36mDEBUG[m]             com.fasterxml.jackson.core:jackson-core:jar:2.9.2:compile
[[1;36mDEBUG[m]          org.benf:cfr:jar:0.132.0:compile
[[1;36mDEBUG[m]       junit:junit:jar:4.12:compile
[[1;36mDEBUG[m]          org.hamcrest:hamcrest-core:jar:1.3:compile
[[1;36mDEBUG[m]       com.google.code.gson:gson:jar:2.8.0:compile
[[1;36mDEBUG[m]       org.apache.maven.shared:maven-invoker:jar:3.0.0:compile
[[1;36mDEBUG[m]       org.slf4j:slf4j-api:jar:1.7.25:compile
[[1;36mDEBUG[m]       org.slf4j:slf4j-log4j12:jar:1.7.25:compile
[[1;36mDEBUG[m]       org.jacoco:org.jacoco.core:jar:0.7.9:compile
[[1;36mDEBUG[m]          org.ow2.asm:asm-debug-all:jar:5.2:compile
[[1;36mDEBUG[m]       eu.stamp-project:descartes:jar:1.1:compile
[[1;36mDEBUG[m]          org.pitest:pitest:jar:1.2.0:compile
[[1;36mDEBUG[m]          org.pitest:pitest-entry:jar:1.2.0:compile
[[1;36mDEBUG[m]             com.thoughtworks.xstream:xstream:jar:1.4.8:compile
[[1;36mDEBUG[m]                xmlpull:xmlpull:jar:1.1.3.1:compile
[[1;36mDEBUG[m]                xpp3:xpp3_min:jar:1.1.4c:compile
[[1;36mDEBUG[m]       org.gradle:gradle-tooling-api:jar:4.0.1:compile
[[1;36mDEBUG[m]       org.mockito:mockito-core:jar:2.10.0:compile
[[1;36mDEBUG[m]          net.bytebuddy:byte-buddy:jar:1.7.4:runtime
[[1;36mDEBUG[m]          net.bytebuddy:byte-buddy-agent:jar:1.7.4:runtime
[[1;36mDEBUG[m]          org.objenesis:objenesis:jar:2.6:runtime
[[1;36mDEBUG[m]       eu.stamp-project:test-runner:jar:jar-with-dependencies:1.1.0:compile
[[1;36mDEBUG[m]       org.openclover:clover:jar:4.2.1:compile
[[1;36mDEBUG[m]       fr.inria.gforge.spoon.labs:gumtree-spoon-ast-diff:jar:1.3:compile
[[1;36mDEBUG[m]          com.github.gumtreediff:core:jar:2.0.0:compile
[[1;36mDEBUG[m]             com.github.mpkorstanje:simmetrics-core:jar:3.0.3:compile
[[1;36mDEBUG[m]                commons-codec:commons-codec:jar:1.10:compile
[[1;36mDEBUG[m]             net.sf.trove4j:trove4j:jar:3.0.3:compile
[[1;36mDEBUG[m]    org.apache.maven:maven-plugin-api:jar:3.5.0:compile
[[1;36mDEBUG[m]       org.apache.maven:maven-artifact:jar:3.5.0:compile
[[1;36mDEBUG[m]       org.eclipse.sisu:org.eclipse.sisu.plexus:jar:0.3.3:compile
[[1;36mDEBUG[m]          javax.enterprise:cdi-api:jar:1.0:compile
[[1;36mDEBUG[m]             javax.annotation:jsr250-api:jar:1.0:compile
[[1;36mDEBUG[m]          org.eclipse.sisu:org.eclipse.sisu.inject:jar:0.3.3:compile
[[1;36mDEBUG[m]    org.apache.maven.plugin-testing:maven-plugin-testing-harness:jar:3.3.0:compile
[[1;36mDEBUG[m]       commons-io:commons-io:jar:2.2:compile
[[1;36mDEBUG[m]       org.codehaus.plexus:plexus-archiver:jar:2.2:compile
[[1;36mDEBUG[m]          org.codehaus.plexus:plexus-io:jar:2.0.4:compile
[[1;36mDEBUG[m]    org.apache.maven:maven-compat:jar:3.5.0:compile
[[1;36mDEBUG[m]       org.apache.maven:maven-model-builder:jar:3.5.0:compile
[[1;36mDEBUG[m]          org.apache.maven:maven-builder-support:jar:3.5.0:compile
[[1;36mDEBUG[m]          com.google.guava:guava:jar:20.0:compile
[[1;36mDEBUG[m]       org.apache.maven:maven-settings:jar:3.5.0:compile
[[1;36mDEBUG[m]       org.apache.maven:maven-resolver-provider:jar:3.5.0:compile
[[1;36mDEBUG[m]       org.apache.maven.resolver:maven-resolver-api:jar:1.0.3:compile
[[1;36mDEBUG[m]       org.apache.maven.resolver:maven-resolver-util:jar:1.0.3:compile
[[1;36mDEBUG[m]       org.apache.maven.resolver:maven-resolver-impl:jar:1.0.3:compile
[[1;36mDEBUG[m]       org.codehaus.plexus:plexus-utils:jar:3.0.24:compile
[[1;36mDEBUG[m]       org.codehaus.plexus:plexus-interpolation:jar:1.24:compile
[[1;36mDEBUG[m]       org.codehaus.plexus:plexus-component-annotations:jar:1.7.1:compile
[[1;36mDEBUG[m]       org.apache.maven.wagon:wagon-provider-api:jar:2.12:compile
[[1;36mDEBUG[m]    org.apache.maven:maven-core:jar:3.5.0:compile
[[1;36mDEBUG[m]       org.apache.maven:maven-settings-builder:jar:3.5.0:compile
[[1;36mDEBUG[m]       org.apache.maven:maven-repository-metadata:jar:3.5.0:compile
[[1;36mDEBUG[m]       org.apache.maven.resolver:maven-resolver-spi:jar:1.0.3:compile
[[1;36mDEBUG[m]       org.apache.maven.shared:maven-shared-utils:jar:3.1.0:compile
[[1;36mDEBUG[m]       com.google.inject:guice:jar:no_aop:4.0:compile
[[1;36mDEBUG[m]          javax.inject:javax.inject:jar:1:compile
[[1;36mDEBUG[m]          aopalliance:aopalliance:jar:1.0:compile
[[1;36mDEBUG[m]       org.codehaus.plexus:plexus-classworlds:jar:2.5.2:compile
[[1;36mDEBUG[m]       org.sonatype.plexus:plexus-sec-dispatcher:jar:1.4:compile
[[1;36mDEBUG[m]          org.sonatype.plexus:plexus-cipher:jar:1.4:compile
[[1;36mDEBUG[m]       org.apache.commons:commons-lang3:jar:3.5:compile
[[1;36mDEBUG[m]    org.apache.maven:maven-model:jar:3.5.0:compile
[[1;36mDEBUG[m]    org.apache.maven:maven-aether-provider:jar:3.3.9:compile
[[1;36mDEBUG[m]       org.eclipse.aether:aether-api:jar:1.0.2.v20150114:compile
[[1;36mDEBUG[m]       org.eclipse.aether:aether-spi:jar:1.0.2.v20150114:compile
[[1;36mDEBUG[m]       org.eclipse.aether:aether-util:jar:1.0.2.v20150114:compile
[[1;36mDEBUG[m]       org.eclipse.aether:aether-impl:jar:1.0.2.v20150114:compile
[[1;36mDEBUG[m]    org.apache.maven:maven-project:jar:2.2.1:compile
[[1;36mDEBUG[m]       org.apache.maven:maven-profile:jar:2.2.1:compile
[[1;36mDEBUG[m]       org.apache.maven:maven-artifact-manager:jar:2.2.1:compile
[[1;36mDEBUG[m]          backport-util-concurrent:backport-util-concurrent:jar:3.1:compile
[[1;36mDEBUG[m]       org.apache.maven:maven-plugin-registry:jar:2.2.1:compile
[[1;36mDEBUG[m]       org.codehaus.plexus:plexus-container-default:jar:1.0-alpha-9-stable-1:compile
[[1;36mDEBUG[m]          classworlds:classworlds:jar:1.1-alpha-2:compile
[[1;36mDEBUG[m] Using transporter WagonTransporter with priority -1.0 for https://oss.sonatype.org/content/repositories/snapshots
[[1;36mDEBUG[m] Using connector BasicRepositoryConnector with priority 0.0 for https://oss.sonatype.org/content/repositories/snapshots
Downloading from sonatype-nexus-snapshots: https://oss.sonatype.org/content/repositories/snapshots/eu/stamp-project/dspot/1.1.1-SNAPSHOT/dspot-1.1.1-20180928.073426-268.jar
Progress (1): dspot-1.1.1-20180928.073426-268.jar (3.8/340 kB)Progress (1): dspot-1.1.1-20180928.073426-268.jar (7.9/340 kB)Progress (1): dspot-1.1.1-20180928.073426-268.jar (12/340 kB) Progress (1): dspot-1.1.1-20180928.073426-268.jar (16/340 kB)Progress (1): dspot-1.1.1-20180928.073426-268.jar (20/340 kB)Progress (1): dspot-1.1.1-20180928.073426-268.jar (24/340 kB)Progress (1): dspot-1.1.1-20180928.073426-268.jar (25/340 kB)Progress (1): dspot-1.1.1-20180928.073426-268.jar (29/340 kB)Progress (1): dspot-1.1.1-20180928.073426-268.jar (33/340 kB)Progress (1): dspot-1.1.1-20180928.073426-268.jar (37/340 kB)Progress (1): dspot-1.1.1-20180928.073426-268.jar (41/340 kB)Progress (1): dspot-1.1.1-20180928.073426-268.jar (45/340 kB)Progress (1): dspot-1.1.1-20180928.073426-268.jar (49/340 kB)Progress (1): dspot-1.1.1-20180928.073426-268.jar (53/340 kB)Progress (1): dspot-1.1.1-20180928.073426-268.jar (57/340 kB)Progress (1): dspot-1.1.1-20180928.073426-268.jar (61/340 kB)Progress (1): dspot-1.1.1-20180928.073426-268.jar (66/340 kB)Progress (1): dspot-1.1.1-20180928.073426-268.jar (70/340 kB)Progress (1): dspot-1.1.1-20180928.073426-268.jar (74/340 kB)Progress (1): dspot-1.1.1-20180928.073426-268.jar (78/340 kB)Progress (1): dspot-1.1.1-20180928.073426-268.jar (82/340 kB)Progress (1): dspot-1.1.1-20180928.073426-268.jar (86/340 kB)Progress (1): dspot-1.1.1-20180928.073426-268.jar (90/340 kB)Progress (1): dspot-1.1.1-20180928.073426-268.jar (94/340 kB)Progress (1): dspot-1.1.1-20180928.073426-268.jar (98/340 kB)Progress (1): dspot-1.1.1-20180928.073426-268.jar (102/340 kB)Progress (1): dspot-1.1.1-20180928.073426-268.jar (106/340 kB)Progress (1): dspot-1.1.1-20180928.073426-268.jar (111/340 kB)Progress (1): dspot-1.1.1-20180928.073426-268.jar (115/340 kB)Progress (1): dspot-1.1.1-20180928.073426-268.jar (119/340 kB)Progress (1): dspot-1.1.1-20180928.073426-268.jar (123/340 kB)Progress (1): dspot-1.1.1-20180928.073426-268.jar (127/340 kB)Progress (1): dspot-1.1.1-20180928.073426-268.jar (131/340 kB)Progress (1): dspot-1.1.1-20180928.073426-268.jar (135/340 kB)Progress (1): dspot-1.1.1-20180928.073426-268.jar (139/340 kB)Progress (1): dspot-1.1.1-20180928.073426-268.jar (143/340 kB)Progress (1): dspot-1.1.1-20180928.073426-268.jar (147/340 kB)Progress (1): dspot-1.1.1-20180928.073426-268.jar (152/340 kB)Progress (1): dspot-1.1.1-20180928.073426-268.jar (156/340 kB)Progress (1): dspot-1.1.1-20180928.073426-268.jar (160/340 kB)Progress (1): dspot-1.1.1-20180928.073426-268.jar (164/340 kB)Progress (1): dspot-1.1.1-20180928.073426-268.jar (168/340 kB)Progress (1): dspot-1.1.1-20180928.073426-268.jar (172/340 kB)Progress (1): dspot-1.1.1-20180928.073426-268.jar (176/340 kB)Progress (1): dspot-1.1.1-20180928.073426-268.jar (180/340 kB)Progress (1): dspot-1.1.1-20180928.073426-268.jar (184/340 kB)Progress (1): dspot-1.1.1-20180928.073426-268.jar (188/340 kB)Progress (1): dspot-1.1.1-20180928.073426-268.jar (193/340 kB)Progress (1): dspot-1.1.1-20180928.073426-268.jar (197/340 kB)Progress (1): dspot-1.1.1-20180928.073426-268.jar (201/340 kB)Progress (1): dspot-1.1.1-20180928.073426-268.jar (205/340 kB)Progress (1): dspot-1.1.1-20180928.073426-268.jar (209/340 kB)Progress (1): dspot-1.1.1-20180928.073426-268.jar (213/340 kB)Progress (1): dspot-1.1.1-20180928.073426-268.jar (217/340 kB)Progress (1): dspot-1.1.1-20180928.073426-268.jar (221/340 kB)Progress (1): dspot-1.1.1-20180928.073426-268.jar (225/340 kB)Progress (1): dspot-1.1.1-20180928.073426-268.jar (229/340 kB)Progress (1): dspot-1.1.1-20180928.073426-268.jar (233/340 kB)Progress (1): dspot-1.1.1-20180928.073426-268.jar (238/340 kB)Progress (1): dspot-1.1.1-20180928.073426-268.jar (242/340 kB)Progress (1): dspot-1.1.1-20180928.073426-268.jar (246/340 kB)Progress (1): dspot-1.1.1-20180928.073426-268.jar (250/340 kB)Progress (1): dspot-1.1.1-20180928.073426-268.jar (254/340 kB)Progress (1): dspot-1.1.1-20180928.073426-268.jar (258/340 kB)Progress (1): dspot-1.1.1-20180928.073426-268.jar (262/340 kB)Progress (1): dspot-1.1.1-20180928.073426-268.jar (266/340 kB)Progress (1): dspot-1.1.1-20180928.073426-268.jar (270/340 kB)Progress (1): dspot-1.1.1-20180928.073426-268.jar (274/340 kB)Progress (1): dspot-1.1.1-20180928.073426-268.jar (279/340 kB)Progress (1): dspot-1.1.1-20180928.073426-268.jar (283/340 kB)Progress (1): dspot-1.1.1-20180928.073426-268.jar (287/340 kB)Progress (1): dspot-1.1.1-20180928.073426-268.jar (291/340 kB)Progress (1): dspot-1.1.1-20180928.073426-268.jar (295/340 kB)Progress (1): dspot-1.1.1-20180928.073426-268.jar (299/340 kB)Progress (1): dspot-1.1.1-20180928.073426-268.jar (303/340 kB)Progress (1): dspot-1.1.1-20180928.073426-268.jar (307/340 kB)Progress (1): dspot-1.1.1-20180928.073426-268.jar (311/340 kB)Progress (1): dspot-1.1.1-20180928.073426-268.jar (315/340 kB)Progress (1): dspot-1.1.1-20180928.073426-268.jar (319/340 kB)Progress (1): dspot-1.1.1-20180928.073426-268.jar (324/340 kB)Progress (1): dspot-1.1.1-20180928.073426-268.jar (328/340 kB)Progress (1): dspot-1.1.1-20180928.073426-268.jar (332/340 kB)Progress (1): dspot-1.1.1-20180928.073426-268.jar (336/340 kB)Progress (1): dspot-1.1.1-20180928.073426-268.jar (340/340 kB)Progress (1): dspot-1.1.1-20180928.073426-268.jar (340 kB)                                                              Downloaded from sonatype-nexus-snapshots: https://oss.sonatype.org/content/repositories/snapshots/eu/stamp-project/dspot/1.1.1-SNAPSHOT/dspot-1.1.1-20180928.073426-268.jar (340 kB at 134 kB/s)
[[1;36mDEBUG[m] Writing tracking file /home/bdanglot/.m2/repository/eu/stamp-project/dspot/1.1.1-SNAPSHOT/_remote.repositories
[[1;36mDEBUG[m] Writing tracking file /home/bdanglot/.m2/repository/eu/stamp-project/dspot/1.1.1-SNAPSHOT/dspot-1.1.1-20180928.073426-268.jar.lastUpdated
[[1;36mDEBUG[m] Using transporter WagonTransporter with priority -1.0 for http://maven.inria.fr/artifactory/spoon-public-snapshot
[[1;36mDEBUG[m] Using connector BasicRepositoryConnector with priority 0.0 for http://maven.inria.fr/artifactory/spoon-public-snapshot
Downloading from maven.inria.fr-snapshot: http://maven.inria.fr/artifactory/spoon-public-snapshot/fr/inria/gforge/spoon/spoon-core/7.1.0-SNAPSHOT/spoon-core-7.1.0-20180927.224951-217.jar
Progress (1): spoon-core-7.1.0-20180927.224951-217.jar (0/1.6 MB)Progress (1): spoon-core-7.1.0-20180927.224951-217.jar (0/1.6 MB)Progress (1): spoon-core-7.1.0-20180927.224951-217.jar (0/1.6 MB)Progress (1): spoon-core-7.1.0-20180927.224951-217.jar (0/1.6 MB)Progress (1): spoon-core-7.1.0-20180927.224951-217.jar (0/1.6 MB)Progress (1): spoon-core-7.1.0-20180927.224951-217.jar (0/1.6 MB)Progress (1): spoon-core-7.1.0-20180927.224951-217.jar (0/1.6 MB)Progress (1): spoon-core-7.1.0-20180927.224951-217.jar (0/1.6 MB)Progress (1): spoon-core-7.1.0-20180927.224951-217.jar (0/1.6 MB)Progress (1): spoon-core-7.1.0-20180927.224951-217.jar (0/1.6 MB)Progress (1): spoon-core-7.1.0-20180927.224951-217.jar (0/1.6 MB)Progress (1): spoon-core-7.1.0-20180927.224951-217.jar (0/1.6 MB)Progress (1): spoon-core-7.1.0-20180927.224951-217.jar (0/1.6 MB)Progress (1): spoon-core-7.1.0-20180927.224951-217.jar (0.1/1.6 MB)Progress (1): spoon-core-7.1.0-20180927.224951-217.jar (0.1/1.6 MB)Progress (1): spoon-core-7.1.0-20180927.224951-217.jar (0.1/1.6 MB)Progress (1): spoon-core-7.1.0-20180927.224951-217.jar (0.1/1.6 MB)Progress (1): spoon-core-7.1.0-20180927.224951-217.jar (0.1/1.6 MB)Progress (1): spoon-core-7.1.0-20180927.224951-217.jar (0.1/1.6 MB)Progress (1): spoon-core-7.1.0-20180927.224951-217.jar (0.1/1.6 MB)Progress (1): spoon-core-7.1.0-20180927.224951-217.jar (0.1/1.6 MB)Progress (1): spoon-core-7.1.0-20180927.224951-217.jar (0.1/1.6 MB)Progress (1): spoon-core-7.1.0-20180927.224951-217.jar (0.1/1.6 MB)Progress (1): spoon-core-7.1.0-20180927.224951-217.jar (0.1/1.6 MB)Progress (1): spoon-core-7.1.0-20180927.224951-217.jar (0.1/1.6 MB)Progress (1): spoon-core-7.1.0-20180927.224951-217.jar (0.1/1.6 MB)Progress (1): spoon-core-7.1.0-20180927.224951-217.jar (0.1/1.6 MB)Progress (1): spoon-core-7.1.0-20180927.224951-217.jar (0.1/1.6 MB)Progress (1): spoon-core-7.1.0-20180927.224951-217.jar (0.1/1.6 MB)Progress (1): spoon-core-7.1.0-20180927.224951-217.jar (0.1/1.6 MB)Progress (1): spoon-core-7.1.0-20180927.224951-217.jar (0.1/1.6 MB)Progress (1): spoon-core-7.1.0-20180927.224951-217.jar (0.1/1.6 MB)Progress (1): spoon-core-7.1.0-20180927.224951-217.jar (0.1/1.6 MB)Progress (1): spoon-core-7.1.0-20180927.224951-217.jar (0.1/1.6 MB)Progress (1): spoon-core-7.1.0-20180927.224951-217.jar (0.1/1.6 MB)Progress (1): spoon-core-7.1.0-20180927.224951-217.jar (0.1/1.6 MB)Progress (1): spoon-core-7.1.0-20180927.224951-217.jar (0.1/1.6 MB)Progress (1): spoon-core-7.1.0-20180927.224951-217.jar (0.1/1.6 MB)Progress (1): spoon-core-7.1.0-20180927.224951-217.jar (0.1/1.6 MB)Progress (1): spoon-core-7.1.0-20180927.224951-217.jar (0.2/1.6 MB)Progress (1): spoon-core-7.1.0-20180927.224951-217.jar (0.2/1.6 MB)Progress (1): spoon-core-7.1.0-20180927.224951-217.jar (0.2/1.6 MB)Progress (1): spoon-core-7.1.0-20180927.224951-217.jar (0.2/1.6 MB)Progress (1): spoon-core-7.1.0-20180927.224951-217.jar (0.2/1.6 MB)Progress (1): spoon-core-7.1.0-20180927.224951-217.jar (0.2/1.6 MB)Progress (1): spoon-core-7.1.0-20180927.224951-217.jar (0.2/1.6 MB)Progress (1): spoon-core-7.1.0-20180927.224951-217.jar (0.2/1.6 MB)Progress (1): spoon-core-7.1.0-20180927.224951-217.jar (0.2/1.6 MB)Progress (1): spoon-core-7.1.0-20180927.224951-217.jar (0.2/1.6 MB)Progress (1): spoon-core-7.1.0-20180927.224951-217.jar (0.2/1.6 MB)Progress (1): spoon-core-7.1.0-20180927.224951-217.jar (0.2/1.6 MB)Progress (1): spoon-core-7.1.0-20180927.224951-217.jar (0.2/1.6 MB)Progress (1): spoon-core-7.1.0-20180927.224951-217.jar (0.2/1.6 MB)Progress (1): spoon-core-7.1.0-20180927.224951-217.jar (0.2/1.6 MB)Progress (1): spoon-core-7.1.0-20180927.224951-217.jar (0.2/1.6 MB)Progress (1): spoon-core-7.1.0-20180927.224951-217.jar (0.2/1.6 MB)Progress (1): spoon-core-7.1.0-20180927.224951-217.jar (0.2/1.6 MB)Progress (1): spoon-core-7.1.0-20180927.224951-217.jar (0.2/1.6 MB)Progress (1): spoon-core-7.1.0-20180927.224951-217.jar (0.2/1.6 MB)Progress (1): spoon-core-7.1.0-20180927.224951-217.jar (0.2/1.6 MB)Progress (1): spoon-core-7.1.0-20180927.224951-217.jar (0.2/1.6 MB)Progress (1): spoon-core-7.1.0-20180927.224951-217.jar (0.2/1.6 MB)Progress (1): spoon-core-7.1.0-20180927.224951-217.jar (0.2/1.6 MB)Progress (1): spoon-core-7.1.0-20180927.224951-217.jar (0.2/1.6 MB)Progress (1): spoon-core-7.1.0-20180927.224951-217.jar (0.3/1.6 MB)Progress (1): spoon-core-7.1.0-20180927.224951-217.jar (0.3/1.6 MB)Progress (1): spoon-core-7.1.0-20180927.224951-217.jar (0.3/1.6 MB)Progress (1): spoon-core-7.1.0-20180927.224951-217.jar (0.3/1.6 MB)Progress (1): spoon-core-7.1.0-20180927.224951-217.jar (0.3/1.6 MB)Progress (1): spoon-core-7.1.0-20180927.224951-217.jar (0.3/1.6 MB)Progress (1): spoon-core-7.1.0-20180927.224951-217.jar (0.3/1.6 MB)Progress (1): spoon-core-7.1.0-20180927.224951-217.jar (0.3/1.6 MB)Progress (1): spoon-core-7.1.0-20180927.224951-217.jar (0.3/1.6 MB)Progress (1): spoon-core-7.1.0-20180927.224951-217.jar (0.3/1.6 MB)Progress (1): spoon-core-7.1.0-20180927.224951-217.jar (0.3/1.6 MB)Progress (1): spoon-core-7.1.0-20180927.224951-217.jar (0.3/1.6 MB)Progress (1): spoon-core-7.1.0-20180927.224951-217.jar (0.3/1.6 MB)Progress (1): spoon-core-7.1.0-20180927.224951-217.jar (0.3/1.6 MB)Progress (1): spoon-core-7.1.0-20180927.224951-217.jar (0.3/1.6 MB)Progress (1): spoon-core-7.1.0-20180927.224951-217.jar (0.3/1.6 MB)Progress (1): spoon-core-7.1.0-20180927.224951-217.jar (0.3/1.6 MB)Progress (1): spoon-core-7.1.0-20180927.224951-217.jar (0.3/1.6 MB)Progress (1): spoon-core-7.1.0-20180927.224951-217.jar (0.3/1.6 MB)Progress (1): spoon-core-7.1.0-20180927.224951-217.jar (0.3/1.6 MB)Progress (1): spoon-core-7.1.0-20180927.224951-217.jar (0.3/1.6 MB)Progress (1): spoon-core-7.1.0-20180927.224951-217.jar (0.3/1.6 MB)Progress (1): spoon-core-7.1.0-20180927.224951-217.jar (0.3/1.6 MB)Progress (1): spoon-core-7.1.0-20180927.224951-217.jar (0.3/1.6 MB)Progress (1): spoon-core-7.1.0-20180927.224951-217.jar (0.4/1.6 MB)Progress (1): spoon-core-7.1.0-20180927.224951-217.jar (0.4/1.6 MB)Progress (1): spoon-core-7.1.0-20180927.224951-217.jar (0.4/1.6 MB)Progress (1): spoon-core-7.1.0-20180927.224951-217.jar (0.4/1.6 MB)Progress (1): spoon-core-7.1.0-20180927.224951-217.jar (0.4/1.6 MB)Progress (1): spoon-core-7.1.0-20180927.224951-217.jar (0.4/1.6 MB)Progress (1): spoon-core-7.1.0-20180927.224951-217.jar (0.4/1.6 MB)Progress (1): spoon-core-7.1.0-20180927.224951-217.jar (0.4/1.6 MB)Progress (1): spoon-core-7.1.0-20180927.224951-217.jar (0.4/1.6 MB)Progress (1): spoon-core-7.1.0-20180927.224951-217.jar (0.4/1.6 MB)Progress (1): spoon-core-7.1.0-20180927.224951-217.jar (0.4/1.6 MB)Progress (1): spoon-core-7.1.0-20180927.224951-217.jar (0.4/1.6 MB)Progress (1): spoon-core-7.1.0-20180927.224951-217.jar (0.4/1.6 MB)Progress (1): spoon-core-7.1.0-20180927.224951-217.jar (0.4/1.6 MB)Progress (1): spoon-core-7.1.0-20180927.224951-217.jar (0.4/1.6 MB)Progress (1): spoon-core-7.1.0-20180927.224951-217.jar (0.4/1.6 MB)Progress (1): spoon-core-7.1.0-20180927.224951-217.jar (0.4/1.6 MB)Progress (1): spoon-core-7.1.0-20180927.224951-217.jar (0.4/1.6 MB)Progress (1): spoon-core-7.1.0-20180927.224951-217.jar (0.4/1.6 MB)Progress (1): spoon-core-7.1.0-20180927.224951-217.jar (0.4/1.6 MB)Progress (1): spoon-core-7.1.0-20180927.224951-217.jar (0.4/1.6 MB)Progress (1): spoon-core-7.1.0-20180927.224951-217.jar (0.4/1.6 MB)Progress (1): spoon-core-7.1.0-20180927.224951-217.jar (0.4/1.6 MB)Progress (1): spoon-core-7.1.0-20180927.224951-217.jar (0.4/1.6 MB)Progress (1): spoon-core-7.1.0-20180927.224951-217.jar (0.4/1.6 MB)Progress (1): spoon-core-7.1.0-20180927.224951-217.jar (0.5/1.6 MB)Progress (1): spoon-core-7.1.0-20180927.224951-217.jar (0.5/1.6 MB)Progress (1): spoon-core-7.1.0-20180927.224951-217.jar (0.5/1.6 MB)Progress (1): spoon-core-7.1.0-20180927.224951-217.jar (0.5/1.6 MB)Progress (1): spoon-core-7.1.0-20180927.224951-217.jar (0.5/1.6 MB)Progress (1): spoon-core-7.1.0-20180927.224951-217.jar (0.5/1.6 MB)Progress (1): spoon-core-7.1.0-20180927.224951-217.jar (0.5/1.6 MB)Progress (1): spoon-core-7.1.0-20180927.224951-217.jar (0.5/1.6 MB)Progress (1): spoon-core-7.1.0-20180927.224951-217.jar (0.5/1.6 MB)Progress (1): spoon-core-7.1.0-20180927.224951-217.jar (0.5/1.6 MB)Progress (1): spoon-core-7.1.0-20180927.224951-217.jar (0.5/1.6 MB)Progress (1): spoon-core-7.1.0-20180927.224951-217.jar (0.5/1.6 MB)Progress (1): spoon-core-7.1.0-20180927.224951-217.jar (0.5/1.6 MB)Progress (1): spoon-core-7.1.0-20180927.224951-217.jar (0.5/1.6 MB)Progress (1): spoon-core-7.1.0-20180927.224951-217.jar (0.5/1.6 MB)Progress (1): spoon-core-7.1.0-20180927.224951-217.jar (0.5/1.6 MB)Progress (1): spoon-core-7.1.0-20180927.224951-217.jar (0.5/1.6 MB)Progress (1): spoon-core-7.1.0-20180927.224951-217.jar (0.5/1.6 MB)Progress (1): spoon-core-7.1.0-20180927.224951-217.jar (0.5/1.6 MB)Progress (1): spoon-core-7.1.0-20180927.224951-217.jar (0.5/1.6 MB)Progress (1): spoon-core-7.1.0-20180927.224951-217.jar (0.5/1.6 MB)Progress (1): spoon-core-7.1.0-20180927.224951-217.jar (0.5/1.6 MB)Progress (1): spoon-core-7.1.0-20180927.224951-217.jar (0.5/1.6 MB)Progress (1): spoon-core-7.1.0-20180927.224951-217.jar (0.5/1.6 MB)Progress (1): spoon-core-7.1.0-20180927.224951-217.jar (0.6/1.6 MB)Progress (1): spoon-core-7.1.0-20180927.224951-217.jar (0.6/1.6 MB)Progress (1): spoon-core-7.1.0-20180927.224951-217.jar (0.6/1.6 MB)Progress (1): spoon-core-7.1.0-20180927.224951-217.jar (0.6/1.6 MB)Progress (1): spoon-core-7.1.0-20180927.224951-217.jar (0.6/1.6 MB)Progress (1): spoon-core-7.1.0-20180927.224951-217.jar (0.6/1.6 MB)Progress (1): spoon-core-7.1.0-20180927.224951-217.jar (0.6/1.6 MB)Progress (1): spoon-core-7.1.0-20180927.224951-217.jar (0.6/1.6 MB)Progress (1): spoon-core-7.1.0-20180927.224951-217.jar (0.6/1.6 MB)Progress (1): spoon-core-7.1.0-20180927.224951-217.jar (0.6/1.6 MB)Progress (1): spoon-core-7.1.0-20180927.224951-217.jar (0.6/1.6 MB)Progress (1): spoon-core-7.1.0-20180927.224951-217.jar (0.6/1.6 MB)Progress (1): spoon-core-7.1.0-20180927.224951-217.jar (0.6/1.6 MB)Progress (1): spoon-core-7.1.0-20180927.224951-217.jar (0.6/1.6 MB)Progress (1): spoon-core-7.1.0-20180927.224951-217.jar (0.6/1.6 MB)Progress (1): spoon-core-7.1.0-20180927.224951-217.jar (0.6/1.6 MB)Progress (1): spoon-core-7.1.0-20180927.224951-217.jar (0.6/1.6 MB)Progress (1): spoon-core-7.1.0-20180927.224951-217.jar (0.6/1.6 MB)Progress (1): spoon-core-7.1.0-20180927.224951-217.jar (0.6/1.6 MB)Progress (1): spoon-core-7.1.0-20180927.224951-217.jar (0.6/1.6 MB)Progress (1): spoon-core-7.1.0-20180927.224951-217.jar (0.6/1.6 MB)Progress (1): spoon-core-7.1.0-20180927.224951-217.jar (0.6/1.6 MB)Progress (1): spoon-core-7.1.0-20180927.224951-217.jar (0.6/1.6 MB)Progress (1): spoon-core-7.1.0-20180927.224951-217.jar (0.6/1.6 MB)Progress (1): spoon-core-7.1.0-20180927.224951-217.jar (0.6/1.6 MB)Progress (1): spoon-core-7.1.0-20180927.224951-217.jar (0.7/1.6 MB)Progress (1): spoon-core-7.1.0-20180927.224951-217.jar (0.7/1.6 MB)Progress (1): spoon-core-7.1.0-20180927.224951-217.jar (0.7/1.6 MB)Progress (1): spoon-core-7.1.0-20180927.224951-217.jar (0.7/1.6 MB)Progress (1): spoon-core-7.1.0-20180927.224951-217.jar (0.7/1.6 MB)Progress (1): spoon-core-7.1.0-20180927.224951-217.jar (0.7/1.6 MB)Progress (1): spoon-core-7.1.0-20180927.224951-217.jar (0.7/1.6 MB)Progress (1): spoon-core-7.1.0-20180927.224951-217.jar (0.7/1.6 MB)Progress (1): spoon-core-7.1.0-20180927.224951-217.jar (0.7/1.6 MB)Progress (1): spoon-core-7.1.0-20180927.224951-217.jar (0.7/1.6 MB)Progress (1): spoon-core-7.1.0-20180927.224951-217.jar (0.7/1.6 MB)Progress (1): spoon-core-7.1.0-20180927.224951-217.jar (0.7/1.6 MB)Progress (1): spoon-core-7.1.0-20180927.224951-217.jar (0.7/1.6 MB)Progress (1): spoon-core-7.1.0-20180927.224951-217.jar (0.7/1.6 MB)Progress (1): spoon-core-7.1.0-20180927.224951-217.jar (0.7/1.6 MB)Progress (1): spoon-core-7.1.0-20180927.224951-217.jar (0.7/1.6 MB)Progress (1): spoon-core-7.1.0-20180927.224951-217.jar (0.7/1.6 MB)Progress (1): spoon-core-7.1.0-20180927.224951-217.jar (0.7/1.6 MB)Progress (1): spoon-core-7.1.0-20180927.224951-217.jar (0.7/1.6 MB)Progress (1): spoon-core-7.1.0-20180927.224951-217.jar (0.7/1.6 MB)Progress (1): spoon-core-7.1.0-20180927.224951-217.jar (0.7/1.6 MB)Progress (1): spoon-core-7.1.0-20180927.224951-217.jar (0.7/1.6 MB)Progress (1): spoon-core-7.1.0-20180927.224951-217.jar (0.7/1.6 MB)Progress (1): spoon-core-7.1.0-20180927.224951-217.jar (0.7/1.6 MB)Progress (1): spoon-core-7.1.0-20180927.224951-217.jar (0.7/1.6 MB)Progress (1): spoon-core-7.1.0-20180927.224951-217.jar (0.8/1.6 MB)Progress (1): spoon-core-7.1.0-20180927.224951-217.jar (0.8/1.6 MB)Progress (1): spoon-core-7.1.0-20180927.224951-217.jar (0.8/1.6 MB)Progress (1): spoon-core-7.1.0-20180927.224951-217.jar (0.8/1.6 MB)Progress (1): spoon-core-7.1.0-20180927.224951-217.jar (0.8/1.6 MB)Progress (1): spoon-core-7.1.0-20180927.224951-217.jar (0.8/1.6 MB)Progress (1): spoon-core-7.1.0-20180927.224951-217.jar (0.8/1.6 MB)Progress (1): spoon-core-7.1.0-20180927.224951-217.jar (0.8/1.6 MB)Progress (1): spoon-core-7.1.0-20180927.224951-217.jar (0.8/1.6 MB)Progress (1): spoon-core-7.1.0-20180927.224951-217.jar (0.8/1.6 MB)Progress (1): spoon-core-7.1.0-20180927.224951-217.jar (0.8/1.6 MB)Progress (1): spoon-core-7.1.0-20180927.224951-217.jar (0.8/1.6 MB)Progress (1): spoon-core-7.1.0-20180927.224951-217.jar (0.8/1.6 MB)Progress (1): spoon-core-7.1.0-20180927.224951-217.jar (0.8/1.6 MB)Progress (1): spoon-core-7.1.0-20180927.224951-217.jar (0.8/1.6 MB)Progress (1): spoon-core-7.1.0-20180927.224951-217.jar (0.8/1.6 MB)Progress (1): spoon-core-7.1.0-20180927.224951-217.jar (0.8/1.6 MB)Progress (1): spoon-core-7.1.0-20180927.224951-217.jar (0.8/1.6 MB)Progress (1): spoon-core-7.1.0-20180927.224951-217.jar (0.8/1.6 MB)Progress (1): spoon-core-7.1.0-20180927.224951-217.jar (0.8/1.6 MB)Progress (1): spoon-core-7.1.0-20180927.224951-217.jar (0.8/1.6 MB)Progress (1): spoon-core-7.1.0-20180927.224951-217.jar (0.8/1.6 MB)Progress (1): spoon-core-7.1.0-20180927.224951-217.jar (0.8/1.6 MB)Progress (1): spoon-core-7.1.0-20180927.224951-217.jar (0.8/1.6 MB)Progress (1): spoon-core-7.1.0-20180927.224951-217.jar (0.9/1.6 MB)Progress (1): spoon-core-7.1.0-20180927.224951-217.jar (0.9/1.6 MB)Progress (1): spoon-core-7.1.0-20180927.224951-217.jar (0.9/1.6 MB)Progress (1): spoon-core-7.1.0-20180927.224951-217.jar (0.9/1.6 MB)Progress (1): spoon-core-7.1.0-20180927.224951-217.jar (0.9/1.6 MB)Progress (1): spoon-core-7.1.0-20180927.224951-217.jar (0.9/1.6 MB)Progress (1): spoon-core-7.1.0-20180927.224951-217.jar (0.9/1.6 MB)Progress (1): spoon-core-7.1.0-20180927.224951-217.jar (0.9/1.6 MB)Progress (1): spoon-core-7.1.0-20180927.224951-217.jar (0.9/1.6 MB)Progress (1): spoon-core-7.1.0-20180927.224951-217.jar (0.9/1.6 MB)Progress (1): spoon-core-7.1.0-20180927.224951-217.jar (0.9/1.6 MB)Progress (1): spoon-core-7.1.0-20180927.224951-217.jar (0.9/1.6 MB)Progress (1): spoon-core-7.1.0-20180927.224951-217.jar (0.9/1.6 MB)Progress (1): spoon-core-7.1.0-20180927.224951-217.jar (0.9/1.6 MB)Progress (1): spoon-core-7.1.0-20180927.224951-217.jar (0.9/1.6 MB)Progress (1): spoon-core-7.1.0-20180927.224951-217.jar (0.9/1.6 MB)Progress (1): spoon-core-7.1.0-20180927.224951-217.jar (0.9/1.6 MB)Progress (1): spoon-core-7.1.0-20180927.224951-217.jar (0.9/1.6 MB)Progress (1): spoon-core-7.1.0-20180927.224951-217.jar (0.9/1.6 MB)Progress (1): spoon-core-7.1.0-20180927.224951-217.jar (0.9/1.6 MB)Progress (1): spoon-core-7.1.0-20180927.224951-217.jar (0.9/1.6 MB)Progress (1): spoon-core-7.1.0-20180927.224951-217.jar (0.9/1.6 MB)Progress (1): spoon-core-7.1.0-20180927.224951-217.jar (0.9/1.6 MB)Progress (1): spoon-core-7.1.0-20180927.224951-217.jar (0.9/1.6 MB)Progress (1): spoon-core-7.1.0-20180927.224951-217.jar (1.0/1.6 MB)Progress (1): spoon-core-7.1.0-20180927.224951-217.jar (1.0/1.6 MB)Progress (1): spoon-core-7.1.0-20180927.224951-217.jar (1.0/1.6 MB)Progress (1): spoon-core-7.1.0-20180927.224951-217.jar (1.0/1.6 MB)Progress (1): spoon-core-7.1.0-20180927.224951-217.jar (1.0/1.6 MB)Progress (1): spoon-core-7.1.0-20180927.224951-217.jar (1.0/1.6 MB)Progress (1): spoon-core-7.1.0-20180927.224951-217.jar (1.0/1.6 MB)Progress (1): spoon-core-7.1.0-20180927.224951-217.jar (1.0/1.6 MB)Progress (1): spoon-core-7.1.0-20180927.224951-217.jar (1.0/1.6 MB)Progress (1): spoon-core-7.1.0-20180927.224951-217.jar (1.0/1.6 MB)Progress (1): spoon-core-7.1.0-20180927.224951-217.jar (1.0/1.6 MB)Progress (1): spoon-core-7.1.0-20180927.224951-217.jar (1.0/1.6 MB)Progress (1): spoon-core-7.1.0-20180927.224951-217.jar (1.0/1.6 MB)Progress (1): spoon-core-7.1.0-20180927.224951-217.jar (1.0/1.6 MB)Progress (1): spoon-core-7.1.0-20180927.224951-217.jar (1.0/1.6 MB)Progress (1): spoon-core-7.1.0-20180927.224951-217.jar (1.0/1.6 MB)Progress (1): spoon-core-7.1.0-20180927.224951-217.jar (1.0/1.6 MB)Progress (1): spoon-core-7.1.0-20180927.224951-217.jar (1.0/1.6 MB)Progress (1): spoon-core-7.1.0-20180927.224951-217.jar (1.0/1.6 MB)Progress (1): spoon-core-7.1.0-20180927.224951-217.jar (1.0/1.6 MB)Progress (1): spoon-core-7.1.0-20180927.224951-217.jar (1.0/1.6 MB)Progress (1): spoon-core-7.1.0-20180927.224951-217.jar (1.0/1.6 MB)Progress (1): spoon-core-7.1.0-20180927.224951-217.jar (1.0/1.6 MB)Progress (1): spoon-core-7.1.0-20180927.224951-217.jar (1.0/1.6 MB)Progress (1): spoon-core-7.1.0-20180927.224951-217.jar (1.0/1.6 MB)Progress (1): spoon-core-7.1.0-20180927.224951-217.jar (1.0/1.6 MB)Progress (1): spoon-core-7.1.0-20180927.224951-217.jar (1.1/1.6 MB)Progress (1): spoon-core-7.1.0-20180927.224951-217.jar (1.1/1.6 MB)Progress (1): spoon-core-7.1.0-20180927.224951-217.jar (1.1/1.6 MB)Progress (1): spoon-core-7.1.0-20180927.224951-217.jar (1.1/1.6 MB)Progress (1): spoon-core-7.1.0-20180927.224951-217.jar (1.1/1.6 MB)Progress (1): spoon-core-7.1.0-20180927.224951-217.jar (1.1/1.6 MB)Progress (1): spoon-core-7.1.0-20180927.224951-217.jar (1.1/1.6 MB)Progress (1): spoon-core-7.1.0-20180927.224951-217.jar (1.1/1.6 MB)Progress (1): spoon-core-7.1.0-20180927.224951-217.jar (1.1/1.6 MB)Progress (1): spoon-core-7.1.0-20180927.224951-217.jar (1.1/1.6 MB)Progress (1): spoon-core-7.1.0-20180927.224951-217.jar (1.1/1.6 MB)Progress (1): spoon-core-7.1.0-20180927.224951-217.jar (1.1/1.6 MB)Progress (1): spoon-core-7.1.0-20180927.224951-217.jar (1.1/1.6 MB)Progress (1): spoon-core-7.1.0-20180927.224951-217.jar (1.1/1.6 MB)Progress (1): spoon-core-7.1.0-20180927.224951-217.jar (1.1/1.6 MB)Progress (1): spoon-core-7.1.0-20180927.224951-217.jar (1.1/1.6 MB)Progress (1): spoon-core-7.1.0-20180927.224951-217.jar (1.1/1.6 MB)Progress (1): spoon-core-7.1.0-20180927.224951-217.jar (1.1/1.6 MB)Progress (1): spoon-core-7.1.0-20180927.224951-217.jar (1.1/1.6 MB)Progress (1): spoon-core-7.1.0-20180927.224951-217.jar (1.1/1.6 MB)Progress (1): spoon-core-7.1.0-20180927.224951-217.jar (1.1/1.6 MB)Progress (1): spoon-core-7.1.0-20180927.224951-217.jar (1.1/1.6 MB)Progress (1): spoon-core-7.1.0-20180927.224951-217.jar (1.1/1.6 MB)Progress (1): spoon-core-7.1.0-20180927.224951-217.jar (1.1/1.6 MB)Progress (1): spoon-core-7.1.0-20180927.224951-217.jar (1.1/1.6 MB)Progress (1): spoon-core-7.1.0-20180927.224951-217.jar (1.2/1.6 MB)Progress (1): spoon-core-7.1.0-20180927.224951-217.jar (1.2/1.6 MB)Progress (1): spoon-core-7.1.0-20180927.224951-217.jar (1.2/1.6 MB)Progress (1): spoon-core-7.1.0-20180927.224951-217.jar (1.2/1.6 MB)Progress (1): spoon-core-7.1.0-20180927.224951-217.jar (1.2/1.6 MB)Progress (1): spoon-core-7.1.0-20180927.224951-217.jar (1.2/1.6 MB)Progress (1): spoon-core-7.1.0-20180927.224951-217.jar (1.2/1.6 MB)Progress (1): spoon-core-7.1.0-20180927.224951-217.jar (1.2/1.6 MB)Progress (1): spoon-core-7.1.0-20180927.224951-217.jar (1.2/1.6 MB)Progress (1): spoon-core-7.1.0-20180927.224951-217.jar (1.2/1.6 MB)Progress (1): spoon-core-7.1.0-20180927.224951-217.jar (1.2/1.6 MB)Progress (1): spoon-core-7.1.0-20180927.224951-217.jar (1.2/1.6 MB)Progress (1): spoon-core-7.1.0-20180927.224951-217.jar (1.2/1.6 MB)Progress (1): spoon-core-7.1.0-20180927.224951-217.jar (1.2/1.6 MB)Progress (1): spoon-core-7.1.0-20180927.224951-217.jar (1.2/1.6 MB)Progress (1): spoon-core-7.1.0-20180927.224951-217.jar (1.2/1.6 MB)Progress (1): spoon-core-7.1.0-20180927.224951-217.jar (1.2/1.6 MB)Progress (1): spoon-core-7.1.0-20180927.224951-217.jar (1.2/1.6 MB)Progress (1): spoon-core-7.1.0-20180927.224951-217.jar (1.2/1.6 MB)Progress (1): spoon-core-7.1.0-20180927.224951-217.jar (1.2/1.6 MB)Progress (1): spoon-core-7.1.0-20180927.224951-217.jar (1.2/1.6 MB)Progress (1): spoon-core-7.1.0-20180927.224951-217.jar (1.2/1.6 MB)Progress (1): spoon-core-7.1.0-20180927.224951-217.jar (1.2/1.6 MB)Progress (1): spoon-core-7.1.0-20180927.224951-217.jar (1.2/1.6 MB)Progress (1): spoon-core-7.1.0-20180927.224951-217.jar (1.3/1.6 MB)Progress (1): spoon-core-7.1.0-20180927.224951-217.jar (1.3/1.6 MB)Progress (1): spoon-core-7.1.0-20180927.224951-217.jar (1.3/1.6 MB)Progress (1): spoon-core-7.1.0-20180927.224951-217.jar (1.3/1.6 MB)Progress (1): spoon-core-7.1.0-20180927.224951-217.jar (1.3/1.6 MB)Progress (1): spoon-core-7.1.0-20180927.224951-217.jar (1.3/1.6 MB)Progress (1): spoon-core-7.1.0-20180927.224951-217.jar (1.3/1.6 MB)Progress (1): spoon-core-7.1.0-20180927.224951-217.jar (1.3/1.6 MB)Progress (1): spoon-core-7.1.0-20180927.224951-217.jar (1.3/1.6 MB)Progress (1): spoon-core-7.1.0-20180927.224951-217.jar (1.3/1.6 MB)Progress (1): spoon-core-7.1.0-20180927.224951-217.jar (1.3/1.6 MB)Progress (1): spoon-core-7.1.0-20180927.224951-217.jar (1.3/1.6 MB)Progress (1): spoon-core-7.1.0-20180927.224951-217.jar (1.3/1.6 MB)Progress (1): spoon-core-7.1.0-20180927.224951-217.jar (1.3/1.6 MB)Progress (1): spoon-core-7.1.0-20180927.224951-217.jar (1.3/1.6 MB)Progress (1): spoon-core-7.1.0-20180927.224951-217.jar (1.3/1.6 MB)Progress (1): spoon-core-7.1.0-20180927.224951-217.jar (1.3/1.6 MB)Progress (1): spoon-core-7.1.0-20180927.224951-217.jar (1.3/1.6 MB)Progress (1): spoon-core-7.1.0-20180927.224951-217.jar (1.3/1.6 MB)Progress (1): spoon-core-7.1.0-20180927.224951-217.jar (1.3/1.6 MB)Progress (1): spoon-core-7.1.0-20180927.224951-217.jar (1.3/1.6 MB)Progress (1): spoon-core-7.1.0-20180927.224951-217.jar (1.3/1.6 MB)Progress (1): spoon-core-7.1.0-20180927.224951-217.jar (1.3/1.6 MB)Progress (1): spoon-core-7.1.0-20180927.224951-217.jar (1.3/1.6 MB)Progress (1): spoon-core-7.1.0-20180927.224951-217.jar (1.3/1.6 MB)Progress (1): spoon-core-7.1.0-20180927.224951-217.jar (1.4/1.6 MB)Progress (1): spoon-core-7.1.0-20180927.224951-217.jar (1.4/1.6 MB)Progress (1): spoon-core-7.1.0-20180927.224951-217.jar (1.4/1.6 MB)Progress (1): spoon-core-7.1.0-20180927.224951-217.jar (1.4/1.6 MB)Progress (1): spoon-core-7.1.0-20180927.224951-217.jar (1.4/1.6 MB)Progress (1): spoon-core-7.1.0-20180927.224951-217.jar (1.4/1.6 MB)Progress (1): spoon-core-7.1.0-20180927.224951-217.jar (1.4/1.6 MB)Progress (1): spoon-core-7.1.0-20180927.224951-217.jar (1.4/1.6 MB)Progress (1): spoon-core-7.1.0-20180927.224951-217.jar (1.4/1.6 MB)Progress (1): spoon-core-7.1.0-20180927.224951-217.jar (1.4/1.6 MB)Progress (1): spoon-core-7.1.0-20180927.224951-217.jar (1.4/1.6 MB)Progress (1): spoon-core-7.1.0-20180927.224951-217.jar (1.4/1.6 MB)Progress (1): spoon-core-7.1.0-20180927.224951-217.jar (1.4/1.6 MB)Progress (1): spoon-core-7.1.0-20180927.224951-217.jar (1.4/1.6 MB)Progress (1): spoon-core-7.1.0-20180927.224951-217.jar (1.4/1.6 MB)Progress (1): spoon-core-7.1.0-20180927.224951-217.jar (1.4/1.6 MB)Progress (1): spoon-core-7.1.0-20180927.224951-217.jar (1.4/1.6 MB)Progress (1): spoon-core-7.1.0-20180927.224951-217.jar (1.4/1.6 MB)Progress (1): spoon-core-7.1.0-20180927.224951-217.jar (1.4/1.6 MB)Progress (1): spoon-core-7.1.0-20180927.224951-217.jar (1.4/1.6 MB)Progress (1): spoon-core-7.1.0-20180927.224951-217.jar (1.4/1.6 MB)Progress (1): spoon-core-7.1.0-20180927.224951-217.jar (1.4/1.6 MB)Progress (1): spoon-core-7.1.0-20180927.224951-217.jar (1.4/1.6 MB)Progress (1): spoon-core-7.1.0-20180927.224951-217.jar (1.4/1.6 MB)Progress (1): spoon-core-7.1.0-20180927.224951-217.jar (1.5/1.6 MB)Progress (1): spoon-core-7.1.0-20180927.224951-217.jar (1.5/1.6 MB)Progress (1): spoon-core-7.1.0-20180927.224951-217.jar (1.5/1.6 MB)Progress (1): spoon-core-7.1.0-20180927.224951-217.jar (1.5/1.6 MB)Progress (1): spoon-core-7.1.0-20180927.224951-217.jar (1.5/1.6 MB)Progress (1): spoon-core-7.1.0-20180927.224951-217.jar (1.5/1.6 MB)Progress (1): spoon-core-7.1.0-20180927.224951-217.jar (1.5/1.6 MB)Progress (1): spoon-core-7.1.0-20180927.224951-217.jar (1.5/1.6 MB)Progress (1): spoon-core-7.1.0-20180927.224951-217.jar (1.5/1.6 MB)Progress (1): spoon-core-7.1.0-20180927.224951-217.jar (1.5/1.6 MB)Progress (1): spoon-core-7.1.0-20180927.224951-217.jar (1.5/1.6 MB)Progress (1): spoon-core-7.1.0-20180927.224951-217.jar (1.5/1.6 MB)Progress (1): spoon-core-7.1.0-20180927.224951-217.jar (1.5/1.6 MB)Progress (1): spoon-core-7.1.0-20180927.224951-217.jar (1.5/1.6 MB)Progress (1): spoon-core-7.1.0-20180927.224951-217.jar (1.5/1.6 MB)Progress (1): spoon-core-7.1.0-20180927.224951-217.jar (1.5/1.6 MB)Progress (1): spoon-core-7.1.0-20180927.224951-217.jar (1.5/1.6 MB)Progress (1): spoon-core-7.1.0-20180927.224951-217.jar (1.5/1.6 MB)Progress (1): spoon-core-7.1.0-20180927.224951-217.jar (1.5/1.6 MB)Progress (1): spoon-core-7.1.0-20180927.224951-217.jar (1.5/1.6 MB)Progress (1): spoon-core-7.1.0-20180927.224951-217.jar (1.5/1.6 MB)Progress (1): spoon-core-7.1.0-20180927.224951-217.jar (1.5/1.6 MB)Progress (1): spoon-core-7.1.0-20180927.224951-217.jar (1.5/1.6 MB)Progress (1): spoon-core-7.1.0-20180927.224951-217.jar (1.5/1.6 MB)Progress (1): spoon-core-7.1.0-20180927.224951-217.jar (1.6/1.6 MB)Progress (1): spoon-core-7.1.0-20180927.224951-217.jar (1.6/1.6 MB)Progress (1): spoon-core-7.1.0-20180927.224951-217.jar (1.6/1.6 MB)Progress (1): spoon-core-7.1.0-20180927.224951-217.jar (1.6/1.6 MB)Progress (1): spoon-core-7.1.0-20180927.224951-217.jar (1.6/1.6 MB)Progress (1): spoon-core-7.1.0-20180927.224951-217.jar (1.6/1.6 MB)Progress (1): spoon-core-7.1.0-20180927.224951-217.jar (1.6/1.6 MB)Progress (1): spoon-core-7.1.0-20180927.224951-217.jar (1.6/1.6 MB)Progress (1): spoon-core-7.1.0-20180927.224951-217.jar (1.6/1.6 MB)Progress (1): spoon-core-7.1.0-20180927.224951-217.jar (1.6/1.6 MB)Progress (1): spoon-core-7.1.0-20180927.224951-217.jar (1.6/1.6 MB)Progress (1): spoon-core-7.1.0-20180927.224951-217.jar (1.6/1.6 MB)Progress (1): spoon-core-7.1.0-20180927.224951-217.jar (1.6/1.6 MB)Progress (1): spoon-core-7.1.0-20180927.224951-217.jar (1.6/1.6 MB)Progress (1): spoon-core-7.1.0-20180927.224951-217.jar (1.6/1.6 MB)Progress (1): spoon-core-7.1.0-20180927.224951-217.jar (1.6/1.6 MB)Progress (1): spoon-core-7.1.0-20180927.224951-217.jar (1.6/1.6 MB)Progress (1): spoon-core-7.1.0-20180927.224951-217.jar (1.6/1.6 MB)Progress (1): spoon-core-7.1.0-20180927.224951-217.jar (1.6 MB)                                                                   Downloaded from maven.inria.fr-snapshot: http://maven.inria.fr/artifactory/spoon-public-snapshot/fr/inria/gforge/spoon/spoon-core/7.1.0-SNAPSHOT/spoon-core-7.1.0-20180927.224951-217.jar (1.6 MB at 3.0 MB/s)
[[1;36mDEBUG[m] Writing tracking file /home/bdanglot/.m2/repository/fr/inria/gforge/spoon/spoon-core/7.1.0-SNAPSHOT/_remote.repositories
[[1;36mDEBUG[m] Writing tracking file /home/bdanglot/.m2/repository/fr/inria/gforge/spoon/spoon-core/7.1.0-SNAPSHOT/spoon-core-7.1.0-20180927.224951-217.jar.lastUpdated
[[1;36mDEBUG[m] Using transporter WagonTransporter with priority -1.0 for https://repo.maven.apache.org/maven2
[[1;36mDEBUG[m] Using connector BasicRepositoryConnector with priority 0.0 for https://repo.maven.apache.org/maven2
Downloading from central: https://repo.maven.apache.org/maven2/org/benf/cfr/0.132.0/cfr-0.132.0.jar
[[1;36mDEBUG[m] Writing tracking file /home/bdanglot/.m2/repository/org/benf/cfr/0.132.0/cfr-0.132.0.jar.lastUpdated
[[1;36mDEBUG[m] Using transporter WagonTransporter with priority -1.0 for https://stamp-project.github.io/stamp-maven-repository/
[[1;36mDEBUG[m] Using connector BasicRepositoryConnector with priority 0.0 for https://stamp-project.github.io/stamp-maven-repository/
Downloading from stamp-maven-repository-mvn-repo: https://stamp-project.github.io/stamp-maven-repository/org/benf/cfr/0.132.0/cfr-0.132.0.jar
[[1;36mDEBUG[m] Writing tracking file /home/bdanglot/.m2/repository/org/benf/cfr/0.132.0/cfr-0.132.0.jar.lastUpdated
[[1;36mDEBUG[m] Using transporter WagonTransporter with priority -1.0 for https://repo.gradle.org/gradle/libs-releases-local/
[[1;36mDEBUG[m] Using connector BasicRepositoryConnector with priority 0.0 for https://repo.gradle.org/gradle/libs-releases-local/
Downloading from gradle-repo: https://repo.gradle.org/gradle/libs-releases-local/org/benf/cfr/0.132.0/cfr-0.132.0.jar
[[1;36mDEBUG[m] Writing tracking file /home/bdanglot/.m2/repository/org/benf/cfr/0.132.0/cfr-0.132.0.jar.lastUpdated
[[1;36mDEBUG[m] Using transporter WagonTransporter with priority -1.0 for http://maven.inria.fr/artifactory/spoon-public-snapshot
[[1;36mDEBUG[m] Using connector BasicRepositoryConnector with priority 0.0 for http://maven.inria.fr/artifactory/spoon-public-snapshot
Downloading from maven.inria.fr-snapshot: http://maven.inria.fr/artifactory/spoon-public-snapshot/org/benf/cfr/0.132.0/cfr-0.132.0.jar
[[1;36mDEBUG[m] Writing tracking file /home/bdanglot/.m2/repository/org/benf/cfr/0.132.0/cfr-0.132.0.jar.lastUpdated
[[1;36mDEBUG[m] Using transporter WagonTransporter with priority -1.0 for http://maven.inria.fr/artifactory/triskell-public-release
[[1;36mDEBUG[m] Using connector BasicRepositoryConnector with priority 0.0 for http://maven.inria.fr/artifactory/triskell-public-release
Downloading from inria: http://maven.inria.fr/artifactory/triskell-public-release/org/benf/cfr/0.132.0/cfr-0.132.0.jar
Progress (1): cfr-0.132.0.jar (0/1.6 MB)Progress (1): cfr-0.132.0.jar (0/1.6 MB)Progress (1): cfr-0.132.0.jar (0/1.6 MB)Progress (1): cfr-0.132.0.jar (0/1.6 MB)Progress (1): cfr-0.132.0.jar (0/1.6 MB)Progress (1): cfr-0.132.0.jar (0/1.6 MB)Progress (1): cfr-0.132.0.jar (0/1.6 MB)Progress (1): cfr-0.132.0.jar (0/1.6 MB)Progress (1): cfr-0.132.0.jar (0/1.6 MB)Progress (1): cfr-0.132.0.jar (0/1.6 MB)Progress (1): cfr-0.132.0.jar (0/1.6 MB)Progress (1): cfr-0.132.0.jar (0/1.6 MB)Progress (1): cfr-0.132.0.jar (0/1.6 MB)Progress (1): cfr-0.132.0.jar (0.1/1.6 MB)Progress (1): cfr-0.132.0.jar (0.1/1.6 MB)Progress (1): cfr-0.132.0.jar (0.1/1.6 MB)Progress (1): cfr-0.132.0.jar (0.1/1.6 MB)Progress (1): cfr-0.132.0.jar (0.1/1.6 MB)Progress (1): cfr-0.132.0.jar (0.1/1.6 MB)Progress (1): cfr-0.132.0.jar (0.1/1.6 MB)Progress (1): cfr-0.132.0.jar (0.1/1.6 MB)Progress (1): cfr-0.132.0.jar (0.1/1.6 MB)Progress (1): cfr-0.132.0.jar (0.1/1.6 MB)Progress (1): cfr-0.132.0.jar (0.1/1.6 MB)Progress (1): cfr-0.132.0.jar (0.1/1.6 MB)Progress (1): cfr-0.132.0.jar (0.1/1.6 MB)Progress (1): cfr-0.132.0.jar (0.1/1.6 MB)Progress (1): cfr-0.132.0.jar (0.1/1.6 MB)Progress (1): cfr-0.132.0.jar (0.1/1.6 MB)Progress (1): cfr-0.132.0.jar (0.1/1.6 MB)Progress (1): cfr-0.132.0.jar (0.1/1.6 MB)Progress (1): cfr-0.132.0.jar (0.1/1.6 MB)Progress (1): cfr-0.132.0.jar (0.1/1.6 MB)Progress (1): cfr-0.132.0.jar (0.1/1.6 MB)Progress (1): cfr-0.132.0.jar (0.1/1.6 MB)Progress (1): cfr-0.132.0.jar (0.1/1.6 MB)Progress (1): cfr-0.132.0.jar (0.1/1.6 MB)Progress (1): cfr-0.132.0.jar (0.1/1.6 MB)Progress (1): cfr-0.132.0.jar (0.1/1.6 MB)Progress (1): cfr-0.132.0.jar (0.2/1.6 MB)Progress (1): cfr-0.132.0.jar (0.2/1.6 MB)Progress (1): cfr-0.132.0.jar (0.2/1.6 MB)Progress (1): cfr-0.132.0.jar (0.2/1.6 MB)Progress (1): cfr-0.132.0.jar (0.2/1.6 MB)Progress (1): cfr-0.132.0.jar (0.2/1.6 MB)Progress (1): cfr-0.132.0.jar (0.2/1.6 MB)Progress (1): cfr-0.132.0.jar (0.2/1.6 MB)Progress (1): cfr-0.132.0.jar (0.2/1.6 MB)Progress (1): cfr-0.132.0.jar (0.2/1.6 MB)Progress (1): cfr-0.132.0.jar (0.2/1.6 MB)Progress (1): cfr-0.132.0.jar (0.2/1.6 MB)Progress (1): cfr-0.132.0.jar (0.2/1.6 MB)Progress (1): cfr-0.132.0.jar (0.2/1.6 MB)Progress (1): cfr-0.132.0.jar (0.2/1.6 MB)Progress (1): cfr-0.132.0.jar (0.2/1.6 MB)Progress (1): cfr-0.132.0.jar (0.2/1.6 MB)Progress (1): cfr-0.132.0.jar (0.2/1.6 MB)Progress (1): cfr-0.132.0.jar (0.2/1.6 MB)Progress (1): cfr-0.132.0.jar (0.2/1.6 MB)Progress (1): cfr-0.132.0.jar (0.2/1.6 MB)Progress (1): cfr-0.132.0.jar (0.2/1.6 MB)Progress (1): cfr-0.132.0.jar (0.2/1.6 MB)Progress (1): cfr-0.132.0.jar (0.2/1.6 MB)Progress (1): cfr-0.132.0.jar (0.2/1.6 MB)Progress (1): cfr-0.132.0.jar (0.3/1.6 MB)Progress (1): cfr-0.132.0.jar (0.3/1.6 MB)Progress (1): cfr-0.132.0.jar (0.3/1.6 MB)Progress (1): cfr-0.132.0.jar (0.3/1.6 MB)Progress (1): cfr-0.132.0.jar (0.3/1.6 MB)Progress (1): cfr-0.132.0.jar (0.3/1.6 MB)Progress (1): cfr-0.132.0.jar (0.3/1.6 MB)Progress (1): cfr-0.132.0.jar (0.3/1.6 MB)Progress (1): cfr-0.132.0.jar (0.3/1.6 MB)Progress (1): cfr-0.132.0.jar (0.3/1.6 MB)Progress (1): cfr-0.132.0.jar (0.3/1.6 MB)Progress (1): cfr-0.132.0.jar (0.3/1.6 MB)Progress (1): cfr-0.132.0.jar (0.3/1.6 MB)Progress (1): cfr-0.132.0.jar (0.3/1.6 MB)Progress (1): cfr-0.132.0.jar (0.3/1.6 MB)Progress (1): cfr-0.132.0.jar (0.3/1.6 MB)Progress (1): cfr-0.132.0.jar (0.3/1.6 MB)Progress (1): cfr-0.132.0.jar (0.3/1.6 MB)Progress (1): cfr-0.132.0.jar (0.3/1.6 MB)Progress (1): cfr-0.132.0.jar (0.3/1.6 MB)Progress (1): cfr-0.132.0.jar (0.3/1.6 MB)Progress (1): cfr-0.132.0.jar (0.3/1.6 MB)Progress (1): cfr-0.132.0.jar (0.3/1.6 MB)Progress (1): cfr-0.132.0.jar (0.3/1.6 MB)Progress (1): cfr-0.132.0.jar (0.4/1.6 MB)Progress (1): cfr-0.132.0.jar (0.4/1.6 MB)Progress (1): cfr-0.132.0.jar (0.4/1.6 MB)Progress (1): cfr-0.132.0.jar (0.4/1.6 MB)Progress (1): cfr-0.132.0.jar (0.4/1.6 MB)Progress (1): cfr-0.132.0.jar (0.4/1.6 MB)Progress (1): cfr-0.132.0.jar (0.4/1.6 MB)Progress (1): cfr-0.132.0.jar (0.4/1.6 MB)Progress (1): cfr-0.132.0.jar (0.4/1.6 MB)Progress (1): cfr-0.132.0.jar (0.4/1.6 MB)Progress (1): cfr-0.132.0.jar (0.4/1.6 MB)Progress (1): cfr-0.132.0.jar (0.4/1.6 MB)Progress (1): cfr-0.132.0.jar (0.4/1.6 MB)Progress (1): cfr-0.132.0.jar (0.4/1.6 MB)Progress (1): cfr-0.132.0.jar (0.4/1.6 MB)Progress (1): cfr-0.132.0.jar (0.4/1.6 MB)Progress (1): cfr-0.132.0.jar (0.4/1.6 MB)Progress (1): cfr-0.132.0.jar (0.4/1.6 MB)Progress (1): cfr-0.132.0.jar (0.4/1.6 MB)Progress (1): cfr-0.132.0.jar (0.4/1.6 MB)Progress (1): cfr-0.132.0.jar (0.4/1.6 MB)Progress (1): cfr-0.132.0.jar (0.4/1.6 MB)Progress (1): cfr-0.132.0.jar (0.4/1.6 MB)Progress (1): cfr-0.132.0.jar (0.4/1.6 MB)Progress (1): cfr-0.132.0.jar (0.4/1.6 MB)Progress (1): cfr-0.132.0.jar (0.5/1.6 MB)Progress (1): cfr-0.132.0.jar (0.5/1.6 MB)Progress (1): cfr-0.132.0.jar (0.5/1.6 MB)Progress (1): cfr-0.132.0.jar (0.5/1.6 MB)Progress (1): cfr-0.132.0.jar (0.5/1.6 MB)Progress (1): cfr-0.132.0.jar (0.5/1.6 MB)Progress (1): cfr-0.132.0.jar (0.5/1.6 MB)Progress (1): cfr-0.132.0.jar (0.5/1.6 MB)Progress (1): cfr-0.132.0.jar (0.5/1.6 MB)Progress (1): cfr-0.132.0.jar (0.5/1.6 MB)Progress (1): cfr-0.132.0.jar (0.5/1.6 MB)Progress (1): cfr-0.132.0.jar (0.5/1.6 MB)Progress (1): cfr-0.132.0.jar (0.5/1.6 MB)Progress (1): cfr-0.132.0.jar (0.5/1.6 MB)Progress (1): cfr-0.132.0.jar (0.5/1.6 MB)Progress (1): cfr-0.132.0.jar (0.5/1.6 MB)Progress (1): cfr-0.132.0.jar (0.5/1.6 MB)Progress (1): cfr-0.132.0.jar (0.5/1.6 MB)Progress (1): cfr-0.132.0.jar (0.5/1.6 MB)Progress (1): cfr-0.132.0.jar (0.5/1.6 MB)Progress (1): cfr-0.132.0.jar (0.5/1.6 MB)Progress (1): cfr-0.132.0.jar (0.5/1.6 MB)Progress (1): cfr-0.132.0.jar (0.5/1.6 MB)Progress (1): cfr-0.132.0.jar (0.5/1.6 MB)Progress (1): cfr-0.132.0.jar (0.5/1.6 MB)Progress (1): cfr-0.132.0.jar (0.5/1.6 MB)Progress (1): cfr-0.132.0.jar (0.6/1.6 MB)Progress (1): cfr-0.132.0.jar (0.6/1.6 MB)Progress (1): cfr-0.132.0.jar (0.6/1.6 MB)Progress (1): cfr-0.132.0.jar (0.6/1.6 MB)Progress (1): cfr-0.132.0.jar (0.6/1.6 MB)Progress (1): cfr-0.132.0.jar (0.6/1.6 MB)Progress (1): cfr-0.132.0.jar (0.6/1.6 MB)Progress (1): cfr-0.132.0.jar (0.6/1.6 MB)Progress (1): cfr-0.132.0.jar (0.6/1.6 MB)Progress (1): cfr-0.132.0.jar (0.6/1.6 MB)Progress (1): cfr-0.132.0.jar (0.6/1.6 MB)Progress (1): cfr-0.132.0.jar (0.6/1.6 MB)Progress (1): cfr-0.132.0.jar (0.6/1.6 MB)Progress (1): cfr-0.132.0.jar (0.6/1.6 MB)Progress (1): cfr-0.132.0.jar (0.6/1.6 MB)Progress (1): cfr-0.132.0.jar (0.6/1.6 MB)Progress (1): cfr-0.132.0.jar (0.6/1.6 MB)Progress (1): cfr-0.132.0.jar (0.6/1.6 MB)Progress (1): cfr-0.132.0.jar (0.6/1.6 MB)Progress (1): cfr-0.132.0.jar (0.6/1.6 MB)Progress (1): cfr-0.132.0.jar (0.6/1.6 MB)Progress (1): cfr-0.132.0.jar (0.6/1.6 MB)Progress (1): cfr-0.132.0.jar (0.6/1.6 MB)Progress (1): cfr-0.132.0.jar (0.6/1.6 MB)Progress (1): cfr-0.132.0.jar (0.7/1.6 MB)Progress (1): cfr-0.132.0.jar (0.7/1.6 MB)Progress (1): cfr-0.132.0.jar (0.7/1.6 MB)Progress (1): cfr-0.132.0.jar (0.7/1.6 MB)Progress (1): cfr-0.132.0.jar (0.7/1.6 MB)Progress (1): cfr-0.132.0.jar (0.7/1.6 MB)Progress (1): cfr-0.132.0.jar (0.7/1.6 MB)Progress (1): cfr-0.132.0.jar (0.7/1.6 MB)Progress (1): cfr-0.132.0.jar (0.7/1.6 MB)Progress (1): cfr-0.132.0.jar (0.7/1.6 MB)Progress (1): cfr-0.132.0.jar (0.7/1.6 MB)Progress (1): cfr-0.132.0.jar (0.7/1.6 MB)Progress (1): cfr-0.132.0.jar (0.7/1.6 MB)Progress (1): cfr-0.132.0.jar (0.7/1.6 MB)Progress (1): cfr-0.132.0.jar (0.7/1.6 MB)Progress (1): cfr-0.132.0.jar (0.7/1.6 MB)Progress (1): cfr-0.132.0.jar (0.7/1.6 MB)Progress (1): cfr-0.132.0.jar (0.7/1.6 MB)Progress (1): cfr-0.132.0.jar (0.7/1.6 MB)Progress (1): cfr-0.132.0.jar (0.7/1.6 MB)Progress (1): cfr-0.132.0.jar (0.7/1.6 MB)Progress (1): cfr-0.132.0.jar (0.7/1.6 MB)Progress (1): cfr-0.132.0.jar (0.7/1.6 MB)Progress (1): cfr-0.132.0.jar (0.7/1.6 MB)Progress (1): cfr-0.132.0.jar (0.8/1.6 MB)Progress (1): cfr-0.132.0.jar (0.8/1.6 MB)Progress (1): cfr-0.132.0.jar (0.8/1.6 MB)Progress (1): cfr-0.132.0.jar (0.8/1.6 MB)Progress (1): cfr-0.132.0.jar (0.8/1.6 MB)Progress (1): cfr-0.132.0.jar (0.8/1.6 MB)Progress (1): cfr-0.132.0.jar (0.8/1.6 MB)Progress (1): cfr-0.132.0.jar (0.8/1.6 MB)Progress (1): cfr-0.132.0.jar (0.8/1.6 MB)Progress (1): cfr-0.132.0.jar (0.8/1.6 MB)Progress (1): cfr-0.132.0.jar (0.8/1.6 MB)Progress (1): cfr-0.132.0.jar (0.8/1.6 MB)Progress (1): cfr-0.132.0.jar (0.8/1.6 MB)Progress (1): cfr-0.132.0.jar (0.8/1.6 MB)Progress (1): cfr-0.132.0.jar (0.8/1.6 MB)Progress (1): cfr-0.132.0.jar (0.8/1.6 MB)Progress (1): cfr-0.132.0.jar (0.8/1.6 MB)Progress (1): cfr-0.132.0.jar (0.8/1.6 MB)Progress (1): cfr-0.132.0.jar (0.8/1.6 MB)Progress (1): cfr-0.132.0.jar (0.8/1.6 MB)Progress (1): cfr-0.132.0.jar (0.8/1.6 MB)Progress (1): cfr-0.132.0.jar (0.8/1.6 MB)Progress (1): cfr-0.132.0.jar (0.8/1.6 MB)Progress (1): cfr-0.132.0.jar (0.8/1.6 MB)Progress (1): cfr-0.132.0.jar (0.8/1.6 MB)Progress (1): cfr-0.132.0.jar (0.9/1.6 MB)Progress (1): cfr-0.132.0.jar (0.9/1.6 MB)Progress (1): cfr-0.132.0.jar (0.9/1.6 MB)Progress (1): cfr-0.132.0.jar (0.9/1.6 MB)Progress (1): cfr-0.132.0.jar (0.9/1.6 MB)Progress (1): cfr-0.132.0.jar (0.9/1.6 MB)Progress (1): cfr-0.132.0.jar (0.9/1.6 MB)Progress (1): cfr-0.132.0.jar (0.9/1.6 MB)Progress (1): cfr-0.132.0.jar (0.9/1.6 MB)Progress (1): cfr-0.132.0.jar (0.9/1.6 MB)Progress (1): cfr-0.132.0.jar (0.9/1.6 MB)Progress (1): cfr-0.132.0.jar (0.9/1.6 MB)Progress (1): cfr-0.132.0.jar (0.9/1.6 MB)Progress (1): cfr-0.132.0.jar (0.9/1.6 MB)Progress (1): cfr-0.132.0.jar (0.9/1.6 MB)Progress (1): cfr-0.132.0.jar (0.9/1.6 MB)Progress (1): cfr-0.132.0.jar (0.9/1.6 MB)Progress (1): cfr-0.132.0.jar (0.9/1.6 MB)Progress (1): cfr-0.132.0.jar (0.9/1.6 MB)Progress (1): cfr-0.132.0.jar (0.9/1.6 MB)Progress (1): cfr-0.132.0.jar (0.9/1.6 MB)Progress (1): cfr-0.132.0.jar (0.9/1.6 MB)Progress (1): cfr-0.132.0.jar (0.9/1.6 MB)Progress (1): cfr-0.132.0.jar (0.9/1.6 MB)Progress (1): cfr-0.132.0.jar (1.0/1.6 MB)Progress (1): cfr-0.132.0.jar (1.0/1.6 MB)Progress (1): cfr-0.132.0.jar (1.0/1.6 MB)Progress (1): cfr-0.132.0.jar (1.0/1.6 MB)Progress (1): cfr-0.132.0.jar (1.0/1.6 MB)Progress (1): cfr-0.132.0.jar (1.0/1.6 MB)Progress (1): cfr-0.132.0.jar (1.0/1.6 MB)Progress (1): cfr-0.132.0.jar (1.0/1.6 MB)Progress (1): cfr-0.132.0.jar (1.0/1.6 MB)Progress (1): cfr-0.132.0.jar (1.0/1.6 MB)Progress (1): cfr-0.132.0.jar (1.0/1.6 MB)Progress (1): cfr-0.132.0.jar (1.0/1.6 MB)Progress (1): cfr-0.132.0.jar (1.0/1.6 MB)Progress (1): cfr-0.132.0.jar (1.0/1.6 MB)Progress (1): cfr-0.132.0.jar (1.0/1.6 MB)Progress (1): cfr-0.132.0.jar (1.0/1.6 MB)Progress (1): cfr-0.132.0.jar (1.0/1.6 MB)Progress (1): cfr-0.132.0.jar (1.0/1.6 MB)Progress (1): cfr-0.132.0.jar (1.0/1.6 MB)Progress (1): cfr-0.132.0.jar (1.0/1.6 MB)Progress (1): cfr-0.132.0.jar (1.0/1.6 MB)Progress (1): cfr-0.132.0.jar (1.0/1.6 MB)Progress (1): cfr-0.132.0.jar (1.0/1.6 MB)Progress (1): cfr-0.132.0.jar (1.0/1.6 MB)Progress (1): cfr-0.132.0.jar (1.0/1.6 MB)Progress (1): cfr-0.132.0.jar (1.1/1.6 MB)Progress (1): cfr-0.132.0.jar (1.1/1.6 MB)Progress (1): cfr-0.132.0.jar (1.1/1.6 MB)Progress (1): cfr-0.132.0.jar (1.1/1.6 MB)Progress (1): cfr-0.132.0.jar (1.1/1.6 MB)Progress (1): cfr-0.132.0.jar (1.1/1.6 MB)Progress (1): cfr-0.132.0.jar (1.1/1.6 MB)Progress (1): cfr-0.132.0.jar (1.1/1.6 MB)Progress (1): cfr-0.132.0.jar (1.1/1.6 MB)Progress (1): cfr-0.132.0.jar (1.1/1.6 MB)Progress (1): cfr-0.132.0.jar (1.1/1.6 MB)Progress (1): cfr-0.132.0.jar (1.1/1.6 MB)Progress (1): cfr-0.132.0.jar (1.1/1.6 MB)Progress (1): cfr-0.132.0.jar (1.1/1.6 MB)Progress (1): cfr-0.132.0.jar (1.1/1.6 MB)Progress (1): cfr-0.132.0.jar (1.1/1.6 MB)Progress (1): cfr-0.132.0.jar (1.1/1.6 MB)Progress (1): cfr-0.132.0.jar (1.1/1.6 MB)Progress (1): cfr-0.132.0.jar (1.1/1.6 MB)Progress (1): cfr-0.132.0.jar (1.1/1.6 MB)Progress (1): cfr-0.132.0.jar (1.1/1.6 MB)Progress (1): cfr-0.132.0.jar (1.1/1.6 MB)Progress (1): cfr-0.132.0.jar (1.1/1.6 MB)Progress (1): cfr-0.132.0.jar (1.1/1.6 MB)Progress (1): cfr-0.132.0.jar (1.2/1.6 MB)Progress (1): cfr-0.132.0.jar (1.2/1.6 MB)Progress (1): cfr-0.132.0.jar (1.2/1.6 MB)Progress (1): cfr-0.132.0.jar (1.2/1.6 MB)Progress (1): cfr-0.132.0.jar (1.2/1.6 MB)Progress (1): cfr-0.132.0.jar (1.2/1.6 MB)Progress (1): cfr-0.132.0.jar (1.2/1.6 MB)Progress (1): cfr-0.132.0.jar (1.2/1.6 MB)Progress (1): cfr-0.132.0.jar (1.2/1.6 MB)Progress (1): cfr-0.132.0.jar (1.2/1.6 MB)Progress (1): cfr-0.132.0.jar (1.2/1.6 MB)Progress (1): cfr-0.132.0.jar (1.2/1.6 MB)Progress (1): cfr-0.132.0.jar (1.2/1.6 MB)Progress (1): cfr-0.132.0.jar (1.2/1.6 MB)Progress (1): cfr-0.132.0.jar (1.2/1.6 MB)Progress (1): cfr-0.132.0.jar (1.2/1.6 MB)Progress (1): cfr-0.132.0.jar (1.2/1.6 MB)Progress (1): cfr-0.132.0.jar (1.2/1.6 MB)Progress (1): cfr-0.132.0.jar (1.2/1.6 MB)Progress (1): cfr-0.132.0.jar (1.2/1.6 MB)Progress (1): cfr-0.132.0.jar (1.2/1.6 MB)Progress (1): cfr-0.132.0.jar (1.2/1.6 MB)Progress (1): cfr-0.132.0.jar (1.2/1.6 MB)Progress (1): cfr-0.132.0.jar (1.2/1.6 MB)Progress (1): cfr-0.132.0.jar (1.2/1.6 MB)Progress (1): cfr-0.132.0.jar (1.3/1.6 MB)Progress (1): cfr-0.132.0.jar (1.3/1.6 MB)Progress (1): cfr-0.132.0.jar (1.3/1.6 MB)Progress (1): cfr-0.132.0.jar (1.3/1.6 MB)Progress (1): cfr-0.132.0.jar (1.3/1.6 MB)Progress (1): cfr-0.132.0.jar (1.3/1.6 MB)Progress (1): cfr-0.132.0.jar (1.3/1.6 MB)Progress (1): cfr-0.132.0.jar (1.3/1.6 MB)Progress (1): cfr-0.132.0.jar (1.3/1.6 MB)Progress (1): cfr-0.132.0.jar (1.3/1.6 MB)Progress (1): cfr-0.132.0.jar (1.3/1.6 MB)Progress (1): cfr-0.132.0.jar (1.3/1.6 MB)Progress (1): cfr-0.132.0.jar (1.3/1.6 MB)Progress (1): cfr-0.132.0.jar (1.3/1.6 MB)Progress (1): cfr-0.132.0.jar (1.3/1.6 MB)Progress (1): cfr-0.132.0.jar (1.3/1.6 MB)Progress (1): cfr-0.132.0.jar (1.3/1.6 MB)Progress (1): cfr-0.132.0.jar (1.3/1.6 MB)Progress (1): cfr-0.132.0.jar (1.3/1.6 MB)Progress (1): cfr-0.132.0.jar (1.3/1.6 MB)Progress (1): cfr-0.132.0.jar (1.3/1.6 MB)Progress (1): cfr-0.132.0.jar (1.3/1.6 MB)Progress (1): cfr-0.132.0.jar (1.3/1.6 MB)Progress (1): cfr-0.132.0.jar (1.3/1.6 MB)Progress (1): cfr-0.132.0.jar (1.3/1.6 MB)Progress (1): cfr-0.132.0.jar (1.3/1.6 MB)Progress (1): cfr-0.132.0.jar (1.3/1.6 MB)Progress (1): cfr-0.132.0.jar (1.3/1.6 MB)Progress (1): cfr-0.132.0.jar (1.4/1.6 MB)Progress (1): cfr-0.132.0.jar (1.4/1.6 MB)Progress (1): cfr-0.132.0.jar (1.4/1.6 MB)Progress (1): cfr-0.132.0.jar (1.4/1.6 MB)Progress (1): cfr-0.132.0.jar (1.4/1.6 MB)Progress (1): cfr-0.132.0.jar (1.4/1.6 MB)Progress (1): cfr-0.132.0.jar (1.4/1.6 MB)Progress (1): cfr-0.132.0.jar (1.4/1.6 MB)Progress (1): cfr-0.132.0.jar (1.4/1.6 MB)Progress (1): cfr-0.132.0.jar (1.4/1.6 MB)Progress (1): cfr-0.132.0.jar (1.4/1.6 MB)Progress (1): cfr-0.132.0.jar (1.4/1.6 MB)Progress (1): cfr-0.132.0.jar (1.4/1.6 MB)Progress (1): cfr-0.132.0.jar (1.4/1.6 MB)Progress (1): cfr-0.132.0.jar (1.4/1.6 MB)Progress (1): cfr-0.132.0.jar (1.4/1.6 MB)Progress (1): cfr-0.132.0.jar (1.4/1.6 MB)Progress (1): cfr-0.132.0.jar (1.4/1.6 MB)Progress (1): cfr-0.132.0.jar (1.4/1.6 MB)Progress (1): cfr-0.132.0.jar (1.4/1.6 MB)Progress (1): cfr-0.132.0.jar (1.4/1.6 MB)Progress (1): cfr-0.132.0.jar (1.4/1.6 MB)Progress (1): cfr-0.132.0.jar (1.4/1.6 MB)Progress (1): cfr-0.132.0.jar (1.4/1.6 MB)Progress (1): cfr-0.132.0.jar (1.4/1.6 MB)Progress (1): cfr-0.132.0.jar (1.5/1.6 MB)Progress (1): cfr-0.132.0.jar (1.5/1.6 MB)Progress (1): cfr-0.132.0.jar (1.5/1.6 MB)Progress (1): cfr-0.132.0.jar (1.5/1.6 MB)Progress (1): cfr-0.132.0.jar (1.5/1.6 MB)Progress (1): cfr-0.132.0.jar (1.5/1.6 MB)Progress (1): cfr-0.132.0.jar (1.5/1.6 MB)Progress (1): cfr-0.132.0.jar (1.5/1.6 MB)Progress (1): cfr-0.132.0.jar (1.5/1.6 MB)Progress (1): cfr-0.132.0.jar (1.5/1.6 MB)Progress (1): cfr-0.132.0.jar (1.5/1.6 MB)Progress (1): cfr-0.132.0.jar (1.5/1.6 MB)Progress (1): cfr-0.132.0.jar (1.5/1.6 MB)Progress (1): cfr-0.132.0.jar (1.5/1.6 MB)Progress (1): cfr-0.132.0.jar (1.5/1.6 MB)Progress (1): cfr-0.132.0.jar (1.5/1.6 MB)Progress (1): cfr-0.132.0.jar (1.5/1.6 MB)Progress (1): cfr-0.132.0.jar (1.5/1.6 MB)Progress (1): cfr-0.132.0.jar (1.5/1.6 MB)Progress (1): cfr-0.132.0.jar (1.5/1.6 MB)Progress (1): cfr-0.132.0.jar (1.5/1.6 MB)Progress (1): cfr-0.132.0.jar (1.5/1.6 MB)Progress (1): cfr-0.132.0.jar (1.5/1.6 MB)Progress (1): cfr-0.132.0.jar (1.5/1.6 MB)Progress (1): cfr-0.132.0.jar (1.6/1.6 MB)Progress (1): cfr-0.132.0.jar (1.6/1.6 MB)Progress (1): cfr-0.132.0.jar (1.6/1.6 MB)Progress (1): cfr-0.132.0.jar (1.6/1.6 MB)Progress (1): cfr-0.132.0.jar (1.6/1.6 MB)Progress (1): cfr-0.132.0.jar (1.6/1.6 MB)Progress (1): cfr-0.132.0.jar (1.6/1.6 MB)Progress (1): cfr-0.132.0.jar (1.6/1.6 MB)Progress (1): cfr-0.132.0.jar (1.6/1.6 MB)Progress (1): cfr-0.132.0.jar (1.6/1.6 MB)Progress (1): cfr-0.132.0.jar (1.6/1.6 MB)Progress (1): cfr-0.132.0.jar (1.6/1.6 MB)Progress (1): cfr-0.132.0.jar (1.6/1.6 MB)Progress (1): cfr-0.132.0.jar (1.6/1.6 MB)Progress (1): cfr-0.132.0.jar (1.6/1.6 MB)Progress (1): cfr-0.132.0.jar (1.6/1.6 MB)Progress (1): cfr-0.132.0.jar (1.6/1.6 MB)Progress (1): cfr-0.132.0.jar (1.6/1.6 MB)Progress (1): cfr-0.132.0.jar (1.6/1.6 MB)Progress (1): cfr-0.132.0.jar (1.6/1.6 MB)Progress (1): cfr-0.132.0.jar (1.6 MB)                                          Downloaded from inria: http://maven.inria.fr/artifactory/triskell-public-release/org/benf/cfr/0.132.0/cfr-0.132.0.jar (1.6 MB at 1.6 MB/s)
[[1;36mDEBUG[m] Writing tracking file /home/bdanglot/.m2/repository/org/benf/cfr/0.132.0/_remote.repositories
[[1;36mDEBUG[m] Writing tracking file /home/bdanglot/.m2/repository/org/benf/cfr/0.132.0/cfr-0.132.0.jar.lastUpdated
[[1;36mDEBUG[m] Created new class realm plugin>eu.stamp-project:dspot-maven:1.1.1-SNAPSHOT
[[1;36mDEBUG[m] Importing foreign packages into class realm plugin>eu.stamp-project:dspot-maven:1.1.1-SNAPSHOT
[[1;36mDEBUG[m]   Imported:  < maven.api
[[1;36mDEBUG[m] Populating class realm plugin>eu.stamp-project:dspot-maven:1.1.1-SNAPSHOT
[[1;36mDEBUG[m]   Included: eu.stamp-project:dspot-maven:jar:1.1.1-SNAPSHOT
[[1;36mDEBUG[m]   Included: eu.stamp-project:dspot:jar:1.1.1-SNAPSHOT
[[1;36mDEBUG[m]   Included: fr.inria.gforge.spoon:spoon-core:jar:7.1.0-SNAPSHOT
[[1;36mDEBUG[m]   Included: org.eclipse.jdt:org.eclipse.jdt.core:jar:3.13.102
[[1;36mDEBUG[m]   Included: org.eclipse.platform:org.eclipse.core.resources:jar:3.13.100
[[1;36mDEBUG[m]   Included: org.eclipse.platform:org.eclipse.core.expressions:jar:3.6.200
[[1;36mDEBUG[m]   Included: org.eclipse.platform:org.eclipse.core.runtime:jar:3.15.0
[[1;36mDEBUG[m]   Included: org.eclipse.platform:org.eclipse.osgi:jar:3.13.100
[[1;36mDEBUG[m]   Included: org.eclipse.platform:org.eclipse.equinox.common:jar:3.10.100
[[1;36mDEBUG[m]   Included: org.eclipse.platform:org.eclipse.core.jobs:jar:3.10.100
[[1;36mDEBUG[m]   Included: org.eclipse.platform:org.eclipse.equinox.registry:jar:3.8.100
[[1;36mDEBUG[m]   Included: org.eclipse.platform:org.eclipse.equinox.preferences:jar:3.7.200
[[1;36mDEBUG[m]   Included: org.eclipse.platform:org.eclipse.core.contenttype:jar:3.7.100
[[1;36mDEBUG[m]   Included: org.eclipse.platform:org.eclipse.equinox.app:jar:1.3.600
[[1;36mDEBUG[m]   Included: org.eclipse.platform:org.eclipse.core.filesystem:jar:1.7.200
[[1;36mDEBUG[m]   Included: org.eclipse.platform:org.eclipse.text:jar:3.7.0
[[1;36mDEBUG[m]   Included: org.eclipse.platform:org.eclipse.core.commands:jar:3.9.200
[[1;36mDEBUG[m]   Included: com.martiansoftware:jsap:jar:2.1
[[1;36mDEBUG[m]   Included: log4j:log4j:jar:1.2.17
[[1;36mDEBUG[m]   Included: com.fasterxml.jackson.core:jackson-databind:jar:2.9.2
[[1;36mDEBUG[m]   Included: com.fasterxml.jackson.core:jackson-annotations:jar:2.9.0
[[1;36mDEBUG[m]   Included: com.fasterxml.jackson.core:jackson-core:jar:2.9.2
[[1;36mDEBUG[m]   Included: org.benf:cfr:jar:0.132.0
[[1;36mDEBUG[m]   Included: junit:junit:jar:4.12
[[1;36mDEBUG[m]   Included: org.hamcrest:hamcrest-core:jar:1.3
[[1;36mDEBUG[m]   Included: com.google.code.gson:gson:jar:2.8.0
[[1;36mDEBUG[m]   Included: org.apache.maven.shared:maven-invoker:jar:3.0.0
[[1;36mDEBUG[m]   Included: org.slf4j:slf4j-log4j12:jar:1.7.25
[[1;36mDEBUG[m]   Included: org.jacoco:org.jacoco.core:jar:0.7.9
[[1;36mDEBUG[m]   Included: org.ow2.asm:asm-debug-all:jar:5.2
[[1;36mDEBUG[m]   Included: eu.stamp-project:descartes:jar:1.1
[[1;36mDEBUG[m]   Included: org.pitest:pitest:jar:1.2.0
[[1;36mDEBUG[m]   Included: org.pitest:pitest-entry:jar:1.2.0
[[1;36mDEBUG[m]   Included: com.thoughtworks.xstream:xstream:jar:1.4.8
[[1;36mDEBUG[m]   Included: xmlpull:xmlpull:jar:1.1.3.1
[[1;36mDEBUG[m]   Included: xpp3:xpp3_min:jar:1.1.4c
[[1;36mDEBUG[m]   Included: org.gradle:gradle-tooling-api:jar:4.0.1
[[1;36mDEBUG[m]   Included: org.mockito:mockito-core:jar:2.10.0
[[1;36mDEBUG[m]   Included: net.bytebuddy:byte-buddy:jar:1.7.4
[[1;36mDEBUG[m]   Included: net.bytebuddy:byte-buddy-agent:jar:1.7.4
[[1;36mDEBUG[m]   Included: org.objenesis:objenesis:jar:2.6
[[1;36mDEBUG[m]   Included: eu.stamp-project:test-runner:jar:jar-with-dependencies:1.1.0
[[1;36mDEBUG[m]   Included: org.openclover:clover:jar:4.2.1
[[1;36mDEBUG[m]   Included: fr.inria.gforge.spoon.labs:gumtree-spoon-ast-diff:jar:1.3
[[1;36mDEBUG[m]   Included: com.github.gumtreediff:core:jar:2.0.0
[[1;36mDEBUG[m]   Included: com.github.mpkorstanje:simmetrics-core:jar:3.0.3
[[1;36mDEBUG[m]   Included: commons-codec:commons-codec:jar:1.10
[[1;36mDEBUG[m]   Included: net.sf.trove4j:trove4j:jar:3.0.3
[[1;36mDEBUG[m]   Included: javax.enterprise:cdi-api:jar:1.0
[[1;36mDEBUG[m]   Included: org.eclipse.sisu:org.eclipse.sisu.inject:jar:0.3.3
[[1;36mDEBUG[m]   Included: org.apache.maven.plugin-testing:maven-plugin-testing-harness:jar:3.3.0
[[1;36mDEBUG[m]   Included: commons-io:commons-io:jar:2.2
[[1;36mDEBUG[m]   Included: org.codehaus.plexus:plexus-archiver:jar:2.2
[[1;36mDEBUG[m]   Included: org.codehaus.plexus:plexus-io:jar:2.0.4
[[1;36mDEBUG[m]   Included: org.apache.maven:maven-builder-support:jar:3.5.0
[[1;36mDEBUG[m]   Included: com.google.guava:guava:jar:20.0
[[1;36mDEBUG[m]   Included: org.apache.maven.resolver:maven-resolver-util:jar:1.0.3
[[1;36mDEBUG[m]   Included: org.codehaus.plexus:plexus-utils:jar:3.0.24
[[1;36mDEBUG[m]   Included: org.codehaus.plexus:plexus-interpolation:jar:1.24
[[1;36mDEBUG[m]   Included: org.codehaus.plexus:plexus-component-annotations:jar:1.7.1
[[1;36mDEBUG[m]   Included: org.apache.maven.shared:maven-shared-utils:jar:3.1.0
[[1;36mDEBUG[m]   Included: com.google.inject:guice:jar:no_aop:4.0
[[1;36mDEBUG[m]   Included: aopalliance:aopalliance:jar:1.0
[[1;36mDEBUG[m]   Included: org.sonatype.plexus:plexus-sec-dispatcher:jar:1.4
[[1;36mDEBUG[m]   Included: org.sonatype.plexus:plexus-cipher:jar:1.4
[[1;36mDEBUG[m]   Included: org.apache.commons:commons-lang3:jar:3.5
[[1;36mDEBUG[m]   Included: org.eclipse.aether:aether-util:jar:1.0.2.v20150114
[[1;36mDEBUG[m]   Included: backport-util-concurrent:backport-util-concurrent:jar:3.1
[[1;36mDEBUG[m] Configuring mojo eu.stamp-project:dspot-maven:1.1.1-SNAPSHOT:amplify-unit-tests from plugin realm ClassRealm[plugin>eu.stamp-project:dspot-maven:1.1.1-SNAPSHOT, parent: sun.misc.Launcher$AppClassLoader@5c647e05]
[[1;36mDEBUG[m] Configuring mojo 'eu.stamp-project:dspot-maven:1.1.1-SNAPSHOT:amplify-unit-tests' with basic configurator -->
[[1;36mDEBUG[m]   (f) amplifiers = [None]
[[1;36mDEBUG[m]   (f) automaticBuilder = MavenBuilder
[[1;36mDEBUG[m]   (f) budgetizer = NoBudgetizer
[[1;36mDEBUG[m]   (f) cases = []
[[1;36mDEBUG[m]   (f) clean = true
[[1;36mDEBUG[m]   (f) descartes = false
[[1;36mDEBUG[m]   (f) example = false
[[1;36mDEBUG[m]   (f) generateNewTestClass = true
[[1;36mDEBUG[m]   (f) help = false
[[1;36mDEBUG[m]   (f) iteration = 3
[[1;36mDEBUG[m]   (f) maxTestAmplified = 200
[[1;36mDEBUG[m]   (f) noMinimize = false
[[1;36mDEBUG[m]   (f) outputPath = /home/bdanglot/workspace/icst-2019/september-2018/result/gson/commit_18_c731abb/assert_amplification
[[1;36mDEBUG[m]   (f) pathToSecondVersion = /home/bdanglot/workspace/icst-2019/september-2018/dataset/gson/gson
[[1;36mDEBUG[m]   (f) pathToTestListCsv = /home/bdanglot/workspace/icst-2019/september-2018/result/gson/commit_18_c731abb/testsThatExecuteTheChanges.csv
[[1;36mDEBUG[m]   (f) project = MavenProject: com.google.code.gson:gson:2.7-SNAPSHOT @ /home/bdanglot/workspace/icst-2019/september-2018/dataset/gson_parent/gson/pom.xml
[[1;36mDEBUG[m]   (f) randomSeed = 23
[[1;36mDEBUG[m]   (f) test = [all]
[[1;36mDEBUG[m]   (f) testCriterion = ChangeDetectorSelector
[[1;36mDEBUG[m]   (f) timeOut = 10000
[[1;36mDEBUG[m]   (f) useMavenToExeTest = false
[[1;36mDEBUG[m]   (f) verbose = true
[[1;36mDEBUG[m]   (f) withComment = false
[[1;36mDEBUG[m]   (f) workingDirectory = false
[[1;36mDEBUG[m] -- end configuration --
[[1;34mINFO[m] Path to runner Classes: /home/bdanglot/.m2/repository/eu/stamp-project/test-runner/1.1.0/test-runner-1.1.0-jar-with-dependencies.jar
[[1;34mINFO[m] /home/bdanglot/.m2/repository/org/jacoco/org.jacoco.core/0.7.9/org.jacoco.core-0.7.9.jar
[[1;34mINFO[m] /home/bdanglot/.m2/repository/org/ow2/asm/asm-debug-all/5.2/asm-debug-all-5.2.jar
[[1;34mINFO[m] /home/bdanglot/.m2/repository/eu/stamp-project/test-runner/1.1.0/test-runner-1.1.0-jar-with-dependencies.jar
[[1;33mWARNING[m] automaticBuilderName: unknown automatic builder specified in configuration, going to default.
[[1;34mINFO[m] Default: provided Maven automatic builder.
[[1;34mINFO[m] run maven clean test -DskipTests dependency:build-classpath -Dmdep.outputFile=target/dspot/classpath
[WARN] Maven will be executed in interactive mode, but no input stream has been configured for this MavenInvoker instance.
[[1;34mINFO[m] Scanning for projects...
Downloading from central: https://repo.maven.apache.org/maven2/org/apache/maven/plugins/maven-release-plugin/2.4.2/maven-release-plugin-2.4.2.pom
Progress (1): 2.2/11 kB
Progress (1): 5.0/11 kB
Progress (1): 7.8/11 kB
Progress (1): 11/11 kB 
Progress (1): 11 kB   
                   
Downloaded from central: https://repo.maven.apache.org/maven2/org/apache/maven/plugins/maven-release-plugin/2.4.2/maven-release-plugin-2.4.2.pom (11 kB at 44 kB/s)
Downloading from central: https://repo.maven.apache.org/maven2/org/apache/maven/release/maven-release/2.4.2/maven-release-2.4.2.pom
Progress (1): 2.2/4.8 kB
Progress (1): 4.8 kB    
                    
Downloaded from central: https://repo.maven.apache.org/maven2/org/apache/maven/release/maven-release/2.4.2/maven-release-2.4.2.pom (4.8 kB at 36 kB/s)
Downloading from central: https://repo.maven.apache.org/maven2/org/apache/maven/plugins/maven-release-plugin/2.4.2/maven-release-plugin-2.4.2.jar
Progress (1): 2.2/51 kB
Progress (1): 5.0/51 kB
Progress (1): 7.7/51 kB
Progress (1): 10/51 kB 
Progress (1): 13/51 kB
Progress (1): 16/51 kB
Progress (1): 19/51 kB
Progress (1): 21/51 kB
Progress (1): 24/51 kB
Progress (1): 27/51 kB
Progress (1): 30/51 kB
Progress (1): 32/51 kB
Progress (1): 36/51 kB
Progress (1): 40/51 kB
Progress (1): 45/51 kB
Progress (1): 49/51 kB
Progress (1): 51 kB   
                   
Downloaded from central: https://repo.maven.apache.org/maven2/org/apache/maven/plugins/maven-release-plugin/2.4.2/maven-release-plugin-2.4.2.jar (51 kB at 2.3 MB/s)
[[1;34mINFO[m] 
[[1;34mINFO[m] [1m---------------------< [0;36mcom.google.code.gson:gson[0;1m >----------------------[m
[[1;34mINFO[m] [1mBuilding Gson 2.7-SNAPSHOT[m
[[1;34mINFO[m] [1m--------------------------------[ jar ]---------------------------------[m
[[1;34mINFO[m] 
[[1;34mINFO[m] [1m--- [0;32mmaven-clean-plugin:2.5:clean[m [1m(default-clean)[m @ [36mgson[0;1m ---[m
[[1;34mINFO[m] Deleting /home/bdanglot/workspace/icst-2019/september-2018/dataset/gson_parent/gson/target
[[1;34mINFO[m] 
[[1;34mINFO[m] [1m--- [0;32mmaven-enforcer-plugin:1.0:enforce[m [1m(enforce-maven)[m @ [36mgson[0;1m ---[m
[[1;34mINFO[m] Skipping Rule Enforcement.
[[1;34mINFO[m] 
[[1;34mINFO[m] [1m--- [0;32mmaven-resources-plugin:2.6:resources[m [1m(default-resources)[m @ [36mgson[0;1m ---[m
[[1;34mINFO[m] Using 'UTF-8' encoding to copy filtered resources.
[[1;34mINFO[m] skip non existing resourceDirectory /home/bdanglot/workspace/icst-2019/september-2018/dataset/gson_parent/gson/src/main/resources
[[1;34mINFO[m] 
[[1;34mINFO[m] [1m--- [0;32mmaven-compiler-plugin:3.0:compile[m [1m(default-compile)[m @ [36mgson[0;1m ---[m
[[1;34mINFO[m] Changes detected - recompiling the module!
[[1;34mINFO[m] Compiling 67 source files to /home/bdanglot/workspace/icst-2019/september-2018/dataset/gson_parent/gson/target/classes
[[1;34mINFO[m] 
[[1;34mINFO[m] [1m--- [0;32mbnd-maven-plugin:3.1.0:bnd-process[m [1m(default)[m @ [36mgson[0;1m ---[m
[[1;34mINFO[m] 
[[1;34mINFO[m] [1m--- [0;32mmaven-resources-plugin:2.6:testResources[m [1m(default-testResources)[m @ [36mgson[0;1m ---[m
[[1;34mINFO[m] Using 'UTF-8' encoding to copy filtered resources.
[[1;34mINFO[m] skip non existing resourceDirectory /home/bdanglot/workspace/icst-2019/september-2018/dataset/gson_parent/gson/src/test/resources
[[1;34mINFO[m] 
[[1;34mINFO[m] [1m--- [0;32mmaven-compiler-plugin:3.0:testCompile[m [1m(default-testCompile)[m @ [36mgson[0;1m ---[m
[[1;34mINFO[m] Changes detected - recompiling the module!
[[1;34mINFO[m] Compiling 91 source files to /home/bdanglot/workspace/icst-2019/september-2018/dataset/gson_parent/gson/target/test-classes
[[1;34mINFO[m] 
[[1;34mINFO[m] [1m--- [0;32mmaven-surefire-plugin:2.12.4:test[m [1m(default-test)[m @ [36mgson[0;1m ---[m
[[1;34mINFO[m] Tests are skipped.
[[1;34mINFO[m] 
[[1;34mINFO[m] [1m--- [0;32mmaven-dependency-plugin:2.8:build-classpath[m [1m(default-cli)[m @ [36mgson[0;1m ---[m
[[1;34mINFO[m] Wrote classpath file '/home/bdanglot/workspace/icst-2019/september-2018/dataset/gson_parent/gson/target/dspot/classpath'.
[[1;34mINFO[m] [1m------------------------------------------------------------------------[m
[[1;34mINFO[m] [1;32mBUILD SUCCESS[m
[[1;34mINFO[m] [1m------------------------------------------------------------------------[m
[[1;34mINFO[m] Total time: 6.933 s
[[1;34mINFO[m] Finished at: 2018-09-28T10:49:56+02:00
[[1;34mINFO[m] [1m------------------------------------------------------------------------[m
[ERROR] 2018-09-28 10:49:59 JDTCommentBuilder - // Note that the above example is taken from AdaptAnnotationTest. is not added into the AST
spoon.reflect.declaration.ParentNotInitializedException: parent not initialized for class spoon.support.reflect.code.CtCommentImpl (/home/bdanglot/workspace/icst-2019/september-2018/dataset/gson_parent/gson/src/main/java/com/google/gson/annotations/JsonAdapter.java:89)
	at spoon.support.reflect.declaration.CtElementImpl.getParent(CtElementImpl.java:382)
	at spoon.support.compiler.jdt.JDTCommentBuilder.insertCommentInAST(JDTCommentBuilder.java:484)
	at spoon.support.compiler.jdt.JDTCommentBuilder.buildComment(JDTCommentBuilder.java:156)
	at spoon.support.compiler.jdt.JDTCommentBuilder.build(JDTCommentBuilder.java:112)
	at spoon.support.compiler.jdt.JDTBasedSpoonCompiler.buildModel(JDTBasedSpoonCompiler.java:477)
	at spoon.support.compiler.jdt.JDTBasedSpoonCompiler.buildUnitsAndModel(JDTBasedSpoonCompiler.java:390)
	at spoon.support.compiler.jdt.JDTBasedSpoonCompiler.buildSources(JDTBasedSpoonCompiler.java:339)
	at spoon.support.compiler.jdt.JDTBasedSpoonCompiler.build(JDTBasedSpoonCompiler.java:122)
	at spoon.support.compiler.jdt.JDTBasedSpoonCompiler.build(JDTBasedSpoonCompiler.java:105)
	at spoon.Launcher.buildModel(Launcher.java:767)
	at eu.stamp_project.utils.compilation.DSpotCompiler.getSpoonModelOf(DSpotCompiler.java:102)
	at eu.stamp_project.utils.compilation.DSpotCompiler.createDSpotCompiler(DSpotCompiler.java:35)
	at eu.stamp_project.dspot.DSpot.<init>(DSpot.java:89)
	at eu.stamp_project.Main.run(Main.java:49)
	at eu.stamp_project.DSpotMojo.execute(DSpotMojo.java:263)
	at org.apache.maven.plugin.DefaultBuildPluginManager.executeMojo(DefaultBuildPluginManager.java:137)
	at org.apache.maven.lifecycle.internal.MojoExecutor.execute(MojoExecutor.java:208)
	at org.apache.maven.lifecycle.internal.MojoExecutor.execute(MojoExecutor.java:154)
	at org.apache.maven.lifecycle.internal.MojoExecutor.execute(MojoExecutor.java:146)
	at org.apache.maven.lifecycle.internal.LifecycleModuleBuilder.buildProject(LifecycleModuleBuilder.java:117)
	at org.apache.maven.lifecycle.internal.LifecycleModuleBuilder.buildProject(LifecycleModuleBuilder.java:81)
	at org.apache.maven.lifecycle.internal.builder.singlethreaded.SingleThreadedBuilder.build(SingleThreadedBuilder.java:56)
	at org.apache.maven.lifecycle.internal.LifecycleStarter.execute(LifecycleStarter.java:128)
	at org.apache.maven.DefaultMaven.doExecute(DefaultMaven.java:305)
	at org.apache.maven.DefaultMaven.doExecute(DefaultMaven.java:192)
	at org.apache.maven.DefaultMaven.execute(DefaultMaven.java:105)
	at org.apache.maven.cli.MavenCli.execute(MavenCli.java:956)
	at org.apache.maven.cli.MavenCli.doMain(MavenCli.java:290)
	at org.apache.maven.cli.MavenCli.main(MavenCli.java:194)
	at sun.reflect.NativeMethodAccessorImpl.invoke0(Native Method)
	at sun.reflect.NativeMethodAccessorImpl.invoke(NativeMethodAccessorImpl.java:62)
	at sun.reflect.DelegatingMethodAccessorImpl.invoke(DelegatingMethodAccessorImpl.java:43)
	at java.lang.reflect.Method.invoke(Method.java:498)
	at org.codehaus.plexus.classworlds.launcher.Launcher.launchEnhanced(Launcher.java:289)
	at org.codehaus.plexus.classworlds.launcher.Launcher.launch(Launcher.java:229)
	at org.codehaus.plexus.classworlds.launcher.Launcher.mainWithExitCode(Launcher.java:415)
	at org.codehaus.plexus.classworlds.launcher.Launcher.main(Launcher.java:356)
[ERROR] 2018-09-28 10:50:00 JDTCommentBuilder - // Field tag only annotation is not added into the AST
spoon.reflect.declaration.ParentNotInitializedException: parent not initialized for class spoon.support.reflect.code.CtCommentImpl (/home/bdanglot/workspace/icst-2019/september-2018/dataset/gson_parent/gson/src/test/java/com/google/gson/functional/ExclusionStrategyFunctionalTest.java:167)
	at spoon.support.reflect.declaration.CtElementImpl.getParent(CtElementImpl.java:382)
	at spoon.support.compiler.jdt.JDTCommentBuilder.insertCommentInAST(JDTCommentBuilder.java:484)
	at spoon.support.compiler.jdt.JDTCommentBuilder.buildComment(JDTCommentBuilder.java:156)
	at spoon.support.compiler.jdt.JDTCommentBuilder.build(JDTCommentBuilder.java:112)
	at spoon.support.compiler.jdt.JDTBasedSpoonCompiler.buildModel(JDTBasedSpoonCompiler.java:477)
	at spoon.support.compiler.jdt.JDTBasedSpoonCompiler.buildUnitsAndModel(JDTBasedSpoonCompiler.java:390)
	at spoon.support.compiler.jdt.JDTBasedSpoonCompiler.buildSources(JDTBasedSpoonCompiler.java:339)
	at spoon.support.compiler.jdt.JDTBasedSpoonCompiler.build(JDTBasedSpoonCompiler.java:122)
	at spoon.support.compiler.jdt.JDTBasedSpoonCompiler.build(JDTBasedSpoonCompiler.java:105)
	at spoon.Launcher.buildModel(Launcher.java:767)
	at eu.stamp_project.utils.compilation.DSpotCompiler.getSpoonModelOf(DSpotCompiler.java:102)
	at eu.stamp_project.utils.compilation.DSpotCompiler.createDSpotCompiler(DSpotCompiler.java:35)
	at eu.stamp_project.dspot.DSpot.<init>(DSpot.java:89)
	at eu.stamp_project.Main.run(Main.java:49)
	at eu.stamp_project.DSpotMojo.execute(DSpotMojo.java:263)
	at org.apache.maven.plugin.DefaultBuildPluginManager.executeMojo(DefaultBuildPluginManager.java:137)
	at org.apache.maven.lifecycle.internal.MojoExecutor.execute(MojoExecutor.java:208)
	at org.apache.maven.lifecycle.internal.MojoExecutor.execute(MojoExecutor.java:154)
	at org.apache.maven.lifecycle.internal.MojoExecutor.execute(MojoExecutor.java:146)
	at org.apache.maven.lifecycle.internal.LifecycleModuleBuilder.buildProject(LifecycleModuleBuilder.java:117)
	at org.apache.maven.lifecycle.internal.LifecycleModuleBuilder.buildProject(LifecycleModuleBuilder.java:81)
	at org.apache.maven.lifecycle.internal.builder.singlethreaded.SingleThreadedBuilder.build(SingleThreadedBuilder.java:56)
	at org.apache.maven.lifecycle.internal.LifecycleStarter.execute(LifecycleStarter.java:128)
	at org.apache.maven.DefaultMaven.doExecute(DefaultMaven.java:305)
	at org.apache.maven.DefaultMaven.doExecute(DefaultMaven.java:192)
	at org.apache.maven.DefaultMaven.execute(DefaultMaven.java:105)
	at org.apache.maven.cli.MavenCli.execute(MavenCli.java:956)
	at org.apache.maven.cli.MavenCli.doMain(MavenCli.java:290)
	at org.apache.maven.cli.MavenCli.main(MavenCli.java:194)
	at sun.reflect.NativeMethodAccessorImpl.invoke0(Native Method)
	at sun.reflect.NativeMethodAccessorImpl.invoke(NativeMethodAccessorImpl.java:62)
	at sun.reflect.DelegatingMethodAccessorImpl.invoke(DelegatingMethodAccessorImpl.java:43)
	at java.lang.reflect.Method.invoke(Method.java:498)
	at org.codehaus.plexus.classworlds.launcher.Launcher.launchEnhanced(Launcher.java:289)
	at org.codehaus.plexus.classworlds.launcher.Launcher.launch(Launcher.java:229)
	at org.codehaus.plexus.classworlds.launcher.Launcher.mainWithExitCode(Launcher.java:415)
	at org.codehaus.plexus.classworlds.launcher.Launcher.main(Launcher.java:356)
[[1;34mINFO[m] run maven clean test -DskipTests dependency:build-classpath -Dmdep.outputFile=target/dspot/classpath
[WARN] Maven will be executed in interactive mode, but no input stream has been configured for this MavenInvoker instance.
[[1;34mINFO[m] Scanning for projects...
[[1;34mINFO[m] 
[[1;34mINFO[m] [1m---------------------< [0;36mcom.google.code.gson:gson[0;1m >----------------------[m
[[1;34mINFO[m] [1mBuilding Gson 2.7-SNAPSHOT[m
[[1;34mINFO[m] [1m--------------------------------[ jar ]---------------------------------[m
[[1;34mINFO[m] 
[[1;34mINFO[m] [1m--- [0;32mmaven-clean-plugin:2.5:clean[m [1m(default-clean)[m @ [36mgson[0;1m ---[m
[[1;34mINFO[m] Deleting /home/bdanglot/workspace/icst-2019/september-2018/dataset/gson/gson/target
[[1;34mINFO[m] 
[[1;34mINFO[m] [1m--- [0;32mmaven-enforcer-plugin:1.0:enforce[m [1m(enforce-maven)[m @ [36mgson[0;1m ---[m
[[1;34mINFO[m] Skipping Rule Enforcement.
[[1;34mINFO[m] 
[[1;34mINFO[m] [1m--- [0;32mmaven-resources-plugin:2.6:resources[m [1m(default-resources)[m @ [36mgson[0;1m ---[m
[[1;34mINFO[m] Using 'UTF-8' encoding to copy filtered resources.
[[1;34mINFO[m] skip non existing resourceDirectory /home/bdanglot/workspace/icst-2019/september-2018/dataset/gson/gson/src/main/resources
[[1;34mINFO[m] 
[[1;34mINFO[m] [1m--- [0;32mmaven-compiler-plugin:3.0:compile[m [1m(default-compile)[m @ [36mgson[0;1m ---[m
[[1;34mINFO[m] Changes detected - recompiling the module!
[[1;34mINFO[m] Compiling 67 source files to /home/bdanglot/workspace/icst-2019/september-2018/dataset/gson/gson/target/classes
[[1;34mINFO[m] 
[[1;34mINFO[m] [1m--- [0;32mbnd-maven-plugin:3.1.0:bnd-process[m [1m(default)[m @ [36mgson[0;1m ---[m
[[1;34mINFO[m] 
[[1;34mINFO[m] [1m--- [0;32mmaven-resources-plugin:2.6:testResources[m [1m(default-testResources)[m @ [36mgson[0;1m ---[m
[[1;34mINFO[m] Using 'UTF-8' encoding to copy filtered resources.
[[1;34mINFO[m] skip non existing resourceDirectory /home/bdanglot/workspace/icst-2019/september-2018/dataset/gson/gson/src/test/resources
[[1;34mINFO[m] 
[[1;34mINFO[m] [1m--- [0;32mmaven-compiler-plugin:3.0:testCompile[m [1m(default-testCompile)[m @ [36mgson[0;1m ---[m
[[1;34mINFO[m] Changes detected - recompiling the module!
[[1;34mINFO[m] Compiling 92 source files to /home/bdanglot/workspace/icst-2019/september-2018/dataset/gson/gson/target/test-classes
[[1;34mINFO[m] 
[[1;34mINFO[m] [1m--- [0;32mmaven-surefire-plugin:2.12.4:test[m [1m(default-test)[m @ [36mgson[0;1m ---[m
[[1;34mINFO[m] Tests are skipped.
[[1;34mINFO[m] 
[[1;34mINFO[m] [1m--- [0;32mmaven-dependency-plugin:2.8:build-classpath[m [1m(default-cli)[m @ [36mgson[0;1m ---[m
[[1;34mINFO[m] Wrote classpath file '/home/bdanglot/workspace/icst-2019/september-2018/dataset/gson/gson/target/dspot/classpath'.
[[1;34mINFO[m] [1m------------------------------------------------------------------------[m
[[1;34mINFO[m] [1;32mBUILD SUCCESS[m
[[1;34mINFO[m] [1m------------------------------------------------------------------------[m
[[1;34mINFO[m] Total time: 5.859 s
[[1;34mINFO[m] Finished at: 2018-09-28T10:50:07+02:00
[[1;34mINFO[m] [1m------------------------------------------------------------------------[m
[[1;34mINFO[m] Amplification of com.google.gson.functional.JsonAdapterAnnotationOnClassesTest (6 test(s))
[[1;34mINFO[m] Assertion amplification of com.google.gson.functional.JsonAdapterAnnotationOnClassesTest (6 test(s))
[[1;34mINFO[m] Run: java -classpath /home/bdanglot/workspace/icst-2019/september-2018/dataset/gson_parent/gson/target/test-classes:/home/bdanglot/workspace/icst-2019/september-2018/dataset/gson_parent/gson/target/classes/:/home/bdanglot/.m2/repository/junit/junit/4.12/junit-4.12.jar:/home/bdanglot/.m2/repository/junit/junit/3.8.2/junit-3.8.2.jar:/home/bdanglot/workspace/icst-2019/september-2018/dataset/gson_parent/gson/target/dspot/dependencies/:/home/bdanglot/.m2/repository/eu/stamp-project/test-runner/1.1.0/test-runner-1.1.0-jar-with-dependencies.jar eu.stamp_project.testrunner.runner.test.TestRunner com.google.gson.functional.JsonAdapterAnnotationOnClassesTest testJsonAdapterInvoked:testIncorrectTypeAdapterFails:testNullSafeObjectFromJson:testRegisteredDeserializerOverridesJsonAdapter:testRegisteredSerializerOverridesJsonAdapter:testJsonAdapterFactoryInvoked
File saved to the following path: /home/bdanglot/workspace/icst-2019/september-2018/dataset/gson_parent/gson/target/dspot/TestListener.ser
Loading /home/bdanglot/workspace/icst-2019/september-2018/dataset/gson_parent/gson/target/dspot/TestListener.ser
[[1;34mINFO[m] Test has been run: testJsonAdapterInvoked,testRegisteredDeserializerOverridesJsonAdapter,testRegisteredSerializerOverridesJsonAdapter,testNullSafeObjectFromJson,testJsonAdapterFactoryInvoked,testIncorrectTypeAdapterFails
[[1;34mINFO[m] Run tests. (6)
[[1;34mINFO[m] Run: java -classpath /home/bdanglot/workspace/icst-2019/september-2018/dataset/gson_parent/gson/target/test-classes:/home/bdanglot/workspace/icst-2019/september-2018/dataset/gson_parent/gson/target/classes/:/home/bdanglot/.m2/repository/junit/junit/4.12/junit-4.12.jar:/home/bdanglot/.m2/repository/junit/junit/3.8.2/junit-3.8.2.jar:/home/bdanglot/workspace/icst-2019/september-2018/dataset/gson_parent/gson/target/dspot/dependencies/:/home/bdanglot/.m2/repository/eu/stamp-project/test-runner/1.1.0/test-runner-1.1.0-jar-with-dependencies.jar eu.stamp_project.testrunner.runner.test.TestRunner com.google.gson.functional.JsonAdapterAnnotationOnClassesTest testJsonAdapterInvoked:testIncorrectTypeAdapterFails:testNullSafeObjectFromJson:testRegisteredDeserializerOverridesJsonAdapter:testRegisteredSerializerOverridesJsonAdapter:testJsonAdapterFactoryInvoked
File saved to the following path: /home/bdanglot/workspace/icst-2019/september-2018/dataset/gson_parent/gson/target/dspot/TestListener.ser
Loading /home/bdanglot/workspace/icst-2019/september-2018/dataset/gson_parent/gson/target/dspot/TestListener.ser
[[1;34mINFO[m] Test has been run: testJsonAdapterInvoked,testRegisteredDeserializerOverridesJsonAdapter,testRegisteredSerializerOverridesJsonAdapter,testNullSafeObjectFromJson,testJsonAdapterFactoryInvoked,testIncorrectTypeAdapterFails
[[1;34mINFO[m] 6 test pass, generating assertion...
[[1;34mINFO[m] Add observations points in passing tests.
[[1;34mINFO[m] Instrumentation...
 16% |======== ]/ 33% |================ ]- 50% |========================= ]\ 66% |================================= ]| 83% |========================================= ]/100% |================================================== ]-
[[1;34mINFO[m] Run instrumented tests. (18)
[[1;34mINFO[m] Run: java -classpath /home/bdanglot/workspace/icst-2019/september-2018/dataset/gson_parent/gson/target/test-classes:/home/bdanglot/workspace/icst-2019/september-2018/dataset/gson_parent/gson/target/classes/:/home/bdanglot/.m2/repository/junit/junit/4.12/junit-4.12.jar:/home/bdanglot/.m2/repository/junit/junit/3.8.2/junit-3.8.2.jar:/home/bdanglot/workspace/icst-2019/september-2018/dataset/gson_parent/gson/target/dspot/dependencies/:/home/bdanglot/.m2/repository/eu/stamp-project/test-runner/1.1.0/test-runner-1.1.0-jar-with-dependencies.jar eu.stamp_project.testrunner.runner.test.TestRunner com.google.gson.functional.JsonAdapterAnnotationOnClassesTest testJsonAdapterInvoked_withlog0:testIncorrectTypeAdapterFails_withlog0:testNullSafeObjectFromJson_withlog0:testRegisteredDeserializerOverridesJsonAdapter_withlog0:testRegisteredSerializerOverridesJsonAdapter_withlog0:testJsonAdapterFactoryInvoked_withlog0:testJsonAdapterInvoked_withlog1:testIncorrectTypeAdapterFails_withlog1:testNullSafeObjectFromJson_withlog1:testRegisteredDeserializerOverridesJsonAdapter_withlog1:testRegisteredSerializerOverridesJsonAdapter_withlog1:testJsonAdapterFactoryInvoked_withlog1:testJsonAdapterInvoked_withlog2:testIncorrectTypeAdapterFails_withlog2:testNullSafeObjectFromJson_withlog2:testRegisteredDeserializerOverridesJsonAdapter_withlog2:testRegisteredSerializerOverridesJsonAdapter_withlog2:testJsonAdapterFactoryInvoked_withlog2
File saved to the following path: /home/bdanglot/workspace/icst-2019/september-2018/dataset/gson_parent/gson/target/dspot/observations.ser
File saved to the following path: /home/bdanglot/workspace/icst-2019/september-2018/dataset/gson_parent/gson/target/dspot/TestListener.ser
Loading /home/bdanglot/workspace/icst-2019/september-2018/dataset/gson_parent/gson/target/dspot/TestListener.ser
[[1;34mINFO[m] Test has been run: testRegisteredDeserializerOverridesJsonAdapter_withlog0,testRegisteredDeserializerOverridesJsonAdapter_withlog1,testRegisteredDeserializerOverridesJsonAdapter_withlog2,testJsonAdapterInvoked_withlog0,testJsonAdapterInvoked_withlog1,testJsonAdapterInvoked_withlog2,testRegisteredSerializerOverridesJsonAdapter_withlog0,testRegisteredSerializerOverridesJsonAdapter_withlog1,testRegisteredSerializerOverridesJsonAdapter_withlog2,testJsonAdapterFactoryInvoked_withlog0,testJsonAdapterFactoryInvoked_withlog1,testJsonAdapterFactoryInvoked_withlog2,testIncorrectTypeAdapterFails_withlog0,testIncorrectTypeAdapterFails_withlog1,testIncorrectTypeAdapterFails_withlog2,testNullSafeObjectFromJson_withlog0(com.google.gson.functional.JsonAdapterAnnotationOnClassesTest): null,testNullSafeObjectFromJson_withlog1(com.google.gson.functional.JsonAdapterAnnotationOnClassesTest): null,testNullSafeObjectFromJson_withlog2(com.google.gson.functional.JsonAdapterAnnotationOnClassesTest): null
[[1;33mWARNING[m] Some instrumented test failed!
[[1;34mINFO[m] Generating assertions...
[[1;34mINFO[m] 4 new tests with assertions generated
[[1;34mINFO[m] Run: java -classpath /home/bdanglot/workspace/icst-2019/september-2018/dataset/gson_parent/gson/target/test-classes:/home/bdanglot/workspace/icst-2019/september-2018/dataset/gson_parent/gson/target/classes/:/home/bdanglot/.m2/repository/junit/junit/4.12/junit-4.12.jar:/home/bdanglot/.m2/repository/junit/junit/3.8.2/junit-3.8.2.jar:/home/bdanglot/workspace/icst-2019/september-2018/dataset/gson_parent/gson/target/dspot/dependencies/:/home/bdanglot/.m2/repository/eu/stamp-project/test-runner/1.1.0/test-runner-1.1.0-jar-with-dependencies.jar eu.stamp_project.testrunner.runner.test.TestRunner com.google.gson.functional.JsonAdapterAnnotationOnClassesTest testJsonAdapterInvoked:testRegisteredDeserializerOverridesJsonAdapter:testRegisteredSerializerOverridesJsonAdapter:testJsonAdapterFactoryInvoked
File saved to the following path: /home/bdanglot/workspace/icst-2019/september-2018/dataset/gson_parent/gson/target/dspot/TestListener.ser
Loading /home/bdanglot/workspace/icst-2019/september-2018/dataset/gson_parent/gson/target/dspot/TestListener.ser
[[1;34mINFO[m] Test has been run: testJsonAdapterInvoked,testRegisteredDeserializerOverridesJsonAdapter,testRegisteredSerializerOverridesJsonAdapter,testJsonAdapterFactoryInvoked
[[1;34mINFO[m] Assertion amplification: 4 test method(s) has been successfully amplified.
[WARN] 2018-09-28 10:50:11 Launcher - You specified the directory /home/bdanglot/workspace/icst-2019/september-2018/dataset/gson/gson/target/classes in source classpath, please note that only class files will be considered. Jars and subdirectories will be ignored.
[WARN] 2018-09-28 10:50:11 Launcher - You specified the directory /home/bdanglot/workspace/icst-2019/september-2018/dataset/gson/gson/target/test-classes in source classpath, please note that only class files will be considered. Jars and subdirectories will be ignored.
[WARN] 2018-09-28 10:50:11 Launcher - You specified the directory /home/bdanglot/workspace/icst-2019/september-2018/dataset/gson/gson/target/dspot/dependencies in source classpath, please note that only class files will be considered. Jars and subdirectories will be ignored.
[[1;34mINFO[m] Run: java -classpath /home/bdanglot/workspace/icst-2019/september-2018/dataset/gson/gson/target/classes/:/home/bdanglot/workspace/icst-2019/september-2018/dataset/gson/gson/target/test-classes/:/home/bdanglot/.m2/repository/junit/junit/4.12/junit-4.12.jar:/home/bdanglot/.m2/repository/junit/junit/3.8.2/junit-3.8.2.jar:/home/bdanglot/workspace/icst-2019/september-2018/dataset/gson/gson/target/dspot/dependencies/:/home/bdanglot/.m2/repository/eu/stamp-project/test-runner/1.1.0/test-runner-1.1.0-jar-with-dependencies.jar eu.stamp_project.testrunner.runner.test.TestRunner com.google.gson.functional.JsonAdapterAnnotationOnClassesTest testJsonAdapterInvoked:testRegisteredDeserializerOverridesJsonAdapter:testRegisteredSerializerOverridesJsonAdapter:testJsonAdapterFactoryInvoked
File saved to the following path: /home/bdanglot/workspace/icst-2019/september-2018/dataset/gson_parent/gson/target/dspot/TestListener.ser
Loading /home/bdanglot/workspace/icst-2019/september-2018/dataset/gson_parent/gson/target/dspot/TestListener.ser
[[1;34mINFO[m] Test has been run: testJsonAdapterInvoked,testRegisteredDeserializerOverridesJsonAdapter,testRegisteredSerializerOverridesJsonAdapter,testJsonAdapterFactoryInvoked
[[1;34mINFO[m] 0 amplified test methods has been selected to be kept. (global: 0)
[[1;34mINFO[m] elapsedTime 4055
======= REPORT =======
0 amplified test fails on the new versions.

[[1;33mWARNING[m] DSpot could not obtain any amplified test method.
[[1;33mWARNING[m] You can customize the following options: --amplifiers, --test-criterion, --iteration, --budgetizer etc, and retry with a new configuration.
[[1;34mINFO[m] Amplification of com.google.gson.functional.JsonAdapterAnnotationOnFieldsTest (6 test(s))
[[1;34mINFO[m] Assertion amplification of com.google.gson.functional.JsonAdapterAnnotationOnFieldsTest (6 test(s))
[[1;34mINFO[m] Run: java -classpath /home/bdanglot/workspace/icst-2019/september-2018/dataset/gson_parent/gson/target/test-classes:/home/bdanglot/workspace/icst-2019/september-2018/dataset/gson_parent/gson/target/classes/:/home/bdanglot/.m2/repository/junit/junit/4.12/junit-4.12.jar:/home/bdanglot/.m2/repository/junit/junit/3.8.2/junit-3.8.2.jar:/home/bdanglot/workspace/icst-2019/september-2018/dataset/gson_parent/gson/target/dspot/dependencies/:/home/bdanglot/.m2/repository/eu/stamp-project/test-runner/1.1.0/test-runner-1.1.0-jar-with-dependencies.jar eu.stamp_project.testrunner.runner.test.TestRunner com.google.gson.functional.JsonAdapterAnnotationOnFieldsTest testClassAnnotationAdapterFactoryTakesPrecedenceOverDefault:testFieldAnnotationTakesPrecedenceOverClassAnnotation:testJsonAdapterWrappedInNullSafeAsRequested:testFieldAnnotationTakesPrecedenceOverRegisteredTypeAdapter:testClassAnnotationAdapterTakesPrecedenceOverDefault:testJsonAdapterInvokedOnlyForAnnotatedFields
File saved to the following path: /home/bdanglot/workspace/icst-2019/september-2018/dataset/gson_parent/gson/target/dspot/TestListener.ser
Loading /home/bdanglot/workspace/icst-2019/september-2018/dataset/gson_parent/gson/target/dspot/TestListener.ser
[[1;34mINFO[m] Test has been run: testFieldAnnotationTakesPrecedenceOverClassAnnotation,testFieldAnnotationTakesPrecedenceOverRegisteredTypeAdapter,testJsonAdapterWrappedInNullSafeAsRequested,testClassAnnotationAdapterTakesPrecedenceOverDefault,testJsonAdapterInvokedOnlyForAnnotatedFields,testClassAnnotationAdapterFactoryTakesPrecedenceOverDefault
[[1;34mINFO[m] Run tests. (6)
[[1;34mINFO[m] Run: java -classpath /home/bdanglot/workspace/icst-2019/september-2018/dataset/gson_parent/gson/target/test-classes:/home/bdanglot/workspace/icst-2019/september-2018/dataset/gson_parent/gson/target/classes/:/home/bdanglot/.m2/repository/junit/junit/4.12/junit-4.12.jar:/home/bdanglot/.m2/repository/junit/junit/3.8.2/junit-3.8.2.jar:/home/bdanglot/workspace/icst-2019/september-2018/dataset/gson_parent/gson/target/dspot/dependencies/:/home/bdanglot/.m2/repository/eu/stamp-project/test-runner/1.1.0/test-runner-1.1.0-jar-with-dependencies.jar eu.stamp_project.testrunner.runner.test.TestRunner com.google.gson.functional.JsonAdapterAnnotationOnFieldsTest testClassAnnotationAdapterFactoryTakesPrecedenceOverDefault:testFieldAnnotationTakesPrecedenceOverClassAnnotation:testJsonAdapterWrappedInNullSafeAsRequested:testFieldAnnotationTakesPrecedenceOverRegisteredTypeAdapter:testClassAnnotationAdapterTakesPrecedenceOverDefault:testJsonAdapterInvokedOnlyForAnnotatedFields
File saved to the following path: /home/bdanglot/workspace/icst-2019/september-2018/dataset/gson_parent/gson/target/dspot/TestListener.ser
Loading /home/bdanglot/workspace/icst-2019/september-2018/dataset/gson_parent/gson/target/dspot/TestListener.ser
[[1;34mINFO[m] Test has been run: testFieldAnnotationTakesPrecedenceOverClassAnnotation,testFieldAnnotationTakesPrecedenceOverRegisteredTypeAdapter,testJsonAdapterWrappedInNullSafeAsRequested,testClassAnnotationAdapterTakesPrecedenceOverDefault,testJsonAdapterInvokedOnlyForAnnotatedFields,testClassAnnotationAdapterFactoryTakesPrecedenceOverDefault
[[1;34mINFO[m] 6 test pass, generating assertion...
[[1;34mINFO[m] Add observations points in passing tests.
[[1;34mINFO[m] Instrumentation...
 16% |======== ]/ 33% |================ ]- 50% |========================= ]\ 66% |================================= ]| 83% |========================================= ]/100% |================================================== ]-
[[1;34mINFO[m] Run instrumented tests. (18)
[[1;34mINFO[m] Run: java -classpath /home/bdanglot/workspace/icst-2019/september-2018/dataset/gson_parent/gson/target/test-classes:/home/bdanglot/workspace/icst-2019/september-2018/dataset/gson_parent/gson/target/classes/:/home/bdanglot/.m2/repository/junit/junit/4.12/junit-4.12.jar:/home/bdanglot/.m2/repository/junit/junit/3.8.2/junit-3.8.2.jar:/home/bdanglot/workspace/icst-2019/september-2018/dataset/gson_parent/gson/target/dspot/dependencies/:/home/bdanglot/.m2/repository/eu/stamp-project/test-runner/1.1.0/test-runner-1.1.0-jar-with-dependencies.jar eu.stamp_project.testrunner.runner.test.TestRunner com.google.gson.functional.JsonAdapterAnnotationOnFieldsTest testClassAnnotationAdapterFactoryTakesPrecedenceOverDefault_withlog0:testFieldAnnotationTakesPrecedenceOverClassAnnotation_withlog0:testJsonAdapterWrappedInNullSafeAsRequested_withlog0:testFieldAnnotationTakesPrecedenceOverRegisteredTypeAdapter_withlog0:testClassAnnotationAdapterTakesPrecedenceOverDefault_withlog0:testJsonAdapterInvokedOnlyForAnnotatedFields_withlog0:testClassAnnotationAdapterFactoryTakesPrecedenceOverDefault_withlog1:testFieldAnnotationTakesPrecedenceOverClassAnnotation_withlog1:testJsonAdapterWrappedInNullSafeAsRequested_withlog1:testFieldAnnotationTakesPrecedenceOverRegisteredTypeAdapter_withlog1:testClassAnnotationAdapterTakesPrecedenceOverDefault_withlog1:testJsonAdapterInvokedOnlyForAnnotatedFields_withlog1:testClassAnnotationAdapterFactoryTakesPrecedenceOverDefault_withlog2:testFieldAnnotationTakesPrecedenceOverClassAnnotation_withlog2:testJsonAdapterWrappedInNullSafeAsRequested_withlog2:testFieldAnnotationTakesPrecedenceOverRegisteredTypeAdapter_withlog2:testClassAnnotationAdapterTakesPrecedenceOverDefault_withlog2:testJsonAdapterInvokedOnlyForAnnotatedFields_withlog2
File saved to the following path: /home/bdanglot/workspace/icst-2019/september-2018/dataset/gson_parent/gson/target/dspot/observations.ser
File saved to the following path: /home/bdanglot/workspace/icst-2019/september-2018/dataset/gson_parent/gson/target/dspot/TestListener.ser
Loading /home/bdanglot/workspace/icst-2019/september-2018/dataset/gson_parent/gson/target/dspot/TestListener.ser
[[1;34mINFO[m] Test has been run: testClassAnnotationAdapterFactoryTakesPrecedenceOverDefault_withlog0,testClassAnnotationAdapterFactoryTakesPrecedenceOverDefault_withlog1,testClassAnnotationAdapterFactoryTakesPrecedenceOverDefault_withlog2,testClassAnnotationAdapterTakesPrecedenceOverDefault_withlog0,testClassAnnotationAdapterTakesPrecedenceOverDefault_withlog1,testClassAnnotationAdapterTakesPrecedenceOverDefault_withlog2,testFieldAnnotationTakesPrecedenceOverRegisteredTypeAdapter_withlog0,testFieldAnnotationTakesPrecedenceOverRegisteredTypeAdapter_withlog1,testFieldAnnotationTakesPrecedenceOverRegisteredTypeAdapter_withlog2,testJsonAdapterInvokedOnlyForAnnotatedFields_withlog0,testJsonAdapterInvokedOnlyForAnnotatedFields_withlog1,testJsonAdapterInvokedOnlyForAnnotatedFields_withlog2,testFieldAnnotationTakesPrecedenceOverClassAnnotation_withlog0,testFieldAnnotationTakesPrecedenceOverClassAnnotation_withlog1,testFieldAnnotationTakesPrecedenceOverClassAnnotation_withlog2,testJsonAdapterWrappedInNullSafeAsRequested_withlog0,testJsonAdapterWrappedInNullSafeAsRequested_withlog1,testJsonAdapterWrappedInNullSafeAsRequested_withlog2
[[1;34mINFO[m] Generating assertions...
[[1;34mINFO[m] 6 new tests with assertions generated
[[1;34mINFO[m] Run: java -classpath /home/bdanglot/workspace/icst-2019/september-2018/dataset/gson_parent/gson/target/test-classes:/home/bdanglot/workspace/icst-2019/september-2018/dataset/gson_parent/gson/target/classes/:/home/bdanglot/.m2/repository/junit/junit/4.12/junit-4.12.jar:/home/bdanglot/.m2/repository/junit/junit/3.8.2/junit-3.8.2.jar:/home/bdanglot/workspace/icst-2019/september-2018/dataset/gson_parent/gson/target/dspot/dependencies/:/home/bdanglot/.m2/repository/eu/stamp-project/test-runner/1.1.0/test-runner-1.1.0-jar-with-dependencies.jar eu.stamp_project.testrunner.runner.test.TestRunner com.google.gson.functional.JsonAdapterAnnotationOnFieldsTest testClassAnnotationAdapterFactoryTakesPrecedenceOverDefault:testFieldAnnotationTakesPrecedenceOverClassAnnotation:testJsonAdapterWrappedInNullSafeAsRequested:testFieldAnnotationTakesPrecedenceOverRegisteredTypeAdapter:testClassAnnotationAdapterTakesPrecedenceOverDefault:testJsonAdapterInvokedOnlyForAnnotatedFields
File saved to the following path: /home/bdanglot/workspace/icst-2019/september-2018/dataset/gson_parent/gson/target/dspot/TestListener.ser
Loading /home/bdanglot/workspace/icst-2019/september-2018/dataset/gson_parent/gson/target/dspot/TestListener.ser
[[1;34mINFO[m] Test has been run: testFieldAnnotationTakesPrecedenceOverClassAnnotation,testFieldAnnotationTakesPrecedenceOverRegisteredTypeAdapter,testJsonAdapterWrappedInNullSafeAsRequested,testClassAnnotationAdapterTakesPrecedenceOverDefault,testJsonAdapterInvokedOnlyForAnnotatedFields,testClassAnnotationAdapterFactoryTakesPrecedenceOverDefault
[[1;34mINFO[m] Assertion amplification: 6 test method(s) has been successfully amplified.
[WARN] 2018-09-28 10:50:15 Launcher - You specified the directory /home/bdanglot/workspace/icst-2019/september-2018/dataset/gson/gson/target/classes in source classpath, please note that only class files will be considered. Jars and subdirectories will be ignored.
[WARN] 2018-09-28 10:50:15 Launcher - You specified the directory /home/bdanglot/workspace/icst-2019/september-2018/dataset/gson/gson/target/test-classes in source classpath, please note that only class files will be considered. Jars and subdirectories will be ignored.
[WARN] 2018-09-28 10:50:15 Launcher - You specified the directory /home/bdanglot/workspace/icst-2019/september-2018/dataset/gson/gson/target/dspot/dependencies in source classpath, please note that only class files will be considered. Jars and subdirectories will be ignored.
[[1;34mINFO[m] Run: java -classpath /home/bdanglot/workspace/icst-2019/september-2018/dataset/gson/gson/target/classes/:/home/bdanglot/workspace/icst-2019/september-2018/dataset/gson/gson/target/test-classes/:/home/bdanglot/.m2/repository/junit/junit/4.12/junit-4.12.jar:/home/bdanglot/.m2/repository/junit/junit/3.8.2/junit-3.8.2.jar:/home/bdanglot/workspace/icst-2019/september-2018/dataset/gson/gson/target/dspot/dependencies/:/home/bdanglot/.m2/repository/eu/stamp-project/test-runner/1.1.0/test-runner-1.1.0-jar-with-dependencies.jar eu.stamp_project.testrunner.runner.test.TestRunner com.google.gson.functional.JsonAdapterAnnotationOnFieldsTest testClassAnnotationAdapterFactoryTakesPrecedenceOverDefault:testFieldAnnotationTakesPrecedenceOverClassAnnotation:testJsonAdapterWrappedInNullSafeAsRequested:testFieldAnnotationTakesPrecedenceOverRegisteredTypeAdapter:testClassAnnotationAdapterTakesPrecedenceOverDefault:testJsonAdapterInvokedOnlyForAnnotatedFields
File saved to the following path: /home/bdanglot/workspace/icst-2019/september-2018/dataset/gson_parent/gson/target/dspot/TestListener.ser
Loading /home/bdanglot/workspace/icst-2019/september-2018/dataset/gson_parent/gson/target/dspot/TestListener.ser
[[1;34mINFO[m] Test has been run: testFieldAnnotationTakesPrecedenceOverClassAnnotation,testFieldAnnotationTakesPrecedenceOverRegisteredTypeAdapter,testJsonAdapterWrappedInNullSafeAsRequested,testClassAnnotationAdapterTakesPrecedenceOverDefault,testJsonAdapterInvokedOnlyForAnnotatedFields,testClassAnnotationAdapterFactoryTakesPrecedenceOverDefault
[[1;34mINFO[m] 0 amplified test methods has been selected to be kept. (global: 0)
[[1;34mINFO[m] elapsedTime 3101
======= REPORT =======
0 amplified test fails on the new versions.

[[1;33mWARNING[m] DSpot could not obtain any amplified test method.
[[1;33mWARNING[m] You can customize the following options: --amplifiers, --test-criterion, --iteration, --budgetizer etc, and retry with a new configuration.
[[1;34mINFO[m] Amplification of com.google.gson.functional.RuntimeTypeAdapterFactoryFunctionalTest (1 test(s))
[[1;34mINFO[m] Assertion amplification of com.google.gson.functional.RuntimeTypeAdapterFactoryFunctionalTest (1 test(s))
[[1;34mINFO[m] Run: java -classpath /home/bdanglot/workspace/icst-2019/september-2018/dataset/gson_parent/gson/target/test-classes:/home/bdanglot/workspace/icst-2019/september-2018/dataset/gson_parent/gson/target/classes/:/home/bdanglot/.m2/repository/junit/junit/4.12/junit-4.12.jar:/home/bdanglot/.m2/repository/junit/junit/3.8.2/junit-3.8.2.jar:/home/bdanglot/workspace/icst-2019/september-2018/dataset/gson_parent/gson/target/dspot/dependencies/:/home/bdanglot/.m2/repository/eu/stamp-project/test-runner/1.1.0/test-runner-1.1.0-jar-with-dependencies.jar eu.stamp_project.testrunner.runner.test.TestRunner com.google.gson.functional.RuntimeTypeAdapterFactoryFunctionalTest testSubclassesAutomaticallySerialzed
File saved to the following path: /home/bdanglot/workspace/icst-2019/september-2018/dataset/gson_parent/gson/target/dspot/TestListener.ser
Loading /home/bdanglot/workspace/icst-2019/september-2018/dataset/gson_parent/gson/target/dspot/TestListener.ser
[[1;34mINFO[m] Test has been run: testSubclassesAutomaticallySerialzed
[[1;34mINFO[m] Run tests. (1)
[[1;34mINFO[m] Run: java -classpath /home/bdanglot/workspace/icst-2019/september-2018/dataset/gson_parent/gson/target/test-classes:/home/bdanglot/workspace/icst-2019/september-2018/dataset/gson_parent/gson/target/classes/:/home/bdanglot/.m2/repository/junit/junit/4.12/junit-4.12.jar:/home/bdanglot/.m2/repository/junit/junit/3.8.2/junit-3.8.2.jar:/home/bdanglot/workspace/icst-2019/september-2018/dataset/gson_parent/gson/target/dspot/dependencies/:/home/bdanglot/.m2/repository/eu/stamp-project/test-runner/1.1.0/test-runner-1.1.0-jar-with-dependencies.jar eu.stamp_project.testrunner.runner.test.TestRunner com.google.gson.functional.RuntimeTypeAdapterFactoryFunctionalTest testSubclassesAutomaticallySerialzed
File saved to the following path: /home/bdanglot/workspace/icst-2019/september-2018/dataset/gson_parent/gson/target/dspot/TestListener.ser
Loading /home/bdanglot/workspace/icst-2019/september-2018/dataset/gson_parent/gson/target/dspot/TestListener.ser
[[1;34mINFO[m] Test has been run: testSubclassesAutomaticallySerialzed
[[1;34mINFO[m] 1 test pass, generating assertion...
[[1;34mINFO[m] Add observations points in passing tests.
[[1;34mINFO[m] Instrumentation...
100% |================================================== ]/
[[1;34mINFO[m] Run instrumented tests. (3)
[[1;34mINFO[m] Run: java -classpath /home/bdanglot/workspace/icst-2019/september-2018/dataset/gson_parent/gson/target/test-classes:/home/bdanglot/workspace/icst-2019/september-2018/dataset/gson_parent/gson/target/classes/:/home/bdanglot/.m2/repository/junit/junit/4.12/junit-4.12.jar:/home/bdanglot/.m2/repository/junit/junit/3.8.2/junit-3.8.2.jar:/home/bdanglot/workspace/icst-2019/september-2018/dataset/gson_parent/gson/target/dspot/dependencies/:/home/bdanglot/.m2/repository/eu/stamp-project/test-runner/1.1.0/test-runner-1.1.0-jar-with-dependencies.jar eu.stamp_project.testrunner.runner.test.TestRunner com.google.gson.functional.RuntimeTypeAdapterFactoryFunctionalTest testSubclassesAutomaticallySerialzed_withlog0:testSubclassesAutomaticallySerialzed_withlog1:testSubclassesAutomaticallySerialzed_withlog2
File saved to the following path: /home/bdanglot/workspace/icst-2019/september-2018/dataset/gson_parent/gson/target/dspot/observations.ser
File saved to the following path: /home/bdanglot/workspace/icst-2019/september-2018/dataset/gson_parent/gson/target/dspot/TestListener.ser
Loading /home/bdanglot/workspace/icst-2019/september-2018/dataset/gson_parent/gson/target/dspot/TestListener.ser
[[1;34mINFO[m] Test has been run: testSubclassesAutomaticallySerialzed_withlog0,testSubclassesAutomaticallySerialzed_withlog1,testSubclassesAutomaticallySerialzed_withlog2
[[1;34mINFO[m] Generating assertions...
[[1;34mINFO[m] 1 new tests with assertions generated
[[1;34mINFO[m] Run: java -classpath /home/bdanglot/workspace/icst-2019/september-2018/dataset/gson_parent/gson/target/test-classes:/home/bdanglot/workspace/icst-2019/september-2018/dataset/gson_parent/gson/target/classes/:/home/bdanglot/.m2/repository/junit/junit/4.12/junit-4.12.jar:/home/bdanglot/.m2/repository/junit/junit/3.8.2/junit-3.8.2.jar:/home/bdanglot/workspace/icst-2019/september-2018/dataset/gson_parent/gson/target/dspot/dependencies/:/home/bdanglot/.m2/repository/eu/stamp-project/test-runner/1.1.0/test-runner-1.1.0-jar-with-dependencies.jar eu.stamp_project.testrunner.runner.test.TestRunner com.google.gson.functional.RuntimeTypeAdapterFactoryFunctionalTest testSubclassesAutomaticallySerialzed
File saved to the following path: /home/bdanglot/workspace/icst-2019/september-2018/dataset/gson_parent/gson/target/dspot/TestListener.ser
Loading /home/bdanglot/workspace/icst-2019/september-2018/dataset/gson_parent/gson/target/dspot/TestListener.ser
[[1;34mINFO[m] Test has been run: testSubclassesAutomaticallySerialzed
[[1;34mINFO[m] Assertion amplification: 1 test method(s) has been successfully amplified.
[WARN] 2018-09-28 10:50:18 Launcher - You specified the directory /home/bdanglot/workspace/icst-2019/september-2018/dataset/gson/gson/target/classes in source classpath, please note that only class files will be considered. Jars and subdirectories will be ignored.
[WARN] 2018-09-28 10:50:18 Launcher - You specified the directory /home/bdanglot/workspace/icst-2019/september-2018/dataset/gson/gson/target/test-classes in source classpath, please note that only class files will be considered. Jars and subdirectories will be ignored.
[WARN] 2018-09-28 10:50:18 Launcher - You specified the directory /home/bdanglot/workspace/icst-2019/september-2018/dataset/gson/gson/target/dspot/dependencies in source classpath, please note that only class files will be considered. Jars and subdirectories will be ignored.
[[1;34mINFO[m] Run: java -classpath /home/bdanglot/workspace/icst-2019/september-2018/dataset/gson/gson/target/classes/:/home/bdanglot/workspace/icst-2019/september-2018/dataset/gson/gson/target/test-classes/:/home/bdanglot/.m2/repository/junit/junit/4.12/junit-4.12.jar:/home/bdanglot/.m2/repository/junit/junit/3.8.2/junit-3.8.2.jar:/home/bdanglot/workspace/icst-2019/september-2018/dataset/gson/gson/target/dspot/dependencies/:/home/bdanglot/.m2/repository/eu/stamp-project/test-runner/1.1.0/test-runner-1.1.0-jar-with-dependencies.jar eu.stamp_project.testrunner.runner.test.TestRunner com.google.gson.functional.RuntimeTypeAdapterFactoryFunctionalTest testSubclassesAutomaticallySerialzed
File saved to the following path: /home/bdanglot/workspace/icst-2019/september-2018/dataset/gson_parent/gson/target/dspot/TestListener.ser
Loading /home/bdanglot/workspace/icst-2019/september-2018/dataset/gson_parent/gson/target/dspot/TestListener.ser
[[1;34mINFO[m] Test has been run: testSubclassesAutomaticallySerialzed
[[1;34mINFO[m] 0 amplified test methods has been selected to be kept. (global: 0)
[[1;34mINFO[m] elapsedTime 3443
======= REPORT =======
0 amplified test fails on the new versions.

[[1;33mWARNING[m] DSpot could not obtain any amplified test method.
[[1;33mWARNING[m] You can customize the following options: --amplifiers, --test-criterion, --iteration, --budgetizer etc, and retry with a new configuration.
[[1;34mINFO[m] Amplification succeed.
[[1;34mINFO[m] Elapsed time 11719 ms
[[1;34mINFO[m] [1m------------------------------------------------------------------------[m
[[1;34mINFO[m] [1;32mBUILD SUCCESS[m
[[1;34mINFO[m] [1m------------------------------------------------------------------------[m
[[1;34mINFO[m] Total time: 47.099 s
[[1;34mINFO[m] Finished at: 2018-09-28T10:50:19+02:00
[[1;34mINFO[m] [1m------------------------------------------------------------------------[m
