[INFO] Scanning for projects...
[INFO] 
[INFO] --------------< org.apache.commons:commons-collections4 >---------------
[INFO] Building Apache Commons Collections 4.1-SNAPSHOT
[INFO] --------------------------------[ jar ]---------------------------------
[INFO] 
[INFO] --- dspot-maven:1.1.1-SNAPSHOT:amplify-unit-tests (default-cli) @ commons-collections4 ---
Downloading from stamp-maven-repository-mvn-repo: https://stamp-project.github.io/stamp-maven-repository/eu/stamp-project/dspot/1.1.1-SNAPSHOT/maven-metadata.xml
Downloading from stamp-maven-repository-mvn-repo: https://stamp-project.github.io/stamp-maven-repository/fr/inria/gforge/spoon/spoon-core/7.1.0-SNAPSHOT/maven-metadata.xml
Downloading from stamp-maven-repository-mvn-repo: https://stamp-project.github.io/stamp-maven-repository/org/eclipse/platform/org.eclipse.core.resources/maven-metadata.xml
Downloading from stamp-maven-repository-mvn-repo: https://stamp-project.github.io/stamp-maven-repository/org/eclipse/platform/org.eclipse.core.expressions/maven-metadata.xml
Downloading from stamp-maven-repository-mvn-repo: https://stamp-project.github.io/stamp-maven-repository/org/eclipse/platform/org.eclipse.core.runtime/maven-metadata.xml
Downloading from stamp-maven-repository-mvn-repo: https://stamp-project.github.io/stamp-maven-repository/org/eclipse/platform/org.eclipse.osgi/maven-metadata.xml
Downloading from stamp-maven-repository-mvn-repo: https://stamp-project.github.io/stamp-maven-repository/org/eclipse/platform/org.eclipse.equinox.common/maven-metadata.xml
Downloading from stamp-maven-repository-mvn-repo: https://stamp-project.github.io/stamp-maven-repository/org/eclipse/platform/org.eclipse.core.jobs/maven-metadata.xml
Downloading from stamp-maven-repository-mvn-repo: https://stamp-project.github.io/stamp-maven-repository/org/eclipse/platform/org.eclipse.equinox.registry/maven-metadata.xml
Downloading from stamp-maven-repository-mvn-repo: https://stamp-project.github.io/stamp-maven-repository/org/eclipse/platform/org.eclipse.equinox.preferences/maven-metadata.xml
Downloading from stamp-maven-repository-mvn-repo: https://stamp-project.github.io/stamp-maven-repository/org/eclipse/platform/org.eclipse.core.contenttype/maven-metadata.xml
Downloading from stamp-maven-repository-mvn-repo: https://stamp-project.github.io/stamp-maven-repository/org/eclipse/platform/org.eclipse.equinox.app/maven-metadata.xml
Downloading from stamp-maven-repository-mvn-repo: https://stamp-project.github.io/stamp-maven-repository/org/eclipse/platform/org.eclipse.core.filesystem/maven-metadata.xml
Downloading from stamp-maven-repository-mvn-repo: https://stamp-project.github.io/stamp-maven-repository/org/eclipse/platform/org.eclipse.text/maven-metadata.xml
Downloading from stamp-maven-repository-mvn-repo: https://stamp-project.github.io/stamp-maven-repository/org/eclipse/platform/org.eclipse.core.commands/maven-metadata.xml
[INFO] Path to runner Classes: /home/spirals/danglot/.m2/repository/eu/stamp-project/test-runner/1.1.0/test-runner-1.1.0-jar-with-dependencies.jar
[INFO] /home/spirals/danglot/.m2/repository/org/jacoco/org.jacoco.core/0.7.9/org.jacoco.core-0.7.9.jar
[INFO] /home/spirals/danglot/.m2/repository/org/ow2/asm/asm-debug-all/5.2/asm-debug-all-5.2.jar
[INFO] /home/spirals/danglot/.m2/repository/eu/stamp-project/test-runner/1.1.0/test-runner-1.1.0-jar-with-dependencies.jar
[WARNING] automaticBuilderName: unknown automatic builder specified in configuration, going to default.
[INFO] Default: provided Maven automatic builder.
[INFO] run maven clean test -DskipTests dependency:build-classpath -Dmdep.outputFile=target/dspot/classpath
[WARN] Maven will be executed in interactive mode, but no input stream has been configured for this MavenInvoker instance.
[INFO] Scanning for projects...
[INFO] 
[INFO] --------------< org.apache.commons:commons-collections4 >---------------
[INFO] Building Apache Commons Collections 4.1-SNAPSHOT
[INFO] --------------------------------[ jar ]---------------------------------
[INFO] 
[INFO] --- maven-clean-plugin:2.6.1:clean (default-clean) @ commons-collections4 ---
[INFO] Deleting /tmp/icst-2019/september-2018/dataset/commons-collections_parent/target
[INFO] 
[INFO] --- maven-enforcer-plugin:1.3.1:enforce (enforce-maven-3) @ commons-collections4 ---
[INFO] Skipping Rule Enforcement.
[INFO] 
[INFO] --- build-helper-maven-plugin:1.8:parse-version (parse-version) @ commons-collections4 ---
[INFO] 
[INFO] --- maven-antrun-plugin:1.7:run (javadoc.resources) @ commons-collections4 ---
[INFO] Executing tasks

main:
     [copy] Copying 2 files to /tmp/icst-2019/september-2018/dataset/commons-collections_parent/target/apidocs/META-INF
[INFO] Executed tasks
[INFO] 
[INFO] --- maven-remote-resources-plugin:1.5:process (default) @ commons-collections4 ---
[INFO] 
[INFO] --- buildnumber-maven-plugin:1.3:create (default) @ commons-collections4 ---
[INFO] Executing: /bin/sh -c cd /tmp/icst-2019/september-2018/dataset/commons-collections_parent && svn --non-interactive info
[INFO] Working directory: /tmp/icst-2019/september-2018/dataset/commons-collections_parent
[INFO] Storing buildNumber: ?????? at timestamp: 1537768968740
[INFO] Executing: /bin/sh -c cd /tmp/icst-2019/september-2018/dataset/commons-collections_parent && svn --non-interactive info
[INFO] Working directory: /tmp/icst-2019/september-2018/dataset/commons-collections_parent
[INFO] Storing buildScmBranch: UNKNOWN_BRANCH
[INFO] 
[INFO] --- maven-resources-plugin:2.7:resources (default-resources) @ commons-collections4 ---
[INFO] Using 'UTF-8' encoding to copy filtered resources.
[INFO] skip non existing resourceDirectory /tmp/icst-2019/september-2018/dataset/commons-collections_parent/src/main/resources
[INFO] Copying 2 resources to META-INF
[INFO] 
[INFO] --- maven-compiler-plugin:3.2:compile (default-compile) @ commons-collections4 ---
[INFO] Changes detected - recompiling the module!
[INFO] Compiling 302 source files to /tmp/icst-2019/september-2018/dataset/commons-collections_parent/target/classes
[INFO] 
[INFO] --- maven-bundle-plugin:2.5.3:manifest (bundle-manifest) @ commons-collections4 ---
[INFO] 
[INFO] --- animal-sniffer-maven-plugin:1.13:check (checkAPIcompatibility) @ commons-collections4 ---
[INFO] Checking unresolved references to org.codehaus.mojo.signature:java16:1.0
[INFO] 
[INFO] --- maven-resources-plugin:2.7:testResources (default-testResources) @ commons-collections4 ---
[INFO] Using 'UTF-8' encoding to copy filtered resources.
[INFO] Copying 158 resources
[INFO] Copying 2 resources to META-INF
[INFO] 
[INFO] --- maven-compiler-plugin:3.2:testCompile (default-testCompile) @ commons-collections4 ---
[INFO] Changes detected - recompiling the module!
[INFO] Compiling 193 source files to /tmp/icst-2019/september-2018/dataset/commons-collections_parent/target/test-classes
[INFO] /tmp/icst-2019/september-2018/dataset/commons-collections_parent/src/test/java/org/apache/commons/collections4/TransformerUtilsTest.java: /tmp/icst-2019/september-2018/dataset/commons-collections_parent/src/test/java/org/apache/commons/collections4/TransformerUtilsTest.java uses or overrides a deprecated API.
[INFO] /tmp/icst-2019/september-2018/dataset/commons-collections_parent/src/test/java/org/apache/commons/collections4/TransformerUtilsTest.java: Recompile with -Xlint:deprecation for details.
[INFO] 
[INFO] --- jacoco-maven-plugin:0.7.2.201409121644:prepare-agent (prepare-agent) @ commons-collections4 ---
[INFO] argLine set to -javaagent:/home/spirals/danglot/.m2/repository/org/jacoco/org.jacoco.agent/0.7.2.201409121644/org.jacoco.agent-0.7.2.201409121644-runtime.jar=destfile=/tmp/icst-2019/september-2018/dataset/commons-collections_parent/target/jacoco.exec
[INFO] 
[INFO] --- maven-surefire-plugin:2.18:test (default-test) @ commons-collections4 ---
[INFO] Tests are skipped.
[INFO] 
[INFO] --- maven-dependency-plugin:2.8:build-classpath (default-cli) @ commons-collections4 ---
[INFO] Wrote classpath file '/tmp/icst-2019/september-2018/dataset/commons-collections_parent/target/dspot/classpath'.
[INFO] ------------------------------------------------------------------------
[INFO] BUILD SUCCESS
[INFO] ------------------------------------------------------------------------
[INFO] Total time: 13.307 s
[INFO] Finished at: 2018-09-24T08:02:59+02:00
[INFO] ------------------------------------------------------------------------
[INFO] run maven clean test -DskipTests dependency:build-classpath -Dmdep.outputFile=target/dspot/classpath
[WARN] Maven will be executed in interactive mode, but no input stream has been configured for this MavenInvoker instance.
[INFO] Scanning for projects...
[INFO] 
[INFO] --------------< org.apache.commons:commons-collections4 >---------------
[INFO] Building Apache Commons Collections 4.1-SNAPSHOT
[INFO] --------------------------------[ jar ]---------------------------------
[INFO] 
[INFO] --- maven-clean-plugin:2.6.1:clean (default-clean) @ commons-collections4 ---
[INFO] Deleting /tmp/icst-2019/september-2018/dataset/commons-collections/target
[INFO] 
[INFO] --- maven-enforcer-plugin:1.3.1:enforce (enforce-maven-3) @ commons-collections4 ---
[INFO] Skipping Rule Enforcement.
[INFO] 
[INFO] --- build-helper-maven-plugin:1.8:parse-version (parse-version) @ commons-collections4 ---
[INFO] 
[INFO] --- maven-antrun-plugin:1.7:run (javadoc.resources) @ commons-collections4 ---
[INFO] Executing tasks

main:
     [copy] Copying 2 files to /tmp/icst-2019/september-2018/dataset/commons-collections/target/apidocs/META-INF
[INFO] Executed tasks
[INFO] 
[INFO] --- maven-remote-resources-plugin:1.5:process (default) @ commons-collections4 ---
[INFO] 
[INFO] --- buildnumber-maven-plugin:1.3:create (default) @ commons-collections4 ---
[INFO] Executing: /bin/sh -c cd /tmp/icst-2019/september-2018/dataset/commons-collections && svn --non-interactive info
[INFO] Working directory: /tmp/icst-2019/september-2018/dataset/commons-collections
[INFO] Storing buildNumber: ?????? at timestamp: 1537768992542
[INFO] Executing: /bin/sh -c cd /tmp/icst-2019/september-2018/dataset/commons-collections && svn --non-interactive info
[INFO] Working directory: /tmp/icst-2019/september-2018/dataset/commons-collections
[INFO] Storing buildScmBranch: UNKNOWN_BRANCH
[INFO] 
[INFO] --- maven-resources-plugin:2.7:resources (default-resources) @ commons-collections4 ---
[INFO] Using 'UTF-8' encoding to copy filtered resources.
[INFO] skip non existing resourceDirectory /tmp/icst-2019/september-2018/dataset/commons-collections/src/main/resources
[INFO] Copying 2 resources to META-INF
[INFO] 
[INFO] --- maven-compiler-plugin:3.2:compile (default-compile) @ commons-collections4 ---
[INFO] Changes detected - recompiling the module!
[INFO] Compiling 304 source files to /tmp/icst-2019/september-2018/dataset/commons-collections/target/classes
[INFO] 
[INFO] --- maven-bundle-plugin:2.5.3:manifest (bundle-manifest) @ commons-collections4 ---
[INFO] 
[INFO] --- animal-sniffer-maven-plugin:1.13:check (checkAPIcompatibility) @ commons-collections4 ---
[INFO] Checking unresolved references to org.codehaus.mojo.signature:java16:1.0
[INFO] 
[INFO] --- maven-resources-plugin:2.7:testResources (default-testResources) @ commons-collections4 ---
[INFO] Using 'UTF-8' encoding to copy filtered resources.
[INFO] Copying 158 resources
[INFO] Copying 2 resources to META-INF
[INFO] 
[INFO] --- maven-compiler-plugin:3.2:testCompile (default-testCompile) @ commons-collections4 ---
[INFO] Changes detected - recompiling the module!
[INFO] Compiling 193 source files to /tmp/icst-2019/september-2018/dataset/commons-collections/target/test-classes
[INFO] /tmp/icst-2019/september-2018/dataset/commons-collections/src/test/java/org/apache/commons/collections4/TransformerUtilsTest.java: Some input files use or override a deprecated API.
[INFO] /tmp/icst-2019/september-2018/dataset/commons-collections/src/test/java/org/apache/commons/collections4/TransformerUtilsTest.java: Recompile with -Xlint:deprecation for details.
[INFO] 
[INFO] --- jacoco-maven-plugin:0.7.2.201409121644:prepare-agent (prepare-agent) @ commons-collections4 ---
[INFO] argLine set to -javaagent:/home/spirals/danglot/.m2/repository/org/jacoco/org.jacoco.agent/0.7.2.201409121644/org.jacoco.agent-0.7.2.201409121644-runtime.jar=destfile=/tmp/icst-2019/september-2018/dataset/commons-collections/target/jacoco.exec
[INFO] 
[INFO] --- maven-surefire-plugin:2.18:test (default-test) @ commons-collections4 ---
[INFO] Tests are skipped.
[INFO] 
[INFO] --- maven-dependency-plugin:2.8:build-classpath (default-cli) @ commons-collections4 ---
[INFO] Wrote classpath file '/tmp/icst-2019/september-2018/dataset/commons-collections/target/dspot/classpath'.
[INFO] ------------------------------------------------------------------------
[INFO] BUILD SUCCESS
[INFO] ------------------------------------------------------------------------
[INFO] Total time: 13.473 s
[INFO] Finished at: 2018-09-24T08:03:23+02:00
[INFO] ------------------------------------------------------------------------
[INFO] Amplification of org.apache.commons.collections4.CollectionUtilsTest (7 test(s))
[INFO] Assertion amplification of org.apache.commons.collections4.CollectionUtilsTest (7 test(s))
[INFO] Run: java -classpath /tmp/icst-2019/september-2018/dataset/commons-collections_parent/target/test-classes:/tmp/icst-2019/september-2018/dataset/commons-collections_parent/target/classes/:/home/spirals/danglot/.m2/repository/junit/junit/4.11/junit-4.11.jar:/home/spirals/danglot/.m2/repository/org/hamcrest/hamcrest-core/1.3/hamcrest-core-1.3.jar:/home/spirals/danglot/.m2/repository/org/easymock/easymock/3.2/easymock-3.2.jar:/home/spirals/danglot/.m2/repository/cglib/cglib-nodep/2.2.2/cglib-nodep-2.2.2.jar:/home/spirals/danglot/.m2/repository/org/objenesis/objenesis/1.3/objenesis-1.3.jar:/tmp/icst-2019/september-2018/dataset/commons-collections_parent/target/dspot/dependencies/:/home/spirals/danglot/.m2/repository/eu/stamp-project/test-runner/1.1.0/test-runner-1.1.0-jar-with-dependencies.jar eu.stamp_project.testrunner.runner.test.TestRunner org.apache.commons.collections4.CollectionUtilsTest getFromIterable:getIterator:getPositiveOutOfBounds:get:getFromList:getFromMap:getFromIterator
File saved to the following path: /tmp/icst-2019/september-2018/dataset/commons-collections_parent/target/dspot/TestListener.ser
Loading /tmp/icst-2019/september-2018/dataset/commons-collections_parent/target/dspot/TestListener.ser
[INFO] Test has been run: getIterator,get,getPositiveOutOfBounds,getFromIterable,getFromIterator,getFromMap,getFromList
[INFO] Run tests. (7)
[INFO] Run: java -classpath /tmp/icst-2019/september-2018/dataset/commons-collections_parent/target/test-classes:/tmp/icst-2019/september-2018/dataset/commons-collections_parent/target/classes/:/home/spirals/danglot/.m2/repository/junit/junit/4.11/junit-4.11.jar:/home/spirals/danglot/.m2/repository/org/hamcrest/hamcrest-core/1.3/hamcrest-core-1.3.jar:/home/spirals/danglot/.m2/repository/org/easymock/easymock/3.2/easymock-3.2.jar:/home/spirals/danglot/.m2/repository/cglib/cglib-nodep/2.2.2/cglib-nodep-2.2.2.jar:/home/spirals/danglot/.m2/repository/org/objenesis/objenesis/1.3/objenesis-1.3.jar:/tmp/icst-2019/september-2018/dataset/commons-collections_parent/target/dspot/dependencies/:/home/spirals/danglot/.m2/repository/eu/stamp-project/test-runner/1.1.0/test-runner-1.1.0-jar-with-dependencies.jar eu.stamp_project.testrunner.runner.test.TestRunner org.apache.commons.collections4.CollectionUtilsTest getFromIterable:getIterator:getPositiveOutOfBounds:get:getFromList:getFromMap:getFromIterator
File saved to the following path: /tmp/icst-2019/september-2018/dataset/commons-collections_parent/target/dspot/TestListener.ser
Loading /tmp/icst-2019/september-2018/dataset/commons-collections_parent/target/dspot/TestListener.ser
[INFO] Test has been run: getIterator,get,getFromIterator,getFromMap,getPositiveOutOfBounds(org.apache.commons.collections4.CollectionUtilsTest): Entry does not exist: 20,getFromIterable(org.apache.commons.collections4.CollectionUtilsTest): Entry does not exist: 0,getFromList(org.apache.commons.collections4.CollectionUtilsTest): Index: 2, Size: 0
[INFO] 4 test pass, generating assertion...
[INFO] Add observations points in passing tests.
[INFO] Instrumentation...
 25% |============ ]/ 50% |========================= ]- 75% |===================================== ]\100% |================================================== ]|
[INFO] Run instrumented tests. (12)
[INFO] Run: java -classpath /tmp/icst-2019/september-2018/dataset/commons-collections_parent/target/test-classes:/tmp/icst-2019/september-2018/dataset/commons-collections_parent/target/classes/:/home/spirals/danglot/.m2/repository/junit/junit/4.11/junit-4.11.jar:/home/spirals/danglot/.m2/repository/org/hamcrest/hamcrest-core/1.3/hamcrest-core-1.3.jar:/home/spirals/danglot/.m2/repository/org/easymock/easymock/3.2/easymock-3.2.jar:/home/spirals/danglot/.m2/repository/cglib/cglib-nodep/2.2.2/cglib-nodep-2.2.2.jar:/home/spirals/danglot/.m2/repository/org/objenesis/objenesis/1.3/objenesis-1.3.jar:/tmp/icst-2019/september-2018/dataset/commons-collections_parent/target/dspot/dependencies/:/home/spirals/danglot/.m2/repository/eu/stamp-project/test-runner/1.1.0/test-runner-1.1.0-jar-with-dependencies.jar eu.stamp_project.testrunner.runner.test.TestRunner org.apache.commons.collections4.CollectionUtilsTest getIterator_withlog0:get_withlog0:getFromMap_withlog0:getFromIterator_withlog0:getIterator_withlog1:get_withlog1:getFromMap_withlog1:getFromIterator_withlog1:getIterator_withlog2:get_withlog2:getFromMap_withlog2:getFromIterator_withlog2
File saved to the following path: /tmp/icst-2019/september-2018/dataset/commons-collections_parent/target/dspot/observations.ser
File saved to the following path: /tmp/icst-2019/september-2018/dataset/commons-collections_parent/target/dspot/TestListener.ser
Loading /tmp/icst-2019/september-2018/dataset/commons-collections_parent/target/dspot/TestListener.ser
[INFO] Test has been run: getIterator_withlog0,getIterator_withlog1,getIterator_withlog2,get_withlog0,get_withlog1,get_withlog2,getFromIterator_withlog0,getFromIterator_withlog1,getFromIterator_withlog2,getFromMap_withlog0(org.apache.commons.collections4.CollectionUtilsTest): null,getFromMap_withlog1(org.apache.commons.collections4.CollectionUtilsTest): null,getFromMap_withlog2(org.apache.commons.collections4.CollectionUtilsTest): null
[WARNING] Some instrumented test failed!
[INFO] Generating assertions...
[INFO] 3 test fail, generating try/catch/fail blocks...
[INFO] 7 new tests with assertions generated
[INFO] Run: java -classpath /tmp/icst-2019/september-2018/dataset/commons-collections_parent/target/test-classes:/tmp/icst-2019/september-2018/dataset/commons-collections_parent/target/classes/:/home/spirals/danglot/.m2/repository/junit/junit/4.11/junit-4.11.jar:/home/spirals/danglot/.m2/repository/org/hamcrest/hamcrest-core/1.3/hamcrest-core-1.3.jar:/home/spirals/danglot/.m2/repository/org/easymock/easymock/3.2/easymock-3.2.jar:/home/spirals/danglot/.m2/repository/cglib/cglib-nodep/2.2.2/cglib-nodep-2.2.2.jar:/home/spirals/danglot/.m2/repository/org/objenesis/objenesis/1.3/objenesis-1.3.jar:/tmp/icst-2019/september-2018/dataset/commons-collections_parent/target/dspot/dependencies/:/home/spirals/danglot/.m2/repository/eu/stamp-project/test-runner/1.1.0/test-runner-1.1.0-jar-with-dependencies.jar eu.stamp_project.testrunner.runner.test.TestRunner org.apache.commons.collections4.CollectionUtilsTest getIterator:get:getFromMap:getFromIterator:getFromIterable_failAssert0:getPositiveOutOfBounds_failAssert1:getFromList_failAssert2
File saved to the following path: /tmp/icst-2019/september-2018/dataset/commons-collections_parent/target/dspot/TestListener.ser
Loading /tmp/icst-2019/september-2018/dataset/commons-collections_parent/target/dspot/TestListener.ser
[INFO] Test has been run: getIterator,getFromIterable_failAssert0,get,getPositiveOutOfBounds_failAssert1,getFromIterator,getFromList_failAssert2,getFromMap
[INFO] Assertion amplification: 7 test method(s) has been successfully amplified.
[WARN] 2018-09-24 08:03:32 Launcher - You specified the directory /tmp/icst-2019/september-2018/dataset/commons-collections/target/classes in source classpath, please note that only class files will be considered. Jars and subdirectories will be ignored.
[WARN] 2018-09-24 08:03:32 Launcher - You specified the directory /tmp/icst-2019/september-2018/dataset/commons-collections/target/test-classes in source classpath, please note that only class files will be considered. Jars and subdirectories will be ignored.
[WARN] 2018-09-24 08:03:32 Launcher - You specified the directory /tmp/icst-2019/september-2018/dataset/commons-collections/target/dspot/dependencies in source classpath, please note that only class files will be considered. Jars and subdirectories will be ignored.
[INFO] Run: java -classpath /tmp/icst-2019/september-2018/dataset/commons-collections/target/classes/:/tmp/icst-2019/september-2018/dataset/commons-collections/target/test-classes/:/home/spirals/danglot/.m2/repository/junit/junit/4.11/junit-4.11.jar:/home/spirals/danglot/.m2/repository/org/hamcrest/hamcrest-core/1.3/hamcrest-core-1.3.jar:/home/spirals/danglot/.m2/repository/org/easymock/easymock/3.2/easymock-3.2.jar:/home/spirals/danglot/.m2/repository/cglib/cglib-nodep/2.2.2/cglib-nodep-2.2.2.jar:/home/spirals/danglot/.m2/repository/org/objenesis/objenesis/1.3/objenesis-1.3.jar:/tmp/icst-2019/september-2018/dataset/commons-collections/target/dspot/dependencies/:/home/spirals/danglot/.m2/repository/eu/stamp-project/test-runner/1.1.0/test-runner-1.1.0-jar-with-dependencies.jar eu.stamp_project.testrunner.runner.test.TestRunner org.apache.commons.collections4.CollectionUtilsTest getIterator:get:getFromMap:getFromIterator:getFromIterable_failAssert0:getPositiveOutOfBounds_failAssert1:getFromList_failAssert2
File saved to the following path: /tmp/icst-2019/september-2018/dataset/commons-collections_parent/target/dspot/TestListener.ser
Loading /tmp/icst-2019/september-2018/dataset/commons-collections_parent/target/dspot/TestListener.ser
[INFO] Test has been run: getIterator,getFromIterable_failAssert0,get,getPositiveOutOfBounds_failAssert1,getFromIterator,getFromList_failAssert2,getFromMap
[INFO] 0 amplified test methods has been selected to be kept. (global: 0)
[INFO] elapsedTime 9551
======= REPORT =======
0 amplified test fails on the new versions.

[WARNING] DSpot could not obtain any amplified test method.
[WARNING] You can customize the following options: --amplifiers, --test-criterion, --iteration, --budgetizer etc, and retry with a new configuration.
[WARN] 2018-09-24 08:03:33 Launcher - You specified the directory /tmp/icst-2019/september-2018/dataset/commons-collections_parent/target/classes in source classpath, please note that only class files will be considered. Jars and subdirectories will be ignored.
[WARN] 2018-09-24 08:03:33 Launcher - You're trying to give source code in the classpath, this should be given to addInputSource [/tmp/icst-2019/september-2018/dataset/commons-collections_parent/target/test-classes/org/apache/commons/collections4/BulkTest.java]
[WARN] 2018-09-24 08:03:33 Launcher - You specified the directory /tmp/icst-2019/september-2018/dataset/commons-collections_parent/target/test-classes in source classpath, please note that only class files will be considered. Jars and subdirectories will be ignored.
[WARN] 2018-09-24 08:03:33 Launcher - You specified the directory /tmp/icst-2019/september-2018/dataset/commons-collections_parent/target/dspot/dependencies in source classpath, please note that only class files will be considered. Jars and subdirectories will be ignored.
[INFO] Amplification of org.apache.commons.collections4.IterableUtilsTest (3 test(s))
[INFO] Assertion amplification of org.apache.commons.collections4.IterableUtilsTest (3 test(s))
[ERROR] Error(s) during compilation:
[ERROR] Pb(130) The constructor Object(String) is undefined
[ERROR] Pb(402) Exception Exception is not compatible with throws clause in Object.toString()
[ERROR] Pb(100) The method getName() is undefined for the type BulkTest
[INFO] Run: java -classpath /tmp/icst-2019/september-2018/dataset/commons-collections_parent/target/test-classes:/tmp/icst-2019/september-2018/dataset/commons-collections_parent/target/classes/:/home/spirals/danglot/.m2/repository/junit/junit/4.11/junit-4.11.jar:/home/spirals/danglot/.m2/repository/org/hamcrest/hamcrest-core/1.3/hamcrest-core-1.3.jar:/home/spirals/danglot/.m2/repository/org/easymock/easymock/3.2/easymock-3.2.jar:/home/spirals/danglot/.m2/repository/cglib/cglib-nodep/2.2.2/cglib-nodep-2.2.2.jar:/home/spirals/danglot/.m2/repository/org/objenesis/objenesis/1.3/objenesis-1.3.jar:/tmp/icst-2019/september-2018/dataset/commons-collections_parent/target/dspot/dependencies/:/home/spirals/danglot/.m2/repository/eu/stamp-project/test-runner/1.1.0/test-runner-1.1.0-jar-with-dependencies.jar eu.stamp_project.testrunner.runner.test.TestRunner org.apache.commons.collections4.IterableUtilsTest testToStringWithNullArguments:testToStringDelimiter
File saved to the following path: /tmp/icst-2019/september-2018/dataset/commons-collections_parent/target/dspot/TestListener.ser
java.lang.reflect.InvocationTargetException
	at sun.reflect.NativeConstructorAccessorImpl.newInstance0(Native Method)
	at sun.reflect.NativeConstructorAccessorImpl.newInstance(NativeConstructorAccessorImpl.java:62)
	at sun.reflect.DelegatingConstructorAccessorImpl.newInstance(DelegatingConstructorAccessorImpl.java:45)
	at java.lang.reflect.Constructor.newInstance(Constructor.java:423)
	at org.apache.commons.collections4.BulkTestSuiteMaker.makeTestCase(BulkTest.java:440)
	at org.apache.commons.collections4.BulkTestSuiteMaker.makeFirstTestCase(BulkTest.java:455)
	at org.apache.commons.collections4.BulkTestSuiteMaker.make(BulkTest.java:316)
	at org.apache.commons.collections4.BulkTest.makeSuite(BulkTest.java:54)
	at org.apache.commons.collections4.IterableUtilsTest.suite(IterableUtilsTest.java:19)
	at sun.reflect.NativeMethodAccessorImpl.invoke0(Native Method)
	at sun.reflect.NativeMethodAccessorImpl.invoke(NativeMethodAccessorImpl.java:62)
	at sun.reflect.DelegatingMethodAccessorImpl.invoke(DelegatingMethodAccessorImpl.java:43)
	at java.lang.reflect.Method.invoke(Method.java:498)
	at org.junit.internal.runners.SuiteMethod.testFromSuiteMethod(SuiteMethod.java:35)
	at org.junit.internal.runners.SuiteMethod.<init>(SuiteMethod.java:24)
	at org.junit.internal.builders.SuiteMethodBuilder.runnerForClass(SuiteMethodBuilder.java:11)
	at org.junit.runners.model.RunnerBuilder.safeRunnerForClass(RunnerBuilder.java:59)
	at org.junit.internal.builders.AllDefaultPossibilitiesBuilder.runnerForClass(AllDefaultPossibilitiesBuilder.java:26)
	at org.junit.runners.model.RunnerBuilder.safeRunnerForClass(RunnerBuilder.java:59)
	at org.junit.internal.requests.ClassRequest.getRunner(ClassRequest.java:26)
	at org.junit.internal.requests.FilterRequest.getRunner(FilterRequest.java:31)
	at eu.stamp_project.testrunner.runner.test.TestRunner.run(TestRunner.java:135)
	at eu.stamp_project.testrunner.runner.test.TestRunner.run(TestRunner.java:114)
	at eu.stamp_project.testrunner.runner.test.TestRunner.main(TestRunner.java:64)
Caused by: java.lang.Error: Unresolved compilation problems: 
	The constructor Object(String) is undefined
	Exception Exception is not compatible with throws clause in Object.toString()
	The method getName() is undefined for the type BulkTest

	at org.apache.commons.collections4.BulkTest.<init>(BulkTest.java:24)
	at org.apache.commons.collections4.IterableUtilsTest.<init>(IterableUtilsTest.java:14)
	... 24 more
Loading /tmp/icst-2019/september-2018/dataset/commons-collections_parent/target/dspot/TestListener.ser
[INFO] Test has been run: initializationError(org.apache.commons.collections4.IterableUtilsTest): null
[INFO] 0 amplified test methods has been selected to be kept. (global: 0)
[INFO] elapsedTime 650
======= REPORT =======
0 amplified test fails on the new versions.

[INFO] ------------------------------------------------------------------------
[INFO] BUILD FAILURE
[INFO] ------------------------------------------------------------------------
[INFO] Total time: 54.601 s
[INFO] Finished at: 2018-09-24T08:03:34+02:00
[INFO] ------------------------------------------------------------------------
[ERROR] Failed to execute goal eu.stamp-project:dspot-maven:1.1.1-SNAPSHOT:amplify-unit-tests (default-cli) on project commons-collections4: Execution default-cli of goal eu.stamp-project:dspot-maven:1.1.1-SNAPSHOT:amplify-unit-tests failed: java.lang.RuntimeException: java.lang.NullPointerException -> [Help 1]
[ERROR] 
[ERROR] To see the full stack trace of the errors, re-run Maven with the -e switch.
[ERROR] Re-run Maven using the -X switch to enable full debug logging.
[ERROR] 
[ERROR] For more information about the errors and possible solutions, please read the following articles:
[ERROR] [Help 1] http://cwiki.apache.org/confluence/display/MAVEN/PluginExecutionException
