[INFO] Scanning for projects...
[INFO] 
[INFO] ----------------------< commons-cli:commons-cli >-----------------------
[INFO] Building Apache Commons CLI 1.5-SNAPSHOT
[INFO] --------------------------------[ jar ]---------------------------------
[INFO] 
[INFO] --- dspot-maven:1.1.1-SNAPSHOT:amplify-unit-tests (default-cli) @ commons-cli ---
Downloading from stamp-maven-repository-mvn-repo: https://stamp-project.github.io/stamp-maven-repository/eu/stamp-project/dspot/1.1.1-SNAPSHOT/maven-metadata.xml
Downloading from stamp-maven-repository-mvn-repo: https://stamp-project.github.io/stamp-maven-repository/fr/inria/gforge/spoon/spoon-core/7.1.0-SNAPSHOT/maven-metadata.xml
Downloading from stamp-maven-repository-mvn-repo: https://stamp-project.github.io/stamp-maven-repository/org/eclipse/platform/org.eclipse.core.resources/maven-metadata.xml
Downloading from stamp-maven-repository-mvn-repo: https://stamp-project.github.io/stamp-maven-repository/org/eclipse/platform/org.eclipse.core.expressions/maven-metadata.xml
Downloading from stamp-maven-repository-mvn-repo: https://stamp-project.github.io/stamp-maven-repository/org/eclipse/platform/org.eclipse.core.runtime/maven-metadata.xml
Downloading from stamp-maven-repository-mvn-repo: https://stamp-project.github.io/stamp-maven-repository/org/eclipse/platform/org.eclipse.osgi/maven-metadata.xml
Downloading from stamp-maven-repository-mvn-repo: https://stamp-project.github.io/stamp-maven-repository/org/eclipse/platform/org.eclipse.equinox.common/maven-metadata.xml
Downloading from stamp-maven-repository-mvn-repo: https://stamp-project.github.io/stamp-maven-repository/org/eclipse/platform/org.eclipse.core.jobs/maven-metadata.xml
Downloading from stamp-maven-repository-mvn-repo: https://stamp-project.github.io/stamp-maven-repository/org/eclipse/platform/org.eclipse.equinox.registry/maven-metadata.xml
Downloading from stamp-maven-repository-mvn-repo: https://stamp-project.github.io/stamp-maven-repository/org/eclipse/platform/org.eclipse.equinox.preferences/maven-metadata.xml
Downloading from stamp-maven-repository-mvn-repo: https://stamp-project.github.io/stamp-maven-repository/org/eclipse/platform/org.eclipse.core.contenttype/maven-metadata.xml
Downloading from stamp-maven-repository-mvn-repo: https://stamp-project.github.io/stamp-maven-repository/org/eclipse/platform/org.eclipse.equinox.app/maven-metadata.xml
Downloading from stamp-maven-repository-mvn-repo: https://stamp-project.github.io/stamp-maven-repository/org/eclipse/platform/org.eclipse.core.filesystem/maven-metadata.xml
Downloading from stamp-maven-repository-mvn-repo: https://stamp-project.github.io/stamp-maven-repository/org/eclipse/platform/org.eclipse.text/maven-metadata.xml
Downloading from stamp-maven-repository-mvn-repo: https://stamp-project.github.io/stamp-maven-repository/org/eclipse/platform/org.eclipse.core.commands/maven-metadata.xml
[INFO] Path to runner Classes: /home/spirals/danglot/.m2/repository/eu/stamp-project/test-runner/1.1.0/test-runner-1.1.0-jar-with-dependencies.jar
[INFO] /home/spirals/danglot/.m2/repository/org/jacoco/org.jacoco.core/0.7.9/org.jacoco.core-0.7.9.jar
[INFO] /home/spirals/danglot/.m2/repository/org/ow2/asm/asm-debug-all/5.2/asm-debug-all-5.2.jar
[INFO] /home/spirals/danglot/.m2/repository/eu/stamp-project/test-runner/1.1.0/test-runner-1.1.0-jar-with-dependencies.jar
[WARNING] automaticBuilderName: unknown automatic builder specified in configuration, going to default.
[INFO] Default: provided Maven automatic builder.
[INFO] run maven clean test -DskipTests dependency:build-classpath -Dmdep.outputFile=target/dspot/classpath
[WARN] Maven will be executed in interactive mode, but no input stream has been configured for this MavenInvoker instance.
[INFO] Scanning for projects...
[INFO] 
[INFO] ----------------------< commons-cli:commons-cli >-----------------------
[INFO] Building Apache Commons CLI 1.5-SNAPSHOT
[INFO] --------------------------------[ jar ]---------------------------------
[INFO] 
[INFO] --- maven-clean-plugin:3.0.0:clean (default-clean) @ commons-cli ---
[INFO] Deleting /tmp/icst-2019/september-2018/dataset/commons-cli_parent/target
[INFO] 
[INFO] --- maven-enforcer-plugin:1.4.1:enforce (enforce-maven-3) @ commons-cli ---
[INFO] Skipping Rule Enforcement.
[INFO] 
[INFO] --- build-helper-maven-plugin:1.10:parse-version (parse-version) @ commons-cli ---
[INFO] 
[INFO] --- maven-antrun-plugin:1.7:run (javadoc.resources) @ commons-cli ---
[INFO] Executing tasks

main:
     [copy] Copying 2 files to /tmp/icst-2019/september-2018/dataset/commons-cli_parent/target/apidocs/META-INF
[INFO] Executed tasks
[INFO] 
[INFO] --- maven-remote-resources-plugin:1.5:process (process-resource-bundles) @ commons-cli ---
[INFO] 
[INFO] --- buildnumber-maven-plugin:1.4:create (default) @ commons-cli ---
[INFO] Executing: /bin/sh -c cd '/tmp/icst-2019/september-2018/dataset/commons-cli_parent' && 'git' 'rev-parse' '--verify' 'HEAD'
[INFO] Working directory: /tmp/icst-2019/september-2018/dataset/commons-cli_parent
[INFO] Storing buildNumber: 70a392756c713f404fed0e3ddd48aa18ce20485f at timestamp: 1537612792303
[INFO] Storing buildScmBranch: master
[INFO] 
[INFO] --- maven-resources-plugin:2.7:resources (default-resources) @ commons-cli ---
[INFO] Using 'utf-8' encoding to copy filtered resources.
[INFO] skip non existing resourceDirectory /tmp/icst-2019/september-2018/dataset/commons-cli_parent/src/main/resources
[INFO] Copying 2 resources to META-INF
[INFO] 
[INFO] --- maven-compiler-plugin:3.6.0:compile (default-compile) @ commons-cli ---
[INFO] Changes detected - recompiling the module!
[INFO] Compiling 23 source files to /tmp/icst-2019/september-2018/dataset/commons-cli_parent/target/classes
[INFO] /tmp/icst-2019/september-2018/dataset/commons-cli_parent/src/main/java/org/apache/commons/cli/Parser.java: Some input files use unchecked or unsafe operations.
[INFO] /tmp/icst-2019/september-2018/dataset/commons-cli_parent/src/main/java/org/apache/commons/cli/Parser.java: Recompile with -Xlint:unchecked for details.
[INFO] 
[INFO] --- maven-bundle-plugin:3.0.1:manifest (bundle-manifest) @ commons-cli ---
[INFO] 
[INFO] --- animal-sniffer-maven-plugin:1.15:check (checkAPIcompatibility) @ commons-cli ---
[INFO] Checking unresolved references to org.codehaus.mojo.signature:java15:1.0
[INFO] 
[INFO] --- maven-resources-plugin:2.7:testResources (default-testResources) @ commons-cli ---
[INFO] Using 'utf-8' encoding to copy filtered resources.
[INFO] skip non existing resourceDirectory /tmp/icst-2019/september-2018/dataset/commons-cli_parent/src/test/resources
[INFO] Copying 2 resources to META-INF
[INFO] 
[INFO] --- maven-compiler-plugin:3.6.0:testCompile (default-testCompile) @ commons-cli ---
[INFO] Changes detected - recompiling the module!
[INFO] Compiling 27 source files to /tmp/icst-2019/september-2018/dataset/commons-cli_parent/target/test-classes
[INFO] /tmp/icst-2019/september-2018/dataset/commons-cli_parent/src/test/java/org/apache/commons/cli/bug/BugCLI71Test.java: Some input files use or override a deprecated API.
[INFO] /tmp/icst-2019/september-2018/dataset/commons-cli_parent/src/test/java/org/apache/commons/cli/bug/BugCLI71Test.java: Recompile with -Xlint:deprecation for details.
[INFO] 
[INFO] --- jacoco-maven-plugin:0.7.7.201606060606:prepare-agent (prepare-agent) @ commons-cli ---
[INFO] argLine set to -javaagent:/home/spirals/danglot/.m2/repository/org/jacoco/org.jacoco.agent/0.7.7.201606060606/org.jacoco.agent-0.7.7.201606060606-runtime.jar=destfile=/tmp/icst-2019/september-2018/dataset/commons-cli_parent/target/jacoco.exec
[INFO] 
[INFO] --- maven-surefire-plugin:2.19.1:test (default-test) @ commons-cli ---
[INFO] Tests are skipped.
[INFO] 
[INFO] --- maven-dependency-plugin:2.10:build-classpath (default-cli) @ commons-cli ---
[INFO] Wrote classpath file '/tmp/icst-2019/september-2018/dataset/commons-cli_parent/target/dspot/classpath'.
[INFO] ------------------------------------------------------------------------
[INFO] BUILD SUCCESS
[INFO] ------------------------------------------------------------------------
[INFO] Total time: 8.561 s
[INFO] Finished at: 2018-09-22T12:39:57+02:00
[INFO] ------------------------------------------------------------------------
[INFO] run maven clean test -DskipTests dependency:build-classpath -Dmdep.outputFile=target/dspot/classpath
[WARN] Maven will be executed in interactive mode, but no input stream has been configured for this MavenInvoker instance.
[INFO] Scanning for projects...
[INFO] 
[INFO] ----------------------< commons-cli:commons-cli >-----------------------
[INFO] Building Apache Commons CLI 1.5-SNAPSHOT
[INFO] --------------------------------[ jar ]---------------------------------
[INFO] 
[INFO] --- maven-clean-plugin:3.0.0:clean (default-clean) @ commons-cli ---
[INFO] Deleting /tmp/icst-2019/september-2018/dataset/commons-cli/target
[INFO] 
[INFO] --- maven-enforcer-plugin:1.4.1:enforce (enforce-maven-3) @ commons-cli ---
[INFO] Skipping Rule Enforcement.
[INFO] 
[INFO] --- build-helper-maven-plugin:1.10:parse-version (parse-version) @ commons-cli ---
[INFO] 
[INFO] --- maven-antrun-plugin:1.7:run (javadoc.resources) @ commons-cli ---
[INFO] Executing tasks

main:
     [copy] Copying 2 files to /tmp/icst-2019/september-2018/dataset/commons-cli/target/apidocs/META-INF
[INFO] Executed tasks
[INFO] 
[INFO] --- maven-remote-resources-plugin:1.5:process (process-resource-bundles) @ commons-cli ---
[INFO] 
[INFO] --- buildnumber-maven-plugin:1.4:create (default) @ commons-cli ---
[INFO] Executing: /bin/sh -c cd '/tmp/icst-2019/september-2018/dataset/commons-cli' && 'git' 'rev-parse' '--verify' 'HEAD'
[INFO] Working directory: /tmp/icst-2019/september-2018/dataset/commons-cli
[INFO] Storing buildNumber: 0b453953fa5f55cf2e8fd034d4d55972deb7647a at timestamp: 1537612804793
[INFO] Storing buildScmBranch: master
[INFO] 
[INFO] --- maven-resources-plugin:2.7:resources (default-resources) @ commons-cli ---
[INFO] Using 'utf-8' encoding to copy filtered resources.
[INFO] skip non existing resourceDirectory /tmp/icst-2019/september-2018/dataset/commons-cli/src/main/resources
[INFO] Copying 2 resources to META-INF
[INFO] 
[INFO] --- maven-compiler-plugin:3.6.0:compile (default-compile) @ commons-cli ---
[INFO] Changes detected - recompiling the module!
[INFO] Compiling 23 source files to /tmp/icst-2019/september-2018/dataset/commons-cli/target/classes
[INFO] /tmp/icst-2019/september-2018/dataset/commons-cli/src/main/java/org/apache/commons/cli/Parser.java: Some input files use unchecked or unsafe operations.
[INFO] /tmp/icst-2019/september-2018/dataset/commons-cli/src/main/java/org/apache/commons/cli/Parser.java: Recompile with -Xlint:unchecked for details.
[INFO] 
[INFO] --- maven-bundle-plugin:3.0.1:manifest (bundle-manifest) @ commons-cli ---
[INFO] 
[INFO] --- animal-sniffer-maven-plugin:1.15:check (checkAPIcompatibility) @ commons-cli ---
[INFO] Checking unresolved references to org.codehaus.mojo.signature:java15:1.0
[INFO] 
[INFO] --- maven-resources-plugin:2.7:testResources (default-testResources) @ commons-cli ---
[INFO] Using 'utf-8' encoding to copy filtered resources.
[INFO] Copying 1 resource
[INFO] Copying 2 resources to META-INF
[INFO] 
[INFO] --- maven-compiler-plugin:3.6.0:testCompile (default-testCompile) @ commons-cli ---
[INFO] Changes detected - recompiling the module!
[INFO] Compiling 27 source files to /tmp/icst-2019/september-2018/dataset/commons-cli/target/test-classes
[INFO] /tmp/icst-2019/september-2018/dataset/commons-cli/src/test/java/org/apache/commons/cli/bug/BugCLI13Test.java: Some input files use or override a deprecated API.
[INFO] /tmp/icst-2019/september-2018/dataset/commons-cli/src/test/java/org/apache/commons/cli/bug/BugCLI13Test.java: Recompile with -Xlint:deprecation for details.
[INFO] 
[INFO] --- jacoco-maven-plugin:0.7.7.201606060606:prepare-agent (prepare-agent) @ commons-cli ---
[INFO] argLine set to -javaagent:/home/spirals/danglot/.m2/repository/org/jacoco/org.jacoco.agent/0.7.7.201606060606/org.jacoco.agent-0.7.7.201606060606-runtime.jar=destfile=/tmp/icst-2019/september-2018/dataset/commons-cli/target/jacoco.exec
[INFO] 
[INFO] --- maven-surefire-plugin:2.19.1:test (default-test) @ commons-cli ---
[INFO] Tests are skipped.
[INFO] 
[INFO] --- maven-dependency-plugin:2.10:build-classpath (default-cli) @ commons-cli ---
[INFO] Wrote classpath file '/tmp/icst-2019/september-2018/dataset/commons-cli/target/dspot/classpath'.
[INFO] ------------------------------------------------------------------------
[INFO] BUILD SUCCESS
[INFO] ------------------------------------------------------------------------
[INFO] Total time: 7.986 s
[INFO] Finished at: 2018-09-22T12:40:09+02:00
[INFO] ------------------------------------------------------------------------
[INFO] Amplification of org.apache.commons.cli.PatternOptionBuilderTest (6 test(s))
[INFO] Assertion amplification of org.apache.commons.cli.PatternOptionBuilderTest (6 test(s))
[INFO] Run: java -classpath /tmp/icst-2019/september-2018/dataset/commons-cli_parent/target/test-classes:/tmp/icst-2019/september-2018/dataset/commons-cli_parent/target/classes/:/home/spirals/danglot/.m2/repository/junit/junit/4.12/junit-4.12.jar:/home/spirals/danglot/.m2/repository/org/hamcrest/hamcrest-core/1.3/hamcrest-core-1.3.jar:/tmp/icst-2019/september-2018/dataset/commons-cli_parent/target/dspot/dependencies/:/home/spirals/danglot/.m2/repository/eu/stamp-project/test-runner/1.1.0/test-runner-1.1.0-jar-with-dependencies.jar eu.stamp_project.testrunner.runner.test.TestRunner org.apache.commons.cli.PatternOptionBuilderTest testNumberPattern:testClassPattern:testExistingFilePattern:testSimplePattern:testURLPattern:testObjectPattern
File saved to the following path: /tmp/icst-2019/september-2018/dataset/commons-cli_parent/target/dspot/TestListener.ser
Exception found converting v to desired type: Unable to parse the URL: foo://commons.apache.org
Exception found converting d to desired type: Unable to find the class: System.DateTime
Exception found converting x to desired type: For input string: "3,5"
Exception found converting i to desired type: java.lang.IllegalAccessException; Unable to create an instance of: java.util.Calendar
Exception found converting n to desired type: Unable to find the class: System.DateTime
Loading /tmp/icst-2019/september-2018/dataset/commons-cli_parent/target/dspot/TestListener.ser
[INFO] Test has been run: testSimplePattern,testExistingFilePattern,testURLPattern,testClassPattern,testNumberPattern,testObjectPattern
[INFO] Run tests. (6)
[INFO] Run: java -classpath /tmp/icst-2019/september-2018/dataset/commons-cli_parent/target/test-classes:/tmp/icst-2019/september-2018/dataset/commons-cli_parent/target/classes/:/home/spirals/danglot/.m2/repository/junit/junit/4.12/junit-4.12.jar:/home/spirals/danglot/.m2/repository/org/hamcrest/hamcrest-core/1.3/hamcrest-core-1.3.jar:/tmp/icst-2019/september-2018/dataset/commons-cli_parent/target/dspot/dependencies/:/home/spirals/danglot/.m2/repository/eu/stamp-project/test-runner/1.1.0/test-runner-1.1.0-jar-with-dependencies.jar eu.stamp_project.testrunner.runner.test.TestRunner org.apache.commons.cli.PatternOptionBuilderTest testNumberPattern:testClassPattern:testExistingFilePattern:testSimplePattern:testURLPattern:testObjectPattern
File saved to the following path: /tmp/icst-2019/september-2018/dataset/commons-cli_parent/target/dspot/TestListener.ser
Exception found converting v to desired type: Unable to parse the URL: foo://commons.apache.org
Exception found converting d to desired type: Unable to find the class: System.DateTime
Exception found converting x to desired type: For input string: "3,5"
Exception found converting i to desired type: java.lang.IllegalAccessException; Unable to create an instance of: java.util.Calendar
Exception found converting n to desired type: Unable to find the class: System.DateTime
Loading /tmp/icst-2019/september-2018/dataset/commons-cli_parent/target/dspot/TestListener.ser
[INFO] Test has been run: testSimplePattern,testExistingFilePattern,testURLPattern,testClassPattern,testNumberPattern,testObjectPattern
[INFO] 6 test pass, generating assertion...
[INFO] Add observations points in passing tests.
[INFO] Instrumentation...
 16% |======== ]/ 33% |================ ]- 50% |========================= ]\ 66% |================================= ]| 83% |========================================= ]/100% |================================================== ]-
[INFO] Run instrumented tests. (18)
[INFO] Run: java -classpath /tmp/icst-2019/september-2018/dataset/commons-cli_parent/target/test-classes:/tmp/icst-2019/september-2018/dataset/commons-cli_parent/target/classes/:/home/spirals/danglot/.m2/repository/junit/junit/4.12/junit-4.12.jar:/home/spirals/danglot/.m2/repository/org/hamcrest/hamcrest-core/1.3/hamcrest-core-1.3.jar:/tmp/icst-2019/september-2018/dataset/commons-cli_parent/target/dspot/dependencies/:/home/spirals/danglot/.m2/repository/eu/stamp-project/test-runner/1.1.0/test-runner-1.1.0-jar-with-dependencies.jar eu.stamp_project.testrunner.runner.test.TestRunner org.apache.commons.cli.PatternOptionBuilderTest testNumberPattern_withlog0:testClassPattern_withlog0:testExistingFilePattern_withlog0:testSimplePattern_withlog0:testURLPattern_withlog0:testObjectPattern_withlog0:testNumberPattern_withlog1:testClassPattern_withlog1:testExistingFilePattern_withlog1:testSimplePattern_withlog1:testURLPattern_withlog1:testObjectPattern_withlog1:testNumberPattern_withlog2:testClassPattern_withlog2:testExistingFilePattern_withlog2:testSimplePattern_withlog2:testURLPattern_withlog2:testObjectPattern_withlog2
File saved to the following path: /tmp/icst-2019/september-2018/dataset/commons-cli_parent/target/dspot/observations.ser
File saved to the following path: /tmp/icst-2019/september-2018/dataset/commons-cli_parent/target/dspot/TestListener.ser
Exception found converting v to desired type: Unable to parse the URL: foo://commons.apache.org
Exception found converting v to desired type: Unable to parse the URL: foo://commons.apache.org
Exception found converting v to desired type: Unable to parse the URL: foo://commons.apache.org
Exception found converting i to desired type: java.lang.IllegalAccessException; Unable to create an instance of: java.util.Calendar
Exception found converting i to desired type: java.lang.IllegalAccessException; Unable to create an instance of: java.util.Calendar
Exception found converting i to desired type: java.lang.IllegalAccessException; Unable to create an instance of: java.util.Calendar
Exception found converting d to desired type: Unable to find the class: System.DateTime
Exception found converting d to desired type: Unable to find the class: System.DateTime
Exception found converting d to desired type: Unable to find the class: System.DateTime
Exception found converting x to desired type: For input string: "3,5"
Exception found converting x to desired type: For input string: "3,5"
Exception found converting x to desired type: For input string: "3,5"
Loading /tmp/icst-2019/september-2018/dataset/commons-cli_parent/target/dspot/TestListener.ser
[INFO] Test has been run: testExistingFilePattern_withlog0,testExistingFilePattern_withlog1,testExistingFilePattern_withlog2,testSimplePattern_withlog0,testSimplePattern_withlog1,testSimplePattern_withlog2,testURLPattern_withlog0(org.apache.commons.cli.PatternOptionBuilderTest): null,testURLPattern_withlog1(org.apache.commons.cli.PatternOptionBuilderTest): null,testURLPattern_withlog2(org.apache.commons.cli.PatternOptionBuilderTest): null,testObjectPattern_withlog0(org.apache.commons.cli.PatternOptionBuilderTest): null,testObjectPattern_withlog1(org.apache.commons.cli.PatternOptionBuilderTest): null,testObjectPattern_withlog2(org.apache.commons.cli.PatternOptionBuilderTest): null,testClassPattern_withlog0(org.apache.commons.cli.PatternOptionBuilderTest): null,testClassPattern_withlog1(org.apache.commons.cli.PatternOptionBuilderTest): null,testClassPattern_withlog2(org.apache.commons.cli.PatternOptionBuilderTest): null,testNumberPattern_withlog0(org.apache.commons.cli.PatternOptionBuilderTest): null,testNumberPattern_withlog1(org.apache.commons.cli.PatternOptionBuilderTest): null,testNumberPattern_withlog2(org.apache.commons.cli.PatternOptionBuilderTest): null
[WARNING] Some instrumented test failed!
[INFO] Generating assertions...
[INFO] 6 new tests with assertions generated
[ERROR] Error(s) during compilation:
[ERROR] Pb(100) The method isEmpty() is undefined for the type Object
[ERROR] Pb(100) The method isEmpty() is undefined for the type Object
[ERROR] Pb(100) The method isEmpty() is undefined for the type Object
[ERROR] Pb(100) The method isEmpty() is undefined for the type Object
[ERROR] Pb(100) The method isEmpty() is undefined for the type Object
[ERROR] Pb(100) The method isEmpty() is undefined for the type Object
[INFO] Run: java -classpath /tmp/icst-2019/september-2018/dataset/commons-cli_parent/target/test-classes:/tmp/icst-2019/september-2018/dataset/commons-cli_parent/target/classes/:/home/spirals/danglot/.m2/repository/junit/junit/4.12/junit-4.12.jar:/home/spirals/danglot/.m2/repository/org/hamcrest/hamcrest-core/1.3/hamcrest-core-1.3.jar:/tmp/icst-2019/september-2018/dataset/commons-cli_parent/target/dspot/dependencies/:/home/spirals/danglot/.m2/repository/eu/stamp-project/test-runner/1.1.0/test-runner-1.1.0-jar-with-dependencies.jar eu.stamp_project.testrunner.runner.test.TestRunner org.apache.commons.cli.PatternOptionBuilderTest testNumberPattern:testClassPattern:testExistingFilePattern:testURLPattern:testObjectPattern
File saved to the following path: /tmp/icst-2019/september-2018/dataset/commons-cli_parent/target/dspot/TestListener.ser
Exception found converting v to desired type: Unable to parse the URL: foo://commons.apache.org
Exception found converting d to desired type: Unable to find the class: System.DateTime
Exception found converting x to desired type: For input string: "3,5"
Exception found converting i to desired type: java.lang.IllegalAccessException; Unable to create an instance of: java.util.Calendar
Exception found converting n to desired type: Unable to find the class: System.DateTime
Loading /tmp/icst-2019/september-2018/dataset/commons-cli_parent/target/dspot/TestListener.ser
[INFO] Test has been run: testURLPattern,testClassPattern,testNumberPattern,testObjectPattern,testExistingFilePattern(org.apache.commons.cli.PatternOptionBuilderTest): expected:<273205243904> but was:<273205100544>
[INFO] Assertion amplification: 4 test method(s) has been successfully amplified.
[WARN] 2018-09-22 12:40:36 Launcher - You specified the directory /tmp/icst-2019/september-2018/dataset/commons-cli/target/classes in source classpath, please note that only class files will be considered. Jars and subdirectories will be ignored.
[WARN] 2018-09-22 12:40:36 Launcher - You specified the directory /tmp/icst-2019/september-2018/dataset/commons-cli/target/test-classes in source classpath, please note that only class files will be considered. Jars and subdirectories will be ignored.
[WARN] 2018-09-22 12:40:36 Launcher - You specified the directory /tmp/icst-2019/september-2018/dataset/commons-cli/target/dspot/dependencies in source classpath, please note that only class files will be considered. Jars and subdirectories will be ignored.
[INFO] Run: java -classpath /tmp/icst-2019/september-2018/dataset/commons-cli/target/classes/:/tmp/icst-2019/september-2018/dataset/commons-cli/target/test-classes/:/home/spirals/danglot/.m2/repository/junit/junit/4.12/junit-4.12.jar:/home/spirals/danglot/.m2/repository/org/hamcrest/hamcrest-core/1.3/hamcrest-core-1.3.jar:/tmp/icst-2019/september-2018/dataset/commons-cli/target/dspot/dependencies/:/home/spirals/danglot/.m2/repository/eu/stamp-project/test-runner/1.1.0/test-runner-1.1.0-jar-with-dependencies.jar eu.stamp_project.testrunner.runner.test.TestRunner org.apache.commons.cli.PatternOptionBuilderTest testNumberPattern:testClassPattern:testURLPattern:testObjectPattern
File saved to the following path: /tmp/icst-2019/september-2018/dataset/commons-cli_parent/target/dspot/TestListener.ser
Exception found converting v to desired type: Unable to parse the URL: foo://commons.apache.org
Exception found converting d to desired type: Unable to find the class: System.DateTime
Exception found converting x to desired type: For input string: "3,5"
Exception found converting i to desired type: java.lang.IllegalAccessException; Unable to create an instance of: java.util.Calendar
Exception found converting n to desired type: Unable to find the class: System.DateTime
Loading /tmp/icst-2019/september-2018/dataset/commons-cli_parent/target/dspot/TestListener.ser
[INFO] Test has been run: testURLPattern,testClassPattern,testNumberPattern,testObjectPattern
[INFO] 0 amplified test methods has been selected to be kept. (global: 0)
[INFO] elapsedTime 27020
======= REPORT =======
0 amplified test fails on the new versions.

[WARNING] DSpot could not obtain any amplified test method.
[WARNING] You can customize the following options: --amplifiers, --test-criterion, --iteration, --budgetizer etc, and retry with a new configuration.
[INFO] Amplification of org.apache.commons.cli.CommandLineTest (3 test(s))
[INFO] Assertion amplification of org.apache.commons.cli.CommandLineTest (3 test(s))
[INFO] Run: java -classpath /tmp/icst-2019/september-2018/dataset/commons-cli_parent/target/test-classes:/tmp/icst-2019/september-2018/dataset/commons-cli_parent/target/classes/:/home/spirals/danglot/.m2/repository/junit/junit/4.12/junit-4.12.jar:/home/spirals/danglot/.m2/repository/org/hamcrest/hamcrest-core/1.3/hamcrest-core-1.3.jar:/tmp/icst-2019/september-2018/dataset/commons-cli_parent/target/dspot/dependencies/:/home/spirals/danglot/.m2/repository/eu/stamp-project/test-runner/1.1.0/test-runner-1.1.0-jar-with-dependencies.jar eu.stamp_project.testrunner.runner.test.TestRunner org.apache.commons.cli.CommandLineTest testGetParsedOptionValueWithChar:testGetParsedOptionValueWithOption:testGetParsedOptionValue
File saved to the following path: /tmp/icst-2019/september-2018/dataset/commons-cli_parent/target/dspot/TestListener.ser
Loading /tmp/icst-2019/september-2018/dataset/commons-cli_parent/target/dspot/TestListener.ser
[INFO] Test has been run: testGetParsedOptionValue,testGetParsedOptionValueWithOption,testGetParsedOptionValueWithChar
[INFO] Run tests. (3)
[INFO] Run: java -classpath /tmp/icst-2019/september-2018/dataset/commons-cli_parent/target/test-classes:/tmp/icst-2019/september-2018/dataset/commons-cli_parent/target/classes/:/home/spirals/danglot/.m2/repository/junit/junit/4.12/junit-4.12.jar:/home/spirals/danglot/.m2/repository/org/hamcrest/hamcrest-core/1.3/hamcrest-core-1.3.jar:/tmp/icst-2019/september-2018/dataset/commons-cli_parent/target/dspot/dependencies/:/home/spirals/danglot/.m2/repository/eu/stamp-project/test-runner/1.1.0/test-runner-1.1.0-jar-with-dependencies.jar eu.stamp_project.testrunner.runner.test.TestRunner org.apache.commons.cli.CommandLineTest testGetParsedOptionValueWithChar:testGetParsedOptionValueWithOption:testGetParsedOptionValue
File saved to the following path: /tmp/icst-2019/september-2018/dataset/commons-cli_parent/target/dspot/TestListener.ser
Loading /tmp/icst-2019/september-2018/dataset/commons-cli_parent/target/dspot/TestListener.ser
[INFO] Test has been run: testGetParsedOptionValue,testGetParsedOptionValueWithOption,testGetParsedOptionValueWithChar
[INFO] 3 test pass, generating assertion...
[INFO] Add observations points in passing tests.
[INFO] Instrumentation...
 33% |================ ]/ 66% |================================= ]-100% |================================================== ]\
[INFO] Run instrumented tests. (9)
[INFO] Run: java -classpath /tmp/icst-2019/september-2018/dataset/commons-cli_parent/target/test-classes:/tmp/icst-2019/september-2018/dataset/commons-cli_parent/target/classes/:/home/spirals/danglot/.m2/repository/junit/junit/4.12/junit-4.12.jar:/home/spirals/danglot/.m2/repository/org/hamcrest/hamcrest-core/1.3/hamcrest-core-1.3.jar:/tmp/icst-2019/september-2018/dataset/commons-cli_parent/target/dspot/dependencies/:/home/spirals/danglot/.m2/repository/eu/stamp-project/test-runner/1.1.0/test-runner-1.1.0-jar-with-dependencies.jar eu.stamp_project.testrunner.runner.test.TestRunner org.apache.commons.cli.CommandLineTest testGetParsedOptionValueWithChar_withlog0:testGetParsedOptionValueWithOption_withlog0:testGetParsedOptionValue_withlog0:testGetParsedOptionValueWithChar_withlog1:testGetParsedOptionValueWithOption_withlog1:testGetParsedOptionValue_withlog1:testGetParsedOptionValueWithChar_withlog2:testGetParsedOptionValueWithOption_withlog2:testGetParsedOptionValue_withlog2
File saved to the following path: /tmp/icst-2019/september-2018/dataset/commons-cli_parent/target/dspot/observations.ser
File saved to the following path: /tmp/icst-2019/september-2018/dataset/commons-cli_parent/target/dspot/TestListener.ser
Loading /tmp/icst-2019/september-2018/dataset/commons-cli_parent/target/dspot/TestListener.ser
[INFO] Test has been run: testGetParsedOptionValue_withlog0,testGetParsedOptionValue_withlog1,testGetParsedOptionValue_withlog2,testGetParsedOptionValueWithChar_withlog0,testGetParsedOptionValueWithChar_withlog1,testGetParsedOptionValueWithChar_withlog2,testGetParsedOptionValueWithOption_withlog0,testGetParsedOptionValueWithOption_withlog1,testGetParsedOptionValueWithOption_withlog2
[INFO] Generating assertions...
[INFO] 3 new tests with assertions generated
[INFO] Run: java -classpath /tmp/icst-2019/september-2018/dataset/commons-cli_parent/target/test-classes:/tmp/icst-2019/september-2018/dataset/commons-cli_parent/target/classes/:/home/spirals/danglot/.m2/repository/junit/junit/4.12/junit-4.12.jar:/home/spirals/danglot/.m2/repository/org/hamcrest/hamcrest-core/1.3/hamcrest-core-1.3.jar:/tmp/icst-2019/september-2018/dataset/commons-cli_parent/target/dspot/dependencies/:/home/spirals/danglot/.m2/repository/eu/stamp-project/test-runner/1.1.0/test-runner-1.1.0-jar-with-dependencies.jar eu.stamp_project.testrunner.runner.test.TestRunner org.apache.commons.cli.CommandLineTest testGetParsedOptionValueWithChar:testGetParsedOptionValueWithOption:testGetParsedOptionValue
File saved to the following path: /tmp/icst-2019/september-2018/dataset/commons-cli_parent/target/dspot/TestListener.ser
Loading /tmp/icst-2019/september-2018/dataset/commons-cli_parent/target/dspot/TestListener.ser
[INFO] Test has been run: testGetParsedOptionValue,testGetParsedOptionValueWithOption,testGetParsedOptionValueWithChar
[INFO] Assertion amplification: 3 test method(s) has been successfully amplified.
[WARN] 2018-09-22 12:40:40 Launcher - You specified the directory /tmp/icst-2019/september-2018/dataset/commons-cli/target/classes in source classpath, please note that only class files will be considered. Jars and subdirectories will be ignored.
[WARN] 2018-09-22 12:40:40 Launcher - You specified the directory /tmp/icst-2019/september-2018/dataset/commons-cli/target/test-classes in source classpath, please note that only class files will be considered. Jars and subdirectories will be ignored.
[WARN] 2018-09-22 12:40:40 Launcher - You specified the directory /tmp/icst-2019/september-2018/dataset/commons-cli/target/dspot/dependencies in source classpath, please note that only class files will be considered. Jars and subdirectories will be ignored.
[INFO] Run: java -classpath /tmp/icst-2019/september-2018/dataset/commons-cli/target/classes/:/tmp/icst-2019/september-2018/dataset/commons-cli/target/test-classes/:/home/spirals/danglot/.m2/repository/junit/junit/4.12/junit-4.12.jar:/home/spirals/danglot/.m2/repository/org/hamcrest/hamcrest-core/1.3/hamcrest-core-1.3.jar:/tmp/icst-2019/september-2018/dataset/commons-cli/target/dspot/dependencies/:/home/spirals/danglot/.m2/repository/eu/stamp-project/test-runner/1.1.0/test-runner-1.1.0-jar-with-dependencies.jar eu.stamp_project.testrunner.runner.test.TestRunner org.apache.commons.cli.CommandLineTest testGetParsedOptionValueWithChar:testGetParsedOptionValueWithOption:testGetParsedOptionValue
File saved to the following path: /tmp/icst-2019/september-2018/dataset/commons-cli_parent/target/dspot/TestListener.ser
Loading /tmp/icst-2019/september-2018/dataset/commons-cli_parent/target/dspot/TestListener.ser
[INFO] Test has been run: testGetParsedOptionValue,testGetParsedOptionValueWithOption,testGetParsedOptionValueWithChar
[INFO] 0 amplified test methods has been selected to be kept. (global: 0)
[INFO] elapsedTime 3877
======= REPORT =======
0 amplified test fails on the new versions.

[WARNING] DSpot could not obtain any amplified test method.
[WARNING] You can customize the following options: --amplifiers, --test-criterion, --iteration, --budgetizer etc, and retry with a new configuration.
[INFO] Amplification succeed.
[INFO] Elapsed time 31448 ms
[INFO] ------------------------------------------------------------------------
[INFO] BUILD SUCCESS
[INFO] ------------------------------------------------------------------------
[INFO] Total time: 59.060 s
[INFO] Finished at: 2018-09-22T12:40:41+02:00
[INFO] ------------------------------------------------------------------------
