Apache Maven 3.5.4 (1edded0938998edf8bf061f1ceb3cfdeccf443fe; 2018-06-17T20:33:14+02:00)
Maven home: /home/spirals/danglot/apache-maven-3.5.4
Java version: 1.8.0_121, vendor: Oracle Corporation, runtime: /home/spirals/danglot/jdk1.8.0_121/jre
Default locale: en_US, platform encoding: ANSI_X3.4-1968
OS name: "linux", version: "3.16.0-4-amd64", arch: "amd64", family: "unix"
[DEBUG] Created new class realm maven.api
[DEBUG] Importing foreign packages into class realm maven.api
[DEBUG]   Imported: javax.annotation.* < plexus.core
[DEBUG]   Imported: javax.annotation.security.* < plexus.core
[DEBUG]   Imported: javax.enterprise.inject.* < plexus.core
[DEBUG]   Imported: javax.enterprise.util.* < plexus.core
[DEBUG]   Imported: javax.inject.* < plexus.core
[DEBUG]   Imported: org.apache.maven.* < plexus.core
[DEBUG]   Imported: org.apache.maven.artifact < plexus.core
[DEBUG]   Imported: org.apache.maven.classrealm < plexus.core
[DEBUG]   Imported: org.apache.maven.cli < plexus.core
[DEBUG]   Imported: org.apache.maven.configuration < plexus.core
[DEBUG]   Imported: org.apache.maven.exception < plexus.core
[DEBUG]   Imported: org.apache.maven.execution < plexus.core
[DEBUG]   Imported: org.apache.maven.execution.scope < plexus.core
[DEBUG]   Imported: org.apache.maven.lifecycle < plexus.core
[DEBUG]   Imported: org.apache.maven.model < plexus.core
[DEBUG]   Imported: org.apache.maven.monitor < plexus.core
[DEBUG]   Imported: org.apache.maven.plugin < plexus.core
[DEBUG]   Imported: org.apache.maven.profiles < plexus.core
[DEBUG]   Imported: org.apache.maven.project < plexus.core
[DEBUG]   Imported: org.apache.maven.reporting < plexus.core
[DEBUG]   Imported: org.apache.maven.repository < plexus.core
[DEBUG]   Imported: org.apache.maven.rtinfo < plexus.core
[DEBUG]   Imported: org.apache.maven.settings < plexus.core
[DEBUG]   Imported: org.apache.maven.toolchain < plexus.core
[DEBUG]   Imported: org.apache.maven.usability < plexus.core
[DEBUG]   Imported: org.apache.maven.wagon.* < plexus.core
[DEBUG]   Imported: org.apache.maven.wagon.authentication < plexus.core
[DEBUG]   Imported: org.apache.maven.wagon.authorization < plexus.core
[DEBUG]   Imported: org.apache.maven.wagon.events < plexus.core
[DEBUG]   Imported: org.apache.maven.wagon.observers < plexus.core
[DEBUG]   Imported: org.apache.maven.wagon.proxy < plexus.core
[DEBUG]   Imported: org.apache.maven.wagon.repository < plexus.core
[DEBUG]   Imported: org.apache.maven.wagon.resource < plexus.core
[DEBUG]   Imported: org.codehaus.classworlds < plexus.core
[DEBUG]   Imported: org.codehaus.plexus.* < plexus.core
[DEBUG]   Imported: org.codehaus.plexus.classworlds < plexus.core
[DEBUG]   Imported: org.codehaus.plexus.component < plexus.core
[DEBUG]   Imported: org.codehaus.plexus.configuration < plexus.core
[DEBUG]   Imported: org.codehaus.plexus.container < plexus.core
[DEBUG]   Imported: org.codehaus.plexus.context < plexus.core
[DEBUG]   Imported: org.codehaus.plexus.lifecycle < plexus.core
[DEBUG]   Imported: org.codehaus.plexus.logging < plexus.core
[DEBUG]   Imported: org.codehaus.plexus.personality < plexus.core
[DEBUG]   Imported: org.codehaus.plexus.util.xml.Xpp3Dom < plexus.core
[DEBUG]   Imported: org.codehaus.plexus.util.xml.pull.XmlPullParser < plexus.core
[DEBUG]   Imported: org.codehaus.plexus.util.xml.pull.XmlPullParserException < plexus.core
[DEBUG]   Imported: org.codehaus.plexus.util.xml.pull.XmlSerializer < plexus.core
[DEBUG]   Imported: org.eclipse.aether.* < plexus.core
[DEBUG]   Imported: org.eclipse.aether.artifact < plexus.core
[DEBUG]   Imported: org.eclipse.aether.collection < plexus.core
[DEBUG]   Imported: org.eclipse.aether.deployment < plexus.core
[DEBUG]   Imported: org.eclipse.aether.graph < plexus.core
[DEBUG]   Imported: org.eclipse.aether.impl < plexus.core
[DEBUG]   Imported: org.eclipse.aether.installation < plexus.core
[DEBUG]   Imported: org.eclipse.aether.internal.impl < plexus.core
[DEBUG]   Imported: org.eclipse.aether.metadata < plexus.core
[DEBUG]   Imported: org.eclipse.aether.repository < plexus.core
[DEBUG]   Imported: org.eclipse.aether.resolution < plexus.core
[DEBUG]   Imported: org.eclipse.aether.spi < plexus.core
[DEBUG]   Imported: org.eclipse.aether.transfer < plexus.core
[DEBUG]   Imported: org.eclipse.aether.version < plexus.core
[DEBUG]   Imported: org.fusesource.jansi.* < plexus.core
[DEBUG]   Imported: org.slf4j.* < plexus.core
[DEBUG]   Imported: org.slf4j.helpers.* < plexus.core
[DEBUG]   Imported: org.slf4j.spi.* < plexus.core
[DEBUG] Populating class realm maven.api
[INFO] Error stacktraces are turned on.
[DEBUG] Message scheme: color
[DEBUG] Message styles: debug info warning error success failure strong mojo project
[DEBUG] Reading global settings from /home/spirals/danglot/apache-maven-3.5.4/conf/settings.xml
[DEBUG] Reading user settings from /home/spirals/danglot/.m2/settings.xml
[DEBUG] Reading global toolchains from /home/spirals/danglot/apache-maven-3.5.4/conf/toolchains.xml
[DEBUG] Reading user toolchains from /home/spirals/danglot/.m2/toolchains.xml
[DEBUG] Using local repository at /home/spirals/danglot/.m2/repository
[DEBUG] Using manager EnhancedLocalRepositoryManager with priority 10.0 for /home/spirals/danglot/.m2/repository
[INFO] Scanning for projects...
[DEBUG] Extension realms for project joda-time:joda-time:jar:2.9.9: (none)
[DEBUG] Looking up lifecycle mappings for packaging jar from ClassRealm[plexus.core, parent: null]
[WARNING] The project joda-time:joda-time:jar:2.9.9 uses prerequisites which is only intended for maven-plugin projects but not for non maven-plugin projects. For such purposes you should use the maven-enforcer-plugin. See https://maven.apache.org/enforcer/enforcer-rules/requireMavenVersion.html
[DEBUG] === REACTOR BUILD PLAN ================================================
[DEBUG] Project: joda-time:joda-time:jar:2.9.9
[DEBUG] Tasks:   [eu.stamp-project:dspot-maven:1.1.1-SNAPSHOT:amplify-unit-tests]
[DEBUG] Style:   Regular
[DEBUG] =======================================================================
[INFO] 
[INFO] ------------------------< joda-time:joda-time >-------------------------
[INFO] Building Joda-Time 2.9.9
[INFO] --------------------------------[ jar ]---------------------------------
[DEBUG] Lifecycle default -> [validate, initialize, generate-sources, process-sources, generate-resources, process-resources, compile, process-classes, generate-test-sources, process-test-sources, generate-test-resources, process-test-resources, test-compile, process-test-classes, test, prepare-package, package, pre-integration-test, integration-test, post-integration-test, verify, install, deploy]
[DEBUG] Lifecycle clean -> [pre-clean, clean, post-clean]
[DEBUG] Lifecycle site -> [pre-site, site, post-site, site-deploy]
[DEBUG] === PROJECT BUILD PLAN ================================================
[DEBUG] Project:       joda-time:joda-time:2.9.9
[DEBUG] Dependencies (collect): []
[DEBUG] Dependencies (resolve): [test]
[DEBUG] Repositories (dependencies): [central (https://repo.maven.apache.org/maven2, default, releases)]
[DEBUG] Repositories (plugins)     : [central (https://repo.maven.apache.org/maven2, default, releases)]
[DEBUG] -----------------------------------------------------------------------
[DEBUG] Goal:          eu.stamp-project:dspot-maven:1.1.1-SNAPSHOT:amplify-unit-tests (default-cli)
[DEBUG] Style:         Regular
[DEBUG] Configuration: <?xml version="1.0" encoding="UTF-8"?>
<configuration>
  <amplifiers default-value="None">${amplifiers}</amplifiers>
  <automaticBuilder default-value="MavenBuilder">${automatic-builder}</automaticBuilder>
  <budgetizer default-value="NoBudgetizer">${budgetizer}</budgetizer>
  <cases>${cases}</cases>
  <clean default-value="false">${clean}</clean>
  <descartes default-value="false">${descartes}</descartes>
  <example default-value="false">${example}</example>
  <generateNewTestClass default-value="false">${generate-new-test-class}</generateNewTestClass>
  <help default-value="false">${help}</help>
  <iteration default-value="3">${iteration}</iteration>
  <mavenHome>${maven-home}</mavenHome>
  <maxTestAmplified default-value="200">${max-test-amplified}</maxTestAmplified>
  <noMinimize default-value="false">${no-minimize}</noMinimize>
  <outputPath default-value="target/dspot/output">${output-path}</outputPath>
  <pathPitResult>${path-pit-result}</pathPitResult>
  <pathToProperties default-value="">${path-to-properties}</pathToProperties>
  <pathToSecondVersion default-value="">${path-to-second-version}</pathToSecondVersion>
  <pathToTestListCsv default-value="">${path-to-test-list-csv}</pathToTestListCsv>
  <project default-value="${project}"/>
  <randomSeed default-value="23">${randomSeed}</randomSeed>
  <test default-value="all">${test}</test>
  <testCriterion default-value="PitMutantScoreSelector">${test-criterion}</testCriterion>
  <timeOut default-value="10000">${timeOut}</timeOut>
  <useMavenToExeTest default-value="false">${use-maven-to-exe-test}</useMavenToExeTest>
  <verbose default-value="false">${verbose}</verbose>
  <withComment default-value="false">${with-comment}</withComment>
  <workingDirectory default-value="false">${working-directory}</workingDirectory>
</configuration>
[DEBUG] =======================================================================
[DEBUG] Dependency collection stats: {ConflictMarker.analyzeTime=638244, ConflictMarker.markTime=410106, ConflictMarker.nodeCount=3, ConflictIdSorter.graphTime=352826, ConflictIdSorter.topsortTime=325543, ConflictIdSorter.conflictIdCount=2, ConflictIdSorter.conflictIdCycleCount=0, ConflictResolver.totalTime=2762889, ConflictResolver.conflictItemCount=2, DefaultDependencyCollector.collectTime=20844174, DefaultDependencyCollector.transformTime=6583004}
[DEBUG] joda-time:joda-time:jar:2.9.9
[DEBUG]    org.joda:joda-convert:jar:1.2:compile (optional)
[DEBUG]    junit:junit:jar:3.8.2:test
[INFO] 
[INFO] --- dspot-maven:1.1.1-SNAPSHOT:amplify-unit-tests (default-cli) @ joda-time ---
[DEBUG] Failure to find eu.stamp-project:dspot:1.1.1-SNAPSHOT/maven-metadata.xml in https://repo.gradle.org/gradle/libs-releases-local/ was cached in the local repository, resolution will not be reattempted until the update interval of gradle-repo has elapsed or updates are forced
[DEBUG] Skipped remote request for eu.stamp-project:dspot:1.1.1-SNAPSHOT/maven-metadata.xml, locally cached metadata up-to-date.
[DEBUG] Using transporter WagonTransporter with priority -1.0 for https://stamp-project.github.io/stamp-maven-repository/
[DEBUG] Using connector BasicRepositoryConnector with priority 0.0 for https://stamp-project.github.io/stamp-maven-repository/
Downloading from stamp-maven-repository-mvn-repo: https://stamp-project.github.io/stamp-maven-repository/eu/stamp-project/dspot/1.1.1-SNAPSHOT/maven-metadata.xml
[DEBUG] Writing tracking file /home/spirals/danglot/.m2/repository/eu/stamp-project/dspot/1.1.1-SNAPSHOT/resolver-status.properties
[DEBUG] Could not find metadata eu.stamp-project:dspot:1.1.1-SNAPSHOT/maven-metadata.xml in stamp-maven-repository-mvn-repo (https://stamp-project.github.io/stamp-maven-repository/)
[DEBUG] Skipped remote request for eu.stamp-project:dspot:1.1.1-SNAPSHOT/maven-metadata.xml, already updated during this session.
[DEBUG] Failure to find eu.stamp-project:dspot:1.1.1-SNAPSHOT/maven-metadata.xml in https://stamp-project.github.io/stamp-maven-repository/ was cached in the local repository, resolution will not be reattempted until the update interval of stamp-maven-repository-mvn-repo has elapsed or updates are forced
[DEBUG] Failure to find eu.stamp-project:dspot:1.1.1-SNAPSHOT/maven-metadata.xml in https://repo.gradle.org/gradle/libs-releases-local/ was cached in the local repository, resolution will not be reattempted until the update interval of gradle-repo has elapsed or updates are forced
[DEBUG] Skipped remote request for eu.stamp-project:dspot:1.1.1-SNAPSHOT/maven-metadata.xml, locally cached metadata up-to-date.
[DEBUG] Could not find metadata fr.inria.gforge.spoon:spoon-core:7.1.0-SNAPSHOT/maven-metadata.xml in local (/home/spirals/danglot/.m2/repository)
[DEBUG] Failure to find fr.inria.gforge.spoon:spoon-core:7.1.0-SNAPSHOT/maven-metadata.xml in https://repo.gradle.org/gradle/libs-releases-local/ was cached in the local repository, resolution will not be reattempted until the update interval of gradle-repo has elapsed or updates are forced
[DEBUG] Failure to find fr.inria.gforge.spoon:spoon-core:7.1.0-SNAPSHOT/maven-metadata.xml in https://oss.sonatype.org/content/repositories/snapshots was cached in the local repository, resolution will not be reattempted until the update interval of sonatype-nexus-snapshots has elapsed or updates are forced
[DEBUG] Skipped remote request for fr.inria.gforge.spoon:spoon-core:7.1.0-SNAPSHOT/maven-metadata.xml, locally cached metadata up-to-date.
[DEBUG] Using transporter WagonTransporter with priority -1.0 for https://stamp-project.github.io/stamp-maven-repository/
[DEBUG] Using connector BasicRepositoryConnector with priority 0.0 for https://stamp-project.github.io/stamp-maven-repository/
Downloading from stamp-maven-repository-mvn-repo: https://stamp-project.github.io/stamp-maven-repository/fr/inria/gforge/spoon/spoon-core/7.1.0-SNAPSHOT/maven-metadata.xml
[DEBUG] Writing tracking file /home/spirals/danglot/.m2/repository/fr/inria/gforge/spoon/spoon-core/7.1.0-SNAPSHOT/resolver-status.properties
[DEBUG] Could not find metadata fr.inria.gforge.spoon:spoon-core:7.1.0-SNAPSHOT/maven-metadata.xml in stamp-maven-repository-mvn-repo (https://stamp-project.github.io/stamp-maven-repository/)
[DEBUG] Could not find metadata fr.inria.gforge.spoon:spoon-core:7.1.0-SNAPSHOT/maven-metadata.xml in local (/home/spirals/danglot/.m2/repository)
[DEBUG] Skipped remote request for fr.inria.gforge.spoon:spoon-core:7.1.0-SNAPSHOT/maven-metadata.xml, already updated during this session.
[DEBUG] Failure to find fr.inria.gforge.spoon:spoon-core:7.1.0-SNAPSHOT/maven-metadata.xml in https://stamp-project.github.io/stamp-maven-repository/ was cached in the local repository, resolution will not be reattempted until the update interval of stamp-maven-repository-mvn-repo has elapsed or updates are forced
[DEBUG] Failure to find fr.inria.gforge.spoon:spoon-core:7.1.0-SNAPSHOT/maven-metadata.xml in https://repo.gradle.org/gradle/libs-releases-local/ was cached in the local repository, resolution will not be reattempted until the update interval of gradle-repo has elapsed or updates are forced
[DEBUG] Failure to find fr.inria.gforge.spoon:spoon-core:7.1.0-SNAPSHOT/maven-metadata.xml in https://oss.sonatype.org/content/repositories/snapshots was cached in the local repository, resolution will not be reattempted until the update interval of sonatype-nexus-snapshots has elapsed or updates are forced
[DEBUG] Skipped remote request for fr.inria.gforge.spoon:spoon-core:7.1.0-SNAPSHOT/maven-metadata.xml, locally cached metadata up-to-date.
[DEBUG] Could not find metadata org.eclipse.platform:org.eclipse.core.resources/maven-metadata.xml in local (/home/spirals/danglot/.m2/repository)
[DEBUG] Skipped remote request for org.eclipse.platform:org.eclipse.core.resources/maven-metadata.xml, locally cached metadata up-to-date.
[DEBUG] Failure to find org.eclipse.platform:org.eclipse.core.resources/maven-metadata.xml in https://repo.gradle.org/gradle/libs-releases-local/ was cached in the local repository, resolution will not be reattempted until the update interval of gradle-repo has elapsed or updates are forced
[DEBUG] Failure to find org.eclipse.platform:org.eclipse.core.resources/maven-metadata.xml in https://oss.sonatype.org/content/repositories/snapshots was cached in the local repository, resolution will not be reattempted until the update interval of sonatype-nexus-snapshots has elapsed or updates are forced
[DEBUG] Failure to find org.eclipse.platform:org.eclipse.core.resources/maven-metadata.xml in http://maven.inria.fr/artifactory/spoon-public-snapshot was cached in the local repository, resolution will not be reattempted until the update interval of maven.inria.fr-snapshot has elapsed or updates are forced
[DEBUG] Failure to find org.eclipse.platform:org.eclipse.core.resources/maven-metadata.xml in http://maven.inria.fr/artifactory/triskell-public-release was cached in the local repository, resolution will not be reattempted until the update interval of inria has elapsed or updates are forced
[DEBUG] Using transporter WagonTransporter with priority -1.0 for https://stamp-project.github.io/stamp-maven-repository/
[DEBUG] Using connector BasicRepositoryConnector with priority 0.0 for https://stamp-project.github.io/stamp-maven-repository/
Downloading from stamp-maven-repository-mvn-repo: https://stamp-project.github.io/stamp-maven-repository/org/eclipse/platform/org.eclipse.core.resources/maven-metadata.xml
[DEBUG] Writing tracking file /home/spirals/danglot/.m2/repository/org/eclipse/platform/org.eclipse.core.resources/resolver-status.properties
[DEBUG] Could not find metadata org.eclipse.platform:org.eclipse.core.resources/maven-metadata.xml in stamp-maven-repository-mvn-repo (https://stamp-project.github.io/stamp-maven-repository/)
[DEBUG] Could not find metadata org.eclipse.platform:org.eclipse.core.expressions/maven-metadata.xml in local (/home/spirals/danglot/.m2/repository)
[DEBUG] Skipped remote request for org.eclipse.platform:org.eclipse.core.expressions/maven-metadata.xml, locally cached metadata up-to-date.
[DEBUG] Failure to find org.eclipse.platform:org.eclipse.core.expressions/maven-metadata.xml in https://repo.gradle.org/gradle/libs-releases-local/ was cached in the local repository, resolution will not be reattempted until the update interval of gradle-repo has elapsed or updates are forced
[DEBUG] Failure to find org.eclipse.platform:org.eclipse.core.expressions/maven-metadata.xml in https://oss.sonatype.org/content/repositories/snapshots was cached in the local repository, resolution will not be reattempted until the update interval of sonatype-nexus-snapshots has elapsed or updates are forced
[DEBUG] Failure to find org.eclipse.platform:org.eclipse.core.expressions/maven-metadata.xml in http://maven.inria.fr/artifactory/spoon-public-snapshot was cached in the local repository, resolution will not be reattempted until the update interval of maven.inria.fr-snapshot has elapsed or updates are forced
[DEBUG] Failure to find org.eclipse.platform:org.eclipse.core.expressions/maven-metadata.xml in http://maven.inria.fr/artifactory/triskell-public-release was cached in the local repository, resolution will not be reattempted until the update interval of inria has elapsed or updates are forced
[DEBUG] Using transporter WagonTransporter with priority -1.0 for https://stamp-project.github.io/stamp-maven-repository/
[DEBUG] Using connector BasicRepositoryConnector with priority 0.0 for https://stamp-project.github.io/stamp-maven-repository/
Downloading from stamp-maven-repository-mvn-repo: https://stamp-project.github.io/stamp-maven-repository/org/eclipse/platform/org.eclipse.core.expressions/maven-metadata.xml
[DEBUG] Writing tracking file /home/spirals/danglot/.m2/repository/org/eclipse/platform/org.eclipse.core.expressions/resolver-status.properties
[DEBUG] Could not find metadata org.eclipse.platform:org.eclipse.core.expressions/maven-metadata.xml in stamp-maven-repository-mvn-repo (https://stamp-project.github.io/stamp-maven-repository/)
[DEBUG] Could not find metadata org.eclipse.platform:org.eclipse.core.runtime/maven-metadata.xml in local (/home/spirals/danglot/.m2/repository)
[DEBUG] Skipped remote request for org.eclipse.platform:org.eclipse.core.runtime/maven-metadata.xml, locally cached metadata up-to-date.
[DEBUG] Failure to find org.eclipse.platform:org.eclipse.core.runtime/maven-metadata.xml in https://repo.gradle.org/gradle/libs-releases-local/ was cached in the local repository, resolution will not be reattempted until the update interval of gradle-repo has elapsed or updates are forced
[DEBUG] Failure to find org.eclipse.platform:org.eclipse.core.runtime/maven-metadata.xml in https://oss.sonatype.org/content/repositories/snapshots was cached in the local repository, resolution will not be reattempted until the update interval of sonatype-nexus-snapshots has elapsed or updates are forced
[DEBUG] Failure to find org.eclipse.platform:org.eclipse.core.runtime/maven-metadata.xml in http://maven.inria.fr/artifactory/spoon-public-snapshot was cached in the local repository, resolution will not be reattempted until the update interval of maven.inria.fr-snapshot has elapsed or updates are forced
[DEBUG] Failure to find org.eclipse.platform:org.eclipse.core.runtime/maven-metadata.xml in http://maven.inria.fr/artifactory/triskell-public-release was cached in the local repository, resolution will not be reattempted until the update interval of inria has elapsed or updates are forced
[DEBUG] Using transporter WagonTransporter with priority -1.0 for https://stamp-project.github.io/stamp-maven-repository/
[DEBUG] Using connector BasicRepositoryConnector with priority 0.0 for https://stamp-project.github.io/stamp-maven-repository/
Downloading from stamp-maven-repository-mvn-repo: https://stamp-project.github.io/stamp-maven-repository/org/eclipse/platform/org.eclipse.core.runtime/maven-metadata.xml
[DEBUG] Writing tracking file /home/spirals/danglot/.m2/repository/org/eclipse/platform/org.eclipse.core.runtime/resolver-status.properties
[DEBUG] Could not find metadata org.eclipse.platform:org.eclipse.core.runtime/maven-metadata.xml in stamp-maven-repository-mvn-repo (https://stamp-project.github.io/stamp-maven-repository/)
[DEBUG] Could not find metadata org.eclipse.platform:org.eclipse.osgi/maven-metadata.xml in local (/home/spirals/danglot/.m2/repository)
[DEBUG] Skipped remote request for org.eclipse.platform:org.eclipse.osgi/maven-metadata.xml, locally cached metadata up-to-date.
[DEBUG] Failure to find org.eclipse.platform:org.eclipse.osgi/maven-metadata.xml in https://repo.gradle.org/gradle/libs-releases-local/ was cached in the local repository, resolution will not be reattempted until the update interval of gradle-repo has elapsed or updates are forced
[DEBUG] Failure to find org.eclipse.platform:org.eclipse.osgi/maven-metadata.xml in https://oss.sonatype.org/content/repositories/snapshots was cached in the local repository, resolution will not be reattempted until the update interval of sonatype-nexus-snapshots has elapsed or updates are forced
[DEBUG] Failure to find org.eclipse.platform:org.eclipse.osgi/maven-metadata.xml in http://maven.inria.fr/artifactory/spoon-public-snapshot was cached in the local repository, resolution will not be reattempted until the update interval of maven.inria.fr-snapshot has elapsed or updates are forced
[DEBUG] Failure to find org.eclipse.platform:org.eclipse.osgi/maven-metadata.xml in http://maven.inria.fr/artifactory/triskell-public-release was cached in the local repository, resolution will not be reattempted until the update interval of inria has elapsed or updates are forced
[DEBUG] Using transporter WagonTransporter with priority -1.0 for https://stamp-project.github.io/stamp-maven-repository/
[DEBUG] Using connector BasicRepositoryConnector with priority 0.0 for https://stamp-project.github.io/stamp-maven-repository/
Downloading from stamp-maven-repository-mvn-repo: https://stamp-project.github.io/stamp-maven-repository/org/eclipse/platform/org.eclipse.osgi/maven-metadata.xml
[DEBUG] Writing tracking file /home/spirals/danglot/.m2/repository/org/eclipse/platform/org.eclipse.osgi/resolver-status.properties
[DEBUG] Could not find metadata org.eclipse.platform:org.eclipse.osgi/maven-metadata.xml in stamp-maven-repository-mvn-repo (https://stamp-project.github.io/stamp-maven-repository/)
[DEBUG] Could not find metadata org.eclipse.platform:org.eclipse.equinox.common/maven-metadata.xml in local (/home/spirals/danglot/.m2/repository)
[DEBUG] Skipped remote request for org.eclipse.platform:org.eclipse.equinox.common/maven-metadata.xml, locally cached metadata up-to-date.
[DEBUG] Failure to find org.eclipse.platform:org.eclipse.equinox.common/maven-metadata.xml in https://repo.gradle.org/gradle/libs-releases-local/ was cached in the local repository, resolution will not be reattempted until the update interval of gradle-repo has elapsed or updates are forced
[DEBUG] Failure to find org.eclipse.platform:org.eclipse.equinox.common/maven-metadata.xml in https://oss.sonatype.org/content/repositories/snapshots was cached in the local repository, resolution will not be reattempted until the update interval of sonatype-nexus-snapshots has elapsed or updates are forced
[DEBUG] Failure to find org.eclipse.platform:org.eclipse.equinox.common/maven-metadata.xml in http://maven.inria.fr/artifactory/spoon-public-snapshot was cached in the local repository, resolution will not be reattempted until the update interval of maven.inria.fr-snapshot has elapsed or updates are forced
[DEBUG] Failure to find org.eclipse.platform:org.eclipse.equinox.common/maven-metadata.xml in http://maven.inria.fr/artifactory/triskell-public-release was cached in the local repository, resolution will not be reattempted until the update interval of inria has elapsed or updates are forced
[DEBUG] Using transporter WagonTransporter with priority -1.0 for https://stamp-project.github.io/stamp-maven-repository/
[DEBUG] Using connector BasicRepositoryConnector with priority 0.0 for https://stamp-project.github.io/stamp-maven-repository/
Downloading from stamp-maven-repository-mvn-repo: https://stamp-project.github.io/stamp-maven-repository/org/eclipse/platform/org.eclipse.equinox.common/maven-metadata.xml
[DEBUG] Writing tracking file /home/spirals/danglot/.m2/repository/org/eclipse/platform/org.eclipse.equinox.common/resolver-status.properties
[DEBUG] Could not find metadata org.eclipse.platform:org.eclipse.equinox.common/maven-metadata.xml in stamp-maven-repository-mvn-repo (https://stamp-project.github.io/stamp-maven-repository/)
[DEBUG] Could not find metadata org.eclipse.platform:org.eclipse.core.jobs/maven-metadata.xml in local (/home/spirals/danglot/.m2/repository)
[DEBUG] Skipped remote request for org.eclipse.platform:org.eclipse.core.jobs/maven-metadata.xml, locally cached metadata up-to-date.
[DEBUG] Failure to find org.eclipse.platform:org.eclipse.core.jobs/maven-metadata.xml in https://repo.gradle.org/gradle/libs-releases-local/ was cached in the local repository, resolution will not be reattempted until the update interval of gradle-repo has elapsed or updates are forced
[DEBUG] Failure to find org.eclipse.platform:org.eclipse.core.jobs/maven-metadata.xml in https://oss.sonatype.org/content/repositories/snapshots was cached in the local repository, resolution will not be reattempted until the update interval of sonatype-nexus-snapshots has elapsed or updates are forced
[DEBUG] Failure to find org.eclipse.platform:org.eclipse.core.jobs/maven-metadata.xml in http://maven.inria.fr/artifactory/spoon-public-snapshot was cached in the local repository, resolution will not be reattempted until the update interval of maven.inria.fr-snapshot has elapsed or updates are forced
[DEBUG] Failure to find org.eclipse.platform:org.eclipse.core.jobs/maven-metadata.xml in http://maven.inria.fr/artifactory/triskell-public-release was cached in the local repository, resolution will not be reattempted until the update interval of inria has elapsed or updates are forced
[DEBUG] Using transporter WagonTransporter with priority -1.0 for https://stamp-project.github.io/stamp-maven-repository/
[DEBUG] Using connector BasicRepositoryConnector with priority 0.0 for https://stamp-project.github.io/stamp-maven-repository/
Downloading from stamp-maven-repository-mvn-repo: https://stamp-project.github.io/stamp-maven-repository/org/eclipse/platform/org.eclipse.core.jobs/maven-metadata.xml
[DEBUG] Writing tracking file /home/spirals/danglot/.m2/repository/org/eclipse/platform/org.eclipse.core.jobs/resolver-status.properties
[DEBUG] Could not find metadata org.eclipse.platform:org.eclipse.core.jobs/maven-metadata.xml in stamp-maven-repository-mvn-repo (https://stamp-project.github.io/stamp-maven-repository/)
[DEBUG] Could not find metadata org.eclipse.platform:org.eclipse.equinox.registry/maven-metadata.xml in local (/home/spirals/danglot/.m2/repository)
[DEBUG] Skipped remote request for org.eclipse.platform:org.eclipse.equinox.registry/maven-metadata.xml, locally cached metadata up-to-date.
[DEBUG] Failure to find org.eclipse.platform:org.eclipse.equinox.registry/maven-metadata.xml in https://repo.gradle.org/gradle/libs-releases-local/ was cached in the local repository, resolution will not be reattempted until the update interval of gradle-repo has elapsed or updates are forced
[DEBUG] Failure to find org.eclipse.platform:org.eclipse.equinox.registry/maven-metadata.xml in https://oss.sonatype.org/content/repositories/snapshots was cached in the local repository, resolution will not be reattempted until the update interval of sonatype-nexus-snapshots has elapsed or updates are forced
[DEBUG] Failure to find org.eclipse.platform:org.eclipse.equinox.registry/maven-metadata.xml in http://maven.inria.fr/artifactory/spoon-public-snapshot was cached in the local repository, resolution will not be reattempted until the update interval of maven.inria.fr-snapshot has elapsed or updates are forced
[DEBUG] Failure to find org.eclipse.platform:org.eclipse.equinox.registry/maven-metadata.xml in http://maven.inria.fr/artifactory/triskell-public-release was cached in the local repository, resolution will not be reattempted until the update interval of inria has elapsed or updates are forced
[DEBUG] Using transporter WagonTransporter with priority -1.0 for https://stamp-project.github.io/stamp-maven-repository/
[DEBUG] Using connector BasicRepositoryConnector with priority 0.0 for https://stamp-project.github.io/stamp-maven-repository/
Downloading from stamp-maven-repository-mvn-repo: https://stamp-project.github.io/stamp-maven-repository/org/eclipse/platform/org.eclipse.equinox.registry/maven-metadata.xml
[DEBUG] Writing tracking file /home/spirals/danglot/.m2/repository/org/eclipse/platform/org.eclipse.equinox.registry/resolver-status.properties
[DEBUG] Could not find metadata org.eclipse.platform:org.eclipse.equinox.registry/maven-metadata.xml in stamp-maven-repository-mvn-repo (https://stamp-project.github.io/stamp-maven-repository/)
[DEBUG] Could not find metadata org.eclipse.platform:org.eclipse.equinox.common/maven-metadata.xml in local (/home/spirals/danglot/.m2/repository)
[DEBUG] Skipped remote request for org.eclipse.platform:org.eclipse.equinox.common/maven-metadata.xml, locally cached metadata up-to-date.
[DEBUG] Skipped remote request for org.eclipse.platform:org.eclipse.equinox.common/maven-metadata.xml, already updated during this session.
[DEBUG] Failure to find org.eclipse.platform:org.eclipse.equinox.common/maven-metadata.xml in https://stamp-project.github.io/stamp-maven-repository/ was cached in the local repository, resolution will not be reattempted until the update interval of stamp-maven-repository-mvn-repo has elapsed or updates are forced
[DEBUG] Failure to find org.eclipse.platform:org.eclipse.equinox.common/maven-metadata.xml in https://repo.gradle.org/gradle/libs-releases-local/ was cached in the local repository, resolution will not be reattempted until the update interval of gradle-repo has elapsed or updates are forced
[DEBUG] Failure to find org.eclipse.platform:org.eclipse.equinox.common/maven-metadata.xml in https://oss.sonatype.org/content/repositories/snapshots was cached in the local repository, resolution will not be reattempted until the update interval of sonatype-nexus-snapshots has elapsed or updates are forced
[DEBUG] Failure to find org.eclipse.platform:org.eclipse.equinox.common/maven-metadata.xml in http://maven.inria.fr/artifactory/spoon-public-snapshot was cached in the local repository, resolution will not be reattempted until the update interval of maven.inria.fr-snapshot has elapsed or updates are forced
[DEBUG] Failure to find org.eclipse.platform:org.eclipse.equinox.common/maven-metadata.xml in http://maven.inria.fr/artifactory/triskell-public-release was cached in the local repository, resolution will not be reattempted until the update interval of inria has elapsed or updates are forced
[DEBUG] Could not find metadata org.eclipse.platform:org.eclipse.equinox.preferences/maven-metadata.xml in local (/home/spirals/danglot/.m2/repository)
[DEBUG] Skipped remote request for org.eclipse.platform:org.eclipse.equinox.preferences/maven-metadata.xml, locally cached metadata up-to-date.
[DEBUG] Failure to find org.eclipse.platform:org.eclipse.equinox.preferences/maven-metadata.xml in https://repo.gradle.org/gradle/libs-releases-local/ was cached in the local repository, resolution will not be reattempted until the update interval of gradle-repo has elapsed or updates are forced
[DEBUG] Failure to find org.eclipse.platform:org.eclipse.equinox.preferences/maven-metadata.xml in https://oss.sonatype.org/content/repositories/snapshots was cached in the local repository, resolution will not be reattempted until the update interval of sonatype-nexus-snapshots has elapsed or updates are forced
[DEBUG] Failure to find org.eclipse.platform:org.eclipse.equinox.preferences/maven-metadata.xml in http://maven.inria.fr/artifactory/spoon-public-snapshot was cached in the local repository, resolution will not be reattempted until the update interval of maven.inria.fr-snapshot has elapsed or updates are forced
[DEBUG] Failure to find org.eclipse.platform:org.eclipse.equinox.preferences/maven-metadata.xml in http://maven.inria.fr/artifactory/triskell-public-release was cached in the local repository, resolution will not be reattempted until the update interval of inria has elapsed or updates are forced
[DEBUG] Using transporter WagonTransporter with priority -1.0 for https://stamp-project.github.io/stamp-maven-repository/
[DEBUG] Using connector BasicRepositoryConnector with priority 0.0 for https://stamp-project.github.io/stamp-maven-repository/
Downloading from stamp-maven-repository-mvn-repo: https://stamp-project.github.io/stamp-maven-repository/org/eclipse/platform/org.eclipse.equinox.preferences/maven-metadata.xml
[DEBUG] Writing tracking file /home/spirals/danglot/.m2/repository/org/eclipse/platform/org.eclipse.equinox.preferences/resolver-status.properties
[DEBUG] Could not find metadata org.eclipse.platform:org.eclipse.equinox.preferences/maven-metadata.xml in stamp-maven-repository-mvn-repo (https://stamp-project.github.io/stamp-maven-repository/)
[DEBUG] Could not find metadata org.eclipse.platform:org.eclipse.equinox.common/maven-metadata.xml in local (/home/spirals/danglot/.m2/repository)
[DEBUG] Skipped remote request for org.eclipse.platform:org.eclipse.equinox.common/maven-metadata.xml, locally cached metadata up-to-date.
[DEBUG] Skipped remote request for org.eclipse.platform:org.eclipse.equinox.common/maven-metadata.xml, already updated during this session.
[DEBUG] Failure to find org.eclipse.platform:org.eclipse.equinox.common/maven-metadata.xml in https://stamp-project.github.io/stamp-maven-repository/ was cached in the local repository, resolution will not be reattempted until the update interval of stamp-maven-repository-mvn-repo has elapsed or updates are forced
[DEBUG] Failure to find org.eclipse.platform:org.eclipse.equinox.common/maven-metadata.xml in https://repo.gradle.org/gradle/libs-releases-local/ was cached in the local repository, resolution will not be reattempted until the update interval of gradle-repo has elapsed or updates are forced
[DEBUG] Failure to find org.eclipse.platform:org.eclipse.equinox.common/maven-metadata.xml in https://oss.sonatype.org/content/repositories/snapshots was cached in the local repository, resolution will not be reattempted until the update interval of sonatype-nexus-snapshots has elapsed or updates are forced
[DEBUG] Failure to find org.eclipse.platform:org.eclipse.equinox.common/maven-metadata.xml in http://maven.inria.fr/artifactory/spoon-public-snapshot was cached in the local repository, resolution will not be reattempted until the update interval of maven.inria.fr-snapshot has elapsed or updates are forced
[DEBUG] Failure to find org.eclipse.platform:org.eclipse.equinox.common/maven-metadata.xml in http://maven.inria.fr/artifactory/triskell-public-release was cached in the local repository, resolution will not be reattempted until the update interval of inria has elapsed or updates are forced
[DEBUG] Could not find metadata org.eclipse.platform:org.eclipse.core.contenttype/maven-metadata.xml in local (/home/spirals/danglot/.m2/repository)
[DEBUG] Skipped remote request for org.eclipse.platform:org.eclipse.core.contenttype/maven-metadata.xml, locally cached metadata up-to-date.
[DEBUG] Failure to find org.eclipse.platform:org.eclipse.core.contenttype/maven-metadata.xml in https://repo.gradle.org/gradle/libs-releases-local/ was cached in the local repository, resolution will not be reattempted until the update interval of gradle-repo has elapsed or updates are forced
[DEBUG] Failure to find org.eclipse.platform:org.eclipse.core.contenttype/maven-metadata.xml in https://oss.sonatype.org/content/repositories/snapshots was cached in the local repository, resolution will not be reattempted until the update interval of sonatype-nexus-snapshots has elapsed or updates are forced
[DEBUG] Failure to find org.eclipse.platform:org.eclipse.core.contenttype/maven-metadata.xml in http://maven.inria.fr/artifactory/spoon-public-snapshot was cached in the local repository, resolution will not be reattempted until the update interval of maven.inria.fr-snapshot has elapsed or updates are forced
[DEBUG] Failure to find org.eclipse.platform:org.eclipse.core.contenttype/maven-metadata.xml in http://maven.inria.fr/artifactory/triskell-public-release was cached in the local repository, resolution will not be reattempted until the update interval of inria has elapsed or updates are forced
[DEBUG] Using transporter WagonTransporter with priority -1.0 for https://stamp-project.github.io/stamp-maven-repository/
[DEBUG] Using connector BasicRepositoryConnector with priority 0.0 for https://stamp-project.github.io/stamp-maven-repository/
Downloading from stamp-maven-repository-mvn-repo: https://stamp-project.github.io/stamp-maven-repository/org/eclipse/platform/org.eclipse.core.contenttype/maven-metadata.xml
[DEBUG] Writing tracking file /home/spirals/danglot/.m2/repository/org/eclipse/platform/org.eclipse.core.contenttype/resolver-status.properties
[DEBUG] Could not find metadata org.eclipse.platform:org.eclipse.core.contenttype/maven-metadata.xml in stamp-maven-repository-mvn-repo (https://stamp-project.github.io/stamp-maven-repository/)
[DEBUG] Could not find metadata org.eclipse.platform:org.eclipse.equinox.preferences/maven-metadata.xml in local (/home/spirals/danglot/.m2/repository)
[DEBUG] Skipped remote request for org.eclipse.platform:org.eclipse.equinox.preferences/maven-metadata.xml, locally cached metadata up-to-date.
[DEBUG] Skipped remote request for org.eclipse.platform:org.eclipse.equinox.preferences/maven-metadata.xml, already updated during this session.
[DEBUG] Failure to find org.eclipse.platform:org.eclipse.equinox.preferences/maven-metadata.xml in https://stamp-project.github.io/stamp-maven-repository/ was cached in the local repository, resolution will not be reattempted until the update interval of stamp-maven-repository-mvn-repo has elapsed or updates are forced
[DEBUG] Failure to find org.eclipse.platform:org.eclipse.equinox.preferences/maven-metadata.xml in https://repo.gradle.org/gradle/libs-releases-local/ was cached in the local repository, resolution will not be reattempted until the update interval of gradle-repo has elapsed or updates are forced
[DEBUG] Failure to find org.eclipse.platform:org.eclipse.equinox.preferences/maven-metadata.xml in https://oss.sonatype.org/content/repositories/snapshots was cached in the local repository, resolution will not be reattempted until the update interval of sonatype-nexus-snapshots has elapsed or updates are forced
[DEBUG] Failure to find org.eclipse.platform:org.eclipse.equinox.preferences/maven-metadata.xml in http://maven.inria.fr/artifactory/spoon-public-snapshot was cached in the local repository, resolution will not be reattempted until the update interval of maven.inria.fr-snapshot has elapsed or updates are forced
[DEBUG] Failure to find org.eclipse.platform:org.eclipse.equinox.preferences/maven-metadata.xml in http://maven.inria.fr/artifactory/triskell-public-release was cached in the local repository, resolution will not be reattempted until the update interval of inria has elapsed or updates are forced
[DEBUG] Could not find metadata org.eclipse.platform:org.eclipse.equinox.registry/maven-metadata.xml in local (/home/spirals/danglot/.m2/repository)
[DEBUG] Skipped remote request for org.eclipse.platform:org.eclipse.equinox.registry/maven-metadata.xml, locally cached metadata up-to-date.
[DEBUG] Skipped remote request for org.eclipse.platform:org.eclipse.equinox.registry/maven-metadata.xml, already updated during this session.
[DEBUG] Failure to find org.eclipse.platform:org.eclipse.equinox.registry/maven-metadata.xml in https://stamp-project.github.io/stamp-maven-repository/ was cached in the local repository, resolution will not be reattempted until the update interval of stamp-maven-repository-mvn-repo has elapsed or updates are forced
[DEBUG] Failure to find org.eclipse.platform:org.eclipse.equinox.registry/maven-metadata.xml in https://repo.gradle.org/gradle/libs-releases-local/ was cached in the local repository, resolution will not be reattempted until the update interval of gradle-repo has elapsed or updates are forced
[DEBUG] Failure to find org.eclipse.platform:org.eclipse.equinox.registry/maven-metadata.xml in https://oss.sonatype.org/content/repositories/snapshots was cached in the local repository, resolution will not be reattempted until the update interval of sonatype-nexus-snapshots has elapsed or updates are forced
[DEBUG] Failure to find org.eclipse.platform:org.eclipse.equinox.registry/maven-metadata.xml in http://maven.inria.fr/artifactory/spoon-public-snapshot was cached in the local repository, resolution will not be reattempted until the update interval of maven.inria.fr-snapshot has elapsed or updates are forced
[DEBUG] Failure to find org.eclipse.platform:org.eclipse.equinox.registry/maven-metadata.xml in http://maven.inria.fr/artifactory/triskell-public-release was cached in the local repository, resolution will not be reattempted until the update interval of inria has elapsed or updates are forced
[DEBUG] Could not find metadata org.eclipse.platform:org.eclipse.equinox.app/maven-metadata.xml in local (/home/spirals/danglot/.m2/repository)
[DEBUG] Skipped remote request for org.eclipse.platform:org.eclipse.equinox.app/maven-metadata.xml, locally cached metadata up-to-date.
[DEBUG] Failure to find org.eclipse.platform:org.eclipse.equinox.app/maven-metadata.xml in https://repo.gradle.org/gradle/libs-releases-local/ was cached in the local repository, resolution will not be reattempted until the update interval of gradle-repo has elapsed or updates are forced
[DEBUG] Failure to find org.eclipse.platform:org.eclipse.equinox.app/maven-metadata.xml in https://oss.sonatype.org/content/repositories/snapshots was cached in the local repository, resolution will not be reattempted until the update interval of sonatype-nexus-snapshots has elapsed or updates are forced
[DEBUG] Failure to find org.eclipse.platform:org.eclipse.equinox.app/maven-metadata.xml in http://maven.inria.fr/artifactory/spoon-public-snapshot was cached in the local repository, resolution will not be reattempted until the update interval of maven.inria.fr-snapshot has elapsed or updates are forced
[DEBUG] Failure to find org.eclipse.platform:org.eclipse.equinox.app/maven-metadata.xml in http://maven.inria.fr/artifactory/triskell-public-release was cached in the local repository, resolution will not be reattempted until the update interval of inria has elapsed or updates are forced
[DEBUG] Using transporter WagonTransporter with priority -1.0 for https://stamp-project.github.io/stamp-maven-repository/
[DEBUG] Using connector BasicRepositoryConnector with priority 0.0 for https://stamp-project.github.io/stamp-maven-repository/
Downloading from stamp-maven-repository-mvn-repo: https://stamp-project.github.io/stamp-maven-repository/org/eclipse/platform/org.eclipse.equinox.app/maven-metadata.xml
[DEBUG] Writing tracking file /home/spirals/danglot/.m2/repository/org/eclipse/platform/org.eclipse.equinox.app/resolver-status.properties
[DEBUG] Could not find metadata org.eclipse.platform:org.eclipse.equinox.app/maven-metadata.xml in stamp-maven-repository-mvn-repo (https://stamp-project.github.io/stamp-maven-repository/)
[DEBUG] Could not find metadata org.eclipse.platform:org.eclipse.equinox.registry/maven-metadata.xml in local (/home/spirals/danglot/.m2/repository)
[DEBUG] Skipped remote request for org.eclipse.platform:org.eclipse.equinox.registry/maven-metadata.xml, locally cached metadata up-to-date.
[DEBUG] Skipped remote request for org.eclipse.platform:org.eclipse.equinox.registry/maven-metadata.xml, already updated during this session.
[DEBUG] Failure to find org.eclipse.platform:org.eclipse.equinox.registry/maven-metadata.xml in https://stamp-project.github.io/stamp-maven-repository/ was cached in the local repository, resolution will not be reattempted until the update interval of stamp-maven-repository-mvn-repo has elapsed or updates are forced
[DEBUG] Failure to find org.eclipse.platform:org.eclipse.equinox.registry/maven-metadata.xml in https://repo.gradle.org/gradle/libs-releases-local/ was cached in the local repository, resolution will not be reattempted until the update interval of gradle-repo has elapsed or updates are forced
[DEBUG] Failure to find org.eclipse.platform:org.eclipse.equinox.registry/maven-metadata.xml in https://oss.sonatype.org/content/repositories/snapshots was cached in the local repository, resolution will not be reattempted until the update interval of sonatype-nexus-snapshots has elapsed or updates are forced
[DEBUG] Failure to find org.eclipse.platform:org.eclipse.equinox.registry/maven-metadata.xml in http://maven.inria.fr/artifactory/spoon-public-snapshot was cached in the local repository, resolution will not be reattempted until the update interval of maven.inria.fr-snapshot has elapsed or updates are forced
[DEBUG] Failure to find org.eclipse.platform:org.eclipse.equinox.registry/maven-metadata.xml in http://maven.inria.fr/artifactory/triskell-public-release was cached in the local repository, resolution will not be reattempted until the update interval of inria has elapsed or updates are forced
[DEBUG] Could not find metadata org.eclipse.platform:org.eclipse.osgi/maven-metadata.xml in local (/home/spirals/danglot/.m2/repository)
[DEBUG] Skipped remote request for org.eclipse.platform:org.eclipse.osgi/maven-metadata.xml, locally cached metadata up-to-date.
[DEBUG] Skipped remote request for org.eclipse.platform:org.eclipse.osgi/maven-metadata.xml, already updated during this session.
[DEBUG] Failure to find org.eclipse.platform:org.eclipse.osgi/maven-metadata.xml in https://stamp-project.github.io/stamp-maven-repository/ was cached in the local repository, resolution will not be reattempted until the update interval of stamp-maven-repository-mvn-repo has elapsed or updates are forced
[DEBUG] Failure to find org.eclipse.platform:org.eclipse.osgi/maven-metadata.xml in https://repo.gradle.org/gradle/libs-releases-local/ was cached in the local repository, resolution will not be reattempted until the update interval of gradle-repo has elapsed or updates are forced
[DEBUG] Failure to find org.eclipse.platform:org.eclipse.osgi/maven-metadata.xml in https://oss.sonatype.org/content/repositories/snapshots was cached in the local repository, resolution will not be reattempted until the update interval of sonatype-nexus-snapshots has elapsed or updates are forced
[DEBUG] Failure to find org.eclipse.platform:org.eclipse.osgi/maven-metadata.xml in http://maven.inria.fr/artifactory/spoon-public-snapshot was cached in the local repository, resolution will not be reattempted until the update interval of maven.inria.fr-snapshot has elapsed or updates are forced
[DEBUG] Failure to find org.eclipse.platform:org.eclipse.osgi/maven-metadata.xml in http://maven.inria.fr/artifactory/triskell-public-release was cached in the local repository, resolution will not be reattempted until the update interval of inria has elapsed or updates are forced
[DEBUG] Could not find metadata org.eclipse.platform:org.eclipse.equinox.common/maven-metadata.xml in local (/home/spirals/danglot/.m2/repository)
[DEBUG] Skipped remote request for org.eclipse.platform:org.eclipse.equinox.common/maven-metadata.xml, locally cached metadata up-to-date.
[DEBUG] Skipped remote request for org.eclipse.platform:org.eclipse.equinox.common/maven-metadata.xml, already updated during this session.
[DEBUG] Failure to find org.eclipse.platform:org.eclipse.equinox.common/maven-metadata.xml in https://stamp-project.github.io/stamp-maven-repository/ was cached in the local repository, resolution will not be reattempted until the update interval of stamp-maven-repository-mvn-repo has elapsed or updates are forced
[DEBUG] Failure to find org.eclipse.platform:org.eclipse.equinox.common/maven-metadata.xml in https://repo.gradle.org/gradle/libs-releases-local/ was cached in the local repository, resolution will not be reattempted until the update interval of gradle-repo has elapsed or updates are forced
[DEBUG] Failure to find org.eclipse.platform:org.eclipse.equinox.common/maven-metadata.xml in https://oss.sonatype.org/content/repositories/snapshots was cached in the local repository, resolution will not be reattempted until the update interval of sonatype-nexus-snapshots has elapsed or updates are forced
[DEBUG] Failure to find org.eclipse.platform:org.eclipse.equinox.common/maven-metadata.xml in http://maven.inria.fr/artifactory/spoon-public-snapshot was cached in the local repository, resolution will not be reattempted until the update interval of maven.inria.fr-snapshot has elapsed or updates are forced
[DEBUG] Failure to find org.eclipse.platform:org.eclipse.equinox.common/maven-metadata.xml in http://maven.inria.fr/artifactory/triskell-public-release was cached in the local repository, resolution will not be reattempted until the update interval of inria has elapsed or updates are forced
[DEBUG] Could not find metadata org.eclipse.platform:org.eclipse.core.jobs/maven-metadata.xml in local (/home/spirals/danglot/.m2/repository)
[DEBUG] Skipped remote request for org.eclipse.platform:org.eclipse.core.jobs/maven-metadata.xml, locally cached metadata up-to-date.
[DEBUG] Skipped remote request for org.eclipse.platform:org.eclipse.core.jobs/maven-metadata.xml, already updated during this session.
[DEBUG] Failure to find org.eclipse.platform:org.eclipse.core.jobs/maven-metadata.xml in https://stamp-project.github.io/stamp-maven-repository/ was cached in the local repository, resolution will not be reattempted until the update interval of stamp-maven-repository-mvn-repo has elapsed or updates are forced
[DEBUG] Failure to find org.eclipse.platform:org.eclipse.core.jobs/maven-metadata.xml in https://repo.gradle.org/gradle/libs-releases-local/ was cached in the local repository, resolution will not be reattempted until the update interval of gradle-repo has elapsed or updates are forced
[DEBUG] Failure to find org.eclipse.platform:org.eclipse.core.jobs/maven-metadata.xml in https://oss.sonatype.org/content/repositories/snapshots was cached in the local repository, resolution will not be reattempted until the update interval of sonatype-nexus-snapshots has elapsed or updates are forced
[DEBUG] Failure to find org.eclipse.platform:org.eclipse.core.jobs/maven-metadata.xml in http://maven.inria.fr/artifactory/spoon-public-snapshot was cached in the local repository, resolution will not be reattempted until the update interval of maven.inria.fr-snapshot has elapsed or updates are forced
[DEBUG] Failure to find org.eclipse.platform:org.eclipse.core.jobs/maven-metadata.xml in http://maven.inria.fr/artifactory/triskell-public-release was cached in the local repository, resolution will not be reattempted until the update interval of inria has elapsed or updates are forced
[DEBUG] Could not find metadata org.eclipse.platform:org.eclipse.equinox.preferences/maven-metadata.xml in local (/home/spirals/danglot/.m2/repository)
[DEBUG] Skipped remote request for org.eclipse.platform:org.eclipse.equinox.preferences/maven-metadata.xml, locally cached metadata up-to-date.
[DEBUG] Skipped remote request for org.eclipse.platform:org.eclipse.equinox.preferences/maven-metadata.xml, already updated during this session.
[DEBUG] Failure to find org.eclipse.platform:org.eclipse.equinox.preferences/maven-metadata.xml in https://stamp-project.github.io/stamp-maven-repository/ was cached in the local repository, resolution will not be reattempted until the update interval of stamp-maven-repository-mvn-repo has elapsed or updates are forced
[DEBUG] Failure to find org.eclipse.platform:org.eclipse.equinox.preferences/maven-metadata.xml in https://repo.gradle.org/gradle/libs-releases-local/ was cached in the local repository, resolution will not be reattempted until the update interval of gradle-repo has elapsed or updates are forced
[DEBUG] Failure to find org.eclipse.platform:org.eclipse.equinox.preferences/maven-metadata.xml in https://oss.sonatype.org/content/repositories/snapshots was cached in the local repository, resolution will not be reattempted until the update interval of sonatype-nexus-snapshots has elapsed or updates are forced
[DEBUG] Failure to find org.eclipse.platform:org.eclipse.equinox.preferences/maven-metadata.xml in http://maven.inria.fr/artifactory/spoon-public-snapshot was cached in the local repository, resolution will not be reattempted until the update interval of maven.inria.fr-snapshot has elapsed or updates are forced
[DEBUG] Failure to find org.eclipse.platform:org.eclipse.equinox.preferences/maven-metadata.xml in http://maven.inria.fr/artifactory/triskell-public-release was cached in the local repository, resolution will not be reattempted until the update interval of inria has elapsed or updates are forced
[DEBUG] Could not find metadata org.eclipse.platform:org.eclipse.core.contenttype/maven-metadata.xml in local (/home/spirals/danglot/.m2/repository)
[DEBUG] Skipped remote request for org.eclipse.platform:org.eclipse.core.contenttype/maven-metadata.xml, locally cached metadata up-to-date.
[DEBUG] Skipped remote request for org.eclipse.platform:org.eclipse.core.contenttype/maven-metadata.xml, already updated during this session.
[DEBUG] Failure to find org.eclipse.platform:org.eclipse.core.contenttype/maven-metadata.xml in https://stamp-project.github.io/stamp-maven-repository/ was cached in the local repository, resolution will not be reattempted until the update interval of stamp-maven-repository-mvn-repo has elapsed or updates are forced
[DEBUG] Failure to find org.eclipse.platform:org.eclipse.core.contenttype/maven-metadata.xml in https://repo.gradle.org/gradle/libs-releases-local/ was cached in the local repository, resolution will not be reattempted until the update interval of gradle-repo has elapsed or updates are forced
[DEBUG] Failure to find org.eclipse.platform:org.eclipse.core.contenttype/maven-metadata.xml in https://oss.sonatype.org/content/repositories/snapshots was cached in the local repository, resolution will not be reattempted until the update interval of sonatype-nexus-snapshots has elapsed or updates are forced
[DEBUG] Failure to find org.eclipse.platform:org.eclipse.core.contenttype/maven-metadata.xml in http://maven.inria.fr/artifactory/spoon-public-snapshot was cached in the local repository, resolution will not be reattempted until the update interval of maven.inria.fr-snapshot has elapsed or updates are forced
[DEBUG] Failure to find org.eclipse.platform:org.eclipse.core.contenttype/maven-metadata.xml in http://maven.inria.fr/artifactory/triskell-public-release was cached in the local repository, resolution will not be reattempted until the update interval of inria has elapsed or updates are forced
[DEBUG] Could not find metadata org.eclipse.platform:org.eclipse.equinox.app/maven-metadata.xml in local (/home/spirals/danglot/.m2/repository)
[DEBUG] Skipped remote request for org.eclipse.platform:org.eclipse.equinox.app/maven-metadata.xml, locally cached metadata up-to-date.
[DEBUG] Skipped remote request for org.eclipse.platform:org.eclipse.equinox.app/maven-metadata.xml, already updated during this session.
[DEBUG] Failure to find org.eclipse.platform:org.eclipse.equinox.app/maven-metadata.xml in https://stamp-project.github.io/stamp-maven-repository/ was cached in the local repository, resolution will not be reattempted until the update interval of stamp-maven-repository-mvn-repo has elapsed or updates are forced
[DEBUG] Failure to find org.eclipse.platform:org.eclipse.equinox.app/maven-metadata.xml in https://repo.gradle.org/gradle/libs-releases-local/ was cached in the local repository, resolution will not be reattempted until the update interval of gradle-repo has elapsed or updates are forced
[DEBUG] Failure to find org.eclipse.platform:org.eclipse.equinox.app/maven-metadata.xml in https://oss.sonatype.org/content/repositories/snapshots was cached in the local repository, resolution will not be reattempted until the update interval of sonatype-nexus-snapshots has elapsed or updates are forced
[DEBUG] Failure to find org.eclipse.platform:org.eclipse.equinox.app/maven-metadata.xml in http://maven.inria.fr/artifactory/spoon-public-snapshot was cached in the local repository, resolution will not be reattempted until the update interval of maven.inria.fr-snapshot has elapsed or updates are forced
[DEBUG] Failure to find org.eclipse.platform:org.eclipse.equinox.app/maven-metadata.xml in http://maven.inria.fr/artifactory/triskell-public-release was cached in the local repository, resolution will not be reattempted until the update interval of inria has elapsed or updates are forced
[DEBUG] Could not find metadata org.eclipse.platform:org.eclipse.core.filesystem/maven-metadata.xml in local (/home/spirals/danglot/.m2/repository)
[DEBUG] Skipped remote request for org.eclipse.platform:org.eclipse.core.filesystem/maven-metadata.xml, locally cached metadata up-to-date.
[DEBUG] Failure to find org.eclipse.platform:org.eclipse.core.filesystem/maven-metadata.xml in https://repo.gradle.org/gradle/libs-releases-local/ was cached in the local repository, resolution will not be reattempted until the update interval of gradle-repo has elapsed or updates are forced
[DEBUG] Failure to find org.eclipse.platform:org.eclipse.core.filesystem/maven-metadata.xml in https://oss.sonatype.org/content/repositories/snapshots was cached in the local repository, resolution will not be reattempted until the update interval of sonatype-nexus-snapshots has elapsed or updates are forced
[DEBUG] Failure to find org.eclipse.platform:org.eclipse.core.filesystem/maven-metadata.xml in http://maven.inria.fr/artifactory/spoon-public-snapshot was cached in the local repository, resolution will not be reattempted until the update interval of maven.inria.fr-snapshot has elapsed or updates are forced
[DEBUG] Failure to find org.eclipse.platform:org.eclipse.core.filesystem/maven-metadata.xml in http://maven.inria.fr/artifactory/triskell-public-release was cached in the local repository, resolution will not be reattempted until the update interval of inria has elapsed or updates are forced
[DEBUG] Using transporter WagonTransporter with priority -1.0 for https://stamp-project.github.io/stamp-maven-repository/
[DEBUG] Using connector BasicRepositoryConnector with priority 0.0 for https://stamp-project.github.io/stamp-maven-repository/
Downloading from stamp-maven-repository-mvn-repo: https://stamp-project.github.io/stamp-maven-repository/org/eclipse/platform/org.eclipse.core.filesystem/maven-metadata.xml
[DEBUG] Writing tracking file /home/spirals/danglot/.m2/repository/org/eclipse/platform/org.eclipse.core.filesystem/resolver-status.properties
[DEBUG] Could not find metadata org.eclipse.platform:org.eclipse.core.filesystem/maven-metadata.xml in stamp-maven-repository-mvn-repo (https://stamp-project.github.io/stamp-maven-repository/)
[DEBUG] Could not find metadata org.eclipse.platform:org.eclipse.osgi/maven-metadata.xml in local (/home/spirals/danglot/.m2/repository)
[DEBUG] Skipped remote request for org.eclipse.platform:org.eclipse.osgi/maven-metadata.xml, locally cached metadata up-to-date.
[DEBUG] Skipped remote request for org.eclipse.platform:org.eclipse.osgi/maven-metadata.xml, already updated during this session.
[DEBUG] Failure to find org.eclipse.platform:org.eclipse.osgi/maven-metadata.xml in https://stamp-project.github.io/stamp-maven-repository/ was cached in the local repository, resolution will not be reattempted until the update interval of stamp-maven-repository-mvn-repo has elapsed or updates are forced
[DEBUG] Failure to find org.eclipse.platform:org.eclipse.osgi/maven-metadata.xml in https://repo.gradle.org/gradle/libs-releases-local/ was cached in the local repository, resolution will not be reattempted until the update interval of gradle-repo has elapsed or updates are forced
[DEBUG] Failure to find org.eclipse.platform:org.eclipse.osgi/maven-metadata.xml in https://oss.sonatype.org/content/repositories/snapshots was cached in the local repository, resolution will not be reattempted until the update interval of sonatype-nexus-snapshots has elapsed or updates are forced
[DEBUG] Failure to find org.eclipse.platform:org.eclipse.osgi/maven-metadata.xml in http://maven.inria.fr/artifactory/spoon-public-snapshot was cached in the local repository, resolution will not be reattempted until the update interval of maven.inria.fr-snapshot has elapsed or updates are forced
[DEBUG] Failure to find org.eclipse.platform:org.eclipse.osgi/maven-metadata.xml in http://maven.inria.fr/artifactory/triskell-public-release was cached in the local repository, resolution will not be reattempted until the update interval of inria has elapsed or updates are forced
[DEBUG] Could not find metadata org.eclipse.platform:org.eclipse.core.runtime/maven-metadata.xml in local (/home/spirals/danglot/.m2/repository)
[DEBUG] Skipped remote request for org.eclipse.platform:org.eclipse.core.runtime/maven-metadata.xml, locally cached metadata up-to-date.
[DEBUG] Skipped remote request for org.eclipse.platform:org.eclipse.core.runtime/maven-metadata.xml, already updated during this session.
[DEBUG] Failure to find org.eclipse.platform:org.eclipse.core.runtime/maven-metadata.xml in https://stamp-project.github.io/stamp-maven-repository/ was cached in the local repository, resolution will not be reattempted until the update interval of stamp-maven-repository-mvn-repo has elapsed or updates are forced
[DEBUG] Failure to find org.eclipse.platform:org.eclipse.core.runtime/maven-metadata.xml in https://repo.gradle.org/gradle/libs-releases-local/ was cached in the local repository, resolution will not be reattempted until the update interval of gradle-repo has elapsed or updates are forced
[DEBUG] Failure to find org.eclipse.platform:org.eclipse.core.runtime/maven-metadata.xml in https://oss.sonatype.org/content/repositories/snapshots was cached in the local repository, resolution will not be reattempted until the update interval of sonatype-nexus-snapshots has elapsed or updates are forced
[DEBUG] Failure to find org.eclipse.platform:org.eclipse.core.runtime/maven-metadata.xml in http://maven.inria.fr/artifactory/spoon-public-snapshot was cached in the local repository, resolution will not be reattempted until the update interval of maven.inria.fr-snapshot has elapsed or updates are forced
[DEBUG] Failure to find org.eclipse.platform:org.eclipse.core.runtime/maven-metadata.xml in http://maven.inria.fr/artifactory/triskell-public-release was cached in the local repository, resolution will not be reattempted until the update interval of inria has elapsed or updates are forced
[DEBUG] Could not find metadata org.eclipse.platform:org.eclipse.core.runtime/maven-metadata.xml in local (/home/spirals/danglot/.m2/repository)
[DEBUG] Skipped remote request for org.eclipse.platform:org.eclipse.core.runtime/maven-metadata.xml, locally cached metadata up-to-date.
[DEBUG] Skipped remote request for org.eclipse.platform:org.eclipse.core.runtime/maven-metadata.xml, already updated during this session.
[DEBUG] Failure to find org.eclipse.platform:org.eclipse.core.runtime/maven-metadata.xml in https://stamp-project.github.io/stamp-maven-repository/ was cached in the local repository, resolution will not be reattempted until the update interval of stamp-maven-repository-mvn-repo has elapsed or updates are forced
[DEBUG] Failure to find org.eclipse.platform:org.eclipse.core.runtime/maven-metadata.xml in https://repo.gradle.org/gradle/libs-releases-local/ was cached in the local repository, resolution will not be reattempted until the update interval of gradle-repo has elapsed or updates are forced
[DEBUG] Failure to find org.eclipse.platform:org.eclipse.core.runtime/maven-metadata.xml in https://oss.sonatype.org/content/repositories/snapshots was cached in the local repository, resolution will not be reattempted until the update interval of sonatype-nexus-snapshots has elapsed or updates are forced
[DEBUG] Failure to find org.eclipse.platform:org.eclipse.core.runtime/maven-metadata.xml in http://maven.inria.fr/artifactory/spoon-public-snapshot was cached in the local repository, resolution will not be reattempted until the update interval of maven.inria.fr-snapshot has elapsed or updates are forced
[DEBUG] Failure to find org.eclipse.platform:org.eclipse.core.runtime/maven-metadata.xml in http://maven.inria.fr/artifactory/triskell-public-release was cached in the local repository, resolution will not be reattempted until the update interval of inria has elapsed or updates are forced
[DEBUG] Could not find metadata org.eclipse.platform:org.eclipse.core.filesystem/maven-metadata.xml in local (/home/spirals/danglot/.m2/repository)
[DEBUG] Skipped remote request for org.eclipse.platform:org.eclipse.core.filesystem/maven-metadata.xml, locally cached metadata up-to-date.
[DEBUG] Skipped remote request for org.eclipse.platform:org.eclipse.core.filesystem/maven-metadata.xml, already updated during this session.
[DEBUG] Failure to find org.eclipse.platform:org.eclipse.core.filesystem/maven-metadata.xml in https://stamp-project.github.io/stamp-maven-repository/ was cached in the local repository, resolution will not be reattempted until the update interval of stamp-maven-repository-mvn-repo has elapsed or updates are forced
[DEBUG] Failure to find org.eclipse.platform:org.eclipse.core.filesystem/maven-metadata.xml in https://repo.gradle.org/gradle/libs-releases-local/ was cached in the local repository, resolution will not be reattempted until the update interval of gradle-repo has elapsed or updates are forced
[DEBUG] Failure to find org.eclipse.platform:org.eclipse.core.filesystem/maven-metadata.xml in https://oss.sonatype.org/content/repositories/snapshots was cached in the local repository, resolution will not be reattempted until the update interval of sonatype-nexus-snapshots has elapsed or updates are forced
[DEBUG] Failure to find org.eclipse.platform:org.eclipse.core.filesystem/maven-metadata.xml in http://maven.inria.fr/artifactory/spoon-public-snapshot was cached in the local repository, resolution will not be reattempted until the update interval of maven.inria.fr-snapshot has elapsed or updates are forced
[DEBUG] Failure to find org.eclipse.platform:org.eclipse.core.filesystem/maven-metadata.xml in http://maven.inria.fr/artifactory/triskell-public-release was cached in the local repository, resolution will not be reattempted until the update interval of inria has elapsed or updates are forced
[DEBUG] Could not find metadata org.eclipse.platform:org.eclipse.text/maven-metadata.xml in local (/home/spirals/danglot/.m2/repository)
[DEBUG] Skipped remote request for org.eclipse.platform:org.eclipse.text/maven-metadata.xml, locally cached metadata up-to-date.
[DEBUG] Failure to find org.eclipse.platform:org.eclipse.text/maven-metadata.xml in https://repo.gradle.org/gradle/libs-releases-local/ was cached in the local repository, resolution will not be reattempted until the update interval of gradle-repo has elapsed or updates are forced
[DEBUG] Failure to find org.eclipse.platform:org.eclipse.text/maven-metadata.xml in https://oss.sonatype.org/content/repositories/snapshots was cached in the local repository, resolution will not be reattempted until the update interval of sonatype-nexus-snapshots has elapsed or updates are forced
[DEBUG] Failure to find org.eclipse.platform:org.eclipse.text/maven-metadata.xml in http://maven.inria.fr/artifactory/spoon-public-snapshot was cached in the local repository, resolution will not be reattempted until the update interval of maven.inria.fr-snapshot has elapsed or updates are forced
[DEBUG] Failure to find org.eclipse.platform:org.eclipse.text/maven-metadata.xml in http://maven.inria.fr/artifactory/triskell-public-release was cached in the local repository, resolution will not be reattempted until the update interval of inria has elapsed or updates are forced
[DEBUG] Using transporter WagonTransporter with priority -1.0 for https://stamp-project.github.io/stamp-maven-repository/
[DEBUG] Using connector BasicRepositoryConnector with priority 0.0 for https://stamp-project.github.io/stamp-maven-repository/
Downloading from stamp-maven-repository-mvn-repo: https://stamp-project.github.io/stamp-maven-repository/org/eclipse/platform/org.eclipse.text/maven-metadata.xml
[DEBUG] Writing tracking file /home/spirals/danglot/.m2/repository/org/eclipse/platform/org.eclipse.text/resolver-status.properties
[DEBUG] Could not find metadata org.eclipse.platform:org.eclipse.text/maven-metadata.xml in stamp-maven-repository-mvn-repo (https://stamp-project.github.io/stamp-maven-repository/)
[DEBUG] Could not find metadata org.eclipse.platform:org.eclipse.core.commands/maven-metadata.xml in local (/home/spirals/danglot/.m2/repository)
[DEBUG] Skipped remote request for org.eclipse.platform:org.eclipse.core.commands/maven-metadata.xml, locally cached metadata up-to-date.
[DEBUG] Failure to find org.eclipse.platform:org.eclipse.core.commands/maven-metadata.xml in https://repo.gradle.org/gradle/libs-releases-local/ was cached in the local repository, resolution will not be reattempted until the update interval of gradle-repo has elapsed or updates are forced
[DEBUG] Failure to find org.eclipse.platform:org.eclipse.core.commands/maven-metadata.xml in https://oss.sonatype.org/content/repositories/snapshots was cached in the local repository, resolution will not be reattempted until the update interval of sonatype-nexus-snapshots has elapsed or updates are forced
[DEBUG] Failure to find org.eclipse.platform:org.eclipse.core.commands/maven-metadata.xml in http://maven.inria.fr/artifactory/spoon-public-snapshot was cached in the local repository, resolution will not be reattempted until the update interval of maven.inria.fr-snapshot has elapsed or updates are forced
[DEBUG] Failure to find org.eclipse.platform:org.eclipse.core.commands/maven-metadata.xml in http://maven.inria.fr/artifactory/triskell-public-release was cached in the local repository, resolution will not be reattempted until the update interval of inria has elapsed or updates are forced
[DEBUG] Using transporter WagonTransporter with priority -1.0 for https://stamp-project.github.io/stamp-maven-repository/
[DEBUG] Using connector BasicRepositoryConnector with priority 0.0 for https://stamp-project.github.io/stamp-maven-repository/
Downloading from stamp-maven-repository-mvn-repo: https://stamp-project.github.io/stamp-maven-repository/org/eclipse/platform/org.eclipse.core.commands/maven-metadata.xml
[DEBUG] Writing tracking file /home/spirals/danglot/.m2/repository/org/eclipse/platform/org.eclipse.core.commands/resolver-status.properties
[DEBUG] Could not find metadata org.eclipse.platform:org.eclipse.core.commands/maven-metadata.xml in stamp-maven-repository-mvn-repo (https://stamp-project.github.io/stamp-maven-repository/)
[DEBUG] Could not find metadata org.eclipse.platform:org.eclipse.equinox.common/maven-metadata.xml in local (/home/spirals/danglot/.m2/repository)
[DEBUG] Skipped remote request for org.eclipse.platform:org.eclipse.equinox.common/maven-metadata.xml, locally cached metadata up-to-date.
[DEBUG] Skipped remote request for org.eclipse.platform:org.eclipse.equinox.common/maven-metadata.xml, already updated during this session.
[DEBUG] Failure to find org.eclipse.platform:org.eclipse.equinox.common/maven-metadata.xml in https://stamp-project.github.io/stamp-maven-repository/ was cached in the local repository, resolution will not be reattempted until the update interval of stamp-maven-repository-mvn-repo has elapsed or updates are forced
[DEBUG] Failure to find org.eclipse.platform:org.eclipse.equinox.common/maven-metadata.xml in https://repo.gradle.org/gradle/libs-releases-local/ was cached in the local repository, resolution will not be reattempted until the update interval of gradle-repo has elapsed or updates are forced
[DEBUG] Failure to find org.eclipse.platform:org.eclipse.equinox.common/maven-metadata.xml in https://oss.sonatype.org/content/repositories/snapshots was cached in the local repository, resolution will not be reattempted until the update interval of sonatype-nexus-snapshots has elapsed or updates are forced
[DEBUG] Failure to find org.eclipse.platform:org.eclipse.equinox.common/maven-metadata.xml in http://maven.inria.fr/artifactory/spoon-public-snapshot was cached in the local repository, resolution will not be reattempted until the update interval of maven.inria.fr-snapshot has elapsed or updates are forced
[DEBUG] Failure to find org.eclipse.platform:org.eclipse.equinox.common/maven-metadata.xml in http://maven.inria.fr/artifactory/triskell-public-release was cached in the local repository, resolution will not be reattempted until the update interval of inria has elapsed or updates are forced
[DEBUG] Could not find metadata org.eclipse.platform:org.eclipse.core.runtime/maven-metadata.xml in local (/home/spirals/danglot/.m2/repository)
[DEBUG] Skipped remote request for org.eclipse.platform:org.eclipse.core.runtime/maven-metadata.xml, locally cached metadata up-to-date.
[DEBUG] Skipped remote request for org.eclipse.platform:org.eclipse.core.runtime/maven-metadata.xml, already updated during this session.
[DEBUG] Failure to find org.eclipse.platform:org.eclipse.core.runtime/maven-metadata.xml in https://stamp-project.github.io/stamp-maven-repository/ was cached in the local repository, resolution will not be reattempted until the update interval of stamp-maven-repository-mvn-repo has elapsed or updates are forced
[DEBUG] Failure to find org.eclipse.platform:org.eclipse.core.runtime/maven-metadata.xml in https://repo.gradle.org/gradle/libs-releases-local/ was cached in the local repository, resolution will not be reattempted until the update interval of gradle-repo has elapsed or updates are forced
[DEBUG] Failure to find org.eclipse.platform:org.eclipse.core.runtime/maven-metadata.xml in https://oss.sonatype.org/content/repositories/snapshots was cached in the local repository, resolution will not be reattempted until the update interval of sonatype-nexus-snapshots has elapsed or updates are forced
[DEBUG] Failure to find org.eclipse.platform:org.eclipse.core.runtime/maven-metadata.xml in http://maven.inria.fr/artifactory/spoon-public-snapshot was cached in the local repository, resolution will not be reattempted until the update interval of maven.inria.fr-snapshot has elapsed or updates are forced
[DEBUG] Failure to find org.eclipse.platform:org.eclipse.core.runtime/maven-metadata.xml in http://maven.inria.fr/artifactory/triskell-public-release was cached in the local repository, resolution will not be reattempted until the update interval of inria has elapsed or updates are forced
[DEBUG] Dependency collection stats: {ConflictMarker.analyzeTime=5044262, ConflictMarker.markTime=823114, ConflictMarker.nodeCount=672, ConflictIdSorter.graphTime=2494255, ConflictIdSorter.topsortTime=138755, ConflictIdSorter.conflictIdCount=98, ConflictIdSorter.conflictIdCycleCount=0, ConflictResolver.totalTime=12349378, ConflictResolver.conflictItemCount=307, DefaultDependencyCollector.collectTime=5119488686, DefaultDependencyCollector.transformTime=21053767}
[DEBUG] eu.stamp-project:dspot-maven:jar:1.1.1-SNAPSHOT:
[DEBUG]    eu.stamp-project:dspot:jar:1.1.1-SNAPSHOT:compile
[DEBUG]       fr.inria.gforge.spoon:spoon-core:jar:7.1.0-SNAPSHOT:compile
[DEBUG]          org.eclipse.jdt:org.eclipse.jdt.core:jar:3.13.102:compile
[DEBUG]             org.eclipse.platform:org.eclipse.core.resources:jar:3.13.100:compile
[DEBUG]                org.eclipse.platform:org.eclipse.core.expressions:jar:3.6.200:compile
[DEBUG]             org.eclipse.platform:org.eclipse.core.runtime:jar:3.15.0:compile
[DEBUG]                org.eclipse.platform:org.eclipse.osgi:jar:3.13.100:compile
[DEBUG]                org.eclipse.platform:org.eclipse.equinox.common:jar:3.10.100:compile
[DEBUG]                org.eclipse.platform:org.eclipse.core.jobs:jar:3.10.100:compile
[DEBUG]                org.eclipse.platform:org.eclipse.equinox.registry:jar:3.8.100:compile
[DEBUG]                org.eclipse.platform:org.eclipse.equinox.preferences:jar:3.7.200:compile
[DEBUG]                org.eclipse.platform:org.eclipse.core.contenttype:jar:3.7.100:compile
[DEBUG]                org.eclipse.platform:org.eclipse.equinox.app:jar:1.3.600:compile
[DEBUG]             org.eclipse.platform:org.eclipse.core.filesystem:jar:1.7.200:compile
[DEBUG]             org.eclipse.platform:org.eclipse.text:jar:3.7.0:compile
[DEBUG]                org.eclipse.platform:org.eclipse.core.commands:jar:3.9.200:compile
[DEBUG]          com.martiansoftware:jsap:jar:2.1:compile
[DEBUG]          log4j:log4j:jar:1.2.17:compile
[DEBUG]          com.fasterxml.jackson.core:jackson-databind:jar:2.9.2:compile
[DEBUG]             com.fasterxml.jackson.core:jackson-annotations:jar:2.9.0:compile
[DEBUG]             com.fasterxml.jackson.core:jackson-core:jar:2.9.2:compile
[DEBUG]          org.benf:cfr:jar:0.132.0:compile
[DEBUG]       junit:junit:jar:4.12:compile
[DEBUG]          org.hamcrest:hamcrest-core:jar:1.3:compile
[DEBUG]       com.google.code.gson:gson:jar:2.8.0:compile
[DEBUG]       org.apache.maven.shared:maven-invoker:jar:3.0.0:compile
[DEBUG]       org.slf4j:slf4j-api:jar:1.7.25:compile
[DEBUG]       org.slf4j:slf4j-log4j12:jar:1.7.25:compile
[DEBUG]       org.jacoco:org.jacoco.core:jar:0.7.9:compile
[DEBUG]          org.ow2.asm:asm-debug-all:jar:5.2:compile
[DEBUG]       eu.stamp-project:descartes:jar:1.1:compile
[DEBUG]          org.pitest:pitest:jar:1.2.0:compile
[DEBUG]          org.pitest:pitest-entry:jar:1.2.0:compile
[DEBUG]             com.thoughtworks.xstream:xstream:jar:1.4.8:compile
[DEBUG]                xmlpull:xmlpull:jar:1.1.3.1:compile
[DEBUG]                xpp3:xpp3_min:jar:1.1.4c:compile
[DEBUG]       org.gradle:gradle-tooling-api:jar:4.0.1:compile
[DEBUG]       org.mockito:mockito-core:jar:2.10.0:compile
[DEBUG]          net.bytebuddy:byte-buddy:jar:1.7.4:runtime
[DEBUG]          net.bytebuddy:byte-buddy-agent:jar:1.7.4:runtime
[DEBUG]          org.objenesis:objenesis:jar:2.6:runtime
[DEBUG]       eu.stamp-project:test-runner:jar:jar-with-dependencies:1.1.0:compile
[DEBUG]       org.openclover:clover:jar:4.2.1:compile
[DEBUG]       fr.inria.gforge.spoon.labs:gumtree-spoon-ast-diff:jar:1.3:compile
[DEBUG]          com.github.gumtreediff:core:jar:2.0.0:compile
[DEBUG]             com.github.mpkorstanje:simmetrics-core:jar:3.0.3:compile
[DEBUG]                commons-codec:commons-codec:jar:1.10:compile
[DEBUG]             net.sf.trove4j:trove4j:jar:3.0.3:compile
[DEBUG]    org.apache.maven:maven-plugin-api:jar:3.5.0:compile
[DEBUG]       org.apache.maven:maven-artifact:jar:3.5.0:compile
[DEBUG]       org.eclipse.sisu:org.eclipse.sisu.plexus:jar:0.3.3:compile
[DEBUG]          javax.enterprise:cdi-api:jar:1.0:compile
[DEBUG]             javax.annotation:jsr250-api:jar:1.0:compile
[DEBUG]          org.eclipse.sisu:org.eclipse.sisu.inject:jar:0.3.3:compile
[DEBUG]    org.apache.maven.plugin-testing:maven-plugin-testing-harness:jar:3.3.0:compile
[DEBUG]       commons-io:commons-io:jar:2.2:compile
[DEBUG]       org.codehaus.plexus:plexus-archiver:jar:2.2:compile
[DEBUG]          org.codehaus.plexus:plexus-io:jar:2.0.4:compile
[DEBUG]    org.apache.maven:maven-compat:jar:3.5.0:compile
[DEBUG]       org.apache.maven:maven-model-builder:jar:3.5.0:compile
[DEBUG]          org.apache.maven:maven-builder-support:jar:3.5.0:compile
[DEBUG]          com.google.guava:guava:jar:20.0:compile
[DEBUG]       org.apache.maven:maven-settings:jar:3.5.0:compile
[DEBUG]       org.apache.maven:maven-resolver-provider:jar:3.5.0:compile
[DEBUG]       org.apache.maven.resolver:maven-resolver-api:jar:1.0.3:compile
[DEBUG]       org.apache.maven.resolver:maven-resolver-util:jar:1.0.3:compile
[DEBUG]       org.apache.maven.resolver:maven-resolver-impl:jar:1.0.3:compile
[DEBUG]       org.codehaus.plexus:plexus-utils:jar:3.0.24:compile
[DEBUG]       org.codehaus.plexus:plexus-interpolation:jar:1.24:compile
[DEBUG]       org.codehaus.plexus:plexus-component-annotations:jar:1.7.1:compile
[DEBUG]       org.apache.maven.wagon:wagon-provider-api:jar:2.12:compile
[DEBUG]    org.apache.maven:maven-core:jar:3.5.0:compile
[DEBUG]       org.apache.maven:maven-settings-builder:jar:3.5.0:compile
[DEBUG]       org.apache.maven:maven-repository-metadata:jar:3.5.0:compile
[DEBUG]       org.apache.maven.resolver:maven-resolver-spi:jar:1.0.3:compile
[DEBUG]       org.apache.maven.shared:maven-shared-utils:jar:3.1.0:compile
[DEBUG]       com.google.inject:guice:jar:no_aop:4.0:compile
[DEBUG]          javax.inject:javax.inject:jar:1:compile
[DEBUG]          aopalliance:aopalliance:jar:1.0:compile
[DEBUG]       org.codehaus.plexus:plexus-classworlds:jar:2.5.2:compile
[DEBUG]       org.sonatype.plexus:plexus-sec-dispatcher:jar:1.4:compile
[DEBUG]          org.sonatype.plexus:plexus-cipher:jar:1.4:compile
[DEBUG]       org.apache.commons:commons-lang3:jar:3.5:compile
[DEBUG]    org.apache.maven:maven-model:jar:3.5.0:compile
[DEBUG]    org.apache.maven:maven-aether-provider:jar:3.3.9:compile
[DEBUG]       org.eclipse.aether:aether-api:jar:1.0.2.v20150114:compile
[DEBUG]       org.eclipse.aether:aether-spi:jar:1.0.2.v20150114:compile
[DEBUG]       org.eclipse.aether:aether-util:jar:1.0.2.v20150114:compile
[DEBUG]       org.eclipse.aether:aether-impl:jar:1.0.2.v20150114:compile
[DEBUG]    org.apache.maven:maven-project:jar:2.2.1:compile
[DEBUG]       org.apache.maven:maven-profile:jar:2.2.1:compile
[DEBUG]       org.apache.maven:maven-artifact-manager:jar:2.2.1:compile
[DEBUG]          backport-util-concurrent:backport-util-concurrent:jar:3.1:compile
[DEBUG]       org.apache.maven:maven-plugin-registry:jar:2.2.1:compile
[DEBUG]       org.codehaus.plexus:plexus-container-default:jar:1.0-alpha-9-stable-1:compile
[DEBUG]          classworlds:classworlds:jar:1.1-alpha-2:compile
[DEBUG] Created new class realm plugin>eu.stamp-project:dspot-maven:1.1.1-SNAPSHOT
[DEBUG] Importing foreign packages into class realm plugin>eu.stamp-project:dspot-maven:1.1.1-SNAPSHOT
[DEBUG]   Imported:  < maven.api
[DEBUG] Populating class realm plugin>eu.stamp-project:dspot-maven:1.1.1-SNAPSHOT
[DEBUG]   Included: eu.stamp-project:dspot-maven:jar:1.1.1-SNAPSHOT
[DEBUG]   Included: eu.stamp-project:dspot:jar:1.1.1-SNAPSHOT
[DEBUG]   Included: fr.inria.gforge.spoon:spoon-core:jar:7.1.0-SNAPSHOT
[DEBUG]   Included: org.eclipse.jdt:org.eclipse.jdt.core:jar:3.13.102
[DEBUG]   Included: org.eclipse.platform:org.eclipse.core.resources:jar:3.13.100
[DEBUG]   Included: org.eclipse.platform:org.eclipse.core.expressions:jar:3.6.200
[DEBUG]   Included: org.eclipse.platform:org.eclipse.core.runtime:jar:3.15.0
[DEBUG]   Included: org.eclipse.platform:org.eclipse.osgi:jar:3.13.100
[DEBUG]   Included: org.eclipse.platform:org.eclipse.equinox.common:jar:3.10.100
[DEBUG]   Included: org.eclipse.platform:org.eclipse.core.jobs:jar:3.10.100
[DEBUG]   Included: org.eclipse.platform:org.eclipse.equinox.registry:jar:3.8.100
[DEBUG]   Included: org.eclipse.platform:org.eclipse.equinox.preferences:jar:3.7.200
[DEBUG]   Included: org.eclipse.platform:org.eclipse.core.contenttype:jar:3.7.100
[DEBUG]   Included: org.eclipse.platform:org.eclipse.equinox.app:jar:1.3.600
[DEBUG]   Included: org.eclipse.platform:org.eclipse.core.filesystem:jar:1.7.200
[DEBUG]   Included: org.eclipse.platform:org.eclipse.text:jar:3.7.0
[DEBUG]   Included: org.eclipse.platform:org.eclipse.core.commands:jar:3.9.200
[DEBUG]   Included: com.martiansoftware:jsap:jar:2.1
[DEBUG]   Included: log4j:log4j:jar:1.2.17
[DEBUG]   Included: com.fasterxml.jackson.core:jackson-databind:jar:2.9.2
[DEBUG]   Included: com.fasterxml.jackson.core:jackson-annotations:jar:2.9.0
[DEBUG]   Included: com.fasterxml.jackson.core:jackson-core:jar:2.9.2
[DEBUG]   Included: org.benf:cfr:jar:0.132.0
[DEBUG]   Included: junit:junit:jar:4.12
[DEBUG]   Included: org.hamcrest:hamcrest-core:jar:1.3
[DEBUG]   Included: com.google.code.gson:gson:jar:2.8.0
[DEBUG]   Included: org.apache.maven.shared:maven-invoker:jar:3.0.0
[DEBUG]   Included: org.slf4j:slf4j-log4j12:jar:1.7.25
[DEBUG]   Included: org.jacoco:org.jacoco.core:jar:0.7.9
[DEBUG]   Included: org.ow2.asm:asm-debug-all:jar:5.2
[DEBUG]   Included: eu.stamp-project:descartes:jar:1.1
[DEBUG]   Included: org.pitest:pitest:jar:1.2.0
[DEBUG]   Included: org.pitest:pitest-entry:jar:1.2.0
[DEBUG]   Included: com.thoughtworks.xstream:xstream:jar:1.4.8
[DEBUG]   Included: xmlpull:xmlpull:jar:1.1.3.1
[DEBUG]   Included: xpp3:xpp3_min:jar:1.1.4c
[DEBUG]   Included: org.gradle:gradle-tooling-api:jar:4.0.1
[DEBUG]   Included: org.mockito:mockito-core:jar:2.10.0
[DEBUG]   Included: net.bytebuddy:byte-buddy:jar:1.7.4
[DEBUG]   Included: net.bytebuddy:byte-buddy-agent:jar:1.7.4
[DEBUG]   Included: org.objenesis:objenesis:jar:2.6
[DEBUG]   Included: eu.stamp-project:test-runner:jar:jar-with-dependencies:1.1.0
[DEBUG]   Included: org.openclover:clover:jar:4.2.1
[DEBUG]   Included: fr.inria.gforge.spoon.labs:gumtree-spoon-ast-diff:jar:1.3
[DEBUG]   Included: com.github.gumtreediff:core:jar:2.0.0
[DEBUG]   Included: com.github.mpkorstanje:simmetrics-core:jar:3.0.3
[DEBUG]   Included: commons-codec:commons-codec:jar:1.10
[DEBUG]   Included: net.sf.trove4j:trove4j:jar:3.0.3
[DEBUG]   Included: javax.enterprise:cdi-api:jar:1.0
[DEBUG]   Included: org.eclipse.sisu:org.eclipse.sisu.inject:jar:0.3.3
[DEBUG]   Included: org.apache.maven.plugin-testing:maven-plugin-testing-harness:jar:3.3.0
[DEBUG]   Included: commons-io:commons-io:jar:2.2
[DEBUG]   Included: org.codehaus.plexus:plexus-archiver:jar:2.2
[DEBUG]   Included: org.codehaus.plexus:plexus-io:jar:2.0.4
[DEBUG]   Included: org.apache.maven:maven-builder-support:jar:3.5.0
[DEBUG]   Included: com.google.guava:guava:jar:20.0
[DEBUG]   Included: org.apache.maven.resolver:maven-resolver-util:jar:1.0.3
[DEBUG]   Included: org.codehaus.plexus:plexus-utils:jar:3.0.24
[DEBUG]   Included: org.codehaus.plexus:plexus-interpolation:jar:1.24
[DEBUG]   Included: org.codehaus.plexus:plexus-component-annotations:jar:1.7.1
[DEBUG]   Included: org.apache.maven.shared:maven-shared-utils:jar:3.1.0
[DEBUG]   Included: com.google.inject:guice:jar:no_aop:4.0
[DEBUG]   Included: aopalliance:aopalliance:jar:1.0
[DEBUG]   Included: org.sonatype.plexus:plexus-sec-dispatcher:jar:1.4
[DEBUG]   Included: org.sonatype.plexus:plexus-cipher:jar:1.4
[DEBUG]   Included: org.apache.commons:commons-lang3:jar:3.5
[DEBUG]   Included: org.eclipse.aether:aether-util:jar:1.0.2.v20150114
[DEBUG]   Included: backport-util-concurrent:backport-util-concurrent:jar:3.1
[DEBUG] Configuring mojo eu.stamp-project:dspot-maven:1.1.1-SNAPSHOT:amplify-unit-tests from plugin realm ClassRealm[plugin>eu.stamp-project:dspot-maven:1.1.1-SNAPSHOT, parent: sun.misc.Launcher$AppClassLoader@55f96302]
[DEBUG] Configuring mojo 'eu.stamp-project:dspot-maven:1.1.1-SNAPSHOT:amplify-unit-tests' with basic configurator -->
[DEBUG]   (f) amplifiers = [TestDataMutator, MethodAdd, MethodRemove, MethodGeneratorAmplifier, ReturnValueAmplifier, NullifierAmplifier]
[DEBUG]   (f) automaticBuilder = MavenBuilder
[DEBUG]   (f) budgetizer = SimpleBudgetizer
[DEBUG]   (f) cases = []
[DEBUG]   (f) clean = true
[DEBUG]   (f) descartes = false
[DEBUG]   (f) example = false
[DEBUG]   (f) generateNewTestClass = true
[DEBUG]   (f) help = false
[DEBUG]   (f) iteration = 3
[DEBUG]   (f) maxTestAmplified = 200
[DEBUG]   (f) noMinimize = false
[DEBUG]   (f) outputPath = /tmp/icst-2019/september-2018/result/joda-time/commit_7_ba95735/input_amplification
[DEBUG]   (f) pathToSecondVersion = /tmp/icst-2019/september-2018/dataset/joda-time
[DEBUG]   (f) pathToTestListCsv = /tmp/icst-2019/september-2018/result/joda-time/commit_7_ba95735/testsThatExecuteTheChanges.csv
[DEBUG]   (f) project = MavenProject: joda-time:joda-time:2.9.9 @ /tmp/icst-2019/september-2018/dataset/joda-time_parent/pom.xml
[DEBUG]   (f) randomSeed = 23
[DEBUG]   (f) test = [all]
[DEBUG]   (f) testCriterion = ChangeDetectorSelector
[DEBUG]   (f) timeOut = 10000
[DEBUG]   (f) useMavenToExeTest = false
[DEBUG]   (f) verbose = true
[DEBUG]   (f) withComment = false
[DEBUG]   (f) workingDirectory = false
[DEBUG] -- end configuration --
[INFO] Path to runner Classes: /home/spirals/danglot/.m2/repository/eu/stamp-project/test-runner/1.1.0/test-runner-1.1.0-jar-with-dependencies.jar
[INFO] /home/spirals/danglot/.m2/repository/org/jacoco/org.jacoco.core/0.7.9/org.jacoco.core-0.7.9.jar
[INFO] /home/spirals/danglot/.m2/repository/org/ow2/asm/asm-debug-all/5.2/asm-debug-all-5.2.jar
[INFO] /home/spirals/danglot/.m2/repository/eu/stamp-project/test-runner/1.1.0/test-runner-1.1.0-jar-with-dependencies.jar
[WARNING] automaticBuilderName: unknown automatic builder specified in configuration, going to default.
[INFO] Default: provided Maven automatic builder.
[INFO] Using /home/spirals/danglot/apache-maven-3.5.4 for maven home
[INFO] run maven: {}/bin/mvn /home/spirals/danglot/apache-maven-3.5.4
[WARN] Maven will be executed in interactive mode, but no input stream has been configured for this MavenInvoker instance.
[INFO] Scanning for projects...
[WARNING] The project joda-time:joda-time:jar:2.9.9 uses prerequisites which is only intended for maven-plugin projects but not for non maven-plugin projects. For such purposes you should use the maven-enforcer-plugin. See https://maven.apache.org/enforcer/enforcer-rules/requireMavenVersion.html
[INFO] 
[INFO] ------------------------< joda-time:joda-time >-------------------------
[INFO] Building Joda-Time 2.9.9
[INFO] --------------------------------[ jar ]---------------------------------
[INFO] 
[INFO] --- maven-clean-plugin:2.6.1:clean (default-clean) @ joda-time ---
[INFO] Deleting /tmp/icst-2019/september-2018/dataset/joda-time_parent/target
[INFO] 
[INFO] --- maven-resources-plugin:2.7:resources (default-resources) @ joda-time ---
[INFO] Using 'UTF-8' encoding to copy filtered resources.
[INFO] Copying 2 resources to META-INF
[INFO] Copying 15 resources
[INFO] 
[INFO] --- maven-compiler-plugin:3.3:compile (default-compile) @ joda-time ---
[INFO] Changes detected - recompiling the module!
[INFO] Compiling 166 source files to /tmp/icst-2019/september-2018/dataset/joda-time_parent/target/classes
[INFO] 
[INFO] --- exec-maven-plugin:1.4.0:java (compile-tzdb) @ joda-time ---
Writing zoneinfo files
Writing ZoneInfoMap
[INFO] 
[INFO] --- maven-resources-plugin:2.7:testResources (default-testResources) @ joda-time ---
[INFO] Using 'UTF-8' encoding to copy filtered resources.
[INFO] Copying 35 resources
[INFO] 
[INFO] --- maven-compiler-plugin:3.3:testCompile (default-testCompile) @ joda-time ---
[INFO] Changes detected - recompiling the module!
[INFO] Compiling 158 source files to /tmp/icst-2019/september-2018/dataset/joda-time_parent/target/test-classes
[INFO] 
[INFO] --- maven-surefire-plugin:2.18.1:test (default-test) @ joda-time ---
[INFO] Tests are skipped.
[INFO] 
[INFO] --- maven-dependency-plugin:2.10:build-classpath (default-cli) @ joda-time ---
[INFO] Wrote classpath file '/tmp/icst-2019/september-2018/dataset/joda-time_parent/target/dspot/classpath'.
[INFO] ------------------------------------------------------------------------
[INFO] BUILD SUCCESS
[INFO] ------------------------------------------------------------------------
[INFO] Total time: 16.009 s
[INFO] Finished at: 2018-09-29T04:24:28+02:00
[INFO] ------------------------------------------------------------------------
[INFO] Using /home/spirals/danglot/apache-maven-3.5.4 for maven home
[INFO] run maven: {}/bin/mvn /home/spirals/danglot/apache-maven-3.5.4
[WARN] Maven will be executed in interactive mode, but no input stream has been configured for this MavenInvoker instance.
[INFO] Scanning for projects...
[WARNING] The project joda-time:joda-time:jar:2.9.9 uses prerequisites which is only intended for maven-plugin projects but not for non maven-plugin projects. For such purposes you should use the maven-enforcer-plugin. See https://maven.apache.org/enforcer/enforcer-rules/requireMavenVersion.html
[INFO] 
[INFO] ------------------------< joda-time:joda-time >-------------------------
[INFO] Building Joda-Time 2.9.9
[INFO] --------------------------------[ jar ]---------------------------------
[INFO] 
[INFO] --- maven-clean-plugin:2.6.1:clean (default-clean) @ joda-time ---
[INFO] Deleting /tmp/icst-2019/september-2018/dataset/joda-time/target
[INFO] 
[INFO] --- maven-resources-plugin:2.7:resources (default-resources) @ joda-time ---
[INFO] Using 'UTF-8' encoding to copy filtered resources.
[INFO] Copying 2 resources to META-INF
[INFO] Copying 15 resources
[INFO] 
[INFO] --- maven-compiler-plugin:3.3:compile (default-compile) @ joda-time ---
[INFO] Changes detected - recompiling the module!
[INFO] Compiling 166 source files to /tmp/icst-2019/september-2018/dataset/joda-time/target/classes
[INFO] 
[INFO] --- exec-maven-plugin:1.4.0:java (compile-tzdb) @ joda-time ---
Writing zoneinfo files
Writing ZoneInfoMap
[INFO] 
[INFO] --- maven-resources-plugin:2.7:testResources (default-testResources) @ joda-time ---
[INFO] Using 'UTF-8' encoding to copy filtered resources.
[INFO] Copying 35 resources
[INFO] 
[INFO] --- maven-compiler-plugin:3.3:testCompile (default-testCompile) @ joda-time ---
[INFO] Changes detected - recompiling the module!
[INFO] Compiling 158 source files to /tmp/icst-2019/september-2018/dataset/joda-time/target/test-classes
[INFO] 
[INFO] --- maven-surefire-plugin:2.18.1:test (default-test) @ joda-time ---
[INFO] Tests are skipped.
[INFO] 
[INFO] --- maven-dependency-plugin:2.10:build-classpath (default-cli) @ joda-time ---
[INFO] Wrote classpath file '/tmp/icst-2019/september-2018/dataset/joda-time/target/dspot/classpath'.
[INFO] ------------------------------------------------------------------------
[INFO] BUILD SUCCESS
[INFO] ------------------------------------------------------------------------
[INFO] Total time: 16.048 s
[INFO] Finished at: 2018-09-29T04:24:54+02:00
[INFO] ------------------------------------------------------------------------
[INFO] Amplification of org.joda.time.tz.TestCompiler (1 test(s))
[INFO] Assertion amplification of org.joda.time.tz.TestCompiler (1 test(s))
[ERROR] Error(s) during compilation:
[ERROR] Pb(130) The constructor Object(String) is undefined
[ERROR] Error(s) during compilation:
[ERROR] Pb(130) The constructor Object(String) is undefined
[ERROR] Error(s) during compilation:
[ERROR] Pb(130) The constructor Object(String) is undefined
[ERROR] Error(s) during compilation:
[ERROR] Pb(130) The constructor Object(String) is undefined
[WARNING] Trying three time to compile with no success. Give up.
[INFO] Run: java -classpath /tmp/icst-2019/september-2018/dataset/joda-time_parent/target/test-classes:/tmp/icst-2019/september-2018/dataset/joda-time_parent/target/classes/:/home/spirals/danglot/.m2/repository/junit/junit/4.12/junit-4.12.jar:/home/spirals/danglot/.m2/repository/org/joda/joda-convert/1.2/joda-convert-1.2.jar:/home/spirals/danglot/.m2/repository/junit/junit/3.8.2/junit-3.8.2.jar:/tmp/icst-2019/september-2018/dataset/joda-time_parent/target/dspot/dependencies/:/home/spirals/danglot/.m2/repository/eu/stamp-project/test-runner/1.1.0/test-runner-1.1.0-jar-with-dependencies.jar eu.stamp_project.testrunner.runner.test.TestRunner org.joda.time.tz.TestCompiler testCompile
File saved to the following path: /tmp/icst-2019/september-2018/dataset/joda-time_parent/target/dspot/TestListener.ser
Loading /tmp/icst-2019/september-2018/dataset/joda-time_parent/target/dspot/TestListener.ser
[INFO] Test has been run: initializationError(org.junit.runner.manipulation.Filter): No tests found matching Filter test methods according their simple name: [testCompile] from org.junit.internal.requests.ClassRequest@b81eda8
[INFO] 0 amplified test methods has been selected to be kept. (global: 0)
[INFO] Applying Input-amplification and Assertion-amplification test by test.
[INFO] Amplification of testCompile, (1/1)
[INFO] iteration 0 / 3
[INFO] 1 tests selected to be amplified over 1 available tests
[INFO] Amplification of inputs...
100% |================================================== ]/
[INFO] 23 new tests generated
[INFO] Run tests. (23)
[ERROR] Error(s) during compilation:
[ERROR] Pb(130) The constructor Object(String) is undefined
[ERROR] Error(s) during compilation:
[ERROR] Pb(130) The constructor Object(String) is undefined
[ERROR] Error(s) during compilation:
[ERROR] Pb(130) The constructor Object(String) is undefined
[ERROR] Error(s) during compilation:
[ERROR] Pb(130) The constructor Object(String) is undefined
[WARNING] Trying three time to compile with no success. Give up.
[INFO] Run: java -classpath /tmp/icst-2019/september-2018/dataset/joda-time_parent/target/test-classes:/tmp/icst-2019/september-2018/dataset/joda-time_parent/target/classes/:/home/spirals/danglot/.m2/repository/junit/junit/4.12/junit-4.12.jar:/home/spirals/danglot/.m2/repository/org/joda/joda-convert/1.2/joda-convert-1.2.jar:/home/spirals/danglot/.m2/repository/junit/junit/3.8.2/junit-3.8.2.jar:/tmp/icst-2019/september-2018/dataset/joda-time_parent/target/dspot/dependencies/:/home/spirals/danglot/.m2/repository/eu/stamp-project/test-runner/1.1.0/test-runner-1.1.0-jar-with-dependencies.jar eu.stamp_project.testrunner.runner.test.TestRunner org.joda.time.tz.TestCompiler testCompile_literalMutationString1:testCompile_literalMutationString2:testCompile_literalMutationString3:testCompile_literalMutationString4:testCompile_literalMutationString5:testCompile_literalMutationString6:testCompile_add7:testCompile_add8:testCompile_add9:testCompile_add10:testCompile_mg11:testCompile_mg12:testCompile_mg13:testCompile_mg14:testCompile_mg15:testCompile_mg16:testCompile_mg17:testCompile_mg18:testCompile_mg19:testCompile_mg20:testCompile_mg21:testCompile_mg22:testCompilenull23
File saved to the following path: /tmp/icst-2019/september-2018/dataset/joda-time_parent/target/dspot/TestListener.ser
Loading /tmp/icst-2019/september-2018/dataset/joda-time_parent/target/dspot/TestListener.ser
[INFO] Test has been run: initializationError(org.junit.runner.manipulation.Filter): No tests found matching Filter test methods according their simple name: [testCompile_literalMutationString1, testCompile_literalMutationString2, testCompile_literalMutationString3, testCompile_literalMutationString4, testCompile_literalMutationString5, testCompile_literalMutationString6, testCompile_add7, testCompile_add8, testCompile_add9, testCompile_add10, testCompile_mg11, testCompile_mg12, testCompile_mg13, testCompile_mg14, testCompile_mg15, testCompile_mg16, testCompile_mg17, testCompile_mg18, testCompile_mg19, testCompile_mg20, testCompile_mg21, testCompile_mg22, testCompilenull23] from org.junit.internal.requests.ClassRequest@b81eda8
[INFO] 1 test fail, generating try/catch/fail blocks...
[INFO] Could not generate any test with assertions
[INFO] iteration 1 / 3
[INFO] 23 tests selected to be amplified over 23 available tests
[INFO] Amplification of inputs...
 65% |================================ ]\ 13% |================================ ]\ 30% |================================ ]\ 43% |================================ ]- 47% |================================ ]\ 34% |================================ ]| 21% |================================ ]/ 73% |==================================== ]/ 69% |==================================== ]| 17% |==================================== ]| 26% |==================================== ]- 39% |==================================== ]/ 56% |==================================== ]/  8% |==================================== ]-  4% |==================================== ]/ 91% |============================================= ]/ 60% |============================================= ]- 82% |============================================= ]\ 78% |============================================= ]-100% |================================================== ]\
 52% |========================== ]| 95% |=============================================== ]- 86% |=============================================== ]|[INFO] 610 new tests generated
[WARNING] Too many tests have been generated: 610
[INFO] Number of generated test reduced to 200
[INFO] Run tests. (200)
[ERROR] Error(s) during compilation:
[ERROR] Pb(130) The constructor Object(String) is undefined
[ERROR] Error(s) during compilation:
[ERROR] Pb(130) The constructor Object(String) is undefined
[ERROR] Error(s) during compilation:
[ERROR] Pb(130) The constructor Object(String) is undefined
[ERROR] Error(s) during compilation:
[ERROR] Pb(130) The constructor Object(String) is undefined
[WARNING] Trying three time to compile with no success. Give up.
[INFO] Run: java -classpath /tmp/icst-2019/september-2018/dataset/joda-time_parent/target/test-classes:/tmp/icst-2019/september-2018/dataset/joda-time_parent/target/classes/:/home/spirals/danglot/.m2/repository/junit/junit/4.12/junit-4.12.jar:/home/spirals/danglot/.m2/repository/org/joda/joda-convert/1.2/joda-convert-1.2.jar:/home/spirals/danglot/.m2/repository/junit/junit/3.8.2/junit-3.8.2.jar:/tmp/icst-2019/september-2018/dataset/joda-time_parent/target/dspot/dependencies/:/home/spirals/danglot/.m2/repository/eu/stamp-project/test-runner/1.1.0/test-runner-1.1.0-jar-with-dependencies.jar eu.stamp_project.testrunner.runner.test.TestRunner org.joda.time.tz.TestCompiler testCompile_mg13_mg354:testCompile_mg20_mg635:testCompile_mg16_mg267:testCompile_mg13_mg357:testCompile_mg19_mg480:testCompile_mg13_mg361:testCompile_mg19_mg491:testCompile_mg19_mg484:testCompile_mg13_mg360:testCompile_mg16_mg273:testCompile_mg16_mg280:testCompile_mg16_mg277:testCompile_mg20_mg620:testCompile_mg20_mg646:testCompile_mg19_mg493:testCompile_mg11_mg163:testCompile_mg12_mg534:testCompile_mg13_mg352:testCompile_mg13_mg353:testCompile_mg11_mg202:testCompile_mg16_mg264:testCompile_mg16_mg266:testCompile_mg20_mg624:testCompile_add9null366:testCompile_mg19_mg478:testCompile_add10null124:testCompile_mg19_mg479:testCompilenull23_mg509:testCompile_mg22null584:testCompile_mg12_mg537:testCompile_mg12_mg540:testCompile_literalMutationString5null260:testCompile_literalMutationString3null155:testCompile_literalMutationString1null447:testCompile_literalMutationString2null446:testCompile_literalMutationString4null364:testCompile_literalMutationString6null374:testCompile_mg11_mg195:testCompile_mg20_mg653:testCompile_add8_rv209:testCompile_mg20_mg589:testCompile_add9_literalMutationString293:testCompile_add10_literalMutationString57:testCompile_literalMutationString1_mg413:testCompile_mg22_literalMutationString544:testCompile_mg20_mg652:testCompile_mg17_mg203:testCompile_add8_rv223:testCompile_literalMutationString3_literalMutationString74:testCompile_literalMutationString6_literalMutationString270:testCompile_literalMutationString2_literalMutationString365:testCompile_literalMutationString1_literalMutationString367:testCompile_literalMutationString5_literalMutationString158:testCompile_literalMutationString4_literalMutationString279:testCompile_literalMutationString1_literalMutationString369:testCompile_mg22_rv577:testCompile_literalMutationString2_literalMutationString387:testCompile_mg13_mg358:testCompile_mg20_mg649:testCompile_add8null265:testCompile_add8null268:testCompile_mg14_mg423:testCompile_add9_mg328:testCompile_add9_literalMutationString297:testCompile_add9_literalMutationString294:testCompile_add10_literalMutationString60:testCompile_add10_mg101:testCompile_add9_literalMutationString292:testCompile_add10_literalMutationString58:testCompile_add9_literalMutationString295:testCompile_add9_literalMutationString296:testCompile_mg13_mg355:testCompile_mg22_mg561:testCompile_add10_literalMutationString63:testCompile_literalMutationString2_mg439:testCompile_add10_literalMutationString65:testCompile_mg22_literalMutationString546:testCompile_mg21_mg424:testCompile_literalMutationString4_mg321:testCompile_literalMutationString3_literalMutationString76:testCompile_add10_literalMutationString62:testCompile_mg22_literalMutationString545:testCompile_literalMutationString3_mg120:testCompile_literalMutationString6_mg332:testCompile_mg22_literalMutationString548:testCompile_mg18_mg506:testCompile_mg22_literalMutationString547:testCompile_literalMutationString2_literalMutationString381:testCompile_literalMutationString6_literalMutationString272:testCompile_literalMutationString3_literalMutationString78:testCompile_literalMutationString2_literalMutationString385:testCompile_mg13_mg362:testCompile_literalMutationString5_literalMutationString162:testCompile_literalMutationString1_literalMutationString368:testCompile_literalMutationString4_literalMutationString287:testCompile_literalMutationString6_literalMutationString278:testCompile_literalMutationString4_literalMutationString291:testCompile_literalMutationString2_literalMutationString383:testCompile_mg22_literalMutationString549:testCompile_literalMutationString5_mg217:testCompile_literalMutationString3_literalMutationString81:testCompile_literalMutationString4_literalMutationString289:testCompile_literalMutationString3_literalMutationString79:testCompile_literalMutationString4_literalMutationString282:testCompile_literalMutationString6_literalMutationString285:testCompile_literalMutationString4_literalMutationString284:testCompile_literalMutationString6_literalMutationString281:testCompile_literalMutationString3_literalMutationString73:testCompile_add7_mg59:testCompile_literalMutationString5_literalMutationString168:testCompile_literalMutationString6_literalMutationString283:testCompile_literalMutationString5_literalMutationString166:testCompile_mg16_mg274:testCompile_add8_literalMutationString134:testCompile_add8_literalMutationString127:testCompile_mg20_mg644:testCompile_mg13_mg359:testCompile_literalMutationString5_literalMutationString160:testCompile_literalMutationString5_literalMutationString164:testCompile_mg20_mg645:testCompile_mg15_mg106:testCompile_mg12_mg531:testCompile_mg11_mg161:testCompile_mg11_mg159:testCompile_mg18_mg514:testCompile_mg11_mg207:testCompile_mg16_mg269:testCompile_mg15null184:testCompile_mg12_mg533:testCompile_mg12_mg541:testCompile_add8_rv229:testCompile_mg13_mg356:testCompile_mg17_mg218:testCompile_add7_mg88:testCompilenull23_mg492:testCompile_literalMutationString2_literalMutationString380:testCompile_mg19_mg487:testCompile_mg16_mg286:testCompile_add7null126:testCompile_mg18null570:testCompilenull23_mg499:testCompile_mg21null481:testCompile_add8_literalMutationString131:testCompile_add8_mg174:testCompile_add8_literalMutationString137:testCompile_mg16_mg275:testCompile_add8_literalMutationString128:testCompile_add8_literalMutationString138:testCompile_add7_mg66:testCompile_mg19_mg482:testCompilenull23_mg507:testCompile_add8_literalMutationString129:testCompile_add8_literalMutationString132:testCompile_add8_literalMutationString133:testCompile_add8_literalMutationString135:testCompile_mg21_mg440:testCompile_add8_literalMutationString130:testCompile_add8_literalMutationString136:testCompile_mg14null516:testCompile_mg15_literalMutationString94:testCompile_mg16_mg271:testCompile_mg19_mg502:testCompilenull23_mg490:testCompile_literalMutationString1_mg375:testCompile_add8_rv218:testCompile_add8_mg143:testCompile_mg19_mg489:testCompile_add7_literalMutationString48:testCompile_mg18_literalMutationString463:testCompile_mg17null233:testCompile_literalMutationString1_mg394:testCompile_mg20_mg636:testCompilenull23_mg497:testCompile_mg21_literalMutationString388:testCompile_mg20_mg619:testCompile_mg17_mg220:testCompile_mg17_mg210:testCompile_mg18_mg526:testCompile_add9_mg302:testCompile_literalMutationString1_mg409:testCompile_mg20_mg639:testCompile_mg19_mg483:testCompile_mg14_mg435:testCompile_mg22_rv579:testCompile_mg15_mg115:testCompile_mg22_rv573:testCompile_add10_mg75:testCompile_mg15_literalMutationNumber47:testCompile_mg15_literalMutationString98:testCompile_mg15_mg123:testCompile_mg20_mg623:testCompile_mg15_literalMutationString97:testCompile_mg14_literalMutationString411:testCompile_mg22_rv583:testCompile_add7_mg89:testCompile_add9_mg305:testCompile_literalMutationString1_mg373:testCompile_literalMutationString2_mg404:testCompile_mg22_mg554:testCompile_literalMutationString4_mg310
File saved to the following path: /tmp/icst-2019/september-2018/dataset/joda-time_parent/target/dspot/TestListener.ser
Loading /tmp/icst-2019/september-2018/dataset/joda-time_parent/target/dspot/TestListener.ser
[INFO] Test has been run: initializationError(org.junit.runner.manipulation.Filter): No tests found matching Filter test methods according their simple name: [testCompile_mg13_mg354, testCompile_mg20_mg635, testCompile_mg16_mg267, testCompile_mg13_mg357, testCompile_mg19_mg480, testCompile_mg13_mg361, testCompile_mg19_mg491, testCompile_mg19_mg484, testCompile_mg13_mg360, testCompile_mg16_mg273, testCompile_mg16_mg280, testCompile_mg16_mg277, testCompile_mg20_mg620, testCompile_mg20_mg646, testCompile_mg19_mg493, testCompile_mg11_mg163, testCompile_mg12_mg534, testCompile_mg13_mg352, testCompile_mg13_mg353, testCompile_mg11_mg202, testCompile_mg16_mg264, testCompile_mg16_mg266, testCompile_mg20_mg624, testCompile_add9null366, testCompile_mg19_mg478, testCompile_add10null124, testCompile_mg19_mg479, testCompilenull23_mg509, testCompile_mg22null584, testCompile_mg12_mg537, testCompile_mg12_mg540, testCompile_literalMutationString5null260, testCompile_literalMutationString3null155, testCompile_literalMutationString1null447, testCompile_literalMutationString2null446, testCompile_literalMutationString4null364, testCompile_literalMutationString6null374, testCompile_mg11_mg195, testCompile_mg20_mg653, testCompile_add8_rv209, testCompile_mg20_mg589, testCompile_add9_literalMutationString293, testCompile_add10_literalMutationString57, testCompile_literalMutationString1_mg413, testCompile_mg22_literalMutationString544, testCompile_mg20_mg652, testCompile_mg17_mg203, testCompile_add8_rv223, testCompile_literalMutationString3_literalMutationString74, testCompile_literalMutationString6_literalMutationString270, testCompile_literalMutationString2_literalMutationString365, testCompile_literalMutationString1_literalMutationString367, testCompile_literalMutationString5_literalMutationString158, testCompile_literalMutationString4_literalMutationString279, testCompile_literalMutationString1_literalMutationString369, testCompile_mg22_rv577, testCompile_literalMutationString2_literalMutationString387, testCompile_mg13_mg358, testCompile_mg20_mg649, testCompile_add8null265, testCompile_add8null268, testCompile_mg14_mg423, testCompile_add9_mg328, testCompile_add9_literalMutationString297, testCompile_add9_literalMutationString294, testCompile_add10_literalMutationString60, testCompile_add10_mg101, testCompile_add9_literalMutationString292, testCompile_add10_literalMutationString58, testCompile_add9_literalMutationString295, testCompile_add9_literalMutationString296, testCompile_mg13_mg355, testCompile_mg22_mg561, testCompile_add10_literalMutationString63, testCompile_literalMutationString2_mg439, testCompile_add10_literalMutationString65, testCompile_mg22_literalMutationString546, testCompile_mg21_mg424, testCompile_literalMutationString4_mg321, testCompile_literalMutationString3_literalMutationString76, testCompile_add10_literalMutationString62, testCompile_mg22_literalMutationString545, testCompile_literalMutationString3_mg120, testCompile_literalMutationString6_mg332, testCompile_mg22_literalMutationString548, testCompile_mg18_mg506, testCompile_mg22_literalMutationString547, testCompile_literalMutationString2_literalMutationString381, testCompile_literalMutationString6_literalMutationString272, testCompile_literalMutationString3_literalMutationString78, testCompile_literalMutationString2_literalMutationString385, testCompile_mg13_mg362, testCompile_literalMutationString5_literalMutationString162, testCompile_literalMutationString1_literalMutationString368, testCompile_literalMutationString4_literalMutationString287, testCompile_literalMutationString6_literalMutationString278, testCompile_literalMutationString4_literalMutationString291, testCompile_literalMutationString2_literalMutationString383, testCompile_mg22_literalMutationString549, testCompile_literalMutationString5_mg217, testCompile_literalMutationString3_literalMutationString81, testCompile_literalMutationString4_literalMutationString289, testCompile_literalMutationString3_literalMutationString79, testCompile_literalMutationString4_literalMutationString282, testCompile_literalMutationString6_literalMutationString285, testCompile_literalMutationString4_literalMutationString284, testCompile_literalMutationString6_literalMutationString281, testCompile_literalMutationString3_literalMutationString73, testCompile_add7_mg59, testCompile_literalMutationString5_literalMutationString168, testCompile_literalMutationString6_literalMutationString283, testCompile_literalMutationString5_literalMutationString166, testCompile_mg16_mg274, testCompile_add8_literalMutationString134, testCompile_add8_literalMutationString127, testCompile_mg20_mg644, testCompile_mg13_mg359, testCompile_literalMutationString5_literalMutationString160, testCompile_literalMutationString5_literalMutationString164, testCompile_mg20_mg645, testCompile_mg15_mg106, testCompile_mg12_mg531, testCompile_mg11_mg161, testCompile_mg11_mg159, testCompile_mg18_mg514, testCompile_mg11_mg207, testCompile_mg16_mg269, testCompile_mg15null184, testCompile_mg12_mg533, testCompile_mg12_mg541, testCompile_add8_rv229, testCompile_mg13_mg356, testCompile_mg17_mg218, testCompile_add7_mg88, testCompilenull23_mg492, testCompile_literalMutationString2_literalMutationString380, testCompile_mg19_mg487, testCompile_mg16_mg286, testCompile_add7null126, testCompile_mg18null570, testCompilenull23_mg499, testCompile_mg21null481, testCompile_add8_literalMutationString131, testCompile_add8_mg174, testCompile_add8_literalMutationString137, testCompile_mg16_mg275, testCompile_add8_literalMutationString128, testCompile_add8_literalMutationString138, testCompile_add7_mg66, testCompile_mg19_mg482, testCompilenull23_mg507, testCompile_add8_literalMutationString129, testCompile_add8_literalMutationString132, testCompile_add8_literalMutationString133, testCompile_add8_literalMutationString135, testCompile_mg21_mg440, testCompile_add8_literalMutationString130, testCompile_add8_literalMutationString136, testCompile_mg14null516, testCompile_mg15_literalMutationString94, testCompile_mg16_mg271, testCompile_mg19_mg502, testCompilenull23_mg490, testCompile_literalMutationString1_mg375, testCompile_add8_rv218, testCompile_add8_mg143, testCompile_mg19_mg489, testCompile_add7_literalMutationString48, testCompile_mg18_literalMutationString463, testCompile_mg17null233, testCompile_literalMutationString1_mg394, testCompile_mg20_mg636, testCompilenull23_mg497, testCompile_mg21_literalMutationString388, testCompile_mg20_mg619, testCompile_mg17_mg220, testCompile_mg17_mg210, testCompile_mg18_mg526, testCompile_add9_mg302, testCompile_literalMutationString1_mg409, testCompile_mg20_mg639, testCompile_mg19_mg483, testCompile_mg14_mg435, testCompile_mg22_rv579, testCompile_mg15_mg115, testCompile_mg22_rv573, testCompile_add10_mg75, testCompile_mg15_literalMutationNumber47, testCompile_mg15_literalMutationString98, testCompile_mg15_mg123, testCompile_mg20_mg623, testCompile_mg15_literalMutationString97, testCompile_mg14_literalMutationString411, testCompile_mg22_rv583, testCompile_add7_mg89, testCompile_add9_mg305, testCompile_literalMutationString1_mg373, testCompile_literalMutationString2_mg404, testCompile_mg22_mg554, testCompile_literalMutationString4_mg310] from org.junit.internal.requests.ClassRequest@b81eda8
[INFO] 1 test fail, generating try/catch/fail blocks...
[INFO] Could not generate any test with assertions
[INFO] iteration 2 / 3
[INFO] 200 tests selected to be amplified over 200 available tests
[INFO] Amplification of inputs...
 63% |=============================================== ]- 56% |=============================================== ]/ 88% |=============================================== ]| 31% |=============================================== ]\ 32% |=============================================== ]| 88% |=============================================== ]/ 63% |=============================================== ]\ 32% |=============================================== ]/ 89% |=============================================== ]- 64% |=============================================== ]| 57% |=============================================== ]- 33% |=============================================== ]- 64% |=============================================== ]/ 57% |=============================================== ]\ 33% |=============================================== ]\ 65% |=============================================== ]- 89% |=============================================== ]\ 90% |=============================================== ]| 58% |=============================================== ]| 34% |=============================================== ]| 90% |=============================================== ]/ 34% |=============================================== ]/ 65% |=============================================== ]\ 35% |=============================================== ]- 35% |=============================================== ]\ 58% |=============================================== ]/ 36% |=============================================== ]| 91% |=============================================== ]- 59% |=============================================== ]- 36% |=============================================== ]/ 59% |=============================================== ]\ 66% |=============================================== ]| 60% |=============================================== ]| 66% |=============================================== ]/ 91% |=============================================== ]\ 37% |=============================================== ]- 60% |=============================================== ]/ 67% |=============================================== ]- 37% |=============================================== ]\ 92% |=============================================== ]| 61% |=============================================== ]- 25% |=============================================== ]\ 92% |=============================================== ]/ 26% |=============================================== ]| 67% |=============================================== ]\ 93% |=============================================== ]- 68% |=============================================== ]| 26% |=============================================== ]/ 61% |=============================================== ]\ 68% |=============================================== ]/ 93% |=============================================== ]\ 27% |=============================================== ]- 62% |=============================================== ]| 27% |=============================================== ]\ 69% |=============================================== ]- 62% |=============================================== ]/ 28% |=============================================== ]| 94% |=============================================== ]| 69% |=============================================== ]\ 50% |=============================================== ]/ 28% |=============================================== ]/ 51% |=============================================== ]- 70% |=============================================== ]| 94% |=============================================== ]/ 51% |=============================================== ]\ 29% |=============================================== ]- 70% |=============================================== ]/ 52% |=============================================== ]| 95% |=============================================== ]- 71% |=============================================== ]- 52% |=============================================== ]/ 29% |=============================================== ]\ 71% |=============================================== ]\ 95% |=============================================== ]\ 53% |=============================================== ]- 72% |=============================================== ]| 53% |=============================================== ]\ 30% |=============================================== ]| 96% |================================================ ]| 54% |================================================ ]| 30% |================================================ ]/ 72% |================================================ ]/ 96% |================================================ ]/ 31% |================================================ ]- 54% |================================================ ]/ 97% |================================================ ]- 73% |================================================ ]- 44% |================================================ ]| 55% |================================================ ]- 44% |================================================ ]/ 55% |================================================ ]\ 97% |================================================ ]\ 45% |================================================ ]- 45% |================================================ ]\ 56% |================================================ ]| 73% |================================================ ]\ 98% |================================================= ]| 46% |================================================= ]| 74% |================================================= ]| 98% |================================================= ]/ 46% |================================================= ]/ 13% |================================================= ]- 74% |================================================= ]/ 47% |================================================= ]- 13% |================================================= ]\ 99% |================================================= ]- 47% |================================================= ]\ 75% |================================================= ]- 48% |================================================= ]| 14% |================================================= ]| 99% |================================================= ]\ 48% |================================================= ]/ 38% |================================================= ]| 14% |================================================= ]/ 49% |================================================= ]-100% |================================================== ]|
 49% |======================== ]\ 38% |======================== ]/ 15% |======================== ]- 81% |======================================== ]\ 50% |======================================== ]| 82% |========================================= ]|  6% |========================================= ]/ 39% |========================================= ]- 15% |========================================= ]\ 82% |========================================= ]/ 39% |========================================= ]\ 16% |========================================= ]| 40% |========================================= ]| 16% |========================================= ]/ 40% |========================================= ]/ 17% |========================================= ]- 83% |========================================= ]- 17% |========================================= ]\  7% |========================================= ]- 18% |========================================= ]| 41% |========================================= ]- 18% |========================================= ]/ 83% |========================================= ]\  7% |========================================= ]\ 19% |========================================= ]- 84% |========================================== ]| 41% |========================================== ]\ 84% |========================================== ]/ 85% |========================================== ]-  8% |========================================== ]| 42% |========================================== ]| 19% |========================================== ]\ 85% |========================================== ]\  8% |========================================== ]/ 42% |========================================== ]/ 86% |=========================================== ]|  9% |=========================================== ]- 43% |=========================================== ]-  9% |=========================================== ]\ 20% |=========================================== ]| 43% |=========================================== ]\  0% |=========================================== ]/ 10% |=========================================== ]| 20% |=========================================== ]/  1% |=========================================== ]- 86% |=========================================== ]/ 10% |=========================================== ]/ 87% |=========================================== ]- 11% |=========================================== ]- 87% |=========================================== ]\  1% |=========================================== ]\ 21% |=========================================== ]- 11% |=========================================== ]\  2% |=========================================== ]| 21% |=========================================== ]\ 75% |=========================================== ]\ 22% |=========================================== ]| 76% |=========================================== ]| 12% |=========================================== ]|  2% |=========================================== ]/ 22% |=========================================== ]/ 12% |=========================================== ]/ 76% |=========================================== ]/  3% |=========================================== ]- 23% |=========================================== ]- 77% |=========================================== ]-  3% |=========================================== ]\ 77% |=========================================== ]\ 23% |=========================================== ]\ 78% |=========================================== ]|  4% |=========================================== ]| 78% |=========================================== ]/ 24% |=========================================== ]|  4% |=========================================== ]/ 79% |=========================================== ]- 79% |=========================================== ]\  5% |=========================================== ]- 24% |=========================================== ]/ 80% |=========================================== ]| 25% |=========================================== ]- 80% |=========================================== ]/  5% |=========================================== ]\ 81% |=========================================== ]-  6% |=========================================== ]|[INFO] 8028 new tests generated
[WARNING] Too many tests have been generated: 8028
[INFO] Number of generated test reduced to 200
[INFO] Run tests. (200)
[ERROR] Error(s) during compilation:
[ERROR] Pb(130) The constructor Object(String) is undefined
[ERROR] Error(s) during compilation:
[ERROR] Pb(130) The constructor Object(String) is undefined
[ERROR] Error(s) during compilation:
[ERROR] Pb(130) The constructor Object(String) is undefined
[ERROR] Error(s) during compilation:
[ERROR] Pb(130) The constructor Object(String) is undefined
[WARNING] Trying three time to compile with no success. Give up.
[INFO] Run: java -classpath /tmp/icst-2019/september-2018/dataset/joda-time_parent/target/test-classes:/tmp/icst-2019/september-2018/dataset/joda-time_parent/target/classes/:/home/spirals/danglot/.m2/repository/junit/junit/4.12/junit-4.12.jar:/home/spirals/danglot/.m2/repository/org/joda/joda-convert/1.2/joda-convert-1.2.jar:/home/spirals/danglot/.m2/repository/junit/junit/3.8.2/junit-3.8.2.jar:/tmp/icst-2019/september-2018/dataset/joda-time_parent/target/dspot/dependencies/:/home/spirals/danglot/.m2/repository/eu/stamp-project/test-runner/1.1.0/test-runner-1.1.0-jar-with-dependencies.jar eu.stamp_project.testrunner.runner.test.TestRunner org.joda.time.tz.TestCompiler testCompile_mg20_mg635_rv7116:testCompile_mg20_mg635_mg6966:testCompile_mg20_mg635_rv7096:testCompile_mg13_mg361_mg7969:testCompile_mg20_mg635_rv7102:testCompile_mg20_mg624_rv7579:testCompile_mg16_mg280_mg8806:testCompile_mg20_mg635_mg6926:testCompile_mg20_mg620_mg5293:testCompile_mg19_mg493_mg5832:testCompile_mg20_mg646_mg5575:testCompile_mg13_mg354_mg6625:testCompile_mg20_mg635_mg7004:testCompile_mg16_mg267_mg7315:testCompile_mg13_mg354_mg6633:testCompile_mg13_mg357_mg7527:testCompile_mg20_mg635_mg7010:testCompile_mg20_mg635_mg7007:testCompile_mg20_mg635_mg6937:testCompile_mg20_mg624_mg7400:testCompile_mg19_mg480_mg7710:testCompile_mg13_mg357_mg7550:testCompile_mg13_mg361_mg7942:testCompile_mg16_mg267_mg7321:testCompile_mg13_mg361_mg7980:testCompile_mg13_mg354_mg6634:testCompile_mg16_mg267_mg7318:testCompile_mg19_mg480_mg7716:testCompile_mg19_mg491_mg8153:testCompile_mg19_mg484_mg8321:testCompile_mg20_mg653_mg6252:testCompile_mg20_mg653_mg6157:testCompile_mg20_mg635_rv7022:testCompile_mg19_mg493_mg5776:testCompile_mg20_mg589_mg7033:testCompile_mg19_mg480_mg7713:testCompile_mg13_mg360_mg8454:testCompile_mg16_mg280_mg8791:testCompile_mg20_mg652_mg8068:testCompile_mg16_mg273_mg8605:testCompile_mg13_mg357_mg7539:testCompile_mg20_mg589_mg6883:testCompile_mg13_mg361_mg7949:testCompile_mg13_mg354_mg6630:testCompile_mg16_mg280_mg8817:testCompile_mg20_mg649_mg3604:testCompile_mg20_mg646_mg5548:testCompile_mg16_mg267_mg7322:testCompile_mg13_mg361_mg7986:testCompile_mg16_mg277_mg8914:testCompile_mg19_mg484_mg8324:testCompile_mg20_mg620_mg5316:testCompile_mg13_mg361_mg7987:testCompile_mg19_mg480_mg7717:testCompile_mg20_mg624_rv7559:testCompile_mg20_mg636_rv6624:testCompile_mg19_mg493_mg5843:testCompile_mg20_mg646_mg5586:testCompile_mg11_mg163_mg5963:testCompile_mg20_mg635_rv7118:testCompile_mg16_mg280_mg8823:testCompile_mg13_mg361_mg7983:testCompile_mg20_mg635_rv7094:testCompile_mg16_mg277_mg8921:testCompile_mg20_mg639_rv1990:testCompile_mg20_mg620_mg5244:testCompile_mg13_mg357_mg7555:testCompile_add8null265null3867:testCompile_add8null268null3973:testCompile_mg13_mg352_mg6308:testCompile_mg12_mg534_mg6131:testCompile_mg20_mg635_rv7124:testCompile_add9_mg328null1053:testCompile_add9null366_mg7668:testCompile_mg19_mg484_mg8327:testCompile_mg20_mg623_rv3763:testCompile_mg13_mg354_mg6620:testCompile_mg20_mg624_rv7568:testCompile_mg13_mg353_mg6444:testCompile_mg20_mg644_mg1790:testCompile_mg13_mg354_mg6623:testCompile_mg20_mg620_mg5333:testCompile_add10_mg101null1661:testCompile_add10null124_mg4544:testCompile_mg19_mg491_mg8160:testCompile_mg20_mg645_mg2385:testCompile_mg20_mg635_rv7100:testCompile_add9_literalMutationString295null2011:testCompile_add9_literalMutationString294null1308:testCompile_add9_literalMutationString292null1807:testCompile_add9_literalMutationString297null1192:testCompile_add9_literalMutationString296null2095:testCompile_mg20_mg635_mg6986:testCompile_add9_literalMutationString293null7488:testCompile_mg16_mg280_mg8820:testCompile_mg16_mg280_mg8795:testCompile_mg22_mg561null2419:testCompile_mg22null584_mg4908:testCompilenull23_mg509_mg4768:testCompile_mg20_mg635_mg6988:testCompile_mg20_mg620_mg5325:testCompile_mg20_mg635_rv7113:testCompile_add8_rv229_mg2094:testCompile_add10_literalMutationString60null1460:testCompile_add10_literalMutationString62null5527:testCompile_add10_literalMutationString65null4940:testCompile_add10_literalMutationString58null1925:testCompile_add10_literalMutationString63null2569:testCompile_add10_literalMutationString57null7590:testCompile_mg19_mg484_mg8328:testCompile_mg20_mg635_mg7011:testCompile_mg11_mg207_mg1029:testCompile_literalMutationString1_mg413null7720:testCompile_literalMutationString4_mg321null5362:testCompile_literalMutationString5null260_mg5361:testCompile_literalMutationString1null447_mg5422:testCompile_literalMutationString4null364_mg5520:testCompile_literalMutationString3_mg120null5938:testCompile_literalMutationString2_mg439null2633:testCompile_literalMutationString3null155_mg5392:testCompile_literalMutationString6_mg332null6094:testCompile_literalMutationString5_mg217null5095:testCompile_literalMutationString6null374_mg5623:testCompile_literalMutationString2null446_mg5457:testCompile_mg22_literalMutationString549null5041:testCompile_mg22_literalMutationString545null5820:testCompile_mg22_literalMutationString546null5127:testCompile_mg22_literalMutationString548null6328:testCompile_mg22_literalMutationString544null7875:testCompile_mg22_literalMutationString547null6576:testCompile_mg20_mg635_rv7103:testCompile_mg12_mg541_mg1600:testCompile_mg13_mg352_mg6318:testCompile_mg16_mg273_mg8608:testCompile_mg20_mg589_mg6996:testCompile_mg11_mg202_mg6684:testCompile_mg20_mg620_mg5253:testCompile_mg20_mg589_mg6858:testCompile_literalMutationString3_literalMutationString81null3182:testCompile_literalMutationString3_literalMutationString78null4313:testCompile_literalMutationString3_literalMutationString79null3292:testCompile_literalMutationString3_literalMutationString74null8635:testCompile_literalMutationString3_literalMutationString76null5393:testCompile_literalMutationString3_literalMutationString73null3986:testCompile_literalMutationString5_literalMutationString160null2240:testCompile_mg16_mg264_mg6863:testCompile_literalMutationString5_literalMutationString164null2311:testCompile_literalMutationString6_literalMutationString272null4233:testCompile_literalMutationString2_literalMutationString365null2714:testCompile_literalMutationString2_literalMutationString381null4147:testCompile_literalMutationString5_literalMutationString166null4521:testCompile_literalMutationString1_literalMutationString369null3072:testCompile_literalMutationString5_literalMutationString162null4562:testCompile_literalMutationString6_literalMutationString283null4332:testCompile_literalMutationString2_literalMutationString380null2845:testCompile_literalMutationString4_literalMutationString282null3392:testCompile_literalMutationString4_literalMutationString284null3651:testCompile_literalMutationString2_literalMutationString383null4923:testCompile_literalMutationString6_literalMutationString281null3851:testCompile_literalMutationString2_literalMutationString385null4409:testCompile_literalMutationString5_literalMutationString168null4155:testCompile_literalMutationString1_literalMutationString368null4671:testCompile_literalMutationString4_literalMutationString291null4862:testCompile_literalMutationString6_literalMutationString270null8717:testCompile_literalMutationString1_literalMutationString367null2785:testCompile_literalMutationString4_literalMutationString287null4734:testCompile_literalMutationString6_literalMutationString285null3528:testCompile_literalMutationString2_literalMutationString387null3269:testCompile_literalMutationString4_literalMutationString289null3248:testCompile_literalMutationString6_literalMutationString278null4806:testCompile_literalMutationString5_literalMutationString158null2889:testCompile_literalMutationString4_literalMutationString279null2959:testCompile_mg16_mg273_mg8612:testCompile_add8_literalMutationString134null1442:testCompile_add8_literalMutationString127null1642:testCompile_mg12_mg534_mg6146:testCompile_mg20_mg635_rv7109:testCompile_add8null265_literalMutationString3781:testCompile_add8null268_literalMutationString3872:testCompile_mg20_mg635_rv7114:testCompile_mg20_mg646_mg5564:testCompile_mg20_mg635_rv7126:testCompile_mg20_mg635_rv7104:testCompile_mg16_mg266_mg7188:testCompile_add9_mg328_literalMutationString861:testCompile_mg16_mg267_mg7313:testCompile_mg20_mg635_rv7105:testCompile_mg19_mg493_mg5783:testCompile_mg20_mg635_rv7111:testCompile_add9_literalMutationString293_mg7344:testCompile_mg13_mg357_mg7522:testCompile_mg20_mg635_rv7120:testCompile_mg16_mg267_mg7314:testCompile_mg13_mg357_mg7520:testCompile_mg19_mg493_mg5846:testCompile_mg20_mg635_rv7065:testCompile_mg20_mg624_mg7411:testCompile_mg20_mg635_rv7067:testCompile_mg19_mg491_mg8168:testCompile_mg20_mg635_rv7075
File saved to the following path: /tmp/icst-2019/september-2018/dataset/joda-time_parent/target/dspot/TestListener.ser
Loading /tmp/icst-2019/september-2018/dataset/joda-time_parent/target/dspot/TestListener.ser
[INFO] Test has been run: initializationError(org.junit.runner.manipulation.Filter): No tests found matching Filter test methods according their simple name: [testCompile_mg20_mg635_rv7116, testCompile_mg20_mg635_mg6966, testCompile_mg20_mg635_rv7096, testCompile_mg13_mg361_mg7969, testCompile_mg20_mg635_rv7102, testCompile_mg20_mg624_rv7579, testCompile_mg16_mg280_mg8806, testCompile_mg20_mg635_mg6926, testCompile_mg20_mg620_mg5293, testCompile_mg19_mg493_mg5832, testCompile_mg20_mg646_mg5575, testCompile_mg13_mg354_mg6625, testCompile_mg20_mg635_mg7004, testCompile_mg16_mg267_mg7315, testCompile_mg13_mg354_mg6633, testCompile_mg13_mg357_mg7527, testCompile_mg20_mg635_mg7010, testCompile_mg20_mg635_mg7007, testCompile_mg20_mg635_mg6937, testCompile_mg20_mg624_mg7400, testCompile_mg19_mg480_mg7710, testCompile_mg13_mg357_mg7550, testCompile_mg13_mg361_mg7942, testCompile_mg16_mg267_mg7321, testCompile_mg13_mg361_mg7980, testCompile_mg13_mg354_mg6634, testCompile_mg16_mg267_mg7318, testCompile_mg19_mg480_mg7716, testCompile_mg19_mg491_mg8153, testCompile_mg19_mg484_mg8321, testCompile_mg20_mg653_mg6252, testCompile_mg20_mg653_mg6157, testCompile_mg20_mg635_rv7022, testCompile_mg19_mg493_mg5776, testCompile_mg20_mg589_mg7033, testCompile_mg19_mg480_mg7713, testCompile_mg13_mg360_mg8454, testCompile_mg16_mg280_mg8791, testCompile_mg20_mg652_mg8068, testCompile_mg16_mg273_mg8605, testCompile_mg13_mg357_mg7539, testCompile_mg20_mg589_mg6883, testCompile_mg13_mg361_mg7949, testCompile_mg13_mg354_mg6630, testCompile_mg16_mg280_mg8817, testCompile_mg20_mg649_mg3604, testCompile_mg20_mg646_mg5548, testCompile_mg16_mg267_mg7322, testCompile_mg13_mg361_mg7986, testCompile_mg16_mg277_mg8914, testCompile_mg19_mg484_mg8324, testCompile_mg20_mg620_mg5316, testCompile_mg13_mg361_mg7987, testCompile_mg19_mg480_mg7717, testCompile_mg20_mg624_rv7559, testCompile_mg20_mg636_rv6624, testCompile_mg19_mg493_mg5843, testCompile_mg20_mg646_mg5586, testCompile_mg11_mg163_mg5963, testCompile_mg20_mg635_rv7118, testCompile_mg16_mg280_mg8823, testCompile_mg13_mg361_mg7983, testCompile_mg20_mg635_rv7094, testCompile_mg16_mg277_mg8921, testCompile_mg20_mg639_rv1990, testCompile_mg20_mg620_mg5244, testCompile_mg13_mg357_mg7555, testCompile_add8null265null3867, testCompile_add8null268null3973, testCompile_mg13_mg352_mg6308, testCompile_mg12_mg534_mg6131, testCompile_mg20_mg635_rv7124, testCompile_add9_mg328null1053, testCompile_add9null366_mg7668, testCompile_mg19_mg484_mg8327, testCompile_mg20_mg623_rv3763, testCompile_mg13_mg354_mg6620, testCompile_mg20_mg624_rv7568, testCompile_mg13_mg353_mg6444, testCompile_mg20_mg644_mg1790, testCompile_mg13_mg354_mg6623, testCompile_mg20_mg620_mg5333, testCompile_add10_mg101null1661, testCompile_add10null124_mg4544, testCompile_mg19_mg491_mg8160, testCompile_mg20_mg645_mg2385, testCompile_mg20_mg635_rv7100, testCompile_add9_literalMutationString295null2011, testCompile_add9_literalMutationString294null1308, testCompile_add9_literalMutationString292null1807, testCompile_add9_literalMutationString297null1192, testCompile_add9_literalMutationString296null2095, testCompile_mg20_mg635_mg6986, testCompile_add9_literalMutationString293null7488, testCompile_mg16_mg280_mg8820, testCompile_mg16_mg280_mg8795, testCompile_mg22_mg561null2419, testCompile_mg22null584_mg4908, testCompilenull23_mg509_mg4768, testCompile_mg20_mg635_mg6988, testCompile_mg20_mg620_mg5325, testCompile_mg20_mg635_rv7113, testCompile_add8_rv229_mg2094, testCompile_add10_literalMutationString60null1460, testCompile_add10_literalMutationString62null5527, testCompile_add10_literalMutationString65null4940, testCompile_add10_literalMutationString58null1925, testCompile_add10_literalMutationString63null2569, testCompile_add10_literalMutationString57null7590, testCompile_mg19_mg484_mg8328, testCompile_mg20_mg635_mg7011, testCompile_mg11_mg207_mg1029, testCompile_literalMutationString1_mg413null7720, testCompile_literalMutationString4_mg321null5362, testCompile_literalMutationString5null260_mg5361, testCompile_literalMutationString1null447_mg5422, testCompile_literalMutationString4null364_mg5520, testCompile_literalMutationString3_mg120null5938, testCompile_literalMutationString2_mg439null2633, testCompile_literalMutationString3null155_mg5392, testCompile_literalMutationString6_mg332null6094, testCompile_literalMutationString5_mg217null5095, testCompile_literalMutationString6null374_mg5623, testCompile_literalMutationString2null446_mg5457, testCompile_mg22_literalMutationString549null5041, testCompile_mg22_literalMutationString545null5820, testCompile_mg22_literalMutationString546null5127, testCompile_mg22_literalMutationString548null6328, testCompile_mg22_literalMutationString544null7875, testCompile_mg22_literalMutationString547null6576, testCompile_mg20_mg635_rv7103, testCompile_mg12_mg541_mg1600, testCompile_mg13_mg352_mg6318, testCompile_mg16_mg273_mg8608, testCompile_mg20_mg589_mg6996, testCompile_mg11_mg202_mg6684, testCompile_mg20_mg620_mg5253, testCompile_mg20_mg589_mg6858, testCompile_literalMutationString3_literalMutationString81null3182, testCompile_literalMutationString3_literalMutationString78null4313, testCompile_literalMutationString3_literalMutationString79null3292, testCompile_literalMutationString3_literalMutationString74null8635, testCompile_literalMutationString3_literalMutationString76null5393, testCompile_literalMutationString3_literalMutationString73null3986, testCompile_literalMutationString5_literalMutationString160null2240, testCompile_mg16_mg264_mg6863, testCompile_literalMutationString5_literalMutationString164null2311, testCompile_literalMutationString6_literalMutationString272null4233, testCompile_literalMutationString2_literalMutationString365null2714, testCompile_literalMutationString2_literalMutationString381null4147, testCompile_literalMutationString5_literalMutationString166null4521, testCompile_literalMutationString1_literalMutationString369null3072, testCompile_literalMutationString5_literalMutationString162null4562, testCompile_literalMutationString6_literalMutationString283null4332, testCompile_literalMutationString2_literalMutationString380null2845, testCompile_literalMutationString4_literalMutationString282null3392, testCompile_literalMutationString4_literalMutationString284null3651, testCompile_literalMutationString2_literalMutationString383null4923, testCompile_literalMutationString6_literalMutationString281null3851, testCompile_literalMutationString2_literalMutationString385null4409, testCompile_literalMutationString5_literalMutationString168null4155, testCompile_literalMutationString1_literalMutationString368null4671, testCompile_literalMutationString4_literalMutationString291null4862, testCompile_literalMutationString6_literalMutationString270null8717, testCompile_literalMutationString1_literalMutationString367null2785, testCompile_literalMutationString4_literalMutationString287null4734, testCompile_literalMutationString6_literalMutationString285null3528, testCompile_literalMutationString2_literalMutationString387null3269, testCompile_literalMutationString4_literalMutationString289null3248, testCompile_literalMutationString6_literalMutationString278null4806, testCompile_literalMutationString5_literalMutationString158null2889, testCompile_literalMutationString4_literalMutationString279null2959, testCompile_mg16_mg273_mg8612, testCompile_add8_literalMutationString134null1442, testCompile_add8_literalMutationString127null1642, testCompile_mg12_mg534_mg6146, testCompile_mg20_mg635_rv7109, testCompile_add8null265_literalMutationString3781, testCompile_add8null268_literalMutationString3872, testCompile_mg20_mg635_rv7114, testCompile_mg20_mg646_mg5564, testCompile_mg20_mg635_rv7126, testCompile_mg20_mg635_rv7104, testCompile_mg16_mg266_mg7188, testCompile_add9_mg328_literalMutationString861, testCompile_mg16_mg267_mg7313, testCompile_mg20_mg635_rv7105, testCompile_mg19_mg493_mg5783, testCompile_mg20_mg635_rv7111, testCompile_add9_literalMutationString293_mg7344, testCompile_mg13_mg357_mg7522, testCompile_mg20_mg635_rv7120, testCompile_mg16_mg267_mg7314, testCompile_mg13_mg357_mg7520, testCompile_mg19_mg493_mg5846, testCompile_mg20_mg635_rv7065, testCompile_mg20_mg624_mg7411, testCompile_mg20_mg635_rv7067, testCompile_mg19_mg491_mg8168, testCompile_mg20_mg635_rv7075] from org.junit.internal.requests.ClassRequest@b81eda8
[INFO] 1 test fail, generating try/catch/fail blocks...
[INFO] Could not generate any test with assertions
[INFO] 0 amplified test methods has been selected to be kept. (global: 0)
[INFO] elapsedTime 51471
======= REPORT =======
0 amplified test fails on the new versions.

[WARNING] DSpot could not obtain any amplified test method.
[WARNING] You can customize the following options: --amplifiers, --test-criterion, --iteration, --budgetizer etc, and retry with a new configuration.
[INFO] Amplification of org.joda.time.TestDateTimeZone (1 test(s))
[INFO] Assertion amplification of org.joda.time.TestDateTimeZone (1 test(s))
[ERROR] Error(s) during compilation:
[ERROR] Pb(130) The constructor Object(String) is undefined
[ERROR] Error(s) during compilation:
[ERROR] Pb(130) The constructor Object(String) is undefined
[ERROR] Error(s) during compilation:
[ERROR] Pb(130) The constructor Object(String) is undefined
[ERROR] Error(s) during compilation:
[ERROR] Pb(130) The constructor Object(String) is undefined
[WARNING] Trying three time to compile with no success. Give up.
[INFO] Run: java -classpath /tmp/icst-2019/september-2018/dataset/joda-time_parent/target/test-classes:/tmp/icst-2019/september-2018/dataset/joda-time_parent/target/classes/:/home/spirals/danglot/.m2/repository/junit/junit/4.12/junit-4.12.jar:/home/spirals/danglot/.m2/repository/org/joda/joda-convert/1.2/joda-convert-1.2.jar:/home/spirals/danglot/.m2/repository/junit/junit/3.8.2/junit-3.8.2.jar:/tmp/icst-2019/september-2018/dataset/joda-time_parent/target/dspot/dependencies/:/home/spirals/danglot/.m2/repository/eu/stamp-project/test-runner/1.1.0/test-runner-1.1.0-jar-with-dependencies.jar eu.stamp_project.testrunner.runner.test.TestRunner org.joda.time.TestDateTimeZone testProvider
File saved to the following path: /tmp/icst-2019/september-2018/dataset/joda-time_parent/target/dspot/TestListener.ser
Loading /tmp/icst-2019/september-2018/dataset/joda-time_parent/target/dspot/TestListener.ser
[INFO] Test has been run: initializationError(org.junit.runner.manipulation.Filter): No tests found matching Filter test methods according their simple name: [testProvider] from org.junit.internal.requests.ClassRequest@2b71fc7e
[INFO] 0 amplified test methods has been selected to be kept. (global: 0)
[INFO] Applying Input-amplification and Assertion-amplification test by test.
[INFO] Amplification of testProvider, (1/1)
[INFO] iteration 0 / 3
[INFO] 1 tests selected to be amplified over 1 available tests
[INFO] Amplification of inputs...
100% |================================================== ]/
[INFO] 136 new tests generated
[INFO] Run tests. (136)
[ERROR] Error(s) during compilation:
[ERROR] Pb(130) The constructor Object(String) is undefined
[ERROR] Pb(50) __DSPOT_invoc_63 cannot be resolved
[ERROR] Pb(50) __DSPOT_invoc_63 cannot be resolved
[ERROR] Pb(50) __DSPOT_invoc_63 cannot be resolved
[ERROR] Pb(50) __DSPOT_invoc_63 cannot be resolved
[ERROR] Pb(50) __DSPOT_invoc_63 cannot be resolved
[ERROR] Pb(50) __DSPOT_invoc_63 cannot be resolved
[ERROR] Pb(50) __DSPOT_invoc_63 cannot be resolved
[ERROR] Pb(50) __DSPOT_invoc_63 cannot be resolved
[ERROR] Pb(50) __DSPOT_invoc_63 cannot be resolved
[ERROR] Pb(50) __DSPOT_invoc_86 cannot be resolved
[ERROR] Pb(50) __DSPOT_invoc_86 cannot be resolved
[ERROR] Pb(50) __DSPOT_invoc_86 cannot be resolved
[ERROR] Pb(50) __DSPOT_invoc_86 cannot be resolved
[ERROR] Pb(50) __DSPOT_invoc_86 cannot be resolved
[ERROR] Pb(50) __DSPOT_invoc_86 cannot be resolved
[ERROR] Pb(50) __DSPOT_invoc_86 cannot be resolved
[ERROR] Pb(50) __DSPOT_invoc_86 cannot be resolved
[ERROR] Pb(50) __DSPOT_invoc_86 cannot be resolved
[ERROR] Error(s) during compilation:
[ERROR] Pb(130) The constructor Object(String) is undefined
[ERROR] Error(s) during compilation:
[ERROR] Pb(130) The constructor Object(String) is undefined
[ERROR] Error(s) during compilation:
[ERROR] Pb(130) The constructor Object(String) is undefined
[WARNING] Trying three time to compile with no success. Give up.
[INFO] Run: java -classpath /tmp/icst-2019/september-2018/dataset/joda-time_parent/target/test-classes:/tmp/icst-2019/september-2018/dataset/joda-time_parent/target/classes/:/home/spirals/danglot/.m2/repository/junit/junit/4.12/junit-4.12.jar:/home/spirals/danglot/.m2/repository/org/joda/joda-convert/1.2/joda-convert-1.2.jar:/home/spirals/danglot/.m2/repository/junit/junit/3.8.2/junit-3.8.2.jar:/tmp/icst-2019/september-2018/dataset/joda-time_parent/target/dspot/dependencies/:/home/spirals/danglot/.m2/repository/eu/stamp-project/test-runner/1.1.0/test-runner-1.1.0-jar-with-dependencies.jar eu.stamp_project.testrunner.runner.test.TestRunner org.joda.time.TestDateTimeZone testProvider_literalMutationString1:testProvider_literalMutationString2:testProvider_literalMutationString3:testProvider_literalMutationString4:testProvider_literalMutationString5:testProvider_literalMutationString6:testProvider_literalMutationString7:testProvider_literalMutationString8:testProvider_literalMutationString9:testProvider_literalMutationString10:testProvider_literalMutationString11:testProvider_literalMutationString12:testProvider_literalMutationString13:testProvider_literalMutationString14:testProvider_literalMutationString15:testProvider_literalMutationString16:testProvider_literalMutationString17:testProvider_literalMutationString18:testProvider_literalMutationString19:testProvider_literalMutationString20:testProvider_literalMutationString21:testProvider_literalMutationString22:testProvider_literalMutationString23:testProvider_literalMutationString24:testProvider_literalMutationString25:testProvider_literalMutationString26:testProvider_literalMutationString27:testProvider_literalMutationString28:testProvider_literalMutationString29:testProvider_literalMutationString30:testProvider_literalMutationString31:testProvider_literalMutationString32:testProvider_literalMutationString33:testProvider_literalMutationString34:testProvider_literalMutationString35:testProvider_literalMutationString36:testProvider_literalMutationString37:testProvider_literalMutationString38:testProvider_literalMutationString39:testProvider_literalMutationString40:testProvider_literalMutationString41:testProvider_literalMutationString42:testProvider_literalMutationString43:testProvider_literalMutationString44:testProvider_literalMutationString45:testProvider_literalMutationString46:testProvider_literalMutationString47:testProvider_literalMutationString48:testProvider_literalMutationString49:testProvider_literalMutationString50:testProvider_literalMutationString51:testProvider_literalMutationString52:testProvider_literalMutationString53:testProvider_literalMutationString54:testProvider_literalMutationString55:testProvider_literalMutationString56:testProvider_literalMutationString57:testProvider_literalMutationString58:testProvider_literalMutationString59:testProvider_literalMutationString60:testProvider_add61:testProvider_add62:testProvider_add63:testProvider_add64:testProvider_add65:testProvider_add66:testProvider_add67:testProvider_add68:testProvider_add69:testProvider_add70:testProvider_add71:testProvider_add72:testProvider_add73:testProvider_add74:testProvider_add75:testProvider_add76:testProvider_add77:testProvider_add78:testProvider_add79:testProvider_add80:testProvider_add81:testProvider_add82:testProvider_add83:testProvider_add84:testProvider_add85:testProvider_add86:testProvider_add87:testProvider_add88:testProvider_add89:testProvider_add90:testProvider_add91:testProvider_add92:testProvider_add93:testProvider_add94:testProvider_add95:testProvider_add96:testProvider_add97:testProvider_add98:testProvider_add99:testProvider_add100:testProvider_add101:testProvider_add102:testProvider_add103:testProvider_add104:testProvider_add105:testProvider_add106:testProvider_add107:testProvidernull128:testProvidernull129:testProvidernull130:testProvidernull131:testProvidernull132:testProvidernull133:testProvidernull134:testProvidernull135:testProvidernull136:testProvidernull137:testProvidernull138
File saved to the following path: /tmp/icst-2019/september-2018/dataset/joda-time_parent/target/dspot/TestListener.ser
Loading /tmp/icst-2019/september-2018/dataset/joda-time_parent/target/dspot/TestListener.ser
[INFO] Test has been run: initializationError(org.junit.runner.manipulation.Filter): No tests found matching Filter test methods according their simple name: [testProvider_literalMutationString1, testProvider_literalMutationString2, testProvider_literalMutationString3, testProvider_literalMutationString4, testProvider_literalMutationString5, testProvider_literalMutationString6, testProvider_literalMutationString7, testProvider_literalMutationString8, testProvider_literalMutationString9, testProvider_literalMutationString10, testProvider_literalMutationString11, testProvider_literalMutationString12, testProvider_literalMutationString13, testProvider_literalMutationString14, testProvider_literalMutationString15, testProvider_literalMutationString16, testProvider_literalMutationString17, testProvider_literalMutationString18, testProvider_literalMutationString19, testProvider_literalMutationString20, testProvider_literalMutationString21, testProvider_literalMutationString22, testProvider_literalMutationString23, testProvider_literalMutationString24, testProvider_literalMutationString25, testProvider_literalMutationString26, testProvider_literalMutationString27, testProvider_literalMutationString28, testProvider_literalMutationString29, testProvider_literalMutationString30, testProvider_literalMutationString31, testProvider_literalMutationString32, testProvider_literalMutationString33, testProvider_literalMutationString34, testProvider_literalMutationString35, testProvider_literalMutationString36, testProvider_literalMutationString37, testProvider_literalMutationString38, testProvider_literalMutationString39, testProvider_literalMutationString40, testProvider_literalMutationString41, testProvider_literalMutationString42, testProvider_literalMutationString43, testProvider_literalMutationString44, testProvider_literalMutationString45, testProvider_literalMutationString46, testProvider_literalMutationString47, testProvider_literalMutationString48, testProvider_literalMutationString49, testProvider_literalMutationString50, testProvider_literalMutationString51, testProvider_literalMutationString52, testProvider_literalMutationString53, testProvider_literalMutationString54, testProvider_literalMutationString55, testProvider_literalMutationString56, testProvider_literalMutationString57, testProvider_literalMutationString58, testProvider_literalMutationString59, testProvider_literalMutationString60, testProvider_add61, testProvider_add62, testProvider_add63, testProvider_add64, testProvider_add65, testProvider_add66, testProvider_add67, testProvider_add68, testProvider_add69, testProvider_add70, testProvider_add71, testProvider_add72, testProvider_add73, testProvider_add74, testProvider_add75, testProvider_add76, testProvider_add77, testProvider_add78, testProvider_add79, testProvider_add80, testProvider_add81, testProvider_add82, testProvider_add83, testProvider_add84, testProvider_add85, testProvider_add86, testProvider_add87, testProvider_add88, testProvider_add89, testProvider_add90, testProvider_add91, testProvider_add92, testProvider_add93, testProvider_add94, testProvider_add95, testProvider_add96, testProvider_add97, testProvider_add98, testProvider_add99, testProvider_add100, testProvider_add101, testProvider_add102, testProvider_add103, testProvider_add104, testProvider_add105, testProvider_add106, testProvider_add107, testProvidernull128, testProvidernull129, testProvidernull130, testProvidernull131, testProvidernull132, testProvidernull133, testProvidernull134, testProvidernull135, testProvidernull136, testProvidernull137, testProvidernull138] from org.junit.internal.requests.ClassRequest@2b71fc7e
[INFO] 1 test fail, generating try/catch/fail blocks...
[INFO] Could not generate any test with assertions
[INFO] iteration 1 / 3
[INFO] 136 tests selected to be amplified over 136 available tests
[INFO] Amplification of inputs...
 31% |=============================== ]\ 63% |=============================== ]- 81% |======================================== ]\ 88% |============================================ ]| 82% |============================================ ]| 32% |============================================ ]| 88% |============================================ ]/ 63% |============================================ ]\ 83% |============================================ ]/ 89% |============================================ ]- 33% |============================================ ]/ 83% |============================================ ]- 90% |============================================= ]\ 33% |============================================= ]- 64% |============================================= ]| 84% |============================================= ]\ 91% |============================================= ]| 34% |============================================= ]\ 85% |============================================= ]| 65% |============================================= ]/ 35% |============================================= ]| 91% |============================================= ]/ 86% |============================================= ]/ 66% |============================================= ]- 36% |============================================= ]/ 86% |============================================= ]- 92% |============================================== ]- 36% |============================================== ]- 66% |============================================== ]\ 93% |============================================== ]\ 37% |============================================== ]\ 87% |============================================== ]\ 94% |=============================================== ]| 67% |=============================================== ]| 25% |=============================================== ]\ 94% |=============================================== ]/ 75% |=============================================== ]\ 68% |=============================================== ]/ 26% |=============================================== ]| 95% |=============================================== ]- 76% |=============================================== ]| 69% |=============================================== ]- 27% |=============================================== ]/ 96% |================================================ ]\ 69% |================================================ ]\ 77% |================================================ ]/ 27% |================================================ ]- 97% |================================================ ]| 70% |================================================ ]| 77% |================================================ ]- 28% |================================================ ]\ 97% |================================================ ]/ 71% |================================================ ]/ 29% |================================================ ]| 98% |================================================= ]- 78% |================================================= ]\ 72% |================================================= ]- 30% |================================================= ]/ 99% |================================================= ]\ 79% |================================================= ]| 72% |================================================= ]\ 30% |================================================= ]-100% |================================================== ]|
 80% |======================================== ]/ 73% |======================================== ]| 44% |======================================== ]| 13% |======================================== ]- 74% |======================================== ]/ 44% |======================================== ]/ 80% |======================================== ]- 13% |======================================== ]\ 45% |======================================== ]- 75% |======================================== ]- 56% |======================================== ]/ 14% |======================================== ]| 46% |======================================== ]\ 57% |======================================== ]-  6% |======================================== ]/ 15% |======================================== ]/ 47% |======================================== ]| 58% |======================================== ]\  7% |======================================== ]- 16% |======================================== ]-  8% |======================================== ]\ 58% |======================================== ]| 16% |======================================== ]\ 47% |======================================== ]/  8% |======================================== ]| 17% |======================================== ]| 59% |======================================== ]/ 48% |======================================== ]-  9% |======================================== ]/ 18% |======================================== ]/ 60% |======================================== ]- 49% |======================================== ]\ 10% |======================================== ]- 19% |======================================== ]- 61% |======================================== ]\ 50% |======================================== ]| 11% |======================================== ]\ 19% |======================================== ]\ 61% |======================================== ]| 38% |======================================== ]| 11% |======================================== ]| 20% |======================================== ]| 38% |======================================== ]/ 62% |======================================== ]/ 39% |======================================== ]- 12% |======================================== ]/ 21% |======================================== ]/ 40% |======================================== ]\  0% |======================================== ]/ 50% |======================================== ]/ 22% |======================================== ]- 41% |======================================== ]|  1% |======================================== ]- 51% |======================================== ]- 22% |======================================== ]\ 41% |======================================== ]/  2% |======================================== ]\ 52% |======================================== ]\ 23% |======================================== ]| 42% |======================================== ]-  2% |======================================== ]| 52% |======================================== ]| 24% |======================================== ]/ 43% |======================================== ]\  3% |======================================== ]/ 53% |======================================== ]/ 25% |======================================== ]-  4% |======================================== ]- 54% |======================================== ]-  5% |======================================== ]\ 55% |======================================== ]\  5% |======================================== ]| 55% |======================================== ]|[INFO] 12468 new tests generated
[WARNING] Too many tests have been generated: 12468
[INFO] Number of generated test reduced to 200
[INFO] Run tests. (200)
[ERROR] Error(s) during compilation:
[ERROR] Pb(130) The constructor Object(String) is undefined
[ERROR] Pb(50) __DSPOT_invoc_66 cannot be resolved
[ERROR] Pb(50) __DSPOT_invoc_52 cannot be resolved
[ERROR] Pb(50) __DSPOT_invoc_89 cannot be resolved
[ERROR] Pb(50) __DSPOT_invoc_66 cannot be resolved
[ERROR] Pb(50) __DSPOT_invoc_52 cannot be resolved
[ERROR] Pb(50) __DSPOT_invoc_89 cannot be resolved
[ERROR] Pb(50) __DSPOT_invoc_63 cannot be resolved
[ERROR] Pb(50) __DSPOT_invoc_63 cannot be resolved
[ERROR] Pb(50) __DSPOT_invoc_63 cannot be resolved
[ERROR] Pb(50) __DSPOT_invoc_63 cannot be resolved
[ERROR] Pb(50) __DSPOT_invoc_63 cannot be resolved
[ERROR] Pb(50) __DSPOT_invoc_86 cannot be resolved
[ERROR] Pb(50) __DSPOT_invoc_63 cannot be resolved
[ERROR] Pb(50) __DSPOT_invoc_63 cannot be resolved
[ERROR] Pb(50) __DSPOT_invoc_63 cannot be resolved
[ERROR] Pb(50) __DSPOT_invoc_86 cannot be resolved
[ERROR] Pb(50) __DSPOT_invoc_63 cannot be resolved
[ERROR] Pb(50) __DSPOT_invoc_63 cannot be resolved
[ERROR] Pb(50) __DSPOT_invoc_86 cannot be resolved
[ERROR] Error(s) during compilation:
[ERROR] Pb(130) The constructor Object(String) is undefined
[ERROR] Pb(50) __DSPOT_invoc_63 cannot be resolved
[ERROR] Pb(50) __DSPOT_invoc_91 cannot be resolved
[ERROR] Pb(50) __DSPOT_invoc_63 cannot be resolved
[ERROR] Pb(50) __DSPOT_invoc_86 cannot be resolved
[ERROR] Pb(50) __DSPOT_invoc_63 cannot be resolved
[ERROR] Pb(50) __DSPOT_invoc_91 cannot be resolved
[ERROR] Pb(50) __DSPOT_invoc_63 cannot be resolved
[ERROR] Pb(50) __DSPOT_invoc_86 cannot be resolved
[ERROR] Pb(50) __DSPOT_invoc_63 cannot be resolved
[ERROR] Pb(50) __DSPOT_invoc_89 cannot be resolved
[ERROR] Pb(50) __DSPOT_invoc_63 cannot be resolved
[ERROR] Pb(50) __DSPOT_invoc_89 cannot be resolved
[ERROR] Pb(50) __DSPOT_invoc_63 cannot be resolved
[ERROR] Pb(50) __DSPOT_invoc_86 cannot be resolved
[ERROR] Pb(50) __DSPOT_invoc_63 cannot be resolved
[ERROR] Pb(50) __DSPOT_invoc_86 cannot be resolved
[ERROR] Pb(50) __DSPOT_invoc_63 cannot be resolved
[ERROR] Pb(50) __DSPOT_invoc_89 cannot be resolved
[ERROR] Pb(50) __DSPOT_invoc_63 cannot be resolved
[ERROR] Error(s) during compilation:
[ERROR] Pb(130) The constructor Object(String) is undefined
[ERROR] Error(s) during compilation:
[ERROR] Pb(130) The constructor Object(String) is undefined
[WARNING] Trying three time to compile with no success. Give up.
[INFO] Run: java -classpath /tmp/icst-2019/september-2018/dataset/joda-time_parent/target/test-classes:/tmp/icst-2019/september-2018/dataset/joda-time_parent/target/classes/:/home/spirals/danglot/.m2/repository/junit/junit/4.12/junit-4.12.jar:/home/spirals/danglot/.m2/repository/org/joda/joda-convert/1.2/joda-convert-1.2.jar:/home/spirals/danglot/.m2/repository/junit/junit/3.8.2/junit-3.8.2.jar:/tmp/icst-2019/september-2018/dataset/joda-time_parent/target/dspot/dependencies/:/home/spirals/danglot/.m2/repository/eu/stamp-project/test-runner/1.1.0/test-runner-1.1.0-jar-with-dependencies.jar eu.stamp_project.testrunner.runner.test.TestRunner org.joda.time.TestDateTimeZone testProvider_add93_rv3769:testProvider_add65_rv8329:testProvider_add84_rv9904:testProvider_add84_rv9934:testProvider_add93_rv3802:testProvider_add65_rv8372:testProvider_add64_rv7783:testProvider_add64_rv7825:testProvider_add84_rv9900:testProvider_add93_rv3759:testProvider_add65_rv8321:testProvider_add84_rv9886:testProvider_add93_rv3748:testProvider_add65_rv8313:testProvider_add93_rv3830:testProvider_add84_rv9950:testProvider_add65_rv8399:testProvider_add93_rv3765:testProvider_add65_rv8325:testProvider_add84_rv9902:testProvider_add93_rv3854:testProvider_add84_rv9980:testProvider_add84_rv9947:testProvider_add65_rv8438:testProvider_add93_rv3827:testProvider_add65_rv8396:testProvider_add84_rv9919:testProvider_add84_rv9862:testProvider_add93_rv3723:testProvider_add93_rv3789:testProvider_add65_rv8288:testProvider_add65_rv8353:testProvider_add64_rv7767:testProvider_add64_rv7755:testProvidernull131null3752:testProvidernull133null4409:testProvidernull133null4414:testProvidernull131null3761:testProvidernull133null4426:testProvidernull131null3754:testProvidernull138null6213:testProvidernull134null4761:testProvidernull138null6218:testProvidernull134null4766:testProvider_add64_rv7849:testProvidernull138null6221:testProvidernull134null4776
File saved to the following path: /tmp/icst-2019/september-2018/dataset/joda-time_parent/target/dspot/TestListener.ser
Loading /tmp/icst-2019/september-2018/dataset/joda-time_parent/target/dspot/TestListener.ser
[INFO] Test has been run: initializationError(org.junit.runner.manipulation.Filter): No tests found matching Filter test methods according their simple name: [testProvider_add93_rv3769, testProvider_add65_rv8329, testProvider_add84_rv9904, testProvider_add84_rv9934, testProvider_add93_rv3802, testProvider_add65_rv8372, testProvider_add64_rv7783, testProvider_add64_rv7825, testProvider_add84_rv9900, testProvider_add93_rv3759, testProvider_add65_rv8321, testProvider_add84_rv9886, testProvider_add93_rv3748, testProvider_add65_rv8313, testProvider_add93_rv3830, testProvider_add84_rv9950, testProvider_add65_rv8399, testProvider_add93_rv3765, testProvider_add65_rv8325, testProvider_add84_rv9902, testProvider_add93_rv3854, testProvider_add84_rv9980, testProvider_add84_rv9947, testProvider_add65_rv8438, testProvider_add93_rv3827, testProvider_add65_rv8396, testProvider_add84_rv9919, testProvider_add84_rv9862, testProvider_add93_rv3723, testProvider_add93_rv3789, testProvider_add65_rv8288, testProvider_add65_rv8353, testProvider_add64_rv7767, testProvider_add64_rv7755, testProvidernull131null3752, testProvidernull133null4409, testProvidernull133null4414, testProvidernull131null3761, testProvidernull133null4426, testProvidernull131null3754, testProvidernull138null6213, testProvidernull134null4761, testProvidernull138null6218, testProvidernull134null4766, testProvider_add64_rv7849, testProvidernull138null6221, testProvidernull134null4776] from org.junit.internal.requests.ClassRequest@2b71fc7e
[INFO] 1 test fail, generating try/catch/fail blocks...
[INFO] Could not generate any test with assertions
[INFO] iteration 2 / 3
[INFO] 200 tests selected to be amplified over 200 available tests
[INFO] Amplification of inputs...
 13% |======================================== ]- 88% |============================================ ]| 63% |============================================ ]- 31% |============================================ ]\ 13% |============================================ ]\ 32% |============================================ ]| 88% |============================================ ]/ 63% |============================================ ]\ 32% |============================================ ]/ 89% |============================================ ]- 14% |============================================ ]| 64% |============================================ ]| 33% |============================================ ]- 89% |============================================ ]\ 14% |============================================ ]/ 64% |============================================ ]/ 15% |============================================ ]- 90% |============================================= ]| 33% |============================================= ]\ 65% |============================================= ]- 90% |============================================= ]/ 15% |============================================= ]\ 34% |============================================= ]| 65% |============================================= ]\ 91% |============================================= ]- 34% |============================================= ]/ 16% |============================================= ]| 66% |============================================= ]| 91% |============================================= ]\ 35% |============================================= ]- 16% |============================================= ]/ 66% |============================================= ]/ 92% |============================================== ]| 35% |============================================== ]\ 17% |============================================== ]- 92% |============================================== ]/ 67% |============================================== ]- 36% |============================================== ]| 17% |============================================== ]\ 93% |============================================== ]- 93% |============================================== ]\ 18% |============================================== ]| 36% |============================================== ]/ 67% |============================================== ]\ 94% |=============================================== ]| 37% |=============================================== ]- 68% |=============================================== ]| 18% |=============================================== ]/ 94% |=============================================== ]/ 37% |=============================================== ]\ 68% |=============================================== ]/ 19% |=============================================== ]- 25% |=============================================== ]\ 69% |=============================================== ]- 95% |=============================================== ]- 19% |=============================================== ]\ 69% |=============================================== ]\ 26% |=============================================== ]| 95% |=============================================== ]\ 20% |=============================================== ]| 70% |=============================================== ]| 26% |=============================================== ]/ 20% |=============================================== ]/ 70% |=============================================== ]/ 96% |================================================ ]| 27% |================================================ ]- 21% |================================================ ]- 71% |================================================ ]- 96% |================================================ ]/ 27% |================================================ ]\ 21% |================================================ ]\ 71% |================================================ ]\ 97% |================================================ ]- 22% |================================================ ]| 28% |================================================ ]| 72% |================================================ ]| 97% |================================================ ]\ 22% |================================================ ]/ 98% |================================================= ]| 72% |================================================= ]/ 28% |================================================= ]/ 23% |================================================= ]- 73% |================================================= ]- 29% |================================================= ]- 98% |================================================= ]/ 23% |================================================= ]\ 73% |================================================= ]\ 99% |================================================= ]- 29% |================================================= ]\ 24% |================================================= ]| 74% |================================================= ]| 99% |================================================= ]\ 30% |================================================= ]| 24% |================================================= ]/ 74% |================================================= ]/100% |================================================== ]|
 30% |=============== ]/ 75% |===================================== ]- 25% |===================================== ]- 81% |======================================== ]\ 31% |======================================== ]- 56% |======================================== ]/  6% |======================================== ]/ 82% |========================================= ]| 44% |========================================= ]| 57% |========================================= ]-  7% |========================================= ]- 82% |========================================= ]/ 57% |========================================= ]\ 44% |========================================= ]/  7% |========================================= ]\ 83% |========================================= ]- 58% |========================================= ]| 45% |========================================= ]- 83% |========================================= ]\  8% |========================================= ]| 58% |========================================= ]/ 45% |========================================= ]\ 84% |========================================== ]|  8% |========================================== ]/ 59% |========================================== ]- 84% |========================================== ]/  9% |========================================== ]- 46% |========================================== ]| 59% |========================================== ]\ 85% |========================================== ]- 46% |========================================== ]/  9% |========================================== ]\ 85% |========================================== ]\ 60% |========================================== ]| 10% |========================================== ]| 47% |========================================== ]- 86% |=========================================== ]| 60% |=========================================== ]/ 10% |=========================================== ]/ 47% |=========================================== ]\ 86% |=========================================== ]/ 61% |=========================================== ]- 11% |=========================================== ]- 48% |=========================================== ]| 87% |=========================================== ]- 61% |=========================================== ]\ 48% |=========================================== ]/ 11% |=========================================== ]\ 87% |=========================================== ]\ 49% |=========================================== ]- 62% |=========================================== ]| 75% |=========================================== ]\ 12% |=========================================== ]| 49% |=========================================== ]\ 62% |=========================================== ]/ 76% |=========================================== ]| 12% |=========================================== ]/ 50% |=========================================== ]| 50% |=========================================== ]/ 76% |=========================================== ]/  0% |=========================================== ]/ 51% |=========================================== ]- 38% |=========================================== ]| 77% |=========================================== ]-  1% |=========================================== ]- 51% |=========================================== ]\ 77% |=========================================== ]\ 38% |=========================================== ]/  1% |=========================================== ]\ 78% |=========================================== ]| 39% |=========================================== ]- 52% |=========================================== ]| 39% |=========================================== ]\  2% |=========================================== ]| 52% |=========================================== ]/ 78% |=========================================== ]/ 40% |=========================================== ]| 79% |=========================================== ]- 53% |=========================================== ]-  2% |=========================================== ]/ 79% |=========================================== ]\ 40% |=========================================== ]/ 53% |=========================================== ]\  3% |=========================================== ]- 80% |=========================================== ]| 41% |=========================================== ]- 80% |=========================================== ]/ 54% |=========================================== ]|  3% |=========================================== ]\ 81% |=========================================== ]- 41% |=========================================== ]\ 54% |=========================================== ]/  4% |=========================================== ]| 42% |=========================================== ]| 55% |=========================================== ]- 42% |=========================================== ]/  4% |=========================================== ]/ 55% |=========================================== ]\ 43% |=========================================== ]-  5% |=========================================== ]- 56% |=========================================== ]| 43% |=========================================== ]\  5% |=========================================== ]\  6% |=========================================== ]|[INFO] 19996 new tests generated
[WARNING] Too many tests have been generated: 19996
[INFO] Number of generated test reduced to 200
[INFO] Run tests. (200)
[ERROR] Error(s) during compilation:
[ERROR] Pb(130) The constructor Object(String) is undefined
[ERROR] Pb(50) __DSPOT_invoc_66 cannot be resolved
[ERROR] Pb(50) __DSPOT_invoc_66 cannot be resolved
[ERROR] Pb(100) The method getMethod(String, Class<?>[]) is undefined for the type Method
[ERROR] Pb(50) __DSPOT_invoc_63 cannot be resolved
[ERROR] Pb(50) __DSPOT_invoc_89 cannot be resolved
[ERROR] Error(s) during compilation:
[ERROR] Pb(130) The constructor Object(String) is undefined
[ERROR] Error(s) during compilation:
[ERROR] Pb(130) The constructor Object(String) is undefined
[ERROR] Error(s) during compilation:
[ERROR] Pb(130) The constructor Object(String) is undefined
[WARNING] Trying three time to compile with no success. Give up.
[INFO] Run: java -classpath /tmp/icst-2019/september-2018/dataset/joda-time_parent/target/test-classes:/tmp/icst-2019/september-2018/dataset/joda-time_parent/target/classes/:/home/spirals/danglot/.m2/repository/junit/junit/4.12/junit-4.12.jar:/home/spirals/danglot/.m2/repository/org/joda/joda-convert/1.2/joda-convert-1.2.jar:/home/spirals/danglot/.m2/repository/junit/junit/3.8.2/junit-3.8.2.jar:/tmp/icst-2019/september-2018/dataset/joda-time_parent/target/dspot/dependencies/:/home/spirals/danglot/.m2/repository/eu/stamp-project/test-runner/1.1.0/test-runner-1.1.0-jar-with-dependencies.jar eu.stamp_project.testrunner.runner.test.TestRunner org.joda.time.TestDateTimeZone testProvidernull133null4409null31234:testProvidernull133null4414null14913:testProvidernull138null6213null16151:testProvidernull131null3752null30924:testProvidernull133null4409null31247:testProvidernull131null3761null15238:testProvidernull133null4426null15544:testProvidernull131null3752null30937:testProvidernull134null4761null16472:testProvidernull131null3754null15837:testProvidernull138null6218null16773:testProvidernull134null4766null17099:testProvidernull138null6221null20540:testProvidernull131null3761null15241:testProvidernull133null4414null14921:testProvidernull138null6221null20544:testProvidernull138null6213null16155:testProvidernull131null3754null15850:testProvidernull134null4776null22151:testProvidernull133null4426null15547:testProvidernull134null4776null22144:testProvidernull134null4766null17108:testProvidernull134null4761null16484:testProvidernull138null6218null16779:testProvidernull133null4409null31233:testProvidernull131null3752null30921:testProvidernull133null4409null31238:testProvidernull131null3752null30928:testProvidernull131null3761null15236:testProvidernull133null4414null14915:testProvidernull134null4766null17101:testProvidernull133null4426null15546:testProvidernull138null6213null16148:testProvidernull134null4761null16470:testProvidernull131null3754null15835:testProvidernull138null6218null16776:testProvidernull131null3761null15243:testProvidernull133null4426null15550:testProvidernull133null4414null14917:testProvidernull134null4766null17102:testProvidernull131null3754null15841:testProvidernull138null6213null16157:testProvidernull134null4761null16475:testProvidernull138null6218null16782:testProvidernull138null6221null20542:testProvidernull134null4776null22147:testProvidernull138null6221null20546:testProvidernull134null4776null22153:testProvidernull133null4409_literalMutationString31009:testProvidernull133null4409_literalMutationString31093:testProvidernull131null3752_literalMutationString30709:testProvidernull133null4426_literalMutationString15292:testProvidernull131null3752_literalMutationString30792:testProvidernull133null4414_literalMutationString14666:testProvidernull131null3754_literalMutationString15619:testProvidernull138null6213_literalMutationString15925:testProvidernull134null4761_literalMutationString16249:testProvidernull131null3761_literalMutationString14994:testProvidernull138null6218_literalMutationString16538:testProvidernull134null4766_literalMutationString16848:testProvidernull138null6221_literalMutationString20302:testProvidernull133null4426_literalMutationString15340:testProvidernull138null6221_literalMutationString20353:testProvidernull131null3761_literalMutationString15018:testProvidernull134null4761_literalMutationString16344:testProvidernull138null6213_literalMutationString15942:testProvidernull133null4414_literalMutationString14778:testProvidernull131null3754_literalMutationString15692:testProvidernull134null4776_literalMutationString21935:testProvidernull134null4766_literalMutationString16960:testProvidernull138null6218_literalMutationString16586:testProvidernull134null4776_literalMutationString21975:testProvidernull133null4409null31229:testProvidernull131null3752null30919:testProvidernull131null3752_literalMutationString30675:testProvidernull133null4409_literalMutationString30986:testProvidernull133null4414null14911:testProvidernull131null3761null15234:testProvidernull133null4426null15541:testProvidernull138null6213null16146:testProvidernull133null4409_literalMutationString31029:testProvidernull131null3754null15832:testProvidernull131null3752_literalMutationString30727:testProvidernull134null4761null16467:testProvidernull138null6218null16771:testProvidernull134null4766null17097:testProvidernull138null6213_literalMutationString15901:testProvidernull134null4761_literalMutationString16232:testProvidernull133null4426_literalMutationString15319:testProvidernull133null4414_literalMutationString14688:testProvidernull131null3761_literalMutationString14967:testProvidernull131null3754_literalMutationString15596:testProvidernull138null6218_literalMutationString16559:testProvidernull134null4766_literalMutationString16868:testProvidernull131null3761_literalMutationString15042:testProvidernull138null6221null20538:testProvidernull134null4776null22141:testProvidernull133null4414_literalMutationString14717:testProvidernull131null3754_literalMutationString15640:testProvidernull134null4761_literalMutationString16270:testProvidernull133null4426_literalMutationString15358:testProvidernull138null6218_literalMutationString16604:testProvidernull138null6213_literalMutationString15958:testProvidernull134null4766_literalMutationString16897:testProvidernull138null6221_literalMutationString20323:testProvidernull134null4776_literalMutationString21956:testProvidernull138null6221_literalMutationString20370:testProvidernull134null4776_literalMutationString21994:testProvidernull133null4409null31224:testProvidernull131null3752null30913:testProvider_add84_rv9934_rv31775:testProvidernull133null4409null31241:testProvidernull133null4409null31225:testProvidernull131null3752null30931:testProvidernull131null3752null30917:testProvidernull133null4409null31243:testProvidernull131null3752null30933:testProvidernull131null3761null15230:testProvidernull133null4414null14908:testProvidernull133null4426null15535:testProvidernull138null6213null16139:testProvidernull134null4761null16461:testProvidernull131null3754null15826:testProvidernull134null4766null17094:testProvidernull138null6218null16765:testProvidernull131null3761null15231:testProvidernull133null4414null14910:testProvidernull138null6213null16160:testProvidernull131null3761null15245:testProvidernull138null6213null16143:testProvidernull133null4426null15551:testProvidernull133null4414null14918:testProvidernull134null4766null17104:testProvidernull133null4426null15539:testProvidernull131null3754null15844:testProvidernull134null4761null16464:testProvidernull131null3754null15828:testProvidernull133null4414null14920:testProvidernull134null4761null16479:testProvidernull134null4766null17096:testProvidernull131null3761null15247:testProvidernull138null6218null16768:testProvidernull138null6218null16786:testProvidernull138null6213null16164:testProvidernull133null4426null15554:testProvidernull134null4766null17106:testProvidernull134null4761null16482:testProvidernull131null3754null15846:testProvidernull138null6218null16790:testProvidernull138null6221null20535:testProvidernull134null4776null22134:testProvider_add64_rv7783_rv26147:testProvidernull131null3752_literalMutationString30662:testProvidernull133null4409_literalMutationString30970:testProvidernull138null6221null20536:testProvidernull138null6221null20548:testProvidernull134null4776null22137:testProvidernull134null4776null22155:testProvidernull138null6221null20549:testProvidernull134null4776null22159:testProvidernull134null4761_literalMutationString16210:testProvidernull133null4414_literalMutationString14646:testProvidernull131null3761_literalMutationString14950:testProvidernull133null4426_literalMutationString15265:testProvidernull131null3754_literalMutationString15574:testProvidernull138null6218_literalMutationString16514:testProvidernull138null6213_literalMutationString15882:testProvidernull134null4766_literalMutationString16821:testProvidernull131null3761_literalMutationString15000:testProvidernull133null4409_literalMutationString31019:testProvidernull133null4414_literalMutationString14670:testProvidernull131null3752_literalMutationString30716:testProvidernull131null3754_literalMutationString15621:testProvidernull134null4761_literalMutationString16252:testProvidernull133null4409_literalMutationString31097:testProvidernull133null4426_literalMutationString15295:testProvidernull138null6218_literalMutationString16540:testProvidernull131null3752_literalMutationString30797:testProvidernull138null6213_literalMutationString15927:testProvidernull134null4766_literalMutationString16852:testProvidernull138null6221_literalMutationString20278:testProvidernull134null4776_literalMutationString21915:testProvidernull138null6221_literalMutationString20310:testProvidernull138null6221_literalMutationString20361:testProvidernull131null3761_literalMutationString15027:testProvidernull133null4426_literalMutationString15345:testProvidernull133null4414_literalMutationString14786:testProvidernull134null4761_literalMutationString16347:testProvidernull138null6213_literalMutationString15945:testProvidernull134null4776_literalMutationString21940:testProvidernull131null3754_literalMutationString15695:testProvidernull138null6218_literalMutationString16593:testProvidernull134null4766_literalMutationString16965:testProvidernull134null4776_literalMutationString21978:testProvidernull133null4409_literalMutationString31025
File saved to the following path: /tmp/icst-2019/september-2018/dataset/joda-time_parent/target/dspot/TestListener.ser
Loading /tmp/icst-2019/september-2018/dataset/joda-time_parent/target/dspot/TestListener.ser
[INFO] Test has been run: initializationError(org.junit.runner.manipulation.Filter): No tests found matching Filter test methods according their simple name: [testProvidernull133null4409null31234, testProvidernull133null4414null14913, testProvidernull138null6213null16151, testProvidernull131null3752null30924, testProvidernull133null4409null31247, testProvidernull131null3761null15238, testProvidernull133null4426null15544, testProvidernull131null3752null30937, testProvidernull134null4761null16472, testProvidernull131null3754null15837, testProvidernull138null6218null16773, testProvidernull134null4766null17099, testProvidernull138null6221null20540, testProvidernull131null3761null15241, testProvidernull133null4414null14921, testProvidernull138null6221null20544, testProvidernull138null6213null16155, testProvidernull131null3754null15850, testProvidernull134null4776null22151, testProvidernull133null4426null15547, testProvidernull134null4776null22144, testProvidernull134null4766null17108, testProvidernull134null4761null16484, testProvidernull138null6218null16779, testProvidernull133null4409null31233, testProvidernull131null3752null30921, testProvidernull133null4409null31238, testProvidernull131null3752null30928, testProvidernull131null3761null15236, testProvidernull133null4414null14915, testProvidernull134null4766null17101, testProvidernull133null4426null15546, testProvidernull138null6213null16148, testProvidernull134null4761null16470, testProvidernull131null3754null15835, testProvidernull138null6218null16776, testProvidernull131null3761null15243, testProvidernull133null4426null15550, testProvidernull133null4414null14917, testProvidernull134null4766null17102, testProvidernull131null3754null15841, testProvidernull138null6213null16157, testProvidernull134null4761null16475, testProvidernull138null6218null16782, testProvidernull138null6221null20542, testProvidernull134null4776null22147, testProvidernull138null6221null20546, testProvidernull134null4776null22153, testProvidernull133null4409_literalMutationString31009, testProvidernull133null4409_literalMutationString31093, testProvidernull131null3752_literalMutationString30709, testProvidernull133null4426_literalMutationString15292, testProvidernull131null3752_literalMutationString30792, testProvidernull133null4414_literalMutationString14666, testProvidernull131null3754_literalMutationString15619, testProvidernull138null6213_literalMutationString15925, testProvidernull134null4761_literalMutationString16249, testProvidernull131null3761_literalMutationString14994, testProvidernull138null6218_literalMutationString16538, testProvidernull134null4766_literalMutationString16848, testProvidernull138null6221_literalMutationString20302, testProvidernull133null4426_literalMutationString15340, testProvidernull138null6221_literalMutationString20353, testProvidernull131null3761_literalMutationString15018, testProvidernull134null4761_literalMutationString16344, testProvidernull138null6213_literalMutationString15942, testProvidernull133null4414_literalMutationString14778, testProvidernull131null3754_literalMutationString15692, testProvidernull134null4776_literalMutationString21935, testProvidernull134null4766_literalMutationString16960, testProvidernull138null6218_literalMutationString16586, testProvidernull134null4776_literalMutationString21975, testProvidernull133null4409null31229, testProvidernull131null3752null30919, testProvidernull131null3752_literalMutationString30675, testProvidernull133null4409_literalMutationString30986, testProvidernull133null4414null14911, testProvidernull131null3761null15234, testProvidernull133null4426null15541, testProvidernull138null6213null16146, testProvidernull133null4409_literalMutationString31029, testProvidernull131null3754null15832, testProvidernull131null3752_literalMutationString30727, testProvidernull134null4761null16467, testProvidernull138null6218null16771, testProvidernull134null4766null17097, testProvidernull138null6213_literalMutationString15901, testProvidernull134null4761_literalMutationString16232, testProvidernull133null4426_literalMutationString15319, testProvidernull133null4414_literalMutationString14688, testProvidernull131null3761_literalMutationString14967, testProvidernull131null3754_literalMutationString15596, testProvidernull138null6218_literalMutationString16559, testProvidernull134null4766_literalMutationString16868, testProvidernull131null3761_literalMutationString15042, testProvidernull138null6221null20538, testProvidernull134null4776null22141, testProvidernull133null4414_literalMutationString14717, testProvidernull131null3754_literalMutationString15640, testProvidernull134null4761_literalMutationString16270, testProvidernull133null4426_literalMutationString15358, testProvidernull138null6218_literalMutationString16604, testProvidernull138null6213_literalMutationString15958, testProvidernull134null4766_literalMutationString16897, testProvidernull138null6221_literalMutationString20323, testProvidernull134null4776_literalMutationString21956, testProvidernull138null6221_literalMutationString20370, testProvidernull134null4776_literalMutationString21994, testProvidernull133null4409null31224, testProvidernull131null3752null30913, testProvider_add84_rv9934_rv31775, testProvidernull133null4409null31241, testProvidernull133null4409null31225, testProvidernull131null3752null30931, testProvidernull131null3752null30917, testProvidernull133null4409null31243, testProvidernull131null3752null30933, testProvidernull131null3761null15230, testProvidernull133null4414null14908, testProvidernull133null4426null15535, testProvidernull138null6213null16139, testProvidernull134null4761null16461, testProvidernull131null3754null15826, testProvidernull134null4766null17094, testProvidernull138null6218null16765, testProvidernull131null3761null15231, testProvidernull133null4414null14910, testProvidernull138null6213null16160, testProvidernull131null3761null15245, testProvidernull138null6213null16143, testProvidernull133null4426null15551, testProvidernull133null4414null14918, testProvidernull134null4766null17104, testProvidernull133null4426null15539, testProvidernull131null3754null15844, testProvidernull134null4761null16464, testProvidernull131null3754null15828, testProvidernull133null4414null14920, testProvidernull134null4761null16479, testProvidernull134null4766null17096, testProvidernull131null3761null15247, testProvidernull138null6218null16768, testProvidernull138null6218null16786, testProvidernull138null6213null16164, testProvidernull133null4426null15554, testProvidernull134null4766null17106, testProvidernull134null4761null16482, testProvidernull131null3754null15846, testProvidernull138null6218null16790, testProvidernull138null6221null20535, testProvidernull134null4776null22134, testProvider_add64_rv7783_rv26147, testProvidernull131null3752_literalMutationString30662, testProvidernull133null4409_literalMutationString30970, testProvidernull138null6221null20536, testProvidernull138null6221null20548, testProvidernull134null4776null22137, testProvidernull134null4776null22155, testProvidernull138null6221null20549, testProvidernull134null4776null22159, testProvidernull134null4761_literalMutationString16210, testProvidernull133null4414_literalMutationString14646, testProvidernull131null3761_literalMutationString14950, testProvidernull133null4426_literalMutationString15265, testProvidernull131null3754_literalMutationString15574, testProvidernull138null6218_literalMutationString16514, testProvidernull138null6213_literalMutationString15882, testProvidernull134null4766_literalMutationString16821, testProvidernull131null3761_literalMutationString15000, testProvidernull133null4409_literalMutationString31019, testProvidernull133null4414_literalMutationString14670, testProvidernull131null3752_literalMutationString30716, testProvidernull131null3754_literalMutationString15621, testProvidernull134null4761_literalMutationString16252, testProvidernull133null4409_literalMutationString31097, testProvidernull133null4426_literalMutationString15295, testProvidernull138null6218_literalMutationString16540, testProvidernull131null3752_literalMutationString30797, testProvidernull138null6213_literalMutationString15927, testProvidernull134null4766_literalMutationString16852, testProvidernull138null6221_literalMutationString20278, testProvidernull134null4776_literalMutationString21915, testProvidernull138null6221_literalMutationString20310, testProvidernull138null6221_literalMutationString20361, testProvidernull131null3761_literalMutationString15027, testProvidernull133null4426_literalMutationString15345, testProvidernull133null4414_literalMutationString14786, testProvidernull134null4761_literalMutationString16347, testProvidernull138null6213_literalMutationString15945, testProvidernull134null4776_literalMutationString21940, testProvidernull131null3754_literalMutationString15695, testProvidernull138null6218_literalMutationString16593, testProvidernull134null4766_literalMutationString16965, testProvidernull134null4776_literalMutationString21978, testProvidernull133null4409_literalMutationString31025] from org.junit.internal.requests.ClassRequest@2b71fc7e
[INFO] 1 test fail, generating try/catch/fail blocks...
[INFO] Could not generate any test with assertions
[INFO] 0 amplified test methods has been selected to be kept. (global: 0)
[INFO] elapsedTime 944999
======= REPORT =======
0 amplified test fails on the new versions.

[WARNING] DSpot could not obtain any amplified test method.
[WARNING] You can customize the following options: --amplifiers, --test-criterion, --iteration, --budgetizer etc, and retry with a new configuration.
[INFO] Amplification succeed.
[INFO] Elapsed time 1002736 ms
[INFO] ------------------------------------------------------------------------
[INFO] BUILD SUCCESS
[INFO] ------------------------------------------------------------------------
[INFO] Total time: 17:32 min
[INFO] Finished at: 2018-09-29T04:41:37+02:00
[INFO] ------------------------------------------------------------------------
