Apache Maven 3.5.4 (1edded0938998edf8bf061f1ceb3cfdeccf443fe; 2018-06-17T20:33:14+02:00)
Maven home: /home/spirals/danglot/apache-maven-3.5.4
Java version: 1.8.0_121, vendor: Oracle Corporation, runtime: /home/spirals/danglot/jdk1.8.0_121/jre
Default locale: en_US, platform encoding: ANSI_X3.4-1968
OS name: "linux", version: "3.16.0-4-amd64", arch: "amd64", family: "unix"
[DEBUG] Created new class realm maven.api
[DEBUG] Importing foreign packages into class realm maven.api
[DEBUG]   Imported: javax.annotation.* < plexus.core
[DEBUG]   Imported: javax.annotation.security.* < plexus.core
[DEBUG]   Imported: javax.enterprise.inject.* < plexus.core
[DEBUG]   Imported: javax.enterprise.util.* < plexus.core
[DEBUG]   Imported: javax.inject.* < plexus.core
[DEBUG]   Imported: org.apache.maven.* < plexus.core
[DEBUG]   Imported: org.apache.maven.artifact < plexus.core
[DEBUG]   Imported: org.apache.maven.classrealm < plexus.core
[DEBUG]   Imported: org.apache.maven.cli < plexus.core
[DEBUG]   Imported: org.apache.maven.configuration < plexus.core
[DEBUG]   Imported: org.apache.maven.exception < plexus.core
[DEBUG]   Imported: org.apache.maven.execution < plexus.core
[DEBUG]   Imported: org.apache.maven.execution.scope < plexus.core
[DEBUG]   Imported: org.apache.maven.lifecycle < plexus.core
[DEBUG]   Imported: org.apache.maven.model < plexus.core
[DEBUG]   Imported: org.apache.maven.monitor < plexus.core
[DEBUG]   Imported: org.apache.maven.plugin < plexus.core
[DEBUG]   Imported: org.apache.maven.profiles < plexus.core
[DEBUG]   Imported: org.apache.maven.project < plexus.core
[DEBUG]   Imported: org.apache.maven.reporting < plexus.core
[DEBUG]   Imported: org.apache.maven.repository < plexus.core
[DEBUG]   Imported: org.apache.maven.rtinfo < plexus.core
[DEBUG]   Imported: org.apache.maven.settings < plexus.core
[DEBUG]   Imported: org.apache.maven.toolchain < plexus.core
[DEBUG]   Imported: org.apache.maven.usability < plexus.core
[DEBUG]   Imported: org.apache.maven.wagon.* < plexus.core
[DEBUG]   Imported: org.apache.maven.wagon.authentication < plexus.core
[DEBUG]   Imported: org.apache.maven.wagon.authorization < plexus.core
[DEBUG]   Imported: org.apache.maven.wagon.events < plexus.core
[DEBUG]   Imported: org.apache.maven.wagon.observers < plexus.core
[DEBUG]   Imported: org.apache.maven.wagon.proxy < plexus.core
[DEBUG]   Imported: org.apache.maven.wagon.repository < plexus.core
[DEBUG]   Imported: org.apache.maven.wagon.resource < plexus.core
[DEBUG]   Imported: org.codehaus.classworlds < plexus.core
[DEBUG]   Imported: org.codehaus.plexus.* < plexus.core
[DEBUG]   Imported: org.codehaus.plexus.classworlds < plexus.core
[DEBUG]   Imported: org.codehaus.plexus.component < plexus.core
[DEBUG]   Imported: org.codehaus.plexus.configuration < plexus.core
[DEBUG]   Imported: org.codehaus.plexus.container < plexus.core
[DEBUG]   Imported: org.codehaus.plexus.context < plexus.core
[DEBUG]   Imported: org.codehaus.plexus.lifecycle < plexus.core
[DEBUG]   Imported: org.codehaus.plexus.logging < plexus.core
[DEBUG]   Imported: org.codehaus.plexus.personality < plexus.core
[DEBUG]   Imported: org.codehaus.plexus.util.xml.Xpp3Dom < plexus.core
[DEBUG]   Imported: org.codehaus.plexus.util.xml.pull.XmlPullParser < plexus.core
[DEBUG]   Imported: org.codehaus.plexus.util.xml.pull.XmlPullParserException < plexus.core
[DEBUG]   Imported: org.codehaus.plexus.util.xml.pull.XmlSerializer < plexus.core
[DEBUG]   Imported: org.eclipse.aether.* < plexus.core
[DEBUG]   Imported: org.eclipse.aether.artifact < plexus.core
[DEBUG]   Imported: org.eclipse.aether.collection < plexus.core
[DEBUG]   Imported: org.eclipse.aether.deployment < plexus.core
[DEBUG]   Imported: org.eclipse.aether.graph < plexus.core
[DEBUG]   Imported: org.eclipse.aether.impl < plexus.core
[DEBUG]   Imported: org.eclipse.aether.installation < plexus.core
[DEBUG]   Imported: org.eclipse.aether.internal.impl < plexus.core
[DEBUG]   Imported: org.eclipse.aether.metadata < plexus.core
[DEBUG]   Imported: org.eclipse.aether.repository < plexus.core
[DEBUG]   Imported: org.eclipse.aether.resolution < plexus.core
[DEBUG]   Imported: org.eclipse.aether.spi < plexus.core
[DEBUG]   Imported: org.eclipse.aether.transfer < plexus.core
[DEBUG]   Imported: org.eclipse.aether.version < plexus.core
[DEBUG]   Imported: org.fusesource.jansi.* < plexus.core
[DEBUG]   Imported: org.slf4j.* < plexus.core
[DEBUG]   Imported: org.slf4j.helpers.* < plexus.core
[DEBUG]   Imported: org.slf4j.spi.* < plexus.core
[DEBUG] Populating class realm maven.api
[INFO] Error stacktraces are turned on.
[DEBUG] Message scheme: color
[DEBUG] Message styles: debug info warning error success failure strong mojo project
[DEBUG] Reading global settings from /home/spirals/danglot/apache-maven-3.5.4/conf/settings.xml
[DEBUG] Reading user settings from /home/spirals/danglot/.m2/settings.xml
[DEBUG] Reading global toolchains from /home/spirals/danglot/apache-maven-3.5.4/conf/toolchains.xml
[DEBUG] Reading user toolchains from /home/spirals/danglot/.m2/toolchains.xml
[DEBUG] Using local repository at /home/spirals/danglot/.m2/repository
[DEBUG] Using manager EnhancedLocalRepositoryManager with priority 10.0 for /home/spirals/danglot/.m2/repository
[INFO] Scanning for projects...
[DEBUG] Extension realms for project org.jsoup:jsoup:jar:1.12.1-SNAPSHOT: (none)
[DEBUG] Looking up lifecycle mappings for packaging jar from ClassRealm[plexus.core, parent: null]
[DEBUG] === REACTOR BUILD PLAN ================================================
[DEBUG] Project: org.jsoup:jsoup:jar:1.12.1-SNAPSHOT
[DEBUG] Tasks:   [eu.stamp-project:dspot-maven:1.1.1-SNAPSHOT:amplify-unit-tests]
[DEBUG] Style:   Regular
[DEBUG] =======================================================================
[INFO] 
[INFO] --------------------------< org.jsoup:jsoup >---------------------------
[INFO] Building jsoup Java HTML Parser 1.12.1-SNAPSHOT
[INFO] --------------------------------[ jar ]---------------------------------
[DEBUG] Lifecycle default -> [validate, initialize, generate-sources, process-sources, generate-resources, process-resources, compile, process-classes, generate-test-sources, process-test-sources, generate-test-resources, process-test-resources, test-compile, process-test-classes, test, prepare-package, package, pre-integration-test, integration-test, post-integration-test, verify, install, deploy]
[DEBUG] Lifecycle clean -> [pre-clean, clean, post-clean]
[DEBUG] Lifecycle site -> [pre-site, site, post-site, site-deploy]
[DEBUG] === PROJECT BUILD PLAN ================================================
[DEBUG] Project:       org.jsoup:jsoup:1.12.1-SNAPSHOT
[DEBUG] Dependencies (collect): []
[DEBUG] Dependencies (resolve): [test]
[DEBUG] Repositories (dependencies): [central (https://repo.maven.apache.org/maven2, default, releases)]
[DEBUG] Repositories (plugins)     : [central (https://repo.maven.apache.org/maven2, default, releases)]
[DEBUG] -----------------------------------------------------------------------
[DEBUG] Goal:          eu.stamp-project:dspot-maven:1.1.1-SNAPSHOT:amplify-unit-tests (default-cli)
[DEBUG] Style:         Regular
[DEBUG] Configuration: <?xml version="1.0" encoding="UTF-8"?>
<configuration>
  <amplifiers default-value="None">${amplifiers}</amplifiers>
  <automaticBuilder default-value="MavenBuilder">${automatic-builder}</automaticBuilder>
  <budgetizer default-value="NoBudgetizer">${budgetizer}</budgetizer>
  <cases>${cases}</cases>
  <clean default-value="false">${clean}</clean>
  <descartes default-value="false">${descartes}</descartes>
  <example default-value="false">${example}</example>
  <generateNewTestClass default-value="false">${generate-new-test-class}</generateNewTestClass>
  <help default-value="false">${help}</help>
  <iteration default-value="3">${iteration}</iteration>
  <mavenHome>${maven-home}</mavenHome>
  <maxTestAmplified default-value="200">${max-test-amplified}</maxTestAmplified>
  <noMinimize default-value="false">${no-minimize}</noMinimize>
  <outputPath default-value="target/dspot/output">${output-path}</outputPath>
  <pathPitResult>${path-pit-result}</pathPitResult>
  <pathToProperties default-value="">${path-to-properties}</pathToProperties>
  <pathToSecondVersion default-value="">${path-to-second-version}</pathToSecondVersion>
  <pathToTestListCsv default-value="">${path-to-test-list-csv}</pathToTestListCsv>
  <project default-value="${project}"/>
  <randomSeed default-value="23">${randomSeed}</randomSeed>
  <test default-value="all">${test}</test>
  <testCriterion default-value="PitMutantScoreSelector">${test-criterion}</testCriterion>
  <timeOut default-value="10000">${timeOut}</timeOut>
  <useMavenToExeTest default-value="false">${use-maven-to-exe-test}</useMavenToExeTest>
  <verbose default-value="false">${verbose}</verbose>
  <withComment default-value="false">${with-comment}</withComment>
  <workingDirectory default-value="false">${working-directory}</workingDirectory>
</configuration>
[DEBUG] =======================================================================
[DEBUG] Dependency collection stats: {ConflictMarker.analyzeTime=1162550, ConflictMarker.markTime=687328, ConflictMarker.nodeCount=13, ConflictIdSorter.graphTime=666412, ConflictIdSorter.topsortTime=606828, ConflictIdSorter.conflictIdCount=10, ConflictIdSorter.conflictIdCycleCount=0, ConflictResolver.totalTime=5894062, ConflictResolver.conflictItemCount=12, DefaultDependencyCollector.collectTime=208059972, DefaultDependencyCollector.transformTime=12002040}
[DEBUG] org.jsoup:jsoup:jar:1.12.1-SNAPSHOT
[DEBUG]    junit:junit:jar:4.12:test
[DEBUG]       org.hamcrest:hamcrest-core:jar:1.3:test
[DEBUG]    com.google.code.gson:gson:jar:2.7:test
[DEBUG]    org.eclipse.jetty:jetty-server:jar:9.2.22.v20170606:test
[DEBUG]       javax.servlet:javax.servlet-api:jar:3.1.0:test
[DEBUG]       org.eclipse.jetty:jetty-http:jar:9.2.22.v20170606:test
[DEBUG]          org.eclipse.jetty:jetty-util:jar:9.2.22.v20170606:test
[DEBUG]       org.eclipse.jetty:jetty-io:jar:9.2.22.v20170606:test
[DEBUG]    org.eclipse.jetty:jetty-servlet:jar:9.2.22.v20170606:test
[DEBUG]       org.eclipse.jetty:jetty-security:jar:9.2.22.v20170606:test
[INFO] 
[INFO] --- dspot-maven:1.1.1-SNAPSHOT:amplify-unit-tests (default-cli) @ jsoup ---
[DEBUG] Failure to find eu.stamp-project:dspot:1.1.1-SNAPSHOT/maven-metadata.xml in https://repo.gradle.org/gradle/libs-releases-local/ was cached in the local repository, resolution will not be reattempted until the update interval of gradle-repo has elapsed or updates are forced
[DEBUG] Skipped remote request for eu.stamp-project:dspot:1.1.1-SNAPSHOT/maven-metadata.xml, locally cached metadata up-to-date.
[DEBUG] Using transporter WagonTransporter with priority -1.0 for https://stamp-project.github.io/stamp-maven-repository/
[DEBUG] Using connector BasicRepositoryConnector with priority 0.0 for https://stamp-project.github.io/stamp-maven-repository/
Downloading from stamp-maven-repository-mvn-repo: https://stamp-project.github.io/stamp-maven-repository/eu/stamp-project/dspot/1.1.1-SNAPSHOT/maven-metadata.xml
[DEBUG] Writing tracking file /home/spirals/danglot/.m2/repository/eu/stamp-project/dspot/1.1.1-SNAPSHOT/resolver-status.properties
[DEBUG] Could not find metadata eu.stamp-project:dspot:1.1.1-SNAPSHOT/maven-metadata.xml in stamp-maven-repository-mvn-repo (https://stamp-project.github.io/stamp-maven-repository/)
[DEBUG] Skipped remote request for eu.stamp-project:dspot:1.1.1-SNAPSHOT/maven-metadata.xml, already updated during this session.
[DEBUG] Failure to find eu.stamp-project:dspot:1.1.1-SNAPSHOT/maven-metadata.xml in https://stamp-project.github.io/stamp-maven-repository/ was cached in the local repository, resolution will not be reattempted until the update interval of stamp-maven-repository-mvn-repo has elapsed or updates are forced
[DEBUG] Failure to find eu.stamp-project:dspot:1.1.1-SNAPSHOT/maven-metadata.xml in https://repo.gradle.org/gradle/libs-releases-local/ was cached in the local repository, resolution will not be reattempted until the update interval of gradle-repo has elapsed or updates are forced
[DEBUG] Skipped remote request for eu.stamp-project:dspot:1.1.1-SNAPSHOT/maven-metadata.xml, locally cached metadata up-to-date.
[DEBUG] Could not find metadata fr.inria.gforge.spoon:spoon-core:7.1.0-SNAPSHOT/maven-metadata.xml in local (/home/spirals/danglot/.m2/repository)
[DEBUG] Failure to find fr.inria.gforge.spoon:spoon-core:7.1.0-SNAPSHOT/maven-metadata.xml in https://repo.gradle.org/gradle/libs-releases-local/ was cached in the local repository, resolution will not be reattempted until the update interval of gradle-repo has elapsed or updates are forced
[DEBUG] Failure to find fr.inria.gforge.spoon:spoon-core:7.1.0-SNAPSHOT/maven-metadata.xml in https://oss.sonatype.org/content/repositories/snapshots was cached in the local repository, resolution will not be reattempted until the update interval of sonatype-nexus-snapshots has elapsed or updates are forced
[DEBUG] Skipped remote request for fr.inria.gforge.spoon:spoon-core:7.1.0-SNAPSHOT/maven-metadata.xml, locally cached metadata up-to-date.
[DEBUG] Using transporter WagonTransporter with priority -1.0 for https://stamp-project.github.io/stamp-maven-repository/
[DEBUG] Using connector BasicRepositoryConnector with priority 0.0 for https://stamp-project.github.io/stamp-maven-repository/
Downloading from stamp-maven-repository-mvn-repo: https://stamp-project.github.io/stamp-maven-repository/fr/inria/gforge/spoon/spoon-core/7.1.0-SNAPSHOT/maven-metadata.xml
[DEBUG] Writing tracking file /home/spirals/danglot/.m2/repository/fr/inria/gforge/spoon/spoon-core/7.1.0-SNAPSHOT/resolver-status.properties
[DEBUG] Could not find metadata fr.inria.gforge.spoon:spoon-core:7.1.0-SNAPSHOT/maven-metadata.xml in stamp-maven-repository-mvn-repo (https://stamp-project.github.io/stamp-maven-repository/)
[DEBUG] Could not find metadata fr.inria.gforge.spoon:spoon-core:7.1.0-SNAPSHOT/maven-metadata.xml in local (/home/spirals/danglot/.m2/repository)
[DEBUG] Skipped remote request for fr.inria.gforge.spoon:spoon-core:7.1.0-SNAPSHOT/maven-metadata.xml, already updated during this session.
[DEBUG] Failure to find fr.inria.gforge.spoon:spoon-core:7.1.0-SNAPSHOT/maven-metadata.xml in https://stamp-project.github.io/stamp-maven-repository/ was cached in the local repository, resolution will not be reattempted until the update interval of stamp-maven-repository-mvn-repo has elapsed or updates are forced
[DEBUG] Failure to find fr.inria.gforge.spoon:spoon-core:7.1.0-SNAPSHOT/maven-metadata.xml in https://repo.gradle.org/gradle/libs-releases-local/ was cached in the local repository, resolution will not be reattempted until the update interval of gradle-repo has elapsed or updates are forced
[DEBUG] Failure to find fr.inria.gforge.spoon:spoon-core:7.1.0-SNAPSHOT/maven-metadata.xml in https://oss.sonatype.org/content/repositories/snapshots was cached in the local repository, resolution will not be reattempted until the update interval of sonatype-nexus-snapshots has elapsed or updates are forced
[DEBUG] Skipped remote request for fr.inria.gforge.spoon:spoon-core:7.1.0-SNAPSHOT/maven-metadata.xml, locally cached metadata up-to-date.
[DEBUG] Could not find metadata org.eclipse.platform:org.eclipse.core.resources/maven-metadata.xml in local (/home/spirals/danglot/.m2/repository)
[DEBUG] Skipped remote request for org.eclipse.platform:org.eclipse.core.resources/maven-metadata.xml, locally cached metadata up-to-date.
[DEBUG] Failure to find org.eclipse.platform:org.eclipse.core.resources/maven-metadata.xml in https://repo.gradle.org/gradle/libs-releases-local/ was cached in the local repository, resolution will not be reattempted until the update interval of gradle-repo has elapsed or updates are forced
[DEBUG] Failure to find org.eclipse.platform:org.eclipse.core.resources/maven-metadata.xml in https://oss.sonatype.org/content/repositories/snapshots was cached in the local repository, resolution will not be reattempted until the update interval of sonatype-nexus-snapshots has elapsed or updates are forced
[DEBUG] Failure to find org.eclipse.platform:org.eclipse.core.resources/maven-metadata.xml in http://maven.inria.fr/artifactory/spoon-public-snapshot was cached in the local repository, resolution will not be reattempted until the update interval of maven.inria.fr-snapshot has elapsed or updates are forced
[DEBUG] Failure to find org.eclipse.platform:org.eclipse.core.resources/maven-metadata.xml in http://maven.inria.fr/artifactory/triskell-public-release was cached in the local repository, resolution will not be reattempted until the update interval of inria has elapsed or updates are forced
[DEBUG] Using transporter WagonTransporter with priority -1.0 for https://stamp-project.github.io/stamp-maven-repository/
[DEBUG] Using connector BasicRepositoryConnector with priority 0.0 for https://stamp-project.github.io/stamp-maven-repository/
Downloading from stamp-maven-repository-mvn-repo: https://stamp-project.github.io/stamp-maven-repository/org/eclipse/platform/org.eclipse.core.resources/maven-metadata.xml
[DEBUG] Writing tracking file /home/spirals/danglot/.m2/repository/org/eclipse/platform/org.eclipse.core.resources/resolver-status.properties
[DEBUG] Could not find metadata org.eclipse.platform:org.eclipse.core.resources/maven-metadata.xml in stamp-maven-repository-mvn-repo (https://stamp-project.github.io/stamp-maven-repository/)
[DEBUG] Could not find metadata org.eclipse.platform:org.eclipse.core.expressions/maven-metadata.xml in local (/home/spirals/danglot/.m2/repository)
[DEBUG] Skipped remote request for org.eclipse.platform:org.eclipse.core.expressions/maven-metadata.xml, locally cached metadata up-to-date.
[DEBUG] Failure to find org.eclipse.platform:org.eclipse.core.expressions/maven-metadata.xml in https://repo.gradle.org/gradle/libs-releases-local/ was cached in the local repository, resolution will not be reattempted until the update interval of gradle-repo has elapsed or updates are forced
[DEBUG] Failure to find org.eclipse.platform:org.eclipse.core.expressions/maven-metadata.xml in https://oss.sonatype.org/content/repositories/snapshots was cached in the local repository, resolution will not be reattempted until the update interval of sonatype-nexus-snapshots has elapsed or updates are forced
[DEBUG] Failure to find org.eclipse.platform:org.eclipse.core.expressions/maven-metadata.xml in http://maven.inria.fr/artifactory/spoon-public-snapshot was cached in the local repository, resolution will not be reattempted until the update interval of maven.inria.fr-snapshot has elapsed or updates are forced
[DEBUG] Failure to find org.eclipse.platform:org.eclipse.core.expressions/maven-metadata.xml in http://maven.inria.fr/artifactory/triskell-public-release was cached in the local repository, resolution will not be reattempted until the update interval of inria has elapsed or updates are forced
[DEBUG] Using transporter WagonTransporter with priority -1.0 for https://stamp-project.github.io/stamp-maven-repository/
[DEBUG] Using connector BasicRepositoryConnector with priority 0.0 for https://stamp-project.github.io/stamp-maven-repository/
Downloading from stamp-maven-repository-mvn-repo: https://stamp-project.github.io/stamp-maven-repository/org/eclipse/platform/org.eclipse.core.expressions/maven-metadata.xml
[DEBUG] Writing tracking file /home/spirals/danglot/.m2/repository/org/eclipse/platform/org.eclipse.core.expressions/resolver-status.properties
[DEBUG] Could not find metadata org.eclipse.platform:org.eclipse.core.expressions/maven-metadata.xml in stamp-maven-repository-mvn-repo (https://stamp-project.github.io/stamp-maven-repository/)
[DEBUG] Could not find metadata org.eclipse.platform:org.eclipse.core.runtime/maven-metadata.xml in local (/home/spirals/danglot/.m2/repository)
[DEBUG] Skipped remote request for org.eclipse.platform:org.eclipse.core.runtime/maven-metadata.xml, locally cached metadata up-to-date.
[DEBUG] Failure to find org.eclipse.platform:org.eclipse.core.runtime/maven-metadata.xml in https://repo.gradle.org/gradle/libs-releases-local/ was cached in the local repository, resolution will not be reattempted until the update interval of gradle-repo has elapsed or updates are forced
[DEBUG] Failure to find org.eclipse.platform:org.eclipse.core.runtime/maven-metadata.xml in https://oss.sonatype.org/content/repositories/snapshots was cached in the local repository, resolution will not be reattempted until the update interval of sonatype-nexus-snapshots has elapsed or updates are forced
[DEBUG] Failure to find org.eclipse.platform:org.eclipse.core.runtime/maven-metadata.xml in http://maven.inria.fr/artifactory/spoon-public-snapshot was cached in the local repository, resolution will not be reattempted until the update interval of maven.inria.fr-snapshot has elapsed or updates are forced
[DEBUG] Failure to find org.eclipse.platform:org.eclipse.core.runtime/maven-metadata.xml in http://maven.inria.fr/artifactory/triskell-public-release was cached in the local repository, resolution will not be reattempted until the update interval of inria has elapsed or updates are forced
[DEBUG] Using transporter WagonTransporter with priority -1.0 for https://stamp-project.github.io/stamp-maven-repository/
[DEBUG] Using connector BasicRepositoryConnector with priority 0.0 for https://stamp-project.github.io/stamp-maven-repository/
Downloading from stamp-maven-repository-mvn-repo: https://stamp-project.github.io/stamp-maven-repository/org/eclipse/platform/org.eclipse.core.runtime/maven-metadata.xml
[DEBUG] Writing tracking file /home/spirals/danglot/.m2/repository/org/eclipse/platform/org.eclipse.core.runtime/resolver-status.properties
[DEBUG] Could not find metadata org.eclipse.platform:org.eclipse.core.runtime/maven-metadata.xml in stamp-maven-repository-mvn-repo (https://stamp-project.github.io/stamp-maven-repository/)
[DEBUG] Could not find metadata org.eclipse.platform:org.eclipse.osgi/maven-metadata.xml in local (/home/spirals/danglot/.m2/repository)
[DEBUG] Skipped remote request for org.eclipse.platform:org.eclipse.osgi/maven-metadata.xml, locally cached metadata up-to-date.
[DEBUG] Failure to find org.eclipse.platform:org.eclipse.osgi/maven-metadata.xml in https://repo.gradle.org/gradle/libs-releases-local/ was cached in the local repository, resolution will not be reattempted until the update interval of gradle-repo has elapsed or updates are forced
[DEBUG] Failure to find org.eclipse.platform:org.eclipse.osgi/maven-metadata.xml in https://oss.sonatype.org/content/repositories/snapshots was cached in the local repository, resolution will not be reattempted until the update interval of sonatype-nexus-snapshots has elapsed or updates are forced
[DEBUG] Failure to find org.eclipse.platform:org.eclipse.osgi/maven-metadata.xml in http://maven.inria.fr/artifactory/spoon-public-snapshot was cached in the local repository, resolution will not be reattempted until the update interval of maven.inria.fr-snapshot has elapsed or updates are forced
[DEBUG] Failure to find org.eclipse.platform:org.eclipse.osgi/maven-metadata.xml in http://maven.inria.fr/artifactory/triskell-public-release was cached in the local repository, resolution will not be reattempted until the update interval of inria has elapsed or updates are forced
[DEBUG] Using transporter WagonTransporter with priority -1.0 for https://stamp-project.github.io/stamp-maven-repository/
[DEBUG] Using connector BasicRepositoryConnector with priority 0.0 for https://stamp-project.github.io/stamp-maven-repository/
Downloading from stamp-maven-repository-mvn-repo: https://stamp-project.github.io/stamp-maven-repository/org/eclipse/platform/org.eclipse.osgi/maven-metadata.xml
[DEBUG] Writing tracking file /home/spirals/danglot/.m2/repository/org/eclipse/platform/org.eclipse.osgi/resolver-status.properties
[DEBUG] Could not find metadata org.eclipse.platform:org.eclipse.osgi/maven-metadata.xml in stamp-maven-repository-mvn-repo (https://stamp-project.github.io/stamp-maven-repository/)
[DEBUG] Could not find metadata org.eclipse.platform:org.eclipse.equinox.common/maven-metadata.xml in local (/home/spirals/danglot/.m2/repository)
[DEBUG] Skipped remote request for org.eclipse.platform:org.eclipse.equinox.common/maven-metadata.xml, locally cached metadata up-to-date.
[DEBUG] Failure to find org.eclipse.platform:org.eclipse.equinox.common/maven-metadata.xml in https://repo.gradle.org/gradle/libs-releases-local/ was cached in the local repository, resolution will not be reattempted until the update interval of gradle-repo has elapsed or updates are forced
[DEBUG] Failure to find org.eclipse.platform:org.eclipse.equinox.common/maven-metadata.xml in https://oss.sonatype.org/content/repositories/snapshots was cached in the local repository, resolution will not be reattempted until the update interval of sonatype-nexus-snapshots has elapsed or updates are forced
[DEBUG] Failure to find org.eclipse.platform:org.eclipse.equinox.common/maven-metadata.xml in http://maven.inria.fr/artifactory/spoon-public-snapshot was cached in the local repository, resolution will not be reattempted until the update interval of maven.inria.fr-snapshot has elapsed or updates are forced
[DEBUG] Failure to find org.eclipse.platform:org.eclipse.equinox.common/maven-metadata.xml in http://maven.inria.fr/artifactory/triskell-public-release was cached in the local repository, resolution will not be reattempted until the update interval of inria has elapsed or updates are forced
[DEBUG] Using transporter WagonTransporter with priority -1.0 for https://stamp-project.github.io/stamp-maven-repository/
[DEBUG] Using connector BasicRepositoryConnector with priority 0.0 for https://stamp-project.github.io/stamp-maven-repository/
Downloading from stamp-maven-repository-mvn-repo: https://stamp-project.github.io/stamp-maven-repository/org/eclipse/platform/org.eclipse.equinox.common/maven-metadata.xml
[DEBUG] Writing tracking file /home/spirals/danglot/.m2/repository/org/eclipse/platform/org.eclipse.equinox.common/resolver-status.properties
[DEBUG] Could not find metadata org.eclipse.platform:org.eclipse.equinox.common/maven-metadata.xml in stamp-maven-repository-mvn-repo (https://stamp-project.github.io/stamp-maven-repository/)
[DEBUG] Could not find metadata org.eclipse.platform:org.eclipse.core.jobs/maven-metadata.xml in local (/home/spirals/danglot/.m2/repository)
[DEBUG] Skipped remote request for org.eclipse.platform:org.eclipse.core.jobs/maven-metadata.xml, locally cached metadata up-to-date.
[DEBUG] Failure to find org.eclipse.platform:org.eclipse.core.jobs/maven-metadata.xml in https://repo.gradle.org/gradle/libs-releases-local/ was cached in the local repository, resolution will not be reattempted until the update interval of gradle-repo has elapsed or updates are forced
[DEBUG] Failure to find org.eclipse.platform:org.eclipse.core.jobs/maven-metadata.xml in https://oss.sonatype.org/content/repositories/snapshots was cached in the local repository, resolution will not be reattempted until the update interval of sonatype-nexus-snapshots has elapsed or updates are forced
[DEBUG] Failure to find org.eclipse.platform:org.eclipse.core.jobs/maven-metadata.xml in http://maven.inria.fr/artifactory/spoon-public-snapshot was cached in the local repository, resolution will not be reattempted until the update interval of maven.inria.fr-snapshot has elapsed or updates are forced
[DEBUG] Failure to find org.eclipse.platform:org.eclipse.core.jobs/maven-metadata.xml in http://maven.inria.fr/artifactory/triskell-public-release was cached in the local repository, resolution will not be reattempted until the update interval of inria has elapsed or updates are forced
[DEBUG] Using transporter WagonTransporter with priority -1.0 for https://stamp-project.github.io/stamp-maven-repository/
[DEBUG] Using connector BasicRepositoryConnector with priority 0.0 for https://stamp-project.github.io/stamp-maven-repository/
Downloading from stamp-maven-repository-mvn-repo: https://stamp-project.github.io/stamp-maven-repository/org/eclipse/platform/org.eclipse.core.jobs/maven-metadata.xml
[DEBUG] Writing tracking file /home/spirals/danglot/.m2/repository/org/eclipse/platform/org.eclipse.core.jobs/resolver-status.properties
[DEBUG] Could not find metadata org.eclipse.platform:org.eclipse.core.jobs/maven-metadata.xml in stamp-maven-repository-mvn-repo (https://stamp-project.github.io/stamp-maven-repository/)
[DEBUG] Could not find metadata org.eclipse.platform:org.eclipse.equinox.registry/maven-metadata.xml in local (/home/spirals/danglot/.m2/repository)
[DEBUG] Skipped remote request for org.eclipse.platform:org.eclipse.equinox.registry/maven-metadata.xml, locally cached metadata up-to-date.
[DEBUG] Failure to find org.eclipse.platform:org.eclipse.equinox.registry/maven-metadata.xml in https://repo.gradle.org/gradle/libs-releases-local/ was cached in the local repository, resolution will not be reattempted until the update interval of gradle-repo has elapsed or updates are forced
[DEBUG] Failure to find org.eclipse.platform:org.eclipse.equinox.registry/maven-metadata.xml in https://oss.sonatype.org/content/repositories/snapshots was cached in the local repository, resolution will not be reattempted until the update interval of sonatype-nexus-snapshots has elapsed or updates are forced
[DEBUG] Failure to find org.eclipse.platform:org.eclipse.equinox.registry/maven-metadata.xml in http://maven.inria.fr/artifactory/spoon-public-snapshot was cached in the local repository, resolution will not be reattempted until the update interval of maven.inria.fr-snapshot has elapsed or updates are forced
[DEBUG] Failure to find org.eclipse.platform:org.eclipse.equinox.registry/maven-metadata.xml in http://maven.inria.fr/artifactory/triskell-public-release was cached in the local repository, resolution will not be reattempted until the update interval of inria has elapsed or updates are forced
[DEBUG] Using transporter WagonTransporter with priority -1.0 for https://stamp-project.github.io/stamp-maven-repository/
[DEBUG] Using connector BasicRepositoryConnector with priority 0.0 for https://stamp-project.github.io/stamp-maven-repository/
Downloading from stamp-maven-repository-mvn-repo: https://stamp-project.github.io/stamp-maven-repository/org/eclipse/platform/org.eclipse.equinox.registry/maven-metadata.xml
[DEBUG] Writing tracking file /home/spirals/danglot/.m2/repository/org/eclipse/platform/org.eclipse.equinox.registry/resolver-status.properties
[DEBUG] Could not find metadata org.eclipse.platform:org.eclipse.equinox.registry/maven-metadata.xml in stamp-maven-repository-mvn-repo (https://stamp-project.github.io/stamp-maven-repository/)
[DEBUG] Could not find metadata org.eclipse.platform:org.eclipse.equinox.common/maven-metadata.xml in local (/home/spirals/danglot/.m2/repository)
[DEBUG] Skipped remote request for org.eclipse.platform:org.eclipse.equinox.common/maven-metadata.xml, locally cached metadata up-to-date.
[DEBUG] Skipped remote request for org.eclipse.platform:org.eclipse.equinox.common/maven-metadata.xml, already updated during this session.
[DEBUG] Failure to find org.eclipse.platform:org.eclipse.equinox.common/maven-metadata.xml in https://stamp-project.github.io/stamp-maven-repository/ was cached in the local repository, resolution will not be reattempted until the update interval of stamp-maven-repository-mvn-repo has elapsed or updates are forced
[DEBUG] Failure to find org.eclipse.platform:org.eclipse.equinox.common/maven-metadata.xml in https://repo.gradle.org/gradle/libs-releases-local/ was cached in the local repository, resolution will not be reattempted until the update interval of gradle-repo has elapsed or updates are forced
[DEBUG] Failure to find org.eclipse.platform:org.eclipse.equinox.common/maven-metadata.xml in https://oss.sonatype.org/content/repositories/snapshots was cached in the local repository, resolution will not be reattempted until the update interval of sonatype-nexus-snapshots has elapsed or updates are forced
[DEBUG] Failure to find org.eclipse.platform:org.eclipse.equinox.common/maven-metadata.xml in http://maven.inria.fr/artifactory/spoon-public-snapshot was cached in the local repository, resolution will not be reattempted until the update interval of maven.inria.fr-snapshot has elapsed or updates are forced
[DEBUG] Failure to find org.eclipse.platform:org.eclipse.equinox.common/maven-metadata.xml in http://maven.inria.fr/artifactory/triskell-public-release was cached in the local repository, resolution will not be reattempted until the update interval of inria has elapsed or updates are forced
[DEBUG] Could not find metadata org.eclipse.platform:org.eclipse.equinox.preferences/maven-metadata.xml in local (/home/spirals/danglot/.m2/repository)
[DEBUG] Skipped remote request for org.eclipse.platform:org.eclipse.equinox.preferences/maven-metadata.xml, locally cached metadata up-to-date.
[DEBUG] Failure to find org.eclipse.platform:org.eclipse.equinox.preferences/maven-metadata.xml in https://repo.gradle.org/gradle/libs-releases-local/ was cached in the local repository, resolution will not be reattempted until the update interval of gradle-repo has elapsed or updates are forced
[DEBUG] Failure to find org.eclipse.platform:org.eclipse.equinox.preferences/maven-metadata.xml in https://oss.sonatype.org/content/repositories/snapshots was cached in the local repository, resolution will not be reattempted until the update interval of sonatype-nexus-snapshots has elapsed or updates are forced
[DEBUG] Failure to find org.eclipse.platform:org.eclipse.equinox.preferences/maven-metadata.xml in http://maven.inria.fr/artifactory/spoon-public-snapshot was cached in the local repository, resolution will not be reattempted until the update interval of maven.inria.fr-snapshot has elapsed or updates are forced
[DEBUG] Failure to find org.eclipse.platform:org.eclipse.equinox.preferences/maven-metadata.xml in http://maven.inria.fr/artifactory/triskell-public-release was cached in the local repository, resolution will not be reattempted until the update interval of inria has elapsed or updates are forced
[DEBUG] Using transporter WagonTransporter with priority -1.0 for https://stamp-project.github.io/stamp-maven-repository/
[DEBUG] Using connector BasicRepositoryConnector with priority 0.0 for https://stamp-project.github.io/stamp-maven-repository/
Downloading from stamp-maven-repository-mvn-repo: https://stamp-project.github.io/stamp-maven-repository/org/eclipse/platform/org.eclipse.equinox.preferences/maven-metadata.xml
[DEBUG] Writing tracking file /home/spirals/danglot/.m2/repository/org/eclipse/platform/org.eclipse.equinox.preferences/resolver-status.properties
[DEBUG] Could not find metadata org.eclipse.platform:org.eclipse.equinox.preferences/maven-metadata.xml in stamp-maven-repository-mvn-repo (https://stamp-project.github.io/stamp-maven-repository/)
[DEBUG] Could not find metadata org.eclipse.platform:org.eclipse.equinox.common/maven-metadata.xml in local (/home/spirals/danglot/.m2/repository)
[DEBUG] Skipped remote request for org.eclipse.platform:org.eclipse.equinox.common/maven-metadata.xml, locally cached metadata up-to-date.
[DEBUG] Skipped remote request for org.eclipse.platform:org.eclipse.equinox.common/maven-metadata.xml, already updated during this session.
[DEBUG] Failure to find org.eclipse.platform:org.eclipse.equinox.common/maven-metadata.xml in https://stamp-project.github.io/stamp-maven-repository/ was cached in the local repository, resolution will not be reattempted until the update interval of stamp-maven-repository-mvn-repo has elapsed or updates are forced
[DEBUG] Failure to find org.eclipse.platform:org.eclipse.equinox.common/maven-metadata.xml in https://repo.gradle.org/gradle/libs-releases-local/ was cached in the local repository, resolution will not be reattempted until the update interval of gradle-repo has elapsed or updates are forced
[DEBUG] Failure to find org.eclipse.platform:org.eclipse.equinox.common/maven-metadata.xml in https://oss.sonatype.org/content/repositories/snapshots was cached in the local repository, resolution will not be reattempted until the update interval of sonatype-nexus-snapshots has elapsed or updates are forced
[DEBUG] Failure to find org.eclipse.platform:org.eclipse.equinox.common/maven-metadata.xml in http://maven.inria.fr/artifactory/spoon-public-snapshot was cached in the local repository, resolution will not be reattempted until the update interval of maven.inria.fr-snapshot has elapsed or updates are forced
[DEBUG] Failure to find org.eclipse.platform:org.eclipse.equinox.common/maven-metadata.xml in http://maven.inria.fr/artifactory/triskell-public-release was cached in the local repository, resolution will not be reattempted until the update interval of inria has elapsed or updates are forced
[DEBUG] Could not find metadata org.eclipse.platform:org.eclipse.core.contenttype/maven-metadata.xml in local (/home/spirals/danglot/.m2/repository)
[DEBUG] Skipped remote request for org.eclipse.platform:org.eclipse.core.contenttype/maven-metadata.xml, locally cached metadata up-to-date.
[DEBUG] Failure to find org.eclipse.platform:org.eclipse.core.contenttype/maven-metadata.xml in https://repo.gradle.org/gradle/libs-releases-local/ was cached in the local repository, resolution will not be reattempted until the update interval of gradle-repo has elapsed or updates are forced
[DEBUG] Failure to find org.eclipse.platform:org.eclipse.core.contenttype/maven-metadata.xml in https://oss.sonatype.org/content/repositories/snapshots was cached in the local repository, resolution will not be reattempted until the update interval of sonatype-nexus-snapshots has elapsed or updates are forced
[DEBUG] Failure to find org.eclipse.platform:org.eclipse.core.contenttype/maven-metadata.xml in http://maven.inria.fr/artifactory/spoon-public-snapshot was cached in the local repository, resolution will not be reattempted until the update interval of maven.inria.fr-snapshot has elapsed or updates are forced
[DEBUG] Failure to find org.eclipse.platform:org.eclipse.core.contenttype/maven-metadata.xml in http://maven.inria.fr/artifactory/triskell-public-release was cached in the local repository, resolution will not be reattempted until the update interval of inria has elapsed or updates are forced
[DEBUG] Using transporter WagonTransporter with priority -1.0 for https://stamp-project.github.io/stamp-maven-repository/
[DEBUG] Using connector BasicRepositoryConnector with priority 0.0 for https://stamp-project.github.io/stamp-maven-repository/
Downloading from stamp-maven-repository-mvn-repo: https://stamp-project.github.io/stamp-maven-repository/org/eclipse/platform/org.eclipse.core.contenttype/maven-metadata.xml
[DEBUG] Writing tracking file /home/spirals/danglot/.m2/repository/org/eclipse/platform/org.eclipse.core.contenttype/resolver-status.properties
[DEBUG] Could not find metadata org.eclipse.platform:org.eclipse.core.contenttype/maven-metadata.xml in stamp-maven-repository-mvn-repo (https://stamp-project.github.io/stamp-maven-repository/)
[DEBUG] Could not find metadata org.eclipse.platform:org.eclipse.equinox.preferences/maven-metadata.xml in local (/home/spirals/danglot/.m2/repository)
[DEBUG] Skipped remote request for org.eclipse.platform:org.eclipse.equinox.preferences/maven-metadata.xml, locally cached metadata up-to-date.
[DEBUG] Skipped remote request for org.eclipse.platform:org.eclipse.equinox.preferences/maven-metadata.xml, already updated during this session.
[DEBUG] Failure to find org.eclipse.platform:org.eclipse.equinox.preferences/maven-metadata.xml in https://stamp-project.github.io/stamp-maven-repository/ was cached in the local repository, resolution will not be reattempted until the update interval of stamp-maven-repository-mvn-repo has elapsed or updates are forced
[DEBUG] Failure to find org.eclipse.platform:org.eclipse.equinox.preferences/maven-metadata.xml in https://repo.gradle.org/gradle/libs-releases-local/ was cached in the local repository, resolution will not be reattempted until the update interval of gradle-repo has elapsed or updates are forced
[DEBUG] Failure to find org.eclipse.platform:org.eclipse.equinox.preferences/maven-metadata.xml in https://oss.sonatype.org/content/repositories/snapshots was cached in the local repository, resolution will not be reattempted until the update interval of sonatype-nexus-snapshots has elapsed or updates are forced
[DEBUG] Failure to find org.eclipse.platform:org.eclipse.equinox.preferences/maven-metadata.xml in http://maven.inria.fr/artifactory/spoon-public-snapshot was cached in the local repository, resolution will not be reattempted until the update interval of maven.inria.fr-snapshot has elapsed or updates are forced
[DEBUG] Failure to find org.eclipse.platform:org.eclipse.equinox.preferences/maven-metadata.xml in http://maven.inria.fr/artifactory/triskell-public-release was cached in the local repository, resolution will not be reattempted until the update interval of inria has elapsed or updates are forced
[DEBUG] Could not find metadata org.eclipse.platform:org.eclipse.equinox.registry/maven-metadata.xml in local (/home/spirals/danglot/.m2/repository)
[DEBUG] Skipped remote request for org.eclipse.platform:org.eclipse.equinox.registry/maven-metadata.xml, locally cached metadata up-to-date.
[DEBUG] Skipped remote request for org.eclipse.platform:org.eclipse.equinox.registry/maven-metadata.xml, already updated during this session.
[DEBUG] Failure to find org.eclipse.platform:org.eclipse.equinox.registry/maven-metadata.xml in https://stamp-project.github.io/stamp-maven-repository/ was cached in the local repository, resolution will not be reattempted until the update interval of stamp-maven-repository-mvn-repo has elapsed or updates are forced
[DEBUG] Failure to find org.eclipse.platform:org.eclipse.equinox.registry/maven-metadata.xml in https://repo.gradle.org/gradle/libs-releases-local/ was cached in the local repository, resolution will not be reattempted until the update interval of gradle-repo has elapsed or updates are forced
[DEBUG] Failure to find org.eclipse.platform:org.eclipse.equinox.registry/maven-metadata.xml in https://oss.sonatype.org/content/repositories/snapshots was cached in the local repository, resolution will not be reattempted until the update interval of sonatype-nexus-snapshots has elapsed or updates are forced
[DEBUG] Failure to find org.eclipse.platform:org.eclipse.equinox.registry/maven-metadata.xml in http://maven.inria.fr/artifactory/spoon-public-snapshot was cached in the local repository, resolution will not be reattempted until the update interval of maven.inria.fr-snapshot has elapsed or updates are forced
[DEBUG] Failure to find org.eclipse.platform:org.eclipse.equinox.registry/maven-metadata.xml in http://maven.inria.fr/artifactory/triskell-public-release was cached in the local repository, resolution will not be reattempted until the update interval of inria has elapsed or updates are forced
[DEBUG] Could not find metadata org.eclipse.platform:org.eclipse.equinox.app/maven-metadata.xml in local (/home/spirals/danglot/.m2/repository)
[DEBUG] Skipped remote request for org.eclipse.platform:org.eclipse.equinox.app/maven-metadata.xml, locally cached metadata up-to-date.
[DEBUG] Failure to find org.eclipse.platform:org.eclipse.equinox.app/maven-metadata.xml in https://repo.gradle.org/gradle/libs-releases-local/ was cached in the local repository, resolution will not be reattempted until the update interval of gradle-repo has elapsed or updates are forced
[DEBUG] Failure to find org.eclipse.platform:org.eclipse.equinox.app/maven-metadata.xml in https://oss.sonatype.org/content/repositories/snapshots was cached in the local repository, resolution will not be reattempted until the update interval of sonatype-nexus-snapshots has elapsed or updates are forced
[DEBUG] Failure to find org.eclipse.platform:org.eclipse.equinox.app/maven-metadata.xml in http://maven.inria.fr/artifactory/spoon-public-snapshot was cached in the local repository, resolution will not be reattempted until the update interval of maven.inria.fr-snapshot has elapsed or updates are forced
[DEBUG] Failure to find org.eclipse.platform:org.eclipse.equinox.app/maven-metadata.xml in http://maven.inria.fr/artifactory/triskell-public-release was cached in the local repository, resolution will not be reattempted until the update interval of inria has elapsed or updates are forced
[DEBUG] Using transporter WagonTransporter with priority -1.0 for https://stamp-project.github.io/stamp-maven-repository/
[DEBUG] Using connector BasicRepositoryConnector with priority 0.0 for https://stamp-project.github.io/stamp-maven-repository/
Downloading from stamp-maven-repository-mvn-repo: https://stamp-project.github.io/stamp-maven-repository/org/eclipse/platform/org.eclipse.equinox.app/maven-metadata.xml
[DEBUG] Writing tracking file /home/spirals/danglot/.m2/repository/org/eclipse/platform/org.eclipse.equinox.app/resolver-status.properties
[DEBUG] Could not find metadata org.eclipse.platform:org.eclipse.equinox.app/maven-metadata.xml in stamp-maven-repository-mvn-repo (https://stamp-project.github.io/stamp-maven-repository/)
[DEBUG] Could not find metadata org.eclipse.platform:org.eclipse.equinox.registry/maven-metadata.xml in local (/home/spirals/danglot/.m2/repository)
[DEBUG] Skipped remote request for org.eclipse.platform:org.eclipse.equinox.registry/maven-metadata.xml, locally cached metadata up-to-date.
[DEBUG] Skipped remote request for org.eclipse.platform:org.eclipse.equinox.registry/maven-metadata.xml, already updated during this session.
[DEBUG] Failure to find org.eclipse.platform:org.eclipse.equinox.registry/maven-metadata.xml in https://stamp-project.github.io/stamp-maven-repository/ was cached in the local repository, resolution will not be reattempted until the update interval of stamp-maven-repository-mvn-repo has elapsed or updates are forced
[DEBUG] Failure to find org.eclipse.platform:org.eclipse.equinox.registry/maven-metadata.xml in https://repo.gradle.org/gradle/libs-releases-local/ was cached in the local repository, resolution will not be reattempted until the update interval of gradle-repo has elapsed or updates are forced
[DEBUG] Failure to find org.eclipse.platform:org.eclipse.equinox.registry/maven-metadata.xml in https://oss.sonatype.org/content/repositories/snapshots was cached in the local repository, resolution will not be reattempted until the update interval of sonatype-nexus-snapshots has elapsed or updates are forced
[DEBUG] Failure to find org.eclipse.platform:org.eclipse.equinox.registry/maven-metadata.xml in http://maven.inria.fr/artifactory/spoon-public-snapshot was cached in the local repository, resolution will not be reattempted until the update interval of maven.inria.fr-snapshot has elapsed or updates are forced
[DEBUG] Failure to find org.eclipse.platform:org.eclipse.equinox.registry/maven-metadata.xml in http://maven.inria.fr/artifactory/triskell-public-release was cached in the local repository, resolution will not be reattempted until the update interval of inria has elapsed or updates are forced
[DEBUG] Could not find metadata org.eclipse.platform:org.eclipse.osgi/maven-metadata.xml in local (/home/spirals/danglot/.m2/repository)
[DEBUG] Skipped remote request for org.eclipse.platform:org.eclipse.osgi/maven-metadata.xml, locally cached metadata up-to-date.
[DEBUG] Skipped remote request for org.eclipse.platform:org.eclipse.osgi/maven-metadata.xml, already updated during this session.
[DEBUG] Failure to find org.eclipse.platform:org.eclipse.osgi/maven-metadata.xml in https://stamp-project.github.io/stamp-maven-repository/ was cached in the local repository, resolution will not be reattempted until the update interval of stamp-maven-repository-mvn-repo has elapsed or updates are forced
[DEBUG] Failure to find org.eclipse.platform:org.eclipse.osgi/maven-metadata.xml in https://repo.gradle.org/gradle/libs-releases-local/ was cached in the local repository, resolution will not be reattempted until the update interval of gradle-repo has elapsed or updates are forced
[DEBUG] Failure to find org.eclipse.platform:org.eclipse.osgi/maven-metadata.xml in https://oss.sonatype.org/content/repositories/snapshots was cached in the local repository, resolution will not be reattempted until the update interval of sonatype-nexus-snapshots has elapsed or updates are forced
[DEBUG] Failure to find org.eclipse.platform:org.eclipse.osgi/maven-metadata.xml in http://maven.inria.fr/artifactory/spoon-public-snapshot was cached in the local repository, resolution will not be reattempted until the update interval of maven.inria.fr-snapshot has elapsed or updates are forced
[DEBUG] Failure to find org.eclipse.platform:org.eclipse.osgi/maven-metadata.xml in http://maven.inria.fr/artifactory/triskell-public-release was cached in the local repository, resolution will not be reattempted until the update interval of inria has elapsed or updates are forced
[DEBUG] Could not find metadata org.eclipse.platform:org.eclipse.equinox.common/maven-metadata.xml in local (/home/spirals/danglot/.m2/repository)
[DEBUG] Skipped remote request for org.eclipse.platform:org.eclipse.equinox.common/maven-metadata.xml, locally cached metadata up-to-date.
[DEBUG] Skipped remote request for org.eclipse.platform:org.eclipse.equinox.common/maven-metadata.xml, already updated during this session.
[DEBUG] Failure to find org.eclipse.platform:org.eclipse.equinox.common/maven-metadata.xml in https://stamp-project.github.io/stamp-maven-repository/ was cached in the local repository, resolution will not be reattempted until the update interval of stamp-maven-repository-mvn-repo has elapsed or updates are forced
[DEBUG] Failure to find org.eclipse.platform:org.eclipse.equinox.common/maven-metadata.xml in https://repo.gradle.org/gradle/libs-releases-local/ was cached in the local repository, resolution will not be reattempted until the update interval of gradle-repo has elapsed or updates are forced
[DEBUG] Failure to find org.eclipse.platform:org.eclipse.equinox.common/maven-metadata.xml in https://oss.sonatype.org/content/repositories/snapshots was cached in the local repository, resolution will not be reattempted until the update interval of sonatype-nexus-snapshots has elapsed or updates are forced
[DEBUG] Failure to find org.eclipse.platform:org.eclipse.equinox.common/maven-metadata.xml in http://maven.inria.fr/artifactory/spoon-public-snapshot was cached in the local repository, resolution will not be reattempted until the update interval of maven.inria.fr-snapshot has elapsed or updates are forced
[DEBUG] Failure to find org.eclipse.platform:org.eclipse.equinox.common/maven-metadata.xml in http://maven.inria.fr/artifactory/triskell-public-release was cached in the local repository, resolution will not be reattempted until the update interval of inria has elapsed or updates are forced
[DEBUG] Could not find metadata org.eclipse.platform:org.eclipse.core.jobs/maven-metadata.xml in local (/home/spirals/danglot/.m2/repository)
[DEBUG] Skipped remote request for org.eclipse.platform:org.eclipse.core.jobs/maven-metadata.xml, locally cached metadata up-to-date.
[DEBUG] Skipped remote request for org.eclipse.platform:org.eclipse.core.jobs/maven-metadata.xml, already updated during this session.
[DEBUG] Failure to find org.eclipse.platform:org.eclipse.core.jobs/maven-metadata.xml in https://stamp-project.github.io/stamp-maven-repository/ was cached in the local repository, resolution will not be reattempted until the update interval of stamp-maven-repository-mvn-repo has elapsed or updates are forced
[DEBUG] Failure to find org.eclipse.platform:org.eclipse.core.jobs/maven-metadata.xml in https://repo.gradle.org/gradle/libs-releases-local/ was cached in the local repository, resolution will not be reattempted until the update interval of gradle-repo has elapsed or updates are forced
[DEBUG] Failure to find org.eclipse.platform:org.eclipse.core.jobs/maven-metadata.xml in https://oss.sonatype.org/content/repositories/snapshots was cached in the local repository, resolution will not be reattempted until the update interval of sonatype-nexus-snapshots has elapsed or updates are forced
[DEBUG] Failure to find org.eclipse.platform:org.eclipse.core.jobs/maven-metadata.xml in http://maven.inria.fr/artifactory/spoon-public-snapshot was cached in the local repository, resolution will not be reattempted until the update interval of maven.inria.fr-snapshot has elapsed or updates are forced
[DEBUG] Failure to find org.eclipse.platform:org.eclipse.core.jobs/maven-metadata.xml in http://maven.inria.fr/artifactory/triskell-public-release was cached in the local repository, resolution will not be reattempted until the update interval of inria has elapsed or updates are forced
[DEBUG] Could not find metadata org.eclipse.platform:org.eclipse.equinox.preferences/maven-metadata.xml in local (/home/spirals/danglot/.m2/repository)
[DEBUG] Skipped remote request for org.eclipse.platform:org.eclipse.equinox.preferences/maven-metadata.xml, locally cached metadata up-to-date.
[DEBUG] Skipped remote request for org.eclipse.platform:org.eclipse.equinox.preferences/maven-metadata.xml, already updated during this session.
[DEBUG] Failure to find org.eclipse.platform:org.eclipse.equinox.preferences/maven-metadata.xml in https://stamp-project.github.io/stamp-maven-repository/ was cached in the local repository, resolution will not be reattempted until the update interval of stamp-maven-repository-mvn-repo has elapsed or updates are forced
[DEBUG] Failure to find org.eclipse.platform:org.eclipse.equinox.preferences/maven-metadata.xml in https://repo.gradle.org/gradle/libs-releases-local/ was cached in the local repository, resolution will not be reattempted until the update interval of gradle-repo has elapsed or updates are forced
[DEBUG] Failure to find org.eclipse.platform:org.eclipse.equinox.preferences/maven-metadata.xml in https://oss.sonatype.org/content/repositories/snapshots was cached in the local repository, resolution will not be reattempted until the update interval of sonatype-nexus-snapshots has elapsed or updates are forced
[DEBUG] Failure to find org.eclipse.platform:org.eclipse.equinox.preferences/maven-metadata.xml in http://maven.inria.fr/artifactory/spoon-public-snapshot was cached in the local repository, resolution will not be reattempted until the update interval of maven.inria.fr-snapshot has elapsed or updates are forced
[DEBUG] Failure to find org.eclipse.platform:org.eclipse.equinox.preferences/maven-metadata.xml in http://maven.inria.fr/artifactory/triskell-public-release was cached in the local repository, resolution will not be reattempted until the update interval of inria has elapsed or updates are forced
[DEBUG] Could not find metadata org.eclipse.platform:org.eclipse.core.contenttype/maven-metadata.xml in local (/home/spirals/danglot/.m2/repository)
[DEBUG] Skipped remote request for org.eclipse.platform:org.eclipse.core.contenttype/maven-metadata.xml, locally cached metadata up-to-date.
[DEBUG] Skipped remote request for org.eclipse.platform:org.eclipse.core.contenttype/maven-metadata.xml, already updated during this session.
[DEBUG] Failure to find org.eclipse.platform:org.eclipse.core.contenttype/maven-metadata.xml in https://stamp-project.github.io/stamp-maven-repository/ was cached in the local repository, resolution will not be reattempted until the update interval of stamp-maven-repository-mvn-repo has elapsed or updates are forced
[DEBUG] Failure to find org.eclipse.platform:org.eclipse.core.contenttype/maven-metadata.xml in https://repo.gradle.org/gradle/libs-releases-local/ was cached in the local repository, resolution will not be reattempted until the update interval of gradle-repo has elapsed or updates are forced
[DEBUG] Failure to find org.eclipse.platform:org.eclipse.core.contenttype/maven-metadata.xml in https://oss.sonatype.org/content/repositories/snapshots was cached in the local repository, resolution will not be reattempted until the update interval of sonatype-nexus-snapshots has elapsed or updates are forced
[DEBUG] Failure to find org.eclipse.platform:org.eclipse.core.contenttype/maven-metadata.xml in http://maven.inria.fr/artifactory/spoon-public-snapshot was cached in the local repository, resolution will not be reattempted until the update interval of maven.inria.fr-snapshot has elapsed or updates are forced
[DEBUG] Failure to find org.eclipse.platform:org.eclipse.core.contenttype/maven-metadata.xml in http://maven.inria.fr/artifactory/triskell-public-release was cached in the local repository, resolution will not be reattempted until the update interval of inria has elapsed or updates are forced
[DEBUG] Could not find metadata org.eclipse.platform:org.eclipse.equinox.app/maven-metadata.xml in local (/home/spirals/danglot/.m2/repository)
[DEBUG] Skipped remote request for org.eclipse.platform:org.eclipse.equinox.app/maven-metadata.xml, locally cached metadata up-to-date.
[DEBUG] Skipped remote request for org.eclipse.platform:org.eclipse.equinox.app/maven-metadata.xml, already updated during this session.
[DEBUG] Failure to find org.eclipse.platform:org.eclipse.equinox.app/maven-metadata.xml in https://stamp-project.github.io/stamp-maven-repository/ was cached in the local repository, resolution will not be reattempted until the update interval of stamp-maven-repository-mvn-repo has elapsed or updates are forced
[DEBUG] Failure to find org.eclipse.platform:org.eclipse.equinox.app/maven-metadata.xml in https://repo.gradle.org/gradle/libs-releases-local/ was cached in the local repository, resolution will not be reattempted until the update interval of gradle-repo has elapsed or updates are forced
[DEBUG] Failure to find org.eclipse.platform:org.eclipse.equinox.app/maven-metadata.xml in https://oss.sonatype.org/content/repositories/snapshots was cached in the local repository, resolution will not be reattempted until the update interval of sonatype-nexus-snapshots has elapsed or updates are forced
[DEBUG] Failure to find org.eclipse.platform:org.eclipse.equinox.app/maven-metadata.xml in http://maven.inria.fr/artifactory/spoon-public-snapshot was cached in the local repository, resolution will not be reattempted until the update interval of maven.inria.fr-snapshot has elapsed or updates are forced
[DEBUG] Failure to find org.eclipse.platform:org.eclipse.equinox.app/maven-metadata.xml in http://maven.inria.fr/artifactory/triskell-public-release was cached in the local repository, resolution will not be reattempted until the update interval of inria has elapsed or updates are forced
[DEBUG] Could not find metadata org.eclipse.platform:org.eclipse.core.filesystem/maven-metadata.xml in local (/home/spirals/danglot/.m2/repository)
[DEBUG] Skipped remote request for org.eclipse.platform:org.eclipse.core.filesystem/maven-metadata.xml, locally cached metadata up-to-date.
[DEBUG] Failure to find org.eclipse.platform:org.eclipse.core.filesystem/maven-metadata.xml in https://repo.gradle.org/gradle/libs-releases-local/ was cached in the local repository, resolution will not be reattempted until the update interval of gradle-repo has elapsed or updates are forced
[DEBUG] Failure to find org.eclipse.platform:org.eclipse.core.filesystem/maven-metadata.xml in https://oss.sonatype.org/content/repositories/snapshots was cached in the local repository, resolution will not be reattempted until the update interval of sonatype-nexus-snapshots has elapsed or updates are forced
[DEBUG] Failure to find org.eclipse.platform:org.eclipse.core.filesystem/maven-metadata.xml in http://maven.inria.fr/artifactory/spoon-public-snapshot was cached in the local repository, resolution will not be reattempted until the update interval of maven.inria.fr-snapshot has elapsed or updates are forced
[DEBUG] Failure to find org.eclipse.platform:org.eclipse.core.filesystem/maven-metadata.xml in http://maven.inria.fr/artifactory/triskell-public-release was cached in the local repository, resolution will not be reattempted until the update interval of inria has elapsed or updates are forced
[DEBUG] Using transporter WagonTransporter with priority -1.0 for https://stamp-project.github.io/stamp-maven-repository/
[DEBUG] Using connector BasicRepositoryConnector with priority 0.0 for https://stamp-project.github.io/stamp-maven-repository/
Downloading from stamp-maven-repository-mvn-repo: https://stamp-project.github.io/stamp-maven-repository/org/eclipse/platform/org.eclipse.core.filesystem/maven-metadata.xml
[DEBUG] Writing tracking file /home/spirals/danglot/.m2/repository/org/eclipse/platform/org.eclipse.core.filesystem/resolver-status.properties
[DEBUG] Could not find metadata org.eclipse.platform:org.eclipse.core.filesystem/maven-metadata.xml in stamp-maven-repository-mvn-repo (https://stamp-project.github.io/stamp-maven-repository/)
[DEBUG] Could not find metadata org.eclipse.platform:org.eclipse.osgi/maven-metadata.xml in local (/home/spirals/danglot/.m2/repository)
[DEBUG] Skipped remote request for org.eclipse.platform:org.eclipse.osgi/maven-metadata.xml, locally cached metadata up-to-date.
[DEBUG] Skipped remote request for org.eclipse.platform:org.eclipse.osgi/maven-metadata.xml, already updated during this session.
[DEBUG] Failure to find org.eclipse.platform:org.eclipse.osgi/maven-metadata.xml in https://stamp-project.github.io/stamp-maven-repository/ was cached in the local repository, resolution will not be reattempted until the update interval of stamp-maven-repository-mvn-repo has elapsed or updates are forced
[DEBUG] Failure to find org.eclipse.platform:org.eclipse.osgi/maven-metadata.xml in https://repo.gradle.org/gradle/libs-releases-local/ was cached in the local repository, resolution will not be reattempted until the update interval of gradle-repo has elapsed or updates are forced
[DEBUG] Failure to find org.eclipse.platform:org.eclipse.osgi/maven-metadata.xml in https://oss.sonatype.org/content/repositories/snapshots was cached in the local repository, resolution will not be reattempted until the update interval of sonatype-nexus-snapshots has elapsed or updates are forced
[DEBUG] Failure to find org.eclipse.platform:org.eclipse.osgi/maven-metadata.xml in http://maven.inria.fr/artifactory/spoon-public-snapshot was cached in the local repository, resolution will not be reattempted until the update interval of maven.inria.fr-snapshot has elapsed or updates are forced
[DEBUG] Failure to find org.eclipse.platform:org.eclipse.osgi/maven-metadata.xml in http://maven.inria.fr/artifactory/triskell-public-release was cached in the local repository, resolution will not be reattempted until the update interval of inria has elapsed or updates are forced
[DEBUG] Could not find metadata org.eclipse.platform:org.eclipse.core.runtime/maven-metadata.xml in local (/home/spirals/danglot/.m2/repository)
[DEBUG] Skipped remote request for org.eclipse.platform:org.eclipse.core.runtime/maven-metadata.xml, locally cached metadata up-to-date.
[DEBUG] Skipped remote request for org.eclipse.platform:org.eclipse.core.runtime/maven-metadata.xml, already updated during this session.
[DEBUG] Failure to find org.eclipse.platform:org.eclipse.core.runtime/maven-metadata.xml in https://stamp-project.github.io/stamp-maven-repository/ was cached in the local repository, resolution will not be reattempted until the update interval of stamp-maven-repository-mvn-repo has elapsed or updates are forced
[DEBUG] Failure to find org.eclipse.platform:org.eclipse.core.runtime/maven-metadata.xml in https://repo.gradle.org/gradle/libs-releases-local/ was cached in the local repository, resolution will not be reattempted until the update interval of gradle-repo has elapsed or updates are forced
[DEBUG] Failure to find org.eclipse.platform:org.eclipse.core.runtime/maven-metadata.xml in https://oss.sonatype.org/content/repositories/snapshots was cached in the local repository, resolution will not be reattempted until the update interval of sonatype-nexus-snapshots has elapsed or updates are forced
[DEBUG] Failure to find org.eclipse.platform:org.eclipse.core.runtime/maven-metadata.xml in http://maven.inria.fr/artifactory/spoon-public-snapshot was cached in the local repository, resolution will not be reattempted until the update interval of maven.inria.fr-snapshot has elapsed or updates are forced
[DEBUG] Failure to find org.eclipse.platform:org.eclipse.core.runtime/maven-metadata.xml in http://maven.inria.fr/artifactory/triskell-public-release was cached in the local repository, resolution will not be reattempted until the update interval of inria has elapsed or updates are forced
[DEBUG] Could not find metadata org.eclipse.platform:org.eclipse.core.runtime/maven-metadata.xml in local (/home/spirals/danglot/.m2/repository)
[DEBUG] Skipped remote request for org.eclipse.platform:org.eclipse.core.runtime/maven-metadata.xml, locally cached metadata up-to-date.
[DEBUG] Skipped remote request for org.eclipse.platform:org.eclipse.core.runtime/maven-metadata.xml, already updated during this session.
[DEBUG] Failure to find org.eclipse.platform:org.eclipse.core.runtime/maven-metadata.xml in https://stamp-project.github.io/stamp-maven-repository/ was cached in the local repository, resolution will not be reattempted until the update interval of stamp-maven-repository-mvn-repo has elapsed or updates are forced
[DEBUG] Failure to find org.eclipse.platform:org.eclipse.core.runtime/maven-metadata.xml in https://repo.gradle.org/gradle/libs-releases-local/ was cached in the local repository, resolution will not be reattempted until the update interval of gradle-repo has elapsed or updates are forced
[DEBUG] Failure to find org.eclipse.platform:org.eclipse.core.runtime/maven-metadata.xml in https://oss.sonatype.org/content/repositories/snapshots was cached in the local repository, resolution will not be reattempted until the update interval of sonatype-nexus-snapshots has elapsed or updates are forced
[DEBUG] Failure to find org.eclipse.platform:org.eclipse.core.runtime/maven-metadata.xml in http://maven.inria.fr/artifactory/spoon-public-snapshot was cached in the local repository, resolution will not be reattempted until the update interval of maven.inria.fr-snapshot has elapsed or updates are forced
[DEBUG] Failure to find org.eclipse.platform:org.eclipse.core.runtime/maven-metadata.xml in http://maven.inria.fr/artifactory/triskell-public-release was cached in the local repository, resolution will not be reattempted until the update interval of inria has elapsed or updates are forced
[DEBUG] Could not find metadata org.eclipse.platform:org.eclipse.core.filesystem/maven-metadata.xml in local (/home/spirals/danglot/.m2/repository)
[DEBUG] Skipped remote request for org.eclipse.platform:org.eclipse.core.filesystem/maven-metadata.xml, locally cached metadata up-to-date.
[DEBUG] Skipped remote request for org.eclipse.platform:org.eclipse.core.filesystem/maven-metadata.xml, already updated during this session.
[DEBUG] Failure to find org.eclipse.platform:org.eclipse.core.filesystem/maven-metadata.xml in https://stamp-project.github.io/stamp-maven-repository/ was cached in the local repository, resolution will not be reattempted until the update interval of stamp-maven-repository-mvn-repo has elapsed or updates are forced
[DEBUG] Failure to find org.eclipse.platform:org.eclipse.core.filesystem/maven-metadata.xml in https://repo.gradle.org/gradle/libs-releases-local/ was cached in the local repository, resolution will not be reattempted until the update interval of gradle-repo has elapsed or updates are forced
[DEBUG] Failure to find org.eclipse.platform:org.eclipse.core.filesystem/maven-metadata.xml in https://oss.sonatype.org/content/repositories/snapshots was cached in the local repository, resolution will not be reattempted until the update interval of sonatype-nexus-snapshots has elapsed or updates are forced
[DEBUG] Failure to find org.eclipse.platform:org.eclipse.core.filesystem/maven-metadata.xml in http://maven.inria.fr/artifactory/spoon-public-snapshot was cached in the local repository, resolution will not be reattempted until the update interval of maven.inria.fr-snapshot has elapsed or updates are forced
[DEBUG] Failure to find org.eclipse.platform:org.eclipse.core.filesystem/maven-metadata.xml in http://maven.inria.fr/artifactory/triskell-public-release was cached in the local repository, resolution will not be reattempted until the update interval of inria has elapsed or updates are forced
[DEBUG] Could not find metadata org.eclipse.platform:org.eclipse.text/maven-metadata.xml in local (/home/spirals/danglot/.m2/repository)
[DEBUG] Skipped remote request for org.eclipse.platform:org.eclipse.text/maven-metadata.xml, locally cached metadata up-to-date.
[DEBUG] Failure to find org.eclipse.platform:org.eclipse.text/maven-metadata.xml in https://repo.gradle.org/gradle/libs-releases-local/ was cached in the local repository, resolution will not be reattempted until the update interval of gradle-repo has elapsed or updates are forced
[DEBUG] Failure to find org.eclipse.platform:org.eclipse.text/maven-metadata.xml in https://oss.sonatype.org/content/repositories/snapshots was cached in the local repository, resolution will not be reattempted until the update interval of sonatype-nexus-snapshots has elapsed or updates are forced
[DEBUG] Failure to find org.eclipse.platform:org.eclipse.text/maven-metadata.xml in http://maven.inria.fr/artifactory/spoon-public-snapshot was cached in the local repository, resolution will not be reattempted until the update interval of maven.inria.fr-snapshot has elapsed or updates are forced
[DEBUG] Failure to find org.eclipse.platform:org.eclipse.text/maven-metadata.xml in http://maven.inria.fr/artifactory/triskell-public-release was cached in the local repository, resolution will not be reattempted until the update interval of inria has elapsed or updates are forced
[DEBUG] Using transporter WagonTransporter with priority -1.0 for https://stamp-project.github.io/stamp-maven-repository/
[DEBUG] Using connector BasicRepositoryConnector with priority 0.0 for https://stamp-project.github.io/stamp-maven-repository/
Downloading from stamp-maven-repository-mvn-repo: https://stamp-project.github.io/stamp-maven-repository/org/eclipse/platform/org.eclipse.text/maven-metadata.xml
[DEBUG] Writing tracking file /home/spirals/danglot/.m2/repository/org/eclipse/platform/org.eclipse.text/resolver-status.properties
[DEBUG] Could not find metadata org.eclipse.platform:org.eclipse.text/maven-metadata.xml in stamp-maven-repository-mvn-repo (https://stamp-project.github.io/stamp-maven-repository/)
[DEBUG] Could not find metadata org.eclipse.platform:org.eclipse.core.commands/maven-metadata.xml in local (/home/spirals/danglot/.m2/repository)
[DEBUG] Skipped remote request for org.eclipse.platform:org.eclipse.core.commands/maven-metadata.xml, locally cached metadata up-to-date.
[DEBUG] Failure to find org.eclipse.platform:org.eclipse.core.commands/maven-metadata.xml in https://repo.gradle.org/gradle/libs-releases-local/ was cached in the local repository, resolution will not be reattempted until the update interval of gradle-repo has elapsed or updates are forced
[DEBUG] Failure to find org.eclipse.platform:org.eclipse.core.commands/maven-metadata.xml in https://oss.sonatype.org/content/repositories/snapshots was cached in the local repository, resolution will not be reattempted until the update interval of sonatype-nexus-snapshots has elapsed or updates are forced
[DEBUG] Failure to find org.eclipse.platform:org.eclipse.core.commands/maven-metadata.xml in http://maven.inria.fr/artifactory/spoon-public-snapshot was cached in the local repository, resolution will not be reattempted until the update interval of maven.inria.fr-snapshot has elapsed or updates are forced
[DEBUG] Failure to find org.eclipse.platform:org.eclipse.core.commands/maven-metadata.xml in http://maven.inria.fr/artifactory/triskell-public-release was cached in the local repository, resolution will not be reattempted until the update interval of inria has elapsed or updates are forced
[DEBUG] Using transporter WagonTransporter with priority -1.0 for https://stamp-project.github.io/stamp-maven-repository/
[DEBUG] Using connector BasicRepositoryConnector with priority 0.0 for https://stamp-project.github.io/stamp-maven-repository/
Downloading from stamp-maven-repository-mvn-repo: https://stamp-project.github.io/stamp-maven-repository/org/eclipse/platform/org.eclipse.core.commands/maven-metadata.xml
[DEBUG] Writing tracking file /home/spirals/danglot/.m2/repository/org/eclipse/platform/org.eclipse.core.commands/resolver-status.properties
[DEBUG] Could not find metadata org.eclipse.platform:org.eclipse.core.commands/maven-metadata.xml in stamp-maven-repository-mvn-repo (https://stamp-project.github.io/stamp-maven-repository/)
[DEBUG] Could not find metadata org.eclipse.platform:org.eclipse.equinox.common/maven-metadata.xml in local (/home/spirals/danglot/.m2/repository)
[DEBUG] Skipped remote request for org.eclipse.platform:org.eclipse.equinox.common/maven-metadata.xml, locally cached metadata up-to-date.
[DEBUG] Skipped remote request for org.eclipse.platform:org.eclipse.equinox.common/maven-metadata.xml, already updated during this session.
[DEBUG] Failure to find org.eclipse.platform:org.eclipse.equinox.common/maven-metadata.xml in https://stamp-project.github.io/stamp-maven-repository/ was cached in the local repository, resolution will not be reattempted until the update interval of stamp-maven-repository-mvn-repo has elapsed or updates are forced
[DEBUG] Failure to find org.eclipse.platform:org.eclipse.equinox.common/maven-metadata.xml in https://repo.gradle.org/gradle/libs-releases-local/ was cached in the local repository, resolution will not be reattempted until the update interval of gradle-repo has elapsed or updates are forced
[DEBUG] Failure to find org.eclipse.platform:org.eclipse.equinox.common/maven-metadata.xml in https://oss.sonatype.org/content/repositories/snapshots was cached in the local repository, resolution will not be reattempted until the update interval of sonatype-nexus-snapshots has elapsed or updates are forced
[DEBUG] Failure to find org.eclipse.platform:org.eclipse.equinox.common/maven-metadata.xml in http://maven.inria.fr/artifactory/spoon-public-snapshot was cached in the local repository, resolution will not be reattempted until the update interval of maven.inria.fr-snapshot has elapsed or updates are forced
[DEBUG] Failure to find org.eclipse.platform:org.eclipse.equinox.common/maven-metadata.xml in http://maven.inria.fr/artifactory/triskell-public-release was cached in the local repository, resolution will not be reattempted until the update interval of inria has elapsed or updates are forced
[DEBUG] Could not find metadata org.eclipse.platform:org.eclipse.core.runtime/maven-metadata.xml in local (/home/spirals/danglot/.m2/repository)
[DEBUG] Skipped remote request for org.eclipse.platform:org.eclipse.core.runtime/maven-metadata.xml, locally cached metadata up-to-date.
[DEBUG] Skipped remote request for org.eclipse.platform:org.eclipse.core.runtime/maven-metadata.xml, already updated during this session.
[DEBUG] Failure to find org.eclipse.platform:org.eclipse.core.runtime/maven-metadata.xml in https://stamp-project.github.io/stamp-maven-repository/ was cached in the local repository, resolution will not be reattempted until the update interval of stamp-maven-repository-mvn-repo has elapsed or updates are forced
[DEBUG] Failure to find org.eclipse.platform:org.eclipse.core.runtime/maven-metadata.xml in https://repo.gradle.org/gradle/libs-releases-local/ was cached in the local repository, resolution will not be reattempted until the update interval of gradle-repo has elapsed or updates are forced
[DEBUG] Failure to find org.eclipse.platform:org.eclipse.core.runtime/maven-metadata.xml in https://oss.sonatype.org/content/repositories/snapshots was cached in the local repository, resolution will not be reattempted until the update interval of sonatype-nexus-snapshots has elapsed or updates are forced
[DEBUG] Failure to find org.eclipse.platform:org.eclipse.core.runtime/maven-metadata.xml in http://maven.inria.fr/artifactory/spoon-public-snapshot was cached in the local repository, resolution will not be reattempted until the update interval of maven.inria.fr-snapshot has elapsed or updates are forced
[DEBUG] Failure to find org.eclipse.platform:org.eclipse.core.runtime/maven-metadata.xml in http://maven.inria.fr/artifactory/triskell-public-release was cached in the local repository, resolution will not be reattempted until the update interval of inria has elapsed or updates are forced
[DEBUG] Dependency collection stats: {ConflictMarker.analyzeTime=9057219, ConflictMarker.markTime=2257868, ConflictMarker.nodeCount=672, ConflictIdSorter.graphTime=6730395, ConflictIdSorter.topsortTime=220489, ConflictIdSorter.conflictIdCount=98, ConflictIdSorter.conflictIdCycleCount=0, ConflictResolver.totalTime=25466216, ConflictResolver.conflictItemCount=307, DefaultDependencyCollector.collectTime=5209054270, DefaultDependencyCollector.transformTime=43995146}
[DEBUG] eu.stamp-project:dspot-maven:jar:1.1.1-SNAPSHOT:
[DEBUG]    eu.stamp-project:dspot:jar:1.1.1-SNAPSHOT:compile
[DEBUG]       fr.inria.gforge.spoon:spoon-core:jar:7.1.0-SNAPSHOT:compile
[DEBUG]          org.eclipse.jdt:org.eclipse.jdt.core:jar:3.13.102:compile
[DEBUG]             org.eclipse.platform:org.eclipse.core.resources:jar:3.13.100:compile
[DEBUG]                org.eclipse.platform:org.eclipse.core.expressions:jar:3.6.200:compile
[DEBUG]             org.eclipse.platform:org.eclipse.core.runtime:jar:3.15.0:compile
[DEBUG]                org.eclipse.platform:org.eclipse.osgi:jar:3.13.100:compile
[DEBUG]                org.eclipse.platform:org.eclipse.equinox.common:jar:3.10.100:compile
[DEBUG]                org.eclipse.platform:org.eclipse.core.jobs:jar:3.10.100:compile
[DEBUG]                org.eclipse.platform:org.eclipse.equinox.registry:jar:3.8.100:compile
[DEBUG]                org.eclipse.platform:org.eclipse.equinox.preferences:jar:3.7.200:compile
[DEBUG]                org.eclipse.platform:org.eclipse.core.contenttype:jar:3.7.100:compile
[DEBUG]                org.eclipse.platform:org.eclipse.equinox.app:jar:1.3.600:compile
[DEBUG]             org.eclipse.platform:org.eclipse.core.filesystem:jar:1.7.200:compile
[DEBUG]             org.eclipse.platform:org.eclipse.text:jar:3.7.0:compile
[DEBUG]                org.eclipse.platform:org.eclipse.core.commands:jar:3.9.200:compile
[DEBUG]          com.martiansoftware:jsap:jar:2.1:compile
[DEBUG]          log4j:log4j:jar:1.2.17:compile
[DEBUG]          com.fasterxml.jackson.core:jackson-databind:jar:2.9.2:compile
[DEBUG]             com.fasterxml.jackson.core:jackson-annotations:jar:2.9.0:compile
[DEBUG]             com.fasterxml.jackson.core:jackson-core:jar:2.9.2:compile
[DEBUG]          org.benf:cfr:jar:0.132.0:compile
[DEBUG]       junit:junit:jar:4.12:compile
[DEBUG]          org.hamcrest:hamcrest-core:jar:1.3:compile
[DEBUG]       com.google.code.gson:gson:jar:2.8.0:compile
[DEBUG]       org.apache.maven.shared:maven-invoker:jar:3.0.0:compile
[DEBUG]       org.slf4j:slf4j-api:jar:1.7.25:compile
[DEBUG]       org.slf4j:slf4j-log4j12:jar:1.7.25:compile
[DEBUG]       org.jacoco:org.jacoco.core:jar:0.7.9:compile
[DEBUG]          org.ow2.asm:asm-debug-all:jar:5.2:compile
[DEBUG]       eu.stamp-project:descartes:jar:1.1:compile
[DEBUG]          org.pitest:pitest:jar:1.2.0:compile
[DEBUG]          org.pitest:pitest-entry:jar:1.2.0:compile
[DEBUG]             com.thoughtworks.xstream:xstream:jar:1.4.8:compile
[DEBUG]                xmlpull:xmlpull:jar:1.1.3.1:compile
[DEBUG]                xpp3:xpp3_min:jar:1.1.4c:compile
[DEBUG]       org.gradle:gradle-tooling-api:jar:4.0.1:compile
[DEBUG]       org.mockito:mockito-core:jar:2.10.0:compile
[DEBUG]          net.bytebuddy:byte-buddy:jar:1.7.4:runtime
[DEBUG]          net.bytebuddy:byte-buddy-agent:jar:1.7.4:runtime
[DEBUG]          org.objenesis:objenesis:jar:2.6:runtime
[DEBUG]       eu.stamp-project:test-runner:jar:jar-with-dependencies:1.1.0:compile
[DEBUG]       org.openclover:clover:jar:4.2.1:compile
[DEBUG]       fr.inria.gforge.spoon.labs:gumtree-spoon-ast-diff:jar:1.3:compile
[DEBUG]          com.github.gumtreediff:core:jar:2.0.0:compile
[DEBUG]             com.github.mpkorstanje:simmetrics-core:jar:3.0.3:compile
[DEBUG]                commons-codec:commons-codec:jar:1.10:compile
[DEBUG]             net.sf.trove4j:trove4j:jar:3.0.3:compile
[DEBUG]    org.apache.maven:maven-plugin-api:jar:3.5.0:compile
[DEBUG]       org.apache.maven:maven-artifact:jar:3.5.0:compile
[DEBUG]       org.eclipse.sisu:org.eclipse.sisu.plexus:jar:0.3.3:compile
[DEBUG]          javax.enterprise:cdi-api:jar:1.0:compile
[DEBUG]             javax.annotation:jsr250-api:jar:1.0:compile
[DEBUG]          org.eclipse.sisu:org.eclipse.sisu.inject:jar:0.3.3:compile
[DEBUG]    org.apache.maven.plugin-testing:maven-plugin-testing-harness:jar:3.3.0:compile
[DEBUG]       commons-io:commons-io:jar:2.2:compile
[DEBUG]       org.codehaus.plexus:plexus-archiver:jar:2.2:compile
[DEBUG]          org.codehaus.plexus:plexus-io:jar:2.0.4:compile
[DEBUG]    org.apache.maven:maven-compat:jar:3.5.0:compile
[DEBUG]       org.apache.maven:maven-model-builder:jar:3.5.0:compile
[DEBUG]          org.apache.maven:maven-builder-support:jar:3.5.0:compile
[DEBUG]          com.google.guava:guava:jar:20.0:compile
[DEBUG]       org.apache.maven:maven-settings:jar:3.5.0:compile
[DEBUG]       org.apache.maven:maven-resolver-provider:jar:3.5.0:compile
[DEBUG]       org.apache.maven.resolver:maven-resolver-api:jar:1.0.3:compile
[DEBUG]       org.apache.maven.resolver:maven-resolver-util:jar:1.0.3:compile
[DEBUG]       org.apache.maven.resolver:maven-resolver-impl:jar:1.0.3:compile
[DEBUG]       org.codehaus.plexus:plexus-utils:jar:3.0.24:compile
[DEBUG]       org.codehaus.plexus:plexus-interpolation:jar:1.24:compile
[DEBUG]       org.codehaus.plexus:plexus-component-annotations:jar:1.7.1:compile
[DEBUG]       org.apache.maven.wagon:wagon-provider-api:jar:2.12:compile
[DEBUG]    org.apache.maven:maven-core:jar:3.5.0:compile
[DEBUG]       org.apache.maven:maven-settings-builder:jar:3.5.0:compile
[DEBUG]       org.apache.maven:maven-repository-metadata:jar:3.5.0:compile
[DEBUG]       org.apache.maven.resolver:maven-resolver-spi:jar:1.0.3:compile
[DEBUG]       org.apache.maven.shared:maven-shared-utils:jar:3.1.0:compile
[DEBUG]       com.google.inject:guice:jar:no_aop:4.0:compile
[DEBUG]          javax.inject:javax.inject:jar:1:compile
[DEBUG]          aopalliance:aopalliance:jar:1.0:compile
[DEBUG]       org.codehaus.plexus:plexus-classworlds:jar:2.5.2:compile
[DEBUG]       org.sonatype.plexus:plexus-sec-dispatcher:jar:1.4:compile
[DEBUG]          org.sonatype.plexus:plexus-cipher:jar:1.4:compile
[DEBUG]       org.apache.commons:commons-lang3:jar:3.5:compile
[DEBUG]    org.apache.maven:maven-model:jar:3.5.0:compile
[DEBUG]    org.apache.maven:maven-aether-provider:jar:3.3.9:compile
[DEBUG]       org.eclipse.aether:aether-api:jar:1.0.2.v20150114:compile
[DEBUG]       org.eclipse.aether:aether-spi:jar:1.0.2.v20150114:compile
[DEBUG]       org.eclipse.aether:aether-util:jar:1.0.2.v20150114:compile
[DEBUG]       org.eclipse.aether:aether-impl:jar:1.0.2.v20150114:compile
[DEBUG]    org.apache.maven:maven-project:jar:2.2.1:compile
[DEBUG]       org.apache.maven:maven-profile:jar:2.2.1:compile
[DEBUG]       org.apache.maven:maven-artifact-manager:jar:2.2.1:compile
[DEBUG]          backport-util-concurrent:backport-util-concurrent:jar:3.1:compile
[DEBUG]       org.apache.maven:maven-plugin-registry:jar:2.2.1:compile
[DEBUG]       org.codehaus.plexus:plexus-container-default:jar:1.0-alpha-9-stable-1:compile
[DEBUG]          classworlds:classworlds:jar:1.1-alpha-2:compile
[DEBUG] Created new class realm plugin>eu.stamp-project:dspot-maven:1.1.1-SNAPSHOT
[DEBUG] Importing foreign packages into class realm plugin>eu.stamp-project:dspot-maven:1.1.1-SNAPSHOT
[DEBUG]   Imported:  < maven.api
[DEBUG] Populating class realm plugin>eu.stamp-project:dspot-maven:1.1.1-SNAPSHOT
[DEBUG]   Included: eu.stamp-project:dspot-maven:jar:1.1.1-SNAPSHOT
[DEBUG]   Included: eu.stamp-project:dspot:jar:1.1.1-SNAPSHOT
[DEBUG]   Included: fr.inria.gforge.spoon:spoon-core:jar:7.1.0-SNAPSHOT
[DEBUG]   Included: org.eclipse.jdt:org.eclipse.jdt.core:jar:3.13.102
[DEBUG]   Included: org.eclipse.platform:org.eclipse.core.resources:jar:3.13.100
[DEBUG]   Included: org.eclipse.platform:org.eclipse.core.expressions:jar:3.6.200
[DEBUG]   Included: org.eclipse.platform:org.eclipse.core.runtime:jar:3.15.0
[DEBUG]   Included: org.eclipse.platform:org.eclipse.osgi:jar:3.13.100
[DEBUG]   Included: org.eclipse.platform:org.eclipse.equinox.common:jar:3.10.100
[DEBUG]   Included: org.eclipse.platform:org.eclipse.core.jobs:jar:3.10.100
[DEBUG]   Included: org.eclipse.platform:org.eclipse.equinox.registry:jar:3.8.100
[DEBUG]   Included: org.eclipse.platform:org.eclipse.equinox.preferences:jar:3.7.200
[DEBUG]   Included: org.eclipse.platform:org.eclipse.core.contenttype:jar:3.7.100
[DEBUG]   Included: org.eclipse.platform:org.eclipse.equinox.app:jar:1.3.600
[DEBUG]   Included: org.eclipse.platform:org.eclipse.core.filesystem:jar:1.7.200
[DEBUG]   Included: org.eclipse.platform:org.eclipse.text:jar:3.7.0
[DEBUG]   Included: org.eclipse.platform:org.eclipse.core.commands:jar:3.9.200
[DEBUG]   Included: com.martiansoftware:jsap:jar:2.1
[DEBUG]   Included: log4j:log4j:jar:1.2.17
[DEBUG]   Included: com.fasterxml.jackson.core:jackson-databind:jar:2.9.2
[DEBUG]   Included: com.fasterxml.jackson.core:jackson-annotations:jar:2.9.0
[DEBUG]   Included: com.fasterxml.jackson.core:jackson-core:jar:2.9.2
[DEBUG]   Included: org.benf:cfr:jar:0.132.0
[DEBUG]   Included: junit:junit:jar:4.12
[DEBUG]   Included: org.hamcrest:hamcrest-core:jar:1.3
[DEBUG]   Included: com.google.code.gson:gson:jar:2.8.0
[DEBUG]   Included: org.apache.maven.shared:maven-invoker:jar:3.0.0
[DEBUG]   Included: org.slf4j:slf4j-log4j12:jar:1.7.25
[DEBUG]   Included: org.jacoco:org.jacoco.core:jar:0.7.9
[DEBUG]   Included: org.ow2.asm:asm-debug-all:jar:5.2
[DEBUG]   Included: eu.stamp-project:descartes:jar:1.1
[DEBUG]   Included: org.pitest:pitest:jar:1.2.0
[DEBUG]   Included: org.pitest:pitest-entry:jar:1.2.0
[DEBUG]   Included: com.thoughtworks.xstream:xstream:jar:1.4.8
[DEBUG]   Included: xmlpull:xmlpull:jar:1.1.3.1
[DEBUG]   Included: xpp3:xpp3_min:jar:1.1.4c
[DEBUG]   Included: org.gradle:gradle-tooling-api:jar:4.0.1
[DEBUG]   Included: org.mockito:mockito-core:jar:2.10.0
[DEBUG]   Included: net.bytebuddy:byte-buddy:jar:1.7.4
[DEBUG]   Included: net.bytebuddy:byte-buddy-agent:jar:1.7.4
[DEBUG]   Included: org.objenesis:objenesis:jar:2.6
[DEBUG]   Included: eu.stamp-project:test-runner:jar:jar-with-dependencies:1.1.0
[DEBUG]   Included: org.openclover:clover:jar:4.2.1
[DEBUG]   Included: fr.inria.gforge.spoon.labs:gumtree-spoon-ast-diff:jar:1.3
[DEBUG]   Included: com.github.gumtreediff:core:jar:2.0.0
[DEBUG]   Included: com.github.mpkorstanje:simmetrics-core:jar:3.0.3
[DEBUG]   Included: commons-codec:commons-codec:jar:1.10
[DEBUG]   Included: net.sf.trove4j:trove4j:jar:3.0.3
[DEBUG]   Included: javax.enterprise:cdi-api:jar:1.0
[DEBUG]   Included: org.eclipse.sisu:org.eclipse.sisu.inject:jar:0.3.3
[DEBUG]   Included: org.apache.maven.plugin-testing:maven-plugin-testing-harness:jar:3.3.0
[DEBUG]   Included: commons-io:commons-io:jar:2.2
[DEBUG]   Included: org.codehaus.plexus:plexus-archiver:jar:2.2
[DEBUG]   Included: org.codehaus.plexus:plexus-io:jar:2.0.4
[DEBUG]   Included: org.apache.maven:maven-builder-support:jar:3.5.0
[DEBUG]   Included: com.google.guava:guava:jar:20.0
[DEBUG]   Included: org.apache.maven.resolver:maven-resolver-util:jar:1.0.3
[DEBUG]   Included: org.codehaus.plexus:plexus-utils:jar:3.0.24
[DEBUG]   Included: org.codehaus.plexus:plexus-interpolation:jar:1.24
[DEBUG]   Included: org.codehaus.plexus:plexus-component-annotations:jar:1.7.1
[DEBUG]   Included: org.apache.maven.shared:maven-shared-utils:jar:3.1.0
[DEBUG]   Included: com.google.inject:guice:jar:no_aop:4.0
[DEBUG]   Included: aopalliance:aopalliance:jar:1.0
[DEBUG]   Included: org.sonatype.plexus:plexus-sec-dispatcher:jar:1.4
[DEBUG]   Included: org.sonatype.plexus:plexus-cipher:jar:1.4
[DEBUG]   Included: org.apache.commons:commons-lang3:jar:3.5
[DEBUG]   Included: org.eclipse.aether:aether-util:jar:1.0.2.v20150114
[DEBUG]   Included: backport-util-concurrent:backport-util-concurrent:jar:3.1
[DEBUG] Configuring mojo eu.stamp-project:dspot-maven:1.1.1-SNAPSHOT:amplify-unit-tests from plugin realm ClassRealm[plugin>eu.stamp-project:dspot-maven:1.1.1-SNAPSHOT, parent: sun.misc.Launcher$AppClassLoader@55f96302]
[DEBUG] Configuring mojo 'eu.stamp-project:dspot-maven:1.1.1-SNAPSHOT:amplify-unit-tests' with basic configurator -->
[DEBUG]   (f) amplifiers = [TestDataMutator, MethodAdd, MethodRemove, MethodGeneratorAmplifier, ReturnValueAmplifier, NullifierAmplifier]
[DEBUG]   (f) automaticBuilder = MavenBuilder
[DEBUG]   (f) budgetizer = SimpleBudgetizer
[DEBUG]   (f) cases = []
[DEBUG]   (f) clean = true
[DEBUG]   (f) descartes = false
[DEBUG]   (f) example = false
[DEBUG]   (f) generateNewTestClass = true
[DEBUG]   (f) help = false
[DEBUG]   (f) iteration = 3
[DEBUG]   (f) maxTestAmplified = 200
[DEBUG]   (f) noMinimize = false
[DEBUG]   (f) outputPath = /tmp/icst-2019/september-2018/result/jsoup/commit_8_59f1077/input_amplification
[DEBUG]   (f) pathToSecondVersion = /tmp/icst-2019/september-2018/dataset/jsoup
[DEBUG]   (f) pathToTestListCsv = /tmp/icst-2019/september-2018/result/jsoup/commit_8_59f1077/testsThatExecuteTheChanges.csv
[DEBUG]   (f) project = MavenProject: org.jsoup:jsoup:1.12.1-SNAPSHOT @ /tmp/icst-2019/september-2018/dataset/jsoup_parent/pom.xml
[DEBUG]   (f) randomSeed = 23
[DEBUG]   (f) test = [all]
[DEBUG]   (f) testCriterion = ChangeDetectorSelector
[DEBUG]   (f) timeOut = 10000
[DEBUG]   (f) useMavenToExeTest = false
[DEBUG]   (f) verbose = true
[DEBUG]   (f) withComment = false
[DEBUG]   (f) workingDirectory = false
[DEBUG] -- end configuration --
[INFO] Path to runner Classes: /home/spirals/danglot/.m2/repository/eu/stamp-project/test-runner/1.1.0/test-runner-1.1.0-jar-with-dependencies.jar
[INFO] /home/spirals/danglot/.m2/repository/org/jacoco/org.jacoco.core/0.7.9/org.jacoco.core-0.7.9.jar
[INFO] /home/spirals/danglot/.m2/repository/org/ow2/asm/asm-debug-all/5.2/asm-debug-all-5.2.jar
[INFO] /home/spirals/danglot/.m2/repository/eu/stamp-project/test-runner/1.1.0/test-runner-1.1.0-jar-with-dependencies.jar
[WARNING] automaticBuilderName: unknown automatic builder specified in configuration, going to default.
[INFO] Default: provided Maven automatic builder.
[INFO] Using /home/spirals/danglot/apache-maven-3.5.4 for maven home
[INFO] run maven: {}/bin/mvn /home/spirals/danglot/apache-maven-3.5.4
[WARN] Maven will be executed in interactive mode, but no input stream has been configured for this MavenInvoker instance.
[INFO] Scanning for projects...
[INFO] 
[INFO] --------------------------< org.jsoup:jsoup >---------------------------
[INFO] Building jsoup Java HTML Parser 1.12.1-SNAPSHOT
[INFO] --------------------------------[ jar ]---------------------------------
[INFO] 
[INFO] --- maven-clean-plugin:2.5:clean (default-clean) @ jsoup ---
[INFO] Deleting /tmp/icst-2019/september-2018/dataset/jsoup_parent/target
[INFO] 
[INFO] --- maven-resources-plugin:3.0.1:resources (default-resources) @ jsoup ---
[INFO] Using 'UTF-8' encoding to copy filtered resources.
[INFO] Copying 0 resource
[INFO] Copying 3 resources to META-INF/
[INFO] 
[INFO] --- maven-compiler-plugin:3.5.1:compile (default-compile) @ jsoup ---
[INFO] Changes detected - recompiling the module!
[INFO] Compiling 68 source files to /tmp/icst-2019/september-2018/dataset/jsoup_parent/target/classes
[INFO] /tmp/icst-2019/september-2018/dataset/jsoup_parent/src/main/java/org/jsoup/nodes/Attributes.java: /tmp/icst-2019/september-2018/dataset/jsoup_parent/src/main/java/org/jsoup/nodes/Attributes.java uses or overrides a deprecated API.
[INFO] /tmp/icst-2019/september-2018/dataset/jsoup_parent/src/main/java/org/jsoup/nodes/Attributes.java: Recompile with -Xlint:deprecation for details.
[INFO] 
[INFO] --- animal-sniffer-maven-plugin:1.16:check (animal-sniffer) @ jsoup ---
[INFO] Checking unresolved references to net.sf.androidscents.signature:android-api-level-8:2.2_r3
[INFO] 
[INFO] >>> maven-bundle-plugin:2.5.4:manifest (bundle-manifest) > process-classes @ jsoup >>>
[INFO] 
[INFO] --- maven-resources-plugin:3.0.1:resources (default-resources) @ jsoup ---
[INFO] Using 'UTF-8' encoding to copy filtered resources.
[INFO] Copying 0 resource
[INFO] Copying 3 resources to META-INF/
[INFO] 
[INFO] --- maven-compiler-plugin:3.5.1:compile (default-compile) @ jsoup ---
[INFO] Changes detected - recompiling the module!
[INFO] Compiling 68 source files to /tmp/icst-2019/september-2018/dataset/jsoup_parent/target/classes
[INFO] /tmp/icst-2019/september-2018/dataset/jsoup_parent/src/main/java/org/jsoup/nodes/Attributes.java: /tmp/icst-2019/september-2018/dataset/jsoup_parent/src/main/java/org/jsoup/nodes/Attributes.java uses or overrides a deprecated API.
[INFO] /tmp/icst-2019/september-2018/dataset/jsoup_parent/src/main/java/org/jsoup/nodes/Attributes.java: Recompile with -Xlint:deprecation for details.
[INFO] 
[INFO] --- animal-sniffer-maven-plugin:1.16:check (animal-sniffer) @ jsoup ---
[INFO] Checking unresolved references to net.sf.androidscents.signature:android-api-level-8:2.2_r3
[INFO] 
[INFO] <<< maven-bundle-plugin:2.5.4:manifest (bundle-manifest) < process-classes @ jsoup <<<
[INFO] 
[INFO] 
[INFO] --- maven-bundle-plugin:2.5.4:manifest (bundle-manifest) @ jsoup ---
[INFO] 
[INFO] --- maven-resources-plugin:3.0.1:testResources (default-testResources) @ jsoup ---
[INFO] Using 'UTF-8' encoding to copy filtered resources.
[INFO] Copying 25 resources
[INFO] 
[INFO] --- maven-compiler-plugin:3.5.1:testCompile (default-testCompile) @ jsoup ---
[INFO] Changes detected - recompiling the module!
[INFO] Compiling 46 source files to /tmp/icst-2019/september-2018/dataset/jsoup_parent/target/test-classes
[INFO] /tmp/icst-2019/september-2018/dataset/jsoup_parent/src/test/java/org/jsoup/parser/AttributeParseTest.java: Some input files use or override a deprecated API.
[INFO] /tmp/icst-2019/september-2018/dataset/jsoup_parent/src/test/java/org/jsoup/parser/AttributeParseTest.java: Recompile with -Xlint:deprecation for details.
[INFO] 
[INFO] --- maven-surefire-plugin:2.12.4:test (default-test) @ jsoup ---
[INFO] Tests are skipped.
[INFO] 
[INFO] --- maven-dependency-plugin:2.8:build-classpath (default-cli) @ jsoup ---
[INFO] Wrote classpath file '/tmp/icst-2019/september-2018/dataset/jsoup_parent/target/dspot/classpath'.
[INFO] ------------------------------------------------------------------------
[INFO] BUILD SUCCESS
[INFO] ------------------------------------------------------------------------
[INFO] Total time: 10.400 s
[INFO] Finished at: 2018-09-30T16:32:22+02:00
[INFO] ------------------------------------------------------------------------
[INFO] Using /home/spirals/danglot/apache-maven-3.5.4 for maven home
[INFO] run maven: {}/bin/mvn /home/spirals/danglot/apache-maven-3.5.4
[WARN] Maven will be executed in interactive mode, but no input stream has been configured for this MavenInvoker instance.
[INFO] Scanning for projects...
[INFO] 
[INFO] --------------------------< org.jsoup:jsoup >---------------------------
[INFO] Building jsoup Java HTML Parser 1.12.1-SNAPSHOT
[INFO] --------------------------------[ jar ]---------------------------------
[INFO] 
[INFO] --- maven-clean-plugin:2.5:clean (default-clean) @ jsoup ---
[INFO] Deleting /tmp/icst-2019/september-2018/dataset/jsoup/target
[INFO] 
[INFO] --- maven-resources-plugin:3.0.1:resources (default-resources) @ jsoup ---
[INFO] Using 'UTF-8' encoding to copy filtered resources.
[INFO] Copying 0 resource
[INFO] Copying 3 resources to META-INF/
[INFO] 
[INFO] --- maven-compiler-plugin:3.5.1:compile (default-compile) @ jsoup ---
[INFO] Changes detected - recompiling the module!
[INFO] Compiling 68 source files to /tmp/icst-2019/september-2018/dataset/jsoup/target/classes
[INFO] /tmp/icst-2019/september-2018/dataset/jsoup/src/main/java/org/jsoup/nodes/Attributes.java: /tmp/icst-2019/september-2018/dataset/jsoup/src/main/java/org/jsoup/nodes/Attributes.java uses or overrides a deprecated API.
[INFO] /tmp/icst-2019/september-2018/dataset/jsoup/src/main/java/org/jsoup/nodes/Attributes.java: Recompile with -Xlint:deprecation for details.
[INFO] 
[INFO] --- animal-sniffer-maven-plugin:1.16:check (animal-sniffer) @ jsoup ---
[INFO] Checking unresolved references to net.sf.androidscents.signature:android-api-level-8:2.2_r3
[INFO] 
[INFO] >>> maven-bundle-plugin:2.5.4:manifest (bundle-manifest) > process-classes @ jsoup >>>
[INFO] 
[INFO] --- maven-resources-plugin:3.0.1:resources (default-resources) @ jsoup ---
[INFO] Using 'UTF-8' encoding to copy filtered resources.
[INFO] Copying 0 resource
[INFO] Copying 3 resources to META-INF/
[INFO] 
[INFO] --- maven-compiler-plugin:3.5.1:compile (default-compile) @ jsoup ---
[INFO] Changes detected - recompiling the module!
[INFO] Compiling 68 source files to /tmp/icst-2019/september-2018/dataset/jsoup/target/classes
[INFO] /tmp/icst-2019/september-2018/dataset/jsoup/src/main/java/org/jsoup/nodes/Attributes.java: /tmp/icst-2019/september-2018/dataset/jsoup/src/main/java/org/jsoup/nodes/Attributes.java uses or overrides a deprecated API.
[INFO] /tmp/icst-2019/september-2018/dataset/jsoup/src/main/java/org/jsoup/nodes/Attributes.java: Recompile with -Xlint:deprecation for details.
[INFO] 
[INFO] --- animal-sniffer-maven-plugin:1.16:check (animal-sniffer) @ jsoup ---
[INFO] Checking unresolved references to net.sf.androidscents.signature:android-api-level-8:2.2_r3
[INFO] 
[INFO] <<< maven-bundle-plugin:2.5.4:manifest (bundle-manifest) < process-classes @ jsoup <<<
[INFO] 
[INFO] 
[INFO] --- maven-bundle-plugin:2.5.4:manifest (bundle-manifest) @ jsoup ---
[INFO] 
[INFO] --- maven-resources-plugin:3.0.1:testResources (default-testResources) @ jsoup ---
[INFO] Using 'UTF-8' encoding to copy filtered resources.
[INFO] Copying 25 resources
[INFO] 
[INFO] --- maven-compiler-plugin:3.5.1:testCompile (default-testCompile) @ jsoup ---
[INFO] Changes detected - recompiling the module!
[INFO] Compiling 46 source files to /tmp/icst-2019/september-2018/dataset/jsoup/target/test-classes
[INFO] /tmp/icst-2019/september-2018/dataset/jsoup/src/test/java/org/jsoup/parser/AttributeParseTest.java: Some input files use or override a deprecated API.
[INFO] /tmp/icst-2019/september-2018/dataset/jsoup/src/test/java/org/jsoup/parser/AttributeParseTest.java: Recompile with -Xlint:deprecation for details.
[INFO] 
[INFO] --- maven-surefire-plugin:2.12.4:test (default-test) @ jsoup ---
[INFO] Tests are skipped.
[INFO] 
[INFO] --- maven-dependency-plugin:2.8:build-classpath (default-cli) @ jsoup ---
[INFO] Wrote classpath file '/tmp/icst-2019/september-2018/dataset/jsoup/target/dspot/classpath'.
[INFO] ------------------------------------------------------------------------
[INFO] BUILD SUCCESS
[INFO] ------------------------------------------------------------------------
[INFO] Total time: 9.084 s
[INFO] Finished at: 2018-09-30T16:32:38+02:00
[INFO] ------------------------------------------------------------------------
[INFO] Amplification of org.jsoup.nodes.ElementTest (2 test(s))
[INFO] Assertion amplification of org.jsoup.nodes.ElementTest (2 test(s))
[INFO] Run: java -classpath /tmp/icst-2019/september-2018/dataset/jsoup_parent/target/test-classes:/tmp/icst-2019/september-2018/dataset/jsoup_parent/target/classes/:/home/spirals/danglot/.m2/repository/junit/junit/4.12/junit-4.12.jar:/home/spirals/danglot/.m2/repository/org/hamcrest/hamcrest-core/1.3/hamcrest-core-1.3.jar:/home/spirals/danglot/.m2/repository/com/google/code/gson/gson/2.7/gson-2.7.jar:/home/spirals/danglot/.m2/repository/org/eclipse/jetty/jetty-server/9.2.22.v20170606/jetty-server-9.2.22.v20170606.jar:/home/spirals/danglot/.m2/repository/javax/servlet/javax.servlet-api/3.1.0/javax.servlet-api-3.1.0.jar:/home/spirals/danglot/.m2/repository/org/eclipse/jetty/jetty-http/9.2.22.v20170606/jetty-http-9.2.22.v20170606.jar:/home/spirals/danglot/.m2/repository/org/eclipse/jetty/jetty-util/9.2.22.v20170606/jetty-util-9.2.22.v20170606.jar:/home/spirals/danglot/.m2/repository/org/eclipse/jetty/jetty-io/9.2.22.v20170606/jetty-io-9.2.22.v20170606.jar:/home/spirals/danglot/.m2/repository/org/eclipse/jetty/jetty-servlet/9.2.22.v20170606/jetty-servlet-9.2.22.v20170606.jar:/home/spirals/danglot/.m2/repository/org/eclipse/jetty/jetty-security/9.2.22.v20170606/jetty-security-9.2.22.v20170606.jar:/tmp/icst-2019/september-2018/dataset/jsoup_parent/target/dspot/dependencies/:/home/spirals/danglot/.m2/repository/eu/stamp-project/test-runner/1.1.0/test-runner-1.1.0-jar-with-dependencies.jar eu.stamp_project.testrunner.runner.test.TestRunner org.jsoup.nodes.ElementTest testNextElementSiblings:testPreviousElementSiblings
File saved to the following path: /tmp/icst-2019/september-2018/dataset/jsoup_parent/target/dspot/TestListener.ser
Loading /tmp/icst-2019/september-2018/dataset/jsoup_parent/target/dspot/TestListener.ser
[INFO] Test has been run: testPreviousElementSiblings,testNextElementSiblings
[INFO] Run tests. (2)
[INFO] Run: java -classpath /tmp/icst-2019/september-2018/dataset/jsoup_parent/target/test-classes:/tmp/icst-2019/september-2018/dataset/jsoup_parent/target/classes/:/home/spirals/danglot/.m2/repository/junit/junit/4.12/junit-4.12.jar:/home/spirals/danglot/.m2/repository/org/hamcrest/hamcrest-core/1.3/hamcrest-core-1.3.jar:/home/spirals/danglot/.m2/repository/com/google/code/gson/gson/2.7/gson-2.7.jar:/home/spirals/danglot/.m2/repository/org/eclipse/jetty/jetty-server/9.2.22.v20170606/jetty-server-9.2.22.v20170606.jar:/home/spirals/danglot/.m2/repository/javax/servlet/javax.servlet-api/3.1.0/javax.servlet-api-3.1.0.jar:/home/spirals/danglot/.m2/repository/org/eclipse/jetty/jetty-http/9.2.22.v20170606/jetty-http-9.2.22.v20170606.jar:/home/spirals/danglot/.m2/repository/org/eclipse/jetty/jetty-util/9.2.22.v20170606/jetty-util-9.2.22.v20170606.jar:/home/spirals/danglot/.m2/repository/org/eclipse/jetty/jetty-io/9.2.22.v20170606/jetty-io-9.2.22.v20170606.jar:/home/spirals/danglot/.m2/repository/org/eclipse/jetty/jetty-servlet/9.2.22.v20170606/jetty-servlet-9.2.22.v20170606.jar:/home/spirals/danglot/.m2/repository/org/eclipse/jetty/jetty-security/9.2.22.v20170606/jetty-security-9.2.22.v20170606.jar:/tmp/icst-2019/september-2018/dataset/jsoup_parent/target/dspot/dependencies/:/home/spirals/danglot/.m2/repository/eu/stamp-project/test-runner/1.1.0/test-runner-1.1.0-jar-with-dependencies.jar eu.stamp_project.testrunner.runner.test.TestRunner org.jsoup.nodes.ElementTest testNextElementSiblings:testPreviousElementSiblings
File saved to the following path: /tmp/icst-2019/september-2018/dataset/jsoup_parent/target/dspot/TestListener.ser
Loading /tmp/icst-2019/september-2018/dataset/jsoup_parent/target/dspot/TestListener.ser
[INFO] Test has been run: testPreviousElementSiblings,testNextElementSiblings
[INFO] 2 test pass, generating assertion...
[INFO] Add observations points in passing tests.
[INFO] Instrumentation...
 50% |========================= ]/100% |================================================== ]-
[INFO] Run instrumented tests. (6)
[INFO] Run: java -classpath /tmp/icst-2019/september-2018/dataset/jsoup_parent/target/test-classes:/tmp/icst-2019/september-2018/dataset/jsoup_parent/target/classes/:/home/spirals/danglot/.m2/repository/junit/junit/4.12/junit-4.12.jar:/home/spirals/danglot/.m2/repository/org/hamcrest/hamcrest-core/1.3/hamcrest-core-1.3.jar:/home/spirals/danglot/.m2/repository/com/google/code/gson/gson/2.7/gson-2.7.jar:/home/spirals/danglot/.m2/repository/org/eclipse/jetty/jetty-server/9.2.22.v20170606/jetty-server-9.2.22.v20170606.jar:/home/spirals/danglot/.m2/repository/javax/servlet/javax.servlet-api/3.1.0/javax.servlet-api-3.1.0.jar:/home/spirals/danglot/.m2/repository/org/eclipse/jetty/jetty-http/9.2.22.v20170606/jetty-http-9.2.22.v20170606.jar:/home/spirals/danglot/.m2/repository/org/eclipse/jetty/jetty-util/9.2.22.v20170606/jetty-util-9.2.22.v20170606.jar:/home/spirals/danglot/.m2/repository/org/eclipse/jetty/jetty-io/9.2.22.v20170606/jetty-io-9.2.22.v20170606.jar:/home/spirals/danglot/.m2/repository/org/eclipse/jetty/jetty-servlet/9.2.22.v20170606/jetty-servlet-9.2.22.v20170606.jar:/home/spirals/danglot/.m2/repository/org/eclipse/jetty/jetty-security/9.2.22.v20170606/jetty-security-9.2.22.v20170606.jar:/tmp/icst-2019/september-2018/dataset/jsoup_parent/target/dspot/dependencies/:/home/spirals/danglot/.m2/repository/eu/stamp-project/test-runner/1.1.0/test-runner-1.1.0-jar-with-dependencies.jar eu.stamp_project.testrunner.runner.test.TestRunner org.jsoup.nodes.ElementTest testNextElementSiblings_withlog0:testPreviousElementSiblings_withlog0:testNextElementSiblings_withlog1:testPreviousElementSiblings_withlog1:testNextElementSiblings_withlog2:testPreviousElementSiblings_withlog2
File saved to the following path: /tmp/icst-2019/september-2018/dataset/jsoup_parent/target/dspot/observations.ser
File saved to the following path: /tmp/icst-2019/september-2018/dataset/jsoup_parent/target/dspot/TestListener.ser
Loading /tmp/icst-2019/september-2018/dataset/jsoup_parent/target/dspot/TestListener.ser
[INFO] Test has been run: testNextElementSiblings_withlog0(org.jsoup.nodes.ElementTest): null,testNextElementSiblings_withlog1(org.jsoup.nodes.ElementTest): null,testNextElementSiblings_withlog2(org.jsoup.nodes.ElementTest): null,testPreviousElementSiblings_withlog0(org.jsoup.nodes.ElementTest): null,testPreviousElementSiblings_withlog1(org.jsoup.nodes.ElementTest): null,testPreviousElementSiblings_withlog2(org.jsoup.nodes.ElementTest): null
[WARNING] Some instrumented test failed!
[INFO] Generating assertions...
[INFO] 2 new tests with assertions generated
[INFO] Run: java -classpath /tmp/icst-2019/september-2018/dataset/jsoup_parent/target/test-classes:/tmp/icst-2019/september-2018/dataset/jsoup_parent/target/classes/:/home/spirals/danglot/.m2/repository/junit/junit/4.12/junit-4.12.jar:/home/spirals/danglot/.m2/repository/org/hamcrest/hamcrest-core/1.3/hamcrest-core-1.3.jar:/home/spirals/danglot/.m2/repository/com/google/code/gson/gson/2.7/gson-2.7.jar:/home/spirals/danglot/.m2/repository/org/eclipse/jetty/jetty-server/9.2.22.v20170606/jetty-server-9.2.22.v20170606.jar:/home/spirals/danglot/.m2/repository/javax/servlet/javax.servlet-api/3.1.0/javax.servlet-api-3.1.0.jar:/home/spirals/danglot/.m2/repository/org/eclipse/jetty/jetty-http/9.2.22.v20170606/jetty-http-9.2.22.v20170606.jar:/home/spirals/danglot/.m2/repository/org/eclipse/jetty/jetty-util/9.2.22.v20170606/jetty-util-9.2.22.v20170606.jar:/home/spirals/danglot/.m2/repository/org/eclipse/jetty/jetty-io/9.2.22.v20170606/jetty-io-9.2.22.v20170606.jar:/home/spirals/danglot/.m2/repository/org/eclipse/jetty/jetty-servlet/9.2.22.v20170606/jetty-servlet-9.2.22.v20170606.jar:/home/spirals/danglot/.m2/repository/org/eclipse/jetty/jetty-security/9.2.22.v20170606/jetty-security-9.2.22.v20170606.jar:/tmp/icst-2019/september-2018/dataset/jsoup_parent/target/dspot/dependencies/:/home/spirals/danglot/.m2/repository/eu/stamp-project/test-runner/1.1.0/test-runner-1.1.0-jar-with-dependencies.jar eu.stamp_project.testrunner.runner.test.TestRunner org.jsoup.nodes.ElementTest testNextElementSiblings:testPreviousElementSiblings
File saved to the following path: /tmp/icst-2019/september-2018/dataset/jsoup_parent/target/dspot/TestListener.ser
Loading /tmp/icst-2019/september-2018/dataset/jsoup_parent/target/dspot/TestListener.ser
[INFO] Test has been run: testPreviousElementSiblings,testNextElementSiblings
[INFO] Assertion amplification: 2 test method(s) has been successfully amplified.
[WARN] 2018-09-30 16:32:48 Launcher - You specified the directory /tmp/icst-2019/september-2018/dataset/jsoup/target/classes in source classpath, please note that only class files will be considered. Jars and subdirectories will be ignored.
[WARN] 2018-09-30 16:32:48 Launcher - You specified the directory /tmp/icst-2019/september-2018/dataset/jsoup/target/test-classes in source classpath, please note that only class files will be considered. Jars and subdirectories will be ignored.
[WARN] 2018-09-30 16:32:48 Launcher - You specified the directory /tmp/icst-2019/september-2018/dataset/jsoup/target/dspot/dependencies in source classpath, please note that only class files will be considered. Jars and subdirectories will be ignored.
[INFO] Run: java -classpath /tmp/icst-2019/september-2018/dataset/jsoup/target/classes/:/tmp/icst-2019/september-2018/dataset/jsoup/target/test-classes/:/home/spirals/danglot/.m2/repository/junit/junit/4.12/junit-4.12.jar:/home/spirals/danglot/.m2/repository/org/hamcrest/hamcrest-core/1.3/hamcrest-core-1.3.jar:/home/spirals/danglot/.m2/repository/com/google/code/gson/gson/2.7/gson-2.7.jar:/home/spirals/danglot/.m2/repository/org/eclipse/jetty/jetty-server/9.2.22.v20170606/jetty-server-9.2.22.v20170606.jar:/home/spirals/danglot/.m2/repository/javax/servlet/javax.servlet-api/3.1.0/javax.servlet-api-3.1.0.jar:/home/spirals/danglot/.m2/repository/org/eclipse/jetty/jetty-http/9.2.22.v20170606/jetty-http-9.2.22.v20170606.jar:/home/spirals/danglot/.m2/repository/org/eclipse/jetty/jetty-util/9.2.22.v20170606/jetty-util-9.2.22.v20170606.jar:/home/spirals/danglot/.m2/repository/org/eclipse/jetty/jetty-io/9.2.22.v20170606/jetty-io-9.2.22.v20170606.jar:/home/spirals/danglot/.m2/repository/org/eclipse/jetty/jetty-servlet/9.2.22.v20170606/jetty-servlet-9.2.22.v20170606.jar:/home/spirals/danglot/.m2/repository/org/eclipse/jetty/jetty-security/9.2.22.v20170606/jetty-security-9.2.22.v20170606.jar:/tmp/icst-2019/september-2018/dataset/jsoup/target/dspot/dependencies/:/home/spirals/danglot/.m2/repository/eu/stamp-project/test-runner/1.1.0/test-runner-1.1.0-jar-with-dependencies.jar eu.stamp_project.testrunner.runner.test.TestRunner org.jsoup.nodes.ElementTest testNextElementSiblings:testPreviousElementSiblings
File saved to the following path: /tmp/icst-2019/september-2018/dataset/jsoup_parent/target/dspot/TestListener.ser
Loading /tmp/icst-2019/september-2018/dataset/jsoup_parent/target/dspot/TestListener.ser
[INFO] Test has been run: testPreviousElementSiblings,testNextElementSiblings
[INFO] 0 amplified test methods has been selected to be kept. (global: 0)
[INFO] Applying Input-amplification and Assertion-amplification test by test.
[INFO] Amplification of testNextElementSiblings, (1/2)
[INFO] iteration 0 / 3
[INFO] 1 tests selected to be amplified over 1 available tests
[INFO] Amplification of inputs...
100% |================================================== ]/
[INFO] 207 new tests generated
[WARNING] Too many tests have been generated: 207
[INFO] Number of generated test reduced to 200
[INFO] Run tests. (200)
[INFO] Run: java -classpath /tmp/icst-2019/september-2018/dataset/jsoup_parent/target/test-classes:/tmp/icst-2019/september-2018/dataset/jsoup_parent/target/classes/:/home/spirals/danglot/.m2/repository/junit/junit/4.12/junit-4.12.jar:/home/spirals/danglot/.m2/repository/org/hamcrest/hamcrest-core/1.3/hamcrest-core-1.3.jar:/home/spirals/danglot/.m2/repository/com/google/code/gson/gson/2.7/gson-2.7.jar:/home/spirals/danglot/.m2/repository/org/eclipse/jetty/jetty-server/9.2.22.v20170606/jetty-server-9.2.22.v20170606.jar:/home/spirals/danglot/.m2/repository/javax/servlet/javax.servlet-api/3.1.0/javax.servlet-api-3.1.0.jar:/home/spirals/danglot/.m2/repository/org/eclipse/jetty/jetty-http/9.2.22.v20170606/jetty-http-9.2.22.v20170606.jar:/home/spirals/danglot/.m2/repository/org/eclipse/jetty/jetty-util/9.2.22.v20170606/jetty-util-9.2.22.v20170606.jar:/home/spirals/danglot/.m2/repository/org/eclipse/jetty/jetty-io/9.2.22.v20170606/jetty-io-9.2.22.v20170606.jar:/home/spirals/danglot/.m2/repository/org/eclipse/jetty/jetty-servlet/9.2.22.v20170606/jetty-servlet-9.2.22.v20170606.jar:/home/spirals/danglot/.m2/repository/org/eclipse/jetty/jetty-security/9.2.22.v20170606/jetty-security-9.2.22.v20170606.jar:/tmp/icst-2019/september-2018/dataset/jsoup_parent/target/dspot/dependencies/:/home/spirals/danglot/.m2/repository/eu/stamp-project/test-runner/1.1.0/test-runner-1.1.0-jar-with-dependencies.jar eu.stamp_project.testrunner.runner.test.TestRunner org.jsoup.nodes.ElementTest testNextElementSiblings_mg174:testNextElementSiblings_mg96:testNextElementSiblings_mg157:testNextElementSiblings_mg160:testNextElementSiblings_mg82:testNextElementSiblings_mg79:testNextElementSiblings_mg134:testNextElementSiblings_mg78:testNextElementSiblings_mg56:testNextElementSiblings_mg156:testNextElementSiblings_mg80:testNextElementSiblings_mg158:testNextElementSiblings_mg159:testNextElementSiblings_mg81:testNextElementSiblings_mg155:testNextElementSiblings_mg77:testNextElementSiblingsnull205:testNextElementSiblings_mg55:testNextElementSiblings_mg133:testNextElementSiblings_mg175:testNextElementSiblings_mg41:testNextElementSiblings_mg97:testNextElementSiblings_mg143:testNextElementSiblings_mg65:testNextElementSiblings_mg132:testNextElementSiblings_mg54:testNextElementSiblingsnull207:testNextElementSiblingsnull206:testNextElementSiblings_literalMutationString1:testNextElementSiblings_literalMutationString8:testNextElementSiblings_literalMutationString13:testNextElementSiblings_mg76:testNextElementSiblings_mg166:testNextElementSiblings_mg88:testNextElementSiblings_mg154:testNextElementSiblings_mg35:testNextElementSiblings_mg31:testNextElementSiblings_mg167:testNextElementSiblings_mg33:testNextElementSiblings_mg45:testNextElementSiblings_mg95:testNextElementSiblings_mg42:testNextElementSiblings_mg89:testNextElementSiblings_mg173:testNextElementSiblings_mg32:testNextElementSiblings_mg116:testNextElementSiblings_mg123:testNextElementSiblings_mg37:testNextElementSiblings_mg201:testNextElementSiblings_mg68:testNextElementSiblings_mg194:testNextElementSiblings_mg36:testNextElementSiblings_mg93:testNextElementSiblings_mg119:testNextElementSiblings_mg146:testNextElementSiblings_mg39:testNextElementSiblings_mg66:testNextElementSiblings_mg171:testNextElementSiblings_mg38:testNextElementSiblings_mg197:testNextElementSiblings_mg72:testNextElementSiblings_mg43:testNextElementSiblings_mg144:testNextElementSiblings_mg150:testNextElementSiblings_mg104:testNextElementSiblings_mg58:testNextElementSiblings_mg70:testNextElementSiblings_mg117:testNextElementSiblings_mg182:testNextElementSiblings_mg103:testNextElementSiblings_mg195:testNextElementSiblings_mg105:testNextElementSiblings_mg136:testNextElementSiblings_mg62:testNextElementSiblings_literalMutationString22:testNextElementSiblings_mg148:testNextElementSiblings_mg102:testNextElementSiblings_literalMutationString19:testNextElementSiblings_mg181:testNextElementSiblings_mg183:testNextElementSiblings_mg180:testNextElementSiblings_literalMutationString24:testNextElementSiblings_literalMutationString21:testNextElementSiblings_mg63:testNextElementSiblings_mg69:testNextElementSiblings_mg140:testNextElementSiblings_mg168:testNextElementSiblings_mg90:testNextElementSiblings_literalMutationString6:testNextElementSiblings_literalMutationString2:testNextElementSiblings_mg121:testNextElementSiblings_mg125:testNextElementSiblings_mg141:testNextElementSiblings_mg147:testNextElementSiblings_literalMutationString7:testNextElementSiblings_mg64:testNextElementSiblings_mg169:testNextElementSiblings_literalMutationString18:testNextElementSiblings_literalMutationString4:testNextElementSiblings_mg203:testNextElementSiblings_mg199:testNextElementSiblings_literalMutationString16:testNextElementSiblings_mg40:testNextElementSiblings_mg57:testNextElementSiblings_mg161:testNextElementSiblings_literalMutationString10:testNextElementSiblings_mg142:testNextElementSiblings_literalMutationString11:testNextElementSiblings_literalMutationString12:testNextElementSiblings_mg67:testNextElementSiblings_literalMutationString17:testNextElementSiblings_literalMutationString14:testNextElementSiblings_mg135:testNextElementSiblings_literalMutationString5:testNextElementSiblings_add26:testNextElementSiblings_mg83:testNextElementSiblings_add29:testNextElementSiblings_mg145:testNextElementSiblings_mg114:testNextElementSiblings_mg61:testNextElementSiblings_add28:testNextElementSiblings_mg192:testNextElementSiblings_mg139:testNextElementSiblings_literalMutationString3:testNextElementSiblings_literalMutationString9:testNextElementSiblings_mg91:testNextElementSiblings_literalMutationString15:testNextElementSiblings_mg200:testNextElementSiblings_mg115:testNextElementSiblings_mg189:testNextElementSiblings_mg193:testNextElementSiblings_mg185:testNextElementSiblings_mg191:testNextElementSiblings_mg111:testNextElementSiblings_mg113:testNextElementSiblings_mg99:testNextElementSiblings_mg165:testNextElementSiblings_mg87:testNextElementSiblings_mg100:testNextElementSiblings_mg153:testNextElementSiblings_mg75:testNextElementSiblings_mg71:testNextElementSiblings_mg177:testNextElementSiblings_mg178:testNextElementSiblings_mg73:testNextElementSiblings_mg122:testNextElementSiblings_mg47:testNextElementSiblings_mg101:testNextElementSiblings_mg130:testNextElementSiblings_mg149:testNextElementSiblings_add27:testNextElementSiblings_mg151:testNextElementSiblings_mg107:testNextElementSiblings_mg127:testNextElementSiblings_mg179:testNextElementSiblings_add30:testNextElementSiblings_mg52:testNextElementSiblings_mg92:testNextElementSiblings_mg49:testNextElementSiblings_mg170:testNextElementSiblings_mg109:testNextElementSiblings_mg186:testNextElementSiblings_mg187:testNextElementSiblings_mg190:testNextElementSiblings_mg110:testNextElementSiblings_mg188:testNextElementSiblings_mg112:testNextElementSiblings_mg176:testNextElementSiblings_literalMutationString20:testNextElementSiblings_literalMutationString23:testNextElementSiblings_mg34:testNextElementSiblings_mg196:testNextElementSiblings_mg131:testNextElementSiblings_mg118:testNextElementSiblings_mg152:testNextElementSiblings_mg108:testNextElementSiblings_mg74:testNextElementSiblings_mg98:testNextElementSiblings_mg184:testNextElementSiblings_mg163:testNextElementSiblings_mg53:testNextElementSiblings_mg85:testNextElementSiblings_mg204:testNextElementSiblings_mg137:testNextElementSiblings_mg128:testNextElementSiblings_mg202:testNextElementSiblings_mg172:testNextElementSiblings_mg106:testNextElementSiblings_mg59:testNextElementSiblings_mg50:testNextElementSiblings_mg120:testNextElementSiblings_mg124:testNextElementSiblings_mg164:testNextElementSiblings_mg94:testNextElementSiblings_mg86:testNextElementSiblings_mg198:testNextElementSiblings_mg162:testNextElementSiblings_mg51:testNextElementSiblings_mg129:testNextElementSiblings_mg126
File saved to the following path: /tmp/icst-2019/september-2018/dataset/jsoup_parent/target/dspot/TestListener.ser
Loading /tmp/icst-2019/september-2018/dataset/jsoup_parent/target/dspot/TestListener.ser
[INFO] Test has been run: testNextElementSiblings_literalMutationString7,testNextElementSiblings_literalMutationString8,testNextElementSiblings_literalMutationString9,testNextElementSiblings_literalMutationString11,testNextElementSiblings_literalMutationString12,testNextElementSiblings_literalMutationString16,testNextElementSiblings_literalMutationString17,testNextElementSiblings_add26,testNextElementSiblings_add27,testNextElementSiblings_add28,testNextElementSiblings_add29,testNextElementSiblings_add30,testNextElementSiblings_mg100,testNextElementSiblings_mg101,testNextElementSiblings_mg102,testNextElementSiblings_mg103,testNextElementSiblings_mg104,testNextElementSiblings_mg105,testNextElementSiblings_mg106,testNextElementSiblings_mg107,testNextElementSiblings_mg108,testNextElementSiblings_mg109,testNextElementSiblings_mg110,testNextElementSiblings_mg111,testNextElementSiblings_mg114,testNextElementSiblings_mg115,testNextElementSiblings_mg116,testNextElementSiblings_mg117,testNextElementSiblings_mg118,testNextElementSiblings_mg119,testNextElementSiblings_mg120,testNextElementSiblings_mg121,testNextElementSiblings_mg122,testNextElementSiblings_mg123,testNextElementSiblings_mg124,testNextElementSiblings_mg125,testNextElementSiblings_mg126,testNextElementSiblings_mg127,testNextElementSiblings_mg128,testNextElementSiblings_mg129,testNextElementSiblings_mg130,testNextElementSiblings_mg131,testNextElementSiblings_mg132,testNextElementSiblings_mg133,testNextElementSiblings_mg134,testNextElementSiblings_mg135,testNextElementSiblings_mg136,testNextElementSiblings_mg137,testNextElementSiblings_mg139,testNextElementSiblings_mg140,testNextElementSiblings_mg141,testNextElementSiblings_mg142,testNextElementSiblings_mg143,testNextElementSiblings_mg144,testNextElementSiblings_mg145,testNextElementSiblings_mg146,testNextElementSiblings_mg147,testNextElementSiblings_mg148,testNextElementSiblings_mg149,testNextElementSiblings_mg150,testNextElementSiblings_mg151,testNextElementSiblings_mg152,testNextElementSiblings_mg153,testNextElementSiblings_mg154,testNextElementSiblings_mg155,testNextElementSiblings_mg156,testNextElementSiblings_mg157,testNextElementSiblings_mg159,testNextElementSiblings_mg160,testNextElementSiblings_mg161,testNextElementSiblings_mg162,testNextElementSiblings_mg163,testNextElementSiblings_mg164,testNextElementSiblings_mg165,testNextElementSiblings_mg166,testNextElementSiblings_mg167,testNextElementSiblings_mg170,testNextElementSiblings_mg171,testNextElementSiblings_mg172,testNextElementSiblings_mg173,testNextElementSiblings_mg177,testNextElementSiblings_mg178,testNextElementSiblings_mg179,testNextElementSiblings_mg180,testNextElementSiblings_mg181,testNextElementSiblings_mg182,testNextElementSiblings_mg183,testNextElementSiblings_mg184,testNextElementSiblings_mg185,testNextElementSiblings_mg186,testNextElementSiblings_mg187,testNextElementSiblings_mg188,testNextElementSiblings_mg189,testNextElementSiblings_mg192,testNextElementSiblings_mg193,testNextElementSiblings_mg194,testNextElementSiblings_mg195,testNextElementSiblings_mg196,testNextElementSiblings_mg197,testNextElementSiblings_mg198,testNextElementSiblings_mg199,testNextElementSiblings_mg200,testNextElementSiblings_mg201,testNextElementSiblings_mg202,testNextElementSiblings_mg203,testNextElementSiblings_mg204,testNextElementSiblings_mg31,testNextElementSiblings_mg32,testNextElementSiblings_mg33,testNextElementSiblings_mg34,testNextElementSiblings_mg35,testNextElementSiblings_mg36,testNextElementSiblings_mg37,testNextElementSiblings_mg38,testNextElementSiblings_mg39,testNextElementSiblings_mg40,testNextElementSiblings_mg41,testNextElementSiblings_mg42,testNextElementSiblings_mg43,testNextElementSiblings_mg45,testNextElementSiblings_mg47,testNextElementSiblings_mg49,testNextElementSiblings_mg50,testNextElementSiblings_mg51,testNextElementSiblings_mg52,testNextElementSiblings_mg53,testNextElementSiblings_mg54,testNextElementSiblings_mg55,testNextElementSiblings_mg56,testNextElementSiblings_mg57,testNextElementSiblings_mg58,testNextElementSiblings_mg59,testNextElementSiblings_mg61,testNextElementSiblings_mg62,testNextElementSiblings_mg63,testNextElementSiblings_mg64,testNextElementSiblings_mg65,testNextElementSiblings_mg66,testNextElementSiblings_mg67,testNextElementSiblings_mg68,testNextElementSiblings_mg69,testNextElementSiblings_mg70,testNextElementSiblings_mg71,testNextElementSiblings_mg72,testNextElementSiblings_mg73,testNextElementSiblings_mg74,testNextElementSiblings_mg75,testNextElementSiblings_mg76,testNextElementSiblings_mg77,testNextElementSiblings_mg78,testNextElementSiblings_mg79,testNextElementSiblings_mg81,testNextElementSiblings_mg82,testNextElementSiblings_mg83,testNextElementSiblings_mg85,testNextElementSiblings_mg86,testNextElementSiblings_mg87,testNextElementSiblings_mg88,testNextElementSiblings_mg89,testNextElementSiblings_mg92,testNextElementSiblings_mg93,testNextElementSiblings_mg94,testNextElementSiblings_mg95,testNextElementSiblings_mg99,testNextElementSiblings_literalMutationString1(org.jsoup.nodes.ElementTest): null,testNextElementSiblings_literalMutationString2(org.jsoup.nodes.ElementTest): null,testNextElementSiblings_literalMutationString3(org.jsoup.nodes.ElementTest): null,testNextElementSiblings_literalMutationString4(org.jsoup.nodes.ElementTest): null,testNextElementSiblings_literalMutationString5(org.jsoup.nodes.ElementTest): null,testNextElementSiblings_literalMutationString6(org.jsoup.nodes.ElementTest): null,testNextElementSiblings_literalMutationString10(org.jsoup.nodes.ElementTest): null,testNextElementSiblings_literalMutationString13(org.jsoup.nodes.ElementTest): null,testNextElementSiblings_literalMutationString14(org.jsoup.nodes.ElementTest): null,testNextElementSiblings_literalMutationString15(org.jsoup.nodes.ElementTest): null,testNextElementSiblings_literalMutationString18(org.jsoup.nodes.ElementTest): null,testNextElementSiblings_literalMutationString19(org.jsoup.nodes.ElementTest): String must not be empty,testNextElementSiblings_literalMutationString20(org.jsoup.nodes.ElementTest): null,testNextElementSiblings_literalMutationString21(org.jsoup.nodes.ElementTest): null,testNextElementSiblings_literalMutationString22(org.jsoup.nodes.ElementTest): String must not be empty,testNextElementSiblings_literalMutationString23(org.jsoup.nodes.ElementTest): null,testNextElementSiblings_literalMutationString24(org.jsoup.nodes.ElementTest): null,testNextElementSiblings_mg112(org.jsoup.nodes.ElementTest): Could not parse query 'z&T&5+;N4Sb)kE+#PmjF': unexpected token at '&T&5+;N4Sb)kE+#PmjF',testNextElementSiblings_mg113(org.jsoup.nodes.ElementTest): Could not parse query '|_k>]VY+z,lI:lZE.`#n': unexpected token at '|_k>]VY+z,lI:lZE.`#n',testNextElementSiblings_mg158(org.jsoup.nodes.ElementTest): Pattern syntax error: ^$;H)9+6W)!j:/P:z`|.,testNextElementSiblings_mg168(org.jsoup.nodes.ElementTest): Pattern syntax error: yMN`s;U{R IF%j!9gwX1,testNextElementSiblings_mg169(org.jsoup.nodes.ElementTest): Pattern syntax error: [[en#R7RXkugQ}vhH&a[,testNextElementSiblings_mg174(org.jsoup.nodes.ElementTest): Insert position out of bounds.,testNextElementSiblings_mg175(org.jsoup.nodes.ElementTest): Insert position out of bounds.,testNextElementSiblings_mg176(org.jsoup.nodes.ElementTest): Could not parse query 'mVFwF=EcyHGP}8hoa-J!': unexpected token at '=EcyHGP}8hoa-J!',testNextElementSiblings_mg190(org.jsoup.nodes.ElementTest): Conversion = ''',testNextElementSiblings_mg191(org.jsoup.nodes.ElementTest): Could not parse query 'nuEff!%1UO!ZP#i,szdF': unexpected token at '!%1UO!ZP#i,szdF',testNextElementSiblingsnull205(org.jsoup.nodes.ElementTest): null,testNextElementSiblingsnull206(org.jsoup.nodes.ElementTest): String must not be empty,testNextElementSiblingsnull207(org.jsoup.nodes.ElementTest): String must not be empty,testNextElementSiblings_mg80(org.jsoup.nodes.ElementTest): Pattern syntax error: )<4oK[>Va&1`i[aMe!@y,testNextElementSiblings_mg90(org.jsoup.nodes.ElementTest): Pattern syntax error: l<xJgehgad?HCt1H=N6{,testNextElementSiblings_mg91(org.jsoup.nodes.ElementTest): Pattern syntax error: +DN-eV8<Or;(?xw0]W#n,testNextElementSiblings_mg96(org.jsoup.nodes.ElementTest): Insert position out of bounds.,testNextElementSiblings_mg97(org.jsoup.nodes.ElementTest): Insert position out of bounds.,testNextElementSiblings_mg98(org.jsoup.nodes.ElementTest): Could not parse query 'w]f4QDhB+ _ 2&pb?56T': unexpected token at ']f4QDhB+ _ 2&pb?56T'
[INFO] 164 test pass, generating assertion...
[INFO] Add observations points in passing tests.
[INFO] Instrumentation...
  0% | ]/  1% | ]-  1% | ]\  2% |= ]|  3% |= ]/  3% |= ]-  4% |== ]\  4% |== ]|  5% |== ]/  6% |=== ]-  6% |=== ]\  7% |=== ]|  7% |=== ]/  8% |==== ]-  9% |==== ]\  9% |==== ]| 10% |===== ]/ 10% |===== ]- 11% |===== ]\ 12% |====== ]| 12% |====== ]/ 13% |====== ]- 14% |======= ]\ 14% |======= ]| 15% |======= ]/ 15% |======= ]- 16% |======== ]\ 17% |======== ]| 17% |======== ]/ 18% |========= ]- 18% |========= ]\ 19% |========= ]| 20% |========== ]/ 20% |========== ]- 21% |========== ]\ 21% |========== ]| 22% |=========== ]/ 23% |=========== ]- 23% |=========== ]\ 24% |============ ]| 25% |============ ]/ 25% |============ ]- 26% |============= ]\ 26% |============= ]| 27% |============= ]/ 28% |============== ]- 28% |============== ]\ 29% |============== ]| 29% |============== ]/ 30% |=============== ]- 31% |=============== ]\ 31% |=============== ]| 32% |================ ]/ 32% |================ ]- 33% |================ ]\ 34% |================= ]| 34% |================= ]/ 35% |================= ]- 35% |================= ]\ 36% |================== ]| 37% |================== ]/ 37% |================== ]- 38% |=================== ]\ 39% |=================== ]| 39% |=================== ]/ 40% |==================== ]- 40% |==================== ]\ 41% |==================== ]| 42% |===================== ]/ 42% |===================== ]- 43% |===================== ]\ 43% |===================== ]| 44% |====================== ]/ 45% |====================== ]- 45% |====================== ]\ 46% |======================= ]| 46% |======================= ]/ 47% |======================= ]- 48% |======================== ]\ 48% |======================== ]| 49% |======================== ]/ 50% |========================= ]- 50% |========================= ]\ 51% |========================= ]| 51% |========================= ]/ 52% |========================== ]- 53% |========================== ]\ 53% |========================== ]| 54% |=========================== ]/ 54% |=========================== ]- 55% |=========================== ]\ 56% |============================ ]| 56% |============================ ]/ 57% |============================ ]- 57% |============================ ]\ 58% |============================= ]| 59% |============================= ]/ 59% |============================= ]- 60% |============================== ]\ 60% |============================== ]| 61% |============================== ]/ 62% |=============================== ]- 62% |=============================== ]\ 63% |=============================== ]| 64% |================================ ]/ 64% |================================ ]- 65% |================================ ]\ 65% |================================ ]| 66% |================================= ]/ 67% |================================= ]- 67% |================================= ]\ 68% |================================== ]| 68% |================================== ]/ 69% |================================== ]- 70% |=================================== ]\ 70% |=================================== ]| 71% |=================================== ]/ 71% |=================================== ]- 72% |==================================== ]\ 73% |==================================== ]| 73% |==================================== ]/ 74% |===================================== ]- 75% |===================================== ]\ 75% |===================================== ]| 76% |====================================== ]/ 76% |====================================== ]- 77% |====================================== ]\ 78% |======================================= ]| 78% |======================================= ]/ 79% |======================================= ]- 79% |======================================= ]\ 80% |======================================== ]| 81% |======================================== ]/ 81% |======================================== ]- 82% |========================================= ]\ 82% |========================================= ]| 83% |========================================= ]/ 84% |========================================== ]- 84% |========================================== ]\ 85% |========================================== ]| 85% |========================================== ]/ 86% |=========================================== ]- 87% |=========================================== ]\ 87% |=========================================== ]| 88% |============================================ ]/ 89% |============================================ ]- 89% |============================================ ]\ 90% |============================================= ]| 90% |============================================= ]/ 91% |============================================= ]- 92% |============================================== ]\ 92% |============================================== ]| 93% |============================================== ]/ 93% |============================================== ]- 94% |=============================================== ]\ 95% |=============================================== ]| 95% |=============================================== ]/ 96% |================================================ ]- 96% |================================================ ]\ 97% |================================================ ]| 98% |================================================= ]/ 98% |================================================= ]- 99% |================================================= ]\100% |================================================== ]|
[INFO] Run instrumented tests. (492)
[INFO] Run: java -classpath /tmp/icst-2019/september-2018/dataset/jsoup_parent/target/test-classes:/tmp/icst-2019/september-2018/dataset/jsoup_parent/target/classes/:/home/spirals/danglot/.m2/repository/junit/junit/4.12/junit-4.12.jar:/home/spirals/danglot/.m2/repository/org/hamcrest/hamcrest-core/1.3/hamcrest-core-1.3.jar:/home/spirals/danglot/.m2/repository/com/google/code/gson/gson/2.7/gson-2.7.jar:/home/spirals/danglot/.m2/repository/org/eclipse/jetty/jetty-server/9.2.22.v20170606/jetty-server-9.2.22.v20170606.jar:/home/spirals/danglot/.m2/repository/javax/servlet/javax.servlet-api/3.1.0/javax.servlet-api-3.1.0.jar:/home/spirals/danglot/.m2/repository/org/eclipse/jetty/jetty-http/9.2.22.v20170606/jetty-http-9.2.22.v20170606.jar:/home/spirals/danglot/.m2/repository/org/eclipse/jetty/jetty-util/9.2.22.v20170606/jetty-util-9.2.22.v20170606.jar:/home/spirals/danglot/.m2/repository/org/eclipse/jetty/jetty-io/9.2.22.v20170606/jetty-io-9.2.22.v20170606.jar:/home/spirals/danglot/.m2/repository/org/eclipse/jetty/jetty-servlet/9.2.22.v20170606/jetty-servlet-9.2.22.v20170606.jar:/home/spirals/danglot/.m2/repository/org/eclipse/jetty/jetty-security/9.2.22.v20170606/jetty-security-9.2.22.v20170606.jar:/tmp/icst-2019/september-2018/dataset/jsoup_parent/target/dspot/dependencies/:/home/spirals/danglot/.m2/repository/eu/stamp-project/test-runner/1.1.0/test-runner-1.1.0-jar-with-dependencies.jar eu.stamp_project.testrunner.runner.test.TestRunner org.jsoup.nodes.ElementTest testNextElementSiblings_mg157_withlog0:testNextElementSiblings_mg160_withlog0:testNextElementSiblings_mg82_withlog0:testNextElementSiblings_mg79_withlog0:testNextElementSiblings_mg134_withlog0:testNextElementSiblings_mg78_withlog0:testNextElementSiblings_mg56_withlog0:testNextElementSiblings_mg156_withlog0:testNextElementSiblings_mg159_withlog0:testNextElementSiblings_mg81_withlog0:testNextElementSiblings_mg155_withlog0:testNextElementSiblings_mg77_withlog0:testNextElementSiblings_mg55_withlog0:testNextElementSiblings_mg133_withlog0:testNextElementSiblings_mg41_withlog0:testNextElementSiblings_mg143_withlog0:testNextElementSiblings_mg65_withlog0:testNextElementSiblings_mg132_withlog0:testNextElementSiblings_mg54_withlog0:testNextElementSiblings_literalMutationString8_withlog0:testNextElementSiblings_mg76_withlog0:testNextElementSiblings_mg166_withlog0:testNextElementSiblings_mg88_withlog0:testNextElementSiblings_mg154_withlog0:testNextElementSiblings_mg35_withlog0:testNextElementSiblings_mg31_withlog0:testNextElementSiblings_mg167_withlog0:testNextElementSiblings_mg33_withlog0:testNextElementSiblings_mg45_withlog0:testNextElementSiblings_mg95_withlog0:testNextElementSiblings_mg42_withlog0:testNextElementSiblings_mg89_withlog0:testNextElementSiblings_mg173_withlog0:testNextElementSiblings_mg32_withlog0:testNextElementSiblings_mg116_withlog0:testNextElementSiblings_mg123_withlog0:testNextElementSiblings_mg37_withlog0:testNextElementSiblings_mg201_withlog0:testNextElementSiblings_mg68_withlog0:testNextElementSiblings_mg194_withlog0:testNextElementSiblings_mg36_withlog0:testNextElementSiblings_mg93_withlog0:testNextElementSiblings_mg119_withlog0:testNextElementSiblings_mg146_withlog0:testNextElementSiblings_mg39_withlog0:testNextElementSiblings_mg66_withlog0:testNextElementSiblings_mg171_withlog0:testNextElementSiblings_mg38_withlog0:testNextElementSiblings_mg197_withlog0:testNextElementSiblings_mg72_withlog0:testNextElementSiblings_mg43_withlog0:testNextElementSiblings_mg144_withlog0:testNextElementSiblings_mg150_withlog0:testNextElementSiblings_mg104_withlog0:testNextElementSiblings_mg58_withlog0:testNextElementSiblings_mg70_withlog0:testNextElementSiblings_mg117_withlog0:testNextElementSiblings_mg182_withlog0:testNextElementSiblings_mg103_withlog0:testNextElementSiblings_mg195_withlog0:testNextElementSiblings_mg105_withlog0:testNextElementSiblings_mg136_withlog0:testNextElementSiblings_mg62_withlog0:testNextElementSiblings_mg148_withlog0:testNextElementSiblings_mg102_withlog0:testNextElementSiblings_mg181_withlog0:testNextElementSiblings_mg183_withlog0:testNextElementSiblings_mg180_withlog0:testNextElementSiblings_mg63_withlog0:testNextElementSiblings_mg69_withlog0:testNextElementSiblings_mg140_withlog0:testNextElementSiblings_mg121_withlog0:testNextElementSiblings_mg125_withlog0:testNextElementSiblings_mg141_withlog0:testNextElementSiblings_mg147_withlog0:testNextElementSiblings_literalMutationString7_withlog0:testNextElementSiblings_mg64_withlog0:testNextElementSiblings_mg203_withlog0:testNextElementSiblings_mg199_withlog0:testNextElementSiblings_literalMutationString16_withlog0:testNextElementSiblings_mg40_withlog0:testNextElementSiblings_mg57_withlog0:testNextElementSiblings_mg161_withlog0:testNextElementSiblings_mg142_withlog0:testNextElementSiblings_literalMutationString11_withlog0:testNextElementSiblings_literalMutationString12_withlog0:testNextElementSiblings_mg67_withlog0:testNextElementSiblings_literalMutationString17_withlog0:testNextElementSiblings_mg135_withlog0:testNextElementSiblings_add26_withlog0:testNextElementSiblings_mg83_withlog0:testNextElementSiblings_add29_withlog0:testNextElementSiblings_mg145_withlog0:testNextElementSiblings_mg114_withlog0:testNextElementSiblings_mg61_withlog0:testNextElementSiblings_add28_withlog0:testNextElementSiblings_mg192_withlog0:testNextElementSiblings_mg139_withlog0:testNextElementSiblings_literalMutationString9_withlog0:testNextElementSiblings_mg200_withlog0:testNextElementSiblings_mg115_withlog0:testNextElementSiblings_mg189_withlog0:testNextElementSiblings_mg193_withlog0:testNextElementSiblings_mg185_withlog0:testNextElementSiblings_mg111_withlog0:testNextElementSiblings_mg99_withlog0:testNextElementSiblings_mg165_withlog0:testNextElementSiblings_mg87_withlog0:testNextElementSiblings_mg100_withlog0:testNextElementSiblings_mg153_withlog0:testNextElementSiblings_mg75_withlog0:testNextElementSiblings_mg71_withlog0:testNextElementSiblings_mg177_withlog0:testNextElementSiblings_mg178_withlog0:testNextElementSiblings_mg73_withlog0:testNextElementSiblings_mg122_withlog0:testNextElementSiblings_mg47_withlog0:testNextElementSiblings_mg101_withlog0:testNextElementSiblings_mg130_withlog0:testNextElementSiblings_mg149_withlog0:testNextElementSiblings_add27_withlog0:testNextElementSiblings_mg151_withlog0:testNextElementSiblings_mg107_withlog0:testNextElementSiblings_mg127_withlog0:testNextElementSiblings_mg179_withlog0:testNextElementSiblings_add30_withlog0:testNextElementSiblings_mg52_withlog0:testNextElementSiblings_mg92_withlog0:testNextElementSiblings_mg49_withlog0:testNextElementSiblings_mg170_withlog0:testNextElementSiblings_mg109_withlog0:testNextElementSiblings_mg186_withlog0:testNextElementSiblings_mg187_withlog0:testNextElementSiblings_mg110_withlog0:testNextElementSiblings_mg188_withlog0:testNextElementSiblings_mg34_withlog0:testNextElementSiblings_mg196_withlog0:testNextElementSiblings_mg131_withlog0:testNextElementSiblings_mg118_withlog0:testNextElementSiblings_mg152_withlog0:testNextElementSiblings_mg108_withlog0:testNextElementSiblings_mg74_withlog0:testNextElementSiblings_mg184_withlog0:testNextElementSiblings_mg163_withlog0:testNextElementSiblings_mg53_withlog0:testNextElementSiblings_mg85_withlog0:testNextElementSiblings_mg204_withlog0:testNextElementSiblings_mg137_withlog0:testNextElementSiblings_mg128_withlog0:testNextElementSiblings_mg202_withlog0:testNextElementSiblings_mg172_withlog0:testNextElementSiblings_mg106_withlog0:testNextElementSiblings_mg59_withlog0:testNextElementSiblings_mg50_withlog0:testNextElementSiblings_mg120_withlog0:testNextElementSiblings_mg124_withlog0:testNextElementSiblings_mg164_withlog0:testNextElementSiblings_mg94_withlog0:testNextElementSiblings_mg86_withlog0:testNextElementSiblings_mg198_withlog0:testNextElementSiblings_mg162_withlog0:testNextElementSiblings_mg51_withlog0:testNextElementSiblings_mg129_withlog0:testNextElementSiblings_mg126_withlog0:testNextElementSiblings_mg157_withlog1:testNextElementSiblings_mg160_withlog1:testNextElementSiblings_mg82_withlog1:testNextElementSiblings_mg79_withlog1:testNextElementSiblings_mg134_withlog1:testNextElementSiblings_mg78_withlog1:testNextElementSiblings_mg56_withlog1:testNextElementSiblings_mg156_withlog1:testNextElementSiblings_mg159_withlog1:testNextElementSiblings_mg81_withlog1:testNextElementSiblings_mg155_withlog1:testNextElementSiblings_mg77_withlog1:testNextElementSiblings_mg55_withlog1:testNextElementSiblings_mg133_withlog1:testNextElementSiblings_mg41_withlog1:testNextElementSiblings_mg143_withlog1:testNextElementSiblings_mg65_withlog1:testNextElementSiblings_mg132_withlog1:testNextElementSiblings_mg54_withlog1:testNextElementSiblings_literalMutationString8_withlog1:testNextElementSiblings_mg76_withlog1:testNextElementSiblings_mg166_withlog1:testNextElementSiblings_mg88_withlog1:testNextElementSiblings_mg154_withlog1:testNextElementSiblings_mg35_withlog1:testNextElementSiblings_mg31_withlog1:testNextElementSiblings_mg167_withlog1:testNextElementSiblings_mg33_withlog1:testNextElementSiblings_mg45_withlog1:testNextElementSiblings_mg95_withlog1:testNextElementSiblings_mg42_withlog1:testNextElementSiblings_mg89_withlog1:testNextElementSiblings_mg173_withlog1:testNextElementSiblings_mg32_withlog1:testNextElementSiblings_mg116_withlog1:testNextElementSiblings_mg123_withlog1:testNextElementSiblings_mg37_withlog1:testNextElementSiblings_mg201_withlog1:testNextElementSiblings_mg68_withlog1:testNextElementSiblings_mg194_withlog1:testNextElementSiblings_mg36_withlog1:testNextElementSiblings_mg93_withlog1:testNextElementSiblings_mg119_withlog1:testNextElementSiblings_mg146_withlog1:testNextElementSiblings_mg39_withlog1:testNextElementSiblings_mg66_withlog1:testNextElementSiblings_mg171_withlog1:testNextElementSiblings_mg38_withlog1:testNextElementSiblings_mg197_withlog1:testNextElementSiblings_mg72_withlog1:testNextElementSiblings_mg43_withlog1:testNextElementSiblings_mg144_withlog1:testNextElementSiblings_mg150_withlog1:testNextElementSiblings_mg104_withlog1:testNextElementSiblings_mg58_withlog1:testNextElementSiblings_mg70_withlog1:testNextElementSiblings_mg117_withlog1:testNextElementSiblings_mg182_withlog1:testNextElementSiblings_mg103_withlog1:testNextElementSiblings_mg195_withlog1:testNextElementSiblings_mg105_withlog1:testNextElementSiblings_mg136_withlog1:testNextElementSiblings_mg62_withlog1:testNextElementSiblings_mg148_withlog1:testNextElementSiblings_mg102_withlog1:testNextElementSiblings_mg181_withlog1:testNextElementSiblings_mg183_withlog1:testNextElementSiblings_mg180_withlog1:testNextElementSiblings_mg63_withlog1:testNextElementSiblings_mg69_withlog1:testNextElementSiblings_mg140_withlog1:testNextElementSiblings_mg121_withlog1:testNextElementSiblings_mg125_withlog1:testNextElementSiblings_mg141_withlog1:testNextElementSiblings_mg147_withlog1:testNextElementSiblings_literalMutationString7_withlog1:testNextElementSiblings_mg64_withlog1:testNextElementSiblings_mg203_withlog1:testNextElementSiblings_mg199_withlog1:testNextElementSiblings_literalMutationString16_withlog1:testNextElementSiblings_mg40_withlog1:testNextElementSiblings_mg57_withlog1:testNextElementSiblings_mg161_withlog1:testNextElementSiblings_mg142_withlog1:testNextElementSiblings_literalMutationString11_withlog1:testNextElementSiblings_literalMutationString12_withlog1:testNextElementSiblings_mg67_withlog1:testNextElementSiblings_literalMutationString17_withlog1:testNextElementSiblings_mg135_withlog1:testNextElementSiblings_add26_withlog1:testNextElementSiblings_mg83_withlog1:testNextElementSiblings_add29_withlog1:testNextElementSiblings_mg145_withlog1:testNextElementSiblings_mg114_withlog1:testNextElementSiblings_mg61_withlog1:testNextElementSiblings_add28_withlog1:testNextElementSiblings_mg192_withlog1:testNextElementSiblings_mg139_withlog1:testNextElementSiblings_literalMutationString9_withlog1:testNextElementSiblings_mg200_withlog1:testNextElementSiblings_mg115_withlog1:testNextElementSiblings_mg189_withlog1:testNextElementSiblings_mg193_withlog1:testNextElementSiblings_mg185_withlog1:testNextElementSiblings_mg111_withlog1:testNextElementSiblings_mg99_withlog1:testNextElementSiblings_mg165_withlog1:testNextElementSiblings_mg87_withlog1:testNextElementSiblings_mg100_withlog1:testNextElementSiblings_mg153_withlog1:testNextElementSiblings_mg75_withlog1:testNextElementSiblings_mg71_withlog1:testNextElementSiblings_mg177_withlog1:testNextElementSiblings_mg178_withlog1:testNextElementSiblings_mg73_withlog1:testNextElementSiblings_mg122_withlog1:testNextElementSiblings_mg47_withlog1:testNextElementSiblings_mg101_withlog1:testNextElementSiblings_mg130_withlog1:testNextElementSiblings_mg149_withlog1:testNextElementSiblings_add27_withlog1:testNextElementSiblings_mg151_withlog1:testNextElementSiblings_mg107_withlog1:testNextElementSiblings_mg127_withlog1:testNextElementSiblings_mg179_withlog1:testNextElementSiblings_add30_withlog1:testNextElementSiblings_mg52_withlog1:testNextElementSiblings_mg92_withlog1:testNextElementSiblings_mg49_withlog1:testNextElementSiblings_mg170_withlog1:testNextElementSiblings_mg109_withlog1:testNextElementSiblings_mg186_withlog1:testNextElementSiblings_mg187_withlog1:testNextElementSiblings_mg110_withlog1:testNextElementSiblings_mg188_withlog1:testNextElementSiblings_mg34_withlog1:testNextElementSiblings_mg196_withlog1:testNextElementSiblings_mg131_withlog1:testNextElementSiblings_mg118_withlog1:testNextElementSiblings_mg152_withlog1:testNextElementSiblings_mg108_withlog1:testNextElementSiblings_mg74_withlog1:testNextElementSiblings_mg184_withlog1:testNextElementSiblings_mg163_withlog1:testNextElementSiblings_mg53_withlog1:testNextElementSiblings_mg85_withlog1:testNextElementSiblings_mg204_withlog1:testNextElementSiblings_mg137_withlog1:testNextElementSiblings_mg128_withlog1:testNextElementSiblings_mg202_withlog1:testNextElementSiblings_mg172_withlog1:testNextElementSiblings_mg106_withlog1:testNextElementSiblings_mg59_withlog1:testNextElementSiblings_mg50_withlog1:testNextElementSiblings_mg120_withlog1:testNextElementSiblings_mg124_withlog1:testNextElementSiblings_mg164_withlog1:testNextElementSiblings_mg94_withlog1:testNextElementSiblings_mg86_withlog1:testNextElementSiblings_mg198_withlog1:testNextElementSiblings_mg162_withlog1:testNextElementSiblings_mg51_withlog1:testNextElementSiblings_mg129_withlog1:testNextElementSiblings_mg126_withlog1:testNextElementSiblings_mg157_withlog2:testNextElementSiblings_mg160_withlog2:testNextElementSiblings_mg82_withlog2:testNextElementSiblings_mg79_withlog2:testNextElementSiblings_mg134_withlog2:testNextElementSiblings_mg78_withlog2:testNextElementSiblings_mg56_withlog2:testNextElementSiblings_mg156_withlog2:testNextElementSiblings_mg159_withlog2:testNextElementSiblings_mg81_withlog2:testNextElementSiblings_mg155_withlog2:testNextElementSiblings_mg77_withlog2:testNextElementSiblings_mg55_withlog2:testNextElementSiblings_mg133_withlog2:testNextElementSiblings_mg41_withlog2:testNextElementSiblings_mg143_withlog2:testNextElementSiblings_mg65_withlog2:testNextElementSiblings_mg132_withlog2:testNextElementSiblings_mg54_withlog2:testNextElementSiblings_literalMutationString8_withlog2:testNextElementSiblings_mg76_withlog2:testNextElementSiblings_mg166_withlog2:testNextElementSiblings_mg88_withlog2:testNextElementSiblings_mg154_withlog2:testNextElementSiblings_mg35_withlog2:testNextElementSiblings_mg31_withlog2:testNextElementSiblings_mg167_withlog2:testNextElementSiblings_mg33_withlog2:testNextElementSiblings_mg45_withlog2:testNextElementSiblings_mg95_withlog2:testNextElementSiblings_mg42_withlog2:testNextElementSiblings_mg89_withlog2:testNextElementSiblings_mg173_withlog2:testNextElementSiblings_mg32_withlog2:testNextElementSiblings_mg116_withlog2:testNextElementSiblings_mg123_withlog2:testNextElementSiblings_mg37_withlog2:testNextElementSiblings_mg201_withlog2:testNextElementSiblings_mg68_withlog2:testNextElementSiblings_mg194_withlog2:testNextElementSiblings_mg36_withlog2:testNextElementSiblings_mg93_withlog2:testNextElementSiblings_mg119_withlog2:testNextElementSiblings_mg146_withlog2:testNextElementSiblings_mg39_withlog2:testNextElementSiblings_mg66_withlog2:testNextElementSiblings_mg171_withlog2:testNextElementSiblings_mg38_withlog2:testNextElementSiblings_mg197_withlog2:testNextElementSiblings_mg72_withlog2:testNextElementSiblings_mg43_withlog2:testNextElementSiblings_mg144_withlog2:testNextElementSiblings_mg150_withlog2:testNextElementSiblings_mg104_withlog2:testNextElementSiblings_mg58_withlog2:testNextElementSiblings_mg70_withlog2:testNextElementSiblings_mg117_withlog2:testNextElementSiblings_mg182_withlog2:testNextElementSiblings_mg103_withlog2:testNextElementSiblings_mg195_withlog2:testNextElementSiblings_mg105_withlog2:testNextElementSiblings_mg136_withlog2:testNextElementSiblings_mg62_withlog2:testNextElementSiblings_mg148_withlog2:testNextElementSiblings_mg102_withlog2:testNextElementSiblings_mg181_withlog2:testNextElementSiblings_mg183_withlog2:testNextElementSiblings_mg180_withlog2:testNextElementSiblings_mg63_withlog2:testNextElementSiblings_mg69_withlog2:testNextElementSiblings_mg140_withlog2:testNextElementSiblings_mg121_withlog2:testNextElementSiblings_mg125_withlog2:testNextElementSiblings_mg141_withlog2:testNextElementSiblings_mg147_withlog2:testNextElementSiblings_literalMutationString7_withlog2:testNextElementSiblings_mg64_withlog2:testNextElementSiblings_mg203_withlog2:testNextElementSiblings_mg199_withlog2:testNextElementSiblings_literalMutationString16_withlog2:testNextElementSiblings_mg40_withlog2:testNextElementSiblings_mg57_withlog2:testNextElementSiblings_mg161_withlog2:testNextElementSiblings_mg142_withlog2:testNextElementSiblings_literalMutationString11_withlog2:testNextElementSiblings_literalMutationString12_withlog2:testNextElementSiblings_mg67_withlog2:testNextElementSiblings_literalMutationString17_withlog2:testNextElementSiblings_mg135_withlog2:testNextElementSiblings_add26_withlog2:testNextElementSiblings_mg83_withlog2:testNextElementSiblings_add29_withlog2:testNextElementSiblings_mg145_withlog2:testNextElementSiblings_mg114_withlog2:testNextElementSiblings_mg61_withlog2:testNextElementSiblings_add28_withlog2:testNextElementSiblings_mg192_withlog2:testNextElementSiblings_mg139_withlog2:testNextElementSiblings_literalMutationString9_withlog2:testNextElementSiblings_mg200_withlog2:testNextElementSiblings_mg115_withlog2:testNextElementSiblings_mg189_withlog2:testNextElementSiblings_mg193_withlog2:testNextElementSiblings_mg185_withlog2:testNextElementSiblings_mg111_withlog2:testNextElementSiblings_mg99_withlog2:testNextElementSiblings_mg165_withlog2:testNextElementSiblings_mg87_withlog2:testNextElementSiblings_mg100_withlog2:testNextElementSiblings_mg153_withlog2:testNextElementSiblings_mg75_withlog2:testNextElementSiblings_mg71_withlog2:testNextElementSiblings_mg177_withlog2:testNextElementSiblings_mg178_withlog2:testNextElementSiblings_mg73_withlog2:testNextElementSiblings_mg122_withlog2:testNextElementSiblings_mg47_withlog2:testNextElementSiblings_mg101_withlog2:testNextElementSiblings_mg130_withlog2:testNextElementSiblings_mg149_withlog2:testNextElementSiblings_add27_withlog2:testNextElementSiblings_mg151_withlog2:testNextElementSiblings_mg107_withlog2:testNextElementSiblings_mg127_withlog2:testNextElementSiblings_mg179_withlog2:testNextElementSiblings_add30_withlog2:testNextElementSiblings_mg52_withlog2:testNextElementSiblings_mg92_withlog2:testNextElementSiblings_mg49_withlog2:testNextElementSiblings_mg170_withlog2:testNextElementSiblings_mg109_withlog2:testNextElementSiblings_mg186_withlog2:testNextElementSiblings_mg187_withlog2:testNextElementSiblings_mg110_withlog2:testNextElementSiblings_mg188_withlog2:testNextElementSiblings_mg34_withlog2:testNextElementSiblings_mg196_withlog2:testNextElementSiblings_mg131_withlog2:testNextElementSiblings_mg118_withlog2:testNextElementSiblings_mg152_withlog2:testNextElementSiblings_mg108_withlog2:testNextElementSiblings_mg74_withlog2:testNextElementSiblings_mg184_withlog2:testNextElementSiblings_mg163_withlog2:testNextElementSiblings_mg53_withlog2:testNextElementSiblings_mg85_withlog2:testNextElementSiblings_mg204_withlog2:testNextElementSiblings_mg137_withlog2:testNextElementSiblings_mg128_withlog2:testNextElementSiblings_mg202_withlog2:testNextElementSiblings_mg172_withlog2:testNextElementSiblings_mg106_withlog2:testNextElementSiblings_mg59_withlog2:testNextElementSiblings_mg50_withlog2:testNextElementSiblings_mg120_withlog2:testNextElementSiblings_mg124_withlog2:testNextElementSiblings_mg164_withlog2:testNextElementSiblings_mg94_withlog2:testNextElementSiblings_mg86_withlog2:testNextElementSiblings_mg198_withlog2:testNextElementSiblings_mg162_withlog2:testNextElementSiblings_mg51_withlog2:testNextElementSiblings_mg129_withlog2:testNextElementSiblings_mg126_withlog2
File saved to the following path: /tmp/icst-2019/september-2018/dataset/jsoup_parent/target/dspot/observations.ser
File saved to the following path: /tmp/icst-2019/september-2018/dataset/jsoup_parent/target/dspot/TestListener.ser
Loading /tmp/icst-2019/september-2018/dataset/jsoup_parent/target/dspot/TestListener.ser
[INFO] Test has been run: testNextElementSiblings_literalMutationString16_withlog0,testNextElementSiblings_literalMutationString16_withlog1,testNextElementSiblings_literalMutationString16_withlog2,testNextElementSiblings_mg180_withlog0(org.jsoup.nodes.ElementTest): null,testNextElementSiblings_mg180_withlog1(org.jsoup.nodes.ElementTest): null,testNextElementSiblings_mg180_withlog2(org.jsoup.nodes.ElementTest): null,testNextElementSiblings_mg132_withlog0(org.jsoup.nodes.ElementTest): null,testNextElementSiblings_mg132_withlog1(org.jsoup.nodes.ElementTest): null,testNextElementSiblings_mg132_withlog2(org.jsoup.nodes.ElementTest): null,testNextElementSiblings_mg51_withlog0(org.jsoup.nodes.ElementTest): null,testNextElementSiblings_mg51_withlog1(org.jsoup.nodes.ElementTest): null,testNextElementSiblings_mg51_withlog2(org.jsoup.nodes.ElementTest): null,testNextElementSiblings_mg179_withlog0(org.jsoup.nodes.ElementTest): null,testNextElementSiblings_mg179_withlog1(org.jsoup.nodes.ElementTest): null,testNextElementSiblings_mg179_withlog2(org.jsoup.nodes.ElementTest): null,testNextElementSiblings_mg155_withlog0(org.jsoup.nodes.ElementTest): null,testNextElementSiblings_mg155_withlog1(org.jsoup.nodes.ElementTest): null,testNextElementSiblings_mg155_withlog2(org.jsoup.nodes.ElementTest): null,testNextElementSiblings_mg74_withlog0(org.jsoup.nodes.ElementTest): null,testNextElementSiblings_mg74_withlog1(org.jsoup.nodes.ElementTest): null,testNextElementSiblings_mg74_withlog2(org.jsoup.nodes.ElementTest): null,testNextElementSiblings_mg107_withlog0(org.jsoup.nodes.ElementTest): null,testNextElementSiblings_mg107_withlog1(org.jsoup.nodes.ElementTest): null,testNextElementSiblings_mg107_withlog2(org.jsoup.nodes.ElementTest): null,testNextElementSiblings_mg131_withlog0(org.jsoup.nodes.ElementTest): null,testNextElementSiblings_mg131_withlog1(org.jsoup.nodes.ElementTest): null,testNextElementSiblings_mg131_withlog2(org.jsoup.nodes.ElementTest): null,testNextElementSiblings_mg50_withlog0(org.jsoup.nodes.ElementTest): null,testNextElementSiblings_mg50_withlog1(org.jsoup.nodes.ElementTest): null,testNextElementSiblings_mg50_withlog2(org.jsoup.nodes.ElementTest): null,testNextElementSiblings_mg178_withlog0(org.jsoup.nodes.ElementTest): null,testNextElementSiblings_mg178_withlog1(org.jsoup.nodes.ElementTest): null,testNextElementSiblings_mg178_withlog2(org.jsoup.nodes.ElementTest): null,testNextElementSiblings_mg49_withlog0(org.jsoup.nodes.ElementTest): null,testNextElementSiblings_mg49_withlog1(org.jsoup.nodes.ElementTest): null,testNextElementSiblings_mg49_withlog2(org.jsoup.nodes.ElementTest): null,testNextElementSiblings_mg154_withlog0(org.jsoup.nodes.ElementTest): null,testNextElementSiblings_mg154_withlog1(org.jsoup.nodes.ElementTest): null,testNextElementSiblings_mg154_withlog2(org.jsoup.nodes.ElementTest): null,testNextElementSiblings_mg73_withlog0(org.jsoup.nodes.ElementTest): null,testNextElementSiblings_mg73_withlog1(org.jsoup.nodes.ElementTest): null,testNextElementSiblings_mg73_withlog2(org.jsoup.nodes.ElementTest): null,testNextElementSiblings_mg106_withlog0(org.jsoup.nodes.ElementTest): null,testNextElementSiblings_mg106_withlog1(org.jsoup.nodes.ElementTest): null,testNextElementSiblings_mg106_withlog2(org.jsoup.nodes.ElementTest): null,testNextElementSiblings_mg130_withlog0(org.jsoup.nodes.ElementTest): null,testNextElementSiblings_mg130_withlog1(org.jsoup.nodes.ElementTest): null,testNextElementSiblings_mg130_withlog2(org.jsoup.nodes.ElementTest): null,testNextElementSiblings_mg177_withlog0(org.jsoup.nodes.ElementTest): null,testNextElementSiblings_mg177_withlog1(org.jsoup.nodes.ElementTest): null,testNextElementSiblings_mg177_withlog2(org.jsoup.nodes.ElementTest): null,testNextElementSiblings_mg129_withlog0(org.jsoup.nodes.ElementTest): null,testNextElementSiblings_mg129_withlog1(org.jsoup.nodes.ElementTest): null,testNextElementSiblings_mg129_withlog2(org.jsoup.nodes.ElementTest): null,testNextElementSiblings_mg153_withlog0(org.jsoup.nodes.ElementTest): null,testNextElementSiblings_mg153_withlog1(org.jsoup.nodes.ElementTest): null,testNextElementSiblings_mg153_withlog2(org.jsoup.nodes.ElementTest): null,testNextElementSiblings_mg72_withlog0(org.jsoup.nodes.ElementTest): null,testNextElementSiblings_mg72_withlog1(org.jsoup.nodes.ElementTest): null,testNextElementSiblings_mg72_withlog2(org.jsoup.nodes.ElementTest): null,testNextElementSiblings_mg105_withlog0(org.jsoup.nodes.ElementTest): null,testNextElementSiblings_mg105_withlog1(org.jsoup.nodes.ElementTest): null,testNextElementSiblings_mg105_withlog2(org.jsoup.nodes.ElementTest): null,testNextElementSiblings_mg95_withlog0(org.jsoup.nodes.ElementTest): null,testNextElementSiblings_mg95_withlog1(org.jsoup.nodes.ElementTest): null,testNextElementSiblings_mg95_withlog2(org.jsoup.nodes.ElementTest): null,testNextElementSiblings_mg128_withlog0(org.jsoup.nodes.ElementTest): null,testNextElementSiblings_mg128_withlog1(org.jsoup.nodes.ElementTest): null,testNextElementSiblings_mg128_withlog2(org.jsoup.nodes.ElementTest): null,testNextElementSiblings_mg47_withlog0(org.jsoup.nodes.ElementTest): null,testNextElementSiblings_mg47_withlog1(org.jsoup.nodes.ElementTest): null,testNextElementSiblings_mg47_withlog2(org.jsoup.nodes.ElementTest): null,testNextElementSiblings_mg152_withlog0(org.jsoup.nodes.ElementTest): null,testNextElementSiblings_mg152_withlog1(org.jsoup.nodes.ElementTest): null,testNextElementSiblings_mg152_withlog2(org.jsoup.nodes.ElementTest): null,testNextElementSiblings_mg71_withlog0(org.jsoup.nodes.ElementTest): null,testNextElementSiblings_mg71_withlog1(org.jsoup.nodes.ElementTest): null,testNextElementSiblings_mg71_withlog2(org.jsoup.nodes.ElementTest): null,testNextElementSiblings_mg104_withlog0(org.jsoup.nodes.ElementTest): null,testNextElementSiblings_mg104_withlog1(org.jsoup.nodes.ElementTest): null,testNextElementSiblings_mg104_withlog2(org.jsoup.nodes.ElementTest): null,testNextElementSiblings_mg199_withlog0(org.jsoup.nodes.ElementTest): null,testNextElementSiblings_mg199_withlog1(org.jsoup.nodes.ElementTest): null,testNextElementSiblings_mg199_withlog2(org.jsoup.nodes.ElementTest): null,testNextElementSiblings_literalMutationString17_withlog0(org.jsoup.nodes.ElementTest): null,testNextElementSiblings_literalMutationString17_withlog1(org.jsoup.nodes.ElementTest): null,testNextElementSiblings_literalMutationString17_withlog2(org.jsoup.nodes.ElementTest): null,testNextElementSiblings_mg94_withlog0(org.jsoup.nodes.ElementTest): null,testNextElementSiblings_mg94_withlog1(org.jsoup.nodes.ElementTest): null,testNextElementSiblings_mg94_withlog2(org.jsoup.nodes.ElementTest): null,testNextElementSiblings_mg127_withlog0(org.jsoup.nodes.ElementTest): null,testNextElementSiblings_mg127_withlog1(org.jsoup.nodes.ElementTest): null,testNextElementSiblings_mg127_withlog2(org.jsoup.nodes.ElementTest): null,testNextElementSiblings_mg204_withlog0(org.jsoup.nodes.ElementTest): null,testNextElementSiblings_mg204_withlog1(org.jsoup.nodes.ElementTest): null,testNextElementSiblings_mg204_withlog2(org.jsoup.nodes.ElementTest): null,testNextElementSiblings_mg151_withlog0(org.jsoup.nodes.ElementTest): null,testNextElementSiblings_mg151_withlog1(org.jsoup.nodes.ElementTest): null,testNextElementSiblings_mg151_withlog2(org.jsoup.nodes.ElementTest): null,testNextElementSiblings_mg70_withlog0(org.jsoup.nodes.ElementTest): null,testNextElementSiblings_mg70_withlog1(org.jsoup.nodes.ElementTest): null,testNextElementSiblings_mg70_withlog2(org.jsoup.nodes.ElementTest): null,testNextElementSiblings_mg103_withlog0(org.jsoup.nodes.ElementTest): null,testNextElementSiblings_mg103_withlog1(org.jsoup.nodes.ElementTest): null,testNextElementSiblings_mg103_withlog2(org.jsoup.nodes.ElementTest): null,testNextElementSiblings_mg198_withlog0(org.jsoup.nodes.ElementTest): null,testNextElementSiblings_mg198_withlog1(org.jsoup.nodes.ElementTest): null,testNextElementSiblings_mg198_withlog2(org.jsoup.nodes.ElementTest): null,testNextElementSiblings_mg69_withlog0(org.jsoup.nodes.ElementTest): null,testNextElementSiblings_mg69_withlog1(org.jsoup.nodes.ElementTest): null,testNextElementSiblings_mg69_withlog2(org.jsoup.nodes.ElementTest): null,testNextElementSiblings_mg93_withlog0(org.jsoup.nodes.ElementTest): null,testNextElementSiblings_mg93_withlog1(org.jsoup.nodes.ElementTest): null,testNextElementSiblings_mg93_withlog2(org.jsoup.nodes.ElementTest): null,testNextElementSiblings_mg126_withlog0(org.jsoup.nodes.ElementTest): null,testNextElementSiblings_mg126_withlog1(org.jsoup.nodes.ElementTest): null,testNextElementSiblings_mg126_withlog2(org.jsoup.nodes.ElementTest): null,testNextElementSiblings_mg45_withlog0(org.jsoup.nodes.ElementTest): null,testNextElementSiblings_mg45_withlog1(org.jsoup.nodes.ElementTest): null,testNextElementSiblings_mg45_withlog2(org.jsoup.nodes.ElementTest): null,testNextElementSiblings_mg203_withlog0(org.jsoup.nodes.ElementTest): null,testNextElementSiblings_mg203_withlog1(org.jsoup.nodes.ElementTest): null,testNextElementSiblings_mg203_withlog2(org.jsoup.nodes.ElementTest): null,testNextElementSiblings_add30_withlog0(org.jsoup.nodes.ElementTest): null,testNextElementSiblings_add30_withlog1(org.jsoup.nodes.ElementTest): null,testNextElementSiblings_add30_withlog2(org.jsoup.nodes.ElementTest): null,testNextElementSiblings_add29_withlog0(org.jsoup.nodes.ElementTest): null,testNextElementSiblings_add29_withlog1(org.jsoup.nodes.ElementTest): null,testNextElementSiblings_add29_withlog2(org.jsoup.nodes.ElementTest): null,testNextElementSiblings_mg150_withlog0(org.jsoup.nodes.ElementTest): null,testNextElementSiblings_mg150_withlog1(org.jsoup.nodes.ElementTest): null,testNextElementSiblings_mg150_withlog2(org.jsoup.nodes.ElementTest): null,testNextElementSiblings_mg102_withlog0(org.jsoup.nodes.ElementTest): null,testNextElementSiblings_mg102_withlog1(org.jsoup.nodes.ElementTest): null,testNextElementSiblings_mg102_withlog2(org.jsoup.nodes.ElementTest): null,testNextElementSiblings_mg197_withlog0(org.jsoup.nodes.ElementTest): null,testNextElementSiblings_mg197_withlog1(org.jsoup.nodes.ElementTest): null,testNextElementSiblings_mg197_withlog2(org.jsoup.nodes.ElementTest): null,testNextElementSiblings_mg149_withlog0(org.jsoup.nodes.ElementTest): null,testNextElementSiblings_mg149_withlog1(org.jsoup.nodes.ElementTest): null,testNextElementSiblings_mg149_withlog2(org.jsoup.nodes.ElementTest): null,testNextElementSiblings_mg68_withlog0(org.jsoup.nodes.ElementTest): null,testNextElementSiblings_mg68_withlog1(org.jsoup.nodes.ElementTest): null,testNextElementSiblings_mg68_withlog2(org.jsoup.nodes.ElementTest): null,testNextElementSiblings_mg173_withlog0(org.jsoup.nodes.ElementTest): null,testNextElementSiblings_mg173_withlog1(org.jsoup.nodes.ElementTest): null,testNextElementSiblings_mg173_withlog2(org.jsoup.nodes.ElementTest): null,testNextElementSiblings_mg92_withlog0(org.jsoup.nodes.ElementTest): null,testNextElementSiblings_mg92_withlog1(org.jsoup.nodes.ElementTest): null,testNextElementSiblings_mg92_withlog2(org.jsoup.nodes.ElementTest): null,testNextElementSiblings_mg125_withlog0(org.jsoup.nodes.ElementTest): null,testNextElementSiblings_mg125_withlog1(org.jsoup.nodes.ElementTest): null,testNextElementSiblings_mg125_withlog2(org.jsoup.nodes.ElementTest): null,testNextElementSiblings_mg202_withlog0(org.jsoup.nodes.ElementTest): null,testNextElementSiblings_mg202_withlog1(org.jsoup.nodes.ElementTest): null,testNextElementSiblings_mg202_withlog2(org.jsoup.nodes.ElementTest): null,testNextElementSiblings_add28_withlog0(org.jsoup.nodes.ElementTest): null,testNextElementSiblings_add28_withlog1(org.jsoup.nodes.ElementTest): null,testNextElementSiblings_add28_withlog2(org.jsoup.nodes.ElementTest): null,testNextElementSiblings_mg101_withlog0(org.jsoup.nodes.ElementTest): null,testNextElementSiblings_mg101_withlog1(org.jsoup.nodes.ElementTest): null,testNextElementSiblings_mg101_withlog2(org.jsoup.nodes.ElementTest): null,testNextElementSiblings_mg196_withlog0(org.jsoup.nodes.ElementTest): null,testNextElementSiblings_mg196_withlog1(org.jsoup.nodes.ElementTest): null,testNextElementSiblings_mg196_withlog2(org.jsoup.nodes.ElementTest): null,testNextElementSiblings_mg148_withlog0(org.jsoup.nodes.ElementTest): null,testNextElementSiblings_mg148_withlog1(org.jsoup.nodes.ElementTest): null,testNextElementSiblings_mg148_withlog2(org.jsoup.nodes.ElementTest): null,testNextElementSiblings_mg67_withlog0(org.jsoup.nodes.ElementTest): null,testNextElementSiblings_mg67_withlog1(org.jsoup.nodes.ElementTest): null,testNextElementSiblings_mg67_withlog2(org.jsoup.nodes.ElementTest): null,testNextElementSiblings_mg172_withlog0(org.jsoup.nodes.ElementTest): null,testNextElementSiblings_mg172_withlog1(org.jsoup.nodes.ElementTest): null,testNextElementSiblings_mg172_withlog2(org.jsoup.nodes.ElementTest): null,testNextElementSiblings_mg124_withlog0(org.jsoup.nodes.ElementTest): null,testNextElementSiblings_mg124_withlog1(org.jsoup.nodes.ElementTest): null,testNextElementSiblings_mg124_withlog2(org.jsoup.nodes.ElementTest): null,testNextElementSiblings_mg43_withlog0(org.jsoup.nodes.ElementTest): null,testNextElementSiblings_mg43_withlog1(org.jsoup.nodes.ElementTest): null,testNextElementSiblings_mg43_withlog2(org.jsoup.nodes.ElementTest): null,testNextElementSiblings_mg201_withlog0(org.jsoup.nodes.ElementTest): null,testNextElementSiblings_mg201_withlog1(org.jsoup.nodes.ElementTest): null,testNextElementSiblings_mg201_withlog2(org.jsoup.nodes.ElementTest): null,testNextElementSiblings_add27_withlog0(org.jsoup.nodes.ElementTest): null,testNextElementSiblings_add27_withlog1(org.jsoup.nodes.ElementTest): null,testNextElementSiblings_add27_withlog2(org.jsoup.nodes.ElementTest): null,testNextElementSiblings_mg100_withlog0(org.jsoup.nodes.ElementTest): null,testNextElementSiblings_mg100_withlog1(org.jsoup.nodes.ElementTest): null,testNextElementSiblings_mg100_withlog2(org.jsoup.nodes.ElementTest): null,testNextElementSiblings_mg195_withlog0(org.jsoup.nodes.ElementTest): null,testNextElementSiblings_mg195_withlog1(org.jsoup.nodes.ElementTest): null,testNextElementSiblings_mg195_withlog2(org.jsoup.nodes.ElementTest): null,testNextElementSiblings_mg147_withlog0(org.jsoup.nodes.ElementTest): null,testNextElementSiblings_mg147_withlog1(org.jsoup.nodes.ElementTest): null,testNextElementSiblings_mg147_withlog2(org.jsoup.nodes.ElementTest): null,testNextElementSiblings_mg66_withlog0(org.jsoup.nodes.ElementTest): null,testNextElementSiblings_mg66_withlog1(org.jsoup.nodes.ElementTest): null,testNextElementSiblings_mg66_withlog2(org.jsoup.nodes.ElementTest): null,testNextElementSiblings_mg171_withlog0(org.jsoup.nodes.ElementTest): null,testNextElementSiblings_mg171_withlog1(org.jsoup.nodes.ElementTest): null,testNextElementSiblings_mg171_withlog2(org.jsoup.nodes.ElementTest): null,testNextElementSiblings_mg123_withlog0(org.jsoup.nodes.ElementTest): null,testNextElementSiblings_mg123_withlog1(org.jsoup.nodes.ElementTest): null,testNextElementSiblings_mg123_withlog2(org.jsoup.nodes.ElementTest): null,testNextElementSiblings_mg42_withlog0(org.jsoup.nodes.ElementTest): null,testNextElementSiblings_mg42_withlog1(org.jsoup.nodes.ElementTest): null,testNextElementSiblings_mg42_withlog2(org.jsoup.nodes.ElementTest): null,testNextElementSiblings_mg200_withlog0(org.jsoup.nodes.ElementTest): null,testNextElementSiblings_mg200_withlog1(org.jsoup.nodes.ElementTest): null,testNextElementSiblings_mg200_withlog2(org.jsoup.nodes.ElementTest): null,testNextElementSiblings_mg89_withlog0(org.jsoup.nodes.ElementTest): null,testNextElementSiblings_mg89_withlog1(org.jsoup.nodes.ElementTest): null,testNextElementSiblings_mg89_withlog2(org.jsoup.nodes.ElementTest): null,testNextElementSiblings_add26_withlog0(org.jsoup.nodes.ElementTest): null,testNextElementSiblings_add26_withlog1(org.jsoup.nodes.ElementTest): null,testNextElementSiblings_add26_withlog2(org.jsoup.nodes.ElementTest): null,testNextElementSiblings_mg194_withlog0(org.jsoup.nodes.ElementTest): null,testNextElementSiblings_mg194_withlog1(org.jsoup.nodes.ElementTest): null,testNextElementSiblings_mg194_withlog2(org.jsoup.nodes.ElementTest): null,testNextElementSiblings_mg146_withlog0(org.jsoup.nodes.ElementTest): null,testNextElementSiblings_mg146_withlog1(org.jsoup.nodes.ElementTest): null,testNextElementSiblings_mg146_withlog2(org.jsoup.nodes.ElementTest): null,testNextElementSiblings_mg65_withlog0(org.jsoup.nodes.ElementTest): null,testNextElementSiblings_mg65_withlog1(org.jsoup.nodes.ElementTest): null,testNextElementSiblings_mg65_withlog2(org.jsoup.nodes.ElementTest): null,testNextElementSiblings_literalMutationString12_withlog0(org.jsoup.nodes.ElementTest): null,testNextElementSiblings_literalMutationString12_withlog1(org.jsoup.nodes.ElementTest): null,testNextElementSiblings_literalMutationString12_withlog2(org.jsoup.nodes.ElementTest): null,testNextElementSiblings_mg170_withlog0(org.jsoup.nodes.ElementTest): null,testNextElementSiblings_mg170_withlog1(org.jsoup.nodes.ElementTest): null,testNextElementSiblings_mg170_withlog2(org.jsoup.nodes.ElementTest): null,testNextElementSiblings_mg122_withlog0(org.jsoup.nodes.ElementTest): null,testNextElementSiblings_mg122_withlog1(org.jsoup.nodes.ElementTest): null,testNextElementSiblings_mg122_withlog2(org.jsoup.nodes.ElementTest): null,testNextElementSiblings_mg41_withlog0(org.jsoup.nodes.ElementTest): null,testNextElementSiblings_mg41_withlog1(org.jsoup.nodes.ElementTest): null,testNextElementSiblings_mg41_withlog2(org.jsoup.nodes.ElementTest): null,testNextElementSiblings_mg88_withlog0(org.jsoup.nodes.ElementTest): null,testNextElementSiblings_mg88_withlog1(org.jsoup.nodes.ElementTest): null,testNextElementSiblings_mg88_withlog2(org.jsoup.nodes.ElementTest): null,testNextElementSiblings_mg193_withlog0(org.jsoup.nodes.ElementTest): null,testNextElementSiblings_mg193_withlog1(org.jsoup.nodes.ElementTest): null,testNextElementSiblings_mg193_withlog2(org.jsoup.nodes.ElementTest): null,testNextElementSiblings_mg145_withlog0(org.jsoup.nodes.ElementTest): null,testNextElementSiblings_mg145_withlog1(org.jsoup.nodes.ElementTest): null,testNextElementSiblings_mg145_withlog2(org.jsoup.nodes.ElementTest): null,testNextElementSiblings_mg64_withlog0(org.jsoup.nodes.ElementTest): null,testNextElementSiblings_mg64_withlog1(org.jsoup.nodes.ElementTest): null,testNextElementSiblings_mg64_withlog2(org.jsoup.nodes.ElementTest): null,testNextElementSiblings_literalMutationString11_withlog0(org.jsoup.nodes.ElementTest): null,testNextElementSiblings_literalMutationString11_withlog1(org.jsoup.nodes.ElementTest): null,testNextElementSiblings_literalMutationString11_withlog2(org.jsoup.nodes.ElementTest): null,testNextElementSiblings_mg121_withlog0(org.jsoup.nodes.ElementTest): null,testNextElementSiblings_mg121_withlog1(org.jsoup.nodes.ElementTest): null,testNextElementSiblings_mg121_withlog2(org.jsoup.nodes.ElementTest): null,testNextElementSiblings_mg40_withlog0(org.jsoup.nodes.ElementTest): null,testNextElementSiblings_mg40_withlog1(org.jsoup.nodes.ElementTest): null,testNextElementSiblings_mg40_withlog2(org.jsoup.nodes.ElementTest): null,testNextElementSiblings_mg87_withlog0(org.jsoup.nodes.ElementTest): null,testNextElementSiblings_mg87_withlog1(org.jsoup.nodes.ElementTest): null,testNextElementSiblings_mg87_withlog2(org.jsoup.nodes.ElementTest): null,testNextElementSiblings_mg39_withlog0(org.jsoup.nodes.ElementTest): null,testNextElementSiblings_mg39_withlog1(org.jsoup.nodes.ElementTest): null,testNextElementSiblings_mg39_withlog2(org.jsoup.nodes.ElementTest): null,testNextElementSiblings_mg192_withlog0(org.jsoup.nodes.ElementTest): null,testNextElementSiblings_mg192_withlog1(org.jsoup.nodes.ElementTest): null,testNextElementSiblings_mg192_withlog2(org.jsoup.nodes.ElementTest): null,testNextElementSiblings_mg144_withlog0(org.jsoup.nodes.ElementTest): null,testNextElementSiblings_mg144_withlog1(org.jsoup.nodes.ElementTest): null,testNextElementSiblings_mg144_withlog2(org.jsoup.nodes.ElementTest): null,testNextElementSiblings_mg63_withlog0(org.jsoup.nodes.ElementTest): null,testNextElementSiblings_mg63_withlog1(org.jsoup.nodes.ElementTest): null,testNextElementSiblings_mg63_withlog2(org.jsoup.nodes.ElementTest): null,testNextElementSiblings_mg120_withlog0(org.jsoup.nodes.ElementTest): null,testNextElementSiblings_mg120_withlog1(org.jsoup.nodes.ElementTest): null,testNextElementSiblings_mg120_withlog2(org.jsoup.nodes.ElementTest): null,testNextElementSiblings_mg167_withlog0(org.jsoup.nodes.ElementTest): null,testNextElementSiblings_mg167_withlog1(org.jsoup.nodes.ElementTest): null,testNextElementSiblings_mg167_withlog2(org.jsoup.nodes.ElementTest): null,testNextElementSiblings_mg86_withlog0(org.jsoup.nodes.ElementTest): null,testNextElementSiblings_mg86_withlog1(org.jsoup.nodes.ElementTest): null,testNextElementSiblings_mg86_withlog2(org.jsoup.nodes.ElementTest): null,testNextElementSiblings_mg119_withlog0(org.jsoup.nodes.ElementTest): null,testNextElementSiblings_mg119_withlog1(org.jsoup.nodes.ElementTest): null,testNextElementSiblings_mg119_withlog2(org.jsoup.nodes.ElementTest): null,testNextElementSiblings_mg38_withlog0(org.jsoup.nodes.ElementTest): null,testNextElementSiblings_mg38_withlog1(org.jsoup.nodes.ElementTest): null,testNextElementSiblings_mg38_withlog2(org.jsoup.nodes.ElementTest): null,testNextElementSiblings_mg143_withlog0(org.jsoup.nodes.ElementTest): null,testNextElementSiblings_mg143_withlog1(org.jsoup.nodes.ElementTest): null,testNextElementSiblings_mg143_withlog2(org.jsoup.nodes.ElementTest): null,testNextElementSiblings_mg62_withlog0(org.jsoup.nodes.ElementTest): null,testNextElementSiblings_mg62_withlog1(org.jsoup.nodes.ElementTest): null,testNextElementSiblings_mg62_withlog2(org.jsoup.nodes.ElementTest): null,testNextElementSiblings_mg166_withlog0(org.jsoup.nodes.ElementTest): null,testNextElementSiblings_mg166_withlog1(org.jsoup.nodes.ElementTest): null,testNextElementSiblings_mg166_withlog2(org.jsoup.nodes.ElementTest): null,testNextElementSiblings_mg85_withlog0(org.jsoup.nodes.ElementTest): null,testNextElementSiblings_mg85_withlog1(org.jsoup.nodes.ElementTest): null,testNextElementSiblings_mg85_withlog2(org.jsoup.nodes.ElementTest): null,testNextElementSiblings_mg118_withlog0(org.jsoup.nodes.ElementTest): null,testNextElementSiblings_mg118_withlog1(org.jsoup.nodes.ElementTest): null,testNextElementSiblings_mg118_withlog2(org.jsoup.nodes.ElementTest): null,testNextElementSiblings_mg37_withlog0(org.jsoup.nodes.ElementTest): null,testNextElementSiblings_mg37_withlog1(org.jsoup.nodes.ElementTest): null,testNextElementSiblings_mg37_withlog2(org.jsoup.nodes.ElementTest): null,testNextElementSiblings_mg142_withlog0(org.jsoup.nodes.ElementTest): null,testNextElementSiblings_mg142_withlog1(org.jsoup.nodes.ElementTest): null,testNextElementSiblings_mg142_withlog2(org.jsoup.nodes.ElementTest): null,testNextElementSiblings_mg61_withlog0(org.jsoup.nodes.ElementTest): null,testNextElementSiblings_mg61_withlog1(org.jsoup.nodes.ElementTest): null,testNextElementSiblings_mg61_withlog2(org.jsoup.nodes.ElementTest): null,testNextElementSiblings_mg189_withlog0(org.jsoup.nodes.ElementTest): null,testNextElementSiblings_mg189_withlog1(org.jsoup.nodes.ElementTest): null,testNextElementSiblings_mg189_withlog2(org.jsoup.nodes.ElementTest): null,testNextElementSiblings_mg165_withlog0(org.jsoup.nodes.ElementTest): null,testNextElementSiblings_mg165_withlog1(org.jsoup.nodes.ElementTest): null,testNextElementSiblings_mg165_withlog2(org.jsoup.nodes.ElementTest): null,testNextElementSiblings_mg117_withlog0(org.jsoup.nodes.ElementTest): null,testNextElementSiblings_mg117_withlog1(org.jsoup.nodes.ElementTest): null,testNextElementSiblings_mg117_withlog2(org.jsoup.nodes.ElementTest): null,testNextElementSiblings_mg36_withlog0(org.jsoup.nodes.ElementTest): null,testNextElementSiblings_mg36_withlog1(org.jsoup.nodes.ElementTest): null,testNextElementSiblings_mg36_withlog2(org.jsoup.nodes.ElementTest): null,testNextElementSiblings_mg141_withlog0(org.jsoup.nodes.ElementTest): null,testNextElementSiblings_mg141_withlog1(org.jsoup.nodes.ElementTest): null,testNextElementSiblings_mg141_withlog2(org.jsoup.nodes.ElementTest): null,testNextElementSiblings_mg188_withlog0(org.jsoup.nodes.ElementTest): null,testNextElementSiblings_mg188_withlog1(org.jsoup.nodes.ElementTest): null,testNextElementSiblings_mg188_withlog2(org.jsoup.nodes.ElementTest): null,testNextElementSiblings_mg59_withlog0(org.jsoup.nodes.ElementTest): null,testNextElementSiblings_mg59_withlog1(org.jsoup.nodes.ElementTest): null,testNextElementSiblings_mg59_withlog2(org.jsoup.nodes.ElementTest): null,testNextElementSiblings_mg164_withlog0(org.jsoup.nodes.ElementTest): null,testNextElementSiblings_mg164_withlog1(org.jsoup.nodes.ElementTest): null,testNextElementSiblings_mg164_withlog2(org.jsoup.nodes.ElementTest): null,testNextElementSiblings_mg83_withlog0(org.jsoup.nodes.ElementTest): null,testNextElementSiblings_mg83_withlog1(org.jsoup.nodes.ElementTest): null,testNextElementSiblings_mg83_withlog2(org.jsoup.nodes.ElementTest): null,testNextElementSiblings_mg116_withlog0(org.jsoup.nodes.ElementTest): null,testNextElementSiblings_mg116_withlog1(org.jsoup.nodes.ElementTest): null,testNextElementSiblings_mg116_withlog2(org.jsoup.nodes.ElementTest): null,testNextElementSiblings_mg35_withlog0(org.jsoup.nodes.ElementTest): null,testNextElementSiblings_mg35_withlog1(org.jsoup.nodes.ElementTest): null,testNextElementSiblings_mg35_withlog2(org.jsoup.nodes.ElementTest): null,testNextElementSiblings_mg140_withlog0(org.jsoup.nodes.ElementTest): null,testNextElementSiblings_mg140_withlog1(org.jsoup.nodes.ElementTest): null,testNextElementSiblings_mg140_withlog2(org.jsoup.nodes.ElementTest): null,testNextElementSiblings_mg187_withlog0(org.jsoup.nodes.ElementTest): null,testNextElementSiblings_mg187_withlog1(org.jsoup.nodes.ElementTest): null,testNextElementSiblings_mg187_withlog2(org.jsoup.nodes.ElementTest): null,testNextElementSiblings_mg139_withlog0(org.jsoup.nodes.ElementTest): null,testNextElementSiblings_mg139_withlog1(org.jsoup.nodes.ElementTest): null,testNextElementSiblings_mg139_withlog2(org.jsoup.nodes.ElementTest): null,testNextElementSiblings_mg58_withlog0(org.jsoup.nodes.ElementTest): null,testNextElementSiblings_mg58_withlog1(org.jsoup.nodes.ElementTest): null,testNextElementSiblings_mg58_withlog2(org.jsoup.nodes.ElementTest): null,testNextElementSiblings_mg163_withlog0(org.jsoup.nodes.ElementTest): null,testNextElementSiblings_mg163_withlog1(org.jsoup.nodes.ElementTest): null,testNextElementSiblings_mg163_withlog2(org.jsoup.nodes.ElementTest): null,testNextElementSiblings_mg82_withlog0(org.jsoup.nodes.ElementTest): null,testNextElementSiblings_mg82_withlog1(org.jsoup.nodes.ElementTest): null,testNextElementSiblings_mg82_withlog2(org.jsoup.nodes.ElementTest): null,testNextElementSiblings_mg115_withlog0(org.jsoup.nodes.ElementTest): null,testNextElementSiblings_mg115_withlog1(org.jsoup.nodes.ElementTest): null,testNextElementSiblings_mg115_withlog2(org.jsoup.nodes.ElementTest): null,testNextElementSiblings_mg34_withlog0(org.jsoup.nodes.ElementTest): null,testNextElementSiblings_mg34_withlog1(org.jsoup.nodes.ElementTest): null,testNextElementSiblings_mg34_withlog2(org.jsoup.nodes.ElementTest): null,testNextElementSiblings_mg186_withlog0(org.jsoup.nodes.ElementTest): null,testNextElementSiblings_mg186_withlog1(org.jsoup.nodes.ElementTest): null,testNextElementSiblings_mg186_withlog2(org.jsoup.nodes.ElementTest): null,testNextElementSiblings_mg57_withlog0(org.jsoup.nodes.ElementTest): null,testNextElementSiblings_mg57_withlog1(org.jsoup.nodes.ElementTest): null,testNextElementSiblings_mg57_withlog2(org.jsoup.nodes.ElementTest): null,testNextElementSiblings_mg162_withlog0(org.jsoup.nodes.ElementTest): null,testNextElementSiblings_mg162_withlog1(org.jsoup.nodes.ElementTest): null,testNextElementSiblings_mg162_withlog2(org.jsoup.nodes.ElementTest): null,testNextElementSiblings_mg81_withlog0(org.jsoup.nodes.ElementTest): null,testNextElementSiblings_mg81_withlog1(org.jsoup.nodes.ElementTest): null,testNextElementSiblings_mg81_withlog2(org.jsoup.nodes.ElementTest): null,testNextElementSiblings_mg114_withlog0(org.jsoup.nodes.ElementTest): null,testNextElementSiblings_mg114_withlog1(org.jsoup.nodes.ElementTest): null,testNextElementSiblings_mg114_withlog2(org.jsoup.nodes.ElementTest): null,testNextElementSiblings_mg33_withlog0(org.jsoup.nodes.ElementTest): null,testNextElementSiblings_mg33_withlog1(org.jsoup.nodes.ElementTest): null,testNextElementSiblings_mg33_withlog2(org.jsoup.nodes.ElementTest): null,testNextElementSiblings_mg185_withlog0(org.jsoup.nodes.ElementTest): null,testNextElementSiblings_mg185_withlog1(org.jsoup.nodes.ElementTest): null,testNextElementSiblings_mg185_withlog2(org.jsoup.nodes.ElementTest): null,testNextElementSiblings_mg137_withlog0(org.jsoup.nodes.ElementTest): null,testNextElementSiblings_mg137_withlog1(org.jsoup.nodes.ElementTest): null,testNextElementSiblings_mg137_withlog2(org.jsoup.nodes.ElementTest): null,testNextElementSiblings_mg56_withlog0(org.jsoup.nodes.ElementTest): null,testNextElementSiblings_mg56_withlog1(org.jsoup.nodes.ElementTest): null,testNextElementSiblings_mg56_withlog2(org.jsoup.nodes.ElementTest): null,testNextElementSiblings_literalMutationString9_withlog0(org.jsoup.nodes.ElementTest): null,testNextElementSiblings_literalMutationString9_withlog1(org.jsoup.nodes.ElementTest): null,testNextElementSiblings_literalMutationString9_withlog2(org.jsoup.nodes.ElementTest): null,testNextElementSiblings_mg161_withlog0(org.jsoup.nodes.ElementTest): null,testNextElementSiblings_mg161_withlog1(org.jsoup.nodes.ElementTest): null,testNextElementSiblings_mg161_withlog2(org.jsoup.nodes.ElementTest): null,testNextElementSiblings_mg32_withlog0(org.jsoup.nodes.ElementTest): null,testNextElementSiblings_mg32_withlog1(org.jsoup.nodes.ElementTest): null,testNextElementSiblings_mg32_withlog2(org.jsoup.nodes.ElementTest): null,testNextElementSiblings_mg79_withlog0(org.jsoup.nodes.ElementTest): null,testNextElementSiblings_mg79_withlog1(org.jsoup.nodes.ElementTest): null,testNextElementSiblings_mg79_withlog2(org.jsoup.nodes.ElementTest): null,testNextElementSiblings_mg184_withlog0(org.jsoup.nodes.ElementTest): null,testNextElementSiblings_mg184_withlog1(org.jsoup.nodes.ElementTest): null,testNextElementSiblings_mg184_withlog2(org.jsoup.nodes.ElementTest): null,testNextElementSiblings_mg136_withlog0(org.jsoup.nodes.ElementTest): null,testNextElementSiblings_mg136_withlog1(org.jsoup.nodes.ElementTest): null,testNextElementSiblings_mg136_withlog2(org.jsoup.nodes.ElementTest): null,testNextElementSiblings_mg55_withlog0(org.jsoup.nodes.ElementTest): null,testNextElementSiblings_mg55_withlog1(org.jsoup.nodes.ElementTest): null,testNextElementSiblings_mg55_withlog2(org.jsoup.nodes.ElementTest): null,testNextElementSiblings_literalMutationString8_withlog0(org.jsoup.nodes.ElementTest): null,testNextElementSiblings_literalMutationString8_withlog1(org.jsoup.nodes.ElementTest): null,testNextElementSiblings_literalMutationString8_withlog2(org.jsoup.nodes.ElementTest): null,testNextElementSiblings_mg160_withlog0(org.jsoup.nodes.ElementTest): null,testNextElementSiblings_mg160_withlog1(org.jsoup.nodes.ElementTest): null,testNextElementSiblings_mg160_withlog2(org.jsoup.nodes.ElementTest): null,testNextElementSiblings_mg31_withlog0(org.jsoup.nodes.ElementTest): null,testNextElementSiblings_mg31_withlog1(org.jsoup.nodes.ElementTest): null,testNextElementSiblings_mg31_withlog2(org.jsoup.nodes.ElementTest): null,testNextElementSiblings_mg159_withlog0(org.jsoup.nodes.ElementTest): null,testNextElementSiblings_mg159_withlog1(org.jsoup.nodes.ElementTest): null,testNextElementSiblings_mg159_withlog2(org.jsoup.nodes.ElementTest): null,testNextElementSiblings_mg78_withlog0(org.jsoup.nodes.ElementTest): null,testNextElementSiblings_mg78_withlog1(org.jsoup.nodes.ElementTest): null,testNextElementSiblings_mg78_withlog2(org.jsoup.nodes.ElementTest): null,testNextElementSiblings_mg183_withlog0(org.jsoup.nodes.ElementTest): null,testNextElementSiblings_mg183_withlog1(org.jsoup.nodes.ElementTest): null,testNextElementSiblings_mg183_withlog2(org.jsoup.nodes.ElementTest): null,testNextElementSiblings_mg135_withlog0(org.jsoup.nodes.ElementTest): null,testNextElementSiblings_mg135_withlog1(org.jsoup.nodes.ElementTest): null,testNextElementSiblings_mg135_withlog2(org.jsoup.nodes.ElementTest): null,testNextElementSiblings_mg54_withlog0(org.jsoup.nodes.ElementTest): null,testNextElementSiblings_mg54_withlog1(org.jsoup.nodes.ElementTest): null,testNextElementSiblings_mg54_withlog2(org.jsoup.nodes.ElementTest): null,testNextElementSiblings_literalMutationString7_withlog0(org.jsoup.nodes.ElementTest): null,testNextElementSiblings_literalMutationString7_withlog1(org.jsoup.nodes.ElementTest): null,testNextElementSiblings_literalMutationString7_withlog2(org.jsoup.nodes.ElementTest): null,testNextElementSiblings_mg111_withlog0(org.jsoup.nodes.ElementTest): null,testNextElementSiblings_mg111_withlog1(org.jsoup.nodes.ElementTest): null,testNextElementSiblings_mg111_withlog2(org.jsoup.nodes.ElementTest): null,testNextElementSiblings_mg77_withlog0(org.jsoup.nodes.ElementTest): null,testNextElementSiblings_mg77_withlog1(org.jsoup.nodes.ElementTest): null,testNextElementSiblings_mg77_withlog2(org.jsoup.nodes.ElementTest): null,testNextElementSiblings_mg182_withlog0(org.jsoup.nodes.ElementTest): null,testNextElementSiblings_mg182_withlog1(org.jsoup.nodes.ElementTest): null,testNextElementSiblings_mg182_withlog2(org.jsoup.nodes.ElementTest): null,testNextElementSiblings_mg134_withlog0(org.jsoup.nodes.ElementTest): null,testNextElementSiblings_mg134_withlog1(org.jsoup.nodes.ElementTest): null,testNextElementSiblings_mg134_withlog2(org.jsoup.nodes.ElementTest): null,testNextElementSiblings_mg53_withlog0(org.jsoup.nodes.ElementTest): null,testNextElementSiblings_mg53_withlog1(org.jsoup.nodes.ElementTest): null,testNextElementSiblings_mg53_withlog2(org.jsoup.nodes.ElementTest): null,testNextElementSiblings_mg110_withlog0(org.jsoup.nodes.ElementTest): null,testNextElementSiblings_mg110_withlog1(org.jsoup.nodes.ElementTest): null,testNextElementSiblings_mg110_withlog2(org.jsoup.nodes.ElementTest): null,testNextElementSiblings_mg157_withlog0(org.jsoup.nodes.ElementTest): null,testNextElementSiblings_mg157_withlog1(org.jsoup.nodes.ElementTest): null,testNextElementSiblings_mg157_withlog2(org.jsoup.nodes.ElementTest): null,testNextElementSiblings_mg76_withlog0(org.jsoup.nodes.ElementTest): null,testNextElementSiblings_mg76_withlog1(org.jsoup.nodes.ElementTest): null,testNextElementSiblings_mg76_withlog2(org.jsoup.nodes.ElementTest): null,testNextElementSiblings_mg109_withlog0(org.jsoup.nodes.ElementTest): null,testNextElementSiblings_mg109_withlog1(org.jsoup.nodes.ElementTest): null,testNextElementSiblings_mg109_withlog2(org.jsoup.nodes.ElementTest): null,testNextElementSiblings_mg181_withlog0(org.jsoup.nodes.ElementTest): null,testNextElementSiblings_mg181_withlog1(org.jsoup.nodes.ElementTest): null,testNextElementSiblings_mg181_withlog2(org.jsoup.nodes.ElementTest): null,testNextElementSiblings_mg133_withlog0(org.jsoup.nodes.ElementTest): null,testNextElementSiblings_mg133_withlog1(org.jsoup.nodes.ElementTest): null,testNextElementSiblings_mg133_withlog2(org.jsoup.nodes.ElementTest): null,testNextElementSiblings_mg52_withlog0(org.jsoup.nodes.ElementTest): null,testNextElementSiblings_mg52_withlog1(org.jsoup.nodes.ElementTest): null,testNextElementSiblings_mg52_withlog2(org.jsoup.nodes.ElementTest): null,testNextElementSiblings_mg99_withlog0(org.jsoup.nodes.ElementTest): null,testNextElementSiblings_mg99_withlog1(org.jsoup.nodes.ElementTest): null,testNextElementSiblings_mg99_withlog2(org.jsoup.nodes.ElementTest): null,testNextElementSiblings_mg156_withlog0(org.jsoup.nodes.ElementTest): null,testNextElementSiblings_mg156_withlog1(org.jsoup.nodes.ElementTest): null,testNextElementSiblings_mg156_withlog2(org.jsoup.nodes.ElementTest): null,testNextElementSiblings_mg75_withlog0(org.jsoup.nodes.ElementTest): null,testNextElementSiblings_mg75_withlog1(org.jsoup.nodes.ElementTest): null,testNextElementSiblings_mg75_withlog2(org.jsoup.nodes.ElementTest): null,testNextElementSiblings_mg108_withlog0(org.jsoup.nodes.ElementTest): null,testNextElementSiblings_mg108_withlog1(org.jsoup.nodes.ElementTest): null,testNextElementSiblings_mg108_withlog2(org.jsoup.nodes.ElementTest): null
[WARNING] Some instrumented test failed!
[INFO] Generating assertions...
[INFO] 36 test fail, generating try/catch/fail blocks...
[INFO] 200 new tests with assertions generated
[INFO] Run: java -classpath /tmp/icst-2019/september-2018/dataset/jsoup_parent/target/test-classes:/tmp/icst-2019/september-2018/dataset/jsoup_parent/target/classes/:/home/spirals/danglot/.m2/repository/junit/junit/4.12/junit-4.12.jar:/home/spirals/danglot/.m2/repository/org/hamcrest/hamcrest-core/1.3/hamcrest-core-1.3.jar:/home/spirals/danglot/.m2/repository/com/google/code/gson/gson/2.7/gson-2.7.jar:/home/spirals/danglot/.m2/repository/org/eclipse/jetty/jetty-server/9.2.22.v20170606/jetty-server-9.2.22.v20170606.jar:/home/spirals/danglot/.m2/repository/javax/servlet/javax.servlet-api/3.1.0/javax.servlet-api-3.1.0.jar:/home/spirals/danglot/.m2/repository/org/eclipse/jetty/jetty-http/9.2.22.v20170606/jetty-http-9.2.22.v20170606.jar:/home/spirals/danglot/.m2/repository/org/eclipse/jetty/jetty-util/9.2.22.v20170606/jetty-util-9.2.22.v20170606.jar:/home/spirals/danglot/.m2/repository/org/eclipse/jetty/jetty-io/9.2.22.v20170606/jetty-io-9.2.22.v20170606.jar:/home/spirals/danglot/.m2/repository/org/eclipse/jetty/jetty-servlet/9.2.22.v20170606/jetty-servlet-9.2.22.v20170606.jar:/home/spirals/danglot/.m2/repository/org/eclipse/jetty/jetty-security/9.2.22.v20170606/jetty-security-9.2.22.v20170606.jar:/tmp/icst-2019/september-2018/dataset/jsoup_parent/target/dspot/dependencies/:/home/spirals/danglot/.m2/repository/eu/stamp-project/test-runner/1.1.0/test-runner-1.1.0-jar-with-dependencies.jar eu.stamp_project.testrunner.runner.test.TestRunner org.jsoup.nodes.ElementTest testNextElementSiblings_mg157:testNextElementSiblings_mg160:testNextElementSiblings_mg82:testNextElementSiblings_mg79:testNextElementSiblings_mg134:testNextElementSiblings_mg78:testNextElementSiblings_mg56:testNextElementSiblings_mg156:testNextElementSiblings_mg159:testNextElementSiblings_mg81:testNextElementSiblings_mg155:testNextElementSiblings_mg77:testNextElementSiblings_mg55:testNextElementSiblings_mg133:testNextElementSiblings_mg41:testNextElementSiblings_mg143:testNextElementSiblings_mg65:testNextElementSiblings_mg132:testNextElementSiblings_mg54:testNextElementSiblings_literalMutationString8:testNextElementSiblings_mg76:testNextElementSiblings_mg166:testNextElementSiblings_mg88:testNextElementSiblings_mg154:testNextElementSiblings_mg35:testNextElementSiblings_mg31:testNextElementSiblings_mg167:testNextElementSiblings_mg33:testNextElementSiblings_mg45:testNextElementSiblings_mg95:testNextElementSiblings_mg42:testNextElementSiblings_mg89:testNextElementSiblings_mg173:testNextElementSiblings_mg32:testNextElementSiblings_mg116:testNextElementSiblings_mg123:testNextElementSiblings_mg37:testNextElementSiblings_mg201:testNextElementSiblings_mg68:testNextElementSiblings_mg194:testNextElementSiblings_mg36:testNextElementSiblings_mg93:testNextElementSiblings_mg119:testNextElementSiblings_mg146:testNextElementSiblings_mg39:testNextElementSiblings_mg66:testNextElementSiblings_mg171:testNextElementSiblings_mg38:testNextElementSiblings_mg197:testNextElementSiblings_mg72:testNextElementSiblings_mg43:testNextElementSiblings_mg144:testNextElementSiblings_mg150:testNextElementSiblings_mg104:testNextElementSiblings_mg58:testNextElementSiblings_mg70:testNextElementSiblings_mg117:testNextElementSiblings_mg182:testNextElementSiblings_mg103:testNextElementSiblings_mg195:testNextElementSiblings_mg105:testNextElementSiblings_mg136:testNextElementSiblings_mg62:testNextElementSiblings_mg148:testNextElementSiblings_mg102:testNextElementSiblings_mg181:testNextElementSiblings_mg183:testNextElementSiblings_mg180:testNextElementSiblings_mg63:testNextElementSiblings_mg69:testNextElementSiblings_mg140:testNextElementSiblings_mg121:testNextElementSiblings_mg125:testNextElementSiblings_mg141:testNextElementSiblings_mg147:testNextElementSiblings_literalMutationString7:testNextElementSiblings_mg64:testNextElementSiblings_mg203:testNextElementSiblings_mg199:testNextElementSiblings_literalMutationString16:testNextElementSiblings_mg40:testNextElementSiblings_mg57:testNextElementSiblings_mg161:testNextElementSiblings_mg142:testNextElementSiblings_literalMutationString11:testNextElementSiblings_literalMutationString12:testNextElementSiblings_mg67:testNextElementSiblings_literalMutationString17:testNextElementSiblings_mg135:testNextElementSiblings_add26:testNextElementSiblings_mg83:testNextElementSiblings_add29:testNextElementSiblings_mg145:testNextElementSiblings_mg114:testNextElementSiblings_mg61:testNextElementSiblings_add28:testNextElementSiblings_mg192:testNextElementSiblings_mg139:testNextElementSiblings_literalMutationString9:testNextElementSiblings_mg200:testNextElementSiblings_mg115:testNextElementSiblings_mg189:testNextElementSiblings_mg193:testNextElementSiblings_mg185:testNextElementSiblings_mg111:testNextElementSiblings_mg99:testNextElementSiblings_mg165:testNextElementSiblings_mg87:testNextElementSiblings_mg100:testNextElementSiblings_mg153:testNextElementSiblings_mg75:testNextElementSiblings_mg71:testNextElementSiblings_mg177:testNextElementSiblings_mg178:testNextElementSiblings_mg73:testNextElementSiblings_mg122:testNextElementSiblings_mg47:testNextElementSiblings_mg101:testNextElementSiblings_mg130:testNextElementSiblings_mg149:testNextElementSiblings_add27:testNextElementSiblings_mg151:testNextElementSiblings_mg107:testNextElementSiblings_mg127:testNextElementSiblings_mg179:testNextElementSiblings_add30:testNextElementSiblings_mg52:testNextElementSiblings_mg92:testNextElementSiblings_mg49:testNextElementSiblings_mg170:testNextElementSiblings_mg109:testNextElementSiblings_mg186:testNextElementSiblings_mg187:testNextElementSiblings_mg110:testNextElementSiblings_mg188:testNextElementSiblings_mg34:testNextElementSiblings_mg196:testNextElementSiblings_mg131:testNextElementSiblings_mg118:testNextElementSiblings_mg152:testNextElementSiblings_mg108:testNextElementSiblings_mg74:testNextElementSiblings_mg184:testNextElementSiblings_mg163:testNextElementSiblings_mg53:testNextElementSiblings_mg85:testNextElementSiblings_mg204:testNextElementSiblings_mg137:testNextElementSiblings_mg128:testNextElementSiblings_mg202:testNextElementSiblings_mg172:testNextElementSiblings_mg106:testNextElementSiblings_mg59:testNextElementSiblings_mg50:testNextElementSiblings_mg120:testNextElementSiblings_mg124:testNextElementSiblings_mg164:testNextElementSiblings_mg94:testNextElementSiblings_mg86:testNextElementSiblings_mg198:testNextElementSiblings_mg162:testNextElementSiblings_mg51:testNextElementSiblings_mg129:testNextElementSiblings_mg126:testNextElementSiblings_mg174_failAssert0:testNextElementSiblings_mg96_failAssert1:testNextElementSiblings_mg80_failAssert2:testNextElementSiblings_mg158_failAssert3:testNextElementSiblingsnull205_failAssert4:testNextElementSiblings_mg175_failAssert5:testNextElementSiblings_mg97_failAssert6:testNextElementSiblingsnull207_failAssert7:testNextElementSiblingsnull206_failAssert8:testNextElementSiblings_literalMutationString1_failAssert9:testNextElementSiblings_literalMutationString13_failAssert10:testNextElementSiblings_literalMutationString22_failAssert11:testNextElementSiblings_literalMutationString19_failAssert12:testNextElementSiblings_literalMutationString24_failAssert13:testNextElementSiblings_literalMutationString21_failAssert14:testNextElementSiblings_mg168_failAssert15:testNextElementSiblings_mg90_failAssert16:testNextElementSiblings_literalMutationString6_failAssert17:testNextElementSiblings_literalMutationString2_failAssert18:testNextElementSiblings_mg169_failAssert19:testNextElementSiblings_literalMutationString18_failAssert20:testNextElementSiblings_literalMutationString4_failAssert21:testNextElementSiblings_literalMutationString10_failAssert22:testNextElementSiblings_literalMutationString14_failAssert23:testNextElementSiblings_literalMutationString5_failAssert24:testNextElementSiblings_literalMutationString3_failAssert25:testNextElementSiblings_mg91_failAssert26:testNextElementSiblings_literalMutationString15_failAssert27:testNextElementSiblings_mg191_failAssert28:testNextElementSiblings_mg113_failAssert29:testNextElementSiblings_mg190_failAssert30:testNextElementSiblings_mg112_failAssert31:testNextElementSiblings_mg176_failAssert32:testNextElementSiblings_literalMutationString20_failAssert33:testNextElementSiblings_literalMutationString23_failAssert34:testNextElementSiblings_mg98_failAssert35
File saved to the following path: /tmp/icst-2019/september-2018/dataset/jsoup_parent/target/dspot/TestListener.ser
Loading /tmp/icst-2019/september-2018/dataset/jsoup_parent/target/dspot/TestListener.ser
[INFO] Test has been run: testNextElementSiblings_literalMutationString23_failAssert34,testNextElementSiblings_literalMutationString10_failAssert22,testNextElementSiblings_literalMutationString3_failAssert25,testNextElementSiblings_literalMutationString18_failAssert20,testNextElementSiblings_mg91_failAssert26,testNextElementSiblingsnull207_failAssert7,testNextElementSiblings_literalMutationString22_failAssert11,testNextElementSiblings_literalMutationString2_failAssert18,testNextElementSiblingsnull206_failAssert8,testNextElementSiblings_mg90_failAssert16,testNextElementSiblings_mg176_failAssert32,testNextElementSiblings_literalMutationString21_failAssert14,testNextElementSiblingsnull205_failAssert4,testNextElementSiblings_mg98_failAssert35,testNextElementSiblings_literalMutationString20_failAssert33,testNextElementSiblings_mg80_failAssert2,testNextElementSiblings_literalMutationString15_failAssert27,testNextElementSiblings_literalMutationString7,testNextElementSiblings_literalMutationString8,testNextElementSiblings_literalMutationString9,testNextElementSiblings_mg113_failAssert29,testNextElementSiblings_literalMutationString1_failAssert9,testNextElementSiblings_mg191_failAssert28,testNextElementSiblings_mg169_failAssert19,testNextElementSiblings_literalMutationString14_failAssert23,testNextElementSiblings_literalMutationString11,testNextElementSiblings_literalMutationString12,testNextElementSiblings_literalMutationString16,testNextElementSiblings_literalMutationString17,testNextElementSiblings_add26,testNextElementSiblings_add27,testNextElementSiblings_add28,testNextElementSiblings_add29,testNextElementSiblings_add30,testNextElementSiblings_mg100,testNextElementSiblings_mg101,testNextElementSiblings_mg102,testNextElementSiblings_mg103,testNextElementSiblings_mg104,testNextElementSiblings_mg105,testNextElementSiblings_mg106,testNextElementSiblings_mg107,testNextElementSiblings_mg108,testNextElementSiblings_mg109,testNextElementSiblings_mg110,testNextElementSiblings_mg111,testNextElementSiblings_mg114,testNextElementSiblings_mg115,testNextElementSiblings_mg116,testNextElementSiblings_mg117,testNextElementSiblings_mg118,testNextElementSiblings_mg119,testNextElementSiblings_mg120,testNextElementSiblings_mg121,testNextElementSiblings_mg122,testNextElementSiblings_mg123,testNextElementSiblings_mg124,testNextElementSiblings_mg125,testNextElementSiblings_mg126,testNextElementSiblings_mg127,testNextElementSiblings_mg128,testNextElementSiblings_mg129,testNextElementSiblings_mg130,testNextElementSiblings_mg131,testNextElementSiblings_mg132,testNextElementSiblings_mg133,testNextElementSiblings_mg134,testNextElementSiblings_mg135,testNextElementSiblings_mg136,testNextElementSiblings_mg137,testNextElementSiblings_mg139,testNextElementSiblings_mg140,testNextElementSiblings_mg141,testNextElementSiblings_mg142,testNextElementSiblings_mg143,testNextElementSiblings_mg144,testNextElementSiblings_mg145,testNextElementSiblings_mg146,testNextElementSiblings_mg147,testNextElementSiblings_mg148,testNextElementSiblings_mg149,testNextElementSiblings_mg150,testNextElementSiblings_mg151,testNextElementSiblings_mg152,testNextElementSiblings_mg153,testNextElementSiblings_mg154,testNextElementSiblings_mg155,testNextElementSiblings_mg156,testNextElementSiblings_mg157,testNextElementSiblings_mg159,testNextElementSiblings_mg160,testNextElementSiblings_mg161,testNextElementSiblings_mg162,testNextElementSiblings_mg163,testNextElementSiblings_mg164,testNextElementSiblings_mg165,testNextElementSiblings_mg166,testNextElementSiblings_mg167,testNextElementSiblings_mg170,testNextElementSiblings_mg171,testNextElementSiblings_mg172,testNextElementSiblings_mg173,testNextElementSiblings_mg177,testNextElementSiblings_mg178,testNextElementSiblings_mg179,testNextElementSiblings_mg180,testNextElementSiblings_mg181,testNextElementSiblings_mg182,testNextElementSiblings_mg183,testNextElementSiblings_mg184,testNextElementSiblings_mg185,testNextElementSiblings_mg186,testNextElementSiblings_mg187,testNextElementSiblings_mg188,testNextElementSiblings_mg189,testNextElementSiblings_mg192,testNextElementSiblings_mg193,testNextElementSiblings_mg194,testNextElementSiblings_mg195,testNextElementSiblings_mg196,testNextElementSiblings_mg197,testNextElementSiblings_mg198,testNextElementSiblings_mg199,testNextElementSiblings_mg200,testNextElementSiblings_mg201,testNextElementSiblings_mg202,testNextElementSiblings_mg203,testNextElementSiblings_mg204,testNextElementSiblings_mg112_failAssert31,testNextElementSiblings_mg190_failAssert30,testNextElementSiblings_mg168_failAssert15,testNextElementSiblings_literalMutationString13_failAssert10,testNextElementSiblings_literalMutationString6_failAssert17,testNextElementSiblings_literalMutationString5_failAssert24,testNextElementSiblings_mg97_failAssert6,testNextElementSiblings_mg96_failAssert1,testNextElementSiblings_mg31,testNextElementSiblings_mg32,testNextElementSiblings_mg33,testNextElementSiblings_mg34,testNextElementSiblings_mg35,testNextElementSiblings_mg36,testNextElementSiblings_mg37,testNextElementSiblings_mg38,testNextElementSiblings_mg39,testNextElementSiblings_mg40,testNextElementSiblings_mg41,testNextElementSiblings_mg42,testNextElementSiblings_mg43,testNextElementSiblings_mg45,testNextElementSiblings_mg47,testNextElementSiblings_mg49,testNextElementSiblings_mg50,testNextElementSiblings_mg51,testNextElementSiblings_mg52,testNextElementSiblings_mg53,testNextElementSiblings_mg54,testNextElementSiblings_mg55,testNextElementSiblings_mg56,testNextElementSiblings_mg57,testNextElementSiblings_mg58,testNextElementSiblings_mg59,testNextElementSiblings_mg61,testNextElementSiblings_mg62,testNextElementSiblings_mg63,testNextElementSiblings_mg64,testNextElementSiblings_mg65,testNextElementSiblings_mg66,testNextElementSiblings_mg67,testNextElementSiblings_mg68,testNextElementSiblings_mg69,testNextElementSiblings_mg70,testNextElementSiblings_mg71,testNextElementSiblings_mg72,testNextElementSiblings_mg73,testNextElementSiblings_mg74,testNextElementSiblings_mg75,testNextElementSiblings_mg76,testNextElementSiblings_mg77,testNextElementSiblings_mg78,testNextElementSiblings_mg79,testNextElementSiblings_mg81,testNextElementSiblings_mg82,testNextElementSiblings_mg83,testNextElementSiblings_mg85,testNextElementSiblings_mg86,testNextElementSiblings_mg87,testNextElementSiblings_mg88,testNextElementSiblings_mg89,testNextElementSiblings_mg92,testNextElementSiblings_mg93,testNextElementSiblings_mg94,testNextElementSiblings_mg95,testNextElementSiblings_mg99,testNextElementSiblings_mg175_failAssert5,testNextElementSiblings_literalMutationString24_failAssert13,testNextElementSiblings_literalMutationString4_failAssert21,testNextElementSiblings_mg158_failAssert3,testNextElementSiblings_literalMutationString19_failAssert12,testNextElementSiblings_mg174_failAssert0
[INFO] Assertion amplification: 200 test method(s) has been successfully amplified.
[WARN] 2018-09-30 16:36:03 Launcher - You specified the directory /tmp/icst-2019/september-2018/dataset/jsoup/target/classes in source classpath, please note that only class files will be considered. Jars and subdirectories will be ignored.
[WARN] 2018-09-30 16:36:03 Launcher - You specified the directory /tmp/icst-2019/september-2018/dataset/jsoup/target/test-classes in source classpath, please note that only class files will be considered. Jars and subdirectories will be ignored.
[WARN] 2018-09-30 16:36:03 Launcher - You specified the directory /tmp/icst-2019/september-2018/dataset/jsoup/target/dspot/dependencies in source classpath, please note that only class files will be considered. Jars and subdirectories will be ignored.
[INFO] Run: java -classpath /tmp/icst-2019/september-2018/dataset/jsoup/target/classes/:/tmp/icst-2019/september-2018/dataset/jsoup/target/test-classes/:/home/spirals/danglot/.m2/repository/junit/junit/4.12/junit-4.12.jar:/home/spirals/danglot/.m2/repository/org/hamcrest/hamcrest-core/1.3/hamcrest-core-1.3.jar:/home/spirals/danglot/.m2/repository/com/google/code/gson/gson/2.7/gson-2.7.jar:/home/spirals/danglot/.m2/repository/org/eclipse/jetty/jetty-server/9.2.22.v20170606/jetty-server-9.2.22.v20170606.jar:/home/spirals/danglot/.m2/repository/javax/servlet/javax.servlet-api/3.1.0/javax.servlet-api-3.1.0.jar:/home/spirals/danglot/.m2/repository/org/eclipse/jetty/jetty-http/9.2.22.v20170606/jetty-http-9.2.22.v20170606.jar:/home/spirals/danglot/.m2/repository/org/eclipse/jetty/jetty-util/9.2.22.v20170606/jetty-util-9.2.22.v20170606.jar:/home/spirals/danglot/.m2/repository/org/eclipse/jetty/jetty-io/9.2.22.v20170606/jetty-io-9.2.22.v20170606.jar:/home/spirals/danglot/.m2/repository/org/eclipse/jetty/jetty-servlet/9.2.22.v20170606/jetty-servlet-9.2.22.v20170606.jar:/home/spirals/danglot/.m2/repository/org/eclipse/jetty/jetty-security/9.2.22.v20170606/jetty-security-9.2.22.v20170606.jar:/tmp/icst-2019/september-2018/dataset/jsoup/target/dspot/dependencies/:/home/spirals/danglot/.m2/repository/eu/stamp-project/test-runner/1.1.0/test-runner-1.1.0-jar-with-dependencies.jar eu.stamp_project.testrunner.runner.test.TestRunner org.jsoup.nodes.ElementTest testNextElementSiblings_mg157:testNextElementSiblings_mg160:testNextElementSiblings_mg82:testNextElementSiblings_mg79:testNextElementSiblings_mg134:testNextElementSiblings_mg78:testNextElementSiblings_mg56:testNextElementSiblings_mg156:testNextElementSiblings_mg159:testNextElementSiblings_mg81:testNextElementSiblings_mg155:testNextElementSiblings_mg77:testNextElementSiblings_mg55:testNextElementSiblings_mg133:testNextElementSiblings_mg41:testNextElementSiblings_mg143:testNextElementSiblings_mg65:testNextElementSiblings_mg132:testNextElementSiblings_mg54:testNextElementSiblings_literalMutationString8:testNextElementSiblings_mg76:testNextElementSiblings_mg166:testNextElementSiblings_mg88:testNextElementSiblings_mg154:testNextElementSiblings_mg35:testNextElementSiblings_mg31:testNextElementSiblings_mg167:testNextElementSiblings_mg33:testNextElementSiblings_mg45:testNextElementSiblings_mg95:testNextElementSiblings_mg42:testNextElementSiblings_mg89:testNextElementSiblings_mg173:testNextElementSiblings_mg32:testNextElementSiblings_mg116:testNextElementSiblings_mg123:testNextElementSiblings_mg37:testNextElementSiblings_mg201:testNextElementSiblings_mg68:testNextElementSiblings_mg194:testNextElementSiblings_mg36:testNextElementSiblings_mg93:testNextElementSiblings_mg119:testNextElementSiblings_mg146:testNextElementSiblings_mg39:testNextElementSiblings_mg66:testNextElementSiblings_mg171:testNextElementSiblings_mg38:testNextElementSiblings_mg197:testNextElementSiblings_mg72:testNextElementSiblings_mg43:testNextElementSiblings_mg144:testNextElementSiblings_mg150:testNextElementSiblings_mg104:testNextElementSiblings_mg58:testNextElementSiblings_mg70:testNextElementSiblings_mg117:testNextElementSiblings_mg182:testNextElementSiblings_mg103:testNextElementSiblings_mg195:testNextElementSiblings_mg105:testNextElementSiblings_mg136:testNextElementSiblings_mg62:testNextElementSiblings_mg148:testNextElementSiblings_mg102:testNextElementSiblings_mg181:testNextElementSiblings_mg183:testNextElementSiblings_mg180:testNextElementSiblings_mg63:testNextElementSiblings_mg69:testNextElementSiblings_mg140:testNextElementSiblings_mg121:testNextElementSiblings_mg125:testNextElementSiblings_mg141:testNextElementSiblings_mg147:testNextElementSiblings_literalMutationString7:testNextElementSiblings_mg64:testNextElementSiblings_mg203:testNextElementSiblings_mg199:testNextElementSiblings_literalMutationString16:testNextElementSiblings_mg40:testNextElementSiblings_mg57:testNextElementSiblings_mg161:testNextElementSiblings_mg142:testNextElementSiblings_literalMutationString11:testNextElementSiblings_literalMutationString12:testNextElementSiblings_mg67:testNextElementSiblings_literalMutationString17:testNextElementSiblings_mg135:testNextElementSiblings_add26:testNextElementSiblings_mg83:testNextElementSiblings_add29:testNextElementSiblings_mg145:testNextElementSiblings_mg114:testNextElementSiblings_mg61:testNextElementSiblings_add28:testNextElementSiblings_mg192:testNextElementSiblings_mg139:testNextElementSiblings_literalMutationString9:testNextElementSiblings_mg200:testNextElementSiblings_mg115:testNextElementSiblings_mg189:testNextElementSiblings_mg193:testNextElementSiblings_mg185:testNextElementSiblings_mg111:testNextElementSiblings_mg99:testNextElementSiblings_mg165:testNextElementSiblings_mg87:testNextElementSiblings_mg100:testNextElementSiblings_mg153:testNextElementSiblings_mg75:testNextElementSiblings_mg71:testNextElementSiblings_mg177:testNextElementSiblings_mg178:testNextElementSiblings_mg73:testNextElementSiblings_mg122:testNextElementSiblings_mg47:testNextElementSiblings_mg101:testNextElementSiblings_mg130:testNextElementSiblings_mg149:testNextElementSiblings_add27:testNextElementSiblings_mg151:testNextElementSiblings_mg107:testNextElementSiblings_mg127:testNextElementSiblings_mg179:testNextElementSiblings_add30:testNextElementSiblings_mg52:testNextElementSiblings_mg92:testNextElementSiblings_mg49:testNextElementSiblings_mg170:testNextElementSiblings_mg109:testNextElementSiblings_mg186:testNextElementSiblings_mg187:testNextElementSiblings_mg110:testNextElementSiblings_mg188:testNextElementSiblings_mg34:testNextElementSiblings_mg196:testNextElementSiblings_mg131:testNextElementSiblings_mg118:testNextElementSiblings_mg152:testNextElementSiblings_mg108:testNextElementSiblings_mg74:testNextElementSiblings_mg184:testNextElementSiblings_mg163:testNextElementSiblings_mg53:testNextElementSiblings_mg85:testNextElementSiblings_mg204:testNextElementSiblings_mg137:testNextElementSiblings_mg128:testNextElementSiblings_mg202:testNextElementSiblings_mg172:testNextElementSiblings_mg106:testNextElementSiblings_mg59:testNextElementSiblings_mg50:testNextElementSiblings_mg120:testNextElementSiblings_mg124:testNextElementSiblings_mg164:testNextElementSiblings_mg94:testNextElementSiblings_mg86:testNextElementSiblings_mg198:testNextElementSiblings_mg162:testNextElementSiblings_mg51:testNextElementSiblings_mg129:testNextElementSiblings_mg126:testNextElementSiblings_mg174_failAssert0:testNextElementSiblings_mg96_failAssert1:testNextElementSiblings_mg80_failAssert2:testNextElementSiblings_mg158_failAssert3:testNextElementSiblingsnull205_failAssert4:testNextElementSiblings_mg175_failAssert5:testNextElementSiblings_mg97_failAssert6:testNextElementSiblingsnull207_failAssert7:testNextElementSiblingsnull206_failAssert8:testNextElementSiblings_literalMutationString1_failAssert9:testNextElementSiblings_literalMutationString13_failAssert10:testNextElementSiblings_literalMutationString22_failAssert11:testNextElementSiblings_literalMutationString19_failAssert12:testNextElementSiblings_literalMutationString24_failAssert13:testNextElementSiblings_literalMutationString21_failAssert14:testNextElementSiblings_mg168_failAssert15:testNextElementSiblings_mg90_failAssert16:testNextElementSiblings_literalMutationString6_failAssert17:testNextElementSiblings_literalMutationString2_failAssert18:testNextElementSiblings_mg169_failAssert19:testNextElementSiblings_literalMutationString18_failAssert20:testNextElementSiblings_literalMutationString4_failAssert21:testNextElementSiblings_literalMutationString10_failAssert22:testNextElementSiblings_literalMutationString14_failAssert23:testNextElementSiblings_literalMutationString5_failAssert24:testNextElementSiblings_literalMutationString3_failAssert25:testNextElementSiblings_mg91_failAssert26:testNextElementSiblings_literalMutationString15_failAssert27:testNextElementSiblings_mg191_failAssert28:testNextElementSiblings_mg113_failAssert29:testNextElementSiblings_mg190_failAssert30:testNextElementSiblings_mg112_failAssert31:testNextElementSiblings_mg176_failAssert32:testNextElementSiblings_literalMutationString20_failAssert33:testNextElementSiblings_literalMutationString23_failAssert34:testNextElementSiblings_mg98_failAssert35
File saved to the following path: /tmp/icst-2019/september-2018/dataset/jsoup_parent/target/dspot/TestListener.ser
Loading /tmp/icst-2019/september-2018/dataset/jsoup_parent/target/dspot/TestListener.ser
[INFO] Test has been run: testNextElementSiblings_literalMutationString23_failAssert34,testNextElementSiblings_literalMutationString10_failAssert22,testNextElementSiblings_literalMutationString3_failAssert25,testNextElementSiblings_literalMutationString18_failAssert20,testNextElementSiblings_mg91_failAssert26,testNextElementSiblingsnull207_failAssert7,testNextElementSiblings_literalMutationString22_failAssert11,testNextElementSiblings_literalMutationString2_failAssert18,testNextElementSiblingsnull206_failAssert8,testNextElementSiblings_mg90_failAssert16,testNextElementSiblings_mg176_failAssert32,testNextElementSiblings_literalMutationString21_failAssert14,testNextElementSiblingsnull205_failAssert4,testNextElementSiblings_mg98_failAssert35,testNextElementSiblings_literalMutationString20_failAssert33,testNextElementSiblings_mg80_failAssert2,testNextElementSiblings_literalMutationString15_failAssert27,testNextElementSiblings_literalMutationString7,testNextElementSiblings_literalMutationString8,testNextElementSiblings_literalMutationString9,testNextElementSiblings_mg113_failAssert29,testNextElementSiblings_literalMutationString1_failAssert9,testNextElementSiblings_mg191_failAssert28,testNextElementSiblings_mg169_failAssert19,testNextElementSiblings_literalMutationString14_failAssert23,testNextElementSiblings_literalMutationString11,testNextElementSiblings_literalMutationString12,testNextElementSiblings_literalMutationString16,testNextElementSiblings_literalMutationString17,testNextElementSiblings_add26,testNextElementSiblings_add27,testNextElementSiblings_add28,testNextElementSiblings_add29,testNextElementSiblings_add30,testNextElementSiblings_mg100,testNextElementSiblings_mg101,testNextElementSiblings_mg102,testNextElementSiblings_mg103,testNextElementSiblings_mg104,testNextElementSiblings_mg105,testNextElementSiblings_mg106,testNextElementSiblings_mg107,testNextElementSiblings_mg108,testNextElementSiblings_mg109,testNextElementSiblings_mg110,testNextElementSiblings_mg111,testNextElementSiblings_mg114,testNextElementSiblings_mg115,testNextElementSiblings_mg116,testNextElementSiblings_mg117,testNextElementSiblings_mg118,testNextElementSiblings_mg119,testNextElementSiblings_mg120,testNextElementSiblings_mg121,testNextElementSiblings_mg122,testNextElementSiblings_mg123,testNextElementSiblings_mg124,testNextElementSiblings_mg125,testNextElementSiblings_mg126,testNextElementSiblings_mg127,testNextElementSiblings_mg128,testNextElementSiblings_mg129,testNextElementSiblings_mg130,testNextElementSiblings_mg131,testNextElementSiblings_mg132,testNextElementSiblings_mg133,testNextElementSiblings_mg134,testNextElementSiblings_mg135,testNextElementSiblings_mg136,testNextElementSiblings_mg137,testNextElementSiblings_mg139,testNextElementSiblings_mg140,testNextElementSiblings_mg141,testNextElementSiblings_mg142,testNextElementSiblings_mg143,testNextElementSiblings_mg144,testNextElementSiblings_mg145,testNextElementSiblings_mg146,testNextElementSiblings_mg147,testNextElementSiblings_mg148,testNextElementSiblings_mg149,testNextElementSiblings_mg150,testNextElementSiblings_mg151,testNextElementSiblings_mg152,testNextElementSiblings_mg153,testNextElementSiblings_mg154,testNextElementSiblings_mg155,testNextElementSiblings_mg156,testNextElementSiblings_mg157,testNextElementSiblings_mg159,testNextElementSiblings_mg160,testNextElementSiblings_mg161,testNextElementSiblings_mg162,testNextElementSiblings_mg163,testNextElementSiblings_mg164,testNextElementSiblings_mg165,testNextElementSiblings_mg166,testNextElementSiblings_mg167,testNextElementSiblings_mg170,testNextElementSiblings_mg171,testNextElementSiblings_mg172,testNextElementSiblings_mg173,testNextElementSiblings_mg177,testNextElementSiblings_mg178,testNextElementSiblings_mg179,testNextElementSiblings_mg180,testNextElementSiblings_mg181,testNextElementSiblings_mg182,testNextElementSiblings_mg183,testNextElementSiblings_mg184,testNextElementSiblings_mg185,testNextElementSiblings_mg186,testNextElementSiblings_mg187,testNextElementSiblings_mg188,testNextElementSiblings_mg189,testNextElementSiblings_mg192,testNextElementSiblings_mg193,testNextElementSiblings_mg194,testNextElementSiblings_mg195,testNextElementSiblings_mg196,testNextElementSiblings_mg197,testNextElementSiblings_mg198,testNextElementSiblings_mg199,testNextElementSiblings_mg200,testNextElementSiblings_mg201,testNextElementSiblings_mg202,testNextElementSiblings_mg203,testNextElementSiblings_mg204,testNextElementSiblings_mg112_failAssert31,testNextElementSiblings_mg190_failAssert30,testNextElementSiblings_mg168_failAssert15,testNextElementSiblings_literalMutationString13_failAssert10,testNextElementSiblings_literalMutationString6_failAssert17,testNextElementSiblings_literalMutationString5_failAssert24,testNextElementSiblings_mg97_failAssert6,testNextElementSiblings_mg96_failAssert1,testNextElementSiblings_mg31,testNextElementSiblings_mg32,testNextElementSiblings_mg33,testNextElementSiblings_mg34,testNextElementSiblings_mg35,testNextElementSiblings_mg36,testNextElementSiblings_mg37,testNextElementSiblings_mg38,testNextElementSiblings_mg39,testNextElementSiblings_mg40,testNextElementSiblings_mg41,testNextElementSiblings_mg42,testNextElementSiblings_mg43,testNextElementSiblings_mg45,testNextElementSiblings_mg47,testNextElementSiblings_mg49,testNextElementSiblings_mg50,testNextElementSiblings_mg51,testNextElementSiblings_mg52,testNextElementSiblings_mg53,testNextElementSiblings_mg54,testNextElementSiblings_mg55,testNextElementSiblings_mg56,testNextElementSiblings_mg57,testNextElementSiblings_mg58,testNextElementSiblings_mg59,testNextElementSiblings_mg61,testNextElementSiblings_mg62,testNextElementSiblings_mg63,testNextElementSiblings_mg64,testNextElementSiblings_mg65,testNextElementSiblings_mg66,testNextElementSiblings_mg67,testNextElementSiblings_mg68,testNextElementSiblings_mg69,testNextElementSiblings_mg70,testNextElementSiblings_mg71,testNextElementSiblings_mg72,testNextElementSiblings_mg73,testNextElementSiblings_mg74,testNextElementSiblings_mg75,testNextElementSiblings_mg76,testNextElementSiblings_mg77,testNextElementSiblings_mg78,testNextElementSiblings_mg79,testNextElementSiblings_mg81,testNextElementSiblings_mg82,testNextElementSiblings_mg83,testNextElementSiblings_mg85,testNextElementSiblings_mg86,testNextElementSiblings_mg87,testNextElementSiblings_mg88,testNextElementSiblings_mg89,testNextElementSiblings_mg92,testNextElementSiblings_mg93,testNextElementSiblings_mg94,testNextElementSiblings_mg95,testNextElementSiblings_mg99,testNextElementSiblings_mg175_failAssert5,testNextElementSiblings_literalMutationString24_failAssert13,testNextElementSiblings_literalMutationString4_failAssert21,testNextElementSiblings_mg158_failAssert3,testNextElementSiblings_literalMutationString19_failAssert12,testNextElementSiblings_mg174_failAssert0
[INFO] 0 amplified test methods has been selected to be kept.
[INFO] iteration 1 / 3
[INFO] 200 tests selected to be amplified over 200 available tests
[INFO] Amplification of inputs...
 66% |================================= ]| 91% |============================================= ]- 81% |============================================= ]\ 31% |============================================= ]\ 28% |============================================= ]/ 44% |============================================= ]| 16% |============================================= ]|  6% |============================================= ]/ 91% |============================================= ]\ 29% |============================================= ]- 92% |============================================== ]| 44% |============================================== ]/ 82% |============================================== ]| 66% |============================================== ]/  7% |============================================== ]- 32% |============================================== ]| 16% |============================================== ]/ 92% |============================================== ]/ 82% |============================================== ]/ 29% |============================================== ]\ 45% |============================================== ]- 93% |============================================== ]- 32% |============================================== ]/ 67% |============================================== ]- 93% |============================================== ]\  7% |============================================== ]\ 17% |============================================== ]- 83% |============================================== ]- 30% |============================================== ]| 88% |============================================== ]| 33% |============================================== ]- 45% |============================================== ]\ 67% |============================================== ]\ 88% |============================================== ]/ 30% |============================================== ]/ 83% |============================================== ]\ 89% |============================================== ]- 33% |============================================== ]\ 17% |============================================== ]\ 46% |============================================== ]| 89% |============================================== ]\ 84% |============================================== ]| 68% |============================================== ]| 31% |============================================== ]- 90% |============================================== ]| 34% |============================================== ]|  8% |============================================== ]| 90% |============================================== ]/ 84% |============================================== ]/ 25% |============================================== ]\ 18% |============================================== ]| 34% |============================================== ]/ 97% |================================================ ]- 85% |================================================ ]- 68% |================================================ ]/ 46% |================================================ ]/  8% |================================================ ]/ 85% |================================================ ]\ 26% |================================================ ]| 97% |================================================ ]\ 18% |================================================ ]/ 35% |================================================ ]- 98% |================================================= ]| 47% |================================================= ]- 63% |================================================= ]- 86% |================================================= ]| 13% |================================================= ]- 98% |================================================= ]/ 35% |================================================= ]\ 86% |================================================= ]/ 26% |================================================= ]/  9% |================================================= ]- 99% |================================================= ]- 63% |================================================= ]\ 47% |================================================= ]\ 87% |================================================= ]- 13% |================================================= ]\ 99% |================================================= ]\ 36% |================================================= ]| 87% |================================================= ]\100% |================================================== ]|
 78% |======================================= ]/ 48% |======================================= ]| 36% |======================================= ]/ 27% |======================================= ]- 64% |======================================= ]| 14% |======================================= ]| 94% |=============================================== ]|  9% |=============================================== ]\ 94% |=============================================== ]/ 79% |=============================================== ]- 14% |=============================================== ]/ 48% |=============================================== ]/ 37% |=============================================== ]- 95% |=============================================== ]- 64% |=============================================== ]/ 27% |=============================================== ]\ 95% |=============================================== ]\ 10% |=============================================== ]| 37% |=============================================== ]\ 49% |=============================================== ]- 15% |=============================================== ]- 96% |================================================ ]| 79% |================================================ ]\ 28% |================================================ ]| 10% |================================================ ]/ 96% |================================================ ]/ 75% |================================================ ]\ 65% |================================================ ]- 49% |================================================ ]\ 15% |================================================ ]\  3% |================================================ ]\ 22% |================================================ ]| 80% |================================================ ]| 11% |================================================ ]- 50% |================================================ ]| 65% |================================================ ]\ 22% |================================================ ]/ 76% |================================================ ]| 41% |================================================ ]-  4% |================================================ ]| 80% |================================================ ]/ 11% |================================================ ]\  0% |================================================ ]/ 23% |================================================ ]- 72% |================================================ ]| 41% |================================================ ]\ 76% |================================================ ]/ 81% |================================================ ]-  4% |================================================ ]/ 12% |================================================ ]| 23% |================================================ ]\  1% |================================================ ]- 72% |================================================ ]/ 42% |================================================ ]| 77% |================================================ ]-  5% |================================================ ]- 19% |================================================ ]- 24% |================================================ ]| 12% |================================================ ]/ 42% |================================================ ]/  1% |================================================ ]\ 73% |================================================ ]- 19% |================================================ ]\ 43% |================================================ ]-  5% |================================================ ]\ 77% |================================================ ]\ 38% |================================================ ]| 24% |================================================ ]/  2% |================================================ ]| 73% |================================================ ]\ 20% |================================================ ]| 43% |================================================ ]\ 38% |================================================ ]/ 25% |================================================ ]-  6% |================================================ ]| 78% |================================================ ]| 20% |================================================ ]/  2% |================================================ ]/ 74% |================================================ ]| 39% |================================================ ]- 56% |================================================ ]/ 53% |================================================ ]\ 50% |================================================ ]/ 21% |================================================ ]- 59% |================================================ ]\ 39% |================================================ ]\  3% |================================================ ]- 74% |================================================ ]/ 57% |================================================ ]- 51% |================================================ ]- 54% |================================================ ]| 21% |================================================ ]\ 40% |================================================ ]| 60% |================================================ ]| 69% |================================================ ]- 75% |================================================ ]- 57% |================================================ ]\ 54% |================================================ ]/ 51% |================================================ ]\ 60% |================================================ ]/ 40% |================================================ ]/ 69% |================================================ ]\ 58% |================================================ ]| 52% |================================================ ]| 55% |================================================ ]- 61% |================================================ ]- 70% |================================================ ]| 61% |================================================ ]\ 58% |================================================ ]/ 55% |================================================ ]\ 52% |================================================ ]/[INFO] ------------------------------------------------------------------------
[INFO] BUILD FAILURE
[INFO] ------------------------------------------------------------------------
[INFO] Total time: 02:22 h
[INFO] Finished at: 2018-09-30T18:54:14+02:00
[INFO] ------------------------------------------------------------------------
[ERROR] OutOfMemoryError: Java heap space -> [Help 1]
java.lang.OutOfMemoryError
    at sun.reflect.NativeConstructorAccessorImpl.newInstance0 (Native Method)
    at sun.reflect.NativeConstructorAccessorImpl.newInstance (NativeConstructorAccessorImpl.java:62)
    at sun.reflect.DelegatingConstructorAccessorImpl.newInstance (DelegatingConstructorAccessorImpl.java:45)
    at java.lang.reflect.Constructor.newInstance (Constructor.java:423)
    at java.util.concurrent.ForkJoinTask.getThrowableException (ForkJoinTask.java:598)
    at java.util.concurrent.ForkJoinTask.reportException (ForkJoinTask.java:677)
    at java.util.concurrent.ForkJoinTask.invoke (ForkJoinTask.java:735)
    at java.util.stream.ReduceOps$ReduceOp.evaluateParallel (ReduceOps.java:714)
    at java.util.stream.AbstractPipeline.evaluate (AbstractPipeline.java:233)
    at java.util.stream.ReferencePipeline.collect (ReferencePipeline.java:499)
    at eu.stamp_project.dspot.budget.NoBudgetizer.inputAmplify (NoBudgetizer.java:55)
    at eu.stamp_project.dspot.Amplification.amplification (Amplification.java:134)
    at eu.stamp_project.dspot.Amplification.amplification (Amplification.java:97)
    at eu.stamp_project.dspot.DSpot.amplifyTest (DSpot.java:181)
    at eu.stamp_project.dspot.DSpot.amplifyTest (DSpot.java:171)
    at eu.stamp_project.Main.lambda$run$1 (Main.java:69)
    at java.util.stream.ReferencePipeline$3$1.accept (ReferencePipeline.java:193)
    at java.util.ArrayList$ArrayListSpliterator.forEachRemaining (ArrayList.java:1374)
    at java.util.stream.AbstractPipeline.copyInto (AbstractPipeline.java:481)
    at java.util.stream.AbstractPipeline.wrapAndCopyInto (AbstractPipeline.java:471)
    at java.util.stream.ReduceOps$ReduceOp.evaluateSequential (ReduceOps.java:708)
    at java.util.stream.AbstractPipeline.evaluate (AbstractPipeline.java:234)
    at java.util.stream.ReferencePipeline.collect (ReferencePipeline.java:499)
    at eu.stamp_project.Main.run (Main.java:71)
    at eu.stamp_project.DSpotMojo.execute (DSpotMojo.java:263)
    at org.apache.maven.plugin.DefaultBuildPluginManager.executeMojo (DefaultBuildPluginManager.java:137)
    at org.apache.maven.lifecycle.internal.MojoExecutor.execute (MojoExecutor.java:208)
    at org.apache.maven.lifecycle.internal.MojoExecutor.execute (MojoExecutor.java:154)
    at org.apache.maven.lifecycle.internal.MojoExecutor.execute (MojoExecutor.java:146)
    at org.apache.maven.lifecycle.internal.LifecycleModuleBuilder.buildProject (LifecycleModuleBuilder.java:117)
    at org.apache.maven.lifecycle.internal.LifecycleModuleBuilder.buildProject (LifecycleModuleBuilder.java:81)
    at org.apache.maven.lifecycle.internal.builder.singlethreaded.SingleThreadedBuilder.build (SingleThreadedBuilder.java:56)
    at org.apache.maven.lifecycle.internal.LifecycleStarter.execute (LifecycleStarter.java:128)
    at org.apache.maven.DefaultMaven.doExecute (DefaultMaven.java:305)
    at org.apache.maven.DefaultMaven.doExecute (DefaultMaven.java:192)
    at org.apache.maven.DefaultMaven.execute (DefaultMaven.java:105)
    at org.apache.maven.cli.MavenCli.execute (MavenCli.java:954)
    at org.apache.maven.cli.MavenCli.doMain (MavenCli.java:288)
    at org.apache.maven.cli.MavenCli.main (MavenCli.java:192)
    at sun.reflect.NativeMethodAccessorImpl.invoke0 (Native Method)
    at sun.reflect.NativeMethodAccessorImpl.invoke (NativeMethodAccessorImpl.java:62)
    at sun.reflect.DelegatingMethodAccessorImpl.invoke (DelegatingMethodAccessorImpl.java:43)
    at java.lang.reflect.Method.invoke (Method.java:498)
    at org.codehaus.plexus.classworlds.launcher.Launcher.launchEnhanced (Launcher.java:289)
    at org.codehaus.plexus.classworlds.launcher.Launcher.launch (Launcher.java:229)
    at org.codehaus.plexus.classworlds.launcher.Launcher.mainWithExitCode (Launcher.java:415)
    at org.codehaus.plexus.classworlds.launcher.Launcher.main (Launcher.java:356)
Caused by: java.lang.OutOfMemoryError: Java heap space
    at java.util.TreeMap.put (TreeMap.java:540)
    at java.util.TreeSet.add (TreeSet.java:255)
    at java.util.AbstractCollection.addAll (AbstractCollection.java:344)
    at java.util.TreeSet.addAll (TreeSet.java:312)
    at spoon.support.reflect.declaration.CtAnnotationImpl$1.entrySet (CtAnnotationImpl.java:90)
    at java.util.Collections$UnmodifiableMap.entrySet (Collections.java:1481)
    at spoon.reflect.visitor.DefaultJavaPrettyPrinter.visitCtAnnotation (DefaultJavaPrettyPrinter.java:442)
    at spoon.support.reflect.declaration.CtAnnotationImpl.accept (CtAnnotationImpl.java:100)
    at spoon.reflect.visitor.DefaultJavaPrettyPrinter.scan (DefaultJavaPrettyPrinter.java:371)
    at spoon.support.reflect.declaration.CtElementImpl.toString (CtElementImpl.java:302)
    at eu.stamp_project.utils.CloneHelper.lambda$cloneMethod$1 (CloneHelper.java:130)
    at eu.stamp_project.utils.CloneHelper$$Lambda$113/1268088240.test (Unknown Source)
    at java.util.stream.ReferencePipeline$2$1.accept (ReferencePipeline.java:174)
    at java.util.ArrayList$ArrayListSpliterator.tryAdvance (ArrayList.java:1351)
    at java.util.stream.ReferencePipeline.forEachWithCancel (ReferencePipeline.java:126)
    at java.util.stream.AbstractPipeline.copyIntoWithCancel (AbstractPipeline.java:498)
    at java.util.stream.AbstractPipeline.copyInto (AbstractPipeline.java:485)
    at java.util.stream.AbstractPipeline.wrapAndCopyInto (AbstractPipeline.java:471)
    at java.util.stream.FindOps$FindOp.evaluateSequential (FindOps.java:152)
    at java.util.stream.AbstractPipeline.evaluate (AbstractPipeline.java:234)
    at java.util.stream.ReferencePipeline.findFirst (ReferencePipeline.java:464)
    at eu.stamp_project.utils.CloneHelper.cloneMethod (CloneHelper.java:131)
    at eu.stamp_project.utils.CloneHelper.cloneTestMethod (CloneHelper.java:149)
    at eu.stamp_project.utils.CloneHelper.cloneTestMethodForAmp (CloneHelper.java:107)
    at eu.stamp_project.dspot.amplifier.TestMethodCallAdder.apply (TestMethodCallAdder.java:53)
    at eu.stamp_project.dspot.amplifier.TestMethodCallAdder.lambda$amplify$0 (TestMethodCallAdder.java:29)
    at eu.stamp_project.dspot.amplifier.TestMethodCallAdder$$Lambda$185/550498846.apply (Unknown Source)
    at java.util.stream.ReferencePipeline$3$1.accept (ReferencePipeline.java:193)
    at java.util.ArrayList$ArrayListSpliterator.forEachRemaining (ArrayList.java:1374)
    at java.util.stream.AbstractPipeline.copyInto (AbstractPipeline.java:481)
    at java.util.stream.AbstractPipeline.wrapAndCopyInto (AbstractPipeline.java:471)
    at java.util.stream.ForEachOps$ForEachOp.evaluateSequential (ForEachOps.java:151)
[ERROR] 
[ERROR] 
[ERROR] For more information about the errors and possible solutions, please read the following articles:
[ERROR] [Help 1] http://cwiki.apache.org/confluence/display/MAVEN/OutOfMemoryError
