[INFO] Scanning for projects...
[INFO] 
[INFO] ---------------------------< io.scif:scifio >---------------------------
[INFO] Building SCIFIO Core 0.37.1-SNAPSHOT
[INFO] --------------------------------[ jar ]---------------------------------
[INFO] 
[INFO] --- dspot-maven:1.1.1-SNAPSHOT:amplify-unit-tests (default-cli) @ scifio ---
Downloading from stamp-maven-repository-mvn-repo: https://stamp-project.github.io/stamp-maven-repository/eu/stamp-project/dspot/1.1.1-SNAPSHOT/maven-metadata.xml
Downloading from stamp-maven-repository-mvn-repo: https://stamp-project.github.io/stamp-maven-repository/fr/inria/gforge/spoon/spoon-core/7.1.0-SNAPSHOT/maven-metadata.xml
Downloading from stamp-maven-repository-mvn-repo: https://stamp-project.github.io/stamp-maven-repository/org/eclipse/platform/org.eclipse.core.resources/maven-metadata.xml
Downloading from stamp-maven-repository-mvn-repo: https://stamp-project.github.io/stamp-maven-repository/org/eclipse/platform/org.eclipse.core.expressions/maven-metadata.xml
Downloading from stamp-maven-repository-mvn-repo: https://stamp-project.github.io/stamp-maven-repository/org/eclipse/platform/org.eclipse.core.runtime/maven-metadata.xml
Downloading from stamp-maven-repository-mvn-repo: https://stamp-project.github.io/stamp-maven-repository/org/eclipse/platform/org.eclipse.osgi/maven-metadata.xml
Downloading from stamp-maven-repository-mvn-repo: https://stamp-project.github.io/stamp-maven-repository/org/eclipse/platform/org.eclipse.equinox.common/maven-metadata.xml
Downloading from stamp-maven-repository-mvn-repo: https://stamp-project.github.io/stamp-maven-repository/org/eclipse/platform/org.eclipse.core.jobs/maven-metadata.xml
Downloading from stamp-maven-repository-mvn-repo: https://stamp-project.github.io/stamp-maven-repository/org/eclipse/platform/org.eclipse.equinox.registry/maven-metadata.xml
Downloading from stamp-maven-repository-mvn-repo: https://stamp-project.github.io/stamp-maven-repository/org/eclipse/platform/org.eclipse.equinox.preferences/maven-metadata.xml
Downloading from stamp-maven-repository-mvn-repo: https://stamp-project.github.io/stamp-maven-repository/org/eclipse/platform/org.eclipse.core.contenttype/maven-metadata.xml
Downloading from stamp-maven-repository-mvn-repo: https://stamp-project.github.io/stamp-maven-repository/org/eclipse/platform/org.eclipse.equinox.app/maven-metadata.xml
Downloading from stamp-maven-repository-mvn-repo: https://stamp-project.github.io/stamp-maven-repository/org/eclipse/platform/org.eclipse.core.filesystem/maven-metadata.xml
Downloading from stamp-maven-repository-mvn-repo: https://stamp-project.github.io/stamp-maven-repository/org/eclipse/platform/org.eclipse.text/maven-metadata.xml
Downloading from stamp-maven-repository-mvn-repo: https://stamp-project.github.io/stamp-maven-repository/org/eclipse/platform/org.eclipse.core.commands/maven-metadata.xml
[INFO] Path to runner Classes: /home/spirals/danglot/.m2/repository/eu/stamp-project/test-runner/1.1.0/test-runner-1.1.0-jar-with-dependencies.jar
[INFO] /home/spirals/danglot/.m2/repository/org/jacoco/org.jacoco.core/0.7.9/org.jacoco.core-0.7.9.jar
[INFO] /home/spirals/danglot/.m2/repository/org/ow2/asm/asm-debug-all/5.2/asm-debug-all-5.2.jar
[INFO] /home/spirals/danglot/.m2/repository/eu/stamp-project/test-runner/1.1.0/test-runner-1.1.0-jar-with-dependencies.jar
[WARNING] automaticBuilderName: unknown automatic builder specified in configuration, going to default.
[INFO] Default: provided Maven automatic builder.
[INFO] run maven clean test -DskipTests dependency:build-classpath -Dmdep.outputFile=target/dspot/classpath
[WARN] Maven will be executed in interactive mode, but no input stream has been configured for this MavenInvoker instance.
[INFO] Scanning for projects...
Downloading from central: https://repo.maven.apache.org/maven2/org/fusesource/mvnplugins/maven-graph-plugin/1.39/maven-graph-plugin-1.39.pom
Progress (1): 2.2/2.4 kB
Progress (1): 2.4 kB    
                    
Downloaded from central: https://repo.maven.apache.org/maven2/org/fusesource/mvnplugins/maven-graph-plugin/1.39/maven-graph-plugin-1.39.pom (2.4 kB at 3.0 kB/s)
Downloading from central: https://repo.maven.apache.org/maven2/org/fusesource/mvnplugins/mvnplugins/1.39/mvnplugins-1.39.pom
Progress (1): 2.2/9.4 kB
Progress (1): 5.0/9.4 kB
Progress (1): 7.8/9.4 kB
Progress (1): 9.4 kB    
                    
Downloaded from central: https://repo.maven.apache.org/maven2/org/fusesource/mvnplugins/mvnplugins/1.39/mvnplugins-1.39.pom (9.4 kB at 26 kB/s)
Downloading from central: https://repo.maven.apache.org/maven2/org/fusesource/fusesource-pom/1.11/fusesource-pom-1.11.pom
Progress (1): 2.8/15 kB
Progress (1): 5.5/15 kB
Progress (1): 8.3/15 kB
Progress (1): 11/15 kB 
Progress (1): 14/15 kB
Progress (1): 15 kB   
                   
Downloaded from central: https://repo.maven.apache.org/maven2/org/fusesource/fusesource-pom/1.11/fusesource-pom-1.11.pom (15 kB at 22 kB/s)
Downloading from central: https://repo.maven.apache.org/maven2/org/fusesource/mvnplugins/maven-graph-plugin/1.39/maven-graph-plugin-1.39.jar
Progress (1): 2.2/26 kB
Progress (1): 5.0/26 kB
Progress (1): 7.7/26 kB
Progress (1): 10/26 kB 
Progress (1): 13/26 kB
Progress (1): 16/26 kB
Progress (1): 19/26 kB
Progress (1): 21/26 kB
Progress (1): 24/26 kB
Progress (1): 26 kB   
                   
Downloaded from central: https://repo.maven.apache.org/maven2/org/fusesource/mvnplugins/maven-graph-plugin/1.39/maven-graph-plugin-1.39.jar (26 kB at 30 kB/s)
Downloading from central: https://repo.maven.apache.org/maven2/com/zenjava/javafx-maven-plugin/8.6.0/javafx-maven-plugin-8.6.0.pom
Progress (1): 2.2/16 kB
Progress (1): 5.0/16 kB
Progress (1): 7.8/16 kB
Progress (1): 11/16 kB 
Progress (1): 13/16 kB
Progress (1): 16 kB   
                   
Downloaded from central: https://repo.maven.apache.org/maven2/com/zenjava/javafx-maven-plugin/8.6.0/javafx-maven-plugin-8.6.0.pom (16 kB at 33 kB/s)
Downloading from central: https://repo.maven.apache.org/maven2/com/zenjava/javafx-maven-plugin/8.6.0/javafx-maven-plugin-8.6.0.jar
Progress (1): 2.2/85 kB
Progress (1): 5.0/85 kB
Progress (1): 7.7/85 kB
Progress (1): 10/85 kB 
Progress (1): 13/85 kB
Progress (1): 16/85 kB
Progress (1): 19/85 kB
Progress (1): 21/85 kB
Progress (1): 24/85 kB
Progress (1): 27/85 kB
Progress (1): 30/85 kB
Progress (1): 32/85 kB
Progress (1): 36/85 kB
Progress (1): 40/85 kB
Progress (1): 45/85 kB
Progress (1): 49/85 kB
Progress (1): 53/85 kB
Progress (1): 57/85 kB
Progress (1): 61/85 kB
Progress (1): 65/85 kB
Progress (1): 69/85 kB
Progress (1): 73/85 kB
Progress (1): 77/85 kB
Progress (1): 81/85 kB
Progress (1): 85 kB   
                   
Downloaded from central: https://repo.maven.apache.org/maven2/com/zenjava/javafx-maven-plugin/8.6.0/javafx-maven-plugin-8.6.0.jar (85 kB at 78 kB/s)
Downloading from central: https://repo.maven.apache.org/maven2/com/github/maven-nar/nar-maven-plugin/3.5.1/nar-maven-plugin-3.5.1.pom
Progress (1): 4.1/23 kB
Progress (1): 7.7/23 kB
Progress (1): 12/23 kB 
Progress (1): 16/23 kB
Progress (1): 20/23 kB
Progress (1): 23 kB   
                   
Downloaded from central: https://repo.maven.apache.org/maven2/com/github/maven-nar/nar-maven-plugin/3.5.1/nar-maven-plugin-3.5.1.pom (23 kB at 49 kB/s)
Downloading from central: https://repo.maven.apache.org/maven2/com/github/maven-nar/nar-maven-plugin/3.5.1/nar-maven-plugin-3.5.1.jar
Progress (1): 4.1/623 kB
Progress (1): 7.7/623 kB
Progress (1): 12/623 kB 
Progress (1): 16/623 kB
Progress (1): 20/623 kB
Progress (1): 24/623 kB
Progress (1): 28/623 kB
Progress (1): 32/623 kB
Progress (1): 36/623 kB
Progress (1): 40/623 kB
Progress (1): 45/623 kB
Progress (1): 49/623 kB
Progress (1): 53/623 kB
Progress (1): 57/623 kB
Progress (1): 61/623 kB
Progress (1): 65/623 kB
Progress (1): 69/623 kB
Progress (1): 73/623 kB
Progress (1): 77/623 kB
Progress (1): 81/623 kB
Progress (1): 85/623 kB
Progress (1): 90/623 kB
Progress (1): 94/623 kB
Progress (1): 98/623 kB
Progress (1): 102/623 kB
Progress (1): 106/623 kB
Progress (1): 110/623 kB
Progress (1): 114/623 kB
Progress (1): 118/623 kB
Progress (1): 122/623 kB
Progress (1): 126/623 kB
Progress (1): 131/623 kB
Progress (1): 135/623 kB
Progress (1): 139/623 kB
Progress (1): 143/623 kB
Progress (1): 147/623 kB
Progress (1): 151/623 kB
Progress (1): 155/623 kB
Progress (1): 159/623 kB
Progress (1): 163/623 kB
Progress (1): 167/623 kB
Progress (1): 171/623 kB
Progress (1): 176/623 kB
Progress (1): 180/623 kB
Progress (1): 184/623 kB
Progress (1): 188/623 kB
Progress (1): 192/623 kB
Progress (1): 196/623 kB
Progress (1): 200/623 kB
Progress (1): 204/623 kB
Progress (1): 208/623 kB
Progress (1): 212/623 kB
Progress (1): 217/623 kB
Progress (1): 221/623 kB
Progress (1): 225/623 kB
Progress (1): 229/623 kB
Progress (1): 233/623 kB
Progress (1): 237/623 kB
Progress (1): 241/623 kB
Progress (1): 245/623 kB
Progress (1): 249/623 kB
Progress (1): 253/623 kB
Progress (1): 258/623 kB
Progress (1): 262/623 kB
Progress (1): 266/623 kB
Progress (1): 270/623 kB
Progress (1): 274/623 kB
Progress (1): 278/623 kB
Progress (1): 282/623 kB
Progress (1): 286/623 kB
Progress (1): 290/623 kB
Progress (1): 294/623 kB
Progress (1): 298/623 kB
Progress (1): 303/623 kB
Progress (1): 307/623 kB
Progress (1): 311/623 kB
Progress (1): 315/623 kB
Progress (1): 319/623 kB
Progress (1): 323/623 kB
Progress (1): 327/623 kB
Progress (1): 331/623 kB
Progress (1): 335/623 kB
Progress (1): 339/623 kB
Progress (1): 344/623 kB
Progress (1): 348/623 kB
Progress (1): 352/623 kB
Progress (1): 356/623 kB
Progress (1): 360/623 kB
Progress (1): 364/623 kB
Progress (1): 368/623 kB
Progress (1): 372/623 kB
Progress (1): 376/623 kB
Progress (1): 380/623 kB
Progress (1): 384/623 kB
Progress (1): 389/623 kB
Progress (1): 393/623 kB
Progress (1): 397/623 kB
Progress (1): 401/623 kB
Progress (1): 405/623 kB
Progress (1): 409/623 kB
Progress (1): 413/623 kB
Progress (1): 417/623 kB
Progress (1): 421/623 kB
Progress (1): 425/623 kB
Progress (1): 430/623 kB
Progress (1): 434/623 kB
Progress (1): 438/623 kB
Progress (1): 442/623 kB
Progress (1): 446/623 kB
Progress (1): 450/623 kB
Progress (1): 454/623 kB
Progress (1): 458/623 kB
Progress (1): 462/623 kB
Progress (1): 466/623 kB
Progress (1): 470/623 kB
Progress (1): 475/623 kB
Progress (1): 479/623 kB
Progress (1): 483/623 kB
Progress (1): 487/623 kB
Progress (1): 491/623 kB
Progress (1): 495/623 kB
Progress (1): 499/623 kB
Progress (1): 503/623 kB
Progress (1): 507/623 kB
Progress (1): 511/623 kB
Progress (1): 516/623 kB
Progress (1): 520/623 kB
Progress (1): 524/623 kB
Progress (1): 528/623 kB
Progress (1): 532/623 kB
Progress (1): 536/623 kB
Progress (1): 540/623 kB
Progress (1): 544/623 kB
Progress (1): 548/623 kB
Progress (1): 552/623 kB
Progress (1): 557/623 kB
Progress (1): 561/623 kB
Progress (1): 565/623 kB
Progress (1): 569/623 kB
Progress (1): 573/623 kB
Progress (1): 577/623 kB
Progress (1): 581/623 kB
Progress (1): 585/623 kB
Progress (1): 589/623 kB
Progress (1): 593/623 kB
Progress (1): 597/623 kB
Progress (1): 602/623 kB
Progress (1): 606/623 kB
Progress (1): 610/623 kB
Progress (1): 614/623 kB
Progress (1): 618/623 kB
Progress (1): 622/623 kB
Progress (1): 623 kB    
                    
Downloaded from central: https://repo.maven.apache.org/maven2/com/github/maven-nar/nar-maven-plugin/3.5.1/nar-maven-plugin-3.5.1.jar (623 kB at 133 kB/s)
Downloading from central: https://repo.maven.apache.org/maven2/org/apache/maven/plugins/maven-dependency-plugin/3.0.0/maven-dependency-plugin-3.0.0.pom
Progress (1): 2.2/14 kB
Progress (1): 5.0/14 kB
Progress (1): 7.8/14 kB
Progress (1): 11/14 kB 
Progress (1): 13/14 kB
Progress (1): 14 kB   
                   
Downloaded from central: https://repo.maven.apache.org/maven2/org/apache/maven/plugins/maven-dependency-plugin/3.0.0/maven-dependency-plugin-3.0.0.pom (14 kB at 32 kB/s)
Downloading from central: https://repo.maven.apache.org/maven2/org/apache/maven/plugins/maven-dependency-plugin/3.0.0/maven-dependency-plugin-3.0.0.jar
Progress (1): 2.2/164 kB
Progress (1): 5.0/164 kB
Progress (1): 7.7/164 kB
Progress (1): 10/164 kB 
Progress (1): 13/164 kB
Progress (1): 16/164 kB
Progress (1): 19/164 kB
Progress (1): 21/164 kB
Progress (1): 24/164 kB
Progress (1): 27/164 kB
Progress (1): 30/164 kB
Progress (1): 32/164 kB
Progress (1): 36/164 kB
Progress (1): 40/164 kB
Progress (1): 45/164 kB
Progress (1): 49/164 kB
Progress (1): 53/164 kB
Progress (1): 57/164 kB
Progress (1): 61/164 kB
Progress (1): 65/164 kB
Progress (1): 69/164 kB
Progress (1): 73/164 kB
Progress (1): 77/164 kB
Progress (1): 81/164 kB
Progress (1): 85/164 kB
Progress (1): 90/164 kB
Progress (1): 94/164 kB
Progress (1): 98/164 kB
Progress (1): 102/164 kB
Progress (1): 106/164 kB
Progress (1): 110/164 kB
Progress (1): 114/164 kB
Progress (1): 118/164 kB
Progress (1): 122/164 kB
Progress (1): 126/164 kB
Progress (1): 131/164 kB
Progress (1): 135/164 kB
Progress (1): 139/164 kB
Progress (1): 143/164 kB
Progress (1): 147/164 kB
Progress (1): 151/164 kB
Progress (1): 155/164 kB
Progress (1): 159/164 kB
Progress (1): 163/164 kB
Progress (1): 164 kB    
                    
Downloaded from central: https://repo.maven.apache.org/maven2/org/apache/maven/plugins/maven-dependency-plugin/3.0.0/maven-dependency-plugin-3.0.0.jar (164 kB at 63 kB/s)
[INFO] 
[INFO] ---------------------------< io.scif:scifio >---------------------------
[INFO] Building SCIFIO Core 0.37.1-SNAPSHOT
[INFO] --------------------------------[ jar ]---------------------------------
[INFO] 
[INFO] --- maven-clean-plugin:3.0.0:clean (default-clean) @ scifio ---
[INFO] Deleting /tmp/icst-2019/september-2018/dataset/scifio_parent/target
[INFO] 
[INFO] --- maven-enforcer-plugin:1.4.1:enforce (enforce-rules) @ scifio ---
[INFO] Skipping Rule Enforcement.
[INFO] 
[INFO] --- build-helper-maven-plugin:1.12:regex-property (sanitize-version) @ scifio ---
[INFO] 
[INFO] --- buildnumber-maven-plugin:1.4:create (default) @ scifio ---
[INFO] Executing: /bin/sh -c cd '/tmp/icst-2019/september-2018/dataset/scifio_parent' && 'git' 'rev-parse' '--verify' 'HEAD'
[INFO] Working directory: /tmp/icst-2019/september-2018/dataset/scifio_parent
[INFO] Storing buildNumber: 5590cffe5f32d87f00fce435b7f04bc924a7f2d4 at timestamp: 1537620967585
[INFO] Storing buildScmBranch: master
[INFO] 
[INFO] --- scijava-maven-plugin:1.0.0:set-rootdir (set-rootdir) @ scifio ---
[INFO] Setting rootdir: /tmp/icst-2019/september-2018/dataset/scifio_parent
[INFO] 
[INFO] --- maven-resources-plugin:3.0.2:resources (default-resources) @ scifio ---
[INFO] Using 'UTF-8' encoding to copy filtered resources.
[INFO] skip non existing resourceDirectory /tmp/icst-2019/september-2018/dataset/scifio_parent/src/main/resources
[INFO] 
[INFO] --- maven-compiler-plugin:3.7.0:compile (default-compile) @ scifio ---
[INFO] Compiling 304 source files to /tmp/icst-2019/september-2018/dataset/scifio_parent/target/classes
[INFO] /tmp/icst-2019/september-2018/dataset/scifio_parent/src/main/java/io/scif/img/ImgPlusCtxCleaningProvider.java: Some input files use unchecked or unsafe operations.
[INFO] /tmp/icst-2019/september-2018/dataset/scifio_parent/src/main/java/io/scif/img/ImgPlusCtxCleaningProvider.java: Recompile with -Xlint:unchecked for details.
[INFO] 
[INFO] --- maven-resources-plugin:3.0.2:testResources (default-testResources) @ scifio ---
[INFO] Using 'UTF-8' encoding to copy filtered resources.
[INFO] Copying 2 resources
[INFO] 
[INFO] --- maven-compiler-plugin:3.7.0:testCompile (default-testCompile) @ scifio ---
[INFO] Compiling 71 source files to /tmp/icst-2019/september-2018/dataset/scifio_parent/target/test-classes
[INFO] /tmp/icst-2019/september-2018/dataset/scifio_parent/src/test/java/io/scif/img/cell/SCIFIOCellImgTest.java: Some input files use or override a deprecated API.
[INFO] /tmp/icst-2019/september-2018/dataset/scifio_parent/src/test/java/io/scif/img/cell/SCIFIOCellImgTest.java: Recompile with -Xlint:deprecation for details.
[INFO] /tmp/icst-2019/september-2018/dataset/scifio_parent/src/test/java/io/scif/io/TestParameters.java: /tmp/icst-2019/september-2018/dataset/scifio_parent/src/test/java/io/scif/io/TestParameters.java uses unchecked or unsafe operations.
[INFO] /tmp/icst-2019/september-2018/dataset/scifio_parent/src/test/java/io/scif/io/TestParameters.java: Recompile with -Xlint:unchecked for details.
[INFO] 
[INFO] --- maven-surefire-plugin:2.19.1:test (default-test) @ scifio ---
[INFO] Tests are skipped.
[INFO] 
[INFO] --- maven-dependency-plugin:3.0.0:build-classpath (default-cli) @ scifio ---
[INFO] Wrote classpath file '/tmp/icst-2019/september-2018/dataset/scifio_parent/target/dspot/classpath'.
[INFO] ------------------------------------------------------------------------
[INFO] BUILD SUCCESS
[INFO] ------------------------------------------------------------------------
[INFO] Total time: 27.812 s
[INFO] Finished at: 2018-09-22T14:56:18+02:00
[INFO] ------------------------------------------------------------------------
[INFO] run maven clean test -DskipTests dependency:build-classpath -Dmdep.outputFile=target/dspot/classpath
[WARN] Maven will be executed in interactive mode, but no input stream has been configured for this MavenInvoker instance.
[INFO] Scanning for projects...
[INFO] 
[INFO] ---------------------------< io.scif:scifio >---------------------------
[INFO] Building SCIFIO Core 0.37.1-SNAPSHOT
[INFO] --------------------------------[ jar ]---------------------------------
[INFO] 
[INFO] --- maven-clean-plugin:3.0.0:clean (default-clean) @ scifio ---
[INFO] Deleting /tmp/icst-2019/september-2018/dataset/scifio/target
[INFO] 
[INFO] --- maven-enforcer-plugin:1.4.1:enforce (enforce-rules) @ scifio ---
[INFO] Skipping Rule Enforcement.
[INFO] 
[INFO] --- build-helper-maven-plugin:1.12:regex-property (sanitize-version) @ scifio ---
[INFO] 
[INFO] --- buildnumber-maven-plugin:1.4:create (default) @ scifio ---
[INFO] Executing: /bin/sh -c cd '/tmp/icst-2019/september-2018/dataset/scifio' && 'git' 'rev-parse' '--verify' 'HEAD'
[INFO] Working directory: /tmp/icst-2019/september-2018/dataset/scifio
[INFO] Storing buildNumber: 9562ad0a6c4132bc3881d0483b71d1f25eb6ad1a at timestamp: 1537620989801
[INFO] Storing buildScmBranch: master
[INFO] 
[INFO] --- scijava-maven-plugin:1.0.0:set-rootdir (set-rootdir) @ scifio ---
[INFO] Setting rootdir: /tmp/icst-2019/september-2018/dataset/scifio
[INFO] 
[INFO] --- maven-resources-plugin:3.0.2:resources (default-resources) @ scifio ---
[INFO] Using 'UTF-8' encoding to copy filtered resources.
[INFO] skip non existing resourceDirectory /tmp/icst-2019/september-2018/dataset/scifio/src/main/resources
[INFO] 
[INFO] --- maven-compiler-plugin:3.7.0:compile (default-compile) @ scifio ---
[INFO] Compiling 304 source files to /tmp/icst-2019/september-2018/dataset/scifio/target/classes
[INFO] /tmp/icst-2019/september-2018/dataset/scifio/src/main/java/io/scif/gui/ComboFileFilter.java: Some input files use unchecked or unsafe operations.
[INFO] /tmp/icst-2019/september-2018/dataset/scifio/src/main/java/io/scif/gui/ComboFileFilter.java: Recompile with -Xlint:unchecked for details.
[INFO] 
[INFO] --- maven-resources-plugin:3.0.2:testResources (default-testResources) @ scifio ---
[INFO] Using 'UTF-8' encoding to copy filtered resources.
[INFO] Copying 2 resources
[INFO] 
[INFO] --- maven-compiler-plugin:3.7.0:testCompile (default-testCompile) @ scifio ---
[INFO] Compiling 71 source files to /tmp/icst-2019/september-2018/dataset/scifio/target/test-classes
[INFO] /tmp/icst-2019/september-2018/dataset/scifio/src/test/java/io/scif/io/LocationTest.java: Some input files use or override a deprecated API.
[INFO] /tmp/icst-2019/september-2018/dataset/scifio/src/test/java/io/scif/io/LocationTest.java: Recompile with -Xlint:deprecation for details.
[INFO] /tmp/icst-2019/september-2018/dataset/scifio/src/test/java/io/scif/io/TestParameters.java: /tmp/icst-2019/september-2018/dataset/scifio/src/test/java/io/scif/io/TestParameters.java uses unchecked or unsafe operations.
[INFO] /tmp/icst-2019/september-2018/dataset/scifio/src/test/java/io/scif/io/TestParameters.java: Recompile with -Xlint:unchecked for details.
[INFO] 
[INFO] --- maven-surefire-plugin:2.19.1:test (default-test) @ scifio ---
[INFO] Tests are skipped.
[INFO] 
[INFO] --- maven-dependency-plugin:3.0.0:build-classpath (default-cli) @ scifio ---
[INFO] Wrote classpath file '/tmp/icst-2019/september-2018/dataset/scifio/target/dspot/classpath'.
[INFO] ------------------------------------------------------------------------
[INFO] BUILD SUCCESS
[INFO] ------------------------------------------------------------------------
[INFO] Total time: 13.136 s
[INFO] Finished at: 2018-09-22T14:56:40+02:00
[INFO] ------------------------------------------------------------------------
[INFO] Amplification of io.scif.formats.TIFFFormatTest (1 test(s))
[INFO] Assertion amplification of io.scif.formats.TIFFFormatTest (1 test(s))
[INFO] Run: java -classpath /tmp/icst-2019/september-2018/dataset/scifio_parent/target/test-classes:/tmp/icst-2019/september-2018/dataset/scifio_parent/target/classes/:/home/spirals/danglot/.m2/repository/io/scif/scifio-jai-imageio/1.1.1/scifio-jai-imageio-1.1.1.jar:/home/spirals/danglot/.m2/repository/net/imagej/imagej-common/0.25.0/imagej-common-0.25.0.jar:/home/spirals/danglot/.m2/repository/net/imglib2/imglib2-roi/0.5.0/imglib2-roi-0.5.0.jar:/home/spirals/danglot/.m2/repository/net/imglib2/imglib2-realtransform/2.0.0-beta-38/imglib2-realtransform-2.0.0-beta-38.jar:/home/spirals/danglot/.m2/repository/gov/nist/math/jama/1.0.3/jama-1.0.3.jar:/home/spirals/danglot/.m2/repository/jitk/jitk-tps/3.0.0/jitk-tps-3.0.0.jar:/home/spirals/danglot/.m2/repository/com/googlecode/efficient-java-matrix-library/ejml/0.24/ejml-0.24.jar:/home/spirals/danglot/.m2/repository/log4j/log4j/1.2.17/log4j-1.2.17.jar:/home/spirals/danglot/.m2/repository/net/sf/trove4j/trove4j/3.0.3/trove4j-3.0.3.jar:/home/spirals/danglot/.m2/repository/edu/ucar/udunits/4.3.18/udunits-4.3.18.jar:/home/spirals/danglot/.m2/repository/net/imglib2/imglib2/5.1.0/imglib2-5.1.0.jar:/home/spirals/danglot/.m2/repository/net/imglib2/imglib2-cache/1.0.0-beta-8/imglib2-cache-1.0.0-beta-8.jar:/home/spirals/danglot/.m2/repository/com/github/ben-manes/caffeine/caffeine/2.4.0/caffeine-2.4.0.jar:/home/spirals/danglot/.m2/repository/org/scijava/scijava-common/2.69.0/scijava-common-2.69.0.jar:/home/spirals/danglot/.m2/repository/org/scijava/parsington/1.0.1/parsington-1.0.1.jar:/home/spirals/danglot/.m2/repository/com/googlecode/gentyref/gentyref/1.1.0/gentyref-1.1.0.jar:/home/spirals/danglot/.m2/repository/org/bushe/eventbus/1.4/eventbus-1.4.jar:/home/spirals/danglot/.m2/repository/junit/junit/4.12/junit-4.12.jar:/home/spirals/danglot/.m2/repository/org/hamcrest/hamcrest-core/1.3/hamcrest-core-1.3.jar:/tmp/icst-2019/september-2018/dataset/scifio_parent/target/dspot/dependencies/:/home/spirals/danglot/.m2/repository/eu/stamp-project/test-runner/1.1.0/test-runner-1.1.0-jar-with-dependencies.jar eu.stamp_project.testrunner.runner.test.TestRunner io.scif.formats.TIFFFormatTest testTiffWithoutMetadata
File saved to the following path: /tmp/icst-2019/september-2018/dataset/scifio_parent/target/dspot/TestListener.ser
[WARNING] Timeout when running java -classpath /tmp/icst-2019/september-2018/dataset/scifio_parent/target/test-classes:/tmp/icst-2019/september-2018/dataset/scifio_parent/target/classes/:/home/spirals/danglot/.m2/repository/io/scif/scifio-jai-imageio/1.1.1/scifio-jai-imageio-1.1.1.jar:/home/spirals/danglot/.m2/repository/net/imagej/imagej-common/0.25.0/imagej-common-0.25.0.jar:/home/spirals/danglot/.m2/repository/net/imglib2/imglib2-roi/0.5.0/imglib2-roi-0.5.0.jar:/home/spirals/danglot/.m2/repository/net/imglib2/imglib2-realtransform/2.0.0-beta-38/imglib2-realtransform-2.0.0-beta-38.jar:/home/spirals/danglot/.m2/repository/gov/nist/math/jama/1.0.3/jama-1.0.3.jar:/home/spirals/danglot/.m2/repository/jitk/jitk-tps/3.0.0/jitk-tps-3.0.0.jar:/home/spirals/danglot/.m2/repository/com/googlecode/efficient-java-matrix-library/ejml/0.24/ejml-0.24.jar:/home/spirals/danglot/.m2/repository/log4j/log4j/1.2.17/log4j-1.2.17.jar:/home/spirals/danglot/.m2/repository/net/sf/trove4j/trove4j/3.0.3/trove4j-3.0.3.jar:/home/spirals/danglot/.m2/repository/edu/ucar/udunits/4.3.18/udunits-4.3.18.jar:/home/spirals/danglot/.m2/repository/net/imglib2/imglib2/5.1.0/imglib2-5.1.0.jar:/home/spirals/danglot/.m2/repository/net/imglib2/imglib2-cache/1.0.0-beta-8/imglib2-cache-1.0.0-beta-8.jar:/home/spirals/danglot/.m2/repository/com/github/ben-manes/caffeine/caffeine/2.4.0/caffeine-2.4.0.jar:/home/spirals/danglot/.m2/repository/org/scijava/scijava-common/2.69.0/scijava-common-2.69.0.jar:/home/spirals/danglot/.m2/repository/org/scijava/parsington/1.0.1/parsington-1.0.1.jar:/home/spirals/danglot/.m2/repository/com/googlecode/gentyref/gentyref/1.1.0/gentyref-1.1.0.jar:/home/spirals/danglot/.m2/repository/org/bushe/eventbus/1.4/eventbus-1.4.jar:/home/spirals/danglot/.m2/repository/junit/junit/4.12/junit-4.12.jar:/home/spirals/danglot/.m2/repository/org/hamcrest/hamcrest-core/1.3/hamcrest-core-1.3.jar:/tmp/icst-2019/september-2018/dataset/scifio_parent/target/dspot/dependencies/:/home/spirals/danglot/.m2/repository/eu/stamp-project/test-runner/1.1.0/test-runner-1.1.0-jar-with-dependencies.jar eu.stamp_project.testrunner.runner.test.TestRunner io.scif.formats.TIFFFormatTest testTiffWithoutMetadata
[WARNING] Timeout during execution of io.scif.formats.TIFFFormatTest: testTiffWithoutMetadata
eu.stamp_project.dspot.AmplificationException: java.util.concurrent.TimeoutException
	at eu.stamp_project.utils.compilation.TestRunner.runGivenTestMethods(TestRunner.java:75)
	at eu.stamp_project.utils.compilation.TestCompiler.compileAndRun(TestCompiler.java:99)
	at eu.stamp_project.utils.compilation.TestCompiler.compileRunAndDiscardUncompilableAndFailingTestMethods(TestCompiler.java:55)
	at eu.stamp_project.dspot.Amplification.amplification(Amplification.java:82)
	at eu.stamp_project.dspot.DSpot.amplifyTest(DSpot.java:180)
	at eu.stamp_project.dspot.DSpot.amplifyTest(DSpot.java:170)
	at eu.stamp_project.Main.lambda$run$1(Main.java:69)
	at java.util.stream.ReferencePipeline$3$1.accept(ReferencePipeline.java:193)
	at java.util.ArrayList$ArrayListSpliterator.forEachRemaining(ArrayList.java:1374)
	at java.util.stream.AbstractPipeline.copyInto(AbstractPipeline.java:481)
	at java.util.stream.AbstractPipeline.wrapAndCopyInto(AbstractPipeline.java:471)
	at java.util.stream.ReduceOps$ReduceOp.evaluateSequential(ReduceOps.java:708)
	at java.util.stream.AbstractPipeline.evaluate(AbstractPipeline.java:234)
	at java.util.stream.ReferencePipeline.collect(ReferencePipeline.java:499)
	at eu.stamp_project.Main.run(Main.java:71)
	at eu.stamp_project.DSpotMojo.execute(DSpotMojo.java:263)
	at org.apache.maven.plugin.DefaultBuildPluginManager.executeMojo(DefaultBuildPluginManager.java:137)
	at org.apache.maven.lifecycle.internal.MojoExecutor.execute(MojoExecutor.java:208)
	at org.apache.maven.lifecycle.internal.MojoExecutor.execute(MojoExecutor.java:154)
	at org.apache.maven.lifecycle.internal.MojoExecutor.execute(MojoExecutor.java:146)
	at org.apache.maven.lifecycle.internal.LifecycleModuleBuilder.buildProject(LifecycleModuleBuilder.java:117)
	at org.apache.maven.lifecycle.internal.LifecycleModuleBuilder.buildProject(LifecycleModuleBuilder.java:81)
	at org.apache.maven.lifecycle.internal.builder.singlethreaded.SingleThreadedBuilder.build(SingleThreadedBuilder.java:56)
	at org.apache.maven.lifecycle.internal.LifecycleStarter.execute(LifecycleStarter.java:128)
	at org.apache.maven.DefaultMaven.doExecute(DefaultMaven.java:305)
	at org.apache.maven.DefaultMaven.doExecute(DefaultMaven.java:192)
	at org.apache.maven.DefaultMaven.execute(DefaultMaven.java:105)
	at org.apache.maven.cli.MavenCli.execute(MavenCli.java:954)
	at org.apache.maven.cli.MavenCli.doMain(MavenCli.java:288)
	at org.apache.maven.cli.MavenCli.main(MavenCli.java:192)
	at sun.reflect.NativeMethodAccessorImpl.invoke0(Native Method)
	at sun.reflect.NativeMethodAccessorImpl.invoke(NativeMethodAccessorImpl.java:62)
	at sun.reflect.DelegatingMethodAccessorImpl.invoke(DelegatingMethodAccessorImpl.java:43)
	at java.lang.reflect.Method.invoke(Method.java:498)
	at org.codehaus.plexus.classworlds.launcher.Launcher.launchEnhanced(Launcher.java:289)
	at org.codehaus.plexus.classworlds.launcher.Launcher.launch(Launcher.java:229)
	at org.codehaus.plexus.classworlds.launcher.Launcher.mainWithExitCode(Launcher.java:415)
	at org.codehaus.plexus.classworlds.launcher.Launcher.main(Launcher.java:356)
Caused by: java.util.concurrent.TimeoutException
	at java.util.concurrent.FutureTask.get(FutureTask.java:205)
	at eu.stamp_project.testrunner.EntryPoint.runGivenCommandLine(EntryPoint.java:356)
	at eu.stamp_project.testrunner.EntryPoint.runTests(EntryPoint.java:178)
	at eu.stamp_project.testrunner.EntryPoint.runTests(EntryPoint.java:165)
	at eu.stamp_project.utils.compilation.TestRunner.runGivenTestMethods(TestRunner.java:61)
	... 37 more
[INFO] 0 amplified test methods has been selected to be kept. (global: 0)
[INFO] elapsedTime 11258
======= REPORT =======
0 amplified test fails on the new versions.

[INFO] ------------------------------------------------------------------------
[INFO] BUILD FAILURE
[INFO] ------------------------------------------------------------------------
[INFO] Total time: 01:08 min
[INFO] Finished at: 2018-09-22T14:56:51+02:00
[INFO] ------------------------------------------------------------------------
[ERROR] Failed to execute goal eu.stamp-project:dspot-maven:1.1.1-SNAPSHOT:amplify-unit-tests (default-cli) on project scifio: Execution default-cli of goal eu.stamp-project:dspot-maven:1.1.1-SNAPSHOT:amplify-unit-tests failed: java.lang.RuntimeException: java.lang.NullPointerException -> [Help 1]
[ERROR] 
[ERROR] To see the full stack trace of the errors, re-run Maven with the -e switch.
[ERROR] Re-run Maven using the -X switch to enable full debug logging.
[ERROR] 
[ERROR] For more information about the errors and possible solutions, please read the following articles:
[ERROR] [Help 1] http://cwiki.apache.org/confluence/display/MAVEN/PluginExecutionException
