[INFO] Scanning for projects...
[INFO] 
[INFO] ---------------------< com.google.code.gson:gson >----------------------
[INFO] Building Gson 2.6.3-SNAPSHOT
[INFO] --------------------------------[ jar ]---------------------------------
[INFO] 
[INFO] --- dspot-maven:1.1.1-SNAPSHOT:amplify-unit-tests (default-cli) @ gson ---
Downloading from stamp-maven-repository-mvn-repo: https://stamp-project.github.io/stamp-maven-repository/eu/stamp-project/dspot/1.1.1-SNAPSHOT/maven-metadata.xml
Downloading from stamp-maven-repository-mvn-repo: https://stamp-project.github.io/stamp-maven-repository/fr/inria/gforge/spoon/spoon-core/7.1.0-SNAPSHOT/maven-metadata.xml
Downloading from stamp-maven-repository-mvn-repo: https://stamp-project.github.io/stamp-maven-repository/org/eclipse/platform/org.eclipse.core.resources/maven-metadata.xml
Downloading from stamp-maven-repository-mvn-repo: https://stamp-project.github.io/stamp-maven-repository/org/eclipse/platform/org.eclipse.core.expressions/maven-metadata.xml
Downloading from stamp-maven-repository-mvn-repo: https://stamp-project.github.io/stamp-maven-repository/org/eclipse/platform/org.eclipse.core.runtime/maven-metadata.xml
Downloading from stamp-maven-repository-mvn-repo: https://stamp-project.github.io/stamp-maven-repository/org/eclipse/platform/org.eclipse.osgi/maven-metadata.xml
Downloading from stamp-maven-repository-mvn-repo: https://stamp-project.github.io/stamp-maven-repository/org/eclipse/platform/org.eclipse.equinox.common/maven-metadata.xml
Downloading from stamp-maven-repository-mvn-repo: https://stamp-project.github.io/stamp-maven-repository/org/eclipse/platform/org.eclipse.core.jobs/maven-metadata.xml
Downloading from stamp-maven-repository-mvn-repo: https://stamp-project.github.io/stamp-maven-repository/org/eclipse/platform/org.eclipse.equinox.registry/maven-metadata.xml
Downloading from stamp-maven-repository-mvn-repo: https://stamp-project.github.io/stamp-maven-repository/org/eclipse/platform/org.eclipse.equinox.preferences/maven-metadata.xml
Downloading from stamp-maven-repository-mvn-repo: https://stamp-project.github.io/stamp-maven-repository/org/eclipse/platform/org.eclipse.core.contenttype/maven-metadata.xml
Downloading from stamp-maven-repository-mvn-repo: https://stamp-project.github.io/stamp-maven-repository/org/eclipse/platform/org.eclipse.equinox.app/maven-metadata.xml
Downloading from stamp-maven-repository-mvn-repo: https://stamp-project.github.io/stamp-maven-repository/org/eclipse/platform/org.eclipse.core.filesystem/maven-metadata.xml
Downloading from stamp-maven-repository-mvn-repo: https://stamp-project.github.io/stamp-maven-repository/org/eclipse/platform/org.eclipse.text/maven-metadata.xml
Downloading from stamp-maven-repository-mvn-repo: https://stamp-project.github.io/stamp-maven-repository/org/eclipse/platform/org.eclipse.core.commands/maven-metadata.xml
[INFO] Path to runner Classes: /home/spirals/danglot/.m2/repository/eu/stamp-project/test-runner/1.1.0/test-runner-1.1.0-jar-with-dependencies.jar
[INFO] /home/spirals/danglot/.m2/repository/org/jacoco/org.jacoco.core/0.7.9/org.jacoco.core-0.7.9.jar
[INFO] /home/spirals/danglot/.m2/repository/org/ow2/asm/asm-debug-all/5.2/asm-debug-all-5.2.jar
[INFO] /home/spirals/danglot/.m2/repository/eu/stamp-project/test-runner/1.1.0/test-runner-1.1.0-jar-with-dependencies.jar
[WARNING] automaticBuilderName: unknown automatic builder specified in configuration, going to default.
[INFO] Default: provided Maven automatic builder.
[INFO] run maven clean test -DskipTests dependency:build-classpath -Dmdep.outputFile=target/dspot/classpath
[WARN] Maven will be executed in interactive mode, but no input stream has been configured for this MavenInvoker instance.
[INFO] Scanning for projects...
[INFO] 
[INFO] ---------------------< com.google.code.gson:gson >----------------------
[INFO] Building Gson 2.6.3-SNAPSHOT
[INFO] --------------------------------[ jar ]---------------------------------
[INFO] 
[INFO] --- maven-clean-plugin:2.5:clean (default-clean) @ gson ---
[INFO] Deleting /tmp/icst-2019/september-2018/dataset/gson_parent/gson/target
[INFO] 
[INFO] --- maven-enforcer-plugin:1.0:enforce (enforce-maven) @ gson ---
[INFO] Skipping Rule Enforcement.
[INFO] 
[INFO] --- maven-resources-plugin:2.6:resources (default-resources) @ gson ---
[INFO] Using 'UTF-8' encoding to copy filtered resources.
[INFO] skip non existing resourceDirectory /tmp/icst-2019/september-2018/dataset/gson_parent/gson/src/main/resources
[INFO] 
[INFO] --- maven-compiler-plugin:3.0:compile (default-compile) @ gson ---
[INFO] Changes detected - recompiling the module!
[INFO] Compiling 67 source files to /tmp/icst-2019/september-2018/dataset/gson_parent/gson/target/classes
[INFO] 
[INFO] --- bnd-maven-plugin:3.1.0:bnd-process (default) @ gson ---
[WARNING] Export com.google.gson,  has 1,  private references [com.google.gson.internal], 
[INFO] 
[INFO] --- maven-resources-plugin:2.6:testResources (default-testResources) @ gson ---
[INFO] Using 'UTF-8' encoding to copy filtered resources.
[INFO] skip non existing resourceDirectory /tmp/icst-2019/september-2018/dataset/gson_parent/gson/src/test/resources
[INFO] 
[INFO] --- maven-compiler-plugin:3.0:testCompile (default-testCompile) @ gson ---
[INFO] Changes detected - recompiling the module!
[INFO] Compiling 94 source files to /tmp/icst-2019/september-2018/dataset/gson_parent/gson/target/test-classes
[INFO] 
[INFO] --- maven-surefire-plugin:2.12.4:test (default-test) @ gson ---
[INFO] Tests are skipped.
[INFO] 
[INFO] --- maven-dependency-plugin:2.8:build-classpath (default-cli) @ gson ---
[INFO] Wrote classpath file '/tmp/icst-2019/september-2018/dataset/gson_parent/gson/target/dspot/classpath'.
[INFO] ------------------------------------------------------------------------
[INFO] BUILD SUCCESS
[INFO] ------------------------------------------------------------------------
[INFO] Total time: 7.325 s
[INFO] Finished at: 2018-09-23T13:36:05+02:00
[INFO] ------------------------------------------------------------------------
[ERROR] 2018-09-23 13:36:09 JDTCommentBuilder - // Note that the above example is taken from AdaptAnnotationTest. is not added into the AST
spoon.reflect.declaration.ParentNotInitializedException: parent not initialized for class spoon.support.reflect.code.CtCommentImpl (/tmp/icst-2019/september-2018/dataset/gson_parent/gson/src/main/java/com/google/gson/annotations/JsonAdapter.java:89)
	at spoon.support.reflect.declaration.CtElementImpl.getParent(CtElementImpl.java:384)
	at spoon.support.compiler.jdt.JDTCommentBuilder.insertCommentInAST(JDTCommentBuilder.java:484)
	at spoon.support.compiler.jdt.JDTCommentBuilder.buildComment(JDTCommentBuilder.java:156)
	at spoon.support.compiler.jdt.JDTCommentBuilder.build(JDTCommentBuilder.java:112)
	at spoon.support.compiler.jdt.JDTBasedSpoonCompiler.buildModel(JDTBasedSpoonCompiler.java:477)
	at spoon.support.compiler.jdt.JDTBasedSpoonCompiler.buildUnitsAndModel(JDTBasedSpoonCompiler.java:390)
	at spoon.support.compiler.jdt.JDTBasedSpoonCompiler.buildSources(JDTBasedSpoonCompiler.java:339)
	at spoon.support.compiler.jdt.JDTBasedSpoonCompiler.build(JDTBasedSpoonCompiler.java:122)
	at spoon.support.compiler.jdt.JDTBasedSpoonCompiler.build(JDTBasedSpoonCompiler.java:105)
	at spoon.Launcher.buildModel(Launcher.java:768)
	at eu.stamp_project.utils.compilation.DSpotCompiler.getSpoonModelOf(DSpotCompiler.java:102)
	at eu.stamp_project.utils.compilation.DSpotCompiler.createDSpotCompiler(DSpotCompiler.java:35)
	at eu.stamp_project.dspot.DSpot.<init>(DSpot.java:89)
	at eu.stamp_project.Main.run(Main.java:49)
	at eu.stamp_project.DSpotMojo.execute(DSpotMojo.java:263)
	at org.apache.maven.plugin.DefaultBuildPluginManager.executeMojo(DefaultBuildPluginManager.java:137)
	at org.apache.maven.lifecycle.internal.MojoExecutor.execute(MojoExecutor.java:208)
	at org.apache.maven.lifecycle.internal.MojoExecutor.execute(MojoExecutor.java:154)
	at org.apache.maven.lifecycle.internal.MojoExecutor.execute(MojoExecutor.java:146)
	at org.apache.maven.lifecycle.internal.LifecycleModuleBuilder.buildProject(LifecycleModuleBuilder.java:117)
	at org.apache.maven.lifecycle.internal.LifecycleModuleBuilder.buildProject(LifecycleModuleBuilder.java:81)
	at org.apache.maven.lifecycle.internal.builder.singlethreaded.SingleThreadedBuilder.build(SingleThreadedBuilder.java:56)
	at org.apache.maven.lifecycle.internal.LifecycleStarter.execute(LifecycleStarter.java:128)
	at org.apache.maven.DefaultMaven.doExecute(DefaultMaven.java:305)
	at org.apache.maven.DefaultMaven.doExecute(DefaultMaven.java:192)
	at org.apache.maven.DefaultMaven.execute(DefaultMaven.java:105)
	at org.apache.maven.cli.MavenCli.execute(MavenCli.java:954)
	at org.apache.maven.cli.MavenCli.doMain(MavenCli.java:288)
	at org.apache.maven.cli.MavenCli.main(MavenCli.java:192)
	at sun.reflect.NativeMethodAccessorImpl.invoke0(Native Method)
	at sun.reflect.NativeMethodAccessorImpl.invoke(NativeMethodAccessorImpl.java:62)
	at sun.reflect.DelegatingMethodAccessorImpl.invoke(DelegatingMethodAccessorImpl.java:43)
	at java.lang.reflect.Method.invoke(Method.java:498)
	at org.codehaus.plexus.classworlds.launcher.Launcher.launchEnhanced(Launcher.java:289)
	at org.codehaus.plexus.classworlds.launcher.Launcher.launch(Launcher.java:229)
	at org.codehaus.plexus.classworlds.launcher.Launcher.mainWithExitCode(Launcher.java:415)
	at org.codehaus.plexus.classworlds.launcher.Launcher.main(Launcher.java:356)
[ERROR] 2018-09-23 13:36:09 JDTCommentBuilder - // Field tag only annotation is not added into the AST
spoon.reflect.declaration.ParentNotInitializedException: parent not initialized for class spoon.support.reflect.code.CtCommentImpl (/tmp/icst-2019/september-2018/dataset/gson_parent/gson/src/test/java/com/google/gson/functional/ExclusionStrategyFunctionalTest.java:167)
	at spoon.support.reflect.declaration.CtElementImpl.getParent(CtElementImpl.java:384)
	at spoon.support.compiler.jdt.JDTCommentBuilder.insertCommentInAST(JDTCommentBuilder.java:484)
	at spoon.support.compiler.jdt.JDTCommentBuilder.buildComment(JDTCommentBuilder.java:156)
	at spoon.support.compiler.jdt.JDTCommentBuilder.build(JDTCommentBuilder.java:112)
	at spoon.support.compiler.jdt.JDTBasedSpoonCompiler.buildModel(JDTBasedSpoonCompiler.java:477)
	at spoon.support.compiler.jdt.JDTBasedSpoonCompiler.buildUnitsAndModel(JDTBasedSpoonCompiler.java:390)
	at spoon.support.compiler.jdt.JDTBasedSpoonCompiler.buildSources(JDTBasedSpoonCompiler.java:339)
	at spoon.support.compiler.jdt.JDTBasedSpoonCompiler.build(JDTBasedSpoonCompiler.java:122)
	at spoon.support.compiler.jdt.JDTBasedSpoonCompiler.build(JDTBasedSpoonCompiler.java:105)
	at spoon.Launcher.buildModel(Launcher.java:768)
	at eu.stamp_project.utils.compilation.DSpotCompiler.getSpoonModelOf(DSpotCompiler.java:102)
	at eu.stamp_project.utils.compilation.DSpotCompiler.createDSpotCompiler(DSpotCompiler.java:35)
	at eu.stamp_project.dspot.DSpot.<init>(DSpot.java:89)
	at eu.stamp_project.Main.run(Main.java:49)
	at eu.stamp_project.DSpotMojo.execute(DSpotMojo.java:263)
	at org.apache.maven.plugin.DefaultBuildPluginManager.executeMojo(DefaultBuildPluginManager.java:137)
	at org.apache.maven.lifecycle.internal.MojoExecutor.execute(MojoExecutor.java:208)
	at org.apache.maven.lifecycle.internal.MojoExecutor.execute(MojoExecutor.java:154)
	at org.apache.maven.lifecycle.internal.MojoExecutor.execute(MojoExecutor.java:146)
	at org.apache.maven.lifecycle.internal.LifecycleModuleBuilder.buildProject(LifecycleModuleBuilder.java:117)
	at org.apache.maven.lifecycle.internal.LifecycleModuleBuilder.buildProject(LifecycleModuleBuilder.java:81)
	at org.apache.maven.lifecycle.internal.builder.singlethreaded.SingleThreadedBuilder.build(SingleThreadedBuilder.java:56)
	at org.apache.maven.lifecycle.internal.LifecycleStarter.execute(LifecycleStarter.java:128)
	at org.apache.maven.DefaultMaven.doExecute(DefaultMaven.java:305)
	at org.apache.maven.DefaultMaven.doExecute(DefaultMaven.java:192)
	at org.apache.maven.DefaultMaven.execute(DefaultMaven.java:105)
	at org.apache.maven.cli.MavenCli.execute(MavenCli.java:954)
	at org.apache.maven.cli.MavenCli.doMain(MavenCli.java:288)
	at org.apache.maven.cli.MavenCli.main(MavenCli.java:192)
	at sun.reflect.NativeMethodAccessorImpl.invoke0(Native Method)
	at sun.reflect.NativeMethodAccessorImpl.invoke(NativeMethodAccessorImpl.java:62)
	at sun.reflect.DelegatingMethodAccessorImpl.invoke(DelegatingMethodAccessorImpl.java:43)
	at java.lang.reflect.Method.invoke(Method.java:498)
	at org.codehaus.plexus.classworlds.launcher.Launcher.launchEnhanced(Launcher.java:289)
	at org.codehaus.plexus.classworlds.launcher.Launcher.launch(Launcher.java:229)
	at org.codehaus.plexus.classworlds.launcher.Launcher.mainWithExitCode(Launcher.java:415)
	at org.codehaus.plexus.classworlds.launcher.Launcher.main(Launcher.java:356)
[INFO] run maven clean test -DskipTests dependency:build-classpath -Dmdep.outputFile=target/dspot/classpath
[WARN] Maven will be executed in interactive mode, but no input stream has been configured for this MavenInvoker instance.
[INFO] Scanning for projects...
[INFO] 
[INFO] ---------------------< com.google.code.gson:gson >----------------------
[INFO] Building Gson 2.6.3-SNAPSHOT
[INFO] --------------------------------[ jar ]---------------------------------
[INFO] 
[INFO] --- maven-clean-plugin:2.5:clean (default-clean) @ gson ---
[INFO] Deleting /tmp/icst-2019/september-2018/dataset/gson/gson/target
[INFO] 
[INFO] --- maven-enforcer-plugin:1.0:enforce (enforce-maven) @ gson ---
[INFO] Skipping Rule Enforcement.
[INFO] 
[INFO] --- maven-resources-plugin:2.6:resources (default-resources) @ gson ---
[INFO] Using 'UTF-8' encoding to copy filtered resources.
[INFO] skip non existing resourceDirectory /tmp/icst-2019/september-2018/dataset/gson/gson/src/main/resources
[INFO] 
[INFO] --- maven-compiler-plugin:3.0:compile (default-compile) @ gson ---
[INFO] Changes detected - recompiling the module!
[INFO] Compiling 67 source files to /tmp/icst-2019/september-2018/dataset/gson/gson/target/classes
[INFO] 
[INFO] --- bnd-maven-plugin:3.1.0:bnd-process (default) @ gson ---
[WARNING] Export com.google.gson,  has 1,  private references [com.google.gson.internal], 
[INFO] 
[INFO] --- maven-resources-plugin:2.6:testResources (default-testResources) @ gson ---
[INFO] Using 'UTF-8' encoding to copy filtered resources.
[INFO] skip non existing resourceDirectory /tmp/icst-2019/september-2018/dataset/gson/gson/src/test/resources
[INFO] 
[INFO] --- maven-compiler-plugin:3.0:testCompile (default-testCompile) @ gson ---
[INFO] Changes detected - recompiling the module!
[INFO] Compiling 94 source files to /tmp/icst-2019/september-2018/dataset/gson/gson/target/test-classes
[INFO] 
[INFO] --- maven-surefire-plugin:2.12.4:test (default-test) @ gson ---
[INFO] Tests are skipped.
[INFO] 
[INFO] --- maven-dependency-plugin:2.8:build-classpath (default-cli) @ gson ---
[INFO] Wrote classpath file '/tmp/icst-2019/september-2018/dataset/gson/gson/target/dspot/classpath'.
[INFO] ------------------------------------------------------------------------
[INFO] BUILD SUCCESS
[INFO] ------------------------------------------------------------------------
[INFO] Total time: 6.312 s
[INFO] Finished at: 2018-09-23T13:36:17+02:00
[INFO] ------------------------------------------------------------------------
[INFO] Amplification of com.google.gson.functional.ReadersWritersTest (4 test(s))
[INFO] Assertion amplification of com.google.gson.functional.ReadersWritersTest (4 test(s))
[INFO] Run: java -classpath /tmp/icst-2019/september-2018/dataset/gson_parent/gson/target/test-classes:/tmp/icst-2019/september-2018/dataset/gson_parent/gson/target/classes/:/home/spirals/danglot/.m2/repository/junit/junit/4.12/junit-4.12.jar:/home/spirals/danglot/.m2/repository/junit/junit/3.8.2/junit-3.8.2.jar:/tmp/icst-2019/september-2018/dataset/gson_parent/gson/target/dspot/dependencies/:/home/spirals/danglot/.m2/repository/eu/stamp-project/test-runner/1.1.0/test-runner-1.1.0-jar-with-dependencies.jar eu.stamp_project.testrunner.runner.test.TestRunner com.google.gson.functional.ReadersWritersTest testWriterForSerialization:testReadWriteTwoObjects:testReaderForDeserialization:testReadWriteTwoObjects
File saved to the following path: /tmp/icst-2019/september-2018/dataset/gson_parent/gson/target/dspot/TestListener.ser
Loading /tmp/icst-2019/september-2018/dataset/gson_parent/gson/target/dspot/TestListener.ser
[INFO] Test has been run: testReaderForDeserialization,testReadWriteTwoObjects,testWriterForSerialization
[INFO] Run tests. (4)
[INFO] Run: java -classpath /tmp/icst-2019/september-2018/dataset/gson_parent/gson/target/test-classes:/tmp/icst-2019/september-2018/dataset/gson_parent/gson/target/classes/:/home/spirals/danglot/.m2/repository/junit/junit/4.12/junit-4.12.jar:/home/spirals/danglot/.m2/repository/junit/junit/3.8.2/junit-3.8.2.jar:/tmp/icst-2019/september-2018/dataset/gson_parent/gson/target/dspot/dependencies/:/home/spirals/danglot/.m2/repository/eu/stamp-project/test-runner/1.1.0/test-runner-1.1.0-jar-with-dependencies.jar eu.stamp_project.testrunner.runner.test.TestRunner com.google.gson.functional.ReadersWritersTest testWriterForSerialization:testReadWriteTwoObjects:testReaderForDeserialization:testReadWriteTwoObjects
File saved to the following path: /tmp/icst-2019/september-2018/dataset/gson_parent/gson/target/dspot/TestListener.ser
Loading /tmp/icst-2019/september-2018/dataset/gson_parent/gson/target/dspot/TestListener.ser
[INFO] Test has been run: testReaderForDeserialization,testReadWriteTwoObjects,testWriterForSerialization
[INFO] 3 test pass, generating assertion...
[INFO] Add observations points in passing tests.
[INFO] Instrumentation...
 25% |============ ]/ 50% |========================= ]- 75% |===================================== ]\ 50% |===================================== ]-[INFO] Run instrumented tests. (12)
[INFO] Run: java -classpath /tmp/icst-2019/september-2018/dataset/gson_parent/gson/target/test-classes:/tmp/icst-2019/september-2018/dataset/gson_parent/gson/target/classes/:/home/spirals/danglot/.m2/repository/junit/junit/4.12/junit-4.12.jar:/home/spirals/danglot/.m2/repository/junit/junit/3.8.2/junit-3.8.2.jar:/tmp/icst-2019/september-2018/dataset/gson_parent/gson/target/dspot/dependencies/:/home/spirals/danglot/.m2/repository/eu/stamp-project/test-runner/1.1.0/test-runner-1.1.0-jar-with-dependencies.jar eu.stamp_project.testrunner.runner.test.TestRunner com.google.gson.functional.ReadersWritersTest testWriterForSerialization_withlog0:testReadWriteTwoObjects_withlog0:testReaderForDeserialization_withlog0:testReadWriteTwoObjects_withlog0:testWriterForSerialization_withlog1:testReadWriteTwoObjects_withlog1:testReaderForDeserialization_withlog1:testReadWriteTwoObjects_withlog1:testWriterForSerialization_withlog2:testReadWriteTwoObjects_withlog2:testReaderForDeserialization_withlog2:testReadWriteTwoObjects_withlog2
File saved to the following path: /tmp/icst-2019/september-2018/dataset/gson_parent/gson/target/dspot/observations.ser
File saved to the following path: /tmp/icst-2019/september-2018/dataset/gson_parent/gson/target/dspot/TestListener.ser
Loading /tmp/icst-2019/september-2018/dataset/gson_parent/gson/target/dspot/TestListener.ser
[INFO] Test has been run: testReaderForDeserialization_withlog0,testReaderForDeserialization_withlog1,testReaderForDeserialization_withlog2,testWriterForSerialization_withlog0,testWriterForSerialization_withlog1,testWriterForSerialization_withlog2,testReadWriteTwoObjects_withlog0,testReadWriteTwoObjects_withlog1,testReadWriteTwoObjects_withlog2
[INFO] Generating assertions...
[INFO] 1 new tests with assertions generated
[INFO] Run: java -classpath /tmp/icst-2019/september-2018/dataset/gson_parent/gson/target/test-classes:/tmp/icst-2019/september-2018/dataset/gson_parent/gson/target/classes/:/home/spirals/danglot/.m2/repository/junit/junit/4.12/junit-4.12.jar:/home/spirals/danglot/.m2/repository/junit/junit/3.8.2/junit-3.8.2.jar:/tmp/icst-2019/september-2018/dataset/gson_parent/gson/target/dspot/dependencies/:/home/spirals/danglot/.m2/repository/eu/stamp-project/test-runner/1.1.0/test-runner-1.1.0-jar-with-dependencies.jar eu.stamp_project.testrunner.runner.test.TestRunner com.google.gson.functional.ReadersWritersTest testReaderForDeserialization
File saved to the following path: /tmp/icst-2019/september-2018/dataset/gson_parent/gson/target/dspot/TestListener.ser
Loading /tmp/icst-2019/september-2018/dataset/gson_parent/gson/target/dspot/TestListener.ser
[INFO] Test has been run: testReaderForDeserialization
[INFO] Assertion amplification: 1 test method(s) has been successfully amplified.
[WARN] 2018-09-23 13:36:21 Launcher - You specified the directory /tmp/icst-2019/september-2018/dataset/gson/gson/target/classes in source classpath, please note that only class files will be considered. Jars and subdirectories will be ignored.
[WARN] 2018-09-23 13:36:21 Launcher - You specified the directory /tmp/icst-2019/september-2018/dataset/gson/gson/target/test-classes in source classpath, please note that only class files will be considered. Jars and subdirectories will be ignored.
[WARN] 2018-09-23 13:36:21 Launcher - You specified the directory /tmp/icst-2019/september-2018/dataset/gson/gson/target/dspot/dependencies in source classpath, please note that only class files will be considered. Jars and subdirectories will be ignored.
[INFO] Run: java -classpath /tmp/icst-2019/september-2018/dataset/gson/gson/target/classes/:/tmp/icst-2019/september-2018/dataset/gson/gson/target/test-classes/:/home/spirals/danglot/.m2/repository/junit/junit/4.12/junit-4.12.jar:/home/spirals/danglot/.m2/repository/junit/junit/3.8.2/junit-3.8.2.jar:/tmp/icst-2019/september-2018/dataset/gson/gson/target/dspot/dependencies/:/home/spirals/danglot/.m2/repository/eu/stamp-project/test-runner/1.1.0/test-runner-1.1.0-jar-with-dependencies.jar eu.stamp_project.testrunner.runner.test.TestRunner com.google.gson.functional.ReadersWritersTest testReaderForDeserialization
File saved to the following path: /tmp/icst-2019/september-2018/dataset/gson_parent/gson/target/dspot/TestListener.ser
Loading /tmp/icst-2019/september-2018/dataset/gson_parent/gson/target/dspot/TestListener.ser
[INFO] Test has been run: testReaderForDeserialization
[INFO] 0 amplified test methods has been selected to be kept. (global: 0)
[INFO] elapsedTime 3752
======= REPORT =======
0 amplified test fails on the new versions.

[WARNING] DSpot could not obtain any amplified test method.
[WARNING] You can customize the following options: --amplifiers, --test-criterion, --iteration, --budgetizer etc, and retry with a new configuration.
[INFO] Amplification of com.google.gson.functional.DefaultTypeAdaptersTest (9 test(s))
[INFO] Assertion amplification of com.google.gson.functional.DefaultTypeAdaptersTest (9 test(s))
[INFO] Run: java -classpath /tmp/icst-2019/september-2018/dataset/gson_parent/gson/target/test-classes:/tmp/icst-2019/september-2018/dataset/gson_parent/gson/target/classes/:/home/spirals/danglot/.m2/repository/junit/junit/4.12/junit-4.12.jar:/home/spirals/danglot/.m2/repository/junit/junit/3.8.2/junit-3.8.2.jar:/tmp/icst-2019/september-2018/dataset/gson_parent/gson/target/dspot/dependencies/:/home/spirals/danglot/.m2/repository/eu/stamp-project/test-runner/1.1.0/test-runner-1.1.0-jar-with-dependencies.jar eu.stamp_project.testrunner.runner.test.TestRunner com.google.gson.functional.DefaultTypeAdaptersTest testUrlNullSerialization:testBigDecimalFieldSerialization:testBadValueForBigDecimalDeserialization:testBigIntegerFieldSerialization:testUrlNullDeserialization:testBigIntegerFieldDeserialization:testBigDecimalFieldDeserialization:testNullSerialization:testSetSerialization
File saved to the following path: /tmp/icst-2019/september-2018/dataset/gson_parent/gson/target/dspot/TestListener.ser
Loading /tmp/icst-2019/september-2018/dataset/gson_parent/gson/target/dspot/TestListener.ser
[INFO] Test has been run: testBigIntegerFieldDeserialization,testBadValueForBigDecimalDeserialization,testUrlNullDeserialization,testNullSerialization,testBigDecimalFieldDeserialization,testBigDecimalFieldSerialization,testSetSerialization,testUrlNullSerialization,testBigIntegerFieldSerialization
[INFO] Run tests. (9)
[INFO] Run: java -classpath /tmp/icst-2019/september-2018/dataset/gson_parent/gson/target/test-classes:/tmp/icst-2019/september-2018/dataset/gson_parent/gson/target/classes/:/home/spirals/danglot/.m2/repository/junit/junit/4.12/junit-4.12.jar:/home/spirals/danglot/.m2/repository/junit/junit/3.8.2/junit-3.8.2.jar:/tmp/icst-2019/september-2018/dataset/gson_parent/gson/target/dspot/dependencies/:/home/spirals/danglot/.m2/repository/eu/stamp-project/test-runner/1.1.0/test-runner-1.1.0-jar-with-dependencies.jar eu.stamp_project.testrunner.runner.test.TestRunner com.google.gson.functional.DefaultTypeAdaptersTest testUrlNullSerialization:testBigDecimalFieldSerialization:testBadValueForBigDecimalDeserialization:testBigIntegerFieldSerialization:testUrlNullDeserialization:testBigIntegerFieldDeserialization:testBigDecimalFieldDeserialization:testNullSerialization:testSetSerialization
File saved to the following path: /tmp/icst-2019/september-2018/dataset/gson_parent/gson/target/dspot/TestListener.ser
Loading /tmp/icst-2019/september-2018/dataset/gson_parent/gson/target/dspot/TestListener.ser
[INFO] Test has been run: testBigIntegerFieldDeserialization,testBadValueForBigDecimalDeserialization,testUrlNullDeserialization,testNullSerialization,testBigDecimalFieldDeserialization,testBigDecimalFieldSerialization,testSetSerialization,testUrlNullSerialization,testBigIntegerFieldSerialization
[INFO] 9 test pass, generating assertion...
[INFO] Add observations points in passing tests.
[INFO] Instrumentation...
 11% |===================================== ]/ 22% |===================================== ]- 33% |===================================== ]\ 44% |===================================== ]| 55% |===================================== ]/ 66% |===================================== ]- 77% |====================================== ]\ 88% |============================================ ]|100% |================================================== ]/
[INFO] Run instrumented tests. (27)
[INFO] Run: java -classpath /tmp/icst-2019/september-2018/dataset/gson_parent/gson/target/test-classes:/tmp/icst-2019/september-2018/dataset/gson_parent/gson/target/classes/:/home/spirals/danglot/.m2/repository/junit/junit/4.12/junit-4.12.jar:/home/spirals/danglot/.m2/repository/junit/junit/3.8.2/junit-3.8.2.jar:/tmp/icst-2019/september-2018/dataset/gson_parent/gson/target/dspot/dependencies/:/home/spirals/danglot/.m2/repository/eu/stamp-project/test-runner/1.1.0/test-runner-1.1.0-jar-with-dependencies.jar eu.stamp_project.testrunner.runner.test.TestRunner com.google.gson.functional.DefaultTypeAdaptersTest testUrlNullSerialization_withlog0:testBigDecimalFieldSerialization_withlog0:testBadValueForBigDecimalDeserialization_withlog0:testBigIntegerFieldSerialization_withlog0:testUrlNullDeserialization_withlog0:testBigIntegerFieldDeserialization_withlog0:testBigDecimalFieldDeserialization_withlog0:testNullSerialization_withlog0:testSetSerialization_withlog0:testUrlNullSerialization_withlog1:testBigDecimalFieldSerialization_withlog1:testBadValueForBigDecimalDeserialization_withlog1:testBigIntegerFieldSerialization_withlog1:testUrlNullDeserialization_withlog1:testBigIntegerFieldDeserialization_withlog1:testBigDecimalFieldDeserialization_withlog1:testNullSerialization_withlog1:testSetSerialization_withlog1:testUrlNullSerialization_withlog2:testBigDecimalFieldSerialization_withlog2:testBadValueForBigDecimalDeserialization_withlog2:testBigIntegerFieldSerialization_withlog2:testUrlNullDeserialization_withlog2:testBigIntegerFieldDeserialization_withlog2:testBigDecimalFieldDeserialization_withlog2:testNullSerialization_withlog2:testSetSerialization_withlog2
File saved to the following path: /tmp/icst-2019/september-2018/dataset/gson_parent/gson/target/dspot/observations.ser
File saved to the following path: /tmp/icst-2019/september-2018/dataset/gson_parent/gson/target/dspot/TestListener.ser
Loading /tmp/icst-2019/september-2018/dataset/gson_parent/gson/target/dspot/TestListener.ser
[INFO] Test has been run: testBadValueForBigDecimalDeserialization_withlog0,testBadValueForBigDecimalDeserialization_withlog1,testBadValueForBigDecimalDeserialization_withlog2,testBigIntegerFieldSerialization_withlog0,testBigIntegerFieldSerialization_withlog1,testBigIntegerFieldSerialization_withlog2,testUrlNullDeserialization_withlog0,testUrlNullDeserialization_withlog1,testUrlNullDeserialization_withlog2,testBigDecimalFieldDeserialization_withlog0,testBigDecimalFieldDeserialization_withlog1,testBigDecimalFieldDeserialization_withlog2,testBigDecimalFieldSerialization_withlog0,testBigDecimalFieldSerialization_withlog1,testBigDecimalFieldSerialization_withlog2,testUrlNullSerialization_withlog0,testUrlNullSerialization_withlog1,testUrlNullSerialization_withlog2,testSetSerialization_withlog0,testSetSerialization_withlog1,testSetSerialization_withlog2,testBigIntegerFieldDeserialization_withlog0,testBigIntegerFieldDeserialization_withlog1,testBigIntegerFieldDeserialization_withlog2,testNullSerialization_withlog0,testNullSerialization_withlog1,testNullSerialization_withlog2
[INFO] Generating assertions...
[INFO] 7 new tests with assertions generated
[INFO] Run: java -classpath /tmp/icst-2019/september-2018/dataset/gson_parent/gson/target/test-classes:/tmp/icst-2019/september-2018/dataset/gson_parent/gson/target/classes/:/home/spirals/danglot/.m2/repository/junit/junit/4.12/junit-4.12.jar:/home/spirals/danglot/.m2/repository/junit/junit/3.8.2/junit-3.8.2.jar:/tmp/icst-2019/september-2018/dataset/gson_parent/gson/target/dspot/dependencies/:/home/spirals/danglot/.m2/repository/eu/stamp-project/test-runner/1.1.0/test-runner-1.1.0-jar-with-dependencies.jar eu.stamp_project.testrunner.runner.test.TestRunner com.google.gson.functional.DefaultTypeAdaptersTest testUrlNullSerialization:testBigDecimalFieldSerialization:testBigIntegerFieldSerialization:testUrlNullDeserialization:testBigIntegerFieldDeserialization:testBigDecimalFieldDeserialization:testSetSerialization
File saved to the following path: /tmp/icst-2019/september-2018/dataset/gson_parent/gson/target/dspot/TestListener.ser
Loading /tmp/icst-2019/september-2018/dataset/gson_parent/gson/target/dspot/TestListener.ser
[INFO] Test has been run: testBigIntegerFieldDeserialization,testUrlNullDeserialization,testBigDecimalFieldDeserialization,testBigDecimalFieldSerialization,testSetSerialization,testUrlNullSerialization,testBigIntegerFieldSerialization
[INFO] Assertion amplification: 7 test method(s) has been successfully amplified.
[WARN] 2018-09-23 13:36:27 Launcher - You specified the directory /tmp/icst-2019/september-2018/dataset/gson/gson/target/classes in source classpath, please note that only class files will be considered. Jars and subdirectories will be ignored.
[WARN] 2018-09-23 13:36:27 Launcher - You specified the directory /tmp/icst-2019/september-2018/dataset/gson/gson/target/test-classes in source classpath, please note that only class files will be considered. Jars and subdirectories will be ignored.
[WARN] 2018-09-23 13:36:27 Launcher - You specified the directory /tmp/icst-2019/september-2018/dataset/gson/gson/target/dspot/dependencies in source classpath, please note that only class files will be considered. Jars and subdirectories will be ignored.
[INFO] Run: java -classpath /tmp/icst-2019/september-2018/dataset/gson/gson/target/classes/:/tmp/icst-2019/september-2018/dataset/gson/gson/target/test-classes/:/home/spirals/danglot/.m2/repository/junit/junit/4.12/junit-4.12.jar:/home/spirals/danglot/.m2/repository/junit/junit/3.8.2/junit-3.8.2.jar:/tmp/icst-2019/september-2018/dataset/gson/gson/target/dspot/dependencies/:/home/spirals/danglot/.m2/repository/eu/stamp-project/test-runner/1.1.0/test-runner-1.1.0-jar-with-dependencies.jar eu.stamp_project.testrunner.runner.test.TestRunner com.google.gson.functional.DefaultTypeAdaptersTest testUrlNullSerialization:testBigDecimalFieldSerialization:testBigIntegerFieldSerialization:testUrlNullDeserialization:testBigIntegerFieldDeserialization:testBigDecimalFieldDeserialization:testSetSerialization
File saved to the following path: /tmp/icst-2019/september-2018/dataset/gson_parent/gson/target/dspot/TestListener.ser
Loading /tmp/icst-2019/september-2018/dataset/gson_parent/gson/target/dspot/TestListener.ser
[INFO] Test has been run: testBigIntegerFieldDeserialization,testUrlNullDeserialization,testBigDecimalFieldDeserialization,testBigDecimalFieldSerialization,testSetSerialization,testUrlNullSerialization,testBigIntegerFieldSerialization
[INFO] 0 amplified test methods has been selected to be kept. (global: 0)
[INFO] elapsedTime 5401
======= REPORT =======
0 amplified test fails on the new versions.

[WARNING] DSpot could not obtain any amplified test method.
[WARNING] You can customize the following options: --amplifiers, --test-criterion, --iteration, --budgetizer etc, and retry with a new configuration.
[INFO] Amplification of com.google.gson.functional.PrimitiveTest (1 test(s))
[INFO] Assertion amplification of com.google.gson.functional.PrimitiveTest (1 test(s))
[ERROR] Error(s) during compilation:
[ERROR] Pb(102) The method assertEquals(Object, Object) is ambiguous for the type Assert
[ERROR] Pb(102) The method assertEquals(Object, Object) is ambiguous for the type Assert
[ERROR] Pb(102) The method assertEquals(Object, Object) is ambiguous for the type Assert
[ERROR] Pb(102) The method assertEquals(Object, Object) is ambiguous for the type Assert
[INFO] Run: java -classpath /tmp/icst-2019/september-2018/dataset/gson_parent/gson/target/test-classes:/tmp/icst-2019/september-2018/dataset/gson_parent/gson/target/classes/:/home/spirals/danglot/.m2/repository/junit/junit/4.12/junit-4.12.jar:/home/spirals/danglot/.m2/repository/junit/junit/3.8.2/junit-3.8.2.jar:/tmp/icst-2019/september-2018/dataset/gson_parent/gson/target/dspot/dependencies/:/home/spirals/danglot/.m2/repository/eu/stamp-project/test-runner/1.1.0/test-runner-1.1.0-jar-with-dependencies.jar eu.stamp_project.testrunner.runner.test.TestRunner com.google.gson.functional.PrimitiveTest testDeserializePrimitiveWrapperAsObjectField
File saved to the following path: /tmp/icst-2019/september-2018/dataset/gson_parent/gson/target/dspot/TestListener.ser
Loading /tmp/icst-2019/september-2018/dataset/gson_parent/gson/target/dspot/TestListener.ser
[INFO] Test has been run: testDeserializePrimitiveWrapperAsObjectField
[INFO] Run tests. (1)
[ERROR] Error(s) during compilation:
[ERROR] Pb(102) The method assertEquals(Object, Object) is ambiguous for the type Assert
[ERROR] Pb(102) The method assertEquals(Object, Object) is ambiguous for the type Assert
[ERROR] Pb(102) The method assertEquals(Object, Object) is ambiguous for the type Assert
[ERROR] Pb(102) The method assertEquals(Object, Object) is ambiguous for the type Assert
[INFO] Run: java -classpath /tmp/icst-2019/september-2018/dataset/gson_parent/gson/target/test-classes:/tmp/icst-2019/september-2018/dataset/gson_parent/gson/target/classes/:/home/spirals/danglot/.m2/repository/junit/junit/4.12/junit-4.12.jar:/home/spirals/danglot/.m2/repository/junit/junit/3.8.2/junit-3.8.2.jar:/tmp/icst-2019/september-2018/dataset/gson_parent/gson/target/dspot/dependencies/:/home/spirals/danglot/.m2/repository/eu/stamp-project/test-runner/1.1.0/test-runner-1.1.0-jar-with-dependencies.jar eu.stamp_project.testrunner.runner.test.TestRunner com.google.gson.functional.PrimitiveTest testDeserializePrimitiveWrapperAsObjectField
File saved to the following path: /tmp/icst-2019/september-2018/dataset/gson_parent/gson/target/dspot/TestListener.ser
Loading /tmp/icst-2019/september-2018/dataset/gson_parent/gson/target/dspot/TestListener.ser
[INFO] Test has been run: testDeserializePrimitiveWrapperAsObjectField
[INFO] 1 test pass, generating assertion...
[INFO] Add observations points in passing tests.
[INFO] Instrumentation...
100% |================================================== ]/
[INFO] Run instrumented tests. (3)
[INFO] Run: java -classpath /tmp/icst-2019/september-2018/dataset/gson_parent/gson/target/test-classes:/tmp/icst-2019/september-2018/dataset/gson_parent/gson/target/classes/:/home/spirals/danglot/.m2/repository/junit/junit/4.12/junit-4.12.jar:/home/spirals/danglot/.m2/repository/junit/junit/3.8.2/junit-3.8.2.jar:/tmp/icst-2019/september-2018/dataset/gson_parent/gson/target/dspot/dependencies/:/home/spirals/danglot/.m2/repository/eu/stamp-project/test-runner/1.1.0/test-runner-1.1.0-jar-with-dependencies.jar eu.stamp_project.testrunner.runner.test.TestRunner com.google.gson.functional.PrimitiveTest testDeserializePrimitiveWrapperAsObjectField_withlog0:testDeserializePrimitiveWrapperAsObjectField_withlog1:testDeserializePrimitiveWrapperAsObjectField_withlog2
File saved to the following path: /tmp/icst-2019/september-2018/dataset/gson_parent/gson/target/dspot/observations.ser
File saved to the following path: /tmp/icst-2019/september-2018/dataset/gson_parent/gson/target/dspot/TestListener.ser
Loading /tmp/icst-2019/september-2018/dataset/gson_parent/gson/target/dspot/TestListener.ser
[INFO] Test has been run: testDeserializePrimitiveWrapperAsObjectField_withlog0,testDeserializePrimitiveWrapperAsObjectField_withlog1,testDeserializePrimitiveWrapperAsObjectField_withlog2
[INFO] Generating assertions...
[INFO] 1 new tests with assertions generated
[ERROR] Error(s) during compilation:
[ERROR] Pb(102) The method assertEquals(Object, Object) is ambiguous for the type Assert
[ERROR] Pb(102) The method assertEquals(Object, Object) is ambiguous for the type Assert
[ERROR] Pb(102) The method assertEquals(Object, Object) is ambiguous for the type Assert
[ERROR] Pb(102) The method assertEquals(Object, Object) is ambiguous for the type Assert
[INFO] Run: java -classpath /tmp/icst-2019/september-2018/dataset/gson_parent/gson/target/test-classes:/tmp/icst-2019/september-2018/dataset/gson_parent/gson/target/classes/:/home/spirals/danglot/.m2/repository/junit/junit/4.12/junit-4.12.jar:/home/spirals/danglot/.m2/repository/junit/junit/3.8.2/junit-3.8.2.jar:/tmp/icst-2019/september-2018/dataset/gson_parent/gson/target/dspot/dependencies/:/home/spirals/danglot/.m2/repository/eu/stamp-project/test-runner/1.1.0/test-runner-1.1.0-jar-with-dependencies.jar eu.stamp_project.testrunner.runner.test.TestRunner com.google.gson.functional.PrimitiveTest testDeserializePrimitiveWrapperAsObjectField
File saved to the following path: /tmp/icst-2019/september-2018/dataset/gson_parent/gson/target/dspot/TestListener.ser
Loading /tmp/icst-2019/september-2018/dataset/gson_parent/gson/target/dspot/TestListener.ser
[INFO] Test has been run: testDeserializePrimitiveWrapperAsObjectField
[INFO] Assertion amplification: 1 test method(s) has been successfully amplified.
[WARN] 2018-09-23 13:36:32 Launcher - You specified the directory /tmp/icst-2019/september-2018/dataset/gson/gson/target/classes in source classpath, please note that only class files will be considered. Jars and subdirectories will be ignored.
[WARN] 2018-09-23 13:36:32 Launcher - You specified the directory /tmp/icst-2019/september-2018/dataset/gson/gson/target/test-classes in source classpath, please note that only class files will be considered. Jars and subdirectories will be ignored.
[WARN] 2018-09-23 13:36:32 Launcher - You specified the directory /tmp/icst-2019/september-2018/dataset/gson/gson/target/dspot/dependencies in source classpath, please note that only class files will be considered. Jars and subdirectories will be ignored.
[INFO] Run: java -classpath /tmp/icst-2019/september-2018/dataset/gson/gson/target/classes/:/tmp/icst-2019/september-2018/dataset/gson/gson/target/test-classes/:/home/spirals/danglot/.m2/repository/junit/junit/4.12/junit-4.12.jar:/home/spirals/danglot/.m2/repository/junit/junit/3.8.2/junit-3.8.2.jar:/tmp/icst-2019/september-2018/dataset/gson/gson/target/dspot/dependencies/:/home/spirals/danglot/.m2/repository/eu/stamp-project/test-runner/1.1.0/test-runner-1.1.0-jar-with-dependencies.jar eu.stamp_project.testrunner.runner.test.TestRunner com.google.gson.functional.PrimitiveTest testDeserializePrimitiveWrapperAsObjectField
File saved to the following path: /tmp/icst-2019/september-2018/dataset/gson_parent/gson/target/dspot/TestListener.ser
Loading /tmp/icst-2019/september-2018/dataset/gson_parent/gson/target/dspot/TestListener.ser
[INFO] Test has been run: testDeserializePrimitiveWrapperAsObjectField
[INFO] 0 amplified test methods has been selected to be kept. (global: 0)
[INFO] elapsedTime 4557
======= REPORT =======
0 amplified test fails on the new versions.

[WARNING] DSpot could not obtain any amplified test method.
[WARNING] You can customize the following options: --amplifiers, --test-criterion, --iteration, --budgetizer etc, and retry with a new configuration.
[INFO] Amplification of com.google.gson.functional.ExposeFieldsTest (6 test(s))
[INFO] Assertion amplification of com.google.gson.functional.ExposeFieldsTest (6 test(s))
[INFO] Run: java -classpath /tmp/icst-2019/september-2018/dataset/gson_parent/gson/target/test-classes:/tmp/icst-2019/september-2018/dataset/gson_parent/gson/target/classes/:/home/spirals/danglot/.m2/repository/junit/junit/4.12/junit-4.12.jar:/home/spirals/danglot/.m2/repository/junit/junit/3.8.2/junit-3.8.2.jar:/tmp/icst-2019/september-2018/dataset/gson_parent/gson/target/dspot/dependencies/:/home/spirals/danglot/.m2/repository/eu/stamp-project/test-runner/1.1.0/test-runner-1.1.0-jar-with-dependencies.jar eu.stamp_project.testrunner.runner.test.TestRunner com.google.gson.functional.ExposeFieldsTest testExposeAnnotationSerialization:testNullExposeFieldSerialization:testExposedInterfaceFieldDeserialization:testArrayWithOneNullExposeFieldObjectSerialization:testExposeAnnotationDeserialization:testExposedInterfaceFieldSerialization
File saved to the following path: /tmp/icst-2019/september-2018/dataset/gson_parent/gson/target/dspot/TestListener.ser
Loading /tmp/icst-2019/september-2018/dataset/gson_parent/gson/target/dspot/TestListener.ser
[INFO] Test has been run: testNullExposeFieldSerialization,testExposeAnnotationSerialization,testExposedInterfaceFieldDeserialization,testExposeAnnotationDeserialization,testArrayWithOneNullExposeFieldObjectSerialization,testExposedInterfaceFieldSerialization
[INFO] Run tests. (6)
[INFO] Run: java -classpath /tmp/icst-2019/september-2018/dataset/gson_parent/gson/target/test-classes:/tmp/icst-2019/september-2018/dataset/gson_parent/gson/target/classes/:/home/spirals/danglot/.m2/repository/junit/junit/4.12/junit-4.12.jar:/home/spirals/danglot/.m2/repository/junit/junit/3.8.2/junit-3.8.2.jar:/tmp/icst-2019/september-2018/dataset/gson_parent/gson/target/dspot/dependencies/:/home/spirals/danglot/.m2/repository/eu/stamp-project/test-runner/1.1.0/test-runner-1.1.0-jar-with-dependencies.jar eu.stamp_project.testrunner.runner.test.TestRunner com.google.gson.functional.ExposeFieldsTest testExposeAnnotationSerialization:testNullExposeFieldSerialization:testExposedInterfaceFieldDeserialization:testArrayWithOneNullExposeFieldObjectSerialization:testExposeAnnotationDeserialization:testExposedInterfaceFieldSerialization
File saved to the following path: /tmp/icst-2019/september-2018/dataset/gson_parent/gson/target/dspot/TestListener.ser
Loading /tmp/icst-2019/september-2018/dataset/gson_parent/gson/target/dspot/TestListener.ser
[INFO] Test has been run: testNullExposeFieldSerialization,testExposeAnnotationSerialization,testExposedInterfaceFieldDeserialization,testExposeAnnotationDeserialization,testArrayWithOneNullExposeFieldObjectSerialization,testExposedInterfaceFieldSerialization
[INFO] 6 test pass, generating assertion...
[INFO] Add observations points in passing tests.
[INFO] Instrumentation...
 16% |======== ]/ 33% |================ ]- 50% |========================= ]\ 66% |================================= ]| 83% |========================================= ]/100% |================================================== ]-
[INFO] Run instrumented tests. (18)
[INFO] Run: java -classpath /tmp/icst-2019/september-2018/dataset/gson_parent/gson/target/test-classes:/tmp/icst-2019/september-2018/dataset/gson_parent/gson/target/classes/:/home/spirals/danglot/.m2/repository/junit/junit/4.12/junit-4.12.jar:/home/spirals/danglot/.m2/repository/junit/junit/3.8.2/junit-3.8.2.jar:/tmp/icst-2019/september-2018/dataset/gson_parent/gson/target/dspot/dependencies/:/home/spirals/danglot/.m2/repository/eu/stamp-project/test-runner/1.1.0/test-runner-1.1.0-jar-with-dependencies.jar eu.stamp_project.testrunner.runner.test.TestRunner com.google.gson.functional.ExposeFieldsTest testExposeAnnotationSerialization_withlog0:testNullExposeFieldSerialization_withlog0:testExposedInterfaceFieldDeserialization_withlog0:testArrayWithOneNullExposeFieldObjectSerialization_withlog0:testExposeAnnotationDeserialization_withlog0:testExposedInterfaceFieldSerialization_withlog0:testExposeAnnotationSerialization_withlog1:testNullExposeFieldSerialization_withlog1:testExposedInterfaceFieldDeserialization_withlog1:testArrayWithOneNullExposeFieldObjectSerialization_withlog1:testExposeAnnotationDeserialization_withlog1:testExposedInterfaceFieldSerialization_withlog1:testExposeAnnotationSerialization_withlog2:testNullExposeFieldSerialization_withlog2:testExposedInterfaceFieldDeserialization_withlog2:testArrayWithOneNullExposeFieldObjectSerialization_withlog2:testExposeAnnotationDeserialization_withlog2:testExposedInterfaceFieldSerialization_withlog2
File saved to the following path: /tmp/icst-2019/september-2018/dataset/gson_parent/gson/target/dspot/observations.ser
File saved to the following path: /tmp/icst-2019/september-2018/dataset/gson_parent/gson/target/dspot/TestListener.ser
Loading /tmp/icst-2019/september-2018/dataset/gson_parent/gson/target/dspot/TestListener.ser
[INFO] Test has been run: testNullExposeFieldSerialization_withlog0,testNullExposeFieldSerialization_withlog1,testNullExposeFieldSerialization_withlog2,testExposeAnnotationDeserialization_withlog0,testExposeAnnotationDeserialization_withlog1,testExposeAnnotationDeserialization_withlog2,testExposeAnnotationSerialization_withlog0,testExposeAnnotationSerialization_withlog1,testExposeAnnotationSerialization_withlog2,testExposedInterfaceFieldSerialization_withlog0,testExposedInterfaceFieldSerialization_withlog1,testExposedInterfaceFieldSerialization_withlog2,testExposedInterfaceFieldDeserialization_withlog0,testExposedInterfaceFieldDeserialization_withlog1,testExposedInterfaceFieldDeserialization_withlog2,testArrayWithOneNullExposeFieldObjectSerialization_withlog0,testArrayWithOneNullExposeFieldObjectSerialization_withlog1,testArrayWithOneNullExposeFieldObjectSerialization_withlog2
[INFO] Generating assertions...
[INFO] 6 new tests with assertions generated
[INFO] Run: java -classpath /tmp/icst-2019/september-2018/dataset/gson_parent/gson/target/test-classes:/tmp/icst-2019/september-2018/dataset/gson_parent/gson/target/classes/:/home/spirals/danglot/.m2/repository/junit/junit/4.12/junit-4.12.jar:/home/spirals/danglot/.m2/repository/junit/junit/3.8.2/junit-3.8.2.jar:/tmp/icst-2019/september-2018/dataset/gson_parent/gson/target/dspot/dependencies/:/home/spirals/danglot/.m2/repository/eu/stamp-project/test-runner/1.1.0/test-runner-1.1.0-jar-with-dependencies.jar eu.stamp_project.testrunner.runner.test.TestRunner com.google.gson.functional.ExposeFieldsTest testExposeAnnotationSerialization:testNullExposeFieldSerialization:testExposedInterfaceFieldDeserialization:testArrayWithOneNullExposeFieldObjectSerialization:testExposeAnnotationDeserialization:testExposedInterfaceFieldSerialization
File saved to the following path: /tmp/icst-2019/september-2018/dataset/gson_parent/gson/target/dspot/TestListener.ser
Loading /tmp/icst-2019/september-2018/dataset/gson_parent/gson/target/dspot/TestListener.ser
[INFO] Test has been run: testNullExposeFieldSerialization,testExposeAnnotationSerialization,testExposedInterfaceFieldDeserialization,testExposeAnnotationDeserialization,testArrayWithOneNullExposeFieldObjectSerialization,testExposedInterfaceFieldSerialization
[INFO] Assertion amplification: 6 test method(s) has been successfully amplified.
[WARN] 2018-09-23 13:36:36 Launcher - You specified the directory /tmp/icst-2019/september-2018/dataset/gson/gson/target/classes in source classpath, please note that only class files will be considered. Jars and subdirectories will be ignored.
[WARN] 2018-09-23 13:36:36 Launcher - You specified the directory /tmp/icst-2019/september-2018/dataset/gson/gson/target/test-classes in source classpath, please note that only class files will be considered. Jars and subdirectories will be ignored.
[WARN] 2018-09-23 13:36:36 Launcher - You specified the directory /tmp/icst-2019/september-2018/dataset/gson/gson/target/dspot/dependencies in source classpath, please note that only class files will be considered. Jars and subdirectories will be ignored.
[INFO] Run: java -classpath /tmp/icst-2019/september-2018/dataset/gson/gson/target/classes/:/tmp/icst-2019/september-2018/dataset/gson/gson/target/test-classes/:/home/spirals/danglot/.m2/repository/junit/junit/4.12/junit-4.12.jar:/home/spirals/danglot/.m2/repository/junit/junit/3.8.2/junit-3.8.2.jar:/tmp/icst-2019/september-2018/dataset/gson/gson/target/dspot/dependencies/:/home/spirals/danglot/.m2/repository/eu/stamp-project/test-runner/1.1.0/test-runner-1.1.0-jar-with-dependencies.jar eu.stamp_project.testrunner.runner.test.TestRunner com.google.gson.functional.ExposeFieldsTest testExposeAnnotationSerialization:testNullExposeFieldSerialization:testExposedInterfaceFieldDeserialization:testArrayWithOneNullExposeFieldObjectSerialization:testExposeAnnotationDeserialization:testExposedInterfaceFieldSerialization
File saved to the following path: /tmp/icst-2019/september-2018/dataset/gson_parent/gson/target/dspot/TestListener.ser
Loading /tmp/icst-2019/september-2018/dataset/gson_parent/gson/target/dspot/TestListener.ser
[INFO] Test has been run: testNullExposeFieldSerialization,testExposeAnnotationSerialization,testExposedInterfaceFieldDeserialization,testExposeAnnotationDeserialization,testArrayWithOneNullExposeFieldObjectSerialization,testExposedInterfaceFieldSerialization
[INFO] 0 amplified test methods has been selected to be kept. (global: 0)
[INFO] elapsedTime 3562
======= REPORT =======
0 amplified test fails on the new versions.

[WARNING] DSpot could not obtain any amplified test method.
[WARNING] You can customize the following options: --amplifiers, --test-criterion, --iteration, --budgetizer etc, and retry with a new configuration.
[INFO] Amplification of com.google.gson.functional.MapTest (7 test(s))
[INFO] Assertion amplification of com.google.gson.functional.MapTest (7 test(s))
[ERROR] Error(s) during compilation:
[ERROR] Pb(232) Syntax error on token ".", delete this token
[ERROR] Pb(50) $Gson$Types cannot be resolved
[ERROR] Pb(50) $Gson$Types cannot be resolved
[INFO] Run: java -classpath /tmp/icst-2019/september-2018/dataset/gson_parent/gson/target/test-classes:/tmp/icst-2019/september-2018/dataset/gson_parent/gson/target/classes/:/home/spirals/danglot/.m2/repository/junit/junit/4.12/junit-4.12.jar:/home/spirals/danglot/.m2/repository/junit/junit/3.8.2/junit-3.8.2.jar:/tmp/icst-2019/september-2018/dataset/gson_parent/gson/target/dspot/dependencies/:/home/spirals/danglot/.m2/repository/eu/stamp-project/test-runner/1.1.0/test-runner-1.1.0-jar-with-dependencies.jar eu.stamp_project.testrunner.runner.test.TestRunner com.google.gson.functional.MapTest testInterfaceTypeMap:testInterfaceTypeMapWithSerializer:testMapSerializationWithNullValues:testGeneralMapField:testMapSerializationWithNullValuesSerialized:testComplexKeysDeserialization:testComplexKeysSerialization
File saved to the following path: /tmp/icst-2019/september-2018/dataset/gson_parent/gson/target/dspot/TestListener.ser
Loading /tmp/icst-2019/september-2018/dataset/gson_parent/gson/target/dspot/TestListener.ser
[INFO] Test has been run: testMapSerializationWithNullValuesSerialized,testComplexKeysDeserialization,testInterfaceTypeMap,testMapSerializationWithNullValues,testGeneralMapField,testComplexKeysSerialization,testInterfaceTypeMapWithSerializer
[INFO] Run tests. (7)
[ERROR] Error(s) during compilation:
[ERROR] Pb(232) Syntax error on token ".", delete this token
[ERROR] Pb(50) $Gson$Types cannot be resolved
[ERROR] Pb(50) $Gson$Types cannot be resolved
[INFO] Run: java -classpath /tmp/icst-2019/september-2018/dataset/gson_parent/gson/target/test-classes:/tmp/icst-2019/september-2018/dataset/gson_parent/gson/target/classes/:/home/spirals/danglot/.m2/repository/junit/junit/4.12/junit-4.12.jar:/home/spirals/danglot/.m2/repository/junit/junit/3.8.2/junit-3.8.2.jar:/tmp/icst-2019/september-2018/dataset/gson_parent/gson/target/dspot/dependencies/:/home/spirals/danglot/.m2/repository/eu/stamp-project/test-runner/1.1.0/test-runner-1.1.0-jar-with-dependencies.jar eu.stamp_project.testrunner.runner.test.TestRunner com.google.gson.functional.MapTest testInterfaceTypeMap:testInterfaceTypeMapWithSerializer:testMapSerializationWithNullValues:testGeneralMapField:testMapSerializationWithNullValuesSerialized:testComplexKeysDeserialization:testComplexKeysSerialization
File saved to the following path: /tmp/icst-2019/september-2018/dataset/gson_parent/gson/target/dspot/TestListener.ser
Loading /tmp/icst-2019/september-2018/dataset/gson_parent/gson/target/dspot/TestListener.ser
[INFO] Test has been run: testMapSerializationWithNullValuesSerialized,testComplexKeysDeserialization,testInterfaceTypeMap,testMapSerializationWithNullValues,testGeneralMapField,testComplexKeysSerialization,testInterfaceTypeMapWithSerializer
[INFO] 7 test pass, generating assertion...
[INFO] Add observations points in passing tests.
[INFO] Instrumentation...
 14% |======= ]/ 28% |============== ]- 42% |===================== ]\ 57% |============================ ]| 71% |=================================== ]/ 85% |========================================== ]-100% |================================================== ]\
[INFO] Run instrumented tests. (21)
[INFO] Run: java -classpath /tmp/icst-2019/september-2018/dataset/gson_parent/gson/target/test-classes:/tmp/icst-2019/september-2018/dataset/gson_parent/gson/target/classes/:/home/spirals/danglot/.m2/repository/junit/junit/4.12/junit-4.12.jar:/home/spirals/danglot/.m2/repository/junit/junit/3.8.2/junit-3.8.2.jar:/tmp/icst-2019/september-2018/dataset/gson_parent/gson/target/dspot/dependencies/:/home/spirals/danglot/.m2/repository/eu/stamp-project/test-runner/1.1.0/test-runner-1.1.0-jar-with-dependencies.jar eu.stamp_project.testrunner.runner.test.TestRunner com.google.gson.functional.MapTest testInterfaceTypeMap_withlog0:testInterfaceTypeMapWithSerializer_withlog0:testMapSerializationWithNullValues_withlog0:testGeneralMapField_withlog0:testMapSerializationWithNullValuesSerialized_withlog0:testComplexKeysDeserialization_withlog0:testComplexKeysSerialization_withlog0:testInterfaceTypeMap_withlog1:testInterfaceTypeMapWithSerializer_withlog1:testMapSerializationWithNullValues_withlog1:testGeneralMapField_withlog1:testMapSerializationWithNullValuesSerialized_withlog1:testComplexKeysDeserialization_withlog1:testComplexKeysSerialization_withlog1:testInterfaceTypeMap_withlog2:testInterfaceTypeMapWithSerializer_withlog2:testMapSerializationWithNullValues_withlog2:testGeneralMapField_withlog2:testMapSerializationWithNullValuesSerialized_withlog2:testComplexKeysDeserialization_withlog2:testComplexKeysSerialization_withlog2
File saved to the following path: /tmp/icst-2019/september-2018/dataset/gson_parent/gson/target/dspot/observations.ser
File saved to the following path: /tmp/icst-2019/september-2018/dataset/gson_parent/gson/target/dspot/TestListener.ser
Loading /tmp/icst-2019/september-2018/dataset/gson_parent/gson/target/dspot/TestListener.ser
[INFO] Test has been run: testComplexKeysDeserialization_withlog0,testComplexKeysDeserialization_withlog1,testComplexKeysDeserialization_withlog2,testInterfaceTypeMapWithSerializer_withlog0,testInterfaceTypeMapWithSerializer_withlog1,testInterfaceTypeMapWithSerializer_withlog2,testInterfaceTypeMap_withlog0,testInterfaceTypeMap_withlog1,testInterfaceTypeMap_withlog2,testMapSerializationWithNullValues_withlog0(com.google.gson.functional.MapTest): null,testMapSerializationWithNullValues_withlog1(com.google.gson.functional.MapTest): null,testMapSerializationWithNullValues_withlog2(com.google.gson.functional.MapTest): null,testGeneralMapField_withlog0(com.google.gson.functional.MapTest): null,testGeneralMapField_withlog1(com.google.gson.functional.MapTest): null,testGeneralMapField_withlog2(com.google.gson.functional.MapTest): null,testMapSerializationWithNullValuesSerialized_withlog0(com.google.gson.functional.MapTest): null,testMapSerializationWithNullValuesSerialized_withlog1(com.google.gson.functional.MapTest): null,testMapSerializationWithNullValuesSerialized_withlog2(com.google.gson.functional.MapTest): null,testComplexKeysSerialization_withlog0(com.google.gson.functional.MapTest): null,testComplexKeysSerialization_withlog1(com.google.gson.functional.MapTest): null,testComplexKeysSerialization_withlog2(com.google.gson.functional.MapTest): null
[WARNING] Some instrumented test failed!
[INFO] Generating assertions...
[INFO] 3 new tests with assertions generated
[ERROR] Error(s) during compilation:
[ERROR] Pb(232) Syntax error on token ".", delete this token
[ERROR] Pb(50) $Gson$Types cannot be resolved
[ERROR] Pb(50) $Gson$Types cannot be resolved
[INFO] Run: java -classpath /tmp/icst-2019/september-2018/dataset/gson_parent/gson/target/test-classes:/tmp/icst-2019/september-2018/dataset/gson_parent/gson/target/classes/:/home/spirals/danglot/.m2/repository/junit/junit/4.12/junit-4.12.jar:/home/spirals/danglot/.m2/repository/junit/junit/3.8.2/junit-3.8.2.jar:/tmp/icst-2019/september-2018/dataset/gson_parent/gson/target/dspot/dependencies/:/home/spirals/danglot/.m2/repository/eu/stamp-project/test-runner/1.1.0/test-runner-1.1.0-jar-with-dependencies.jar eu.stamp_project.testrunner.runner.test.TestRunner com.google.gson.functional.MapTest testInterfaceTypeMap:testInterfaceTypeMapWithSerializer:testComplexKeysDeserialization
File saved to the following path: /tmp/icst-2019/september-2018/dataset/gson_parent/gson/target/dspot/TestListener.ser
Loading /tmp/icst-2019/september-2018/dataset/gson_parent/gson/target/dspot/TestListener.ser
[INFO] Test has been run: testComplexKeysDeserialization,testInterfaceTypeMap,testInterfaceTypeMapWithSerializer
[INFO] Assertion amplification: 3 test method(s) has been successfully amplified.
[WARN] 2018-09-23 13:36:43 Launcher - You specified the directory /tmp/icst-2019/september-2018/dataset/gson/gson/target/classes in source classpath, please note that only class files will be considered. Jars and subdirectories will be ignored.
[WARN] 2018-09-23 13:36:43 Launcher - You specified the directory /tmp/icst-2019/september-2018/dataset/gson/gson/target/test-classes in source classpath, please note that only class files will be considered. Jars and subdirectories will be ignored.
[WARN] 2018-09-23 13:36:43 Launcher - You specified the directory /tmp/icst-2019/september-2018/dataset/gson/gson/target/dspot/dependencies in source classpath, please note that only class files will be considered. Jars and subdirectories will be ignored.
[INFO] Run: java -classpath /tmp/icst-2019/september-2018/dataset/gson/gson/target/classes/:/tmp/icst-2019/september-2018/dataset/gson/gson/target/test-classes/:/home/spirals/danglot/.m2/repository/junit/junit/4.12/junit-4.12.jar:/home/spirals/danglot/.m2/repository/junit/junit/3.8.2/junit-3.8.2.jar:/tmp/icst-2019/september-2018/dataset/gson/gson/target/dspot/dependencies/:/home/spirals/danglot/.m2/repository/eu/stamp-project/test-runner/1.1.0/test-runner-1.1.0-jar-with-dependencies.jar eu.stamp_project.testrunner.runner.test.TestRunner com.google.gson.functional.MapTest testInterfaceTypeMap:testInterfaceTypeMapWithSerializer:testComplexKeysDeserialization
File saved to the following path: /tmp/icst-2019/september-2018/dataset/gson_parent/gson/target/dspot/TestListener.ser
Loading /tmp/icst-2019/september-2018/dataset/gson_parent/gson/target/dspot/TestListener.ser
[INFO] Test has been run: testComplexKeysDeserialization,testInterfaceTypeMap,testInterfaceTypeMapWithSerializer
[INFO] 0 amplified test methods has been selected to be kept. (global: 0)
[INFO] elapsedTime 6964
======= REPORT =======
0 amplified test fails on the new versions.

[WARNING] DSpot could not obtain any amplified test method.
[WARNING] You can customize the following options: --amplifiers, --test-criterion, --iteration, --budgetizer etc, and retry with a new configuration.
[INFO] Amplification of com.google.gson.functional.PrettyPrintingTest (3 test(s))
[INFO] Assertion amplification of com.google.gson.functional.PrettyPrintingTest (3 test(s))
[INFO] Run: java -classpath /tmp/icst-2019/september-2018/dataset/gson_parent/gson/target/test-classes:/tmp/icst-2019/september-2018/dataset/gson_parent/gson/target/classes/:/home/spirals/danglot/.m2/repository/junit/junit/4.12/junit-4.12.jar:/home/spirals/danglot/.m2/repository/junit/junit/3.8.2/junit-3.8.2.jar:/tmp/icst-2019/september-2018/dataset/gson_parent/gson/target/dspot/dependencies/:/home/spirals/danglot/.m2/repository/eu/stamp-project/test-runner/1.1.0/test-runner-1.1.0-jar-with-dependencies.jar eu.stamp_project.testrunner.runner.test.TestRunner com.google.gson.functional.PrettyPrintingTest testEmptyMapField:testPrettyPrintArrayOfObjects:testPrettyPrintList
File saved to the following path: /tmp/icst-2019/september-2018/dataset/gson_parent/gson/target/dspot/TestListener.ser
Loading /tmp/icst-2019/september-2018/dataset/gson_parent/gson/target/dspot/TestListener.ser
[INFO] Test has been run: testEmptyMapField,testPrettyPrintArrayOfObjects,testPrettyPrintList
[INFO] Run tests. (3)
[INFO] Run: java -classpath /tmp/icst-2019/september-2018/dataset/gson_parent/gson/target/test-classes:/tmp/icst-2019/september-2018/dataset/gson_parent/gson/target/classes/:/home/spirals/danglot/.m2/repository/junit/junit/4.12/junit-4.12.jar:/home/spirals/danglot/.m2/repository/junit/junit/3.8.2/junit-3.8.2.jar:/tmp/icst-2019/september-2018/dataset/gson_parent/gson/target/dspot/dependencies/:/home/spirals/danglot/.m2/repository/eu/stamp-project/test-runner/1.1.0/test-runner-1.1.0-jar-with-dependencies.jar eu.stamp_project.testrunner.runner.test.TestRunner com.google.gson.functional.PrettyPrintingTest testEmptyMapField:testPrettyPrintArrayOfObjects:testPrettyPrintList
File saved to the following path: /tmp/icst-2019/september-2018/dataset/gson_parent/gson/target/dspot/TestListener.ser
Loading /tmp/icst-2019/september-2018/dataset/gson_parent/gson/target/dspot/TestListener.ser
[INFO] Test has been run: testEmptyMapField,testPrettyPrintArrayOfObjects,testPrettyPrintList
[INFO] 3 test pass, generating assertion...
[INFO] Add observations points in passing tests.
[INFO] Instrumentation...
 33% |================ ]/ 66% |================================= ]-100% |================================================== ]\
[INFO] Run instrumented tests. (9)
[INFO] Run: java -classpath /tmp/icst-2019/september-2018/dataset/gson_parent/gson/target/test-classes:/tmp/icst-2019/september-2018/dataset/gson_parent/gson/target/classes/:/home/spirals/danglot/.m2/repository/junit/junit/4.12/junit-4.12.jar:/home/spirals/danglot/.m2/repository/junit/junit/3.8.2/junit-3.8.2.jar:/tmp/icst-2019/september-2018/dataset/gson_parent/gson/target/dspot/dependencies/:/home/spirals/danglot/.m2/repository/eu/stamp-project/test-runner/1.1.0/test-runner-1.1.0-jar-with-dependencies.jar eu.stamp_project.testrunner.runner.test.TestRunner com.google.gson.functional.PrettyPrintingTest testEmptyMapField_withlog0:testPrettyPrintArrayOfObjects_withlog0:testPrettyPrintList_withlog0:testEmptyMapField_withlog1:testPrettyPrintArrayOfObjects_withlog1:testPrettyPrintList_withlog1:testEmptyMapField_withlog2:testPrettyPrintArrayOfObjects_withlog2:testPrettyPrintList_withlog2
File saved to the following path: /tmp/icst-2019/september-2018/dataset/gson_parent/gson/target/dspot/observations.ser
File saved to the following path: /tmp/icst-2019/september-2018/dataset/gson_parent/gson/target/dspot/TestListener.ser
Loading /tmp/icst-2019/september-2018/dataset/gson_parent/gson/target/dspot/TestListener.ser
[INFO] Test has been run: testEmptyMapField_withlog0,testEmptyMapField_withlog1,testEmptyMapField_withlog2,testPrettyPrintArrayOfObjects_withlog0,testPrettyPrintArrayOfObjects_withlog1,testPrettyPrintArrayOfObjects_withlog2,testPrettyPrintList_withlog0,testPrettyPrintList_withlog1,testPrettyPrintList_withlog2
[INFO] Generating assertions...
[INFO] 3 new tests with assertions generated
[INFO] Run: java -classpath /tmp/icst-2019/september-2018/dataset/gson_parent/gson/target/test-classes:/tmp/icst-2019/september-2018/dataset/gson_parent/gson/target/classes/:/home/spirals/danglot/.m2/repository/junit/junit/4.12/junit-4.12.jar:/home/spirals/danglot/.m2/repository/junit/junit/3.8.2/junit-3.8.2.jar:/tmp/icst-2019/september-2018/dataset/gson_parent/gson/target/dspot/dependencies/:/home/spirals/danglot/.m2/repository/eu/stamp-project/test-runner/1.1.0/test-runner-1.1.0-jar-with-dependencies.jar eu.stamp_project.testrunner.runner.test.TestRunner com.google.gson.functional.PrettyPrintingTest testEmptyMapField:testPrettyPrintArrayOfObjects:testPrettyPrintList
File saved to the following path: /tmp/icst-2019/september-2018/dataset/gson_parent/gson/target/dspot/TestListener.ser
Loading /tmp/icst-2019/september-2018/dataset/gson_parent/gson/target/dspot/TestListener.ser
[INFO] Test has been run: testEmptyMapField,testPrettyPrintArrayOfObjects,testPrettyPrintList
[INFO] Assertion amplification: 3 test method(s) has been successfully amplified.
[WARN] 2018-09-23 13:36:47 Launcher - You specified the directory /tmp/icst-2019/september-2018/dataset/gson/gson/target/classes in source classpath, please note that only class files will be considered. Jars and subdirectories will be ignored.
[WARN] 2018-09-23 13:36:47 Launcher - You specified the directory /tmp/icst-2019/september-2018/dataset/gson/gson/target/test-classes in source classpath, please note that only class files will be considered. Jars and subdirectories will be ignored.
[WARN] 2018-09-23 13:36:47 Launcher - You specified the directory /tmp/icst-2019/september-2018/dataset/gson/gson/target/dspot/dependencies in source classpath, please note that only class files will be considered. Jars and subdirectories will be ignored.
[INFO] Run: java -classpath /tmp/icst-2019/september-2018/dataset/gson/gson/target/classes/:/tmp/icst-2019/september-2018/dataset/gson/gson/target/test-classes/:/home/spirals/danglot/.m2/repository/junit/junit/4.12/junit-4.12.jar:/home/spirals/danglot/.m2/repository/junit/junit/3.8.2/junit-3.8.2.jar:/tmp/icst-2019/september-2018/dataset/gson/gson/target/dspot/dependencies/:/home/spirals/danglot/.m2/repository/eu/stamp-project/test-runner/1.1.0/test-runner-1.1.0-jar-with-dependencies.jar eu.stamp_project.testrunner.runner.test.TestRunner com.google.gson.functional.PrettyPrintingTest testEmptyMapField:testPrettyPrintArrayOfObjects:testPrettyPrintList
File saved to the following path: /tmp/icst-2019/september-2018/dataset/gson_parent/gson/target/dspot/TestListener.ser
Loading /tmp/icst-2019/september-2018/dataset/gson_parent/gson/target/dspot/TestListener.ser
[INFO] Test has been run: testEmptyMapField,testPrettyPrintArrayOfObjects,testPrettyPrintList
[INFO] 0 amplified test methods has been selected to be kept. (global: 0)
[INFO] elapsedTime 3196
======= REPORT =======
0 amplified test fails on the new versions.

[WARNING] DSpot could not obtain any amplified test method.
[WARNING] You can customize the following options: --amplifiers, --test-criterion, --iteration, --budgetizer etc, and retry with a new configuration.
[INFO] Amplification of com.google.gson.functional.ObjectTest (36 test(s))
[INFO] Assertion amplification of com.google.gson.functional.ObjectTest (36 test(s))
[INFO] Run: java -classpath /tmp/icst-2019/september-2018/dataset/gson_parent/gson/target/test-classes:/tmp/icst-2019/september-2018/dataset/gson_parent/gson/target/classes/:/home/spirals/danglot/.m2/repository/junit/junit/4.12/junit-4.12.jar:/home/spirals/danglot/.m2/repository/junit/junit/3.8.2/junit-3.8.2.jar:/tmp/icst-2019/september-2018/dataset/gson_parent/gson/target/dspot/dependencies/:/home/spirals/danglot/.m2/repository/eu/stamp-project/test-runner/1.1.0/test-runner-1.1.0-jar-with-dependencies.jar eu.stamp_project.testrunner.runner.test.TestRunner com.google.gson.functional.ObjectTest testNullSerialization:testInnerClassSerialization:testNullArraysDeserialization:testSingletonLists:testArrayOfArraysDeserialization:testStringFieldWithEmptyValueSerialization:testNullPrimitiveFieldsDeserialization:testObjectFieldNamesWithoutQuotesDeserialization:testClassWithObjectFieldSerialization:testArrayOfArraysSerialization:testClassWithTransientFieldsSerialization:testStringFieldWithNumberValueDeserialization:testBagOfPrimitiveWrappersDeserialization:testEmptyCollectionInAnObjectSerialization:testPrimitiveArrayFieldSerialization:testArrayOfObjectsAsFields:testBagOfPrimitiveWrappersSerialization:testClassWithTransientFieldsDeserialization:testPrivateNoArgConstructorDeserialization:testNullObjectFieldsDeserialization:testBagOfPrimitivesSerialization:testNestedDeserialization:testNullFieldsSerialization:testJsonInMixedQuotesDeserialization:testArrayOfObjectsDeserialization:testInnerClassDeserialization:testClassWithTransientFieldsDeserializationTransientFieldsPassedInJsonAreIgnored:testNullFieldsDeserialization:testPrimitiveArrayInAnObjectDeserialization:testStringFieldWithEmptyValueDeserialization:testDateAsMapObjectField:testEmptyCollectionInAnObjectDeserialization:testBagOfPrimitivesDeserialization:testJsonInSingleQuotesDeserialization:testArrayOfObjectsSerialization:testNestedSerialization
File saved to the following path: /tmp/icst-2019/september-2018/dataset/gson_parent/gson/target/dspot/TestListener.ser
Loading /tmp/icst-2019/september-2018/dataset/gson_parent/gson/target/dspot/TestListener.ser
[INFO] Test has been run: testClassWithTransientFieldsSerialization,testSingletonLists,testPrimitiveArrayInAnObjectDeserialization,testStringFieldWithEmptyValueDeserialization,testArrayOfArraysSerialization,testClassWithTransientFieldsDeserializationTransientFieldsPassedInJsonAreIgnored,testArrayOfObjectsDeserialization,testClassWithObjectFieldSerialization,testNullPrimitiveFieldsDeserialization,testPrivateNoArgConstructorDeserialization,testStringFieldWithEmptyValueSerialization,testBagOfPrimitiveWrappersDeserialization,testInnerClassSerialization,testBagOfPrimitivesDeserialization,testNullSerialization,testArrayOfObjectsAsFields,testNullArraysDeserialization,testClassWithTransientFieldsDeserialization,testArrayOfObjectsSerialization,testJsonInMixedQuotesDeserialization,testPrimitiveArrayFieldSerialization,testNestedSerialization,testObjectFieldNamesWithoutQuotesDeserialization,testEmptyCollectionInAnObjectSerialization,testStringFieldWithNumberValueDeserialization,testJsonInSingleQuotesDeserialization,testNullFieldsSerialization,testArrayOfArraysDeserialization,testBagOfPrimitiveWrappersSerialization,testDateAsMapObjectField,testNullFieldsDeserialization,testBagOfPrimitivesSerialization,testEmptyCollectionInAnObjectDeserialization,testNullObjectFieldsDeserialization,testNestedDeserialization,testInnerClassDeserialization
[INFO] Run tests. (36)
[INFO] Run: java -classpath /tmp/icst-2019/september-2018/dataset/gson_parent/gson/target/test-classes:/tmp/icst-2019/september-2018/dataset/gson_parent/gson/target/classes/:/home/spirals/danglot/.m2/repository/junit/junit/4.12/junit-4.12.jar:/home/spirals/danglot/.m2/repository/junit/junit/3.8.2/junit-3.8.2.jar:/tmp/icst-2019/september-2018/dataset/gson_parent/gson/target/dspot/dependencies/:/home/spirals/danglot/.m2/repository/eu/stamp-project/test-runner/1.1.0/test-runner-1.1.0-jar-with-dependencies.jar eu.stamp_project.testrunner.runner.test.TestRunner com.google.gson.functional.ObjectTest testNullSerialization:testInnerClassSerialization:testNullArraysDeserialization:testSingletonLists:testArrayOfArraysDeserialization:testStringFieldWithEmptyValueSerialization:testNullPrimitiveFieldsDeserialization:testObjectFieldNamesWithoutQuotesDeserialization:testClassWithObjectFieldSerialization:testArrayOfArraysSerialization:testClassWithTransientFieldsSerialization:testStringFieldWithNumberValueDeserialization:testBagOfPrimitiveWrappersDeserialization:testEmptyCollectionInAnObjectSerialization:testPrimitiveArrayFieldSerialization:testArrayOfObjectsAsFields:testBagOfPrimitiveWrappersSerialization:testClassWithTransientFieldsDeserialization:testPrivateNoArgConstructorDeserialization:testNullObjectFieldsDeserialization:testBagOfPrimitivesSerialization:testNestedDeserialization:testNullFieldsSerialization:testJsonInMixedQuotesDeserialization:testArrayOfObjectsDeserialization:testInnerClassDeserialization:testClassWithTransientFieldsDeserializationTransientFieldsPassedInJsonAreIgnored:testNullFieldsDeserialization:testPrimitiveArrayInAnObjectDeserialization:testStringFieldWithEmptyValueDeserialization:testDateAsMapObjectField:testEmptyCollectionInAnObjectDeserialization:testBagOfPrimitivesDeserialization:testJsonInSingleQuotesDeserialization:testArrayOfObjectsSerialization:testNestedSerialization
File saved to the following path: /tmp/icst-2019/september-2018/dataset/gson_parent/gson/target/dspot/TestListener.ser
Loading /tmp/icst-2019/september-2018/dataset/gson_parent/gson/target/dspot/TestListener.ser
[INFO] Test has been run: testClassWithTransientFieldsSerialization,testSingletonLists,testPrimitiveArrayInAnObjectDeserialization,testStringFieldWithEmptyValueDeserialization,testArrayOfArraysSerialization,testClassWithTransientFieldsDeserializationTransientFieldsPassedInJsonAreIgnored,testArrayOfObjectsDeserialization,testClassWithObjectFieldSerialization,testNullPrimitiveFieldsDeserialization,testPrivateNoArgConstructorDeserialization,testStringFieldWithEmptyValueSerialization,testBagOfPrimitiveWrappersDeserialization,testInnerClassSerialization,testBagOfPrimitivesDeserialization,testNullSerialization,testArrayOfObjectsAsFields,testNullArraysDeserialization,testClassWithTransientFieldsDeserialization,testArrayOfObjectsSerialization,testJsonInMixedQuotesDeserialization,testPrimitiveArrayFieldSerialization,testNestedSerialization,testObjectFieldNamesWithoutQuotesDeserialization,testEmptyCollectionInAnObjectSerialization,testStringFieldWithNumberValueDeserialization,testJsonInSingleQuotesDeserialization,testNullFieldsSerialization,testArrayOfArraysDeserialization,testBagOfPrimitiveWrappersSerialization,testDateAsMapObjectField,testNullFieldsDeserialization,testBagOfPrimitivesSerialization,testEmptyCollectionInAnObjectDeserialization,testNullObjectFieldsDeserialization,testNestedDeserialization,testInnerClassDeserialization
[INFO] 36 test pass, generating assertion...
[INFO] Add observations points in passing tests.
[INFO] Instrumentation...
  2% |= ]/  5% |== ]-  8% |==== ]\ 11% |===== ]| 13% |====== ]/ 16% |======== ]- 19% |========= ]\ 22% |=========== ]| 25% |============ ]/ 27% |============= ]- 30% |=============== ]\ 33% |================ ]| 36% |================== ]/ 38% |=================== ]- 41% |==================== ]\ 44% |====================== ]| 47% |======================= ]/ 50% |========================= ]- 52% |========================== ]\ 55% |=========================== ]| 58% |============================= ]/ 61% |============================== ]- 63% |=============================== ]\ 66% |================================= ]| 69% |================================== ]/ 72% |==================================== ]- 75% |===================================== ]\ 77% |====================================== ]| 80% |======================================== ]/ 83% |========================================= ]- 86% |=========================================== ]\ 88% |============================================ ]| 91% |============================================= ]/ 94% |=============================================== ]- 97% |================================================ ]\100% |================================================== ]|
[INFO] Run instrumented tests. (108)
[INFO] Run: java -classpath /tmp/icst-2019/september-2018/dataset/gson_parent/gson/target/test-classes:/tmp/icst-2019/september-2018/dataset/gson_parent/gson/target/classes/:/home/spirals/danglot/.m2/repository/junit/junit/4.12/junit-4.12.jar:/home/spirals/danglot/.m2/repository/junit/junit/3.8.2/junit-3.8.2.jar:/tmp/icst-2019/september-2018/dataset/gson_parent/gson/target/dspot/dependencies/:/home/spirals/danglot/.m2/repository/eu/stamp-project/test-runner/1.1.0/test-runner-1.1.0-jar-with-dependencies.jar eu.stamp_project.testrunner.runner.test.TestRunner com.google.gson.functional.ObjectTest testNullSerialization_withlog0:testInnerClassSerialization_withlog0:testNullArraysDeserialization_withlog0:testSingletonLists_withlog0:testArrayOfArraysDeserialization_withlog0:testStringFieldWithEmptyValueSerialization_withlog0:testNullPrimitiveFieldsDeserialization_withlog0:testObjectFieldNamesWithoutQuotesDeserialization_withlog0:testClassWithObjectFieldSerialization_withlog0:testArrayOfArraysSerialization_withlog0:testClassWithTransientFieldsSerialization_withlog0:testStringFieldWithNumberValueDeserialization_withlog0:testBagOfPrimitiveWrappersDeserialization_withlog0:testEmptyCollectionInAnObjectSerialization_withlog0:testPrimitiveArrayFieldSerialization_withlog0:testArrayOfObjectsAsFields_withlog0:testBagOfPrimitiveWrappersSerialization_withlog0:testClassWithTransientFieldsDeserialization_withlog0:testPrivateNoArgConstructorDeserialization_withlog0:testNullObjectFieldsDeserialization_withlog0:testBagOfPrimitivesSerialization_withlog0:testNestedDeserialization_withlog0:testNullFieldsSerialization_withlog0:testJsonInMixedQuotesDeserialization_withlog0:testArrayOfObjectsDeserialization_withlog0:testInnerClassDeserialization_withlog0:testClassWithTransientFieldsDeserializationTransientFieldsPassedInJsonAreIgnored_withlog0:testNullFieldsDeserialization_withlog0:testPrimitiveArrayInAnObjectDeserialization_withlog0:testStringFieldWithEmptyValueDeserialization_withlog0:testDateAsMapObjectField_withlog0:testEmptyCollectionInAnObjectDeserialization_withlog0:testBagOfPrimitivesDeserialization_withlog0:testJsonInSingleQuotesDeserialization_withlog0:testArrayOfObjectsSerialization_withlog0:testNestedSerialization_withlog0:testNullSerialization_withlog1:testInnerClassSerialization_withlog1:testNullArraysDeserialization_withlog1:testSingletonLists_withlog1:testArrayOfArraysDeserialization_withlog1:testStringFieldWithEmptyValueSerialization_withlog1:testNullPrimitiveFieldsDeserialization_withlog1:testObjectFieldNamesWithoutQuotesDeserialization_withlog1:testClassWithObjectFieldSerialization_withlog1:testArrayOfArraysSerialization_withlog1:testClassWithTransientFieldsSerialization_withlog1:testStringFieldWithNumberValueDeserialization_withlog1:testBagOfPrimitiveWrappersDeserialization_withlog1:testEmptyCollectionInAnObjectSerialization_withlog1:testPrimitiveArrayFieldSerialization_withlog1:testArrayOfObjectsAsFields_withlog1:testBagOfPrimitiveWrappersSerialization_withlog1:testClassWithTransientFieldsDeserialization_withlog1:testPrivateNoArgConstructorDeserialization_withlog1:testNullObjectFieldsDeserialization_withlog1:testBagOfPrimitivesSerialization_withlog1:testNestedDeserialization_withlog1:testNullFieldsSerialization_withlog1:testJsonInMixedQuotesDeserialization_withlog1:testArrayOfObjectsDeserialization_withlog1:testInnerClassDeserialization_withlog1:testClassWithTransientFieldsDeserializationTransientFieldsPassedInJsonAreIgnored_withlog1:testNullFieldsDeserialization_withlog1:testPrimitiveArrayInAnObjectDeserialization_withlog1:testStringFieldWithEmptyValueDeserialization_withlog1:testDateAsMapObjectField_withlog1:testEmptyCollectionInAnObjectDeserialization_withlog1:testBagOfPrimitivesDeserialization_withlog1:testJsonInSingleQuotesDeserialization_withlog1:testArrayOfObjectsSerialization_withlog1:testNestedSerialization_withlog1:testNullSerialization_withlog2:testInnerClassSerialization_withlog2:testNullArraysDeserialization_withlog2:testSingletonLists_withlog2:testArrayOfArraysDeserialization_withlog2:testStringFieldWithEmptyValueSerialization_withlog2:testNullPrimitiveFieldsDeserialization_withlog2:testObjectFieldNamesWithoutQuotesDeserialization_withlog2:testClassWithObjectFieldSerialization_withlog2:testArrayOfArraysSerialization_withlog2:testClassWithTransientFieldsSerialization_withlog2:testStringFieldWithNumberValueDeserialization_withlog2:testBagOfPrimitiveWrappersDeserialization_withlog2:testEmptyCollectionInAnObjectSerialization_withlog2:testPrimitiveArrayFieldSerialization_withlog2:testArrayOfObjectsAsFields_withlog2:testBagOfPrimitiveWrappersSerialization_withlog2:testClassWithTransientFieldsDeserialization_withlog2:testPrivateNoArgConstructorDeserialization_withlog2:testNullObjectFieldsDeserialization_withlog2:testBagOfPrimitivesSerialization_withlog2:testNestedDeserialization_withlog2:testNullFieldsSerialization_withlog2:testJsonInMixedQuotesDeserialization_withlog2:testArrayOfObjectsDeserialization_withlog2:testInnerClassDeserialization_withlog2:testClassWithTransientFieldsDeserializationTransientFieldsPassedInJsonAreIgnored_withlog2:testNullFieldsDeserialization_withlog2:testPrimitiveArrayInAnObjectDeserialization_withlog2:testStringFieldWithEmptyValueDeserialization_withlog2:testDateAsMapObjectField_withlog2:testEmptyCollectionInAnObjectDeserialization_withlog2:testBagOfPrimitivesDeserialization_withlog2:testJsonInSingleQuotesDeserialization_withlog2:testArrayOfObjectsSerialization_withlog2:testNestedSerialization_withlog2
File saved to the following path: /tmp/icst-2019/september-2018/dataset/gson_parent/gson/target/dspot/observations.ser
File saved to the following path: /tmp/icst-2019/september-2018/dataset/gson_parent/gson/target/dspot/TestListener.ser
Loading /tmp/icst-2019/september-2018/dataset/gson_parent/gson/target/dspot/TestListener.ser
[INFO] Test has been run: testClassWithObjectFieldSerialization_withlog0,testClassWithObjectFieldSerialization_withlog1,testClassWithObjectFieldSerialization_withlog2,testArrayOfObjectsAsFields_withlog0,testArrayOfObjectsAsFields_withlog1,testArrayOfObjectsAsFields_withlog2,testArrayOfObjectsDeserialization_withlog0,testArrayOfObjectsDeserialization_withlog1,testArrayOfObjectsDeserialization_withlog2,testArrayOfArraysSerialization_withlog0,testArrayOfArraysSerialization_withlog1,testArrayOfArraysSerialization_withlog2,testBagOfPrimitiveWrappersDeserialization_withlog0,testBagOfPrimitiveWrappersDeserialization_withlog1,testBagOfPrimitiveWrappersDeserialization_withlog2,testNullFieldsDeserialization_withlog0,testNullFieldsDeserialization_withlog1,testNullFieldsDeserialization_withlog2,testStringFieldWithNumberValueDeserialization_withlog0,testStringFieldWithNumberValueDeserialization_withlog1,testStringFieldWithNumberValueDeserialization_withlog2,testInnerClassDeserialization_withlog0,testInnerClassDeserialization_withlog1,testInnerClassDeserialization_withlog2,testSingletonLists_withlog0,testSingletonLists_withlog1,testSingletonLists_withlog2,testObjectFieldNamesWithoutQuotesDeserialization_withlog0,testObjectFieldNamesWithoutQuotesDeserialization_withlog1,testObjectFieldNamesWithoutQuotesDeserialization_withlog2,testStringFieldWithEmptyValueSerialization_withlog0,testStringFieldWithEmptyValueSerialization_withlog1,testStringFieldWithEmptyValueSerialization_withlog2,testEmptyCollectionInAnObjectDeserialization_withlog0,testEmptyCollectionInAnObjectDeserialization_withlog1,testEmptyCollectionInAnObjectDeserialization_withlog2,testArrayOfObjectsSerialization_withlog0,testArrayOfObjectsSerialization_withlog1,testArrayOfObjectsSerialization_withlog2,testEmptyCollectionInAnObjectSerialization_withlog0,testEmptyCollectionInAnObjectSerialization_withlog1,testEmptyCollectionInAnObjectSerialization_withlog2,testInnerClassSerialization_withlog0,testInnerClassSerialization_withlog1,testInnerClassSerialization_withlog2,testBagOfPrimitiveWrappersSerialization_withlog0,testBagOfPrimitiveWrappersSerialization_withlog1,testBagOfPrimitiveWrappersSerialization_withlog2,testArrayOfArraysDeserialization_withlog0,testArrayOfArraysDeserialization_withlog1,testArrayOfArraysDeserialization_withlog2,testClassWithTransientFieldsDeserialization_withlog0,testClassWithTransientFieldsDeserialization_withlog1,testClassWithTransientFieldsDeserialization_withlog2,testNullArraysDeserialization_withlog0,testNullArraysDeserialization_withlog1,testNullArraysDeserialization_withlog2,testBagOfPrimitivesSerialization_withlog0,testBagOfPrimitivesSerialization_withlog1,testBagOfPrimitivesSerialization_withlog2,testPrimitiveArrayInAnObjectDeserialization_withlog0,testPrimitiveArrayInAnObjectDeserialization_withlog1,testPrimitiveArrayInAnObjectDeserialization_withlog2,testStringFieldWithEmptyValueDeserialization_withlog0,testStringFieldWithEmptyValueDeserialization_withlog1,testStringFieldWithEmptyValueDeserialization_withlog2,testNestedDeserialization_withlog0,testNestedDeserialization_withlog1,testNestedDeserialization_withlog2,testClassWithTransientFieldsDeserializationTransientFieldsPassedInJsonAreIgnored_withlog0,testClassWithTransientFieldsDeserializationTransientFieldsPassedInJsonAreIgnored_withlog1,testClassWithTransientFieldsDeserializationTransientFieldsPassedInJsonAreIgnored_withlog2,testNestedSerialization_withlog0,testNestedSerialization_withlog1,testNestedSerialization_withlog2,testNullFieldsSerialization_withlog0,testNullFieldsSerialization_withlog1,testNullFieldsSerialization_withlog2,testJsonInMixedQuotesDeserialization_withlog0,testJsonInMixedQuotesDeserialization_withlog1,testJsonInMixedQuotesDeserialization_withlog2,testBagOfPrimitivesDeserialization_withlog0,testBagOfPrimitivesDeserialization_withlog1,testBagOfPrimitivesDeserialization_withlog2,testNullPrimitiveFieldsDeserialization_withlog0,testNullPrimitiveFieldsDeserialization_withlog1,testNullPrimitiveFieldsDeserialization_withlog2,testPrimitiveArrayFieldSerialization_withlog0,testPrimitiveArrayFieldSerialization_withlog1,testPrimitiveArrayFieldSerialization_withlog2,testJsonInSingleQuotesDeserialization_withlog0,testJsonInSingleQuotesDeserialization_withlog1,testJsonInSingleQuotesDeserialization_withlog2,testPrivateNoArgConstructorDeserialization_withlog0,testPrivateNoArgConstructorDeserialization_withlog1,testPrivateNoArgConstructorDeserialization_withlog2,testClassWithTransientFieldsSerialization_withlog0,testClassWithTransientFieldsSerialization_withlog1,testClassWithTransientFieldsSerialization_withlog2,testNullSerialization_withlog0,testNullSerialization_withlog1,testNullSerialization_withlog2,testNullObjectFieldsDeserialization_withlog0,testNullObjectFieldsDeserialization_withlog1,testNullObjectFieldsDeserialization_withlog2,testDateAsMapObjectField_withlog0(com.google.gson.functional.ObjectTest): null,testDateAsMapObjectField_withlog1(com.google.gson.functional.ObjectTest): null,testDateAsMapObjectField_withlog2(com.google.gson.functional.ObjectTest): null
[WARNING] Some instrumented test failed!
[INFO] Generating assertions...
[INFO] 34 new tests with assertions generated
[INFO] Run: java -classpath /tmp/icst-2019/september-2018/dataset/gson_parent/gson/target/test-classes:/tmp/icst-2019/september-2018/dataset/gson_parent/gson/target/classes/:/home/spirals/danglot/.m2/repository/junit/junit/4.12/junit-4.12.jar:/home/spirals/danglot/.m2/repository/junit/junit/3.8.2/junit-3.8.2.jar:/tmp/icst-2019/september-2018/dataset/gson_parent/gson/target/dspot/dependencies/:/home/spirals/danglot/.m2/repository/eu/stamp-project/test-runner/1.1.0/test-runner-1.1.0-jar-with-dependencies.jar eu.stamp_project.testrunner.runner.test.TestRunner com.google.gson.functional.ObjectTest testNullSerialization:testInnerClassSerialization:testNullArraysDeserialization:testSingletonLists:testArrayOfArraysDeserialization:testStringFieldWithEmptyValueSerialization:testNullPrimitiveFieldsDeserialization:testObjectFieldNamesWithoutQuotesDeserialization:testClassWithObjectFieldSerialization:testArrayOfArraysSerialization:testClassWithTransientFieldsSerialization:testStringFieldWithNumberValueDeserialization:testBagOfPrimitiveWrappersDeserialization:testEmptyCollectionInAnObjectSerialization:testPrimitiveArrayFieldSerialization:testArrayOfObjectsAsFields:testBagOfPrimitiveWrappersSerialization:testClassWithTransientFieldsDeserialization:testNullObjectFieldsDeserialization:testBagOfPrimitivesSerialization:testNestedDeserialization:testNullFieldsSerialization:testJsonInMixedQuotesDeserialization:testArrayOfObjectsDeserialization:testInnerClassDeserialization:testClassWithTransientFieldsDeserializationTransientFieldsPassedInJsonAreIgnored:testNullFieldsDeserialization:testPrimitiveArrayInAnObjectDeserialization:testStringFieldWithEmptyValueDeserialization:testEmptyCollectionInAnObjectDeserialization:testBagOfPrimitivesDeserialization:testJsonInSingleQuotesDeserialization:testArrayOfObjectsSerialization:testNestedSerialization
File saved to the following path: /tmp/icst-2019/september-2018/dataset/gson_parent/gson/target/dspot/TestListener.ser
Loading /tmp/icst-2019/september-2018/dataset/gson_parent/gson/target/dspot/TestListener.ser
[INFO] Test has been run: testClassWithTransientFieldsSerialization,testSingletonLists,testPrimitiveArrayInAnObjectDeserialization,testStringFieldWithEmptyValueDeserialization,testArrayOfArraysSerialization,testClassWithTransientFieldsDeserializationTransientFieldsPassedInJsonAreIgnored,testArrayOfObjectsDeserialization,testClassWithObjectFieldSerialization,testNullPrimitiveFieldsDeserialization,testStringFieldWithEmptyValueSerialization,testBagOfPrimitiveWrappersDeserialization,testInnerClassSerialization,testBagOfPrimitivesDeserialization,testNullSerialization,testArrayOfObjectsAsFields,testNullArraysDeserialization,testClassWithTransientFieldsDeserialization,testArrayOfObjectsSerialization,testJsonInMixedQuotesDeserialization,testPrimitiveArrayFieldSerialization,testNestedSerialization,testObjectFieldNamesWithoutQuotesDeserialization,testEmptyCollectionInAnObjectSerialization,testStringFieldWithNumberValueDeserialization,testJsonInSingleQuotesDeserialization,testNullFieldsSerialization,testArrayOfArraysDeserialization,testBagOfPrimitiveWrappersSerialization,testNullFieldsDeserialization,testBagOfPrimitivesSerialization,testEmptyCollectionInAnObjectDeserialization,testNullObjectFieldsDeserialization,testNestedDeserialization,testInnerClassDeserialization
[INFO] Assertion amplification: 34 test method(s) has been successfully amplified.
[WARN] 2018-09-23 13:36:54 Launcher - You specified the directory /tmp/icst-2019/september-2018/dataset/gson/gson/target/classes in source classpath, please note that only class files will be considered. Jars and subdirectories will be ignored.
[WARN] 2018-09-23 13:36:54 Launcher - You specified the directory /tmp/icst-2019/september-2018/dataset/gson/gson/target/test-classes in source classpath, please note that only class files will be considered. Jars and subdirectories will be ignored.
[WARN] 2018-09-23 13:36:54 Launcher - You specified the directory /tmp/icst-2019/september-2018/dataset/gson/gson/target/dspot/dependencies in source classpath, please note that only class files will be considered. Jars and subdirectories will be ignored.
[INFO] Run: java -classpath /tmp/icst-2019/september-2018/dataset/gson/gson/target/classes/:/tmp/icst-2019/september-2018/dataset/gson/gson/target/test-classes/:/home/spirals/danglot/.m2/repository/junit/junit/4.12/junit-4.12.jar:/home/spirals/danglot/.m2/repository/junit/junit/3.8.2/junit-3.8.2.jar:/tmp/icst-2019/september-2018/dataset/gson/gson/target/dspot/dependencies/:/home/spirals/danglot/.m2/repository/eu/stamp-project/test-runner/1.1.0/test-runner-1.1.0-jar-with-dependencies.jar eu.stamp_project.testrunner.runner.test.TestRunner com.google.gson.functional.ObjectTest testNullSerialization:testInnerClassSerialization:testNullArraysDeserialization:testSingletonLists:testArrayOfArraysDeserialization:testStringFieldWithEmptyValueSerialization:testNullPrimitiveFieldsDeserialization:testObjectFieldNamesWithoutQuotesDeserialization:testClassWithObjectFieldSerialization:testArrayOfArraysSerialization:testClassWithTransientFieldsSerialization:testStringFieldWithNumberValueDeserialization:testBagOfPrimitiveWrappersDeserialization:testEmptyCollectionInAnObjectSerialization:testPrimitiveArrayFieldSerialization:testArrayOfObjectsAsFields:testBagOfPrimitiveWrappersSerialization:testClassWithTransientFieldsDeserialization:testNullObjectFieldsDeserialization:testBagOfPrimitivesSerialization:testNestedDeserialization:testNullFieldsSerialization:testJsonInMixedQuotesDeserialization:testArrayOfObjectsDeserialization:testInnerClassDeserialization:testClassWithTransientFieldsDeserializationTransientFieldsPassedInJsonAreIgnored:testNullFieldsDeserialization:testPrimitiveArrayInAnObjectDeserialization:testStringFieldWithEmptyValueDeserialization:testEmptyCollectionInAnObjectDeserialization:testBagOfPrimitivesDeserialization:testJsonInSingleQuotesDeserialization:testArrayOfObjectsSerialization:testNestedSerialization
File saved to the following path: /tmp/icst-2019/september-2018/dataset/gson_parent/gson/target/dspot/TestListener.ser
Loading /tmp/icst-2019/september-2018/dataset/gson_parent/gson/target/dspot/TestListener.ser
[INFO] Test has been run: testClassWithTransientFieldsSerialization,testSingletonLists,testPrimitiveArrayInAnObjectDeserialization,testStringFieldWithEmptyValueDeserialization,testArrayOfArraysSerialization,testClassWithTransientFieldsDeserializationTransientFieldsPassedInJsonAreIgnored,testArrayOfObjectsDeserialization,testClassWithObjectFieldSerialization,testNullPrimitiveFieldsDeserialization,testStringFieldWithEmptyValueSerialization,testBagOfPrimitiveWrappersDeserialization,testInnerClassSerialization,testBagOfPrimitivesDeserialization,testNullSerialization,testArrayOfObjectsAsFields,testNullArraysDeserialization,testClassWithTransientFieldsDeserialization,testArrayOfObjectsSerialization,testJsonInMixedQuotesDeserialization,testPrimitiveArrayFieldSerialization,testNestedSerialization,testObjectFieldNamesWithoutQuotesDeserialization,testEmptyCollectionInAnObjectSerialization,testStringFieldWithNumberValueDeserialization,testJsonInSingleQuotesDeserialization,testNullFieldsSerialization,testArrayOfArraysDeserialization,testBagOfPrimitiveWrappersSerialization,testNullFieldsDeserialization,testBagOfPrimitivesSerialization,testEmptyCollectionInAnObjectDeserialization,testNullObjectFieldsDeserialization,testNestedDeserialization,testInnerClassDeserialization
[INFO] 0 amplified test methods has been selected to be kept. (global: 0)
[INFO] elapsedTime 7336
======= REPORT =======
0 amplified test fails on the new versions.

[WARNING] DSpot could not obtain any amplified test method.
[WARNING] You can customize the following options: --amplifiers, --test-criterion, --iteration, --budgetizer etc, and retry with a new configuration.
[INFO] Amplification of com.google.gson.functional.NullObjectAndFieldTest (10 test(s))
[INFO] Assertion amplification of com.google.gson.functional.NullObjectAndFieldTest (10 test(s))
[INFO] Run: java -classpath /tmp/icst-2019/september-2018/dataset/gson_parent/gson/target/test-classes:/tmp/icst-2019/september-2018/dataset/gson_parent/gson/target/classes/:/home/spirals/danglot/.m2/repository/junit/junit/4.12/junit-4.12.jar:/home/spirals/danglot/.m2/repository/junit/junit/3.8.2/junit-3.8.2.jar:/tmp/icst-2019/september-2018/dataset/gson_parent/gson/target/dspot/dependencies/:/home/spirals/danglot/.m2/repository/eu/stamp-project/test-runner/1.1.0/test-runner-1.1.0-jar-with-dependencies.jar eu.stamp_project.testrunner.runner.test.TestRunner com.google.gson.functional.NullObjectAndFieldTest testExplicitSerializationOfNulls:testExplicitSerializationOfNullStringMembers:testExplicitNullSetsFieldToNullDuringDeserialization:testAbsentJsonElementsAreSetToNull:testPrintPrintingObjectWithNulls:testNullWrappedPrimitiveMemberDeserialization:testNullWrappedPrimitiveMemberSerialization:testExplicitSerializationOfNullArrayMembers:testExplicitDeserializationOfNulls:testExplicitSerializationOfNullCollectionMembers
File saved to the following path: /tmp/icst-2019/september-2018/dataset/gson_parent/gson/target/dspot/TestListener.ser
Loading /tmp/icst-2019/september-2018/dataset/gson_parent/gson/target/dspot/TestListener.ser
[INFO] Test has been run: testExplicitSerializationOfNullArrayMembers,testExplicitDeserializationOfNulls,testAbsentJsonElementsAreSetToNull,testExplicitSerializationOfNullCollectionMembers,testExplicitSerializationOfNullStringMembers,testExplicitNullSetsFieldToNullDuringDeserialization,testNullWrappedPrimitiveMemberSerialization,testExplicitSerializationOfNulls,testPrintPrintingObjectWithNulls,testNullWrappedPrimitiveMemberDeserialization
[INFO] Run tests. (10)
[INFO] Run: java -classpath /tmp/icst-2019/september-2018/dataset/gson_parent/gson/target/test-classes:/tmp/icst-2019/september-2018/dataset/gson_parent/gson/target/classes/:/home/spirals/danglot/.m2/repository/junit/junit/4.12/junit-4.12.jar:/home/spirals/danglot/.m2/repository/junit/junit/3.8.2/junit-3.8.2.jar:/tmp/icst-2019/september-2018/dataset/gson_parent/gson/target/dspot/dependencies/:/home/spirals/danglot/.m2/repository/eu/stamp-project/test-runner/1.1.0/test-runner-1.1.0-jar-with-dependencies.jar eu.stamp_project.testrunner.runner.test.TestRunner com.google.gson.functional.NullObjectAndFieldTest testExplicitSerializationOfNulls:testExplicitSerializationOfNullStringMembers:testExplicitNullSetsFieldToNullDuringDeserialization:testAbsentJsonElementsAreSetToNull:testPrintPrintingObjectWithNulls:testNullWrappedPrimitiveMemberDeserialization:testNullWrappedPrimitiveMemberSerialization:testExplicitSerializationOfNullArrayMembers:testExplicitDeserializationOfNulls:testExplicitSerializationOfNullCollectionMembers
File saved to the following path: /tmp/icst-2019/september-2018/dataset/gson_parent/gson/target/dspot/TestListener.ser
Loading /tmp/icst-2019/september-2018/dataset/gson_parent/gson/target/dspot/TestListener.ser
[INFO] Test has been run: testExplicitSerializationOfNullArrayMembers,testExplicitDeserializationOfNulls,testAbsentJsonElementsAreSetToNull,testExplicitSerializationOfNullCollectionMembers,testExplicitSerializationOfNullStringMembers,testExplicitNullSetsFieldToNullDuringDeserialization,testNullWrappedPrimitiveMemberSerialization,testExplicitSerializationOfNulls,testPrintPrintingObjectWithNulls,testNullWrappedPrimitiveMemberDeserialization
[INFO] 10 test pass, generating assertion...
[INFO] Add observations points in passing tests.
[INFO] Instrumentation...
 10% |===== ]/ 20% |========== ]- 30% |=============== ]\ 40% |==================== ]| 50% |========================= ]/ 60% |============================== ]- 70% |=================================== ]\ 80% |======================================== ]| 90% |============================================= ]/100% |================================================== ]-
[INFO] Run instrumented tests. (30)
[INFO] Run: java -classpath /tmp/icst-2019/september-2018/dataset/gson_parent/gson/target/test-classes:/tmp/icst-2019/september-2018/dataset/gson_parent/gson/target/classes/:/home/spirals/danglot/.m2/repository/junit/junit/4.12/junit-4.12.jar:/home/spirals/danglot/.m2/repository/junit/junit/3.8.2/junit-3.8.2.jar:/tmp/icst-2019/september-2018/dataset/gson_parent/gson/target/dspot/dependencies/:/home/spirals/danglot/.m2/repository/eu/stamp-project/test-runner/1.1.0/test-runner-1.1.0-jar-with-dependencies.jar eu.stamp_project.testrunner.runner.test.TestRunner com.google.gson.functional.NullObjectAndFieldTest testExplicitSerializationOfNulls_withlog0:testExplicitSerializationOfNullStringMembers_withlog0:testExplicitNullSetsFieldToNullDuringDeserialization_withlog0:testAbsentJsonElementsAreSetToNull_withlog0:testPrintPrintingObjectWithNulls_withlog0:testNullWrappedPrimitiveMemberDeserialization_withlog0:testNullWrappedPrimitiveMemberSerialization_withlog0:testExplicitSerializationOfNullArrayMembers_withlog0:testExplicitDeserializationOfNulls_withlog0:testExplicitSerializationOfNullCollectionMembers_withlog0:testExplicitSerializationOfNulls_withlog1:testExplicitSerializationOfNullStringMembers_withlog1:testExplicitNullSetsFieldToNullDuringDeserialization_withlog1:testAbsentJsonElementsAreSetToNull_withlog1:testPrintPrintingObjectWithNulls_withlog1:testNullWrappedPrimitiveMemberDeserialization_withlog1:testNullWrappedPrimitiveMemberSerialization_withlog1:testExplicitSerializationOfNullArrayMembers_withlog1:testExplicitDeserializationOfNulls_withlog1:testExplicitSerializationOfNullCollectionMembers_withlog1:testExplicitSerializationOfNulls_withlog2:testExplicitSerializationOfNullStringMembers_withlog2:testExplicitNullSetsFieldToNullDuringDeserialization_withlog2:testAbsentJsonElementsAreSetToNull_withlog2:testPrintPrintingObjectWithNulls_withlog2:testNullWrappedPrimitiveMemberDeserialization_withlog2:testNullWrappedPrimitiveMemberSerialization_withlog2:testExplicitSerializationOfNullArrayMembers_withlog2:testExplicitDeserializationOfNulls_withlog2:testExplicitSerializationOfNullCollectionMembers_withlog2
File saved to the following path: /tmp/icst-2019/september-2018/dataset/gson_parent/gson/target/dspot/observations.ser
File saved to the following path: /tmp/icst-2019/september-2018/dataset/gson_parent/gson/target/dspot/TestListener.ser
Loading /tmp/icst-2019/september-2018/dataset/gson_parent/gson/target/dspot/TestListener.ser
[INFO] Test has been run: testExplicitSerializationOfNulls_withlog0,testExplicitSerializationOfNulls_withlog1,testExplicitSerializationOfNulls_withlog2,testExplicitSerializationOfNullCollectionMembers_withlog0,testExplicitSerializationOfNullCollectionMembers_withlog1,testExplicitSerializationOfNullCollectionMembers_withlog2,testNullWrappedPrimitiveMemberDeserialization_withlog0,testNullWrappedPrimitiveMemberDeserialization_withlog1,testNullWrappedPrimitiveMemberDeserialization_withlog2,testPrintPrintingObjectWithNulls_withlog0,testPrintPrintingObjectWithNulls_withlog1,testPrintPrintingObjectWithNulls_withlog2,testExplicitSerializationOfNullStringMembers_withlog0,testExplicitSerializationOfNullStringMembers_withlog1,testExplicitSerializationOfNullStringMembers_withlog2,testNullWrappedPrimitiveMemberSerialization_withlog0,testNullWrappedPrimitiveMemberSerialization_withlog1,testNullWrappedPrimitiveMemberSerialization_withlog2,testAbsentJsonElementsAreSetToNull_withlog0,testAbsentJsonElementsAreSetToNull_withlog1,testAbsentJsonElementsAreSetToNull_withlog2,testExplicitSerializationOfNullArrayMembers_withlog0,testExplicitSerializationOfNullArrayMembers_withlog1,testExplicitSerializationOfNullArrayMembers_withlog2,testExplicitDeserializationOfNulls_withlog0,testExplicitDeserializationOfNulls_withlog1,testExplicitDeserializationOfNulls_withlog2,testExplicitNullSetsFieldToNullDuringDeserialization_withlog0,testExplicitNullSetsFieldToNullDuringDeserialization_withlog1,testExplicitNullSetsFieldToNullDuringDeserialization_withlog2
[INFO] Generating assertions...
[INFO] 8 new tests with assertions generated
[INFO] Run: java -classpath /tmp/icst-2019/september-2018/dataset/gson_parent/gson/target/test-classes:/tmp/icst-2019/september-2018/dataset/gson_parent/gson/target/classes/:/home/spirals/danglot/.m2/repository/junit/junit/4.12/junit-4.12.jar:/home/spirals/danglot/.m2/repository/junit/junit/3.8.2/junit-3.8.2.jar:/tmp/icst-2019/september-2018/dataset/gson_parent/gson/target/dspot/dependencies/:/home/spirals/danglot/.m2/repository/eu/stamp-project/test-runner/1.1.0/test-runner-1.1.0-jar-with-dependencies.jar eu.stamp_project.testrunner.runner.test.TestRunner com.google.gson.functional.NullObjectAndFieldTest testExplicitSerializationOfNulls:testExplicitSerializationOfNullStringMembers:testExplicitNullSetsFieldToNullDuringDeserialization:testPrintPrintingObjectWithNulls:testNullWrappedPrimitiveMemberDeserialization:testNullWrappedPrimitiveMemberSerialization:testExplicitSerializationOfNullArrayMembers:testExplicitSerializationOfNullCollectionMembers
File saved to the following path: /tmp/icst-2019/september-2018/dataset/gson_parent/gson/target/dspot/TestListener.ser
Loading /tmp/icst-2019/september-2018/dataset/gson_parent/gson/target/dspot/TestListener.ser
[INFO] Test has been run: testExplicitSerializationOfNullArrayMembers,testExplicitSerializationOfNullCollectionMembers,testExplicitSerializationOfNullStringMembers,testExplicitNullSetsFieldToNullDuringDeserialization,testNullWrappedPrimitiveMemberSerialization,testExplicitSerializationOfNulls,testPrintPrintingObjectWithNulls,testNullWrappedPrimitiveMemberDeserialization
[INFO] Assertion amplification: 8 test method(s) has been successfully amplified.
[WARN] 2018-09-23 13:36:58 Launcher - You specified the directory /tmp/icst-2019/september-2018/dataset/gson/gson/target/classes in source classpath, please note that only class files will be considered. Jars and subdirectories will be ignored.
[WARN] 2018-09-23 13:36:58 Launcher - You specified the directory /tmp/icst-2019/september-2018/dataset/gson/gson/target/test-classes in source classpath, please note that only class files will be considered. Jars and subdirectories will be ignored.
[WARN] 2018-09-23 13:36:58 Launcher - You specified the directory /tmp/icst-2019/september-2018/dataset/gson/gson/target/dspot/dependencies in source classpath, please note that only class files will be considered. Jars and subdirectories will be ignored.
[INFO] Run: java -classpath /tmp/icst-2019/september-2018/dataset/gson/gson/target/classes/:/tmp/icst-2019/september-2018/dataset/gson/gson/target/test-classes/:/home/spirals/danglot/.m2/repository/junit/junit/4.12/junit-4.12.jar:/home/spirals/danglot/.m2/repository/junit/junit/3.8.2/junit-3.8.2.jar:/tmp/icst-2019/september-2018/dataset/gson/gson/target/dspot/dependencies/:/home/spirals/danglot/.m2/repository/eu/stamp-project/test-runner/1.1.0/test-runner-1.1.0-jar-with-dependencies.jar eu.stamp_project.testrunner.runner.test.TestRunner com.google.gson.functional.NullObjectAndFieldTest testExplicitSerializationOfNulls:testExplicitSerializationOfNullStringMembers:testExplicitNullSetsFieldToNullDuringDeserialization:testPrintPrintingObjectWithNulls:testNullWrappedPrimitiveMemberDeserialization:testNullWrappedPrimitiveMemberSerialization:testExplicitSerializationOfNullArrayMembers:testExplicitSerializationOfNullCollectionMembers
File saved to the following path: /tmp/icst-2019/september-2018/dataset/gson_parent/gson/target/dspot/TestListener.ser
Loading /tmp/icst-2019/september-2018/dataset/gson_parent/gson/target/dspot/TestListener.ser
[INFO] Test has been run: testExplicitSerializationOfNullArrayMembers,testExplicitSerializationOfNullCollectionMembers,testExplicitSerializationOfNullStringMembers,testExplicitNullSetsFieldToNullDuringDeserialization,testNullWrappedPrimitiveMemberSerialization,testExplicitSerializationOfNulls,testPrintPrintingObjectWithNulls,testNullWrappedPrimitiveMemberDeserialization
[INFO] 0 amplified test methods has been selected to be kept. (global: 0)
[INFO] elapsedTime 3650
======= REPORT =======
0 amplified test fails on the new versions.

[WARNING] DSpot could not obtain any amplified test method.
[WARNING] You can customize the following options: --amplifiers, --test-criterion, --iteration, --budgetizer etc, and retry with a new configuration.
[INFO] Amplification of com.google.gson.functional.SerializedNameTest (3 test(s))
[INFO] Assertion amplification of com.google.gson.functional.SerializedNameTest (3 test(s))
[INFO] Run: java -classpath /tmp/icst-2019/september-2018/dataset/gson_parent/gson/target/test-classes:/tmp/icst-2019/september-2018/dataset/gson_parent/gson/target/classes/:/home/spirals/danglot/.m2/repository/junit/junit/4.12/junit-4.12.jar:/home/spirals/danglot/.m2/repository/junit/junit/3.8.2/junit-3.8.2.jar:/tmp/icst-2019/september-2018/dataset/gson_parent/gson/target/dspot/dependencies/:/home/spirals/danglot/.m2/repository/eu/stamp-project/test-runner/1.1.0/test-runner-1.1.0-jar-with-dependencies.jar eu.stamp_project.testrunner.runner.test.TestRunner com.google.gson.functional.SerializedNameTest testMultipleNamesDeserializedCorrectly:testFirstNameIsChosenForSerialization:testMultipleNamesInTheSameString
File saved to the following path: /tmp/icst-2019/september-2018/dataset/gson_parent/gson/target/dspot/TestListener.ser
Loading /tmp/icst-2019/september-2018/dataset/gson_parent/gson/target/dspot/TestListener.ser
[INFO] Test has been run: testMultipleNamesDeserializedCorrectly,testMultipleNamesInTheSameString,testFirstNameIsChosenForSerialization
[INFO] Run tests. (3)
[INFO] Run: java -classpath /tmp/icst-2019/september-2018/dataset/gson_parent/gson/target/test-classes:/tmp/icst-2019/september-2018/dataset/gson_parent/gson/target/classes/:/home/spirals/danglot/.m2/repository/junit/junit/4.12/junit-4.12.jar:/home/spirals/danglot/.m2/repository/junit/junit/3.8.2/junit-3.8.2.jar:/tmp/icst-2019/september-2018/dataset/gson_parent/gson/target/dspot/dependencies/:/home/spirals/danglot/.m2/repository/eu/stamp-project/test-runner/1.1.0/test-runner-1.1.0-jar-with-dependencies.jar eu.stamp_project.testrunner.runner.test.TestRunner com.google.gson.functional.SerializedNameTest testMultipleNamesDeserializedCorrectly:testFirstNameIsChosenForSerialization:testMultipleNamesInTheSameString
File saved to the following path: /tmp/icst-2019/september-2018/dataset/gson_parent/gson/target/dspot/TestListener.ser
Loading /tmp/icst-2019/september-2018/dataset/gson_parent/gson/target/dspot/TestListener.ser
[INFO] Test has been run: testMultipleNamesDeserializedCorrectly,testMultipleNamesInTheSameString,testFirstNameIsChosenForSerialization
[INFO] 3 test pass, generating assertion...
[INFO] Add observations points in passing tests.
[INFO] Instrumentation...
 33% |================ ]/ 66% |================================= ]-100% |================================================== ]\
[INFO] Run instrumented tests. (9)
[INFO] Run: java -classpath /tmp/icst-2019/september-2018/dataset/gson_parent/gson/target/test-classes:/tmp/icst-2019/september-2018/dataset/gson_parent/gson/target/classes/:/home/spirals/danglot/.m2/repository/junit/junit/4.12/junit-4.12.jar:/home/spirals/danglot/.m2/repository/junit/junit/3.8.2/junit-3.8.2.jar:/tmp/icst-2019/september-2018/dataset/gson_parent/gson/target/dspot/dependencies/:/home/spirals/danglot/.m2/repository/eu/stamp-project/test-runner/1.1.0/test-runner-1.1.0-jar-with-dependencies.jar eu.stamp_project.testrunner.runner.test.TestRunner com.google.gson.functional.SerializedNameTest testMultipleNamesDeserializedCorrectly_withlog0:testFirstNameIsChosenForSerialization_withlog0:testMultipleNamesInTheSameString_withlog0:testMultipleNamesDeserializedCorrectly_withlog1:testFirstNameIsChosenForSerialization_withlog1:testMultipleNamesInTheSameString_withlog1:testMultipleNamesDeserializedCorrectly_withlog2:testFirstNameIsChosenForSerialization_withlog2:testMultipleNamesInTheSameString_withlog2
File saved to the following path: /tmp/icst-2019/september-2018/dataset/gson_parent/gson/target/dspot/observations.ser
File saved to the following path: /tmp/icst-2019/september-2018/dataset/gson_parent/gson/target/dspot/TestListener.ser
Loading /tmp/icst-2019/september-2018/dataset/gson_parent/gson/target/dspot/TestListener.ser
[INFO] Test has been run: testMultipleNamesDeserializedCorrectly_withlog0,testMultipleNamesDeserializedCorrectly_withlog1,testMultipleNamesDeserializedCorrectly_withlog2,testMultipleNamesInTheSameString_withlog0,testMultipleNamesInTheSameString_withlog1,testMultipleNamesInTheSameString_withlog2,testFirstNameIsChosenForSerialization_withlog0,testFirstNameIsChosenForSerialization_withlog1,testFirstNameIsChosenForSerialization_withlog2
[INFO] Generating assertions...
[INFO] 1 new tests with assertions generated
[INFO] Run: java -classpath /tmp/icst-2019/september-2018/dataset/gson_parent/gson/target/test-classes:/tmp/icst-2019/september-2018/dataset/gson_parent/gson/target/classes/:/home/spirals/danglot/.m2/repository/junit/junit/4.12/junit-4.12.jar:/home/spirals/danglot/.m2/repository/junit/junit/3.8.2/junit-3.8.2.jar:/tmp/icst-2019/september-2018/dataset/gson_parent/gson/target/dspot/dependencies/:/home/spirals/danglot/.m2/repository/eu/stamp-project/test-runner/1.1.0/test-runner-1.1.0-jar-with-dependencies.jar eu.stamp_project.testrunner.runner.test.TestRunner com.google.gson.functional.SerializedNameTest testFirstNameIsChosenForSerialization
File saved to the following path: /tmp/icst-2019/september-2018/dataset/gson_parent/gson/target/dspot/TestListener.ser
Loading /tmp/icst-2019/september-2018/dataset/gson_parent/gson/target/dspot/TestListener.ser
[INFO] Test has been run: testFirstNameIsChosenForSerialization
[INFO] Assertion amplification: 1 test method(s) has been successfully amplified.
[WARN] 2018-09-23 13:37:01 Launcher - You specified the directory /tmp/icst-2019/september-2018/dataset/gson/gson/target/classes in source classpath, please note that only class files will be considered. Jars and subdirectories will be ignored.
[WARN] 2018-09-23 13:37:01 Launcher - You specified the directory /tmp/icst-2019/september-2018/dataset/gson/gson/target/test-classes in source classpath, please note that only class files will be considered. Jars and subdirectories will be ignored.
[WARN] 2018-09-23 13:37:01 Launcher - You specified the directory /tmp/icst-2019/september-2018/dataset/gson/gson/target/dspot/dependencies in source classpath, please note that only class files will be considered. Jars and subdirectories will be ignored.
[INFO] Run: java -classpath /tmp/icst-2019/september-2018/dataset/gson/gson/target/classes/:/tmp/icst-2019/september-2018/dataset/gson/gson/target/test-classes/:/home/spirals/danglot/.m2/repository/junit/junit/4.12/junit-4.12.jar:/home/spirals/danglot/.m2/repository/junit/junit/3.8.2/junit-3.8.2.jar:/tmp/icst-2019/september-2018/dataset/gson/gson/target/dspot/dependencies/:/home/spirals/danglot/.m2/repository/eu/stamp-project/test-runner/1.1.0/test-runner-1.1.0-jar-with-dependencies.jar eu.stamp_project.testrunner.runner.test.TestRunner com.google.gson.functional.SerializedNameTest testFirstNameIsChosenForSerialization
File saved to the following path: /tmp/icst-2019/september-2018/dataset/gson_parent/gson/target/dspot/TestListener.ser
Loading /tmp/icst-2019/september-2018/dataset/gson_parent/gson/target/dspot/TestListener.ser
[INFO] Test has been run: testFirstNameIsChosenForSerialization
[INFO] 0 amplified test methods has been selected to be kept. (global: 0)
[INFO] elapsedTime 2583
======= REPORT =======
0 amplified test fails on the new versions.

[WARNING] DSpot could not obtain any amplified test method.
[WARNING] You can customize the following options: --amplifiers, --test-criterion, --iteration, --budgetizer etc, and retry with a new configuration.
[INFO] Amplification of com.google.gson.functional.CollectionTest (6 test(s))
[INFO] Assertion amplification of com.google.gson.functional.CollectionTest (6 test(s))
[INFO] Run: java -classpath /tmp/icst-2019/september-2018/dataset/gson_parent/gson/target/test-classes:/tmp/icst-2019/september-2018/dataset/gson_parent/gson/target/classes/:/home/spirals/danglot/.m2/repository/junit/junit/4.12/junit-4.12.jar:/home/spirals/danglot/.m2/repository/junit/junit/3.8.2/junit-3.8.2.jar:/tmp/icst-2019/september-2018/dataset/gson_parent/gson/target/dspot/dependencies/:/home/spirals/danglot/.m2/repository/eu/stamp-project/test-runner/1.1.0/test-runner-1.1.0-jar-with-dependencies.jar eu.stamp_project.testrunner.runner.test.TestRunner com.google.gson.functional.CollectionTest testRawCollectionSerialization:testWildcardCollectionField:testSetDeserialization:testFieldIsArrayList:testSetSerialization:testCollectionOfBagOfPrimitivesSerialization
File saved to the following path: /tmp/icst-2019/september-2018/dataset/gson_parent/gson/target/dspot/TestListener.ser
Loading /tmp/icst-2019/september-2018/dataset/gson_parent/gson/target/dspot/TestListener.ser
[INFO] Test has been run: testWildcardCollectionField,testFieldIsArrayList,testRawCollectionSerialization,testSetDeserialization,testCollectionOfBagOfPrimitivesSerialization,testSetSerialization
[INFO] Run tests. (6)
[INFO] Run: java -classpath /tmp/icst-2019/september-2018/dataset/gson_parent/gson/target/test-classes:/tmp/icst-2019/september-2018/dataset/gson_parent/gson/target/classes/:/home/spirals/danglot/.m2/repository/junit/junit/4.12/junit-4.12.jar:/home/spirals/danglot/.m2/repository/junit/junit/3.8.2/junit-3.8.2.jar:/tmp/icst-2019/september-2018/dataset/gson_parent/gson/target/dspot/dependencies/:/home/spirals/danglot/.m2/repository/eu/stamp-project/test-runner/1.1.0/test-runner-1.1.0-jar-with-dependencies.jar eu.stamp_project.testrunner.runner.test.TestRunner com.google.gson.functional.CollectionTest testRawCollectionSerialization:testWildcardCollectionField:testSetDeserialization:testFieldIsArrayList:testSetSerialization:testCollectionOfBagOfPrimitivesSerialization
File saved to the following path: /tmp/icst-2019/september-2018/dataset/gson_parent/gson/target/dspot/TestListener.ser
Loading /tmp/icst-2019/september-2018/dataset/gson_parent/gson/target/dspot/TestListener.ser
[INFO] Test has been run: testWildcardCollectionField,testFieldIsArrayList,testRawCollectionSerialization,testSetDeserialization,testCollectionOfBagOfPrimitivesSerialization,testSetSerialization
[INFO] 6 test pass, generating assertion...
[INFO] Add observations points in passing tests.
[INFO] Instrumentation...
 16% |======== ]/ 33% |================ ]- 50% |========================= ]\ 66% |================================= ]| 83% |========================================= ]/100% |================================================== ]-
[INFO] Run instrumented tests. (18)
[INFO] Run: java -classpath /tmp/icst-2019/september-2018/dataset/gson_parent/gson/target/test-classes:/tmp/icst-2019/september-2018/dataset/gson_parent/gson/target/classes/:/home/spirals/danglot/.m2/repository/junit/junit/4.12/junit-4.12.jar:/home/spirals/danglot/.m2/repository/junit/junit/3.8.2/junit-3.8.2.jar:/tmp/icst-2019/september-2018/dataset/gson_parent/gson/target/dspot/dependencies/:/home/spirals/danglot/.m2/repository/eu/stamp-project/test-runner/1.1.0/test-runner-1.1.0-jar-with-dependencies.jar eu.stamp_project.testrunner.runner.test.TestRunner com.google.gson.functional.CollectionTest testRawCollectionSerialization_withlog0:testWildcardCollectionField_withlog0:testSetDeserialization_withlog0:testFieldIsArrayList_withlog0:testSetSerialization_withlog0:testCollectionOfBagOfPrimitivesSerialization_withlog0:testRawCollectionSerialization_withlog1:testWildcardCollectionField_withlog1:testSetDeserialization_withlog1:testFieldIsArrayList_withlog1:testSetSerialization_withlog1:testCollectionOfBagOfPrimitivesSerialization_withlog1:testRawCollectionSerialization_withlog2:testWildcardCollectionField_withlog2:testSetDeserialization_withlog2:testFieldIsArrayList_withlog2:testSetSerialization_withlog2:testCollectionOfBagOfPrimitivesSerialization_withlog2
File saved to the following path: /tmp/icst-2019/september-2018/dataset/gson_parent/gson/target/dspot/observations.ser
File saved to the following path: /tmp/icst-2019/september-2018/dataset/gson_parent/gson/target/dspot/TestListener.ser
Loading /tmp/icst-2019/september-2018/dataset/gson_parent/gson/target/dspot/TestListener.ser
[INFO] Test has been run: testFieldIsArrayList_withlog0,testFieldIsArrayList_withlog1,testFieldIsArrayList_withlog2,testWildcardCollectionField_withlog0,testWildcardCollectionField_withlog1,testWildcardCollectionField_withlog2,testCollectionOfBagOfPrimitivesSerialization_withlog0,testCollectionOfBagOfPrimitivesSerialization_withlog1,testCollectionOfBagOfPrimitivesSerialization_withlog2,testSetDeserialization_withlog0,testSetDeserialization_withlog1,testSetDeserialization_withlog2,testSetSerialization_withlog0,testSetSerialization_withlog1,testSetSerialization_withlog2,testRawCollectionSerialization_withlog0,testRawCollectionSerialization_withlog1,testRawCollectionSerialization_withlog2
[INFO] Generating assertions...
[INFO] 6 new tests with assertions generated
[INFO] Run: java -classpath /tmp/icst-2019/september-2018/dataset/gson_parent/gson/target/test-classes:/tmp/icst-2019/september-2018/dataset/gson_parent/gson/target/classes/:/home/spirals/danglot/.m2/repository/junit/junit/4.12/junit-4.12.jar:/home/spirals/danglot/.m2/repository/junit/junit/3.8.2/junit-3.8.2.jar:/tmp/icst-2019/september-2018/dataset/gson_parent/gson/target/dspot/dependencies/:/home/spirals/danglot/.m2/repository/eu/stamp-project/test-runner/1.1.0/test-runner-1.1.0-jar-with-dependencies.jar eu.stamp_project.testrunner.runner.test.TestRunner com.google.gson.functional.CollectionTest testRawCollectionSerialization:testWildcardCollectionField:testSetDeserialization:testFieldIsArrayList:testSetSerialization:testCollectionOfBagOfPrimitivesSerialization
File saved to the following path: /tmp/icst-2019/september-2018/dataset/gson_parent/gson/target/dspot/TestListener.ser
Loading /tmp/icst-2019/september-2018/dataset/gson_parent/gson/target/dspot/TestListener.ser
[INFO] Test has been run: testWildcardCollectionField,testFieldIsArrayList,testRawCollectionSerialization,testSetDeserialization,testCollectionOfBagOfPrimitivesSerialization,testSetSerialization
[INFO] Assertion amplification: 6 test method(s) has been successfully amplified.
[WARN] 2018-09-23 13:37:05 Launcher - You specified the directory /tmp/icst-2019/september-2018/dataset/gson/gson/target/classes in source classpath, please note that only class files will be considered. Jars and subdirectories will be ignored.
[WARN] 2018-09-23 13:37:05 Launcher - You specified the directory /tmp/icst-2019/september-2018/dataset/gson/gson/target/test-classes in source classpath, please note that only class files will be considered. Jars and subdirectories will be ignored.
[WARN] 2018-09-23 13:37:05 Launcher - You specified the directory /tmp/icst-2019/september-2018/dataset/gson/gson/target/dspot/dependencies in source classpath, please note that only class files will be considered. Jars and subdirectories will be ignored.
[INFO] Run: java -classpath /tmp/icst-2019/september-2018/dataset/gson/gson/target/classes/:/tmp/icst-2019/september-2018/dataset/gson/gson/target/test-classes/:/home/spirals/danglot/.m2/repository/junit/junit/4.12/junit-4.12.jar:/home/spirals/danglot/.m2/repository/junit/junit/3.8.2/junit-3.8.2.jar:/tmp/icst-2019/september-2018/dataset/gson/gson/target/dspot/dependencies/:/home/spirals/danglot/.m2/repository/eu/stamp-project/test-runner/1.1.0/test-runner-1.1.0-jar-with-dependencies.jar eu.stamp_project.testrunner.runner.test.TestRunner com.google.gson.functional.CollectionTest testRawCollectionSerialization:testWildcardCollectionField:testSetDeserialization:testFieldIsArrayList:testSetSerialization:testCollectionOfBagOfPrimitivesSerialization
File saved to the following path: /tmp/icst-2019/september-2018/dataset/gson_parent/gson/target/dspot/TestListener.ser
Loading /tmp/icst-2019/september-2018/dataset/gson_parent/gson/target/dspot/TestListener.ser
[INFO] Test has been run: testWildcardCollectionField,testFieldIsArrayList,testRawCollectionSerialization,testSetDeserialization,testCollectionOfBagOfPrimitivesSerialization,testSetSerialization
[INFO] 0 amplified test methods has been selected to be kept. (global: 0)
[INFO] elapsedTime 4269
======= REPORT =======
0 amplified test fails on the new versions.

[WARNING] DSpot could not obtain any amplified test method.
[WARNING] You can customize the following options: --amplifiers, --test-criterion, --iteration, --budgetizer etc, and retry with a new configuration.
[INFO] Amplification of com.google.gson.functional.InterfaceTest (2 test(s))
[INFO] Assertion amplification of com.google.gson.functional.InterfaceTest (2 test(s))
[INFO] Run: java -classpath /tmp/icst-2019/september-2018/dataset/gson_parent/gson/target/test-classes:/tmp/icst-2019/september-2018/dataset/gson_parent/gson/target/classes/:/home/spirals/danglot/.m2/repository/junit/junit/4.12/junit-4.12.jar:/home/spirals/danglot/.m2/repository/junit/junit/3.8.2/junit-3.8.2.jar:/tmp/icst-2019/september-2018/dataset/gson_parent/gson/target/dspot/dependencies/:/home/spirals/danglot/.m2/repository/eu/stamp-project/test-runner/1.1.0/test-runner-1.1.0-jar-with-dependencies.jar eu.stamp_project.testrunner.runner.test.TestRunner com.google.gson.functional.InterfaceTest testSerializingInterfaceObjectField:testSerializingObjectImplementingInterface
File saved to the following path: /tmp/icst-2019/september-2018/dataset/gson_parent/gson/target/dspot/TestListener.ser
Loading /tmp/icst-2019/september-2018/dataset/gson_parent/gson/target/dspot/TestListener.ser
[INFO] Test has been run: testSerializingInterfaceObjectField,testSerializingObjectImplementingInterface
[INFO] Run tests. (2)
[INFO] Run: java -classpath /tmp/icst-2019/september-2018/dataset/gson_parent/gson/target/test-classes:/tmp/icst-2019/september-2018/dataset/gson_parent/gson/target/classes/:/home/spirals/danglot/.m2/repository/junit/junit/4.12/junit-4.12.jar:/home/spirals/danglot/.m2/repository/junit/junit/3.8.2/junit-3.8.2.jar:/tmp/icst-2019/september-2018/dataset/gson_parent/gson/target/dspot/dependencies/:/home/spirals/danglot/.m2/repository/eu/stamp-project/test-runner/1.1.0/test-runner-1.1.0-jar-with-dependencies.jar eu.stamp_project.testrunner.runner.test.TestRunner com.google.gson.functional.InterfaceTest testSerializingInterfaceObjectField:testSerializingObjectImplementingInterface
File saved to the following path: /tmp/icst-2019/september-2018/dataset/gson_parent/gson/target/dspot/TestListener.ser
Loading /tmp/icst-2019/september-2018/dataset/gson_parent/gson/target/dspot/TestListener.ser
[INFO] Test has been run: testSerializingInterfaceObjectField,testSerializingObjectImplementingInterface
[INFO] 2 test pass, generating assertion...
[INFO] Add observations points in passing tests.
[INFO] Instrumentation...
 50% |========================= ]/100% |================================================== ]-
[INFO] Run instrumented tests. (6)
[INFO] Run: java -classpath /tmp/icst-2019/september-2018/dataset/gson_parent/gson/target/test-classes:/tmp/icst-2019/september-2018/dataset/gson_parent/gson/target/classes/:/home/spirals/danglot/.m2/repository/junit/junit/4.12/junit-4.12.jar:/home/spirals/danglot/.m2/repository/junit/junit/3.8.2/junit-3.8.2.jar:/tmp/icst-2019/september-2018/dataset/gson_parent/gson/target/dspot/dependencies/:/home/spirals/danglot/.m2/repository/eu/stamp-project/test-runner/1.1.0/test-runner-1.1.0-jar-with-dependencies.jar eu.stamp_project.testrunner.runner.test.TestRunner com.google.gson.functional.InterfaceTest testSerializingInterfaceObjectField_withlog0:testSerializingObjectImplementingInterface_withlog0:testSerializingInterfaceObjectField_withlog1:testSerializingObjectImplementingInterface_withlog1:testSerializingInterfaceObjectField_withlog2:testSerializingObjectImplementingInterface_withlog2
File saved to the following path: /tmp/icst-2019/september-2018/dataset/gson_parent/gson/target/dspot/observations.ser
File saved to the following path: /tmp/icst-2019/september-2018/dataset/gson_parent/gson/target/dspot/TestListener.ser
Loading /tmp/icst-2019/september-2018/dataset/gson_parent/gson/target/dspot/TestListener.ser
[INFO] Test has been run: testSerializingInterfaceObjectField_withlog0,testSerializingInterfaceObjectField_withlog1,testSerializingInterfaceObjectField_withlog2,testSerializingObjectImplementingInterface_withlog0,testSerializingObjectImplementingInterface_withlog1,testSerializingObjectImplementingInterface_withlog2
[INFO] Generating assertions...
[INFO] 2 new tests with assertions generated
[INFO] Run: java -classpath /tmp/icst-2019/september-2018/dataset/gson_parent/gson/target/test-classes:/tmp/icst-2019/september-2018/dataset/gson_parent/gson/target/classes/:/home/spirals/danglot/.m2/repository/junit/junit/4.12/junit-4.12.jar:/home/spirals/danglot/.m2/repository/junit/junit/3.8.2/junit-3.8.2.jar:/tmp/icst-2019/september-2018/dataset/gson_parent/gson/target/dspot/dependencies/:/home/spirals/danglot/.m2/repository/eu/stamp-project/test-runner/1.1.0/test-runner-1.1.0-jar-with-dependencies.jar eu.stamp_project.testrunner.runner.test.TestRunner com.google.gson.functional.InterfaceTest testSerializingInterfaceObjectField:testSerializingObjectImplementingInterface
File saved to the following path: /tmp/icst-2019/september-2018/dataset/gson_parent/gson/target/dspot/TestListener.ser
Loading /tmp/icst-2019/september-2018/dataset/gson_parent/gson/target/dspot/TestListener.ser
[INFO] Test has been run: testSerializingInterfaceObjectField,testSerializingObjectImplementingInterface
[INFO] Assertion amplification: 2 test method(s) has been successfully amplified.
[WARN] 2018-09-23 13:37:08 Launcher - You specified the directory /tmp/icst-2019/september-2018/dataset/gson/gson/target/classes in source classpath, please note that only class files will be considered. Jars and subdirectories will be ignored.
[WARN] 2018-09-23 13:37:08 Launcher - You specified the directory /tmp/icst-2019/september-2018/dataset/gson/gson/target/test-classes in source classpath, please note that only class files will be considered. Jars and subdirectories will be ignored.
[WARN] 2018-09-23 13:37:08 Launcher - You specified the directory /tmp/icst-2019/september-2018/dataset/gson/gson/target/dspot/dependencies in source classpath, please note that only class files will be considered. Jars and subdirectories will be ignored.
[INFO] Run: java -classpath /tmp/icst-2019/september-2018/dataset/gson/gson/target/classes/:/tmp/icst-2019/september-2018/dataset/gson/gson/target/test-classes/:/home/spirals/danglot/.m2/repository/junit/junit/4.12/junit-4.12.jar:/home/spirals/danglot/.m2/repository/junit/junit/3.8.2/junit-3.8.2.jar:/tmp/icst-2019/september-2018/dataset/gson/gson/target/dspot/dependencies/:/home/spirals/danglot/.m2/repository/eu/stamp-project/test-runner/1.1.0/test-runner-1.1.0-jar-with-dependencies.jar eu.stamp_project.testrunner.runner.test.TestRunner com.google.gson.functional.InterfaceTest testSerializingInterfaceObjectField:testSerializingObjectImplementingInterface
File saved to the following path: /tmp/icst-2019/september-2018/dataset/gson_parent/gson/target/dspot/TestListener.ser
Loading /tmp/icst-2019/september-2018/dataset/gson_parent/gson/target/dspot/TestListener.ser
[INFO] Test has been run: testSerializingInterfaceObjectField,testSerializingObjectImplementingInterface
[INFO] 0 amplified test methods has been selected to be kept. (global: 0)
[INFO] elapsedTime 2567
======= REPORT =======
0 amplified test fails on the new versions.

[WARNING] DSpot could not obtain any amplified test method.
[WARNING] You can customize the following options: --amplifiers, --test-criterion, --iteration, --budgetizer etc, and retry with a new configuration.
[INFO] Amplification of com.google.gson.functional.JsonTreeTest (4 test(s))
[INFO] Assertion amplification of com.google.gson.functional.JsonTreeTest (4 test(s))
[INFO] Run: java -classpath /tmp/icst-2019/september-2018/dataset/gson_parent/gson/target/test-classes:/tmp/icst-2019/september-2018/dataset/gson_parent/gson/target/classes/:/home/spirals/danglot/.m2/repository/junit/junit/4.12/junit-4.12.jar:/home/spirals/danglot/.m2/repository/junit/junit/3.8.2/junit-3.8.2.jar:/tmp/icst-2019/september-2018/dataset/gson_parent/gson/target/dspot/dependencies/:/home/spirals/danglot/.m2/repository/eu/stamp-project/test-runner/1.1.0/test-runner-1.1.0-jar-with-dependencies.jar eu.stamp_project.testrunner.runner.test.TestRunner com.google.gson.functional.JsonTreeTest testToJsonTreeObjectType:testToJsonTree:testJsonTreeToString:testJsonTreeNull
File saved to the following path: /tmp/icst-2019/september-2018/dataset/gson_parent/gson/target/dspot/TestListener.ser
Loading /tmp/icst-2019/september-2018/dataset/gson_parent/gson/target/dspot/TestListener.ser
[INFO] Test has been run: testToJsonTreeObjectType,testJsonTreeToString,testJsonTreeNull,testToJsonTree
[INFO] Run tests. (4)
[INFO] Run: java -classpath /tmp/icst-2019/september-2018/dataset/gson_parent/gson/target/test-classes:/tmp/icst-2019/september-2018/dataset/gson_parent/gson/target/classes/:/home/spirals/danglot/.m2/repository/junit/junit/4.12/junit-4.12.jar:/home/spirals/danglot/.m2/repository/junit/junit/3.8.2/junit-3.8.2.jar:/tmp/icst-2019/september-2018/dataset/gson_parent/gson/target/dspot/dependencies/:/home/spirals/danglot/.m2/repository/eu/stamp-project/test-runner/1.1.0/test-runner-1.1.0-jar-with-dependencies.jar eu.stamp_project.testrunner.runner.test.TestRunner com.google.gson.functional.JsonTreeTest testToJsonTreeObjectType:testToJsonTree:testJsonTreeToString:testJsonTreeNull
File saved to the following path: /tmp/icst-2019/september-2018/dataset/gson_parent/gson/target/dspot/TestListener.ser
Loading /tmp/icst-2019/september-2018/dataset/gson_parent/gson/target/dspot/TestListener.ser
[INFO] Test has been run: testToJsonTreeObjectType,testJsonTreeToString,testJsonTreeNull,testToJsonTree
[INFO] 4 test pass, generating assertion...
[INFO] Add observations points in passing tests.
[INFO] Instrumentation...
 25% |============ ]/ 50% |========================= ]- 75% |===================================== ]\100% |================================================== ]|
[INFO] Run instrumented tests. (12)
[INFO] Run: java -classpath /tmp/icst-2019/september-2018/dataset/gson_parent/gson/target/test-classes:/tmp/icst-2019/september-2018/dataset/gson_parent/gson/target/classes/:/home/spirals/danglot/.m2/repository/junit/junit/4.12/junit-4.12.jar:/home/spirals/danglot/.m2/repository/junit/junit/3.8.2/junit-3.8.2.jar:/tmp/icst-2019/september-2018/dataset/gson_parent/gson/target/dspot/dependencies/:/home/spirals/danglot/.m2/repository/eu/stamp-project/test-runner/1.1.0/test-runner-1.1.0-jar-with-dependencies.jar eu.stamp_project.testrunner.runner.test.TestRunner com.google.gson.functional.JsonTreeTest testToJsonTreeObjectType_withlog0:testToJsonTree_withlog0:testJsonTreeToString_withlog0:testJsonTreeNull_withlog0:testToJsonTreeObjectType_withlog1:testToJsonTree_withlog1:testJsonTreeToString_withlog1:testJsonTreeNull_withlog1:testToJsonTreeObjectType_withlog2:testToJsonTree_withlog2:testJsonTreeToString_withlog2:testJsonTreeNull_withlog2
File saved to the following path: /tmp/icst-2019/september-2018/dataset/gson_parent/gson/target/dspot/observations.ser
File saved to the following path: /tmp/icst-2019/september-2018/dataset/gson_parent/gson/target/dspot/TestListener.ser
Loading /tmp/icst-2019/september-2018/dataset/gson_parent/gson/target/dspot/TestListener.ser
[INFO] Test has been run: testJsonTreeToString_withlog0,testJsonTreeToString_withlog1,testJsonTreeToString_withlog2,testJsonTreeNull_withlog0,testJsonTreeNull_withlog1,testJsonTreeNull_withlog2,testToJsonTree_withlog0,testToJsonTree_withlog1,testToJsonTree_withlog2,testToJsonTreeObjectType_withlog0,testToJsonTreeObjectType_withlog1,testToJsonTreeObjectType_withlog2
[INFO] Generating assertions...
[INFO] 4 new tests with assertions generated
[INFO] Run: java -classpath /tmp/icst-2019/september-2018/dataset/gson_parent/gson/target/test-classes:/tmp/icst-2019/september-2018/dataset/gson_parent/gson/target/classes/:/home/spirals/danglot/.m2/repository/junit/junit/4.12/junit-4.12.jar:/home/spirals/danglot/.m2/repository/junit/junit/3.8.2/junit-3.8.2.jar:/tmp/icst-2019/september-2018/dataset/gson_parent/gson/target/dspot/dependencies/:/home/spirals/danglot/.m2/repository/eu/stamp-project/test-runner/1.1.0/test-runner-1.1.0-jar-with-dependencies.jar eu.stamp_project.testrunner.runner.test.TestRunner com.google.gson.functional.JsonTreeTest testToJsonTreeObjectType:testToJsonTree:testJsonTreeToString:testJsonTreeNull
File saved to the following path: /tmp/icst-2019/september-2018/dataset/gson_parent/gson/target/dspot/TestListener.ser
Loading /tmp/icst-2019/september-2018/dataset/gson_parent/gson/target/dspot/TestListener.ser
[INFO] Test has been run: testToJsonTreeObjectType,testJsonTreeToString,testJsonTreeNull,testToJsonTree
[INFO] Assertion amplification: 4 test method(s) has been successfully amplified.
[WARN] 2018-09-23 13:37:13 Launcher - You specified the directory /tmp/icst-2019/september-2018/dataset/gson/gson/target/classes in source classpath, please note that only class files will be considered. Jars and subdirectories will be ignored.
[WARN] 2018-09-23 13:37:13 Launcher - You specified the directory /tmp/icst-2019/september-2018/dataset/gson/gson/target/test-classes in source classpath, please note that only class files will be considered. Jars and subdirectories will be ignored.
[WARN] 2018-09-23 13:37:13 Launcher - You specified the directory /tmp/icst-2019/september-2018/dataset/gson/gson/target/dspot/dependencies in source classpath, please note that only class files will be considered. Jars and subdirectories will be ignored.
[INFO] Run: java -classpath /tmp/icst-2019/september-2018/dataset/gson/gson/target/classes/:/tmp/icst-2019/september-2018/dataset/gson/gson/target/test-classes/:/home/spirals/danglot/.m2/repository/junit/junit/4.12/junit-4.12.jar:/home/spirals/danglot/.m2/repository/junit/junit/3.8.2/junit-3.8.2.jar:/tmp/icst-2019/september-2018/dataset/gson/gson/target/dspot/dependencies/:/home/spirals/danglot/.m2/repository/eu/stamp-project/test-runner/1.1.0/test-runner-1.1.0-jar-with-dependencies.jar eu.stamp_project.testrunner.runner.test.TestRunner com.google.gson.functional.JsonTreeTest testToJsonTreeObjectType:testToJsonTree:testJsonTreeToString:testJsonTreeNull
File saved to the following path: /tmp/icst-2019/september-2018/dataset/gson_parent/gson/target/dspot/TestListener.ser
Loading /tmp/icst-2019/september-2018/dataset/gson_parent/gson/target/dspot/TestListener.ser
[INFO] Test has been run: testToJsonTreeObjectType,testJsonTreeToString,testJsonTreeNull,testToJsonTree
[INFO] 0 amplified test methods has been selected to be kept. (global: 0)
[INFO] elapsedTime 4680
======= REPORT =======
0 amplified test fails on the new versions.

[WARNING] DSpot could not obtain any amplified test method.
[WARNING] You can customize the following options: --amplifiers, --test-criterion, --iteration, --budgetizer etc, and retry with a new configuration.
[INFO] Amplification of com.google.gson.functional.FieldNamingTest (5 test(s))
[INFO] Assertion amplification of com.google.gson.functional.FieldNamingTest (5 test(s))
[INFO] Run: java -classpath /tmp/icst-2019/september-2018/dataset/gson_parent/gson/target/test-classes:/tmp/icst-2019/september-2018/dataset/gson_parent/gson/target/classes/:/home/spirals/danglot/.m2/repository/junit/junit/4.12/junit-4.12.jar:/home/spirals/danglot/.m2/repository/junit/junit/3.8.2/junit-3.8.2.jar:/tmp/icst-2019/september-2018/dataset/gson_parent/gson/target/dspot/dependencies/:/home/spirals/danglot/.m2/repository/eu/stamp-project/test-runner/1.1.0/test-runner-1.1.0-jar-with-dependencies.jar eu.stamp_project.testrunner.runner.test.TestRunner com.google.gson.functional.FieldNamingTest testLowerCaseWithDashes:testUpperCamelCaseWithSpaces:testUpperCamelCase:testIdentity:testLowerCaseWithUnderscores
File saved to the following path: /tmp/icst-2019/september-2018/dataset/gson_parent/gson/target/dspot/TestListener.ser
Loading /tmp/icst-2019/september-2018/dataset/gson_parent/gson/target/dspot/TestListener.ser
[INFO] Test has been run: testUpperCamelCase,testLowerCaseWithDashes,testLowerCaseWithUnderscores,testUpperCamelCaseWithSpaces,testIdentity
[INFO] Run tests. (5)
[INFO] Run: java -classpath /tmp/icst-2019/september-2018/dataset/gson_parent/gson/target/test-classes:/tmp/icst-2019/september-2018/dataset/gson_parent/gson/target/classes/:/home/spirals/danglot/.m2/repository/junit/junit/4.12/junit-4.12.jar:/home/spirals/danglot/.m2/repository/junit/junit/3.8.2/junit-3.8.2.jar:/tmp/icst-2019/september-2018/dataset/gson_parent/gson/target/dspot/dependencies/:/home/spirals/danglot/.m2/repository/eu/stamp-project/test-runner/1.1.0/test-runner-1.1.0-jar-with-dependencies.jar eu.stamp_project.testrunner.runner.test.TestRunner com.google.gson.functional.FieldNamingTest testLowerCaseWithDashes:testUpperCamelCaseWithSpaces:testUpperCamelCase:testIdentity:testLowerCaseWithUnderscores
File saved to the following path: /tmp/icst-2019/september-2018/dataset/gson_parent/gson/target/dspot/TestListener.ser
Loading /tmp/icst-2019/september-2018/dataset/gson_parent/gson/target/dspot/TestListener.ser
[INFO] Test has been run: testUpperCamelCase,testLowerCaseWithDashes,testLowerCaseWithUnderscores,testUpperCamelCaseWithSpaces,testIdentity
[INFO] 5 test pass, generating assertion...
[INFO] Add observations points in passing tests.
[INFO] Instrumentation...
 20% |========== ]/ 40% |==================== ]- 60% |============================== ]\ 80% |======================================== ]|100% |================================================== ]/
[INFO] Run instrumented tests. (15)
[INFO] Run: java -classpath /tmp/icst-2019/september-2018/dataset/gson_parent/gson/target/test-classes:/tmp/icst-2019/september-2018/dataset/gson_parent/gson/target/classes/:/home/spirals/danglot/.m2/repository/junit/junit/4.12/junit-4.12.jar:/home/spirals/danglot/.m2/repository/junit/junit/3.8.2/junit-3.8.2.jar:/tmp/icst-2019/september-2018/dataset/gson_parent/gson/target/dspot/dependencies/:/home/spirals/danglot/.m2/repository/eu/stamp-project/test-runner/1.1.0/test-runner-1.1.0-jar-with-dependencies.jar eu.stamp_project.testrunner.runner.test.TestRunner com.google.gson.functional.FieldNamingTest testLowerCaseWithDashes_withlog0:testUpperCamelCaseWithSpaces_withlog0:testUpperCamelCase_withlog0:testIdentity_withlog0:testLowerCaseWithUnderscores_withlog0:testLowerCaseWithDashes_withlog1:testUpperCamelCaseWithSpaces_withlog1:testUpperCamelCase_withlog1:testIdentity_withlog1:testLowerCaseWithUnderscores_withlog1:testLowerCaseWithDashes_withlog2:testUpperCamelCaseWithSpaces_withlog2:testUpperCamelCase_withlog2:testIdentity_withlog2:testLowerCaseWithUnderscores_withlog2
File saved to the following path: /tmp/icst-2019/september-2018/dataset/gson_parent/gson/target/dspot/observations.ser
File saved to the following path: /tmp/icst-2019/september-2018/dataset/gson_parent/gson/target/dspot/TestListener.ser
Loading /tmp/icst-2019/september-2018/dataset/gson_parent/gson/target/dspot/TestListener.ser
[INFO] Test has been run: testLowerCaseWithUnderscores_withlog0,testLowerCaseWithUnderscores_withlog1,testLowerCaseWithUnderscores_withlog2,testUpperCamelCaseWithSpaces_withlog0,testUpperCamelCaseWithSpaces_withlog1,testUpperCamelCaseWithSpaces_withlog2,testLowerCaseWithDashes_withlog0,testLowerCaseWithDashes_withlog1,testLowerCaseWithDashes_withlog2,testIdentity_withlog0,testIdentity_withlog1,testIdentity_withlog2,testUpperCamelCase_withlog0,testUpperCamelCase_withlog1,testUpperCamelCase_withlog2
[INFO] Generating assertions...
[INFO] 5 new tests with assertions generated
[INFO] Run: java -classpath /tmp/icst-2019/september-2018/dataset/gson_parent/gson/target/test-classes:/tmp/icst-2019/september-2018/dataset/gson_parent/gson/target/classes/:/home/spirals/danglot/.m2/repository/junit/junit/4.12/junit-4.12.jar:/home/spirals/danglot/.m2/repository/junit/junit/3.8.2/junit-3.8.2.jar:/tmp/icst-2019/september-2018/dataset/gson_parent/gson/target/dspot/dependencies/:/home/spirals/danglot/.m2/repository/eu/stamp-project/test-runner/1.1.0/test-runner-1.1.0-jar-with-dependencies.jar eu.stamp_project.testrunner.runner.test.TestRunner com.google.gson.functional.FieldNamingTest testLowerCaseWithDashes:testUpperCamelCaseWithSpaces:testUpperCamelCase:testIdentity:testLowerCaseWithUnderscores
File saved to the following path: /tmp/icst-2019/september-2018/dataset/gson_parent/gson/target/dspot/TestListener.ser
Loading /tmp/icst-2019/september-2018/dataset/gson_parent/gson/target/dspot/TestListener.ser
[INFO] Test has been run: testUpperCamelCase,testLowerCaseWithDashes,testLowerCaseWithUnderscores,testUpperCamelCaseWithSpaces,testIdentity
[INFO] Assertion amplification: 5 test method(s) has been successfully amplified.
[WARN] 2018-09-23 13:37:16 Launcher - You specified the directory /tmp/icst-2019/september-2018/dataset/gson/gson/target/classes in source classpath, please note that only class files will be considered. Jars and subdirectories will be ignored.
[WARN] 2018-09-23 13:37:16 Launcher - You specified the directory /tmp/icst-2019/september-2018/dataset/gson/gson/target/test-classes in source classpath, please note that only class files will be considered. Jars and subdirectories will be ignored.
[WARN] 2018-09-23 13:37:16 Launcher - You specified the directory /tmp/icst-2019/september-2018/dataset/gson/gson/target/dspot/dependencies in source classpath, please note that only class files will be considered. Jars and subdirectories will be ignored.
[INFO] Run: java -classpath /tmp/icst-2019/september-2018/dataset/gson/gson/target/classes/:/tmp/icst-2019/september-2018/dataset/gson/gson/target/test-classes/:/home/spirals/danglot/.m2/repository/junit/junit/4.12/junit-4.12.jar:/home/spirals/danglot/.m2/repository/junit/junit/3.8.2/junit-3.8.2.jar:/tmp/icst-2019/september-2018/dataset/gson/gson/target/dspot/dependencies/:/home/spirals/danglot/.m2/repository/eu/stamp-project/test-runner/1.1.0/test-runner-1.1.0-jar-with-dependencies.jar eu.stamp_project.testrunner.runner.test.TestRunner com.google.gson.functional.FieldNamingTest testLowerCaseWithDashes:testUpperCamelCaseWithSpaces:testUpperCamelCase:testIdentity:testLowerCaseWithUnderscores
File saved to the following path: /tmp/icst-2019/september-2018/dataset/gson_parent/gson/target/dspot/TestListener.ser
Loading /tmp/icst-2019/september-2018/dataset/gson_parent/gson/target/dspot/TestListener.ser
[INFO] Test has been run: testUpperCamelCase,testLowerCaseWithDashes,testLowerCaseWithUnderscores,testUpperCamelCaseWithSpaces,testIdentity
[INFO] 0 amplified test methods has been selected to be kept. (global: 0)
[INFO] elapsedTime 2869
======= REPORT =======
0 amplified test fails on the new versions.

[WARNING] DSpot could not obtain any amplified test method.
[WARNING] You can customize the following options: --amplifiers, --test-criterion, --iteration, --budgetizer etc, and retry with a new configuration.
[INFO] Amplification of com.google.gson.functional.NamingPolicyTest (14 test(s))
[INFO] Assertion amplification of com.google.gson.functional.NamingPolicyTest (14 test(s))
[INFO] Run: java -classpath /tmp/icst-2019/september-2018/dataset/gson_parent/gson/target/test-classes:/tmp/icst-2019/september-2018/dataset/gson_parent/gson/target/classes/:/home/spirals/danglot/.m2/repository/junit/junit/4.12/junit-4.12.jar:/home/spirals/danglot/.m2/repository/junit/junit/3.8.2/junit-3.8.2.jar:/tmp/icst-2019/september-2018/dataset/gson_parent/gson/target/dspot/dependencies/:/home/spirals/danglot/.m2/repository/eu/stamp-project/test-runner/1.1.0/test-runner-1.1.0-jar-with-dependencies.jar eu.stamp_project.testrunner.runner.test.TestRunner com.google.gson.functional.NamingPolicyTest testGsonWithNonDefaultFieldNamingPolicyDeserialiation:testGsonWithLowerCaseUnderscorePolicySerialization:testGsonWithLowerCaseDashPolicyDeserialiation:testComplexFieldNameStrategy:testGsonWithSerializedNameFieldNamingPolicySerialization:testGsonWithUpperCamelCaseSpacesPolicySerialiation:testGsonWithNonDefaultFieldNamingPolicySerialization:testGsonWithLowerCaseDashPolicySerialization:testGsonDuplicateNameUsingSerializedNameFieldNamingPolicySerialization:testGsonWithLowerCaseUnderscorePolicyDeserialiation:testDeprecatedNamingStrategy:testAtSignInSerializedName:testGsonWithSerializedNameFieldNamingPolicyDeserialization:testGsonWithUpperCamelCaseSpacesPolicyDeserialiation
File saved to the following path: /tmp/icst-2019/september-2018/dataset/gson_parent/gson/target/dspot/TestListener.ser
Loading /tmp/icst-2019/september-2018/dataset/gson_parent/gson/target/dspot/TestListener.ser
[INFO] Test has been run: testGsonWithNonDefaultFieldNamingPolicySerialization,testComplexFieldNameStrategy,testGsonWithLowerCaseUnderscorePolicySerialization,testGsonDuplicateNameUsingSerializedNameFieldNamingPolicySerialization,testGsonWithLowerCaseDashPolicySerialization,testGsonWithUpperCamelCaseSpacesPolicySerialiation,testDeprecatedNamingStrategy,testGsonWithUpperCamelCaseSpacesPolicyDeserialiation,testGsonWithLowerCaseDashPolicyDeserialiation,testAtSignInSerializedName,testGsonWithSerializedNameFieldNamingPolicyDeserialization,testGsonWithSerializedNameFieldNamingPolicySerialization,testGsonWithLowerCaseUnderscorePolicyDeserialiation,testGsonWithNonDefaultFieldNamingPolicyDeserialiation
[INFO] Run tests. (14)
[INFO] Run: java -classpath /tmp/icst-2019/september-2018/dataset/gson_parent/gson/target/test-classes:/tmp/icst-2019/september-2018/dataset/gson_parent/gson/target/classes/:/home/spirals/danglot/.m2/repository/junit/junit/4.12/junit-4.12.jar:/home/spirals/danglot/.m2/repository/junit/junit/3.8.2/junit-3.8.2.jar:/tmp/icst-2019/september-2018/dataset/gson_parent/gson/target/dspot/dependencies/:/home/spirals/danglot/.m2/repository/eu/stamp-project/test-runner/1.1.0/test-runner-1.1.0-jar-with-dependencies.jar eu.stamp_project.testrunner.runner.test.TestRunner com.google.gson.functional.NamingPolicyTest testGsonWithNonDefaultFieldNamingPolicyDeserialiation:testGsonWithLowerCaseUnderscorePolicySerialization:testGsonWithLowerCaseDashPolicyDeserialiation:testComplexFieldNameStrategy:testGsonWithSerializedNameFieldNamingPolicySerialization:testGsonWithUpperCamelCaseSpacesPolicySerialiation:testGsonWithNonDefaultFieldNamingPolicySerialization:testGsonWithLowerCaseDashPolicySerialization:testGsonDuplicateNameUsingSerializedNameFieldNamingPolicySerialization:testGsonWithLowerCaseUnderscorePolicyDeserialiation:testDeprecatedNamingStrategy:testAtSignInSerializedName:testGsonWithSerializedNameFieldNamingPolicyDeserialization:testGsonWithUpperCamelCaseSpacesPolicyDeserialiation
File saved to the following path: /tmp/icst-2019/september-2018/dataset/gson_parent/gson/target/dspot/TestListener.ser
Loading /tmp/icst-2019/september-2018/dataset/gson_parent/gson/target/dspot/TestListener.ser
[INFO] Test has been run: testGsonWithNonDefaultFieldNamingPolicySerialization,testComplexFieldNameStrategy,testGsonWithLowerCaseUnderscorePolicySerialization,testGsonDuplicateNameUsingSerializedNameFieldNamingPolicySerialization,testGsonWithLowerCaseDashPolicySerialization,testGsonWithUpperCamelCaseSpacesPolicySerialiation,testDeprecatedNamingStrategy,testGsonWithUpperCamelCaseSpacesPolicyDeserialiation,testGsonWithLowerCaseDashPolicyDeserialiation,testAtSignInSerializedName,testGsonWithSerializedNameFieldNamingPolicyDeserialization,testGsonWithSerializedNameFieldNamingPolicySerialization,testGsonWithLowerCaseUnderscorePolicyDeserialiation,testGsonWithNonDefaultFieldNamingPolicyDeserialiation
[INFO] 14 test pass, generating assertion...
[INFO] Add observations points in passing tests.
[INFO] Instrumentation...
  7% |=== ]/ 14% |======= ]- 21% |========== ]\ 28% |============== ]| 35% |================= ]/ 42% |===================== ]- 50% |========================= ]\ 57% |============================ ]| 64% |================================ ]/ 71% |=================================== ]- 78% |======================================= ]\ 85% |========================================== ]| 92% |============================================== ]/100% |================================================== ]-
[INFO] Run instrumented tests. (42)
[INFO] Run: java -classpath /tmp/icst-2019/september-2018/dataset/gson_parent/gson/target/test-classes:/tmp/icst-2019/september-2018/dataset/gson_parent/gson/target/classes/:/home/spirals/danglot/.m2/repository/junit/junit/4.12/junit-4.12.jar:/home/spirals/danglot/.m2/repository/junit/junit/3.8.2/junit-3.8.2.jar:/tmp/icst-2019/september-2018/dataset/gson_parent/gson/target/dspot/dependencies/:/home/spirals/danglot/.m2/repository/eu/stamp-project/test-runner/1.1.0/test-runner-1.1.0-jar-with-dependencies.jar eu.stamp_project.testrunner.runner.test.TestRunner com.google.gson.functional.NamingPolicyTest testGsonWithNonDefaultFieldNamingPolicyDeserialiation_withlog0:testGsonWithLowerCaseUnderscorePolicySerialization_withlog0:testGsonWithLowerCaseDashPolicyDeserialiation_withlog0:testComplexFieldNameStrategy_withlog0:testGsonWithSerializedNameFieldNamingPolicySerialization_withlog0:testGsonWithUpperCamelCaseSpacesPolicySerialiation_withlog0:testGsonWithNonDefaultFieldNamingPolicySerialization_withlog0:testGsonWithLowerCaseDashPolicySerialization_withlog0:testGsonDuplicateNameUsingSerializedNameFieldNamingPolicySerialization_withlog0:testGsonWithLowerCaseUnderscorePolicyDeserialiation_withlog0:testDeprecatedNamingStrategy_withlog0:testAtSignInSerializedName_withlog0:testGsonWithSerializedNameFieldNamingPolicyDeserialization_withlog0:testGsonWithUpperCamelCaseSpacesPolicyDeserialiation_withlog0:testGsonWithNonDefaultFieldNamingPolicyDeserialiation_withlog1:testGsonWithLowerCaseUnderscorePolicySerialization_withlog1:testGsonWithLowerCaseDashPolicyDeserialiation_withlog1:testComplexFieldNameStrategy_withlog1:testGsonWithSerializedNameFieldNamingPolicySerialization_withlog1:testGsonWithUpperCamelCaseSpacesPolicySerialiation_withlog1:testGsonWithNonDefaultFieldNamingPolicySerialization_withlog1:testGsonWithLowerCaseDashPolicySerialization_withlog1:testGsonDuplicateNameUsingSerializedNameFieldNamingPolicySerialization_withlog1:testGsonWithLowerCaseUnderscorePolicyDeserialiation_withlog1:testDeprecatedNamingStrategy_withlog1:testAtSignInSerializedName_withlog1:testGsonWithSerializedNameFieldNamingPolicyDeserialization_withlog1:testGsonWithUpperCamelCaseSpacesPolicyDeserialiation_withlog1:testGsonWithNonDefaultFieldNamingPolicyDeserialiation_withlog2:testGsonWithLowerCaseUnderscorePolicySerialization_withlog2:testGsonWithLowerCaseDashPolicyDeserialiation_withlog2:testComplexFieldNameStrategy_withlog2:testGsonWithSerializedNameFieldNamingPolicySerialization_withlog2:testGsonWithUpperCamelCaseSpacesPolicySerialiation_withlog2:testGsonWithNonDefaultFieldNamingPolicySerialization_withlog2:testGsonWithLowerCaseDashPolicySerialization_withlog2:testGsonDuplicateNameUsingSerializedNameFieldNamingPolicySerialization_withlog2:testGsonWithLowerCaseUnderscorePolicyDeserialiation_withlog2:testDeprecatedNamingStrategy_withlog2:testAtSignInSerializedName_withlog2:testGsonWithSerializedNameFieldNamingPolicyDeserialization_withlog2:testGsonWithUpperCamelCaseSpacesPolicyDeserialiation_withlog2
File saved to the following path: /tmp/icst-2019/september-2018/dataset/gson_parent/gson/target/dspot/observations.ser
File saved to the following path: /tmp/icst-2019/september-2018/dataset/gson_parent/gson/target/dspot/TestListener.ser
Loading /tmp/icst-2019/september-2018/dataset/gson_parent/gson/target/dspot/TestListener.ser
[INFO] Test has been run: testGsonWithLowerCaseUnderscorePolicyDeserialiation_withlog0,testGsonWithLowerCaseUnderscorePolicyDeserialiation_withlog1,testGsonWithLowerCaseUnderscorePolicyDeserialiation_withlog2,testGsonWithSerializedNameFieldNamingPolicyDeserialization_withlog0,testGsonWithSerializedNameFieldNamingPolicyDeserialization_withlog1,testGsonWithSerializedNameFieldNamingPolicyDeserialization_withlog2,testAtSignInSerializedName_withlog0,testAtSignInSerializedName_withlog1,testAtSignInSerializedName_withlog2,testGsonWithUpperCamelCaseSpacesPolicySerialiation_withlog0,testGsonWithUpperCamelCaseSpacesPolicySerialiation_withlog1,testGsonWithUpperCamelCaseSpacesPolicySerialiation_withlog2,testGsonWithNonDefaultFieldNamingPolicySerialization_withlog0,testGsonWithNonDefaultFieldNamingPolicySerialization_withlog1,testGsonWithNonDefaultFieldNamingPolicySerialization_withlog2,testGsonWithSerializedNameFieldNamingPolicySerialization_withlog0,testGsonWithSerializedNameFieldNamingPolicySerialization_withlog1,testGsonWithSerializedNameFieldNamingPolicySerialization_withlog2,testGsonWithLowerCaseDashPolicyDeserialiation_withlog0,testGsonWithLowerCaseDashPolicyDeserialiation_withlog1,testGsonWithLowerCaseDashPolicyDeserialiation_withlog2,testGsonWithNonDefaultFieldNamingPolicyDeserialiation_withlog0,testGsonWithNonDefaultFieldNamingPolicyDeserialiation_withlog1,testGsonWithNonDefaultFieldNamingPolicyDeserialiation_withlog2,testComplexFieldNameStrategy_withlog0,testComplexFieldNameStrategy_withlog1,testComplexFieldNameStrategy_withlog2,testGsonWithUpperCamelCaseSpacesPolicyDeserialiation_withlog0,testGsonWithUpperCamelCaseSpacesPolicyDeserialiation_withlog1,testGsonWithUpperCamelCaseSpacesPolicyDeserialiation_withlog2,testGsonWithLowerCaseDashPolicySerialization_withlog0,testGsonWithLowerCaseDashPolicySerialization_withlog1,testGsonWithLowerCaseDashPolicySerialization_withlog2,testGsonWithLowerCaseUnderscorePolicySerialization_withlog0,testGsonWithLowerCaseUnderscorePolicySerialization_withlog1,testGsonWithLowerCaseUnderscorePolicySerialization_withlog2,testGsonDuplicateNameUsingSerializedNameFieldNamingPolicySerialization_withlog0,testGsonDuplicateNameUsingSerializedNameFieldNamingPolicySerialization_withlog1,testGsonDuplicateNameUsingSerializedNameFieldNamingPolicySerialization_withlog2,testDeprecatedNamingStrategy_withlog0,testDeprecatedNamingStrategy_withlog1,testDeprecatedNamingStrategy_withlog2
[INFO] Generating assertions...
[INFO] 12 new tests with assertions generated
[INFO] Run: java -classpath /tmp/icst-2019/september-2018/dataset/gson_parent/gson/target/test-classes:/tmp/icst-2019/september-2018/dataset/gson_parent/gson/target/classes/:/home/spirals/danglot/.m2/repository/junit/junit/4.12/junit-4.12.jar:/home/spirals/danglot/.m2/repository/junit/junit/3.8.2/junit-3.8.2.jar:/tmp/icst-2019/september-2018/dataset/gson_parent/gson/target/dspot/dependencies/:/home/spirals/danglot/.m2/repository/eu/stamp-project/test-runner/1.1.0/test-runner-1.1.0-jar-with-dependencies.jar eu.stamp_project.testrunner.runner.test.TestRunner com.google.gson.functional.NamingPolicyTest testGsonWithNonDefaultFieldNamingPolicyDeserialiation:testGsonWithLowerCaseUnderscorePolicySerialization:testGsonWithLowerCaseDashPolicyDeserialiation:testComplexFieldNameStrategy:testGsonWithSerializedNameFieldNamingPolicySerialization:testGsonWithUpperCamelCaseSpacesPolicySerialiation:testGsonWithNonDefaultFieldNamingPolicySerialization:testGsonWithLowerCaseDashPolicySerialization:testGsonWithLowerCaseUnderscorePolicyDeserialiation:testDeprecatedNamingStrategy:testAtSignInSerializedName:testGsonWithUpperCamelCaseSpacesPolicyDeserialiation
File saved to the following path: /tmp/icst-2019/september-2018/dataset/gson_parent/gson/target/dspot/TestListener.ser
Loading /tmp/icst-2019/september-2018/dataset/gson_parent/gson/target/dspot/TestListener.ser
[INFO] Test has been run: testGsonWithNonDefaultFieldNamingPolicySerialization,testComplexFieldNameStrategy,testGsonWithLowerCaseUnderscorePolicySerialization,testGsonWithLowerCaseDashPolicySerialization,testGsonWithUpperCamelCaseSpacesPolicySerialiation,testDeprecatedNamingStrategy,testGsonWithUpperCamelCaseSpacesPolicyDeserialiation,testGsonWithLowerCaseDashPolicyDeserialiation,testAtSignInSerializedName,testGsonWithSerializedNameFieldNamingPolicySerialization,testGsonWithLowerCaseUnderscorePolicyDeserialiation,testGsonWithNonDefaultFieldNamingPolicyDeserialiation
[INFO] Assertion amplification: 12 test method(s) has been successfully amplified.
[WARN] 2018-09-23 13:37:20 Launcher - You specified the directory /tmp/icst-2019/september-2018/dataset/gson/gson/target/classes in source classpath, please note that only class files will be considered. Jars and subdirectories will be ignored.
[WARN] 2018-09-23 13:37:20 Launcher - You specified the directory /tmp/icst-2019/september-2018/dataset/gson/gson/target/test-classes in source classpath, please note that only class files will be considered. Jars and subdirectories will be ignored.
[WARN] 2018-09-23 13:37:20 Launcher - You specified the directory /tmp/icst-2019/september-2018/dataset/gson/gson/target/dspot/dependencies in source classpath, please note that only class files will be considered. Jars and subdirectories will be ignored.
[INFO] Run: java -classpath /tmp/icst-2019/september-2018/dataset/gson/gson/target/classes/:/tmp/icst-2019/september-2018/dataset/gson/gson/target/test-classes/:/home/spirals/danglot/.m2/repository/junit/junit/4.12/junit-4.12.jar:/home/spirals/danglot/.m2/repository/junit/junit/3.8.2/junit-3.8.2.jar:/tmp/icst-2019/september-2018/dataset/gson/gson/target/dspot/dependencies/:/home/spirals/danglot/.m2/repository/eu/stamp-project/test-runner/1.1.0/test-runner-1.1.0-jar-with-dependencies.jar eu.stamp_project.testrunner.runner.test.TestRunner com.google.gson.functional.NamingPolicyTest testGsonWithNonDefaultFieldNamingPolicyDeserialiation:testGsonWithLowerCaseUnderscorePolicySerialization:testGsonWithLowerCaseDashPolicyDeserialiation:testComplexFieldNameStrategy:testGsonWithSerializedNameFieldNamingPolicySerialization:testGsonWithUpperCamelCaseSpacesPolicySerialiation:testGsonWithNonDefaultFieldNamingPolicySerialization:testGsonWithLowerCaseDashPolicySerialization:testGsonWithLowerCaseUnderscorePolicyDeserialiation:testDeprecatedNamingStrategy:testAtSignInSerializedName:testGsonWithUpperCamelCaseSpacesPolicyDeserialiation
File saved to the following path: /tmp/icst-2019/september-2018/dataset/gson_parent/gson/target/dspot/TestListener.ser
Loading /tmp/icst-2019/september-2018/dataset/gson_parent/gson/target/dspot/TestListener.ser
[INFO] Test has been run: testGsonWithNonDefaultFieldNamingPolicySerialization,testComplexFieldNameStrategy,testGsonWithLowerCaseUnderscorePolicySerialization,testGsonWithLowerCaseDashPolicySerialization,testGsonWithUpperCamelCaseSpacesPolicySerialiation,testDeprecatedNamingStrategy,testGsonWithUpperCamelCaseSpacesPolicyDeserialiation,testGsonWithLowerCaseDashPolicyDeserialiation,testAtSignInSerializedName,testGsonWithSerializedNameFieldNamingPolicySerialization,testGsonWithLowerCaseUnderscorePolicyDeserialiation,testGsonWithNonDefaultFieldNamingPolicyDeserialiation
[INFO] 0 amplified test methods has been selected to be kept. (global: 0)
[INFO] elapsedTime 3610
======= REPORT =======
0 amplified test fails on the new versions.

[WARNING] DSpot could not obtain any amplified test method.
[WARNING] You can customize the following options: --amplifiers, --test-criterion, --iteration, --budgetizer etc, and retry with a new configuration.
[INFO] Amplification of com.google.gson.functional.JsonAdapterAnnotationOnFieldsTest (7 test(s))
[INFO] Assertion amplification of com.google.gson.functional.JsonAdapterAnnotationOnFieldsTest (7 test(s))
[INFO] Run: java -classpath /tmp/icst-2019/september-2018/dataset/gson_parent/gson/target/test-classes:/tmp/icst-2019/september-2018/dataset/gson_parent/gson/target/classes/:/home/spirals/danglot/.m2/repository/junit/junit/4.12/junit-4.12.jar:/home/spirals/danglot/.m2/repository/junit/junit/3.8.2/junit-3.8.2.jar:/tmp/icst-2019/september-2018/dataset/gson_parent/gson/target/dspot/dependencies/:/home/spirals/danglot/.m2/repository/eu/stamp-project/test-runner/1.1.0/test-runner-1.1.0-jar-with-dependencies.jar eu.stamp_project.testrunner.runner.test.TestRunner com.google.gson.functional.JsonAdapterAnnotationOnFieldsTest testFieldAnnotationTakesPrecedenceOverClassAnnotation:testClassAnnotationAdapterFactoryTakesPrecedenceOverDefault:testJsonAdapterWrappedInNullSafeAsRequested:testRegisteredTypeAdapterTakesPrecedenceOverClassAnnotationAdapter:testFieldAnnotationTakesPrecedenceOverRegisteredTypeAdapter:testClassAnnotationAdapterTakesPrecedenceOverDefault:testJsonAdapterInvokedOnlyForAnnotatedFields
File saved to the following path: /tmp/icst-2019/september-2018/dataset/gson_parent/gson/target/dspot/TestListener.ser
Loading /tmp/icst-2019/september-2018/dataset/gson_parent/gson/target/dspot/TestListener.ser
[INFO] Test has been run: testRegisteredTypeAdapterTakesPrecedenceOverClassAnnotationAdapter,testFieldAnnotationTakesPrecedenceOverClassAnnotation,testFieldAnnotationTakesPrecedenceOverRegisteredTypeAdapter,testJsonAdapterWrappedInNullSafeAsRequested,testClassAnnotationAdapterTakesPrecedenceOverDefault,testJsonAdapterInvokedOnlyForAnnotatedFields,testClassAnnotationAdapterFactoryTakesPrecedenceOverDefault
[INFO] Run tests. (7)
[INFO] Run: java -classpath /tmp/icst-2019/september-2018/dataset/gson_parent/gson/target/test-classes:/tmp/icst-2019/september-2018/dataset/gson_parent/gson/target/classes/:/home/spirals/danglot/.m2/repository/junit/junit/4.12/junit-4.12.jar:/home/spirals/danglot/.m2/repository/junit/junit/3.8.2/junit-3.8.2.jar:/tmp/icst-2019/september-2018/dataset/gson_parent/gson/target/dspot/dependencies/:/home/spirals/danglot/.m2/repository/eu/stamp-project/test-runner/1.1.0/test-runner-1.1.0-jar-with-dependencies.jar eu.stamp_project.testrunner.runner.test.TestRunner com.google.gson.functional.JsonAdapterAnnotationOnFieldsTest testFieldAnnotationTakesPrecedenceOverClassAnnotation:testClassAnnotationAdapterFactoryTakesPrecedenceOverDefault:testJsonAdapterWrappedInNullSafeAsRequested:testRegisteredTypeAdapterTakesPrecedenceOverClassAnnotationAdapter:testFieldAnnotationTakesPrecedenceOverRegisteredTypeAdapter:testClassAnnotationAdapterTakesPrecedenceOverDefault:testJsonAdapterInvokedOnlyForAnnotatedFields
File saved to the following path: /tmp/icst-2019/september-2018/dataset/gson_parent/gson/target/dspot/TestListener.ser
Loading /tmp/icst-2019/september-2018/dataset/gson_parent/gson/target/dspot/TestListener.ser
[INFO] Test has been run: testRegisteredTypeAdapterTakesPrecedenceOverClassAnnotationAdapter,testFieldAnnotationTakesPrecedenceOverClassAnnotation,testFieldAnnotationTakesPrecedenceOverRegisteredTypeAdapter,testJsonAdapterWrappedInNullSafeAsRequested,testClassAnnotationAdapterTakesPrecedenceOverDefault,testJsonAdapterInvokedOnlyForAnnotatedFields,testClassAnnotationAdapterFactoryTakesPrecedenceOverDefault
[INFO] 7 test pass, generating assertion...
[INFO] Add observations points in passing tests.
[INFO] Instrumentation...
 14% |======= ]/ 28% |============== ]- 42% |===================== ]\ 57% |============================ ]| 71% |=================================== ]/ 85% |========================================== ]-100% |================================================== ]\
[INFO] Run instrumented tests. (21)
[INFO] Run: java -classpath /tmp/icst-2019/september-2018/dataset/gson_parent/gson/target/test-classes:/tmp/icst-2019/september-2018/dataset/gson_parent/gson/target/classes/:/home/spirals/danglot/.m2/repository/junit/junit/4.12/junit-4.12.jar:/home/spirals/danglot/.m2/repository/junit/junit/3.8.2/junit-3.8.2.jar:/tmp/icst-2019/september-2018/dataset/gson_parent/gson/target/dspot/dependencies/:/home/spirals/danglot/.m2/repository/eu/stamp-project/test-runner/1.1.0/test-runner-1.1.0-jar-with-dependencies.jar eu.stamp_project.testrunner.runner.test.TestRunner com.google.gson.functional.JsonAdapterAnnotationOnFieldsTest testFieldAnnotationTakesPrecedenceOverClassAnnotation_withlog0:testClassAnnotationAdapterFactoryTakesPrecedenceOverDefault_withlog0:testJsonAdapterWrappedInNullSafeAsRequested_withlog0:testRegisteredTypeAdapterTakesPrecedenceOverClassAnnotationAdapter_withlog0:testFieldAnnotationTakesPrecedenceOverRegisteredTypeAdapter_withlog0:testClassAnnotationAdapterTakesPrecedenceOverDefault_withlog0:testJsonAdapterInvokedOnlyForAnnotatedFields_withlog0:testFieldAnnotationTakesPrecedenceOverClassAnnotation_withlog1:testClassAnnotationAdapterFactoryTakesPrecedenceOverDefault_withlog1:testJsonAdapterWrappedInNullSafeAsRequested_withlog1:testRegisteredTypeAdapterTakesPrecedenceOverClassAnnotationAdapter_withlog1:testFieldAnnotationTakesPrecedenceOverRegisteredTypeAdapter_withlog1:testClassAnnotationAdapterTakesPrecedenceOverDefault_withlog1:testJsonAdapterInvokedOnlyForAnnotatedFields_withlog1:testFieldAnnotationTakesPrecedenceOverClassAnnotation_withlog2:testClassAnnotationAdapterFactoryTakesPrecedenceOverDefault_withlog2:testJsonAdapterWrappedInNullSafeAsRequested_withlog2:testRegisteredTypeAdapterTakesPrecedenceOverClassAnnotationAdapter_withlog2:testFieldAnnotationTakesPrecedenceOverRegisteredTypeAdapter_withlog2:testClassAnnotationAdapterTakesPrecedenceOverDefault_withlog2:testJsonAdapterInvokedOnlyForAnnotatedFields_withlog2
File saved to the following path: /tmp/icst-2019/september-2018/dataset/gson_parent/gson/target/dspot/observations.ser
File saved to the following path: /tmp/icst-2019/september-2018/dataset/gson_parent/gson/target/dspot/TestListener.ser
Loading /tmp/icst-2019/september-2018/dataset/gson_parent/gson/target/dspot/TestListener.ser
[INFO] Test has been run: testClassAnnotationAdapterFactoryTakesPrecedenceOverDefault_withlog0,testClassAnnotationAdapterFactoryTakesPrecedenceOverDefault_withlog1,testClassAnnotationAdapterFactoryTakesPrecedenceOverDefault_withlog2,testRegisteredTypeAdapterTakesPrecedenceOverClassAnnotationAdapter_withlog0,testRegisteredTypeAdapterTakesPrecedenceOverClassAnnotationAdapter_withlog1,testRegisteredTypeAdapterTakesPrecedenceOverClassAnnotationAdapter_withlog2,testClassAnnotationAdapterTakesPrecedenceOverDefault_withlog0,testClassAnnotationAdapterTakesPrecedenceOverDefault_withlog1,testClassAnnotationAdapterTakesPrecedenceOverDefault_withlog2,testFieldAnnotationTakesPrecedenceOverRegisteredTypeAdapter_withlog0,testFieldAnnotationTakesPrecedenceOverRegisteredTypeAdapter_withlog1,testFieldAnnotationTakesPrecedenceOverRegisteredTypeAdapter_withlog2,testJsonAdapterInvokedOnlyForAnnotatedFields_withlog0,testJsonAdapterInvokedOnlyForAnnotatedFields_withlog1,testJsonAdapterInvokedOnlyForAnnotatedFields_withlog2,testFieldAnnotationTakesPrecedenceOverClassAnnotation_withlog0,testFieldAnnotationTakesPrecedenceOverClassAnnotation_withlog1,testFieldAnnotationTakesPrecedenceOverClassAnnotation_withlog2,testJsonAdapterWrappedInNullSafeAsRequested_withlog0,testJsonAdapterWrappedInNullSafeAsRequested_withlog1,testJsonAdapterWrappedInNullSafeAsRequested_withlog2
[INFO] Generating assertions...
[INFO] 7 new tests with assertions generated
[INFO] Run: java -classpath /tmp/icst-2019/september-2018/dataset/gson_parent/gson/target/test-classes:/tmp/icst-2019/september-2018/dataset/gson_parent/gson/target/classes/:/home/spirals/danglot/.m2/repository/junit/junit/4.12/junit-4.12.jar:/home/spirals/danglot/.m2/repository/junit/junit/3.8.2/junit-3.8.2.jar:/tmp/icst-2019/september-2018/dataset/gson_parent/gson/target/dspot/dependencies/:/home/spirals/danglot/.m2/repository/eu/stamp-project/test-runner/1.1.0/test-runner-1.1.0-jar-with-dependencies.jar eu.stamp_project.testrunner.runner.test.TestRunner com.google.gson.functional.JsonAdapterAnnotationOnFieldsTest testFieldAnnotationTakesPrecedenceOverClassAnnotation:testClassAnnotationAdapterFactoryTakesPrecedenceOverDefault:testJsonAdapterWrappedInNullSafeAsRequested:testRegisteredTypeAdapterTakesPrecedenceOverClassAnnotationAdapter:testFieldAnnotationTakesPrecedenceOverRegisteredTypeAdapter:testClassAnnotationAdapterTakesPrecedenceOverDefault:testJsonAdapterInvokedOnlyForAnnotatedFields
File saved to the following path: /tmp/icst-2019/september-2018/dataset/gson_parent/gson/target/dspot/TestListener.ser
Loading /tmp/icst-2019/september-2018/dataset/gson_parent/gson/target/dspot/TestListener.ser
[INFO] Test has been run: testRegisteredTypeAdapterTakesPrecedenceOverClassAnnotationAdapter,testFieldAnnotationTakesPrecedenceOverClassAnnotation,testFieldAnnotationTakesPrecedenceOverRegisteredTypeAdapter,testJsonAdapterWrappedInNullSafeAsRequested,testClassAnnotationAdapterTakesPrecedenceOverDefault,testJsonAdapterInvokedOnlyForAnnotatedFields,testClassAnnotationAdapterFactoryTakesPrecedenceOverDefault
[INFO] Assertion amplification: 7 test method(s) has been successfully amplified.
[WARN] 2018-09-23 13:37:23 Launcher - You specified the directory /tmp/icst-2019/september-2018/dataset/gson/gson/target/classes in source classpath, please note that only class files will be considered. Jars and subdirectories will be ignored.
[WARN] 2018-09-23 13:37:23 Launcher - You specified the directory /tmp/icst-2019/september-2018/dataset/gson/gson/target/test-classes in source classpath, please note that only class files will be considered. Jars and subdirectories will be ignored.
[WARN] 2018-09-23 13:37:23 Launcher - You specified the directory /tmp/icst-2019/september-2018/dataset/gson/gson/target/dspot/dependencies in source classpath, please note that only class files will be considered. Jars and subdirectories will be ignored.
[INFO] Run: java -classpath /tmp/icst-2019/september-2018/dataset/gson/gson/target/classes/:/tmp/icst-2019/september-2018/dataset/gson/gson/target/test-classes/:/home/spirals/danglot/.m2/repository/junit/junit/4.12/junit-4.12.jar:/home/spirals/danglot/.m2/repository/junit/junit/3.8.2/junit-3.8.2.jar:/tmp/icst-2019/september-2018/dataset/gson/gson/target/dspot/dependencies/:/home/spirals/danglot/.m2/repository/eu/stamp-project/test-runner/1.1.0/test-runner-1.1.0-jar-with-dependencies.jar eu.stamp_project.testrunner.runner.test.TestRunner com.google.gson.functional.JsonAdapterAnnotationOnFieldsTest testFieldAnnotationTakesPrecedenceOverClassAnnotation:testClassAnnotationAdapterFactoryTakesPrecedenceOverDefault:testJsonAdapterWrappedInNullSafeAsRequested:testRegisteredTypeAdapterTakesPrecedenceOverClassAnnotationAdapter:testFieldAnnotationTakesPrecedenceOverRegisteredTypeAdapter:testClassAnnotationAdapterTakesPrecedenceOverDefault:testJsonAdapterInvokedOnlyForAnnotatedFields
File saved to the following path: /tmp/icst-2019/september-2018/dataset/gson_parent/gson/target/dspot/TestListener.ser
Loading /tmp/icst-2019/september-2018/dataset/gson_parent/gson/target/dspot/TestListener.ser
[INFO] Test has been run: testRegisteredTypeAdapterTakesPrecedenceOverClassAnnotationAdapter,testFieldAnnotationTakesPrecedenceOverClassAnnotation,testFieldAnnotationTakesPrecedenceOverRegisteredTypeAdapter,testJsonAdapterWrappedInNullSafeAsRequested,testClassAnnotationAdapterTakesPrecedenceOverDefault,testJsonAdapterInvokedOnlyForAnnotatedFields,testClassAnnotationAdapterFactoryTakesPrecedenceOverDefault
[INFO] 0 amplified test methods has been selected to be kept. (global: 0)
[INFO] elapsedTime 3760
======= REPORT =======
0 amplified test fails on the new versions.

[WARNING] DSpot could not obtain any amplified test method.
[WARNING] You can customize the following options: --amplifiers, --test-criterion, --iteration, --budgetizer etc, and retry with a new configuration.
[INFO] Amplification of com.google.gson.functional.RuntimeTypeAdapterFactoryFunctionalTest (1 test(s))
[INFO] Assertion amplification of com.google.gson.functional.RuntimeTypeAdapterFactoryFunctionalTest (1 test(s))
[INFO] Run: java -classpath /tmp/icst-2019/september-2018/dataset/gson_parent/gson/target/test-classes:/tmp/icst-2019/september-2018/dataset/gson_parent/gson/target/classes/:/home/spirals/danglot/.m2/repository/junit/junit/4.12/junit-4.12.jar:/home/spirals/danglot/.m2/repository/junit/junit/3.8.2/junit-3.8.2.jar:/tmp/icst-2019/september-2018/dataset/gson_parent/gson/target/dspot/dependencies/:/home/spirals/danglot/.m2/repository/eu/stamp-project/test-runner/1.1.0/test-runner-1.1.0-jar-with-dependencies.jar eu.stamp_project.testrunner.runner.test.TestRunner com.google.gson.functional.RuntimeTypeAdapterFactoryFunctionalTest testSubclassesAutomaticallySerialzed
File saved to the following path: /tmp/icst-2019/september-2018/dataset/gson_parent/gson/target/dspot/TestListener.ser
Loading /tmp/icst-2019/september-2018/dataset/gson_parent/gson/target/dspot/TestListener.ser
[INFO] Test has been run: testSubclassesAutomaticallySerialzed
[INFO] Run tests. (1)
[INFO] Run: java -classpath /tmp/icst-2019/september-2018/dataset/gson_parent/gson/target/test-classes:/tmp/icst-2019/september-2018/dataset/gson_parent/gson/target/classes/:/home/spirals/danglot/.m2/repository/junit/junit/4.12/junit-4.12.jar:/home/spirals/danglot/.m2/repository/junit/junit/3.8.2/junit-3.8.2.jar:/tmp/icst-2019/september-2018/dataset/gson_parent/gson/target/dspot/dependencies/:/home/spirals/danglot/.m2/repository/eu/stamp-project/test-runner/1.1.0/test-runner-1.1.0-jar-with-dependencies.jar eu.stamp_project.testrunner.runner.test.TestRunner com.google.gson.functional.RuntimeTypeAdapterFactoryFunctionalTest testSubclassesAutomaticallySerialzed
File saved to the following path: /tmp/icst-2019/september-2018/dataset/gson_parent/gson/target/dspot/TestListener.ser
Loading /tmp/icst-2019/september-2018/dataset/gson_parent/gson/target/dspot/TestListener.ser
[INFO] Test has been run: testSubclassesAutomaticallySerialzed
[INFO] 1 test pass, generating assertion...
[INFO] Add observations points in passing tests.
[INFO] Instrumentation...
100% |================================================== ]/
[INFO] Run instrumented tests. (3)
[INFO] Run: java -classpath /tmp/icst-2019/september-2018/dataset/gson_parent/gson/target/test-classes:/tmp/icst-2019/september-2018/dataset/gson_parent/gson/target/classes/:/home/spirals/danglot/.m2/repository/junit/junit/4.12/junit-4.12.jar:/home/spirals/danglot/.m2/repository/junit/junit/3.8.2/junit-3.8.2.jar:/tmp/icst-2019/september-2018/dataset/gson_parent/gson/target/dspot/dependencies/:/home/spirals/danglot/.m2/repository/eu/stamp-project/test-runner/1.1.0/test-runner-1.1.0-jar-with-dependencies.jar eu.stamp_project.testrunner.runner.test.TestRunner com.google.gson.functional.RuntimeTypeAdapterFactoryFunctionalTest testSubclassesAutomaticallySerialzed_withlog0:testSubclassesAutomaticallySerialzed_withlog1:testSubclassesAutomaticallySerialzed_withlog2
File saved to the following path: /tmp/icst-2019/september-2018/dataset/gson_parent/gson/target/dspot/observations.ser
File saved to the following path: /tmp/icst-2019/september-2018/dataset/gson_parent/gson/target/dspot/TestListener.ser
Loading /tmp/icst-2019/september-2018/dataset/gson_parent/gson/target/dspot/TestListener.ser
[INFO] Test has been run: testSubclassesAutomaticallySerialzed_withlog0,testSubclassesAutomaticallySerialzed_withlog1,testSubclassesAutomaticallySerialzed_withlog2
[INFO] Generating assertions...
[INFO] 1 new tests with assertions generated
[INFO] Run: java -classpath /tmp/icst-2019/september-2018/dataset/gson_parent/gson/target/test-classes:/tmp/icst-2019/september-2018/dataset/gson_parent/gson/target/classes/:/home/spirals/danglot/.m2/repository/junit/junit/4.12/junit-4.12.jar:/home/spirals/danglot/.m2/repository/junit/junit/3.8.2/junit-3.8.2.jar:/tmp/icst-2019/september-2018/dataset/gson_parent/gson/target/dspot/dependencies/:/home/spirals/danglot/.m2/repository/eu/stamp-project/test-runner/1.1.0/test-runner-1.1.0-jar-with-dependencies.jar eu.stamp_project.testrunner.runner.test.TestRunner com.google.gson.functional.RuntimeTypeAdapterFactoryFunctionalTest testSubclassesAutomaticallySerialzed
File saved to the following path: /tmp/icst-2019/september-2018/dataset/gson_parent/gson/target/dspot/TestListener.ser
Loading /tmp/icst-2019/september-2018/dataset/gson_parent/gson/target/dspot/TestListener.ser
[INFO] Test has been run: testSubclassesAutomaticallySerialzed
[INFO] Assertion amplification: 1 test method(s) has been successfully amplified.
[WARN] 2018-09-23 13:37:27 Launcher - You specified the directory /tmp/icst-2019/september-2018/dataset/gson/gson/target/classes in source classpath, please note that only class files will be considered. Jars and subdirectories will be ignored.
[WARN] 2018-09-23 13:37:27 Launcher - You specified the directory /tmp/icst-2019/september-2018/dataset/gson/gson/target/test-classes in source classpath, please note that only class files will be considered. Jars and subdirectories will be ignored.
[WARN] 2018-09-23 13:37:27 Launcher - You specified the directory /tmp/icst-2019/september-2018/dataset/gson/gson/target/dspot/dependencies in source classpath, please note that only class files will be considered. Jars and subdirectories will be ignored.
[INFO] Run: java -classpath /tmp/icst-2019/september-2018/dataset/gson/gson/target/classes/:/tmp/icst-2019/september-2018/dataset/gson/gson/target/test-classes/:/home/spirals/danglot/.m2/repository/junit/junit/4.12/junit-4.12.jar:/home/spirals/danglot/.m2/repository/junit/junit/3.8.2/junit-3.8.2.jar:/tmp/icst-2019/september-2018/dataset/gson/gson/target/dspot/dependencies/:/home/spirals/danglot/.m2/repository/eu/stamp-project/test-runner/1.1.0/test-runner-1.1.0-jar-with-dependencies.jar eu.stamp_project.testrunner.runner.test.TestRunner com.google.gson.functional.RuntimeTypeAdapterFactoryFunctionalTest testSubclassesAutomaticallySerialzed
File saved to the following path: /tmp/icst-2019/september-2018/dataset/gson_parent/gson/target/dspot/TestListener.ser
Loading /tmp/icst-2019/september-2018/dataset/gson_parent/gson/target/dspot/TestListener.ser
[INFO] Test has been run: testSubclassesAutomaticallySerialzed
[INFO] 0 amplified test methods has been selected to be kept. (global: 0)
[INFO] elapsedTime 3400
======= REPORT =======
0 amplified test fails on the new versions.

[WARNING] DSpot could not obtain any amplified test method.
[WARNING] You can customize the following options: --amplifiers, --test-criterion, --iteration, --budgetizer etc, and retry with a new configuration.
[INFO] Amplification of com.google.gson.functional.StreamingTypeAdaptersTest (12 test(s))
[INFO] Assertion amplification of com.google.gson.functional.StreamingTypeAdaptersTest (12 test(s))
[INFO] Run: java -classpath /tmp/icst-2019/september-2018/dataset/gson_parent/gson/target/test-classes:/tmp/icst-2019/september-2018/dataset/gson_parent/gson/target/classes/:/home/spirals/danglot/.m2/repository/junit/junit/4.12/junit-4.12.jar:/home/spirals/danglot/.m2/repository/junit/junit/3.8.2/junit-3.8.2.jar:/tmp/icst-2019/september-2018/dataset/gson_parent/gson/target/dspot/dependencies/:/home/spirals/danglot/.m2/repository/eu/stamp-project/test-runner/1.1.0/test-runner-1.1.0-jar-with-dependencies.jar eu.stamp_project.testrunner.runner.test.TestRunner com.google.gson.functional.StreamingTypeAdaptersTest testFromJsonTree:testSerialize:testNullSafe:testSerializeWithCustomTypeAdapter:testSerializeNullField:testSerializeNullObject:testSerializeRecursive:testDeserializeWithCustomTypeAdapter:testDeserializeNullField:testDeserializeNullObject:testDeserialize:testSerialize
File saved to the following path: /tmp/icst-2019/september-2018/dataset/gson_parent/gson/target/dspot/TestListener.ser
Loading /tmp/icst-2019/september-2018/dataset/gson_parent/gson/target/dspot/TestListener.ser
[INFO] Test has been run: testSerializeWithCustomTypeAdapter,testDeserializeWithCustomTypeAdapter,testSerialize,testDeserializeNullField,testDeserializeNullObject,testSerializeNullField,testSerializeNullObject,testSerializeRecursive,testNullSafe(com.google.gson.functional.StreamingTypeAdaptersTest): Use assertEquals(expected, actual, delta) to compare floating-point numbers,testFromJsonTree(com.google.gson.functional.StreamingTypeAdaptersTest): Use assertEquals(expected, actual, delta) to compare floating-point numbers,testDeserialize(com.google.gson.functional.StreamingTypeAdaptersTest): Use assertEquals(expected, actual, delta) to compare floating-point numbers
[INFO] Run tests. (9)
[INFO] Run: java -classpath /tmp/icst-2019/september-2018/dataset/gson_parent/gson/target/test-classes:/tmp/icst-2019/september-2018/dataset/gson_parent/gson/target/classes/:/home/spirals/danglot/.m2/repository/junit/junit/4.12/junit-4.12.jar:/home/spirals/danglot/.m2/repository/junit/junit/3.8.2/junit-3.8.2.jar:/tmp/icst-2019/september-2018/dataset/gson_parent/gson/target/dspot/dependencies/:/home/spirals/danglot/.m2/repository/eu/stamp-project/test-runner/1.1.0/test-runner-1.1.0-jar-with-dependencies.jar eu.stamp_project.testrunner.runner.test.TestRunner com.google.gson.functional.StreamingTypeAdaptersTest testSerialize:testSerializeWithCustomTypeAdapter:testSerializeNullField:testSerializeNullObject:testSerializeRecursive:testDeserializeWithCustomTypeAdapter:testDeserializeNullField:testDeserializeNullObject:testSerialize
File saved to the following path: /tmp/icst-2019/september-2018/dataset/gson_parent/gson/target/dspot/TestListener.ser
Loading /tmp/icst-2019/september-2018/dataset/gson_parent/gson/target/dspot/TestListener.ser
[INFO] Test has been run: testSerializeWithCustomTypeAdapter,testDeserializeWithCustomTypeAdapter,testSerialize,testDeserializeNullField,testDeserializeNullObject,testSerializeNullField,testSerializeNullObject,testSerializeRecursive
[INFO] 8 test pass, generating assertion...
[INFO] Add observations points in passing tests.
[INFO] Instrumentation...
 11% |===== ]/ 22% |=========== ]- 33% |================ ]\ 44% |====================== ]| 55% |=========================== ]/ 66% |================================= ]- 77% |====================================== ]\ 88% |============================================ ]|100% |================================================== ]/
[INFO] Run instrumented tests. (27)
[INFO] Run: java -classpath /tmp/icst-2019/september-2018/dataset/gson_parent/gson/target/test-classes:/tmp/icst-2019/september-2018/dataset/gson_parent/gson/target/classes/:/home/spirals/danglot/.m2/repository/junit/junit/4.12/junit-4.12.jar:/home/spirals/danglot/.m2/repository/junit/junit/3.8.2/junit-3.8.2.jar:/tmp/icst-2019/september-2018/dataset/gson_parent/gson/target/dspot/dependencies/:/home/spirals/danglot/.m2/repository/eu/stamp-project/test-runner/1.1.0/test-runner-1.1.0-jar-with-dependencies.jar eu.stamp_project.testrunner.runner.test.TestRunner com.google.gson.functional.StreamingTypeAdaptersTest testSerialize_withlog0:testSerializeWithCustomTypeAdapter_withlog0:testSerializeNullField_withlog0:testSerializeNullObject_withlog0:testSerializeRecursive_withlog0:testDeserializeWithCustomTypeAdapter_withlog0:testDeserializeNullField_withlog0:testDeserializeNullObject_withlog0:testSerialize_withlog0:testSerialize_withlog1:testSerializeWithCustomTypeAdapter_withlog1:testSerializeNullField_withlog1:testSerializeNullObject_withlog1:testSerializeRecursive_withlog1:testDeserializeWithCustomTypeAdapter_withlog1:testDeserializeNullField_withlog1:testDeserializeNullObject_withlog1:testSerialize_withlog1:testSerialize_withlog2:testSerializeWithCustomTypeAdapter_withlog2:testSerializeNullField_withlog2:testSerializeNullObject_withlog2:testSerializeRecursive_withlog2:testDeserializeWithCustomTypeAdapter_withlog2:testDeserializeNullField_withlog2:testDeserializeNullObject_withlog2:testSerialize_withlog2
File saved to the following path: /tmp/icst-2019/september-2018/dataset/gson_parent/gson/target/dspot/observations.ser
File saved to the following path: /tmp/icst-2019/september-2018/dataset/gson_parent/gson/target/dspot/TestListener.ser
Loading /tmp/icst-2019/september-2018/dataset/gson_parent/gson/target/dspot/TestListener.ser
[INFO] Test has been run: testSerialize_withlog0,testSerialize_withlog1,testSerialize_withlog2,testSerializeNullObject_withlog0,testSerializeNullObject_withlog1,testSerializeNullObject_withlog2,testDeserializeWithCustomTypeAdapter_withlog0,testDeserializeWithCustomTypeAdapter_withlog1,testDeserializeWithCustomTypeAdapter_withlog2,testSerializeNullField_withlog0,testSerializeNullField_withlog1,testSerializeNullField_withlog2,testSerializeWithCustomTypeAdapter_withlog0,testSerializeWithCustomTypeAdapter_withlog1,testSerializeWithCustomTypeAdapter_withlog2,testDeserializeNullField_withlog0,testDeserializeNullField_withlog1,testDeserializeNullField_withlog2,testSerializeRecursive_withlog0,testSerializeRecursive_withlog1,testSerializeRecursive_withlog2,testDeserializeNullObject_withlog0,testDeserializeNullObject_withlog1,testDeserializeNullObject_withlog2
[INFO] ------------------------------------------------------------------------
[INFO] BUILD FAILURE
[INFO] ------------------------------------------------------------------------
[INFO] Total time: 01:39 min
[INFO] Finished at: 2018-09-23T13:37:31+02:00
[INFO] ------------------------------------------------------------------------
[ERROR] Failed to execute goal eu.stamp-project:dspot-maven:1.1.1-SNAPSHOT:amplify-unit-tests (default-cli) on project gson: Execution default-cli of goal eu.stamp-project:dspot-maven:1.1.1-SNAPSHOT:amplify-unit-tests failed: java.lang.RuntimeException: java.lang.RuntimeException: java.lang.ClassNotFoundException: com.google.gson.functional.StreamingTypeAdaptersTest$Person -> [Help 1]
[ERROR] 
[ERROR] To see the full stack trace of the errors, re-run Maven with the -e switch.
[ERROR] Re-run Maven using the -X switch to enable full debug logging.
[ERROR] 
[ERROR] For more information about the errors and possible solutions, please read the following articles:
[ERROR] [Help 1] http://cwiki.apache.org/confluence/display/MAVEN/PluginExecutionException
