Apache Maven 3.5.4 (1edded0938998edf8bf061f1ceb3cfdeccf443fe; 2018-06-17T20:33:14+02:00)
Maven home: /home/spirals/danglot/apache-maven-3.5.4
Java version: 1.8.0_121, vendor: Oracle Corporation, runtime: /home/spirals/danglot/jdk1.8.0_121/jre
Default locale: en_US, platform encoding: ANSI_X3.4-1968
OS name: "linux", version: "3.16.0-4-amd64", arch: "amd64", family: "unix"
[DEBUG] Created new class realm maven.api
[DEBUG] Importing foreign packages into class realm maven.api
[DEBUG]   Imported: javax.annotation.* < plexus.core
[DEBUG]   Imported: javax.annotation.security.* < plexus.core
[DEBUG]   Imported: javax.enterprise.inject.* < plexus.core
[DEBUG]   Imported: javax.enterprise.util.* < plexus.core
[DEBUG]   Imported: javax.inject.* < plexus.core
[DEBUG]   Imported: org.apache.maven.* < plexus.core
[DEBUG]   Imported: org.apache.maven.artifact < plexus.core
[DEBUG]   Imported: org.apache.maven.classrealm < plexus.core
[DEBUG]   Imported: org.apache.maven.cli < plexus.core
[DEBUG]   Imported: org.apache.maven.configuration < plexus.core
[DEBUG]   Imported: org.apache.maven.exception < plexus.core
[DEBUG]   Imported: org.apache.maven.execution < plexus.core
[DEBUG]   Imported: org.apache.maven.execution.scope < plexus.core
[DEBUG]   Imported: org.apache.maven.lifecycle < plexus.core
[DEBUG]   Imported: org.apache.maven.model < plexus.core
[DEBUG]   Imported: org.apache.maven.monitor < plexus.core
[DEBUG]   Imported: org.apache.maven.plugin < plexus.core
[DEBUG]   Imported: org.apache.maven.profiles < plexus.core
[DEBUG]   Imported: org.apache.maven.project < plexus.core
[DEBUG]   Imported: org.apache.maven.reporting < plexus.core
[DEBUG]   Imported: org.apache.maven.repository < plexus.core
[DEBUG]   Imported: org.apache.maven.rtinfo < plexus.core
[DEBUG]   Imported: org.apache.maven.settings < plexus.core
[DEBUG]   Imported: org.apache.maven.toolchain < plexus.core
[DEBUG]   Imported: org.apache.maven.usability < plexus.core
[DEBUG]   Imported: org.apache.maven.wagon.* < plexus.core
[DEBUG]   Imported: org.apache.maven.wagon.authentication < plexus.core
[DEBUG]   Imported: org.apache.maven.wagon.authorization < plexus.core
[DEBUG]   Imported: org.apache.maven.wagon.events < plexus.core
[DEBUG]   Imported: org.apache.maven.wagon.observers < plexus.core
[DEBUG]   Imported: org.apache.maven.wagon.proxy < plexus.core
[DEBUG]   Imported: org.apache.maven.wagon.repository < plexus.core
[DEBUG]   Imported: org.apache.maven.wagon.resource < plexus.core
[DEBUG]   Imported: org.codehaus.classworlds < plexus.core
[DEBUG]   Imported: org.codehaus.plexus.* < plexus.core
[DEBUG]   Imported: org.codehaus.plexus.classworlds < plexus.core
[DEBUG]   Imported: org.codehaus.plexus.component < plexus.core
[DEBUG]   Imported: org.codehaus.plexus.configuration < plexus.core
[DEBUG]   Imported: org.codehaus.plexus.container < plexus.core
[DEBUG]   Imported: org.codehaus.plexus.context < plexus.core
[DEBUG]   Imported: org.codehaus.plexus.lifecycle < plexus.core
[DEBUG]   Imported: org.codehaus.plexus.logging < plexus.core
[DEBUG]   Imported: org.codehaus.plexus.personality < plexus.core
[DEBUG]   Imported: org.codehaus.plexus.util.xml.Xpp3Dom < plexus.core
[DEBUG]   Imported: org.codehaus.plexus.util.xml.pull.XmlPullParser < plexus.core
[DEBUG]   Imported: org.codehaus.plexus.util.xml.pull.XmlPullParserException < plexus.core
[DEBUG]   Imported: org.codehaus.plexus.util.xml.pull.XmlSerializer < plexus.core
[DEBUG]   Imported: org.eclipse.aether.* < plexus.core
[DEBUG]   Imported: org.eclipse.aether.artifact < plexus.core
[DEBUG]   Imported: org.eclipse.aether.collection < plexus.core
[DEBUG]   Imported: org.eclipse.aether.deployment < plexus.core
[DEBUG]   Imported: org.eclipse.aether.graph < plexus.core
[DEBUG]   Imported: org.eclipse.aether.impl < plexus.core
[DEBUG]   Imported: org.eclipse.aether.installation < plexus.core
[DEBUG]   Imported: org.eclipse.aether.internal.impl < plexus.core
[DEBUG]   Imported: org.eclipse.aether.metadata < plexus.core
[DEBUG]   Imported: org.eclipse.aether.repository < plexus.core
[DEBUG]   Imported: org.eclipse.aether.resolution < plexus.core
[DEBUG]   Imported: org.eclipse.aether.spi < plexus.core
[DEBUG]   Imported: org.eclipse.aether.transfer < plexus.core
[DEBUG]   Imported: org.eclipse.aether.version < plexus.core
[DEBUG]   Imported: org.fusesource.jansi.* < plexus.core
[DEBUG]   Imported: org.slf4j.* < plexus.core
[DEBUG]   Imported: org.slf4j.helpers.* < plexus.core
[DEBUG]   Imported: org.slf4j.spi.* < plexus.core
[DEBUG] Populating class realm maven.api
[INFO] Error stacktraces are turned on.
[DEBUG] Message scheme: color
[DEBUG] Message styles: debug info warning error success failure strong mojo project
[DEBUG] Reading global settings from /home/spirals/danglot/apache-maven-3.5.4/conf/settings.xml
[DEBUG] Reading user settings from /home/spirals/danglot/.m2/settings.xml
[DEBUG] Reading global toolchains from /home/spirals/danglot/apache-maven-3.5.4/conf/toolchains.xml
[DEBUG] Reading user toolchains from /home/spirals/danglot/.m2/toolchains.xml
[DEBUG] Using local repository at /home/spirals/danglot/.m2/repository
[DEBUG] Using manager EnhancedLocalRepositoryManager with priority 10.0 for /home/spirals/danglot/.m2/repository
[INFO] Scanning for projects...
[DEBUG] Extension realms for project org.apache.commons:commons-lang3:jar:3.9-SNAPSHOT: (none)
[DEBUG] Looking up lifecycle mappings for packaging jar from ClassRealm[plexus.core, parent: null]
[DEBUG] Extension realms for project org.apache.commons:commons-parent:pom:47: (none)
[DEBUG] Looking up lifecycle mappings for packaging pom from ClassRealm[plexus.core, parent: null]
[DEBUG] Extension realms for project org.apache:apache:pom:19: (none)
[DEBUG] Looking up lifecycle mappings for packaging pom from ClassRealm[plexus.core, parent: null]
[DEBUG] === REACTOR BUILD PLAN ================================================
[DEBUG] Project: org.apache.commons:commons-lang3:jar:3.9-SNAPSHOT
[DEBUG] Tasks:   [eu.stamp-project:dspot-maven:1.1.1-SNAPSHOT:amplify-unit-tests]
[DEBUG] Style:   Regular
[DEBUG] =======================================================================
[INFO] 
[INFO] ------------------< org.apache.commons:commons-lang3 >------------------
[INFO] Building Apache Commons Lang 3.9-SNAPSHOT
[INFO] --------------------------------[ jar ]---------------------------------
[DEBUG] Lifecycle default -> [validate, initialize, generate-sources, process-sources, generate-resources, process-resources, compile, process-classes, generate-test-sources, process-test-sources, generate-test-resources, process-test-resources, test-compile, process-test-classes, test, prepare-package, package, pre-integration-test, integration-test, post-integration-test, verify, install, deploy]
[DEBUG] Lifecycle clean -> [pre-clean, clean, post-clean]
[DEBUG] Lifecycle site -> [pre-site, site, post-site, site-deploy]
[DEBUG] === PROJECT BUILD PLAN ================================================
[DEBUG] Project:       org.apache.commons:commons-lang3:3.9-SNAPSHOT
[DEBUG] Dependencies (collect): []
[DEBUG] Dependencies (resolve): [test]
[DEBUG] Repositories (dependencies): [apache.snapshots (https://repository.apache.org/snapshots, default, snapshots), central (https://repo.maven.apache.org/maven2, default, releases)]
[DEBUG] Repositories (plugins)     : [central (https://repo.maven.apache.org/maven2, default, releases)]
[DEBUG] -----------------------------------------------------------------------
[DEBUG] Goal:          eu.stamp-project:dspot-maven:1.1.1-SNAPSHOT:amplify-unit-tests (default-cli)
[DEBUG] Style:         Regular
[DEBUG] Configuration: <?xml version="1.0" encoding="UTF-8"?>
<configuration>
  <amplifiers default-value="None">${amplifiers}</amplifiers>
  <automaticBuilder default-value="MavenBuilder">${automatic-builder}</automaticBuilder>
  <budgetizer default-value="NoBudgetizer">${budgetizer}</budgetizer>
  <cases>${cases}</cases>
  <clean default-value="false">${clean}</clean>
  <descartes default-value="false">${descartes}</descartes>
  <example default-value="false">${example}</example>
  <generateNewTestClass default-value="false">${generate-new-test-class}</generateNewTestClass>
  <help default-value="false">${help}</help>
  <iteration default-value="3">${iteration}</iteration>
  <mavenHome>${maven-home}</mavenHome>
  <maxTestAmplified default-value="200">${max-test-amplified}</maxTestAmplified>
  <noMinimize default-value="false">${no-minimize}</noMinimize>
  <outputPath default-value="target/dspot/output">${output-path}</outputPath>
  <pathPitResult>${path-pit-result}</pathPitResult>
  <pathToProperties default-value="">${path-to-properties}</pathToProperties>
  <pathToSecondVersion default-value="">${path-to-second-version}</pathToSecondVersion>
  <pathToTestListCsv default-value="">${path-to-test-list-csv}</pathToTestListCsv>
  <project default-value="${project}"/>
  <randomSeed default-value="23">${randomSeed}</randomSeed>
  <test default-value="all">${test}</test>
  <testCriterion default-value="PitMutantScoreSelector">${test-criterion}</testCriterion>
  <timeOut default-value="10000">${timeOut}</timeOut>
  <useMavenToExeTest default-value="false">${use-maven-to-exe-test}</useMavenToExeTest>
  <verbose default-value="false">${verbose}</verbose>
  <withComment default-value="false">${with-comment}</withComment>
  <workingDirectory default-value="false">${working-directory}</workingDirectory>
</configuration>
[DEBUG] =======================================================================
[DEBUG] Dependency collection stats: {ConflictMarker.analyzeTime=1309054, ConflictMarker.markTime=768714, ConflictMarker.nodeCount=11, ConflictIdSorter.graphTime=865780, ConflictIdSorter.topsortTime=631969, ConflictIdSorter.conflictIdCount=9, ConflictIdSorter.conflictIdCycleCount=0, ConflictResolver.totalTime=6221980, ConflictResolver.conflictItemCount=10, DefaultDependencyCollector.collectTime=139769867, DefaultDependencyCollector.transformTime=13202374}
[DEBUG] org.apache.commons:commons-lang3:jar:3.9-SNAPSHOT
[DEBUG]    junit:junit:jar:4.12:test
[DEBUG]       org.hamcrest:hamcrest-core:jar:1.3:test
[DEBUG]    org.hamcrest:hamcrest-all:jar:1.3:test
[DEBUG]    org.easymock:easymock:jar:3.6:test
[DEBUG]       org.objenesis:objenesis:jar:2.6:test
[DEBUG]    org.openjdk.jmh:jmh-core:jar:1.21:test
[DEBUG]       net.sf.jopt-simple:jopt-simple:jar:4.6:test
[DEBUG]       org.apache.commons:commons-math3:jar:3.2:test
[DEBUG]    org.openjdk.jmh:jmh-generator-annprocess:jar:1.21:test
[INFO] 
[INFO] --- dspot-maven:1.1.1-SNAPSHOT:amplify-unit-tests (default-cli) @ commons-lang3 ---
[DEBUG] Skipped remote request for eu.stamp-project:dspot:1.1.1-SNAPSHOT/maven-metadata.xml, locally installed metadata up-to-date.
[DEBUG] Skipped remote request for eu.stamp-project:dspot:1.1.1-SNAPSHOT/maven-metadata.xml, locally installed metadata up-to-date.
[DEBUG] Using transporter WagonTransporter with priority -1.0 for https://stamp-project.github.io/stamp-maven-repository/
[DEBUG] Using connector BasicRepositoryConnector with priority 0.0 for https://stamp-project.github.io/stamp-maven-repository/
Downloading from stamp-maven-repository-mvn-repo: https://stamp-project.github.io/stamp-maven-repository/eu/stamp-project/dspot/1.1.1-SNAPSHOT/maven-metadata.xml
[DEBUG] Writing tracking file /home/spirals/danglot/.m2/repository/eu/stamp-project/dspot/1.1.1-SNAPSHOT/resolver-status.properties
[DEBUG] Could not find metadata eu.stamp-project:dspot:1.1.1-SNAPSHOT/maven-metadata.xml in stamp-maven-repository-mvn-repo (https://stamp-project.github.io/stamp-maven-repository/)
[DEBUG] Skipped remote request for eu.stamp-project:dspot:1.1.1-SNAPSHOT/maven-metadata.xml, already updated during this session.
[DEBUG] Failure to find eu.stamp-project:dspot:1.1.1-SNAPSHOT/maven-metadata.xml in https://stamp-project.github.io/stamp-maven-repository/ was cached in the local repository, resolution will not be reattempted until the update interval of stamp-maven-repository-mvn-repo has elapsed or updates are forced
[DEBUG] Skipped remote request for eu.stamp-project:dspot:1.1.1-SNAPSHOT/maven-metadata.xml, locally installed metadata up-to-date.
[DEBUG] Skipped remote request for eu.stamp-project:dspot:1.1.1-SNAPSHOT/maven-metadata.xml, locally installed metadata up-to-date.
[DEBUG] Could not find metadata fr.inria.gforge.spoon:spoon-core:7.1.0-SNAPSHOT/maven-metadata.xml in local (/home/spirals/danglot/.m2/repository)
[DEBUG] Failure to find fr.inria.gforge.spoon:spoon-core:7.1.0-SNAPSHOT/maven-metadata.xml in https://repo.gradle.org/gradle/libs-releases-local/ was cached in the local repository, resolution will not be reattempted until the update interval of gradle-repo has elapsed or updates are forced
[DEBUG] Failure to find fr.inria.gforge.spoon:spoon-core:7.1.0-SNAPSHOT/maven-metadata.xml in https://oss.sonatype.org/content/repositories/snapshots was cached in the local repository, resolution will not be reattempted until the update interval of sonatype-nexus-snapshots has elapsed or updates are forced
[DEBUG] Skipped remote request for fr.inria.gforge.spoon:spoon-core:7.1.0-SNAPSHOT/maven-metadata.xml, locally cached metadata up-to-date.
[DEBUG] Using transporter WagonTransporter with priority -1.0 for https://stamp-project.github.io/stamp-maven-repository/
[DEBUG] Using connector BasicRepositoryConnector with priority 0.0 for https://stamp-project.github.io/stamp-maven-repository/
Downloading from stamp-maven-repository-mvn-repo: https://stamp-project.github.io/stamp-maven-repository/fr/inria/gforge/spoon/spoon-core/7.1.0-SNAPSHOT/maven-metadata.xml
[DEBUG] Writing tracking file /home/spirals/danglot/.m2/repository/fr/inria/gforge/spoon/spoon-core/7.1.0-SNAPSHOT/resolver-status.properties
[DEBUG] Could not find metadata fr.inria.gforge.spoon:spoon-core:7.1.0-SNAPSHOT/maven-metadata.xml in stamp-maven-repository-mvn-repo (https://stamp-project.github.io/stamp-maven-repository/)
[DEBUG] Could not find metadata fr.inria.gforge.spoon:spoon-core:7.1.0-SNAPSHOT/maven-metadata.xml in local (/home/spirals/danglot/.m2/repository)
[DEBUG] Skipped remote request for fr.inria.gforge.spoon:spoon-core:7.1.0-SNAPSHOT/maven-metadata.xml, already updated during this session.
[DEBUG] Failure to find fr.inria.gforge.spoon:spoon-core:7.1.0-SNAPSHOT/maven-metadata.xml in https://stamp-project.github.io/stamp-maven-repository/ was cached in the local repository, resolution will not be reattempted until the update interval of stamp-maven-repository-mvn-repo has elapsed or updates are forced
[DEBUG] Failure to find fr.inria.gforge.spoon:spoon-core:7.1.0-SNAPSHOT/maven-metadata.xml in https://repo.gradle.org/gradle/libs-releases-local/ was cached in the local repository, resolution will not be reattempted until the update interval of gradle-repo has elapsed or updates are forced
[DEBUG] Failure to find fr.inria.gforge.spoon:spoon-core:7.1.0-SNAPSHOT/maven-metadata.xml in https://oss.sonatype.org/content/repositories/snapshots was cached in the local repository, resolution will not be reattempted until the update interval of sonatype-nexus-snapshots has elapsed or updates are forced
[DEBUG] Skipped remote request for fr.inria.gforge.spoon:spoon-core:7.1.0-SNAPSHOT/maven-metadata.xml, locally cached metadata up-to-date.
[DEBUG] Could not find metadata org.eclipse.platform:org.eclipse.core.resources/maven-metadata.xml in local (/home/spirals/danglot/.m2/repository)
[DEBUG] Skipped remote request for org.eclipse.platform:org.eclipse.core.resources/maven-metadata.xml, locally cached metadata up-to-date.
[DEBUG] Failure to find org.eclipse.platform:org.eclipse.core.resources/maven-metadata.xml in https://repo.gradle.org/gradle/libs-releases-local/ was cached in the local repository, resolution will not be reattempted until the update interval of gradle-repo has elapsed or updates are forced
[DEBUG] Failure to find org.eclipse.platform:org.eclipse.core.resources/maven-metadata.xml in https://oss.sonatype.org/content/repositories/snapshots was cached in the local repository, resolution will not be reattempted until the update interval of sonatype-nexus-snapshots has elapsed or updates are forced
[DEBUG] Failure to find org.eclipse.platform:org.eclipse.core.resources/maven-metadata.xml in http://maven.inria.fr/artifactory/spoon-public-snapshot was cached in the local repository, resolution will not be reattempted until the update interval of maven.inria.fr-snapshot has elapsed or updates are forced
[DEBUG] Failure to find org.eclipse.platform:org.eclipse.core.resources/maven-metadata.xml in http://maven.inria.fr/artifactory/triskell-public-release was cached in the local repository, resolution will not be reattempted until the update interval of inria has elapsed or updates are forced
[DEBUG] Using transporter WagonTransporter with priority -1.0 for https://stamp-project.github.io/stamp-maven-repository/
[DEBUG] Using connector BasicRepositoryConnector with priority 0.0 for https://stamp-project.github.io/stamp-maven-repository/
Downloading from stamp-maven-repository-mvn-repo: https://stamp-project.github.io/stamp-maven-repository/org/eclipse/platform/org.eclipse.core.resources/maven-metadata.xml
[DEBUG] Writing tracking file /home/spirals/danglot/.m2/repository/org/eclipse/platform/org.eclipse.core.resources/resolver-status.properties
[DEBUG] Could not find metadata org.eclipse.platform:org.eclipse.core.resources/maven-metadata.xml in stamp-maven-repository-mvn-repo (https://stamp-project.github.io/stamp-maven-repository/)
[DEBUG] Could not find metadata org.eclipse.platform:org.eclipse.core.expressions/maven-metadata.xml in local (/home/spirals/danglot/.m2/repository)
[DEBUG] Skipped remote request for org.eclipse.platform:org.eclipse.core.expressions/maven-metadata.xml, locally cached metadata up-to-date.
[DEBUG] Failure to find org.eclipse.platform:org.eclipse.core.expressions/maven-metadata.xml in https://repo.gradle.org/gradle/libs-releases-local/ was cached in the local repository, resolution will not be reattempted until the update interval of gradle-repo has elapsed or updates are forced
[DEBUG] Failure to find org.eclipse.platform:org.eclipse.core.expressions/maven-metadata.xml in https://oss.sonatype.org/content/repositories/snapshots was cached in the local repository, resolution will not be reattempted until the update interval of sonatype-nexus-snapshots has elapsed or updates are forced
[DEBUG] Failure to find org.eclipse.platform:org.eclipse.core.expressions/maven-metadata.xml in http://maven.inria.fr/artifactory/spoon-public-snapshot was cached in the local repository, resolution will not be reattempted until the update interval of maven.inria.fr-snapshot has elapsed or updates are forced
[DEBUG] Failure to find org.eclipse.platform:org.eclipse.core.expressions/maven-metadata.xml in http://maven.inria.fr/artifactory/triskell-public-release was cached in the local repository, resolution will not be reattempted until the update interval of inria has elapsed or updates are forced
[DEBUG] Using transporter WagonTransporter with priority -1.0 for https://stamp-project.github.io/stamp-maven-repository/
[DEBUG] Using connector BasicRepositoryConnector with priority 0.0 for https://stamp-project.github.io/stamp-maven-repository/
Downloading from stamp-maven-repository-mvn-repo: https://stamp-project.github.io/stamp-maven-repository/org/eclipse/platform/org.eclipse.core.expressions/maven-metadata.xml
[DEBUG] Writing tracking file /home/spirals/danglot/.m2/repository/org/eclipse/platform/org.eclipse.core.expressions/resolver-status.properties
[DEBUG] Could not find metadata org.eclipse.platform:org.eclipse.core.expressions/maven-metadata.xml in stamp-maven-repository-mvn-repo (https://stamp-project.github.io/stamp-maven-repository/)
[DEBUG] Could not find metadata org.eclipse.platform:org.eclipse.core.runtime/maven-metadata.xml in local (/home/spirals/danglot/.m2/repository)
[DEBUG] Skipped remote request for org.eclipse.platform:org.eclipse.core.runtime/maven-metadata.xml, locally cached metadata up-to-date.
[DEBUG] Failure to find org.eclipse.platform:org.eclipse.core.runtime/maven-metadata.xml in https://repo.gradle.org/gradle/libs-releases-local/ was cached in the local repository, resolution will not be reattempted until the update interval of gradle-repo has elapsed or updates are forced
[DEBUG] Failure to find org.eclipse.platform:org.eclipse.core.runtime/maven-metadata.xml in https://oss.sonatype.org/content/repositories/snapshots was cached in the local repository, resolution will not be reattempted until the update interval of sonatype-nexus-snapshots has elapsed or updates are forced
[DEBUG] Failure to find org.eclipse.platform:org.eclipse.core.runtime/maven-metadata.xml in http://maven.inria.fr/artifactory/spoon-public-snapshot was cached in the local repository, resolution will not be reattempted until the update interval of maven.inria.fr-snapshot has elapsed or updates are forced
[DEBUG] Failure to find org.eclipse.platform:org.eclipse.core.runtime/maven-metadata.xml in http://maven.inria.fr/artifactory/triskell-public-release was cached in the local repository, resolution will not be reattempted until the update interval of inria has elapsed or updates are forced
[DEBUG] Using transporter WagonTransporter with priority -1.0 for https://stamp-project.github.io/stamp-maven-repository/
[DEBUG] Using connector BasicRepositoryConnector with priority 0.0 for https://stamp-project.github.io/stamp-maven-repository/
Downloading from stamp-maven-repository-mvn-repo: https://stamp-project.github.io/stamp-maven-repository/org/eclipse/platform/org.eclipse.core.runtime/maven-metadata.xml
[DEBUG] Writing tracking file /home/spirals/danglot/.m2/repository/org/eclipse/platform/org.eclipse.core.runtime/resolver-status.properties
[DEBUG] Could not find metadata org.eclipse.platform:org.eclipse.core.runtime/maven-metadata.xml in stamp-maven-repository-mvn-repo (https://stamp-project.github.io/stamp-maven-repository/)
[DEBUG] Could not find metadata org.eclipse.platform:org.eclipse.osgi/maven-metadata.xml in local (/home/spirals/danglot/.m2/repository)
[DEBUG] Skipped remote request for org.eclipse.platform:org.eclipse.osgi/maven-metadata.xml, locally cached metadata up-to-date.
[DEBUG] Failure to find org.eclipse.platform:org.eclipse.osgi/maven-metadata.xml in https://repo.gradle.org/gradle/libs-releases-local/ was cached in the local repository, resolution will not be reattempted until the update interval of gradle-repo has elapsed or updates are forced
[DEBUG] Failure to find org.eclipse.platform:org.eclipse.osgi/maven-metadata.xml in https://oss.sonatype.org/content/repositories/snapshots was cached in the local repository, resolution will not be reattempted until the update interval of sonatype-nexus-snapshots has elapsed or updates are forced
[DEBUG] Failure to find org.eclipse.platform:org.eclipse.osgi/maven-metadata.xml in http://maven.inria.fr/artifactory/spoon-public-snapshot was cached in the local repository, resolution will not be reattempted until the update interval of maven.inria.fr-snapshot has elapsed or updates are forced
[DEBUG] Failure to find org.eclipse.platform:org.eclipse.osgi/maven-metadata.xml in http://maven.inria.fr/artifactory/triskell-public-release was cached in the local repository, resolution will not be reattempted until the update interval of inria has elapsed or updates are forced
[DEBUG] Using transporter WagonTransporter with priority -1.0 for https://stamp-project.github.io/stamp-maven-repository/
[DEBUG] Using connector BasicRepositoryConnector with priority 0.0 for https://stamp-project.github.io/stamp-maven-repository/
Downloading from stamp-maven-repository-mvn-repo: https://stamp-project.github.io/stamp-maven-repository/org/eclipse/platform/org.eclipse.osgi/maven-metadata.xml
[DEBUG] Writing tracking file /home/spirals/danglot/.m2/repository/org/eclipse/platform/org.eclipse.osgi/resolver-status.properties
[DEBUG] Could not find metadata org.eclipse.platform:org.eclipse.osgi/maven-metadata.xml in stamp-maven-repository-mvn-repo (https://stamp-project.github.io/stamp-maven-repository/)
[DEBUG] Could not find metadata org.eclipse.platform:org.eclipse.equinox.common/maven-metadata.xml in local (/home/spirals/danglot/.m2/repository)
[DEBUG] Skipped remote request for org.eclipse.platform:org.eclipse.equinox.common/maven-metadata.xml, locally cached metadata up-to-date.
[DEBUG] Failure to find org.eclipse.platform:org.eclipse.equinox.common/maven-metadata.xml in https://repo.gradle.org/gradle/libs-releases-local/ was cached in the local repository, resolution will not be reattempted until the update interval of gradle-repo has elapsed or updates are forced
[DEBUG] Failure to find org.eclipse.platform:org.eclipse.equinox.common/maven-metadata.xml in https://oss.sonatype.org/content/repositories/snapshots was cached in the local repository, resolution will not be reattempted until the update interval of sonatype-nexus-snapshots has elapsed or updates are forced
[DEBUG] Failure to find org.eclipse.platform:org.eclipse.equinox.common/maven-metadata.xml in http://maven.inria.fr/artifactory/spoon-public-snapshot was cached in the local repository, resolution will not be reattempted until the update interval of maven.inria.fr-snapshot has elapsed or updates are forced
[DEBUG] Failure to find org.eclipse.platform:org.eclipse.equinox.common/maven-metadata.xml in http://maven.inria.fr/artifactory/triskell-public-release was cached in the local repository, resolution will not be reattempted until the update interval of inria has elapsed or updates are forced
[DEBUG] Using transporter WagonTransporter with priority -1.0 for https://stamp-project.github.io/stamp-maven-repository/
[DEBUG] Using connector BasicRepositoryConnector with priority 0.0 for https://stamp-project.github.io/stamp-maven-repository/
Downloading from stamp-maven-repository-mvn-repo: https://stamp-project.github.io/stamp-maven-repository/org/eclipse/platform/org.eclipse.equinox.common/maven-metadata.xml
[DEBUG] Writing tracking file /home/spirals/danglot/.m2/repository/org/eclipse/platform/org.eclipse.equinox.common/resolver-status.properties
[DEBUG] Could not find metadata org.eclipse.platform:org.eclipse.equinox.common/maven-metadata.xml in stamp-maven-repository-mvn-repo (https://stamp-project.github.io/stamp-maven-repository/)
[DEBUG] Could not find metadata org.eclipse.platform:org.eclipse.core.jobs/maven-metadata.xml in local (/home/spirals/danglot/.m2/repository)
[DEBUG] Skipped remote request for org.eclipse.platform:org.eclipse.core.jobs/maven-metadata.xml, locally cached metadata up-to-date.
[DEBUG] Failure to find org.eclipse.platform:org.eclipse.core.jobs/maven-metadata.xml in https://repo.gradle.org/gradle/libs-releases-local/ was cached in the local repository, resolution will not be reattempted until the update interval of gradle-repo has elapsed or updates are forced
[DEBUG] Failure to find org.eclipse.platform:org.eclipse.core.jobs/maven-metadata.xml in https://oss.sonatype.org/content/repositories/snapshots was cached in the local repository, resolution will not be reattempted until the update interval of sonatype-nexus-snapshots has elapsed or updates are forced
[DEBUG] Failure to find org.eclipse.platform:org.eclipse.core.jobs/maven-metadata.xml in http://maven.inria.fr/artifactory/spoon-public-snapshot was cached in the local repository, resolution will not be reattempted until the update interval of maven.inria.fr-snapshot has elapsed or updates are forced
[DEBUG] Failure to find org.eclipse.platform:org.eclipse.core.jobs/maven-metadata.xml in http://maven.inria.fr/artifactory/triskell-public-release was cached in the local repository, resolution will not be reattempted until the update interval of inria has elapsed or updates are forced
[DEBUG] Using transporter WagonTransporter with priority -1.0 for https://stamp-project.github.io/stamp-maven-repository/
[DEBUG] Using connector BasicRepositoryConnector with priority 0.0 for https://stamp-project.github.io/stamp-maven-repository/
Downloading from stamp-maven-repository-mvn-repo: https://stamp-project.github.io/stamp-maven-repository/org/eclipse/platform/org.eclipse.core.jobs/maven-metadata.xml
[DEBUG] Writing tracking file /home/spirals/danglot/.m2/repository/org/eclipse/platform/org.eclipse.core.jobs/resolver-status.properties
[DEBUG] Could not find metadata org.eclipse.platform:org.eclipse.core.jobs/maven-metadata.xml in stamp-maven-repository-mvn-repo (https://stamp-project.github.io/stamp-maven-repository/)
[DEBUG] Could not find metadata org.eclipse.platform:org.eclipse.equinox.registry/maven-metadata.xml in local (/home/spirals/danglot/.m2/repository)
[DEBUG] Skipped remote request for org.eclipse.platform:org.eclipse.equinox.registry/maven-metadata.xml, locally cached metadata up-to-date.
[DEBUG] Failure to find org.eclipse.platform:org.eclipse.equinox.registry/maven-metadata.xml in https://repo.gradle.org/gradle/libs-releases-local/ was cached in the local repository, resolution will not be reattempted until the update interval of gradle-repo has elapsed or updates are forced
[DEBUG] Failure to find org.eclipse.platform:org.eclipse.equinox.registry/maven-metadata.xml in https://oss.sonatype.org/content/repositories/snapshots was cached in the local repository, resolution will not be reattempted until the update interval of sonatype-nexus-snapshots has elapsed or updates are forced
[DEBUG] Failure to find org.eclipse.platform:org.eclipse.equinox.registry/maven-metadata.xml in http://maven.inria.fr/artifactory/spoon-public-snapshot was cached in the local repository, resolution will not be reattempted until the update interval of maven.inria.fr-snapshot has elapsed or updates are forced
[DEBUG] Failure to find org.eclipse.platform:org.eclipse.equinox.registry/maven-metadata.xml in http://maven.inria.fr/artifactory/triskell-public-release was cached in the local repository, resolution will not be reattempted until the update interval of inria has elapsed or updates are forced
[DEBUG] Using transporter WagonTransporter with priority -1.0 for https://stamp-project.github.io/stamp-maven-repository/
[DEBUG] Using connector BasicRepositoryConnector with priority 0.0 for https://stamp-project.github.io/stamp-maven-repository/
Downloading from stamp-maven-repository-mvn-repo: https://stamp-project.github.io/stamp-maven-repository/org/eclipse/platform/org.eclipse.equinox.registry/maven-metadata.xml
[DEBUG] Writing tracking file /home/spirals/danglot/.m2/repository/org/eclipse/platform/org.eclipse.equinox.registry/resolver-status.properties
[DEBUG] Could not find metadata org.eclipse.platform:org.eclipse.equinox.registry/maven-metadata.xml in stamp-maven-repository-mvn-repo (https://stamp-project.github.io/stamp-maven-repository/)
[DEBUG] Could not find metadata org.eclipse.platform:org.eclipse.equinox.common/maven-metadata.xml in local (/home/spirals/danglot/.m2/repository)
[DEBUG] Skipped remote request for org.eclipse.platform:org.eclipse.equinox.common/maven-metadata.xml, locally cached metadata up-to-date.
[DEBUG] Skipped remote request for org.eclipse.platform:org.eclipse.equinox.common/maven-metadata.xml, already updated during this session.
[DEBUG] Failure to find org.eclipse.platform:org.eclipse.equinox.common/maven-metadata.xml in https://stamp-project.github.io/stamp-maven-repository/ was cached in the local repository, resolution will not be reattempted until the update interval of stamp-maven-repository-mvn-repo has elapsed or updates are forced
[DEBUG] Failure to find org.eclipse.platform:org.eclipse.equinox.common/maven-metadata.xml in https://repo.gradle.org/gradle/libs-releases-local/ was cached in the local repository, resolution will not be reattempted until the update interval of gradle-repo has elapsed or updates are forced
[DEBUG] Failure to find org.eclipse.platform:org.eclipse.equinox.common/maven-metadata.xml in https://oss.sonatype.org/content/repositories/snapshots was cached in the local repository, resolution will not be reattempted until the update interval of sonatype-nexus-snapshots has elapsed or updates are forced
[DEBUG] Failure to find org.eclipse.platform:org.eclipse.equinox.common/maven-metadata.xml in http://maven.inria.fr/artifactory/spoon-public-snapshot was cached in the local repository, resolution will not be reattempted until the update interval of maven.inria.fr-snapshot has elapsed or updates are forced
[DEBUG] Failure to find org.eclipse.platform:org.eclipse.equinox.common/maven-metadata.xml in http://maven.inria.fr/artifactory/triskell-public-release was cached in the local repository, resolution will not be reattempted until the update interval of inria has elapsed or updates are forced
[DEBUG] Could not find metadata org.eclipse.platform:org.eclipse.equinox.preferences/maven-metadata.xml in local (/home/spirals/danglot/.m2/repository)
[DEBUG] Skipped remote request for org.eclipse.platform:org.eclipse.equinox.preferences/maven-metadata.xml, locally cached metadata up-to-date.
[DEBUG] Failure to find org.eclipse.platform:org.eclipse.equinox.preferences/maven-metadata.xml in https://repo.gradle.org/gradle/libs-releases-local/ was cached in the local repository, resolution will not be reattempted until the update interval of gradle-repo has elapsed or updates are forced
[DEBUG] Failure to find org.eclipse.platform:org.eclipse.equinox.preferences/maven-metadata.xml in https://oss.sonatype.org/content/repositories/snapshots was cached in the local repository, resolution will not be reattempted until the update interval of sonatype-nexus-snapshots has elapsed or updates are forced
[DEBUG] Failure to find org.eclipse.platform:org.eclipse.equinox.preferences/maven-metadata.xml in http://maven.inria.fr/artifactory/spoon-public-snapshot was cached in the local repository, resolution will not be reattempted until the update interval of maven.inria.fr-snapshot has elapsed or updates are forced
[DEBUG] Failure to find org.eclipse.platform:org.eclipse.equinox.preferences/maven-metadata.xml in http://maven.inria.fr/artifactory/triskell-public-release was cached in the local repository, resolution will not be reattempted until the update interval of inria has elapsed or updates are forced
[DEBUG] Using transporter WagonTransporter with priority -1.0 for https://stamp-project.github.io/stamp-maven-repository/
[DEBUG] Using connector BasicRepositoryConnector with priority 0.0 for https://stamp-project.github.io/stamp-maven-repository/
Downloading from stamp-maven-repository-mvn-repo: https://stamp-project.github.io/stamp-maven-repository/org/eclipse/platform/org.eclipse.equinox.preferences/maven-metadata.xml
[DEBUG] Writing tracking file /home/spirals/danglot/.m2/repository/org/eclipse/platform/org.eclipse.equinox.preferences/resolver-status.properties
[DEBUG] Could not find metadata org.eclipse.platform:org.eclipse.equinox.preferences/maven-metadata.xml in stamp-maven-repository-mvn-repo (https://stamp-project.github.io/stamp-maven-repository/)
[DEBUG] Could not find metadata org.eclipse.platform:org.eclipse.equinox.common/maven-metadata.xml in local (/home/spirals/danglot/.m2/repository)
[DEBUG] Skipped remote request for org.eclipse.platform:org.eclipse.equinox.common/maven-metadata.xml, locally cached metadata up-to-date.
[DEBUG] Skipped remote request for org.eclipse.platform:org.eclipse.equinox.common/maven-metadata.xml, already updated during this session.
[DEBUG] Failure to find org.eclipse.platform:org.eclipse.equinox.common/maven-metadata.xml in https://stamp-project.github.io/stamp-maven-repository/ was cached in the local repository, resolution will not be reattempted until the update interval of stamp-maven-repository-mvn-repo has elapsed or updates are forced
[DEBUG] Failure to find org.eclipse.platform:org.eclipse.equinox.common/maven-metadata.xml in https://repo.gradle.org/gradle/libs-releases-local/ was cached in the local repository, resolution will not be reattempted until the update interval of gradle-repo has elapsed or updates are forced
[DEBUG] Failure to find org.eclipse.platform:org.eclipse.equinox.common/maven-metadata.xml in https://oss.sonatype.org/content/repositories/snapshots was cached in the local repository, resolution will not be reattempted until the update interval of sonatype-nexus-snapshots has elapsed or updates are forced
[DEBUG] Failure to find org.eclipse.platform:org.eclipse.equinox.common/maven-metadata.xml in http://maven.inria.fr/artifactory/spoon-public-snapshot was cached in the local repository, resolution will not be reattempted until the update interval of maven.inria.fr-snapshot has elapsed or updates are forced
[DEBUG] Failure to find org.eclipse.platform:org.eclipse.equinox.common/maven-metadata.xml in http://maven.inria.fr/artifactory/triskell-public-release was cached in the local repository, resolution will not be reattempted until the update interval of inria has elapsed or updates are forced
[DEBUG] Could not find metadata org.eclipse.platform:org.eclipse.core.contenttype/maven-metadata.xml in local (/home/spirals/danglot/.m2/repository)
[DEBUG] Skipped remote request for org.eclipse.platform:org.eclipse.core.contenttype/maven-metadata.xml, locally cached metadata up-to-date.
[DEBUG] Failure to find org.eclipse.platform:org.eclipse.core.contenttype/maven-metadata.xml in https://repo.gradle.org/gradle/libs-releases-local/ was cached in the local repository, resolution will not be reattempted until the update interval of gradle-repo has elapsed or updates are forced
[DEBUG] Failure to find org.eclipse.platform:org.eclipse.core.contenttype/maven-metadata.xml in https://oss.sonatype.org/content/repositories/snapshots was cached in the local repository, resolution will not be reattempted until the update interval of sonatype-nexus-snapshots has elapsed or updates are forced
[DEBUG] Failure to find org.eclipse.platform:org.eclipse.core.contenttype/maven-metadata.xml in http://maven.inria.fr/artifactory/spoon-public-snapshot was cached in the local repository, resolution will not be reattempted until the update interval of maven.inria.fr-snapshot has elapsed or updates are forced
[DEBUG] Failure to find org.eclipse.platform:org.eclipse.core.contenttype/maven-metadata.xml in http://maven.inria.fr/artifactory/triskell-public-release was cached in the local repository, resolution will not be reattempted until the update interval of inria has elapsed or updates are forced
[DEBUG] Using transporter WagonTransporter with priority -1.0 for https://stamp-project.github.io/stamp-maven-repository/
[DEBUG] Using connector BasicRepositoryConnector with priority 0.0 for https://stamp-project.github.io/stamp-maven-repository/
Downloading from stamp-maven-repository-mvn-repo: https://stamp-project.github.io/stamp-maven-repository/org/eclipse/platform/org.eclipse.core.contenttype/maven-metadata.xml
[DEBUG] Writing tracking file /home/spirals/danglot/.m2/repository/org/eclipse/platform/org.eclipse.core.contenttype/resolver-status.properties
[DEBUG] Could not find metadata org.eclipse.platform:org.eclipse.core.contenttype/maven-metadata.xml in stamp-maven-repository-mvn-repo (https://stamp-project.github.io/stamp-maven-repository/)
[DEBUG] Could not find metadata org.eclipse.platform:org.eclipse.equinox.preferences/maven-metadata.xml in local (/home/spirals/danglot/.m2/repository)
[DEBUG] Skipped remote request for org.eclipse.platform:org.eclipse.equinox.preferences/maven-metadata.xml, locally cached metadata up-to-date.
[DEBUG] Skipped remote request for org.eclipse.platform:org.eclipse.equinox.preferences/maven-metadata.xml, already updated during this session.
[DEBUG] Failure to find org.eclipse.platform:org.eclipse.equinox.preferences/maven-metadata.xml in https://stamp-project.github.io/stamp-maven-repository/ was cached in the local repository, resolution will not be reattempted until the update interval of stamp-maven-repository-mvn-repo has elapsed or updates are forced
[DEBUG] Failure to find org.eclipse.platform:org.eclipse.equinox.preferences/maven-metadata.xml in https://repo.gradle.org/gradle/libs-releases-local/ was cached in the local repository, resolution will not be reattempted until the update interval of gradle-repo has elapsed or updates are forced
[DEBUG] Failure to find org.eclipse.platform:org.eclipse.equinox.preferences/maven-metadata.xml in https://oss.sonatype.org/content/repositories/snapshots was cached in the local repository, resolution will not be reattempted until the update interval of sonatype-nexus-snapshots has elapsed or updates are forced
[DEBUG] Failure to find org.eclipse.platform:org.eclipse.equinox.preferences/maven-metadata.xml in http://maven.inria.fr/artifactory/spoon-public-snapshot was cached in the local repository, resolution will not be reattempted until the update interval of maven.inria.fr-snapshot has elapsed or updates are forced
[DEBUG] Failure to find org.eclipse.platform:org.eclipse.equinox.preferences/maven-metadata.xml in http://maven.inria.fr/artifactory/triskell-public-release was cached in the local repository, resolution will not be reattempted until the update interval of inria has elapsed or updates are forced
[DEBUG] Could not find metadata org.eclipse.platform:org.eclipse.equinox.registry/maven-metadata.xml in local (/home/spirals/danglot/.m2/repository)
[DEBUG] Skipped remote request for org.eclipse.platform:org.eclipse.equinox.registry/maven-metadata.xml, locally cached metadata up-to-date.
[DEBUG] Skipped remote request for org.eclipse.platform:org.eclipse.equinox.registry/maven-metadata.xml, already updated during this session.
[DEBUG] Failure to find org.eclipse.platform:org.eclipse.equinox.registry/maven-metadata.xml in https://stamp-project.github.io/stamp-maven-repository/ was cached in the local repository, resolution will not be reattempted until the update interval of stamp-maven-repository-mvn-repo has elapsed or updates are forced
[DEBUG] Failure to find org.eclipse.platform:org.eclipse.equinox.registry/maven-metadata.xml in https://repo.gradle.org/gradle/libs-releases-local/ was cached in the local repository, resolution will not be reattempted until the update interval of gradle-repo has elapsed or updates are forced
[DEBUG] Failure to find org.eclipse.platform:org.eclipse.equinox.registry/maven-metadata.xml in https://oss.sonatype.org/content/repositories/snapshots was cached in the local repository, resolution will not be reattempted until the update interval of sonatype-nexus-snapshots has elapsed or updates are forced
[DEBUG] Failure to find org.eclipse.platform:org.eclipse.equinox.registry/maven-metadata.xml in http://maven.inria.fr/artifactory/spoon-public-snapshot was cached in the local repository, resolution will not be reattempted until the update interval of maven.inria.fr-snapshot has elapsed or updates are forced
[DEBUG] Failure to find org.eclipse.platform:org.eclipse.equinox.registry/maven-metadata.xml in http://maven.inria.fr/artifactory/triskell-public-release was cached in the local repository, resolution will not be reattempted until the update interval of inria has elapsed or updates are forced
[DEBUG] Could not find metadata org.eclipse.platform:org.eclipse.equinox.app/maven-metadata.xml in local (/home/spirals/danglot/.m2/repository)
[DEBUG] Skipped remote request for org.eclipse.platform:org.eclipse.equinox.app/maven-metadata.xml, locally cached metadata up-to-date.
[DEBUG] Failure to find org.eclipse.platform:org.eclipse.equinox.app/maven-metadata.xml in https://repo.gradle.org/gradle/libs-releases-local/ was cached in the local repository, resolution will not be reattempted until the update interval of gradle-repo has elapsed or updates are forced
[DEBUG] Failure to find org.eclipse.platform:org.eclipse.equinox.app/maven-metadata.xml in https://oss.sonatype.org/content/repositories/snapshots was cached in the local repository, resolution will not be reattempted until the update interval of sonatype-nexus-snapshots has elapsed or updates are forced
[DEBUG] Failure to find org.eclipse.platform:org.eclipse.equinox.app/maven-metadata.xml in http://maven.inria.fr/artifactory/spoon-public-snapshot was cached in the local repository, resolution will not be reattempted until the update interval of maven.inria.fr-snapshot has elapsed or updates are forced
[DEBUG] Failure to find org.eclipse.platform:org.eclipse.equinox.app/maven-metadata.xml in http://maven.inria.fr/artifactory/triskell-public-release was cached in the local repository, resolution will not be reattempted until the update interval of inria has elapsed or updates are forced
[DEBUG] Using transporter WagonTransporter with priority -1.0 for https://stamp-project.github.io/stamp-maven-repository/
[DEBUG] Using connector BasicRepositoryConnector with priority 0.0 for https://stamp-project.github.io/stamp-maven-repository/
Downloading from stamp-maven-repository-mvn-repo: https://stamp-project.github.io/stamp-maven-repository/org/eclipse/platform/org.eclipse.equinox.app/maven-metadata.xml
[DEBUG] Writing tracking file /home/spirals/danglot/.m2/repository/org/eclipse/platform/org.eclipse.equinox.app/resolver-status.properties
[DEBUG] Could not find metadata org.eclipse.platform:org.eclipse.equinox.app/maven-metadata.xml in stamp-maven-repository-mvn-repo (https://stamp-project.github.io/stamp-maven-repository/)
[DEBUG] Could not find metadata org.eclipse.platform:org.eclipse.equinox.registry/maven-metadata.xml in local (/home/spirals/danglot/.m2/repository)
[DEBUG] Skipped remote request for org.eclipse.platform:org.eclipse.equinox.registry/maven-metadata.xml, locally cached metadata up-to-date.
[DEBUG] Skipped remote request for org.eclipse.platform:org.eclipse.equinox.registry/maven-metadata.xml, already updated during this session.
[DEBUG] Failure to find org.eclipse.platform:org.eclipse.equinox.registry/maven-metadata.xml in https://stamp-project.github.io/stamp-maven-repository/ was cached in the local repository, resolution will not be reattempted until the update interval of stamp-maven-repository-mvn-repo has elapsed or updates are forced
[DEBUG] Failure to find org.eclipse.platform:org.eclipse.equinox.registry/maven-metadata.xml in https://repo.gradle.org/gradle/libs-releases-local/ was cached in the local repository, resolution will not be reattempted until the update interval of gradle-repo has elapsed or updates are forced
[DEBUG] Failure to find org.eclipse.platform:org.eclipse.equinox.registry/maven-metadata.xml in https://oss.sonatype.org/content/repositories/snapshots was cached in the local repository, resolution will not be reattempted until the update interval of sonatype-nexus-snapshots has elapsed or updates are forced
[DEBUG] Failure to find org.eclipse.platform:org.eclipse.equinox.registry/maven-metadata.xml in http://maven.inria.fr/artifactory/spoon-public-snapshot was cached in the local repository, resolution will not be reattempted until the update interval of maven.inria.fr-snapshot has elapsed or updates are forced
[DEBUG] Failure to find org.eclipse.platform:org.eclipse.equinox.registry/maven-metadata.xml in http://maven.inria.fr/artifactory/triskell-public-release was cached in the local repository, resolution will not be reattempted until the update interval of inria has elapsed or updates are forced
[DEBUG] Could not find metadata org.eclipse.platform:org.eclipse.osgi/maven-metadata.xml in local (/home/spirals/danglot/.m2/repository)
[DEBUG] Skipped remote request for org.eclipse.platform:org.eclipse.osgi/maven-metadata.xml, locally cached metadata up-to-date.
[DEBUG] Skipped remote request for org.eclipse.platform:org.eclipse.osgi/maven-metadata.xml, already updated during this session.
[DEBUG] Failure to find org.eclipse.platform:org.eclipse.osgi/maven-metadata.xml in https://stamp-project.github.io/stamp-maven-repository/ was cached in the local repository, resolution will not be reattempted until the update interval of stamp-maven-repository-mvn-repo has elapsed or updates are forced
[DEBUG] Failure to find org.eclipse.platform:org.eclipse.osgi/maven-metadata.xml in https://repo.gradle.org/gradle/libs-releases-local/ was cached in the local repository, resolution will not be reattempted until the update interval of gradle-repo has elapsed or updates are forced
[DEBUG] Failure to find org.eclipse.platform:org.eclipse.osgi/maven-metadata.xml in https://oss.sonatype.org/content/repositories/snapshots was cached in the local repository, resolution will not be reattempted until the update interval of sonatype-nexus-snapshots has elapsed or updates are forced
[DEBUG] Failure to find org.eclipse.platform:org.eclipse.osgi/maven-metadata.xml in http://maven.inria.fr/artifactory/spoon-public-snapshot was cached in the local repository, resolution will not be reattempted until the update interval of maven.inria.fr-snapshot has elapsed or updates are forced
[DEBUG] Failure to find org.eclipse.platform:org.eclipse.osgi/maven-metadata.xml in http://maven.inria.fr/artifactory/triskell-public-release was cached in the local repository, resolution will not be reattempted until the update interval of inria has elapsed or updates are forced
[DEBUG] Could not find metadata org.eclipse.platform:org.eclipse.equinox.common/maven-metadata.xml in local (/home/spirals/danglot/.m2/repository)
[DEBUG] Skipped remote request for org.eclipse.platform:org.eclipse.equinox.common/maven-metadata.xml, locally cached metadata up-to-date.
[DEBUG] Skipped remote request for org.eclipse.platform:org.eclipse.equinox.common/maven-metadata.xml, already updated during this session.
[DEBUG] Failure to find org.eclipse.platform:org.eclipse.equinox.common/maven-metadata.xml in https://stamp-project.github.io/stamp-maven-repository/ was cached in the local repository, resolution will not be reattempted until the update interval of stamp-maven-repository-mvn-repo has elapsed or updates are forced
[DEBUG] Failure to find org.eclipse.platform:org.eclipse.equinox.common/maven-metadata.xml in https://repo.gradle.org/gradle/libs-releases-local/ was cached in the local repository, resolution will not be reattempted until the update interval of gradle-repo has elapsed or updates are forced
[DEBUG] Failure to find org.eclipse.platform:org.eclipse.equinox.common/maven-metadata.xml in https://oss.sonatype.org/content/repositories/snapshots was cached in the local repository, resolution will not be reattempted until the update interval of sonatype-nexus-snapshots has elapsed or updates are forced
[DEBUG] Failure to find org.eclipse.platform:org.eclipse.equinox.common/maven-metadata.xml in http://maven.inria.fr/artifactory/spoon-public-snapshot was cached in the local repository, resolution will not be reattempted until the update interval of maven.inria.fr-snapshot has elapsed or updates are forced
[DEBUG] Failure to find org.eclipse.platform:org.eclipse.equinox.common/maven-metadata.xml in http://maven.inria.fr/artifactory/triskell-public-release was cached in the local repository, resolution will not be reattempted until the update interval of inria has elapsed or updates are forced
[DEBUG] Could not find metadata org.eclipse.platform:org.eclipse.core.jobs/maven-metadata.xml in local (/home/spirals/danglot/.m2/repository)
[DEBUG] Skipped remote request for org.eclipse.platform:org.eclipse.core.jobs/maven-metadata.xml, locally cached metadata up-to-date.
[DEBUG] Skipped remote request for org.eclipse.platform:org.eclipse.core.jobs/maven-metadata.xml, already updated during this session.
[DEBUG] Failure to find org.eclipse.platform:org.eclipse.core.jobs/maven-metadata.xml in https://stamp-project.github.io/stamp-maven-repository/ was cached in the local repository, resolution will not be reattempted until the update interval of stamp-maven-repository-mvn-repo has elapsed or updates are forced
[DEBUG] Failure to find org.eclipse.platform:org.eclipse.core.jobs/maven-metadata.xml in https://repo.gradle.org/gradle/libs-releases-local/ was cached in the local repository, resolution will not be reattempted until the update interval of gradle-repo has elapsed or updates are forced
[DEBUG] Failure to find org.eclipse.platform:org.eclipse.core.jobs/maven-metadata.xml in https://oss.sonatype.org/content/repositories/snapshots was cached in the local repository, resolution will not be reattempted until the update interval of sonatype-nexus-snapshots has elapsed or updates are forced
[DEBUG] Failure to find org.eclipse.platform:org.eclipse.core.jobs/maven-metadata.xml in http://maven.inria.fr/artifactory/spoon-public-snapshot was cached in the local repository, resolution will not be reattempted until the update interval of maven.inria.fr-snapshot has elapsed or updates are forced
[DEBUG] Failure to find org.eclipse.platform:org.eclipse.core.jobs/maven-metadata.xml in http://maven.inria.fr/artifactory/triskell-public-release was cached in the local repository, resolution will not be reattempted until the update interval of inria has elapsed or updates are forced
[DEBUG] Could not find metadata org.eclipse.platform:org.eclipse.equinox.preferences/maven-metadata.xml in local (/home/spirals/danglot/.m2/repository)
[DEBUG] Skipped remote request for org.eclipse.platform:org.eclipse.equinox.preferences/maven-metadata.xml, locally cached metadata up-to-date.
[DEBUG] Skipped remote request for org.eclipse.platform:org.eclipse.equinox.preferences/maven-metadata.xml, already updated during this session.
[DEBUG] Failure to find org.eclipse.platform:org.eclipse.equinox.preferences/maven-metadata.xml in https://stamp-project.github.io/stamp-maven-repository/ was cached in the local repository, resolution will not be reattempted until the update interval of stamp-maven-repository-mvn-repo has elapsed or updates are forced
[DEBUG] Failure to find org.eclipse.platform:org.eclipse.equinox.preferences/maven-metadata.xml in https://repo.gradle.org/gradle/libs-releases-local/ was cached in the local repository, resolution will not be reattempted until the update interval of gradle-repo has elapsed or updates are forced
[DEBUG] Failure to find org.eclipse.platform:org.eclipse.equinox.preferences/maven-metadata.xml in https://oss.sonatype.org/content/repositories/snapshots was cached in the local repository, resolution will not be reattempted until the update interval of sonatype-nexus-snapshots has elapsed or updates are forced
[DEBUG] Failure to find org.eclipse.platform:org.eclipse.equinox.preferences/maven-metadata.xml in http://maven.inria.fr/artifactory/spoon-public-snapshot was cached in the local repository, resolution will not be reattempted until the update interval of maven.inria.fr-snapshot has elapsed or updates are forced
[DEBUG] Failure to find org.eclipse.platform:org.eclipse.equinox.preferences/maven-metadata.xml in http://maven.inria.fr/artifactory/triskell-public-release was cached in the local repository, resolution will not be reattempted until the update interval of inria has elapsed or updates are forced
[DEBUG] Could not find metadata org.eclipse.platform:org.eclipse.core.contenttype/maven-metadata.xml in local (/home/spirals/danglot/.m2/repository)
[DEBUG] Skipped remote request for org.eclipse.platform:org.eclipse.core.contenttype/maven-metadata.xml, locally cached metadata up-to-date.
[DEBUG] Skipped remote request for org.eclipse.platform:org.eclipse.core.contenttype/maven-metadata.xml, already updated during this session.
[DEBUG] Failure to find org.eclipse.platform:org.eclipse.core.contenttype/maven-metadata.xml in https://stamp-project.github.io/stamp-maven-repository/ was cached in the local repository, resolution will not be reattempted until the update interval of stamp-maven-repository-mvn-repo has elapsed or updates are forced
[DEBUG] Failure to find org.eclipse.platform:org.eclipse.core.contenttype/maven-metadata.xml in https://repo.gradle.org/gradle/libs-releases-local/ was cached in the local repository, resolution will not be reattempted until the update interval of gradle-repo has elapsed or updates are forced
[DEBUG] Failure to find org.eclipse.platform:org.eclipse.core.contenttype/maven-metadata.xml in https://oss.sonatype.org/content/repositories/snapshots was cached in the local repository, resolution will not be reattempted until the update interval of sonatype-nexus-snapshots has elapsed or updates are forced
[DEBUG] Failure to find org.eclipse.platform:org.eclipse.core.contenttype/maven-metadata.xml in http://maven.inria.fr/artifactory/spoon-public-snapshot was cached in the local repository, resolution will not be reattempted until the update interval of maven.inria.fr-snapshot has elapsed or updates are forced
[DEBUG] Failure to find org.eclipse.platform:org.eclipse.core.contenttype/maven-metadata.xml in http://maven.inria.fr/artifactory/triskell-public-release was cached in the local repository, resolution will not be reattempted until the update interval of inria has elapsed or updates are forced
[DEBUG] Could not find metadata org.eclipse.platform:org.eclipse.equinox.app/maven-metadata.xml in local (/home/spirals/danglot/.m2/repository)
[DEBUG] Skipped remote request for org.eclipse.platform:org.eclipse.equinox.app/maven-metadata.xml, locally cached metadata up-to-date.
[DEBUG] Skipped remote request for org.eclipse.platform:org.eclipse.equinox.app/maven-metadata.xml, already updated during this session.
[DEBUG] Failure to find org.eclipse.platform:org.eclipse.equinox.app/maven-metadata.xml in https://stamp-project.github.io/stamp-maven-repository/ was cached in the local repository, resolution will not be reattempted until the update interval of stamp-maven-repository-mvn-repo has elapsed or updates are forced
[DEBUG] Failure to find org.eclipse.platform:org.eclipse.equinox.app/maven-metadata.xml in https://repo.gradle.org/gradle/libs-releases-local/ was cached in the local repository, resolution will not be reattempted until the update interval of gradle-repo has elapsed or updates are forced
[DEBUG] Failure to find org.eclipse.platform:org.eclipse.equinox.app/maven-metadata.xml in https://oss.sonatype.org/content/repositories/snapshots was cached in the local repository, resolution will not be reattempted until the update interval of sonatype-nexus-snapshots has elapsed or updates are forced
[DEBUG] Failure to find org.eclipse.platform:org.eclipse.equinox.app/maven-metadata.xml in http://maven.inria.fr/artifactory/spoon-public-snapshot was cached in the local repository, resolution will not be reattempted until the update interval of maven.inria.fr-snapshot has elapsed or updates are forced
[DEBUG] Failure to find org.eclipse.platform:org.eclipse.equinox.app/maven-metadata.xml in http://maven.inria.fr/artifactory/triskell-public-release was cached in the local repository, resolution will not be reattempted until the update interval of inria has elapsed or updates are forced
[DEBUG] Could not find metadata org.eclipse.platform:org.eclipse.core.filesystem/maven-metadata.xml in local (/home/spirals/danglot/.m2/repository)
[DEBUG] Skipped remote request for org.eclipse.platform:org.eclipse.core.filesystem/maven-metadata.xml, locally cached metadata up-to-date.
[DEBUG] Failure to find org.eclipse.platform:org.eclipse.core.filesystem/maven-metadata.xml in https://repo.gradle.org/gradle/libs-releases-local/ was cached in the local repository, resolution will not be reattempted until the update interval of gradle-repo has elapsed or updates are forced
[DEBUG] Failure to find org.eclipse.platform:org.eclipse.core.filesystem/maven-metadata.xml in https://oss.sonatype.org/content/repositories/snapshots was cached in the local repository, resolution will not be reattempted until the update interval of sonatype-nexus-snapshots has elapsed or updates are forced
[DEBUG] Failure to find org.eclipse.platform:org.eclipse.core.filesystem/maven-metadata.xml in http://maven.inria.fr/artifactory/spoon-public-snapshot was cached in the local repository, resolution will not be reattempted until the update interval of maven.inria.fr-snapshot has elapsed or updates are forced
[DEBUG] Failure to find org.eclipse.platform:org.eclipse.core.filesystem/maven-metadata.xml in http://maven.inria.fr/artifactory/triskell-public-release was cached in the local repository, resolution will not be reattempted until the update interval of inria has elapsed or updates are forced
[DEBUG] Using transporter WagonTransporter with priority -1.0 for https://stamp-project.github.io/stamp-maven-repository/
[DEBUG] Using connector BasicRepositoryConnector with priority 0.0 for https://stamp-project.github.io/stamp-maven-repository/
Downloading from stamp-maven-repository-mvn-repo: https://stamp-project.github.io/stamp-maven-repository/org/eclipse/platform/org.eclipse.core.filesystem/maven-metadata.xml
[DEBUG] Writing tracking file /home/spirals/danglot/.m2/repository/org/eclipse/platform/org.eclipse.core.filesystem/resolver-status.properties
[DEBUG] Could not find metadata org.eclipse.platform:org.eclipse.core.filesystem/maven-metadata.xml in stamp-maven-repository-mvn-repo (https://stamp-project.github.io/stamp-maven-repository/)
[DEBUG] Could not find metadata org.eclipse.platform:org.eclipse.osgi/maven-metadata.xml in local (/home/spirals/danglot/.m2/repository)
[DEBUG] Skipped remote request for org.eclipse.platform:org.eclipse.osgi/maven-metadata.xml, locally cached metadata up-to-date.
[DEBUG] Skipped remote request for org.eclipse.platform:org.eclipse.osgi/maven-metadata.xml, already updated during this session.
[DEBUG] Failure to find org.eclipse.platform:org.eclipse.osgi/maven-metadata.xml in https://stamp-project.github.io/stamp-maven-repository/ was cached in the local repository, resolution will not be reattempted until the update interval of stamp-maven-repository-mvn-repo has elapsed or updates are forced
[DEBUG] Failure to find org.eclipse.platform:org.eclipse.osgi/maven-metadata.xml in https://repo.gradle.org/gradle/libs-releases-local/ was cached in the local repository, resolution will not be reattempted until the update interval of gradle-repo has elapsed or updates are forced
[DEBUG] Failure to find org.eclipse.platform:org.eclipse.osgi/maven-metadata.xml in https://oss.sonatype.org/content/repositories/snapshots was cached in the local repository, resolution will not be reattempted until the update interval of sonatype-nexus-snapshots has elapsed or updates are forced
[DEBUG] Failure to find org.eclipse.platform:org.eclipse.osgi/maven-metadata.xml in http://maven.inria.fr/artifactory/spoon-public-snapshot was cached in the local repository, resolution will not be reattempted until the update interval of maven.inria.fr-snapshot has elapsed or updates are forced
[DEBUG] Failure to find org.eclipse.platform:org.eclipse.osgi/maven-metadata.xml in http://maven.inria.fr/artifactory/triskell-public-release was cached in the local repository, resolution will not be reattempted until the update interval of inria has elapsed or updates are forced
[DEBUG] Could not find metadata org.eclipse.platform:org.eclipse.core.runtime/maven-metadata.xml in local (/home/spirals/danglot/.m2/repository)
[DEBUG] Skipped remote request for org.eclipse.platform:org.eclipse.core.runtime/maven-metadata.xml, locally cached metadata up-to-date.
[DEBUG] Skipped remote request for org.eclipse.platform:org.eclipse.core.runtime/maven-metadata.xml, already updated during this session.
[DEBUG] Failure to find org.eclipse.platform:org.eclipse.core.runtime/maven-metadata.xml in https://stamp-project.github.io/stamp-maven-repository/ was cached in the local repository, resolution will not be reattempted until the update interval of stamp-maven-repository-mvn-repo has elapsed or updates are forced
[DEBUG] Failure to find org.eclipse.platform:org.eclipse.core.runtime/maven-metadata.xml in https://repo.gradle.org/gradle/libs-releases-local/ was cached in the local repository, resolution will not be reattempted until the update interval of gradle-repo has elapsed or updates are forced
[DEBUG] Failure to find org.eclipse.platform:org.eclipse.core.runtime/maven-metadata.xml in https://oss.sonatype.org/content/repositories/snapshots was cached in the local repository, resolution will not be reattempted until the update interval of sonatype-nexus-snapshots has elapsed or updates are forced
[DEBUG] Failure to find org.eclipse.platform:org.eclipse.core.runtime/maven-metadata.xml in http://maven.inria.fr/artifactory/spoon-public-snapshot was cached in the local repository, resolution will not be reattempted until the update interval of maven.inria.fr-snapshot has elapsed or updates are forced
[DEBUG] Failure to find org.eclipse.platform:org.eclipse.core.runtime/maven-metadata.xml in http://maven.inria.fr/artifactory/triskell-public-release was cached in the local repository, resolution will not be reattempted until the update interval of inria has elapsed or updates are forced
[DEBUG] Could not find metadata org.eclipse.platform:org.eclipse.core.runtime/maven-metadata.xml in local (/home/spirals/danglot/.m2/repository)
[DEBUG] Skipped remote request for org.eclipse.platform:org.eclipse.core.runtime/maven-metadata.xml, locally cached metadata up-to-date.
[DEBUG] Skipped remote request for org.eclipse.platform:org.eclipse.core.runtime/maven-metadata.xml, already updated during this session.
[DEBUG] Failure to find org.eclipse.platform:org.eclipse.core.runtime/maven-metadata.xml in https://stamp-project.github.io/stamp-maven-repository/ was cached in the local repository, resolution will not be reattempted until the update interval of stamp-maven-repository-mvn-repo has elapsed or updates are forced
[DEBUG] Failure to find org.eclipse.platform:org.eclipse.core.runtime/maven-metadata.xml in https://repo.gradle.org/gradle/libs-releases-local/ was cached in the local repository, resolution will not be reattempted until the update interval of gradle-repo has elapsed or updates are forced
[DEBUG] Failure to find org.eclipse.platform:org.eclipse.core.runtime/maven-metadata.xml in https://oss.sonatype.org/content/repositories/snapshots was cached in the local repository, resolution will not be reattempted until the update interval of sonatype-nexus-snapshots has elapsed or updates are forced
[DEBUG] Failure to find org.eclipse.platform:org.eclipse.core.runtime/maven-metadata.xml in http://maven.inria.fr/artifactory/spoon-public-snapshot was cached in the local repository, resolution will not be reattempted until the update interval of maven.inria.fr-snapshot has elapsed or updates are forced
[DEBUG] Failure to find org.eclipse.platform:org.eclipse.core.runtime/maven-metadata.xml in http://maven.inria.fr/artifactory/triskell-public-release was cached in the local repository, resolution will not be reattempted until the update interval of inria has elapsed or updates are forced
[DEBUG] Could not find metadata org.eclipse.platform:org.eclipse.core.filesystem/maven-metadata.xml in local (/home/spirals/danglot/.m2/repository)
[DEBUG] Skipped remote request for org.eclipse.platform:org.eclipse.core.filesystem/maven-metadata.xml, locally cached metadata up-to-date.
[DEBUG] Skipped remote request for org.eclipse.platform:org.eclipse.core.filesystem/maven-metadata.xml, already updated during this session.
[DEBUG] Failure to find org.eclipse.platform:org.eclipse.core.filesystem/maven-metadata.xml in https://stamp-project.github.io/stamp-maven-repository/ was cached in the local repository, resolution will not be reattempted until the update interval of stamp-maven-repository-mvn-repo has elapsed or updates are forced
[DEBUG] Failure to find org.eclipse.platform:org.eclipse.core.filesystem/maven-metadata.xml in https://repo.gradle.org/gradle/libs-releases-local/ was cached in the local repository, resolution will not be reattempted until the update interval of gradle-repo has elapsed or updates are forced
[DEBUG] Failure to find org.eclipse.platform:org.eclipse.core.filesystem/maven-metadata.xml in https://oss.sonatype.org/content/repositories/snapshots was cached in the local repository, resolution will not be reattempted until the update interval of sonatype-nexus-snapshots has elapsed or updates are forced
[DEBUG] Failure to find org.eclipse.platform:org.eclipse.core.filesystem/maven-metadata.xml in http://maven.inria.fr/artifactory/spoon-public-snapshot was cached in the local repository, resolution will not be reattempted until the update interval of maven.inria.fr-snapshot has elapsed or updates are forced
[DEBUG] Failure to find org.eclipse.platform:org.eclipse.core.filesystem/maven-metadata.xml in http://maven.inria.fr/artifactory/triskell-public-release was cached in the local repository, resolution will not be reattempted until the update interval of inria has elapsed or updates are forced
[DEBUG] Could not find metadata org.eclipse.platform:org.eclipse.text/maven-metadata.xml in local (/home/spirals/danglot/.m2/repository)
[DEBUG] Skipped remote request for org.eclipse.platform:org.eclipse.text/maven-metadata.xml, locally cached metadata up-to-date.
[DEBUG] Failure to find org.eclipse.platform:org.eclipse.text/maven-metadata.xml in https://repo.gradle.org/gradle/libs-releases-local/ was cached in the local repository, resolution will not be reattempted until the update interval of gradle-repo has elapsed or updates are forced
[DEBUG] Failure to find org.eclipse.platform:org.eclipse.text/maven-metadata.xml in https://oss.sonatype.org/content/repositories/snapshots was cached in the local repository, resolution will not be reattempted until the update interval of sonatype-nexus-snapshots has elapsed or updates are forced
[DEBUG] Failure to find org.eclipse.platform:org.eclipse.text/maven-metadata.xml in http://maven.inria.fr/artifactory/spoon-public-snapshot was cached in the local repository, resolution will not be reattempted until the update interval of maven.inria.fr-snapshot has elapsed or updates are forced
[DEBUG] Failure to find org.eclipse.platform:org.eclipse.text/maven-metadata.xml in http://maven.inria.fr/artifactory/triskell-public-release was cached in the local repository, resolution will not be reattempted until the update interval of inria has elapsed or updates are forced
[DEBUG] Using transporter WagonTransporter with priority -1.0 for https://stamp-project.github.io/stamp-maven-repository/
[DEBUG] Using connector BasicRepositoryConnector with priority 0.0 for https://stamp-project.github.io/stamp-maven-repository/
Downloading from stamp-maven-repository-mvn-repo: https://stamp-project.github.io/stamp-maven-repository/org/eclipse/platform/org.eclipse.text/maven-metadata.xml
[DEBUG] Writing tracking file /home/spirals/danglot/.m2/repository/org/eclipse/platform/org.eclipse.text/resolver-status.properties
[DEBUG] Could not find metadata org.eclipse.platform:org.eclipse.text/maven-metadata.xml in stamp-maven-repository-mvn-repo (https://stamp-project.github.io/stamp-maven-repository/)
[DEBUG] Could not find metadata org.eclipse.platform:org.eclipse.core.commands/maven-metadata.xml in local (/home/spirals/danglot/.m2/repository)
[DEBUG] Skipped remote request for org.eclipse.platform:org.eclipse.core.commands/maven-metadata.xml, locally cached metadata up-to-date.
[DEBUG] Failure to find org.eclipse.platform:org.eclipse.core.commands/maven-metadata.xml in https://repo.gradle.org/gradle/libs-releases-local/ was cached in the local repository, resolution will not be reattempted until the update interval of gradle-repo has elapsed or updates are forced
[DEBUG] Failure to find org.eclipse.platform:org.eclipse.core.commands/maven-metadata.xml in https://oss.sonatype.org/content/repositories/snapshots was cached in the local repository, resolution will not be reattempted until the update interval of sonatype-nexus-snapshots has elapsed or updates are forced
[DEBUG] Failure to find org.eclipse.platform:org.eclipse.core.commands/maven-metadata.xml in http://maven.inria.fr/artifactory/spoon-public-snapshot was cached in the local repository, resolution will not be reattempted until the update interval of maven.inria.fr-snapshot has elapsed or updates are forced
[DEBUG] Failure to find org.eclipse.platform:org.eclipse.core.commands/maven-metadata.xml in http://maven.inria.fr/artifactory/triskell-public-release was cached in the local repository, resolution will not be reattempted until the update interval of inria has elapsed or updates are forced
[DEBUG] Using transporter WagonTransporter with priority -1.0 for https://stamp-project.github.io/stamp-maven-repository/
[DEBUG] Using connector BasicRepositoryConnector with priority 0.0 for https://stamp-project.github.io/stamp-maven-repository/
Downloading from stamp-maven-repository-mvn-repo: https://stamp-project.github.io/stamp-maven-repository/org/eclipse/platform/org.eclipse.core.commands/maven-metadata.xml
[DEBUG] Writing tracking file /home/spirals/danglot/.m2/repository/org/eclipse/platform/org.eclipse.core.commands/resolver-status.properties
[DEBUG] Could not find metadata org.eclipse.platform:org.eclipse.core.commands/maven-metadata.xml in stamp-maven-repository-mvn-repo (https://stamp-project.github.io/stamp-maven-repository/)
[DEBUG] Could not find metadata org.eclipse.platform:org.eclipse.equinox.common/maven-metadata.xml in local (/home/spirals/danglot/.m2/repository)
[DEBUG] Skipped remote request for org.eclipse.platform:org.eclipse.equinox.common/maven-metadata.xml, locally cached metadata up-to-date.
[DEBUG] Skipped remote request for org.eclipse.platform:org.eclipse.equinox.common/maven-metadata.xml, already updated during this session.
[DEBUG] Failure to find org.eclipse.platform:org.eclipse.equinox.common/maven-metadata.xml in https://stamp-project.github.io/stamp-maven-repository/ was cached in the local repository, resolution will not be reattempted until the update interval of stamp-maven-repository-mvn-repo has elapsed or updates are forced
[DEBUG] Failure to find org.eclipse.platform:org.eclipse.equinox.common/maven-metadata.xml in https://repo.gradle.org/gradle/libs-releases-local/ was cached in the local repository, resolution will not be reattempted until the update interval of gradle-repo has elapsed or updates are forced
[DEBUG] Failure to find org.eclipse.platform:org.eclipse.equinox.common/maven-metadata.xml in https://oss.sonatype.org/content/repositories/snapshots was cached in the local repository, resolution will not be reattempted until the update interval of sonatype-nexus-snapshots has elapsed or updates are forced
[DEBUG] Failure to find org.eclipse.platform:org.eclipse.equinox.common/maven-metadata.xml in http://maven.inria.fr/artifactory/spoon-public-snapshot was cached in the local repository, resolution will not be reattempted until the update interval of maven.inria.fr-snapshot has elapsed or updates are forced
[DEBUG] Failure to find org.eclipse.platform:org.eclipse.equinox.common/maven-metadata.xml in http://maven.inria.fr/artifactory/triskell-public-release was cached in the local repository, resolution will not be reattempted until the update interval of inria has elapsed or updates are forced
[DEBUG] Could not find metadata org.eclipse.platform:org.eclipse.core.runtime/maven-metadata.xml in local (/home/spirals/danglot/.m2/repository)
[DEBUG] Skipped remote request for org.eclipse.platform:org.eclipse.core.runtime/maven-metadata.xml, locally cached metadata up-to-date.
[DEBUG] Skipped remote request for org.eclipse.platform:org.eclipse.core.runtime/maven-metadata.xml, already updated during this session.
[DEBUG] Failure to find org.eclipse.platform:org.eclipse.core.runtime/maven-metadata.xml in https://stamp-project.github.io/stamp-maven-repository/ was cached in the local repository, resolution will not be reattempted until the update interval of stamp-maven-repository-mvn-repo has elapsed or updates are forced
[DEBUG] Failure to find org.eclipse.platform:org.eclipse.core.runtime/maven-metadata.xml in https://repo.gradle.org/gradle/libs-releases-local/ was cached in the local repository, resolution will not be reattempted until the update interval of gradle-repo has elapsed or updates are forced
[DEBUG] Failure to find org.eclipse.platform:org.eclipse.core.runtime/maven-metadata.xml in https://oss.sonatype.org/content/repositories/snapshots was cached in the local repository, resolution will not be reattempted until the update interval of sonatype-nexus-snapshots has elapsed or updates are forced
[DEBUG] Failure to find org.eclipse.platform:org.eclipse.core.runtime/maven-metadata.xml in http://maven.inria.fr/artifactory/spoon-public-snapshot was cached in the local repository, resolution will not be reattempted until the update interval of maven.inria.fr-snapshot has elapsed or updates are forced
[DEBUG] Failure to find org.eclipse.platform:org.eclipse.core.runtime/maven-metadata.xml in http://maven.inria.fr/artifactory/triskell-public-release was cached in the local repository, resolution will not be reattempted until the update interval of inria has elapsed or updates are forced
[DEBUG] Dependency collection stats: {ConflictMarker.analyzeTime=6185304, ConflictMarker.markTime=2557621, ConflictMarker.nodeCount=672, ConflictIdSorter.graphTime=4614143, ConflictIdSorter.topsortTime=234167, ConflictIdSorter.conflictIdCount=98, ConflictIdSorter.conflictIdCycleCount=0, ConflictResolver.totalTime=20776531, ConflictResolver.conflictItemCount=307, DefaultDependencyCollector.collectTime=5138446757, DefaultDependencyCollector.transformTime=34594277}
[DEBUG] eu.stamp-project:dspot-maven:jar:1.1.1-SNAPSHOT:
[DEBUG]    eu.stamp-project:dspot:jar:1.1.1-SNAPSHOT:compile
[DEBUG]       fr.inria.gforge.spoon:spoon-core:jar:7.1.0-SNAPSHOT:compile
[DEBUG]          org.eclipse.jdt:org.eclipse.jdt.core:jar:3.13.102:compile
[DEBUG]             org.eclipse.platform:org.eclipse.core.resources:jar:3.13.100:compile
[DEBUG]                org.eclipse.platform:org.eclipse.core.expressions:jar:3.6.200:compile
[DEBUG]             org.eclipse.platform:org.eclipse.core.runtime:jar:3.15.0:compile
[DEBUG]                org.eclipse.platform:org.eclipse.osgi:jar:3.13.100:compile
[DEBUG]                org.eclipse.platform:org.eclipse.equinox.common:jar:3.10.100:compile
[DEBUG]                org.eclipse.platform:org.eclipse.core.jobs:jar:3.10.100:compile
[DEBUG]                org.eclipse.platform:org.eclipse.equinox.registry:jar:3.8.100:compile
[DEBUG]                org.eclipse.platform:org.eclipse.equinox.preferences:jar:3.7.200:compile
[DEBUG]                org.eclipse.platform:org.eclipse.core.contenttype:jar:3.7.100:compile
[DEBUG]                org.eclipse.platform:org.eclipse.equinox.app:jar:1.3.600:compile
[DEBUG]             org.eclipse.platform:org.eclipse.core.filesystem:jar:1.7.200:compile
[DEBUG]             org.eclipse.platform:org.eclipse.text:jar:3.7.0:compile
[DEBUG]                org.eclipse.platform:org.eclipse.core.commands:jar:3.9.200:compile
[DEBUG]          com.martiansoftware:jsap:jar:2.1:compile
[DEBUG]          log4j:log4j:jar:1.2.17:compile
[DEBUG]          com.fasterxml.jackson.core:jackson-databind:jar:2.9.2:compile
[DEBUG]             com.fasterxml.jackson.core:jackson-annotations:jar:2.9.0:compile
[DEBUG]             com.fasterxml.jackson.core:jackson-core:jar:2.9.2:compile
[DEBUG]          org.benf:cfr:jar:0.132.0:compile
[DEBUG]       junit:junit:jar:4.12:compile
[DEBUG]          org.hamcrest:hamcrest-core:jar:1.3:compile
[DEBUG]       com.google.code.gson:gson:jar:2.8.0:compile
[DEBUG]       org.apache.maven.shared:maven-invoker:jar:3.0.0:compile
[DEBUG]       org.slf4j:slf4j-api:jar:1.7.25:compile
[DEBUG]       org.slf4j:slf4j-log4j12:jar:1.7.25:compile
[DEBUG]       org.jacoco:org.jacoco.core:jar:0.7.9:compile
[DEBUG]          org.ow2.asm:asm-debug-all:jar:5.2:compile
[DEBUG]       eu.stamp-project:descartes:jar:1.1:compile
[DEBUG]          org.pitest:pitest:jar:1.2.0:compile
[DEBUG]          org.pitest:pitest-entry:jar:1.2.0:compile
[DEBUG]             com.thoughtworks.xstream:xstream:jar:1.4.8:compile
[DEBUG]                xmlpull:xmlpull:jar:1.1.3.1:compile
[DEBUG]                xpp3:xpp3_min:jar:1.1.4c:compile
[DEBUG]       org.gradle:gradle-tooling-api:jar:4.0.1:compile
[DEBUG]       org.mockito:mockito-core:jar:2.10.0:compile
[DEBUG]          net.bytebuddy:byte-buddy:jar:1.7.4:runtime
[DEBUG]          net.bytebuddy:byte-buddy-agent:jar:1.7.4:runtime
[DEBUG]          org.objenesis:objenesis:jar:2.6:runtime
[DEBUG]       eu.stamp-project:test-runner:jar:jar-with-dependencies:1.1.0:compile
[DEBUG]       org.openclover:clover:jar:4.2.1:compile
[DEBUG]       fr.inria.gforge.spoon.labs:gumtree-spoon-ast-diff:jar:1.3:compile
[DEBUG]          com.github.gumtreediff:core:jar:2.0.0:compile
[DEBUG]             com.github.mpkorstanje:simmetrics-core:jar:3.0.3:compile
[DEBUG]                commons-codec:commons-codec:jar:1.10:compile
[DEBUG]             net.sf.trove4j:trove4j:jar:3.0.3:compile
[DEBUG]    org.apache.maven:maven-plugin-api:jar:3.5.0:compile
[DEBUG]       org.apache.maven:maven-artifact:jar:3.5.0:compile
[DEBUG]       org.eclipse.sisu:org.eclipse.sisu.plexus:jar:0.3.3:compile
[DEBUG]          javax.enterprise:cdi-api:jar:1.0:compile
[DEBUG]             javax.annotation:jsr250-api:jar:1.0:compile
[DEBUG]          org.eclipse.sisu:org.eclipse.sisu.inject:jar:0.3.3:compile
[DEBUG]    org.apache.maven.plugin-testing:maven-plugin-testing-harness:jar:3.3.0:compile
[DEBUG]       commons-io:commons-io:jar:2.2:compile
[DEBUG]       org.codehaus.plexus:plexus-archiver:jar:2.2:compile
[DEBUG]          org.codehaus.plexus:plexus-io:jar:2.0.4:compile
[DEBUG]    org.apache.maven:maven-compat:jar:3.5.0:compile
[DEBUG]       org.apache.maven:maven-model-builder:jar:3.5.0:compile
[DEBUG]          org.apache.maven:maven-builder-support:jar:3.5.0:compile
[DEBUG]          com.google.guava:guava:jar:20.0:compile
[DEBUG]       org.apache.maven:maven-settings:jar:3.5.0:compile
[DEBUG]       org.apache.maven:maven-resolver-provider:jar:3.5.0:compile
[DEBUG]       org.apache.maven.resolver:maven-resolver-api:jar:1.0.3:compile
[DEBUG]       org.apache.maven.resolver:maven-resolver-util:jar:1.0.3:compile
[DEBUG]       org.apache.maven.resolver:maven-resolver-impl:jar:1.0.3:compile
[DEBUG]       org.codehaus.plexus:plexus-utils:jar:3.0.24:compile
[DEBUG]       org.codehaus.plexus:plexus-interpolation:jar:1.24:compile
[DEBUG]       org.codehaus.plexus:plexus-component-annotations:jar:1.7.1:compile
[DEBUG]       org.apache.maven.wagon:wagon-provider-api:jar:2.12:compile
[DEBUG]    org.apache.maven:maven-core:jar:3.5.0:compile
[DEBUG]       org.apache.maven:maven-settings-builder:jar:3.5.0:compile
[DEBUG]       org.apache.maven:maven-repository-metadata:jar:3.5.0:compile
[DEBUG]       org.apache.maven.resolver:maven-resolver-spi:jar:1.0.3:compile
[DEBUG]       org.apache.maven.shared:maven-shared-utils:jar:3.1.0:compile
[DEBUG]       com.google.inject:guice:jar:no_aop:4.0:compile
[DEBUG]          javax.inject:javax.inject:jar:1:compile
[DEBUG]          aopalliance:aopalliance:jar:1.0:compile
[DEBUG]       org.codehaus.plexus:plexus-classworlds:jar:2.5.2:compile
[DEBUG]       org.sonatype.plexus:plexus-sec-dispatcher:jar:1.4:compile
[DEBUG]          org.sonatype.plexus:plexus-cipher:jar:1.4:compile
[DEBUG]       org.apache.commons:commons-lang3:jar:3.5:compile
[DEBUG]    org.apache.maven:maven-model:jar:3.5.0:compile
[DEBUG]    org.apache.maven:maven-aether-provider:jar:3.3.9:compile
[DEBUG]       org.eclipse.aether:aether-api:jar:1.0.2.v20150114:compile
[DEBUG]       org.eclipse.aether:aether-spi:jar:1.0.2.v20150114:compile
[DEBUG]       org.eclipse.aether:aether-util:jar:1.0.2.v20150114:compile
[DEBUG]       org.eclipse.aether:aether-impl:jar:1.0.2.v20150114:compile
[DEBUG]    org.apache.maven:maven-project:jar:2.2.1:compile
[DEBUG]       org.apache.maven:maven-profile:jar:2.2.1:compile
[DEBUG]       org.apache.maven:maven-artifact-manager:jar:2.2.1:compile
[DEBUG]          backport-util-concurrent:backport-util-concurrent:jar:3.1:compile
[DEBUG]       org.apache.maven:maven-plugin-registry:jar:2.2.1:compile
[DEBUG]       org.codehaus.plexus:plexus-container-default:jar:1.0-alpha-9-stable-1:compile
[DEBUG]          classworlds:classworlds:jar:1.1-alpha-2:compile
[DEBUG] Created new class realm plugin>eu.stamp-project:dspot-maven:1.1.1-SNAPSHOT
[DEBUG] Importing foreign packages into class realm plugin>eu.stamp-project:dspot-maven:1.1.1-SNAPSHOT
[DEBUG]   Imported:  < maven.api
[DEBUG] Populating class realm plugin>eu.stamp-project:dspot-maven:1.1.1-SNAPSHOT
[DEBUG]   Included: eu.stamp-project:dspot-maven:jar:1.1.1-SNAPSHOT
[DEBUG]   Included: eu.stamp-project:dspot:jar:1.1.1-SNAPSHOT
[DEBUG]   Included: fr.inria.gforge.spoon:spoon-core:jar:7.1.0-SNAPSHOT
[DEBUG]   Included: org.eclipse.jdt:org.eclipse.jdt.core:jar:3.13.102
[DEBUG]   Included: org.eclipse.platform:org.eclipse.core.resources:jar:3.13.100
[DEBUG]   Included: org.eclipse.platform:org.eclipse.core.expressions:jar:3.6.200
[DEBUG]   Included: org.eclipse.platform:org.eclipse.core.runtime:jar:3.15.0
[DEBUG]   Included: org.eclipse.platform:org.eclipse.osgi:jar:3.13.100
[DEBUG]   Included: org.eclipse.platform:org.eclipse.equinox.common:jar:3.10.100
[DEBUG]   Included: org.eclipse.platform:org.eclipse.core.jobs:jar:3.10.100
[DEBUG]   Included: org.eclipse.platform:org.eclipse.equinox.registry:jar:3.8.100
[DEBUG]   Included: org.eclipse.platform:org.eclipse.equinox.preferences:jar:3.7.200
[DEBUG]   Included: org.eclipse.platform:org.eclipse.core.contenttype:jar:3.7.100
[DEBUG]   Included: org.eclipse.platform:org.eclipse.equinox.app:jar:1.3.600
[DEBUG]   Included: org.eclipse.platform:org.eclipse.core.filesystem:jar:1.7.200
[DEBUG]   Included: org.eclipse.platform:org.eclipse.text:jar:3.7.0
[DEBUG]   Included: org.eclipse.platform:org.eclipse.core.commands:jar:3.9.200
[DEBUG]   Included: com.martiansoftware:jsap:jar:2.1
[DEBUG]   Included: log4j:log4j:jar:1.2.17
[DEBUG]   Included: com.fasterxml.jackson.core:jackson-databind:jar:2.9.2
[DEBUG]   Included: com.fasterxml.jackson.core:jackson-annotations:jar:2.9.0
[DEBUG]   Included: com.fasterxml.jackson.core:jackson-core:jar:2.9.2
[DEBUG]   Included: org.benf:cfr:jar:0.132.0
[DEBUG]   Included: junit:junit:jar:4.12
[DEBUG]   Included: org.hamcrest:hamcrest-core:jar:1.3
[DEBUG]   Included: com.google.code.gson:gson:jar:2.8.0
[DEBUG]   Included: org.apache.maven.shared:maven-invoker:jar:3.0.0
[DEBUG]   Included: org.slf4j:slf4j-log4j12:jar:1.7.25
[DEBUG]   Included: org.jacoco:org.jacoco.core:jar:0.7.9
[DEBUG]   Included: org.ow2.asm:asm-debug-all:jar:5.2
[DEBUG]   Included: eu.stamp-project:descartes:jar:1.1
[DEBUG]   Included: org.pitest:pitest:jar:1.2.0
[DEBUG]   Included: org.pitest:pitest-entry:jar:1.2.0
[DEBUG]   Included: com.thoughtworks.xstream:xstream:jar:1.4.8
[DEBUG]   Included: xmlpull:xmlpull:jar:1.1.3.1
[DEBUG]   Included: xpp3:xpp3_min:jar:1.1.4c
[DEBUG]   Included: org.gradle:gradle-tooling-api:jar:4.0.1
[DEBUG]   Included: org.mockito:mockito-core:jar:2.10.0
[DEBUG]   Included: net.bytebuddy:byte-buddy:jar:1.7.4
[DEBUG]   Included: net.bytebuddy:byte-buddy-agent:jar:1.7.4
[DEBUG]   Included: org.objenesis:objenesis:jar:2.6
[DEBUG]   Included: eu.stamp-project:test-runner:jar:jar-with-dependencies:1.1.0
[DEBUG]   Included: org.openclover:clover:jar:4.2.1
[DEBUG]   Included: fr.inria.gforge.spoon.labs:gumtree-spoon-ast-diff:jar:1.3
[DEBUG]   Included: com.github.gumtreediff:core:jar:2.0.0
[DEBUG]   Included: com.github.mpkorstanje:simmetrics-core:jar:3.0.3
[DEBUG]   Included: commons-codec:commons-codec:jar:1.10
[DEBUG]   Included: net.sf.trove4j:trove4j:jar:3.0.3
[DEBUG]   Included: javax.enterprise:cdi-api:jar:1.0
[DEBUG]   Included: org.eclipse.sisu:org.eclipse.sisu.inject:jar:0.3.3
[DEBUG]   Included: org.apache.maven.plugin-testing:maven-plugin-testing-harness:jar:3.3.0
[DEBUG]   Included: commons-io:commons-io:jar:2.2
[DEBUG]   Included: org.codehaus.plexus:plexus-archiver:jar:2.2
[DEBUG]   Included: org.codehaus.plexus:plexus-io:jar:2.0.4
[DEBUG]   Included: org.apache.maven:maven-builder-support:jar:3.5.0
[DEBUG]   Included: com.google.guava:guava:jar:20.0
[DEBUG]   Included: org.apache.maven.resolver:maven-resolver-util:jar:1.0.3
[DEBUG]   Included: org.codehaus.plexus:plexus-utils:jar:3.0.24
[DEBUG]   Included: org.codehaus.plexus:plexus-interpolation:jar:1.24
[DEBUG]   Included: org.codehaus.plexus:plexus-component-annotations:jar:1.7.1
[DEBUG]   Included: org.apache.maven.shared:maven-shared-utils:jar:3.1.0
[DEBUG]   Included: com.google.inject:guice:jar:no_aop:4.0
[DEBUG]   Included: aopalliance:aopalliance:jar:1.0
[DEBUG]   Included: org.sonatype.plexus:plexus-sec-dispatcher:jar:1.4
[DEBUG]   Included: org.sonatype.plexus:plexus-cipher:jar:1.4
[DEBUG]   Included: org.apache.commons:commons-lang3:jar:3.5
[DEBUG]   Included: org.eclipse.aether:aether-util:jar:1.0.2.v20150114
[DEBUG]   Included: backport-util-concurrent:backport-util-concurrent:jar:3.1
[DEBUG] Configuring mojo eu.stamp-project:dspot-maven:1.1.1-SNAPSHOT:amplify-unit-tests from plugin realm ClassRealm[plugin>eu.stamp-project:dspot-maven:1.1.1-SNAPSHOT, parent: sun.misc.Launcher$AppClassLoader@55f96302]
[DEBUG] Configuring mojo 'eu.stamp-project:dspot-maven:1.1.1-SNAPSHOT:amplify-unit-tests' with basic configurator -->
[DEBUG]   (f) amplifiers = [TestDataMutator, MethodAdd, MethodRemove, MethodGeneratorAmplifier, ReturnValueAmplifier, NullifierAmplifier]
[DEBUG]   (f) automaticBuilder = MavenBuilder
[DEBUG]   (f) budgetizer = SimpleBudgetizer
[DEBUG]   (f) cases = []
[DEBUG]   (f) clean = true
[DEBUG]   (f) descartes = false
[DEBUG]   (f) example = false
[DEBUG]   (f) generateNewTestClass = true
[DEBUG]   (f) help = false
[DEBUG]   (f) iteration = 3
[DEBUG]   (f) maxTestAmplified = 200
[DEBUG]   (f) noMinimize = false
[DEBUG]   (f) outputPath = /tmp/icst-2019/september-2018/result/commons-lang/commit_0_bff7521/input_amplification
[DEBUG]   (f) pathToSecondVersion = /tmp/icst-2019/september-2018/dataset/commons-lang
[DEBUG]   (f) pathToTestListCsv = /tmp/icst-2019/september-2018/result/commons-lang/commit_0_bff7521/testsThatExecuteTheChanges.csv
[DEBUG]   (f) project = MavenProject: org.apache.commons:commons-lang3:3.9-SNAPSHOT @ /tmp/icst-2019/september-2018/dataset/commons-lang_parent/pom.xml
[DEBUG]   (f) randomSeed = 23
[DEBUG]   (f) test = [all]
[DEBUG]   (f) testCriterion = ChangeDetectorSelector
[DEBUG]   (f) timeOut = 10000
[DEBUG]   (f) useMavenToExeTest = false
[DEBUG]   (f) verbose = true
[DEBUG]   (f) withComment = false
[DEBUG]   (f) workingDirectory = false
[DEBUG] -- end configuration --
[INFO] Path to runner Classes: /home/spirals/danglot/.m2/repository/eu/stamp-project/test-runner/1.1.0/test-runner-1.1.0-jar-with-dependencies.jar
[INFO] /home/spirals/danglot/.m2/repository/org/jacoco/org.jacoco.core/0.7.9/org.jacoco.core-0.7.9.jar
[INFO] /home/spirals/danglot/.m2/repository/org/ow2/asm/asm-debug-all/5.2/asm-debug-all-5.2.jar
[INFO] /home/spirals/danglot/.m2/repository/eu/stamp-project/test-runner/1.1.0/test-runner-1.1.0-jar-with-dependencies.jar
[WARNING] automaticBuilderName: unknown automatic builder specified in configuration, going to default.
[INFO] Default: provided Maven automatic builder.
[INFO] Using /home/spirals/danglot/apache-maven-3.5.4 for maven home
[INFO] run maven: {}/bin/mvn /home/spirals/danglot/apache-maven-3.5.4
[WARN] Maven will be executed in interactive mode, but no input stream has been configured for this MavenInvoker instance.
[INFO] Scanning for projects...
[INFO] 
[INFO] ------------------< org.apache.commons:commons-lang3 >------------------
[INFO] Building Apache Commons Lang 3.9-SNAPSHOT
[INFO] --------------------------------[ jar ]---------------------------------
[INFO] 
[INFO] --- maven-clean-plugin:3.0.0:clean (default-clean) @ commons-lang3 ---
[INFO] Deleting /tmp/icst-2019/september-2018/dataset/commons-lang_parent/target
[INFO] 
[INFO] --- maven-enforcer-plugin:3.0.0-M2:enforce (enforce-maven-version) @ commons-lang3 ---
[INFO] Skipping Rule Enforcement.
[INFO] 
[INFO] --- maven-enforcer-plugin:3.0.0-M2:enforce (enforce-maven-3) @ commons-lang3 ---
[INFO] Skipping Rule Enforcement.
[INFO] 
[INFO] --- build-helper-maven-plugin:3.0.0:parse-version (parse-version) @ commons-lang3 ---
[INFO] 
[INFO] --- maven-antrun-plugin:1.8:run (javadoc.resources) @ commons-lang3 ---
[INFO] Executing tasks

main:
     [copy] Copying 2 files to /tmp/icst-2019/september-2018/dataset/commons-lang_parent/target/apidocs/META-INF
[INFO] Executed tasks
[INFO] 
[INFO] --- maven-remote-resources-plugin:1.5:process (process-resource-bundles) @ commons-lang3 ---
[INFO] 
[INFO] --- buildnumber-maven-plugin:1.4:create (default) @ commons-lang3 ---
[INFO] Executing: /bin/sh -c cd '/tmp/icst-2019/september-2018/dataset/commons-lang_parent' && 'git' 'rev-parse' '--verify' 'HEAD'
[INFO] Working directory: /tmp/icst-2019/september-2018/dataset/commons-lang_parent
[INFO] Storing buildNumber: 9fb4f47f352dc1c1f5f20de80840d39e1eebb985 at timestamp: 1538233961476
[INFO] Storing buildScmBranch: master
[INFO] 
[INFO] --- maven-resources-plugin:3.0.2:resources (default-resources) @ commons-lang3 ---
[INFO] Using 'ISO-8859-1' encoding to copy filtered resources.
[INFO] skip non existing resourceDirectory /tmp/icst-2019/september-2018/dataset/commons-lang_parent/src/main/resources
[INFO] Copying 2 resources to META-INF
[INFO] 
[INFO] --- maven-compiler-plugin:3.7.0:compile (default-compile) @ commons-lang3 ---
[INFO] Changes detected - recompiling the module!
[INFO] Compiling 153 source files to /tmp/icst-2019/september-2018/dataset/commons-lang_parent/target/classes
[INFO] /tmp/icst-2019/september-2018/dataset/commons-lang_parent/src/main/java/org/apache/commons/lang3/builder/ToStringStyle.java: Some input files use or override a deprecated API.
[INFO] /tmp/icst-2019/september-2018/dataset/commons-lang_parent/src/main/java/org/apache/commons/lang3/builder/ToStringStyle.java: Recompile with -Xlint:deprecation for details.
[INFO] /tmp/icst-2019/september-2018/dataset/commons-lang_parent/src/main/java/org/apache/commons/lang3/text/StrBuilder.java: Some input files use unchecked or unsafe operations.
[INFO] /tmp/icst-2019/september-2018/dataset/commons-lang_parent/src/main/java/org/apache/commons/lang3/text/StrBuilder.java: Recompile with -Xlint:unchecked for details.
[INFO] 
[INFO] --- maven-bundle-plugin:3.5.0:manifest (bundle-manifest) @ commons-lang3 ---
[INFO] 
[INFO] --- animal-sniffer-maven-plugin:1.16:check (checkAPIcompatibility) @ commons-lang3 ---
[INFO] Checking unresolved references to org.codehaus.mojo.signature:java18:1.0
[INFO] 
[INFO] --- maven-resources-plugin:3.0.2:testResources (default-testResources) @ commons-lang3 ---
[INFO] Using 'ISO-8859-1' encoding to copy filtered resources.
[INFO] Copying 2 resources
[INFO] Copying 2 resources to META-INF
[INFO] 
[INFO] --- maven-compiler-plugin:3.7.0:testCompile (default-testCompile) @ commons-lang3 ---
[INFO] Changes detected - recompiling the module!
[INFO] Compiling 174 source files to /tmp/icst-2019/september-2018/dataset/commons-lang_parent/target/test-classes
[INFO] /tmp/icst-2019/september-2018/dataset/commons-lang_parent/src/test/java/org/apache/commons/lang3/StringEscapeUtilsTest.java: Some input files use or override a deprecated API.
[INFO] /tmp/icst-2019/september-2018/dataset/commons-lang_parent/src/test/java/org/apache/commons/lang3/StringEscapeUtilsTest.java: Recompile with -Xlint:deprecation for details.
[INFO] /tmp/icst-2019/september-2018/dataset/commons-lang_parent/src/test/java/org/apache/commons/lang3/EnumUtilsTest.java: /tmp/icst-2019/september-2018/dataset/commons-lang_parent/src/test/java/org/apache/commons/lang3/EnumUtilsTest.java uses unchecked or unsafe operations.
[INFO] /tmp/icst-2019/september-2018/dataset/commons-lang_parent/src/test/java/org/apache/commons/lang3/EnumUtilsTest.java: Recompile with -Xlint:unchecked for details.
[INFO] 
[INFO] --- maven-surefire-plugin:2.22.0:test (default-test) @ commons-lang3 ---
[INFO] Tests are skipped.
[INFO] 
[INFO] --- maven-dependency-plugin:2.10:build-classpath (default-cli) @ commons-lang3 ---
[INFO] Wrote classpath file '/tmp/icst-2019/september-2018/dataset/commons-lang_parent/target/dspot/classpath'.
[INFO] ------------------------------------------------------------------------
[INFO] BUILD SUCCESS
[INFO] ------------------------------------------------------------------------
[INFO] Total time: 24.561 s
[INFO] Finished at: 2018-09-29T17:13:01+02:00
[INFO] ------------------------------------------------------------------------
[INFO] Using /home/spirals/danglot/apache-maven-3.5.4 for maven home
[INFO] run maven: {}/bin/mvn /home/spirals/danglot/apache-maven-3.5.4
[WARN] Maven will be executed in interactive mode, but no input stream has been configured for this MavenInvoker instance.
[INFO] Scanning for projects...
[INFO] 
[INFO] ------------------< org.apache.commons:commons-lang3 >------------------
[INFO] Building Apache Commons Lang 3.9-SNAPSHOT
[INFO] --------------------------------[ jar ]---------------------------------
[INFO] 
[INFO] --- maven-clean-plugin:3.0.0:clean (default-clean) @ commons-lang3 ---
[INFO] Deleting /tmp/icst-2019/september-2018/dataset/commons-lang/target
[INFO] 
[INFO] --- maven-enforcer-plugin:3.0.0-M2:enforce (enforce-maven-version) @ commons-lang3 ---
[INFO] Skipping Rule Enforcement.
[INFO] 
[INFO] --- maven-enforcer-plugin:3.0.0-M2:enforce (enforce-maven-3) @ commons-lang3 ---
[INFO] Skipping Rule Enforcement.
[INFO] 
[INFO] --- build-helper-maven-plugin:3.0.0:parse-version (parse-version) @ commons-lang3 ---
[INFO] 
[INFO] --- maven-antrun-plugin:1.8:run (javadoc.resources) @ commons-lang3 ---
[INFO] Executing tasks

main:
     [copy] Copying 2 files to /tmp/icst-2019/september-2018/dataset/commons-lang/target/apidocs/META-INF
[INFO] Executed tasks
[INFO] 
[INFO] --- maven-remote-resources-plugin:1.5:process (process-resource-bundles) @ commons-lang3 ---
[INFO] 
[INFO] --- buildnumber-maven-plugin:1.4:create (default) @ commons-lang3 ---
[INFO] Executing: /bin/sh -c cd '/tmp/icst-2019/september-2018/dataset/commons-lang' && 'git' 'rev-parse' '--verify' 'HEAD'
[INFO] Working directory: /tmp/icst-2019/september-2018/dataset/commons-lang
[INFO] Storing buildNumber: bff752134ba7626ca4cdb11a5a8d743d03af4cd8 at timestamp: 1538234001801
[INFO] Storing buildScmBranch: master
[INFO] 
[INFO] --- maven-resources-plugin:3.0.2:resources (default-resources) @ commons-lang3 ---
[INFO] Using 'ISO-8859-1' encoding to copy filtered resources.
[INFO] skip non existing resourceDirectory /tmp/icst-2019/september-2018/dataset/commons-lang/src/main/resources
[INFO] Copying 2 resources to META-INF
[INFO] 
[INFO] --- maven-compiler-plugin:3.7.0:compile (default-compile) @ commons-lang3 ---
[INFO] Changes detected - recompiling the module!
[INFO] Compiling 153 source files to /tmp/icst-2019/september-2018/dataset/commons-lang/target/classes
[INFO] /tmp/icst-2019/september-2018/dataset/commons-lang/src/main/java/org/apache/commons/lang3/builder/ToStringStyle.java: Some input files use or override a deprecated API.
[INFO] /tmp/icst-2019/september-2018/dataset/commons-lang/src/main/java/org/apache/commons/lang3/builder/ToStringStyle.java: Recompile with -Xlint:deprecation for details.
[INFO] /tmp/icst-2019/september-2018/dataset/commons-lang/src/main/java/org/apache/commons/lang3/text/StrBuilder.java: Some input files use unchecked or unsafe operations.
[INFO] /tmp/icst-2019/september-2018/dataset/commons-lang/src/main/java/org/apache/commons/lang3/text/StrBuilder.java: Recompile with -Xlint:unchecked for details.
[INFO] 
[INFO] --- maven-bundle-plugin:3.5.0:manifest (bundle-manifest) @ commons-lang3 ---
[INFO] 
[INFO] --- animal-sniffer-maven-plugin:1.16:check (checkAPIcompatibility) @ commons-lang3 ---
[INFO] Checking unresolved references to org.codehaus.mojo.signature:java18:1.0
[INFO] 
[INFO] --- maven-resources-plugin:3.0.2:testResources (default-testResources) @ commons-lang3 ---
[INFO] Using 'ISO-8859-1' encoding to copy filtered resources.
[INFO] Copying 2 resources
[INFO] Copying 2 resources to META-INF
[INFO] 
[INFO] --- maven-compiler-plugin:3.7.0:testCompile (default-testCompile) @ commons-lang3 ---
[INFO] Changes detected - recompiling the module!
[INFO] Compiling 174 source files to /tmp/icst-2019/september-2018/dataset/commons-lang/target/test-classes
[INFO] /tmp/icst-2019/september-2018/dataset/commons-lang/src/test/java/org/apache/commons/lang3/StringUtilsTest.java: Some input files use or override a deprecated API.
[INFO] /tmp/icst-2019/september-2018/dataset/commons-lang/src/test/java/org/apache/commons/lang3/StringUtilsTest.java: Recompile with -Xlint:deprecation for details.
[INFO] /tmp/icst-2019/september-2018/dataset/commons-lang/src/test/java/org/apache/commons/lang3/EnumUtilsTest.java: /tmp/icst-2019/september-2018/dataset/commons-lang/src/test/java/org/apache/commons/lang3/EnumUtilsTest.java uses unchecked or unsafe operations.
[INFO] /tmp/icst-2019/september-2018/dataset/commons-lang/src/test/java/org/apache/commons/lang3/EnumUtilsTest.java: Recompile with -Xlint:unchecked for details.
[INFO] 
[INFO] --- maven-surefire-plugin:2.22.0:test (default-test) @ commons-lang3 ---
[INFO] Tests are skipped.
[INFO] 
[INFO] --- maven-dependency-plugin:2.10:build-classpath (default-cli) @ commons-lang3 ---
[INFO] Wrote classpath file '/tmp/icst-2019/september-2018/dataset/commons-lang/target/dspot/classpath'.
[INFO] ------------------------------------------------------------------------
[INFO] BUILD SUCCESS
[INFO] ------------------------------------------------------------------------
[INFO] Total time: 23.070 s
[INFO] Finished at: 2018-09-29T17:13:40+02:00
[INFO] ------------------------------------------------------------------------
[INFO] Amplification of org.apache.commons.lang3.reflect.MethodUtilsTest (5 test(s))
[INFO] Assertion amplification of org.apache.commons.lang3.reflect.MethodUtilsTest (5 test(s))
[INFO] Run: java -classpath /tmp/icst-2019/september-2018/dataset/commons-lang_parent/target/test-classes:/tmp/icst-2019/september-2018/dataset/commons-lang_parent/target/classes/:/home/spirals/danglot/.m2/repository/junit/junit/4.12/junit-4.12.jar:/home/spirals/danglot/.m2/repository/org/hamcrest/hamcrest-core/1.3/hamcrest-core-1.3.jar:/home/spirals/danglot/.m2/repository/org/hamcrest/hamcrest-all/1.3/hamcrest-all-1.3.jar:/home/spirals/danglot/.m2/repository/org/easymock/easymock/3.6/easymock-3.6.jar:/home/spirals/danglot/.m2/repository/org/objenesis/objenesis/2.6/objenesis-2.6.jar:/home/spirals/danglot/.m2/repository/org/openjdk/jmh/jmh-core/1.21/jmh-core-1.21.jar:/home/spirals/danglot/.m2/repository/net/sf/jopt-simple/jopt-simple/4.6/jopt-simple-4.6.jar:/home/spirals/danglot/.m2/repository/org/apache/commons/commons-math3/3.2/commons-math3-3.2.jar:/home/spirals/danglot/.m2/repository/org/openjdk/jmh/jmh-generator-annprocess/1.21/jmh-generator-annprocess-1.21.jar:/tmp/icst-2019/september-2018/dataset/commons-lang_parent/target/dspot/dependencies/:/home/spirals/danglot/.m2/repository/eu/stamp-project/test-runner/1.1.0/test-runner-1.1.0-jar-with-dependencies.jar eu.stamp_project.testrunner.runner.test.TestRunner org.apache.commons.lang3.reflect.MethodUtilsTest testInvokeMethod:testGetMatchingAccessibleMethod:testInvokeStaticMethod:testInvokeJavaVarargsOverloadingResolution:testGetMatchingAccessibleMethod
File saved to the following path: /tmp/icst-2019/september-2018/dataset/commons-lang_parent/target/dspot/TestListener.ser
Loading /tmp/icst-2019/september-2018/dataset/commons-lang_parent/target/dspot/TestListener.ser
[INFO] Test has been run: testInvokeStaticMethod,testGetMatchingAccessibleMethod,testInvokeMethod,testInvokeJavaVarargsOverloadingResolution
[INFO] Run tests. (5)
[INFO] Run: java -classpath /tmp/icst-2019/september-2018/dataset/commons-lang_parent/target/test-classes:/tmp/icst-2019/september-2018/dataset/commons-lang_parent/target/classes/:/home/spirals/danglot/.m2/repository/junit/junit/4.12/junit-4.12.jar:/home/spirals/danglot/.m2/repository/org/hamcrest/hamcrest-core/1.3/hamcrest-core-1.3.jar:/home/spirals/danglot/.m2/repository/org/hamcrest/hamcrest-all/1.3/hamcrest-all-1.3.jar:/home/spirals/danglot/.m2/repository/org/easymock/easymock/3.6/easymock-3.6.jar:/home/spirals/danglot/.m2/repository/org/objenesis/objenesis/2.6/objenesis-2.6.jar:/home/spirals/danglot/.m2/repository/org/openjdk/jmh/jmh-core/1.21/jmh-core-1.21.jar:/home/spirals/danglot/.m2/repository/net/sf/jopt-simple/jopt-simple/4.6/jopt-simple-4.6.jar:/home/spirals/danglot/.m2/repository/org/apache/commons/commons-math3/3.2/commons-math3-3.2.jar:/home/spirals/danglot/.m2/repository/org/openjdk/jmh/jmh-generator-annprocess/1.21/jmh-generator-annprocess-1.21.jar:/tmp/icst-2019/september-2018/dataset/commons-lang_parent/target/dspot/dependencies/:/home/spirals/danglot/.m2/repository/eu/stamp-project/test-runner/1.1.0/test-runner-1.1.0-jar-with-dependencies.jar eu.stamp_project.testrunner.runner.test.TestRunner org.apache.commons.lang3.reflect.MethodUtilsTest testInvokeMethod:testGetMatchingAccessibleMethod:testInvokeStaticMethod:testInvokeJavaVarargsOverloadingResolution:testGetMatchingAccessibleMethod
File saved to the following path: /tmp/icst-2019/september-2018/dataset/commons-lang_parent/target/dspot/TestListener.ser
Loading /tmp/icst-2019/september-2018/dataset/commons-lang_parent/target/dspot/TestListener.ser
[INFO] Test has been run: testInvokeStaticMethod,testGetMatchingAccessibleMethod,testInvokeMethod,testInvokeJavaVarargsOverloadingResolution
[INFO] 4 test pass, generating assertion...
[INFO] Add observations points in passing tests.
[INFO] Instrumentation...
 20% |========== ]/ 40% |==================== ]- 60% |============================== ]\ 80% |======================================== ]|100% |================================================== ]/
[INFO] Run instrumented tests. (15)
[INFO] Run: java -classpath /tmp/icst-2019/september-2018/dataset/commons-lang_parent/target/test-classes:/tmp/icst-2019/september-2018/dataset/commons-lang_parent/target/classes/:/home/spirals/danglot/.m2/repository/junit/junit/4.12/junit-4.12.jar:/home/spirals/danglot/.m2/repository/org/hamcrest/hamcrest-core/1.3/hamcrest-core-1.3.jar:/home/spirals/danglot/.m2/repository/org/hamcrest/hamcrest-all/1.3/hamcrest-all-1.3.jar:/home/spirals/danglot/.m2/repository/org/easymock/easymock/3.6/easymock-3.6.jar:/home/spirals/danglot/.m2/repository/org/objenesis/objenesis/2.6/objenesis-2.6.jar:/home/spirals/danglot/.m2/repository/org/openjdk/jmh/jmh-core/1.21/jmh-core-1.21.jar:/home/spirals/danglot/.m2/repository/net/sf/jopt-simple/jopt-simple/4.6/jopt-simple-4.6.jar:/home/spirals/danglot/.m2/repository/org/apache/commons/commons-math3/3.2/commons-math3-3.2.jar:/home/spirals/danglot/.m2/repository/org/openjdk/jmh/jmh-generator-annprocess/1.21/jmh-generator-annprocess-1.21.jar:/tmp/icst-2019/september-2018/dataset/commons-lang_parent/target/dspot/dependencies/:/home/spirals/danglot/.m2/repository/eu/stamp-project/test-runner/1.1.0/test-runner-1.1.0-jar-with-dependencies.jar eu.stamp_project.testrunner.runner.test.TestRunner org.apache.commons.lang3.reflect.MethodUtilsTest testInvokeMethod_withlog0:testGetMatchingAccessibleMethod_withlog0:testInvokeStaticMethod_withlog0:testInvokeJavaVarargsOverloadingResolution_withlog0:testGetMatchingAccessibleMethod_withlog0:testInvokeMethod_withlog1:testGetMatchingAccessibleMethod_withlog1:testInvokeStaticMethod_withlog1:testInvokeJavaVarargsOverloadingResolution_withlog1:testGetMatchingAccessibleMethod_withlog1:testInvokeMethod_withlog2:testGetMatchingAccessibleMethod_withlog2:testInvokeStaticMethod_withlog2:testInvokeJavaVarargsOverloadingResolution_withlog2:testGetMatchingAccessibleMethod_withlog2
File saved to the following path: /tmp/icst-2019/september-2018/dataset/commons-lang_parent/target/dspot/observations.ser
File saved to the following path: /tmp/icst-2019/september-2018/dataset/commons-lang_parent/target/dspot/TestListener.ser
Loading /tmp/icst-2019/september-2018/dataset/commons-lang_parent/target/dspot/TestListener.ser
[INFO] Test has been run: testInvokeMethod_withlog0,testInvokeMethod_withlog1,testInvokeMethod_withlog2,testInvokeJavaVarargsOverloadingResolution_withlog0,testInvokeJavaVarargsOverloadingResolution_withlog1,testInvokeJavaVarargsOverloadingResolution_withlog2,testGetMatchingAccessibleMethod_withlog0,testGetMatchingAccessibleMethod_withlog1,testGetMatchingAccessibleMethod_withlog2,testInvokeStaticMethod_withlog0,testInvokeStaticMethod_withlog1,testInvokeStaticMethod_withlog2
[INFO] Generating assertions...
[INFO] 3 new tests with assertions generated
[INFO] Run: java -classpath /tmp/icst-2019/september-2018/dataset/commons-lang_parent/target/test-classes:/tmp/icst-2019/september-2018/dataset/commons-lang_parent/target/classes/:/home/spirals/danglot/.m2/repository/junit/junit/4.12/junit-4.12.jar:/home/spirals/danglot/.m2/repository/org/hamcrest/hamcrest-core/1.3/hamcrest-core-1.3.jar:/home/spirals/danglot/.m2/repository/org/hamcrest/hamcrest-all/1.3/hamcrest-all-1.3.jar:/home/spirals/danglot/.m2/repository/org/easymock/easymock/3.6/easymock-3.6.jar:/home/spirals/danglot/.m2/repository/org/objenesis/objenesis/2.6/objenesis-2.6.jar:/home/spirals/danglot/.m2/repository/org/openjdk/jmh/jmh-core/1.21/jmh-core-1.21.jar:/home/spirals/danglot/.m2/repository/net/sf/jopt-simple/jopt-simple/4.6/jopt-simple-4.6.jar:/home/spirals/danglot/.m2/repository/org/apache/commons/commons-math3/3.2/commons-math3-3.2.jar:/home/spirals/danglot/.m2/repository/org/openjdk/jmh/jmh-generator-annprocess/1.21/jmh-generator-annprocess-1.21.jar:/tmp/icst-2019/september-2018/dataset/commons-lang_parent/target/dspot/dependencies/:/home/spirals/danglot/.m2/repository/eu/stamp-project/test-runner/1.1.0/test-runner-1.1.0-jar-with-dependencies.jar eu.stamp_project.testrunner.runner.test.TestRunner org.apache.commons.lang3.reflect.MethodUtilsTest testInvokeMethod:testInvokeStaticMethod:testInvokeJavaVarargsOverloadingResolution
File saved to the following path: /tmp/icst-2019/september-2018/dataset/commons-lang_parent/target/dspot/TestListener.ser
Loading /tmp/icst-2019/september-2018/dataset/commons-lang_parent/target/dspot/TestListener.ser
[INFO] Test has been run: testInvokeStaticMethod,testInvokeMethod,testInvokeJavaVarargsOverloadingResolution
[INFO] Assertion amplification: 3 test method(s) has been successfully amplified.
[WARN] 2018-09-29 17:13:56 Launcher - You specified the directory /tmp/icst-2019/september-2018/dataset/commons-lang/target/classes in source classpath, please note that only class files will be considered. Jars and subdirectories will be ignored.
[WARN] 2018-09-29 17:13:56 Launcher - You specified the directory /tmp/icst-2019/september-2018/dataset/commons-lang/target/test-classes in source classpath, please note that only class files will be considered. Jars and subdirectories will be ignored.
[WARN] 2018-09-29 17:13:56 Launcher - You specified the directory /tmp/icst-2019/september-2018/dataset/commons-lang/target/dspot/dependencies in source classpath, please note that only class files will be considered. Jars and subdirectories will be ignored.
[INFO] Run: java -classpath /tmp/icst-2019/september-2018/dataset/commons-lang/target/classes/:/tmp/icst-2019/september-2018/dataset/commons-lang/target/test-classes/:/home/spirals/danglot/.m2/repository/junit/junit/4.12/junit-4.12.jar:/home/spirals/danglot/.m2/repository/org/hamcrest/hamcrest-core/1.3/hamcrest-core-1.3.jar:/home/spirals/danglot/.m2/repository/org/hamcrest/hamcrest-all/1.3/hamcrest-all-1.3.jar:/home/spirals/danglot/.m2/repository/org/easymock/easymock/3.6/easymock-3.6.jar:/home/spirals/danglot/.m2/repository/org/objenesis/objenesis/2.6/objenesis-2.6.jar:/home/spirals/danglot/.m2/repository/org/openjdk/jmh/jmh-core/1.21/jmh-core-1.21.jar:/home/spirals/danglot/.m2/repository/net/sf/jopt-simple/jopt-simple/4.6/jopt-simple-4.6.jar:/home/spirals/danglot/.m2/repository/org/apache/commons/commons-math3/3.2/commons-math3-3.2.jar:/home/spirals/danglot/.m2/repository/org/openjdk/jmh/jmh-generator-annprocess/1.21/jmh-generator-annprocess-1.21.jar:/tmp/icst-2019/september-2018/dataset/commons-lang/target/dspot/dependencies/:/home/spirals/danglot/.m2/repository/eu/stamp-project/test-runner/1.1.0/test-runner-1.1.0-jar-with-dependencies.jar eu.stamp_project.testrunner.runner.test.TestRunner org.apache.commons.lang3.reflect.MethodUtilsTest testInvokeMethod:testInvokeStaticMethod:testInvokeJavaVarargsOverloadingResolution
File saved to the following path: /tmp/icst-2019/september-2018/dataset/commons-lang_parent/target/dspot/TestListener.ser
Loading /tmp/icst-2019/september-2018/dataset/commons-lang_parent/target/dspot/TestListener.ser
[INFO] Test has been run: testInvokeStaticMethod,testInvokeMethod,testInvokeJavaVarargsOverloadingResolution
[INFO] 0 amplified test methods has been selected to be kept. (global: 0)
[INFO] Applying Input-amplification and Assertion-amplification test by test.
[INFO] Amplification of testInvokeMethod, (1/5)
[INFO] iteration 0 / 3
[INFO] 1 tests selected to be amplified over 1 available tests
[INFO] Amplification of inputs...
100% |================================================== ]/
[INFO] 271 new tests generated
[WARNING] Too many tests have been generated: 271
[INFO] Number of generated test reduced to 200
[INFO] Run tests. (200)
[INFO] Run: java -classpath /tmp/icst-2019/september-2018/dataset/commons-lang_parent/target/test-classes:/tmp/icst-2019/september-2018/dataset/commons-lang_parent/target/classes/:/home/spirals/danglot/.m2/repository/junit/junit/4.12/junit-4.12.jar:/home/spirals/danglot/.m2/repository/org/hamcrest/hamcrest-core/1.3/hamcrest-core-1.3.jar:/home/spirals/danglot/.m2/repository/org/hamcrest/hamcrest-all/1.3/hamcrest-all-1.3.jar:/home/spirals/danglot/.m2/repository/org/easymock/easymock/3.6/easymock-3.6.jar:/home/spirals/danglot/.m2/repository/org/objenesis/objenesis/2.6/objenesis-2.6.jar:/home/spirals/danglot/.m2/repository/org/openjdk/jmh/jmh-core/1.21/jmh-core-1.21.jar:/home/spirals/danglot/.m2/repository/net/sf/jopt-simple/jopt-simple/4.6/jopt-simple-4.6.jar:/home/spirals/danglot/.m2/repository/org/apache/commons/commons-math3/3.2/commons-math3-3.2.jar:/home/spirals/danglot/.m2/repository/org/openjdk/jmh/jmh-generator-annprocess/1.21/jmh-generator-annprocess-1.21.jar:/tmp/icst-2019/september-2018/dataset/commons-lang_parent/target/dspot/dependencies/:/home/spirals/danglot/.m2/repository/eu/stamp-project/test-runner/1.1.0/test-runner-1.1.0-jar-with-dependencies.jar eu.stamp_project.testrunner.runner.test.TestRunner org.apache.commons.lang3.reflect.MethodUtilsTest testInvokeMethod_add223:testInvokeMethod_rv252:testInvokeMethod_add230:testInvokeMethod_add233:testInvokeMethod_add231:testInvokeMethod_add232:testInvokeMethod_rv244:testInvokeMethod_add225:testInvokeMethod_add229:testInvokeMethod_add228:testInvokeMethod_add239:testInvokeMethod_add242:testInvokeMethod_add240:testInvokeMethod_add241:testInvokeMethod_rv251:testInvokeMethod_add226:testInvokeMethod_add236:testInvokeMethod_add235:testInvokeMethod_add234:testInvokeMethod_add237:testInvokeMethod_add238:testInvokeMethod_add227:testInvokeMethod_add224:testInvokeMethodnull270:testInvokeMethodnull271:testInvokeMethodnull272:testInvokeMethodnull269:testInvokeMethod_rv248:testInvokeMethod_rv249:testInvokeMethodnull260:testInvokeMethodnull261:testInvokeMethodnull253:testInvokeMethodnull262:testInvokeMethodnull254:testInvokeMethodnull263:testInvokeMethodnull255:testInvokeMethodnull264:testInvokeMethodnull256:testInvokeMethodnull265:testInvokeMethodnull257:testInvokeMethodnull266:testInvokeMethodnull258:testInvokeMethodnull267:testInvokeMethodnull259:testInvokeMethodnull268:testInvokeMethod_rv245:testInvokeMethod_rv246:testInvokeMethod_rv247:testInvokeMethod_literalMutationString151:testInvokeMethod_literalMutationString164:testInvokeMethod_literalMutationString187:testInvokeMethod_literalMutationString199:testInvokeMethod_rv250:testInvokeMethod_literalMutationString168:testInvokeMethod_literalMutationString1:testInvokeMethod_literalMutationString7:testInvokeMethod_literalMutationString20:testInvokeMethod_literalMutationString13:testInvokeMethod_literalMutationString40:testInvokeMethod_literalMutationString25:testInvokeMethod_literalMutationString34:testInvokeMethod_literalMutationString70:testInvokeMethod_literalMutationString53:testInvokeMethod_literalMutationString46:testInvokeMethod_literalMutationString65:testInvokeMethod_literalMutationString85:testInvokeMethod_literalMutationString59:testInvokeMethod_literalMutationString204:testInvokeMethod_literalMutationString100:testInvokeMethod_literalMutationString121:testInvokeMethod_literalMutationString136:testInvokeMethod_literalMutationString191:testInvokeMethod_literalMutationString153:testInvokeMethod_literalMutationString4:testInvokeMethod_literalMutationString26:testInvokeMethod_literalMutationString39:testInvokeMethod_literalMutationString12:testInvokeMethod_literalMutationString22:testInvokeMethod_literalMutationString11:testInvokeMethod_literalMutationString51:testInvokeMethod_literalMutationString88:testInvokeMethod_literalMutationString5:testInvokeMethod_literalMutationString17:testInvokeMethod_literalMutationString44:testInvokeMethod_literalMutationString36:testInvokeMethod_literalMutationString63:testInvokeMethod_literalMutationString42:testInvokeMethod_literalMutationString55:testInvokeMethod_literalMutationString29:testInvokeMethod_literalMutationString75:testInvokeMethod_literalMutationString68:testInvokeMethod_literalMutationString89:testInvokeMethod_literalMutationString6:testInvokeMethod_literalMutationString82:testInvokeMethod_literalMutationString91:testInvokeMethod_literalMutationString69:testInvokeMethod_literalMutationString94:testInvokeMethod_literalMutationString77:testInvokeMethod_literalMutationString97:testInvokeMethod_literalMutationString79:testInvokeMethod_literalMutationString74:testInvokeMethod_literalMutationString62:testInvokeMethod_literalMutationString160:testInvokeMethod_literalMutationString19:testInvokeMethod_literalMutationString103:testInvokeMethod_literalMutationString157:testInvokeMethod_literalMutationString193:testInvokeMethod_literalMutationString58:testInvokeMethod_literalMutationString196:testInvokeMethod_literalMutationString126:testInvokeMethod_literalMutationString105:testInvokeMethod_literalMutationString139:testInvokeMethod_literalMutationString156:testInvokeMethod_literalMutationString202:testInvokeMethod_literalMutationString112:testInvokeMethod_literalMutationString15:testInvokeMethod_literalMutationString64:testInvokeMethod_literalMutationString192:testInvokeMethod_literalMutationString8:testInvokeMethod_literalMutationString115:testInvokeMethod_literalMutationString47:testInvokeMethod_literalMutationString118:testInvokeMethod_literalMutationString167:testInvokeMethod_literalMutationString24:testInvokeMethod_literalMutationString123:testInvokeMethod_literalMutationString56:testInvokeMethod_literalMutationString76:testInvokeMethod_literalMutationString49:testInvokeMethod_literalMutationNumber211:testInvokeMethod_literalMutationNumber170:testInvokeMethod_literalMutationNumber206:testInvokeMethod_literalMutationNumber212:testInvokeMethod_literalMutationNumber171:testInvokeMethod_literalMutationNumber207:testInvokeMethod_literalMutationNumber181:testInvokeMethod_literalMutationNumber217:testInvokeMethod_literalMutationString43:testInvokeMethod_literalMutationNumber182:testInvokeMethod_literalMutationNumber218:testInvokeMethod_literalMutationString80:testInvokeMethod_literalMutationString140:testInvokeMethod_literalMutationNumber175:testInvokeMethod_literalMutationString189:testInvokeMethod_literalMutationNumber176:testInvokeMethod_literalMutationNumber172:testInvokeMethod_literalMutationNumber208:testInvokeMethod_literalMutationString37:testInvokeMethod_literalMutationString57:testInvokeMethod_literalMutationString31:testInvokeMethod_literalMutationString195:testInvokeMethod_literalMutationString99:testInvokeMethod_literalMutationString117:testInvokeMethod_literalMutationString96:testInvokeMethod_literalMutationString84:testInvokeMethod_literalMutationString141:testInvokeMethod_literalMutationString30:testInvokeMethod_literalMutationString72:testInvokeMethod_literalMutationString9:testInvokeMethod_literalMutationString18:testInvokeMethod_literalMutationString198:testInvokeMethod_literalMutationString90:testInvokeMethod_literalMutationString93:testInvokeMethod_literalMutationNumber221:testInvokeMethod_literalMutationNumber107:testInvokeMethod_literalMutationString124:testInvokeMethod_literalMutationNumber130:testInvokeMethod_literalMutationString154:testInvokeMethod_literalMutationNumber108:testInvokeMethod_literalMutationNumber111:testInvokeMethod_literalMutationNumber131:testInvokeMethod_literalMutationNumber210:testInvokeMethod_literalMutationNumber214:testInvokeMethod_literalMutationNumber133:testInvokeMethod_literalMutationNumber213:testInvokeMethod_literalMutationNumber220:testInvokeMethod_literalMutationNumber106:testInvokeMethod_literalMutationNumber134:testInvokeMethod_literalMutationNumber205:testInvokeMethod_literalMutationNumber109:testInvokeMethod_literalMutationNumber143:testInvokeMethod_literalMutationNumber150:testInvokeMethod_literalMutationNumber132:testInvokeMethod_literalMutationNumber142:testInvokeMethod_literalMutationNumber144:testInvokeMethod_literalMutationString162:testInvokeMethod_literalMutationNumber145:testInvokeMethod_literalMutationNumber128:testInvokeMethod_literalMutationNumber135:testInvokeMethod_literalMutationNumber146:testInvokeMethod_literalMutationNumber173:testInvokeMethod_literalMutationNumber180:testInvokeMethod_literalMutationString203:testInvokeMethod_literalMutationNumber209:testInvokeMethod_literalMutationNumber216:testInvokeMethod_literalMutationNumber127:testInvokeMethod_literalMutationNumber129:testInvokeMethod_literalMutationNumber148:testInvokeMethod_literalMutationNumber183:testInvokeMethod_literalMutationNumber185:testInvokeMethod_literalMutationNumber219
File saved to the following path: /tmp/icst-2019/september-2018/dataset/commons-lang_parent/target/dspot/TestListener.ser
Loading /tmp/icst-2019/september-2018/dataset/commons-lang_parent/target/dspot/TestListener.ser
[INFO] Test has been run: testInvokeMethod_literalMutationString112,testInvokeMethod_literalMutationString115,testInvokeMethod_literalMutationString117,testInvokeMethod_literalMutationString118,testInvokeMethod_literalMutationString136,testInvokeMethod_literalMutationString139,testInvokeMethod_literalMutationString140,testInvokeMethod_literalMutationString141,testInvokeMethod_literalMutationString157,testInvokeMethod_literalMutationString160,testInvokeMethod_literalMutationString162,testInvokeMethod_literalMutationString193,testInvokeMethod_literalMutationString195,testInvokeMethod_literalMutationString196,testInvokeMethod_literalMutationString198,testInvokeMethod_rv244,testInvokeMethod_rv245,testInvokeMethod_rv246,testInvokeMethod_rv247,testInvokeMethod_rv248,testInvokeMethod_rv249,testInvokeMethod_rv250,testInvokeMethod_rv251,testInvokeMethod_rv252,testInvokeMethod_add223,testInvokeMethod_add224,testInvokeMethod_add225,testInvokeMethod_add226,testInvokeMethod_add227,testInvokeMethod_add228,testInvokeMethod_add229,testInvokeMethod_add230,testInvokeMethod_add231,testInvokeMethod_add232,testInvokeMethod_add233,testInvokeMethod_add234,testInvokeMethod_add235,testInvokeMethod_add236,testInvokeMethod_add237,testInvokeMethod_add238,testInvokeMethod_add239,testInvokeMethod_add240,testInvokeMethod_add241,testInvokeMethod_add242,testInvokeMethod_literalMutationNumber106,testInvokeMethod_literalMutationNumber107,testInvokeMethod_literalMutationNumber108,testInvokeMethod_literalMutationNumber109,testInvokeMethod_literalMutationNumber111,testInvokeMethod_literalMutationNumber127,testInvokeMethod_literalMutationNumber128,testInvokeMethod_literalMutationNumber129,testInvokeMethod_literalMutationNumber130,testInvokeMethod_literalMutationNumber131,testInvokeMethod_literalMutationNumber132,testInvokeMethod_literalMutationNumber133,testInvokeMethod_literalMutationNumber134,testInvokeMethod_literalMutationNumber135,testInvokeMethod_literalMutationNumber142,testInvokeMethod_literalMutationNumber143,testInvokeMethod_literalMutationNumber144,testInvokeMethod_literalMutationNumber145,testInvokeMethod_literalMutationNumber146,testInvokeMethod_literalMutationNumber148,testInvokeMethod_literalMutationNumber150,testInvokeMethod_literalMutationNumber170,testInvokeMethod_literalMutationNumber171,testInvokeMethod_literalMutationNumber172,testInvokeMethod_literalMutationNumber173,testInvokeMethod_literalMutationNumber175,testInvokeMethod_literalMutationNumber176,testInvokeMethod_literalMutationNumber180,testInvokeMethod_literalMutationNumber181,testInvokeMethod_literalMutationNumber182,testInvokeMethod_literalMutationNumber183,testInvokeMethod_literalMutationNumber185,testInvokeMethod_literalMutationNumber205,testInvokeMethod_literalMutationNumber206,testInvokeMethod_literalMutationNumber207,testInvokeMethod_literalMutationNumber208,testInvokeMethod_literalMutationNumber209,testInvokeMethod_literalMutationNumber210,testInvokeMethod_literalMutationNumber211,testInvokeMethod_literalMutationNumber212,testInvokeMethod_literalMutationNumber213,testInvokeMethod_literalMutationNumber214,testInvokeMethod_literalMutationNumber216,testInvokeMethod_literalMutationNumber217,testInvokeMethod_literalMutationNumber218,testInvokeMethod_literalMutationNumber219,testInvokeMethod_literalMutationNumber220,testInvokeMethod_literalMutationNumber221,testInvokeMethod_literalMutationString31,testInvokeMethod_literalMutationString76,testInvokeMethod_literalMutationString77,testInvokeMethod_literalMutationString79,testInvokeMethod_literalMutationString80,testInvokeMethod_literalMutationString82,testInvokeMethod_literalMutationString84,testInvokeMethod_literalMutationString91,testInvokeMethod_literalMutationString93,testInvokeMethod_literalMutationString94,testInvokeMethod_literalMutationString96,testInvokeMethod_literalMutationString97,testInvokeMethod_literalMutationString99,testInvokeMethod_literalMutationString100(org.apache.commons.lang3.reflect.MethodUtilsTest): No such accessible method: () on object: org.apache.commons.lang3.reflect.MethodUtilsTest$TestBean,testInvokeMethod_literalMutationString103(org.apache.commons.lang3.reflect.MethodUtilsTest): No such accessible method: fo() on object: org.apache.commons.lang3.reflect.MethodUtilsTest$TestBean,testInvokeMethod_literalMutationString105(org.apache.commons.lang3.reflect.MethodUtilsTest): No such accessible method: 0/|() on object: org.apache.commons.lang3.reflect.MethodUtilsTest$TestBean,testInvokeMethod_literalMutationString121(org.apache.commons.lang3.reflect.MethodUtilsTest): No such accessible method: () on object: org.apache.commons.lang3.reflect.MethodUtilsTest$TestBean,testInvokeMethod_literalMutationString123(org.apache.commons.lang3.reflect.MethodUtilsTest): No such accessible method: f&b() on object: org.apache.commons.lang3.reflect.MethodUtilsTest$TestBean,testInvokeMethod_literalMutationString124(org.apache.commons.lang3.reflect.MethodUtilsTest): No such accessible method: Too() on object: org.apache.commons.lang3.reflect.MethodUtilsTest$TestBean,testInvokeMethod_literalMutationString126(org.apache.commons.lang3.reflect.MethodUtilsTest): No such accessible method: fo() on object: org.apache.commons.lang3.reflect.MethodUtilsTest$TestBean,testInvokeMethod_literalMutationString151(org.apache.commons.lang3.reflect.MethodUtilsTest): No such accessible method: () on object: org.apache.commons.lang3.reflect.MethodUtilsTest$TestBean,testInvokeMethod_literalMutationString153(org.apache.commons.lang3.reflect.MethodUtilsTest): No such accessible method: auR%h1,xavU[1Rv() on object: org.apache.commons.lang3.reflect.MethodUtilsTest$TestBean,testInvokeMethod_literalMutationString154(org.apache.commons.lang3.reflect.MethodUtilsTest): No such accessible method: varOverloaOEcho() on object: org.apache.commons.lang3.reflect.MethodUtilsTest$TestBean,testInvokeMethod_literalMutationString156(org.apache.commons.lang3.reflect.MethodUtilsTest): No such accessible method: varOveroadEcho() on object: org.apache.commons.lang3.reflect.MethodUtilsTest$TestBean,testInvokeMethod_literalMutationString164(org.apache.commons.lang3.reflect.MethodUtilsTest): No such accessible method: () on object: org.apache.commons.lang3.reflect.MethodUtilsTest$TestBean,testInvokeMethod_literalMutationString167(org.apache.commons.lang3.reflect.MethodUtilsTest): No such accessible method: varOverlodEcho() on object: org.apache.commons.lang3.reflect.MethodUtilsTest$TestBean,testInvokeMethod_literalMutationString168(org.apache.commons.lang3.reflect.MethodUtilsTest): No such accessible method: ]&8(Dgh`l V!3a(() on object: org.apache.commons.lang3.reflect.MethodUtilsTest$TestBean,testInvokeMethod_literalMutationString187(org.apache.commons.lang3.reflect.MethodUtilsTest): No such accessible method: () on object: org.apache.commons.lang3.reflect.MethodUtilsTest$TestBean,testInvokeMethod_literalMutationString189(org.apache.commons.lang3.reflect.MethodUtilsTest): No such accessible method: .arOverloadEcho() on object: org.apache.commons.lang3.reflect.MethodUtilsTest$TestBean,testInvokeMethod_literalMutationString191(org.apache.commons.lang3.reflect.MethodUtilsTest): No such accessible method: [Iz>YSe|%xHdm7#() on object: org.apache.commons.lang3.reflect.MethodUtilsTest$TestBean,testInvokeMethod_literalMutationString192(org.apache.commons.lang3.reflect.MethodUtilsTest): No such accessible method: varOverloadEco() on object: org.apache.commons.lang3.reflect.MethodUtilsTest$TestBean,testInvokeMethod_literalMutationString199(org.apache.commons.lang3.reflect.MethodUtilsTest): No such accessible method: () on object: org.apache.commons.lang3.reflect.MethodUtilsTest$TestBean,testInvokeMethod_literalMutationString202(org.apache.commons.lang3.reflect.MethodUtilsTest): No such accessible method: varOverloaEcho() on object: org.apache.commons.lang3.reflect.MethodUtilsTest$TestBean,testInvokeMethod_literalMutationString203(org.apache.commons.lang3.reflect.MethodUtilsTest): No such accessible method: vXrOverloadEcho() on object: org.apache.commons.lang3.reflect.MethodUtilsTest$TestBean,testInvokeMethod_literalMutationString204(org.apache.commons.lang3.reflect.MethodUtilsTest): No such accessible method: x>[Bob5_83OI`-k() on object: org.apache.commons.lang3.reflect.MethodUtilsTest$TestBean,testInvokeMethodnull253(org.apache.commons.lang3.reflect.MethodUtilsTest): null,testInvokeMethodnull254(org.apache.commons.lang3.reflect.MethodUtilsTest): null,testInvokeMethodnull255(org.apache.commons.lang3.reflect.MethodUtilsTest): null,testInvokeMethodnull256(org.apache.commons.lang3.reflect.MethodUtilsTest): null,testInvokeMethodnull257(org.apache.commons.lang3.reflect.MethodUtilsTest): null,testInvokeMethodnull258(org.apache.commons.lang3.reflect.MethodUtilsTest): null,testInvokeMethodnull259(org.apache.commons.lang3.reflect.MethodUtilsTest): null,testInvokeMethodnull260(org.apache.commons.lang3.reflect.MethodUtilsTest): null,testInvokeMethodnull261(org.apache.commons.lang3.reflect.MethodUtilsTest): null,testInvokeMethodnull262(org.apache.commons.lang3.reflect.MethodUtilsTest): null,testInvokeMethodnull263(org.apache.commons.lang3.reflect.MethodUtilsTest): null,testInvokeMethodnull264(org.apache.commons.lang3.reflect.MethodUtilsTest): null,testInvokeMethodnull265(org.apache.commons.lang3.reflect.MethodUtilsTest): null,testInvokeMethodnull266(org.apache.commons.lang3.reflect.MethodUtilsTest): null,testInvokeMethodnull267(org.apache.commons.lang3.reflect.MethodUtilsTest): null,testInvokeMethodnull268(org.apache.commons.lang3.reflect.MethodUtilsTest): null,testInvokeMethodnull269(org.apache.commons.lang3.reflect.MethodUtilsTest): null,testInvokeMethodnull270(org.apache.commons.lang3.reflect.MethodUtilsTest): null,testInvokeMethodnull271(org.apache.commons.lang3.reflect.MethodUtilsTest): null,testInvokeMethodnull272(org.apache.commons.lang3.reflect.MethodUtilsTest): null,testInvokeMethod_literalMutationString1(org.apache.commons.lang3.reflect.MethodUtilsTest): No such accessible method: () on object: org.apache.commons.lang3.reflect.MethodUtilsTest$TestBean,testInvokeMethod_literalMutationString4(org.apache.commons.lang3.reflect.MethodUtilsTest): No such accessible method: fo() on object: org.apache.commons.lang3.reflect.MethodUtilsTest$TestBean,testInvokeMethod_literalMutationString5(org.apache.commons.lang3.reflect.MethodUtilsTest): No such accessible method: *oo() on object: org.apache.commons.lang3.reflect.MethodUtilsTest$TestBean,testInvokeMethod_literalMutationString6(org.apache.commons.lang3.reflect.MethodUtilsTest): No such accessible method: Gdh() on object: org.apache.commons.lang3.reflect.MethodUtilsTest$TestBean,testInvokeMethod_literalMutationString7(org.apache.commons.lang3.reflect.MethodUtilsTest): No such accessible method: () on object: org.apache.commons.lang3.reflect.MethodUtilsTest$TestBean,testInvokeMethod_literalMutationString8(org.apache.commons.lang3.reflect.MethodUtilsTest): No such accessible method: coo() on object: org.apache.commons.lang3.reflect.MethodUtilsTest$TestBean,testInvokeMethod_literalMutationString9(org.apache.commons.lang3.reflect.MethodUtilsTest): No such accessible method: fCoo() on object: org.apache.commons.lang3.reflect.MethodUtilsTest$TestBean,testInvokeMethod_literalMutationString11(org.apache.commons.lang3.reflect.MethodUtilsTest): No such accessible method: @!x() on object: org.apache.commons.lang3.reflect.MethodUtilsTest$TestBean,testInvokeMethod_literalMutationString12(org.apache.commons.lang3.reflect.MethodUtilsTest): No such accessible method: fo() on object: org.apache.commons.lang3.reflect.MethodUtilsTest$TestBean,testInvokeMethod_literalMutationString13(org.apache.commons.lang3.reflect.MethodUtilsTest): No such accessible method: () on object: org.apache.commons.lang3.reflect.MethodUtilsTest$TestBean,testInvokeMethod_literalMutationString15(org.apache.commons.lang3.reflect.MethodUtilsTest): No such accessible method: y(q() on object: org.apache.commons.lang3.reflect.MethodUtilsTest$TestBean,testInvokeMethod_literalMutationString17(org.apache.commons.lang3.reflect.MethodUtilsTest): No such accessible method: fo() on object: org.apache.commons.lang3.reflect.MethodUtilsTest$TestBean,testInvokeMethod_literalMutationString18(org.apache.commons.lang3.reflect.MethodUtilsTest): No such accessible method: zoo() on object: org.apache.commons.lang3.reflect.MethodUtilsTest$TestBean,testInvokeMethod_literalMutationString19(org.apache.commons.lang3.reflect.MethodUtilsTest): No such accessible method:  oo() on object: org.apache.commons.lang3.reflect.MethodUtilsTest$TestBean,testInvokeMethod_literalMutationString20(org.apache.commons.lang3.reflect.MethodUtilsTest): No such accessible method: () on object: org.apache.commons.lang3.reflect.MethodUtilsTest$TestBean,testInvokeMethod_literalMutationString22(org.apache.commons.lang3.reflect.MethodUtilsTest): No such accessible method: fo() on object: org.apache.commons.lang3.reflect.MethodUtilsTest$TestBean,testInvokeMethod_literalMutationString24(org.apache.commons.lang3.reflect.MethodUtilsTest): No such accessible method: pbL() on object: org.apache.commons.lang3.reflect.MethodUtilsTest$TestBean,testInvokeMethod_literalMutationString25(org.apache.commons.lang3.reflect.MethodUtilsTest): No such accessible method: () on object: org.apache.commons.lang3.reflect.MethodUtilsTest$TestBean,testInvokeMethod_literalMutationString26(org.apache.commons.lang3.reflect.MethodUtilsTest): No such accessible method: 5:W() on object: org.apache.commons.lang3.reflect.MethodUtilsTest$TestBean,testInvokeMethod_literalMutationString29(org.apache.commons.lang3.reflect.MethodUtilsTest): No such accessible method: fo() on object: org.apache.commons.lang3.reflect.MethodUtilsTest$TestBean,testInvokeMethod_literalMutationString30(org.apache.commons.lang3.reflect.MethodUtilsTest): No such accessible method: {oo() on object: org.apache.commons.lang3.reflect.MethodUtilsTest$TestBean,testInvokeMethod_literalMutationString34(org.apache.commons.lang3.reflect.MethodUtilsTest): No such accessible method: () on object: org.apache.commons.lang3.reflect.MethodUtilsTest$TestBean,testInvokeMethod_literalMutationString36(org.apache.commons.lang3.reflect.MethodUtilsTest): No such accessible method: fo() on object: org.apache.commons.lang3.reflect.MethodUtilsTest$TestBean,testInvokeMethod_literalMutationString37(org.apache.commons.lang3.reflect.MethodUtilsTest): No such accessible method: [oo() on object: org.apache.commons.lang3.reflect.MethodUtilsTest$TestBean,testInvokeMethod_literalMutationString39(org.apache.commons.lang3.reflect.MethodUtilsTest): No such accessible method: r6#() on object: org.apache.commons.lang3.reflect.MethodUtilsTest$TestBean,testInvokeMethod_literalMutationString40(org.apache.commons.lang3.reflect.MethodUtilsTest): No such accessible method: () on object: org.apache.commons.lang3.reflect.MethodUtilsTest$TestBean,testInvokeMethod_literalMutationString42(org.apache.commons.lang3.reflect.MethodUtilsTest): No such accessible method: r!F() on object: org.apache.commons.lang3.reflect.MethodUtilsTest$TestBean,testInvokeMethod_literalMutationString43(org.apache.commons.lang3.reflect.MethodUtilsTest): No such accessible method: Voo() on object: org.apache.commons.lang3.reflect.MethodUtilsTest$TestBean,testInvokeMethod_literalMutationString44(org.apache.commons.lang3.reflect.MethodUtilsTest): No such accessible method: fo() on object: org.apache.commons.lang3.reflect.MethodUtilsTest$TestBean,testInvokeMethod_literalMutationString46(org.apache.commons.lang3.reflect.MethodUtilsTest): No such accessible method: () on object: org.apache.commons.lang3.reflect.MethodUtilsTest$TestBean,testInvokeMethod_literalMutationString47(org.apache.commons.lang3.reflect.MethodUtilsTest): No such accessible method: 2oo() on object: org.apache.commons.lang3.reflect.MethodUtilsTest$TestBean,testInvokeMethod_literalMutationString49(org.apache.commons.lang3.reflect.MethodUtilsTest): No such accessible method: gIv() on object: org.apache.commons.lang3.reflect.MethodUtilsTest$TestBean,testInvokeMethod_literalMutationString51(org.apache.commons.lang3.reflect.MethodUtilsTest): No such accessible method: fo() on object: org.apache.commons.lang3.reflect.MethodUtilsTest$TestBean,testInvokeMethod_literalMutationString53(org.apache.commons.lang3.reflect.MethodUtilsTest): No such accessible method: () on object: org.apache.commons.lang3.reflect.MethodUtilsTest$TestBean,testInvokeMethod_literalMutationString55(org.apache.commons.lang3.reflect.MethodUtilsTest): No such accessible method: fo() on object: org.apache.commons.lang3.reflect.MethodUtilsTest$TestBean,testInvokeMethod_literalMutationString56(org.apache.commons.lang3.reflect.MethodUtilsTest): No such accessible method: =oo() on object: org.apache.commons.lang3.reflect.MethodUtilsTest$TestBean,testInvokeMethod_literalMutationString57(org.apache.commons.lang3.reflect.MethodUtilsTest): No such accessible method: zgY() on object: org.apache.commons.lang3.reflect.MethodUtilsTest$TestBean,testInvokeMethod_literalMutationString58(org.apache.commons.lang3.reflect.MethodUtilsTest): No such accessible method:  oo() on object: org.apache.commons.lang3.reflect.MethodUtilsTest$TestBean,testInvokeMethod_literalMutationString59(org.apache.commons.lang3.reflect.MethodUtilsTest): No such accessible method: () on object: org.apache.commons.lang3.reflect.MethodUtilsTest$TestBean,testInvokeMethod_literalMutationString62(org.apache.commons.lang3.reflect.MethodUtilsTest): No such accessible method: `_8() on object: org.apache.commons.lang3.reflect.MethodUtilsTest$TestBean,testInvokeMethod_literalMutationString63(org.apache.commons.lang3.reflect.MethodUtilsTest): No such accessible method: fo() on object: org.apache.commons.lang3.reflect.MethodUtilsTest$TestBean,testInvokeMethod_literalMutationString64(org.apache.commons.lang3.reflect.MethodUtilsTest): No such accessible method: 0oo() on object: org.apache.commons.lang3.reflect.MethodUtilsTest$TestBean,testInvokeMethod_literalMutationString65(org.apache.commons.lang3.reflect.MethodUtilsTest): No such accessible method: () on object: org.apache.commons.lang3.reflect.MethodUtilsTest$TestBean,testInvokeMethod_literalMutationString68(org.apache.commons.lang3.reflect.MethodUtilsTest): No such accessible method: fo() on object: org.apache.commons.lang3.reflect.MethodUtilsTest$TestBean,testInvokeMethod_literalMutationString69(org.apache.commons.lang3.reflect.MethodUtilsTest): No such accessible method: =SO() on object: org.apache.commons.lang3.reflect.MethodUtilsTest$TestBean,testInvokeMethod_literalMutationString70(org.apache.commons.lang3.reflect.MethodUtilsTest): No such accessible method: () on object: org.apache.commons.lang3.reflect.MethodUtilsTest$TestBean,testInvokeMethod_literalMutationString72(org.apache.commons.lang3.reflect.MethodUtilsTest): No such accessible method: woo() on object: org.apache.commons.lang3.reflect.MethodUtilsTest$TestBean,testInvokeMethod_literalMutationString74(org.apache.commons.lang3.reflect.MethodUtilsTest): No such accessible method: OKS() on object: org.apache.commons.lang3.reflect.MethodUtilsTest$TestBean,testInvokeMethod_literalMutationString75(org.apache.commons.lang3.reflect.MethodUtilsTest): No such accessible method: fo() on object: org.apache.commons.lang3.reflect.MethodUtilsTest$TestBean,testInvokeMethod_literalMutationString85(org.apache.commons.lang3.reflect.MethodUtilsTest): No such accessible method: () on object: org.apache.commons.lang3.reflect.MethodUtilsTest$TestBean,testInvokeMethod_literalMutationString88(org.apache.commons.lang3.reflect.MethodUtilsTest): No such accessible method: &Bc() on object: org.apache.commons.lang3.reflect.MethodUtilsTest$TestBean,testInvokeMethod_literalMutationString89(org.apache.commons.lang3.reflect.MethodUtilsTest): No such accessible method: fo() on object: org.apache.commons.lang3.reflect.MethodUtilsTest$TestBean,testInvokeMethod_literalMutationString90(org.apache.commons.lang3.reflect.MethodUtilsTest): No such accessible method: {oo() on object: org.apache.commons.lang3.reflect.MethodUtilsTest$TestBean
[INFO] 105 test pass, generating assertion...
[INFO] Add observations points in passing tests.
[INFO] Instrumentation...
  0% | ]/  1% | ]-  2% |= ]\  3% |= ]|  4% |== ]/  5% |== ]-  6% |=== ]\  7% |=== ]|  8% |==== ]/  9% |==== ]- 10% |===== ]\ 11% |===== ]| 12% |====== ]/ 13% |====== ]- 14% |======= ]\ 15% |======= ]| 16% |======== ]/ 17% |======== ]- 18% |========= ]\ 19% |========= ]| 20% |========== ]/ 20% |========== ]- 21% |========== ]\ 22% |=========== ]| 23% |=========== ]/ 24% |============ ]- 25% |============ ]\ 26% |============= ]| 27% |============= ]/ 28% |============== ]- 29% |============== ]\ 30% |=============== ]| 31% |=============== ]/ 32% |================ ]- 33% |================ ]\ 34% |================= ]| 35% |================= ]/ 36% |================== ]- 37% |================== ]\ 38% |=================== ]| 39% |=================== ]/ 40% |==================== ]- 40% |==================== ]\ 41% |==================== ]| 42% |===================== ]/ 43% |===================== ]- 44% |====================== ]\ 45% |====================== ]| 46% |======================= ]/ 47% |======================= ]- 48% |======================== ]\ 49% |======================== ]| 50% |========================= ]/ 51% |========================= ]- 52% |========================== ]\ 53% |========================== ]| 54% |=========================== ]/ 55% |=========================== ]- 56% |============================ ]\ 57% |============================ ]| 58% |============================= ]/ 59% |============================= ]- 60% |============================== ]\ 60% |============================== ]| 61% |============================== ]/ 62% |=============================== ]- 63% |=============================== ]\ 64% |================================ ]| 65% |================================ ]/ 66% |================================= ]- 67% |================================= ]\ 68% |================================== ]| 69% |================================== ]/ 70% |=================================== ]- 71% |=================================== ]\ 72% |==================================== ]| 73% |==================================== ]/ 74% |===================================== ]- 75% |===================================== ]\ 76% |====================================== ]| 77% |====================================== ]/ 78% |======================================= ]- 79% |======================================= ]\ 80% |======================================== ]| 80% |======================================== ]/ 81% |======================================== ]- 82% |========================================= ]\ 83% |========================================= ]| 84% |========================================== ]/ 85% |========================================== ]- 86% |=========================================== ]\ 87% |=========================================== ]| 88% |============================================ ]/ 89% |============================================ ]- 90% |============================================= ]\ 91% |============================================= ]| 92% |============================================== ]/ 93% |============================================== ]- 94% |=============================================== ]\ 95% |=============================================== ]| 96% |================================================ ]/ 97% |================================================ ]- 98% |================================================= ]\ 99% |================================================= ]|100% |================================================== ]/
[INFO] Run instrumented tests. (315)
[INFO] Run: java -classpath /tmp/icst-2019/september-2018/dataset/commons-lang_parent/target/test-classes:/tmp/icst-2019/september-2018/dataset/commons-lang_parent/target/classes/:/home/spirals/danglot/.m2/repository/junit/junit/4.12/junit-4.12.jar:/home/spirals/danglot/.m2/repository/org/hamcrest/hamcrest-core/1.3/hamcrest-core-1.3.jar:/home/spirals/danglot/.m2/repository/org/hamcrest/hamcrest-all/1.3/hamcrest-all-1.3.jar:/home/spirals/danglot/.m2/repository/org/easymock/easymock/3.6/easymock-3.6.jar:/home/spirals/danglot/.m2/repository/org/objenesis/objenesis/2.6/objenesis-2.6.jar:/home/spirals/danglot/.m2/repository/org/openjdk/jmh/jmh-core/1.21/jmh-core-1.21.jar:/home/spirals/danglot/.m2/repository/net/sf/jopt-simple/jopt-simple/4.6/jopt-simple-4.6.jar:/home/spirals/danglot/.m2/repository/org/apache/commons/commons-math3/3.2/commons-math3-3.2.jar:/home/spirals/danglot/.m2/repository/org/openjdk/jmh/jmh-generator-annprocess/1.21/jmh-generator-annprocess-1.21.jar:/tmp/icst-2019/september-2018/dataset/commons-lang_parent/target/dspot/dependencies/:/home/spirals/danglot/.m2/repository/eu/stamp-project/test-runner/1.1.0/test-runner-1.1.0-jar-with-dependencies.jar eu.stamp_project.testrunner.runner.test.TestRunner org.apache.commons.lang3.reflect.MethodUtilsTest testInvokeMethod_add223_withlog0:testInvokeMethod_rv252_withlog0:testInvokeMethod_add230_withlog0:testInvokeMethod_add233_withlog0:testInvokeMethod_add231_withlog0:testInvokeMethod_add232_withlog0:testInvokeMethod_rv244_withlog0:testInvokeMethod_add225_withlog0:testInvokeMethod_add229_withlog0:testInvokeMethod_add228_withlog0:testInvokeMethod_add239_withlog0:testInvokeMethod_add242_withlog0:testInvokeMethod_add240_withlog0:testInvokeMethod_add241_withlog0:testInvokeMethod_rv251_withlog0:testInvokeMethod_add226_withlog0:testInvokeMethod_add236_withlog0:testInvokeMethod_add235_withlog0:testInvokeMethod_add234_withlog0:testInvokeMethod_add237_withlog0:testInvokeMethod_add238_withlog0:testInvokeMethod_add227_withlog0:testInvokeMethod_add224_withlog0:testInvokeMethod_rv248_withlog0:testInvokeMethod_rv249_withlog0:testInvokeMethod_rv245_withlog0:testInvokeMethod_rv246_withlog0:testInvokeMethod_rv247_withlog0:testInvokeMethod_rv250_withlog0:testInvokeMethod_literalMutationString136_withlog0:testInvokeMethod_literalMutationString82_withlog0:testInvokeMethod_literalMutationString91_withlog0:testInvokeMethod_literalMutationString94_withlog0:testInvokeMethod_literalMutationString77_withlog0:testInvokeMethod_literalMutationString97_withlog0:testInvokeMethod_literalMutationString79_withlog0:testInvokeMethod_literalMutationString160_withlog0:testInvokeMethod_literalMutationString157_withlog0:testInvokeMethod_literalMutationString193_withlog0:testInvokeMethod_literalMutationString196_withlog0:testInvokeMethod_literalMutationString139_withlog0:testInvokeMethod_literalMutationString112_withlog0:testInvokeMethod_literalMutationString115_withlog0:testInvokeMethod_literalMutationString118_withlog0:testInvokeMethod_literalMutationString76_withlog0:testInvokeMethod_literalMutationNumber211_withlog0:testInvokeMethod_literalMutationNumber170_withlog0:testInvokeMethod_literalMutationNumber206_withlog0:testInvokeMethod_literalMutationNumber212_withlog0:testInvokeMethod_literalMutationNumber171_withlog0:testInvokeMethod_literalMutationNumber207_withlog0:testInvokeMethod_literalMutationNumber181_withlog0:testInvokeMethod_literalMutationNumber217_withlog0:testInvokeMethod_literalMutationNumber182_withlog0:testInvokeMethod_literalMutationNumber218_withlog0:testInvokeMethod_literalMutationString80_withlog0:testInvokeMethod_literalMutationString140_withlog0:testInvokeMethod_literalMutationNumber175_withlog0:testInvokeMethod_literalMutationNumber176_withlog0:testInvokeMethod_literalMutationNumber172_withlog0:testInvokeMethod_literalMutationNumber208_withlog0:testInvokeMethod_literalMutationString31_withlog0:testInvokeMethod_literalMutationString195_withlog0:testInvokeMethod_literalMutationString99_withlog0:testInvokeMethod_literalMutationString117_withlog0:testInvokeMethod_literalMutationString96_withlog0:testInvokeMethod_literalMutationString84_withlog0:testInvokeMethod_literalMutationString141_withlog0:testInvokeMethod_literalMutationString198_withlog0:testInvokeMethod_literalMutationString93_withlog0:testInvokeMethod_literalMutationNumber221_withlog0:testInvokeMethod_literalMutationNumber107_withlog0:testInvokeMethod_literalMutationNumber130_withlog0:testInvokeMethod_literalMutationNumber108_withlog0:testInvokeMethod_literalMutationNumber111_withlog0:testInvokeMethod_literalMutationNumber131_withlog0:testInvokeMethod_literalMutationNumber210_withlog0:testInvokeMethod_literalMutationNumber214_withlog0:testInvokeMethod_literalMutationNumber133_withlog0:testInvokeMethod_literalMutationNumber213_withlog0:testInvokeMethod_literalMutationNumber220_withlog0:testInvokeMethod_literalMutationNumber106_withlog0:testInvokeMethod_literalMutationNumber134_withlog0:testInvokeMethod_literalMutationNumber205_withlog0:testInvokeMethod_literalMutationNumber109_withlog0:testInvokeMethod_literalMutationNumber143_withlog0:testInvokeMethod_literalMutationNumber150_withlog0:testInvokeMethod_literalMutationNumber132_withlog0:testInvokeMethod_literalMutationNumber142_withlog0:testInvokeMethod_literalMutationNumber144_withlog0:testInvokeMethod_literalMutationString162_withlog0:testInvokeMethod_literalMutationNumber145_withlog0:testInvokeMethod_literalMutationNumber128_withlog0:testInvokeMethod_literalMutationNumber135_withlog0:testInvokeMethod_literalMutationNumber146_withlog0:testInvokeMethod_literalMutationNumber173_withlog0:testInvokeMethod_literalMutationNumber180_withlog0:testInvokeMethod_literalMutationNumber209_withlog0:testInvokeMethod_literalMutationNumber216_withlog0:testInvokeMethod_literalMutationNumber127_withlog0:testInvokeMethod_literalMutationNumber129_withlog0:testInvokeMethod_literalMutationNumber148_withlog0:testInvokeMethod_literalMutationNumber183_withlog0:testInvokeMethod_literalMutationNumber185_withlog0:testInvokeMethod_literalMutationNumber219_withlog0:testInvokeMethod_add223_withlog1:testInvokeMethod_rv252_withlog1:testInvokeMethod_add230_withlog1:testInvokeMethod_add233_withlog1:testInvokeMethod_add231_withlog1:testInvokeMethod_add232_withlog1:testInvokeMethod_rv244_withlog1:testInvokeMethod_add225_withlog1:testInvokeMethod_add229_withlog1:testInvokeMethod_add228_withlog1:testInvokeMethod_add239_withlog1:testInvokeMethod_add242_withlog1:testInvokeMethod_add240_withlog1:testInvokeMethod_add241_withlog1:testInvokeMethod_rv251_withlog1:testInvokeMethod_add226_withlog1:testInvokeMethod_add236_withlog1:testInvokeMethod_add235_withlog1:testInvokeMethod_add234_withlog1:testInvokeMethod_add237_withlog1:testInvokeMethod_add238_withlog1:testInvokeMethod_add227_withlog1:testInvokeMethod_add224_withlog1:testInvokeMethod_rv248_withlog1:testInvokeMethod_rv249_withlog1:testInvokeMethod_rv245_withlog1:testInvokeMethod_rv246_withlog1:testInvokeMethod_rv247_withlog1:testInvokeMethod_rv250_withlog1:testInvokeMethod_literalMutationString136_withlog1:testInvokeMethod_literalMutationString82_withlog1:testInvokeMethod_literalMutationString91_withlog1:testInvokeMethod_literalMutationString94_withlog1:testInvokeMethod_literalMutationString77_withlog1:testInvokeMethod_literalMutationString97_withlog1:testInvokeMethod_literalMutationString79_withlog1:testInvokeMethod_literalMutationString160_withlog1:testInvokeMethod_literalMutationString157_withlog1:testInvokeMethod_literalMutationString193_withlog1:testInvokeMethod_literalMutationString196_withlog1:testInvokeMethod_literalMutationString139_withlog1:testInvokeMethod_literalMutationString112_withlog1:testInvokeMethod_literalMutationString115_withlog1:testInvokeMethod_literalMutationString118_withlog1:testInvokeMethod_literalMutationString76_withlog1:testInvokeMethod_literalMutationNumber211_withlog1:testInvokeMethod_literalMutationNumber170_withlog1:testInvokeMethod_literalMutationNumber206_withlog1:testInvokeMethod_literalMutationNumber212_withlog1:testInvokeMethod_literalMutationNumber171_withlog1:testInvokeMethod_literalMutationNumber207_withlog1:testInvokeMethod_literalMutationNumber181_withlog1:testInvokeMethod_literalMutationNumber217_withlog1:testInvokeMethod_literalMutationNumber182_withlog1:testInvokeMethod_literalMutationNumber218_withlog1:testInvokeMethod_literalMutationString80_withlog1:testInvokeMethod_literalMutationString140_withlog1:testInvokeMethod_literalMutationNumber175_withlog1:testInvokeMethod_literalMutationNumber176_withlog1:testInvokeMethod_literalMutationNumber172_withlog1:testInvokeMethod_literalMutationNumber208_withlog1:testInvokeMethod_literalMutationString31_withlog1:testInvokeMethod_literalMutationString195_withlog1:testInvokeMethod_literalMutationString99_withlog1:testInvokeMethod_literalMutationString117_withlog1:testInvokeMethod_literalMutationString96_withlog1:testInvokeMethod_literalMutationString84_withlog1:testInvokeMethod_literalMutationString141_withlog1:testInvokeMethod_literalMutationString198_withlog1:testInvokeMethod_literalMutationString93_withlog1:testInvokeMethod_literalMutationNumber221_withlog1:testInvokeMethod_literalMutationNumber107_withlog1:testInvokeMethod_literalMutationNumber130_withlog1:testInvokeMethod_literalMutationNumber108_withlog1:testInvokeMethod_literalMutationNumber111_withlog1:testInvokeMethod_literalMutationNumber131_withlog1:testInvokeMethod_literalMutationNumber210_withlog1:testInvokeMethod_literalMutationNumber214_withlog1:testInvokeMethod_literalMutationNumber133_withlog1:testInvokeMethod_literalMutationNumber213_withlog1:testInvokeMethod_literalMutationNumber220_withlog1:testInvokeMethod_literalMutationNumber106_withlog1:testInvokeMethod_literalMutationNumber134_withlog1:testInvokeMethod_literalMutationNumber205_withlog1:testInvokeMethod_literalMutationNumber109_withlog1:testInvokeMethod_literalMutationNumber143_withlog1:testInvokeMethod_literalMutationNumber150_withlog1:testInvokeMethod_literalMutationNumber132_withlog1:testInvokeMethod_literalMutationNumber142_withlog1:testInvokeMethod_literalMutationNumber144_withlog1:testInvokeMethod_literalMutationString162_withlog1:testInvokeMethod_literalMutationNumber145_withlog1:testInvokeMethod_literalMutationNumber128_withlog1:testInvokeMethod_literalMutationNumber135_withlog1:testInvokeMethod_literalMutationNumber146_withlog1:testInvokeMethod_literalMutationNumber173_withlog1:testInvokeMethod_literalMutationNumber180_withlog1:testInvokeMethod_literalMutationNumber209_withlog1:testInvokeMethod_literalMutationNumber216_withlog1:testInvokeMethod_literalMutationNumber127_withlog1:testInvokeMethod_literalMutationNumber129_withlog1:testInvokeMethod_literalMutationNumber148_withlog1:testInvokeMethod_literalMutationNumber183_withlog1:testInvokeMethod_literalMutationNumber185_withlog1:testInvokeMethod_literalMutationNumber219_withlog1:testInvokeMethod_add223_withlog2:testInvokeMethod_rv252_withlog2:testInvokeMethod_add230_withlog2:testInvokeMethod_add233_withlog2:testInvokeMethod_add231_withlog2:testInvokeMethod_add232_withlog2:testInvokeMethod_rv244_withlog2:testInvokeMethod_add225_withlog2:testInvokeMethod_add229_withlog2:testInvokeMethod_add228_withlog2:testInvokeMethod_add239_withlog2:testInvokeMethod_add242_withlog2:testInvokeMethod_add240_withlog2:testInvokeMethod_add241_withlog2:testInvokeMethod_rv251_withlog2:testInvokeMethod_add226_withlog2:testInvokeMethod_add236_withlog2:testInvokeMethod_add235_withlog2:testInvokeMethod_add234_withlog2:testInvokeMethod_add237_withlog2:testInvokeMethod_add238_withlog2:testInvokeMethod_add227_withlog2:testInvokeMethod_add224_withlog2:testInvokeMethod_rv248_withlog2:testInvokeMethod_rv249_withlog2:testInvokeMethod_rv245_withlog2:testInvokeMethod_rv246_withlog2:testInvokeMethod_rv247_withlog2:testInvokeMethod_rv250_withlog2:testInvokeMethod_literalMutationString136_withlog2:testInvokeMethod_literalMutationString82_withlog2:testInvokeMethod_literalMutationString91_withlog2:testInvokeMethod_literalMutationString94_withlog2:testInvokeMethod_literalMutationString77_withlog2:testInvokeMethod_literalMutationString97_withlog2:testInvokeMethod_literalMutationString79_withlog2:testInvokeMethod_literalMutationString160_withlog2:testInvokeMethod_literalMutationString157_withlog2:testInvokeMethod_literalMutationString193_withlog2:testInvokeMethod_literalMutationString196_withlog2:testInvokeMethod_literalMutationString139_withlog2:testInvokeMethod_literalMutationString112_withlog2:testInvokeMethod_literalMutationString115_withlog2:testInvokeMethod_literalMutationString118_withlog2:testInvokeMethod_literalMutationString76_withlog2:testInvokeMethod_literalMutationNumber211_withlog2:testInvokeMethod_literalMutationNumber170_withlog2:testInvokeMethod_literalMutationNumber206_withlog2:testInvokeMethod_literalMutationNumber212_withlog2:testInvokeMethod_literalMutationNumber171_withlog2:testInvokeMethod_literalMutationNumber207_withlog2:testInvokeMethod_literalMutationNumber181_withlog2:testInvokeMethod_literalMutationNumber217_withlog2:testInvokeMethod_literalMutationNumber182_withlog2:testInvokeMethod_literalMutationNumber218_withlog2:testInvokeMethod_literalMutationString80_withlog2:testInvokeMethod_literalMutationString140_withlog2:testInvokeMethod_literalMutationNumber175_withlog2:testInvokeMethod_literalMutationNumber176_withlog2:testInvokeMethod_literalMutationNumber172_withlog2:testInvokeMethod_literalMutationNumber208_withlog2:testInvokeMethod_literalMutationString31_withlog2:testInvokeMethod_literalMutationString195_withlog2:testInvokeMethod_literalMutationString99_withlog2:testInvokeMethod_literalMutationString117_withlog2:testInvokeMethod_literalMutationString96_withlog2:testInvokeMethod_literalMutationString84_withlog2:testInvokeMethod_literalMutationString141_withlog2:testInvokeMethod_literalMutationString198_withlog2:testInvokeMethod_literalMutationString93_withlog2:testInvokeMethod_literalMutationNumber221_withlog2:testInvokeMethod_literalMutationNumber107_withlog2:testInvokeMethod_literalMutationNumber130_withlog2:testInvokeMethod_literalMutationNumber108_withlog2:testInvokeMethod_literalMutationNumber111_withlog2:testInvokeMethod_literalMutationNumber131_withlog2:testInvokeMethod_literalMutationNumber210_withlog2:testInvokeMethod_literalMutationNumber214_withlog2:testInvokeMethod_literalMutationNumber133_withlog2:testInvokeMethod_literalMutationNumber213_withlog2:testInvokeMethod_literalMutationNumber220_withlog2:testInvokeMethod_literalMutationNumber106_withlog2:testInvokeMethod_literalMutationNumber134_withlog2:testInvokeMethod_literalMutationNumber205_withlog2:testInvokeMethod_literalMutationNumber109_withlog2:testInvokeMethod_literalMutationNumber143_withlog2:testInvokeMethod_literalMutationNumber150_withlog2:testInvokeMethod_literalMutationNumber132_withlog2:testInvokeMethod_literalMutationNumber142_withlog2:testInvokeMethod_literalMutationNumber144_withlog2:testInvokeMethod_literalMutationString162_withlog2:testInvokeMethod_literalMutationNumber145_withlog2:testInvokeMethod_literalMutationNumber128_withlog2:testInvokeMethod_literalMutationNumber135_withlog2:testInvokeMethod_literalMutationNumber146_withlog2:testInvokeMethod_literalMutationNumber173_withlog2:testInvokeMethod_literalMutationNumber180_withlog2:testInvokeMethod_literalMutationNumber209_withlog2:testInvokeMethod_literalMutationNumber216_withlog2:testInvokeMethod_literalMutationNumber127_withlog2:testInvokeMethod_literalMutationNumber129_withlog2:testInvokeMethod_literalMutationNumber148_withlog2:testInvokeMethod_literalMutationNumber183_withlog2:testInvokeMethod_literalMutationNumber185_withlog2:testInvokeMethod_literalMutationNumber219_withlog2
File saved to the following path: /tmp/icst-2019/september-2018/dataset/commons-lang_parent/target/dspot/observations.ser
File saved to the following path: /tmp/icst-2019/september-2018/dataset/commons-lang_parent/target/dspot/TestListener.ser
Loading /tmp/icst-2019/september-2018/dataset/commons-lang_parent/target/dspot/TestListener.ser
[INFO] Test has been run: testInvokeMethod_literalMutationNumber129_withlog0,testInvokeMethod_literalMutationNumber129_withlog1,testInvokeMethod_literalMutationNumber129_withlog2,testInvokeMethod_literalMutationNumber206_withlog0,testInvokeMethod_literalMutationNumber206_withlog1,testInvokeMethod_literalMutationNumber206_withlog2,testInvokeMethod_literalMutationString31_withlog0,testInvokeMethod_literalMutationString31_withlog1,testInvokeMethod_literalMutationString31_withlog2,testInvokeMethod_add233_withlog0,testInvokeMethod_add233_withlog1,testInvokeMethod_add233_withlog2,testInvokeMethod_literalMutationNumber176_withlog0,testInvokeMethod_literalMutationNumber176_withlog1,testInvokeMethod_literalMutationNumber176_withlog2,testInvokeMethod_literalMutationNumber128_withlog0,testInvokeMethod_literalMutationNumber128_withlog1,testInvokeMethod_literalMutationNumber128_withlog2,testInvokeMethod_literalMutationNumber205_withlog0,testInvokeMethod_literalMutationNumber205_withlog1,testInvokeMethod_literalMutationNumber205_withlog2,testInvokeMethod_literalMutationString77_withlog0,testInvokeMethod_literalMutationString77_withlog1,testInvokeMethod_literalMutationString77_withlog2,testInvokeMethod_add232_withlog0,testInvokeMethod_add232_withlog1,testInvokeMethod_add232_withlog2,testInvokeMethod_literalMutationNumber175_withlog0,testInvokeMethod_literalMutationNumber175_withlog1,testInvokeMethod_literalMutationNumber175_withlog2,testInvokeMethod_literalMutationNumber127_withlog0,testInvokeMethod_literalMutationNumber127_withlog1,testInvokeMethod_literalMutationNumber127_withlog2,testInvokeMethod_literalMutationString76_withlog0,testInvokeMethod_literalMutationString76_withlog1,testInvokeMethod_literalMutationString76_withlog2,testInvokeMethod_add231_withlog0,testInvokeMethod_add231_withlog1,testInvokeMethod_add231_withlog2,testInvokeMethod_literalMutationString99_withlog0,testInvokeMethod_literalMutationString99_withlog1,testInvokeMethod_literalMutationString99_withlog2,testInvokeMethod_add230_withlog0,testInvokeMethod_add230_withlog1,testInvokeMethod_add230_withlog2,testInvokeMethod_literalMutationNumber150_withlog0,testInvokeMethod_literalMutationNumber150_withlog1,testInvokeMethod_literalMutationNumber150_withlog2,testInvokeMethod_add229_withlog0,testInvokeMethod_add229_withlog1,testInvokeMethod_add229_withlog2,testInvokeMethod_literalMutationNumber173_withlog0,testInvokeMethod_literalMutationNumber173_withlog1,testInvokeMethod_literalMutationNumber173_withlog2,testInvokeMethod_literalMutationString198_withlog0,testInvokeMethod_literalMutationString198_withlog1,testInvokeMethod_literalMutationString198_withlog2,testInvokeMethod_add228_withlog0,testInvokeMethod_add228_withlog1,testInvokeMethod_add228_withlog2,testInvokeMethod_literalMutationNumber148_withlog0,testInvokeMethod_literalMutationNumber148_withlog1,testInvokeMethod_literalMutationNumber148_withlog2,testInvokeMethod_literalMutationString97_withlog0,testInvokeMethod_literalMutationString97_withlog1,testInvokeMethod_literalMutationString97_withlog2,testInvokeMethod_literalMutationNumber172_withlog0,testInvokeMethod_literalMutationNumber172_withlog1,testInvokeMethod_literalMutationNumber172_withlog2,testInvokeMethod_add227_withlog0,testInvokeMethod_add227_withlog1,testInvokeMethod_add227_withlog2,testInvokeMethod_literalMutationString96_withlog0,testInvokeMethod_literalMutationString96_withlog1,testInvokeMethod_literalMutationString96_withlog2,testInvokeMethod_literalMutationNumber171_withlog0,testInvokeMethod_literalMutationNumber171_withlog1,testInvokeMethod_literalMutationNumber171_withlog2,testInvokeMethod_literalMutationString196_withlog0,testInvokeMethod_literalMutationString196_withlog1,testInvokeMethod_literalMutationString196_withlog2,testInvokeMethod_add226_withlog0,testInvokeMethod_add226_withlog1,testInvokeMethod_add226_withlog2,testInvokeMethod_literalMutationNumber146_withlog0,testInvokeMethod_literalMutationNumber146_withlog1,testInvokeMethod_literalMutationNumber146_withlog2,testInvokeMethod_literalMutationNumber170_withlog0,testInvokeMethod_literalMutationNumber170_withlog1,testInvokeMethod_literalMutationNumber170_withlog2,testInvokeMethod_literalMutationString195_withlog0,testInvokeMethod_literalMutationString195_withlog1,testInvokeMethod_literalMutationString195_withlog2,testInvokeMethod_add225_withlog0,testInvokeMethod_add225_withlog1,testInvokeMethod_add225_withlog2,testInvokeMethod_literalMutationNumber145_withlog0,testInvokeMethod_literalMutationNumber145_withlog1,testInvokeMethod_literalMutationNumber145_withlog2,testInvokeMethod_literalMutationString94_withlog0,testInvokeMethod_literalMutationString94_withlog1,testInvokeMethod_literalMutationString94_withlog2,testInvokeMethod_rv252_withlog0,testInvokeMethod_rv252_withlog1,testInvokeMethod_rv252_withlog2,testInvokeMethod_add224_withlog0,testInvokeMethod_add224_withlog1,testInvokeMethod_add224_withlog2,testInvokeMethod_literalMutationNumber144_withlog0,testInvokeMethod_literalMutationNumber144_withlog1,testInvokeMethod_literalMutationNumber144_withlog2,testInvokeMethod_literalMutationNumber221_withlog0,testInvokeMethod_literalMutationNumber221_withlog1,testInvokeMethod_literalMutationNumber221_withlog2,testInvokeMethod_literalMutationString93_withlog0,testInvokeMethod_literalMutationString93_withlog1,testInvokeMethod_literalMutationString93_withlog2,testInvokeMethod_rv251_withlog0,testInvokeMethod_rv251_withlog1,testInvokeMethod_rv251_withlog2,testInvokeMethod_literalMutationString193_withlog0,testInvokeMethod_literalMutationString193_withlog1,testInvokeMethod_literalMutationString193_withlog2,testInvokeMethod_add223_withlog0,testInvokeMethod_add223_withlog1,testInvokeMethod_add223_withlog2,testInvokeMethod_literalMutationNumber143_withlog0,testInvokeMethod_literalMutationNumber143_withlog1,testInvokeMethod_literalMutationNumber143_withlog2,testInvokeMethod_literalMutationNumber220_withlog0,testInvokeMethod_literalMutationNumber220_withlog1,testInvokeMethod_literalMutationNumber220_withlog2,testInvokeMethod_literalMutationNumber219_withlog0,testInvokeMethod_literalMutationNumber219_withlog1,testInvokeMethod_literalMutationNumber219_withlog2,testInvokeMethod_rv250_withlog0,testInvokeMethod_rv250_withlog1,testInvokeMethod_rv250_withlog2,testInvokeMethod_rv249_withlog0,testInvokeMethod_rv249_withlog1,testInvokeMethod_rv249_withlog2,testInvokeMethod_literalMutationNumber142_withlog0,testInvokeMethod_literalMutationNumber142_withlog1,testInvokeMethod_literalMutationNumber142_withlog2,testInvokeMethod_literalMutationString91_withlog0,testInvokeMethod_literalMutationString91_withlog1,testInvokeMethod_literalMutationString91_withlog2,testInvokeMethod_literalMutationNumber218_withlog0,testInvokeMethod_literalMutationNumber218_withlog1,testInvokeMethod_literalMutationNumber218_withlog2,testInvokeMethod_rv248_withlog0,testInvokeMethod_rv248_withlog1,testInvokeMethod_rv248_withlog2,testInvokeMethod_literalMutationNumber217_withlog0,testInvokeMethod_literalMutationNumber217_withlog1,testInvokeMethod_literalMutationNumber217_withlog2,testInvokeMethod_literalMutationString118_withlog0,testInvokeMethod_literalMutationString118_withlog1,testInvokeMethod_literalMutationString118_withlog2,testInvokeMethod_rv247_withlog0,testInvokeMethod_rv247_withlog1,testInvokeMethod_rv247_withlog2,testInvokeMethod_literalMutationNumber216_withlog0,testInvokeMethod_literalMutationNumber216_withlog1,testInvokeMethod_literalMutationNumber216_withlog2,testInvokeMethod_literalMutationString117_withlog0,testInvokeMethod_literalMutationString117_withlog1,testInvokeMethod_literalMutationString117_withlog2,testInvokeMethod_rv246_withlog0,testInvokeMethod_rv246_withlog1,testInvokeMethod_rv246_withlog2,testInvokeMethod_literalMutationString141_withlog0,testInvokeMethod_literalMutationString141_withlog1,testInvokeMethod_literalMutationString141_withlog2,testInvokeMethod_rv245_withlog0,testInvokeMethod_rv245_withlog1,testInvokeMethod_rv245_withlog2,testInvokeMethod_add242_withlog0,testInvokeMethod_add242_withlog1,testInvokeMethod_add242_withlog2,testInvokeMethod_literalMutationString140_withlog0,testInvokeMethod_literalMutationString140_withlog1,testInvokeMethod_literalMutationString140_withlog2,testInvokeMethod_literalMutationString139_withlog0,testInvokeMethod_literalMutationString139_withlog1,testInvokeMethod_literalMutationString139_withlog2,testInvokeMethod_literalMutationNumber185_withlog0,testInvokeMethod_literalMutationNumber185_withlog1,testInvokeMethod_literalMutationNumber185_withlog2,testInvokeMethod_literalMutationNumber214_withlog0,testInvokeMethod_literalMutationNumber214_withlog1,testInvokeMethod_literalMutationNumber214_withlog2,testInvokeMethod_literalMutationString115_withlog0,testInvokeMethod_literalMutationString115_withlog1,testInvokeMethod_literalMutationString115_withlog2,testInvokeMethod_rv244_withlog0,testInvokeMethod_rv244_withlog1,testInvokeMethod_rv244_withlog2,testInvokeMethod_add241_withlog0,testInvokeMethod_add241_withlog1,testInvokeMethod_add241_withlog2,testInvokeMethod_literalMutationNumber213_withlog0,testInvokeMethod_literalMutationNumber213_withlog1,testInvokeMethod_literalMutationNumber213_withlog2,testInvokeMethod_literalMutationString162_withlog0,testInvokeMethod_literalMutationString162_withlog1,testInvokeMethod_literalMutationString162_withlog2,testInvokeMethod_add240_withlog0,testInvokeMethod_add240_withlog1,testInvokeMethod_add240_withlog2,testInvokeMethod_add239_withlog0,testInvokeMethod_add239_withlog1,testInvokeMethod_add239_withlog2,testInvokeMethod_literalMutationNumber183_withlog0,testInvokeMethod_literalMutationNumber183_withlog1,testInvokeMethod_literalMutationNumber183_withlog2,testInvokeMethod_literalMutationNumber135_withlog0,testInvokeMethod_literalMutationNumber135_withlog1,testInvokeMethod_literalMutationNumber135_withlog2,testInvokeMethod_literalMutationNumber212_withlog0,testInvokeMethod_literalMutationNumber212_withlog1,testInvokeMethod_literalMutationNumber212_withlog2,testInvokeMethod_literalMutationString84_withlog0,testInvokeMethod_literalMutationString84_withlog1,testInvokeMethod_literalMutationString84_withlog2,testInvokeMethod_literalMutationNumber111_withlog0,testInvokeMethod_literalMutationNumber111_withlog1,testInvokeMethod_literalMutationNumber111_withlog2,testInvokeMethod_add238_withlog0,testInvokeMethod_add238_withlog1,testInvokeMethod_add238_withlog2,testInvokeMethod_literalMutationString136_withlog0,testInvokeMethod_literalMutationString136_withlog1,testInvokeMethod_literalMutationString136_withlog2,testInvokeMethod_literalMutationNumber182_withlog0,testInvokeMethod_literalMutationNumber182_withlog1,testInvokeMethod_literalMutationNumber182_withlog2,testInvokeMethod_literalMutationNumber134_withlog0,testInvokeMethod_literalMutationNumber134_withlog1,testInvokeMethod_literalMutationNumber134_withlog2,testInvokeMethod_literalMutationNumber211_withlog0,testInvokeMethod_literalMutationNumber211_withlog1,testInvokeMethod_literalMutationNumber211_withlog2,testInvokeMethod_literalMutationString160_withlog0,testInvokeMethod_literalMutationString160_withlog1,testInvokeMethod_literalMutationString160_withlog2,testInvokeMethod_literalMutationString112_withlog0,testInvokeMethod_literalMutationString112_withlog1,testInvokeMethod_literalMutationString112_withlog2,testInvokeMethod_add237_withlog0,testInvokeMethod_add237_withlog1,testInvokeMethod_add237_withlog2,testInvokeMethod_literalMutationNumber109_withlog0,testInvokeMethod_literalMutationNumber109_withlog1,testInvokeMethod_literalMutationNumber109_withlog2,testInvokeMethod_literalMutationNumber181_withlog0,testInvokeMethod_literalMutationNumber181_withlog1,testInvokeMethod_literalMutationNumber181_withlog2,testInvokeMethod_literalMutationNumber133_withlog0,testInvokeMethod_literalMutationNumber133_withlog1,testInvokeMethod_literalMutationNumber133_withlog2,testInvokeMethod_literalMutationNumber210_withlog0,testInvokeMethod_literalMutationNumber210_withlog1,testInvokeMethod_literalMutationNumber210_withlog2,testInvokeMethod_literalMutationString82_withlog0,testInvokeMethod_literalMutationString82_withlog1,testInvokeMethod_literalMutationString82_withlog2,testInvokeMethod_literalMutationNumber209_withlog0,testInvokeMethod_literalMutationNumber209_withlog1,testInvokeMethod_literalMutationNumber209_withlog2,testInvokeMethod_add236_withlog0,testInvokeMethod_add236_withlog1,testInvokeMethod_add236_withlog2,testInvokeMethod_literalMutationNumber108_withlog0,testInvokeMethod_literalMutationNumber108_withlog1,testInvokeMethod_literalMutationNumber108_withlog2,testInvokeMethod_literalMutationNumber180_withlog0,testInvokeMethod_literalMutationNumber180_withlog1,testInvokeMethod_literalMutationNumber180_withlog2,testInvokeMethod_literalMutationNumber132_withlog0,testInvokeMethod_literalMutationNumber132_withlog1,testInvokeMethod_literalMutationNumber132_withlog2,testInvokeMethod_literalMutationNumber208_withlog0,testInvokeMethod_literalMutationNumber208_withlog1,testInvokeMethod_literalMutationNumber208_withlog2,testInvokeMethod_literalMutationString157_withlog0,testInvokeMethod_literalMutationString157_withlog1,testInvokeMethod_literalMutationString157_withlog2,testInvokeMethod_add235_withlog0,testInvokeMethod_add235_withlog1,testInvokeMethod_add235_withlog2,testInvokeMethod_literalMutationNumber107_withlog0,testInvokeMethod_literalMutationNumber107_withlog1,testInvokeMethod_literalMutationNumber107_withlog2,testInvokeMethod_literalMutationNumber131_withlog0,testInvokeMethod_literalMutationNumber131_withlog1,testInvokeMethod_literalMutationNumber131_withlog2,testInvokeMethod_literalMutationString80_withlog0,testInvokeMethod_literalMutationString80_withlog1,testInvokeMethod_literalMutationString80_withlog2,testInvokeMethod_literalMutationNumber207_withlog0,testInvokeMethod_literalMutationNumber207_withlog1,testInvokeMethod_literalMutationNumber207_withlog2,testInvokeMethod_literalMutationString79_withlog0,testInvokeMethod_literalMutationString79_withlog1,testInvokeMethod_literalMutationString79_withlog2,testInvokeMethod_add234_withlog0,testInvokeMethod_add234_withlog1,testInvokeMethod_add234_withlog2,testInvokeMethod_literalMutationNumber106_withlog0,testInvokeMethod_literalMutationNumber106_withlog1,testInvokeMethod_literalMutationNumber106_withlog2,testInvokeMethod_literalMutationNumber130_withlog0,testInvokeMethod_literalMutationNumber130_withlog1,testInvokeMethod_literalMutationNumber130_withlog2
[INFO] Generating assertions...
[INFO] 95 test fail, generating try/catch/fail blocks...
[INFO] 200 new tests with assertions generated
[INFO] Run: java -classpath /tmp/icst-2019/september-2018/dataset/commons-lang_parent/target/test-classes:/tmp/icst-2019/september-2018/dataset/commons-lang_parent/target/classes/:/home/spirals/danglot/.m2/repository/junit/junit/4.12/junit-4.12.jar:/home/spirals/danglot/.m2/repository/org/hamcrest/hamcrest-core/1.3/hamcrest-core-1.3.jar:/home/spirals/danglot/.m2/repository/org/hamcrest/hamcrest-all/1.3/hamcrest-all-1.3.jar:/home/spirals/danglot/.m2/repository/org/easymock/easymock/3.6/easymock-3.6.jar:/home/spirals/danglot/.m2/repository/org/objenesis/objenesis/2.6/objenesis-2.6.jar:/home/spirals/danglot/.m2/repository/org/openjdk/jmh/jmh-core/1.21/jmh-core-1.21.jar:/home/spirals/danglot/.m2/repository/net/sf/jopt-simple/jopt-simple/4.6/jopt-simple-4.6.jar:/home/spirals/danglot/.m2/repository/org/apache/commons/commons-math3/3.2/commons-math3-3.2.jar:/home/spirals/danglot/.m2/repository/org/openjdk/jmh/jmh-generator-annprocess/1.21/jmh-generator-annprocess-1.21.jar:/tmp/icst-2019/september-2018/dataset/commons-lang_parent/target/dspot/dependencies/:/home/spirals/danglot/.m2/repository/eu/stamp-project/test-runner/1.1.0/test-runner-1.1.0-jar-with-dependencies.jar eu.stamp_project.testrunner.runner.test.TestRunner org.apache.commons.lang3.reflect.MethodUtilsTest testInvokeMethod_add223:testInvokeMethod_rv252:testInvokeMethod_add230:testInvokeMethod_add233:testInvokeMethod_add231:testInvokeMethod_add232:testInvokeMethod_rv244:testInvokeMethod_add225:testInvokeMethod_add229:testInvokeMethod_add228:testInvokeMethod_add239:testInvokeMethod_add242:testInvokeMethod_add240:testInvokeMethod_add241:testInvokeMethod_rv251:testInvokeMethod_add226:testInvokeMethod_add236:testInvokeMethod_add235:testInvokeMethod_add234:testInvokeMethod_add237:testInvokeMethod_add238:testInvokeMethod_add227:testInvokeMethod_add224:testInvokeMethod_rv248:testInvokeMethod_rv249:testInvokeMethod_rv245:testInvokeMethod_rv246:testInvokeMethod_rv247:testInvokeMethod_rv250:testInvokeMethod_literalMutationString136:testInvokeMethod_literalMutationString82:testInvokeMethod_literalMutationString91:testInvokeMethod_literalMutationString94:testInvokeMethod_literalMutationString77:testInvokeMethod_literalMutationString97:testInvokeMethod_literalMutationString79:testInvokeMethod_literalMutationString160:testInvokeMethod_literalMutationString157:testInvokeMethod_literalMutationString193:testInvokeMethod_literalMutationString196:testInvokeMethod_literalMutationString139:testInvokeMethod_literalMutationString112:testInvokeMethod_literalMutationString115:testInvokeMethod_literalMutationString118:testInvokeMethod_literalMutationString76:testInvokeMethod_literalMutationNumber211:testInvokeMethod_literalMutationNumber170:testInvokeMethod_literalMutationNumber206:testInvokeMethod_literalMutationNumber212:testInvokeMethod_literalMutationNumber171:testInvokeMethod_literalMutationNumber207:testInvokeMethod_literalMutationNumber181:testInvokeMethod_literalMutationNumber217:testInvokeMethod_literalMutationNumber182:testInvokeMethod_literalMutationNumber218:testInvokeMethod_literalMutationString80:testInvokeMethod_literalMutationString140:testInvokeMethod_literalMutationNumber175:testInvokeMethod_literalMutationNumber176:testInvokeMethod_literalMutationNumber172:testInvokeMethod_literalMutationNumber208:testInvokeMethod_literalMutationString31:testInvokeMethod_literalMutationString195:testInvokeMethod_literalMutationString99:testInvokeMethod_literalMutationString117:testInvokeMethod_literalMutationString96:testInvokeMethod_literalMutationString84:testInvokeMethod_literalMutationString141:testInvokeMethod_literalMutationString198:testInvokeMethod_literalMutationString93:testInvokeMethod_literalMutationNumber221:testInvokeMethod_literalMutationNumber107:testInvokeMethod_literalMutationNumber130:testInvokeMethod_literalMutationNumber108:testInvokeMethod_literalMutationNumber111:testInvokeMethod_literalMutationNumber131:testInvokeMethod_literalMutationNumber210:testInvokeMethod_literalMutationNumber214:testInvokeMethod_literalMutationNumber133:testInvokeMethod_literalMutationNumber213:testInvokeMethod_literalMutationNumber220:testInvokeMethod_literalMutationNumber106:testInvokeMethod_literalMutationNumber134:testInvokeMethod_literalMutationNumber205:testInvokeMethod_literalMutationNumber109:testInvokeMethod_literalMutationNumber143:testInvokeMethod_literalMutationNumber150:testInvokeMethod_literalMutationNumber132:testInvokeMethod_literalMutationNumber142:testInvokeMethod_literalMutationNumber144:testInvokeMethod_literalMutationString162:testInvokeMethod_literalMutationNumber145:testInvokeMethod_literalMutationNumber128:testInvokeMethod_literalMutationNumber135:testInvokeMethod_literalMutationNumber146:testInvokeMethod_literalMutationNumber173:testInvokeMethod_literalMutationNumber180:testInvokeMethod_literalMutationNumber209:testInvokeMethod_literalMutationNumber216:testInvokeMethod_literalMutationNumber127:testInvokeMethod_literalMutationNumber129:testInvokeMethod_literalMutationNumber148:testInvokeMethod_literalMutationNumber183:testInvokeMethod_literalMutationNumber185:testInvokeMethod_literalMutationNumber219:testInvokeMethodnull270_failAssert0:testInvokeMethodnull271_failAssert1:testInvokeMethodnull272_failAssert2:testInvokeMethodnull269_failAssert3:testInvokeMethodnull260_failAssert4:testInvokeMethodnull261_failAssert5:testInvokeMethodnull253_failAssert6:testInvokeMethodnull262_failAssert7:testInvokeMethodnull254_failAssert8:testInvokeMethodnull263_failAssert9:testInvokeMethodnull255_failAssert10:testInvokeMethodnull264_failAssert11:testInvokeMethodnull256_failAssert12:testInvokeMethodnull265_failAssert13:testInvokeMethodnull257_failAssert14:testInvokeMethodnull266_failAssert15:testInvokeMethodnull258_failAssert16:testInvokeMethodnull267_failAssert17:testInvokeMethodnull259_failAssert18:testInvokeMethodnull268_failAssert19:testInvokeMethod_literalMutationString151_failAssert20:testInvokeMethod_literalMutationString164_failAssert21:testInvokeMethod_literalMutationString187_failAssert22:testInvokeMethod_literalMutationString199_failAssert23:testInvokeMethod_literalMutationString168_failAssert24:testInvokeMethod_literalMutationString1_failAssert25:testInvokeMethod_literalMutationString7_failAssert26:testInvokeMethod_literalMutationString20_failAssert27:testInvokeMethod_literalMutationString13_failAssert28:testInvokeMethod_literalMutationString40_failAssert29:testInvokeMethod_literalMutationString25_failAssert30:testInvokeMethod_literalMutationString34_failAssert31:testInvokeMethod_literalMutationString70_failAssert32:testInvokeMethod_literalMutationString53_failAssert33:testInvokeMethod_literalMutationString46_failAssert34:testInvokeMethod_literalMutationString65_failAssert35:testInvokeMethod_literalMutationString85_failAssert36:testInvokeMethod_literalMutationString59_failAssert37:testInvokeMethod_literalMutationString204_failAssert38:testInvokeMethod_literalMutationString100_failAssert39:testInvokeMethod_literalMutationString121_failAssert40:testInvokeMethod_literalMutationString191_failAssert41:testInvokeMethod_literalMutationString153_failAssert42:testInvokeMethod_literalMutationString4_failAssert43:testInvokeMethod_literalMutationString26_failAssert44:testInvokeMethod_literalMutationString39_failAssert45:testInvokeMethod_literalMutationString12_failAssert46:testInvokeMethod_literalMutationString22_failAssert47:testInvokeMethod_literalMutationString11_failAssert48:testInvokeMethod_literalMutationString51_failAssert49:testInvokeMethod_literalMutationString88_failAssert50:testInvokeMethod_literalMutationString5_failAssert51:testInvokeMethod_literalMutationString17_failAssert52:testInvokeMethod_literalMutationString44_failAssert53:testInvokeMethod_literalMutationString36_failAssert54:testInvokeMethod_literalMutationString63_failAssert55:testInvokeMethod_literalMutationString42_failAssert56:testInvokeMethod_literalMutationString55_failAssert57:testInvokeMethod_literalMutationString29_failAssert58:testInvokeMethod_literalMutationString75_failAssert59:testInvokeMethod_literalMutationString68_failAssert60:testInvokeMethod_literalMutationString89_failAssert61:testInvokeMethod_literalMutationString6_failAssert62:testInvokeMethod_literalMutationString69_failAssert63:testInvokeMethod_literalMutationString74_failAssert64:testInvokeMethod_literalMutationString62_failAssert65:testInvokeMethod_literalMutationString19_failAssert66:testInvokeMethod_literalMutationString103_failAssert67:testInvokeMethod_literalMutationString58_failAssert68:testInvokeMethod_literalMutationString126_failAssert69:testInvokeMethod_literalMutationString105_failAssert70:testInvokeMethod_literalMutationString156_failAssert71:testInvokeMethod_literalMutationString202_failAssert72:testInvokeMethod_literalMutationString15_failAssert73:testInvokeMethod_literalMutationString64_failAssert74:testInvokeMethod_literalMutationString192_failAssert75:testInvokeMethod_literalMutationString8_failAssert76:testInvokeMethod_literalMutationString47_failAssert77:testInvokeMethod_literalMutationString167_failAssert78:testInvokeMethod_literalMutationString24_failAssert79:testInvokeMethod_literalMutationString123_failAssert80:testInvokeMethod_literalMutationString56_failAssert81:testInvokeMethod_literalMutationString49_failAssert82:testInvokeMethod_literalMutationString43_failAssert83:testInvokeMethod_literalMutationString189_failAssert84:testInvokeMethod_literalMutationString37_failAssert85:testInvokeMethod_literalMutationString57_failAssert86:testInvokeMethod_literalMutationString30_failAssert87:testInvokeMethod_literalMutationString72_failAssert88:testInvokeMethod_literalMutationString9_failAssert89:testInvokeMethod_literalMutationString18_failAssert90:testInvokeMethod_literalMutationString90_failAssert91:testInvokeMethod_literalMutationString124_failAssert92:testInvokeMethod_literalMutationString154_failAssert93:testInvokeMethod_literalMutationString203_failAssert94
File saved to the following path: /tmp/icst-2019/september-2018/dataset/commons-lang_parent/target/dspot/TestListener.ser
Loading /tmp/icst-2019/september-2018/dataset/commons-lang_parent/target/dspot/TestListener.ser
[INFO] Test has been run: testInvokeMethod_literalMutationString74_failAssert64,testInvokeMethod_literalMutationString192_failAssert75,testInvokeMethodnull254_failAssert8,testInvokeMethod_literalMutationString39_failAssert45,testInvokeMethod_literalMutationString112,testInvokeMethod_literalMutationString115,testInvokeMethod_literalMutationString117,testInvokeMethod_literalMutationString118,testInvokeMethod_literalMutationString136,testInvokeMethod_literalMutationString139,testInvokeMethod_literalMutationString140,testInvokeMethod_literalMutationString141,testInvokeMethod_literalMutationString157,testInvokeMethod_literalMutationString160,testInvokeMethod_literalMutationString162,testInvokeMethod_literalMutationString193,testInvokeMethod_literalMutationString195,testInvokeMethod_literalMutationString196,testInvokeMethod_literalMutationString198,testInvokeMethod_literalMutationString26_failAssert44,testInvokeMethod_literalMutationString13_failAssert28,testInvokeMethodnull262_failAssert7,testInvokeMethodnull258_failAssert16,testInvokeMethodnull270_failAssert0,testInvokeMethod_literalMutationString69_failAssert63,testInvokeMethod_literalMutationString187_failAssert22,testInvokeMethod_literalMutationString56_failAssert81,testInvokeMethod_literalMutationString5_failAssert51,testInvokeMethod_literalMutationString43_failAssert83,testInvokeMethod_literalMutationString30_failAssert87,testInvokeMethodnull253_failAssert6,testInvokeMethod_literalMutationString126_failAssert69,testInvokeMethod_literalMutationString100_failAssert39,testInvokeMethodnull261_failAssert5,testInvokeMethod_literalMutationString191_failAssert41,testInvokeMethod_literalMutationString156_failAssert71,testInvokeMethod_literalMutationString25_failAssert30,testInvokeMethod_literalMutationString12_failAssert46,testInvokeMethodnull257_failAssert14,testInvokeMethodnull260_failAssert4,testInvokeMethod_rv244,testInvokeMethod_rv245,testInvokeMethod_rv246,testInvokeMethod_rv247,testInvokeMethod_rv248,testInvokeMethod_rv249,testInvokeMethod_rv250,testInvokeMethod_rv251,testInvokeMethod_rv252,testInvokeMethod_literalMutationString90_failAssert91,testInvokeMethod_literalMutationString199_failAssert23,testInvokeMethod_literalMutationString68_failAssert60,testInvokeMethod_literalMutationString55_failAssert57,testInvokeMethod_literalMutationString4_failAssert43,testInvokeMethod_literalMutationString42_failAssert56,testInvokeMethod_add223,testInvokeMethod_add224,testInvokeMethod_add225,testInvokeMethod_add226,testInvokeMethod_add227,testInvokeMethod_add228,testInvokeMethod_add229,testInvokeMethod_add230,testInvokeMethod_add231,testInvokeMethod_add232,testInvokeMethod_add233,testInvokeMethod_add234,testInvokeMethod_add235,testInvokeMethod_add236,testInvokeMethod_add237,testInvokeMethod_add238,testInvokeMethod_add239,testInvokeMethod_add240,testInvokeMethod_add241,testInvokeMethod_add242,testInvokeMethod_literalMutationString85_failAssert36,testInvokeMethod_literalMutationString72_failAssert88,testInvokeMethod_literalMutationString168_failAssert24,testInvokeMethod_literalMutationString37_failAssert85,testInvokeMethod_literalMutationString24_failAssert79,testInvokeMethod_literalMutationString11_failAssert48,testInvokeMethodnull256_failAssert12,testInvokeMethod_literalMutationString19_failAssert66,testInvokeMethod_literalMutationString124_failAssert92,testInvokeMethod_literalMutationString49_failAssert82,testInvokeMethod_literalMutationString167_failAssert78,testInvokeMethod_literalMutationString36_failAssert54,testInvokeMethod_literalMutationString154_failAssert93,testInvokeMethodnull268_failAssert19,testInvokeMethodnull255_failAssert10,testInvokeMethod_literalMutationString53_failAssert33,testInvokeMethod_literalMutationString40_failAssert29,testInvokeMethod_literalMutationString18_failAssert90,testInvokeMethod_literalMutationString123_failAssert80,testInvokeMethod_literalMutationNumber106,testInvokeMethod_literalMutationNumber107,testInvokeMethod_literalMutationNumber108,testInvokeMethod_literalMutationNumber109,testInvokeMethod_literalMutationNumber111,testInvokeMethod_literalMutationNumber127,testInvokeMethod_literalMutationNumber128,testInvokeMethod_literalMutationNumber129,testInvokeMethod_literalMutationNumber130,testInvokeMethod_literalMutationNumber131,testInvokeMethod_literalMutationNumber132,testInvokeMethod_literalMutationNumber133,testInvokeMethod_literalMutationNumber134,testInvokeMethod_literalMutationNumber135,testInvokeMethod_literalMutationNumber142,testInvokeMethod_literalMutationNumber143,testInvokeMethod_literalMutationNumber144,testInvokeMethod_literalMutationNumber145,testInvokeMethod_literalMutationNumber146,testInvokeMethod_literalMutationNumber148,testInvokeMethod_literalMutationNumber150,testInvokeMethod_literalMutationNumber170,testInvokeMethod_literalMutationNumber171,testInvokeMethod_literalMutationNumber172,testInvokeMethod_literalMutationNumber173,testInvokeMethod_literalMutationNumber175,testInvokeMethod_literalMutationNumber176,testInvokeMethod_literalMutationNumber180,testInvokeMethod_literalMutationNumber181,testInvokeMethod_literalMutationNumber182,testInvokeMethod_literalMutationNumber183,testInvokeMethod_literalMutationNumber185,testInvokeMethod_literalMutationNumber205,testInvokeMethod_literalMutationNumber206,testInvokeMethod_literalMutationNumber207,testInvokeMethod_literalMutationNumber208,testInvokeMethod_literalMutationNumber209,testInvokeMethod_literalMutationNumber210,testInvokeMethod_literalMutationNumber211,testInvokeMethod_literalMutationNumber212,testInvokeMethod_literalMutationNumber213,testInvokeMethod_literalMutationNumber214,testInvokeMethod_literalMutationNumber216,testInvokeMethod_literalMutationNumber217,testInvokeMethod_literalMutationNumber218,testInvokeMethod_literalMutationNumber219,testInvokeMethod_literalMutationNumber220,testInvokeMethod_literalMutationNumber221,testInvokeMethod_literalMutationString70_failAssert32,testInvokeMethod_literalMutationString153_failAssert42,testInvokeMethod_literalMutationString22_failAssert47,testInvokeMethod_literalMutationString204_failAssert38,testInvokeMethod_literalMutationString105_failAssert70,testInvokeMethodnull267_failAssert17,testInvokeMethod_literalMutationString65_failAssert35,testInvokeMethod_literalMutationString1_failAssert25,testInvokeMethod_literalMutationString17_failAssert52,testInvokeMethodnull269_failAssert3,testInvokeMethod_literalMutationString9_failAssert89,testInvokeMethod_literalMutationString47_failAssert77,testInvokeMethod_literalMutationString34_failAssert31,testInvokeMethod_literalMutationString203_failAssert94,testInvokeMethodnull266_failAssert15,testInvokeMethod_literalMutationString64_failAssert74,testInvokeMethod_literalMutationString51_failAssert49,testInvokeMethod_literalMutationString29_failAssert58,testInvokeMethod_literalMutationString121_failAssert40,testInvokeMethod_literalMutationString59_failAssert37,testInvokeMethod_literalMutationString8_failAssert76,testInvokeMethod_literalMutationString46_failAssert34,testInvokeMethod_literalMutationString164_failAssert21,testInvokeMethod_literalMutationString151_failAssert20,testInvokeMethod_literalMutationString20_failAssert27,testInvokeMethod_literalMutationString202_failAssert72,testInvokeMethod_literalMutationString103_failAssert67,testInvokeMethodnull265_failAssert13,testInvokeMethod_literalMutationString89_failAssert61,testInvokeMethod_literalMutationString63_failAssert55,testInvokeMethod_literalMutationString15_failAssert73,testInvokeMethod_literalMutationString189_failAssert84,testInvokeMethod_literalMutationString58_failAssert68,testInvokeMethod_literalMutationString7_failAssert26,testInvokeMethodnull264_failAssert11,testInvokeMethod_literalMutationString88_failAssert50,testInvokeMethod_literalMutationString75_failAssert59,testInvokeMethod_literalMutationString62_failAssert65,testInvokeMethodnull272_failAssert2,testInvokeMethodnull259_failAssert18,testInvokeMethod_literalMutationString31,testInvokeMethod_literalMutationString76,testInvokeMethod_literalMutationString77,testInvokeMethod_literalMutationString79,testInvokeMethod_literalMutationString80,testInvokeMethod_literalMutationString82,testInvokeMethod_literalMutationString84,testInvokeMethod_literalMutationString91,testInvokeMethod_literalMutationString93,testInvokeMethod_literalMutationString94,testInvokeMethod_literalMutationString96,testInvokeMethod_literalMutationString97,testInvokeMethod_literalMutationString99,testInvokeMethod_literalMutationString57_failAssert86,testInvokeMethod_literalMutationString6_failAssert62,testInvokeMethod_literalMutationString44_failAssert53,testInvokeMethodnull263_failAssert9,testInvokeMethodnull271_failAssert1
[INFO] Assertion amplification: 200 test method(s) has been successfully amplified.
[WARN] 2018-09-29 17:15:22 Launcher - You specified the directory /tmp/icst-2019/september-2018/dataset/commons-lang/target/classes in source classpath, please note that only class files will be considered. Jars and subdirectories will be ignored.
[WARN] 2018-09-29 17:15:22 Launcher - You specified the directory /tmp/icst-2019/september-2018/dataset/commons-lang/target/test-classes in source classpath, please note that only class files will be considered. Jars and subdirectories will be ignored.
[WARN] 2018-09-29 17:15:22 Launcher - You specified the directory /tmp/icst-2019/september-2018/dataset/commons-lang/target/dspot/dependencies in source classpath, please note that only class files will be considered. Jars and subdirectories will be ignored.
[INFO] Run: java -classpath /tmp/icst-2019/september-2018/dataset/commons-lang/target/classes/:/tmp/icst-2019/september-2018/dataset/commons-lang/target/test-classes/:/home/spirals/danglot/.m2/repository/junit/junit/4.12/junit-4.12.jar:/home/spirals/danglot/.m2/repository/org/hamcrest/hamcrest-core/1.3/hamcrest-core-1.3.jar:/home/spirals/danglot/.m2/repository/org/hamcrest/hamcrest-all/1.3/hamcrest-all-1.3.jar:/home/spirals/danglot/.m2/repository/org/easymock/easymock/3.6/easymock-3.6.jar:/home/spirals/danglot/.m2/repository/org/objenesis/objenesis/2.6/objenesis-2.6.jar:/home/spirals/danglot/.m2/repository/org/openjdk/jmh/jmh-core/1.21/jmh-core-1.21.jar:/home/spirals/danglot/.m2/repository/net/sf/jopt-simple/jopt-simple/4.6/jopt-simple-4.6.jar:/home/spirals/danglot/.m2/repository/org/apache/commons/commons-math3/3.2/commons-math3-3.2.jar:/home/spirals/danglot/.m2/repository/org/openjdk/jmh/jmh-generator-annprocess/1.21/jmh-generator-annprocess-1.21.jar:/tmp/icst-2019/september-2018/dataset/commons-lang/target/dspot/dependencies/:/home/spirals/danglot/.m2/repository/eu/stamp-project/test-runner/1.1.0/test-runner-1.1.0-jar-with-dependencies.jar eu.stamp_project.testrunner.runner.test.TestRunner org.apache.commons.lang3.reflect.MethodUtilsTest testInvokeMethod_add223:testInvokeMethod_rv252:testInvokeMethod_add230:testInvokeMethod_add233:testInvokeMethod_add231:testInvokeMethod_add232:testInvokeMethod_rv244:testInvokeMethod_add225:testInvokeMethod_add229:testInvokeMethod_add228:testInvokeMethod_add239:testInvokeMethod_add242:testInvokeMethod_add240:testInvokeMethod_add241:testInvokeMethod_rv251:testInvokeMethod_add226:testInvokeMethod_add236:testInvokeMethod_add235:testInvokeMethod_add234:testInvokeMethod_add237:testInvokeMethod_add238:testInvokeMethod_add227:testInvokeMethod_add224:testInvokeMethod_rv248:testInvokeMethod_rv249:testInvokeMethod_rv245:testInvokeMethod_rv246:testInvokeMethod_rv247:testInvokeMethod_rv250:testInvokeMethod_literalMutationString136:testInvokeMethod_literalMutationString82:testInvokeMethod_literalMutationString91:testInvokeMethod_literalMutationString94:testInvokeMethod_literalMutationString77:testInvokeMethod_literalMutationString97:testInvokeMethod_literalMutationString79:testInvokeMethod_literalMutationString160:testInvokeMethod_literalMutationString157:testInvokeMethod_literalMutationString193:testInvokeMethod_literalMutationString196:testInvokeMethod_literalMutationString139:testInvokeMethod_literalMutationString112:testInvokeMethod_literalMutationString115:testInvokeMethod_literalMutationString118:testInvokeMethod_literalMutationString76:testInvokeMethod_literalMutationNumber211:testInvokeMethod_literalMutationNumber170:testInvokeMethod_literalMutationNumber206:testInvokeMethod_literalMutationNumber212:testInvokeMethod_literalMutationNumber171:testInvokeMethod_literalMutationNumber207:testInvokeMethod_literalMutationNumber181:testInvokeMethod_literalMutationNumber217:testInvokeMethod_literalMutationNumber182:testInvokeMethod_literalMutationNumber218:testInvokeMethod_literalMutationString80:testInvokeMethod_literalMutationString140:testInvokeMethod_literalMutationNumber175:testInvokeMethod_literalMutationNumber176:testInvokeMethod_literalMutationNumber172:testInvokeMethod_literalMutationNumber208:testInvokeMethod_literalMutationString31:testInvokeMethod_literalMutationString195:testInvokeMethod_literalMutationString99:testInvokeMethod_literalMutationString117:testInvokeMethod_literalMutationString96:testInvokeMethod_literalMutationString84:testInvokeMethod_literalMutationString141:testInvokeMethod_literalMutationString198:testInvokeMethod_literalMutationString93:testInvokeMethod_literalMutationNumber221:testInvokeMethod_literalMutationNumber107:testInvokeMethod_literalMutationNumber130:testInvokeMethod_literalMutationNumber108:testInvokeMethod_literalMutationNumber111:testInvokeMethod_literalMutationNumber131:testInvokeMethod_literalMutationNumber210:testInvokeMethod_literalMutationNumber214:testInvokeMethod_literalMutationNumber133:testInvokeMethod_literalMutationNumber213:testInvokeMethod_literalMutationNumber220:testInvokeMethod_literalMutationNumber106:testInvokeMethod_literalMutationNumber134:testInvokeMethod_literalMutationNumber205:testInvokeMethod_literalMutationNumber109:testInvokeMethod_literalMutationNumber143:testInvokeMethod_literalMutationNumber150:testInvokeMethod_literalMutationNumber132:testInvokeMethod_literalMutationNumber142:testInvokeMethod_literalMutationNumber144:testInvokeMethod_literalMutationString162:testInvokeMethod_literalMutationNumber145:testInvokeMethod_literalMutationNumber128:testInvokeMethod_literalMutationNumber135:testInvokeMethod_literalMutationNumber146:testInvokeMethod_literalMutationNumber173:testInvokeMethod_literalMutationNumber180:testInvokeMethod_literalMutationNumber209:testInvokeMethod_literalMutationNumber216:testInvokeMethod_literalMutationNumber127:testInvokeMethod_literalMutationNumber129:testInvokeMethod_literalMutationNumber148:testInvokeMethod_literalMutationNumber183:testInvokeMethod_literalMutationNumber185:testInvokeMethod_literalMutationNumber219:testInvokeMethodnull270_failAssert0:testInvokeMethodnull271_failAssert1:testInvokeMethodnull272_failAssert2:testInvokeMethodnull269_failAssert3:testInvokeMethodnull260_failAssert4:testInvokeMethodnull261_failAssert5:testInvokeMethodnull253_failAssert6:testInvokeMethodnull262_failAssert7:testInvokeMethodnull254_failAssert8:testInvokeMethodnull263_failAssert9:testInvokeMethodnull255_failAssert10:testInvokeMethodnull264_failAssert11:testInvokeMethodnull256_failAssert12:testInvokeMethodnull265_failAssert13:testInvokeMethodnull257_failAssert14:testInvokeMethodnull266_failAssert15:testInvokeMethodnull258_failAssert16:testInvokeMethodnull267_failAssert17:testInvokeMethodnull259_failAssert18:testInvokeMethodnull268_failAssert19:testInvokeMethod_literalMutationString151_failAssert20:testInvokeMethod_literalMutationString164_failAssert21:testInvokeMethod_literalMutationString187_failAssert22:testInvokeMethod_literalMutationString199_failAssert23:testInvokeMethod_literalMutationString168_failAssert24:testInvokeMethod_literalMutationString1_failAssert25:testInvokeMethod_literalMutationString7_failAssert26:testInvokeMethod_literalMutationString20_failAssert27:testInvokeMethod_literalMutationString13_failAssert28:testInvokeMethod_literalMutationString40_failAssert29:testInvokeMethod_literalMutationString25_failAssert30:testInvokeMethod_literalMutationString34_failAssert31:testInvokeMethod_literalMutationString70_failAssert32:testInvokeMethod_literalMutationString53_failAssert33:testInvokeMethod_literalMutationString46_failAssert34:testInvokeMethod_literalMutationString65_failAssert35:testInvokeMethod_literalMutationString85_failAssert36:testInvokeMethod_literalMutationString59_failAssert37:testInvokeMethod_literalMutationString204_failAssert38:testInvokeMethod_literalMutationString100_failAssert39:testInvokeMethod_literalMutationString121_failAssert40:testInvokeMethod_literalMutationString191_failAssert41:testInvokeMethod_literalMutationString153_failAssert42:testInvokeMethod_literalMutationString4_failAssert43:testInvokeMethod_literalMutationString26_failAssert44:testInvokeMethod_literalMutationString39_failAssert45:testInvokeMethod_literalMutationString12_failAssert46:testInvokeMethod_literalMutationString22_failAssert47:testInvokeMethod_literalMutationString11_failAssert48:testInvokeMethod_literalMutationString51_failAssert49:testInvokeMethod_literalMutationString88_failAssert50:testInvokeMethod_literalMutationString5_failAssert51:testInvokeMethod_literalMutationString17_failAssert52:testInvokeMethod_literalMutationString44_failAssert53:testInvokeMethod_literalMutationString36_failAssert54:testInvokeMethod_literalMutationString63_failAssert55:testInvokeMethod_literalMutationString42_failAssert56:testInvokeMethod_literalMutationString55_failAssert57:testInvokeMethod_literalMutationString29_failAssert58:testInvokeMethod_literalMutationString75_failAssert59:testInvokeMethod_literalMutationString68_failAssert60:testInvokeMethod_literalMutationString89_failAssert61:testInvokeMethod_literalMutationString6_failAssert62:testInvokeMethod_literalMutationString69_failAssert63:testInvokeMethod_literalMutationString74_failAssert64:testInvokeMethod_literalMutationString62_failAssert65:testInvokeMethod_literalMutationString19_failAssert66:testInvokeMethod_literalMutationString103_failAssert67:testInvokeMethod_literalMutationString58_failAssert68:testInvokeMethod_literalMutationString126_failAssert69:testInvokeMethod_literalMutationString105_failAssert70:testInvokeMethod_literalMutationString156_failAssert71:testInvokeMethod_literalMutationString202_failAssert72:testInvokeMethod_literalMutationString15_failAssert73:testInvokeMethod_literalMutationString64_failAssert74:testInvokeMethod_literalMutationString192_failAssert75:testInvokeMethod_literalMutationString8_failAssert76:testInvokeMethod_literalMutationString47_failAssert77:testInvokeMethod_literalMutationString167_failAssert78:testInvokeMethod_literalMutationString24_failAssert79:testInvokeMethod_literalMutationString123_failAssert80:testInvokeMethod_literalMutationString56_failAssert81:testInvokeMethod_literalMutationString49_failAssert82:testInvokeMethod_literalMutationString43_failAssert83:testInvokeMethod_literalMutationString189_failAssert84:testInvokeMethod_literalMutationString37_failAssert85:testInvokeMethod_literalMutationString57_failAssert86:testInvokeMethod_literalMutationString30_failAssert87:testInvokeMethod_literalMutationString72_failAssert88:testInvokeMethod_literalMutationString9_failAssert89:testInvokeMethod_literalMutationString18_failAssert90:testInvokeMethod_literalMutationString90_failAssert91:testInvokeMethod_literalMutationString124_failAssert92:testInvokeMethod_literalMutationString154_failAssert93:testInvokeMethod_literalMutationString203_failAssert94
File saved to the following path: /tmp/icst-2019/september-2018/dataset/commons-lang_parent/target/dspot/TestListener.ser
Loading /tmp/icst-2019/september-2018/dataset/commons-lang_parent/target/dspot/TestListener.ser
[INFO] Test has been run: testInvokeMethod_literalMutationString74_failAssert64,testInvokeMethod_literalMutationString192_failAssert75,testInvokeMethodnull254_failAssert8,testInvokeMethod_literalMutationString39_failAssert45,testInvokeMethod_literalMutationString112,testInvokeMethod_literalMutationString115,testInvokeMethod_literalMutationString117,testInvokeMethod_literalMutationString118,testInvokeMethod_literalMutationString136,testInvokeMethod_literalMutationString139,testInvokeMethod_literalMutationString140,testInvokeMethod_literalMutationString141,testInvokeMethod_literalMutationString157,testInvokeMethod_literalMutationString160,testInvokeMethod_literalMutationString162,testInvokeMethod_literalMutationString193,testInvokeMethod_literalMutationString195,testInvokeMethod_literalMutationString196,testInvokeMethod_literalMutationString198,testInvokeMethod_literalMutationString26_failAssert44,testInvokeMethod_literalMutationString13_failAssert28,testInvokeMethodnull262_failAssert7,testInvokeMethodnull258_failAssert16,testInvokeMethodnull270_failAssert0,testInvokeMethod_literalMutationString69_failAssert63,testInvokeMethod_literalMutationString187_failAssert22,testInvokeMethod_literalMutationString56_failAssert81,testInvokeMethod_literalMutationString5_failAssert51,testInvokeMethod_literalMutationString43_failAssert83,testInvokeMethod_literalMutationString30_failAssert87,testInvokeMethodnull253_failAssert6,testInvokeMethod_literalMutationString126_failAssert69,testInvokeMethod_literalMutationString100_failAssert39,testInvokeMethodnull261_failAssert5,testInvokeMethod_literalMutationString191_failAssert41,testInvokeMethod_literalMutationString156_failAssert71,testInvokeMethod_literalMutationString25_failAssert30,testInvokeMethod_literalMutationString12_failAssert46,testInvokeMethodnull257_failAssert14,testInvokeMethodnull260_failAssert4,testInvokeMethod_rv244,testInvokeMethod_rv245,testInvokeMethod_rv246,testInvokeMethod_rv247,testInvokeMethod_rv248,testInvokeMethod_rv249,testInvokeMethod_rv250,testInvokeMethod_rv251,testInvokeMethod_rv252,testInvokeMethod_literalMutationString90_failAssert91,testInvokeMethod_literalMutationString199_failAssert23,testInvokeMethod_literalMutationString68_failAssert60,testInvokeMethod_literalMutationString55_failAssert57,testInvokeMethod_literalMutationString4_failAssert43,testInvokeMethod_literalMutationString42_failAssert56,testInvokeMethod_add223,testInvokeMethod_add224,testInvokeMethod_add225,testInvokeMethod_add226,testInvokeMethod_add227,testInvokeMethod_add228,testInvokeMethod_add229,testInvokeMethod_add230,testInvokeMethod_add231,testInvokeMethod_add232,testInvokeMethod_add233,testInvokeMethod_add234,testInvokeMethod_add235,testInvokeMethod_add236,testInvokeMethod_add237,testInvokeMethod_add238,testInvokeMethod_add239,testInvokeMethod_add240,testInvokeMethod_add241,testInvokeMethod_add242,testInvokeMethod_literalMutationString85_failAssert36,testInvokeMethod_literalMutationString72_failAssert88,testInvokeMethod_literalMutationString168_failAssert24,testInvokeMethod_literalMutationString37_failAssert85,testInvokeMethod_literalMutationString24_failAssert79,testInvokeMethod_literalMutationString11_failAssert48,testInvokeMethodnull256_failAssert12,testInvokeMethod_literalMutationString19_failAssert66,testInvokeMethod_literalMutationString124_failAssert92,testInvokeMethod_literalMutationString49_failAssert82,testInvokeMethod_literalMutationString167_failAssert78,testInvokeMethod_literalMutationString36_failAssert54,testInvokeMethod_literalMutationString154_failAssert93,testInvokeMethodnull268_failAssert19,testInvokeMethodnull255_failAssert10,testInvokeMethod_literalMutationString53_failAssert33,testInvokeMethod_literalMutationString40_failAssert29,testInvokeMethod_literalMutationString18_failAssert90,testInvokeMethod_literalMutationString123_failAssert80,testInvokeMethod_literalMutationNumber106,testInvokeMethod_literalMutationNumber107,testInvokeMethod_literalMutationNumber108,testInvokeMethod_literalMutationNumber109,testInvokeMethod_literalMutationNumber111,testInvokeMethod_literalMutationNumber127,testInvokeMethod_literalMutationNumber128,testInvokeMethod_literalMutationNumber129,testInvokeMethod_literalMutationNumber130,testInvokeMethod_literalMutationNumber131,testInvokeMethod_literalMutationNumber132,testInvokeMethod_literalMutationNumber133,testInvokeMethod_literalMutationNumber134,testInvokeMethod_literalMutationNumber135,testInvokeMethod_literalMutationNumber142,testInvokeMethod_literalMutationNumber143,testInvokeMethod_literalMutationNumber144,testInvokeMethod_literalMutationNumber145,testInvokeMethod_literalMutationNumber146,testInvokeMethod_literalMutationNumber148,testInvokeMethod_literalMutationNumber150,testInvokeMethod_literalMutationNumber170,testInvokeMethod_literalMutationNumber171,testInvokeMethod_literalMutationNumber172,testInvokeMethod_literalMutationNumber173,testInvokeMethod_literalMutationNumber175,testInvokeMethod_literalMutationNumber176,testInvokeMethod_literalMutationNumber180,testInvokeMethod_literalMutationNumber181,testInvokeMethod_literalMutationNumber182,testInvokeMethod_literalMutationNumber183,testInvokeMethod_literalMutationNumber185,testInvokeMethod_literalMutationNumber205,testInvokeMethod_literalMutationNumber206,testInvokeMethod_literalMutationNumber207,testInvokeMethod_literalMutationNumber208,testInvokeMethod_literalMutationNumber209,testInvokeMethod_literalMutationNumber210,testInvokeMethod_literalMutationNumber211,testInvokeMethod_literalMutationNumber212,testInvokeMethod_literalMutationNumber213,testInvokeMethod_literalMutationNumber214,testInvokeMethod_literalMutationNumber216,testInvokeMethod_literalMutationNumber217,testInvokeMethod_literalMutationNumber218,testInvokeMethod_literalMutationNumber219,testInvokeMethod_literalMutationNumber220,testInvokeMethod_literalMutationNumber221,testInvokeMethod_literalMutationString70_failAssert32,testInvokeMethod_literalMutationString153_failAssert42,testInvokeMethod_literalMutationString22_failAssert47,testInvokeMethod_literalMutationString204_failAssert38,testInvokeMethod_literalMutationString105_failAssert70,testInvokeMethodnull267_failAssert17,testInvokeMethod_literalMutationString65_failAssert35,testInvokeMethod_literalMutationString1_failAssert25,testInvokeMethod_literalMutationString17_failAssert52,testInvokeMethodnull269_failAssert3,testInvokeMethod_literalMutationString9_failAssert89,testInvokeMethod_literalMutationString47_failAssert77,testInvokeMethod_literalMutationString34_failAssert31,testInvokeMethod_literalMutationString203_failAssert94,testInvokeMethodnull266_failAssert15,testInvokeMethod_literalMutationString64_failAssert74,testInvokeMethod_literalMutationString51_failAssert49,testInvokeMethod_literalMutationString29_failAssert58,testInvokeMethod_literalMutationString121_failAssert40,testInvokeMethod_literalMutationString59_failAssert37,testInvokeMethod_literalMutationString8_failAssert76,testInvokeMethod_literalMutationString46_failAssert34,testInvokeMethod_literalMutationString164_failAssert21,testInvokeMethod_literalMutationString151_failAssert20,testInvokeMethod_literalMutationString20_failAssert27,testInvokeMethod_literalMutationString202_failAssert72,testInvokeMethod_literalMutationString103_failAssert67,testInvokeMethodnull265_failAssert13,testInvokeMethod_literalMutationString89_failAssert61,testInvokeMethod_literalMutationString63_failAssert55,testInvokeMethod_literalMutationString15_failAssert73,testInvokeMethod_literalMutationString189_failAssert84,testInvokeMethod_literalMutationString58_failAssert68,testInvokeMethod_literalMutationString7_failAssert26,testInvokeMethodnull264_failAssert11,testInvokeMethod_literalMutationString88_failAssert50,testInvokeMethod_literalMutationString75_failAssert59,testInvokeMethod_literalMutationString62_failAssert65,testInvokeMethodnull272_failAssert2,testInvokeMethodnull259_failAssert18,testInvokeMethod_literalMutationString31,testInvokeMethod_literalMutationString76,testInvokeMethod_literalMutationString77,testInvokeMethod_literalMutationString79,testInvokeMethod_literalMutationString80,testInvokeMethod_literalMutationString82,testInvokeMethod_literalMutationString84,testInvokeMethod_literalMutationString91,testInvokeMethod_literalMutationString93,testInvokeMethod_literalMutationString94,testInvokeMethod_literalMutationString96,testInvokeMethod_literalMutationString97,testInvokeMethod_literalMutationString99,testInvokeMethod_literalMutationString57_failAssert86,testInvokeMethod_literalMutationString6_failAssert62,testInvokeMethod_literalMutationString44_failAssert53,testInvokeMethodnull263_failAssert9,testInvokeMethodnull271_failAssert1
[INFO] 0 amplified test methods has been selected to be kept.
[INFO] iteration 1 / 3
[INFO] 200 tests selected to be amplified over 200 available tests
[INFO] Amplification of inputs...
 63% |=============================== ]- 13% |============================================ ]- 88% |============================================ ]| 31% |============================================ ]\ 32% |============================================ ]| 63% |============================================ ]\ 88% |============================================ ]/ 13% |============================================ ]\ 64% |============================================ ]| 89% |============================================ ]- 32% |============================================ ]/ 14% |============================================ ]| 64% |============================================ ]/ 89% |============================================ ]\ 94% |=============================================== ]| 33% |=============================================== ]- 14% |=============================================== ]/ 19% |=============================================== ]- 81% |=============================================== ]\ 25% |=============================================== ]\[INFO] ------------------------------------------------------------------------
[INFO] BUILD FAILURE
[INFO] ------------------------------------------------------------------------
[INFO] Total time: 05:24 h
[INFO] Finished at: 2018-09-29T22:36:52+02:00
[INFO] ------------------------------------------------------------------------
[ERROR] OutOfMemoryError: Java heap space -> [Help 1]
java.lang.OutOfMemoryError
    at sun.reflect.NativeConstructorAccessorImpl.newInstance0 (Native Method)
    at sun.reflect.NativeConstructorAccessorImpl.newInstance (NativeConstructorAccessorImpl.java:62)
    at sun.reflect.DelegatingConstructorAccessorImpl.newInstance (DelegatingConstructorAccessorImpl.java:45)
    at java.lang.reflect.Constructor.newInstance (Constructor.java:423)
    at java.util.concurrent.ForkJoinTask.getThrowableException (ForkJoinTask.java:598)
    at java.util.concurrent.ForkJoinTask.reportException (ForkJoinTask.java:677)
    at java.util.concurrent.ForkJoinTask.invoke (ForkJoinTask.java:735)
    at java.util.stream.ReduceOps$ReduceOp.evaluateParallel (ReduceOps.java:714)
    at java.util.stream.AbstractPipeline.evaluate (AbstractPipeline.java:233)
    at java.util.stream.ReferencePipeline.collect (ReferencePipeline.java:499)
    at eu.stamp_project.dspot.budget.NoBudgetizer.inputAmplify (NoBudgetizer.java:55)
    at eu.stamp_project.dspot.Amplification.amplification (Amplification.java:134)
    at eu.stamp_project.dspot.Amplification.amplification (Amplification.java:97)
    at eu.stamp_project.dspot.DSpot.amplifyTest (DSpot.java:181)
    at eu.stamp_project.dspot.DSpot.amplifyTest (DSpot.java:171)
    at eu.stamp_project.Main.lambda$run$1 (Main.java:69)
    at java.util.stream.ReferencePipeline$3$1.accept (ReferencePipeline.java:193)
    at java.util.ArrayList$ArrayListSpliterator.forEachRemaining (ArrayList.java:1374)
    at java.util.stream.AbstractPipeline.copyInto (AbstractPipeline.java:481)
    at java.util.stream.AbstractPipeline.wrapAndCopyInto (AbstractPipeline.java:471)
    at java.util.stream.ReduceOps$ReduceOp.evaluateSequential (ReduceOps.java:708)
    at java.util.stream.AbstractPipeline.evaluate (AbstractPipeline.java:234)
    at java.util.stream.ReferencePipeline.collect (ReferencePipeline.java:499)
    at eu.stamp_project.Main.run (Main.java:71)
    at eu.stamp_project.DSpotMojo.execute (DSpotMojo.java:263)
    at org.apache.maven.plugin.DefaultBuildPluginManager.executeMojo (DefaultBuildPluginManager.java:137)
    at org.apache.maven.lifecycle.internal.MojoExecutor.execute (MojoExecutor.java:208)
    at org.apache.maven.lifecycle.internal.MojoExecutor.execute (MojoExecutor.java:154)
    at org.apache.maven.lifecycle.internal.MojoExecutor.execute (MojoExecutor.java:146)
    at org.apache.maven.lifecycle.internal.LifecycleModuleBuilder.buildProject (LifecycleModuleBuilder.java:117)
    at org.apache.maven.lifecycle.internal.LifecycleModuleBuilder.buildProject (LifecycleModuleBuilder.java:81)
    at org.apache.maven.lifecycle.internal.builder.singlethreaded.SingleThreadedBuilder.build (SingleThreadedBuilder.java:56)
    at org.apache.maven.lifecycle.internal.LifecycleStarter.execute (LifecycleStarter.java:128)
    at org.apache.maven.DefaultMaven.doExecute (DefaultMaven.java:305)
    at org.apache.maven.DefaultMaven.doExecute (DefaultMaven.java:192)
    at org.apache.maven.DefaultMaven.execute (DefaultMaven.java:105)
    at org.apache.maven.cli.MavenCli.execute (MavenCli.java:954)
    at org.apache.maven.cli.MavenCli.doMain (MavenCli.java:288)
    at org.apache.maven.cli.MavenCli.main (MavenCli.java:192)
    at sun.reflect.NativeMethodAccessorImpl.invoke0 (Native Method)
    at sun.reflect.NativeMethodAccessorImpl.invoke (NativeMethodAccessorImpl.java:62)
    at sun.reflect.DelegatingMethodAccessorImpl.invoke (DelegatingMethodAccessorImpl.java:43)
    at java.lang.reflect.Method.invoke (Method.java:498)
    at org.codehaus.plexus.classworlds.launcher.Launcher.launchEnhanced (Launcher.java:289)
    at org.codehaus.plexus.classworlds.launcher.Launcher.launch (Launcher.java:229)
    at org.codehaus.plexus.classworlds.launcher.Launcher.mainWithExitCode (Launcher.java:415)
    at org.codehaus.plexus.classworlds.launcher.Launcher.main (Launcher.java:356)
Caused by: java.lang.OutOfMemoryError: Java heap space
    at java.lang.Class.getDeclaredMethods0 (Native Method)
    at java.lang.Class.privateGetDeclaredMethods (Class.java:2701)
    at java.lang.Class.privateGetPublicMethods (Class.java:2902)
    at java.lang.Class.privateGetPublicMethods (Class.java:2917)
    at java.lang.Class.getMethods (Class.java:1615)
    at spoon.support.util.RtHelper.getMethod (RtHelper.java:192)
    at spoon.reflect.visitor.chain.CtQueryImpl$AbstractStep.onCallbackSet (CtQueryImpl.java:396)
    at spoon.reflect.visitor.chain.CtQueryImpl$LazyFunctionWrapper.<init> (CtQueryImpl.java:496)
    at spoon.reflect.visitor.chain.CtQueryImpl.map (CtQueryImpl.java:160)
    at spoon.reflect.visitor.chain.CtQueryImpl.filterChildren (CtQueryImpl.java:172)
    at spoon.reflect.visitor.chain.CtQueryImpl.filterChildren (CtQueryImpl.java:40)
    at spoon.support.reflect.declaration.CtElementImpl.filterChildren (CtElementImpl.java:359)
    at spoon.support.reflect.declaration.CtElementImpl.getElements (CtElementImpl.java:344)
    at eu.stamp_project.utils.AmplificationChecker.containsMethodCallToAssertion (AmplificationChecker.java:188)
    at eu.stamp_project.utils.AmplificationChecker.access$100 (AmplificationChecker.java:27)
    at eu.stamp_project.utils.AmplificationChecker$HasAssertInvocationFilter.matches (AmplificationChecker.java:178)
    at eu.stamp_project.utils.AmplificationChecker$HasAssertInvocationFilter.matches (AmplificationChecker.java:167)
    at spoon.reflect.visitor.chain.CtQueryImpl$3.apply (CtQueryImpl.java:184)
    at spoon.reflect.visitor.chain.CtQueryImpl$3.apply (CtQueryImpl.java:181)
    at spoon.reflect.visitor.chain.CtQueryImpl$FunctionWrapper._accept (CtQueryImpl.java:521)
    at spoon.reflect.visitor.chain.CtQueryImpl$AbstractStep.accept (CtQueryImpl.java:318)
    at spoon.reflect.visitor.filter.CtScannerFunction$Scanner.onElement (CtScannerFunction.java:87)
    at spoon.reflect.visitor.EarlyTerminatingScanner.doScan (EarlyTerminatingScanner.java:148)
    at spoon.reflect.visitor.EarlyTerminatingScanner.scan (EarlyTerminatingScanner.java:128)
    at spoon.reflect.visitor.CtScanner.scan (CtScanner.java:173)
    at spoon.reflect.visitor.EarlyTerminatingScanner.scan (EarlyTerminatingScanner.java:113)
    at spoon.reflect.visitor.CtScanner.visitCtReturn (CtScanner.java:678)
    at spoon.support.reflect.code.CtReturnImpl.accept (CtReturnImpl.java:36)
    at spoon.reflect.visitor.EarlyTerminatingScanner.doScan (EarlyTerminatingScanner.java:152)
    at spoon.reflect.visitor.EarlyTerminatingScanner.scan (EarlyTerminatingScanner.java:128)
    at spoon.reflect.visitor.CtScanner.scan (CtScanner.java:173)
    at spoon.reflect.visitor.EarlyTerminatingScanner.scan (EarlyTerminatingScanner.java:113)
[ERROR] 
[ERROR] 
[ERROR] For more information about the errors and possible solutions, please read the following articles:
[ERROR] [Help 1] http://cwiki.apache.org/confluence/display/MAVEN/OutOfMemoryError
