Apache Maven 3.5.4 (1edded0938998edf8bf061f1ceb3cfdeccf443fe; 2018-06-17T20:33:14+02:00)
Maven home: /home/spirals/danglot/apache-maven-3.5.4
Java version: 1.8.0_121, vendor: Oracle Corporation, runtime: /home/spirals/danglot/jdk1.8.0_121/jre
Default locale: en_US, platform encoding: ANSI_X3.4-1968
OS name: "linux", version: "3.16.0-4-amd64", arch: "amd64", family: "unix"
[DEBUG] Created new class realm maven.api
[DEBUG] Importing foreign packages into class realm maven.api
[DEBUG]   Imported: javax.annotation.* < plexus.core
[DEBUG]   Imported: javax.annotation.security.* < plexus.core
[DEBUG]   Imported: javax.enterprise.inject.* < plexus.core
[DEBUG]   Imported: javax.enterprise.util.* < plexus.core
[DEBUG]   Imported: javax.inject.* < plexus.core
[DEBUG]   Imported: org.apache.maven.* < plexus.core
[DEBUG]   Imported: org.apache.maven.artifact < plexus.core
[DEBUG]   Imported: org.apache.maven.classrealm < plexus.core
[DEBUG]   Imported: org.apache.maven.cli < plexus.core
[DEBUG]   Imported: org.apache.maven.configuration < plexus.core
[DEBUG]   Imported: org.apache.maven.exception < plexus.core
[DEBUG]   Imported: org.apache.maven.execution < plexus.core
[DEBUG]   Imported: org.apache.maven.execution.scope < plexus.core
[DEBUG]   Imported: org.apache.maven.lifecycle < plexus.core
[DEBUG]   Imported: org.apache.maven.model < plexus.core
[DEBUG]   Imported: org.apache.maven.monitor < plexus.core
[DEBUG]   Imported: org.apache.maven.plugin < plexus.core
[DEBUG]   Imported: org.apache.maven.profiles < plexus.core
[DEBUG]   Imported: org.apache.maven.project < plexus.core
[DEBUG]   Imported: org.apache.maven.reporting < plexus.core
[DEBUG]   Imported: org.apache.maven.repository < plexus.core
[DEBUG]   Imported: org.apache.maven.rtinfo < plexus.core
[DEBUG]   Imported: org.apache.maven.settings < plexus.core
[DEBUG]   Imported: org.apache.maven.toolchain < plexus.core
[DEBUG]   Imported: org.apache.maven.usability < plexus.core
[DEBUG]   Imported: org.apache.maven.wagon.* < plexus.core
[DEBUG]   Imported: org.apache.maven.wagon.authentication < plexus.core
[DEBUG]   Imported: org.apache.maven.wagon.authorization < plexus.core
[DEBUG]   Imported: org.apache.maven.wagon.events < plexus.core
[DEBUG]   Imported: org.apache.maven.wagon.observers < plexus.core
[DEBUG]   Imported: org.apache.maven.wagon.proxy < plexus.core
[DEBUG]   Imported: org.apache.maven.wagon.repository < plexus.core
[DEBUG]   Imported: org.apache.maven.wagon.resource < plexus.core
[DEBUG]   Imported: org.codehaus.classworlds < plexus.core
[DEBUG]   Imported: org.codehaus.plexus.* < plexus.core
[DEBUG]   Imported: org.codehaus.plexus.classworlds < plexus.core
[DEBUG]   Imported: org.codehaus.plexus.component < plexus.core
[DEBUG]   Imported: org.codehaus.plexus.configuration < plexus.core
[DEBUG]   Imported: org.codehaus.plexus.container < plexus.core
[DEBUG]   Imported: org.codehaus.plexus.context < plexus.core
[DEBUG]   Imported: org.codehaus.plexus.lifecycle < plexus.core
[DEBUG]   Imported: org.codehaus.plexus.logging < plexus.core
[DEBUG]   Imported: org.codehaus.plexus.personality < plexus.core
[DEBUG]   Imported: org.codehaus.plexus.util.xml.Xpp3Dom < plexus.core
[DEBUG]   Imported: org.codehaus.plexus.util.xml.pull.XmlPullParser < plexus.core
[DEBUG]   Imported: org.codehaus.plexus.util.xml.pull.XmlPullParserException < plexus.core
[DEBUG]   Imported: org.codehaus.plexus.util.xml.pull.XmlSerializer < plexus.core
[DEBUG]   Imported: org.eclipse.aether.* < plexus.core
[DEBUG]   Imported: org.eclipse.aether.artifact < plexus.core
[DEBUG]   Imported: org.eclipse.aether.collection < plexus.core
[DEBUG]   Imported: org.eclipse.aether.deployment < plexus.core
[DEBUG]   Imported: org.eclipse.aether.graph < plexus.core
[DEBUG]   Imported: org.eclipse.aether.impl < plexus.core
[DEBUG]   Imported: org.eclipse.aether.installation < plexus.core
[DEBUG]   Imported: org.eclipse.aether.internal.impl < plexus.core
[DEBUG]   Imported: org.eclipse.aether.metadata < plexus.core
[DEBUG]   Imported: org.eclipse.aether.repository < plexus.core
[DEBUG]   Imported: org.eclipse.aether.resolution < plexus.core
[DEBUG]   Imported: org.eclipse.aether.spi < plexus.core
[DEBUG]   Imported: org.eclipse.aether.transfer < plexus.core
[DEBUG]   Imported: org.eclipse.aether.version < plexus.core
[DEBUG]   Imported: org.fusesource.jansi.* < plexus.core
[DEBUG]   Imported: org.slf4j.* < plexus.core
[DEBUG]   Imported: org.slf4j.helpers.* < plexus.core
[DEBUG]   Imported: org.slf4j.spi.* < plexus.core
[DEBUG] Populating class realm maven.api
[INFO] Error stacktraces are turned on.
[DEBUG] Message scheme: color
[DEBUG] Message styles: debug info warning error success failure strong mojo project
[DEBUG] Reading global settings from /home/spirals/danglot/apache-maven-3.5.4/conf/settings.xml
[DEBUG] Reading user settings from /home/spirals/danglot/.m2/settings.xml
[DEBUG] Reading global toolchains from /home/spirals/danglot/apache-maven-3.5.4/conf/toolchains.xml
[DEBUG] Reading user toolchains from /home/spirals/danglot/.m2/toolchains.xml
[DEBUG] Using local repository at /home/spirals/danglot/.m2/repository
[DEBUG] Using manager EnhancedLocalRepositoryManager with priority 10.0 for /home/spirals/danglot/.m2/repository
[INFO] Scanning for projects...
[DEBUG] Extension realms for project commons-io:commons-io:jar:2.7-SNAPSHOT: (none)
[DEBUG] Looking up lifecycle mappings for packaging jar from ClassRealm[plexus.core, parent: null]
[DEBUG] Extension realms for project org.apache.commons:commons-parent:pom:43: (none)
[DEBUG] Looking up lifecycle mappings for packaging pom from ClassRealm[plexus.core, parent: null]
[DEBUG] Extension realms for project org.apache:apache:pom:18: (none)
[DEBUG] Looking up lifecycle mappings for packaging pom from ClassRealm[plexus.core, parent: null]
[DEBUG] === REACTOR BUILD PLAN ================================================
[DEBUG] Project: commons-io:commons-io:jar:2.7-SNAPSHOT
[DEBUG] Tasks:   [eu.stamp-project:dspot-maven:1.1.1-SNAPSHOT:amplify-unit-tests]
[DEBUG] Style:   Regular
[DEBUG] =======================================================================
[INFO] 
[INFO] -----------------------< commons-io:commons-io >------------------------
[INFO] Building Apache Commons IO 2.7-SNAPSHOT
[INFO] --------------------------------[ jar ]---------------------------------
[DEBUG] Lifecycle default -> [validate, initialize, generate-sources, process-sources, generate-resources, process-resources, compile, process-classes, generate-test-sources, process-test-sources, generate-test-resources, process-test-resources, test-compile, process-test-classes, test, prepare-package, package, pre-integration-test, integration-test, post-integration-test, verify, install, deploy]
[DEBUG] Lifecycle clean -> [pre-clean, clean, post-clean]
[DEBUG] Lifecycle site -> [pre-site, site, post-site, site-deploy]
[DEBUG] === PROJECT BUILD PLAN ================================================
[DEBUG] Project:       commons-io:commons-io:2.7-SNAPSHOT
[DEBUG] Dependencies (collect): []
[DEBUG] Dependencies (resolve): [test]
[DEBUG] Repositories (dependencies): [apache.snapshots (https://repository.apache.org/snapshots, default, snapshots), central (https://repo.maven.apache.org/maven2, default, releases)]
[DEBUG] Repositories (plugins)     : [central (https://repo.maven.apache.org/maven2, default, releases)]
[DEBUG] -----------------------------------------------------------------------
[DEBUG] Goal:          eu.stamp-project:dspot-maven:1.1.1-SNAPSHOT:amplify-unit-tests (default-cli)
[DEBUG] Style:         Regular
[DEBUG] Configuration: <?xml version="1.0" encoding="UTF-8"?>
<configuration>
  <amplifiers default-value="None">${amplifiers}</amplifiers>
  <automaticBuilder default-value="MavenBuilder">${automatic-builder}</automaticBuilder>
  <budgetizer default-value="NoBudgetizer">${budgetizer}</budgetizer>
  <cases>${cases}</cases>
  <clean default-value="false">${clean}</clean>
  <descartes default-value="false">${descartes}</descartes>
  <example default-value="false">${example}</example>
  <generateNewTestClass default-value="false">${generate-new-test-class}</generateNewTestClass>
  <help default-value="false">${help}</help>
  <iteration default-value="3">${iteration}</iteration>
  <mavenHome>${maven-home}</mavenHome>
  <maxTestAmplified default-value="200">${max-test-amplified}</maxTestAmplified>
  <noMinimize default-value="false">${no-minimize}</noMinimize>
  <outputPath default-value="target/dspot/output">${output-path}</outputPath>
  <pathPitResult>${path-pit-result}</pathPitResult>
  <pathToProperties default-value="">${path-to-properties}</pathToProperties>
  <pathToSecondVersion default-value="">${path-to-second-version}</pathToSecondVersion>
  <pathToTestListCsv default-value="">${path-to-test-list-csv}</pathToTestListCsv>
  <project default-value="${project}"/>
  <randomSeed default-value="23">${randomSeed}</randomSeed>
  <test default-value="all">${test}</test>
  <testCriterion default-value="PitMutantScoreSelector">${test-criterion}</testCriterion>
  <timeOut default-value="10000">${timeOut}</timeOut>
  <useMavenToExeTest default-value="false">${use-maven-to-exe-test}</useMavenToExeTest>
  <verbose default-value="false">${verbose}</verbose>
  <withComment default-value="false">${with-comment}</withComment>
  <workingDirectory default-value="false">${working-directory}</workingDirectory>
</configuration>
[DEBUG] =======================================================================
[DEBUG] Dependency collection stats: {ConflictMarker.analyzeTime=733157, ConflictMarker.markTime=549310, ConflictMarker.nodeCount=3, ConflictIdSorter.graphTime=440910, ConflictIdSorter.topsortTime=385882, ConflictIdSorter.conflictIdCount=2, ConflictIdSorter.conflictIdCycleCount=0, ConflictResolver.totalTime=3323579, ConflictResolver.conflictItemCount=2, DefaultDependencyCollector.collectTime=25215846, DefaultDependencyCollector.transformTime=7969513}
[DEBUG] commons-io:commons-io:jar:2.7-SNAPSHOT
[DEBUG]    junit:junit:jar:4.12:test
[DEBUG]       org.hamcrest:hamcrest-core:jar:1.3:test
[INFO] 
[INFO] --- dspot-maven:1.1.1-SNAPSHOT:amplify-unit-tests (default-cli) @ commons-io ---
[DEBUG] Skipped remote request for eu.stamp-project:dspot:1.1.1-SNAPSHOT/maven-metadata.xml, locally installed metadata up-to-date.
[DEBUG] Skipped remote request for eu.stamp-project:dspot:1.1.1-SNAPSHOT/maven-metadata.xml, locally installed metadata up-to-date.
[DEBUG] Using transporter WagonTransporter with priority -1.0 for https://stamp-project.github.io/stamp-maven-repository/
[DEBUG] Using connector BasicRepositoryConnector with priority 0.0 for https://stamp-project.github.io/stamp-maven-repository/
Downloading from stamp-maven-repository-mvn-repo: https://stamp-project.github.io/stamp-maven-repository/eu/stamp-project/dspot/1.1.1-SNAPSHOT/maven-metadata.xml
[DEBUG] Writing tracking file /home/spirals/danglot/.m2/repository/eu/stamp-project/dspot/1.1.1-SNAPSHOT/resolver-status.properties
[DEBUG] Could not find metadata eu.stamp-project:dspot:1.1.1-SNAPSHOT/maven-metadata.xml in stamp-maven-repository-mvn-repo (https://stamp-project.github.io/stamp-maven-repository/)
[DEBUG] Skipped remote request for eu.stamp-project:dspot:1.1.1-SNAPSHOT/maven-metadata.xml, already updated during this session.
[DEBUG] Failure to find eu.stamp-project:dspot:1.1.1-SNAPSHOT/maven-metadata.xml in https://stamp-project.github.io/stamp-maven-repository/ was cached in the local repository, resolution will not be reattempted until the update interval of stamp-maven-repository-mvn-repo has elapsed or updates are forced
[DEBUG] Skipped remote request for eu.stamp-project:dspot:1.1.1-SNAPSHOT/maven-metadata.xml, locally installed metadata up-to-date.
[DEBUG] Skipped remote request for eu.stamp-project:dspot:1.1.1-SNAPSHOT/maven-metadata.xml, locally installed metadata up-to-date.
[DEBUG] Could not find metadata fr.inria.gforge.spoon:spoon-core:7.1.0-SNAPSHOT/maven-metadata.xml in local (/home/spirals/danglot/.m2/repository)
[DEBUG] Skipped remote request for fr.inria.gforge.spoon:spoon-core:7.1.0-SNAPSHOT/maven-metadata.xml, locally cached metadata up-to-date.
[DEBUG] Skipped remote request for fr.inria.gforge.spoon:spoon-core:7.1.0-SNAPSHOT/maven-metadata.xml, locally cached metadata up-to-date.
[DEBUG] Skipped remote request for fr.inria.gforge.spoon:spoon-core:7.1.0-SNAPSHOT/maven-metadata.xml, locally cached metadata up-to-date.
[DEBUG] Using transporter WagonTransporter with priority -1.0 for https://stamp-project.github.io/stamp-maven-repository/
[DEBUG] Using connector BasicRepositoryConnector with priority 0.0 for https://stamp-project.github.io/stamp-maven-repository/
Downloading from stamp-maven-repository-mvn-repo: https://stamp-project.github.io/stamp-maven-repository/fr/inria/gforge/spoon/spoon-core/7.1.0-SNAPSHOT/maven-metadata.xml
[DEBUG] Writing tracking file /home/spirals/danglot/.m2/repository/fr/inria/gforge/spoon/spoon-core/7.1.0-SNAPSHOT/resolver-status.properties
[DEBUG] Could not find metadata fr.inria.gforge.spoon:spoon-core:7.1.0-SNAPSHOT/maven-metadata.xml in stamp-maven-repository-mvn-repo (https://stamp-project.github.io/stamp-maven-repository/)
[DEBUG] Could not find metadata fr.inria.gforge.spoon:spoon-core:7.1.0-SNAPSHOT/maven-metadata.xml in local (/home/spirals/danglot/.m2/repository)
[DEBUG] Skipped remote request for fr.inria.gforge.spoon:spoon-core:7.1.0-SNAPSHOT/maven-metadata.xml, already updated during this session.
[DEBUG] Failure to find fr.inria.gforge.spoon:spoon-core:7.1.0-SNAPSHOT/maven-metadata.xml in https://stamp-project.github.io/stamp-maven-repository/ was cached in the local repository, resolution will not be reattempted until the update interval of stamp-maven-repository-mvn-repo has elapsed or updates are forced
[DEBUG] Skipped remote request for fr.inria.gforge.spoon:spoon-core:7.1.0-SNAPSHOT/maven-metadata.xml, locally cached metadata up-to-date.
[DEBUG] Skipped remote request for fr.inria.gforge.spoon:spoon-core:7.1.0-SNAPSHOT/maven-metadata.xml, locally cached metadata up-to-date.
[DEBUG] Skipped remote request for fr.inria.gforge.spoon:spoon-core:7.1.0-SNAPSHOT/maven-metadata.xml, locally cached metadata up-to-date.
[DEBUG] Could not find metadata org.eclipse.platform:org.eclipse.core.resources/maven-metadata.xml in local (/home/spirals/danglot/.m2/repository)
[DEBUG] Skipped remote request for org.eclipse.platform:org.eclipse.core.resources/maven-metadata.xml, locally cached metadata up-to-date.
[DEBUG] Skipped remote request for org.eclipse.platform:org.eclipse.core.resources/maven-metadata.xml, locally cached metadata up-to-date.
[DEBUG] Failure to find org.eclipse.platform:org.eclipse.core.resources/maven-metadata.xml in https://oss.sonatype.org/content/repositories/snapshots was cached in the local repository, resolution will not be reattempted until the update interval of sonatype-nexus-snapshots has elapsed or updates are forced
[DEBUG] Failure to find org.eclipse.platform:org.eclipse.core.resources/maven-metadata.xml in http://maven.inria.fr/artifactory/spoon-public-snapshot was cached in the local repository, resolution will not be reattempted until the update interval of maven.inria.fr-snapshot has elapsed or updates are forced
[DEBUG] Skipped remote request for org.eclipse.platform:org.eclipse.core.resources/maven-metadata.xml, locally cached metadata up-to-date.
[DEBUG] Using transporter WagonTransporter with priority -1.0 for https://stamp-project.github.io/stamp-maven-repository/
[DEBUG] Using connector BasicRepositoryConnector with priority 0.0 for https://stamp-project.github.io/stamp-maven-repository/
Downloading from stamp-maven-repository-mvn-repo: https://stamp-project.github.io/stamp-maven-repository/org/eclipse/platform/org.eclipse.core.resources/maven-metadata.xml
[DEBUG] Writing tracking file /home/spirals/danglot/.m2/repository/org/eclipse/platform/org.eclipse.core.resources/resolver-status.properties
[DEBUG] Could not find metadata org.eclipse.platform:org.eclipse.core.resources/maven-metadata.xml in stamp-maven-repository-mvn-repo (https://stamp-project.github.io/stamp-maven-repository/)
[DEBUG] Could not find metadata org.eclipse.platform:org.eclipse.core.expressions/maven-metadata.xml in local (/home/spirals/danglot/.m2/repository)
[DEBUG] Skipped remote request for org.eclipse.platform:org.eclipse.core.expressions/maven-metadata.xml, locally cached metadata up-to-date.
[DEBUG] Skipped remote request for org.eclipse.platform:org.eclipse.core.expressions/maven-metadata.xml, locally cached metadata up-to-date.
[DEBUG] Failure to find org.eclipse.platform:org.eclipse.core.expressions/maven-metadata.xml in https://oss.sonatype.org/content/repositories/snapshots was cached in the local repository, resolution will not be reattempted until the update interval of sonatype-nexus-snapshots has elapsed or updates are forced
[DEBUG] Failure to find org.eclipse.platform:org.eclipse.core.expressions/maven-metadata.xml in http://maven.inria.fr/artifactory/spoon-public-snapshot was cached in the local repository, resolution will not be reattempted until the update interval of maven.inria.fr-snapshot has elapsed or updates are forced
[DEBUG] Skipped remote request for org.eclipse.platform:org.eclipse.core.expressions/maven-metadata.xml, locally cached metadata up-to-date.
[DEBUG] Using transporter WagonTransporter with priority -1.0 for https://stamp-project.github.io/stamp-maven-repository/
[DEBUG] Using connector BasicRepositoryConnector with priority 0.0 for https://stamp-project.github.io/stamp-maven-repository/
Downloading from stamp-maven-repository-mvn-repo: https://stamp-project.github.io/stamp-maven-repository/org/eclipse/platform/org.eclipse.core.expressions/maven-metadata.xml
[DEBUG] Writing tracking file /home/spirals/danglot/.m2/repository/org/eclipse/platform/org.eclipse.core.expressions/resolver-status.properties
[DEBUG] Could not find metadata org.eclipse.platform:org.eclipse.core.expressions/maven-metadata.xml in stamp-maven-repository-mvn-repo (https://stamp-project.github.io/stamp-maven-repository/)
[DEBUG] Could not find metadata org.eclipse.platform:org.eclipse.core.runtime/maven-metadata.xml in local (/home/spirals/danglot/.m2/repository)
[DEBUG] Skipped remote request for org.eclipse.platform:org.eclipse.core.runtime/maven-metadata.xml, locally cached metadata up-to-date.
[DEBUG] Skipped remote request for org.eclipse.platform:org.eclipse.core.runtime/maven-metadata.xml, locally cached metadata up-to-date.
[DEBUG] Failure to find org.eclipse.platform:org.eclipse.core.runtime/maven-metadata.xml in https://oss.sonatype.org/content/repositories/snapshots was cached in the local repository, resolution will not be reattempted until the update interval of sonatype-nexus-snapshots has elapsed or updates are forced
[DEBUG] Failure to find org.eclipse.platform:org.eclipse.core.runtime/maven-metadata.xml in http://maven.inria.fr/artifactory/spoon-public-snapshot was cached in the local repository, resolution will not be reattempted until the update interval of maven.inria.fr-snapshot has elapsed or updates are forced
[DEBUG] Skipped remote request for org.eclipse.platform:org.eclipse.core.runtime/maven-metadata.xml, locally cached metadata up-to-date.
[DEBUG] Using transporter WagonTransporter with priority -1.0 for https://stamp-project.github.io/stamp-maven-repository/
[DEBUG] Using connector BasicRepositoryConnector with priority 0.0 for https://stamp-project.github.io/stamp-maven-repository/
Downloading from stamp-maven-repository-mvn-repo: https://stamp-project.github.io/stamp-maven-repository/org/eclipse/platform/org.eclipse.core.runtime/maven-metadata.xml
[DEBUG] Writing tracking file /home/spirals/danglot/.m2/repository/org/eclipse/platform/org.eclipse.core.runtime/resolver-status.properties
[DEBUG] Could not find metadata org.eclipse.platform:org.eclipse.core.runtime/maven-metadata.xml in stamp-maven-repository-mvn-repo (https://stamp-project.github.io/stamp-maven-repository/)
[DEBUG] Could not find metadata org.eclipse.platform:org.eclipse.osgi/maven-metadata.xml in local (/home/spirals/danglot/.m2/repository)
[DEBUG] Skipped remote request for org.eclipse.platform:org.eclipse.osgi/maven-metadata.xml, locally cached metadata up-to-date.
[DEBUG] Skipped remote request for org.eclipse.platform:org.eclipse.osgi/maven-metadata.xml, locally cached metadata up-to-date.
[DEBUG] Failure to find org.eclipse.platform:org.eclipse.osgi/maven-metadata.xml in https://oss.sonatype.org/content/repositories/snapshots was cached in the local repository, resolution will not be reattempted until the update interval of sonatype-nexus-snapshots has elapsed or updates are forced
[DEBUG] Failure to find org.eclipse.platform:org.eclipse.osgi/maven-metadata.xml in http://maven.inria.fr/artifactory/spoon-public-snapshot was cached in the local repository, resolution will not be reattempted until the update interval of maven.inria.fr-snapshot has elapsed or updates are forced
[DEBUG] Skipped remote request for org.eclipse.platform:org.eclipse.osgi/maven-metadata.xml, locally cached metadata up-to-date.
[DEBUG] Using transporter WagonTransporter with priority -1.0 for https://stamp-project.github.io/stamp-maven-repository/
[DEBUG] Using connector BasicRepositoryConnector with priority 0.0 for https://stamp-project.github.io/stamp-maven-repository/
Downloading from stamp-maven-repository-mvn-repo: https://stamp-project.github.io/stamp-maven-repository/org/eclipse/platform/org.eclipse.osgi/maven-metadata.xml
[DEBUG] Writing tracking file /home/spirals/danglot/.m2/repository/org/eclipse/platform/org.eclipse.osgi/resolver-status.properties
[DEBUG] Could not find metadata org.eclipse.platform:org.eclipse.osgi/maven-metadata.xml in stamp-maven-repository-mvn-repo (https://stamp-project.github.io/stamp-maven-repository/)
[DEBUG] Could not find metadata org.eclipse.platform:org.eclipse.equinox.common/maven-metadata.xml in local (/home/spirals/danglot/.m2/repository)
[DEBUG] Skipped remote request for org.eclipse.platform:org.eclipse.equinox.common/maven-metadata.xml, locally cached metadata up-to-date.
[DEBUG] Skipped remote request for org.eclipse.platform:org.eclipse.equinox.common/maven-metadata.xml, locally cached metadata up-to-date.
[DEBUG] Failure to find org.eclipse.platform:org.eclipse.equinox.common/maven-metadata.xml in https://oss.sonatype.org/content/repositories/snapshots was cached in the local repository, resolution will not be reattempted until the update interval of sonatype-nexus-snapshots has elapsed or updates are forced
[DEBUG] Failure to find org.eclipse.platform:org.eclipse.equinox.common/maven-metadata.xml in http://maven.inria.fr/artifactory/spoon-public-snapshot was cached in the local repository, resolution will not be reattempted until the update interval of maven.inria.fr-snapshot has elapsed or updates are forced
[DEBUG] Skipped remote request for org.eclipse.platform:org.eclipse.equinox.common/maven-metadata.xml, locally cached metadata up-to-date.
[DEBUG] Using transporter WagonTransporter with priority -1.0 for https://stamp-project.github.io/stamp-maven-repository/
[DEBUG] Using connector BasicRepositoryConnector with priority 0.0 for https://stamp-project.github.io/stamp-maven-repository/
Downloading from stamp-maven-repository-mvn-repo: https://stamp-project.github.io/stamp-maven-repository/org/eclipse/platform/org.eclipse.equinox.common/maven-metadata.xml
[DEBUG] Writing tracking file /home/spirals/danglot/.m2/repository/org/eclipse/platform/org.eclipse.equinox.common/resolver-status.properties
[DEBUG] Could not find metadata org.eclipse.platform:org.eclipse.equinox.common/maven-metadata.xml in stamp-maven-repository-mvn-repo (https://stamp-project.github.io/stamp-maven-repository/)
[DEBUG] Could not find metadata org.eclipse.platform:org.eclipse.core.jobs/maven-metadata.xml in local (/home/spirals/danglot/.m2/repository)
[DEBUG] Skipped remote request for org.eclipse.platform:org.eclipse.core.jobs/maven-metadata.xml, locally cached metadata up-to-date.
[DEBUG] Skipped remote request for org.eclipse.platform:org.eclipse.core.jobs/maven-metadata.xml, locally cached metadata up-to-date.
[DEBUG] Failure to find org.eclipse.platform:org.eclipse.core.jobs/maven-metadata.xml in https://oss.sonatype.org/content/repositories/snapshots was cached in the local repository, resolution will not be reattempted until the update interval of sonatype-nexus-snapshots has elapsed or updates are forced
[DEBUG] Failure to find org.eclipse.platform:org.eclipse.core.jobs/maven-metadata.xml in http://maven.inria.fr/artifactory/spoon-public-snapshot was cached in the local repository, resolution will not be reattempted until the update interval of maven.inria.fr-snapshot has elapsed or updates are forced
[DEBUG] Skipped remote request for org.eclipse.platform:org.eclipse.core.jobs/maven-metadata.xml, locally cached metadata up-to-date.
[DEBUG] Using transporter WagonTransporter with priority -1.0 for https://stamp-project.github.io/stamp-maven-repository/
[DEBUG] Using connector BasicRepositoryConnector with priority 0.0 for https://stamp-project.github.io/stamp-maven-repository/
Downloading from stamp-maven-repository-mvn-repo: https://stamp-project.github.io/stamp-maven-repository/org/eclipse/platform/org.eclipse.core.jobs/maven-metadata.xml
[DEBUG] Writing tracking file /home/spirals/danglot/.m2/repository/org/eclipse/platform/org.eclipse.core.jobs/resolver-status.properties
[DEBUG] Could not find metadata org.eclipse.platform:org.eclipse.core.jobs/maven-metadata.xml in stamp-maven-repository-mvn-repo (https://stamp-project.github.io/stamp-maven-repository/)
[DEBUG] Could not find metadata org.eclipse.platform:org.eclipse.equinox.registry/maven-metadata.xml in local (/home/spirals/danglot/.m2/repository)
[DEBUG] Skipped remote request for org.eclipse.platform:org.eclipse.equinox.registry/maven-metadata.xml, locally cached metadata up-to-date.
[DEBUG] Skipped remote request for org.eclipse.platform:org.eclipse.equinox.registry/maven-metadata.xml, locally cached metadata up-to-date.
[DEBUG] Failure to find org.eclipse.platform:org.eclipse.equinox.registry/maven-metadata.xml in https://oss.sonatype.org/content/repositories/snapshots was cached in the local repository, resolution will not be reattempted until the update interval of sonatype-nexus-snapshots has elapsed or updates are forced
[DEBUG] Failure to find org.eclipse.platform:org.eclipse.equinox.registry/maven-metadata.xml in http://maven.inria.fr/artifactory/spoon-public-snapshot was cached in the local repository, resolution will not be reattempted until the update interval of maven.inria.fr-snapshot has elapsed or updates are forced
[DEBUG] Skipped remote request for org.eclipse.platform:org.eclipse.equinox.registry/maven-metadata.xml, locally cached metadata up-to-date.
[DEBUG] Using transporter WagonTransporter with priority -1.0 for https://stamp-project.github.io/stamp-maven-repository/
[DEBUG] Using connector BasicRepositoryConnector with priority 0.0 for https://stamp-project.github.io/stamp-maven-repository/
Downloading from stamp-maven-repository-mvn-repo: https://stamp-project.github.io/stamp-maven-repository/org/eclipse/platform/org.eclipse.equinox.registry/maven-metadata.xml
[DEBUG] Writing tracking file /home/spirals/danglot/.m2/repository/org/eclipse/platform/org.eclipse.equinox.registry/resolver-status.properties
[DEBUG] Could not find metadata org.eclipse.platform:org.eclipse.equinox.registry/maven-metadata.xml in stamp-maven-repository-mvn-repo (https://stamp-project.github.io/stamp-maven-repository/)
[DEBUG] Could not find metadata org.eclipse.platform:org.eclipse.equinox.common/maven-metadata.xml in local (/home/spirals/danglot/.m2/repository)
[DEBUG] Skipped remote request for org.eclipse.platform:org.eclipse.equinox.common/maven-metadata.xml, locally cached metadata up-to-date.
[DEBUG] Skipped remote request for org.eclipse.platform:org.eclipse.equinox.common/maven-metadata.xml, already updated during this session.
[DEBUG] Failure to find org.eclipse.platform:org.eclipse.equinox.common/maven-metadata.xml in https://stamp-project.github.io/stamp-maven-repository/ was cached in the local repository, resolution will not be reattempted until the update interval of stamp-maven-repository-mvn-repo has elapsed or updates are forced
[DEBUG] Skipped remote request for org.eclipse.platform:org.eclipse.equinox.common/maven-metadata.xml, locally cached metadata up-to-date.
[DEBUG] Failure to find org.eclipse.platform:org.eclipse.equinox.common/maven-metadata.xml in https://oss.sonatype.org/content/repositories/snapshots was cached in the local repository, resolution will not be reattempted until the update interval of sonatype-nexus-snapshots has elapsed or updates are forced
[DEBUG] Failure to find org.eclipse.platform:org.eclipse.equinox.common/maven-metadata.xml in http://maven.inria.fr/artifactory/spoon-public-snapshot was cached in the local repository, resolution will not be reattempted until the update interval of maven.inria.fr-snapshot has elapsed or updates are forced
[DEBUG] Skipped remote request for org.eclipse.platform:org.eclipse.equinox.common/maven-metadata.xml, locally cached metadata up-to-date.
[DEBUG] Could not find metadata org.eclipse.platform:org.eclipse.equinox.preferences/maven-metadata.xml in local (/home/spirals/danglot/.m2/repository)
[DEBUG] Skipped remote request for org.eclipse.platform:org.eclipse.equinox.preferences/maven-metadata.xml, locally cached metadata up-to-date.
[DEBUG] Skipped remote request for org.eclipse.platform:org.eclipse.equinox.preferences/maven-metadata.xml, locally cached metadata up-to-date.
[DEBUG] Failure to find org.eclipse.platform:org.eclipse.equinox.preferences/maven-metadata.xml in https://oss.sonatype.org/content/repositories/snapshots was cached in the local repository, resolution will not be reattempted until the update interval of sonatype-nexus-snapshots has elapsed or updates are forced
[DEBUG] Failure to find org.eclipse.platform:org.eclipse.equinox.preferences/maven-metadata.xml in http://maven.inria.fr/artifactory/spoon-public-snapshot was cached in the local repository, resolution will not be reattempted until the update interval of maven.inria.fr-snapshot has elapsed or updates are forced
[DEBUG] Skipped remote request for org.eclipse.platform:org.eclipse.equinox.preferences/maven-metadata.xml, locally cached metadata up-to-date.
[DEBUG] Using transporter WagonTransporter with priority -1.0 for https://stamp-project.github.io/stamp-maven-repository/
[DEBUG] Using connector BasicRepositoryConnector with priority 0.0 for https://stamp-project.github.io/stamp-maven-repository/
Downloading from stamp-maven-repository-mvn-repo: https://stamp-project.github.io/stamp-maven-repository/org/eclipse/platform/org.eclipse.equinox.preferences/maven-metadata.xml
[DEBUG] Writing tracking file /home/spirals/danglot/.m2/repository/org/eclipse/platform/org.eclipse.equinox.preferences/resolver-status.properties
[DEBUG] Could not find metadata org.eclipse.platform:org.eclipse.equinox.preferences/maven-metadata.xml in stamp-maven-repository-mvn-repo (https://stamp-project.github.io/stamp-maven-repository/)
[DEBUG] Could not find metadata org.eclipse.platform:org.eclipse.equinox.common/maven-metadata.xml in local (/home/spirals/danglot/.m2/repository)
[DEBUG] Skipped remote request for org.eclipse.platform:org.eclipse.equinox.common/maven-metadata.xml, locally cached metadata up-to-date.
[DEBUG] Skipped remote request for org.eclipse.platform:org.eclipse.equinox.common/maven-metadata.xml, already updated during this session.
[DEBUG] Failure to find org.eclipse.platform:org.eclipse.equinox.common/maven-metadata.xml in https://stamp-project.github.io/stamp-maven-repository/ was cached in the local repository, resolution will not be reattempted until the update interval of stamp-maven-repository-mvn-repo has elapsed or updates are forced
[DEBUG] Skipped remote request for org.eclipse.platform:org.eclipse.equinox.common/maven-metadata.xml, locally cached metadata up-to-date.
[DEBUG] Failure to find org.eclipse.platform:org.eclipse.equinox.common/maven-metadata.xml in https://oss.sonatype.org/content/repositories/snapshots was cached in the local repository, resolution will not be reattempted until the update interval of sonatype-nexus-snapshots has elapsed or updates are forced
[DEBUG] Failure to find org.eclipse.platform:org.eclipse.equinox.common/maven-metadata.xml in http://maven.inria.fr/artifactory/spoon-public-snapshot was cached in the local repository, resolution will not be reattempted until the update interval of maven.inria.fr-snapshot has elapsed or updates are forced
[DEBUG] Skipped remote request for org.eclipse.platform:org.eclipse.equinox.common/maven-metadata.xml, locally cached metadata up-to-date.
[DEBUG] Could not find metadata org.eclipse.platform:org.eclipse.core.contenttype/maven-metadata.xml in local (/home/spirals/danglot/.m2/repository)
[DEBUG] Skipped remote request for org.eclipse.platform:org.eclipse.core.contenttype/maven-metadata.xml, locally cached metadata up-to-date.
[DEBUG] Skipped remote request for org.eclipse.platform:org.eclipse.core.contenttype/maven-metadata.xml, locally cached metadata up-to-date.
[DEBUG] Failure to find org.eclipse.platform:org.eclipse.core.contenttype/maven-metadata.xml in https://oss.sonatype.org/content/repositories/snapshots was cached in the local repository, resolution will not be reattempted until the update interval of sonatype-nexus-snapshots has elapsed or updates are forced
[DEBUG] Failure to find org.eclipse.platform:org.eclipse.core.contenttype/maven-metadata.xml in http://maven.inria.fr/artifactory/spoon-public-snapshot was cached in the local repository, resolution will not be reattempted until the update interval of maven.inria.fr-snapshot has elapsed or updates are forced
[DEBUG] Skipped remote request for org.eclipse.platform:org.eclipse.core.contenttype/maven-metadata.xml, locally cached metadata up-to-date.
[DEBUG] Using transporter WagonTransporter with priority -1.0 for https://stamp-project.github.io/stamp-maven-repository/
[DEBUG] Using connector BasicRepositoryConnector with priority 0.0 for https://stamp-project.github.io/stamp-maven-repository/
Downloading from stamp-maven-repository-mvn-repo: https://stamp-project.github.io/stamp-maven-repository/org/eclipse/platform/org.eclipse.core.contenttype/maven-metadata.xml
[DEBUG] Writing tracking file /home/spirals/danglot/.m2/repository/org/eclipse/platform/org.eclipse.core.contenttype/resolver-status.properties
[DEBUG] Could not find metadata org.eclipse.platform:org.eclipse.core.contenttype/maven-metadata.xml in stamp-maven-repository-mvn-repo (https://stamp-project.github.io/stamp-maven-repository/)
[DEBUG] Could not find metadata org.eclipse.platform:org.eclipse.equinox.preferences/maven-metadata.xml in local (/home/spirals/danglot/.m2/repository)
[DEBUG] Skipped remote request for org.eclipse.platform:org.eclipse.equinox.preferences/maven-metadata.xml, locally cached metadata up-to-date.
[DEBUG] Skipped remote request for org.eclipse.platform:org.eclipse.equinox.preferences/maven-metadata.xml, already updated during this session.
[DEBUG] Failure to find org.eclipse.platform:org.eclipse.equinox.preferences/maven-metadata.xml in https://stamp-project.github.io/stamp-maven-repository/ was cached in the local repository, resolution will not be reattempted until the update interval of stamp-maven-repository-mvn-repo has elapsed or updates are forced
[DEBUG] Skipped remote request for org.eclipse.platform:org.eclipse.equinox.preferences/maven-metadata.xml, locally cached metadata up-to-date.
[DEBUG] Failure to find org.eclipse.platform:org.eclipse.equinox.preferences/maven-metadata.xml in https://oss.sonatype.org/content/repositories/snapshots was cached in the local repository, resolution will not be reattempted until the update interval of sonatype-nexus-snapshots has elapsed or updates are forced
[DEBUG] Failure to find org.eclipse.platform:org.eclipse.equinox.preferences/maven-metadata.xml in http://maven.inria.fr/artifactory/spoon-public-snapshot was cached in the local repository, resolution will not be reattempted until the update interval of maven.inria.fr-snapshot has elapsed or updates are forced
[DEBUG] Skipped remote request for org.eclipse.platform:org.eclipse.equinox.preferences/maven-metadata.xml, locally cached metadata up-to-date.
[DEBUG] Could not find metadata org.eclipse.platform:org.eclipse.equinox.registry/maven-metadata.xml in local (/home/spirals/danglot/.m2/repository)
[DEBUG] Skipped remote request for org.eclipse.platform:org.eclipse.equinox.registry/maven-metadata.xml, locally cached metadata up-to-date.
[DEBUG] Skipped remote request for org.eclipse.platform:org.eclipse.equinox.registry/maven-metadata.xml, already updated during this session.
[DEBUG] Failure to find org.eclipse.platform:org.eclipse.equinox.registry/maven-metadata.xml in https://stamp-project.github.io/stamp-maven-repository/ was cached in the local repository, resolution will not be reattempted until the update interval of stamp-maven-repository-mvn-repo has elapsed or updates are forced
[DEBUG] Skipped remote request for org.eclipse.platform:org.eclipse.equinox.registry/maven-metadata.xml, locally cached metadata up-to-date.
[DEBUG] Failure to find org.eclipse.platform:org.eclipse.equinox.registry/maven-metadata.xml in https://oss.sonatype.org/content/repositories/snapshots was cached in the local repository, resolution will not be reattempted until the update interval of sonatype-nexus-snapshots has elapsed or updates are forced
[DEBUG] Failure to find org.eclipse.platform:org.eclipse.equinox.registry/maven-metadata.xml in http://maven.inria.fr/artifactory/spoon-public-snapshot was cached in the local repository, resolution will not be reattempted until the update interval of maven.inria.fr-snapshot has elapsed or updates are forced
[DEBUG] Skipped remote request for org.eclipse.platform:org.eclipse.equinox.registry/maven-metadata.xml, locally cached metadata up-to-date.
[DEBUG] Could not find metadata org.eclipse.platform:org.eclipse.equinox.app/maven-metadata.xml in local (/home/spirals/danglot/.m2/repository)
[DEBUG] Skipped remote request for org.eclipse.platform:org.eclipse.equinox.app/maven-metadata.xml, locally cached metadata up-to-date.
[DEBUG] Skipped remote request for org.eclipse.platform:org.eclipse.equinox.app/maven-metadata.xml, locally cached metadata up-to-date.
[DEBUG] Failure to find org.eclipse.platform:org.eclipse.equinox.app/maven-metadata.xml in https://oss.sonatype.org/content/repositories/snapshots was cached in the local repository, resolution will not be reattempted until the update interval of sonatype-nexus-snapshots has elapsed or updates are forced
[DEBUG] Failure to find org.eclipse.platform:org.eclipse.equinox.app/maven-metadata.xml in http://maven.inria.fr/artifactory/spoon-public-snapshot was cached in the local repository, resolution will not be reattempted until the update interval of maven.inria.fr-snapshot has elapsed or updates are forced
[DEBUG] Skipped remote request for org.eclipse.platform:org.eclipse.equinox.app/maven-metadata.xml, locally cached metadata up-to-date.
[DEBUG] Using transporter WagonTransporter with priority -1.0 for https://stamp-project.github.io/stamp-maven-repository/
[DEBUG] Using connector BasicRepositoryConnector with priority 0.0 for https://stamp-project.github.io/stamp-maven-repository/
Downloading from stamp-maven-repository-mvn-repo: https://stamp-project.github.io/stamp-maven-repository/org/eclipse/platform/org.eclipse.equinox.app/maven-metadata.xml
[DEBUG] Writing tracking file /home/spirals/danglot/.m2/repository/org/eclipse/platform/org.eclipse.equinox.app/resolver-status.properties
[DEBUG] Could not find metadata org.eclipse.platform:org.eclipse.equinox.app/maven-metadata.xml in stamp-maven-repository-mvn-repo (https://stamp-project.github.io/stamp-maven-repository/)
[DEBUG] Could not find metadata org.eclipse.platform:org.eclipse.equinox.registry/maven-metadata.xml in local (/home/spirals/danglot/.m2/repository)
[DEBUG] Skipped remote request for org.eclipse.platform:org.eclipse.equinox.registry/maven-metadata.xml, locally cached metadata up-to-date.
[DEBUG] Skipped remote request for org.eclipse.platform:org.eclipse.equinox.registry/maven-metadata.xml, already updated during this session.
[DEBUG] Failure to find org.eclipse.platform:org.eclipse.equinox.registry/maven-metadata.xml in https://stamp-project.github.io/stamp-maven-repository/ was cached in the local repository, resolution will not be reattempted until the update interval of stamp-maven-repository-mvn-repo has elapsed or updates are forced
[DEBUG] Skipped remote request for org.eclipse.platform:org.eclipse.equinox.registry/maven-metadata.xml, locally cached metadata up-to-date.
[DEBUG] Failure to find org.eclipse.platform:org.eclipse.equinox.registry/maven-metadata.xml in https://oss.sonatype.org/content/repositories/snapshots was cached in the local repository, resolution will not be reattempted until the update interval of sonatype-nexus-snapshots has elapsed or updates are forced
[DEBUG] Failure to find org.eclipse.platform:org.eclipse.equinox.registry/maven-metadata.xml in http://maven.inria.fr/artifactory/spoon-public-snapshot was cached in the local repository, resolution will not be reattempted until the update interval of maven.inria.fr-snapshot has elapsed or updates are forced
[DEBUG] Skipped remote request for org.eclipse.platform:org.eclipse.equinox.registry/maven-metadata.xml, locally cached metadata up-to-date.
[DEBUG] Could not find metadata org.eclipse.platform:org.eclipse.osgi/maven-metadata.xml in local (/home/spirals/danglot/.m2/repository)
[DEBUG] Skipped remote request for org.eclipse.platform:org.eclipse.osgi/maven-metadata.xml, locally cached metadata up-to-date.
[DEBUG] Skipped remote request for org.eclipse.platform:org.eclipse.osgi/maven-metadata.xml, already updated during this session.
[DEBUG] Failure to find org.eclipse.platform:org.eclipse.osgi/maven-metadata.xml in https://stamp-project.github.io/stamp-maven-repository/ was cached in the local repository, resolution will not be reattempted until the update interval of stamp-maven-repository-mvn-repo has elapsed or updates are forced
[DEBUG] Skipped remote request for org.eclipse.platform:org.eclipse.osgi/maven-metadata.xml, locally cached metadata up-to-date.
[DEBUG] Failure to find org.eclipse.platform:org.eclipse.osgi/maven-metadata.xml in https://oss.sonatype.org/content/repositories/snapshots was cached in the local repository, resolution will not be reattempted until the update interval of sonatype-nexus-snapshots has elapsed or updates are forced
[DEBUG] Failure to find org.eclipse.platform:org.eclipse.osgi/maven-metadata.xml in http://maven.inria.fr/artifactory/spoon-public-snapshot was cached in the local repository, resolution will not be reattempted until the update interval of maven.inria.fr-snapshot has elapsed or updates are forced
[DEBUG] Skipped remote request for org.eclipse.platform:org.eclipse.osgi/maven-metadata.xml, locally cached metadata up-to-date.
[DEBUG] Could not find metadata org.eclipse.platform:org.eclipse.equinox.common/maven-metadata.xml in local (/home/spirals/danglot/.m2/repository)
[DEBUG] Skipped remote request for org.eclipse.platform:org.eclipse.equinox.common/maven-metadata.xml, locally cached metadata up-to-date.
[DEBUG] Skipped remote request for org.eclipse.platform:org.eclipse.equinox.common/maven-metadata.xml, already updated during this session.
[DEBUG] Failure to find org.eclipse.platform:org.eclipse.equinox.common/maven-metadata.xml in https://stamp-project.github.io/stamp-maven-repository/ was cached in the local repository, resolution will not be reattempted until the update interval of stamp-maven-repository-mvn-repo has elapsed or updates are forced
[DEBUG] Skipped remote request for org.eclipse.platform:org.eclipse.equinox.common/maven-metadata.xml, locally cached metadata up-to-date.
[DEBUG] Failure to find org.eclipse.platform:org.eclipse.equinox.common/maven-metadata.xml in https://oss.sonatype.org/content/repositories/snapshots was cached in the local repository, resolution will not be reattempted until the update interval of sonatype-nexus-snapshots has elapsed or updates are forced
[DEBUG] Failure to find org.eclipse.platform:org.eclipse.equinox.common/maven-metadata.xml in http://maven.inria.fr/artifactory/spoon-public-snapshot was cached in the local repository, resolution will not be reattempted until the update interval of maven.inria.fr-snapshot has elapsed or updates are forced
[DEBUG] Skipped remote request for org.eclipse.platform:org.eclipse.equinox.common/maven-metadata.xml, locally cached metadata up-to-date.
[DEBUG] Could not find metadata org.eclipse.platform:org.eclipse.core.jobs/maven-metadata.xml in local (/home/spirals/danglot/.m2/repository)
[DEBUG] Skipped remote request for org.eclipse.platform:org.eclipse.core.jobs/maven-metadata.xml, locally cached metadata up-to-date.
[DEBUG] Skipped remote request for org.eclipse.platform:org.eclipse.core.jobs/maven-metadata.xml, already updated during this session.
[DEBUG] Failure to find org.eclipse.platform:org.eclipse.core.jobs/maven-metadata.xml in https://stamp-project.github.io/stamp-maven-repository/ was cached in the local repository, resolution will not be reattempted until the update interval of stamp-maven-repository-mvn-repo has elapsed or updates are forced
[DEBUG] Skipped remote request for org.eclipse.platform:org.eclipse.core.jobs/maven-metadata.xml, locally cached metadata up-to-date.
[DEBUG] Failure to find org.eclipse.platform:org.eclipse.core.jobs/maven-metadata.xml in https://oss.sonatype.org/content/repositories/snapshots was cached in the local repository, resolution will not be reattempted until the update interval of sonatype-nexus-snapshots has elapsed or updates are forced
[DEBUG] Failure to find org.eclipse.platform:org.eclipse.core.jobs/maven-metadata.xml in http://maven.inria.fr/artifactory/spoon-public-snapshot was cached in the local repository, resolution will not be reattempted until the update interval of maven.inria.fr-snapshot has elapsed or updates are forced
[DEBUG] Skipped remote request for org.eclipse.platform:org.eclipse.core.jobs/maven-metadata.xml, locally cached metadata up-to-date.
[DEBUG] Could not find metadata org.eclipse.platform:org.eclipse.equinox.preferences/maven-metadata.xml in local (/home/spirals/danglot/.m2/repository)
[DEBUG] Skipped remote request for org.eclipse.platform:org.eclipse.equinox.preferences/maven-metadata.xml, locally cached metadata up-to-date.
[DEBUG] Skipped remote request for org.eclipse.platform:org.eclipse.equinox.preferences/maven-metadata.xml, already updated during this session.
[DEBUG] Failure to find org.eclipse.platform:org.eclipse.equinox.preferences/maven-metadata.xml in https://stamp-project.github.io/stamp-maven-repository/ was cached in the local repository, resolution will not be reattempted until the update interval of stamp-maven-repository-mvn-repo has elapsed or updates are forced
[DEBUG] Skipped remote request for org.eclipse.platform:org.eclipse.equinox.preferences/maven-metadata.xml, locally cached metadata up-to-date.
[DEBUG] Failure to find org.eclipse.platform:org.eclipse.equinox.preferences/maven-metadata.xml in https://oss.sonatype.org/content/repositories/snapshots was cached in the local repository, resolution will not be reattempted until the update interval of sonatype-nexus-snapshots has elapsed or updates are forced
[DEBUG] Failure to find org.eclipse.platform:org.eclipse.equinox.preferences/maven-metadata.xml in http://maven.inria.fr/artifactory/spoon-public-snapshot was cached in the local repository, resolution will not be reattempted until the update interval of maven.inria.fr-snapshot has elapsed or updates are forced
[DEBUG] Skipped remote request for org.eclipse.platform:org.eclipse.equinox.preferences/maven-metadata.xml, locally cached metadata up-to-date.
[DEBUG] Could not find metadata org.eclipse.platform:org.eclipse.core.contenttype/maven-metadata.xml in local (/home/spirals/danglot/.m2/repository)
[DEBUG] Skipped remote request for org.eclipse.platform:org.eclipse.core.contenttype/maven-metadata.xml, locally cached metadata up-to-date.
[DEBUG] Skipped remote request for org.eclipse.platform:org.eclipse.core.contenttype/maven-metadata.xml, already updated during this session.
[DEBUG] Failure to find org.eclipse.platform:org.eclipse.core.contenttype/maven-metadata.xml in https://stamp-project.github.io/stamp-maven-repository/ was cached in the local repository, resolution will not be reattempted until the update interval of stamp-maven-repository-mvn-repo has elapsed or updates are forced
[DEBUG] Skipped remote request for org.eclipse.platform:org.eclipse.core.contenttype/maven-metadata.xml, locally cached metadata up-to-date.
[DEBUG] Failure to find org.eclipse.platform:org.eclipse.core.contenttype/maven-metadata.xml in https://oss.sonatype.org/content/repositories/snapshots was cached in the local repository, resolution will not be reattempted until the update interval of sonatype-nexus-snapshots has elapsed or updates are forced
[DEBUG] Failure to find org.eclipse.platform:org.eclipse.core.contenttype/maven-metadata.xml in http://maven.inria.fr/artifactory/spoon-public-snapshot was cached in the local repository, resolution will not be reattempted until the update interval of maven.inria.fr-snapshot has elapsed or updates are forced
[DEBUG] Skipped remote request for org.eclipse.platform:org.eclipse.core.contenttype/maven-metadata.xml, locally cached metadata up-to-date.
[DEBUG] Could not find metadata org.eclipse.platform:org.eclipse.equinox.app/maven-metadata.xml in local (/home/spirals/danglot/.m2/repository)
[DEBUG] Skipped remote request for org.eclipse.platform:org.eclipse.equinox.app/maven-metadata.xml, locally cached metadata up-to-date.
[DEBUG] Skipped remote request for org.eclipse.platform:org.eclipse.equinox.app/maven-metadata.xml, already updated during this session.
[DEBUG] Failure to find org.eclipse.platform:org.eclipse.equinox.app/maven-metadata.xml in https://stamp-project.github.io/stamp-maven-repository/ was cached in the local repository, resolution will not be reattempted until the update interval of stamp-maven-repository-mvn-repo has elapsed or updates are forced
[DEBUG] Skipped remote request for org.eclipse.platform:org.eclipse.equinox.app/maven-metadata.xml, locally cached metadata up-to-date.
[DEBUG] Failure to find org.eclipse.platform:org.eclipse.equinox.app/maven-metadata.xml in https://oss.sonatype.org/content/repositories/snapshots was cached in the local repository, resolution will not be reattempted until the update interval of sonatype-nexus-snapshots has elapsed or updates are forced
[DEBUG] Failure to find org.eclipse.platform:org.eclipse.equinox.app/maven-metadata.xml in http://maven.inria.fr/artifactory/spoon-public-snapshot was cached in the local repository, resolution will not be reattempted until the update interval of maven.inria.fr-snapshot has elapsed or updates are forced
[DEBUG] Skipped remote request for org.eclipse.platform:org.eclipse.equinox.app/maven-metadata.xml, locally cached metadata up-to-date.
[DEBUG] Could not find metadata org.eclipse.platform:org.eclipse.core.filesystem/maven-metadata.xml in local (/home/spirals/danglot/.m2/repository)
[DEBUG] Skipped remote request for org.eclipse.platform:org.eclipse.core.filesystem/maven-metadata.xml, locally cached metadata up-to-date.
[DEBUG] Skipped remote request for org.eclipse.platform:org.eclipse.core.filesystem/maven-metadata.xml, locally cached metadata up-to-date.
[DEBUG] Failure to find org.eclipse.platform:org.eclipse.core.filesystem/maven-metadata.xml in https://oss.sonatype.org/content/repositories/snapshots was cached in the local repository, resolution will not be reattempted until the update interval of sonatype-nexus-snapshots has elapsed or updates are forced
[DEBUG] Failure to find org.eclipse.platform:org.eclipse.core.filesystem/maven-metadata.xml in http://maven.inria.fr/artifactory/spoon-public-snapshot was cached in the local repository, resolution will not be reattempted until the update interval of maven.inria.fr-snapshot has elapsed or updates are forced
[DEBUG] Skipped remote request for org.eclipse.platform:org.eclipse.core.filesystem/maven-metadata.xml, locally cached metadata up-to-date.
[DEBUG] Using transporter WagonTransporter with priority -1.0 for https://stamp-project.github.io/stamp-maven-repository/
[DEBUG] Using connector BasicRepositoryConnector with priority 0.0 for https://stamp-project.github.io/stamp-maven-repository/
Downloading from stamp-maven-repository-mvn-repo: https://stamp-project.github.io/stamp-maven-repository/org/eclipse/platform/org.eclipse.core.filesystem/maven-metadata.xml
[DEBUG] Writing tracking file /home/spirals/danglot/.m2/repository/org/eclipse/platform/org.eclipse.core.filesystem/resolver-status.properties
[DEBUG] Could not find metadata org.eclipse.platform:org.eclipse.core.filesystem/maven-metadata.xml in stamp-maven-repository-mvn-repo (https://stamp-project.github.io/stamp-maven-repository/)
[DEBUG] Could not find metadata org.eclipse.platform:org.eclipse.osgi/maven-metadata.xml in local (/home/spirals/danglot/.m2/repository)
[DEBUG] Skipped remote request for org.eclipse.platform:org.eclipse.osgi/maven-metadata.xml, locally cached metadata up-to-date.
[DEBUG] Skipped remote request for org.eclipse.platform:org.eclipse.osgi/maven-metadata.xml, already updated during this session.
[DEBUG] Failure to find org.eclipse.platform:org.eclipse.osgi/maven-metadata.xml in https://stamp-project.github.io/stamp-maven-repository/ was cached in the local repository, resolution will not be reattempted until the update interval of stamp-maven-repository-mvn-repo has elapsed or updates are forced
[DEBUG] Skipped remote request for org.eclipse.platform:org.eclipse.osgi/maven-metadata.xml, locally cached metadata up-to-date.
[DEBUG] Failure to find org.eclipse.platform:org.eclipse.osgi/maven-metadata.xml in https://oss.sonatype.org/content/repositories/snapshots was cached in the local repository, resolution will not be reattempted until the update interval of sonatype-nexus-snapshots has elapsed or updates are forced
[DEBUG] Failure to find org.eclipse.platform:org.eclipse.osgi/maven-metadata.xml in http://maven.inria.fr/artifactory/spoon-public-snapshot was cached in the local repository, resolution will not be reattempted until the update interval of maven.inria.fr-snapshot has elapsed or updates are forced
[DEBUG] Skipped remote request for org.eclipse.platform:org.eclipse.osgi/maven-metadata.xml, locally cached metadata up-to-date.
[DEBUG] Could not find metadata org.eclipse.platform:org.eclipse.core.runtime/maven-metadata.xml in local (/home/spirals/danglot/.m2/repository)
[DEBUG] Skipped remote request for org.eclipse.platform:org.eclipse.core.runtime/maven-metadata.xml, locally cached metadata up-to-date.
[DEBUG] Skipped remote request for org.eclipse.platform:org.eclipse.core.runtime/maven-metadata.xml, already updated during this session.
[DEBUG] Failure to find org.eclipse.platform:org.eclipse.core.runtime/maven-metadata.xml in https://stamp-project.github.io/stamp-maven-repository/ was cached in the local repository, resolution will not be reattempted until the update interval of stamp-maven-repository-mvn-repo has elapsed or updates are forced
[DEBUG] Skipped remote request for org.eclipse.platform:org.eclipse.core.runtime/maven-metadata.xml, locally cached metadata up-to-date.
[DEBUG] Failure to find org.eclipse.platform:org.eclipse.core.runtime/maven-metadata.xml in https://oss.sonatype.org/content/repositories/snapshots was cached in the local repository, resolution will not be reattempted until the update interval of sonatype-nexus-snapshots has elapsed or updates are forced
[DEBUG] Failure to find org.eclipse.platform:org.eclipse.core.runtime/maven-metadata.xml in http://maven.inria.fr/artifactory/spoon-public-snapshot was cached in the local repository, resolution will not be reattempted until the update interval of maven.inria.fr-snapshot has elapsed or updates are forced
[DEBUG] Skipped remote request for org.eclipse.platform:org.eclipse.core.runtime/maven-metadata.xml, locally cached metadata up-to-date.
[DEBUG] Could not find metadata org.eclipse.platform:org.eclipse.core.runtime/maven-metadata.xml in local (/home/spirals/danglot/.m2/repository)
[DEBUG] Skipped remote request for org.eclipse.platform:org.eclipse.core.runtime/maven-metadata.xml, locally cached metadata up-to-date.
[DEBUG] Skipped remote request for org.eclipse.platform:org.eclipse.core.runtime/maven-metadata.xml, already updated during this session.
[DEBUG] Failure to find org.eclipse.platform:org.eclipse.core.runtime/maven-metadata.xml in https://stamp-project.github.io/stamp-maven-repository/ was cached in the local repository, resolution will not be reattempted until the update interval of stamp-maven-repository-mvn-repo has elapsed or updates are forced
[DEBUG] Skipped remote request for org.eclipse.platform:org.eclipse.core.runtime/maven-metadata.xml, locally cached metadata up-to-date.
[DEBUG] Failure to find org.eclipse.platform:org.eclipse.core.runtime/maven-metadata.xml in https://oss.sonatype.org/content/repositories/snapshots was cached in the local repository, resolution will not be reattempted until the update interval of sonatype-nexus-snapshots has elapsed or updates are forced
[DEBUG] Failure to find org.eclipse.platform:org.eclipse.core.runtime/maven-metadata.xml in http://maven.inria.fr/artifactory/spoon-public-snapshot was cached in the local repository, resolution will not be reattempted until the update interval of maven.inria.fr-snapshot has elapsed or updates are forced
[DEBUG] Skipped remote request for org.eclipse.platform:org.eclipse.core.runtime/maven-metadata.xml, locally cached metadata up-to-date.
[DEBUG] Could not find metadata org.eclipse.platform:org.eclipse.core.filesystem/maven-metadata.xml in local (/home/spirals/danglot/.m2/repository)
[DEBUG] Skipped remote request for org.eclipse.platform:org.eclipse.core.filesystem/maven-metadata.xml, locally cached metadata up-to-date.
[DEBUG] Skipped remote request for org.eclipse.platform:org.eclipse.core.filesystem/maven-metadata.xml, already updated during this session.
[DEBUG] Failure to find org.eclipse.platform:org.eclipse.core.filesystem/maven-metadata.xml in https://stamp-project.github.io/stamp-maven-repository/ was cached in the local repository, resolution will not be reattempted until the update interval of stamp-maven-repository-mvn-repo has elapsed or updates are forced
[DEBUG] Skipped remote request for org.eclipse.platform:org.eclipse.core.filesystem/maven-metadata.xml, locally cached metadata up-to-date.
[DEBUG] Failure to find org.eclipse.platform:org.eclipse.core.filesystem/maven-metadata.xml in https://oss.sonatype.org/content/repositories/snapshots was cached in the local repository, resolution will not be reattempted until the update interval of sonatype-nexus-snapshots has elapsed or updates are forced
[DEBUG] Failure to find org.eclipse.platform:org.eclipse.core.filesystem/maven-metadata.xml in http://maven.inria.fr/artifactory/spoon-public-snapshot was cached in the local repository, resolution will not be reattempted until the update interval of maven.inria.fr-snapshot has elapsed or updates are forced
[DEBUG] Skipped remote request for org.eclipse.platform:org.eclipse.core.filesystem/maven-metadata.xml, locally cached metadata up-to-date.
[DEBUG] Could not find metadata org.eclipse.platform:org.eclipse.text/maven-metadata.xml in local (/home/spirals/danglot/.m2/repository)
[DEBUG] Skipped remote request for org.eclipse.platform:org.eclipse.text/maven-metadata.xml, locally cached metadata up-to-date.
[DEBUG] Skipped remote request for org.eclipse.platform:org.eclipse.text/maven-metadata.xml, locally cached metadata up-to-date.
[DEBUG] Failure to find org.eclipse.platform:org.eclipse.text/maven-metadata.xml in https://oss.sonatype.org/content/repositories/snapshots was cached in the local repository, resolution will not be reattempted until the update interval of sonatype-nexus-snapshots has elapsed or updates are forced
[DEBUG] Failure to find org.eclipse.platform:org.eclipse.text/maven-metadata.xml in http://maven.inria.fr/artifactory/spoon-public-snapshot was cached in the local repository, resolution will not be reattempted until the update interval of maven.inria.fr-snapshot has elapsed or updates are forced
[DEBUG] Skipped remote request for org.eclipse.platform:org.eclipse.text/maven-metadata.xml, locally cached metadata up-to-date.
[DEBUG] Using transporter WagonTransporter with priority -1.0 for https://stamp-project.github.io/stamp-maven-repository/
[DEBUG] Using connector BasicRepositoryConnector with priority 0.0 for https://stamp-project.github.io/stamp-maven-repository/
Downloading from stamp-maven-repository-mvn-repo: https://stamp-project.github.io/stamp-maven-repository/org/eclipse/platform/org.eclipse.text/maven-metadata.xml
[DEBUG] Writing tracking file /home/spirals/danglot/.m2/repository/org/eclipse/platform/org.eclipse.text/resolver-status.properties
[DEBUG] Could not find metadata org.eclipse.platform:org.eclipse.text/maven-metadata.xml in stamp-maven-repository-mvn-repo (https://stamp-project.github.io/stamp-maven-repository/)
[DEBUG] Could not find metadata org.eclipse.platform:org.eclipse.core.commands/maven-metadata.xml in local (/home/spirals/danglot/.m2/repository)
[DEBUG] Skipped remote request for org.eclipse.platform:org.eclipse.core.commands/maven-metadata.xml, locally cached metadata up-to-date.
[DEBUG] Skipped remote request for org.eclipse.platform:org.eclipse.core.commands/maven-metadata.xml, locally cached metadata up-to-date.
[DEBUG] Failure to find org.eclipse.platform:org.eclipse.core.commands/maven-metadata.xml in https://oss.sonatype.org/content/repositories/snapshots was cached in the local repository, resolution will not be reattempted until the update interval of sonatype-nexus-snapshots has elapsed or updates are forced
[DEBUG] Failure to find org.eclipse.platform:org.eclipse.core.commands/maven-metadata.xml in http://maven.inria.fr/artifactory/spoon-public-snapshot was cached in the local repository, resolution will not be reattempted until the update interval of maven.inria.fr-snapshot has elapsed or updates are forced
[DEBUG] Skipped remote request for org.eclipse.platform:org.eclipse.core.commands/maven-metadata.xml, locally cached metadata up-to-date.
[DEBUG] Using transporter WagonTransporter with priority -1.0 for https://stamp-project.github.io/stamp-maven-repository/
[DEBUG] Using connector BasicRepositoryConnector with priority 0.0 for https://stamp-project.github.io/stamp-maven-repository/
Downloading from stamp-maven-repository-mvn-repo: https://stamp-project.github.io/stamp-maven-repository/org/eclipse/platform/org.eclipse.core.commands/maven-metadata.xml
[DEBUG] Writing tracking file /home/spirals/danglot/.m2/repository/org/eclipse/platform/org.eclipse.core.commands/resolver-status.properties
[DEBUG] Could not find metadata org.eclipse.platform:org.eclipse.core.commands/maven-metadata.xml in stamp-maven-repository-mvn-repo (https://stamp-project.github.io/stamp-maven-repository/)
[DEBUG] Could not find metadata org.eclipse.platform:org.eclipse.equinox.common/maven-metadata.xml in local (/home/spirals/danglot/.m2/repository)
[DEBUG] Skipped remote request for org.eclipse.platform:org.eclipse.equinox.common/maven-metadata.xml, locally cached metadata up-to-date.
[DEBUG] Skipped remote request for org.eclipse.platform:org.eclipse.equinox.common/maven-metadata.xml, already updated during this session.
[DEBUG] Failure to find org.eclipse.platform:org.eclipse.equinox.common/maven-metadata.xml in https://stamp-project.github.io/stamp-maven-repository/ was cached in the local repository, resolution will not be reattempted until the update interval of stamp-maven-repository-mvn-repo has elapsed or updates are forced
[DEBUG] Skipped remote request for org.eclipse.platform:org.eclipse.equinox.common/maven-metadata.xml, locally cached metadata up-to-date.
[DEBUG] Failure to find org.eclipse.platform:org.eclipse.equinox.common/maven-metadata.xml in https://oss.sonatype.org/content/repositories/snapshots was cached in the local repository, resolution will not be reattempted until the update interval of sonatype-nexus-snapshots has elapsed or updates are forced
[DEBUG] Failure to find org.eclipse.platform:org.eclipse.equinox.common/maven-metadata.xml in http://maven.inria.fr/artifactory/spoon-public-snapshot was cached in the local repository, resolution will not be reattempted until the update interval of maven.inria.fr-snapshot has elapsed or updates are forced
[DEBUG] Skipped remote request for org.eclipse.platform:org.eclipse.equinox.common/maven-metadata.xml, locally cached metadata up-to-date.
[DEBUG] Could not find metadata org.eclipse.platform:org.eclipse.core.runtime/maven-metadata.xml in local (/home/spirals/danglot/.m2/repository)
[DEBUG] Skipped remote request for org.eclipse.platform:org.eclipse.core.runtime/maven-metadata.xml, locally cached metadata up-to-date.
[DEBUG] Skipped remote request for org.eclipse.platform:org.eclipse.core.runtime/maven-metadata.xml, already updated during this session.
[DEBUG] Failure to find org.eclipse.platform:org.eclipse.core.runtime/maven-metadata.xml in https://stamp-project.github.io/stamp-maven-repository/ was cached in the local repository, resolution will not be reattempted until the update interval of stamp-maven-repository-mvn-repo has elapsed or updates are forced
[DEBUG] Skipped remote request for org.eclipse.platform:org.eclipse.core.runtime/maven-metadata.xml, locally cached metadata up-to-date.
[DEBUG] Failure to find org.eclipse.platform:org.eclipse.core.runtime/maven-metadata.xml in https://oss.sonatype.org/content/repositories/snapshots was cached in the local repository, resolution will not be reattempted until the update interval of sonatype-nexus-snapshots has elapsed or updates are forced
[DEBUG] Failure to find org.eclipse.platform:org.eclipse.core.runtime/maven-metadata.xml in http://maven.inria.fr/artifactory/spoon-public-snapshot was cached in the local repository, resolution will not be reattempted until the update interval of maven.inria.fr-snapshot has elapsed or updates are forced
[DEBUG] Skipped remote request for org.eclipse.platform:org.eclipse.core.runtime/maven-metadata.xml, locally cached metadata up-to-date.
[DEBUG] Dependency collection stats: {ConflictMarker.analyzeTime=3988859, ConflictMarker.markTime=1066045, ConflictMarker.nodeCount=672, ConflictIdSorter.graphTime=2923328, ConflictIdSorter.topsortTime=159106, ConflictIdSorter.conflictIdCount=98, ConflictIdSorter.conflictIdCycleCount=0, ConflictResolver.totalTime=15191112, ConflictResolver.conflictItemCount=307, DefaultDependencyCollector.collectTime=4696535274, DefaultDependencyCollector.transformTime=23488001}
[DEBUG] eu.stamp-project:dspot-maven:jar:1.1.1-SNAPSHOT:
[DEBUG]    eu.stamp-project:dspot:jar:1.1.1-SNAPSHOT:compile
[DEBUG]       fr.inria.gforge.spoon:spoon-core:jar:7.1.0-SNAPSHOT:compile
[DEBUG]          org.eclipse.jdt:org.eclipse.jdt.core:jar:3.13.102:compile
[DEBUG]             org.eclipse.platform:org.eclipse.core.resources:jar:3.13.100:compile
[DEBUG]                org.eclipse.platform:org.eclipse.core.expressions:jar:3.6.200:compile
[DEBUG]             org.eclipse.platform:org.eclipse.core.runtime:jar:3.15.0:compile
[DEBUG]                org.eclipse.platform:org.eclipse.osgi:jar:3.13.100:compile
[DEBUG]                org.eclipse.platform:org.eclipse.equinox.common:jar:3.10.100:compile
[DEBUG]                org.eclipse.platform:org.eclipse.core.jobs:jar:3.10.100:compile
[DEBUG]                org.eclipse.platform:org.eclipse.equinox.registry:jar:3.8.100:compile
[DEBUG]                org.eclipse.platform:org.eclipse.equinox.preferences:jar:3.7.200:compile
[DEBUG]                org.eclipse.platform:org.eclipse.core.contenttype:jar:3.7.100:compile
[DEBUG]                org.eclipse.platform:org.eclipse.equinox.app:jar:1.3.600:compile
[DEBUG]             org.eclipse.platform:org.eclipse.core.filesystem:jar:1.7.200:compile
[DEBUG]             org.eclipse.platform:org.eclipse.text:jar:3.7.0:compile
[DEBUG]                org.eclipse.platform:org.eclipse.core.commands:jar:3.9.200:compile
[DEBUG]          com.martiansoftware:jsap:jar:2.1:compile
[DEBUG]          log4j:log4j:jar:1.2.17:compile
[DEBUG]          com.fasterxml.jackson.core:jackson-databind:jar:2.9.2:compile
[DEBUG]             com.fasterxml.jackson.core:jackson-annotations:jar:2.9.0:compile
[DEBUG]             com.fasterxml.jackson.core:jackson-core:jar:2.9.2:compile
[DEBUG]          org.benf:cfr:jar:0.132.0:compile
[DEBUG]       junit:junit:jar:4.12:compile
[DEBUG]          org.hamcrest:hamcrest-core:jar:1.3:compile
[DEBUG]       com.google.code.gson:gson:jar:2.8.0:compile
[DEBUG]       org.apache.maven.shared:maven-invoker:jar:3.0.0:compile
[DEBUG]       org.slf4j:slf4j-api:jar:1.7.25:compile
[DEBUG]       org.slf4j:slf4j-log4j12:jar:1.7.25:compile
[DEBUG]       org.jacoco:org.jacoco.core:jar:0.7.9:compile
[DEBUG]          org.ow2.asm:asm-debug-all:jar:5.2:compile
[DEBUG]       eu.stamp-project:descartes:jar:1.1:compile
[DEBUG]          org.pitest:pitest:jar:1.2.0:compile
[DEBUG]          org.pitest:pitest-entry:jar:1.2.0:compile
[DEBUG]             com.thoughtworks.xstream:xstream:jar:1.4.8:compile
[DEBUG]                xmlpull:xmlpull:jar:1.1.3.1:compile
[DEBUG]                xpp3:xpp3_min:jar:1.1.4c:compile
[DEBUG]       org.gradle:gradle-tooling-api:jar:4.0.1:compile
[DEBUG]       org.mockito:mockito-core:jar:2.10.0:compile
[DEBUG]          net.bytebuddy:byte-buddy:jar:1.7.4:runtime
[DEBUG]          net.bytebuddy:byte-buddy-agent:jar:1.7.4:runtime
[DEBUG]          org.objenesis:objenesis:jar:2.6:runtime
[DEBUG]       eu.stamp-project:test-runner:jar:jar-with-dependencies:1.1.0:compile
[DEBUG]       org.openclover:clover:jar:4.2.1:compile
[DEBUG]       fr.inria.gforge.spoon.labs:gumtree-spoon-ast-diff:jar:1.3:compile
[DEBUG]          com.github.gumtreediff:core:jar:2.0.0:compile
[DEBUG]             com.github.mpkorstanje:simmetrics-core:jar:3.0.3:compile
[DEBUG]                commons-codec:commons-codec:jar:1.10:compile
[DEBUG]             net.sf.trove4j:trove4j:jar:3.0.3:compile
[DEBUG]    org.apache.maven:maven-plugin-api:jar:3.5.0:compile
[DEBUG]       org.apache.maven:maven-artifact:jar:3.5.0:compile
[DEBUG]       org.eclipse.sisu:org.eclipse.sisu.plexus:jar:0.3.3:compile
[DEBUG]          javax.enterprise:cdi-api:jar:1.0:compile
[DEBUG]             javax.annotation:jsr250-api:jar:1.0:compile
[DEBUG]          org.eclipse.sisu:org.eclipse.sisu.inject:jar:0.3.3:compile
[DEBUG]    org.apache.maven.plugin-testing:maven-plugin-testing-harness:jar:3.3.0:compile
[DEBUG]       commons-io:commons-io:jar:2.2:compile
[DEBUG]       org.codehaus.plexus:plexus-archiver:jar:2.2:compile
[DEBUG]          org.codehaus.plexus:plexus-io:jar:2.0.4:compile
[DEBUG]    org.apache.maven:maven-compat:jar:3.5.0:compile
[DEBUG]       org.apache.maven:maven-model-builder:jar:3.5.0:compile
[DEBUG]          org.apache.maven:maven-builder-support:jar:3.5.0:compile
[DEBUG]          com.google.guava:guava:jar:20.0:compile
[DEBUG]       org.apache.maven:maven-settings:jar:3.5.0:compile
[DEBUG]       org.apache.maven:maven-resolver-provider:jar:3.5.0:compile
[DEBUG]       org.apache.maven.resolver:maven-resolver-api:jar:1.0.3:compile
[DEBUG]       org.apache.maven.resolver:maven-resolver-util:jar:1.0.3:compile
[DEBUG]       org.apache.maven.resolver:maven-resolver-impl:jar:1.0.3:compile
[DEBUG]       org.codehaus.plexus:plexus-utils:jar:3.0.24:compile
[DEBUG]       org.codehaus.plexus:plexus-interpolation:jar:1.24:compile
[DEBUG]       org.codehaus.plexus:plexus-component-annotations:jar:1.7.1:compile
[DEBUG]       org.apache.maven.wagon:wagon-provider-api:jar:2.12:compile
[DEBUG]    org.apache.maven:maven-core:jar:3.5.0:compile
[DEBUG]       org.apache.maven:maven-settings-builder:jar:3.5.0:compile
[DEBUG]       org.apache.maven:maven-repository-metadata:jar:3.5.0:compile
[DEBUG]       org.apache.maven.resolver:maven-resolver-spi:jar:1.0.3:compile
[DEBUG]       org.apache.maven.shared:maven-shared-utils:jar:3.1.0:compile
[DEBUG]       com.google.inject:guice:jar:no_aop:4.0:compile
[DEBUG]          javax.inject:javax.inject:jar:1:compile
[DEBUG]          aopalliance:aopalliance:jar:1.0:compile
[DEBUG]       org.codehaus.plexus:plexus-classworlds:jar:2.5.2:compile
[DEBUG]       org.sonatype.plexus:plexus-sec-dispatcher:jar:1.4:compile
[DEBUG]          org.sonatype.plexus:plexus-cipher:jar:1.4:compile
[DEBUG]       org.apache.commons:commons-lang3:jar:3.5:compile
[DEBUG]    org.apache.maven:maven-model:jar:3.5.0:compile
[DEBUG]    org.apache.maven:maven-aether-provider:jar:3.3.9:compile
[DEBUG]       org.eclipse.aether:aether-api:jar:1.0.2.v20150114:compile
[DEBUG]       org.eclipse.aether:aether-spi:jar:1.0.2.v20150114:compile
[DEBUG]       org.eclipse.aether:aether-util:jar:1.0.2.v20150114:compile
[DEBUG]       org.eclipse.aether:aether-impl:jar:1.0.2.v20150114:compile
[DEBUG]    org.apache.maven:maven-project:jar:2.2.1:compile
[DEBUG]       org.apache.maven:maven-profile:jar:2.2.1:compile
[DEBUG]       org.apache.maven:maven-artifact-manager:jar:2.2.1:compile
[DEBUG]          backport-util-concurrent:backport-util-concurrent:jar:3.1:compile
[DEBUG]       org.apache.maven:maven-plugin-registry:jar:2.2.1:compile
[DEBUG]       org.codehaus.plexus:plexus-container-default:jar:1.0-alpha-9-stable-1:compile
[DEBUG]          classworlds:classworlds:jar:1.1-alpha-2:compile
[DEBUG] Created new class realm plugin>eu.stamp-project:dspot-maven:1.1.1-SNAPSHOT
[DEBUG] Importing foreign packages into class realm plugin>eu.stamp-project:dspot-maven:1.1.1-SNAPSHOT
[DEBUG]   Imported:  < maven.api
[DEBUG] Populating class realm plugin>eu.stamp-project:dspot-maven:1.1.1-SNAPSHOT
[DEBUG]   Included: eu.stamp-project:dspot-maven:jar:1.1.1-SNAPSHOT
[DEBUG]   Included: eu.stamp-project:dspot:jar:1.1.1-SNAPSHOT
[DEBUG]   Included: fr.inria.gforge.spoon:spoon-core:jar:7.1.0-SNAPSHOT
[DEBUG]   Included: org.eclipse.jdt:org.eclipse.jdt.core:jar:3.13.102
[DEBUG]   Included: org.eclipse.platform:org.eclipse.core.resources:jar:3.13.100
[DEBUG]   Included: org.eclipse.platform:org.eclipse.core.expressions:jar:3.6.200
[DEBUG]   Included: org.eclipse.platform:org.eclipse.core.runtime:jar:3.15.0
[DEBUG]   Included: org.eclipse.platform:org.eclipse.osgi:jar:3.13.100
[DEBUG]   Included: org.eclipse.platform:org.eclipse.equinox.common:jar:3.10.100
[DEBUG]   Included: org.eclipse.platform:org.eclipse.core.jobs:jar:3.10.100
[DEBUG]   Included: org.eclipse.platform:org.eclipse.equinox.registry:jar:3.8.100
[DEBUG]   Included: org.eclipse.platform:org.eclipse.equinox.preferences:jar:3.7.200
[DEBUG]   Included: org.eclipse.platform:org.eclipse.core.contenttype:jar:3.7.100
[DEBUG]   Included: org.eclipse.platform:org.eclipse.equinox.app:jar:1.3.600
[DEBUG]   Included: org.eclipse.platform:org.eclipse.core.filesystem:jar:1.7.200
[DEBUG]   Included: org.eclipse.platform:org.eclipse.text:jar:3.7.0
[DEBUG]   Included: org.eclipse.platform:org.eclipse.core.commands:jar:3.9.200
[DEBUG]   Included: com.martiansoftware:jsap:jar:2.1
[DEBUG]   Included: log4j:log4j:jar:1.2.17
[DEBUG]   Included: com.fasterxml.jackson.core:jackson-databind:jar:2.9.2
[DEBUG]   Included: com.fasterxml.jackson.core:jackson-annotations:jar:2.9.0
[DEBUG]   Included: com.fasterxml.jackson.core:jackson-core:jar:2.9.2
[DEBUG]   Included: org.benf:cfr:jar:0.132.0
[DEBUG]   Included: junit:junit:jar:4.12
[DEBUG]   Included: org.hamcrest:hamcrest-core:jar:1.3
[DEBUG]   Included: com.google.code.gson:gson:jar:2.8.0
[DEBUG]   Included: org.apache.maven.shared:maven-invoker:jar:3.0.0
[DEBUG]   Included: org.slf4j:slf4j-log4j12:jar:1.7.25
[DEBUG]   Included: org.jacoco:org.jacoco.core:jar:0.7.9
[DEBUG]   Included: org.ow2.asm:asm-debug-all:jar:5.2
[DEBUG]   Included: eu.stamp-project:descartes:jar:1.1
[DEBUG]   Included: org.pitest:pitest:jar:1.2.0
[DEBUG]   Included: org.pitest:pitest-entry:jar:1.2.0
[DEBUG]   Included: com.thoughtworks.xstream:xstream:jar:1.4.8
[DEBUG]   Included: xmlpull:xmlpull:jar:1.1.3.1
[DEBUG]   Included: xpp3:xpp3_min:jar:1.1.4c
[DEBUG]   Included: org.gradle:gradle-tooling-api:jar:4.0.1
[DEBUG]   Included: org.mockito:mockito-core:jar:2.10.0
[DEBUG]   Included: net.bytebuddy:byte-buddy:jar:1.7.4
[DEBUG]   Included: net.bytebuddy:byte-buddy-agent:jar:1.7.4
[DEBUG]   Included: org.objenesis:objenesis:jar:2.6
[DEBUG]   Included: eu.stamp-project:test-runner:jar:jar-with-dependencies:1.1.0
[DEBUG]   Included: org.openclover:clover:jar:4.2.1
[DEBUG]   Included: fr.inria.gforge.spoon.labs:gumtree-spoon-ast-diff:jar:1.3
[DEBUG]   Included: com.github.gumtreediff:core:jar:2.0.0
[DEBUG]   Included: com.github.mpkorstanje:simmetrics-core:jar:3.0.3
[DEBUG]   Included: commons-codec:commons-codec:jar:1.10
[DEBUG]   Included: net.sf.trove4j:trove4j:jar:3.0.3
[DEBUG]   Included: javax.enterprise:cdi-api:jar:1.0
[DEBUG]   Included: org.eclipse.sisu:org.eclipse.sisu.inject:jar:0.3.3
[DEBUG]   Included: org.apache.maven.plugin-testing:maven-plugin-testing-harness:jar:3.3.0
[DEBUG]   Included: commons-io:commons-io:jar:2.2
[DEBUG]   Included: org.codehaus.plexus:plexus-archiver:jar:2.2
[DEBUG]   Included: org.codehaus.plexus:plexus-io:jar:2.0.4
[DEBUG]   Included: org.apache.maven:maven-builder-support:jar:3.5.0
[DEBUG]   Included: com.google.guava:guava:jar:20.0
[DEBUG]   Included: org.apache.maven.resolver:maven-resolver-util:jar:1.0.3
[DEBUG]   Included: org.codehaus.plexus:plexus-utils:jar:3.0.24
[DEBUG]   Included: org.codehaus.plexus:plexus-interpolation:jar:1.24
[DEBUG]   Included: org.codehaus.plexus:plexus-component-annotations:jar:1.7.1
[DEBUG]   Included: org.apache.maven.shared:maven-shared-utils:jar:3.1.0
[DEBUG]   Included: com.google.inject:guice:jar:no_aop:4.0
[DEBUG]   Included: aopalliance:aopalliance:jar:1.0
[DEBUG]   Included: org.sonatype.plexus:plexus-sec-dispatcher:jar:1.4
[DEBUG]   Included: org.sonatype.plexus:plexus-cipher:jar:1.4
[DEBUG]   Included: org.apache.commons:commons-lang3:jar:3.5
[DEBUG]   Included: org.eclipse.aether:aether-util:jar:1.0.2.v20150114
[DEBUG]   Included: backport-util-concurrent:backport-util-concurrent:jar:3.1
[DEBUG] Configuring mojo eu.stamp-project:dspot-maven:1.1.1-SNAPSHOT:amplify-unit-tests from plugin realm ClassRealm[plugin>eu.stamp-project:dspot-maven:1.1.1-SNAPSHOT, parent: sun.misc.Launcher$AppClassLoader@55f96302]
[DEBUG] Configuring mojo 'eu.stamp-project:dspot-maven:1.1.1-SNAPSHOT:amplify-unit-tests' with basic configurator -->
[DEBUG]   (f) amplifiers = [AllLiteralAmplifiers, MethodAdd, MethodRemove, MethodGeneratorAmplifier, ReturnValueAmplifier, NullifierAmplifier]
[DEBUG]   (f) automaticBuilder = MavenBuilder
[DEBUG]   (f) budgetizer = SimpleBudgetizer
[DEBUG]   (f) cases = []
[DEBUG]   (f) clean = true
[DEBUG]   (f) descartes = false
[DEBUG]   (f) example = false
[DEBUG]   (f) generateNewTestClass = true
[DEBUG]   (f) help = false
[DEBUG]   (f) iteration = 3
[DEBUG]   (f) maxTestAmplified = 200
[DEBUG]   (f) noMinimize = false
[DEBUG]   (f) outputPath = /tmp/icst-2019/september-2018/result/commons-io/commit_2_a4705cc/input_amplification
[DEBUG]   (f) pathToSecondVersion = /tmp/icst-2019/september-2018/dataset/commons-io
[DEBUG]   (f) pathToTestListCsv = /tmp/icst-2019/september-2018/result/commons-io/commit_2_a4705cc/testsThatExecuteTheChanges.csv
[DEBUG]   (f) project = MavenProject: commons-io:commons-io:2.7-SNAPSHOT @ /tmp/icst-2019/september-2018/dataset/commons-io_parent/pom.xml
[DEBUG]   (f) randomSeed = 23
[DEBUG]   (f) test = [all]
[DEBUG]   (f) testCriterion = ChangeDetectorSelector
[DEBUG]   (f) timeOut = 10000
[DEBUG]   (f) useMavenToExeTest = false
[DEBUG]   (f) verbose = true
[DEBUG]   (f) withComment = false
[DEBUG]   (f) workingDirectory = false
[DEBUG] -- end configuration --
[INFO] Path to runner Classes: /home/spirals/danglot/.m2/repository/eu/stamp-project/test-runner/1.1.0/test-runner-1.1.0-jar-with-dependencies.jar
[INFO] /home/spirals/danglot/.m2/repository/org/jacoco/org.jacoco.core/0.7.9/org.jacoco.core-0.7.9.jar
[INFO] /home/spirals/danglot/.m2/repository/org/ow2/asm/asm-debug-all/5.2/asm-debug-all-5.2.jar
[INFO] /home/spirals/danglot/.m2/repository/eu/stamp-project/test-runner/1.1.0/test-runner-1.1.0-jar-with-dependencies.jar
[WARNING] automaticBuilderName: unknown automatic builder specified in configuration, going to default.
[INFO] Default: provided Maven automatic builder.
[INFO] run maven clean test -DskipTests dependency:build-classpath -Dmdep.outputFile=target/dspot/classpath
[WARN] Maven will be executed in interactive mode, but no input stream has been configured for this MavenInvoker instance.
[INFO] Scanning for projects...
[INFO] 
[INFO] -----------------------< commons-io:commons-io >------------------------
[INFO] Building Apache Commons IO 2.7-SNAPSHOT
[INFO] --------------------------------[ jar ]---------------------------------
[INFO] 
[INFO] --- maven-clean-plugin:3.0.0:clean (default-clean) @ commons-io ---
[INFO] Deleting /tmp/icst-2019/september-2018/dataset/commons-io_parent/target
[INFO] 
[INFO] --- maven-enforcer-plugin:1.4.1:enforce (enforce-maven-3) @ commons-io ---
[INFO] Skipping Rule Enforcement.
[INFO] 
[INFO] --- build-helper-maven-plugin:3.0.0:parse-version (parse-version) @ commons-io ---
[INFO] 
[INFO] --- maven-antrun-plugin:1.8:run (javadoc.resources) @ commons-io ---
[INFO] Executing tasks

main:
     [copy] Copying 2 files to /tmp/icst-2019/september-2018/dataset/commons-io_parent/target/apidocs/META-INF
[INFO] Executed tasks
[INFO] 
[INFO] --- maven-remote-resources-plugin:1.5:process (process-resource-bundles) @ commons-io ---
[INFO] 
[INFO] --- buildnumber-maven-plugin:1.4:create (default) @ commons-io ---
[INFO] Executing: /bin/sh -c cd '/tmp/icst-2019/september-2018/dataset/commons-io_parent' && 'git' 'rev-parse' '--verify' 'HEAD'
[INFO] Working directory: /tmp/icst-2019/september-2018/dataset/commons-io_parent
[INFO] Storing buildNumber: e9eb2d8b5a858bb6810c941ee7891c3adcf9949d at timestamp: 1538130658065
[INFO] Storing buildScmBranch: master
[INFO] 
[INFO] --- maven-resources-plugin:2.7:resources (default-resources) @ commons-io ---
[INFO] Using 'iso-8859-1' encoding to copy filtered resources.
[INFO] skip non existing resourceDirectory /tmp/icst-2019/september-2018/dataset/commons-io_parent/src/main/resources
[INFO] Copying 2 resources to META-INF
[INFO] 
[INFO] --- maven-compiler-plugin:3.7.0:compile (default-compile) @ commons-io ---
[INFO] Changes detected - recompiling the module!
[INFO] Compiling 119 source files to /tmp/icst-2019/september-2018/dataset/commons-io_parent/target/classes
[INFO] 
[INFO] --- maven-bundle-plugin:3.4.0:manifest (bundle-manifest) @ commons-io ---
[INFO] 
[INFO] --- animal-sniffer-maven-plugin:1.16:check (checkAPIcompatibility) @ commons-io ---
[INFO] Checking unresolved references to org.codehaus.mojo.signature:java17:1.0
[INFO] 
[INFO] --- maven-resources-plugin:2.7:testResources (default-testResources) @ commons-io ---
[INFO] Using 'iso-8859-1' encoding to copy filtered resources.
[INFO] Copying 20 resources
[INFO] Copying 2 resources to META-INF
[INFO] 
[INFO] --- maven-compiler-plugin:3.7.0:testCompile (default-testCompile) @ commons-io ---
[INFO] Changes detected - recompiling the module!
[INFO] Compiling 117 source files to /tmp/icst-2019/september-2018/dataset/commons-io_parent/target/test-classes
[INFO] /tmp/icst-2019/september-2018/dataset/commons-io_parent/src/test/java/org/apache/commons/io/LineIteratorTestCase.java: Some input files use or override a deprecated API.
[INFO] /tmp/icst-2019/september-2018/dataset/commons-io_parent/src/test/java/org/apache/commons/io/LineIteratorTestCase.java: Recompile with -Xlint:deprecation for details.
[INFO] 
[INFO] --- maven-surefire-plugin:2.20.1:test (default-test) @ commons-io ---
[INFO] Tests are skipped.
[INFO] 
[INFO] --- maven-dependency-plugin:2.10:build-classpath (default-cli) @ commons-io ---
[INFO] Wrote classpath file '/tmp/icst-2019/september-2018/dataset/commons-io_parent/target/dspot/classpath'.
[INFO] ------------------------------------------------------------------------
[INFO] BUILD SUCCESS
[INFO] ------------------------------------------------------------------------
[INFO] Total time: 10.549 s
[INFO] Finished at: 2018-09-28T12:31:05+02:00
[INFO] ------------------------------------------------------------------------
[INFO] run maven clean test -DskipTests dependency:build-classpath -Dmdep.outputFile=target/dspot/classpath
[WARN] Maven will be executed in interactive mode, but no input stream has been configured for this MavenInvoker instance.
[INFO] Scanning for projects...
[INFO] 
[INFO] -----------------------< commons-io:commons-io >------------------------
[INFO] Building Apache Commons IO 2.7-SNAPSHOT
[INFO] --------------------------------[ jar ]---------------------------------
[INFO] 
[INFO] --- maven-clean-plugin:3.0.0:clean (default-clean) @ commons-io ---
[INFO] Deleting /tmp/icst-2019/september-2018/dataset/commons-io/target
[INFO] 
[INFO] --- maven-enforcer-plugin:1.4.1:enforce (enforce-maven-3) @ commons-io ---
[INFO] Skipping Rule Enforcement.
[INFO] 
[INFO] --- build-helper-maven-plugin:3.0.0:parse-version (parse-version) @ commons-io ---
[INFO] 
[INFO] --- maven-antrun-plugin:1.8:run (javadoc.resources) @ commons-io ---
[INFO] Executing tasks

main:
     [copy] Copying 2 files to /tmp/icst-2019/september-2018/dataset/commons-io/target/apidocs/META-INF
[INFO] Executed tasks
[INFO] 
[INFO] --- maven-remote-resources-plugin:1.5:process (process-resource-bundles) @ commons-io ---
[INFO] 
[INFO] --- buildnumber-maven-plugin:1.4:create (default) @ commons-io ---
[INFO] Executing: /bin/sh -c cd '/tmp/icst-2019/september-2018/dataset/commons-io' && 'git' 'rev-parse' '--verify' 'HEAD'
[INFO] Working directory: /tmp/icst-2019/september-2018/dataset/commons-io
[INFO] Storing buildNumber: a4705cc3c310ffb422336b319891f63eef021f1c at timestamp: 1538130675443
[INFO] Storing buildScmBranch: master
[INFO] 
[INFO] --- maven-resources-plugin:2.7:resources (default-resources) @ commons-io ---
[INFO] Using 'iso-8859-1' encoding to copy filtered resources.
[INFO] skip non existing resourceDirectory /tmp/icst-2019/september-2018/dataset/commons-io/src/main/resources
[INFO] Copying 2 resources to META-INF
[INFO] 
[INFO] --- maven-compiler-plugin:3.7.0:compile (default-compile) @ commons-io ---
[INFO] Changes detected - recompiling the module!
[INFO] Compiling 119 source files to /tmp/icst-2019/september-2018/dataset/commons-io/target/classes
[INFO] 
[INFO] --- maven-bundle-plugin:3.4.0:manifest (bundle-manifest) @ commons-io ---
[INFO] 
[INFO] --- animal-sniffer-maven-plugin:1.16:check (checkAPIcompatibility) @ commons-io ---
[INFO] Checking unresolved references to org.codehaus.mojo.signature:java17:1.0
[INFO] 
[INFO] --- maven-resources-plugin:2.7:testResources (default-testResources) @ commons-io ---
[INFO] Using 'iso-8859-1' encoding to copy filtered resources.
[INFO] Copying 20 resources
[INFO] Copying 2 resources to META-INF
[INFO] 
[INFO] --- maven-compiler-plugin:3.7.0:testCompile (default-testCompile) @ commons-io ---
[INFO] Changes detected - recompiling the module!
[INFO] Compiling 117 source files to /tmp/icst-2019/september-2018/dataset/commons-io/target/test-classes
[INFO] /tmp/icst-2019/september-2018/dataset/commons-io/src/test/java/org/apache/commons/io/output/FileWriterWithEncodingTest.java: Some input files use or override a deprecated API.
[INFO] /tmp/icst-2019/september-2018/dataset/commons-io/src/test/java/org/apache/commons/io/output/FileWriterWithEncodingTest.java: Recompile with -Xlint:deprecation for details.
[INFO] 
[INFO] --- maven-surefire-plugin:2.20.1:test (default-test) @ commons-io ---
[INFO] Tests are skipped.
[INFO] 
[INFO] --- maven-dependency-plugin:2.10:build-classpath (default-cli) @ commons-io ---
[INFO] Wrote classpath file '/tmp/icst-2019/september-2018/dataset/commons-io/target/dspot/classpath'.
[INFO] ------------------------------------------------------------------------
[INFO] BUILD SUCCESS
[INFO] ------------------------------------------------------------------------
[INFO] Total time: 10.467 s
[INFO] Finished at: 2018-09-28T12:31:22+02:00
[INFO] ------------------------------------------------------------------------
[INFO] Amplification of org.apache.commons.io.monitor.FileAlterationMonitorTestCase (2 test(s))
[INFO] Assertion amplification of org.apache.commons.io.monitor.FileAlterationMonitorTestCase (2 test(s))
[INFO] Run: java -classpath /tmp/icst-2019/september-2018/dataset/commons-io_parent/target/test-classes:/tmp/icst-2019/september-2018/dataset/commons-io_parent/target/classes/:/home/spirals/danglot/.m2/repository/junit/junit/4.12/junit-4.12.jar:/home/spirals/danglot/.m2/repository/org/hamcrest/hamcrest-core/1.3/hamcrest-core-1.3.jar:/tmp/icst-2019/september-2018/dataset/commons-io_parent/target/dspot/dependencies/:/home/spirals/danglot/.m2/repository/eu/stamp-project/test-runner/1.1.0/test-runner-1.1.0-jar-with-dependencies.jar eu.stamp_project.testrunner.runner.test.TestRunner org.apache.commons.io.monitor.FileAlterationMonitorTestCase testMonitor:testThreadFactory
File saved to the following path: /tmp/icst-2019/september-2018/dataset/commons-io_parent/target/dspot/TestListener.ser
Loading /tmp/icst-2019/september-2018/dataset/commons-io_parent/target/dspot/TestListener.ser
[INFO] Test has been run: testMonitor,testThreadFactory
[INFO] Run tests. (2)
[ERROR] Error(s) during compilation:
[ERROR] Pb(50) file1 cannot be resolved
[ERROR] Pb(50) file2 cannot be resolved
[WARNING] Error when executing tests before Assertion Amplification:
eu.stamp_project.dspot.AmplificationException: Every test methods are uncompilable
	at eu.stamp_project.utils.compilation.TestCompiler.compileAndDiscardUncompilableMethods(TestCompiler.java:124)
	at eu.stamp_project.utils.compilation.TestCompiler.compileAndRun(TestCompiler.java:93)
	at eu.stamp_project.dspot.assertgenerator.AssertGenerator.innerAssertionAmplification(AssertGenerator.java:100)
	at eu.stamp_project.dspot.assertgenerator.AssertGenerator.assertionAmplification(AssertGenerator.java:71)
	at eu.stamp_project.dspot.Amplification.assertionsAmplification(Amplification.java:150)
	at eu.stamp_project.dspot.Amplification.amplification(Amplification.java:84)
	at eu.stamp_project.dspot.DSpot.amplifyTest(DSpot.java:181)
	at eu.stamp_project.dspot.DSpot.amplifyTest(DSpot.java:171)
	at eu.stamp_project.Main.lambda$run$1(Main.java:69)
	at java.util.stream.ReferencePipeline$3$1.accept(ReferencePipeline.java:193)
	at java.util.ArrayList$ArrayListSpliterator.forEachRemaining(ArrayList.java:1374)
	at java.util.stream.AbstractPipeline.copyInto(AbstractPipeline.java:481)
	at java.util.stream.AbstractPipeline.wrapAndCopyInto(AbstractPipeline.java:471)
	at java.util.stream.ReduceOps$ReduceOp.evaluateSequential(ReduceOps.java:708)
	at java.util.stream.AbstractPipeline.evaluate(AbstractPipeline.java:234)
	at java.util.stream.ReferencePipeline.collect(ReferencePipeline.java:499)
	at eu.stamp_project.Main.run(Main.java:71)
	at eu.stamp_project.DSpotMojo.execute(DSpotMojo.java:263)
	at org.apache.maven.plugin.DefaultBuildPluginManager.executeMojo(DefaultBuildPluginManager.java:137)
	at org.apache.maven.lifecycle.internal.MojoExecutor.execute(MojoExecutor.java:208)
	at org.apache.maven.lifecycle.internal.MojoExecutor.execute(MojoExecutor.java:154)
	at org.apache.maven.lifecycle.internal.MojoExecutor.execute(MojoExecutor.java:146)
	at org.apache.maven.lifecycle.internal.LifecycleModuleBuilder.buildProject(LifecycleModuleBuilder.java:117)
	at org.apache.maven.lifecycle.internal.LifecycleModuleBuilder.buildProject(LifecycleModuleBuilder.java:81)
	at org.apache.maven.lifecycle.internal.builder.singlethreaded.SingleThreadedBuilder.build(SingleThreadedBuilder.java:56)
	at org.apache.maven.lifecycle.internal.LifecycleStarter.execute(LifecycleStarter.java:128)
	at org.apache.maven.DefaultMaven.doExecute(DefaultMaven.java:305)
	at org.apache.maven.DefaultMaven.doExecute(DefaultMaven.java:192)
	at org.apache.maven.DefaultMaven.execute(DefaultMaven.java:105)
	at org.apache.maven.cli.MavenCli.execute(MavenCli.java:954)
	at org.apache.maven.cli.MavenCli.doMain(MavenCli.java:288)
	at org.apache.maven.cli.MavenCli.main(MavenCli.java:192)
	at sun.reflect.NativeMethodAccessorImpl.invoke0(Native Method)
	at sun.reflect.NativeMethodAccessorImpl.invoke(NativeMethodAccessorImpl.java:62)
	at sun.reflect.DelegatingMethodAccessorImpl.invoke(DelegatingMethodAccessorImpl.java:43)
	at java.lang.reflect.Method.invoke(Method.java:498)
	at org.codehaus.plexus.classworlds.launcher.Launcher.launchEnhanced(Launcher.java:289)
	at org.codehaus.plexus.classworlds.launcher.Launcher.launch(Launcher.java:229)
	at org.codehaus.plexus.classworlds.launcher.Launcher.mainWithExitCode(Launcher.java:415)
	at org.codehaus.plexus.classworlds.launcher.Launcher.main(Launcher.java:356)
[INFO] Could not generate any test with assertions
[INFO] 0 amplified test methods has been selected to be kept. (global: 0)
[INFO] Applying Input-amplification and Assertion-amplification test by test.
[INFO] Amplification of testMonitor, (1/2)
[INFO] iteration 0 / 3
[INFO] 1 tests selected to be amplified over 1 available tests
[INFO] Amplification of inputs...
100% |================================================== ]/
[INFO] 40 new tests generated
[INFO] Run tests. (40)
[ERROR] Error(s) during compilation:
[ERROR] Pb(50) file1 cannot be resolved
[ERROR] Pb(50) file1 cannot be resolved
[ERROR] Pb(50) file1 cannot be resolved
[ERROR] Pb(50) file1 cannot be resolved
[ERROR] Pb(50) file1 cannot be resolved
[ERROR] Pb(50) file1 cannot be resolved
[ERROR] Pb(50) file1 cannot be resolved
[ERROR] Pb(50) file1 cannot be resolved
[ERROR] Pb(50) file1 cannot be resolved
[ERROR] Pb(50) file1 cannot be resolved
[ERROR] Pb(50) file1 cannot be resolved
[ERROR] Pb(50) file1 cannot be resolved
[ERROR] Pb(50) file1 cannot be resolved
[ERROR] Pb(50) file1 cannot be resolved
[ERROR] Pb(50) file1 cannot be resolved
[ERROR] Pb(50) file1 cannot be resolved
[ERROR] Pb(50) file1 cannot be resolved
[ERROR] Pb(50) file1 cannot be resolved
[ERROR] Pb(50) file1 cannot be resolved
[ERROR] Pb(50) file1 cannot be resolved
[INFO] Run: java -classpath /tmp/icst-2019/september-2018/dataset/commons-io_parent/target/test-classes:/tmp/icst-2019/september-2018/dataset/commons-io_parent/target/classes/:/home/spirals/danglot/.m2/repository/junit/junit/4.12/junit-4.12.jar:/home/spirals/danglot/.m2/repository/org/hamcrest/hamcrest-core/1.3/hamcrest-core-1.3.jar:/tmp/icst-2019/september-2018/dataset/commons-io_parent/target/dspot/dependencies/:/home/spirals/danglot/.m2/repository/eu/stamp-project/test-runner/1.1.0/test-runner-1.1.0-jar-with-dependencies.jar eu.stamp_project.testrunner.runner.test.TestRunner org.apache.commons.io.monitor.FileAlterationMonitorTestCase testMonitor_remove32
File saved to the following path: /tmp/icst-2019/september-2018/dataset/commons-io_parent/target/dspot/TestListener.ser
Loading /tmp/icst-2019/september-2018/dataset/commons-io_parent/target/dspot/TestListener.ser
[INFO] Test has been run: testMonitor_remove32
[INFO] 1 test pass, generating assertion...
[INFO] Add observations points in passing tests.
[INFO] Instrumentation...
100% |================================================== ]/
[INFO] Run instrumented tests. (3)
[INFO] Run: java -classpath /tmp/icst-2019/september-2018/dataset/commons-io_parent/target/test-classes:/tmp/icst-2019/september-2018/dataset/commons-io_parent/target/classes/:/home/spirals/danglot/.m2/repository/junit/junit/4.12/junit-4.12.jar:/home/spirals/danglot/.m2/repository/org/hamcrest/hamcrest-core/1.3/hamcrest-core-1.3.jar:/tmp/icst-2019/september-2018/dataset/commons-io_parent/target/dspot/dependencies/:/home/spirals/danglot/.m2/repository/eu/stamp-project/test-runner/1.1.0/test-runner-1.1.0-jar-with-dependencies.jar eu.stamp_project.testrunner.runner.test.TestRunner org.apache.commons.io.monitor.FileAlterationMonitorTestCase testMonitor_remove32_withlog0:testMonitor_remove32_withlog1:testMonitor_remove32_withlog2
File saved to the following path: /tmp/icst-2019/september-2018/dataset/commons-io_parent/target/dspot/observations.ser
File saved to the following path: /tmp/icst-2019/september-2018/dataset/commons-io_parent/target/dspot/TestListener.ser
Loading /tmp/icst-2019/september-2018/dataset/commons-io_parent/target/dspot/TestListener.ser
[INFO] Test has been run: testMonitor_remove32_withlog0,testMonitor_remove32_withlog1,testMonitor_remove32_withlog2
[INFO] Generating assertions...
[INFO] 1 new tests with assertions generated
[ERROR] Error(s) during compilation:
[ERROR] Pb(100) The method isEmpty() is undefined for the type Iterable<FileAlterationObserver>
[ERROR] Pb(100) The method isEmpty() is undefined for the type Iterable<FileAlterationObserver>
eu.stamp_project.dspot.AmplificationException: Every test methods are uncompilable
	at eu.stamp_project.utils.compilation.TestCompiler.compileAndDiscardUncompilableMethods(TestCompiler.java:124)
	at eu.stamp_project.utils.compilation.TestCompiler.compileAndRun(TestCompiler.java:93)
	at eu.stamp_project.utils.compilation.TestCompiler.compileRunAndDiscardUncompilableAndFailingTestMethods(TestCompiler.java:55)
	at eu.stamp_project.dspot.Amplification.assertionsAmplification(Amplification.java:157)
	at eu.stamp_project.dspot.Amplification.amplification(Amplification.java:135)
	at eu.stamp_project.dspot.Amplification.amplification(Amplification.java:97)
	at eu.stamp_project.dspot.DSpot.amplifyTest(DSpot.java:181)
	at eu.stamp_project.dspot.DSpot.amplifyTest(DSpot.java:171)
	at eu.stamp_project.Main.lambda$run$1(Main.java:69)
	at java.util.stream.ReferencePipeline$3$1.accept(ReferencePipeline.java:193)
	at java.util.ArrayList$ArrayListSpliterator.forEachRemaining(ArrayList.java:1374)
	at java.util.stream.AbstractPipeline.copyInto(AbstractPipeline.java:481)
	at java.util.stream.AbstractPipeline.wrapAndCopyInto(AbstractPipeline.java:471)
	at java.util.stream.ReduceOps$ReduceOp.evaluateSequential(ReduceOps.java:708)
	at java.util.stream.AbstractPipeline.evaluate(AbstractPipeline.java:234)
	at java.util.stream.ReferencePipeline.collect(ReferencePipeline.java:499)
	at eu.stamp_project.Main.run(Main.java:71)
	at eu.stamp_project.DSpotMojo.execute(DSpotMojo.java:263)
	at org.apache.maven.plugin.DefaultBuildPluginManager.executeMojo(DefaultBuildPluginManager.java:137)
	at org.apache.maven.lifecycle.internal.MojoExecutor.execute(MojoExecutor.java:208)
	at org.apache.maven.lifecycle.internal.MojoExecutor.execute(MojoExecutor.java:154)
	at org.apache.maven.lifecycle.internal.MojoExecutor.execute(MojoExecutor.java:146)
	at org.apache.maven.lifecycle.internal.LifecycleModuleBuilder.buildProject(LifecycleModuleBuilder.java:117)
	at org.apache.maven.lifecycle.internal.LifecycleModuleBuilder.buildProject(LifecycleModuleBuilder.java:81)
	at org.apache.maven.lifecycle.internal.builder.singlethreaded.SingleThreadedBuilder.build(SingleThreadedBuilder.java:56)
	at org.apache.maven.lifecycle.internal.LifecycleStarter.execute(LifecycleStarter.java:128)
	at org.apache.maven.DefaultMaven.doExecute(DefaultMaven.java:305)
	at org.apache.maven.DefaultMaven.doExecute(DefaultMaven.java:192)
	at org.apache.maven.DefaultMaven.execute(DefaultMaven.java:105)
	at org.apache.maven.cli.MavenCli.execute(MavenCli.java:954)
	at org.apache.maven.cli.MavenCli.doMain(MavenCli.java:288)
	at org.apache.maven.cli.MavenCli.main(MavenCli.java:192)
	at sun.reflect.NativeMethodAccessorImpl.invoke0(Native Method)
	at sun.reflect.NativeMethodAccessorImpl.invoke(NativeMethodAccessorImpl.java:62)
	at sun.reflect.DelegatingMethodAccessorImpl.invoke(DelegatingMethodAccessorImpl.java:43)
	at java.lang.reflect.Method.invoke(Method.java:498)
	at org.codehaus.plexus.classworlds.launcher.Launcher.launchEnhanced(Launcher.java:289)
	at org.codehaus.plexus.classworlds.launcher.Launcher.launch(Launcher.java:229)
	at org.codehaus.plexus.classworlds.launcher.Launcher.mainWithExitCode(Launcher.java:415)
	at org.codehaus.plexus.classworlds.launcher.Launcher.main(Launcher.java:356)
[INFO] Assertion amplification: 0 test method(s) has been successfully amplified.
[INFO] iteration 1 / 3
[INFO] 40 tests selected to be amplified over 40 available tests
[INFO] Amplification of inputs...
 67% |================================= ]\ 92% |============================================== ]/ 97% |================================================ ]\ 82% |================================================ ]/ 17% |================================================ ]\  7% |================================================ ]\ 45% |================================================ ]- 32% |================================================ ]/ 12% |================================================ ]/ 37% |================================================ ]\ 15% |================================================ ]- 90% |================================================ ]| 87% |================================================ ]\ 50% |================================================ ]|100% |================================================== ]| 65% |================================================== ]-
 10% |===== ]| 22% |=========== ]/ 35% |================= ]- 47% |======================= ]\ 72% |==================================== ]/ 25% |==================================== ]-  5% |==================================== ]- 95% |=============================================== ]- 20% |=============================================== ]| 75% |=============================================== ]- 42% |=============================================== ]/  2% |=============================================== ]/ 30% |=============================================== ]| 80% |=============================================== ]| 77% |=============================================== ]\ 70% |=============================================== ]| 27% |=============================================== ]\ 57% |=============================================== ]\ 55% |=============================================== ]- 85% |=============================================== ]- 40% |=============================================== ]| 62% |=============================================== ]/ 52% |=============================================== ]/ 60% |=============================================== ]|[INFO] 776 new tests generated
[WARNING] Too many tests have been generated: 776
[INFO] Number of generated test reduced to 200
[INFO] Run tests. (200)
[ERROR] Error(s) during compilation:
[ERROR] Pb(50) file1 cannot be resolved
[ERROR] Pb(50) file1 cannot be resolved
[ERROR] Pb(50) file1 cannot be resolved
[ERROR] Pb(50) file1 cannot be resolved
[ERROR] Pb(50) file1 cannot be resolved
[ERROR] Pb(50) file1 cannot be resolved
[ERROR] Pb(50) file1 cannot be resolved
[ERROR] Pb(50) file1 cannot be resolved
[ERROR] Pb(50) file1 cannot be resolved
[ERROR] Pb(50) file1 cannot be resolved
[ERROR] Pb(50) file1 cannot be resolved
[ERROR] Pb(50) file1 cannot be resolved
[ERROR] Pb(50) file1 cannot be resolved
[ERROR] Pb(50) file1 cannot be resolved
[ERROR] Pb(50) file1 cannot be resolved
[ERROR] Pb(50) file1 cannot be resolved
[ERROR] Pb(50) file1 cannot be resolved
[ERROR] Pb(50) file1 cannot be resolved
[ERROR] Pb(50) file1 cannot be resolved
[ERROR] Pb(50) file1 cannot be resolved
[ERROR] Error(s) during compilation:
[ERROR] Pb(50) file1 cannot be resolved
[ERROR] Pb(50) file1 cannot be resolved
[ERROR] Pb(50) file1 cannot be resolved
[ERROR] Pb(50) file1 cannot be resolved
[ERROR] Pb(50) file1 cannot be resolved
[ERROR] Pb(50) file1 cannot be resolved
[ERROR] Pb(50) file1 cannot be resolved
[ERROR] Pb(50) file1 cannot be resolved
[ERROR] Pb(50) file1 cannot be resolved
[ERROR] Pb(50) file1 cannot be resolved
[ERROR] Pb(50) file1 cannot be resolved
[ERROR] Pb(50) file1 cannot be resolved
[ERROR] Pb(50) file1 cannot be resolved
[ERROR] Pb(50) file1 cannot be resolved
[ERROR] Pb(50) file1 cannot be resolved
[ERROR] Pb(50) file1 cannot be resolved
[ERROR] Pb(50) file1 cannot be resolved
[ERROR] Pb(50) file1 cannot be resolved
[ERROR] Pb(50) file1 cannot be resolved
[ERROR] Pb(50) file1 cannot be resolved
[INFO] Run: java -classpath /tmp/icst-2019/september-2018/dataset/commons-io_parent/target/test-classes:/tmp/icst-2019/september-2018/dataset/commons-io_parent/target/classes/:/home/spirals/danglot/.m2/repository/junit/junit/4.12/junit-4.12.jar:/home/spirals/danglot/.m2/repository/org/hamcrest/hamcrest-core/1.3/hamcrest-core-1.3.jar:/tmp/icst-2019/september-2018/dataset/commons-io_parent/target/dspot/dependencies/:/home/spirals/danglot/.m2/repository/eu/stamp-project/test-runner/1.1.0/test-runner-1.1.0-jar-with-dependencies.jar eu.stamp_project.testrunner.runner.test.TestRunner org.apache.commons.io.monitor.FileAlterationMonitorTestCase testMonitor_remove32_mg666:testMonitor_remove32_mg665
File saved to the following path: /tmp/icst-2019/september-2018/dataset/commons-io_parent/target/dspot/TestListener.ser
Loading /tmp/icst-2019/september-2018/dataset/commons-io_parent/target/dspot/TestListener.ser
[INFO] Test has been run: testMonitor_remove32_mg665,testMonitor_remove32_mg666
[INFO] 2 test pass, generating assertion...
[INFO] Add observations points in passing tests.
[INFO] Instrumentation...
 50% |=============================================== ]/100% |================================================== ]-
[INFO] Run instrumented tests. (6)
[INFO] Run: java -classpath /tmp/icst-2019/september-2018/dataset/commons-io_parent/target/test-classes:/tmp/icst-2019/september-2018/dataset/commons-io_parent/target/classes/:/home/spirals/danglot/.m2/repository/junit/junit/4.12/junit-4.12.jar:/home/spirals/danglot/.m2/repository/org/hamcrest/hamcrest-core/1.3/hamcrest-core-1.3.jar:/tmp/icst-2019/september-2018/dataset/commons-io_parent/target/dspot/dependencies/:/home/spirals/danglot/.m2/repository/eu/stamp-project/test-runner/1.1.0/test-runner-1.1.0-jar-with-dependencies.jar eu.stamp_project.testrunner.runner.test.TestRunner org.apache.commons.io.monitor.FileAlterationMonitorTestCase testMonitor_remove32_mg666_withlog0:testMonitor_remove32_mg665_withlog0:testMonitor_remove32_mg666_withlog1:testMonitor_remove32_mg665_withlog1:testMonitor_remove32_mg666_withlog2:testMonitor_remove32_mg665_withlog2
File saved to the following path: /tmp/icst-2019/september-2018/dataset/commons-io_parent/target/dspot/observations.ser
File saved to the following path: /tmp/icst-2019/september-2018/dataset/commons-io_parent/target/dspot/TestListener.ser
Loading /tmp/icst-2019/september-2018/dataset/commons-io_parent/target/dspot/TestListener.ser
[INFO] Test has been run: testMonitor_remove32_mg666_withlog0,testMonitor_remove32_mg666_withlog1,testMonitor_remove32_mg666_withlog2,testMonitor_remove32_mg665_withlog0,testMonitor_remove32_mg665_withlog1,testMonitor_remove32_mg665_withlog2
[INFO] Generating assertions...
[INFO] 2 new tests with assertions generated
[ERROR] Error(s) during compilation:
[ERROR] Pb(100) The method isEmpty() is undefined for the type Iterable<FileAlterationObserver>
[ERROR] Pb(100) The method isEmpty() is undefined for the type Iterable<FileAlterationObserver>
[ERROR] Pb(100) The method isEmpty() is undefined for the type Iterable<FileAlterationObserver>
[ERROR] Pb(100) The method isEmpty() is undefined for the type Iterable<FileAlterationObserver>
eu.stamp_project.dspot.AmplificationException: Every test methods are uncompilable
	at eu.stamp_project.utils.compilation.TestCompiler.compileAndDiscardUncompilableMethods(TestCompiler.java:124)
	at eu.stamp_project.utils.compilation.TestCompiler.compileAndRun(TestCompiler.java:93)
	at eu.stamp_project.utils.compilation.TestCompiler.compileRunAndDiscardUncompilableAndFailingTestMethods(TestCompiler.java:55)
	at eu.stamp_project.dspot.Amplification.assertionsAmplification(Amplification.java:157)
	at eu.stamp_project.dspot.Amplification.amplification(Amplification.java:135)
	at eu.stamp_project.dspot.Amplification.amplification(Amplification.java:97)
	at eu.stamp_project.dspot.DSpot.amplifyTest(DSpot.java:181)
	at eu.stamp_project.dspot.DSpot.amplifyTest(DSpot.java:171)
	at eu.stamp_project.Main.lambda$run$1(Main.java:69)
	at java.util.stream.ReferencePipeline$3$1.accept(ReferencePipeline.java:193)
	at java.util.ArrayList$ArrayListSpliterator.forEachRemaining(ArrayList.java:1374)
	at java.util.stream.AbstractPipeline.copyInto(AbstractPipeline.java:481)
	at java.util.stream.AbstractPipeline.wrapAndCopyInto(AbstractPipeline.java:471)
	at java.util.stream.ReduceOps$ReduceOp.evaluateSequential(ReduceOps.java:708)
	at java.util.stream.AbstractPipeline.evaluate(AbstractPipeline.java:234)
	at java.util.stream.ReferencePipeline.collect(ReferencePipeline.java:499)
	at eu.stamp_project.Main.run(Main.java:71)
	at eu.stamp_project.DSpotMojo.execute(DSpotMojo.java:263)
	at org.apache.maven.plugin.DefaultBuildPluginManager.executeMojo(DefaultBuildPluginManager.java:137)
	at org.apache.maven.lifecycle.internal.MojoExecutor.execute(MojoExecutor.java:208)
	at org.apache.maven.lifecycle.internal.MojoExecutor.execute(MojoExecutor.java:154)
	at org.apache.maven.lifecycle.internal.MojoExecutor.execute(MojoExecutor.java:146)
	at org.apache.maven.lifecycle.internal.LifecycleModuleBuilder.buildProject(LifecycleModuleBuilder.java:117)
	at org.apache.maven.lifecycle.internal.LifecycleModuleBuilder.buildProject(LifecycleModuleBuilder.java:81)
	at org.apache.maven.lifecycle.internal.builder.singlethreaded.SingleThreadedBuilder.build(SingleThreadedBuilder.java:56)
	at org.apache.maven.lifecycle.internal.LifecycleStarter.execute(LifecycleStarter.java:128)
	at org.apache.maven.DefaultMaven.doExecute(DefaultMaven.java:305)
	at org.apache.maven.DefaultMaven.doExecute(DefaultMaven.java:192)
	at org.apache.maven.DefaultMaven.execute(DefaultMaven.java:105)
	at org.apache.maven.cli.MavenCli.execute(MavenCli.java:954)
	at org.apache.maven.cli.MavenCli.doMain(MavenCli.java:288)
	at org.apache.maven.cli.MavenCli.main(MavenCli.java:192)
	at sun.reflect.NativeMethodAccessorImpl.invoke0(Native Method)
	at sun.reflect.NativeMethodAccessorImpl.invoke(NativeMethodAccessorImpl.java:62)
	at sun.reflect.DelegatingMethodAccessorImpl.invoke(DelegatingMethodAccessorImpl.java:43)
	at java.lang.reflect.Method.invoke(Method.java:498)
	at org.codehaus.plexus.classworlds.launcher.Launcher.launchEnhanced(Launcher.java:289)
	at org.codehaus.plexus.classworlds.launcher.Launcher.launch(Launcher.java:229)
	at org.codehaus.plexus.classworlds.launcher.Launcher.mainWithExitCode(Launcher.java:415)
	at org.codehaus.plexus.classworlds.launcher.Launcher.main(Launcher.java:356)
[INFO] Assertion amplification: 0 test method(s) has been successfully amplified.
[INFO] iteration 2 / 3
[INFO] 200 tests selected to be amplified over 200 available tests
[INFO] Amplification of inputs...
 66% |================================= ]| 31% |============================================= ]\ 63% |============================================= ]- 91% |============================================= ]- 72% |============================================= ]| 78% |============================================= ]/ 81% |============================================= ]\ 56% |============================================= ]/ 91% |============================================= ]\ 82% |============================================= ]| 79% |============================================= ]- 57% |============================================= ]- 72% |============================================= ]/ 32% |============================================= ]| 63% |============================================= ]\ 66% |============================================= ]/ 92% |============================================== ]| 92% |============================================== ]/ 57% |============================================== ]\ 73% |============================================== ]- 79% |============================================== ]\ 82% |============================================== ]/ 32% |============================================== ]/ 64% |============================================== ]| 67% |============================================== ]- 64% |============================================== ]/ 58% |============================================== ]| 93% |============================================== ]- 80% |============================================== ]| 73% |============================================== ]\ 83% |============================================== ]- 67% |============================================== ]\ 93% |============================================== ]\ 33% |============================================== ]- 80% |============================================== ]/ 65% |============================================== ]- 88% |============================================== ]| 81% |============================================== ]- 83% |============================================== ]\ 74% |============================================== ]| 68% |============================================== ]| 58% |============================================== ]/ 33% |============================================== ]\ 65% |============================================== ]\ 75% |============================================== ]\ 74% |============================================== ]/ 88% |============================================== ]/ 59% |============================================== ]- 68% |============================================== ]/ 76% |============================================== ]| 75% |============================================== ]- 84% |============================================== ]| 16% |============================================== ]| 89% |============================================== ]- 34% |============================================== ]| 59% |============================================== ]\ 69% |============================================== ]- 84% |============================================== ]/  6% |============================================== ]/ 89% |============================================== ]\ 76% |============================================== ]/ 85% |============================================== ]- 69% |============================================== ]\ 90% |============================================== ]| 60% |============================================== ]| 34% |============================================== ]/ 77% |============================================== ]- 90% |============================================== ]/ 60% |============================================== ]/ 70% |============================================== ]| 85% |============================================== ]\ 16% |============================================== ]/ 77% |============================================== ]\ 97% |================================================ ]- 35% |================================================ ]-  7% |================================================ ]- 61% |================================================ ]- 86% |================================================ ]| 97% |================================================ ]\ 78% |================================================ ]| 70% |================================================ ]/ 61% |================================================ ]\ 98% |================================================= ]| 86% |================================================= ]/ 35% |================================================= ]\ 22% |================================================= ]| 17% |================================================= ]- 62% |================================================= ]| 98% |================================================= ]/  7% |================================================= ]\ 87% |================================================= ]- 99% |================================================= ]- 71% |================================================= ]- 62% |================================================= ]/ 36% |================================================= ]| 87% |================================================= ]\ 22% |================================================= ]/ 99% |================================================= ]\ 53% |================================================= ]\ 13% |================================================= ]-100% |================================================== ]|
  8% |==== ]| 36% |================== ]/ 17% |================== ]\ 23% |================== ]- 94% |=============================================== ]| 71% |=============================================== ]\ 13% |=============================================== ]\ 94% |=============================================== ]/  8% |=============================================== ]/ 23% |=============================================== ]\ 37% |=============================================== ]- 95% |=============================================== ]- 18% |=============================================== ]| 54% |=============================================== ]|  9% |=============================================== ]- 14% |=============================================== ]| 95% |=============================================== ]\ 50% |=============================================== ]/ 24% |=============================================== ]| 37% |=============================================== ]\ 96% |================================================ ]| 54% |================================================ ]/ 14% |================================================ ]/ 96% |================================================ ]/  9% |================================================ ]\ 24% |================================================ ]/ 51% |================================================ ]- 28% |================================================ ]/ 19% |================================================ ]- 15% |================================================ ]- 55% |================================================ ]- 18% |================================================ ]/ 10% |================================================ ]| 25% |================================================ ]- 51% |================================================ ]\ 15% |================================================ ]\ 55% |================================================ ]\  3% |================================================ ]\ 19% |================================================ ]\ 29% |================================================ ]- 52% |================================================ ]| 10% |================================================ ]/ 56% |================================================ ]|  0% |================================================ ]/ 29% |================================================ ]\ 52% |================================================ ]/ 44% |================================================ ]| 11% |================================================ ]- 30% |================================================ ]| 53% |================================================ ]- 41% |================================================ ]- 20% |================================================ ]|  4% |================================================ ]| 47% |================================================ ]-  1% |================================================ ]- 11% |================================================ ]\ 30% |================================================ ]/ 44% |================================================ ]/ 12% |================================================ ]| 20% |================================================ ]/ 47% |================================================ ]\ 41% |================================================ ]\  4% |================================================ ]/ 21% |================================================ ]- 45% |================================================ ]- 12% |================================================ ]/ 48% |================================================ ]| 42% |================================================ ]| 31% |================================================ ]- 21% |================================================ ]\ 48% |================================================ ]/  1% |================================================ ]\ 25% |================================================ ]\ 45% |================================================ ]\ 38% |================================================ ]|  5% |================================================ ]- 49% |================================================ ]- 46% |================================================ ]| 42% |================================================ ]/  2% |================================================ ]| 26% |================================================ ]| 49% |================================================ ]\ 46% |================================================ ]/ 38% |================================================ ]/  5% |================================================ ]\  2% |================================================ ]/ 43% |================================================ ]- 50% |================================================ ]| 26% |================================================ ]/  6% |================================================ ]| 39% |================================================ ]- 27% |================================================ ]- 43% |================================================ ]\  3% |================================================ ]- 39% |================================================ ]\ 27% |================================================ ]\ 40% |================================================ ]| 28% |================================================ ]| 40% |================================================ ]/[INFO] 7703 new tests generated
[WARNING] Too many tests have been generated: 7703
[INFO] Number of generated test reduced to 200
[INFO] Run tests. (200)
[ERROR] Error(s) during compilation:
[ERROR] Pb(50) file1 cannot be resolved
[ERROR] Pb(50) file1 cannot be resolved
[ERROR] Pb(50) file1 cannot be resolved
[ERROR] Pb(50) file1 cannot be resolved
[ERROR] Pb(50) file1 cannot be resolved
[ERROR] Pb(50) file1 cannot be resolved
[ERROR] Pb(50) file1 cannot be resolved
[ERROR] Pb(50) file1 cannot be resolved
[ERROR] Pb(50) file1 cannot be resolved
[ERROR] Pb(50) file1 cannot be resolved
[ERROR] Pb(50) file1 cannot be resolved
[ERROR] Pb(50) file1 cannot be resolved
[ERROR] Pb(50) file1 cannot be resolved
[ERROR] Pb(50) file1 cannot be resolved
[ERROR] Pb(50) file1 cannot be resolved
[ERROR] Pb(50) file1 cannot be resolved
[ERROR] Pb(50) file1 cannot be resolved
[ERROR] Pb(50) file1 cannot be resolved
[ERROR] Pb(50) file1 cannot be resolved
[ERROR] Pb(50) file1 cannot be resolved
[ERROR] Error(s) during compilation:
[ERROR] Pb(50) file1 cannot be resolved
[ERROR] Pb(50) file1 cannot be resolved
[ERROR] Pb(50) file1 cannot be resolved
[ERROR] Pb(50) file1 cannot be resolved
[ERROR] Pb(50) file1 cannot be resolved
[ERROR] Pb(50) file1 cannot be resolved
[ERROR] Pb(50) file1 cannot be resolved
[ERROR] Pb(50) file1 cannot be resolved
[ERROR] Pb(50) file1 cannot be resolved
[ERROR] Pb(50) file1 cannot be resolved
[ERROR] Pb(50) file1 cannot be resolved
[ERROR] Pb(50) file1 cannot be resolved
[ERROR] Pb(50) file1 cannot be resolved
[ERROR] Pb(50) file1 cannot be resolved
[ERROR] Pb(50) file1 cannot be resolved
[ERROR] Pb(50) file1 cannot be resolved
[ERROR] Pb(50) file1 cannot be resolved
[ERROR] Pb(50) file1 cannot be resolved
[ERROR] Pb(50) file1 cannot be resolved
[ERROR] Pb(50) file1 cannot be resolved
[WARNING] Error when executing tests before Assertion Amplification:
eu.stamp_project.dspot.AmplificationException: Every test methods are uncompilable
	at eu.stamp_project.utils.compilation.TestCompiler.compileAndDiscardUncompilableMethods(TestCompiler.java:124)
	at eu.stamp_project.utils.compilation.TestCompiler.compileAndRun(TestCompiler.java:93)
	at eu.stamp_project.dspot.assertgenerator.AssertGenerator.innerAssertionAmplification(AssertGenerator.java:100)
	at eu.stamp_project.dspot.assertgenerator.AssertGenerator.assertionAmplification(AssertGenerator.java:71)
	at eu.stamp_project.dspot.Amplification.assertionsAmplification(Amplification.java:150)
	at eu.stamp_project.dspot.Amplification.amplification(Amplification.java:135)
	at eu.stamp_project.dspot.Amplification.amplification(Amplification.java:97)
	at eu.stamp_project.dspot.DSpot.amplifyTest(DSpot.java:181)
	at eu.stamp_project.dspot.DSpot.amplifyTest(DSpot.java:171)
	at eu.stamp_project.Main.lambda$run$1(Main.java:69)
	at java.util.stream.ReferencePipeline$3$1.accept(ReferencePipeline.java:193)
	at java.util.ArrayList$ArrayListSpliterator.forEachRemaining(ArrayList.java:1374)
	at java.util.stream.AbstractPipeline.copyInto(AbstractPipeline.java:481)
	at java.util.stream.AbstractPipeline.wrapAndCopyInto(AbstractPipeline.java:471)
	at java.util.stream.ReduceOps$ReduceOp.evaluateSequential(ReduceOps.java:708)
	at java.util.stream.AbstractPipeline.evaluate(AbstractPipeline.java:234)
	at java.util.stream.ReferencePipeline.collect(ReferencePipeline.java:499)
	at eu.stamp_project.Main.run(Main.java:71)
	at eu.stamp_project.DSpotMojo.execute(DSpotMojo.java:263)
	at org.apache.maven.plugin.DefaultBuildPluginManager.executeMojo(DefaultBuildPluginManager.java:137)
	at org.apache.maven.lifecycle.internal.MojoExecutor.execute(MojoExecutor.java:208)
	at org.apache.maven.lifecycle.internal.MojoExecutor.execute(MojoExecutor.java:154)
	at org.apache.maven.lifecycle.internal.MojoExecutor.execute(MojoExecutor.java:146)
	at org.apache.maven.lifecycle.internal.LifecycleModuleBuilder.buildProject(LifecycleModuleBuilder.java:117)
	at org.apache.maven.lifecycle.internal.LifecycleModuleBuilder.buildProject(LifecycleModuleBuilder.java:81)
	at org.apache.maven.lifecycle.internal.builder.singlethreaded.SingleThreadedBuilder.build(SingleThreadedBuilder.java:56)
	at org.apache.maven.lifecycle.internal.LifecycleStarter.execute(LifecycleStarter.java:128)
	at org.apache.maven.DefaultMaven.doExecute(DefaultMaven.java:305)
	at org.apache.maven.DefaultMaven.doExecute(DefaultMaven.java:192)
	at org.apache.maven.DefaultMaven.execute(DefaultMaven.java:105)
	at org.apache.maven.cli.MavenCli.execute(MavenCli.java:954)
	at org.apache.maven.cli.MavenCli.doMain(MavenCli.java:288)
	at org.apache.maven.cli.MavenCli.main(MavenCli.java:192)
	at sun.reflect.NativeMethodAccessorImpl.invoke0(Native Method)
	at sun.reflect.NativeMethodAccessorImpl.invoke(NativeMethodAccessorImpl.java:62)
	at sun.reflect.DelegatingMethodAccessorImpl.invoke(DelegatingMethodAccessorImpl.java:43)
	at java.lang.reflect.Method.invoke(Method.java:498)
	at org.codehaus.plexus.classworlds.launcher.Launcher.launchEnhanced(Launcher.java:289)
	at org.codehaus.plexus.classworlds.launcher.Launcher.launch(Launcher.java:229)
	at org.codehaus.plexus.classworlds.launcher.Launcher.mainWithExitCode(Launcher.java:415)
	at org.codehaus.plexus.classworlds.launcher.Launcher.main(Launcher.java:356)
[INFO] Could not generate any test with assertions
[INFO] 0 amplified test methods has been selected to be kept. (global: 0)
[INFO] Amplification of testThreadFactory, (2/2)
[INFO] iteration 0 / 3
[INFO] 1 tests selected to be amplified over 1 available tests
[INFO] Amplification of inputs...
100% |================================================== ]/
[INFO] 38 new tests generated
[INFO] Run tests. (38)
[ERROR] Error(s) during compilation:
[ERROR] Pb(50) file2 cannot be resolved
[ERROR] Pb(50) file2 cannot be resolved
[ERROR] Pb(50) file2 cannot be resolved
[ERROR] Pb(50) file2 cannot be resolved
[ERROR] Pb(50) file2 cannot be resolved
[ERROR] Pb(50) file2 cannot be resolved
[ERROR] Pb(50) file2 cannot be resolved
[ERROR] Pb(50) file2 cannot be resolved
[ERROR] Pb(50) file2 cannot be resolved
[ERROR] Pb(50) file2 cannot be resolved
[ERROR] Pb(50) file2 cannot be resolved
[ERROR] Pb(50) file2 cannot be resolved
[ERROR] Pb(50) file2 cannot be resolved
[ERROR] Pb(50) file2 cannot be resolved
[ERROR] Pb(50) file2 cannot be resolved
[ERROR] Pb(50) file2 cannot be resolved
[ERROR] Pb(50) file2 cannot be resolved
[ERROR] Pb(50) file2 cannot be resolved
[ERROR] Pb(50) file2 cannot be resolved
[ERROR] Pb(50) file2 cannot be resolved
[INFO] Run: java -classpath /tmp/icst-2019/september-2018/dataset/commons-io_parent/target/test-classes:/tmp/icst-2019/september-2018/dataset/commons-io_parent/target/classes/:/home/spirals/danglot/.m2/repository/junit/junit/4.12/junit-4.12.jar:/home/spirals/danglot/.m2/repository/org/hamcrest/hamcrest-core/1.3/hamcrest-core-1.3.jar:/tmp/icst-2019/september-2018/dataset/commons-io_parent/target/dspot/dependencies/:/home/spirals/danglot/.m2/repository/eu/stamp-project/test-runner/1.1.0/test-runner-1.1.0-jar-with-dependencies.jar eu.stamp_project.testrunner.runner.test.TestRunner org.apache.commons.io.monitor.FileAlterationMonitorTestCase testThreadFactory_remove8987
File saved to the following path: /tmp/icst-2019/september-2018/dataset/commons-io_parent/target/dspot/TestListener.ser
Loading /tmp/icst-2019/september-2018/dataset/commons-io_parent/target/dspot/TestListener.ser
[INFO] Test has been run: testThreadFactory_remove8987
[INFO] 1 test pass, generating assertion...
[INFO] Add observations points in passing tests.
[INFO] Instrumentation...
100% |================================================== ]/
[INFO] Run instrumented tests. (3)
[INFO] Run: java -classpath /tmp/icst-2019/september-2018/dataset/commons-io_parent/target/test-classes:/tmp/icst-2019/september-2018/dataset/commons-io_parent/target/classes/:/home/spirals/danglot/.m2/repository/junit/junit/4.12/junit-4.12.jar:/home/spirals/danglot/.m2/repository/org/hamcrest/hamcrest-core/1.3/hamcrest-core-1.3.jar:/tmp/icst-2019/september-2018/dataset/commons-io_parent/target/dspot/dependencies/:/home/spirals/danglot/.m2/repository/eu/stamp-project/test-runner/1.1.0/test-runner-1.1.0-jar-with-dependencies.jar eu.stamp_project.testrunner.runner.test.TestRunner org.apache.commons.io.monitor.FileAlterationMonitorTestCase testThreadFactory_remove8987_withlog0:testThreadFactory_remove8987_withlog1:testThreadFactory_remove8987_withlog2
File saved to the following path: /tmp/icst-2019/september-2018/dataset/commons-io_parent/target/dspot/observations.ser
File saved to the following path: /tmp/icst-2019/september-2018/dataset/commons-io_parent/target/dspot/TestListener.ser
Loading /tmp/icst-2019/september-2018/dataset/commons-io_parent/target/dspot/TestListener.ser
[INFO] Test has been run: testThreadFactory_remove8987_withlog0,testThreadFactory_remove8987_withlog1,testThreadFactory_remove8987_withlog2
[INFO] Generating assertions...
[INFO] 1 new tests with assertions generated
[ERROR] Error(s) during compilation:
[ERROR] Pb(100) The method isEmpty() is undefined for the type Iterable<FileAlterationObserver>
[ERROR] Pb(100) The method isEmpty() is undefined for the type Iterable<FileAlterationObserver>
eu.stamp_project.dspot.AmplificationException: Every test methods are uncompilable
	at eu.stamp_project.utils.compilation.TestCompiler.compileAndDiscardUncompilableMethods(TestCompiler.java:124)
	at eu.stamp_project.utils.compilation.TestCompiler.compileAndRun(TestCompiler.java:93)
	at eu.stamp_project.utils.compilation.TestCompiler.compileRunAndDiscardUncompilableAndFailingTestMethods(TestCompiler.java:55)
	at eu.stamp_project.dspot.Amplification.assertionsAmplification(Amplification.java:157)
	at eu.stamp_project.dspot.Amplification.amplification(Amplification.java:135)
	at eu.stamp_project.dspot.Amplification.amplification(Amplification.java:97)
	at eu.stamp_project.dspot.DSpot.amplifyTest(DSpot.java:181)
	at eu.stamp_project.dspot.DSpot.amplifyTest(DSpot.java:171)
	at eu.stamp_project.Main.lambda$run$1(Main.java:69)
	at java.util.stream.ReferencePipeline$3$1.accept(ReferencePipeline.java:193)
	at java.util.ArrayList$ArrayListSpliterator.forEachRemaining(ArrayList.java:1374)
	at java.util.stream.AbstractPipeline.copyInto(AbstractPipeline.java:481)
	at java.util.stream.AbstractPipeline.wrapAndCopyInto(AbstractPipeline.java:471)
	at java.util.stream.ReduceOps$ReduceOp.evaluateSequential(ReduceOps.java:708)
	at java.util.stream.AbstractPipeline.evaluate(AbstractPipeline.java:234)
	at java.util.stream.ReferencePipeline.collect(ReferencePipeline.java:499)
	at eu.stamp_project.Main.run(Main.java:71)
	at eu.stamp_project.DSpotMojo.execute(DSpotMojo.java:263)
	at org.apache.maven.plugin.DefaultBuildPluginManager.executeMojo(DefaultBuildPluginManager.java:137)
	at org.apache.maven.lifecycle.internal.MojoExecutor.execute(MojoExecutor.java:208)
	at org.apache.maven.lifecycle.internal.MojoExecutor.execute(MojoExecutor.java:154)
	at org.apache.maven.lifecycle.internal.MojoExecutor.execute(MojoExecutor.java:146)
	at org.apache.maven.lifecycle.internal.LifecycleModuleBuilder.buildProject(LifecycleModuleBuilder.java:117)
	at org.apache.maven.lifecycle.internal.LifecycleModuleBuilder.buildProject(LifecycleModuleBuilder.java:81)
	at org.apache.maven.lifecycle.internal.builder.singlethreaded.SingleThreadedBuilder.build(SingleThreadedBuilder.java:56)
	at org.apache.maven.lifecycle.internal.LifecycleStarter.execute(LifecycleStarter.java:128)
	at org.apache.maven.DefaultMaven.doExecute(DefaultMaven.java:305)
	at org.apache.maven.DefaultMaven.doExecute(DefaultMaven.java:192)
	at org.apache.maven.DefaultMaven.execute(DefaultMaven.java:105)
	at org.apache.maven.cli.MavenCli.execute(MavenCli.java:954)
	at org.apache.maven.cli.MavenCli.doMain(MavenCli.java:288)
	at org.apache.maven.cli.MavenCli.main(MavenCli.java:192)
	at sun.reflect.NativeMethodAccessorImpl.invoke0(Native Method)
	at sun.reflect.NativeMethodAccessorImpl.invoke(NativeMethodAccessorImpl.java:62)
	at sun.reflect.DelegatingMethodAccessorImpl.invoke(DelegatingMethodAccessorImpl.java:43)
	at java.lang.reflect.Method.invoke(Method.java:498)
	at org.codehaus.plexus.classworlds.launcher.Launcher.launchEnhanced(Launcher.java:289)
	at org.codehaus.plexus.classworlds.launcher.Launcher.launch(Launcher.java:229)
	at org.codehaus.plexus.classworlds.launcher.Launcher.mainWithExitCode(Launcher.java:415)
	at org.codehaus.plexus.classworlds.launcher.Launcher.main(Launcher.java:356)
[INFO] Assertion amplification: 0 test method(s) has been successfully amplified.
[INFO] iteration 1 / 3
[INFO] 38 tests selected to be amplified over 38 available tests
[INFO] Amplification of inputs...
 65% |================================ ]/ 31% |============================================== ]| 57% |============================================== ]- 15% |============================================== ]- 44% |============================================== ]/  7% |============================================== ]\ 28% |============================================== ]\ 92% |============================================== ]\ 36% |============================================== ]- 63% |============================================== ]| 13% |============================================== ]/ 10% |============================================== ]| 26% |============================================== ]- 50% |============================================== ]\ 34% |============================================== ]/ 60% |============================================== ]\ 71% |============================================== ]\  5% |============================================== ]-  2% |============================================== ]/ 21% |============================================== ]| 47% |============================================== ]- 55% |============================================== ]/ 18% |============================================== ]\ 73% |============================================== ]| 23% |============================================== ]/ 81% |============================================== ]\ 78% |============================================== ]- 89% |============================================== ]- 42% |============================================== ]| 76% |============================================== ]/ 52% |============================================== ]| 68% |============================================== ]- 97% |================================================ ]/ 86% |================================================ ]/ 39% |================================================ ]\ 84% |================================================ ]| 94% |================================================ ]|100% |================================================== ]-
[INFO] 706 new tests generated
[WARNING] Too many tests have been generated: 706
[INFO] Number of generated test reduced to 200
[INFO] Run tests. (200)
[ERROR] Error(s) during compilation:
[ERROR] Pb(50) file2 cannot be resolved
[ERROR] Pb(50) file2 cannot be resolved
[ERROR] Pb(50) file2 cannot be resolved
[ERROR] Pb(50) file2 cannot be resolved
[ERROR] Pb(50) file2 cannot be resolved
[ERROR] Pb(50) file2 cannot be resolved
[ERROR] Pb(50) file2 cannot be resolved
[ERROR] Pb(50) file2 cannot be resolved
[ERROR] Pb(50) file2 cannot be resolved
[ERROR] Pb(50) file2 cannot be resolved
[ERROR] Pb(50) file2 cannot be resolved
[ERROR] Pb(50) file2 cannot be resolved
[ERROR] Pb(50) file2 cannot be resolved
[ERROR] Pb(50) file2 cannot be resolved
[ERROR] Pb(50) file2 cannot be resolved
[ERROR] Pb(50) file2 cannot be resolved
[ERROR] Pb(50) file2 cannot be resolved
[ERROR] Pb(50) file2 cannot be resolved
[ERROR] Pb(50) file2 cannot be resolved
[ERROR] Pb(50) file2 cannot be resolved
[ERROR] Error(s) during compilation:
[ERROR] Pb(50) file2 cannot be resolved
[ERROR] Pb(50) file2 cannot be resolved
[ERROR] Pb(50) file2 cannot be resolved
[ERROR] Pb(50) file2 cannot be resolved
[ERROR] Pb(50) file2 cannot be resolved
[ERROR] Pb(50) file2 cannot be resolved
[ERROR] Pb(50) file2 cannot be resolved
[ERROR] Pb(50) file2 cannot be resolved
[ERROR] Pb(50) file2 cannot be resolved
[ERROR] Pb(50) file2 cannot be resolved
[ERROR] Pb(50) file2 cannot be resolved
[ERROR] Pb(50) file2 cannot be resolved
[ERROR] Pb(50) file2 cannot be resolved
[ERROR] Pb(50) file2 cannot be resolved
[ERROR] Pb(50) file2 cannot be resolved
[ERROR] Pb(50) file2 cannot be resolved
[ERROR] Pb(50) file2 cannot be resolved
[ERROR] Pb(50) file2 cannot be resolved
[ERROR] Pb(50) file2 cannot be resolved
[ERROR] Pb(50) file2 cannot be resolved
[INFO] Run: java -classpath /tmp/icst-2019/september-2018/dataset/commons-io_parent/target/test-classes:/tmp/icst-2019/september-2018/dataset/commons-io_parent/target/classes/:/home/spirals/danglot/.m2/repository/junit/junit/4.12/junit-4.12.jar:/home/spirals/danglot/.m2/repository/org/hamcrest/hamcrest-core/1.3/hamcrest-core-1.3.jar:/tmp/icst-2019/september-2018/dataset/commons-io_parent/target/dspot/dependencies/:/home/spirals/danglot/.m2/repository/eu/stamp-project/test-runner/1.1.0/test-runner-1.1.0-jar-with-dependencies.jar eu.stamp_project.testrunner.runner.test.TestRunner org.apache.commons.io.monitor.FileAlterationMonitorTestCase testThreadFactory_remove8987_mg9501:testThreadFactory_remove8987_mg9510:testThreadFactory_remove8987litString9421:testThreadFactory_remove8987litString9424
File saved to the following path: /tmp/icst-2019/september-2018/dataset/commons-io_parent/target/dspot/TestListener.ser
Loading /tmp/icst-2019/september-2018/dataset/commons-io_parent/target/dspot/TestListener.ser
[INFO] Test has been run: testThreadFactory_remove8987litString9421,testThreadFactory_remove8987litString9424,testThreadFactory_remove8987_mg9501(org.apache.commons.io.monitor.FileAlterationMonitorTestCase): Relative path in absolute URI: @Y /!.be]p*,5C){-O-q://ja%2FcRHI-J%3FdA(9U5k4%7Chx%7BND!%5By@7!R4%60%25x.%60.)%7D?pjm2Y%7D_l_[%23knN3K%20W$]#On[%20hVa?5@emW.F&%7C%7D1*,testThreadFactory_remove8987_mg9510(org.apache.commons.io.monitor.FileAlterationMonitorTestCase): Relative path in absolute URI:  s(Q![qbL(1aqQ5pG!RK://2(;f%;aeV*X`7jkL.Q9|pF%2399%20d_=DQTG8w2Lt;M#dWlwAefI2ASZOOOYfdU%25
[INFO] 2 test pass, generating assertion...
[INFO] Add observations points in passing tests.
[INFO] Instrumentation...
 50% |========================= ]/100% |================================================== ]-
[INFO] Run instrumented tests. (6)
[INFO] Run: java -classpath /tmp/icst-2019/september-2018/dataset/commons-io_parent/target/test-classes:/tmp/icst-2019/september-2018/dataset/commons-io_parent/target/classes/:/home/spirals/danglot/.m2/repository/junit/junit/4.12/junit-4.12.jar:/home/spirals/danglot/.m2/repository/org/hamcrest/hamcrest-core/1.3/hamcrest-core-1.3.jar:/tmp/icst-2019/september-2018/dataset/commons-io_parent/target/dspot/dependencies/:/home/spirals/danglot/.m2/repository/eu/stamp-project/test-runner/1.1.0/test-runner-1.1.0-jar-with-dependencies.jar eu.stamp_project.testrunner.runner.test.TestRunner org.apache.commons.io.monitor.FileAlterationMonitorTestCase testThreadFactory_remove8987litString9421_withlog0:testThreadFactory_remove8987litString9424_withlog0:testThreadFactory_remove8987litString9421_withlog1:testThreadFactory_remove8987litString9424_withlog1:testThreadFactory_remove8987litString9421_withlog2:testThreadFactory_remove8987litString9424_withlog2
File saved to the following path: /tmp/icst-2019/september-2018/dataset/commons-io_parent/target/dspot/observations.ser
File saved to the following path: /tmp/icst-2019/september-2018/dataset/commons-io_parent/target/dspot/TestListener.ser
Loading /tmp/icst-2019/september-2018/dataset/commons-io_parent/target/dspot/TestListener.ser
[INFO] Test has been run: testThreadFactory_remove8987litString9424_withlog0,testThreadFactory_remove8987litString9424_withlog1,testThreadFactory_remove8987litString9424_withlog2,testThreadFactory_remove8987litString9421_withlog0,testThreadFactory_remove8987litString9421_withlog1,testThreadFactory_remove8987litString9421_withlog2
[INFO] Generating assertions...
[INFO] 2 test fail, generating try/catch/fail blocks...
[INFO] 4 new tests with assertions generated
[ERROR] Error(s) during compilation:
[ERROR] Pb(100) The method isEmpty() is undefined for the type Iterable<FileAlterationObserver>
[ERROR] Pb(100) The method isEmpty() is undefined for the type Iterable<FileAlterationObserver>
[ERROR] Pb(100) The method isEmpty() is undefined for the type Iterable<FileAlterationObserver>
[ERROR] Pb(100) The method isEmpty() is undefined for the type Iterable<FileAlterationObserver>
[INFO] Run: java -classpath /tmp/icst-2019/september-2018/dataset/commons-io_parent/target/test-classes:/tmp/icst-2019/september-2018/dataset/commons-io_parent/target/classes/:/home/spirals/danglot/.m2/repository/junit/junit/4.12/junit-4.12.jar:/home/spirals/danglot/.m2/repository/org/hamcrest/hamcrest-core/1.3/hamcrest-core-1.3.jar:/tmp/icst-2019/september-2018/dataset/commons-io_parent/target/dspot/dependencies/:/home/spirals/danglot/.m2/repository/eu/stamp-project/test-runner/1.1.0/test-runner-1.1.0-jar-with-dependencies.jar eu.stamp_project.testrunner.runner.test.TestRunner org.apache.commons.io.monitor.FileAlterationMonitorTestCase testThreadFactory_remove8987_mg9501_failAssert0:testThreadFactory_remove8987_mg9510_failAssert1
File saved to the following path: /tmp/icst-2019/september-2018/dataset/commons-io_parent/target/dspot/TestListener.ser
Loading /tmp/icst-2019/september-2018/dataset/commons-io_parent/target/dspot/TestListener.ser
[INFO] Test has been run: testThreadFactory_remove8987_mg9510_failAssert1,testThreadFactory_remove8987_mg9501_failAssert0
[INFO] Assertion amplification: 2 test method(s) has been successfully amplified.
[WARN] 2018-09-28 12:31:57 Launcher - You specified the directory /tmp/icst-2019/september-2018/dataset/commons-io/target/classes in source classpath, please note that only class files will be considered. Jars and subdirectories will be ignored.
[WARN] 2018-09-28 12:31:57 Launcher - You specified the directory /tmp/icst-2019/september-2018/dataset/commons-io/target/test-classes in source classpath, please note that only class files will be considered. Jars and subdirectories will be ignored.
[WARN] 2018-09-28 12:31:57 Launcher - You specified the directory /tmp/icst-2019/september-2018/dataset/commons-io/target/dspot/dependencies in source classpath, please note that only class files will be considered. Jars and subdirectories will be ignored.
[INFO] Run: java -classpath /tmp/icst-2019/september-2018/dataset/commons-io/target/classes/:/tmp/icst-2019/september-2018/dataset/commons-io/target/test-classes/:/home/spirals/danglot/.m2/repository/junit/junit/4.12/junit-4.12.jar:/home/spirals/danglot/.m2/repository/org/hamcrest/hamcrest-core/1.3/hamcrest-core-1.3.jar:/tmp/icst-2019/september-2018/dataset/commons-io/target/dspot/dependencies/:/home/spirals/danglot/.m2/repository/eu/stamp-project/test-runner/1.1.0/test-runner-1.1.0-jar-with-dependencies.jar eu.stamp_project.testrunner.runner.test.TestRunner org.apache.commons.io.monitor.FileAlterationMonitorTestCase testThreadFactory_remove8987_mg9501_failAssert0:testThreadFactory_remove8987_mg9510_failAssert1
File saved to the following path: /tmp/icst-2019/september-2018/dataset/commons-io_parent/target/dspot/TestListener.ser
Loading /tmp/icst-2019/september-2018/dataset/commons-io_parent/target/dspot/TestListener.ser
[INFO] Test has been run: testThreadFactory_remove8987_mg9510_failAssert1,testThreadFactory_remove8987_mg9501_failAssert0
[INFO] 0 amplified test methods has been selected to be kept.
[INFO] iteration 2 / 3
[INFO] 2 tests selected to be amplified over 2 available tests
[INFO] Amplification of inputs...
100% |================================================== ]- 50% |================================================== ]/
[INFO] 127 new tests generated
[INFO] Run tests. (127)
[INFO] Run: java -classpath /tmp/icst-2019/september-2018/dataset/commons-io_parent/target/test-classes:/tmp/icst-2019/september-2018/dataset/commons-io_parent/target/classes/:/home/spirals/danglot/.m2/repository/junit/junit/4.12/junit-4.12.jar:/home/spirals/danglot/.m2/repository/org/hamcrest/hamcrest-core/1.3/hamcrest-core-1.3.jar:/tmp/icst-2019/september-2018/dataset/commons-io_parent/target/dspot/dependencies/:/home/spirals/danglot/.m2/repository/eu/stamp-project/test-runner/1.1.0/test-runner-1.1.0-jar-with-dependencies.jar eu.stamp_project.testrunner.runner.test.TestRunner org.apache.commons.io.monitor.FileAlterationMonitorTestCase testThreadFactory_remove8987_mg9501_failAssert0litString9950:testThreadFactory_remove8987_mg9501_failAssert0litString9952:testThreadFactory_remove8987_mg9501_failAssert0litString9954:testThreadFactory_remove8987_mg9501_failAssert0litString9956:testThreadFactory_remove8987_mg9501_failAssert0litString9958:testThreadFactory_remove8987_mg9501_failAssert0litString9960:testThreadFactory_remove8987_mg9501_failAssert0litString9962:testThreadFactory_remove8987_mg9501_failAssert0litString9963:testThreadFactory_remove8987_mg9501_failAssert0litString9966:testThreadFactory_remove8987_mg9501_failAssert0litString9967:testThreadFactory_remove8987_mg9501_failAssert0litString9969:testThreadFactory_remove8987_mg9501_failAssert0litString9971:testThreadFactory_remove8987_mg9501_failAssert0litString9977:testThreadFactory_remove8987_mg9501_failAssert0litString9979:testThreadFactory_remove8987_mg9501_failAssert0litString9981:testThreadFactory_remove8987_mg9501_failAssert0litString9983:testThreadFactory_remove8987_mg9501_failAssert0litString9985:testThreadFactory_remove8987_mg9501_failAssert0litString9987:testThreadFactory_remove8987_mg9501_failAssert0litString9989:testThreadFactory_remove8987_mg9501_failAssert0litString9991:testThreadFactory_remove8987_mg9501_failAssert0litString9992:testThreadFactory_remove8987_mg9501_failAssert0litString9994:testThreadFactory_remove8987_mg9501_failAssert0litString9996:testThreadFactory_remove8987_mg9501_failAssert0litString9998:testThreadFactory_remove8987_mg9501_failAssert0litString10000:testThreadFactory_remove8987_mg9501_failAssert0litString10002:testThreadFactory_remove8987_mg9501_failAssert0litString10004:testThreadFactory_remove8987_mg9501_failAssert0litString10006:testThreadFactory_remove8987_mg9501_failAssert0litString10007:testThreadFactory_remove8987_mg9501_failAssert0litString10009:testThreadFactory_remove8987_mg9501_failAssert0litString10010:testThreadFactory_remove8987_mg9501_failAssert0litString10012:testThreadFactory_remove8987_mg9501_failAssert0litString10014:testThreadFactory_remove8987_mg9501_failAssert0litString10016:testThreadFactory_remove8987_mg9501_failAssert0litString10018:testThreadFactory_remove8987_mg9501_failAssert0litString10020:testThreadFactory_remove8987_mg9501_failAssert0litString10022:testThreadFactory_remove8987_mg9501_failAssert0litString10023:testThreadFactory_remove8987_mg9501_failAssert0litString10024:testThreadFactory_remove8987_mg9501_failAssert0litString10025:testThreadFactory_remove8987_mg9501_failAssert0litNum10026:testThreadFactory_remove8987_mg9501_failAssert0litNum10027:testThreadFactory_remove8987_mg9501_failAssert0litNum10028:testThreadFactory_remove8987_mg9501_failAssert0litNum10029:testThreadFactory_remove8987_mg9501_failAssert0litNum10030:testThreadFactory_remove8987_mg9501_failAssert0litNum10032:testThreadFactory_remove8987_mg9501_failAssert0_add10040:testThreadFactory_remove8987_mg9501_failAssert0_add10042:testThreadFactory_remove8987_mg9501_failAssert0_add10044:testThreadFactory_remove8987_mg9501_failAssert0_add10046:testThreadFactory_remove8987_mg9501_failAssert0_add10048:testThreadFactory_remove8987_mg9501_failAssert0_add10049:testThreadFactory_remove8987_mg9501_failAssert0_add10051:testThreadFactory_remove8987_mg9501_failAssert0_add10052:testThreadFactory_remove8987_mg9501_failAssert0_add10054:testThreadFactory_remove8987_mg9501_failAssert0_add10055:testThreadFactory_remove8987_mg9501_failAssert0_add10057:testThreadFactory_remove8987_mg9501_failAssert0_mg10059:testThreadFactory_remove8987_mg9501_failAssert0_mg10061:testThreadFactory_remove8987_mg9501_failAssert0_mg10062:testThreadFactory_remove8987_mg9501_failAssert0_mg10064:testThreadFactory_remove8987_mg9501_failAssert0_mg10067:testThreadFactory_remove8987_mg9501_failAssert0_mg10069:testThreadFactory_remove8987_mg9501_failAssert0_mg10070:testThreadFactory_remove8987_mg9501_failAssert0_mg10071:testThreadFactory_remove8987_mg9501_failAssert0_mg10072:testThreadFactory_remove8987_mg9501_failAssert0null10074:testThreadFactory_remove8987_mg9510_failAssert1litString9948:testThreadFactory_remove8987_mg9510_failAssert1litString9949:testThreadFactory_remove8987_mg9510_failAssert1litString9951:testThreadFactory_remove8987_mg9510_failAssert1litString9953:testThreadFactory_remove8987_mg9510_failAssert1litString9955:testThreadFactory_remove8987_mg9510_failAssert1litString9957:testThreadFactory_remove8987_mg9510_failAssert1litString9959:testThreadFactory_remove8987_mg9510_failAssert1litString9961:testThreadFactory_remove8987_mg9510_failAssert1litString9964:testThreadFactory_remove8987_mg9510_failAssert1litString9965:testThreadFactory_remove8987_mg9510_failAssert1litString9968:testThreadFactory_remove8987_mg9510_failAssert1litString9970:testThreadFactory_remove8987_mg9510_failAssert1litString9972:testThreadFactory_remove8987_mg9510_failAssert1litString9973:testThreadFactory_remove8987_mg9510_failAssert1litString9974:testThreadFactory_remove8987_mg9510_failAssert1litString9975:testThreadFactory_remove8987_mg9510_failAssert1litString9976:testThreadFactory_remove8987_mg9510_failAssert1litString9978:testThreadFactory_remove8987_mg9510_failAssert1litString9980:testThreadFactory_remove8987_mg9510_failAssert1litString9982:testThreadFactory_remove8987_mg9510_failAssert1litString9984:testThreadFactory_remove8987_mg9510_failAssert1litString9986:testThreadFactory_remove8987_mg9510_failAssert1litString9988:testThreadFactory_remove8987_mg9510_failAssert1litString9990:testThreadFactory_remove8987_mg9510_failAssert1litString9993:testThreadFactory_remove8987_mg9510_failAssert1litString9995:testThreadFactory_remove8987_mg9510_failAssert1litString9997:testThreadFactory_remove8987_mg9510_failAssert1litString9999:testThreadFactory_remove8987_mg9510_failAssert1litString10001:testThreadFactory_remove8987_mg9510_failAssert1litString10003:testThreadFactory_remove8987_mg9510_failAssert1litString10005:testThreadFactory_remove8987_mg9510_failAssert1litString10008:testThreadFactory_remove8987_mg9510_failAssert1litNum10011:testThreadFactory_remove8987_mg9510_failAssert1litNum10013:testThreadFactory_remove8987_mg9510_failAssert1litNum10015:testThreadFactory_remove8987_mg9510_failAssert1litNum10017:testThreadFactory_remove8987_mg9510_failAssert1litNum10019:testThreadFactory_remove8987_mg9510_failAssert1litNum10021:testThreadFactory_remove8987_mg9510_failAssert1_add10031:testThreadFactory_remove8987_mg9510_failAssert1_add10033:testThreadFactory_remove8987_mg9510_failAssert1_add10034:testThreadFactory_remove8987_mg9510_failAssert1_add10035:testThreadFactory_remove8987_mg9510_failAssert1_add10036:testThreadFactory_remove8987_mg9510_failAssert1_add10037:testThreadFactory_remove8987_mg9510_failAssert1_add10038:testThreadFactory_remove8987_mg9510_failAssert1_add10039:testThreadFactory_remove8987_mg9510_failAssert1_add10041:testThreadFactory_remove8987_mg9510_failAssert1_add10043:testThreadFactory_remove8987_mg9510_failAssert1_add10045:testThreadFactory_remove8987_mg9510_failAssert1_add10047:testThreadFactory_remove8987_mg9510_failAssert1_mg10050:testThreadFactory_remove8987_mg9510_failAssert1_mg10053:testThreadFactory_remove8987_mg9510_failAssert1_mg10056:testThreadFactory_remove8987_mg9510_failAssert1_mg10058:testThreadFactory_remove8987_mg9510_failAssert1_mg10060:testThreadFactory_remove8987_mg9510_failAssert1_mg10063:testThreadFactory_remove8987_mg9510_failAssert1_mg10065:testThreadFactory_remove8987_mg9510_failAssert1_mg10066:testThreadFactory_remove8987_mg9510_failAssert1_mg10068:testThreadFactory_remove8987_mg9510_failAssert1null10073
File saved to the following path: /tmp/icst-2019/september-2018/dataset/commons-io_parent/target/dspot/TestListener.ser
Loading /tmp/icst-2019/september-2018/dataset/commons-io_parent/target/dspot/TestListener.ser
[INFO] Test has been run: testThreadFactory_remove8987_mg9510_failAssert1litString9948,testThreadFactory_remove8987_mg9510_failAssert1litString9949,testThreadFactory_remove8987_mg9510_failAssert1litString9951,testThreadFactory_remove8987_mg9510_failAssert1litString9953,testThreadFactory_remove8987_mg9510_failAssert1litString9955,testThreadFactory_remove8987_mg9510_failAssert1litString9957,testThreadFactory_remove8987_mg9510_failAssert1litString9959,testThreadFactory_remove8987_mg9510_failAssert1litString9961,testThreadFactory_remove8987_mg9510_failAssert1litString9964,testThreadFactory_remove8987_mg9510_failAssert1litString9965,testThreadFactory_remove8987_mg9510_failAssert1litString9968,testThreadFactory_remove8987_mg9510_failAssert1litString9970,testThreadFactory_remove8987_mg9510_failAssert1litString9972,testThreadFactory_remove8987_mg9510_failAssert1litString9973,testThreadFactory_remove8987_mg9510_failAssert1litString9974,testThreadFactory_remove8987_mg9510_failAssert1litString9975,testThreadFactory_remove8987_mg9510_failAssert1litString9976,testThreadFactory_remove8987_mg9510_failAssert1litString9978,testThreadFactory_remove8987_mg9510_failAssert1litString9980,testThreadFactory_remove8987_mg9510_failAssert1litString9982,testThreadFactory_remove8987_mg9510_failAssert1litString9984,testThreadFactory_remove8987_mg9510_failAssert1litString9986,testThreadFactory_remove8987_mg9510_failAssert1litString9988,testThreadFactory_remove8987_mg9510_failAssert1litString9990,testThreadFactory_remove8987_mg9510_failAssert1litString9993,testThreadFactory_remove8987_mg9510_failAssert1litString9995,testThreadFactory_remove8987_mg9510_failAssert1litString9997,testThreadFactory_remove8987_mg9510_failAssert1litString9999,testThreadFactory_remove8987_mg9510_failAssert1litString10001,testThreadFactory_remove8987_mg9510_failAssert1litString10003,testThreadFactory_remove8987_mg9510_failAssert1litString10005,testThreadFactory_remove8987_mg9510_failAssert1litString10008,testThreadFactory_remove8987_mg9510_failAssert1litNum10011,testThreadFactory_remove8987_mg9510_failAssert1litNum10013,testThreadFactory_remove8987_mg9510_failAssert1litNum10015,testThreadFactory_remove8987_mg9510_failAssert1litNum10017,testThreadFactory_remove8987_mg9510_failAssert1litNum10019,testThreadFactory_remove8987_mg9510_failAssert1litNum10021,testThreadFactory_remove8987_mg9510_failAssert1_add10031,testThreadFactory_remove8987_mg9510_failAssert1_add10033,testThreadFactory_remove8987_mg9510_failAssert1_add10034,testThreadFactory_remove8987_mg9510_failAssert1_add10035,testThreadFactory_remove8987_mg9510_failAssert1_add10036,testThreadFactory_remove8987_mg9510_failAssert1_add10037,testThreadFactory_remove8987_mg9510_failAssert1_add10038,testThreadFactory_remove8987_mg9510_failAssert1_add10039,testThreadFactory_remove8987_mg9510_failAssert1_add10041,testThreadFactory_remove8987_mg9510_failAssert1_add10043,testThreadFactory_remove8987_mg9510_failAssert1_add10045,testThreadFactory_remove8987_mg9510_failAssert1_add10047,testThreadFactory_remove8987_mg9501_failAssert0_add10040,testThreadFactory_remove8987_mg9501_failAssert0_add10042,testThreadFactory_remove8987_mg9501_failAssert0_add10044,testThreadFactory_remove8987_mg9501_failAssert0_add10046,testThreadFactory_remove8987_mg9501_failAssert0_add10048,testThreadFactory_remove8987_mg9501_failAssert0_add10049,testThreadFactory_remove8987_mg9501_failAssert0_add10051,testThreadFactory_remove8987_mg9501_failAssert0_add10052,testThreadFactory_remove8987_mg9501_failAssert0_add10054,testThreadFactory_remove8987_mg9501_failAssert0_add10055,testThreadFactory_remove8987_mg9501_failAssert0_add10057,testThreadFactory_remove8987_mg9501_failAssert0litNum10026,testThreadFactory_remove8987_mg9501_failAssert0litNum10027,testThreadFactory_remove8987_mg9501_failAssert0litNum10028,testThreadFactory_remove8987_mg9501_failAssert0litNum10029,testThreadFactory_remove8987_mg9501_failAssert0litNum10030,testThreadFactory_remove8987_mg9501_failAssert0litNum10032,testThreadFactory_remove8987_mg9510_failAssert1null10073,testThreadFactory_remove8987_mg9501_failAssert0_mg10059,testThreadFactory_remove8987_mg9501_failAssert0_mg10061,testThreadFactory_remove8987_mg9501_failAssert0_mg10062,testThreadFactory_remove8987_mg9501_failAssert0_mg10064,testThreadFactory_remove8987_mg9501_failAssert0_mg10067,testThreadFactory_remove8987_mg9501_failAssert0_mg10069,testThreadFactory_remove8987_mg9501_failAssert0_mg10070,testThreadFactory_remove8987_mg9501_failAssert0_mg10071,testThreadFactory_remove8987_mg9501_failAssert0_mg10072,testThreadFactory_remove8987_mg9501_failAssert0null10074,testThreadFactory_remove8987_mg9510_failAssert1_mg10050,testThreadFactory_remove8987_mg9510_failAssert1_mg10053,testThreadFactory_remove8987_mg9510_failAssert1_mg10056,testThreadFactory_remove8987_mg9510_failAssert1_mg10058,testThreadFactory_remove8987_mg9510_failAssert1_mg10060,testThreadFactory_remove8987_mg9510_failAssert1_mg10063,testThreadFactory_remove8987_mg9510_failAssert1_mg10065,testThreadFactory_remove8987_mg9510_failAssert1_mg10066,testThreadFactory_remove8987_mg9510_failAssert1_mg10068,testThreadFactory_remove8987_mg9501_failAssert0litString9950,testThreadFactory_remove8987_mg9501_failAssert0litString9952,testThreadFactory_remove8987_mg9501_failAssert0litString9954,testThreadFactory_remove8987_mg9501_failAssert0litString9956,testThreadFactory_remove8987_mg9501_failAssert0litString9958,testThreadFactory_remove8987_mg9501_failAssert0litString9960,testThreadFactory_remove8987_mg9501_failAssert0litString9962,testThreadFactory_remove8987_mg9501_failAssert0litString9963,testThreadFactory_remove8987_mg9501_failAssert0litString9966,testThreadFactory_remove8987_mg9501_failAssert0litString9967,testThreadFactory_remove8987_mg9501_failAssert0litString9969,testThreadFactory_remove8987_mg9501_failAssert0litString9971,testThreadFactory_remove8987_mg9501_failAssert0litString9977,testThreadFactory_remove8987_mg9501_failAssert0litString9979,testThreadFactory_remove8987_mg9501_failAssert0litString9981,testThreadFactory_remove8987_mg9501_failAssert0litString9983,testThreadFactory_remove8987_mg9501_failAssert0litString9985,testThreadFactory_remove8987_mg9501_failAssert0litString9987,testThreadFactory_remove8987_mg9501_failAssert0litString9989,testThreadFactory_remove8987_mg9501_failAssert0litString9991,testThreadFactory_remove8987_mg9501_failAssert0litString9992,testThreadFactory_remove8987_mg9501_failAssert0litString9994,testThreadFactory_remove8987_mg9501_failAssert0litString9996,testThreadFactory_remove8987_mg9501_failAssert0litString9998,testThreadFactory_remove8987_mg9501_failAssert0litString10000,testThreadFactory_remove8987_mg9501_failAssert0litString10002,testThreadFactory_remove8987_mg9501_failAssert0litString10004,testThreadFactory_remove8987_mg9501_failAssert0litString10006,testThreadFactory_remove8987_mg9501_failAssert0litString10007,testThreadFactory_remove8987_mg9501_failAssert0litString10009,testThreadFactory_remove8987_mg9501_failAssert0litString10010,testThreadFactory_remove8987_mg9501_failAssert0litString10012,testThreadFactory_remove8987_mg9501_failAssert0litString10014,testThreadFactory_remove8987_mg9501_failAssert0litString10016,testThreadFactory_remove8987_mg9501_failAssert0litString10018,testThreadFactory_remove8987_mg9501_failAssert0litString10020,testThreadFactory_remove8987_mg9501_failAssert0litString10022,testThreadFactory_remove8987_mg9501_failAssert0litString10023,testThreadFactory_remove8987_mg9501_failAssert0litString10024,testThreadFactory_remove8987_mg9501_failAssert0litString10025
[INFO] 127 test pass, generating assertion...
[INFO] Add observations points in passing tests.
[INFO] Instrumentation...
  0% | ]/  1% | ]-  2% |= ]\  3% |= ]|  3% |= ]/  4% |== ]-  5% |== ]\  6% |=== ]|  7% |=== ]/  7% |=== ]-  8% |==== ]\  9% |==== ]| 10% |===== ]/ 11% |===== ]- 11% |===== ]\ 12% |====== ]| 13% |====== ]/ 14% |======= ]- 14% |======= ]\ 15% |======= ]| 16% |======== ]/ 17% |======== ]- 18% |========= ]\ 18% |========= ]| 19% |========= ]/ 20% |========== ]- 21% |========== ]\ 22% |=========== ]| 22% |=========== ]/ 23% |=========== ]- 24% |============ ]\ 25% |============ ]| 25% |============ ]/ 26% |============= ]- 27% |============= ]\ 28% |============== ]| 29% |============== ]/ 29% |============== ]- 30% |=============== ]\ 31% |=============== ]| 32% |================ ]/ 33% |================ ]- 33% |================ ]\ 34% |================= ]| 35% |================= ]/ 36% |================== ]- 37% |================== ]\ 37% |================== ]| 38% |=================== ]/ 39% |=================== ]- 40% |==================== ]\ 40% |==================== ]| 41% |==================== ]/ 42% |===================== ]- 43% |===================== ]\ 44% |====================== ]| 44% |====================== ]/ 45% |====================== ]- 46% |======================= ]\ 47% |======================= ]| 48% |======================== ]/ 48% |======================== ]- 49% |======================== ]\ 50% |========================= ]| 51% |========================= ]/ 51% |========================= ]- 52% |========================== ]\ 53% |========================== ]| 54% |=========================== ]/ 55% |=========================== ]- 55% |=========================== ]\ 56% |============================ ]| 57% |============================ ]/ 58% |============================= ]- 59% |============================= ]\ 59% |============================= ]| 60% |============================== ]/ 61% |============================== ]- 62% |=============================== ]\ 62% |=============================== ]| 63% |=============================== ]/ 64% |================================ ]- 65% |================================ ]\ 66% |================================= ]| 66% |================================= ]/ 67% |================================= ]- 68% |================================== ]\ 69% |================================== ]| 70% |=================================== ]/ 70% |=================================== ]- 71% |=================================== ]\ 72% |==================================== ]| 73% |==================================== ]/ 74% |===================================== ]- 74% |===================================== ]\ 75% |===================================== ]| 76% |====================================== ]/ 77% |====================================== ]- 77% |====================================== ]\ 78% |======================================= ]| 79% |======================================= ]/ 80% |======================================== ]- 81% |======================================== ]\ 81% |======================================== ]| 82% |========================================= ]/ 83% |========================================= ]- 84% |========================================== ]\ 85% |========================================== ]| 85% |========================================== ]/ 86% |=========================================== ]- 87% |=========================================== ]\ 88% |============================================ ]| 88% |============================================ ]/ 89% |============================================ ]- 90% |============================================= ]\ 91% |============================================= ]| 92% |============================================== ]/ 92% |============================================== ]- 93% |============================================== ]\ 94% |=============================================== ]| 95% |=============================================== ]/ 96% |================================================ ]- 96% |================================================ ]\ 97% |================================================ ]| 98% |================================================= ]/ 99% |================================================= ]-100% |================================================== ]\
[INFO] Run instrumented tests. (381)
[INFO] Run: java -classpath /tmp/icst-2019/september-2018/dataset/commons-io_parent/target/test-classes:/tmp/icst-2019/september-2018/dataset/commons-io_parent/target/classes/:/home/spirals/danglot/.m2/repository/junit/junit/4.12/junit-4.12.jar:/home/spirals/danglot/.m2/repository/org/hamcrest/hamcrest-core/1.3/hamcrest-core-1.3.jar:/tmp/icst-2019/september-2018/dataset/commons-io_parent/target/dspot/dependencies/:/home/spirals/danglot/.m2/repository/eu/stamp-project/test-runner/1.1.0/test-runner-1.1.0-jar-with-dependencies.jar eu.stamp_project.testrunner.runner.test.TestRunner org.apache.commons.io.monitor.FileAlterationMonitorTestCase testThreadFactory_remove8987_mg9501_failAssert0litString9950_withlog0:testThreadFactory_remove8987_mg9501_failAssert0litString9952_withlog0:testThreadFactory_remove8987_mg9501_failAssert0litString9954_withlog0:testThreadFactory_remove8987_mg9501_failAssert0litString9956_withlog0:testThreadFactory_remove8987_mg9501_failAssert0litString9958_withlog0:testThreadFactory_remove8987_mg9501_failAssert0litString9960_withlog0:testThreadFactory_remove8987_mg9501_failAssert0litString9962_withlog0:testThreadFactory_remove8987_mg9501_failAssert0litString9963_withlog0:testThreadFactory_remove8987_mg9501_failAssert0litString9966_withlog0:testThreadFactory_remove8987_mg9501_failAssert0litString9967_withlog0:testThreadFactory_remove8987_mg9501_failAssert0litString9969_withlog0:testThreadFactory_remove8987_mg9501_failAssert0litString9971_withlog0:testThreadFactory_remove8987_mg9501_failAssert0litString9977_withlog0:testThreadFactory_remove8987_mg9501_failAssert0litString9979_withlog0:testThreadFactory_remove8987_mg9501_failAssert0litString9981_withlog0:testThreadFactory_remove8987_mg9501_failAssert0litString9983_withlog0:testThreadFactory_remove8987_mg9501_failAssert0litString9985_withlog0:testThreadFactory_remove8987_mg9501_failAssert0litString9987_withlog0:testThreadFactory_remove8987_mg9501_failAssert0litString9989_withlog0:testThreadFactory_remove8987_mg9501_failAssert0litString9991_withlog0:testThreadFactory_remove8987_mg9501_failAssert0litString9992_withlog0:testThreadFactory_remove8987_mg9501_failAssert0litString9994_withlog0:testThreadFactory_remove8987_mg9501_failAssert0litString9996_withlog0:testThreadFactory_remove8987_mg9501_failAssert0litString9998_withlog0:testThreadFactory_remove8987_mg9501_failAssert0litString10000_withlog0:testThreadFactory_remove8987_mg9501_failAssert0litString10002_withlog0:testThreadFactory_remove8987_mg9501_failAssert0litString10004_withlog0:testThreadFactory_remove8987_mg9501_failAssert0litString10006_withlog0:testThreadFactory_remove8987_mg9501_failAssert0litString10007_withlog0:testThreadFactory_remove8987_mg9501_failAssert0litString10009_withlog0:testThreadFactory_remove8987_mg9501_failAssert0litString10010_withlog0:testThreadFactory_remove8987_mg9501_failAssert0litString10012_withlog0:testThreadFactory_remove8987_mg9501_failAssert0litString10014_withlog0:testThreadFactory_remove8987_mg9501_failAssert0litString10016_withlog0:testThreadFactory_remove8987_mg9501_failAssert0litString10018_withlog0:testThreadFactory_remove8987_mg9501_failAssert0litString10020_withlog0:testThreadFactory_remove8987_mg9501_failAssert0litString10022_withlog0:testThreadFactory_remove8987_mg9501_failAssert0litString10023_withlog0:testThreadFactory_remove8987_mg9501_failAssert0litString10024_withlog0:testThreadFactory_remove8987_mg9501_failAssert0litString10025_withlog0:testThreadFactory_remove8987_mg9501_failAssert0litNum10026_withlog0:testThreadFactory_remove8987_mg9501_failAssert0litNum10027_withlog0:testThreadFactory_remove8987_mg9501_failAssert0litNum10028_withlog0:testThreadFactory_remove8987_mg9501_failAssert0litNum10029_withlog0:testThreadFactory_remove8987_mg9501_failAssert0litNum10030_withlog0:testThreadFactory_remove8987_mg9501_failAssert0litNum10032_withlog0:testThreadFactory_remove8987_mg9501_failAssert0_add10040_withlog0:testThreadFactory_remove8987_mg9501_failAssert0_add10042_withlog0:testThreadFactory_remove8987_mg9501_failAssert0_add10044_withlog0:testThreadFactory_remove8987_mg9501_failAssert0_add10046_withlog0:testThreadFactory_remove8987_mg9501_failAssert0_add10048_withlog0:testThreadFactory_remove8987_mg9501_failAssert0_add10049_withlog0:testThreadFactory_remove8987_mg9501_failAssert0_add10051_withlog0:testThreadFactory_remove8987_mg9501_failAssert0_add10052_withlog0:testThreadFactory_remove8987_mg9501_failAssert0_add10054_withlog0:testThreadFactory_remove8987_mg9501_failAssert0_add10055_withlog0:testThreadFactory_remove8987_mg9501_failAssert0_add10057_withlog0:testThreadFactory_remove8987_mg9501_failAssert0_mg10059_withlog0:testThreadFactory_remove8987_mg9501_failAssert0_mg10061_withlog0:testThreadFactory_remove8987_mg9501_failAssert0_mg10062_withlog0:testThreadFactory_remove8987_mg9501_failAssert0_mg10064_withlog0:testThreadFactory_remove8987_mg9501_failAssert0_mg10067_withlog0:testThreadFactory_remove8987_mg9501_failAssert0_mg10069_withlog0:testThreadFactory_remove8987_mg9501_failAssert0_mg10070_withlog0:testThreadFactory_remove8987_mg9501_failAssert0_mg10071_withlog0:testThreadFactory_remove8987_mg9501_failAssert0_mg10072_withlog0:testThreadFactory_remove8987_mg9501_failAssert0null10074_withlog0:testThreadFactory_remove8987_mg9510_failAssert1litString9948_withlog0:testThreadFactory_remove8987_mg9510_failAssert1litString9949_withlog0:testThreadFactory_remove8987_mg9510_failAssert1litString9951_withlog0:testThreadFactory_remove8987_mg9510_failAssert1litString9953_withlog0:testThreadFactory_remove8987_mg9510_failAssert1litString9955_withlog0:testThreadFactory_remove8987_mg9510_failAssert1litString9957_withlog0:testThreadFactory_remove8987_mg9510_failAssert1litString9959_withlog0:testThreadFactory_remove8987_mg9510_failAssert1litString9961_withlog0:testThreadFactory_remove8987_mg9510_failAssert1litString9964_withlog0:testThreadFactory_remove8987_mg9510_failAssert1litString9965_withlog0:testThreadFactory_remove8987_mg9510_failAssert1litString9968_withlog0:testThreadFactory_remove8987_mg9510_failAssert1litString9970_withlog0:testThreadFactory_remove8987_mg9510_failAssert1litString9972_withlog0:testThreadFactory_remove8987_mg9510_failAssert1litString9973_withlog0:testThreadFactory_remove8987_mg9510_failAssert1litString9974_withlog0:testThreadFactory_remove8987_mg9510_failAssert1litString9975_withlog0:testThreadFactory_remove8987_mg9510_failAssert1litString9976_withlog0:testThreadFactory_remove8987_mg9510_failAssert1litString9978_withlog0:testThreadFactory_remove8987_mg9510_failAssert1litString9980_withlog0:testThreadFactory_remove8987_mg9510_failAssert1litString9982_withlog0:testThreadFactory_remove8987_mg9510_failAssert1litString9984_withlog0:testThreadFactory_remove8987_mg9510_failAssert1litString9986_withlog0:testThreadFactory_remove8987_mg9510_failAssert1litString9988_withlog0:testThreadFactory_remove8987_mg9510_failAssert1litString9990_withlog0:testThreadFactory_remove8987_mg9510_failAssert1litString9993_withlog0:testThreadFactory_remove8987_mg9510_failAssert1litString9995_withlog0:testThreadFactory_remove8987_mg9510_failAssert1litString9997_withlog0:testThreadFactory_remove8987_mg9510_failAssert1litString9999_withlog0:testThreadFactory_remove8987_mg9510_failAssert1litString10001_withlog0:testThreadFactory_remove8987_mg9510_failAssert1litString10003_withlog0:testThreadFactory_remove8987_mg9510_failAssert1litString10005_withlog0:testThreadFactory_remove8987_mg9510_failAssert1litString10008_withlog0:testThreadFactory_remove8987_mg9510_failAssert1litNum10011_withlog0:testThreadFactory_remove8987_mg9510_failAssert1litNum10013_withlog0:testThreadFactory_remove8987_mg9510_failAssert1litNum10015_withlog0:testThreadFactory_remove8987_mg9510_failAssert1litNum10017_withlog0:testThreadFactory_remove8987_mg9510_failAssert1litNum10019_withlog0:testThreadFactory_remove8987_mg9510_failAssert1litNum10021_withlog0:testThreadFactory_remove8987_mg9510_failAssert1_add10031_withlog0:testThreadFactory_remove8987_mg9510_failAssert1_add10033_withlog0:testThreadFactory_remove8987_mg9510_failAssert1_add10034_withlog0:testThreadFactory_remove8987_mg9510_failAssert1_add10035_withlog0:testThreadFactory_remove8987_mg9510_failAssert1_add10036_withlog0:testThreadFactory_remove8987_mg9510_failAssert1_add10037_withlog0:testThreadFactory_remove8987_mg9510_failAssert1_add10038_withlog0:testThreadFactory_remove8987_mg9510_failAssert1_add10039_withlog0:testThreadFactory_remove8987_mg9510_failAssert1_add10041_withlog0:testThreadFactory_remove8987_mg9510_failAssert1_add10043_withlog0:testThreadFactory_remove8987_mg9510_failAssert1_add10045_withlog0:testThreadFactory_remove8987_mg9510_failAssert1_add10047_withlog0:testThreadFactory_remove8987_mg9510_failAssert1_mg10050_withlog0:testThreadFactory_remove8987_mg9510_failAssert1_mg10053_withlog0:testThreadFactory_remove8987_mg9510_failAssert1_mg10056_withlog0:testThreadFactory_remove8987_mg9510_failAssert1_mg10058_withlog0:testThreadFactory_remove8987_mg9510_failAssert1_mg10060_withlog0:testThreadFactory_remove8987_mg9510_failAssert1_mg10063_withlog0:testThreadFactory_remove8987_mg9510_failAssert1_mg10065_withlog0:testThreadFactory_remove8987_mg9510_failAssert1_mg10066_withlog0:testThreadFactory_remove8987_mg9510_failAssert1_mg10068_withlog0:testThreadFactory_remove8987_mg9510_failAssert1null10073_withlog0:testThreadFactory_remove8987_mg9501_failAssert0litString9950_withlog1:testThreadFactory_remove8987_mg9501_failAssert0litString9952_withlog1:testThreadFactory_remove8987_mg9501_failAssert0litString9954_withlog1:testThreadFactory_remove8987_mg9501_failAssert0litString9956_withlog1:testThreadFactory_remove8987_mg9501_failAssert0litString9958_withlog1:testThreadFactory_remove8987_mg9501_failAssert0litString9960_withlog1:testThreadFactory_remove8987_mg9501_failAssert0litString9962_withlog1:testThreadFactory_remove8987_mg9501_failAssert0litString9963_withlog1:testThreadFactory_remove8987_mg9501_failAssert0litString9966_withlog1:testThreadFactory_remove8987_mg9501_failAssert0litString9967_withlog1:testThreadFactory_remove8987_mg9501_failAssert0litString9969_withlog1:testThreadFactory_remove8987_mg9501_failAssert0litString9971_withlog1:testThreadFactory_remove8987_mg9501_failAssert0litString9977_withlog1:testThreadFactory_remove8987_mg9501_failAssert0litString9979_withlog1:testThreadFactory_remove8987_mg9501_failAssert0litString9981_withlog1:testThreadFactory_remove8987_mg9501_failAssert0litString9983_withlog1:testThreadFactory_remove8987_mg9501_failAssert0litString9985_withlog1:testThreadFactory_remove8987_mg9501_failAssert0litString9987_withlog1:testThreadFactory_remove8987_mg9501_failAssert0litString9989_withlog1:testThreadFactory_remove8987_mg9501_failAssert0litString9991_withlog1:testThreadFactory_remove8987_mg9501_failAssert0litString9992_withlog1:testThreadFactory_remove8987_mg9501_failAssert0litString9994_withlog1:testThreadFactory_remove8987_mg9501_failAssert0litString9996_withlog1:testThreadFactory_remove8987_mg9501_failAssert0litString9998_withlog1:testThreadFactory_remove8987_mg9501_failAssert0litString10000_withlog1:testThreadFactory_remove8987_mg9501_failAssert0litString10002_withlog1:testThreadFactory_remove8987_mg9501_failAssert0litString10004_withlog1:testThreadFactory_remove8987_mg9501_failAssert0litString10006_withlog1:testThreadFactory_remove8987_mg9501_failAssert0litString10007_withlog1:testThreadFactory_remove8987_mg9501_failAssert0litString10009_withlog1:testThreadFactory_remove8987_mg9501_failAssert0litString10010_withlog1:testThreadFactory_remove8987_mg9501_failAssert0litString10012_withlog1:testThreadFactory_remove8987_mg9501_failAssert0litString10014_withlog1:testThreadFactory_remove8987_mg9501_failAssert0litString10016_withlog1:testThreadFactory_remove8987_mg9501_failAssert0litString10018_withlog1:testThreadFactory_remove8987_mg9501_failAssert0litString10020_withlog1:testThreadFactory_remove8987_mg9501_failAssert0litString10022_withlog1:testThreadFactory_remove8987_mg9501_failAssert0litString10023_withlog1:testThreadFactory_remove8987_mg9501_failAssert0litString10024_withlog1:testThreadFactory_remove8987_mg9501_failAssert0litString10025_withlog1:testThreadFactory_remove8987_mg9501_failAssert0litNum10026_withlog1:testThreadFactory_remove8987_mg9501_failAssert0litNum10027_withlog1:testThreadFactory_remove8987_mg9501_failAssert0litNum10028_withlog1:testThreadFactory_remove8987_mg9501_failAssert0litNum10029_withlog1:testThreadFactory_remove8987_mg9501_failAssert0litNum10030_withlog1:testThreadFactory_remove8987_mg9501_failAssert0litNum10032_withlog1:testThreadFactory_remove8987_mg9501_failAssert0_add10040_withlog1:testThreadFactory_remove8987_mg9501_failAssert0_add10042_withlog1:testThreadFactory_remove8987_mg9501_failAssert0_add10044_withlog1:testThreadFactory_remove8987_mg9501_failAssert0_add10046_withlog1:testThreadFactory_remove8987_mg9501_failAssert0_add10048_withlog1:testThreadFactory_remove8987_mg9501_failAssert0_add10049_withlog1:testThreadFactory_remove8987_mg9501_failAssert0_add10051_withlog1:testThreadFactory_remove8987_mg9501_failAssert0_add10052_withlog1:testThreadFactory_remove8987_mg9501_failAssert0_add10054_withlog1:testThreadFactory_remove8987_mg9501_failAssert0_add10055_withlog1:testThreadFactory_remove8987_mg9501_failAssert0_add10057_withlog1:testThreadFactory_remove8987_mg9501_failAssert0_mg10059_withlog1:testThreadFactory_remove8987_mg9501_failAssert0_mg10061_withlog1:testThreadFactory_remove8987_mg9501_failAssert0_mg10062_withlog1:testThreadFactory_remove8987_mg9501_failAssert0_mg10064_withlog1:testThreadFactory_remove8987_mg9501_failAssert0_mg10067_withlog1:testThreadFactory_remove8987_mg9501_failAssert0_mg10069_withlog1:testThreadFactory_remove8987_mg9501_failAssert0_mg10070_withlog1:testThreadFactory_remove8987_mg9501_failAssert0_mg10071_withlog1:testThreadFactory_remove8987_mg9501_failAssert0_mg10072_withlog1:testThreadFactory_remove8987_mg9501_failAssert0null10074_withlog1:testThreadFactory_remove8987_mg9510_failAssert1litString9948_withlog1:testThreadFactory_remove8987_mg9510_failAssert1litString9949_withlog1:testThreadFactory_remove8987_mg9510_failAssert1litString9951_withlog1:testThreadFactory_remove8987_mg9510_failAssert1litString9953_withlog1:testThreadFactory_remove8987_mg9510_failAssert1litString9955_withlog1:testThreadFactory_remove8987_mg9510_failAssert1litString9957_withlog1:testThreadFactory_remove8987_mg9510_failAssert1litString9959_withlog1:testThreadFactory_remove8987_mg9510_failAssert1litString9961_withlog1:testThreadFactory_remove8987_mg9510_failAssert1litString9964_withlog1:testThreadFactory_remove8987_mg9510_failAssert1litString9965_withlog1:testThreadFactory_remove8987_mg9510_failAssert1litString9968_withlog1:testThreadFactory_remove8987_mg9510_failAssert1litString9970_withlog1:testThreadFactory_remove8987_mg9510_failAssert1litString9972_withlog1:testThreadFactory_remove8987_mg9510_failAssert1litString9973_withlog1:testThreadFactory_remove8987_mg9510_failAssert1litString9974_withlog1:testThreadFactory_remove8987_mg9510_failAssert1litString9975_withlog1:testThreadFactory_remove8987_mg9510_failAssert1litString9976_withlog1:testThreadFactory_remove8987_mg9510_failAssert1litString9978_withlog1:testThreadFactory_remove8987_mg9510_failAssert1litString9980_withlog1:testThreadFactory_remove8987_mg9510_failAssert1litString9982_withlog1:testThreadFactory_remove8987_mg9510_failAssert1litString9984_withlog1:testThreadFactory_remove8987_mg9510_failAssert1litString9986_withlog1:testThreadFactory_remove8987_mg9510_failAssert1litString9988_withlog1:testThreadFactory_remove8987_mg9510_failAssert1litString9990_withlog1:testThreadFactory_remove8987_mg9510_failAssert1litString9993_withlog1:testThreadFactory_remove8987_mg9510_failAssert1litString9995_withlog1:testThreadFactory_remove8987_mg9510_failAssert1litString9997_withlog1:testThreadFactory_remove8987_mg9510_failAssert1litString9999_withlog1:testThreadFactory_remove8987_mg9510_failAssert1litString10001_withlog1:testThreadFactory_remove8987_mg9510_failAssert1litString10003_withlog1:testThreadFactory_remove8987_mg9510_failAssert1litString10005_withlog1:testThreadFactory_remove8987_mg9510_failAssert1litString10008_withlog1:testThreadFactory_remove8987_mg9510_failAssert1litNum10011_withlog1:testThreadFactory_remove8987_mg9510_failAssert1litNum10013_withlog1:testThreadFactory_remove8987_mg9510_failAssert1litNum10015_withlog1:testThreadFactory_remove8987_mg9510_failAssert1litNum10017_withlog1:testThreadFactory_remove8987_mg9510_failAssert1litNum10019_withlog1:testThreadFactory_remove8987_mg9510_failAssert1litNum10021_withlog1:testThreadFactory_remove8987_mg9510_failAssert1_add10031_withlog1:testThreadFactory_remove8987_mg9510_failAssert1_add10033_withlog1:testThreadFactory_remove8987_mg9510_failAssert1_add10034_withlog1:testThreadFactory_remove8987_mg9510_failAssert1_add10035_withlog1:testThreadFactory_remove8987_mg9510_failAssert1_add10036_withlog1:testThreadFactory_remove8987_mg9510_failAssert1_add10037_withlog1:testThreadFactory_remove8987_mg9510_failAssert1_add10038_withlog1:testThreadFactory_remove8987_mg9510_failAssert1_add10039_withlog1:testThreadFactory_remove8987_mg9510_failAssert1_add10041_withlog1:testThreadFactory_remove8987_mg9510_failAssert1_add10043_withlog1:testThreadFactory_remove8987_mg9510_failAssert1_add10045_withlog1:testThreadFactory_remove8987_mg9510_failAssert1_add10047_withlog1:testThreadFactory_remove8987_mg9510_failAssert1_mg10050_withlog1:testThreadFactory_remove8987_mg9510_failAssert1_mg10053_withlog1:testThreadFactory_remove8987_mg9510_failAssert1_mg10056_withlog1:testThreadFactory_remove8987_mg9510_failAssert1_mg10058_withlog1:testThreadFactory_remove8987_mg9510_failAssert1_mg10060_withlog1:testThreadFactory_remove8987_mg9510_failAssert1_mg10063_withlog1:testThreadFactory_remove8987_mg9510_failAssert1_mg10065_withlog1:testThreadFactory_remove8987_mg9510_failAssert1_mg10066_withlog1:testThreadFactory_remove8987_mg9510_failAssert1_mg10068_withlog1:testThreadFactory_remove8987_mg9510_failAssert1null10073_withlog1:testThreadFactory_remove8987_mg9501_failAssert0litString9950_withlog2:testThreadFactory_remove8987_mg9501_failAssert0litString9952_withlog2:testThreadFactory_remove8987_mg9501_failAssert0litString9954_withlog2:testThreadFactory_remove8987_mg9501_failAssert0litString9956_withlog2:testThreadFactory_remove8987_mg9501_failAssert0litString9958_withlog2:testThreadFactory_remove8987_mg9501_failAssert0litString9960_withlog2:testThreadFactory_remove8987_mg9501_failAssert0litString9962_withlog2:testThreadFactory_remove8987_mg9501_failAssert0litString9963_withlog2:testThreadFactory_remove8987_mg9501_failAssert0litString9966_withlog2:testThreadFactory_remove8987_mg9501_failAssert0litString9967_withlog2:testThreadFactory_remove8987_mg9501_failAssert0litString9969_withlog2:testThreadFactory_remove8987_mg9501_failAssert0litString9971_withlog2:testThreadFactory_remove8987_mg9501_failAssert0litString9977_withlog2:testThreadFactory_remove8987_mg9501_failAssert0litString9979_withlog2:testThreadFactory_remove8987_mg9501_failAssert0litString9981_withlog2:testThreadFactory_remove8987_mg9501_failAssert0litString9983_withlog2:testThreadFactory_remove8987_mg9501_failAssert0litString9985_withlog2:testThreadFactory_remove8987_mg9501_failAssert0litString9987_withlog2:testThreadFactory_remove8987_mg9501_failAssert0litString9989_withlog2:testThreadFactory_remove8987_mg9501_failAssert0litString9991_withlog2:testThreadFactory_remove8987_mg9501_failAssert0litString9992_withlog2:testThreadFactory_remove8987_mg9501_failAssert0litString9994_withlog2:testThreadFactory_remove8987_mg9501_failAssert0litString9996_withlog2:testThreadFactory_remove8987_mg9501_failAssert0litString9998_withlog2:testThreadFactory_remove8987_mg9501_failAssert0litString10000_withlog2:testThreadFactory_remove8987_mg9501_failAssert0litString10002_withlog2:testThreadFactory_remove8987_mg9501_failAssert0litString10004_withlog2:testThreadFactory_remove8987_mg9501_failAssert0litString10006_withlog2:testThreadFactory_remove8987_mg9501_failAssert0litString10007_withlog2:testThreadFactory_remove8987_mg9501_failAssert0litString10009_withlog2:testThreadFactory_remove8987_mg9501_failAssert0litString10010_withlog2:testThreadFactory_remove8987_mg9501_failAssert0litString10012_withlog2:testThreadFactory_remove8987_mg9501_failAssert0litString10014_withlog2:testThreadFactory_remove8987_mg9501_failAssert0litString10016_withlog2:testThreadFactory_remove8987_mg9501_failAssert0litString10018_withlog2:testThreadFactory_remove8987_mg9501_failAssert0litString10020_withlog2:testThreadFactory_remove8987_mg9501_failAssert0litString10022_withlog2:testThreadFactory_remove8987_mg9501_failAssert0litString10023_withlog2:testThreadFactory_remove8987_mg9501_failAssert0litString10024_withlog2:testThreadFactory_remove8987_mg9501_failAssert0litString10025_withlog2:testThreadFactory_remove8987_mg9501_failAssert0litNum10026_withlog2:testThreadFactory_remove8987_mg9501_failAssert0litNum10027_withlog2:testThreadFactory_remove8987_mg9501_failAssert0litNum10028_withlog2:testThreadFactory_remove8987_mg9501_failAssert0litNum10029_withlog2:testThreadFactory_remove8987_mg9501_failAssert0litNum10030_withlog2:testThreadFactory_remove8987_mg9501_failAssert0litNum10032_withlog2:testThreadFactory_remove8987_mg9501_failAssert0_add10040_withlog2:testThreadFactory_remove8987_mg9501_failAssert0_add10042_withlog2:testThreadFactory_remove8987_mg9501_failAssert0_add10044_withlog2:testThreadFactory_remove8987_mg9501_failAssert0_add10046_withlog2:testThreadFactory_remove8987_mg9501_failAssert0_add10048_withlog2:testThreadFactory_remove8987_mg9501_failAssert0_add10049_withlog2:testThreadFactory_remove8987_mg9501_failAssert0_add10051_withlog2:testThreadFactory_remove8987_mg9501_failAssert0_add10052_withlog2:testThreadFactory_remove8987_mg9501_failAssert0_add10054_withlog2:testThreadFactory_remove8987_mg9501_failAssert0_add10055_withlog2:testThreadFactory_remove8987_mg9501_failAssert0_add10057_withlog2:testThreadFactory_remove8987_mg9501_failAssert0_mg10059_withlog2:testThreadFactory_remove8987_mg9501_failAssert0_mg10061_withlog2:testThreadFactory_remove8987_mg9501_failAssert0_mg10062_withlog2:testThreadFactory_remove8987_mg9501_failAssert0_mg10064_withlog2:testThreadFactory_remove8987_mg9501_failAssert0_mg10067_withlog2:testThreadFactory_remove8987_mg9501_failAssert0_mg10069_withlog2:testThreadFactory_remove8987_mg9501_failAssert0_mg10070_withlog2:testThreadFactory_remove8987_mg9501_failAssert0_mg10071_withlog2:testThreadFactory_remove8987_mg9501_failAssert0_mg10072_withlog2:testThreadFactory_remove8987_mg9501_failAssert0null10074_withlog2:testThreadFactory_remove8987_mg9510_failAssert1litString9948_withlog2:testThreadFactory_remove8987_mg9510_failAssert1litString9949_withlog2:testThreadFactory_remove8987_mg9510_failAssert1litString9951_withlog2:testThreadFactory_remove8987_mg9510_failAssert1litString9953_withlog2:testThreadFactory_remove8987_mg9510_failAssert1litString9955_withlog2:testThreadFactory_remove8987_mg9510_failAssert1litString9957_withlog2:testThreadFactory_remove8987_mg9510_failAssert1litString9959_withlog2:testThreadFactory_remove8987_mg9510_failAssert1litString9961_withlog2:testThreadFactory_remove8987_mg9510_failAssert1litString9964_withlog2:testThreadFactory_remove8987_mg9510_failAssert1litString9965_withlog2:testThreadFactory_remove8987_mg9510_failAssert1litString9968_withlog2:testThreadFactory_remove8987_mg9510_failAssert1litString9970_withlog2:testThreadFactory_remove8987_mg9510_failAssert1litString9972_withlog2:testThreadFactory_remove8987_mg9510_failAssert1litString9973_withlog2:testThreadFactory_remove8987_mg9510_failAssert1litString9974_withlog2:testThreadFactory_remove8987_mg9510_failAssert1litString9975_withlog2:testThreadFactory_remove8987_mg9510_failAssert1litString9976_withlog2:testThreadFactory_remove8987_mg9510_failAssert1litString9978_withlog2:testThreadFactory_remove8987_mg9510_failAssert1litString9980_withlog2:testThreadFactory_remove8987_mg9510_failAssert1litString9982_withlog2:testThreadFactory_remove8987_mg9510_failAssert1litString9984_withlog2:testThreadFactory_remove8987_mg9510_failAssert1litString9986_withlog2:testThreadFactory_remove8987_mg9510_failAssert1litString9988_withlog2:testThreadFactory_remove8987_mg9510_failAssert1litString9990_withlog2:testThreadFactory_remove8987_mg9510_failAssert1litString9993_withlog2:testThreadFactory_remove8987_mg9510_failAssert1litString9995_withlog2:testThreadFactory_remove8987_mg9510_failAssert1litString9997_withlog2:testThreadFactory_remove8987_mg9510_failAssert1litString9999_withlog2:testThreadFactory_remove8987_mg9510_failAssert1litString10001_withlog2:testThreadFactory_remove8987_mg9510_failAssert1litString10003_withlog2:testThreadFactory_remove8987_mg9510_failAssert1litString10005_withlog2:testThreadFactory_remove8987_mg9510_failAssert1litString10008_withlog2:testThreadFactory_remove8987_mg9510_failAssert1litNum10011_withlog2:testThreadFactory_remove8987_mg9510_failAssert1litNum10013_withlog2:testThreadFactory_remove8987_mg9510_failAssert1litNum10015_withlog2:testThreadFactory_remove8987_mg9510_failAssert1litNum10017_withlog2:testThreadFactory_remove8987_mg9510_failAssert1litNum10019_withlog2:testThreadFactory_remove8987_mg9510_failAssert1litNum10021_withlog2:testThreadFactory_remove8987_mg9510_failAssert1_add10031_withlog2:testThreadFactory_remove8987_mg9510_failAssert1_add10033_withlog2:testThreadFactory_remove8987_mg9510_failAssert1_add10034_withlog2:testThreadFactory_remove8987_mg9510_failAssert1_add10035_withlog2:testThreadFactory_remove8987_mg9510_failAssert1_add10036_withlog2:testThreadFactory_remove8987_mg9510_failAssert1_add10037_withlog2:testThreadFactory_remove8987_mg9510_failAssert1_add10038_withlog2:testThreadFactory_remove8987_mg9510_failAssert1_add10039_withlog2:testThreadFactory_remove8987_mg9510_failAssert1_add10041_withlog2:testThreadFactory_remove8987_mg9510_failAssert1_add10043_withlog2:testThreadFactory_remove8987_mg9510_failAssert1_add10045_withlog2:testThreadFactory_remove8987_mg9510_failAssert1_add10047_withlog2:testThreadFactory_remove8987_mg9510_failAssert1_mg10050_withlog2:testThreadFactory_remove8987_mg9510_failAssert1_mg10053_withlog2:testThreadFactory_remove8987_mg9510_failAssert1_mg10056_withlog2:testThreadFactory_remove8987_mg9510_failAssert1_mg10058_withlog2:testThreadFactory_remove8987_mg9510_failAssert1_mg10060_withlog2:testThreadFactory_remove8987_mg9510_failAssert1_mg10063_withlog2:testThreadFactory_remove8987_mg9510_failAssert1_mg10065_withlog2:testThreadFactory_remove8987_mg9510_failAssert1_mg10066_withlog2:testThreadFactory_remove8987_mg9510_failAssert1_mg10068_withlog2:testThreadFactory_remove8987_mg9510_failAssert1null10073_withlog2
File saved to the following path: /tmp/icst-2019/september-2018/dataset/commons-io_parent/target/dspot/observations.ser
File saved to the following path: /tmp/icst-2019/september-2018/dataset/commons-io_parent/target/dspot/TestListener.ser
Loading /tmp/icst-2019/september-2018/dataset/commons-io_parent/target/dspot/TestListener.ser
[INFO] Test has been run: testThreadFactory_remove8987_mg9501_failAssert0litString10022_withlog0,testThreadFactory_remove8987_mg9501_failAssert0litString10022_withlog1,testThreadFactory_remove8987_mg9501_failAssert0litString10022_withlog2,testThreadFactory_remove8987_mg9501_failAssert0litString9966_withlog0,testThreadFactory_remove8987_mg9501_failAssert0litString9966_withlog1,testThreadFactory_remove8987_mg9501_failAssert0litString9966_withlog2,testThreadFactory_remove8987_mg9501_failAssert0_mg10067_withlog0,testThreadFactory_remove8987_mg9501_failAssert0_mg10067_withlog1,testThreadFactory_remove8987_mg9501_failAssert0_mg10067_withlog2,testThreadFactory_remove8987_mg9510_failAssert1_add10036_withlog0,testThreadFactory_remove8987_mg9510_failAssert1_add10036_withlog1,testThreadFactory_remove8987_mg9510_failAssert1_add10036_withlog2,testThreadFactory_remove8987_mg9501_failAssert0_add10054_withlog0,testThreadFactory_remove8987_mg9501_failAssert0_add10054_withlog1,testThreadFactory_remove8987_mg9501_failAssert0_add10054_withlog2,testThreadFactory_remove8987_mg9510_failAssert1litString9974_withlog0,testThreadFactory_remove8987_mg9510_failAssert1litString9974_withlog1,testThreadFactory_remove8987_mg9510_failAssert1litString9974_withlog2,testThreadFactory_remove8987_mg9501_failAssert0litString9989_withlog0,testThreadFactory_remove8987_mg9501_failAssert0litString9989_withlog1,testThreadFactory_remove8987_mg9501_failAssert0litString9989_withlog2,testThreadFactory_remove8987_mg9501_failAssert0litNum10028_withlog0,testThreadFactory_remove8987_mg9501_failAssert0litNum10028_withlog1,testThreadFactory_remove8987_mg9501_failAssert0litNum10028_withlog2,testThreadFactory_remove8987_mg9510_failAssert1_mg10063_withlog0,testThreadFactory_remove8987_mg9510_failAssert1_mg10063_withlog1,testThreadFactory_remove8987_mg9510_failAssert1_mg10063_withlog2,testThreadFactory_remove8987_mg9510_failAssert1litString9997_withlog0,testThreadFactory_remove8987_mg9510_failAssert1litString9997_withlog1,testThreadFactory_remove8987_mg9510_failAssert1litString9997_withlog2,testThreadFactory_remove8987_mg9510_failAssert1litString9949_withlog0,testThreadFactory_remove8987_mg9510_failAssert1litString9949_withlog1,testThreadFactory_remove8987_mg9510_failAssert1litString9949_withlog2,testThreadFactory_remove8987_mg9510_failAssert1_add10035_withlog0,testThreadFactory_remove8987_mg9510_failAssert1_add10035_withlog1,testThreadFactory_remove8987_mg9510_failAssert1_add10035_withlog2,testThreadFactory_remove8987_mg9510_failAssert1litString9973_withlog0,testThreadFactory_remove8987_mg9510_failAssert1litString9973_withlog1,testThreadFactory_remove8987_mg9510_failAssert1litString9973_withlog2,testThreadFactory_remove8987_mg9501_failAssert0litNum10027_withlog0,testThreadFactory_remove8987_mg9501_failAssert0litNum10027_withlog1,testThreadFactory_remove8987_mg9501_failAssert0litNum10027_withlog2,testThreadFactory_remove8987_mg9501_failAssert0litString10020_withlog0,testThreadFactory_remove8987_mg9501_failAssert0litString10020_withlog1,testThreadFactory_remove8987_mg9501_failAssert0litString10020_withlog2,testThreadFactory_remove8987_mg9510_failAssert1litString9948_withlog0,testThreadFactory_remove8987_mg9510_failAssert1litString9948_withlog1,testThreadFactory_remove8987_mg9510_failAssert1litString9948_withlog2,testThreadFactory_remove8987_mg9510_failAssert1_add10034_withlog0,testThreadFactory_remove8987_mg9510_failAssert1_add10034_withlog1,testThreadFactory_remove8987_mg9510_failAssert1_add10034_withlog2,testThreadFactory_remove8987_mg9501_failAssert0_add10052_withlog0,testThreadFactory_remove8987_mg9501_failAssert0_add10052_withlog1,testThreadFactory_remove8987_mg9501_failAssert0_add10052_withlog2,testThreadFactory_remove8987_mg9510_failAssert1litString9972_withlog0,testThreadFactory_remove8987_mg9510_failAssert1litString9972_withlog1,testThreadFactory_remove8987_mg9510_failAssert1litString9972_withlog2,testThreadFactory_remove8987_mg9501_failAssert0litString9987_withlog0,testThreadFactory_remove8987_mg9501_failAssert0litString9987_withlog1,testThreadFactory_remove8987_mg9501_failAssert0litString9987_withlog2,testThreadFactory_remove8987_mg9501_failAssert0litNum10026_withlog0,testThreadFactory_remove8987_mg9501_failAssert0litNum10026_withlog1,testThreadFactory_remove8987_mg9501_failAssert0litNum10026_withlog2,testThreadFactory_remove8987_mg9510_failAssert1litString9995_withlog0,testThreadFactory_remove8987_mg9510_failAssert1litString9995_withlog1,testThreadFactory_remove8987_mg9510_failAssert1litString9995_withlog2,testThreadFactory_remove8987_mg9501_failAssert0litString9963_withlog0,testThreadFactory_remove8987_mg9501_failAssert0litString9963_withlog1,testThreadFactory_remove8987_mg9501_failAssert0litString9963_withlog2,testThreadFactory_remove8987_mg9501_failAssert0litString10018_withlog0,testThreadFactory_remove8987_mg9501_failAssert0litString10018_withlog1,testThreadFactory_remove8987_mg9501_failAssert0litString10018_withlog2,testThreadFactory_remove8987_mg9501_failAssert0_mg10064_withlog0,testThreadFactory_remove8987_mg9501_failAssert0_mg10064_withlog1,testThreadFactory_remove8987_mg9501_failAssert0_mg10064_withlog2,testThreadFactory_remove8987_mg9510_failAssert1litNum10021_withlog0,testThreadFactory_remove8987_mg9510_failAssert1litNum10021_withlog1,testThreadFactory_remove8987_mg9510_failAssert1litNum10021_withlog2,testThreadFactory_remove8987_mg9510_failAssert1_add10033_withlog0,testThreadFactory_remove8987_mg9510_failAssert1_add10033_withlog1,testThreadFactory_remove8987_mg9510_failAssert1_add10033_withlog2,testThreadFactory_remove8987_mg9501_failAssert0_add10051_withlog0,testThreadFactory_remove8987_mg9501_failAssert0_add10051_withlog1,testThreadFactory_remove8987_mg9501_failAssert0_add10051_withlog2,testThreadFactory_remove8987_mg9510_failAssert1null10073_withlog0,testThreadFactory_remove8987_mg9510_failAssert1null10073_withlog1,testThreadFactory_remove8987_mg9510_failAssert1null10073_withlog2,testThreadFactory_remove8987_mg9510_failAssert1litString10008_withlog0,testThreadFactory_remove8987_mg9510_failAssert1litString10008_withlog1,testThreadFactory_remove8987_mg9510_failAssert1litString10008_withlog2,testThreadFactory_remove8987_mg9510_failAssert1_mg10060_withlog0,testThreadFactory_remove8987_mg9510_failAssert1_mg10060_withlog1,testThreadFactory_remove8987_mg9510_failAssert1_mg10060_withlog2,testThreadFactory_remove8987_mg9501_failAssert0litString9962_withlog0,testThreadFactory_remove8987_mg9501_failAssert0litString9962_withlog1,testThreadFactory_remove8987_mg9501_failAssert0litString9962_withlog2,testThreadFactory_remove8987_mg9510_failAssert1litString9970_withlog0,testThreadFactory_remove8987_mg9510_failAssert1litString9970_withlog1,testThreadFactory_remove8987_mg9510_failAssert1litString9970_withlog2,testThreadFactory_remove8987_mg9510_failAssert1litNum10019_withlog0,testThreadFactory_remove8987_mg9510_failAssert1litNum10019_withlog1,testThreadFactory_remove8987_mg9510_failAssert1litNum10019_withlog2,testThreadFactory_remove8987_mg9501_failAssert0_add10049_withlog0,testThreadFactory_remove8987_mg9501_failAssert0_add10049_withlog1,testThreadFactory_remove8987_mg9501_failAssert0_add10049_withlog2,testThreadFactory_remove8987_mg9501_failAssert0litString9985_withlog0,testThreadFactory_remove8987_mg9501_failAssert0litString9985_withlog1,testThreadFactory_remove8987_mg9501_failAssert0litString9985_withlog2,testThreadFactory_remove8987_mg9510_failAssert1_mg10058_withlog0,testThreadFactory_remove8987_mg9510_failAssert1_mg10058_withlog1,testThreadFactory_remove8987_mg9510_failAssert1_mg10058_withlog2,testThreadFactory_remove8987_mg9510_failAssert1litString9993_withlog0,testThreadFactory_remove8987_mg9510_failAssert1litString9993_withlog1,testThreadFactory_remove8987_mg9510_failAssert1litString9993_withlog2,testThreadFactory_remove8987_mg9501_failAssert0litString10016_withlog0,testThreadFactory_remove8987_mg9501_failAssert0litString10016_withlog1,testThreadFactory_remove8987_mg9501_failAssert0litString10016_withlog2,testThreadFactory_remove8987_mg9501_failAssert0_mg10062_withlog0,testThreadFactory_remove8987_mg9501_failAssert0_mg10062_withlog1,testThreadFactory_remove8987_mg9501_failAssert0_mg10062_withlog2,testThreadFactory_remove8987_mg9510_failAssert1_add10031_withlog0,testThreadFactory_remove8987_mg9510_failAssert1_add10031_withlog1,testThreadFactory_remove8987_mg9510_failAssert1_add10031_withlog2,testThreadFactory_remove8987_mg9501_failAssert0_add10048_withlog0,testThreadFactory_remove8987_mg9501_failAssert0_add10048_withlog1,testThreadFactory_remove8987_mg9501_failAssert0_add10048_withlog2,testThreadFactory_remove8987_mg9510_failAssert1litString9968_withlog0,testThreadFactory_remove8987_mg9510_failAssert1litString9968_withlog1,testThreadFactory_remove8987_mg9510_failAssert1litString9968_withlog2,testThreadFactory_remove8987_mg9501_failAssert0litString9960_withlog0,testThreadFactory_remove8987_mg9501_failAssert0litString9960_withlog1,testThreadFactory_remove8987_mg9501_failAssert0litString9960_withlog2,testThreadFactory_remove8987_mg9501_failAssert0_mg10061_withlog0,testThreadFactory_remove8987_mg9501_failAssert0_mg10061_withlog1,testThreadFactory_remove8987_mg9501_failAssert0_mg10061_withlog2,testThreadFactory_remove8987_mg9510_failAssert1litNum10017_withlog0,testThreadFactory_remove8987_mg9510_failAssert1litNum10017_withlog1,testThreadFactory_remove8987_mg9510_failAssert1litNum10017_withlog2,testThreadFactory_remove8987_mg9501_failAssert0litString9983_withlog0,testThreadFactory_remove8987_mg9501_failAssert0litString9983_withlog1,testThreadFactory_remove8987_mg9501_failAssert0litString9983_withlog2,testThreadFactory_remove8987_mg9510_failAssert1litString10005_withlog0,testThreadFactory_remove8987_mg9510_failAssert1litString10005_withlog1,testThreadFactory_remove8987_mg9510_failAssert1litString10005_withlog2,testThreadFactory_remove8987_mg9510_failAssert1_mg10056_withlog0,testThreadFactory_remove8987_mg9510_failAssert1_mg10056_withlog1,testThreadFactory_remove8987_mg9510_failAssert1_mg10056_withlog2,testThreadFactory_remove8987_mg9501_failAssert0litString10014_withlog0,testThreadFactory_remove8987_mg9501_failAssert0litString10014_withlog1,testThreadFactory_remove8987_mg9501_failAssert0litString10014_withlog2,testThreadFactory_remove8987_mg9501_failAssert0litString9958_withlog0,testThreadFactory_remove8987_mg9501_failAssert0litString9958_withlog1,testThreadFactory_remove8987_mg9501_failAssert0litString9958_withlog2,testThreadFactory_remove8987_mg9501_failAssert0_mg10059_withlog0,testThreadFactory_remove8987_mg9501_failAssert0_mg10059_withlog1,testThreadFactory_remove8987_mg9501_failAssert0_mg10059_withlog2,testThreadFactory_remove8987_mg9501_failAssert0_add10046_withlog0,testThreadFactory_remove8987_mg9501_failAssert0_add10046_withlog1,testThreadFactory_remove8987_mg9501_failAssert0_add10046_withlog2,testThreadFactory_remove8987_mg9510_failAssert1litString9990_withlog0,testThreadFactory_remove8987_mg9510_failAssert1litString9990_withlog1,testThreadFactory_remove8987_mg9510_failAssert1litString9990_withlog2,testThreadFactory_remove8987_mg9510_failAssert1litNum10015_withlog0,testThreadFactory_remove8987_mg9510_failAssert1litNum10015_withlog1,testThreadFactory_remove8987_mg9510_failAssert1litNum10015_withlog2,testThreadFactory_remove8987_mg9510_failAssert1litString9965_withlog0,testThreadFactory_remove8987_mg9510_failAssert1litString9965_withlog1,testThreadFactory_remove8987_mg9510_failAssert1litString9965_withlog2,testThreadFactory_remove8987_mg9501_failAssert0litString9981_withlog0,testThreadFactory_remove8987_mg9501_failAssert0litString9981_withlog1,testThreadFactory_remove8987_mg9501_failAssert0litString9981_withlog2,testThreadFactory_remove8987_mg9510_failAssert1litString10003_withlog0,testThreadFactory_remove8987_mg9510_failAssert1litString10003_withlog1,testThreadFactory_remove8987_mg9510_failAssert1litString10003_withlog2,testThreadFactory_remove8987_mg9501_failAssert0litString10012_withlog0,testThreadFactory_remove8987_mg9501_failAssert0litString10012_withlog1,testThreadFactory_remove8987_mg9501_failAssert0litString10012_withlog2,testThreadFactory_remove8987_mg9510_failAssert1litString9988_withlog0,testThreadFactory_remove8987_mg9510_failAssert1litString9988_withlog1,testThreadFactory_remove8987_mg9510_failAssert1litString9988_withlog2,testThreadFactory_remove8987_mg9501_failAssert0litString9956_withlog0,testThreadFactory_remove8987_mg9501_failAssert0litString9956_withlog1,testThreadFactory_remove8987_mg9501_failAssert0litString9956_withlog2,testThreadFactory_remove8987_mg9501_failAssert0_add10044_withlog0,testThreadFactory_remove8987_mg9501_failAssert0_add10044_withlog1,testThreadFactory_remove8987_mg9501_failAssert0_add10044_withlog2,testThreadFactory_remove8987_mg9510_failAssert1litString9964_withlog0,testThreadFactory_remove8987_mg9510_failAssert1litString9964_withlog1,testThreadFactory_remove8987_mg9510_failAssert1litString9964_withlog2,testThreadFactory_remove8987_mg9501_failAssert0litString9979_withlog0,testThreadFactory_remove8987_mg9501_failAssert0litString9979_withlog1,testThreadFactory_remove8987_mg9501_failAssert0litString9979_withlog2,testThreadFactory_remove8987_mg9510_failAssert1_mg10053_withlog0,testThreadFactory_remove8987_mg9510_failAssert1_mg10053_withlog1,testThreadFactory_remove8987_mg9510_failAssert1_mg10053_withlog2,testThreadFactory_remove8987_mg9510_failAssert1litNum10013_withlog0,testThreadFactory_remove8987_mg9510_failAssert1litNum10013_withlog1,testThreadFactory_remove8987_mg9510_failAssert1litNum10013_withlog2,testThreadFactory_remove8987_mg9510_failAssert1litString10001_withlog0,testThreadFactory_remove8987_mg9510_failAssert1litString10001_withlog1,testThreadFactory_remove8987_mg9510_failAssert1litString10001_withlog2,testThreadFactory_remove8987_mg9501_failAssert0litString10010_withlog0,testThreadFactory_remove8987_mg9501_failAssert0litString10010_withlog1,testThreadFactory_remove8987_mg9501_failAssert0litString10010_withlog2,testThreadFactory_remove8987_mg9510_failAssert1litString9986_withlog0,testThreadFactory_remove8987_mg9510_failAssert1litString9986_withlog1,testThreadFactory_remove8987_mg9510_failAssert1litString9986_withlog2,testThreadFactory_remove8987_mg9501_failAssert0litString9954_withlog0,testThreadFactory_remove8987_mg9501_failAssert0litString9954_withlog1,testThreadFactory_remove8987_mg9501_failAssert0litString9954_withlog2,testThreadFactory_remove8987_mg9501_failAssert0litString10009_withlog0,testThreadFactory_remove8987_mg9501_failAssert0litString10009_withlog1,testThreadFactory_remove8987_mg9501_failAssert0litString10009_withlog2,testThreadFactory_remove8987_mg9501_failAssert0_add10042_withlog0,testThreadFactory_remove8987_mg9501_failAssert0_add10042_withlog1,testThreadFactory_remove8987_mg9501_failAssert0_add10042_withlog2,testThreadFactory_remove8987_mg9501_failAssert0litString9977_withlog0,testThreadFactory_remove8987_mg9501_failAssert0litString9977_withlog1,testThreadFactory_remove8987_mg9501_failAssert0litString9977_withlog2,testThreadFactory_remove8987_mg9510_failAssert1_add10047_withlog0,testThreadFactory_remove8987_mg9510_failAssert1_add10047_withlog1,testThreadFactory_remove8987_mg9510_failAssert1_add10047_withlog2,testThreadFactory_remove8987_mg9510_failAssert1litNum10011_withlog0,testThreadFactory_remove8987_mg9510_failAssert1litNum10011_withlog1,testThreadFactory_remove8987_mg9510_failAssert1litNum10011_withlog2,testThreadFactory_remove8987_mg9510_failAssert1litString9961_withlog0,testThreadFactory_remove8987_mg9510_failAssert1litString9961_withlog1,testThreadFactory_remove8987_mg9510_failAssert1litString9961_withlog2,testThreadFactory_remove8987_mg9510_failAssert1_mg10050_withlog0,testThreadFactory_remove8987_mg9510_failAssert1_mg10050_withlog1,testThreadFactory_remove8987_mg9510_failAssert1_mg10050_withlog2,testThreadFactory_remove8987_mg9510_failAssert1litString9984_withlog0,testThreadFactory_remove8987_mg9510_failAssert1litString9984_withlog1,testThreadFactory_remove8987_mg9510_failAssert1litString9984_withlog2,testThreadFactory_remove8987_mg9501_failAssert0litString9952_withlog0,testThreadFactory_remove8987_mg9501_failAssert0litString9952_withlog1,testThreadFactory_remove8987_mg9501_failAssert0litString9952_withlog2,testThreadFactory_remove8987_mg9501_failAssert0litString10007_withlog0,testThreadFactory_remove8987_mg9501_failAssert0litString10007_withlog1,testThreadFactory_remove8987_mg9501_failAssert0litString10007_withlog2,testThreadFactory_remove8987_mg9501_failAssert0_add10040_withlog0,testThreadFactory_remove8987_mg9501_failAssert0_add10040_withlog1,testThreadFactory_remove8987_mg9501_failAssert0_add10040_withlog2,testThreadFactory_remove8987_mg9510_failAssert1litString9959_withlog0,testThreadFactory_remove8987_mg9510_failAssert1litString9959_withlog1,testThreadFactory_remove8987_mg9510_failAssert1litString9959_withlog2,testThreadFactory_remove8987_mg9510_failAssert1_add10045_withlog0,testThreadFactory_remove8987_mg9510_failAssert1_add10045_withlog1,testThreadFactory_remove8987_mg9510_failAssert1_add10045_withlog2,testThreadFactory_remove8987_mg9501_failAssert0litString10006_withlog0,testThreadFactory_remove8987_mg9501_failAssert0litString10006_withlog1,testThreadFactory_remove8987_mg9501_failAssert0litString10006_withlog2,testThreadFactory_remove8987_mg9501_failAssert0litString9998_withlog0,testThreadFactory_remove8987_mg9501_failAssert0litString9998_withlog1,testThreadFactory_remove8987_mg9501_failAssert0litString9998_withlog2,testThreadFactory_remove8987_mg9510_failAssert1litString9982_withlog0,testThreadFactory_remove8987_mg9510_failAssert1litString9982_withlog1,testThreadFactory_remove8987_mg9510_failAssert1litString9982_withlog2,testThreadFactory_remove8987_mg9501_failAssert0litString9950_withlog0,testThreadFactory_remove8987_mg9501_failAssert0litString9950_withlog1,testThreadFactory_remove8987_mg9501_failAssert0litString9950_withlog2,testThreadFactory_remove8987_mg9510_failAssert1litString9957_withlog0,testThreadFactory_remove8987_mg9510_failAssert1litString9957_withlog1,testThreadFactory_remove8987_mg9510_failAssert1litString9957_withlog2,testThreadFactory_remove8987_mg9510_failAssert1_add10043_withlog0,testThreadFactory_remove8987_mg9510_failAssert1_add10043_withlog1,testThreadFactory_remove8987_mg9510_failAssert1_add10043_withlog2,testThreadFactory_remove8987_mg9501_failAssert0litString10004_withlog0,testThreadFactory_remove8987_mg9501_failAssert0litString10004_withlog1,testThreadFactory_remove8987_mg9501_failAssert0litString10004_withlog2,testThreadFactory_remove8987_mg9501_failAssert0litString9996_withlog0,testThreadFactory_remove8987_mg9501_failAssert0litString9996_withlog1,testThreadFactory_remove8987_mg9501_failAssert0litString9996_withlog2,testThreadFactory_remove8987_mg9510_failAssert1litString9980_withlog0,testThreadFactory_remove8987_mg9510_failAssert1litString9980_withlog1,testThreadFactory_remove8987_mg9510_failAssert1litString9980_withlog2,testThreadFactory_remove8987_mg9510_failAssert1_mg10068_withlog0,testThreadFactory_remove8987_mg9510_failAssert1_mg10068_withlog1,testThreadFactory_remove8987_mg9510_failAssert1_mg10068_withlog2,testThreadFactory_remove8987_mg9510_failAssert1litString9955_withlog0,testThreadFactory_remove8987_mg9510_failAssert1litString9955_withlog1,testThreadFactory_remove8987_mg9510_failAssert1litString9955_withlog2,testThreadFactory_remove8987_mg9501_failAssert0litString9971_withlog0,testThreadFactory_remove8987_mg9501_failAssert0litString9971_withlog1,testThreadFactory_remove8987_mg9501_failAssert0litString9971_withlog2,testThreadFactory_remove8987_mg9501_failAssert0_mg10072_withlog0,testThreadFactory_remove8987_mg9501_failAssert0_mg10072_withlog1,testThreadFactory_remove8987_mg9501_failAssert0_mg10072_withlog2,testThreadFactory_remove8987_mg9510_failAssert1_add10041_withlog0,testThreadFactory_remove8987_mg9510_failAssert1_add10041_withlog1,testThreadFactory_remove8987_mg9510_failAssert1_add10041_withlog2,testThreadFactory_remove8987_mg9501_failAssert0litString10002_withlog0,testThreadFactory_remove8987_mg9501_failAssert0litString10002_withlog1,testThreadFactory_remove8987_mg9501_failAssert0litString10002_withlog2,testThreadFactory_remove8987_mg9510_failAssert1litString9978_withlog0,testThreadFactory_remove8987_mg9510_failAssert1litString9978_withlog1,testThreadFactory_remove8987_mg9510_failAssert1litString9978_withlog2,testThreadFactory_remove8987_mg9501_failAssert0litString9994_withlog0,testThreadFactory_remove8987_mg9501_failAssert0litString9994_withlog1,testThreadFactory_remove8987_mg9501_failAssert0litString9994_withlog2,testThreadFactory_remove8987_mg9501_failAssert0null10074_withlog0,testThreadFactory_remove8987_mg9501_failAssert0null10074_withlog1,testThreadFactory_remove8987_mg9501_failAssert0null10074_withlog2,testThreadFactory_remove8987_mg9501_failAssert0litString10025_withlog0,testThreadFactory_remove8987_mg9501_failAssert0litString10025_withlog1,testThreadFactory_remove8987_mg9501_failAssert0litString10025_withlog2,testThreadFactory_remove8987_mg9501_failAssert0_mg10071_withlog0,testThreadFactory_remove8987_mg9501_failAssert0_mg10071_withlog1,testThreadFactory_remove8987_mg9501_failAssert0_mg10071_withlog2,testThreadFactory_remove8987_mg9501_failAssert0litString9969_withlog0,testThreadFactory_remove8987_mg9501_failAssert0litString9969_withlog1,testThreadFactory_remove8987_mg9501_failAssert0litString9969_withlog2,testThreadFactory_remove8987_mg9510_failAssert1_add10039_withlog0,testThreadFactory_remove8987_mg9510_failAssert1_add10039_withlog1,testThreadFactory_remove8987_mg9510_failAssert1_add10039_withlog2,testThreadFactory_remove8987_mg9501_failAssert0_add10057_withlog0,testThreadFactory_remove8987_mg9501_failAssert0_add10057_withlog1,testThreadFactory_remove8987_mg9501_failAssert0_add10057_withlog2,testThreadFactory_remove8987_mg9501_failAssert0litNum10032_withlog0,testThreadFactory_remove8987_mg9501_failAssert0litNum10032_withlog1,testThreadFactory_remove8987_mg9501_failAssert0litNum10032_withlog2,testThreadFactory_remove8987_mg9510_failAssert1_mg10066_withlog0,testThreadFactory_remove8987_mg9510_failAssert1_mg10066_withlog1,testThreadFactory_remove8987_mg9510_failAssert1_mg10066_withlog2,testThreadFactory_remove8987_mg9510_failAssert1litString9953_withlog0,testThreadFactory_remove8987_mg9510_failAssert1litString9953_withlog1,testThreadFactory_remove8987_mg9510_failAssert1litString9953_withlog2,testThreadFactory_remove8987_mg9501_failAssert0litString10024_withlog0,testThreadFactory_remove8987_mg9501_failAssert0litString10024_withlog1,testThreadFactory_remove8987_mg9501_failAssert0litString10024_withlog2,testThreadFactory_remove8987_mg9501_failAssert0_mg10070_withlog0,testThreadFactory_remove8987_mg9501_failAssert0_mg10070_withlog1,testThreadFactory_remove8987_mg9501_failAssert0_mg10070_withlog2,testThreadFactory_remove8987_mg9501_failAssert0_mg10069_withlog0,testThreadFactory_remove8987_mg9501_failAssert0_mg10069_withlog1,testThreadFactory_remove8987_mg9501_failAssert0_mg10069_withlog2,testThreadFactory_remove8987_mg9510_failAssert1_add10038_withlog0,testThreadFactory_remove8987_mg9510_failAssert1_add10038_withlog1,testThreadFactory_remove8987_mg9510_failAssert1_add10038_withlog2,testThreadFactory_remove8987_mg9501_failAssert0litString10000_withlog0,testThreadFactory_remove8987_mg9501_failAssert0litString10000_withlog1,testThreadFactory_remove8987_mg9501_failAssert0litString10000_withlog2,testThreadFactory_remove8987_mg9510_failAssert1litString9976_withlog0,testThreadFactory_remove8987_mg9510_failAssert1litString9976_withlog1,testThreadFactory_remove8987_mg9510_failAssert1litString9976_withlog2,testThreadFactory_remove8987_mg9501_failAssert0litString9992_withlog0,testThreadFactory_remove8987_mg9501_failAssert0litString9992_withlog1,testThreadFactory_remove8987_mg9501_failAssert0litString9992_withlog2,testThreadFactory_remove8987_mg9510_failAssert1_mg10065_withlog0,testThreadFactory_remove8987_mg9510_failAssert1_mg10065_withlog1,testThreadFactory_remove8987_mg9510_failAssert1_mg10065_withlog2,testThreadFactory_remove8987_mg9501_failAssert0litString10023_withlog0,testThreadFactory_remove8987_mg9501_failAssert0litString10023_withlog1,testThreadFactory_remove8987_mg9501_failAssert0litString10023_withlog2,testThreadFactory_remove8987_mg9510_failAssert1litString9999_withlog0,testThreadFactory_remove8987_mg9510_failAssert1litString9999_withlog1,testThreadFactory_remove8987_mg9510_failAssert1litString9999_withlog2,testThreadFactory_remove8987_mg9501_failAssert0litString9967_withlog0,testThreadFactory_remove8987_mg9501_failAssert0litString9967_withlog1,testThreadFactory_remove8987_mg9501_failAssert0litString9967_withlog2,testThreadFactory_remove8987_mg9510_failAssert1_add10037_withlog0,testThreadFactory_remove8987_mg9510_failAssert1_add10037_withlog1,testThreadFactory_remove8987_mg9510_failAssert1_add10037_withlog2,testThreadFactory_remove8987_mg9501_failAssert0_add10055_withlog0,testThreadFactory_remove8987_mg9501_failAssert0_add10055_withlog1,testThreadFactory_remove8987_mg9501_failAssert0_add10055_withlog2,testThreadFactory_remove8987_mg9510_failAssert1litString9975_withlog0,testThreadFactory_remove8987_mg9510_failAssert1litString9975_withlog1,testThreadFactory_remove8987_mg9510_failAssert1litString9975_withlog2,testThreadFactory_remove8987_mg9501_failAssert0litString9991_withlog0,testThreadFactory_remove8987_mg9501_failAssert0litString9991_withlog1,testThreadFactory_remove8987_mg9501_failAssert0litString9991_withlog2,testThreadFactory_remove8987_mg9501_failAssert0litNum10030_withlog0,testThreadFactory_remove8987_mg9501_failAssert0litNum10030_withlog1,testThreadFactory_remove8987_mg9501_failAssert0litNum10030_withlog2,testThreadFactory_remove8987_mg9501_failAssert0litNum10029_withlog0,testThreadFactory_remove8987_mg9501_failAssert0litNum10029_withlog1,testThreadFactory_remove8987_mg9501_failAssert0litNum10029_withlog2,testThreadFactory_remove8987_mg9510_failAssert1litString9951_withlog0,testThreadFactory_remove8987_mg9510_failAssert1litString9951_withlog1,testThreadFactory_remove8987_mg9510_failAssert1litString9951_withlog2
[INFO] Generating assertions...
[INFO] Could not generate any test with assertions
[INFO] 0 amplified test methods has been selected to be kept. (global: 0)
[INFO] elapsedTime 40178
======= REPORT =======
0 amplified test fails on the new versions.

[WARNING] DSpot could not obtain any amplified test method.
[WARNING] You can customize the following options: --amplifiers, --test-criterion, --iteration, --budgetizer etc, and retry with a new configuration.
[INFO] Amplification succeed.
[INFO] Elapsed time 40503 ms
[INFO] ------------------------------------------------------------------------
[INFO] BUILD SUCCESS
[INFO] ------------------------------------------------------------------------
[INFO] Total time: 01:15 min
[INFO] Finished at: 2018-09-28T12:32:03+02:00
[INFO] ------------------------------------------------------------------------
